02/25/2021 05:27:26 - INFO - __main__ -   ----------------- Hyperparameters ------------------
02/25/2021 05:27:26 - INFO - __main__ -   ======== my_Bertweet =========
02/25/2021 05:27:26 - INFO - __main__ -   ===== Hyperparameters ======
02/25/2021 05:27:26 - INFO - __main__ -   batch_train: 256
02/25/2021 05:27:26 - INFO - __main__ -   batch_test:  256
02/25/2021 05:27:26 - INFO - __main__ -   epochs: 40 
02/25/2021 05:27:26 - INFO - __main__ -   learning_rate: 0.000010
02/25/2021 05:27:26 - INFO - __main__ -   optimizer: adam
02/25/2021 05:27:26 - INFO - __main__ -   debug: False
02/25/2021 05:27:26 - INFO - __main__ -   ------------------ Getting model -------------------
02/25/2021 05:27:34 - INFO - __main__ -   --------------- Getting dataframes -----------------
02/25/2021 05:27:34 - INFO - __main__ -   ------- Setting loss function and optimizer --------
02/25/2021 05:27:34 - INFO - __main__ -   ------------ Converting to dataloaders -------------
02/25/2021 05:27:34 - INFO - __main__ -   956
02/25/2021 05:27:34 - INFO - __main__ -   816
02/25/2021 05:27:34 - INFO - __main__ -   706
02/25/2021 05:27:34 - INFO - __main__ -   85
02/25/2021 05:27:34 - INFO - __main__ -   ---------------- Starting training -----------------
02/25/2021 05:27:34 - INFO - __main__ -   	EPOCH:   0	MiniBatch:    0
02/25/2021 05:27:37 - INFO - __main__ -   	EPOCH:   0	MiniBatch:    1
02/25/2021 05:27:38 - INFO - __main__ -   	EPOCH:   0	MiniBatch:    2
02/25/2021 05:27:39 - INFO - __main__ -   	EPOCH:   0	MiniBatch:    3
02/25/2021 05:27:40 - INFO - __main__ -   	EPOCH:   0	MiniBatch:    4
02/25/2021 05:27:41 - INFO - __main__ -   	EPOCH:   0	MiniBatch:    5
02/25/2021 05:27:42 - INFO - __main__ -   	EPOCH:   0	MiniBatch:    6
02/25/2021 05:27:43 - INFO - __main__ -   	EPOCH:   0	MiniBatch:    7
02/25/2021 05:27:44 - INFO - __main__ -   	EPOCH:   0	MiniBatch:    8
02/25/2021 05:27:45 - INFO - __main__ -   	EPOCH:   0	MiniBatch:    9
02/25/2021 05:27:46 - INFO - __main__ -   	EPOCH:   0	MiniBatch:   10
02/25/2021 05:27:47 - INFO - __main__ -   	Testing dev Minibatch:    0
02/25/2021 05:27:47 - INFO - __main__ -   	Testing dev Minibatch:    1
02/25/2021 05:27:48 - INFO - __main__ -   	Testing dev Minibatch:    2
02/25/2021 05:27:48 - INFO - __main__ -   	Testing dev Minibatch:    3
02/25/2021 05:27:48 - INFO - __main__ -   
Labels 	Prec. 	Recall	F1    	Supp  
Denial 	0.3147	0.1613	0.2133	279
Support	0.3823	0.8374	0.5249	289
Comment	0.0000	0.0000	0.0000	249
Queries	0.0256	0.0541	0.0348	37
MacroF1	0.1932
F1w_avg	0.2488
Acc    	33.8

02/25/2021 05:27:49 - INFO - __main__ -   	EPOCH:   1	MiniBatch:    0
02/25/2021 05:27:50 - INFO - __main__ -   	EPOCH:   1	MiniBatch:    1
02/25/2021 05:27:51 - INFO - __main__ -   	EPOCH:   1	MiniBatch:    2
02/25/2021 05:27:52 - INFO - __main__ -   	EPOCH:   1	MiniBatch:    3
02/25/2021 05:27:53 - INFO - __main__ -   	EPOCH:   1	MiniBatch:    4
02/25/2021 05:27:54 - INFO - __main__ -   	EPOCH:   1	MiniBatch:    5
02/25/2021 05:27:55 - INFO - __main__ -   	EPOCH:   1	MiniBatch:    6
02/25/2021 05:27:56 - INFO - __main__ -   	EPOCH:   1	MiniBatch:    7
02/25/2021 05:27:57 - INFO - __main__ -   	EPOCH:   1	MiniBatch:    8
02/25/2021 05:27:58 - INFO - __main__ -   	EPOCH:   1	MiniBatch:    9
02/25/2021 05:27:59 - INFO - __main__ -   	EPOCH:   1	MiniBatch:   10
02/25/2021 05:28:00 - INFO - __main__ -   	Testing dev Minibatch:    0
02/25/2021 05:28:00 - INFO - __main__ -   	Testing dev Minibatch:    1
02/25/2021 05:28:00 - INFO - __main__ -   	Testing dev Minibatch:    2
02/25/2021 05:28:01 - INFO - __main__ -   	Testing dev Minibatch:    3
02/25/2021 05:28:01 - INFO - __main__ -   
Labels 	Prec. 	Recall	F1    	Supp  
Denial 	0.3274	0.9964	0.4929	279
Support	0.0000	0.0000	0.0000	289
Comment	0.0000	0.0000	0.0000	249
Queries	0.0000	0.0000	0.0000	37
MacroF1	0.1232
F1w_avg	0.1610
Acc    	32.6

02/25/2021 05:28:01 - INFO - __main__ -   	EPOCH:   2	MiniBatch:    0
02/25/2021 05:28:02 - INFO - __main__ -   	EPOCH:   2	MiniBatch:    1
02/25/2021 05:28:03 - INFO - __main__ -   	EPOCH:   2	MiniBatch:    2
02/25/2021 05:28:04 - INFO - __main__ -   	EPOCH:   2	MiniBatch:    3
02/25/2021 05:28:05 - INFO - __main__ -   	EPOCH:   2	MiniBatch:    4
02/25/2021 05:28:06 - INFO - __main__ -   	EPOCH:   2	MiniBatch:    5
02/25/2021 05:28:07 - INFO - __main__ -   	EPOCH:   2	MiniBatch:    6
02/25/2021 05:28:08 - INFO - __main__ -   	EPOCH:   2	MiniBatch:    7
02/25/2021 05:28:09 - INFO - __main__ -   	EPOCH:   2	MiniBatch:    8
02/25/2021 05:28:10 - INFO - __main__ -   	EPOCH:   2	MiniBatch:    9
02/25/2021 05:28:11 - INFO - __main__ -   	EPOCH:   2	MiniBatch:   10
02/25/2021 05:28:12 - INFO - __main__ -   	Testing dev Minibatch:    0
02/25/2021 05:28:12 - INFO - __main__ -   	Testing dev Minibatch:    1
02/25/2021 05:28:13 - INFO - __main__ -   	Testing dev Minibatch:    2
02/25/2021 05:28:13 - INFO - __main__ -   	Testing dev Minibatch:    3
02/25/2021 05:28:13 - INFO - __main__ -   
Labels 	Prec. 	Recall	F1    	Supp  
Denial 	0.3382	0.0824	0.1326	279
Support	0.4000	0.8581	0.5457	289
Comment	0.6731	0.1406	0.2326	249
Queries	0.0702	0.2162	0.1060	37
MacroF1	0.2542
F1w_avg	0.3004
Acc    	36.8

02/25/2021 05:28:15 - INFO - __main__ -   	EPOCH:   3	MiniBatch:    0
02/25/2021 05:28:16 - INFO - __main__ -   	EPOCH:   3	MiniBatch:    1
02/25/2021 05:28:17 - INFO - __main__ -   	EPOCH:   3	MiniBatch:    2
02/25/2021 05:28:18 - INFO - __main__ -   	EPOCH:   3	MiniBatch:    3
02/25/2021 05:28:19 - INFO - __main__ -   	EPOCH:   3	MiniBatch:    4
02/25/2021 05:28:20 - INFO - __main__ -   	EPOCH:   3	MiniBatch:    5
02/25/2021 05:28:21 - INFO - __main__ -   	EPOCH:   3	MiniBatch:    6
02/25/2021 05:28:22 - INFO - __main__ -   	EPOCH:   3	MiniBatch:    7
02/25/2021 05:28:23 - INFO - __main__ -   	EPOCH:   3	MiniBatch:    8
02/25/2021 05:28:24 - INFO - __main__ -   	EPOCH:   3	MiniBatch:    9
02/25/2021 05:28:25 - INFO - __main__ -   	EPOCH:   3	MiniBatch:   10
02/25/2021 05:28:26 - INFO - __main__ -   	Testing dev Minibatch:    0
02/25/2021 05:28:26 - INFO - __main__ -   	Testing dev Minibatch:    1
02/25/2021 05:28:26 - INFO - __main__ -   	Testing dev Minibatch:    2
02/25/2021 05:28:27 - INFO - __main__ -   	Testing dev Minibatch:    3
02/25/2021 05:28:27 - INFO - __main__ -   
Labels 	Prec. 	Recall	F1    	Supp  
Denial 	0.0000	0.0000	0.0000	279
Support	0.4212	0.7855	0.5483	289
Comment	0.4909	0.2169	0.3008	249
Queries	0.0784	0.4324	0.1328	37
MacroF1	0.2455
F1w_avg	0.2790
Acc    	34.8

02/25/2021 05:28:27 - INFO - __main__ -   	EPOCH:   4	MiniBatch:    0
02/25/2021 05:28:28 - INFO - __main__ -   	EPOCH:   4	MiniBatch:    1
02/25/2021 05:28:29 - INFO - __main__ -   	EPOCH:   4	MiniBatch:    2
02/25/2021 05:28:30 - INFO - __main__ -   	EPOCH:   4	MiniBatch:    3
02/25/2021 05:28:31 - INFO - __main__ -   	EPOCH:   4	MiniBatch:    4
02/25/2021 05:28:32 - INFO - __main__ -   	EPOCH:   4	MiniBatch:    5
02/25/2021 05:28:33 - INFO - __main__ -   	EPOCH:   4	MiniBatch:    6
02/25/2021 05:28:34 - INFO - __main__ -   	EPOCH:   4	MiniBatch:    7
02/25/2021 05:28:35 - INFO - __main__ -   	EPOCH:   4	MiniBatch:    8
02/25/2021 05:28:36 - INFO - __main__ -   	EPOCH:   4	MiniBatch:    9
02/25/2021 05:28:37 - INFO - __main__ -   	EPOCH:   4	MiniBatch:   10
02/25/2021 05:28:38 - INFO - __main__ -   	Testing dev Minibatch:    0
02/25/2021 05:28:38 - INFO - __main__ -   	Testing dev Minibatch:    1
02/25/2021 05:28:38 - INFO - __main__ -   	Testing dev Minibatch:    2
02/25/2021 05:28:39 - INFO - __main__ -   	Testing dev Minibatch:    3
02/25/2021 05:28:39 - INFO - __main__ -   
Labels 	Prec. 	Recall	F1    	Supp  
Denial 	0.3710	0.0824	0.1349	279
Support	0.4382	0.7612	0.5563	289
Comment	0.6667	0.0080	0.0159	249
Queries	0.0662	0.5135	0.1173	37
MacroF1	0.2061
F1w_avg	0.2420
Acc    	30.9

02/25/2021 05:28:39 - INFO - __main__ -   	EPOCH:   5	MiniBatch:    0
02/25/2021 05:28:40 - INFO - __main__ -   	EPOCH:   5	MiniBatch:    1
02/25/2021 05:28:41 - INFO - __main__ -   	EPOCH:   5	MiniBatch:    2
02/25/2021 05:28:42 - INFO - __main__ -   	EPOCH:   5	MiniBatch:    3
02/25/2021 05:28:43 - INFO - __main__ -   	EPOCH:   5	MiniBatch:    4
02/25/2021 05:28:44 - INFO - __main__ -   	EPOCH:   5	MiniBatch:    5
02/25/2021 05:28:45 - INFO - __main__ -   	EPOCH:   5	MiniBatch:    6
02/25/2021 05:28:46 - INFO - __main__ -   	EPOCH:   5	MiniBatch:    7
02/25/2021 05:28:47 - INFO - __main__ -   	EPOCH:   5	MiniBatch:    8
02/25/2021 05:28:48 - INFO - __main__ -   	EPOCH:   5	MiniBatch:    9
02/25/2021 05:28:49 - INFO - __main__ -   	EPOCH:   5	MiniBatch:   10
02/25/2021 05:28:50 - INFO - __main__ -   	Testing dev Minibatch:    0
02/25/2021 05:28:50 - INFO - __main__ -   	Testing dev Minibatch:    1
02/25/2021 05:28:50 - INFO - __main__ -   	Testing dev Minibatch:    2
02/25/2021 05:28:51 - INFO - __main__ -   	Testing dev Minibatch:    3
02/25/2021 05:28:51 - INFO - __main__ -   
Labels 	Prec. 	Recall	F1    	Supp  
Denial 	0.3924	0.1111	0.1732	279
Support	0.4280	0.7924	0.5558	289
Comment	0.5385	0.1124	0.1860	249
Queries	0.0798	0.4054	0.1333	37
MacroF1	0.2621
F1w_avg	0.3047
Acc    	35.5

02/25/2021 05:28:53 - INFO - __main__ -   	EPOCH:   6	MiniBatch:    0
02/25/2021 05:28:54 - INFO - __main__ -   	EPOCH:   6	MiniBatch:    1
02/25/2021 05:28:55 - INFO - __main__ -   	EPOCH:   6	MiniBatch:    2
02/25/2021 05:28:56 - INFO - __main__ -   	EPOCH:   6	MiniBatch:    3
02/25/2021 05:28:57 - INFO - __main__ -   	EPOCH:   6	MiniBatch:    4
02/25/2021 05:28:58 - INFO - __main__ -   	EPOCH:   6	MiniBatch:    5
02/25/2021 05:28:59 - INFO - __main__ -   	EPOCH:   6	MiniBatch:    6
02/25/2021 05:29:00 - INFO - __main__ -   	EPOCH:   6	MiniBatch:    7
02/25/2021 05:29:01 - INFO - __main__ -   	EPOCH:   6	MiniBatch:    8
02/25/2021 05:29:02 - INFO - __main__ -   	EPOCH:   6	MiniBatch:    9
02/25/2021 05:29:03 - INFO - __main__ -   	EPOCH:   6	MiniBatch:   10
02/25/2021 05:29:03 - INFO - __main__ -   	Testing dev Minibatch:    0
02/25/2021 05:29:04 - INFO - __main__ -   	Testing dev Minibatch:    1
02/25/2021 05:29:04 - INFO - __main__ -   	Testing dev Minibatch:    2
02/25/2021 05:29:04 - INFO - __main__ -   	Testing dev Minibatch:    3
02/25/2021 05:29:05 - INFO - __main__ -   
Labels 	Prec. 	Recall	F1    	Supp  
Denial 	0.4286	0.1720	0.2455	279
Support	0.4496	0.7405	0.5595	289
Comment	0.4556	0.1647	0.2419	249
Queries	0.0625	0.2973	0.1033	37
MacroF1	0.2875
F1w_avg	0.3445
Acc    	36.8

02/25/2021 05:29:06 - INFO - __main__ -   	EPOCH:   7	MiniBatch:    0
02/25/2021 05:29:07 - INFO - __main__ -   	EPOCH:   7	MiniBatch:    1
02/25/2021 05:29:08 - INFO - __main__ -   	EPOCH:   7	MiniBatch:    2
02/25/2021 05:29:09 - INFO - __main__ -   	EPOCH:   7	MiniBatch:    3
02/25/2021 05:29:10 - INFO - __main__ -   	EPOCH:   7	MiniBatch:    4
02/25/2021 05:29:11 - INFO - __main__ -   	EPOCH:   7	MiniBatch:    5
02/25/2021 05:29:12 - INFO - __main__ -   	EPOCH:   7	MiniBatch:    6
02/25/2021 05:29:13 - INFO - __main__ -   	EPOCH:   7	MiniBatch:    7
02/25/2021 05:29:14 - INFO - __main__ -   	EPOCH:   7	MiniBatch:    8
02/25/2021 05:29:15 - INFO - __main__ -   	EPOCH:   7	MiniBatch:    9
02/25/2021 05:29:16 - INFO - __main__ -   	EPOCH:   7	MiniBatch:   10
02/25/2021 05:29:17 - INFO - __main__ -   	Testing dev Minibatch:    0
02/25/2021 05:29:17 - INFO - __main__ -   	Testing dev Minibatch:    1
02/25/2021 05:29:18 - INFO - __main__ -   	Testing dev Minibatch:    2
02/25/2021 05:29:18 - INFO - __main__ -   	Testing dev Minibatch:    3
02/25/2021 05:29:18 - INFO - __main__ -   
Labels 	Prec. 	Recall	F1    	Supp  
Denial 	0.4250	0.3656	0.3931	279
Support	0.5034	0.5121	0.5077	289
Comment	0.4021	0.1566	0.2254	249
Queries	0.0897	0.5405	0.1538	37
MacroF1	0.3200
F1w_avg	0.3726
Acc    	36.2

02/25/2021 05:29:20 - INFO - __main__ -   	EPOCH:   8	MiniBatch:    0
02/25/2021 05:29:21 - INFO - __main__ -   	EPOCH:   8	MiniBatch:    1
02/25/2021 05:29:22 - INFO - __main__ -   	EPOCH:   8	MiniBatch:    2
02/25/2021 05:29:23 - INFO - __main__ -   	EPOCH:   8	MiniBatch:    3
02/25/2021 05:29:24 - INFO - __main__ -   	EPOCH:   8	MiniBatch:    4
02/25/2021 05:29:25 - INFO - __main__ -   	EPOCH:   8	MiniBatch:    5
02/25/2021 05:29:26 - INFO - __main__ -   	EPOCH:   8	MiniBatch:    6
02/25/2021 05:29:27 - INFO - __main__ -   	EPOCH:   8	MiniBatch:    7
02/25/2021 05:29:28 - INFO - __main__ -   	EPOCH:   8	MiniBatch:    8
02/25/2021 05:29:29 - INFO - __main__ -   	EPOCH:   8	MiniBatch:    9
02/25/2021 05:29:30 - INFO - __main__ -   	EPOCH:   8	MiniBatch:   10
02/25/2021 05:29:31 - INFO - __main__ -   	Testing dev Minibatch:    0
02/25/2021 05:29:31 - INFO - __main__ -   	Testing dev Minibatch:    1
02/25/2021 05:29:31 - INFO - __main__ -   	Testing dev Minibatch:    2
02/25/2021 05:29:32 - INFO - __main__ -   	Testing dev Minibatch:    3
02/25/2021 05:29:32 - INFO - __main__ -   
Labels 	Prec. 	Recall	F1    	Supp  
Denial 	0.3698	0.7384	0.4928	279
Support	0.5714	0.1661	0.2574	289
Comment	0.4800	0.1446	0.2222	249
Queries	0.1087	0.4054	0.1714	37
MacroF1	0.2860
F1w_avg	0.3203
Acc    	35.7

02/25/2021 05:29:32 - INFO - __main__ -   	EPOCH:   9	MiniBatch:    0
02/25/2021 05:29:33 - INFO - __main__ -   	EPOCH:   9	MiniBatch:    1
02/25/2021 05:29:34 - INFO - __main__ -   	EPOCH:   9	MiniBatch:    2
02/25/2021 05:29:35 - INFO - __main__ -   	EPOCH:   9	MiniBatch:    3
02/25/2021 05:29:36 - INFO - __main__ -   	EPOCH:   9	MiniBatch:    4
02/25/2021 05:29:37 - INFO - __main__ -   	EPOCH:   9	MiniBatch:    5
02/25/2021 05:29:38 - INFO - __main__ -   	EPOCH:   9	MiniBatch:    6
02/25/2021 05:29:39 - INFO - __main__ -   	EPOCH:   9	MiniBatch:    7
02/25/2021 05:29:40 - INFO - __main__ -   	EPOCH:   9	MiniBatch:    8
02/25/2021 05:29:41 - INFO - __main__ -   	EPOCH:   9	MiniBatch:    9
02/25/2021 05:29:42 - INFO - __main__ -   	EPOCH:   9	MiniBatch:   10
02/25/2021 05:29:43 - INFO - __main__ -   	Testing dev Minibatch:    0
02/25/2021 05:29:43 - INFO - __main__ -   	Testing dev Minibatch:    1
02/25/2021 05:29:43 - INFO - __main__ -   	Testing dev Minibatch:    2
02/25/2021 05:29:44 - INFO - __main__ -   	Testing dev Minibatch:    3
02/25/2021 05:29:44 - INFO - __main__ -   
Labels 	Prec. 	Recall	F1    	Supp  
Denial 	0.4589	0.2401	0.3153	279
Support	0.4258	0.8235	0.5613	289
Comment	0.5098	0.1044	0.1733	249
Queries	0.1327	0.3514	0.1926	37
MacroF1	0.3106
F1w_avg	0.3518
Acc    	40.3

02/25/2021 05:29:44 - INFO - __main__ -   	EPOCH:  10	MiniBatch:    0
02/25/2021 05:29:45 - INFO - __main__ -   	EPOCH:  10	MiniBatch:    1
02/25/2021 05:29:46 - INFO - __main__ -   	EPOCH:  10	MiniBatch:    2
02/25/2021 05:29:47 - INFO - __main__ -   	EPOCH:  10	MiniBatch:    3
02/25/2021 05:29:48 - INFO - __main__ -   	EPOCH:  10	MiniBatch:    4
02/25/2021 05:29:49 - INFO - __main__ -   	EPOCH:  10	MiniBatch:    5
02/25/2021 05:29:50 - INFO - __main__ -   	EPOCH:  10	MiniBatch:    6
02/25/2021 05:29:51 - INFO - __main__ -   	EPOCH:  10	MiniBatch:    7
02/25/2021 05:29:52 - INFO - __main__ -   	EPOCH:  10	MiniBatch:    8
02/25/2021 05:29:53 - INFO - __main__ -   	EPOCH:  10	MiniBatch:    9
02/25/2021 05:29:54 - INFO - __main__ -   	EPOCH:  10	MiniBatch:   10
02/25/2021 05:29:55 - INFO - __main__ -   	Testing dev Minibatch:    0
02/25/2021 05:29:55 - INFO - __main__ -   	Testing dev Minibatch:    1
02/25/2021 05:29:56 - INFO - __main__ -   	Testing dev Minibatch:    2
02/25/2021 05:29:56 - INFO - __main__ -   	Testing dev Minibatch:    3
02/25/2021 05:29:56 - INFO - __main__ -   
Labels 	Prec. 	Recall	F1    	Supp  
Denial 	0.5043	0.4158	0.4558	279
Support	0.4865	0.6851	0.5690	289
Comment	0.4615	0.2892	0.3556	249
Queries	0.1639	0.2703	0.2041	37
MacroF1	0.3961
F1w_avg	0.4540
Acc    	46.4

02/25/2021 05:29:58 - INFO - __main__ -   	EPOCH:  11	MiniBatch:    0
02/25/2021 05:29:59 - INFO - __main__ -   	EPOCH:  11	MiniBatch:    1
02/25/2021 05:30:00 - INFO - __main__ -   	EPOCH:  11	MiniBatch:    2
02/25/2021 05:30:01 - INFO - __main__ -   	EPOCH:  11	MiniBatch:    3
02/25/2021 05:30:02 - INFO - __main__ -   	EPOCH:  11	MiniBatch:    4
02/25/2021 05:30:03 - INFO - __main__ -   	EPOCH:  11	MiniBatch:    5
02/25/2021 05:30:04 - INFO - __main__ -   	EPOCH:  11	MiniBatch:    6
02/25/2021 05:30:05 - INFO - __main__ -   	EPOCH:  11	MiniBatch:    7
02/25/2021 05:30:06 - INFO - __main__ -   	EPOCH:  11	MiniBatch:    8
02/25/2021 05:30:07 - INFO - __main__ -   	EPOCH:  11	MiniBatch:    9
02/25/2021 05:30:08 - INFO - __main__ -   	EPOCH:  11	MiniBatch:   10
02/25/2021 05:30:09 - INFO - __main__ -   	Testing dev Minibatch:    0
02/25/2021 05:30:09 - INFO - __main__ -   	Testing dev Minibatch:    1
02/25/2021 05:30:09 - INFO - __main__ -   	Testing dev Minibatch:    2
02/25/2021 05:30:10 - INFO - __main__ -   	Testing dev Minibatch:    3
02/25/2021 05:30:10 - INFO - __main__ -   
Labels 	Prec. 	Recall	F1    	Supp  
Denial 	0.3976	0.8208	0.5357	279
Support	0.5984	0.2526	0.3552	289
Comment	0.5259	0.2450	0.3342	249
Queries	0.2250	0.2432	0.2338	37
MacroF1	0.3647
F1w_avg	0.4028
Acc    	43.6

02/25/2021 05:30:10 - INFO - __main__ -   	EPOCH:  12	MiniBatch:    0
02/25/2021 05:30:11 - INFO - __main__ -   	EPOCH:  12	MiniBatch:    1
02/25/2021 05:30:12 - INFO - __main__ -   	EPOCH:  12	MiniBatch:    2
02/25/2021 05:30:13 - INFO - __main__ -   	EPOCH:  12	MiniBatch:    3
02/25/2021 05:30:14 - INFO - __main__ -   	EPOCH:  12	MiniBatch:    4
02/25/2021 05:30:15 - INFO - __main__ -   	EPOCH:  12	MiniBatch:    5
02/25/2021 05:30:16 - INFO - __main__ -   	EPOCH:  12	MiniBatch:    6
02/25/2021 05:30:17 - INFO - __main__ -   	EPOCH:  12	MiniBatch:    7
02/25/2021 05:30:18 - INFO - __main__ -   	EPOCH:  12	MiniBatch:    8
02/25/2021 05:30:19 - INFO - __main__ -   	EPOCH:  12	MiniBatch:    9
02/25/2021 05:30:20 - INFO - __main__ -   	EPOCH:  12	MiniBatch:   10
02/25/2021 05:30:21 - INFO - __main__ -   	Testing dev Minibatch:    0
02/25/2021 05:30:21 - INFO - __main__ -   	Testing dev Minibatch:    1
02/25/2021 05:30:22 - INFO - __main__ -   	Testing dev Minibatch:    2
02/25/2021 05:30:22 - INFO - __main__ -   	Testing dev Minibatch:    3
02/25/2021 05:30:22 - INFO - __main__ -   
Labels 	Prec. 	Recall	F1    	Supp  
Denial 	0.4963	0.4767	0.4863	279
Support	0.5040	0.6471	0.5667	289
Comment	0.4912	0.3373	0.4000	249
Queries	0.2045	0.2432	0.2222	37
MacroF1	0.4188
F1w_avg	0.4769
Acc    	48.4

02/25/2021 05:30:24 - INFO - __main__ -   	EPOCH:  13	MiniBatch:    0
02/25/2021 05:30:25 - INFO - __main__ -   	EPOCH:  13	MiniBatch:    1
02/25/2021 05:30:26 - INFO - __main__ -   	EPOCH:  13	MiniBatch:    2
02/25/2021 05:30:27 - INFO - __main__ -   	EPOCH:  13	MiniBatch:    3
02/25/2021 05:30:28 - INFO - __main__ -   	EPOCH:  13	MiniBatch:    4
02/25/2021 05:30:29 - INFO - __main__ -   	EPOCH:  13	MiniBatch:    5
02/25/2021 05:30:30 - INFO - __main__ -   	EPOCH:  13	MiniBatch:    6
02/25/2021 05:30:31 - INFO - __main__ -   	EPOCH:  13	MiniBatch:    7
02/25/2021 05:30:32 - INFO - __main__ -   	EPOCH:  13	MiniBatch:    8
02/25/2021 05:30:33 - INFO - __main__ -   	EPOCH:  13	MiniBatch:    9
02/25/2021 05:30:34 - INFO - __main__ -   	EPOCH:  13	MiniBatch:   10
02/25/2021 05:30:35 - INFO - __main__ -   	Testing dev Minibatch:    0
02/25/2021 05:30:35 - INFO - __main__ -   	Testing dev Minibatch:    1
02/25/2021 05:30:35 - INFO - __main__ -   	Testing dev Minibatch:    2
02/25/2021 05:30:36 - INFO - __main__ -   	Testing dev Minibatch:    3
02/25/2021 05:30:36 - INFO - __main__ -   
Labels 	Prec. 	Recall	F1    	Supp  
Denial 	0.5497	0.3763	0.4468	279
Support	0.4801	0.6678	0.5586	289
Comment	0.4444	0.3695	0.4035	249
Queries	0.2037	0.2973	0.2418	37
MacroF1	0.4127
F1w_avg	0.4631
Acc    	47.0

02/25/2021 05:30:36 - INFO - __main__ -   	EPOCH:  14	MiniBatch:    0
02/25/2021 05:30:37 - INFO - __main__ -   	EPOCH:  14	MiniBatch:    1
02/25/2021 05:30:38 - INFO - __main__ -   	EPOCH:  14	MiniBatch:    2
02/25/2021 05:30:39 - INFO - __main__ -   	EPOCH:  14	MiniBatch:    3
02/25/2021 05:30:40 - INFO - __main__ -   	EPOCH:  14	MiniBatch:    4
02/25/2021 05:30:41 - INFO - __main__ -   	EPOCH:  14	MiniBatch:    5
02/25/2021 05:30:42 - INFO - __main__ -   	EPOCH:  14	MiniBatch:    6
02/25/2021 05:30:43 - INFO - __main__ -   	EPOCH:  14	MiniBatch:    7
02/25/2021 05:30:44 - INFO - __main__ -   	EPOCH:  14	MiniBatch:    8
02/25/2021 05:30:45 - INFO - __main__ -   	EPOCH:  14	MiniBatch:    9
02/25/2021 05:30:46 - INFO - __main__ -   	EPOCH:  14	MiniBatch:   10
02/25/2021 05:30:47 - INFO - __main__ -   	Testing dev Minibatch:    0
02/25/2021 05:30:47 - INFO - __main__ -   	Testing dev Minibatch:    1
02/25/2021 05:30:48 - INFO - __main__ -   	Testing dev Minibatch:    2
02/25/2021 05:30:48 - INFO - __main__ -   	Testing dev Minibatch:    3
02/25/2021 05:30:48 - INFO - __main__ -   
Labels 	Prec. 	Recall	F1    	Supp  
Denial 	0.4286	0.7527	0.5462	279
Support	0.6209	0.3287	0.4299	289
Comment	0.4916	0.3534	0.4112	249
Queries	0.2188	0.1892	0.2029	37
MacroF1	0.3975
F1w_avg	0.4526
Acc    	46.8

02/25/2021 05:30:48 - INFO - __main__ -   	EPOCH:  15	MiniBatch:    0
02/25/2021 05:30:49 - INFO - __main__ -   	EPOCH:  15	MiniBatch:    1
02/25/2021 05:30:50 - INFO - __main__ -   	EPOCH:  15	MiniBatch:    2
02/25/2021 05:30:51 - INFO - __main__ -   	EPOCH:  15	MiniBatch:    3
02/25/2021 05:30:52 - INFO - __main__ -   	EPOCH:  15	MiniBatch:    4
02/25/2021 05:30:53 - INFO - __main__ -   	EPOCH:  15	MiniBatch:    5
02/25/2021 05:30:54 - INFO - __main__ -   	EPOCH:  15	MiniBatch:    6
02/25/2021 05:30:55 - INFO - __main__ -   	EPOCH:  15	MiniBatch:    7
02/25/2021 05:30:56 - INFO - __main__ -   	EPOCH:  15	MiniBatch:    8
02/25/2021 05:30:57 - INFO - __main__ -   	EPOCH:  15	MiniBatch:    9
02/25/2021 05:30:59 - INFO - __main__ -   	EPOCH:  15	MiniBatch:   10
02/25/2021 05:30:59 - INFO - __main__ -   	Testing dev Minibatch:    0
02/25/2021 05:30:59 - INFO - __main__ -   	Testing dev Minibatch:    1
02/25/2021 05:31:00 - INFO - __main__ -   	Testing dev Minibatch:    2
02/25/2021 05:31:00 - INFO - __main__ -   	Testing dev Minibatch:    3
02/25/2021 05:31:00 - INFO - __main__ -   
Labels 	Prec. 	Recall	F1    	Supp  
Denial 	0.5072	0.6308	0.5623	279
Support	0.5468	0.6471	0.5927	289
Comment	0.5793	0.3373	0.4264	249
Queries	0.3000	0.1622	0.2105	37
MacroF1	0.4480
F1w_avg	0.5177
Acc    	53.0

02/25/2021 05:31:02 - INFO - __main__ -   	EPOCH:  16	MiniBatch:    0
02/25/2021 05:31:03 - INFO - __main__ -   	EPOCH:  16	MiniBatch:    1
02/25/2021 05:31:04 - INFO - __main__ -   	EPOCH:  16	MiniBatch:    2
02/25/2021 05:31:05 - INFO - __main__ -   	EPOCH:  16	MiniBatch:    3
02/25/2021 05:31:06 - INFO - __main__ -   	EPOCH:  16	MiniBatch:    4
02/25/2021 05:31:07 - INFO - __main__ -   	EPOCH:  16	MiniBatch:    5
02/25/2021 05:31:08 - INFO - __main__ -   	EPOCH:  16	MiniBatch:    6
02/25/2021 05:31:09 - INFO - __main__ -   	EPOCH:  16	MiniBatch:    7
02/25/2021 05:31:10 - INFO - __main__ -   	EPOCH:  16	MiniBatch:    8
02/25/2021 05:31:11 - INFO - __main__ -   	EPOCH:  16	MiniBatch:    9
02/25/2021 05:31:12 - INFO - __main__ -   	EPOCH:  16	MiniBatch:   10
02/25/2021 05:31:13 - INFO - __main__ -   	Testing dev Minibatch:    0
02/25/2021 05:31:13 - INFO - __main__ -   	Testing dev Minibatch:    1
02/25/2021 05:31:13 - INFO - __main__ -   	Testing dev Minibatch:    2
02/25/2021 05:31:14 - INFO - __main__ -   	Testing dev Minibatch:    3
02/25/2021 05:31:14 - INFO - __main__ -   
Labels 	Prec. 	Recall	F1    	Supp  
Denial 	0.4854	0.7133	0.5776	279
Support	0.5919	0.5571	0.5740	289
Comment	0.5813	0.3735	0.4548	249
Queries	0.4167	0.1351	0.2041	37
MacroF1	0.4526
F1w_avg	0.5244
Acc    	53.6

02/25/2021 05:31:16 - INFO - __main__ -   	EPOCH:  17	MiniBatch:    0
02/25/2021 05:31:17 - INFO - __main__ -   	EPOCH:  17	MiniBatch:    1
02/25/2021 05:31:18 - INFO - __main__ -   	EPOCH:  17	MiniBatch:    2
02/25/2021 05:31:19 - INFO - __main__ -   	EPOCH:  17	MiniBatch:    3
02/25/2021 05:31:20 - INFO - __main__ -   	EPOCH:  17	MiniBatch:    4
02/25/2021 05:31:21 - INFO - __main__ -   	EPOCH:  17	MiniBatch:    5
02/25/2021 05:31:22 - INFO - __main__ -   	EPOCH:  17	MiniBatch:    6
02/25/2021 05:31:23 - INFO - __main__ -   	EPOCH:  17	MiniBatch:    7
02/25/2021 05:31:24 - INFO - __main__ -   	EPOCH:  17	MiniBatch:    8
02/25/2021 05:31:25 - INFO - __main__ -   	EPOCH:  17	MiniBatch:    9
02/25/2021 05:31:26 - INFO - __main__ -   	EPOCH:  17	MiniBatch:   10
02/25/2021 05:31:26 - INFO - __main__ -   	Testing dev Minibatch:    0
02/25/2021 05:31:27 - INFO - __main__ -   	Testing dev Minibatch:    1
02/25/2021 05:31:27 - INFO - __main__ -   	Testing dev Minibatch:    2
02/25/2021 05:31:27 - INFO - __main__ -   	Testing dev Minibatch:    3
02/25/2021 05:31:28 - INFO - __main__ -   
Labels 	Prec. 	Recall	F1    	Supp  
Denial 	0.5936	0.5341	0.5623	279
Support	0.5367	0.7336	0.6199	289
Comment	0.5450	0.4137	0.4703	249
Queries	0.3158	0.1622	0.2143	37
MacroF1	0.4667
F1w_avg	0.5399
Acc    	55.0

02/25/2021 05:31:29 - INFO - __main__ -   	EPOCH:  18	MiniBatch:    0
02/25/2021 05:31:30 - INFO - __main__ -   	EPOCH:  18	MiniBatch:    1
02/25/2021 05:31:31 - INFO - __main__ -   	EPOCH:  18	MiniBatch:    2
02/25/2021 05:31:32 - INFO - __main__ -   	EPOCH:  18	MiniBatch:    3
02/25/2021 05:31:34 - INFO - __main__ -   	EPOCH:  18	MiniBatch:    4
02/25/2021 05:31:35 - INFO - __main__ -   	EPOCH:  18	MiniBatch:    5
02/25/2021 05:31:36 - INFO - __main__ -   	EPOCH:  18	MiniBatch:    6
02/25/2021 05:31:37 - INFO - __main__ -   	EPOCH:  18	MiniBatch:    7
02/25/2021 05:31:38 - INFO - __main__ -   	EPOCH:  18	MiniBatch:    8
02/25/2021 05:31:39 - INFO - __main__ -   	EPOCH:  18	MiniBatch:    9
02/25/2021 05:31:40 - INFO - __main__ -   	EPOCH:  18	MiniBatch:   10
02/25/2021 05:31:40 - INFO - __main__ -   	Testing dev Minibatch:    0
02/25/2021 05:31:40 - INFO - __main__ -   	Testing dev Minibatch:    1
02/25/2021 05:31:41 - INFO - __main__ -   	Testing dev Minibatch:    2
02/25/2021 05:31:41 - INFO - __main__ -   	Testing dev Minibatch:    3
02/25/2021 05:31:41 - INFO - __main__ -   
Labels 	Prec. 	Recall	F1    	Supp  
Denial 	0.4781	0.7419	0.5815	279
Support	0.6707	0.3806	0.4857	289
Comment	0.4978	0.4618	0.4792	249
Queries	0.2692	0.1892	0.2222	37
MacroF1	0.4421
F1w_avg	0.5036
Acc    	51.4

02/25/2021 05:31:42 - INFO - __main__ -   	EPOCH:  19	MiniBatch:    0
02/25/2021 05:31:43 - INFO - __main__ -   	EPOCH:  19	MiniBatch:    1
02/25/2021 05:31:44 - INFO - __main__ -   	EPOCH:  19	MiniBatch:    2
02/25/2021 05:31:45 - INFO - __main__ -   	EPOCH:  19	MiniBatch:    3
02/25/2021 05:31:46 - INFO - __main__ -   	EPOCH:  19	MiniBatch:    4
02/25/2021 05:31:47 - INFO - __main__ -   	EPOCH:  19	MiniBatch:    5
02/25/2021 05:31:48 - INFO - __main__ -   	EPOCH:  19	MiniBatch:    6
02/25/2021 05:31:49 - INFO - __main__ -   	EPOCH:  19	MiniBatch:    7
02/25/2021 05:31:50 - INFO - __main__ -   	EPOCH:  19	MiniBatch:    8
02/25/2021 05:31:51 - INFO - __main__ -   	EPOCH:  19	MiniBatch:    9
02/25/2021 05:31:52 - INFO - __main__ -   	EPOCH:  19	MiniBatch:   10
02/25/2021 05:31:52 - INFO - __main__ -   	Testing dev Minibatch:    0
02/25/2021 05:31:52 - INFO - __main__ -   	Testing dev Minibatch:    1
02/25/2021 05:31:53 - INFO - __main__ -   	Testing dev Minibatch:    2
02/25/2021 05:31:53 - INFO - __main__ -   	Testing dev Minibatch:    3
02/25/2021 05:31:53 - INFO - __main__ -   
Labels 	Prec. 	Recall	F1    	Supp  
Denial 	0.4741	0.7885	0.5922	279
Support	0.5975	0.4983	0.5434	289
Comment	0.6119	0.3293	0.4282	249
Queries	0.3333	0.1351	0.1923	37
MacroF1	0.4390
F1w_avg	0.5105
Acc    	52.8

02/25/2021 05:31:54 - INFO - __main__ -   	EPOCH:  20	MiniBatch:    0
02/25/2021 05:31:55 - INFO - __main__ -   	EPOCH:  20	MiniBatch:    1
02/25/2021 05:31:56 - INFO - __main__ -   	EPOCH:  20	MiniBatch:    2
02/25/2021 05:31:57 - INFO - __main__ -   	EPOCH:  20	MiniBatch:    3
02/25/2021 05:31:58 - INFO - __main__ -   	EPOCH:  20	MiniBatch:    4
02/25/2021 05:31:59 - INFO - __main__ -   	EPOCH:  20	MiniBatch:    5
02/25/2021 05:32:00 - INFO - __main__ -   	EPOCH:  20	MiniBatch:    6
02/25/2021 05:32:01 - INFO - __main__ -   	EPOCH:  20	MiniBatch:    7
02/25/2021 05:32:02 - INFO - __main__ -   	EPOCH:  20	MiniBatch:    8
02/25/2021 05:32:03 - INFO - __main__ -   	EPOCH:  20	MiniBatch:    9
02/25/2021 05:32:04 - INFO - __main__ -   	EPOCH:  20	MiniBatch:   10
02/25/2021 05:32:04 - INFO - __main__ -   	Testing dev Minibatch:    0
02/25/2021 05:32:05 - INFO - __main__ -   	Testing dev Minibatch:    1
02/25/2021 05:32:05 - INFO - __main__ -   	Testing dev Minibatch:    2
02/25/2021 05:32:05 - INFO - __main__ -   	Testing dev Minibatch:    3
02/25/2021 05:32:05 - INFO - __main__ -   
Labels 	Prec. 	Recall	F1    	Supp  
Denial 	0.5773	0.6559	0.6141	279
Support	0.5797	0.5917	0.5856	289
Comment	0.5422	0.4900	0.5148	249
Queries	0.3529	0.1622	0.2222	37
MacroF1	0.4842
F1w_avg	0.5585
Acc    	56.4

02/25/2021 05:32:07 - INFO - __main__ -   	EPOCH:  21	MiniBatch:    0
02/25/2021 05:32:08 - INFO - __main__ -   	EPOCH:  21	MiniBatch:    1
02/25/2021 05:32:09 - INFO - __main__ -   	EPOCH:  21	MiniBatch:    2
02/25/2021 05:32:10 - INFO - __main__ -   	EPOCH:  21	MiniBatch:    3
02/25/2021 05:32:11 - INFO - __main__ -   	EPOCH:  21	MiniBatch:    4
02/25/2021 05:32:12 - INFO - __main__ -   	EPOCH:  21	MiniBatch:    5
02/25/2021 05:32:13 - INFO - __main__ -   	EPOCH:  21	MiniBatch:    6
02/25/2021 05:32:14 - INFO - __main__ -   	EPOCH:  21	MiniBatch:    7
02/25/2021 05:32:15 - INFO - __main__ -   	EPOCH:  21	MiniBatch:    8
02/25/2021 05:32:16 - INFO - __main__ -   	EPOCH:  21	MiniBatch:    9
02/25/2021 05:32:17 - INFO - __main__ -   	EPOCH:  21	MiniBatch:   10
02/25/2021 05:32:18 - INFO - __main__ -   	Testing dev Minibatch:    0
02/25/2021 05:32:18 - INFO - __main__ -   	Testing dev Minibatch:    1
02/25/2021 05:32:19 - INFO - __main__ -   	Testing dev Minibatch:    2
02/25/2021 05:32:19 - INFO - __main__ -   	Testing dev Minibatch:    3
02/25/2021 05:32:19 - INFO - __main__ -   
Labels 	Prec. 	Recall	F1    	Supp  
Denial 	0.6201	0.6201	0.6201	279
Support	0.5638	0.6574	0.6070	289
Comment	0.5421	0.4659	0.5011	249
Queries	0.3333	0.2162	0.2623	37
MacroF1	0.4976
F1w_avg	0.5655
Acc    	57.0

02/25/2021 05:32:21 - INFO - __main__ -   	EPOCH:  22	MiniBatch:    0
02/25/2021 05:32:22 - INFO - __main__ -   	EPOCH:  22	MiniBatch:    1
02/25/2021 05:32:23 - INFO - __main__ -   	EPOCH:  22	MiniBatch:    2
02/25/2021 05:32:24 - INFO - __main__ -   	EPOCH:  22	MiniBatch:    3
02/25/2021 05:32:25 - INFO - __main__ -   	EPOCH:  22	MiniBatch:    4
02/25/2021 05:32:26 - INFO - __main__ -   	EPOCH:  22	MiniBatch:    5
02/25/2021 05:32:27 - INFO - __main__ -   	EPOCH:  22	MiniBatch:    6
02/25/2021 05:32:28 - INFO - __main__ -   	EPOCH:  22	MiniBatch:    7
02/25/2021 05:32:29 - INFO - __main__ -   	EPOCH:  22	MiniBatch:    8
02/25/2021 05:32:30 - INFO - __main__ -   	EPOCH:  22	MiniBatch:    9
02/25/2021 05:32:31 - INFO - __main__ -   	EPOCH:  22	MiniBatch:   10
02/25/2021 05:32:31 - INFO - __main__ -   	Testing dev Minibatch:    0
02/25/2021 05:32:32 - INFO - __main__ -   	Testing dev Minibatch:    1
02/25/2021 05:32:32 - INFO - __main__ -   	Testing dev Minibatch:    2
02/25/2021 05:32:33 - INFO - __main__ -   	Testing dev Minibatch:    3
02/25/2021 05:32:33 - INFO - __main__ -   
Labels 	Prec. 	Recall	F1    	Supp  
Denial 	0.5152	0.7885	0.6232	279
Support	0.6244	0.4775	0.5412	289
Comment	0.5625	0.4337	0.4898	249
Queries	0.3571	0.1351	0.1961	37
MacroF1	0.4626
F1w_avg	0.5381
Acc    	55.2

02/25/2021 05:32:33 - INFO - __main__ -   	EPOCH:  23	MiniBatch:    0
02/25/2021 05:32:34 - INFO - __main__ -   	EPOCH:  23	MiniBatch:    1
02/25/2021 05:32:35 - INFO - __main__ -   	EPOCH:  23	MiniBatch:    2
02/25/2021 05:32:36 - INFO - __main__ -   	EPOCH:  23	MiniBatch:    3
02/25/2021 05:32:37 - INFO - __main__ -   	EPOCH:  23	MiniBatch:    4
02/25/2021 05:32:38 - INFO - __main__ -   	EPOCH:  23	MiniBatch:    5
02/25/2021 05:32:39 - INFO - __main__ -   	EPOCH:  23	MiniBatch:    6
02/25/2021 05:32:40 - INFO - __main__ -   	EPOCH:  23	MiniBatch:    7
02/25/2021 05:32:41 - INFO - __main__ -   	EPOCH:  23	MiniBatch:    8
02/25/2021 05:32:42 - INFO - __main__ -   	EPOCH:  23	MiniBatch:    9
02/25/2021 05:32:43 - INFO - __main__ -   	EPOCH:  23	MiniBatch:   10
02/25/2021 05:32:44 - INFO - __main__ -   	Testing dev Minibatch:    0
02/25/2021 05:32:44 - INFO - __main__ -   	Testing dev Minibatch:    1
02/25/2021 05:32:44 - INFO - __main__ -   	Testing dev Minibatch:    2
02/25/2021 05:32:45 - INFO - __main__ -   	Testing dev Minibatch:    3
02/25/2021 05:32:45 - INFO - __main__ -   
Labels 	Prec. 	Recall	F1    	Supp  
Denial 	0.5118	0.7778	0.6174	279
Support	0.6631	0.4291	0.5210	289
Comment	0.5442	0.4940	0.5179	249
Queries	0.3529	0.1622	0.2222	37
MacroF1	0.4696
F1w_avg	0.5386
Acc    	55.0

02/25/2021 05:32:45 - INFO - __main__ -   	EPOCH:  24	MiniBatch:    0
02/25/2021 05:32:46 - INFO - __main__ -   	EPOCH:  24	MiniBatch:    1
02/25/2021 05:32:47 - INFO - __main__ -   	EPOCH:  24	MiniBatch:    2
02/25/2021 05:32:48 - INFO - __main__ -   	EPOCH:  24	MiniBatch:    3
02/25/2021 05:32:49 - INFO - __main__ -   	EPOCH:  24	MiniBatch:    4
02/25/2021 05:32:50 - INFO - __main__ -   	EPOCH:  24	MiniBatch:    5
02/25/2021 05:32:51 - INFO - __main__ -   	EPOCH:  24	MiniBatch:    6
02/25/2021 05:32:52 - INFO - __main__ -   	EPOCH:  24	MiniBatch:    7
02/25/2021 05:32:53 - INFO - __main__ -   	EPOCH:  24	MiniBatch:    8
02/25/2021 05:32:54 - INFO - __main__ -   	EPOCH:  24	MiniBatch:    9
02/25/2021 05:32:55 - INFO - __main__ -   	EPOCH:  24	MiniBatch:   10
02/25/2021 05:32:56 - INFO - __main__ -   	Testing dev Minibatch:    0
02/25/2021 05:32:56 - INFO - __main__ -   	Testing dev Minibatch:    1
02/25/2021 05:32:56 - INFO - __main__ -   	Testing dev Minibatch:    2
02/25/2021 05:32:57 - INFO - __main__ -   	Testing dev Minibatch:    3
02/25/2021 05:32:57 - INFO - __main__ -   
Labels 	Prec. 	Recall	F1    	Supp  
Denial 	0.5921	0.7025	0.6426	279
Support	0.6714	0.4879	0.5651	289
Comment	0.4982	0.5422	0.5192	249
Queries	0.3095	0.3514	0.3291	37
MacroF1	0.5140
F1w_avg	0.5668
Acc    	56.8

02/25/2021 05:32:59 - INFO - __main__ -   	EPOCH:  25	MiniBatch:    0
02/25/2021 05:33:00 - INFO - __main__ -   	EPOCH:  25	MiniBatch:    1
02/25/2021 05:33:01 - INFO - __main__ -   	EPOCH:  25	MiniBatch:    2
02/25/2021 05:33:02 - INFO - __main__ -   	EPOCH:  25	MiniBatch:    3
02/25/2021 05:33:03 - INFO - __main__ -   	EPOCH:  25	MiniBatch:    4
02/25/2021 05:33:04 - INFO - __main__ -   	EPOCH:  25	MiniBatch:    5
02/25/2021 05:33:05 - INFO - __main__ -   	EPOCH:  25	MiniBatch:    6
02/25/2021 05:33:06 - INFO - __main__ -   	EPOCH:  25	MiniBatch:    7
02/25/2021 05:33:07 - INFO - __main__ -   	EPOCH:  25	MiniBatch:    8
02/25/2021 05:33:08 - INFO - __main__ -   	EPOCH:  25	MiniBatch:    9
02/25/2021 05:33:09 - INFO - __main__ -   	EPOCH:  25	MiniBatch:   10
02/25/2021 05:33:09 - INFO - __main__ -   	Testing dev Minibatch:    0
02/25/2021 05:33:10 - INFO - __main__ -   	Testing dev Minibatch:    1
02/25/2021 05:33:10 - INFO - __main__ -   	Testing dev Minibatch:    2
02/25/2021 05:33:11 - INFO - __main__ -   	Testing dev Minibatch:    3
02/25/2021 05:33:11 - INFO - __main__ -   
Labels 	Prec. 	Recall	F1    	Supp  
Denial 	0.5726	0.7491	0.6491	279
Support	0.6845	0.4879	0.5697	289
Comment	0.5269	0.5502	0.5383	249
Queries	0.3913	0.2432	0.3000	37
MacroF1	0.5143
F1w_avg	0.5748
Acc    	58.1

02/25/2021 05:33:13 - INFO - __main__ -   	EPOCH:  26	MiniBatch:    0
02/25/2021 05:33:14 - INFO - __main__ -   	EPOCH:  26	MiniBatch:    1
02/25/2021 05:33:15 - INFO - __main__ -   	EPOCH:  26	MiniBatch:    2
02/25/2021 05:33:16 - INFO - __main__ -   	EPOCH:  26	MiniBatch:    3
02/25/2021 05:33:17 - INFO - __main__ -   	EPOCH:  26	MiniBatch:    4
02/25/2021 05:33:18 - INFO - __main__ -   	EPOCH:  26	MiniBatch:    5
02/25/2021 05:33:19 - INFO - __main__ -   	EPOCH:  26	MiniBatch:    6
02/25/2021 05:33:20 - INFO - __main__ -   	EPOCH:  26	MiniBatch:    7
02/25/2021 05:33:21 - INFO - __main__ -   	EPOCH:  26	MiniBatch:    8
02/25/2021 05:33:22 - INFO - __main__ -   	EPOCH:  26	MiniBatch:    9
02/25/2021 05:33:23 - INFO - __main__ -   	EPOCH:  26	MiniBatch:   10
02/25/2021 05:33:23 - INFO - __main__ -   	Testing dev Minibatch:    0
02/25/2021 05:33:24 - INFO - __main__ -   	Testing dev Minibatch:    1
02/25/2021 05:33:24 - INFO - __main__ -   	Testing dev Minibatch:    2
02/25/2021 05:33:24 - INFO - __main__ -   	Testing dev Minibatch:    3
02/25/2021 05:33:24 - INFO - __main__ -   
Labels 	Prec. 	Recall	F1    	Supp  
Denial 	0.5838	0.7491	0.6562	279
Support	0.5914	0.6159	0.6034	289
Comment	0.5580	0.4056	0.4698	249
Queries	0.4286	0.1622	0.2353	37
MacroF1	0.4912
F1w_avg	0.5657
Acc    	57.8

02/25/2021 05:33:25 - INFO - __main__ -   	EPOCH:  27	MiniBatch:    0
02/25/2021 05:33:26 - INFO - __main__ -   	EPOCH:  27	MiniBatch:    1
02/25/2021 05:33:27 - INFO - __main__ -   	EPOCH:  27	MiniBatch:    2
02/25/2021 05:33:28 - INFO - __main__ -   	EPOCH:  27	MiniBatch:    3
02/25/2021 05:33:29 - INFO - __main__ -   	EPOCH:  27	MiniBatch:    4
02/25/2021 05:33:30 - INFO - __main__ -   	EPOCH:  27	MiniBatch:    5
02/25/2021 05:33:31 - INFO - __main__ -   	EPOCH:  27	MiniBatch:    6
02/25/2021 05:33:32 - INFO - __main__ -   	EPOCH:  27	MiniBatch:    7
02/25/2021 05:33:33 - INFO - __main__ -   	EPOCH:  27	MiniBatch:    8
02/25/2021 05:33:34 - INFO - __main__ -   	EPOCH:  27	MiniBatch:    9
02/25/2021 05:33:35 - INFO - __main__ -   	EPOCH:  27	MiniBatch:   10
02/25/2021 05:33:35 - INFO - __main__ -   	Testing dev Minibatch:    0
02/25/2021 05:33:36 - INFO - __main__ -   	Testing dev Minibatch:    1
02/25/2021 05:33:36 - INFO - __main__ -   	Testing dev Minibatch:    2
02/25/2021 05:33:36 - INFO - __main__ -   	Testing dev Minibatch:    3
02/25/2021 05:33:37 - INFO - __main__ -   
Labels 	Prec. 	Recall	F1    	Supp  
Denial 	0.4863	0.8280	0.6127	279
Support	0.6509	0.3806	0.4803	289
Comment	0.5421	0.4137	0.4692	249
Queries	0.3500	0.1892	0.2456	37
MacroF1	0.4520
F1w_avg	0.5102
Acc    	52.8

02/25/2021 05:33:37 - INFO - __main__ -   	EPOCH:  28	MiniBatch:    0
02/25/2021 05:33:38 - INFO - __main__ -   	EPOCH:  28	MiniBatch:    1
02/25/2021 05:33:39 - INFO - __main__ -   	EPOCH:  28	MiniBatch:    2
02/25/2021 05:33:40 - INFO - __main__ -   	EPOCH:  28	MiniBatch:    3
02/25/2021 05:33:41 - INFO - __main__ -   	EPOCH:  28	MiniBatch:    4
02/25/2021 05:33:42 - INFO - __main__ -   	EPOCH:  28	MiniBatch:    5
02/25/2021 05:33:43 - INFO - __main__ -   	EPOCH:  28	MiniBatch:    6
02/25/2021 05:33:44 - INFO - __main__ -   	EPOCH:  28	MiniBatch:    7
02/25/2021 05:33:45 - INFO - __main__ -   	EPOCH:  28	MiniBatch:    8
02/25/2021 05:33:46 - INFO - __main__ -   	EPOCH:  28	MiniBatch:    9
02/25/2021 05:33:47 - INFO - __main__ -   	EPOCH:  28	MiniBatch:   10
02/25/2021 05:33:47 - INFO - __main__ -   	Testing dev Minibatch:    0
02/25/2021 05:33:48 - INFO - __main__ -   	Testing dev Minibatch:    1
02/25/2021 05:33:48 - INFO - __main__ -   	Testing dev Minibatch:    2
02/25/2021 05:33:49 - INFO - __main__ -   	Testing dev Minibatch:    3
02/25/2021 05:33:49 - INFO - __main__ -   
Labels 	Prec. 	Recall	F1    	Supp  
Denial 	0.5042	0.8602	0.6358	279
Support	0.6400	0.4429	0.5235	289
Comment	0.5625	0.3614	0.4401	249
Queries	0.3889	0.1892	0.2545	37
MacroF1	0.4635
F1w_avg	0.5242
Acc    	54.4

02/25/2021 05:33:49 - INFO - __main__ -   	EPOCH:  29	MiniBatch:    0
02/25/2021 05:33:50 - INFO - __main__ -   	EPOCH:  29	MiniBatch:    1
02/25/2021 05:33:51 - INFO - __main__ -   	EPOCH:  29	MiniBatch:    2
02/25/2021 05:33:52 - INFO - __main__ -   	EPOCH:  29	MiniBatch:    3
02/25/2021 05:33:53 - INFO - __main__ -   	EPOCH:  29	MiniBatch:    4
02/25/2021 05:33:54 - INFO - __main__ -   	EPOCH:  29	MiniBatch:    5
02/25/2021 05:33:55 - INFO - __main__ -   	EPOCH:  29	MiniBatch:    6
02/25/2021 05:33:56 - INFO - __main__ -   	EPOCH:  29	MiniBatch:    7
02/25/2021 05:33:57 - INFO - __main__ -   	EPOCH:  29	MiniBatch:    8
02/25/2021 05:33:58 - INFO - __main__ -   	EPOCH:  29	MiniBatch:    9
02/25/2021 05:33:59 - INFO - __main__ -   	EPOCH:  29	MiniBatch:   10
02/25/2021 05:34:00 - INFO - __main__ -   	Testing dev Minibatch:    0
02/25/2021 05:34:00 - INFO - __main__ -   	Testing dev Minibatch:    1
02/25/2021 05:34:00 - INFO - __main__ -   	Testing dev Minibatch:    2
02/25/2021 05:34:01 - INFO - __main__ -   	Testing dev Minibatch:    3
02/25/2021 05:34:01 - INFO - __main__ -   
Labels 	Prec. 	Recall	F1    	Supp  
Denial 	0.5547	0.7993	0.6549	279
Support	0.6095	0.5779	0.5933	289
Comment	0.5776	0.3735	0.4537	249
Queries	0.3529	0.1622	0.2222	37
MacroF1	0.4810
F1w_avg	0.5566
Acc    	57.3

02/25/2021 05:34:01 - INFO - __main__ -   	EPOCH:  30	MiniBatch:    0
02/25/2021 05:34:02 - INFO - __main__ -   	EPOCH:  30	MiniBatch:    1
02/25/2021 05:34:03 - INFO - __main__ -   	EPOCH:  30	MiniBatch:    2
02/25/2021 05:34:04 - INFO - __main__ -   	EPOCH:  30	MiniBatch:    3
02/25/2021 05:34:05 - INFO - __main__ -   	EPOCH:  30	MiniBatch:    4
02/25/2021 05:34:06 - INFO - __main__ -   	EPOCH:  30	MiniBatch:    5
02/25/2021 05:34:07 - INFO - __main__ -   	EPOCH:  30	MiniBatch:    6
02/25/2021 05:34:08 - INFO - __main__ -   	EPOCH:  30	MiniBatch:    7
02/25/2021 05:34:09 - INFO - __main__ -   	EPOCH:  30	MiniBatch:    8
02/25/2021 05:34:10 - INFO - __main__ -   	EPOCH:  30	MiniBatch:    9
02/25/2021 05:34:11 - INFO - __main__ -   	EPOCH:  30	MiniBatch:   10
02/25/2021 05:34:12 - INFO - __main__ -   	Testing dev Minibatch:    0
02/25/2021 05:34:12 - INFO - __main__ -   	Testing dev Minibatch:    1
02/25/2021 05:34:12 - INFO - __main__ -   	Testing dev Minibatch:    2
02/25/2021 05:34:13 - INFO - __main__ -   	Testing dev Minibatch:    3
02/25/2021 05:34:13 - INFO - __main__ -   
Labels 	Prec. 	Recall	F1    	Supp  
Denial 	0.5711	0.7921	0.6637	279
Support	0.6304	0.5606	0.5934	289
Comment	0.5515	0.4297	0.4831	249
Queries	0.3750	0.1622	0.2264	37
MacroF1	0.4916
F1w_avg	0.5683
Acc    	58.1

02/25/2021 05:34:13 - INFO - __main__ -   	EPOCH:  31	MiniBatch:    0
02/25/2021 05:34:14 - INFO - __main__ -   	EPOCH:  31	MiniBatch:    1
02/25/2021 05:34:15 - INFO - __main__ -   	EPOCH:  31	MiniBatch:    2
02/25/2021 05:34:16 - INFO - __main__ -   	EPOCH:  31	MiniBatch:    3
02/25/2021 05:34:17 - INFO - __main__ -   	EPOCH:  31	MiniBatch:    4
02/25/2021 05:34:18 - INFO - __main__ -   	EPOCH:  31	MiniBatch:    5
02/25/2021 05:34:19 - INFO - __main__ -   	EPOCH:  31	MiniBatch:    6
02/25/2021 05:34:20 - INFO - __main__ -   	EPOCH:  31	MiniBatch:    7
02/25/2021 05:34:21 - INFO - __main__ -   	EPOCH:  31	MiniBatch:    8
02/25/2021 05:34:22 - INFO - __main__ -   	EPOCH:  31	MiniBatch:    9
02/25/2021 05:34:23 - INFO - __main__ -   	EPOCH:  31	MiniBatch:   10
02/25/2021 05:34:24 - INFO - __main__ -   	Testing dev Minibatch:    0
02/25/2021 05:34:24 - INFO - __main__ -   	Testing dev Minibatch:    1
02/25/2021 05:34:24 - INFO - __main__ -   	Testing dev Minibatch:    2
02/25/2021 05:34:25 - INFO - __main__ -   	Testing dev Minibatch:    3
02/25/2021 05:34:25 - INFO - __main__ -   
Labels 	Prec. 	Recall	F1    	Supp  
Denial 	0.5726	0.7491	0.6491	279
Support	0.6687	0.3841	0.4879	289
Comment	0.4746	0.5622	0.5147	249
Queries	0.4286	0.3243	0.3692	37
MacroF1	0.5052
F1w_avg	0.5432
Acc    	55.3

02/25/2021 05:34:25 - INFO - __main__ -   	EPOCH:  32	MiniBatch:    0
02/25/2021 05:34:26 - INFO - __main__ -   	EPOCH:  32	MiniBatch:    1
02/25/2021 05:34:27 - INFO - __main__ -   	EPOCH:  32	MiniBatch:    2
02/25/2021 05:34:28 - INFO - __main__ -   	EPOCH:  32	MiniBatch:    3
02/25/2021 05:34:29 - INFO - __main__ -   	EPOCH:  32	MiniBatch:    4
02/25/2021 05:34:30 - INFO - __main__ -   	EPOCH:  32	MiniBatch:    5
02/25/2021 05:34:31 - INFO - __main__ -   	EPOCH:  32	MiniBatch:    6
02/25/2021 05:34:32 - INFO - __main__ -   	EPOCH:  32	MiniBatch:    7
02/25/2021 05:34:33 - INFO - __main__ -   	EPOCH:  32	MiniBatch:    8
02/25/2021 05:34:34 - INFO - __main__ -   	EPOCH:  32	MiniBatch:    9
02/25/2021 05:34:35 - INFO - __main__ -   	EPOCH:  32	MiniBatch:   10
02/25/2021 05:34:36 - INFO - __main__ -   	Testing dev Minibatch:    0
02/25/2021 05:34:36 - INFO - __main__ -   	Testing dev Minibatch:    1
02/25/2021 05:34:37 - INFO - __main__ -   	Testing dev Minibatch:    2
02/25/2021 05:34:37 - INFO - __main__ -   	Testing dev Minibatch:    3
02/25/2021 05:34:37 - INFO - __main__ -   
Labels 	Prec. 	Recall	F1    	Supp  
Denial 	0.5718	0.7563	0.6512	279
Support	0.6941	0.4083	0.5142	289
Comment	0.5156	0.5984	0.5539	249
Queries	0.3462	0.2432	0.2857	37
MacroF1	0.5013
F1w_avg	0.5606
Acc    	57.0

02/25/2021 05:34:37 - INFO - __main__ -   	EPOCH:  33	MiniBatch:    0
02/25/2021 05:34:38 - INFO - __main__ -   	EPOCH:  33	MiniBatch:    1
02/25/2021 05:34:39 - INFO - __main__ -   	EPOCH:  33	MiniBatch:    2
02/25/2021 05:34:40 - INFO - __main__ -   	EPOCH:  33	MiniBatch:    3
02/25/2021 05:34:42 - INFO - __main__ -   	EPOCH:  33	MiniBatch:    4
02/25/2021 05:34:43 - INFO - __main__ -   	EPOCH:  33	MiniBatch:    5
02/25/2021 05:34:44 - INFO - __main__ -   	EPOCH:  33	MiniBatch:    6
02/25/2021 05:34:45 - INFO - __main__ -   	EPOCH:  33	MiniBatch:    7
02/25/2021 05:34:46 - INFO - __main__ -   	EPOCH:  33	MiniBatch:    8
02/25/2021 05:34:47 - INFO - __main__ -   	EPOCH:  33	MiniBatch:    9
02/25/2021 05:34:48 - INFO - __main__ -   	EPOCH:  33	MiniBatch:   10
02/25/2021 05:34:48 - INFO - __main__ -   	Testing dev Minibatch:    0
02/25/2021 05:34:48 - INFO - __main__ -   	Testing dev Minibatch:    1
02/25/2021 05:34:49 - INFO - __main__ -   	Testing dev Minibatch:    2
02/25/2021 05:34:49 - INFO - __main__ -   	Testing dev Minibatch:    3
02/25/2021 05:34:49 - INFO - __main__ -   
Labels 	Prec. 	Recall	F1    	Supp  
Denial 	0.6000	0.7312	0.6591	279
Support	0.6667	0.4429	0.5322	289
Comment	0.5034	0.6024	0.5484	249
Queries	0.3333	0.2162	0.2623	37
MacroF1	0.5005
F1w_avg	0.5667
Acc    	57.4

02/25/2021 05:34:50 - INFO - __main__ -   	EPOCH:  34	MiniBatch:    0
02/25/2021 05:34:51 - INFO - __main__ -   	EPOCH:  34	MiniBatch:    1
02/25/2021 05:34:52 - INFO - __main__ -   	EPOCH:  34	MiniBatch:    2
02/25/2021 05:34:53 - INFO - __main__ -   	EPOCH:  34	MiniBatch:    3
02/25/2021 05:34:54 - INFO - __main__ -   	EPOCH:  34	MiniBatch:    4
02/25/2021 05:34:55 - INFO - __main__ -   	EPOCH:  34	MiniBatch:    5
02/25/2021 05:34:56 - INFO - __main__ -   	EPOCH:  34	MiniBatch:    6
02/25/2021 05:34:57 - INFO - __main__ -   	EPOCH:  34	MiniBatch:    7
02/25/2021 05:34:58 - INFO - __main__ -   	EPOCH:  34	MiniBatch:    8
02/25/2021 05:34:59 - INFO - __main__ -   	EPOCH:  34	MiniBatch:    9
02/25/2021 05:35:00 - INFO - __main__ -   	EPOCH:  34	MiniBatch:   10
02/25/2021 05:35:00 - INFO - __main__ -   	Testing dev Minibatch:    0
02/25/2021 05:35:00 - INFO - __main__ -   	Testing dev Minibatch:    1
02/25/2021 05:35:01 - INFO - __main__ -   	Testing dev Minibatch:    2
02/25/2021 05:35:01 - INFO - __main__ -   	Testing dev Minibatch:    3
02/25/2021 05:35:01 - INFO - __main__ -   
Labels 	Prec. 	Recall	F1    	Supp  
Denial 	0.6386	0.7599	0.6939	279
Support	0.5851	0.6540	0.6176	289
Comment	0.5879	0.4297	0.4965	249
Queries	0.4706	0.2162	0.2963	37
MacroF1	0.5261
F1w_avg	0.5933
Acc    	60.4

02/25/2021 05:35:03 - INFO - __main__ -   	EPOCH:  35	MiniBatch:    0
02/25/2021 05:35:04 - INFO - __main__ -   	EPOCH:  35	MiniBatch:    1
02/25/2021 05:35:05 - INFO - __main__ -   	EPOCH:  35	MiniBatch:    2
02/25/2021 05:35:06 - INFO - __main__ -   	EPOCH:  35	MiniBatch:    3
02/25/2021 05:35:07 - INFO - __main__ -   	EPOCH:  35	MiniBatch:    4
02/25/2021 05:35:08 - INFO - __main__ -   	EPOCH:  35	MiniBatch:    5
02/25/2021 05:35:09 - INFO - __main__ -   	EPOCH:  35	MiniBatch:    6
02/25/2021 05:35:10 - INFO - __main__ -   	EPOCH:  35	MiniBatch:    7
02/25/2021 05:35:11 - INFO - __main__ -   	EPOCH:  35	MiniBatch:    8
02/25/2021 05:35:12 - INFO - __main__ -   	EPOCH:  35	MiniBatch:    9
02/25/2021 05:35:13 - INFO - __main__ -   	EPOCH:  35	MiniBatch:   10
02/25/2021 05:35:14 - INFO - __main__ -   	Testing dev Minibatch:    0
02/25/2021 05:35:14 - INFO - __main__ -   	Testing dev Minibatch:    1
02/25/2021 05:35:15 - INFO - __main__ -   	Testing dev Minibatch:    2
02/25/2021 05:35:15 - INFO - __main__ -   	Testing dev Minibatch:    3
02/25/2021 05:35:15 - INFO - __main__ -   
Labels 	Prec. 	Recall	F1    	Supp  
Denial 	0.5849	0.8029	0.6767	279
Support	0.5979	0.6021	0.6000	289
Comment	0.6087	0.3936	0.4780	249
Queries	0.4211	0.2162	0.2857	37
MacroF1	0.5101
F1w_avg	0.5759
Acc    	59.0

02/25/2021 05:35:15 - INFO - __main__ -   	EPOCH:  36	MiniBatch:    0
02/25/2021 05:35:16 - INFO - __main__ -   	EPOCH:  36	MiniBatch:    1
02/25/2021 05:35:17 - INFO - __main__ -   	EPOCH:  36	MiniBatch:    2
02/25/2021 05:35:18 - INFO - __main__ -   	EPOCH:  36	MiniBatch:    3
02/25/2021 05:35:19 - INFO - __main__ -   	EPOCH:  36	MiniBatch:    4
02/25/2021 05:35:20 - INFO - __main__ -   	EPOCH:  36	MiniBatch:    5
02/25/2021 05:35:21 - INFO - __main__ -   	EPOCH:  36	MiniBatch:    6
02/25/2021 05:35:23 - INFO - __main__ -   	EPOCH:  36	MiniBatch:    7
02/25/2021 05:35:24 - INFO - __main__ -   	EPOCH:  36	MiniBatch:    8
02/25/2021 05:35:25 - INFO - __main__ -   	EPOCH:  36	MiniBatch:    9
02/25/2021 05:35:26 - INFO - __main__ -   	EPOCH:  36	MiniBatch:   10
02/25/2021 05:35:26 - INFO - __main__ -   	Testing dev Minibatch:    0
02/25/2021 05:35:26 - INFO - __main__ -   	Testing dev Minibatch:    1
02/25/2021 05:35:27 - INFO - __main__ -   	Testing dev Minibatch:    2
02/25/2021 05:35:27 - INFO - __main__ -   	Testing dev Minibatch:    3
02/25/2021 05:35:27 - INFO - __main__ -   
Labels 	Prec. 	Recall	F1    	Supp  
Denial 	0.6920	0.7168	0.7042	279
Support	0.5651	0.7059	0.6277	289
Comment	0.5829	0.4378	0.5000	249
Queries	0.4118	0.1892	0.2593	37
MacroF1	0.5228
F1w_avg	0.5995
Acc    	60.9

02/25/2021 05:35:28 - INFO - __main__ -   	EPOCH:  37	MiniBatch:    0
02/25/2021 05:35:29 - INFO - __main__ -   	EPOCH:  37	MiniBatch:    1
02/25/2021 05:35:30 - INFO - __main__ -   	EPOCH:  37	MiniBatch:    2
02/25/2021 05:35:31 - INFO - __main__ -   	EPOCH:  37	MiniBatch:    3
02/25/2021 05:35:32 - INFO - __main__ -   	EPOCH:  37	MiniBatch:    4
02/25/2021 05:35:33 - INFO - __main__ -   	EPOCH:  37	MiniBatch:    5
02/25/2021 05:35:34 - INFO - __main__ -   	EPOCH:  37	MiniBatch:    6
02/25/2021 05:35:35 - INFO - __main__ -   	EPOCH:  37	MiniBatch:    7
02/25/2021 05:35:36 - INFO - __main__ -   	EPOCH:  37	MiniBatch:    8
02/25/2021 05:35:37 - INFO - __main__ -   	EPOCH:  37	MiniBatch:    9
02/25/2021 05:35:38 - INFO - __main__ -   	EPOCH:  37	MiniBatch:   10
02/25/2021 05:35:38 - INFO - __main__ -   	Testing dev Minibatch:    0
02/25/2021 05:35:39 - INFO - __main__ -   	Testing dev Minibatch:    1
02/25/2021 05:35:39 - INFO - __main__ -   	Testing dev Minibatch:    2
02/25/2021 05:35:39 - INFO - __main__ -   	Testing dev Minibatch:    3
02/25/2021 05:35:40 - INFO - __main__ -   
Labels 	Prec. 	Recall	F1    	Supp  
Denial 	0.6656	0.7204	0.6919	279
Support	0.5820	0.6505	0.6144	289
Comment	0.5581	0.4819	0.5172	249
Queries	0.3571	0.1351	0.1961	37
MacroF1	0.5049
F1w_avg	0.5933
Acc    	60.2

02/25/2021 05:35:40 - INFO - __main__ -   	EPOCH:  38	MiniBatch:    0
02/25/2021 05:35:41 - INFO - __main__ -   	EPOCH:  38	MiniBatch:    1
02/25/2021 05:35:42 - INFO - __main__ -   	EPOCH:  38	MiniBatch:    2
02/25/2021 05:35:43 - INFO - __main__ -   	EPOCH:  38	MiniBatch:    3
02/25/2021 05:35:44 - INFO - __main__ -   	EPOCH:  38	MiniBatch:    4
02/25/2021 05:35:45 - INFO - __main__ -   	EPOCH:  38	MiniBatch:    5
02/25/2021 05:35:46 - INFO - __main__ -   	EPOCH:  38	MiniBatch:    6
02/25/2021 05:35:47 - INFO - __main__ -   	EPOCH:  38	MiniBatch:    7
02/25/2021 05:35:48 - INFO - __main__ -   	EPOCH:  38	MiniBatch:    8
02/25/2021 05:35:49 - INFO - __main__ -   	EPOCH:  38	MiniBatch:    9
02/25/2021 05:35:50 - INFO - __main__ -   	EPOCH:  38	MiniBatch:   10
02/25/2021 05:35:50 - INFO - __main__ -   	Testing dev Minibatch:    0
02/25/2021 05:35:51 - INFO - __main__ -   	Testing dev Minibatch:    1
02/25/2021 05:35:51 - INFO - __main__ -   	Testing dev Minibatch:    2
02/25/2021 05:35:51 - INFO - __main__ -   	Testing dev Minibatch:    3
02/25/2021 05:35:52 - INFO - __main__ -   
Labels 	Prec. 	Recall	F1    	Supp  
Denial 	0.5087	0.8387	0.6333	279
Support	0.6161	0.4498	0.5200	289
Comment	0.5434	0.3775	0.4455	249
Queries	0.4000	0.1081	0.1702	37
MacroF1	0.4422
F1w_avg	0.5201
Acc    	54.1

02/25/2021 05:35:52 - INFO - __main__ -   	EPOCH:  39	MiniBatch:    0
02/25/2021 05:35:53 - INFO - __main__ -   	EPOCH:  39	MiniBatch:    1
02/25/2021 05:35:54 - INFO - __main__ -   	EPOCH:  39	MiniBatch:    2
02/25/2021 05:35:55 - INFO - __main__ -   	EPOCH:  39	MiniBatch:    3
02/25/2021 05:35:56 - INFO - __main__ -   	EPOCH:  39	MiniBatch:    4
02/25/2021 05:35:57 - INFO - __main__ -   	EPOCH:  39	MiniBatch:    5
02/25/2021 05:35:58 - INFO - __main__ -   	EPOCH:  39	MiniBatch:    6
02/25/2021 05:35:59 - INFO - __main__ -   	EPOCH:  39	MiniBatch:    7
02/25/2021 05:36:00 - INFO - __main__ -   	EPOCH:  39	MiniBatch:    8
02/25/2021 05:36:01 - INFO - __main__ -   	EPOCH:  39	MiniBatch:    9
02/25/2021 05:36:02 - INFO - __main__ -   	EPOCH:  39	MiniBatch:   10
02/25/2021 05:36:03 - INFO - __main__ -   	Testing dev Minibatch:    0
02/25/2021 05:36:03 - INFO - __main__ -   	Testing dev Minibatch:    1
02/25/2021 05:36:03 - INFO - __main__ -   	Testing dev Minibatch:    2
02/25/2021 05:36:04 - INFO - __main__ -   	Testing dev Minibatch:    3
02/25/2021 05:36:04 - INFO - __main__ -   
Labels 	Prec. 	Recall	F1    	Supp  
Denial 	0.5313	0.7599	0.6254	279
Support	0.6104	0.4879	0.5423	289
Comment	0.5610	0.4618	0.5066	249
Queries	0.3158	0.1622	0.2143	37
MacroF1	0.4721
F1w_avg	0.5448
Acc    	55.5

02/25/2021 05:36:05 - INFO - __main__ -   	Testing test Minibatch:    0
02/25/2021 05:36:05 - INFO - __main__ -   	Testing test Minibatch:    1
02/25/2021 05:36:06 - INFO - __main__ -   	Testing test Minibatch:    2
02/25/2021 05:36:06 - INFO - __main__ -   	Testing test Minibatch:    3
02/25/2021 05:36:06 - INFO - __main__ -   
Labels 	Prec. 	Recall	F1    	Supp  
Denial 	0.6594	0.6741	0.6667	313
Support	0.5303	0.6629	0.5892	264
Comment	0.5722	0.4458	0.5011	249
Queries	0.3000	0.1071	0.1579	28
MacroF1	0.4787
F1w_avg	0.5778
Acc    	58.5

02/25/2021 05:36:06 - INFO - __main__ -   Time taken: 0h 8m 39s
