02/24/2021 14:43:12 - INFO - __main__ -   ----------------- Hyperparameters ------------------
02/24/2021 14:43:12 - INFO - __main__ -   ======== my_Bertweet =========
02/24/2021 14:43:12 - INFO - __main__ -   ===== Hyperparameters ======
02/24/2021 14:43:12 - INFO - __main__ -   batch_train: 128
02/24/2021 14:43:12 - INFO - __main__ -   batch_test:  128
02/24/2021 14:43:12 - INFO - __main__ -   epochs: 40 
02/24/2021 14:43:12 - INFO - __main__ -   learning_rate: 0.000010
02/24/2021 14:43:12 - INFO - __main__ -   optimizer: adam
02/24/2021 14:43:12 - INFO - __main__ -   debug: False
02/24/2021 14:43:12 - INFO - __main__ -   ------------------ Getting model -------------------
02/24/2021 14:43:19 - INFO - __main__ -   --------------- Getting dataframes -----------------
02/24/2021 14:43:19 - INFO - __main__ -   ------- Setting loss function and optimizer --------
02/24/2021 14:43:19 - INFO - __main__ -   ------------ Converting to dataloaders -------------
02/24/2021 14:43:19 - INFO - __main__ -   ---------------- Starting training -----------------
02/24/2021 14:43:19 - INFO - __main__ -   	EPOCH:   0	MiniBatch:    0
02/24/2021 14:43:27 - INFO - __main__ -   	EPOCH:   0	MiniBatch:   10
02/24/2021 14:43:33 - INFO - __main__ -   	EPOCH:   0	MiniBatch:   20
02/24/2021 14:43:34 - INFO - __main__ -   	Testing dev Minibatch:    0
02/24/2021 14:43:35 - INFO - __main__ -   
Labels 	Prec. 	Recall	F1    	Supp  
Denial 	0.3516	0.6667	0.4604	279
Support	0.5625	0.0623	0.1121	289
Comment	0.4232	0.4980	0.4576	249
Queries	0.0000	0.0000	0.0000	37
MacroF1	0.2575
F1w_avg	0.3218
Acc    	38.4

02/24/2021 14:43:36 - INFO - __main__ -   	EPOCH:   1	MiniBatch:    0
02/24/2021 14:43:42 - INFO - __main__ -   	EPOCH:   1	MiniBatch:   10
02/24/2021 14:43:48 - INFO - __main__ -   	EPOCH:   1	MiniBatch:   20
02/24/2021 14:43:48 - INFO - __main__ -   	Testing dev Minibatch:    0
02/24/2021 14:43:49 - INFO - __main__ -   
Labels 	Prec. 	Recall	F1    	Supp  
Denial 	0.3756	0.5627	0.4505	279
Support	0.4360	0.6125	0.5094	289
Comment	0.7000	0.0843	0.1505	249
Queries	0.0000	0.0000	0.0000	37
MacroF1	0.2776
F1w_avg	0.3634
Acc    	41.6

02/24/2021 14:43:51 - INFO - __main__ -   	EPOCH:   2	MiniBatch:    0
02/24/2021 14:43:57 - INFO - __main__ -   	EPOCH:   2	MiniBatch:   10
02/24/2021 14:44:03 - INFO - __main__ -   	EPOCH:   2	MiniBatch:   20
02/24/2021 14:44:03 - INFO - __main__ -   	Testing dev Minibatch:    0
02/24/2021 14:44:05 - INFO - __main__ -   
Labels 	Prec. 	Recall	F1    	Supp  
Denial 	0.4083	0.3190	0.3581	279
Support	0.4622	0.7405	0.5691	289
Comment	0.5029	0.3494	0.4123	249
Queries	0.0000	0.0000	0.0000	37
MacroF1	0.3349
F1w_avg	0.4298
Acc    	45.7

02/24/2021 14:44:07 - INFO - __main__ -   	EPOCH:   3	MiniBatch:    0
02/24/2021 14:44:13 - INFO - __main__ -   	EPOCH:   3	MiniBatch:   10
02/24/2021 14:44:18 - INFO - __main__ -   	EPOCH:   3	MiniBatch:   20
02/24/2021 14:44:19 - INFO - __main__ -   	Testing dev Minibatch:    0
02/24/2021 14:44:20 - INFO - __main__ -   
Labels 	Prec. 	Recall	F1    	Supp  
Denial 	0.3408	0.8674	0.4894	279
Support	0.6316	0.1246	0.2081	289
Comment	0.6092	0.2129	0.3155	249
Queries	0.0000	0.0000	0.0000	37
MacroF1	0.2532
F1w_avg	0.3223
Acc    	38.8

02/24/2021 14:44:21 - INFO - __main__ -   	EPOCH:   4	MiniBatch:    0
02/24/2021 14:44:27 - INFO - __main__ -   	EPOCH:   4	MiniBatch:   10
02/24/2021 14:44:32 - INFO - __main__ -   	EPOCH:   4	MiniBatch:   20
02/24/2021 14:44:33 - INFO - __main__ -   	Testing dev Minibatch:    0
02/24/2021 14:44:34 - INFO - __main__ -   
Labels 	Prec. 	Recall	F1    	Supp  
Denial 	0.3873	0.7634	0.5139	279
Support	0.5882	0.3460	0.4357	289
Comment	0.5746	0.3092	0.4021	249
Queries	0.0000	0.0000	0.0000	37
MacroF1	0.3379
F1w_avg	0.4326
Acc    	45.7

02/24/2021 14:44:36 - INFO - __main__ -   	EPOCH:   5	MiniBatch:    0
02/24/2021 14:44:42 - INFO - __main__ -   	EPOCH:   5	MiniBatch:   10
02/24/2021 14:44:48 - INFO - __main__ -   	EPOCH:   5	MiniBatch:   20
02/24/2021 14:44:48 - INFO - __main__ -   	Testing dev Minibatch:    0
02/24/2021 14:44:50 - INFO - __main__ -   
Labels 	Prec. 	Recall	F1    	Supp  
Denial 	0.4344	0.6523	0.5215	279
Support	0.5317	0.6090	0.5677	289
Comment	0.5865	0.2450	0.3456	249
Queries	0.0000	0.0000	0.0000	37
MacroF1	0.3587
F1w_avg	0.4633
Acc    	49.1

02/24/2021 14:44:52 - INFO - __main__ -   	EPOCH:   6	MiniBatch:    0
02/24/2021 14:44:57 - INFO - __main__ -   	EPOCH:   6	MiniBatch:   10
02/24/2021 14:45:03 - INFO - __main__ -   	EPOCH:   6	MiniBatch:   20
02/24/2021 14:45:04 - INFO - __main__ -   	Testing dev Minibatch:    0
02/24/2021 14:45:05 - INFO - __main__ -   
Labels 	Prec. 	Recall	F1    	Supp  
Denial 	0.4286	0.5054	0.4638	279
Support	0.6437	0.3875	0.4838	289
Comment	0.4587	0.6466	0.5367	249
Queries	0.0000	0.0000	0.0000	37
MacroF1	0.3711
F1w_avg	0.4717
Acc    	48.5

02/24/2021 14:45:07 - INFO - __main__ -   	EPOCH:   7	MiniBatch:    0
02/24/2021 14:45:13 - INFO - __main__ -   	EPOCH:   7	MiniBatch:   10
02/24/2021 14:45:19 - INFO - __main__ -   	EPOCH:   7	MiniBatch:   20
02/24/2021 14:45:19 - INFO - __main__ -   	Testing dev Minibatch:    0
02/24/2021 14:45:21 - INFO - __main__ -   
Labels 	Prec. 	Recall	F1    	Supp  
Denial 	0.5176	0.5269	0.5222	279
Support	0.5515	0.6851	0.6111	289
Comment	0.5498	0.4659	0.5043	249
Queries	0.0000	0.0000	0.0000	37
MacroF1	0.4094
F1w_avg	0.5245
Acc    	54.0

02/24/2021 14:45:23 - INFO - __main__ -   	EPOCH:   8	MiniBatch:    0
02/24/2021 14:45:28 - INFO - __main__ -   	EPOCH:   8	MiniBatch:   10
02/24/2021 14:45:34 - INFO - __main__ -   	EPOCH:   8	MiniBatch:   20
02/24/2021 14:45:35 - INFO - __main__ -   	Testing dev Minibatch:    0
02/24/2021 14:45:36 - INFO - __main__ -   
Labels 	Prec. 	Recall	F1    	Supp  
Denial 	0.4507	0.7706	0.5688	279
Support	0.5924	0.4879	0.5351	289
Comment	0.5827	0.3253	0.4175	249
Queries	0.0000	0.0000	0.0000	37
MacroF1	0.3804
F1w_avg	0.4886
Acc    	51.2

02/24/2021 14:45:36 - INFO - __main__ -   	EPOCH:   9	MiniBatch:    0
02/24/2021 14:45:42 - INFO - __main__ -   	EPOCH:   9	MiniBatch:   10
02/24/2021 14:45:48 - INFO - __main__ -   	EPOCH:   9	MiniBatch:   20
02/24/2021 14:45:49 - INFO - __main__ -   	Testing dev Minibatch:    0
02/24/2021 14:45:50 - INFO - __main__ -   
Labels 	Prec. 	Recall	F1    	Supp  
Denial 	0.4798	0.7670	0.5903	279
Support	0.6326	0.4706	0.5397	289
Comment	0.5699	0.4418	0.4977	249
Queries	0.0000	0.0000	0.0000	37
MacroF1	0.4069
F1w_avg	0.5206
Acc    	53.9

02/24/2021 14:45:50 - INFO - __main__ -   	EPOCH:  10	MiniBatch:    0
02/24/2021 14:45:56 - INFO - __main__ -   	EPOCH:  10	MiniBatch:   10
02/24/2021 14:46:02 - INFO - __main__ -   	EPOCH:  10	MiniBatch:   20
02/24/2021 14:46:02 - INFO - __main__ -   	Testing dev Minibatch:    0
02/24/2021 14:46:04 - INFO - __main__ -   
Labels 	Prec. 	Recall	F1    	Supp  
Denial 	0.4830	0.8136	0.6061	279
Support	0.5875	0.5225	0.5531	289
Comment	0.6378	0.3253	0.4309	249
Queries	0.0000	0.0000	0.0000	37
MacroF1	0.3975
F1w_avg	0.5108
Acc    	53.7

02/24/2021 14:46:04 - INFO - __main__ -   	EPOCH:  11	MiniBatch:    0
02/24/2021 14:46:10 - INFO - __main__ -   	EPOCH:  11	MiniBatch:   10
02/24/2021 14:46:16 - INFO - __main__ -   	EPOCH:  11	MiniBatch:   20
02/24/2021 14:46:16 - INFO - __main__ -   	Testing dev Minibatch:    0
02/24/2021 14:46:18 - INFO - __main__ -   
Labels 	Prec. 	Recall	F1    	Supp  
Denial 	0.5882	0.7527	0.6604	279
Support	0.6026	0.6505	0.6256	289
Comment	0.5892	0.4378	0.5023	249
Queries	0.0000	0.0000	0.0000	37
MacroF1	0.4471
F1w_avg	0.5739
Acc    	59.4

02/24/2021 14:46:20 - INFO - __main__ -   	EPOCH:  12	MiniBatch:    0
02/24/2021 14:46:26 - INFO - __main__ -   	EPOCH:  12	MiniBatch:   10
02/24/2021 14:46:31 - INFO - __main__ -   	EPOCH:  12	MiniBatch:   20
02/24/2021 14:46:32 - INFO - __main__ -   	Testing dev Minibatch:    0
02/24/2021 14:46:33 - INFO - __main__ -   
Labels 	Prec. 	Recall	F1    	Supp  
Denial 	0.5539	0.8100	0.6579	279
Support	0.6265	0.5398	0.5799	289
Comment	0.5939	0.4699	0.5247	249
Queries	0.0000	0.0000	0.0000	37
MacroF1	0.4406
F1w_avg	0.5642
Acc    	58.4

02/24/2021 14:46:34 - INFO - __main__ -   	EPOCH:  13	MiniBatch:    0
02/24/2021 14:46:39 - INFO - __main__ -   	EPOCH:  13	MiniBatch:   10
02/24/2021 14:46:45 - INFO - __main__ -   	EPOCH:  13	MiniBatch:   20
02/24/2021 14:46:46 - INFO - __main__ -   	Testing dev Minibatch:    0
02/24/2021 14:46:47 - INFO - __main__ -   
Labels 	Prec. 	Recall	F1    	Supp  
Denial 	0.5989	0.7599	0.6698	279
Support	0.6139	0.5502	0.5803	289
Comment	0.5477	0.5301	0.5388	249
Queries	0.0000	0.0000	0.0000	37
MacroF1	0.4472
F1w_avg	0.5723
Acc    	58.9

02/24/2021 14:46:49 - INFO - __main__ -   	EPOCH:  14	MiniBatch:    0
02/24/2021 14:46:55 - INFO - __main__ -   	EPOCH:  14	MiniBatch:   10
02/24/2021 14:47:01 - INFO - __main__ -   	EPOCH:  14	MiniBatch:   20
02/24/2021 14:47:01 - INFO - __main__ -   	Testing dev Minibatch:    0
02/24/2021 14:47:03 - INFO - __main__ -   
Labels 	Prec. 	Recall	F1    	Supp  
Denial 	0.5425	0.7778	0.6392	279
Support	0.5663	0.6055	0.5853	289
Comment	0.6207	0.3614	0.4569	249
Queries	0.0000	0.0000	0.0000	37
MacroF1	0.4203
F1w_avg	0.5401
Acc    	56.4

02/24/2021 14:47:03 - INFO - __main__ -   	EPOCH:  15	MiniBatch:    0
02/24/2021 14:47:09 - INFO - __main__ -   	EPOCH:  15	MiniBatch:   10
02/24/2021 14:47:15 - INFO - __main__ -   	EPOCH:  15	MiniBatch:   20
02/24/2021 14:47:15 - INFO - __main__ -   	Testing dev Minibatch:    0
02/24/2021 14:47:17 - INFO - __main__ -   
Labels 	Prec. 	Recall	F1    	Supp  
Denial 	0.5121	0.8315	0.6339	279
Support	0.6316	0.4567	0.5301	289
Comment	0.6042	0.4659	0.5261	249
Queries	0.0000	0.0000	0.0000	37
MacroF1	0.4225
F1w_avg	0.5399
Acc    	56.2

02/24/2021 14:47:17 - INFO - __main__ -   	EPOCH:  16	MiniBatch:    0
02/24/2021 14:47:23 - INFO - __main__ -   	EPOCH:  16	MiniBatch:   10
02/24/2021 14:47:28 - INFO - __main__ -   	EPOCH:  16	MiniBatch:   20
02/24/2021 14:47:29 - INFO - __main__ -   	Testing dev Minibatch:    0
02/24/2021 14:47:30 - INFO - __main__ -   
Labels 	Prec. 	Recall	F1    	Supp  
Denial 	0.5439	0.7993	0.6473	279
Support	0.6615	0.4464	0.5331	289
Comment	0.5382	0.5382	0.5382	249
Queries	0.0000	0.0000	0.0000	37
MacroF1	0.4296
F1w_avg	0.5488
Acc    	56.9

02/24/2021 14:47:31 - INFO - __main__ -   	EPOCH:  17	MiniBatch:    0
02/24/2021 14:47:36 - INFO - __main__ -   	EPOCH:  17	MiniBatch:   10
02/24/2021 14:47:42 - INFO - __main__ -   	EPOCH:  17	MiniBatch:   20
02/24/2021 14:47:43 - INFO - __main__ -   	Testing dev Minibatch:    0
02/24/2021 14:47:44 - INFO - __main__ -   
Labels 	Prec. 	Recall	F1    	Supp  
Denial 	0.6525	0.7133	0.6815	279
Support	0.5767	0.6505	0.6114	289
Comment	0.5611	0.4980	0.5277	249
Queries	0.0000	0.0000	0.0000	37
MacroF1	0.4551
F1w_avg	0.5834
Acc    	59.8

02/24/2021 14:47:46 - INFO - __main__ -   	EPOCH:  18	MiniBatch:    0
02/24/2021 14:47:52 - INFO - __main__ -   	EPOCH:  18	MiniBatch:   10
02/24/2021 14:47:58 - INFO - __main__ -   	EPOCH:  18	MiniBatch:   20
02/24/2021 14:47:58 - INFO - __main__ -   	Testing dev Minibatch:    0
02/24/2021 14:48:00 - INFO - __main__ -   
Labels 	Prec. 	Recall	F1    	Supp  
Denial 	0.5294	0.8065	0.6392	279
Support	0.6390	0.4533	0.5304	289
Comment	0.5566	0.4940	0.5234	249
Queries	0.0000	0.0000	0.0000	37
MacroF1	0.4232
F1w_avg	0.5409
Acc    	56.1

02/24/2021 14:48:00 - INFO - __main__ -   	EPOCH:  19	MiniBatch:    0
02/24/2021 14:48:06 - INFO - __main__ -   	EPOCH:  19	MiniBatch:   10
02/24/2021 14:48:12 - INFO - __main__ -   	EPOCH:  19	MiniBatch:   20
02/24/2021 14:48:12 - INFO - __main__ -   	Testing dev Minibatch:    0
02/24/2021 14:48:14 - INFO - __main__ -   
Labels 	Prec. 	Recall	F1    	Supp  
Denial 	0.5718	0.7706	0.6565	279
Support	0.6327	0.5363	0.5805	289
Comment	0.5509	0.4779	0.5118	249
Queries	0.2353	0.1081	0.1481	37
MacroF1	0.4742
F1w_avg	0.5666
Acc    	57.7

02/24/2021 14:48:16 - INFO - __main__ -   	EPOCH:  20	MiniBatch:    0
02/24/2021 14:48:21 - INFO - __main__ -   	EPOCH:  20	MiniBatch:   10
02/24/2021 14:48:27 - INFO - __main__ -   	EPOCH:  20	MiniBatch:   20
02/24/2021 14:48:28 - INFO - __main__ -   	Testing dev Minibatch:    0
02/24/2021 14:48:29 - INFO - __main__ -   
Labels 	Prec. 	Recall	F1    	Supp  
Denial 	0.5300	0.7921	0.6351	279
Support	0.5968	0.5225	0.5572	289
Comment	0.5714	0.4016	0.4717	249
Queries	0.1111	0.0270	0.0435	37
MacroF1	0.4269
F1w_avg	0.5354
Acc    	55.4

02/24/2021 14:48:29 - INFO - __main__ -   	EPOCH:  21	MiniBatch:    0
02/24/2021 14:48:35 - INFO - __main__ -   	EPOCH:  21	MiniBatch:   10
02/24/2021 14:48:41 - INFO - __main__ -   	EPOCH:  21	MiniBatch:   20
02/24/2021 14:48:42 - INFO - __main__ -   	Testing dev Minibatch:    0
02/24/2021 14:48:43 - INFO - __main__ -   
Labels 	Prec. 	Recall	F1    	Supp  
Denial 	0.6077	0.6774	0.6407	279
Support	0.6324	0.4464	0.5233	289
Comment	0.4557	0.5984	0.5174	249
Queries	0.0833	0.0270	0.0408	37
MacroF1	0.4305
F1w_avg	0.5390
Acc    	54.8

02/24/2021 14:48:43 - INFO - __main__ -   	EPOCH:  22	MiniBatch:    0
02/24/2021 14:48:49 - INFO - __main__ -   	EPOCH:  22	MiniBatch:   10
02/24/2021 14:48:55 - INFO - __main__ -   	EPOCH:  22	MiniBatch:   20
02/24/2021 14:48:56 - INFO - __main__ -   	Testing dev Minibatch:    0
02/24/2021 14:48:57 - INFO - __main__ -   
Labels 	Prec. 	Recall	F1    	Supp  
Denial 	0.5221	0.8459	0.6457	279
Support	0.5812	0.5571	0.5689	289
Comment	0.6640	0.3333	0.4439	249
Queries	0.0000	0.0000	0.0000	37
MacroF1	0.4146
F1w_avg	0.5329
Acc    	56.2

02/24/2021 14:48:57 - INFO - __main__ -   	EPOCH:  23	MiniBatch:    0
02/24/2021 14:49:03 - INFO - __main__ -   	EPOCH:  23	MiniBatch:   10
02/24/2021 14:49:09 - INFO - __main__ -   	EPOCH:  23	MiniBatch:   20
02/24/2021 14:49:09 - INFO - __main__ -   	Testing dev Minibatch:    0
02/24/2021 14:49:11 - INFO - __main__ -   
Labels 	Prec. 	Recall	F1    	Supp  
Denial 	0.5663	0.7348	0.6396	279
Support	0.6346	0.4567	0.5312	289
Comment	0.5056	0.5422	0.5233	249
Queries	0.2941	0.1351	0.1852	37
MacroF1	0.4698
F1w_avg	0.5493
Acc    	55.9

02/24/2021 14:49:11 - INFO - __main__ -   	EPOCH:  24	MiniBatch:    0
02/24/2021 14:49:17 - INFO - __main__ -   	EPOCH:  24	MiniBatch:   10
02/24/2021 14:49:23 - INFO - __main__ -   	EPOCH:  24	MiniBatch:   20
02/24/2021 14:49:23 - INFO - __main__ -   	Testing dev Minibatch:    0
02/24/2021 14:49:25 - INFO - __main__ -   
Labels 	Prec. 	Recall	F1    	Supp  
Denial 	0.5610	0.8244	0.6676	279
Support	0.5781	0.6021	0.5898	289
Comment	0.6143	0.3454	0.4422	249
Queries	0.0000	0.0000	0.0000	37
MacroF1	0.4249
F1w_avg	0.5466
Acc    	57.4

02/24/2021 14:49:25 - INFO - __main__ -   	EPOCH:  25	MiniBatch:    0
02/24/2021 14:49:31 - INFO - __main__ -   	EPOCH:  25	MiniBatch:   10
02/24/2021 14:49:37 - INFO - __main__ -   	EPOCH:  25	MiniBatch:   20
02/24/2021 14:49:37 - INFO - __main__ -   	Testing dev Minibatch:    0
02/24/2021 14:49:39 - INFO - __main__ -   
Labels 	Prec. 	Recall	F1    	Supp  
Denial 	0.5371	0.7527	0.6269	279
Support	0.6256	0.4394	0.5163	289
Comment	0.5267	0.5141	0.5203	249
Queries	0.2941	0.1351	0.1852	37
MacroF1	0.4622
F1w_avg	0.5392
Acc    	55.0

02/24/2021 14:49:39 - INFO - __main__ -   	EPOCH:  26	MiniBatch:    0
02/24/2021 14:49:45 - INFO - __main__ -   	EPOCH:  26	MiniBatch:   10
02/24/2021 14:49:51 - INFO - __main__ -   	EPOCH:  26	MiniBatch:   20
02/24/2021 14:49:51 - INFO - __main__ -   	Testing dev Minibatch:    0
02/24/2021 14:49:53 - INFO - __main__ -   
Labels 	Prec. 	Recall	F1    	Supp  
Denial 	0.5368	0.8100	0.6457	279
Support	0.5714	0.5398	0.5552	289
Comment	0.6076	0.3855	0.4717	249
Queries	0.0000	0.0000	0.0000	37
MacroF1	0.4182
F1w_avg	0.5364
Acc    	56.0

02/24/2021 14:49:53 - INFO - __main__ -   	EPOCH:  27	MiniBatch:    0
02/24/2021 14:49:59 - INFO - __main__ -   	EPOCH:  27	MiniBatch:   10
02/24/2021 14:50:05 - INFO - __main__ -   	EPOCH:  27	MiniBatch:   20
02/24/2021 14:50:05 - INFO - __main__ -   	Testing dev Minibatch:    0
02/24/2021 14:50:06 - INFO - __main__ -   
Labels 	Prec. 	Recall	F1    	Supp  
Denial 	0.5273	0.7957	0.6343	279
Support	0.6121	0.4913	0.5451	289
Comment	0.5596	0.4337	0.4887	249
Queries	0.1250	0.0270	0.0444	37
MacroF1	0.4281
F1w_avg	0.5361
Acc    	55.4

02/24/2021 14:50:07 - INFO - __main__ -   	EPOCH:  28	MiniBatch:    0
02/24/2021 14:50:13 - INFO - __main__ -   	EPOCH:  28	MiniBatch:   10
02/24/2021 14:50:18 - INFO - __main__ -   	EPOCH:  28	MiniBatch:   20
02/24/2021 14:50:19 - INFO - __main__ -   	Testing dev Minibatch:    0
02/24/2021 14:50:20 - INFO - __main__ -   
Labels 	Prec. 	Recall	F1    	Supp  
Denial 	0.5434	0.7849	0.6422	279
Support	0.6148	0.5190	0.5629	289
Comment	0.5641	0.4418	0.4955	249
Queries	0.2500	0.0811	0.1224	37
MacroF1	0.4558
F1w_avg	0.5501
Acc    	56.4

02/24/2021 14:50:21 - INFO - __main__ -   	EPOCH:  29	MiniBatch:    0
02/24/2021 14:50:26 - INFO - __main__ -   	EPOCH:  29	MiniBatch:   10
02/24/2021 14:50:32 - INFO - __main__ -   	EPOCH:  29	MiniBatch:   20
02/24/2021 14:50:33 - INFO - __main__ -   	Testing dev Minibatch:    0
02/24/2021 14:50:34 - INFO - __main__ -   
Labels 	Prec. 	Recall	F1    	Supp  
Denial 	0.5960	0.7455	0.6624	279
Support	0.6036	0.5848	0.5940	289
Comment	0.5305	0.4538	0.4892	249
Queries	0.2500	0.0811	0.1224	37
MacroF1	0.4670
F1w_avg	0.5654
Acc    	57.7

02/24/2021 14:50:35 - INFO - __main__ -   	EPOCH:  30	MiniBatch:    0
02/24/2021 14:50:40 - INFO - __main__ -   	EPOCH:  30	MiniBatch:   10
02/24/2021 14:50:46 - INFO - __main__ -   	EPOCH:  30	MiniBatch:   20
02/24/2021 14:50:47 - INFO - __main__ -   	Testing dev Minibatch:    0
02/24/2021 14:50:48 - INFO - __main__ -   
Labels 	Prec. 	Recall	F1    	Supp  
Denial 	0.5268	0.8100	0.6384	279
Support	0.5992	0.5329	0.5641	289
Comment	0.6341	0.4177	0.5036	249
Queries	0.0000	0.0000	0.0000	37
MacroF1	0.4265
F1w_avg	0.5463
Acc    	56.7

02/24/2021 14:50:48 - INFO - __main__ -   	EPOCH:  31	MiniBatch:    0
02/24/2021 14:50:54 - INFO - __main__ -   	EPOCH:  31	MiniBatch:   10
02/24/2021 14:51:00 - INFO - __main__ -   	EPOCH:  31	MiniBatch:   20
02/24/2021 14:51:01 - INFO - __main__ -   	Testing dev Minibatch:    0
02/24/2021 14:51:02 - INFO - __main__ -   
Labels 	Prec. 	Recall	F1    	Supp  
Denial 	0.5089	0.8208	0.6283	279
Support	0.6103	0.4498	0.5179	289
Comment	0.5683	0.4177	0.4815	249
Queries	0.1250	0.0270	0.0444	37
MacroF1	0.4180
F1w_avg	0.5228
Acc    	54.3

02/24/2021 14:51:02 - INFO - __main__ -   	EPOCH:  32	MiniBatch:    0
02/24/2021 14:51:08 - INFO - __main__ -   	EPOCH:  32	MiniBatch:   10
02/24/2021 14:51:14 - INFO - __main__ -   	EPOCH:  32	MiniBatch:   20
02/24/2021 14:51:14 - INFO - __main__ -   	Testing dev Minibatch:    0
02/24/2021 14:51:16 - INFO - __main__ -   
Labels 	Prec. 	Recall	F1    	Supp  
Denial 	0.5191	0.8280	0.6381	279
Support	0.6355	0.4464	0.5244	289
Comment	0.5758	0.4578	0.5101	249
Queries	0.1250	0.0270	0.0444	37
MacroF1	0.4293
F1w_avg	0.5366
Acc    	55.6

02/24/2021 14:51:16 - INFO - __main__ -   	EPOCH:  33	MiniBatch:    0
02/24/2021 14:51:22 - INFO - __main__ -   	EPOCH:  33	MiniBatch:   10
02/24/2021 14:51:28 - INFO - __main__ -   	EPOCH:  33	MiniBatch:   20
02/24/2021 14:51:28 - INFO - __main__ -   	Testing dev Minibatch:    0
02/24/2021 14:51:30 - INFO - __main__ -   
Labels 	Prec. 	Recall	F1    	Supp  
Denial 	0.5536	0.7957	0.6529	279
Support	0.5861	0.5536	0.5694	289
Comment	0.5906	0.4056	0.4810	249
Queries	0.1111	0.0270	0.0435	37
MacroF1	0.4367
F1w_avg	0.5481
Acc    	56.7

02/24/2021 14:51:30 - INFO - __main__ -   	EPOCH:  34	MiniBatch:    0
02/24/2021 14:51:36 - INFO - __main__ -   	EPOCH:  34	MiniBatch:   10
02/24/2021 14:51:42 - INFO - __main__ -   	EPOCH:  34	MiniBatch:   20
02/24/2021 14:51:42 - INFO - __main__ -   	Testing dev Minibatch:    0
02/24/2021 14:51:44 - INFO - __main__ -   
Labels 	Prec. 	Recall	F1    	Supp  
Denial 	0.5518	0.8208	0.6599	279
Support	0.6210	0.5329	0.5736	289
Comment	0.5856	0.4257	0.4930	249
Queries	0.1000	0.0270	0.0426	37
MacroF1	0.4423
F1w_avg	0.5553
Acc    	57.4

02/24/2021 14:51:44 - INFO - __main__ -   	EPOCH:  35	MiniBatch:    0
02/24/2021 14:51:50 - INFO - __main__ -   	EPOCH:  35	MiniBatch:   10
02/24/2021 14:51:56 - INFO - __main__ -   	EPOCH:  35	MiniBatch:   20
02/24/2021 14:51:56 - INFO - __main__ -   	Testing dev Minibatch:    0
02/24/2021 14:51:58 - INFO - __main__ -   
Labels 	Prec. 	Recall	F1    	Supp  
Denial 	0.5455	0.8172	0.6542	279
Support	0.6414	0.5260	0.5779	289
Comment	0.5798	0.4378	0.4989	249
Queries	0.1818	0.0541	0.0833	37
MacroF1	0.4536
F1w_avg	0.5584
Acc    	57.5

02/24/2021 14:51:58 - INFO - __main__ -   	EPOCH:  36	MiniBatch:    0
02/24/2021 14:52:04 - INFO - __main__ -   	EPOCH:  36	MiniBatch:   10
02/24/2021 14:52:10 - INFO - __main__ -   	EPOCH:  36	MiniBatch:   20
02/24/2021 14:52:10 - INFO - __main__ -   	Testing dev Minibatch:    0
02/24/2021 14:52:11 - INFO - __main__ -   
Labels 	Prec. 	Recall	F1    	Supp  
Denial 	0.5321	0.8315	0.6490	279
Support	0.6391	0.5087	0.5665	289
Comment	0.6077	0.4418	0.5116	249
Queries	0.0000	0.0000	0.0000	37
MacroF1	0.4318
F1w_avg	0.5529
Acc    	57.3

02/24/2021 14:52:12 - INFO - __main__ -   	EPOCH:  37	MiniBatch:    0
02/24/2021 14:52:18 - INFO - __main__ -   	EPOCH:  37	MiniBatch:   10
02/24/2021 14:52:23 - INFO - __main__ -   	EPOCH:  37	MiniBatch:   20
02/24/2021 14:52:24 - INFO - __main__ -   	Testing dev Minibatch:    0
02/24/2021 14:52:25 - INFO - __main__ -   
Labels 	Prec. 	Recall	F1    	Supp  
Denial 	0.5541	0.7348	0.6317	279
Support	0.6354	0.4221	0.5073	289
Comment	0.4893	0.5502	0.5180	249
Queries	0.2500	0.0811	0.1224	37
MacroF1	0.4449
F1w_avg	0.5344
Acc    	54.7

02/24/2021 14:52:26 - INFO - __main__ -   	EPOCH:  38	MiniBatch:    0
02/24/2021 14:52:31 - INFO - __main__ -   	EPOCH:  38	MiniBatch:   10
02/24/2021 14:52:37 - INFO - __main__ -   	EPOCH:  38	MiniBatch:   20
02/24/2021 14:52:38 - INFO - __main__ -   	Testing dev Minibatch:    0
02/24/2021 14:52:39 - INFO - __main__ -   
Labels 	Prec. 	Recall	F1    	Supp  
Denial 	0.5574	0.8351	0.6686	279
Support	0.6162	0.5779	0.5964	289
Comment	0.6164	0.3936	0.4804	249
Queries	0.1667	0.0270	0.0465	37
MacroF1	0.4480
F1w_avg	0.5623
Acc    	58.4

02/24/2021 14:52:40 - INFO - __main__ -   	EPOCH:  39	MiniBatch:    0
02/24/2021 14:52:45 - INFO - __main__ -   	EPOCH:  39	MiniBatch:   10
02/24/2021 14:52:51 - INFO - __main__ -   	EPOCH:  39	MiniBatch:   20
02/24/2021 14:52:52 - INFO - __main__ -   	Testing dev Minibatch:    0
02/24/2021 14:52:53 - INFO - __main__ -   
Labels 	Prec. 	Recall	F1    	Supp  
Denial 	0.5298	0.7957	0.6361	279
Support	0.6157	0.4602	0.5267	289
Comment	0.5502	0.4618	0.5022	249
Queries	0.2000	0.0541	0.0851	37
MacroF1	0.4375
F1w_avg	0.5362
Acc    	55.3

02/24/2021 14:52:54 - INFO - __main__ -   	Testing test Minibatch:    0
02/24/2021 14:52:56 - INFO - __main__ -   
Labels 	Prec. 	Recall	F1    	Supp  
Denial 	0.5874	0.6869	0.6333	313
Support	0.5490	0.5303	0.5395	264
Comment	0.5115	0.4458	0.4764	249
Queries	0.1250	0.0714	0.0909	28
MacroF1	0.4350
F1w_avg	0.5408
Acc    	54.8

02/24/2021 14:52:56 - INFO - __main__ -   Time taken: 0h 9m 43s
