02/25/2021 05:53:40 - INFO - __main__ -   ----------------- Hyperparameters ------------------
02/25/2021 05:53:40 - INFO - __main__ -   ======== my_Bertweet =========
02/25/2021 05:53:40 - INFO - __main__ -   ===== Hyperparameters ======
02/25/2021 05:53:40 - INFO - __main__ -   batch_train: 256
02/25/2021 05:53:40 - INFO - __main__ -   batch_test:  256
02/25/2021 05:53:40 - INFO - __main__ -   epochs: 40 
02/25/2021 05:53:40 - INFO - __main__ -   learning_rate: 0.000010
02/25/2021 05:53:40 - INFO - __main__ -   optimizer: adam
02/25/2021 05:53:40 - INFO - __main__ -   debug: False
02/25/2021 05:53:40 - INFO - __main__ -   ------------------ Getting model -------------------
02/25/2021 05:53:47 - INFO - __main__ -   --------------- Getting dataframes -----------------
02/25/2021 05:53:47 - INFO - __main__ -   ------- Setting loss function and optimizer --------
02/25/2021 05:53:47 - INFO - __main__ -   ------------ Converting to dataloaders -------------
02/25/2021 05:53:47 - INFO - __main__ -   ---------------- Starting training -----------------
02/25/2021 05:53:47 - INFO - __main__ -   	EPOCH:   0	MiniBatch:    0
02/25/2021 05:53:50 - INFO - __main__ -   	EPOCH:   0	MiniBatch:    1
02/25/2021 05:53:51 - INFO - __main__ -   	EPOCH:   0	MiniBatch:    2
02/25/2021 05:53:52 - INFO - __main__ -   	EPOCH:   0	MiniBatch:    3
02/25/2021 05:53:53 - INFO - __main__ -   	EPOCH:   0	MiniBatch:    4
02/25/2021 05:53:54 - INFO - __main__ -   	EPOCH:   0	MiniBatch:    5
02/25/2021 05:53:55 - INFO - __main__ -   	EPOCH:   0	MiniBatch:    6
02/25/2021 05:53:56 - INFO - __main__ -   	EPOCH:   0	MiniBatch:    7
02/25/2021 05:53:57 - INFO - __main__ -   	EPOCH:   0	MiniBatch:    8
02/25/2021 05:53:58 - INFO - __main__ -   	EPOCH:   0	MiniBatch:    9
02/25/2021 05:53:59 - INFO - __main__ -   	EPOCH:   0	MiniBatch:   10
02/25/2021 05:54:00 - INFO - __main__ -   	Testing dev Minibatch:    0
02/25/2021 05:54:00 - INFO - __main__ -   	Testing dev Minibatch:    1
02/25/2021 05:54:01 - INFO - __main__ -   	Testing dev Minibatch:    2
02/25/2021 05:54:01 - INFO - __main__ -   	Testing dev Minibatch:    3
02/25/2021 05:54:01 - INFO - __main__ -   
Labels 	Prec. 	Recall	F1    	Supp  
Denial 	0.3267	1.0000	0.4925	279
Support	0.0000	0.0000	0.0000	289
Comment	0.0000	0.0000	0.0000	249
Queries	0.0000	0.0000	0.0000	37
MacroF1	0.1231
F1w_avg	0.1609
Acc    	32.7

02/25/2021 05:54:02 - INFO - __main__ -   	EPOCH:   1	MiniBatch:    0
02/25/2021 05:54:03 - INFO - __main__ -   	EPOCH:   1	MiniBatch:    1
02/25/2021 05:54:04 - INFO - __main__ -   	EPOCH:   1	MiniBatch:    2
02/25/2021 05:54:05 - INFO - __main__ -   	EPOCH:   1	MiniBatch:    3
02/25/2021 05:54:06 - INFO - __main__ -   	EPOCH:   1	MiniBatch:    4
02/25/2021 05:54:07 - INFO - __main__ -   	EPOCH:   1	MiniBatch:    5
02/25/2021 05:54:08 - INFO - __main__ -   	EPOCH:   1	MiniBatch:    6
02/25/2021 05:54:09 - INFO - __main__ -   	EPOCH:   1	MiniBatch:    7
02/25/2021 05:54:10 - INFO - __main__ -   	EPOCH:   1	MiniBatch:    8
02/25/2021 05:54:11 - INFO - __main__ -   	EPOCH:   1	MiniBatch:    9
02/25/2021 05:54:12 - INFO - __main__ -   	EPOCH:   1	MiniBatch:   10
02/25/2021 05:54:12 - INFO - __main__ -   	Testing dev Minibatch:    0
02/25/2021 05:54:13 - INFO - __main__ -   	Testing dev Minibatch:    1
02/25/2021 05:54:13 - INFO - __main__ -   	Testing dev Minibatch:    2
02/25/2021 05:54:13 - INFO - __main__ -   	Testing dev Minibatch:    3
02/25/2021 05:54:14 - INFO - __main__ -   
Labels 	Prec. 	Recall	F1    	Supp  
Denial 	0.3397	0.8961	0.4926	279
Support	0.6875	0.0381	0.0721	289
Comment	0.5882	0.2410	0.3419	249
Queries	0.0000	0.0000	0.0000	37
MacroF1	0.2267
F1w_avg	0.2850
Acc    	37.6

02/25/2021 05:54:15 - INFO - __main__ -   	EPOCH:   2	MiniBatch:    0
02/25/2021 05:54:16 - INFO - __main__ -   	EPOCH:   2	MiniBatch:    1
02/25/2021 05:54:17 - INFO - __main__ -   	EPOCH:   2	MiniBatch:    2
02/25/2021 05:54:18 - INFO - __main__ -   	EPOCH:   2	MiniBatch:    3
02/25/2021 05:54:20 - INFO - __main__ -   	EPOCH:   2	MiniBatch:    4
02/25/2021 05:54:21 - INFO - __main__ -   	EPOCH:   2	MiniBatch:    5
02/25/2021 05:54:22 - INFO - __main__ -   	EPOCH:   2	MiniBatch:    6
02/25/2021 05:54:23 - INFO - __main__ -   	EPOCH:   2	MiniBatch:    7
02/25/2021 05:54:24 - INFO - __main__ -   	EPOCH:   2	MiniBatch:    8
02/25/2021 05:54:25 - INFO - __main__ -   	EPOCH:   2	MiniBatch:    9
02/25/2021 05:54:26 - INFO - __main__ -   	EPOCH:   2	MiniBatch:   10
02/25/2021 05:54:26 - INFO - __main__ -   	Testing dev Minibatch:    0
02/25/2021 05:54:26 - INFO - __main__ -   	Testing dev Minibatch:    1
02/25/2021 05:54:27 - INFO - __main__ -   	Testing dev Minibatch:    2
02/25/2021 05:54:27 - INFO - __main__ -   	Testing dev Minibatch:    3
02/25/2021 05:54:27 - INFO - __main__ -   
Labels 	Prec. 	Recall	F1    	Supp  
Denial 	0.3311	0.8996	0.4841	279
Support	0.4947	0.1626	0.2448	289
Comment	1.0000	0.0040	0.0080	249
Queries	0.0000	0.0000	0.0000	37
MacroF1	0.1842
F1w_avg	0.2433
Acc    	35.0

02/25/2021 05:54:27 - INFO - __main__ -   	EPOCH:   3	MiniBatch:    0
02/25/2021 05:54:29 - INFO - __main__ -   	EPOCH:   3	MiniBatch:    1
02/25/2021 05:54:30 - INFO - __main__ -   	EPOCH:   3	MiniBatch:    2
02/25/2021 05:54:31 - INFO - __main__ -   	EPOCH:   3	MiniBatch:    3
02/25/2021 05:54:32 - INFO - __main__ -   	EPOCH:   3	MiniBatch:    4
02/25/2021 05:54:33 - INFO - __main__ -   	EPOCH:   3	MiniBatch:    5
02/25/2021 05:54:34 - INFO - __main__ -   	EPOCH:   3	MiniBatch:    6
02/25/2021 05:54:35 - INFO - __main__ -   	EPOCH:   3	MiniBatch:    7
02/25/2021 05:54:36 - INFO - __main__ -   	EPOCH:   3	MiniBatch:    8
02/25/2021 05:54:37 - INFO - __main__ -   	EPOCH:   3	MiniBatch:    9
02/25/2021 05:54:38 - INFO - __main__ -   	EPOCH:   3	MiniBatch:   10
02/25/2021 05:54:38 - INFO - __main__ -   	Testing dev Minibatch:    0
02/25/2021 05:54:38 - INFO - __main__ -   	Testing dev Minibatch:    1
02/25/2021 05:54:39 - INFO - __main__ -   	Testing dev Minibatch:    2
02/25/2021 05:54:39 - INFO - __main__ -   	Testing dev Minibatch:    3
02/25/2021 05:54:39 - INFO - __main__ -   
Labels 	Prec. 	Recall	F1    	Supp  
Denial 	0.3362	0.8459	0.4811	279
Support	0.5043	0.2042	0.2906	289
Comment	0.6857	0.0964	0.1690	249
Queries	0.0000	0.0000	0.0000	37
MacroF1	0.2352
F1w_avg	0.3048
Acc    	37.4

02/25/2021 05:54:41 - INFO - __main__ -   	EPOCH:   4	MiniBatch:    0
02/25/2021 05:54:42 - INFO - __main__ -   	EPOCH:   4	MiniBatch:    1
02/25/2021 05:54:43 - INFO - __main__ -   	EPOCH:   4	MiniBatch:    2
02/25/2021 05:54:44 - INFO - __main__ -   	EPOCH:   4	MiniBatch:    3
02/25/2021 05:54:45 - INFO - __main__ -   	EPOCH:   4	MiniBatch:    4
02/25/2021 05:54:46 - INFO - __main__ -   	EPOCH:   4	MiniBatch:    5
02/25/2021 05:54:47 - INFO - __main__ -   	EPOCH:   4	MiniBatch:    6
02/25/2021 05:54:48 - INFO - __main__ -   	EPOCH:   4	MiniBatch:    7
02/25/2021 05:54:49 - INFO - __main__ -   	EPOCH:   4	MiniBatch:    8
02/25/2021 05:54:50 - INFO - __main__ -   	EPOCH:   4	MiniBatch:    9
02/25/2021 05:54:51 - INFO - __main__ -   	EPOCH:   4	MiniBatch:   10
02/25/2021 05:54:52 - INFO - __main__ -   	Testing dev Minibatch:    0
02/25/2021 05:54:52 - INFO - __main__ -   	Testing dev Minibatch:    1
02/25/2021 05:54:52 - INFO - __main__ -   	Testing dev Minibatch:    2
02/25/2021 05:54:53 - INFO - __main__ -   	Testing dev Minibatch:    3
02/25/2021 05:54:53 - INFO - __main__ -   
Labels 	Prec. 	Recall	F1    	Supp  
Denial 	0.3598	0.6165	0.4544	279
Support	0.4475	0.3979	0.4212	289
Comment	0.5378	0.2570	0.3478	249
Queries	0.0000	0.0000	0.0000	37
MacroF1	0.3059
F1w_avg	0.3924
Acc    	41.1

02/25/2021 05:54:55 - INFO - __main__ -   	EPOCH:   5	MiniBatch:    0
02/25/2021 05:54:56 - INFO - __main__ -   	EPOCH:   5	MiniBatch:    1
02/25/2021 05:54:57 - INFO - __main__ -   	EPOCH:   5	MiniBatch:    2
02/25/2021 05:54:58 - INFO - __main__ -   	EPOCH:   5	MiniBatch:    3
02/25/2021 05:54:59 - INFO - __main__ -   	EPOCH:   5	MiniBatch:    4
02/25/2021 05:55:00 - INFO - __main__ -   	EPOCH:   5	MiniBatch:    5
02/25/2021 05:55:01 - INFO - __main__ -   	EPOCH:   5	MiniBatch:    6
02/25/2021 05:55:02 - INFO - __main__ -   	EPOCH:   5	MiniBatch:    7
02/25/2021 05:55:03 - INFO - __main__ -   	EPOCH:   5	MiniBatch:    8
02/25/2021 05:55:04 - INFO - __main__ -   	EPOCH:   5	MiniBatch:    9
02/25/2021 05:55:05 - INFO - __main__ -   	EPOCH:   5	MiniBatch:   10
02/25/2021 05:55:05 - INFO - __main__ -   	Testing dev Minibatch:    0
02/25/2021 05:55:06 - INFO - __main__ -   	Testing dev Minibatch:    1
02/25/2021 05:55:06 - INFO - __main__ -   	Testing dev Minibatch:    2
02/25/2021 05:55:06 - INFO - __main__ -   	Testing dev Minibatch:    3
02/25/2021 05:55:07 - INFO - __main__ -   
Labels 	Prec. 	Recall	F1    	Supp  
Denial 	0.3415	0.7527	0.4698	279
Support	0.5405	0.2076	0.3000	289
Comment	0.5312	0.2731	0.3607	249
Queries	0.0000	0.0000	0.0000	37
MacroF1	0.2826
F1w_avg	0.3602
Acc    	39.6

02/25/2021 05:55:07 - INFO - __main__ -   	EPOCH:   6	MiniBatch:    0
02/25/2021 05:55:08 - INFO - __main__ -   	EPOCH:   6	MiniBatch:    1
02/25/2021 05:55:09 - INFO - __main__ -   	EPOCH:   6	MiniBatch:    2
02/25/2021 05:55:10 - INFO - __main__ -   	EPOCH:   6	MiniBatch:    3
02/25/2021 05:55:11 - INFO - __main__ -   	EPOCH:   6	MiniBatch:    4
02/25/2021 05:55:12 - INFO - __main__ -   	EPOCH:   6	MiniBatch:    5
02/25/2021 05:55:13 - INFO - __main__ -   	EPOCH:   6	MiniBatch:    6
02/25/2021 05:55:14 - INFO - __main__ -   	EPOCH:   6	MiniBatch:    7
02/25/2021 05:55:15 - INFO - __main__ -   	EPOCH:   6	MiniBatch:    8
02/25/2021 05:55:16 - INFO - __main__ -   	EPOCH:   6	MiniBatch:    9
02/25/2021 05:55:17 - INFO - __main__ -   	EPOCH:   6	MiniBatch:   10
02/25/2021 05:55:17 - INFO - __main__ -   	Testing dev Minibatch:    0
02/25/2021 05:55:18 - INFO - __main__ -   	Testing dev Minibatch:    1
02/25/2021 05:55:18 - INFO - __main__ -   	Testing dev Minibatch:    2
02/25/2021 05:55:18 - INFO - __main__ -   	Testing dev Minibatch:    3
02/25/2021 05:55:19 - INFO - __main__ -   
Labels 	Prec. 	Recall	F1    	Supp  
Denial 	0.3924	0.6272	0.4828	279
Support	0.5166	0.4844	0.5000	289
Comment	0.5328	0.2932	0.3782	249
Queries	0.0000	0.0000	0.0000	37
MacroF1	0.3402
F1w_avg	0.4372
Acc    	45.4

02/25/2021 05:55:20 - INFO - __main__ -   	EPOCH:   7	MiniBatch:    0
02/25/2021 05:55:21 - INFO - __main__ -   	EPOCH:   7	MiniBatch:    1
02/25/2021 05:55:22 - INFO - __main__ -   	EPOCH:   7	MiniBatch:    2
02/25/2021 05:55:23 - INFO - __main__ -   	EPOCH:   7	MiniBatch:    3
02/25/2021 05:55:24 - INFO - __main__ -   	EPOCH:   7	MiniBatch:    4
02/25/2021 05:55:25 - INFO - __main__ -   	EPOCH:   7	MiniBatch:    5
02/25/2021 05:55:26 - INFO - __main__ -   	EPOCH:   7	MiniBatch:    6
02/25/2021 05:55:27 - INFO - __main__ -   	EPOCH:   7	MiniBatch:    7
02/25/2021 05:55:28 - INFO - __main__ -   	EPOCH:   7	MiniBatch:    8
02/25/2021 05:55:29 - INFO - __main__ -   	EPOCH:   7	MiniBatch:    9
02/25/2021 05:55:31 - INFO - __main__ -   	EPOCH:   7	MiniBatch:   10
02/25/2021 05:55:31 - INFO - __main__ -   	Testing dev Minibatch:    0
02/25/2021 05:55:31 - INFO - __main__ -   	Testing dev Minibatch:    1
02/25/2021 05:55:32 - INFO - __main__ -   	Testing dev Minibatch:    2
02/25/2021 05:55:32 - INFO - __main__ -   	Testing dev Minibatch:    3
02/25/2021 05:55:32 - INFO - __main__ -   
Labels 	Prec. 	Recall	F1    	Supp  
Denial 	0.4470	0.3477	0.3911	279
Support	0.5077	0.6817	0.5820	289
Comment	0.4618	0.4618	0.4618	249
Queries	0.0000	0.0000	0.0000	37
MacroF1	0.3587
F1w_avg	0.4594
Acc    	47.9

02/25/2021 05:55:34 - INFO - __main__ -   	EPOCH:   8	MiniBatch:    0
02/25/2021 05:55:35 - INFO - __main__ -   	EPOCH:   8	MiniBatch:    1
02/25/2021 05:55:36 - INFO - __main__ -   	EPOCH:   8	MiniBatch:    2
02/25/2021 05:55:37 - INFO - __main__ -   	EPOCH:   8	MiniBatch:    3
02/25/2021 05:55:38 - INFO - __main__ -   	EPOCH:   8	MiniBatch:    4
02/25/2021 05:55:39 - INFO - __main__ -   	EPOCH:   8	MiniBatch:    5
02/25/2021 05:55:40 - INFO - __main__ -   	EPOCH:   8	MiniBatch:    6
02/25/2021 05:55:41 - INFO - __main__ -   	EPOCH:   8	MiniBatch:    7
02/25/2021 05:55:42 - INFO - __main__ -   	EPOCH:   8	MiniBatch:    8
02/25/2021 05:55:43 - INFO - __main__ -   	EPOCH:   8	MiniBatch:    9
02/25/2021 05:55:44 - INFO - __main__ -   	EPOCH:   8	MiniBatch:   10
02/25/2021 05:55:45 - INFO - __main__ -   	Testing dev Minibatch:    0
02/25/2021 05:55:45 - INFO - __main__ -   	Testing dev Minibatch:    1
02/25/2021 05:55:45 - INFO - __main__ -   	Testing dev Minibatch:    2
02/25/2021 05:55:46 - INFO - __main__ -   	Testing dev Minibatch:    3
02/25/2021 05:55:46 - INFO - __main__ -   
Labels 	Prec. 	Recall	F1    	Supp  
Denial 	0.4017	0.6595	0.4993	279
Support	0.5316	0.5813	0.5554	289
Comment	0.6000	0.1928	0.2918	249
Queries	0.0000	0.0000	0.0000	37
MacroF1	0.3366
F1w_avg	0.4361
Acc    	46.8

02/25/2021 05:55:46 - INFO - __main__ -   	EPOCH:   9	MiniBatch:    0
02/25/2021 05:55:47 - INFO - __main__ -   	EPOCH:   9	MiniBatch:    1
02/25/2021 05:55:48 - INFO - __main__ -   	EPOCH:   9	MiniBatch:    2
02/25/2021 05:55:49 - INFO - __main__ -   	EPOCH:   9	MiniBatch:    3
02/25/2021 05:55:50 - INFO - __main__ -   	EPOCH:   9	MiniBatch:    4
02/25/2021 05:55:51 - INFO - __main__ -   	EPOCH:   9	MiniBatch:    5
02/25/2021 05:55:52 - INFO - __main__ -   	EPOCH:   9	MiniBatch:    6
02/25/2021 05:55:53 - INFO - __main__ -   	EPOCH:   9	MiniBatch:    7
02/25/2021 05:55:54 - INFO - __main__ -   	EPOCH:   9	MiniBatch:    8
02/25/2021 05:55:55 - INFO - __main__ -   	EPOCH:   9	MiniBatch:    9
02/25/2021 05:55:56 - INFO - __main__ -   	EPOCH:   9	MiniBatch:   10
02/25/2021 05:55:57 - INFO - __main__ -   	Testing dev Minibatch:    0
02/25/2021 05:55:57 - INFO - __main__ -   	Testing dev Minibatch:    1
02/25/2021 05:55:57 - INFO - __main__ -   	Testing dev Minibatch:    2
02/25/2021 05:55:58 - INFO - __main__ -   	Testing dev Minibatch:    3
02/25/2021 05:55:58 - INFO - __main__ -   
Labels 	Prec. 	Recall	F1    	Supp  
Denial 	0.3757	0.7634	0.5035	279
Support	0.6389	0.3183	0.4249	289
Comment	0.5385	0.3092	0.3929	249
Queries	0.0000	0.0000	0.0000	37
MacroF1	0.3303
F1w_avg	0.4229
Acc    	44.7

02/25/2021 05:55:58 - INFO - __main__ -   	EPOCH:  10	MiniBatch:    0
02/25/2021 05:55:59 - INFO - __main__ -   	EPOCH:  10	MiniBatch:    1
02/25/2021 05:56:00 - INFO - __main__ -   	EPOCH:  10	MiniBatch:    2
02/25/2021 05:56:01 - INFO - __main__ -   	EPOCH:  10	MiniBatch:    3
02/25/2021 05:56:02 - INFO - __main__ -   	EPOCH:  10	MiniBatch:    4
02/25/2021 05:56:03 - INFO - __main__ -   	EPOCH:  10	MiniBatch:    5
02/25/2021 05:56:04 - INFO - __main__ -   	EPOCH:  10	MiniBatch:    6
02/25/2021 05:56:05 - INFO - __main__ -   	EPOCH:  10	MiniBatch:    7
02/25/2021 05:56:06 - INFO - __main__ -   	EPOCH:  10	MiniBatch:    8
02/25/2021 05:56:07 - INFO - __main__ -   	EPOCH:  10	MiniBatch:    9
02/25/2021 05:56:08 - INFO - __main__ -   	EPOCH:  10	MiniBatch:   10
02/25/2021 05:56:09 - INFO - __main__ -   	Testing dev Minibatch:    0
02/25/2021 05:56:09 - INFO - __main__ -   	Testing dev Minibatch:    1
02/25/2021 05:56:09 - INFO - __main__ -   	Testing dev Minibatch:    2
02/25/2021 05:56:10 - INFO - __main__ -   	Testing dev Minibatch:    3
02/25/2021 05:56:10 - INFO - __main__ -   
Labels 	Prec. 	Recall	F1    	Supp  
Denial 	0.4378	0.5806	0.4992	279
Support	0.5145	0.6125	0.5592	289
Comment	0.5357	0.3012	0.3856	249
Queries	0.0000	0.0000	0.0000	37
MacroF1	0.3610
F1w_avg	0.4648
Acc    	48.5

02/25/2021 05:56:12 - INFO - __main__ -   	EPOCH:  11	MiniBatch:    0
02/25/2021 05:56:13 - INFO - __main__ -   	EPOCH:  11	MiniBatch:    1
02/25/2021 05:56:14 - INFO - __main__ -   	EPOCH:  11	MiniBatch:    2
02/25/2021 05:56:15 - INFO - __main__ -   	EPOCH:  11	MiniBatch:    3
02/25/2021 05:56:16 - INFO - __main__ -   	EPOCH:  11	MiniBatch:    4
02/25/2021 05:56:17 - INFO - __main__ -   	EPOCH:  11	MiniBatch:    5
02/25/2021 05:56:18 - INFO - __main__ -   	EPOCH:  11	MiniBatch:    6
02/25/2021 05:56:19 - INFO - __main__ -   	EPOCH:  11	MiniBatch:    7
02/25/2021 05:56:20 - INFO - __main__ -   	EPOCH:  11	MiniBatch:    8
02/25/2021 05:56:21 - INFO - __main__ -   	EPOCH:  11	MiniBatch:    9
02/25/2021 05:56:22 - INFO - __main__ -   	EPOCH:  11	MiniBatch:   10
02/25/2021 05:56:22 - INFO - __main__ -   	Testing dev Minibatch:    0
02/25/2021 05:56:23 - INFO - __main__ -   	Testing dev Minibatch:    1
02/25/2021 05:56:23 - INFO - __main__ -   	Testing dev Minibatch:    2
02/25/2021 05:56:23 - INFO - __main__ -   	Testing dev Minibatch:    3
02/25/2021 05:56:24 - INFO - __main__ -   
Labels 	Prec. 	Recall	F1    	Supp  
Denial 	0.4628	0.4910	0.4765	279
Support	0.4976	0.7266	0.5907	289
Comment	0.5368	0.2932	0.3792	249
Queries	0.0000	0.0000	0.0000	37
MacroF1	0.3616
F1w_avg	0.4662
Acc    	49.2

02/25/2021 05:56:25 - INFO - __main__ -   	EPOCH:  12	MiniBatch:    0
02/25/2021 05:56:26 - INFO - __main__ -   	EPOCH:  12	MiniBatch:    1
02/25/2021 05:56:27 - INFO - __main__ -   	EPOCH:  12	MiniBatch:    2
02/25/2021 05:56:28 - INFO - __main__ -   	EPOCH:  12	MiniBatch:    3
02/25/2021 05:56:29 - INFO - __main__ -   	EPOCH:  12	MiniBatch:    4
02/25/2021 05:56:30 - INFO - __main__ -   	EPOCH:  12	MiniBatch:    5
02/25/2021 05:56:31 - INFO - __main__ -   	EPOCH:  12	MiniBatch:    6
02/25/2021 05:56:32 - INFO - __main__ -   	EPOCH:  12	MiniBatch:    7
02/25/2021 05:56:33 - INFO - __main__ -   	EPOCH:  12	MiniBatch:    8
02/25/2021 05:56:34 - INFO - __main__ -   	EPOCH:  12	MiniBatch:    9
02/25/2021 05:56:35 - INFO - __main__ -   	EPOCH:  12	MiniBatch:   10
02/25/2021 05:56:36 - INFO - __main__ -   	Testing dev Minibatch:    0
02/25/2021 05:56:36 - INFO - __main__ -   	Testing dev Minibatch:    1
02/25/2021 05:56:37 - INFO - __main__ -   	Testing dev Minibatch:    2
02/25/2021 05:56:37 - INFO - __main__ -   	Testing dev Minibatch:    3
02/25/2021 05:56:37 - INFO - __main__ -   
Labels 	Prec. 	Recall	F1    	Supp  
Denial 	0.4018	0.6237	0.4888	279
Support	0.6049	0.4291	0.5020	289
Comment	0.4769	0.4137	0.4430	249
Queries	0.0000	0.0000	0.0000	37
MacroF1	0.3584
F1w_avg	0.4587
Acc    	47.0

02/25/2021 05:56:37 - INFO - __main__ -   	EPOCH:  13	MiniBatch:    0
02/25/2021 05:56:38 - INFO - __main__ -   	EPOCH:  13	MiniBatch:    1
02/25/2021 05:56:39 - INFO - __main__ -   	EPOCH:  13	MiniBatch:    2
02/25/2021 05:56:40 - INFO - __main__ -   	EPOCH:  13	MiniBatch:    3
02/25/2021 05:56:41 - INFO - __main__ -   	EPOCH:  13	MiniBatch:    4
02/25/2021 05:56:42 - INFO - __main__ -   	EPOCH:  13	MiniBatch:    5
02/25/2021 05:56:43 - INFO - __main__ -   	EPOCH:  13	MiniBatch:    6
02/25/2021 05:56:44 - INFO - __main__ -   	EPOCH:  13	MiniBatch:    7
02/25/2021 05:56:45 - INFO - __main__ -   	EPOCH:  13	MiniBatch:    8
02/25/2021 05:56:46 - INFO - __main__ -   	EPOCH:  13	MiniBatch:    9
02/25/2021 05:56:47 - INFO - __main__ -   	EPOCH:  13	MiniBatch:   10
02/25/2021 05:56:48 - INFO - __main__ -   	Testing dev Minibatch:    0
02/25/2021 05:56:48 - INFO - __main__ -   	Testing dev Minibatch:    1
02/25/2021 05:56:49 - INFO - __main__ -   	Testing dev Minibatch:    2
02/25/2021 05:56:49 - INFO - __main__ -   	Testing dev Minibatch:    3
02/25/2021 05:56:49 - INFO - __main__ -   
Labels 	Prec. 	Recall	F1    	Supp  
Denial 	0.3982	0.6380	0.4904	279
Support	0.6506	0.3737	0.4747	289
Comment	0.4772	0.4618	0.4694	249
Queries	0.0000	0.0000	0.0000	37
MacroF1	0.3586
F1w_avg	0.4577
Acc    	47.0

02/25/2021 05:56:49 - INFO - __main__ -   	EPOCH:  14	MiniBatch:    0
02/25/2021 05:56:50 - INFO - __main__ -   	EPOCH:  14	MiniBatch:    1
02/25/2021 05:56:51 - INFO - __main__ -   	EPOCH:  14	MiniBatch:    2
02/25/2021 05:56:52 - INFO - __main__ -   	EPOCH:  14	MiniBatch:    3
02/25/2021 05:56:53 - INFO - __main__ -   	EPOCH:  14	MiniBatch:    4
02/25/2021 05:56:54 - INFO - __main__ -   	EPOCH:  14	MiniBatch:    5
02/25/2021 05:56:55 - INFO - __main__ -   	EPOCH:  14	MiniBatch:    6
02/25/2021 05:56:56 - INFO - __main__ -   	EPOCH:  14	MiniBatch:    7
02/25/2021 05:56:57 - INFO - __main__ -   	EPOCH:  14	MiniBatch:    8
02/25/2021 05:56:58 - INFO - __main__ -   	EPOCH:  14	MiniBatch:    9
02/25/2021 05:57:00 - INFO - __main__ -   	EPOCH:  14	MiniBatch:   10
02/25/2021 05:57:00 - INFO - __main__ -   	Testing dev Minibatch:    0
02/25/2021 05:57:00 - INFO - __main__ -   	Testing dev Minibatch:    1
02/25/2021 05:57:01 - INFO - __main__ -   	Testing dev Minibatch:    2
02/25/2021 05:57:01 - INFO - __main__ -   	Testing dev Minibatch:    3
02/25/2021 05:57:01 - INFO - __main__ -   
Labels 	Prec. 	Recall	F1    	Supp  
Denial 	0.4948	0.3441	0.4059	279
Support	0.4423	0.8754	0.5877	289
Comment	0.6023	0.2129	0.3145	249
Queries	0.0000	0.0000	0.0000	37
MacroF1	0.3270
F1w_avg	0.4232
Acc    	47.1

02/25/2021 05:57:01 - INFO - __main__ -   	EPOCH:  15	MiniBatch:    0
02/25/2021 05:57:02 - INFO - __main__ -   	EPOCH:  15	MiniBatch:    1
02/25/2021 05:57:03 - INFO - __main__ -   	EPOCH:  15	MiniBatch:    2
02/25/2021 05:57:04 - INFO - __main__ -   	EPOCH:  15	MiniBatch:    3
02/25/2021 05:57:05 - INFO - __main__ -   	EPOCH:  15	MiniBatch:    4
02/25/2021 05:57:06 - INFO - __main__ -   	EPOCH:  15	MiniBatch:    5
02/25/2021 05:57:08 - INFO - __main__ -   	EPOCH:  15	MiniBatch:    6
02/25/2021 05:57:09 - INFO - __main__ -   	EPOCH:  15	MiniBatch:    7
02/25/2021 05:57:10 - INFO - __main__ -   	EPOCH:  15	MiniBatch:    8
02/25/2021 05:57:11 - INFO - __main__ -   	EPOCH:  15	MiniBatch:    9
02/25/2021 05:57:12 - INFO - __main__ -   	EPOCH:  15	MiniBatch:   10
02/25/2021 05:57:12 - INFO - __main__ -   	Testing dev Minibatch:    0
02/25/2021 05:57:12 - INFO - __main__ -   	Testing dev Minibatch:    1
02/25/2021 05:57:13 - INFO - __main__ -   	Testing dev Minibatch:    2
02/25/2021 05:57:13 - INFO - __main__ -   	Testing dev Minibatch:    3
02/25/2021 05:57:13 - INFO - __main__ -   
Labels 	Prec. 	Recall	F1    	Supp  
Denial 	0.3887	0.8136	0.5261	279
Support	0.6803	0.2872	0.4039	289
Comment	0.5541	0.3293	0.4131	249
Queries	0.0000	0.0000	0.0000	37
MacroF1	0.3358
F1w_avg	0.4290
Acc    	45.9

02/25/2021 05:57:13 - INFO - __main__ -   	EPOCH:  16	MiniBatch:    0
02/25/2021 05:57:14 - INFO - __main__ -   	EPOCH:  16	MiniBatch:    1
02/25/2021 05:57:15 - INFO - __main__ -   	EPOCH:  16	MiniBatch:    2
02/25/2021 05:57:17 - INFO - __main__ -   	EPOCH:  16	MiniBatch:    3
02/25/2021 05:57:18 - INFO - __main__ -   	EPOCH:  16	MiniBatch:    4
02/25/2021 05:57:19 - INFO - __main__ -   	EPOCH:  16	MiniBatch:    5
02/25/2021 05:57:20 - INFO - __main__ -   	EPOCH:  16	MiniBatch:    6
02/25/2021 05:57:21 - INFO - __main__ -   	EPOCH:  16	MiniBatch:    7
02/25/2021 05:57:22 - INFO - __main__ -   	EPOCH:  16	MiniBatch:    8
02/25/2021 05:57:23 - INFO - __main__ -   	EPOCH:  16	MiniBatch:    9
02/25/2021 05:57:24 - INFO - __main__ -   	EPOCH:  16	MiniBatch:   10
02/25/2021 05:57:24 - INFO - __main__ -   	Testing dev Minibatch:    0
02/25/2021 05:57:24 - INFO - __main__ -   	Testing dev Minibatch:    1
02/25/2021 05:57:25 - INFO - __main__ -   	Testing dev Minibatch:    2
02/25/2021 05:57:25 - INFO - __main__ -   	Testing dev Minibatch:    3
02/25/2021 05:57:25 - INFO - __main__ -   
Labels 	Prec. 	Recall	F1    	Supp  
Denial 	0.4984	0.5735	0.5333	279
Support	0.5499	0.6678	0.6031	289
Comment	0.5440	0.3976	0.4594	249
Queries	0.0000	0.0000	0.0000	37
MacroF1	0.3990
F1w_avg	0.5123
Acc    	52.9

02/25/2021 05:57:27 - INFO - __main__ -   	EPOCH:  17	MiniBatch:    0
02/25/2021 05:57:28 - INFO - __main__ -   	EPOCH:  17	MiniBatch:    1
02/25/2021 05:57:29 - INFO - __main__ -   	EPOCH:  17	MiniBatch:    2
02/25/2021 05:57:30 - INFO - __main__ -   	EPOCH:  17	MiniBatch:    3
02/25/2021 05:57:31 - INFO - __main__ -   	EPOCH:  17	MiniBatch:    4
02/25/2021 05:57:32 - INFO - __main__ -   	EPOCH:  17	MiniBatch:    5
02/25/2021 05:57:33 - INFO - __main__ -   	EPOCH:  17	MiniBatch:    6
02/25/2021 05:57:34 - INFO - __main__ -   	EPOCH:  17	MiniBatch:    7
02/25/2021 05:57:35 - INFO - __main__ -   	EPOCH:  17	MiniBatch:    8
02/25/2021 05:57:36 - INFO - __main__ -   	EPOCH:  17	MiniBatch:    9
02/25/2021 05:57:37 - INFO - __main__ -   	EPOCH:  17	MiniBatch:   10
02/25/2021 05:57:38 - INFO - __main__ -   	Testing dev Minibatch:    0
02/25/2021 05:57:38 - INFO - __main__ -   	Testing dev Minibatch:    1
02/25/2021 05:57:38 - INFO - __main__ -   	Testing dev Minibatch:    2
02/25/2021 05:57:39 - INFO - __main__ -   	Testing dev Minibatch:    3
02/25/2021 05:57:39 - INFO - __main__ -   
Labels 	Prec. 	Recall	F1    	Supp  
Denial 	0.4633	0.6559	0.5430	279
Support	0.5576	0.6194	0.5869	289
Comment	0.5580	0.3092	0.3979	249
Queries	0.0000	0.0000	0.0000	37
MacroF1	0.3820
F1w_avg	0.4920
Acc    	51.4

02/25/2021 05:57:39 - INFO - __main__ -   	EPOCH:  18	MiniBatch:    0
02/25/2021 05:57:40 - INFO - __main__ -   	EPOCH:  18	MiniBatch:    1
02/25/2021 05:57:41 - INFO - __main__ -   	EPOCH:  18	MiniBatch:    2
02/25/2021 05:57:42 - INFO - __main__ -   	EPOCH:  18	MiniBatch:    3
02/25/2021 05:57:43 - INFO - __main__ -   	EPOCH:  18	MiniBatch:    4
02/25/2021 05:57:44 - INFO - __main__ -   	EPOCH:  18	MiniBatch:    5
02/25/2021 05:57:45 - INFO - __main__ -   	EPOCH:  18	MiniBatch:    6
02/25/2021 05:57:46 - INFO - __main__ -   	EPOCH:  18	MiniBatch:    7
02/25/2021 05:57:47 - INFO - __main__ -   	EPOCH:  18	MiniBatch:    8
02/25/2021 05:57:48 - INFO - __main__ -   	EPOCH:  18	MiniBatch:    9
02/25/2021 05:57:49 - INFO - __main__ -   	EPOCH:  18	MiniBatch:   10
02/25/2021 05:57:50 - INFO - __main__ -   	Testing dev Minibatch:    0
02/25/2021 05:57:50 - INFO - __main__ -   	Testing dev Minibatch:    1
02/25/2021 05:57:50 - INFO - __main__ -   	Testing dev Minibatch:    2
02/25/2021 05:57:51 - INFO - __main__ -   	Testing dev Minibatch:    3
02/25/2021 05:57:51 - INFO - __main__ -   
Labels 	Prec. 	Recall	F1    	Supp  
Denial 	0.4515	0.6846	0.5442	279
Support	0.6276	0.5190	0.5682	289
Comment	0.5052	0.3896	0.4399	249
Queries	0.0000	0.0000	0.0000	37
MacroF1	0.3881
F1w_avg	0.4983
Acc    	51.3

02/25/2021 05:57:51 - INFO - __main__ -   	EPOCH:  19	MiniBatch:    0
02/25/2021 05:57:52 - INFO - __main__ -   	EPOCH:  19	MiniBatch:    1
02/25/2021 05:57:53 - INFO - __main__ -   	EPOCH:  19	MiniBatch:    2
02/25/2021 05:57:54 - INFO - __main__ -   	EPOCH:  19	MiniBatch:    3
02/25/2021 05:57:55 - INFO - __main__ -   	EPOCH:  19	MiniBatch:    4
02/25/2021 05:57:56 - INFO - __main__ -   	EPOCH:  19	MiniBatch:    5
02/25/2021 05:57:57 - INFO - __main__ -   	EPOCH:  19	MiniBatch:    6
02/25/2021 05:57:58 - INFO - __main__ -   	EPOCH:  19	MiniBatch:    7
02/25/2021 05:57:59 - INFO - __main__ -   	EPOCH:  19	MiniBatch:    8
02/25/2021 05:58:00 - INFO - __main__ -   	EPOCH:  19	MiniBatch:    9
02/25/2021 05:58:01 - INFO - __main__ -   	EPOCH:  19	MiniBatch:   10
02/25/2021 05:58:02 - INFO - __main__ -   	Testing dev Minibatch:    0
02/25/2021 05:58:02 - INFO - __main__ -   	Testing dev Minibatch:    1
02/25/2021 05:58:03 - INFO - __main__ -   	Testing dev Minibatch:    2
02/25/2021 05:58:03 - INFO - __main__ -   	Testing dev Minibatch:    3
02/25/2021 05:58:03 - INFO - __main__ -   
Labels 	Prec. 	Recall	F1    	Supp  
Denial 	0.4974	0.6738	0.5723	279
Support	0.5952	0.6055	0.6003	289
Comment	0.5440	0.3976	0.4594	249
Queries	0.0000	0.0000	0.0000	37
MacroF1	0.4080
F1w_avg	0.5241
Acc    	54.1

02/25/2021 05:58:05 - INFO - __main__ -   	EPOCH:  20	MiniBatch:    0
02/25/2021 05:58:06 - INFO - __main__ -   	EPOCH:  20	MiniBatch:    1
02/25/2021 05:58:07 - INFO - __main__ -   	EPOCH:  20	MiniBatch:    2
02/25/2021 05:58:08 - INFO - __main__ -   	EPOCH:  20	MiniBatch:    3
02/25/2021 05:58:09 - INFO - __main__ -   	EPOCH:  20	MiniBatch:    4
02/25/2021 05:58:10 - INFO - __main__ -   	EPOCH:  20	MiniBatch:    5
02/25/2021 05:58:11 - INFO - __main__ -   	EPOCH:  20	MiniBatch:    6
02/25/2021 05:58:12 - INFO - __main__ -   	EPOCH:  20	MiniBatch:    7
02/25/2021 05:58:13 - INFO - __main__ -   	EPOCH:  20	MiniBatch:    8
02/25/2021 05:58:14 - INFO - __main__ -   	EPOCH:  20	MiniBatch:    9
02/25/2021 05:58:15 - INFO - __main__ -   	EPOCH:  20	MiniBatch:   10
02/25/2021 05:58:16 - INFO - __main__ -   	Testing dev Minibatch:    0
02/25/2021 05:58:16 - INFO - __main__ -   	Testing dev Minibatch:    1
02/25/2021 05:58:16 - INFO - __main__ -   	Testing dev Minibatch:    2
02/25/2021 05:58:17 - INFO - __main__ -   	Testing dev Minibatch:    3
02/25/2021 05:58:17 - INFO - __main__ -   
Labels 	Prec. 	Recall	F1    	Supp  
Denial 	0.5296	0.5448	0.5371	279
Support	0.5111	0.7958	0.6225	289
Comment	0.6154	0.2892	0.3934	249
Queries	0.0000	0.0000	0.0000	37
MacroF1	0.3883
F1w_avg	0.5008
Acc    	53.2

02/25/2021 05:58:17 - INFO - __main__ -   	EPOCH:  21	MiniBatch:    0
02/25/2021 05:58:18 - INFO - __main__ -   	EPOCH:  21	MiniBatch:    1
02/25/2021 05:58:19 - INFO - __main__ -   	EPOCH:  21	MiniBatch:    2
02/25/2021 05:58:20 - INFO - __main__ -   	EPOCH:  21	MiniBatch:    3
02/25/2021 05:58:21 - INFO - __main__ -   	EPOCH:  21	MiniBatch:    4
02/25/2021 05:58:22 - INFO - __main__ -   	EPOCH:  21	MiniBatch:    5
02/25/2021 05:58:23 - INFO - __main__ -   	EPOCH:  21	MiniBatch:    6
02/25/2021 05:58:24 - INFO - __main__ -   	EPOCH:  21	MiniBatch:    7
02/25/2021 05:58:25 - INFO - __main__ -   	EPOCH:  21	MiniBatch:    8
02/25/2021 05:58:26 - INFO - __main__ -   	EPOCH:  21	MiniBatch:    9
02/25/2021 05:58:27 - INFO - __main__ -   	EPOCH:  21	MiniBatch:   10
02/25/2021 05:58:28 - INFO - __main__ -   	Testing dev Minibatch:    0
02/25/2021 05:58:28 - INFO - __main__ -   	Testing dev Minibatch:    1
02/25/2021 05:58:28 - INFO - __main__ -   	Testing dev Minibatch:    2
02/25/2021 05:58:29 - INFO - __main__ -   	Testing dev Minibatch:    3
02/25/2021 05:58:29 - INFO - __main__ -   
Labels 	Prec. 	Recall	F1    	Supp  
Denial 	0.4826	0.6452	0.5521	279
Support	0.6136	0.4671	0.5305	289
Comment	0.5096	0.5341	0.5216	249
Queries	0.0000	0.0000	0.0000	37
MacroF1	0.4010
F1w_avg	0.5120
Acc    	52.5

02/25/2021 05:58:29 - INFO - __main__ -   	EPOCH:  22	MiniBatch:    0
02/25/2021 05:58:30 - INFO - __main__ -   	EPOCH:  22	MiniBatch:    1
02/25/2021 05:58:31 - INFO - __main__ -   	EPOCH:  22	MiniBatch:    2
02/25/2021 05:58:32 - INFO - __main__ -   	EPOCH:  22	MiniBatch:    3
02/25/2021 05:58:33 - INFO - __main__ -   	EPOCH:  22	MiniBatch:    4
02/25/2021 05:58:34 - INFO - __main__ -   	EPOCH:  22	MiniBatch:    5
02/25/2021 05:58:35 - INFO - __main__ -   	EPOCH:  22	MiniBatch:    6
02/25/2021 05:58:36 - INFO - __main__ -   	EPOCH:  22	MiniBatch:    7
02/25/2021 05:58:37 - INFO - __main__ -   	EPOCH:  22	MiniBatch:    8
02/25/2021 05:58:38 - INFO - __main__ -   	EPOCH:  22	MiniBatch:    9
02/25/2021 05:58:39 - INFO - __main__ -   	EPOCH:  22	MiniBatch:   10
02/25/2021 05:58:40 - INFO - __main__ -   	Testing dev Minibatch:    0
02/25/2021 05:58:40 - INFO - __main__ -   	Testing dev Minibatch:    1
02/25/2021 05:58:40 - INFO - __main__ -   	Testing dev Minibatch:    2
02/25/2021 05:58:41 - INFO - __main__ -   	Testing dev Minibatch:    3
02/25/2021 05:58:41 - INFO - __main__ -   
Labels 	Prec. 	Recall	F1    	Supp  
Denial 	0.5155	0.7133	0.5985	279
Support	0.5836	0.6159	0.5993	289
Comment	0.5890	0.3855	0.4660	249
Queries	0.0000	0.0000	0.0000	37
MacroF1	0.4160
F1w_avg	0.5342
Acc    	55.4

02/25/2021 05:58:43 - INFO - __main__ -   	EPOCH:  23	MiniBatch:    0
02/25/2021 05:58:44 - INFO - __main__ -   	EPOCH:  23	MiniBatch:    1
02/25/2021 05:58:45 - INFO - __main__ -   	EPOCH:  23	MiniBatch:    2
02/25/2021 05:58:46 - INFO - __main__ -   	EPOCH:  23	MiniBatch:    3
02/25/2021 05:58:47 - INFO - __main__ -   	EPOCH:  23	MiniBatch:    4
02/25/2021 05:58:48 - INFO - __main__ -   	EPOCH:  23	MiniBatch:    5
02/25/2021 05:58:49 - INFO - __main__ -   	EPOCH:  23	MiniBatch:    6
02/25/2021 05:58:50 - INFO - __main__ -   	EPOCH:  23	MiniBatch:    7
02/25/2021 05:58:51 - INFO - __main__ -   	EPOCH:  23	MiniBatch:    8
02/25/2021 05:58:52 - INFO - __main__ -   	EPOCH:  23	MiniBatch:    9
02/25/2021 05:58:53 - INFO - __main__ -   	EPOCH:  23	MiniBatch:   10
02/25/2021 05:58:53 - INFO - __main__ -   	Testing dev Minibatch:    0
02/25/2021 05:58:54 - INFO - __main__ -   	Testing dev Minibatch:    1
02/25/2021 05:58:54 - INFO - __main__ -   	Testing dev Minibatch:    2
02/25/2021 05:58:55 - INFO - __main__ -   	Testing dev Minibatch:    3
02/25/2021 05:58:55 - INFO - __main__ -   
Labels 	Prec. 	Recall	F1    	Supp  
Denial 	0.5468	0.6703	0.6023	279
Support	0.5587	0.6920	0.6182	289
Comment	0.5779	0.3574	0.4417	249
Queries	0.0000	0.0000	0.0000	37
MacroF1	0.4155
F1w_avg	0.5348
Acc    	55.7

02/25/2021 05:58:55 - INFO - __main__ -   	EPOCH:  24	MiniBatch:    0
02/25/2021 05:58:56 - INFO - __main__ -   	EPOCH:  24	MiniBatch:    1
02/25/2021 05:58:57 - INFO - __main__ -   	EPOCH:  24	MiniBatch:    2
02/25/2021 05:58:58 - INFO - __main__ -   	EPOCH:  24	MiniBatch:    3
02/25/2021 05:58:59 - INFO - __main__ -   	EPOCH:  24	MiniBatch:    4
02/25/2021 05:59:00 - INFO - __main__ -   	EPOCH:  24	MiniBatch:    5
02/25/2021 05:59:01 - INFO - __main__ -   	EPOCH:  24	MiniBatch:    6
02/25/2021 05:59:02 - INFO - __main__ -   	EPOCH:  24	MiniBatch:    7
02/25/2021 05:59:03 - INFO - __main__ -   	EPOCH:  24	MiniBatch:    8
02/25/2021 05:59:04 - INFO - __main__ -   	EPOCH:  24	MiniBatch:    9
02/25/2021 05:59:05 - INFO - __main__ -   	EPOCH:  24	MiniBatch:   10
02/25/2021 05:59:05 - INFO - __main__ -   	Testing dev Minibatch:    0
02/25/2021 05:59:06 - INFO - __main__ -   	Testing dev Minibatch:    1
02/25/2021 05:59:06 - INFO - __main__ -   	Testing dev Minibatch:    2
02/25/2021 05:59:07 - INFO - __main__ -   	Testing dev Minibatch:    3
02/25/2021 05:59:07 - INFO - __main__ -   
Labels 	Prec. 	Recall	F1    	Supp  
Denial 	0.4870	0.7384	0.5869	279
Support	0.6075	0.4498	0.5169	289
Comment	0.5622	0.4900	0.5236	249
Queries	0.0000	0.0000	0.0000	37
MacroF1	0.4068
F1w_avg	0.5193
Acc    	53.6

02/25/2021 05:59:07 - INFO - __main__ -   	EPOCH:  25	MiniBatch:    0
02/25/2021 05:59:08 - INFO - __main__ -   	EPOCH:  25	MiniBatch:    1
02/25/2021 05:59:09 - INFO - __main__ -   	EPOCH:  25	MiniBatch:    2
02/25/2021 05:59:10 - INFO - __main__ -   	EPOCH:  25	MiniBatch:    3
02/25/2021 05:59:11 - INFO - __main__ -   	EPOCH:  25	MiniBatch:    4
02/25/2021 05:59:12 - INFO - __main__ -   	EPOCH:  25	MiniBatch:    5
02/25/2021 05:59:13 - INFO - __main__ -   	EPOCH:  25	MiniBatch:    6
02/25/2021 05:59:14 - INFO - __main__ -   	EPOCH:  25	MiniBatch:    7
02/25/2021 05:59:15 - INFO - __main__ -   	EPOCH:  25	MiniBatch:    8
02/25/2021 05:59:16 - INFO - __main__ -   	EPOCH:  25	MiniBatch:    9
02/25/2021 05:59:17 - INFO - __main__ -   	EPOCH:  25	MiniBatch:   10
02/25/2021 05:59:17 - INFO - __main__ -   	Testing dev Minibatch:    0
02/25/2021 05:59:18 - INFO - __main__ -   	Testing dev Minibatch:    1
02/25/2021 05:59:18 - INFO - __main__ -   	Testing dev Minibatch:    2
02/25/2021 05:59:19 - INFO - __main__ -   	Testing dev Minibatch:    3
02/25/2021 05:59:19 - INFO - __main__ -   
Labels 	Prec. 	Recall	F1    	Supp  
Denial 	0.5125	0.7348	0.6038	279
Support	0.5977	0.5294	0.5615	289
Comment	0.5707	0.4538	0.5056	249
Queries	0.0000	0.0000	0.0000	37
MacroF1	0.4177
F1w_avg	0.5347
Acc    	55.2

02/25/2021 05:59:21 - INFO - __main__ -   	EPOCH:  26	MiniBatch:    0
02/25/2021 05:59:22 - INFO - __main__ -   	EPOCH:  26	MiniBatch:    1
02/25/2021 05:59:23 - INFO - __main__ -   	EPOCH:  26	MiniBatch:    2
02/25/2021 05:59:24 - INFO - __main__ -   	EPOCH:  26	MiniBatch:    3
02/25/2021 05:59:25 - INFO - __main__ -   	EPOCH:  26	MiniBatch:    4
02/25/2021 05:59:26 - INFO - __main__ -   	EPOCH:  26	MiniBatch:    5
02/25/2021 05:59:27 - INFO - __main__ -   	EPOCH:  26	MiniBatch:    6
02/25/2021 05:59:28 - INFO - __main__ -   	EPOCH:  26	MiniBatch:    7
02/25/2021 05:59:29 - INFO - __main__ -   	EPOCH:  26	MiniBatch:    8
02/25/2021 05:59:30 - INFO - __main__ -   	EPOCH:  26	MiniBatch:    9
02/25/2021 05:59:31 - INFO - __main__ -   	EPOCH:  26	MiniBatch:   10
02/25/2021 05:59:31 - INFO - __main__ -   	Testing dev Minibatch:    0
02/25/2021 05:59:32 - INFO - __main__ -   	Testing dev Minibatch:    1
02/25/2021 05:59:32 - INFO - __main__ -   	Testing dev Minibatch:    2
02/25/2021 05:59:32 - INFO - __main__ -   	Testing dev Minibatch:    3
02/25/2021 05:59:32 - INFO - __main__ -   
Labels 	Prec. 	Recall	F1    	Supp  
Denial 	0.5731	0.7168	0.6369	279
Support	0.5701	0.6194	0.5937	289
Comment	0.5707	0.4378	0.4955	249
Queries	0.0000	0.0000	0.0000	37
MacroF1	0.4315
F1w_avg	0.5535
Acc    	57.1

02/25/2021 05:59:34 - INFO - __main__ -   	EPOCH:  27	MiniBatch:    0
02/25/2021 05:59:35 - INFO - __main__ -   	EPOCH:  27	MiniBatch:    1
02/25/2021 05:59:36 - INFO - __main__ -   	EPOCH:  27	MiniBatch:    2
02/25/2021 05:59:37 - INFO - __main__ -   	EPOCH:  27	MiniBatch:    3
02/25/2021 05:59:38 - INFO - __main__ -   	EPOCH:  27	MiniBatch:    4
02/25/2021 05:59:39 - INFO - __main__ -   	EPOCH:  27	MiniBatch:    5
02/25/2021 05:59:40 - INFO - __main__ -   	EPOCH:  27	MiniBatch:    6
02/25/2021 05:59:41 - INFO - __main__ -   	EPOCH:  27	MiniBatch:    7
02/25/2021 05:59:42 - INFO - __main__ -   	EPOCH:  27	MiniBatch:    8
02/25/2021 05:59:43 - INFO - __main__ -   	EPOCH:  27	MiniBatch:    9
02/25/2021 05:59:44 - INFO - __main__ -   	EPOCH:  27	MiniBatch:   10
02/25/2021 05:59:45 - INFO - __main__ -   	Testing dev Minibatch:    0
02/25/2021 05:59:45 - INFO - __main__ -   	Testing dev Minibatch:    1
02/25/2021 05:59:46 - INFO - __main__ -   	Testing dev Minibatch:    2
02/25/2021 05:59:46 - INFO - __main__ -   	Testing dev Minibatch:    3
02/25/2021 05:59:46 - INFO - __main__ -   
Labels 	Prec. 	Recall	F1    	Supp  
Denial 	0.4978	0.8172	0.6187	279
Support	0.6098	0.4325	0.5061	289
Comment	0.5654	0.4337	0.4909	249
Queries	0.0000	0.0000	0.0000	37
MacroF1	0.4039
F1w_avg	0.5165
Acc    	54.0

02/25/2021 05:59:46 - INFO - __main__ -   	EPOCH:  28	MiniBatch:    0
02/25/2021 05:59:47 - INFO - __main__ -   	EPOCH:  28	MiniBatch:    1
02/25/2021 05:59:48 - INFO - __main__ -   	EPOCH:  28	MiniBatch:    2
02/25/2021 05:59:49 - INFO - __main__ -   	EPOCH:  28	MiniBatch:    3
02/25/2021 05:59:50 - INFO - __main__ -   	EPOCH:  28	MiniBatch:    4
02/25/2021 05:59:51 - INFO - __main__ -   	EPOCH:  28	MiniBatch:    5
02/25/2021 05:59:52 - INFO - __main__ -   	EPOCH:  28	MiniBatch:    6
02/25/2021 05:59:53 - INFO - __main__ -   	EPOCH:  28	MiniBatch:    7
02/25/2021 05:59:54 - INFO - __main__ -   	EPOCH:  28	MiniBatch:    8
02/25/2021 05:59:55 - INFO - __main__ -   	EPOCH:  28	MiniBatch:    9
02/25/2021 05:59:56 - INFO - __main__ -   	EPOCH:  28	MiniBatch:   10
02/25/2021 05:59:57 - INFO - __main__ -   	Testing dev Minibatch:    0
02/25/2021 05:59:57 - INFO - __main__ -   	Testing dev Minibatch:    1
02/25/2021 05:59:58 - INFO - __main__ -   	Testing dev Minibatch:    2
02/25/2021 05:59:58 - INFO - __main__ -   	Testing dev Minibatch:    3
02/25/2021 05:59:58 - INFO - __main__ -   
Labels 	Prec. 	Recall	F1    	Supp  
Denial 	0.5838	0.7240	0.6464	279
Support	0.5571	0.6747	0.6103	289
Comment	0.6013	0.3815	0.4668	249
Queries	0.0000	0.0000	0.0000	37
MacroF1	0.4309
F1w_avg	0.5538
Acc    	57.6

02/25/2021 05:59:58 - INFO - __main__ -   	EPOCH:  29	MiniBatch:    0
02/25/2021 05:59:59 - INFO - __main__ -   	EPOCH:  29	MiniBatch:    1
02/25/2021 06:00:00 - INFO - __main__ -   	EPOCH:  29	MiniBatch:    2
02/25/2021 06:00:01 - INFO - __main__ -   	EPOCH:  29	MiniBatch:    3
02/25/2021 06:00:02 - INFO - __main__ -   	EPOCH:  29	MiniBatch:    4
02/25/2021 06:00:03 - INFO - __main__ -   	EPOCH:  29	MiniBatch:    5
02/25/2021 06:00:04 - INFO - __main__ -   	EPOCH:  29	MiniBatch:    6
02/25/2021 06:00:05 - INFO - __main__ -   	EPOCH:  29	MiniBatch:    7
02/25/2021 06:00:06 - INFO - __main__ -   	EPOCH:  29	MiniBatch:    8
02/25/2021 06:00:07 - INFO - __main__ -   	EPOCH:  29	MiniBatch:    9
02/25/2021 06:00:08 - INFO - __main__ -   	EPOCH:  29	MiniBatch:   10
02/25/2021 06:00:09 - INFO - __main__ -   	Testing dev Minibatch:    0
02/25/2021 06:00:09 - INFO - __main__ -   	Testing dev Minibatch:    1
02/25/2021 06:00:10 - INFO - __main__ -   	Testing dev Minibatch:    2
02/25/2021 06:00:10 - INFO - __main__ -   	Testing dev Minibatch:    3
02/25/2021 06:00:10 - INFO - __main__ -   
Labels 	Prec. 	Recall	F1    	Supp  
Denial 	0.6000	0.6882	0.6411	279
Support	0.6422	0.4844	0.5523	289
Comment	0.5000	0.6345	0.5593	249
Queries	0.0000	0.0000	0.0000	37
MacroF1	0.4382
F1w_avg	0.5594
Acc    	57.4

02/25/2021 06:00:12 - INFO - __main__ -   	EPOCH:  30	MiniBatch:    0
02/25/2021 06:00:13 - INFO - __main__ -   	EPOCH:  30	MiniBatch:    1
02/25/2021 06:00:14 - INFO - __main__ -   	EPOCH:  30	MiniBatch:    2
02/25/2021 06:00:15 - INFO - __main__ -   	EPOCH:  30	MiniBatch:    3
02/25/2021 06:00:16 - INFO - __main__ -   	EPOCH:  30	MiniBatch:    4
02/25/2021 06:00:17 - INFO - __main__ -   	EPOCH:  30	MiniBatch:    5
02/25/2021 06:00:18 - INFO - __main__ -   	EPOCH:  30	MiniBatch:    6
02/25/2021 06:00:19 - INFO - __main__ -   	EPOCH:  30	MiniBatch:    7
02/25/2021 06:00:20 - INFO - __main__ -   	EPOCH:  30	MiniBatch:    8
02/25/2021 06:00:21 - INFO - __main__ -   	EPOCH:  30	MiniBatch:    9
02/25/2021 06:00:22 - INFO - __main__ -   	EPOCH:  30	MiniBatch:   10
02/25/2021 06:00:23 - INFO - __main__ -   	Testing dev Minibatch:    0
02/25/2021 06:00:23 - INFO - __main__ -   	Testing dev Minibatch:    1
02/25/2021 06:00:23 - INFO - __main__ -   	Testing dev Minibatch:    2
02/25/2021 06:00:24 - INFO - __main__ -   	Testing dev Minibatch:    3
02/25/2021 06:00:24 - INFO - __main__ -   
Labels 	Prec. 	Recall	F1    	Supp  
Denial 	0.5900	0.7634	0.6656	279
Support	0.5850	0.6194	0.6017	289
Comment	0.6096	0.4578	0.5229	249
Queries	0.0000	0.0000	0.0000	37
MacroF1	0.4476
F1w_avg	0.5735
Acc    	59.3

02/25/2021 06:00:26 - INFO - __main__ -   	EPOCH:  31	MiniBatch:    0
02/25/2021 06:00:27 - INFO - __main__ -   	EPOCH:  31	MiniBatch:    1
02/25/2021 06:00:28 - INFO - __main__ -   	EPOCH:  31	MiniBatch:    2
02/25/2021 06:00:29 - INFO - __main__ -   	EPOCH:  31	MiniBatch:    3
02/25/2021 06:00:30 - INFO - __main__ -   	EPOCH:  31	MiniBatch:    4
02/25/2021 06:00:31 - INFO - __main__ -   	EPOCH:  31	MiniBatch:    5
02/25/2021 06:00:32 - INFO - __main__ -   	EPOCH:  31	MiniBatch:    6
02/25/2021 06:00:33 - INFO - __main__ -   	EPOCH:  31	MiniBatch:    7
02/25/2021 06:00:34 - INFO - __main__ -   	EPOCH:  31	MiniBatch:    8
02/25/2021 06:00:35 - INFO - __main__ -   	EPOCH:  31	MiniBatch:    9
02/25/2021 06:00:36 - INFO - __main__ -   	EPOCH:  31	MiniBatch:   10
02/25/2021 06:00:36 - INFO - __main__ -   	Testing dev Minibatch:    0
02/25/2021 06:00:36 - INFO - __main__ -   	Testing dev Minibatch:    1
02/25/2021 06:00:37 - INFO - __main__ -   	Testing dev Minibatch:    2
02/25/2021 06:00:37 - INFO - __main__ -   	Testing dev Minibatch:    3
02/25/2021 06:00:37 - INFO - __main__ -   
Labels 	Prec. 	Recall	F1    	Supp  
Denial 	0.5329	0.8136	0.6440	279
Support	0.5920	0.6125	0.6020	289
Comment	0.6357	0.3293	0.4339	249
Queries	0.0000	0.0000	0.0000	37
MacroF1	0.4200
F1w_avg	0.5406
Acc    	56.9

02/25/2021 06:00:38 - INFO - __main__ -   	EPOCH:  32	MiniBatch:    0
02/25/2021 06:00:39 - INFO - __main__ -   	EPOCH:  32	MiniBatch:    1
02/25/2021 06:00:40 - INFO - __main__ -   	EPOCH:  32	MiniBatch:    2
02/25/2021 06:00:41 - INFO - __main__ -   	EPOCH:  32	MiniBatch:    3
02/25/2021 06:00:42 - INFO - __main__ -   	EPOCH:  32	MiniBatch:    4
02/25/2021 06:00:43 - INFO - __main__ -   	EPOCH:  32	MiniBatch:    5
02/25/2021 06:00:44 - INFO - __main__ -   	EPOCH:  32	MiniBatch:    6
02/25/2021 06:00:45 - INFO - __main__ -   	EPOCH:  32	MiniBatch:    7
02/25/2021 06:00:46 - INFO - __main__ -   	EPOCH:  32	MiniBatch:    8
02/25/2021 06:00:47 - INFO - __main__ -   	EPOCH:  32	MiniBatch:    9
02/25/2021 06:00:48 - INFO - __main__ -   	EPOCH:  32	MiniBatch:   10
02/25/2021 06:00:48 - INFO - __main__ -   	Testing dev Minibatch:    0
02/25/2021 06:00:49 - INFO - __main__ -   	Testing dev Minibatch:    1
02/25/2021 06:00:49 - INFO - __main__ -   	Testing dev Minibatch:    2
02/25/2021 06:00:49 - INFO - __main__ -   	Testing dev Minibatch:    3
02/25/2021 06:00:49 - INFO - __main__ -   
Labels 	Prec. 	Recall	F1    	Supp  
Denial 	0.5789	0.7491	0.6531	279
Support	0.6107	0.5536	0.5808	289
Comment	0.5714	0.5301	0.5500	249
Queries	0.0000	0.0000	0.0000	37
MacroF1	0.4460
F1w_avg	0.5703
Acc    	58.7

02/25/2021 06:00:50 - INFO - __main__ -   	EPOCH:  33	MiniBatch:    0
02/25/2021 06:00:51 - INFO - __main__ -   	EPOCH:  33	MiniBatch:    1
02/25/2021 06:00:52 - INFO - __main__ -   	EPOCH:  33	MiniBatch:    2
02/25/2021 06:00:53 - INFO - __main__ -   	EPOCH:  33	MiniBatch:    3
02/25/2021 06:00:54 - INFO - __main__ -   	EPOCH:  33	MiniBatch:    4
02/25/2021 06:00:55 - INFO - __main__ -   	EPOCH:  33	MiniBatch:    5
02/25/2021 06:00:56 - INFO - __main__ -   	EPOCH:  33	MiniBatch:    6
02/25/2021 06:00:57 - INFO - __main__ -   	EPOCH:  33	MiniBatch:    7
02/25/2021 06:00:58 - INFO - __main__ -   	EPOCH:  33	MiniBatch:    8
02/25/2021 06:00:59 - INFO - __main__ -   	EPOCH:  33	MiniBatch:    9
02/25/2021 06:01:00 - INFO - __main__ -   	EPOCH:  33	MiniBatch:   10
02/25/2021 06:01:00 - INFO - __main__ -   	Testing dev Minibatch:    0
02/25/2021 06:01:01 - INFO - __main__ -   	Testing dev Minibatch:    1
02/25/2021 06:01:01 - INFO - __main__ -   	Testing dev Minibatch:    2
02/25/2021 06:01:01 - INFO - __main__ -   	Testing dev Minibatch:    3
02/25/2021 06:01:02 - INFO - __main__ -   
Labels 	Prec. 	Recall	F1    	Supp  
Denial 	0.5135	0.8172	0.6307	279
Support	0.5830	0.5225	0.5511	289
Comment	0.6225	0.3775	0.4700	249
Queries	0.0000	0.0000	0.0000	37
MacroF1	0.4130
F1w_avg	0.5296
Acc    	55.4

02/25/2021 06:01:02 - INFO - __main__ -   	EPOCH:  34	MiniBatch:    0
02/25/2021 06:01:03 - INFO - __main__ -   	EPOCH:  34	MiniBatch:    1
02/25/2021 06:01:04 - INFO - __main__ -   	EPOCH:  34	MiniBatch:    2
02/25/2021 06:01:05 - INFO - __main__ -   	EPOCH:  34	MiniBatch:    3
02/25/2021 06:01:06 - INFO - __main__ -   	EPOCH:  34	MiniBatch:    4
02/25/2021 06:01:07 - INFO - __main__ -   	EPOCH:  34	MiniBatch:    5
02/25/2021 06:01:08 - INFO - __main__ -   	EPOCH:  34	MiniBatch:    6
02/25/2021 06:01:09 - INFO - __main__ -   	EPOCH:  34	MiniBatch:    7
02/25/2021 06:01:10 - INFO - __main__ -   	EPOCH:  34	MiniBatch:    8
02/25/2021 06:01:11 - INFO - __main__ -   	EPOCH:  34	MiniBatch:    9
02/25/2021 06:01:12 - INFO - __main__ -   	EPOCH:  34	MiniBatch:   10
02/25/2021 06:01:12 - INFO - __main__ -   	Testing dev Minibatch:    0
02/25/2021 06:01:13 - INFO - __main__ -   	Testing dev Minibatch:    1
02/25/2021 06:01:13 - INFO - __main__ -   	Testing dev Minibatch:    2
02/25/2021 06:01:13 - INFO - __main__ -   	Testing dev Minibatch:    3
02/25/2021 06:01:14 - INFO - __main__ -   
Labels 	Prec. 	Recall	F1    	Supp  
Denial 	0.5875	0.6738	0.6277	279
Support	0.5975	0.4983	0.5434	289
Comment	0.4915	0.5783	0.5314	249
Queries	0.0000	0.0000	0.0000	37
MacroF1	0.4256
F1w_avg	0.5439
Acc    	55.7

02/25/2021 06:01:14 - INFO - __main__ -   	EPOCH:  35	MiniBatch:    0
02/25/2021 06:01:15 - INFO - __main__ -   	EPOCH:  35	MiniBatch:    1
02/25/2021 06:01:16 - INFO - __main__ -   	EPOCH:  35	MiniBatch:    2
02/25/2021 06:01:17 - INFO - __main__ -   	EPOCH:  35	MiniBatch:    3
02/25/2021 06:01:18 - INFO - __main__ -   	EPOCH:  35	MiniBatch:    4
02/25/2021 06:01:19 - INFO - __main__ -   	EPOCH:  35	MiniBatch:    5
02/25/2021 06:01:20 - INFO - __main__ -   	EPOCH:  35	MiniBatch:    6
02/25/2021 06:01:21 - INFO - __main__ -   	EPOCH:  35	MiniBatch:    7
02/25/2021 06:01:22 - INFO - __main__ -   	EPOCH:  35	MiniBatch:    8
02/25/2021 06:01:23 - INFO - __main__ -   	EPOCH:  35	MiniBatch:    9
02/25/2021 06:01:24 - INFO - __main__ -   	EPOCH:  35	MiniBatch:   10
02/25/2021 06:01:24 - INFO - __main__ -   	Testing dev Minibatch:    0
02/25/2021 06:01:25 - INFO - __main__ -   	Testing dev Minibatch:    1
02/25/2021 06:01:25 - INFO - __main__ -   	Testing dev Minibatch:    2
02/25/2021 06:01:25 - INFO - __main__ -   	Testing dev Minibatch:    3
02/25/2021 06:01:26 - INFO - __main__ -   
Labels 	Prec. 	Recall	F1    	Supp  
Denial 	0.5599	0.7706	0.6486	279
Support	0.5767	0.5986	0.5874	289
Comment	0.6059	0.4137	0.4916	249
Queries	0.0000	0.0000	0.0000	37
MacroF1	0.4319
F1w_avg	0.5540
Acc    	57.5

02/25/2021 06:01:26 - INFO - __main__ -   	EPOCH:  36	MiniBatch:    0
02/25/2021 06:01:27 - INFO - __main__ -   	EPOCH:  36	MiniBatch:    1
02/25/2021 06:01:28 - INFO - __main__ -   	EPOCH:  36	MiniBatch:    2
02/25/2021 06:01:29 - INFO - __main__ -   	EPOCH:  36	MiniBatch:    3
02/25/2021 06:01:30 - INFO - __main__ -   	EPOCH:  36	MiniBatch:    4
02/25/2021 06:01:31 - INFO - __main__ -   	EPOCH:  36	MiniBatch:    5
02/25/2021 06:01:32 - INFO - __main__ -   	EPOCH:  36	MiniBatch:    6
02/25/2021 06:01:33 - INFO - __main__ -   	EPOCH:  36	MiniBatch:    7
02/25/2021 06:01:34 - INFO - __main__ -   	EPOCH:  36	MiniBatch:    8
02/25/2021 06:01:35 - INFO - __main__ -   	EPOCH:  36	MiniBatch:    9
02/25/2021 06:01:36 - INFO - __main__ -   	EPOCH:  36	MiniBatch:   10
02/25/2021 06:01:36 - INFO - __main__ -   	Testing dev Minibatch:    0
02/25/2021 06:01:37 - INFO - __main__ -   	Testing dev Minibatch:    1
02/25/2021 06:01:37 - INFO - __main__ -   	Testing dev Minibatch:    2
02/25/2021 06:01:37 - INFO - __main__ -   	Testing dev Minibatch:    3
02/25/2021 06:01:38 - INFO - __main__ -   
Labels 	Prec. 	Recall	F1    	Supp  
Denial 	0.5857	0.7348	0.6518	279
Support	0.5791	0.5952	0.5870	289
Comment	0.5942	0.4940	0.5395	249
Queries	0.0000	0.0000	0.0000	37
MacroF1	0.4446
F1w_avg	0.5689
Acc    	58.5

02/25/2021 06:01:38 - INFO - __main__ -   	EPOCH:  37	MiniBatch:    0
02/25/2021 06:01:39 - INFO - __main__ -   	EPOCH:  37	MiniBatch:    1
02/25/2021 06:01:40 - INFO - __main__ -   	EPOCH:  37	MiniBatch:    2
02/25/2021 06:01:41 - INFO - __main__ -   	EPOCH:  37	MiniBatch:    3
02/25/2021 06:01:42 - INFO - __main__ -   	EPOCH:  37	MiniBatch:    4
02/25/2021 06:01:43 - INFO - __main__ -   	EPOCH:  37	MiniBatch:    5
02/25/2021 06:01:44 - INFO - __main__ -   	EPOCH:  37	MiniBatch:    6
02/25/2021 06:01:45 - INFO - __main__ -   	EPOCH:  37	MiniBatch:    7
02/25/2021 06:01:46 - INFO - __main__ -   	EPOCH:  37	MiniBatch:    8
02/25/2021 06:01:47 - INFO - __main__ -   	EPOCH:  37	MiniBatch:    9
02/25/2021 06:01:48 - INFO - __main__ -   	EPOCH:  37	MiniBatch:   10
02/25/2021 06:01:48 - INFO - __main__ -   	Testing dev Minibatch:    0
02/25/2021 06:01:49 - INFO - __main__ -   	Testing dev Minibatch:    1
02/25/2021 06:01:49 - INFO - __main__ -   	Testing dev Minibatch:    2
02/25/2021 06:01:49 - INFO - __main__ -   	Testing dev Minibatch:    3
02/25/2021 06:01:50 - INFO - __main__ -   
Labels 	Prec. 	Recall	F1    	Supp  
Denial 	0.5355	0.8100	0.6448	279
Support	0.6250	0.4844	0.5458	289
Comment	0.5721	0.4779	0.5208	249
Queries	0.0000	0.0000	0.0000	37
MacroF1	0.4278
F1w_avg	0.5472
Acc    	56.8

02/25/2021 06:01:50 - INFO - __main__ -   	EPOCH:  38	MiniBatch:    0
02/25/2021 06:01:51 - INFO - __main__ -   	EPOCH:  38	MiniBatch:    1
02/25/2021 06:01:52 - INFO - __main__ -   	EPOCH:  38	MiniBatch:    2
02/25/2021 06:01:53 - INFO - __main__ -   	EPOCH:  38	MiniBatch:    3
02/25/2021 06:01:54 - INFO - __main__ -   	EPOCH:  38	MiniBatch:    4
02/25/2021 06:01:55 - INFO - __main__ -   	EPOCH:  38	MiniBatch:    5
02/25/2021 06:01:56 - INFO - __main__ -   	EPOCH:  38	MiniBatch:    6
02/25/2021 06:01:57 - INFO - __main__ -   	EPOCH:  38	MiniBatch:    7
02/25/2021 06:01:58 - INFO - __main__ -   	EPOCH:  38	MiniBatch:    8
02/25/2021 06:01:59 - INFO - __main__ -   	EPOCH:  38	MiniBatch:    9
02/25/2021 06:02:00 - INFO - __main__ -   	EPOCH:  38	MiniBatch:   10
02/25/2021 06:02:00 - INFO - __main__ -   	Testing dev Minibatch:    0
02/25/2021 06:02:01 - INFO - __main__ -   	Testing dev Minibatch:    1
02/25/2021 06:02:01 - INFO - __main__ -   	Testing dev Minibatch:    2
02/25/2021 06:02:01 - INFO - __main__ -   	Testing dev Minibatch:    3
02/25/2021 06:02:02 - INFO - __main__ -   
Labels 	Prec. 	Recall	F1    	Supp  
Denial 	0.5528	0.8065	0.6560	279
Support	0.5593	0.5709	0.5651	289
Comment	0.6250	0.3815	0.4738	249
Queries	0.0000	0.0000	0.0000	37
MacroF1	0.4237
F1w_avg	0.5437
Acc    	56.8

02/25/2021 06:02:02 - INFO - __main__ -   	EPOCH:  39	MiniBatch:    0
02/25/2021 06:02:03 - INFO - __main__ -   	EPOCH:  39	MiniBatch:    1
02/25/2021 06:02:04 - INFO - __main__ -   	EPOCH:  39	MiniBatch:    2
02/25/2021 06:02:05 - INFO - __main__ -   	EPOCH:  39	MiniBatch:    3
02/25/2021 06:02:06 - INFO - __main__ -   	EPOCH:  39	MiniBatch:    4
02/25/2021 06:02:07 - INFO - __main__ -   	EPOCH:  39	MiniBatch:    5
02/25/2021 06:02:08 - INFO - __main__ -   	EPOCH:  39	MiniBatch:    6
02/25/2021 06:02:09 - INFO - __main__ -   	EPOCH:  39	MiniBatch:    7
02/25/2021 06:02:10 - INFO - __main__ -   	EPOCH:  39	MiniBatch:    8
02/25/2021 06:02:11 - INFO - __main__ -   	EPOCH:  39	MiniBatch:    9
02/25/2021 06:02:12 - INFO - __main__ -   	EPOCH:  39	MiniBatch:   10
02/25/2021 06:02:12 - INFO - __main__ -   	Testing dev Minibatch:    0
02/25/2021 06:02:13 - INFO - __main__ -   	Testing dev Minibatch:    1
02/25/2021 06:02:13 - INFO - __main__ -   	Testing dev Minibatch:    2
02/25/2021 06:02:13 - INFO - __main__ -   	Testing dev Minibatch:    3
02/25/2021 06:02:14 - INFO - __main__ -   
Labels 	Prec. 	Recall	F1    	Supp  
Denial 	0.6090	0.7312	0.6645	279
Support	0.5903	0.5882	0.5893	289
Comment	0.5541	0.5141	0.5333	249
Queries	0.0000	0.0000	0.0000	37
MacroF1	0.4468
F1w_avg	0.5720
Acc    	58.8

02/25/2021 06:02:15 - INFO - __main__ -   	Testing test Minibatch:    0
02/25/2021 06:02:15 - INFO - __main__ -   	Testing test Minibatch:    1
02/25/2021 06:02:15 - INFO - __main__ -   	Testing test Minibatch:    2
02/25/2021 06:02:16 - INFO - __main__ -   	Testing test Minibatch:    3
02/25/2021 06:02:16 - INFO - __main__ -   
Labels 	Prec. 	Recall	F1    	Supp  
Denial 	0.5855	0.6454	0.6140	313
Support	0.5241	0.6174	0.5670	264
Comment	0.6010	0.4779	0.5324	249
Queries	0.0000	0.0000	0.0000	28
MacroF1	0.4283
F1w_avg	0.5555
Acc    	56.7

02/25/2021 06:02:16 - INFO - __main__ -   Time taken: 0h 8m 36s
