02/25/2021 14:37:52 - INFO - __main__ -   ----------------- Hyperparameters ------------------
02/25/2021 14:37:52 - INFO - __main__ -   ======== my_Bertweet =========
02/25/2021 14:37:52 - INFO - __main__ -   ===== Hyperparameters ======
02/25/2021 14:37:52 - INFO - __main__ -   ('batch_train', 300)
02/25/2021 14:37:52 - INFO - __main__ -   ('batch_test', 300)
02/25/2021 14:37:52 - INFO - __main__ -   ('epochs', 100)
02/25/2021 14:37:52 - INFO - __main__ -   ('learning_rate', 5e-06)
02/25/2021 14:37:52 - INFO - __main__ -   ('optimizer', 'adam')
02/25/2021 14:37:52 - INFO - __main__ -   ('do_train', True)
02/25/2021 14:37:52 - INFO - __main__ -   ('do_test', True)
02/25/2021 14:37:52 - INFO - __main__ -   ('model_name', 'my_Bertweet')
02/25/2021 14:37:52 - INFO - __main__ -   ('exp_name', 'exp34')
02/25/2021 14:37:52 - INFO - __main__ -   ('train_data', './data/train_set_128_bertweet.bin')
02/25/2021 14:37:52 - INFO - __main__ -   ('test_data', './data/test_set_128_bertweet.bin')
02/25/2021 14:37:52 - INFO - __main__ -   ('k_folds', 4)
02/25/2021 14:37:52 - INFO - __main__ -   ('folds2run', 1)
02/25/2021 14:37:52 - INFO - __main__ -   ('debug', False)
02/25/2021 14:37:52 - INFO - __main__ -   ('log_interval', 1)
02/25/2021 14:37:52 - INFO - __main__ -   ('loss_fn', 'ce_loss')
02/25/2021 14:37:52 - INFO - __main__ -   ('w_sample', True)
02/25/2021 14:37:52 - INFO - __main__ -   ('pretrain_model', '')
02/25/2021 14:37:52 - INFO - __main__ -   ('epochs2giveup', 20)
02/25/2021 14:37:52 - INFO - __main__ -   batch_train: 300
02/25/2021 14:37:52 - INFO - __main__ -   batch_test:  300
02/25/2021 14:37:52 - INFO - __main__ -   epochs: 100 
02/25/2021 14:37:52 - INFO - __main__ -   learning_rate: 0.000005
02/25/2021 14:37:52 - INFO - __main__ -   optimizer: adam
02/25/2021 14:37:52 - INFO - __main__ -   debug: False
02/25/2021 14:37:52 - INFO - __main__ -   ------------------ Getting model -------------------
02/25/2021 14:37:58 - INFO - __main__ -   --------------- Getting dataframes -----------------
02/25/2021 14:37:59 - INFO - __main__ -   ------- Setting loss function and optimizer --------
02/25/2021 14:37:59 - INFO - __main__ -   ------------ Converting to dataloaders -------------
02/25/2021 14:37:59 - INFO - __main__ -   956
02/25/2021 14:37:59 - INFO - __main__ -   816
02/25/2021 14:37:59 - INFO - __main__ -   706
02/25/2021 14:37:59 - INFO - __main__ -   85
02/25/2021 14:37:59 - INFO - __main__ -   ---------------- Starting training -----------------
02/25/2021 14:37:59 - INFO - __main__ -   	EPOCH:   0	MiniBatch:    0
02/25/2021 14:38:02 - INFO - __main__ -   	EPOCH:   0	MiniBatch:    1
02/25/2021 14:38:03 - INFO - __main__ -   	EPOCH:   0	MiniBatch:    2
02/25/2021 14:38:05 - INFO - __main__ -   	EPOCH:   0	MiniBatch:    3
02/25/2021 14:38:06 - INFO - __main__ -   	EPOCH:   0	MiniBatch:    4
02/25/2021 14:38:07 - INFO - __main__ -   	EPOCH:   0	MiniBatch:    5
02/25/2021 14:38:08 - INFO - __main__ -   	EPOCH:   0	MiniBatch:    6
02/25/2021 14:38:09 - INFO - __main__ -   	EPOCH:   0	MiniBatch:    7
02/25/2021 14:38:10 - INFO - __main__ -   	EPOCH:   0	MiniBatch:    8
02/25/2021 14:38:11 - INFO - __main__ -   	Testing dev Minibatch:    0
02/25/2021 14:38:12 - INFO - __main__ -   	Testing dev Minibatch:    1
02/25/2021 14:38:12 - INFO - __main__ -   	Testing dev Minibatch:    2
02/25/2021 14:38:12 - INFO - __main__ -   
Labels 	Prec. 	Recall	F1    	Supp  
Denial 	0.3059	0.2401	0.2691	279
Support	0.3792	0.7439	0.5023	289
Comment	0.0000	0.0000	0.0000	249
Queries	0.0441	0.0811	0.0571	37
MacroF1	0.2071
F1w_avg	0.2604
Acc    	33.4

02/25/2021 14:38:13 - INFO - __main__ -   	EPOCH:   1	MiniBatch:    0
02/25/2021 14:38:14 - INFO - __main__ -   	EPOCH:   1	MiniBatch:    1
02/25/2021 14:38:16 - INFO - __main__ -   	EPOCH:   1	MiniBatch:    2
02/25/2021 14:38:17 - INFO - __main__ -   	EPOCH:   1	MiniBatch:    3
02/25/2021 14:38:18 - INFO - __main__ -   	EPOCH:   1	MiniBatch:    4
02/25/2021 14:38:19 - INFO - __main__ -   	EPOCH:   1	MiniBatch:    5
02/25/2021 14:38:20 - INFO - __main__ -   	EPOCH:   1	MiniBatch:    6
02/25/2021 14:38:21 - INFO - __main__ -   	EPOCH:   1	MiniBatch:    7
02/25/2021 14:38:23 - INFO - __main__ -   	EPOCH:   1	MiniBatch:    8
02/25/2021 14:38:23 - INFO - __main__ -   	Testing dev Minibatch:    0
02/25/2021 14:38:24 - INFO - __main__ -   	Testing dev Minibatch:    1
02/25/2021 14:38:24 - INFO - __main__ -   	Testing dev Minibatch:    2
02/25/2021 14:38:25 - INFO - __main__ -   
Labels 	Prec. 	Recall	F1    	Supp  
Denial 	0.3636	0.0143	0.0276	279
Support	0.4022	0.7543	0.5247	289
Comment	1.0000	0.0080	0.0159	249
Queries	0.0569	0.4595	0.1012	37
MacroF1	0.1673
F1w_avg	0.1956
Acc    	28.2

02/25/2021 14:38:25 - INFO - __main__ -   	EPOCH:   2	MiniBatch:    0
02/25/2021 14:38:26 - INFO - __main__ -   	EPOCH:   2	MiniBatch:    1
02/25/2021 14:38:27 - INFO - __main__ -   	EPOCH:   2	MiniBatch:    2
02/25/2021 14:38:28 - INFO - __main__ -   	EPOCH:   2	MiniBatch:    3
02/25/2021 14:38:30 - INFO - __main__ -   	EPOCH:   2	MiniBatch:    4
02/25/2021 14:38:31 - INFO - __main__ -   	EPOCH:   2	MiniBatch:    5
02/25/2021 14:38:32 - INFO - __main__ -   	EPOCH:   2	MiniBatch:    6
02/25/2021 14:38:33 - INFO - __main__ -   	EPOCH:   2	MiniBatch:    7
02/25/2021 14:38:34 - INFO - __main__ -   	EPOCH:   2	MiniBatch:    8
02/25/2021 14:38:35 - INFO - __main__ -   	Testing dev Minibatch:    0
02/25/2021 14:38:36 - INFO - __main__ -   	Testing dev Minibatch:    1
02/25/2021 14:38:36 - INFO - __main__ -   	Testing dev Minibatch:    2
02/25/2021 14:38:36 - INFO - __main__ -   
Labels 	Prec. 	Recall	F1    	Supp  
Denial 	0.3876	0.1792	0.2451	279
Support	0.4152	0.6436	0.5047	289
Comment	0.7500	0.0361	0.0690	249
Queries	0.0604	0.4324	0.1060	37
MacroF1	0.2312
F1w_avg	0.2756
Acc    	30.6

02/25/2021 14:38:38 - INFO - __main__ -   	EPOCH:   3	MiniBatch:    0
02/25/2021 14:38:39 - INFO - __main__ -   	EPOCH:   3	MiniBatch:    1
02/25/2021 14:38:41 - INFO - __main__ -   	EPOCH:   3	MiniBatch:    2
02/25/2021 14:38:42 - INFO - __main__ -   	EPOCH:   3	MiniBatch:    3
02/25/2021 14:38:43 - INFO - __main__ -   	EPOCH:   3	MiniBatch:    4
02/25/2021 14:38:44 - INFO - __main__ -   	EPOCH:   3	MiniBatch:    5
02/25/2021 14:38:45 - INFO - __main__ -   	EPOCH:   3	MiniBatch:    6
02/25/2021 14:38:46 - INFO - __main__ -   	EPOCH:   3	MiniBatch:    7
02/25/2021 14:38:48 - INFO - __main__ -   	EPOCH:   3	MiniBatch:    8
02/25/2021 14:38:49 - INFO - __main__ -   	Testing dev Minibatch:    0
02/25/2021 14:38:49 - INFO - __main__ -   	Testing dev Minibatch:    1
02/25/2021 14:38:49 - INFO - __main__ -   	Testing dev Minibatch:    2
02/25/2021 14:38:50 - INFO - __main__ -   
Labels 	Prec. 	Recall	F1    	Supp  
Denial 	0.3977	0.1254	0.1907	279
Support	0.4170	0.6782	0.5165	289
Comment	0.4830	0.3414	0.4000	249
Queries	0.0750	0.2432	0.1146	37
MacroF1	0.3055
F1w_avg	0.3587
Acc    	38.1

02/25/2021 14:38:52 - INFO - __main__ -   	EPOCH:   4	MiniBatch:    0
02/25/2021 14:38:53 - INFO - __main__ -   	EPOCH:   4	MiniBatch:    1
02/25/2021 14:38:54 - INFO - __main__ -   	EPOCH:   4	MiniBatch:    2
02/25/2021 14:38:55 - INFO - __main__ -   	EPOCH:   4	MiniBatch:    3
02/25/2021 14:38:56 - INFO - __main__ -   	EPOCH:   4	MiniBatch:    4
02/25/2021 14:38:57 - INFO - __main__ -   	EPOCH:   4	MiniBatch:    5
02/25/2021 14:38:59 - INFO - __main__ -   	EPOCH:   4	MiniBatch:    6
02/25/2021 14:39:00 - INFO - __main__ -   	EPOCH:   4	MiniBatch:    7
02/25/2021 14:39:01 - INFO - __main__ -   	EPOCH:   4	MiniBatch:    8
02/25/2021 14:39:02 - INFO - __main__ -   	Testing dev Minibatch:    0
02/25/2021 14:39:02 - INFO - __main__ -   	Testing dev Minibatch:    1
02/25/2021 14:39:03 - INFO - __main__ -   	Testing dev Minibatch:    2
02/25/2021 14:39:03 - INFO - __main__ -   
Labels 	Prec. 	Recall	F1    	Supp  
Denial 	0.4000	0.1075	0.1695	279
Support	0.4157	0.7336	0.5307	289
Comment	0.4783	0.1767	0.2581	249
Queries	0.0621	0.2973	0.1028	37
MacroF1	0.2653
F1w_avg	0.3147
Acc    	34.8

02/25/2021 14:39:03 - INFO - __main__ -   	EPOCH:   5	MiniBatch:    0
02/25/2021 14:39:04 - INFO - __main__ -   	EPOCH:   5	MiniBatch:    1
02/25/2021 14:39:06 - INFO - __main__ -   	EPOCH:   5	MiniBatch:    2
02/25/2021 14:39:07 - INFO - __main__ -   	EPOCH:   5	MiniBatch:    3
02/25/2021 14:39:08 - INFO - __main__ -   	EPOCH:   5	MiniBatch:    4
02/25/2021 14:39:09 - INFO - __main__ -   	EPOCH:   5	MiniBatch:    5
02/25/2021 14:39:10 - INFO - __main__ -   	EPOCH:   5	MiniBatch:    6
02/25/2021 14:39:12 - INFO - __main__ -   	EPOCH:   5	MiniBatch:    7
02/25/2021 14:39:13 - INFO - __main__ -   	EPOCH:   5	MiniBatch:    8
02/25/2021 14:39:14 - INFO - __main__ -   	Testing dev Minibatch:    0
02/25/2021 14:39:14 - INFO - __main__ -   	Testing dev Minibatch:    1
02/25/2021 14:39:14 - INFO - __main__ -   	Testing dev Minibatch:    2
02/25/2021 14:39:15 - INFO - __main__ -   
Labels 	Prec. 	Recall	F1    	Supp  
Denial 	0.3636	0.0717	0.1198	279
Support	0.4266	0.7647	0.5477	289
Comment	0.6923	0.0361	0.0687	249
Queries	0.0709	0.5135	0.1246	37
MacroF1	0.2152
F1w_avg	0.2499
Acc    	31.5

02/25/2021 14:39:15 - INFO - __main__ -   	EPOCH:   6	MiniBatch:    0
02/25/2021 14:39:16 - INFO - __main__ -   	EPOCH:   6	MiniBatch:    1
02/25/2021 14:39:17 - INFO - __main__ -   	EPOCH:   6	MiniBatch:    2
02/25/2021 14:39:19 - INFO - __main__ -   	EPOCH:   6	MiniBatch:    3
02/25/2021 14:39:20 - INFO - __main__ -   	EPOCH:   6	MiniBatch:    4
02/25/2021 14:39:21 - INFO - __main__ -   	EPOCH:   6	MiniBatch:    5
02/25/2021 14:39:22 - INFO - __main__ -   	EPOCH:   6	MiniBatch:    6
02/25/2021 14:39:23 - INFO - __main__ -   	EPOCH:   6	MiniBatch:    7
02/25/2021 14:39:24 - INFO - __main__ -   	EPOCH:   6	MiniBatch:    8
02/25/2021 14:39:25 - INFO - __main__ -   	Testing dev Minibatch:    0
02/25/2021 14:39:26 - INFO - __main__ -   	Testing dev Minibatch:    1
02/25/2021 14:39:26 - INFO - __main__ -   	Testing dev Minibatch:    2
02/25/2021 14:39:27 - INFO - __main__ -   
Labels 	Prec. 	Recall	F1    	Supp  
Denial 	0.3791	0.4158	0.3966	279
Support	0.5179	0.4498	0.4815	289
Comment	0.5059	0.1727	0.2575	249
Queries	0.0802	0.4595	0.1365	37
MacroF1	0.3180
F1w_avg	0.3735
Acc    	35.8

02/25/2021 14:39:28 - INFO - __main__ -   	EPOCH:   7	MiniBatch:    0
02/25/2021 14:39:30 - INFO - __main__ -   	EPOCH:   7	MiniBatch:    1
02/25/2021 14:39:31 - INFO - __main__ -   	EPOCH:   7	MiniBatch:    2
02/25/2021 14:39:32 - INFO - __main__ -   	EPOCH:   7	MiniBatch:    3
02/25/2021 14:39:33 - INFO - __main__ -   	EPOCH:   7	MiniBatch:    4
02/25/2021 14:39:34 - INFO - __main__ -   	EPOCH:   7	MiniBatch:    5
02/25/2021 14:39:35 - INFO - __main__ -   	EPOCH:   7	MiniBatch:    6
02/25/2021 14:39:37 - INFO - __main__ -   	EPOCH:   7	MiniBatch:    7
02/25/2021 14:39:38 - INFO - __main__ -   	EPOCH:   7	MiniBatch:    8
02/25/2021 14:39:39 - INFO - __main__ -   	Testing dev Minibatch:    0
02/25/2021 14:39:39 - INFO - __main__ -   	Testing dev Minibatch:    1
02/25/2021 14:39:40 - INFO - __main__ -   	Testing dev Minibatch:    2
02/25/2021 14:39:40 - INFO - __main__ -   
Labels 	Prec. 	Recall	F1    	Supp  
Denial 	0.3987	0.4444	0.4203	279
Support	0.5287	0.4775	0.5018	289
Comment	0.4423	0.1847	0.2606	249
Queries	0.0899	0.4324	0.1488	37
MacroF1	0.3329
F1w_avg	0.3896
Acc    	37.9

02/25/2021 14:39:42 - INFO - __main__ -   	EPOCH:   8	MiniBatch:    0
02/25/2021 14:39:43 - INFO - __main__ -   	EPOCH:   8	MiniBatch:    1
02/25/2021 14:39:44 - INFO - __main__ -   	EPOCH:   8	MiniBatch:    2
02/25/2021 14:39:45 - INFO - __main__ -   	EPOCH:   8	MiniBatch:    3
02/25/2021 14:39:47 - INFO - __main__ -   	EPOCH:   8	MiniBatch:    4
02/25/2021 14:39:48 - INFO - __main__ -   	EPOCH:   8	MiniBatch:    5
02/25/2021 14:39:49 - INFO - __main__ -   	EPOCH:   8	MiniBatch:    6
02/25/2021 14:39:50 - INFO - __main__ -   	EPOCH:   8	MiniBatch:    7
02/25/2021 14:39:51 - INFO - __main__ -   	EPOCH:   8	MiniBatch:    8
02/25/2021 14:39:52 - INFO - __main__ -   	Testing dev Minibatch:    0
02/25/2021 14:39:53 - INFO - __main__ -   	Testing dev Minibatch:    1
02/25/2021 14:39:53 - INFO - __main__ -   	Testing dev Minibatch:    2
02/25/2021 14:39:53 - INFO - __main__ -   
Labels 	Prec. 	Recall	F1    	Supp  
Denial 	0.4056	0.5699	0.4739	279
Support	0.5133	0.4671	0.4891	289
Comment	0.5909	0.1044	0.1775	249
Queries	0.1032	0.4324	0.1667	37
MacroF1	0.3268
F1w_avg	0.3793
Acc    	39.3

02/25/2021 14:39:54 - INFO - __main__ -   	EPOCH:   9	MiniBatch:    0
02/25/2021 14:39:55 - INFO - __main__ -   	EPOCH:   9	MiniBatch:    1
02/25/2021 14:39:56 - INFO - __main__ -   	EPOCH:   9	MiniBatch:    2
02/25/2021 14:39:57 - INFO - __main__ -   	EPOCH:   9	MiniBatch:    3
02/25/2021 14:39:58 - INFO - __main__ -   	EPOCH:   9	MiniBatch:    4
02/25/2021 14:39:59 - INFO - __main__ -   	EPOCH:   9	MiniBatch:    5
02/25/2021 14:40:01 - INFO - __main__ -   	EPOCH:   9	MiniBatch:    6
02/25/2021 14:40:02 - INFO - __main__ -   	EPOCH:   9	MiniBatch:    7
02/25/2021 14:40:03 - INFO - __main__ -   	EPOCH:   9	MiniBatch:    8
02/25/2021 14:40:04 - INFO - __main__ -   	Testing dev Minibatch:    0
02/25/2021 14:40:04 - INFO - __main__ -   	Testing dev Minibatch:    1
02/25/2021 14:40:05 - INFO - __main__ -   	Testing dev Minibatch:    2
02/25/2021 14:40:05 - INFO - __main__ -   
Labels 	Prec. 	Recall	F1    	Supp  
Denial 	0.4414	0.4050	0.4224	279
Support	0.4770	0.6471	0.5492	289
Comment	0.5143	0.1446	0.2257	249
Queries	0.0956	0.3514	0.1503	37
MacroF1	0.3369
F1w_avg	0.3962
Acc    	40.9

02/25/2021 14:40:07 - INFO - __main__ -   	EPOCH:  10	MiniBatch:    0
02/25/2021 14:40:08 - INFO - __main__ -   	EPOCH:  10	MiniBatch:    1
02/25/2021 14:40:09 - INFO - __main__ -   	EPOCH:  10	MiniBatch:    2
02/25/2021 14:40:11 - INFO - __main__ -   	EPOCH:  10	MiniBatch:    3
02/25/2021 14:40:12 - INFO - __main__ -   	EPOCH:  10	MiniBatch:    4
02/25/2021 14:40:13 - INFO - __main__ -   	EPOCH:  10	MiniBatch:    5
02/25/2021 14:40:14 - INFO - __main__ -   	EPOCH:  10	MiniBatch:    6
02/25/2021 14:40:15 - INFO - __main__ -   	EPOCH:  10	MiniBatch:    7
02/25/2021 14:40:16 - INFO - __main__ -   	EPOCH:  10	MiniBatch:    8
02/25/2021 14:40:17 - INFO - __main__ -   	Testing dev Minibatch:    0
02/25/2021 14:40:18 - INFO - __main__ -   	Testing dev Minibatch:    1
02/25/2021 14:40:18 - INFO - __main__ -   	Testing dev Minibatch:    2
02/25/2021 14:40:19 - INFO - __main__ -   
Labels 	Prec. 	Recall	F1    	Supp  
Denial 	0.4238	0.4982	0.4580	279
Support	0.4938	0.5467	0.5189	289
Comment	0.4636	0.2048	0.2841	249
Queries	0.1146	0.2973	0.1654	37
MacroF1	0.3566
F1w_avg	0.4152
Acc    	42.0

02/25/2021 14:40:20 - INFO - __main__ -   	EPOCH:  11	MiniBatch:    0
02/25/2021 14:40:22 - INFO - __main__ -   	EPOCH:  11	MiniBatch:    1
02/25/2021 14:40:23 - INFO - __main__ -   	EPOCH:  11	MiniBatch:    2
02/25/2021 14:40:24 - INFO - __main__ -   	EPOCH:  11	MiniBatch:    3
02/25/2021 14:40:25 - INFO - __main__ -   	EPOCH:  11	MiniBatch:    4
02/25/2021 14:40:26 - INFO - __main__ -   	EPOCH:  11	MiniBatch:    5
02/25/2021 14:40:27 - INFO - __main__ -   	EPOCH:  11	MiniBatch:    6
02/25/2021 14:40:29 - INFO - __main__ -   	EPOCH:  11	MiniBatch:    7
02/25/2021 14:40:30 - INFO - __main__ -   	EPOCH:  11	MiniBatch:    8
02/25/2021 14:40:31 - INFO - __main__ -   	Testing dev Minibatch:    0
02/25/2021 14:40:31 - INFO - __main__ -   	Testing dev Minibatch:    1
02/25/2021 14:40:31 - INFO - __main__ -   	Testing dev Minibatch:    2
02/25/2021 14:40:32 - INFO - __main__ -   
Labels 	Prec. 	Recall	F1    	Supp  
Denial 	0.4520	0.5233	0.4850	279
Support	0.5014	0.6090	0.5500	289
Comment	0.4821	0.2169	0.2992	249
Queries	0.1618	0.2973	0.2095	37
MacroF1	0.3859
F1w_avg	0.4409
Acc    	45.3

02/25/2021 14:40:34 - INFO - __main__ -   	EPOCH:  12	MiniBatch:    0
02/25/2021 14:40:35 - INFO - __main__ -   	EPOCH:  12	MiniBatch:    1
02/25/2021 14:40:36 - INFO - __main__ -   	EPOCH:  12	MiniBatch:    2
02/25/2021 14:40:37 - INFO - __main__ -   	EPOCH:  12	MiniBatch:    3
02/25/2021 14:40:38 - INFO - __main__ -   	EPOCH:  12	MiniBatch:    4
02/25/2021 14:40:39 - INFO - __main__ -   	EPOCH:  12	MiniBatch:    5
02/25/2021 14:40:41 - INFO - __main__ -   	EPOCH:  12	MiniBatch:    6
02/25/2021 14:40:42 - INFO - __main__ -   	EPOCH:  12	MiniBatch:    7
02/25/2021 14:40:43 - INFO - __main__ -   	EPOCH:  12	MiniBatch:    8
02/25/2021 14:40:44 - INFO - __main__ -   	Testing dev Minibatch:    0
02/25/2021 14:40:44 - INFO - __main__ -   	Testing dev Minibatch:    1
02/25/2021 14:40:45 - INFO - __main__ -   	Testing dev Minibatch:    2
02/25/2021 14:40:45 - INFO - __main__ -   
Labels 	Prec. 	Recall	F1    	Supp  
Denial 	0.4356	0.6057	0.5067	279
Support	0.5094	0.4671	0.4874	289
Comment	0.4667	0.2530	0.3281	249
Queries	0.1515	0.2703	0.1942	37
MacroF1	0.3791
F1w_avg	0.4346
Acc    	44.1

02/25/2021 14:40:45 - INFO - __main__ -   	EPOCH:  13	MiniBatch:    0
02/25/2021 14:40:47 - INFO - __main__ -   	EPOCH:  13	MiniBatch:    1
02/25/2021 14:40:48 - INFO - __main__ -   	EPOCH:  13	MiniBatch:    2
02/25/2021 14:40:49 - INFO - __main__ -   	EPOCH:  13	MiniBatch:    3
02/25/2021 14:40:50 - INFO - __main__ -   	EPOCH:  13	MiniBatch:    4
02/25/2021 14:40:51 - INFO - __main__ -   	EPOCH:  13	MiniBatch:    5
02/25/2021 14:40:52 - INFO - __main__ -   	EPOCH:  13	MiniBatch:    6
02/25/2021 14:40:54 - INFO - __main__ -   	EPOCH:  13	MiniBatch:    7
02/25/2021 14:40:55 - INFO - __main__ -   	EPOCH:  13	MiniBatch:    8
02/25/2021 14:40:56 - INFO - __main__ -   	Testing dev Minibatch:    0
02/25/2021 14:40:56 - INFO - __main__ -   	Testing dev Minibatch:    1
02/25/2021 14:40:57 - INFO - __main__ -   	Testing dev Minibatch:    2
02/25/2021 14:40:57 - INFO - __main__ -   
Labels 	Prec. 	Recall	F1    	Supp  
Denial 	0.5074	0.3692	0.4274	279
Support	0.4702	0.7093	0.5655	289
Comment	0.4907	0.3173	0.3854	249
Queries	0.1852	0.2703	0.2198	37
MacroF1	0.3995
F1w_avg	0.4529
Acc    	46.5

02/25/2021 14:40:59 - INFO - __main__ -   	EPOCH:  14	MiniBatch:    0
02/25/2021 14:41:00 - INFO - __main__ -   	EPOCH:  14	MiniBatch:    1
02/25/2021 14:41:01 - INFO - __main__ -   	EPOCH:  14	MiniBatch:    2
02/25/2021 14:41:02 - INFO - __main__ -   	EPOCH:  14	MiniBatch:    3
02/25/2021 14:41:03 - INFO - __main__ -   	EPOCH:  14	MiniBatch:    4
02/25/2021 14:41:05 - INFO - __main__ -   	EPOCH:  14	MiniBatch:    5
02/25/2021 14:41:06 - INFO - __main__ -   	EPOCH:  14	MiniBatch:    6
02/25/2021 14:41:07 - INFO - __main__ -   	EPOCH:  14	MiniBatch:    7
02/25/2021 14:41:08 - INFO - __main__ -   	EPOCH:  14	MiniBatch:    8
02/25/2021 14:41:09 - INFO - __main__ -   	Testing dev Minibatch:    0
02/25/2021 14:41:09 - INFO - __main__ -   	Testing dev Minibatch:    1
02/25/2021 14:41:10 - INFO - __main__ -   	Testing dev Minibatch:    2
02/25/2021 14:41:10 - INFO - __main__ -   
Labels 	Prec. 	Recall	F1    	Supp  
Denial 	0.4573	0.6918	0.5506	279
Support	0.5410	0.5017	0.5206	289
Comment	0.5207	0.2530	0.3405	249
Queries	0.2093	0.2432	0.2250	37
MacroF1	0.4092
F1w_avg	0.4651
Acc    	48.0

02/25/2021 14:41:12 - INFO - __main__ -   	EPOCH:  15	MiniBatch:    0
02/25/2021 14:41:13 - INFO - __main__ -   	EPOCH:  15	MiniBatch:    1
02/25/2021 14:41:14 - INFO - __main__ -   	EPOCH:  15	MiniBatch:    2
02/25/2021 14:41:16 - INFO - __main__ -   	EPOCH:  15	MiniBatch:    3
02/25/2021 14:41:17 - INFO - __main__ -   	EPOCH:  15	MiniBatch:    4
02/25/2021 14:41:18 - INFO - __main__ -   	EPOCH:  15	MiniBatch:    5
02/25/2021 14:41:19 - INFO - __main__ -   	EPOCH:  15	MiniBatch:    6
02/25/2021 14:41:20 - INFO - __main__ -   	EPOCH:  15	MiniBatch:    7
02/25/2021 14:41:21 - INFO - __main__ -   	EPOCH:  15	MiniBatch:    8
02/25/2021 14:41:22 - INFO - __main__ -   	Testing dev Minibatch:    0
02/25/2021 14:41:23 - INFO - __main__ -   	Testing dev Minibatch:    1
02/25/2021 14:41:23 - INFO - __main__ -   	Testing dev Minibatch:    2
02/25/2021 14:41:24 - INFO - __main__ -   
Labels 	Prec. 	Recall	F1    	Supp  
Denial 	0.4641	0.6487	0.5411	279
Support	0.5479	0.4948	0.5200	289
Comment	0.4877	0.3173	0.3844	249
Queries	0.2439	0.2703	0.2564	37
MacroF1	0.4255
F1w_avg	0.4759
Acc    	48.4

02/25/2021 14:41:25 - INFO - __main__ -   	EPOCH:  16	MiniBatch:    0
02/25/2021 14:41:27 - INFO - __main__ -   	EPOCH:  16	MiniBatch:    1
02/25/2021 14:41:28 - INFO - __main__ -   	EPOCH:  16	MiniBatch:    2
02/25/2021 14:41:29 - INFO - __main__ -   	EPOCH:  16	MiniBatch:    3
02/25/2021 14:41:30 - INFO - __main__ -   	EPOCH:  16	MiniBatch:    4
02/25/2021 14:41:31 - INFO - __main__ -   	EPOCH:  16	MiniBatch:    5
02/25/2021 14:41:32 - INFO - __main__ -   	EPOCH:  16	MiniBatch:    6
02/25/2021 14:41:34 - INFO - __main__ -   	EPOCH:  16	MiniBatch:    7
02/25/2021 14:41:35 - INFO - __main__ -   	EPOCH:  16	MiniBatch:    8
02/25/2021 14:41:36 - INFO - __main__ -   	Testing dev Minibatch:    0
02/25/2021 14:41:36 - INFO - __main__ -   	Testing dev Minibatch:    1
02/25/2021 14:41:36 - INFO - __main__ -   	Testing dev Minibatch:    2
02/25/2021 14:41:37 - INFO - __main__ -   
Labels 	Prec. 	Recall	F1    	Supp  
Denial 	0.4548	0.6846	0.5465	279
Support	0.5909	0.4048	0.4805	289
Comment	0.4842	0.3695	0.4191	249
Queries	0.2609	0.3243	0.2892	37
MacroF1	0.4338
F1w_avg	0.4759
Acc    	48.2

02/25/2021 14:41:39 - INFO - __main__ -   	EPOCH:  17	MiniBatch:    0
02/25/2021 14:41:40 - INFO - __main__ -   	EPOCH:  17	MiniBatch:    1
02/25/2021 14:41:41 - INFO - __main__ -   	EPOCH:  17	MiniBatch:    2
02/25/2021 14:41:42 - INFO - __main__ -   	EPOCH:  17	MiniBatch:    3
02/25/2021 14:41:43 - INFO - __main__ -   	EPOCH:  17	MiniBatch:    4
02/25/2021 14:41:45 - INFO - __main__ -   	EPOCH:  17	MiniBatch:    5
02/25/2021 14:41:46 - INFO - __main__ -   	EPOCH:  17	MiniBatch:    6
02/25/2021 14:41:47 - INFO - __main__ -   	EPOCH:  17	MiniBatch:    7
02/25/2021 14:41:48 - INFO - __main__ -   	EPOCH:  17	MiniBatch:    8
02/25/2021 14:41:49 - INFO - __main__ -   	Testing dev Minibatch:    0
02/25/2021 14:41:49 - INFO - __main__ -   	Testing dev Minibatch:    1
02/25/2021 14:41:50 - INFO - __main__ -   	Testing dev Minibatch:    2
02/25/2021 14:41:50 - INFO - __main__ -   
Labels 	Prec. 	Recall	F1    	Supp  
Denial 	0.5358	0.5627	0.5490	279
Support	0.5417	0.6298	0.5824	289
Comment	0.4860	0.3494	0.4065	249
Queries	0.3043	0.3784	0.3373	37
MacroF1	0.4688
F1w_avg	0.5096
Acc    	51.5

02/25/2021 14:41:52 - INFO - __main__ -   	EPOCH:  18	MiniBatch:    0
02/25/2021 14:41:53 - INFO - __main__ -   	EPOCH:  18	MiniBatch:    1
02/25/2021 14:41:54 - INFO - __main__ -   	EPOCH:  18	MiniBatch:    2
02/25/2021 14:41:56 - INFO - __main__ -   	EPOCH:  18	MiniBatch:    3
02/25/2021 14:41:57 - INFO - __main__ -   	EPOCH:  18	MiniBatch:    4
02/25/2021 14:41:58 - INFO - __main__ -   	EPOCH:  18	MiniBatch:    5
02/25/2021 14:41:59 - INFO - __main__ -   	EPOCH:  18	MiniBatch:    6
02/25/2021 14:42:00 - INFO - __main__ -   	EPOCH:  18	MiniBatch:    7
02/25/2021 14:42:01 - INFO - __main__ -   	EPOCH:  18	MiniBatch:    8
02/25/2021 14:42:02 - INFO - __main__ -   	Testing dev Minibatch:    0
02/25/2021 14:42:03 - INFO - __main__ -   	Testing dev Minibatch:    1
02/25/2021 14:42:03 - INFO - __main__ -   	Testing dev Minibatch:    2
02/25/2021 14:42:04 - INFO - __main__ -   
Labels 	Prec. 	Recall	F1    	Supp  
Denial 	0.5292	0.5842	0.5554	279
Support	0.5844	0.4913	0.5338	289
Comment	0.4627	0.4739	0.4683	249
Queries	0.3125	0.4054	0.3529	37
MacroF1	0.4776
F1w_avg	0.5139
Acc    	51.3

02/25/2021 14:42:05 - INFO - __main__ -   	EPOCH:  19	MiniBatch:    0
02/25/2021 14:42:07 - INFO - __main__ -   	EPOCH:  19	MiniBatch:    1
02/25/2021 14:42:08 - INFO - __main__ -   	EPOCH:  19	MiniBatch:    2
02/25/2021 14:42:09 - INFO - __main__ -   	EPOCH:  19	MiniBatch:    3
02/25/2021 14:42:10 - INFO - __main__ -   	EPOCH:  19	MiniBatch:    4
02/25/2021 14:42:11 - INFO - __main__ -   	EPOCH:  19	MiniBatch:    5
02/25/2021 14:42:12 - INFO - __main__ -   	EPOCH:  19	MiniBatch:    6
02/25/2021 14:42:14 - INFO - __main__ -   	EPOCH:  19	MiniBatch:    7
02/25/2021 14:42:15 - INFO - __main__ -   	EPOCH:  19	MiniBatch:    8
02/25/2021 14:42:16 - INFO - __main__ -   	Testing dev Minibatch:    0
02/25/2021 14:42:16 - INFO - __main__ -   	Testing dev Minibatch:    1
02/25/2021 14:42:16 - INFO - __main__ -   	Testing dev Minibatch:    2
02/25/2021 14:42:17 - INFO - __main__ -   
Labels 	Prec. 	Recall	F1    	Supp  
Denial 	0.4600	0.7204	0.5615	279
Support	0.5943	0.3599	0.4483	289
Comment	0.4928	0.4096	0.4474	249
Queries	0.3429	0.3243	0.3333	37
MacroF1	0.4476
F1w_avg	0.4800
Acc    	49.1

02/25/2021 14:42:17 - INFO - __main__ -   	EPOCH:  20	MiniBatch:    0
02/25/2021 14:42:18 - INFO - __main__ -   	EPOCH:  20	MiniBatch:    1
02/25/2021 14:42:19 - INFO - __main__ -   	EPOCH:  20	MiniBatch:    2
02/25/2021 14:42:21 - INFO - __main__ -   	EPOCH:  20	MiniBatch:    3
02/25/2021 14:42:22 - INFO - __main__ -   	EPOCH:  20	MiniBatch:    4
02/25/2021 14:42:23 - INFO - __main__ -   	EPOCH:  20	MiniBatch:    5
02/25/2021 14:42:24 - INFO - __main__ -   	EPOCH:  20	MiniBatch:    6
02/25/2021 14:42:25 - INFO - __main__ -   	EPOCH:  20	MiniBatch:    7
02/25/2021 14:42:27 - INFO - __main__ -   	EPOCH:  20	MiniBatch:    8
02/25/2021 14:42:27 - INFO - __main__ -   	Testing dev Minibatch:    0
02/25/2021 14:42:28 - INFO - __main__ -   	Testing dev Minibatch:    1
02/25/2021 14:42:28 - INFO - __main__ -   	Testing dev Minibatch:    2
02/25/2021 14:42:29 - INFO - __main__ -   
Labels 	Prec. 	Recall	F1    	Supp  
Denial 	0.4631	0.7419	0.5702	279
Support	0.6171	0.3737	0.4655	289
Comment	0.5051	0.4016	0.4474	249
Queries	0.3529	0.3243	0.3380	37
MacroF1	0.4553
F1w_avg	0.4889
Acc    	50.0

02/25/2021 14:42:29 - INFO - __main__ -   	EPOCH:  21	MiniBatch:    0
02/25/2021 14:42:30 - INFO - __main__ -   	EPOCH:  21	MiniBatch:    1
02/25/2021 14:42:31 - INFO - __main__ -   	EPOCH:  21	MiniBatch:    2
02/25/2021 14:42:32 - INFO - __main__ -   	EPOCH:  21	MiniBatch:    3
02/25/2021 14:42:34 - INFO - __main__ -   	EPOCH:  21	MiniBatch:    4
02/25/2021 14:42:35 - INFO - __main__ -   	EPOCH:  21	MiniBatch:    5
02/25/2021 14:42:36 - INFO - __main__ -   	EPOCH:  21	MiniBatch:    6
02/25/2021 14:42:37 - INFO - __main__ -   	EPOCH:  21	MiniBatch:    7
02/25/2021 14:42:38 - INFO - __main__ -   	EPOCH:  21	MiniBatch:    8
02/25/2021 14:42:39 - INFO - __main__ -   	Testing dev Minibatch:    0
02/25/2021 14:42:40 - INFO - __main__ -   	Testing dev Minibatch:    1
02/25/2021 14:42:40 - INFO - __main__ -   	Testing dev Minibatch:    2
02/25/2021 14:42:40 - INFO - __main__ -   
Labels 	Prec. 	Recall	F1    	Supp  
Denial 	0.5000	0.6989	0.5830	279
Support	0.5781	0.4740	0.5209	289
Comment	0.5104	0.3936	0.4444	249
Queries	0.3714	0.3514	0.3611	37
MacroF1	0.4774
F1w_avg	0.5120
Acc    	51.9

02/25/2021 14:42:41 - INFO - __main__ -   	EPOCH:  22	MiniBatch:    0
02/25/2021 14:42:42 - INFO - __main__ -   	EPOCH:  22	MiniBatch:    1
02/25/2021 14:42:43 - INFO - __main__ -   	EPOCH:  22	MiniBatch:    2
02/25/2021 14:42:44 - INFO - __main__ -   	EPOCH:  22	MiniBatch:    3
02/25/2021 14:42:45 - INFO - __main__ -   	EPOCH:  22	MiniBatch:    4
02/25/2021 14:42:46 - INFO - __main__ -   	EPOCH:  22	MiniBatch:    5
02/25/2021 14:42:48 - INFO - __main__ -   	EPOCH:  22	MiniBatch:    6
02/25/2021 14:42:49 - INFO - __main__ -   	EPOCH:  22	MiniBatch:    7
02/25/2021 14:42:50 - INFO - __main__ -   	EPOCH:  22	MiniBatch:    8
02/25/2021 14:42:51 - INFO - __main__ -   	Testing dev Minibatch:    0
02/25/2021 14:42:51 - INFO - __main__ -   	Testing dev Minibatch:    1
02/25/2021 14:42:52 - INFO - __main__ -   	Testing dev Minibatch:    2
02/25/2021 14:42:52 - INFO - __main__ -   
Labels 	Prec. 	Recall	F1    	Supp  
Denial 	0.5397	0.7061	0.6118	279
Support	0.5851	0.4879	0.5321	289
Comment	0.5346	0.4659	0.4979	249
Queries	0.3871	0.3243	0.3529	37
MacroF1	0.4987
F1w_avg	0.5404
Acc    	54.6

02/25/2021 14:42:54 - INFO - __main__ -   	EPOCH:  23	MiniBatch:    0
02/25/2021 14:42:55 - INFO - __main__ -   	EPOCH:  23	MiniBatch:    1
02/25/2021 14:42:56 - INFO - __main__ -   	EPOCH:  23	MiniBatch:    2
02/25/2021 14:42:58 - INFO - __main__ -   	EPOCH:  23	MiniBatch:    3
02/25/2021 14:42:59 - INFO - __main__ -   	EPOCH:  23	MiniBatch:    4
02/25/2021 14:43:00 - INFO - __main__ -   	EPOCH:  23	MiniBatch:    5
02/25/2021 14:43:01 - INFO - __main__ -   	EPOCH:  23	MiniBatch:    6
02/25/2021 14:43:02 - INFO - __main__ -   	EPOCH:  23	MiniBatch:    7
02/25/2021 14:43:03 - INFO - __main__ -   	EPOCH:  23	MiniBatch:    8
02/25/2021 14:43:04 - INFO - __main__ -   	Testing dev Minibatch:    0
02/25/2021 14:43:05 - INFO - __main__ -   	Testing dev Minibatch:    1
02/25/2021 14:43:05 - INFO - __main__ -   	Testing dev Minibatch:    2
02/25/2021 14:43:06 - INFO - __main__ -   
Labels 	Prec. 	Recall	F1    	Supp  
Denial 	0.5259	0.7276	0.6105	279
Support	0.6129	0.4602	0.5257	289
Comment	0.5286	0.4819	0.5042	249
Queries	0.3750	0.2432	0.2951	37
MacroF1	0.4839
F1w_avg	0.5371
Acc    	54.4

02/25/2021 14:43:06 - INFO - __main__ -   	EPOCH:  24	MiniBatch:    0
02/25/2021 14:43:07 - INFO - __main__ -   	EPOCH:  24	MiniBatch:    1
02/25/2021 14:43:08 - INFO - __main__ -   	EPOCH:  24	MiniBatch:    2
02/25/2021 14:43:09 - INFO - __main__ -   	EPOCH:  24	MiniBatch:    3
02/25/2021 14:43:11 - INFO - __main__ -   	EPOCH:  24	MiniBatch:    4
02/25/2021 14:43:12 - INFO - __main__ -   	EPOCH:  24	MiniBatch:    5
02/25/2021 14:43:13 - INFO - __main__ -   	EPOCH:  24	MiniBatch:    6
02/25/2021 14:43:14 - INFO - __main__ -   	EPOCH:  24	MiniBatch:    7
02/25/2021 14:43:15 - INFO - __main__ -   	EPOCH:  24	MiniBatch:    8
02/25/2021 14:43:16 - INFO - __main__ -   	Testing dev Minibatch:    0
02/25/2021 14:43:17 - INFO - __main__ -   	Testing dev Minibatch:    1
02/25/2021 14:43:17 - INFO - __main__ -   	Testing dev Minibatch:    2
02/25/2021 14:43:17 - INFO - __main__ -   
Labels 	Prec. 	Recall	F1    	Supp  
Denial 	0.5220	0.7670	0.6212	279
Support	0.6099	0.4706	0.5312	289
Comment	0.5479	0.4137	0.4714	249
Queries	0.3333	0.2973	0.3143	37
MacroF1	0.4845
F1w_avg	0.5338
Acc    	54.3

02/25/2021 14:43:18 - INFO - __main__ -   	EPOCH:  25	MiniBatch:    0
02/25/2021 14:43:19 - INFO - __main__ -   	EPOCH:  25	MiniBatch:    1
02/25/2021 14:43:20 - INFO - __main__ -   	EPOCH:  25	MiniBatch:    2
02/25/2021 14:43:21 - INFO - __main__ -   	EPOCH:  25	MiniBatch:    3
02/25/2021 14:43:22 - INFO - __main__ -   	EPOCH:  25	MiniBatch:    4
02/25/2021 14:43:23 - INFO - __main__ -   	EPOCH:  25	MiniBatch:    5
02/25/2021 14:43:25 - INFO - __main__ -   	EPOCH:  25	MiniBatch:    6
02/25/2021 14:43:26 - INFO - __main__ -   	EPOCH:  25	MiniBatch:    7
02/25/2021 14:43:27 - INFO - __main__ -   	EPOCH:  25	MiniBatch:    8
02/25/2021 14:43:28 - INFO - __main__ -   	Testing dev Minibatch:    0
02/25/2021 14:43:28 - INFO - __main__ -   	Testing dev Minibatch:    1
02/25/2021 14:43:29 - INFO - __main__ -   	Testing dev Minibatch:    2
02/25/2021 14:43:29 - INFO - __main__ -   
Labels 	Prec. 	Recall	F1    	Supp  
Denial 	0.6025	0.6953	0.6456	279
Support	0.5729	0.5848	0.5788	289
Comment	0.5395	0.4659	0.5000	249
Queries	0.4091	0.2432	0.3051	37
MacroF1	0.5074
F1w_avg	0.5658
Acc    	57.1

02/25/2021 14:43:31 - INFO - __main__ -   	EPOCH:  26	MiniBatch:    0
02/25/2021 14:43:32 - INFO - __main__ -   	EPOCH:  26	MiniBatch:    1
02/25/2021 14:43:33 - INFO - __main__ -   	EPOCH:  26	MiniBatch:    2
02/25/2021 14:43:34 - INFO - __main__ -   	EPOCH:  26	MiniBatch:    3
02/25/2021 14:43:36 - INFO - __main__ -   	EPOCH:  26	MiniBatch:    4
02/25/2021 14:43:37 - INFO - __main__ -   	EPOCH:  26	MiniBatch:    5
02/25/2021 14:43:38 - INFO - __main__ -   	EPOCH:  26	MiniBatch:    6
02/25/2021 14:43:39 - INFO - __main__ -   	EPOCH:  26	MiniBatch:    7
02/25/2021 14:43:40 - INFO - __main__ -   	EPOCH:  26	MiniBatch:    8
02/25/2021 14:43:41 - INFO - __main__ -   	Testing dev Minibatch:    0
02/25/2021 14:43:42 - INFO - __main__ -   	Testing dev Minibatch:    1
02/25/2021 14:43:42 - INFO - __main__ -   	Testing dev Minibatch:    2
02/25/2021 14:43:42 - INFO - __main__ -   
Labels 	Prec. 	Recall	F1    	Supp  
Denial 	0.5567	0.7563	0.6413	279
Support	0.6179	0.5260	0.5682	289
Comment	0.5377	0.4297	0.4777	249
Queries	0.3333	0.2703	0.2985	37
MacroF1	0.4964
F1w_avg	0.5540
Acc    	56.2

02/25/2021 14:43:43 - INFO - __main__ -   	EPOCH:  27	MiniBatch:    0
02/25/2021 14:43:44 - INFO - __main__ -   	EPOCH:  27	MiniBatch:    1
02/25/2021 14:43:45 - INFO - __main__ -   	EPOCH:  27	MiniBatch:    2
02/25/2021 14:43:46 - INFO - __main__ -   	EPOCH:  27	MiniBatch:    3
02/25/2021 14:43:47 - INFO - __main__ -   	EPOCH:  27	MiniBatch:    4
02/25/2021 14:43:49 - INFO - __main__ -   	EPOCH:  27	MiniBatch:    5
02/25/2021 14:43:50 - INFO - __main__ -   	EPOCH:  27	MiniBatch:    6
02/25/2021 14:43:51 - INFO - __main__ -   	EPOCH:  27	MiniBatch:    7
02/25/2021 14:43:52 - INFO - __main__ -   	EPOCH:  27	MiniBatch:    8
02/25/2021 14:43:53 - INFO - __main__ -   	Testing dev Minibatch:    0
02/25/2021 14:43:53 - INFO - __main__ -   	Testing dev Minibatch:    1
02/25/2021 14:43:54 - INFO - __main__ -   	Testing dev Minibatch:    2
02/25/2021 14:43:54 - INFO - __main__ -   
Labels 	Prec. 	Recall	F1    	Supp  
Denial 	0.5274	0.7599	0.6226	279
Support	0.6283	0.4913	0.5515	289
Comment	0.5388	0.4458	0.4879	249
Queries	0.3000	0.1622	0.2105	37
MacroF1	0.4681
F1w_avg	0.5414
Acc    	55.2

02/25/2021 14:43:54 - INFO - __main__ -   	EPOCH:  28	MiniBatch:    0
02/25/2021 14:43:56 - INFO - __main__ -   	EPOCH:  28	MiniBatch:    1
02/25/2021 14:43:57 - INFO - __main__ -   	EPOCH:  28	MiniBatch:    2
02/25/2021 14:43:58 - INFO - __main__ -   	EPOCH:  28	MiniBatch:    3
02/25/2021 14:43:59 - INFO - __main__ -   	EPOCH:  28	MiniBatch:    4
02/25/2021 14:44:00 - INFO - __main__ -   	EPOCH:  28	MiniBatch:    5
02/25/2021 14:44:01 - INFO - __main__ -   	EPOCH:  28	MiniBatch:    6
02/25/2021 14:44:03 - INFO - __main__ -   	EPOCH:  28	MiniBatch:    7
02/25/2021 14:44:04 - INFO - __main__ -   	EPOCH:  28	MiniBatch:    8
02/25/2021 14:44:05 - INFO - __main__ -   	Testing dev Minibatch:    0
02/25/2021 14:44:05 - INFO - __main__ -   	Testing dev Minibatch:    1
02/25/2021 14:44:06 - INFO - __main__ -   	Testing dev Minibatch:    2
02/25/2021 14:44:06 - INFO - __main__ -   
Labels 	Prec. 	Recall	F1    	Supp  
Denial 	0.5166	0.7814	0.6220	279
Support	0.6128	0.4983	0.5496	289
Comment	0.5257	0.3695	0.4340	249
Queries	0.2727	0.1622	0.2034	37
MacroF1	0.4522
F1w_avg	0.5245
Acc    	53.9

02/25/2021 14:44:06 - INFO - __main__ -   	EPOCH:  29	MiniBatch:    0
02/25/2021 14:44:07 - INFO - __main__ -   	EPOCH:  29	MiniBatch:    1
02/25/2021 14:44:09 - INFO - __main__ -   	EPOCH:  29	MiniBatch:    2
02/25/2021 14:44:10 - INFO - __main__ -   	EPOCH:  29	MiniBatch:    3
02/25/2021 14:44:11 - INFO - __main__ -   	EPOCH:  29	MiniBatch:    4
02/25/2021 14:44:12 - INFO - __main__ -   	EPOCH:  29	MiniBatch:    5
02/25/2021 14:44:13 - INFO - __main__ -   	EPOCH:  29	MiniBatch:    6
02/25/2021 14:44:14 - INFO - __main__ -   	EPOCH:  29	MiniBatch:    7
02/25/2021 14:44:16 - INFO - __main__ -   	EPOCH:  29	MiniBatch:    8
02/25/2021 14:44:17 - INFO - __main__ -   	Testing dev Minibatch:    0
02/25/2021 14:44:17 - INFO - __main__ -   	Testing dev Minibatch:    1
02/25/2021 14:44:17 - INFO - __main__ -   	Testing dev Minibatch:    2
02/25/2021 14:44:18 - INFO - __main__ -   
Labels 	Prec. 	Recall	F1    	Supp  
Denial 	0.4966	0.7885	0.6094	279
Support	0.6373	0.4256	0.5104	289
Comment	0.5150	0.4137	0.4588	249
Queries	0.2778	0.1351	0.1818	37
MacroF1	0.4401
F1w_avg	0.5135
Acc    	52.8

02/25/2021 14:44:18 - INFO - __main__ -   	EPOCH:  30	MiniBatch:    0
02/25/2021 14:44:19 - INFO - __main__ -   	EPOCH:  30	MiniBatch:    1
02/25/2021 14:44:20 - INFO - __main__ -   	EPOCH:  30	MiniBatch:    2
02/25/2021 14:44:22 - INFO - __main__ -   	EPOCH:  30	MiniBatch:    3
02/25/2021 14:44:23 - INFO - __main__ -   	EPOCH:  30	MiniBatch:    4
02/25/2021 14:44:24 - INFO - __main__ -   	EPOCH:  30	MiniBatch:    5
02/25/2021 14:44:25 - INFO - __main__ -   	EPOCH:  30	MiniBatch:    6
02/25/2021 14:44:26 - INFO - __main__ -   	EPOCH:  30	MiniBatch:    7
02/25/2021 14:44:27 - INFO - __main__ -   	EPOCH:  30	MiniBatch:    8
02/25/2021 14:44:28 - INFO - __main__ -   	Testing dev Minibatch:    0
02/25/2021 14:44:29 - INFO - __main__ -   	Testing dev Minibatch:    1
02/25/2021 14:44:29 - INFO - __main__ -   	Testing dev Minibatch:    2
02/25/2021 14:44:29 - INFO - __main__ -   
Labels 	Prec. 	Recall	F1    	Supp  
Denial 	0.4967	0.8136	0.6168	279
Support	0.6070	0.4810	0.5367	289
Comment	0.5705	0.3574	0.4395	249
Queries	0.4167	0.1351	0.2041	37
MacroF1	0.4493
F1w_avg	0.5201
Acc    	53.9

02/25/2021 14:44:30 - INFO - __main__ -   	EPOCH:  31	MiniBatch:    0
02/25/2021 14:44:31 - INFO - __main__ -   	EPOCH:  31	MiniBatch:    1
02/25/2021 14:44:32 - INFO - __main__ -   	EPOCH:  31	MiniBatch:    2
02/25/2021 14:44:33 - INFO - __main__ -   	EPOCH:  31	MiniBatch:    3
02/25/2021 14:44:34 - INFO - __main__ -   	EPOCH:  31	MiniBatch:    4
02/25/2021 14:44:36 - INFO - __main__ -   	EPOCH:  31	MiniBatch:    5
02/25/2021 14:44:37 - INFO - __main__ -   	EPOCH:  31	MiniBatch:    6
02/25/2021 14:44:38 - INFO - __main__ -   	EPOCH:  31	MiniBatch:    7
02/25/2021 14:44:39 - INFO - __main__ -   	EPOCH:  31	MiniBatch:    8
02/25/2021 14:44:40 - INFO - __main__ -   	Testing dev Minibatch:    0
02/25/2021 14:44:40 - INFO - __main__ -   	Testing dev Minibatch:    1
02/25/2021 14:44:41 - INFO - __main__ -   	Testing dev Minibatch:    2
02/25/2021 14:44:41 - INFO - __main__ -   
Labels 	Prec. 	Recall	F1    	Supp  
Denial 	0.5247	0.7993	0.6335	279
Support	0.6025	0.5087	0.5516	289
Comment	0.5655	0.3815	0.4556	249
Queries	0.4118	0.1892	0.2593	37
MacroF1	0.4750
F1w_avg	0.5377
Acc    	55.3

02/25/2021 14:44:42 - INFO - __main__ -   	EPOCH:  32	MiniBatch:    0
02/25/2021 14:44:43 - INFO - __main__ -   	EPOCH:  32	MiniBatch:    1
02/25/2021 14:44:44 - INFO - __main__ -   	EPOCH:  32	MiniBatch:    2
02/25/2021 14:44:45 - INFO - __main__ -   	EPOCH:  32	MiniBatch:    3
02/25/2021 14:44:46 - INFO - __main__ -   	EPOCH:  32	MiniBatch:    4
02/25/2021 14:44:47 - INFO - __main__ -   	EPOCH:  32	MiniBatch:    5
02/25/2021 14:44:49 - INFO - __main__ -   	EPOCH:  32	MiniBatch:    6
02/25/2021 14:44:50 - INFO - __main__ -   	EPOCH:  32	MiniBatch:    7
02/25/2021 14:44:51 - INFO - __main__ -   	EPOCH:  32	MiniBatch:    8
02/25/2021 14:44:52 - INFO - __main__ -   	Testing dev Minibatch:    0
02/25/2021 14:44:52 - INFO - __main__ -   	Testing dev Minibatch:    1
02/25/2021 14:44:53 - INFO - __main__ -   	Testing dev Minibatch:    2
02/25/2021 14:44:53 - INFO - __main__ -   
Labels 	Prec. 	Recall	F1    	Supp  
Denial 	0.5212	0.7921	0.6287	279
Support	0.5827	0.5121	0.5451	289
Comment	0.5679	0.3695	0.4477	249
Queries	0.4286	0.1622	0.2353	37
MacroF1	0.4642
F1w_avg	0.5306
Acc    	54.7

02/25/2021 14:44:53 - INFO - __main__ -   	EPOCH:  33	MiniBatch:    0
02/25/2021 14:44:54 - INFO - __main__ -   	EPOCH:  33	MiniBatch:    1
02/25/2021 14:44:56 - INFO - __main__ -   	EPOCH:  33	MiniBatch:    2
02/25/2021 14:44:57 - INFO - __main__ -   	EPOCH:  33	MiniBatch:    3
02/25/2021 14:44:58 - INFO - __main__ -   	EPOCH:  33	MiniBatch:    4
02/25/2021 14:44:59 - INFO - __main__ -   	EPOCH:  33	MiniBatch:    5
02/25/2021 14:45:00 - INFO - __main__ -   	EPOCH:  33	MiniBatch:    6
02/25/2021 14:45:02 - INFO - __main__ -   	EPOCH:  33	MiniBatch:    7
02/25/2021 14:45:03 - INFO - __main__ -   	EPOCH:  33	MiniBatch:    8
02/25/2021 14:45:04 - INFO - __main__ -   	Testing dev Minibatch:    0
02/25/2021 14:45:04 - INFO - __main__ -   	Testing dev Minibatch:    1
02/25/2021 14:45:04 - INFO - __main__ -   	Testing dev Minibatch:    2
02/25/2021 14:45:05 - INFO - __main__ -   
Labels 	Prec. 	Recall	F1    	Supp  
Denial 	0.5616	0.7348	0.6366	279
Support	0.5904	0.5536	0.5714	289
Comment	0.5222	0.4257	0.4690	249
Queries	0.4000	0.1622	0.2308	37
MacroF1	0.4770
F1w_avg	0.5481
Acc    	55.9

02/25/2021 14:45:05 - INFO - __main__ -   	EPOCH:  34	MiniBatch:    0
02/25/2021 14:45:06 - INFO - __main__ -   	EPOCH:  34	MiniBatch:    1
02/25/2021 14:45:08 - INFO - __main__ -   	EPOCH:  34	MiniBatch:    2
02/25/2021 14:45:09 - INFO - __main__ -   	EPOCH:  34	MiniBatch:    3
02/25/2021 14:45:10 - INFO - __main__ -   	EPOCH:  34	MiniBatch:    4
02/25/2021 14:45:11 - INFO - __main__ -   	EPOCH:  34	MiniBatch:    5
02/25/2021 14:45:12 - INFO - __main__ -   	EPOCH:  34	MiniBatch:    6
02/25/2021 14:45:13 - INFO - __main__ -   	EPOCH:  34	MiniBatch:    7
02/25/2021 14:45:15 - INFO - __main__ -   	EPOCH:  34	MiniBatch:    8
02/25/2021 14:45:15 - INFO - __main__ -   	Testing dev Minibatch:    0
02/25/2021 14:45:16 - INFO - __main__ -   	Testing dev Minibatch:    1
02/25/2021 14:45:16 - INFO - __main__ -   	Testing dev Minibatch:    2
02/25/2021 14:45:17 - INFO - __main__ -   
Labels 	Prec. 	Recall	F1    	Supp  
Denial 	0.5807	0.7348	0.6487	279
Support	0.5659	0.6090	0.5867	289
Comment	0.5562	0.3976	0.4637	249
Queries	0.5000	0.1622	0.2449	37
MacroF1	0.4860
F1w_avg	0.5563
Acc    	56.9

02/25/2021 14:45:17 - INFO - __main__ -   	EPOCH:  35	MiniBatch:    0
02/25/2021 14:45:18 - INFO - __main__ -   	EPOCH:  35	MiniBatch:    1
02/25/2021 14:45:19 - INFO - __main__ -   	EPOCH:  35	MiniBatch:    2
02/25/2021 14:45:20 - INFO - __main__ -   	EPOCH:  35	MiniBatch:    3
02/25/2021 14:45:22 - INFO - __main__ -   	EPOCH:  35	MiniBatch:    4
02/25/2021 14:45:23 - INFO - __main__ -   	EPOCH:  35	MiniBatch:    5
02/25/2021 14:45:24 - INFO - __main__ -   	EPOCH:  35	MiniBatch:    6
02/25/2021 14:45:25 - INFO - __main__ -   	EPOCH:  35	MiniBatch:    7
02/25/2021 14:45:26 - INFO - __main__ -   	EPOCH:  35	MiniBatch:    8
02/25/2021 14:45:27 - INFO - __main__ -   	Testing dev Minibatch:    0
02/25/2021 14:45:28 - INFO - __main__ -   	Testing dev Minibatch:    1
02/25/2021 14:45:28 - INFO - __main__ -   	Testing dev Minibatch:    2
02/25/2021 14:45:28 - INFO - __main__ -   
Labels 	Prec. 	Recall	F1    	Supp  
Denial 	0.5618	0.7491	0.6421	279
Support	0.6032	0.5260	0.5619	289
Comment	0.5166	0.4378	0.4739	249
Queries	0.4211	0.2162	0.2857	37
MacroF1	0.4909
F1w_avg	0.5505
Acc    	56.0

02/25/2021 14:45:29 - INFO - __main__ -   	EPOCH:  36	MiniBatch:    0
02/25/2021 14:45:30 - INFO - __main__ -   	EPOCH:  36	MiniBatch:    1
02/25/2021 14:45:31 - INFO - __main__ -   	EPOCH:  36	MiniBatch:    2
02/25/2021 14:45:32 - INFO - __main__ -   	EPOCH:  36	MiniBatch:    3
02/25/2021 14:45:33 - INFO - __main__ -   	EPOCH:  36	MiniBatch:    4
02/25/2021 14:45:35 - INFO - __main__ -   	EPOCH:  36	MiniBatch:    5
02/25/2021 14:45:36 - INFO - __main__ -   	EPOCH:  36	MiniBatch:    6
02/25/2021 14:45:37 - INFO - __main__ -   	EPOCH:  36	MiniBatch:    7
02/25/2021 14:45:38 - INFO - __main__ -   	EPOCH:  36	MiniBatch:    8
02/25/2021 14:45:39 - INFO - __main__ -   	Testing dev Minibatch:    0
02/25/2021 14:45:39 - INFO - __main__ -   	Testing dev Minibatch:    1
02/25/2021 14:45:40 - INFO - __main__ -   	Testing dev Minibatch:    2
02/25/2021 14:45:40 - INFO - __main__ -   
Labels 	Prec. 	Recall	F1    	Supp  
Denial 	0.5466	0.7778	0.6420	279
Support	0.6091	0.5121	0.5564	289
Comment	0.5459	0.4297	0.4809	249
Queries	0.3889	0.1892	0.2545	37
MacroF1	0.4835
F1w_avg	0.5493
Acc    	56.1

02/25/2021 14:45:40 - INFO - __main__ -   	EPOCH:  37	MiniBatch:    0
02/25/2021 14:45:42 - INFO - __main__ -   	EPOCH:  37	MiniBatch:    1
02/25/2021 14:45:43 - INFO - __main__ -   	EPOCH:  37	MiniBatch:    2
02/25/2021 14:45:44 - INFO - __main__ -   	EPOCH:  37	MiniBatch:    3
02/25/2021 14:45:45 - INFO - __main__ -   	EPOCH:  37	MiniBatch:    4
02/25/2021 14:45:46 - INFO - __main__ -   	EPOCH:  37	MiniBatch:    5
02/25/2021 14:45:47 - INFO - __main__ -   	EPOCH:  37	MiniBatch:    6
02/25/2021 14:45:49 - INFO - __main__ -   	EPOCH:  37	MiniBatch:    7
02/25/2021 14:45:50 - INFO - __main__ -   	EPOCH:  37	MiniBatch:    8
02/25/2021 14:45:51 - INFO - __main__ -   	Testing dev Minibatch:    0
02/25/2021 14:45:51 - INFO - __main__ -   	Testing dev Minibatch:    1
02/25/2021 14:45:52 - INFO - __main__ -   	Testing dev Minibatch:    2
02/25/2021 14:45:52 - INFO - __main__ -   
Labels 	Prec. 	Recall	F1    	Supp  
Denial 	0.5718	0.7419	0.6459	279
Support	0.5846	0.5502	0.5668	289
Comment	0.5274	0.4257	0.4711	249
Queries	0.3684	0.1892	0.2500	37
MacroF1	0.4835
F1w_avg	0.5510
Acc    	56.1

02/25/2021 14:45:52 - INFO - __main__ -   	EPOCH:  38	MiniBatch:    0
02/25/2021 14:45:53 - INFO - __main__ -   	EPOCH:  38	MiniBatch:    1
02/25/2021 14:45:55 - INFO - __main__ -   	EPOCH:  38	MiniBatch:    2
02/25/2021 14:45:56 - INFO - __main__ -   	EPOCH:  38	MiniBatch:    3
02/25/2021 14:45:57 - INFO - __main__ -   	EPOCH:  38	MiniBatch:    4
02/25/2021 14:45:58 - INFO - __main__ -   	EPOCH:  38	MiniBatch:    5
02/25/2021 14:45:59 - INFO - __main__ -   	EPOCH:  38	MiniBatch:    6
02/25/2021 14:46:00 - INFO - __main__ -   	EPOCH:  38	MiniBatch:    7
02/25/2021 14:46:02 - INFO - __main__ -   	EPOCH:  38	MiniBatch:    8
02/25/2021 14:46:02 - INFO - __main__ -   	Testing dev Minibatch:    0
02/25/2021 14:46:03 - INFO - __main__ -   	Testing dev Minibatch:    1
02/25/2021 14:46:03 - INFO - __main__ -   	Testing dev Minibatch:    2
02/25/2021 14:46:04 - INFO - __main__ -   
Labels 	Prec. 	Recall	F1    	Supp  
Denial 	0.5591	0.7455	0.6390	279
Support	0.5967	0.5017	0.5451	289
Comment	0.5089	0.4578	0.4820	249
Queries	0.4000	0.1622	0.2308	37
MacroF1	0.4742
F1w_avg	0.5438
Acc    	55.4

02/25/2021 14:46:04 - INFO - __main__ -   	EPOCH:  39	MiniBatch:    0
02/25/2021 14:46:05 - INFO - __main__ -   	EPOCH:  39	MiniBatch:    1
02/25/2021 14:46:06 - INFO - __main__ -   	EPOCH:  39	MiniBatch:    2
02/25/2021 14:46:07 - INFO - __main__ -   	EPOCH:  39	MiniBatch:    3
02/25/2021 14:46:09 - INFO - __main__ -   	EPOCH:  39	MiniBatch:    4
02/25/2021 14:46:10 - INFO - __main__ -   	EPOCH:  39	MiniBatch:    5
02/25/2021 14:46:11 - INFO - __main__ -   	EPOCH:  39	MiniBatch:    6
02/25/2021 14:46:12 - INFO - __main__ -   	EPOCH:  39	MiniBatch:    7
02/25/2021 14:46:13 - INFO - __main__ -   	EPOCH:  39	MiniBatch:    8
02/25/2021 14:46:14 - INFO - __main__ -   	Testing dev Minibatch:    0
02/25/2021 14:46:15 - INFO - __main__ -   	Testing dev Minibatch:    1
02/25/2021 14:46:15 - INFO - __main__ -   	Testing dev Minibatch:    2
02/25/2021 14:46:16 - INFO - __main__ -   
Labels 	Prec. 	Recall	F1    	Supp  
Denial 	0.5524	0.7563	0.6384	279
Support	0.6508	0.4256	0.5146	289
Comment	0.5077	0.5301	0.5187	249
Queries	0.3478	0.2162	0.2667	37
MacroF1	0.4846
F1w_avg	0.5455
Acc    	55.5

02/25/2021 14:46:16 - INFO - __main__ -   	EPOCH:  40	MiniBatch:    0
02/25/2021 14:46:17 - INFO - __main__ -   	EPOCH:  40	MiniBatch:    1
02/25/2021 14:46:18 - INFO - __main__ -   	EPOCH:  40	MiniBatch:    2
02/25/2021 14:46:19 - INFO - __main__ -   	EPOCH:  40	MiniBatch:    3
02/25/2021 14:46:21 - INFO - __main__ -   	EPOCH:  40	MiniBatch:    4
02/25/2021 14:46:22 - INFO - __main__ -   	EPOCH:  40	MiniBatch:    5
02/25/2021 14:46:23 - INFO - __main__ -   	EPOCH:  40	MiniBatch:    6
02/25/2021 14:46:24 - INFO - __main__ -   	EPOCH:  40	MiniBatch:    7
02/25/2021 14:46:25 - INFO - __main__ -   	EPOCH:  40	MiniBatch:    8
02/25/2021 14:46:26 - INFO - __main__ -   	Testing dev Minibatch:    0
02/25/2021 14:46:27 - INFO - __main__ -   	Testing dev Minibatch:    1
02/25/2021 14:46:27 - INFO - __main__ -   	Testing dev Minibatch:    2
02/25/2021 14:46:27 - INFO - __main__ -   
Labels 	Prec. 	Recall	F1    	Supp  
Denial 	0.6192	0.7168	0.6645	279
Support	0.5651	0.6159	0.5894	289
Comment	0.5202	0.4137	0.4609	249
Queries	0.3889	0.1892	0.2545	37
MacroF1	0.4923
F1w_avg	0.5619
Acc    	57.1

02/25/2021 14:46:28 - INFO - __main__ -   	EPOCH:  41	MiniBatch:    0
02/25/2021 14:46:29 - INFO - __main__ -   	EPOCH:  41	MiniBatch:    1
02/25/2021 14:46:30 - INFO - __main__ -   	EPOCH:  41	MiniBatch:    2
02/25/2021 14:46:31 - INFO - __main__ -   	EPOCH:  41	MiniBatch:    3
02/25/2021 14:46:32 - INFO - __main__ -   	EPOCH:  41	MiniBatch:    4
02/25/2021 14:46:33 - INFO - __main__ -   	EPOCH:  41	MiniBatch:    5
02/25/2021 14:46:35 - INFO - __main__ -   	EPOCH:  41	MiniBatch:    6
02/25/2021 14:46:36 - INFO - __main__ -   	EPOCH:  41	MiniBatch:    7
02/25/2021 14:46:37 - INFO - __main__ -   	EPOCH:  41	MiniBatch:    8
02/25/2021 14:46:38 - INFO - __main__ -   	Testing dev Minibatch:    0
02/25/2021 14:46:38 - INFO - __main__ -   	Testing dev Minibatch:    1
02/25/2021 14:46:39 - INFO - __main__ -   	Testing dev Minibatch:    2
02/25/2021 14:46:39 - INFO - __main__ -   
Labels 	Prec. 	Recall	F1    	Supp  
Denial 	0.5983	0.7527	0.6667	279
Support	0.5631	0.6021	0.5819	289
Comment	0.5506	0.3936	0.4590	249
Queries	0.3750	0.1622	0.2264	37
MacroF1	0.4835
F1w_avg	0.5584
Acc    	57.1

02/25/2021 14:46:39 - INFO - __main__ -   	EPOCH:  42	MiniBatch:    0
02/25/2021 14:46:40 - INFO - __main__ -   	EPOCH:  42	MiniBatch:    1
02/25/2021 14:46:42 - INFO - __main__ -   	EPOCH:  42	MiniBatch:    2
02/25/2021 14:46:43 - INFO - __main__ -   	EPOCH:  42	MiniBatch:    3
02/25/2021 14:46:44 - INFO - __main__ -   	EPOCH:  42	MiniBatch:    4
02/25/2021 14:46:45 - INFO - __main__ -   	EPOCH:  42	MiniBatch:    5
02/25/2021 14:46:46 - INFO - __main__ -   	EPOCH:  42	MiniBatch:    6
02/25/2021 14:46:48 - INFO - __main__ -   	EPOCH:  42	MiniBatch:    7
02/25/2021 14:46:49 - INFO - __main__ -   	EPOCH:  42	MiniBatch:    8
02/25/2021 14:46:50 - INFO - __main__ -   	Testing dev Minibatch:    0
02/25/2021 14:46:50 - INFO - __main__ -   	Testing dev Minibatch:    1
02/25/2021 14:46:50 - INFO - __main__ -   	Testing dev Minibatch:    2
02/25/2021 14:46:51 - INFO - __main__ -   
Labels 	Prec. 	Recall	F1    	Supp  
Denial 	0.5468	0.7957	0.6482	279
Support	0.5970	0.5536	0.5745	289
Comment	0.5828	0.3815	0.4612	249
Queries	0.4706	0.2162	0.2963	37
MacroF1	0.4950
F1w_avg	0.5535
Acc    	56.8

02/25/2021 14:46:51 - INFO - __main__ -   	EPOCH:  43	MiniBatch:    0
02/25/2021 14:46:52 - INFO - __main__ -   	EPOCH:  43	MiniBatch:    1
02/25/2021 14:46:53 - INFO - __main__ -   	EPOCH:  43	MiniBatch:    2
02/25/2021 14:46:55 - INFO - __main__ -   	EPOCH:  43	MiniBatch:    3
02/25/2021 14:46:56 - INFO - __main__ -   	EPOCH:  43	MiniBatch:    4
02/25/2021 14:46:57 - INFO - __main__ -   	EPOCH:  43	MiniBatch:    5
02/25/2021 14:46:58 - INFO - __main__ -   	EPOCH:  43	MiniBatch:    6
02/25/2021 14:46:59 - INFO - __main__ -   	EPOCH:  43	MiniBatch:    7
02/25/2021 14:47:00 - INFO - __main__ -   	EPOCH:  43	MiniBatch:    8
02/25/2021 14:47:01 - INFO - __main__ -   	Testing dev Minibatch:    0
02/25/2021 14:47:02 - INFO - __main__ -   	Testing dev Minibatch:    1
02/25/2021 14:47:02 - INFO - __main__ -   	Testing dev Minibatch:    2
02/25/2021 14:47:03 - INFO - __main__ -   
Labels 	Prec. 	Recall	F1    	Supp  
Denial 	0.5536	0.7778	0.6468	279
Support	0.5719	0.6055	0.5882	289
Comment	0.6170	0.3494	0.4462	249
Queries	0.4000	0.1622	0.2308	37
MacroF1	0.4780
F1w_avg	0.5505
Acc    	56.8

02/25/2021 14:47:03 - INFO - __main__ -   	EPOCH:  44	MiniBatch:    0
02/25/2021 14:47:04 - INFO - __main__ -   	EPOCH:  44	MiniBatch:    1
02/25/2021 14:47:05 - INFO - __main__ -   	EPOCH:  44	MiniBatch:    2
02/25/2021 14:47:06 - INFO - __main__ -   	EPOCH:  44	MiniBatch:    3
02/25/2021 14:47:08 - INFO - __main__ -   	EPOCH:  44	MiniBatch:    4
02/25/2021 14:47:09 - INFO - __main__ -   	EPOCH:  44	MiniBatch:    5
02/25/2021 14:47:10 - INFO - __main__ -   	EPOCH:  44	MiniBatch:    6
02/25/2021 14:47:11 - INFO - __main__ -   	EPOCH:  44	MiniBatch:    7
02/25/2021 14:47:12 - INFO - __main__ -   	EPOCH:  44	MiniBatch:    8
02/25/2021 14:47:13 - INFO - __main__ -   	Testing dev Minibatch:    0
02/25/2021 14:47:14 - INFO - __main__ -   	Testing dev Minibatch:    1
02/25/2021 14:47:14 - INFO - __main__ -   	Testing dev Minibatch:    2
02/25/2021 14:47:14 - INFO - __main__ -   
Labels 	Prec. 	Recall	F1    	Supp  
Denial 	0.5269	0.8065	0.6374	279
Support	0.6067	0.5017	0.5492	289
Comment	0.5497	0.3775	0.4476	249
Queries	0.3529	0.1622	0.2222	37
MacroF1	0.4641
F1w_avg	0.5342
Acc    	55.0

02/25/2021 14:47:15 - INFO - __main__ -   	EPOCH:  45	MiniBatch:    0
02/25/2021 14:47:16 - INFO - __main__ -   	EPOCH:  45	MiniBatch:    1
02/25/2021 14:47:17 - INFO - __main__ -   	EPOCH:  45	MiniBatch:    2
02/25/2021 14:47:18 - INFO - __main__ -   	EPOCH:  45	MiniBatch:    3
02/25/2021 14:47:19 - INFO - __main__ -   	EPOCH:  45	MiniBatch:    4
02/25/2021 14:47:20 - INFO - __main__ -   	EPOCH:  45	MiniBatch:    5
02/25/2021 14:47:22 - INFO - __main__ -   	EPOCH:  45	MiniBatch:    6
02/25/2021 14:47:23 - INFO - __main__ -   	EPOCH:  45	MiniBatch:    7
02/25/2021 14:47:24 - INFO - __main__ -   	EPOCH:  45	MiniBatch:    8
02/25/2021 14:47:25 - INFO - __main__ -   	Testing dev Minibatch:    0
02/25/2021 14:47:25 - INFO - __main__ -   	Testing dev Minibatch:    1
02/25/2021 14:47:26 - INFO - __main__ -   	Testing dev Minibatch:    2
02/25/2021 14:47:26 - INFO - __main__ -   
Labels 	Prec. 	Recall	F1    	Supp  
Denial 	0.5455	0.7742	0.6400	279
Support	0.6133	0.4775	0.5370	289
Comment	0.5349	0.4618	0.4957	249
Queries	0.4444	0.2162	0.2909	37
MacroF1	0.4909
F1w_avg	0.5479
Acc    	55.9

02/25/2021 14:47:26 - INFO - __main__ -   No improvements in F1 for 20 epochs
02/25/2021 14:47:27 - INFO - __main__ -   	Testing test Minibatch:    0
02/25/2021 14:47:27 - INFO - __main__ -   	Testing test Minibatch:    1
02/25/2021 14:47:28 - INFO - __main__ -   	Testing test Minibatch:    2
02/25/2021 14:47:28 - INFO - __main__ -   
Labels 	Prec. 	Recall	F1    	Supp  
Denial 	0.6278	0.6358	0.6317	313
Support	0.5322	0.5947	0.5617	264
Comment	0.5694	0.4940	0.5290	249
Queries	0.2692	0.2500	0.2593	28
MacroF1	0.4954
F1w_avg	0.5679
Acc    	56.9

02/25/2021 14:47:28 - INFO - __main__ -   Time taken: 0h 9m 36s
