02/25/2021 14:22:27 - INFO - __main__ -   ----------------- Hyperparameters ------------------
02/25/2021 14:22:27 - INFO - __main__ -   ======== my_Bertweet =========
02/25/2021 14:22:27 - INFO - __main__ -   ===== Hyperparameters ======
02/25/2021 14:22:27 - INFO - __main__ -   ('batch_train', 300)
02/25/2021 14:22:27 - INFO - __main__ -   ('batch_test', 300)
02/25/2021 14:22:27 - INFO - __main__ -   ('epochs', 100)
02/25/2021 14:22:27 - INFO - __main__ -   ('learning_rate', 2e-05)
02/25/2021 14:22:27 - INFO - __main__ -   ('optimizer', 'adam')
02/25/2021 14:22:27 - INFO - __main__ -   ('do_train', True)
02/25/2021 14:22:27 - INFO - __main__ -   ('do_test', True)
02/25/2021 14:22:27 - INFO - __main__ -   ('model_name', 'my_Bertweet')
02/25/2021 14:22:27 - INFO - __main__ -   ('exp_name', 'exp36')
02/25/2021 14:22:27 - INFO - __main__ -   ('train_data', './data/train_set_128_bertweet.bin')
02/25/2021 14:22:27 - INFO - __main__ -   ('test_data', './data/test_set_128_bertweet.bin')
02/25/2021 14:22:27 - INFO - __main__ -   ('k_folds', 4)
02/25/2021 14:22:27 - INFO - __main__ -   ('folds2run', 1)
02/25/2021 14:22:27 - INFO - __main__ -   ('debug', False)
02/25/2021 14:22:27 - INFO - __main__ -   ('log_interval', 1)
02/25/2021 14:22:27 - INFO - __main__ -   ('loss_fn', 'ce_loss')
02/25/2021 14:22:27 - INFO - __main__ -   ('w_sample', True)
02/25/2021 14:22:27 - INFO - __main__ -   ('pretrain_model', '')
02/25/2021 14:22:27 - INFO - __main__ -   ('epochs2giveup', 20)
02/25/2021 14:22:27 - INFO - __main__ -   batch_train: 300
02/25/2021 14:22:27 - INFO - __main__ -   batch_test:  300
02/25/2021 14:22:27 - INFO - __main__ -   epochs: 100 
02/25/2021 14:22:27 - INFO - __main__ -   learning_rate: 0.000020
02/25/2021 14:22:27 - INFO - __main__ -   optimizer: adam
02/25/2021 14:22:27 - INFO - __main__ -   debug: False
02/25/2021 14:22:27 - INFO - __main__ -   ------------------ Getting model -------------------
02/25/2021 14:22:34 - INFO - __main__ -   --------------- Getting dataframes -----------------
02/25/2021 14:22:34 - INFO - __main__ -   ------- Setting loss function and optimizer --------
02/25/2021 14:22:34 - INFO - __main__ -   ------------ Converting to dataloaders -------------
02/25/2021 14:22:34 - INFO - __main__ -   956
02/25/2021 14:22:34 - INFO - __main__ -   816
02/25/2021 14:22:34 - INFO - __main__ -   706
02/25/2021 14:22:34 - INFO - __main__ -   85
02/25/2021 14:22:34 - INFO - __main__ -   ---------------- Starting training -----------------
02/25/2021 14:22:35 - INFO - __main__ -   	EPOCH:   0	MiniBatch:    0
02/25/2021 14:22:38 - INFO - __main__ -   	EPOCH:   0	MiniBatch:    1
02/25/2021 14:22:39 - INFO - __main__ -   	EPOCH:   0	MiniBatch:    2
02/25/2021 14:22:40 - INFO - __main__ -   	EPOCH:   0	MiniBatch:    3
02/25/2021 14:22:41 - INFO - __main__ -   	EPOCH:   0	MiniBatch:    4
02/25/2021 14:22:43 - INFO - __main__ -   	EPOCH:   0	MiniBatch:    5
02/25/2021 14:22:44 - INFO - __main__ -   	EPOCH:   0	MiniBatch:    6
02/25/2021 14:22:45 - INFO - __main__ -   	EPOCH:   0	MiniBatch:    7
02/25/2021 14:22:46 - INFO - __main__ -   	EPOCH:   0	MiniBatch:    8
02/25/2021 14:22:47 - INFO - __main__ -   	Testing dev Minibatch:    0
02/25/2021 14:22:47 - INFO - __main__ -   	Testing dev Minibatch:    1
02/25/2021 14:22:48 - INFO - __main__ -   	Testing dev Minibatch:    2
02/25/2021 14:22:48 - INFO - __main__ -   
Labels 	Prec. 	Recall	F1    	Supp  
Denial 	0.3516	0.5520	0.4296	279
Support	0.4558	0.3391	0.3889	289
Comment	0.0000	0.0000	0.0000	249
Queries	0.0597	0.3243	0.1008	37
MacroF1	0.2298
F1w_avg	0.2763
Acc    	30.9

02/25/2021 14:22:49 - INFO - __main__ -   	EPOCH:   1	MiniBatch:    0
02/25/2021 14:22:50 - INFO - __main__ -   	EPOCH:   1	MiniBatch:    1
02/25/2021 14:22:51 - INFO - __main__ -   	EPOCH:   1	MiniBatch:    2
02/25/2021 14:22:52 - INFO - __main__ -   	EPOCH:   1	MiniBatch:    3
02/25/2021 14:22:54 - INFO - __main__ -   	EPOCH:   1	MiniBatch:    4
02/25/2021 14:22:55 - INFO - __main__ -   	EPOCH:   1	MiniBatch:    5
02/25/2021 14:22:56 - INFO - __main__ -   	EPOCH:   1	MiniBatch:    6
02/25/2021 14:22:57 - INFO - __main__ -   	EPOCH:   1	MiniBatch:    7
02/25/2021 14:22:58 - INFO - __main__ -   	EPOCH:   1	MiniBatch:    8
02/25/2021 14:22:59 - INFO - __main__ -   	Testing dev Minibatch:    0
02/25/2021 14:23:00 - INFO - __main__ -   	Testing dev Minibatch:    1
02/25/2021 14:23:00 - INFO - __main__ -   	Testing dev Minibatch:    2
02/25/2021 14:23:00 - INFO - __main__ -   
Labels 	Prec. 	Recall	F1    	Supp  
Denial 	0.4314	0.1577	0.2310	279
Support	0.4543	0.6886	0.5475	289
Comment	0.4455	0.1807	0.2571	249
Queries	0.0704	0.4054	0.1200	37
MacroF1	0.2889
F1w_avg	0.3409
Acc    	35.5

02/25/2021 14:23:02 - INFO - __main__ -   	EPOCH:   2	MiniBatch:    0
02/25/2021 14:23:03 - INFO - __main__ -   	EPOCH:   2	MiniBatch:    1
02/25/2021 14:23:05 - INFO - __main__ -   	EPOCH:   2	MiniBatch:    2
02/25/2021 14:23:06 - INFO - __main__ -   	EPOCH:   2	MiniBatch:    3
02/25/2021 14:23:07 - INFO - __main__ -   	EPOCH:   2	MiniBatch:    4
02/25/2021 14:23:08 - INFO - __main__ -   	EPOCH:   2	MiniBatch:    5
02/25/2021 14:23:09 - INFO - __main__ -   	EPOCH:   2	MiniBatch:    6
02/25/2021 14:23:10 - INFO - __main__ -   	EPOCH:   2	MiniBatch:    7
02/25/2021 14:23:12 - INFO - __main__ -   	EPOCH:   2	MiniBatch:    8
02/25/2021 14:23:12 - INFO - __main__ -   	Testing dev Minibatch:    0
02/25/2021 14:23:13 - INFO - __main__ -   	Testing dev Minibatch:    1
02/25/2021 14:23:13 - INFO - __main__ -   	Testing dev Minibatch:    2
02/25/2021 14:23:14 - INFO - __main__ -   
Labels 	Prec. 	Recall	F1    	Supp  
Denial 	0.4262	0.4659	0.4452	279
Support	0.4969	0.5536	0.5237	289
Comment	0.6538	0.0683	0.1236	249
Queries	0.0945	0.5135	0.1597	37
MacroF1	0.3131
F1w_avg	0.3656
Acc    	38.2

02/25/2021 14:23:16 - INFO - __main__ -   	EPOCH:   3	MiniBatch:    0
02/25/2021 14:23:17 - INFO - __main__ -   	EPOCH:   3	MiniBatch:    1
02/25/2021 14:23:18 - INFO - __main__ -   	EPOCH:   3	MiniBatch:    2
02/25/2021 14:23:19 - INFO - __main__ -   	EPOCH:   3	MiniBatch:    3
02/25/2021 14:23:20 - INFO - __main__ -   	EPOCH:   3	MiniBatch:    4
02/25/2021 14:23:21 - INFO - __main__ -   	EPOCH:   3	MiniBatch:    5
02/25/2021 14:23:23 - INFO - __main__ -   	EPOCH:   3	MiniBatch:    6
02/25/2021 14:23:24 - INFO - __main__ -   	EPOCH:   3	MiniBatch:    7
02/25/2021 14:23:25 - INFO - __main__ -   	EPOCH:   3	MiniBatch:    8
02/25/2021 14:23:26 - INFO - __main__ -   	Testing dev Minibatch:    0
02/25/2021 14:23:26 - INFO - __main__ -   	Testing dev Minibatch:    1
02/25/2021 14:23:27 - INFO - __main__ -   	Testing dev Minibatch:    2
02/25/2021 14:23:27 - INFO - __main__ -   
Labels 	Prec. 	Recall	F1    	Supp  
Denial 	0.4348	0.5376	0.4808	279
Support	0.5138	0.5156	0.5147	289
Comment	0.4615	0.2169	0.2951	249
Queries	0.1569	0.4324	0.2302	37
MacroF1	0.3802
F1w_avg	0.4272
Acc    	43.2

02/25/2021 14:23:29 - INFO - __main__ -   	EPOCH:   4	MiniBatch:    0
02/25/2021 14:23:30 - INFO - __main__ -   	EPOCH:   4	MiniBatch:    1
02/25/2021 14:23:31 - INFO - __main__ -   	EPOCH:   4	MiniBatch:    2
02/25/2021 14:23:32 - INFO - __main__ -   	EPOCH:   4	MiniBatch:    3
02/25/2021 14:23:34 - INFO - __main__ -   	EPOCH:   4	MiniBatch:    4
02/25/2021 14:23:35 - INFO - __main__ -   	EPOCH:   4	MiniBatch:    5
02/25/2021 14:23:36 - INFO - __main__ -   	EPOCH:   4	MiniBatch:    6
02/25/2021 14:23:37 - INFO - __main__ -   	EPOCH:   4	MiniBatch:    7
02/25/2021 14:23:38 - INFO - __main__ -   	EPOCH:   4	MiniBatch:    8
02/25/2021 14:23:39 - INFO - __main__ -   	Testing dev Minibatch:    0
02/25/2021 14:23:40 - INFO - __main__ -   	Testing dev Minibatch:    1
02/25/2021 14:23:40 - INFO - __main__ -   	Testing dev Minibatch:    2
02/25/2021 14:23:40 - INFO - __main__ -   
Labels 	Prec. 	Recall	F1    	Supp  
Denial 	0.5161	0.4014	0.4516	279
Support	0.4596	0.7093	0.5578	289
Comment	0.5078	0.2610	0.3448	249
Queries	0.2222	0.3784	0.2800	37
MacroF1	0.4086
F1w_avg	0.4490
Acc    	46.4

02/25/2021 14:23:42 - INFO - __main__ -   	EPOCH:   5	MiniBatch:    0
02/25/2021 14:23:43 - INFO - __main__ -   	EPOCH:   5	MiniBatch:    1
02/25/2021 14:23:45 - INFO - __main__ -   	EPOCH:   5	MiniBatch:    2
02/25/2021 14:23:46 - INFO - __main__ -   	EPOCH:   5	MiniBatch:    3
02/25/2021 14:23:47 - INFO - __main__ -   	EPOCH:   5	MiniBatch:    4
02/25/2021 14:23:48 - INFO - __main__ -   	EPOCH:   5	MiniBatch:    5
02/25/2021 14:23:49 - INFO - __main__ -   	EPOCH:   5	MiniBatch:    6
02/25/2021 14:23:50 - INFO - __main__ -   	EPOCH:   5	MiniBatch:    7
02/25/2021 14:23:52 - INFO - __main__ -   	EPOCH:   5	MiniBatch:    8
02/25/2021 14:23:52 - INFO - __main__ -   	Testing dev Minibatch:    0
02/25/2021 14:23:53 - INFO - __main__ -   	Testing dev Minibatch:    1
02/25/2021 14:23:53 - INFO - __main__ -   	Testing dev Minibatch:    2
02/25/2021 14:23:54 - INFO - __main__ -   
Labels 	Prec. 	Recall	F1    	Supp  
Denial 	0.4787	0.6846	0.5634	279
Support	0.5186	0.5779	0.5466	289
Comment	0.5810	0.2450	0.3446	249
Queries	0.2857	0.2162	0.2462	37
MacroF1	0.4252
F1w_avg	0.4802
Acc    	50.0

02/25/2021 14:23:56 - INFO - __main__ -   	EPOCH:   6	MiniBatch:    0
02/25/2021 14:23:57 - INFO - __main__ -   	EPOCH:   6	MiniBatch:    1
02/25/2021 14:23:58 - INFO - __main__ -   	EPOCH:   6	MiniBatch:    2
02/25/2021 14:23:59 - INFO - __main__ -   	EPOCH:   6	MiniBatch:    3
02/25/2021 14:24:00 - INFO - __main__ -   	EPOCH:   6	MiniBatch:    4
02/25/2021 14:24:01 - INFO - __main__ -   	EPOCH:   6	MiniBatch:    5
02/25/2021 14:24:03 - INFO - __main__ -   	EPOCH:   6	MiniBatch:    6
02/25/2021 14:24:04 - INFO - __main__ -   	EPOCH:   6	MiniBatch:    7
02/25/2021 14:24:05 - INFO - __main__ -   	EPOCH:   6	MiniBatch:    8
02/25/2021 14:24:06 - INFO - __main__ -   	Testing dev Minibatch:    0
02/25/2021 14:24:06 - INFO - __main__ -   	Testing dev Minibatch:    1
02/25/2021 14:24:07 - INFO - __main__ -   	Testing dev Minibatch:    2
02/25/2021 14:24:07 - INFO - __main__ -   
Labels 	Prec. 	Recall	F1    	Supp  
Denial 	0.5689	0.5771	0.5730	279
Support	0.5382	0.6332	0.5819	289
Comment	0.5121	0.4257	0.4649	249
Queries	0.3750	0.2432	0.2951	37
MacroF1	0.4787
F1w_avg	0.5324
Acc    	53.7

02/25/2021 14:24:09 - INFO - __main__ -   	EPOCH:   7	MiniBatch:    0
02/25/2021 14:24:10 - INFO - __main__ -   	EPOCH:   7	MiniBatch:    1
02/25/2021 14:24:11 - INFO - __main__ -   	EPOCH:   7	MiniBatch:    2
02/25/2021 14:24:12 - INFO - __main__ -   	EPOCH:   7	MiniBatch:    3
02/25/2021 14:24:14 - INFO - __main__ -   	EPOCH:   7	MiniBatch:    4
02/25/2021 14:24:15 - INFO - __main__ -   	EPOCH:   7	MiniBatch:    5
02/25/2021 14:24:16 - INFO - __main__ -   	EPOCH:   7	MiniBatch:    6
02/25/2021 14:24:17 - INFO - __main__ -   	EPOCH:   7	MiniBatch:    7
02/25/2021 14:24:18 - INFO - __main__ -   	EPOCH:   7	MiniBatch:    8
02/25/2021 14:24:19 - INFO - __main__ -   	Testing dev Minibatch:    0
02/25/2021 14:24:20 - INFO - __main__ -   	Testing dev Minibatch:    1
02/25/2021 14:24:20 - INFO - __main__ -   	Testing dev Minibatch:    2
02/25/2021 14:24:20 - INFO - __main__ -   
Labels 	Prec. 	Recall	F1    	Supp  
Denial 	0.5036	0.7455	0.6012	279
Support	0.6452	0.4844	0.5534	289
Comment	0.5450	0.4378	0.4855	249
Queries	0.3750	0.2432	0.2951	37
MacroF1	0.4838
F1w_avg	0.5380
Acc    	54.6

02/25/2021 14:24:22 - INFO - __main__ -   	EPOCH:   8	MiniBatch:    0
02/25/2021 14:24:23 - INFO - __main__ -   	EPOCH:   8	MiniBatch:    1
02/25/2021 14:24:25 - INFO - __main__ -   	EPOCH:   8	MiniBatch:    2
02/25/2021 14:24:26 - INFO - __main__ -   	EPOCH:   8	MiniBatch:    3
02/25/2021 14:24:27 - INFO - __main__ -   	EPOCH:   8	MiniBatch:    4
02/25/2021 14:24:28 - INFO - __main__ -   	EPOCH:   8	MiniBatch:    5
02/25/2021 14:24:29 - INFO - __main__ -   	EPOCH:   8	MiniBatch:    6
02/25/2021 14:24:30 - INFO - __main__ -   	EPOCH:   8	MiniBatch:    7
02/25/2021 14:24:32 - INFO - __main__ -   	EPOCH:   8	MiniBatch:    8
02/25/2021 14:24:32 - INFO - __main__ -   	Testing dev Minibatch:    0
02/25/2021 14:24:33 - INFO - __main__ -   	Testing dev Minibatch:    1
02/25/2021 14:24:33 - INFO - __main__ -   	Testing dev Minibatch:    2
02/25/2021 14:24:34 - INFO - __main__ -   
Labels 	Prec. 	Recall	F1    	Supp  
Denial 	0.5573	0.7849	0.6518	279
Support	0.6337	0.5329	0.5789	289
Comment	0.5773	0.4498	0.5056	249
Queries	0.4583	0.2973	0.3607	37
MacroF1	0.5243
F1w_avg	0.5719
Acc    	58.1

02/25/2021 14:24:35 - INFO - __main__ -   	EPOCH:   9	MiniBatch:    0
02/25/2021 14:24:37 - INFO - __main__ -   	EPOCH:   9	MiniBatch:    1
02/25/2021 14:24:38 - INFO - __main__ -   	EPOCH:   9	MiniBatch:    2
02/25/2021 14:24:39 - INFO - __main__ -   	EPOCH:   9	MiniBatch:    3
02/25/2021 14:24:40 - INFO - __main__ -   	EPOCH:   9	MiniBatch:    4
02/25/2021 14:24:41 - INFO - __main__ -   	EPOCH:   9	MiniBatch:    5
02/25/2021 14:24:43 - INFO - __main__ -   	EPOCH:   9	MiniBatch:    6
02/25/2021 14:24:44 - INFO - __main__ -   	EPOCH:   9	MiniBatch:    7
02/25/2021 14:24:45 - INFO - __main__ -   	EPOCH:   9	MiniBatch:    8
02/25/2021 14:24:46 - INFO - __main__ -   	Testing dev Minibatch:    0
02/25/2021 14:24:46 - INFO - __main__ -   	Testing dev Minibatch:    1
02/25/2021 14:24:47 - INFO - __main__ -   	Testing dev Minibatch:    2
02/25/2021 14:24:47 - INFO - __main__ -   
Labels 	Prec. 	Recall	F1    	Supp  
Denial 	0.5759	0.7204	0.6401	279
Support	0.5845	0.5986	0.5915	289
Comment	0.5946	0.4418	0.5069	249
Queries	0.4167	0.2703	0.3279	37
MacroF1	0.5166
F1w_avg	0.5713
Acc    	57.8

02/25/2021 14:24:47 - INFO - __main__ -   	EPOCH:  10	MiniBatch:    0
02/25/2021 14:24:48 - INFO - __main__ -   	EPOCH:  10	MiniBatch:    1
02/25/2021 14:24:50 - INFO - __main__ -   	EPOCH:  10	MiniBatch:    2
02/25/2021 14:24:51 - INFO - __main__ -   	EPOCH:  10	MiniBatch:    3
02/25/2021 14:24:52 - INFO - __main__ -   	EPOCH:  10	MiniBatch:    4
02/25/2021 14:24:53 - INFO - __main__ -   	EPOCH:  10	MiniBatch:    5
02/25/2021 14:24:54 - INFO - __main__ -   	EPOCH:  10	MiniBatch:    6
02/25/2021 14:24:55 - INFO - __main__ -   	EPOCH:  10	MiniBatch:    7
02/25/2021 14:24:57 - INFO - __main__ -   	EPOCH:  10	MiniBatch:    8
02/25/2021 14:24:58 - INFO - __main__ -   	Testing dev Minibatch:    0
02/25/2021 14:24:58 - INFO - __main__ -   	Testing dev Minibatch:    1
02/25/2021 14:24:58 - INFO - __main__ -   	Testing dev Minibatch:    2
02/25/2021 14:24:59 - INFO - __main__ -   
Labels 	Prec. 	Recall	F1    	Supp  
Denial 	0.5390	0.7670	0.6331	279
Support	0.7333	0.3045	0.4303	289
Comment	0.5000	0.6064	0.5481	249
Queries	0.4857	0.4595	0.4722	37
MacroF1	0.5209
F1w_avg	0.5327
Acc    	55.0

02/25/2021 14:24:59 - INFO - __main__ -   	EPOCH:  11	MiniBatch:    0
02/25/2021 14:25:00 - INFO - __main__ -   	EPOCH:  11	MiniBatch:    1
02/25/2021 14:25:01 - INFO - __main__ -   	EPOCH:  11	MiniBatch:    2
02/25/2021 14:25:03 - INFO - __main__ -   	EPOCH:  11	MiniBatch:    3
02/25/2021 14:25:04 - INFO - __main__ -   	EPOCH:  11	MiniBatch:    4
02/25/2021 14:25:05 - INFO - __main__ -   	EPOCH:  11	MiniBatch:    5
02/25/2021 14:25:06 - INFO - __main__ -   	EPOCH:  11	MiniBatch:    6
02/25/2021 14:25:07 - INFO - __main__ -   	EPOCH:  11	MiniBatch:    7
02/25/2021 14:25:08 - INFO - __main__ -   	EPOCH:  11	MiniBatch:    8
02/25/2021 14:25:09 - INFO - __main__ -   	Testing dev Minibatch:    0
02/25/2021 14:25:10 - INFO - __main__ -   	Testing dev Minibatch:    1
02/25/2021 14:25:10 - INFO - __main__ -   	Testing dev Minibatch:    2
02/25/2021 14:25:11 - INFO - __main__ -   
Labels 	Prec. 	Recall	F1    	Supp  
Denial 	0.5977	0.7563	0.6677	279
Support	0.5963	0.6747	0.6331	289
Comment	0.6460	0.4177	0.5073	249
Queries	0.6154	0.2162	0.3200	37
MacroF1	0.5320
F1w_avg	0.5942
Acc    	60.7

02/25/2021 14:25:13 - INFO - __main__ -   	EPOCH:  12	MiniBatch:    0
02/25/2021 14:25:14 - INFO - __main__ -   	EPOCH:  12	MiniBatch:    1
02/25/2021 14:25:15 - INFO - __main__ -   	EPOCH:  12	MiniBatch:    2
02/25/2021 14:25:16 - INFO - __main__ -   	EPOCH:  12	MiniBatch:    3
02/25/2021 14:25:17 - INFO - __main__ -   	EPOCH:  12	MiniBatch:    4
02/25/2021 14:25:18 - INFO - __main__ -   	EPOCH:  12	MiniBatch:    5
02/25/2021 14:25:20 - INFO - __main__ -   	EPOCH:  12	MiniBatch:    6
02/25/2021 14:25:21 - INFO - __main__ -   	EPOCH:  12	MiniBatch:    7
02/25/2021 14:25:22 - INFO - __main__ -   	EPOCH:  12	MiniBatch:    8
02/25/2021 14:25:23 - INFO - __main__ -   	Testing dev Minibatch:    0
02/25/2021 14:25:23 - INFO - __main__ -   	Testing dev Minibatch:    1
02/25/2021 14:25:24 - INFO - __main__ -   	Testing dev Minibatch:    2
02/25/2021 14:25:24 - INFO - __main__ -   
Labels 	Prec. 	Recall	F1    	Supp  
Denial 	0.5486	0.7885	0.6471	279
Support	0.6340	0.4256	0.5093	289
Comment	0.5510	0.5422	0.5466	249
Queries	0.5714	0.2162	0.3137	37
MacroF1	0.5042
F1w_avg	0.5567
Acc    	56.9

02/25/2021 14:25:24 - INFO - __main__ -   	EPOCH:  13	MiniBatch:    0
02/25/2021 14:25:26 - INFO - __main__ -   	EPOCH:  13	MiniBatch:    1
02/25/2021 14:25:27 - INFO - __main__ -   	EPOCH:  13	MiniBatch:    2
02/25/2021 14:25:28 - INFO - __main__ -   	EPOCH:  13	MiniBatch:    3
02/25/2021 14:25:29 - INFO - __main__ -   	EPOCH:  13	MiniBatch:    4
02/25/2021 14:25:30 - INFO - __main__ -   	EPOCH:  13	MiniBatch:    5
02/25/2021 14:25:31 - INFO - __main__ -   	EPOCH:  13	MiniBatch:    6
02/25/2021 14:25:33 - INFO - __main__ -   	EPOCH:  13	MiniBatch:    7
02/25/2021 14:25:34 - INFO - __main__ -   	EPOCH:  13	MiniBatch:    8
02/25/2021 14:25:35 - INFO - __main__ -   	Testing dev Minibatch:    0
02/25/2021 14:25:35 - INFO - __main__ -   	Testing dev Minibatch:    1
02/25/2021 14:25:36 - INFO - __main__ -   	Testing dev Minibatch:    2
02/25/2021 14:25:36 - INFO - __main__ -   
Labels 	Prec. 	Recall	F1    	Supp  
Denial 	0.6328	0.6918	0.6610	279
Support	0.5572	0.6401	0.5958	289
Comment	0.5891	0.4779	0.5277	249
Queries	0.6000	0.2432	0.3462	37
MacroF1	0.5327
F1w_avg	0.5864
Acc    	59.3

02/25/2021 14:25:38 - INFO - __main__ -   	EPOCH:  14	MiniBatch:    0
02/25/2021 14:25:39 - INFO - __main__ -   	EPOCH:  14	MiniBatch:    1
02/25/2021 14:25:40 - INFO - __main__ -   	EPOCH:  14	MiniBatch:    2
02/25/2021 14:25:41 - INFO - __main__ -   	EPOCH:  14	MiniBatch:    3
02/25/2021 14:25:43 - INFO - __main__ -   	EPOCH:  14	MiniBatch:    4
02/25/2021 14:25:44 - INFO - __main__ -   	EPOCH:  14	MiniBatch:    5
02/25/2021 14:25:45 - INFO - __main__ -   	EPOCH:  14	MiniBatch:    6
02/25/2021 14:25:46 - INFO - __main__ -   	EPOCH:  14	MiniBatch:    7
02/25/2021 14:25:47 - INFO - __main__ -   	EPOCH:  14	MiniBatch:    8
02/25/2021 14:25:48 - INFO - __main__ -   	Testing dev Minibatch:    0
02/25/2021 14:25:49 - INFO - __main__ -   	Testing dev Minibatch:    1
02/25/2021 14:25:49 - INFO - __main__ -   	Testing dev Minibatch:    2
02/25/2021 14:25:49 - INFO - __main__ -   
Labels 	Prec. 	Recall	F1    	Supp  
Denial 	0.5699	0.7455	0.6460	279
Support	0.6081	0.4671	0.5284	289
Comment	0.5255	0.5382	0.5317	249
Queries	0.6667	0.2162	0.3265	37
MacroF1	0.5082
F1w_avg	0.5590
Acc    	56.8

02/25/2021 14:25:50 - INFO - __main__ -   	EPOCH:  15	MiniBatch:    0
02/25/2021 14:25:51 - INFO - __main__ -   	EPOCH:  15	MiniBatch:    1
02/25/2021 14:25:52 - INFO - __main__ -   	EPOCH:  15	MiniBatch:    2
02/25/2021 14:25:53 - INFO - __main__ -   	EPOCH:  15	MiniBatch:    3
02/25/2021 14:25:54 - INFO - __main__ -   	EPOCH:  15	MiniBatch:    4
02/25/2021 14:25:55 - INFO - __main__ -   	EPOCH:  15	MiniBatch:    5
02/25/2021 14:25:57 - INFO - __main__ -   	EPOCH:  15	MiniBatch:    6
02/25/2021 14:25:58 - INFO - __main__ -   	EPOCH:  15	MiniBatch:    7
02/25/2021 14:25:59 - INFO - __main__ -   	EPOCH:  15	MiniBatch:    8
02/25/2021 14:26:00 - INFO - __main__ -   	Testing dev Minibatch:    0
02/25/2021 14:26:00 - INFO - __main__ -   	Testing dev Minibatch:    1
02/25/2021 14:26:01 - INFO - __main__ -   	Testing dev Minibatch:    2
02/25/2021 14:26:01 - INFO - __main__ -   
Labels 	Prec. 	Recall	F1    	Supp  
Denial 	0.5000	0.8459	0.6285	279
Support	0.6041	0.5121	0.5543	289
Comment	0.7016	0.3494	0.4665	249
Queries	0.6923	0.2432	0.3600	37
MacroF1	0.5023
F1w_avg	0.5445
Acc    	56.2

02/25/2021 14:26:01 - INFO - __main__ -   	EPOCH:  16	MiniBatch:    0
02/25/2021 14:26:03 - INFO - __main__ -   	EPOCH:  16	MiniBatch:    1
02/25/2021 14:26:04 - INFO - __main__ -   	EPOCH:  16	MiniBatch:    2
02/25/2021 14:26:05 - INFO - __main__ -   	EPOCH:  16	MiniBatch:    3
02/25/2021 14:26:06 - INFO - __main__ -   	EPOCH:  16	MiniBatch:    4
02/25/2021 14:26:07 - INFO - __main__ -   	EPOCH:  16	MiniBatch:    5
02/25/2021 14:26:08 - INFO - __main__ -   	EPOCH:  16	MiniBatch:    6
02/25/2021 14:26:10 - INFO - __main__ -   	EPOCH:  16	MiniBatch:    7
02/25/2021 14:26:11 - INFO - __main__ -   	EPOCH:  16	MiniBatch:    8
02/25/2021 14:26:12 - INFO - __main__ -   	Testing dev Minibatch:    0
02/25/2021 14:26:12 - INFO - __main__ -   	Testing dev Minibatch:    1
02/25/2021 14:26:12 - INFO - __main__ -   	Testing dev Minibatch:    2
02/25/2021 14:26:13 - INFO - __main__ -   
Labels 	Prec. 	Recall	F1    	Supp  
Denial 	0.6405	0.7025	0.6701	279
Support	0.6007	0.5675	0.5836	289
Comment	0.5265	0.5582	0.5419	249
Queries	0.6364	0.1892	0.2917	37
MacroF1	0.5218
F1w_avg	0.5871
Acc    	59.3

02/25/2021 14:26:13 - INFO - __main__ -   	EPOCH:  17	MiniBatch:    0
02/25/2021 14:26:14 - INFO - __main__ -   	EPOCH:  17	MiniBatch:    1
02/25/2021 14:26:15 - INFO - __main__ -   	EPOCH:  17	MiniBatch:    2
02/25/2021 14:26:17 - INFO - __main__ -   	EPOCH:  17	MiniBatch:    3
02/25/2021 14:26:18 - INFO - __main__ -   	EPOCH:  17	MiniBatch:    4
02/25/2021 14:26:19 - INFO - __main__ -   	EPOCH:  17	MiniBatch:    5
02/25/2021 14:26:20 - INFO - __main__ -   	EPOCH:  17	MiniBatch:    6
02/25/2021 14:26:21 - INFO - __main__ -   	EPOCH:  17	MiniBatch:    7
02/25/2021 14:26:23 - INFO - __main__ -   	EPOCH:  17	MiniBatch:    8
02/25/2021 14:26:23 - INFO - __main__ -   	Testing dev Minibatch:    0
02/25/2021 14:26:24 - INFO - __main__ -   	Testing dev Minibatch:    1
02/25/2021 14:26:24 - INFO - __main__ -   	Testing dev Minibatch:    2
02/25/2021 14:26:25 - INFO - __main__ -   
Labels 	Prec. 	Recall	F1    	Supp  
Denial 	0.5729	0.7742	0.6585	279
Support	0.5876	0.5917	0.5897	289
Comment	0.6264	0.4378	0.5154	249
Queries	0.6667	0.2162	0.3265	37
MacroF1	0.5225
F1w_avg	0.5791
Acc    	59.0

02/25/2021 14:26:25 - INFO - __main__ -   	EPOCH:  18	MiniBatch:    0
02/25/2021 14:26:26 - INFO - __main__ -   	EPOCH:  18	MiniBatch:    1
02/25/2021 14:26:27 - INFO - __main__ -   	EPOCH:  18	MiniBatch:    2
02/25/2021 14:26:28 - INFO - __main__ -   	EPOCH:  18	MiniBatch:    3
02/25/2021 14:26:30 - INFO - __main__ -   	EPOCH:  18	MiniBatch:    4
02/25/2021 14:26:31 - INFO - __main__ -   	EPOCH:  18	MiniBatch:    5
02/25/2021 14:26:32 - INFO - __main__ -   	EPOCH:  18	MiniBatch:    6
02/25/2021 14:26:33 - INFO - __main__ -   	EPOCH:  18	MiniBatch:    7
02/25/2021 14:26:34 - INFO - __main__ -   	EPOCH:  18	MiniBatch:    8
02/25/2021 14:26:35 - INFO - __main__ -   	Testing dev Minibatch:    0
02/25/2021 14:26:36 - INFO - __main__ -   	Testing dev Minibatch:    1
02/25/2021 14:26:36 - INFO - __main__ -   	Testing dev Minibatch:    2
02/25/2021 14:26:36 - INFO - __main__ -   
Labels 	Prec. 	Recall	F1    	Supp  
Denial 	0.5678	0.8100	0.6677	279
Support	0.6140	0.4567	0.5238	289
Comment	0.5652	0.5221	0.5428	249
Queries	0.7273	0.2162	0.3333	37
MacroF1	0.5169
F1w_avg	0.5681
Acc    	58.1

02/25/2021 14:26:37 - INFO - __main__ -   	EPOCH:  19	MiniBatch:    0
02/25/2021 14:26:38 - INFO - __main__ -   	EPOCH:  19	MiniBatch:    1
02/25/2021 14:26:39 - INFO - __main__ -   	EPOCH:  19	MiniBatch:    2
02/25/2021 14:26:40 - INFO - __main__ -   	EPOCH:  19	MiniBatch:    3
02/25/2021 14:26:41 - INFO - __main__ -   	EPOCH:  19	MiniBatch:    4
02/25/2021 14:26:42 - INFO - __main__ -   	EPOCH:  19	MiniBatch:    5
02/25/2021 14:26:44 - INFO - __main__ -   	EPOCH:  19	MiniBatch:    6
02/25/2021 14:26:45 - INFO - __main__ -   	EPOCH:  19	MiniBatch:    7
02/25/2021 14:26:46 - INFO - __main__ -   	EPOCH:  19	MiniBatch:    8
02/25/2021 14:26:47 - INFO - __main__ -   	Testing dev Minibatch:    0
02/25/2021 14:26:47 - INFO - __main__ -   	Testing dev Minibatch:    1
02/25/2021 14:26:48 - INFO - __main__ -   	Testing dev Minibatch:    2
02/25/2021 14:26:48 - INFO - __main__ -   
Labels 	Prec. 	Recall	F1    	Supp  
Denial 	0.5952	0.7957	0.6810	279
Support	0.5950	0.5744	0.5845	289
Comment	0.6053	0.4618	0.5239	249
Queries	0.6667	0.2162	0.3265	37
MacroF1	0.5290
F1w_avg	0.5872
Acc    	59.8

02/25/2021 14:26:48 - INFO - __main__ -   	EPOCH:  20	MiniBatch:    0
02/25/2021 14:26:50 - INFO - __main__ -   	EPOCH:  20	MiniBatch:    1
02/25/2021 14:26:51 - INFO - __main__ -   	EPOCH:  20	MiniBatch:    2
02/25/2021 14:26:52 - INFO - __main__ -   	EPOCH:  20	MiniBatch:    3
02/25/2021 14:26:53 - INFO - __main__ -   	EPOCH:  20	MiniBatch:    4
02/25/2021 14:26:54 - INFO - __main__ -   	EPOCH:  20	MiniBatch:    5
02/25/2021 14:26:55 - INFO - __main__ -   	EPOCH:  20	MiniBatch:    6
02/25/2021 14:26:57 - INFO - __main__ -   	EPOCH:  20	MiniBatch:    7
02/25/2021 14:26:58 - INFO - __main__ -   	EPOCH:  20	MiniBatch:    8
02/25/2021 14:26:59 - INFO - __main__ -   	Testing dev Minibatch:    0
02/25/2021 14:26:59 - INFO - __main__ -   	Testing dev Minibatch:    1
02/25/2021 14:26:59 - INFO - __main__ -   	Testing dev Minibatch:    2
02/25/2021 14:27:00 - INFO - __main__ -   
Labels 	Prec. 	Recall	F1    	Supp  
Denial 	0.5736	0.8100	0.6716	279
Support	0.5976	0.5087	0.5495	289
Comment	0.5850	0.4699	0.5212	249
Queries	0.5714	0.2162	0.3137	37
MacroF1	0.5140
F1w_avg	0.5709
Acc    	58.3

02/25/2021 14:27:00 - INFO - __main__ -   	EPOCH:  21	MiniBatch:    0
02/25/2021 14:27:01 - INFO - __main__ -   	EPOCH:  21	MiniBatch:    1
02/25/2021 14:27:02 - INFO - __main__ -   	EPOCH:  21	MiniBatch:    2
02/25/2021 14:27:04 - INFO - __main__ -   	EPOCH:  21	MiniBatch:    3
02/25/2021 14:27:05 - INFO - __main__ -   	EPOCH:  21	MiniBatch:    4
02/25/2021 14:27:06 - INFO - __main__ -   	EPOCH:  21	MiniBatch:    5
02/25/2021 14:27:07 - INFO - __main__ -   	EPOCH:  21	MiniBatch:    6
02/25/2021 14:27:08 - INFO - __main__ -   	EPOCH:  21	MiniBatch:    7
02/25/2021 14:27:09 - INFO - __main__ -   	EPOCH:  21	MiniBatch:    8
02/25/2021 14:27:10 - INFO - __main__ -   	Testing dev Minibatch:    0
02/25/2021 14:27:11 - INFO - __main__ -   	Testing dev Minibatch:    1
02/25/2021 14:27:11 - INFO - __main__ -   	Testing dev Minibatch:    2
02/25/2021 14:27:12 - INFO - __main__ -   
Labels 	Prec. 	Recall	F1    	Supp  
Denial 	0.5243	0.8495	0.6484	279
Support	0.6106	0.4394	0.5111	289
Comment	0.6000	0.4337	0.5035	249
Queries	0.5714	0.2162	0.3137	37
MacroF1	0.4942
F1w_avg	0.5452
Acc    	56.2

02/25/2021 14:27:12 - INFO - __main__ -   	EPOCH:  22	MiniBatch:    0
02/25/2021 14:27:13 - INFO - __main__ -   	EPOCH:  22	MiniBatch:    1
02/25/2021 14:27:14 - INFO - __main__ -   	EPOCH:  22	MiniBatch:    2
02/25/2021 14:27:15 - INFO - __main__ -   	EPOCH:  22	MiniBatch:    3
02/25/2021 14:27:17 - INFO - __main__ -   	EPOCH:  22	MiniBatch:    4
02/25/2021 14:27:18 - INFO - __main__ -   	EPOCH:  22	MiniBatch:    5
02/25/2021 14:27:19 - INFO - __main__ -   	EPOCH:  22	MiniBatch:    6
02/25/2021 14:27:20 - INFO - __main__ -   	EPOCH:  22	MiniBatch:    7
02/25/2021 14:27:21 - INFO - __main__ -   	EPOCH:  22	MiniBatch:    8
02/25/2021 14:27:22 - INFO - __main__ -   	Testing dev Minibatch:    0
02/25/2021 14:27:23 - INFO - __main__ -   	Testing dev Minibatch:    1
02/25/2021 14:27:23 - INFO - __main__ -   	Testing dev Minibatch:    2
02/25/2021 14:27:23 - INFO - __main__ -   
Labels 	Prec. 	Recall	F1    	Supp  
Denial 	0.5671	0.8029	0.6647	279
Support	0.5993	0.5640	0.5811	289
Comment	0.6089	0.4378	0.5093	249
Queries	0.6250	0.1351	0.2222	37
MacroF1	0.4943
F1w_avg	0.5719
Acc    	58.7

02/25/2021 14:27:24 - INFO - __main__ -   	EPOCH:  23	MiniBatch:    0
02/25/2021 14:27:25 - INFO - __main__ -   	EPOCH:  23	MiniBatch:    1
02/25/2021 14:27:26 - INFO - __main__ -   	EPOCH:  23	MiniBatch:    2
02/25/2021 14:27:27 - INFO - __main__ -   	EPOCH:  23	MiniBatch:    3
02/25/2021 14:27:28 - INFO - __main__ -   	EPOCH:  23	MiniBatch:    4
02/25/2021 14:27:30 - INFO - __main__ -   	EPOCH:  23	MiniBatch:    5
02/25/2021 14:27:31 - INFO - __main__ -   	EPOCH:  23	MiniBatch:    6
02/25/2021 14:27:32 - INFO - __main__ -   	EPOCH:  23	MiniBatch:    7
02/25/2021 14:27:33 - INFO - __main__ -   	EPOCH:  23	MiniBatch:    8
02/25/2021 14:27:34 - INFO - __main__ -   	Testing dev Minibatch:    0
02/25/2021 14:27:34 - INFO - __main__ -   	Testing dev Minibatch:    1
02/25/2021 14:27:35 - INFO - __main__ -   	Testing dev Minibatch:    2
02/25/2021 14:27:35 - INFO - __main__ -   
Labels 	Prec. 	Recall	F1    	Supp  
Denial 	0.5667	0.7921	0.6607	279
Support	0.5719	0.6194	0.5947	289
Comment	0.6408	0.3655	0.4655	249
Queries	0.6667	0.1622	0.2609	37
MacroF1	0.4954
F1w_avg	0.5641
Acc    	58.2

02/25/2021 14:27:35 - INFO - __main__ -   	EPOCH:  24	MiniBatch:    0
02/25/2021 14:27:37 - INFO - __main__ -   	EPOCH:  24	MiniBatch:    1
02/25/2021 14:27:38 - INFO - __main__ -   	EPOCH:  24	MiniBatch:    2
02/25/2021 14:27:39 - INFO - __main__ -   	EPOCH:  24	MiniBatch:    3
02/25/2021 14:27:40 - INFO - __main__ -   	EPOCH:  24	MiniBatch:    4
02/25/2021 14:27:41 - INFO - __main__ -   	EPOCH:  24	MiniBatch:    5
02/25/2021 14:27:42 - INFO - __main__ -   	EPOCH:  24	MiniBatch:    6
02/25/2021 14:27:44 - INFO - __main__ -   	EPOCH:  24	MiniBatch:    7
02/25/2021 14:27:45 - INFO - __main__ -   	EPOCH:  24	MiniBatch:    8
02/25/2021 14:27:46 - INFO - __main__ -   	Testing dev Minibatch:    0
02/25/2021 14:27:46 - INFO - __main__ -   	Testing dev Minibatch:    1
02/25/2021 14:27:46 - INFO - __main__ -   	Testing dev Minibatch:    2
02/25/2021 14:27:47 - INFO - __main__ -   
Labels 	Prec. 	Recall	F1    	Supp  
Denial 	0.5544	0.7849	0.6499	279
Support	0.5882	0.5190	0.5515	289
Comment	0.6021	0.4618	0.5227	249
Queries	0.6154	0.2162	0.3200	37
MacroF1	0.5110
F1w_avg	0.5652
Acc    	57.6

02/25/2021 14:27:47 - INFO - __main__ -   	EPOCH:  25	MiniBatch:    0
02/25/2021 14:27:48 - INFO - __main__ -   	EPOCH:  25	MiniBatch:    1
02/25/2021 14:27:49 - INFO - __main__ -   	EPOCH:  25	MiniBatch:    2
02/25/2021 14:27:51 - INFO - __main__ -   	EPOCH:  25	MiniBatch:    3
02/25/2021 14:27:52 - INFO - __main__ -   	EPOCH:  25	MiniBatch:    4
02/25/2021 14:27:53 - INFO - __main__ -   	EPOCH:  25	MiniBatch:    5
02/25/2021 14:27:54 - INFO - __main__ -   	EPOCH:  25	MiniBatch:    6
02/25/2021 14:27:55 - INFO - __main__ -   	EPOCH:  25	MiniBatch:    7
02/25/2021 14:27:57 - INFO - __main__ -   	EPOCH:  25	MiniBatch:    8
02/25/2021 14:27:57 - INFO - __main__ -   	Testing dev Minibatch:    0
02/25/2021 14:27:58 - INFO - __main__ -   	Testing dev Minibatch:    1
02/25/2021 14:27:58 - INFO - __main__ -   	Testing dev Minibatch:    2
02/25/2021 14:27:59 - INFO - __main__ -   
Labels 	Prec. 	Recall	F1    	Supp  
Denial 	0.5514	0.7885	0.6490	279
Support	0.5976	0.5190	0.5556	289
Comment	0.5979	0.4538	0.5160	249
Queries	0.5333	0.2162	0.3077	37
MacroF1	0.5070
F1w_avg	0.5638
Acc    	57.5

02/25/2021 14:27:59 - INFO - __main__ -   	EPOCH:  26	MiniBatch:    0
02/25/2021 14:28:00 - INFO - __main__ -   	EPOCH:  26	MiniBatch:    1
02/25/2021 14:28:01 - INFO - __main__ -   	EPOCH:  26	MiniBatch:    2
02/25/2021 14:28:02 - INFO - __main__ -   	EPOCH:  26	MiniBatch:    3
02/25/2021 14:28:04 - INFO - __main__ -   	EPOCH:  26	MiniBatch:    4
02/25/2021 14:28:05 - INFO - __main__ -   	EPOCH:  26	MiniBatch:    5
02/25/2021 14:28:06 - INFO - __main__ -   	EPOCH:  26	MiniBatch:    6
02/25/2021 14:28:07 - INFO - __main__ -   	EPOCH:  26	MiniBatch:    7
02/25/2021 14:28:08 - INFO - __main__ -   	EPOCH:  26	MiniBatch:    8
02/25/2021 14:28:09 - INFO - __main__ -   	Testing dev Minibatch:    0
02/25/2021 14:28:10 - INFO - __main__ -   	Testing dev Minibatch:    1
02/25/2021 14:28:10 - INFO - __main__ -   	Testing dev Minibatch:    2
02/25/2021 14:28:10 - INFO - __main__ -   
Labels 	Prec. 	Recall	F1    	Supp  
Denial 	0.5376	0.8208	0.6496	279
Support	0.6795	0.3668	0.4764	289
Comment	0.5354	0.5462	0.5408	249
Queries	0.5556	0.2703	0.3636	37
MacroF1	0.5076
F1w_avg	0.5469
Acc    	56.3

02/25/2021 14:28:11 - INFO - __main__ -   	EPOCH:  27	MiniBatch:    0
02/25/2021 14:28:12 - INFO - __main__ -   	EPOCH:  27	MiniBatch:    1
02/25/2021 14:28:13 - INFO - __main__ -   	EPOCH:  27	MiniBatch:    2
02/25/2021 14:28:14 - INFO - __main__ -   	EPOCH:  27	MiniBatch:    3
02/25/2021 14:28:15 - INFO - __main__ -   	EPOCH:  27	MiniBatch:    4
02/25/2021 14:28:17 - INFO - __main__ -   	EPOCH:  27	MiniBatch:    5
02/25/2021 14:28:18 - INFO - __main__ -   	EPOCH:  27	MiniBatch:    6
02/25/2021 14:28:19 - INFO - __main__ -   	EPOCH:  27	MiniBatch:    7
02/25/2021 14:28:20 - INFO - __main__ -   	EPOCH:  27	MiniBatch:    8
02/25/2021 14:28:21 - INFO - __main__ -   	Testing dev Minibatch:    0
02/25/2021 14:28:21 - INFO - __main__ -   	Testing dev Minibatch:    1
02/25/2021 14:28:22 - INFO - __main__ -   	Testing dev Minibatch:    2
02/25/2021 14:28:22 - INFO - __main__ -   
Labels 	Prec. 	Recall	F1    	Supp  
Denial 	0.5442	0.8387	0.6601	279
Support	0.6732	0.4775	0.5587	289
Comment	0.5825	0.4819	0.5275	249
Queries	0.6154	0.2162	0.3200	37
MacroF1	0.5166
F1w_avg	0.5724
Acc    	58.5

02/25/2021 14:28:22 - INFO - __main__ -   	EPOCH:  28	MiniBatch:    0
02/25/2021 14:28:24 - INFO - __main__ -   	EPOCH:  28	MiniBatch:    1
02/25/2021 14:28:25 - INFO - __main__ -   	EPOCH:  28	MiniBatch:    2
02/25/2021 14:28:26 - INFO - __main__ -   	EPOCH:  28	MiniBatch:    3
02/25/2021 14:28:27 - INFO - __main__ -   	EPOCH:  28	MiniBatch:    4
02/25/2021 14:28:28 - INFO - __main__ -   	EPOCH:  28	MiniBatch:    5
02/25/2021 14:28:30 - INFO - __main__ -   	EPOCH:  28	MiniBatch:    6
02/25/2021 14:28:31 - INFO - __main__ -   	EPOCH:  28	MiniBatch:    7
02/25/2021 14:28:32 - INFO - __main__ -   	EPOCH:  28	MiniBatch:    8
02/25/2021 14:28:33 - INFO - __main__ -   	Testing dev Minibatch:    0
02/25/2021 14:28:33 - INFO - __main__ -   	Testing dev Minibatch:    1
02/25/2021 14:28:34 - INFO - __main__ -   	Testing dev Minibatch:    2
02/25/2021 14:28:34 - INFO - __main__ -   
Labels 	Prec. 	Recall	F1    	Supp  
Denial 	0.5274	0.8280	0.6444	279
Support	0.6526	0.4291	0.5177	289
Comment	0.5735	0.4859	0.5261	249
Queries	0.5333	0.2162	0.3077	37
MacroF1	0.4990
F1w_avg	0.5524
Acc    	56.7

02/25/2021 14:28:34 - INFO - __main__ -   	EPOCH:  29	MiniBatch:    0
02/25/2021 14:28:35 - INFO - __main__ -   	EPOCH:  29	MiniBatch:    1
02/25/2021 14:28:37 - INFO - __main__ -   	EPOCH:  29	MiniBatch:    2
02/25/2021 14:28:38 - INFO - __main__ -   	EPOCH:  29	MiniBatch:    3
02/25/2021 14:28:39 - INFO - __main__ -   	EPOCH:  29	MiniBatch:    4
02/25/2021 14:28:40 - INFO - __main__ -   	EPOCH:  29	MiniBatch:    5
02/25/2021 14:28:41 - INFO - __main__ -   	EPOCH:  29	MiniBatch:    6
02/25/2021 14:28:42 - INFO - __main__ -   	EPOCH:  29	MiniBatch:    7
02/25/2021 14:28:44 - INFO - __main__ -   	EPOCH:  29	MiniBatch:    8
02/25/2021 14:28:45 - INFO - __main__ -   	Testing dev Minibatch:    0
02/25/2021 14:28:45 - INFO - __main__ -   	Testing dev Minibatch:    1
02/25/2021 14:28:45 - INFO - __main__ -   	Testing dev Minibatch:    2
02/25/2021 14:28:46 - INFO - __main__ -   
Labels 	Prec. 	Recall	F1    	Supp  
Denial 	0.5638	0.7921	0.6587	279
Support	0.6182	0.4706	0.5344	289
Comment	0.5600	0.5060	0.5316	249
Queries	0.5294	0.2432	0.3333	37
MacroF1	0.5145
F1w_avg	0.5655
Acc    	57.6

02/25/2021 14:28:46 - INFO - __main__ -   	EPOCH:  30	MiniBatch:    0
02/25/2021 14:28:47 - INFO - __main__ -   	EPOCH:  30	MiniBatch:    1
02/25/2021 14:28:48 - INFO - __main__ -   	EPOCH:  30	MiniBatch:    2
02/25/2021 14:28:49 - INFO - __main__ -   	EPOCH:  30	MiniBatch:    3
02/25/2021 14:28:51 - INFO - __main__ -   	EPOCH:  30	MiniBatch:    4
02/25/2021 14:28:52 - INFO - __main__ -   	EPOCH:  30	MiniBatch:    5
02/25/2021 14:28:53 - INFO - __main__ -   	EPOCH:  30	MiniBatch:    6
02/25/2021 14:28:54 - INFO - __main__ -   	EPOCH:  30	MiniBatch:    7
02/25/2021 14:28:55 - INFO - __main__ -   	EPOCH:  30	MiniBatch:    8
02/25/2021 14:28:56 - INFO - __main__ -   	Testing dev Minibatch:    0
02/25/2021 14:28:57 - INFO - __main__ -   	Testing dev Minibatch:    1
02/25/2021 14:28:57 - INFO - __main__ -   	Testing dev Minibatch:    2
02/25/2021 14:28:58 - INFO - __main__ -   
Labels 	Prec. 	Recall	F1    	Supp  
Denial 	0.5864	0.8029	0.6778	279
Support	0.5993	0.6055	0.6024	289
Comment	0.6303	0.4177	0.5024	249
Queries	0.6000	0.2432	0.3462	37
MacroF1	0.5322
F1w_avg	0.5868
Acc    	60.0

02/25/2021 14:28:58 - INFO - __main__ -   	EPOCH:  31	MiniBatch:    0
02/25/2021 14:28:59 - INFO - __main__ -   	EPOCH:  31	MiniBatch:    1
02/25/2021 14:29:00 - INFO - __main__ -   	EPOCH:  31	MiniBatch:    2
02/25/2021 14:29:01 - INFO - __main__ -   	EPOCH:  31	MiniBatch:    3
02/25/2021 14:29:02 - INFO - __main__ -   	EPOCH:  31	MiniBatch:    4
02/25/2021 14:29:04 - INFO - __main__ -   	EPOCH:  31	MiniBatch:    5
02/25/2021 14:29:05 - INFO - __main__ -   	EPOCH:  31	MiniBatch:    6
02/25/2021 14:29:06 - INFO - __main__ -   	EPOCH:  31	MiniBatch:    7
02/25/2021 14:29:07 - INFO - __main__ -   	EPOCH:  31	MiniBatch:    8
02/25/2021 14:29:08 - INFO - __main__ -   	Testing dev Minibatch:    0
02/25/2021 14:29:08 - INFO - __main__ -   	Testing dev Minibatch:    1
02/25/2021 14:29:09 - INFO - __main__ -   	Testing dev Minibatch:    2
02/25/2021 14:29:09 - INFO - __main__ -   
Labels 	Prec. 	Recall	F1    	Supp  
Denial 	0.5917	0.7634	0.6667	279
Support	0.5786	0.5606	0.5694	289
Comment	0.5650	0.4538	0.5033	249
Queries	0.5000	0.1892	0.2745	37
MacroF1	0.5035
F1w_avg	0.5691
Acc    	58.0

02/25/2021 14:29:09 - INFO - __main__ -   	EPOCH:  32	MiniBatch:    0
02/25/2021 14:29:11 - INFO - __main__ -   	EPOCH:  32	MiniBatch:    1
02/25/2021 14:29:12 - INFO - __main__ -   	EPOCH:  32	MiniBatch:    2
02/25/2021 14:29:13 - INFO - __main__ -   	EPOCH:  32	MiniBatch:    3
02/25/2021 14:29:14 - INFO - __main__ -   	EPOCH:  32	MiniBatch:    4
02/25/2021 14:29:15 - INFO - __main__ -   	EPOCH:  32	MiniBatch:    5
02/25/2021 14:29:17 - INFO - __main__ -   	EPOCH:  32	MiniBatch:    6
02/25/2021 14:29:18 - INFO - __main__ -   	EPOCH:  32	MiniBatch:    7
02/25/2021 14:29:19 - INFO - __main__ -   	EPOCH:  32	MiniBatch:    8
02/25/2021 14:29:20 - INFO - __main__ -   	Testing dev Minibatch:    0
02/25/2021 14:29:20 - INFO - __main__ -   	Testing dev Minibatch:    1
02/25/2021 14:29:21 - INFO - __main__ -   	Testing dev Minibatch:    2
02/25/2021 14:29:21 - INFO - __main__ -   
Labels 	Prec. 	Recall	F1    	Supp  
Denial 	0.5263	0.8244	0.6425	279
Support	0.5991	0.4498	0.5138	289
Comment	0.5806	0.4337	0.4966	249
Queries	0.5000	0.1892	0.2745	37
MacroF1	0.4818
F1w_avg	0.5404
Acc    	55.6

02/25/2021 14:29:21 - INFO - __main__ -   	EPOCH:  33	MiniBatch:    0
02/25/2021 14:29:22 - INFO - __main__ -   	EPOCH:  33	MiniBatch:    1
02/25/2021 14:29:24 - INFO - __main__ -   	EPOCH:  33	MiniBatch:    2
02/25/2021 14:29:25 - INFO - __main__ -   	EPOCH:  33	MiniBatch:    3
02/25/2021 14:29:26 - INFO - __main__ -   	EPOCH:  33	MiniBatch:    4
02/25/2021 14:29:27 - INFO - __main__ -   	EPOCH:  33	MiniBatch:    5
02/25/2021 14:29:28 - INFO - __main__ -   	EPOCH:  33	MiniBatch:    6
02/25/2021 14:29:29 - INFO - __main__ -   	EPOCH:  33	MiniBatch:    7
02/25/2021 14:29:31 - INFO - __main__ -   	EPOCH:  33	MiniBatch:    8
02/25/2021 14:29:32 - INFO - __main__ -   	Testing dev Minibatch:    0
02/25/2021 14:29:32 - INFO - __main__ -   	Testing dev Minibatch:    1
02/25/2021 14:29:32 - INFO - __main__ -   	Testing dev Minibatch:    2
02/25/2021 14:29:33 - INFO - __main__ -   
Labels 	Prec. 	Recall	F1    	Supp  
Denial 	0.5619	0.8136	0.6647	279
Support	0.5799	0.5779	0.5789	289
Comment	0.6267	0.3775	0.4712	249
Queries	0.5000	0.1622	0.2449	37
MacroF1	0.4899
F1w_avg	0.5610
Acc    	57.8

02/25/2021 14:29:33 - INFO - __main__ -   No improvements in F1 for 20 epochs
02/25/2021 14:29:34 - INFO - __main__ -   	Testing test Minibatch:    0
02/25/2021 14:29:34 - INFO - __main__ -   	Testing test Minibatch:    1
02/25/2021 14:29:35 - INFO - __main__ -   	Testing test Minibatch:    2
02/25/2021 14:29:35 - INFO - __main__ -   
Labels 	Prec. 	Recall	F1    	Supp  
Denial 	0.6510	0.6198	0.6350	313
Support	0.5145	0.6705	0.5822	264
Comment	0.5663	0.4458	0.4989	249
Queries	0.5625	0.3214	0.4091	28
MacroF1	0.5313
F1w_avg	0.5716
Acc    	57.5

02/25/2021 14:29:35 - INFO - __main__ -   Time taken: 0h 7m  7s
