02/25/2021 05:18:48 - INFO - __main__ -   ----------------- Hyperparameters ------------------
02/25/2021 05:18:48 - INFO - __main__ -   ======== my_Bertweet =========
02/25/2021 05:18:48 - INFO - __main__ -   ===== Hyperparameters ======
02/25/2021 05:18:48 - INFO - __main__ -   batch_train: 256
02/25/2021 05:18:48 - INFO - __main__ -   batch_test:  256
02/25/2021 05:18:48 - INFO - __main__ -   epochs: 40 
02/25/2021 05:18:48 - INFO - __main__ -   learning_rate: 0.000010
02/25/2021 05:18:48 - INFO - __main__ -   optimizer: adam
02/25/2021 05:18:48 - INFO - __main__ -   debug: False
02/25/2021 05:18:48 - INFO - __main__ -   ------------------ Getting model -------------------
02/25/2021 05:18:55 - INFO - __main__ -   --------------- Getting dataframes -----------------
02/25/2021 05:18:55 - INFO - __main__ -   ------- Setting loss function and optimizer --------
02/25/2021 05:18:55 - INFO - __main__ -   ------------ Converting to dataloaders -------------
02/25/2021 05:18:55 - INFO - __main__ -   ---------------- Starting training -----------------
02/25/2021 05:18:55 - INFO - __main__ -   	EPOCH:   0	MiniBatch:    0
02/25/2021 05:18:58 - INFO - __main__ -   	EPOCH:   0	MiniBatch:    1
02/25/2021 05:18:59 - INFO - __main__ -   	EPOCH:   0	MiniBatch:    2
02/25/2021 05:19:00 - INFO - __main__ -   	EPOCH:   0	MiniBatch:    3
02/25/2021 05:19:01 - INFO - __main__ -   	EPOCH:   0	MiniBatch:    4
02/25/2021 05:19:02 - INFO - __main__ -   	EPOCH:   0	MiniBatch:    5
02/25/2021 05:19:03 - INFO - __main__ -   	EPOCH:   0	MiniBatch:    6
02/25/2021 05:19:04 - INFO - __main__ -   	EPOCH:   0	MiniBatch:    7
02/25/2021 05:19:05 - INFO - __main__ -   	EPOCH:   0	MiniBatch:    8
02/25/2021 05:19:06 - INFO - __main__ -   	EPOCH:   0	MiniBatch:    9
02/25/2021 05:19:07 - INFO - __main__ -   	EPOCH:   0	MiniBatch:   10
02/25/2021 05:19:08 - INFO - __main__ -   	Testing dev Minibatch:    0
02/25/2021 05:19:08 - INFO - __main__ -   	Testing dev Minibatch:    1
02/25/2021 05:19:08 - INFO - __main__ -   	Testing dev Minibatch:    2
02/25/2021 05:19:09 - INFO - __main__ -   	Testing dev Minibatch:    3
02/25/2021 05:19:09 - INFO - __main__ -   
Labels 	Prec. 	Recall	F1    	Supp  
Denial 	0.3267	1.0000	0.4925	279
Support	0.0000	0.0000	0.0000	289
Comment	0.0000	0.0000	0.0000	249
Queries	0.0000	0.0000	0.0000	37
MacroF1	0.1231
F1w_avg	0.1609
Acc    	32.7

02/25/2021 05:19:10 - INFO - __main__ -   	EPOCH:   1	MiniBatch:    0
02/25/2021 05:19:11 - INFO - __main__ -   	EPOCH:   1	MiniBatch:    1
02/25/2021 05:19:12 - INFO - __main__ -   	EPOCH:   1	MiniBatch:    2
02/25/2021 05:19:13 - INFO - __main__ -   	EPOCH:   1	MiniBatch:    3
02/25/2021 05:19:14 - INFO - __main__ -   	EPOCH:   1	MiniBatch:    4
02/25/2021 05:19:15 - INFO - __main__ -   	EPOCH:   1	MiniBatch:    5
02/25/2021 05:19:16 - INFO - __main__ -   	EPOCH:   1	MiniBatch:    6
02/25/2021 05:19:17 - INFO - __main__ -   	EPOCH:   1	MiniBatch:    7
02/25/2021 05:19:18 - INFO - __main__ -   	EPOCH:   1	MiniBatch:    8
02/25/2021 05:19:19 - INFO - __main__ -   	EPOCH:   1	MiniBatch:    9
02/25/2021 05:19:20 - INFO - __main__ -   	EPOCH:   1	MiniBatch:   10
02/25/2021 05:19:20 - INFO - __main__ -   	Testing dev Minibatch:    0
02/25/2021 05:19:20 - INFO - __main__ -   	Testing dev Minibatch:    1
02/25/2021 05:19:21 - INFO - __main__ -   	Testing dev Minibatch:    2
02/25/2021 05:19:21 - INFO - __main__ -   	Testing dev Minibatch:    3
02/25/2021 05:19:21 - INFO - __main__ -   
Labels 	Prec. 	Recall	F1    	Supp  
Denial 	0.3397	0.8961	0.4926	279
Support	0.6875	0.0381	0.0721	289
Comment	0.5882	0.2410	0.3419	249
Queries	0.0000	0.0000	0.0000	37
MacroF1	0.2267
F1w_avg	0.2850
Acc    	37.6

02/25/2021 05:19:23 - INFO - __main__ -   	EPOCH:   2	MiniBatch:    0
02/25/2021 05:19:24 - INFO - __main__ -   	EPOCH:   2	MiniBatch:    1
02/25/2021 05:19:25 - INFO - __main__ -   	EPOCH:   2	MiniBatch:    2
02/25/2021 05:19:26 - INFO - __main__ -   	EPOCH:   2	MiniBatch:    3
02/25/2021 05:19:27 - INFO - __main__ -   	EPOCH:   2	MiniBatch:    4
02/25/2021 05:19:28 - INFO - __main__ -   	EPOCH:   2	MiniBatch:    5
02/25/2021 05:19:29 - INFO - __main__ -   	EPOCH:   2	MiniBatch:    6
02/25/2021 05:19:30 - INFO - __main__ -   	EPOCH:   2	MiniBatch:    7
02/25/2021 05:19:31 - INFO - __main__ -   	EPOCH:   2	MiniBatch:    8
02/25/2021 05:19:32 - INFO - __main__ -   	EPOCH:   2	MiniBatch:    9
02/25/2021 05:19:33 - INFO - __main__ -   	EPOCH:   2	MiniBatch:   10
02/25/2021 05:19:34 - INFO - __main__ -   	Testing dev Minibatch:    0
02/25/2021 05:19:34 - INFO - __main__ -   	Testing dev Minibatch:    1
02/25/2021 05:19:34 - INFO - __main__ -   	Testing dev Minibatch:    2
02/25/2021 05:19:35 - INFO - __main__ -   	Testing dev Minibatch:    3
02/25/2021 05:19:35 - INFO - __main__ -   
Labels 	Prec. 	Recall	F1    	Supp  
Denial 	0.3311	0.8996	0.4841	279
Support	0.4947	0.1626	0.2448	289
Comment	1.0000	0.0040	0.0080	249
Queries	0.0000	0.0000	0.0000	37
MacroF1	0.1842
F1w_avg	0.2433
Acc    	35.0

02/25/2021 05:19:35 - INFO - __main__ -   	EPOCH:   3	MiniBatch:    0
02/25/2021 05:19:36 - INFO - __main__ -   	EPOCH:   3	MiniBatch:    1
02/25/2021 05:19:37 - INFO - __main__ -   	EPOCH:   3	MiniBatch:    2
02/25/2021 05:19:38 - INFO - __main__ -   	EPOCH:   3	MiniBatch:    3
02/25/2021 05:19:39 - INFO - __main__ -   	EPOCH:   3	MiniBatch:    4
02/25/2021 05:19:40 - INFO - __main__ -   	EPOCH:   3	MiniBatch:    5
02/25/2021 05:19:41 - INFO - __main__ -   	EPOCH:   3	MiniBatch:    6
02/25/2021 05:19:42 - INFO - __main__ -   	EPOCH:   3	MiniBatch:    7
02/25/2021 05:19:43 - INFO - __main__ -   	EPOCH:   3	MiniBatch:    8
02/25/2021 05:19:44 - INFO - __main__ -   	EPOCH:   3	MiniBatch:    9
02/25/2021 05:19:45 - INFO - __main__ -   	EPOCH:   3	MiniBatch:   10
02/25/2021 05:19:46 - INFO - __main__ -   	Testing dev Minibatch:    0
02/25/2021 05:19:46 - INFO - __main__ -   	Testing dev Minibatch:    1
02/25/2021 05:19:46 - INFO - __main__ -   	Testing dev Minibatch:    2
02/25/2021 05:19:47 - INFO - __main__ -   	Testing dev Minibatch:    3
02/25/2021 05:19:47 - INFO - __main__ -   
Labels 	Prec. 	Recall	F1    	Supp  
Denial 	0.3362	0.8459	0.4811	279
Support	0.5043	0.2042	0.2906	289
Comment	0.6857	0.0964	0.1690	249
Queries	0.0000	0.0000	0.0000	37
MacroF1	0.2352
F1w_avg	0.3048
Acc    	37.4

02/25/2021 05:19:49 - INFO - __main__ -   	EPOCH:   4	MiniBatch:    0
02/25/2021 05:19:50 - INFO - __main__ -   	EPOCH:   4	MiniBatch:    1
02/25/2021 05:19:51 - INFO - __main__ -   	EPOCH:   4	MiniBatch:    2
02/25/2021 05:19:52 - INFO - __main__ -   	EPOCH:   4	MiniBatch:    3
02/25/2021 05:19:53 - INFO - __main__ -   	EPOCH:   4	MiniBatch:    4
02/25/2021 05:19:54 - INFO - __main__ -   	EPOCH:   4	MiniBatch:    5
02/25/2021 05:19:55 - INFO - __main__ -   	EPOCH:   4	MiniBatch:    6
02/25/2021 05:19:56 - INFO - __main__ -   	EPOCH:   4	MiniBatch:    7
02/25/2021 05:19:57 - INFO - __main__ -   	EPOCH:   4	MiniBatch:    8
02/25/2021 05:19:58 - INFO - __main__ -   	EPOCH:   4	MiniBatch:    9
02/25/2021 05:19:59 - INFO - __main__ -   	EPOCH:   4	MiniBatch:   10
02/25/2021 05:19:59 - INFO - __main__ -   	Testing dev Minibatch:    0
02/25/2021 05:20:00 - INFO - __main__ -   	Testing dev Minibatch:    1
02/25/2021 05:20:00 - INFO - __main__ -   	Testing dev Minibatch:    2
02/25/2021 05:20:00 - INFO - __main__ -   	Testing dev Minibatch:    3
02/25/2021 05:20:01 - INFO - __main__ -   
Labels 	Prec. 	Recall	F1    	Supp  
Denial 	0.3598	0.6165	0.4544	279
Support	0.4475	0.3979	0.4212	289
Comment	0.5378	0.2570	0.3478	249
Queries	0.0000	0.0000	0.0000	37
MacroF1	0.3059
F1w_avg	0.3924
Acc    	41.1

02/25/2021 05:20:02 - INFO - __main__ -   	EPOCH:   5	MiniBatch:    0
02/25/2021 05:20:04 - INFO - __main__ -   	EPOCH:   5	MiniBatch:    1
02/25/2021 05:20:05 - INFO - __main__ -   	EPOCH:   5	MiniBatch:    2
02/25/2021 05:20:06 - INFO - __main__ -   	EPOCH:   5	MiniBatch:    3
02/25/2021 05:20:07 - INFO - __main__ -   	EPOCH:   5	MiniBatch:    4
02/25/2021 05:20:08 - INFO - __main__ -   	EPOCH:   5	MiniBatch:    5
02/25/2021 05:20:09 - INFO - __main__ -   	EPOCH:   5	MiniBatch:    6
02/25/2021 05:20:10 - INFO - __main__ -   	EPOCH:   5	MiniBatch:    7
02/25/2021 05:20:11 - INFO - __main__ -   	EPOCH:   5	MiniBatch:    8
02/25/2021 05:20:12 - INFO - __main__ -   	EPOCH:   5	MiniBatch:    9
02/25/2021 05:20:13 - INFO - __main__ -   	EPOCH:   5	MiniBatch:   10
02/25/2021 05:20:13 - INFO - __main__ -   	Testing dev Minibatch:    0
02/25/2021 05:20:13 - INFO - __main__ -   	Testing dev Minibatch:    1
02/25/2021 05:20:14 - INFO - __main__ -   	Testing dev Minibatch:    2
02/25/2021 05:20:14 - INFO - __main__ -   	Testing dev Minibatch:    3
02/25/2021 05:20:14 - INFO - __main__ -   
Labels 	Prec. 	Recall	F1    	Supp  
Denial 	0.3415	0.7527	0.4698	279
Support	0.5405	0.2076	0.3000	289
Comment	0.5312	0.2731	0.3607	249
Queries	0.0000	0.0000	0.0000	37
MacroF1	0.2826
F1w_avg	0.3602
Acc    	39.6

02/25/2021 05:20:15 - INFO - __main__ -   	EPOCH:   6	MiniBatch:    0
02/25/2021 05:20:16 - INFO - __main__ -   	EPOCH:   6	MiniBatch:    1
02/25/2021 05:20:17 - INFO - __main__ -   	EPOCH:   6	MiniBatch:    2
02/25/2021 05:20:18 - INFO - __main__ -   	EPOCH:   6	MiniBatch:    3
02/25/2021 05:20:19 - INFO - __main__ -   	EPOCH:   6	MiniBatch:    4
02/25/2021 05:20:20 - INFO - __main__ -   	EPOCH:   6	MiniBatch:    5
02/25/2021 05:20:21 - INFO - __main__ -   	EPOCH:   6	MiniBatch:    6
02/25/2021 05:20:22 - INFO - __main__ -   	EPOCH:   6	MiniBatch:    7
02/25/2021 05:20:23 - INFO - __main__ -   	EPOCH:   6	MiniBatch:    8
02/25/2021 05:20:24 - INFO - __main__ -   	EPOCH:   6	MiniBatch:    9
02/25/2021 05:20:25 - INFO - __main__ -   	EPOCH:   6	MiniBatch:   10
02/25/2021 05:20:25 - INFO - __main__ -   	Testing dev Minibatch:    0
02/25/2021 05:20:25 - INFO - __main__ -   	Testing dev Minibatch:    1
02/25/2021 05:20:26 - INFO - __main__ -   	Testing dev Minibatch:    2
02/25/2021 05:20:26 - INFO - __main__ -   	Testing dev Minibatch:    3
02/25/2021 05:20:26 - INFO - __main__ -   
Labels 	Prec. 	Recall	F1    	Supp  
Denial 	0.3924	0.6272	0.4828	279
Support	0.5166	0.4844	0.5000	289
Comment	0.5328	0.2932	0.3782	249
Queries	0.0000	0.0000	0.0000	37
MacroF1	0.3402
F1w_avg	0.4372
Acc    	45.4

02/25/2021 05:20:28 - INFO - __main__ -   	EPOCH:   7	MiniBatch:    0
02/25/2021 05:20:29 - INFO - __main__ -   	EPOCH:   7	MiniBatch:    1
02/25/2021 05:20:30 - INFO - __main__ -   	EPOCH:   7	MiniBatch:    2
02/25/2021 05:20:31 - INFO - __main__ -   	EPOCH:   7	MiniBatch:    3
02/25/2021 05:20:32 - INFO - __main__ -   	EPOCH:   7	MiniBatch:    4
02/25/2021 05:20:33 - INFO - __main__ -   	EPOCH:   7	MiniBatch:    5
02/25/2021 05:20:34 - INFO - __main__ -   	EPOCH:   7	MiniBatch:    6
02/25/2021 05:20:35 - INFO - __main__ -   	EPOCH:   7	MiniBatch:    7
02/25/2021 05:20:36 - INFO - __main__ -   	EPOCH:   7	MiniBatch:    8
02/25/2021 05:20:37 - INFO - __main__ -   	EPOCH:   7	MiniBatch:    9
02/25/2021 05:20:38 - INFO - __main__ -   	EPOCH:   7	MiniBatch:   10
02/25/2021 05:20:39 - INFO - __main__ -   	Testing dev Minibatch:    0
02/25/2021 05:20:39 - INFO - __main__ -   	Testing dev Minibatch:    1
02/25/2021 05:20:39 - INFO - __main__ -   	Testing dev Minibatch:    2
02/25/2021 05:20:40 - INFO - __main__ -   	Testing dev Minibatch:    3
02/25/2021 05:20:40 - INFO - __main__ -   
Labels 	Prec. 	Recall	F1    	Supp  
Denial 	0.4470	0.3477	0.3911	279
Support	0.5077	0.6817	0.5820	289
Comment	0.4618	0.4618	0.4618	249
Queries	0.0000	0.0000	0.0000	37
MacroF1	0.3587
F1w_avg	0.4594
Acc    	47.9

02/25/2021 05:20:42 - INFO - __main__ -   	EPOCH:   8	MiniBatch:    0
02/25/2021 05:20:43 - INFO - __main__ -   	EPOCH:   8	MiniBatch:    1
02/25/2021 05:20:44 - INFO - __main__ -   	EPOCH:   8	MiniBatch:    2
02/25/2021 05:20:45 - INFO - __main__ -   	EPOCH:   8	MiniBatch:    3
02/25/2021 05:20:46 - INFO - __main__ -   	EPOCH:   8	MiniBatch:    4
02/25/2021 05:20:47 - INFO - __main__ -   	EPOCH:   8	MiniBatch:    5
02/25/2021 05:20:48 - INFO - __main__ -   	EPOCH:   8	MiniBatch:    6
02/25/2021 05:20:49 - INFO - __main__ -   	EPOCH:   8	MiniBatch:    7
02/25/2021 05:20:50 - INFO - __main__ -   	EPOCH:   8	MiniBatch:    8
02/25/2021 05:20:51 - INFO - __main__ -   	EPOCH:   8	MiniBatch:    9
02/25/2021 05:20:52 - INFO - __main__ -   	EPOCH:   8	MiniBatch:   10
02/25/2021 05:20:52 - INFO - __main__ -   	Testing dev Minibatch:    0
02/25/2021 05:20:53 - INFO - __main__ -   	Testing dev Minibatch:    1
02/25/2021 05:20:53 - INFO - __main__ -   	Testing dev Minibatch:    2
02/25/2021 05:20:53 - INFO - __main__ -   	Testing dev Minibatch:    3
02/25/2021 05:20:54 - INFO - __main__ -   
Labels 	Prec. 	Recall	F1    	Supp  
Denial 	0.4017	0.6595	0.4993	279
Support	0.5316	0.5813	0.5554	289
Comment	0.6000	0.1928	0.2918	249
Queries	0.0000	0.0000	0.0000	37
MacroF1	0.3366
F1w_avg	0.4361
Acc    	46.8

02/25/2021 05:20:54 - INFO - __main__ -   	EPOCH:   9	MiniBatch:    0
02/25/2021 05:20:55 - INFO - __main__ -   	EPOCH:   9	MiniBatch:    1
02/25/2021 05:20:56 - INFO - __main__ -   	EPOCH:   9	MiniBatch:    2
02/25/2021 05:20:57 - INFO - __main__ -   	EPOCH:   9	MiniBatch:    3
02/25/2021 05:20:58 - INFO - __main__ -   	EPOCH:   9	MiniBatch:    4
02/25/2021 05:20:59 - INFO - __main__ -   	EPOCH:   9	MiniBatch:    5
02/25/2021 05:21:00 - INFO - __main__ -   	EPOCH:   9	MiniBatch:    6
02/25/2021 05:21:01 - INFO - __main__ -   	EPOCH:   9	MiniBatch:    7
02/25/2021 05:21:02 - INFO - __main__ -   	EPOCH:   9	MiniBatch:    8
02/25/2021 05:21:03 - INFO - __main__ -   	EPOCH:   9	MiniBatch:    9
02/25/2021 05:21:04 - INFO - __main__ -   	EPOCH:   9	MiniBatch:   10
02/25/2021 05:21:04 - INFO - __main__ -   	Testing dev Minibatch:    0
02/25/2021 05:21:05 - INFO - __main__ -   	Testing dev Minibatch:    1
02/25/2021 05:21:05 - INFO - __main__ -   	Testing dev Minibatch:    2
02/25/2021 05:21:05 - INFO - __main__ -   	Testing dev Minibatch:    3
02/25/2021 05:21:06 - INFO - __main__ -   
Labels 	Prec. 	Recall	F1    	Supp  
Denial 	0.3757	0.7634	0.5035	279
Support	0.6389	0.3183	0.4249	289
Comment	0.5385	0.3092	0.3929	249
Queries	0.0000	0.0000	0.0000	37
MacroF1	0.3303
F1w_avg	0.4229
Acc    	44.7

02/25/2021 05:21:06 - INFO - __main__ -   	EPOCH:  10	MiniBatch:    0
02/25/2021 05:21:07 - INFO - __main__ -   	EPOCH:  10	MiniBatch:    1
02/25/2021 05:21:08 - INFO - __main__ -   	EPOCH:  10	MiniBatch:    2
02/25/2021 05:21:09 - INFO - __main__ -   	EPOCH:  10	MiniBatch:    3
02/25/2021 05:21:10 - INFO - __main__ -   	EPOCH:  10	MiniBatch:    4
02/25/2021 05:21:11 - INFO - __main__ -   	EPOCH:  10	MiniBatch:    5
02/25/2021 05:21:12 - INFO - __main__ -   	EPOCH:  10	MiniBatch:    6
02/25/2021 05:21:13 - INFO - __main__ -   	EPOCH:  10	MiniBatch:    7
02/25/2021 05:21:14 - INFO - __main__ -   	EPOCH:  10	MiniBatch:    8
02/25/2021 05:21:15 - INFO - __main__ -   	EPOCH:  10	MiniBatch:    9
02/25/2021 05:21:16 - INFO - __main__ -   	EPOCH:  10	MiniBatch:   10
02/25/2021 05:21:16 - INFO - __main__ -   	Testing dev Minibatch:    0
02/25/2021 05:21:17 - INFO - __main__ -   	Testing dev Minibatch:    1
02/25/2021 05:21:17 - INFO - __main__ -   	Testing dev Minibatch:    2
02/25/2021 05:21:17 - INFO - __main__ -   	Testing dev Minibatch:    3
02/25/2021 05:21:18 - INFO - __main__ -   
Labels 	Prec. 	Recall	F1    	Supp  
Denial 	0.4378	0.5806	0.4992	279
Support	0.5145	0.6125	0.5592	289
Comment	0.5357	0.3012	0.3856	249
Queries	0.0000	0.0000	0.0000	37
MacroF1	0.3610
F1w_avg	0.4648
Acc    	48.5

02/25/2021 05:21:19 - INFO - __main__ -   	EPOCH:  11	MiniBatch:    0
02/25/2021 05:21:20 - INFO - __main__ -   	EPOCH:  11	MiniBatch:    1
02/25/2021 05:21:21 - INFO - __main__ -   	EPOCH:  11	MiniBatch:    2
02/25/2021 05:21:22 - INFO - __main__ -   	EPOCH:  11	MiniBatch:    3
02/25/2021 05:21:23 - INFO - __main__ -   	EPOCH:  11	MiniBatch:    4
02/25/2021 05:21:24 - INFO - __main__ -   	EPOCH:  11	MiniBatch:    5
02/25/2021 05:21:25 - INFO - __main__ -   	EPOCH:  11	MiniBatch:    6
02/25/2021 05:21:26 - INFO - __main__ -   	EPOCH:  11	MiniBatch:    7
02/25/2021 05:21:27 - INFO - __main__ -   	EPOCH:  11	MiniBatch:    8
02/25/2021 05:21:28 - INFO - __main__ -   	EPOCH:  11	MiniBatch:    9
02/25/2021 05:21:29 - INFO - __main__ -   	EPOCH:  11	MiniBatch:   10
02/25/2021 05:21:30 - INFO - __main__ -   	Testing dev Minibatch:    0
02/25/2021 05:21:30 - INFO - __main__ -   	Testing dev Minibatch:    1
02/25/2021 05:21:31 - INFO - __main__ -   	Testing dev Minibatch:    2
02/25/2021 05:21:31 - INFO - __main__ -   	Testing dev Minibatch:    3
02/25/2021 05:21:31 - INFO - __main__ -   
Labels 	Prec. 	Recall	F1    	Supp  
Denial 	0.4628	0.4910	0.4765	279
Support	0.4976	0.7266	0.5907	289
Comment	0.5368	0.2932	0.3792	249
Queries	0.0000	0.0000	0.0000	37
MacroF1	0.3616
F1w_avg	0.4662
Acc    	49.2

02/25/2021 05:21:33 - INFO - __main__ -   	EPOCH:  12	MiniBatch:    0
02/25/2021 05:21:34 - INFO - __main__ -   	EPOCH:  12	MiniBatch:    1
02/25/2021 05:21:35 - INFO - __main__ -   	EPOCH:  12	MiniBatch:    2
02/25/2021 05:21:36 - INFO - __main__ -   	EPOCH:  12	MiniBatch:    3
02/25/2021 05:21:37 - INFO - __main__ -   	EPOCH:  12	MiniBatch:    4
02/25/2021 05:21:38 - INFO - __main__ -   	EPOCH:  12	MiniBatch:    5
02/25/2021 05:21:39 - INFO - __main__ -   	EPOCH:  12	MiniBatch:    6
02/25/2021 05:21:40 - INFO - __main__ -   	EPOCH:  12	MiniBatch:    7
02/25/2021 05:21:41 - INFO - __main__ -   	EPOCH:  12	MiniBatch:    8
02/25/2021 05:21:42 - INFO - __main__ -   	EPOCH:  12	MiniBatch:    9
02/25/2021 05:21:43 - INFO - __main__ -   	EPOCH:  12	MiniBatch:   10
02/25/2021 05:21:44 - INFO - __main__ -   	Testing dev Minibatch:    0
02/25/2021 05:21:44 - INFO - __main__ -   	Testing dev Minibatch:    1
02/25/2021 05:21:44 - INFO - __main__ -   	Testing dev Minibatch:    2
02/25/2021 05:21:45 - INFO - __main__ -   	Testing dev Minibatch:    3
02/25/2021 05:21:45 - INFO - __main__ -   
Labels 	Prec. 	Recall	F1    	Supp  
Denial 	0.4018	0.6237	0.4888	279
Support	0.6049	0.4291	0.5020	289
Comment	0.4769	0.4137	0.4430	249
Queries	0.0000	0.0000	0.0000	37
MacroF1	0.3584
F1w_avg	0.4587
Acc    	47.0

02/25/2021 05:21:45 - INFO - __main__ -   	EPOCH:  13	MiniBatch:    0
02/25/2021 05:21:46 - INFO - __main__ -   	EPOCH:  13	MiniBatch:    1
02/25/2021 05:21:47 - INFO - __main__ -   	EPOCH:  13	MiniBatch:    2
02/25/2021 05:21:48 - INFO - __main__ -   	EPOCH:  13	MiniBatch:    3
02/25/2021 05:21:49 - INFO - __main__ -   	EPOCH:  13	MiniBatch:    4
02/25/2021 05:21:50 - INFO - __main__ -   	EPOCH:  13	MiniBatch:    5
02/25/2021 05:21:51 - INFO - __main__ -   	EPOCH:  13	MiniBatch:    6
02/25/2021 05:21:52 - INFO - __main__ -   	EPOCH:  13	MiniBatch:    7
02/25/2021 05:21:53 - INFO - __main__ -   	EPOCH:  13	MiniBatch:    8
02/25/2021 05:21:54 - INFO - __main__ -   	EPOCH:  13	MiniBatch:    9
02/25/2021 05:21:55 - INFO - __main__ -   	EPOCH:  13	MiniBatch:   10
02/25/2021 05:21:55 - INFO - __main__ -   	Testing dev Minibatch:    0
02/25/2021 05:21:56 - INFO - __main__ -   	Testing dev Minibatch:    1
02/25/2021 05:21:56 - INFO - __main__ -   	Testing dev Minibatch:    2
02/25/2021 05:21:57 - INFO - __main__ -   	Testing dev Minibatch:    3
02/25/2021 05:21:57 - INFO - __main__ -   
Labels 	Prec. 	Recall	F1    	Supp  
Denial 	0.3982	0.6380	0.4904	279
Support	0.6506	0.3737	0.4747	289
Comment	0.4772	0.4618	0.4694	249
Queries	0.0000	0.0000	0.0000	37
MacroF1	0.3586
F1w_avg	0.4577
Acc    	47.0

02/25/2021 05:21:57 - INFO - __main__ -   	EPOCH:  14	MiniBatch:    0
02/25/2021 05:21:58 - INFO - __main__ -   	EPOCH:  14	MiniBatch:    1
02/25/2021 05:21:59 - INFO - __main__ -   	EPOCH:  14	MiniBatch:    2
02/25/2021 05:22:00 - INFO - __main__ -   	EPOCH:  14	MiniBatch:    3
02/25/2021 05:22:01 - INFO - __main__ -   	EPOCH:  14	MiniBatch:    4
02/25/2021 05:22:02 - INFO - __main__ -   	EPOCH:  14	MiniBatch:    5
02/25/2021 05:22:03 - INFO - __main__ -   	EPOCH:  14	MiniBatch:    6
02/25/2021 05:22:04 - INFO - __main__ -   	EPOCH:  14	MiniBatch:    7
02/25/2021 05:22:05 - INFO - __main__ -   	EPOCH:  14	MiniBatch:    8
02/25/2021 05:22:06 - INFO - __main__ -   	EPOCH:  14	MiniBatch:    9
02/25/2021 05:22:07 - INFO - __main__ -   	EPOCH:  14	MiniBatch:   10
02/25/2021 05:22:08 - INFO - __main__ -   	Testing dev Minibatch:    0
02/25/2021 05:22:08 - INFO - __main__ -   	Testing dev Minibatch:    1
02/25/2021 05:22:08 - INFO - __main__ -   	Testing dev Minibatch:    2
02/25/2021 05:22:09 - INFO - __main__ -   	Testing dev Minibatch:    3
02/25/2021 05:22:09 - INFO - __main__ -   
Labels 	Prec. 	Recall	F1    	Supp  
Denial 	0.4948	0.3441	0.4059	279
Support	0.4423	0.8754	0.5877	289
Comment	0.6023	0.2129	0.3145	249
Queries	0.0000	0.0000	0.0000	37
MacroF1	0.3270
F1w_avg	0.4232
Acc    	47.1

02/25/2021 05:22:09 - INFO - __main__ -   	EPOCH:  15	MiniBatch:    0
02/25/2021 05:22:10 - INFO - __main__ -   	EPOCH:  15	MiniBatch:    1
02/25/2021 05:22:11 - INFO - __main__ -   	EPOCH:  15	MiniBatch:    2
02/25/2021 05:22:12 - INFO - __main__ -   	EPOCH:  15	MiniBatch:    3
02/25/2021 05:22:13 - INFO - __main__ -   	EPOCH:  15	MiniBatch:    4
02/25/2021 05:22:14 - INFO - __main__ -   	EPOCH:  15	MiniBatch:    5
02/25/2021 05:22:15 - INFO - __main__ -   	EPOCH:  15	MiniBatch:    6
02/25/2021 05:22:16 - INFO - __main__ -   	EPOCH:  15	MiniBatch:    7
02/25/2021 05:22:17 - INFO - __main__ -   	EPOCH:  15	MiniBatch:    8
02/25/2021 05:22:18 - INFO - __main__ -   	EPOCH:  15	MiniBatch:    9
02/25/2021 05:22:19 - INFO - __main__ -   	EPOCH:  15	MiniBatch:   10
02/25/2021 05:22:20 - INFO - __main__ -   	Testing dev Minibatch:    0
02/25/2021 05:22:20 - INFO - __main__ -   	Testing dev Minibatch:    1
02/25/2021 05:22:20 - INFO - __main__ -   	Testing dev Minibatch:    2
02/25/2021 05:22:21 - INFO - __main__ -   	Testing dev Minibatch:    3
02/25/2021 05:22:21 - INFO - __main__ -   
Labels 	Prec. 	Recall	F1    	Supp  
Denial 	0.3887	0.8136	0.5261	279
Support	0.6803	0.2872	0.4039	289
Comment	0.5541	0.3293	0.4131	249
Queries	0.0000	0.0000	0.0000	37
MacroF1	0.3358
F1w_avg	0.4290
Acc    	45.9

02/25/2021 05:22:21 - INFO - __main__ -   	EPOCH:  16	MiniBatch:    0
02/25/2021 05:22:22 - INFO - __main__ -   	EPOCH:  16	MiniBatch:    1
02/25/2021 05:22:23 - INFO - __main__ -   	EPOCH:  16	MiniBatch:    2
02/25/2021 05:22:24 - INFO - __main__ -   	EPOCH:  16	MiniBatch:    3
02/25/2021 05:22:25 - INFO - __main__ -   	EPOCH:  16	MiniBatch:    4
02/25/2021 05:22:26 - INFO - __main__ -   	EPOCH:  16	MiniBatch:    5
02/25/2021 05:22:27 - INFO - __main__ -   	EPOCH:  16	MiniBatch:    6
02/25/2021 05:22:28 - INFO - __main__ -   	EPOCH:  16	MiniBatch:    7
02/25/2021 05:22:29 - INFO - __main__ -   	EPOCH:  16	MiniBatch:    8
02/25/2021 05:22:30 - INFO - __main__ -   	EPOCH:  16	MiniBatch:    9
02/25/2021 05:22:31 - INFO - __main__ -   	EPOCH:  16	MiniBatch:   10
02/25/2021 05:22:32 - INFO - __main__ -   	Testing dev Minibatch:    0
02/25/2021 05:22:32 - INFO - __main__ -   	Testing dev Minibatch:    1
02/25/2021 05:22:32 - INFO - __main__ -   	Testing dev Minibatch:    2
02/25/2021 05:22:33 - INFO - __main__ -   	Testing dev Minibatch:    3
02/25/2021 05:22:33 - INFO - __main__ -   
Labels 	Prec. 	Recall	F1    	Supp  
Denial 	0.4984	0.5735	0.5333	279
Support	0.5499	0.6678	0.6031	289
Comment	0.5440	0.3976	0.4594	249
Queries	0.0000	0.0000	0.0000	37
MacroF1	0.3990
F1w_avg	0.5123
Acc    	52.9

02/25/2021 05:22:35 - INFO - __main__ -   	EPOCH:  17	MiniBatch:    0
02/25/2021 05:22:36 - INFO - __main__ -   	EPOCH:  17	MiniBatch:    1
02/25/2021 05:22:37 - INFO - __main__ -   	EPOCH:  17	MiniBatch:    2
02/25/2021 05:22:38 - INFO - __main__ -   	EPOCH:  17	MiniBatch:    3
02/25/2021 05:22:39 - INFO - __main__ -   	EPOCH:  17	MiniBatch:    4
02/25/2021 05:22:40 - INFO - __main__ -   	EPOCH:  17	MiniBatch:    5
02/25/2021 05:22:41 - INFO - __main__ -   	EPOCH:  17	MiniBatch:    6
02/25/2021 05:22:42 - INFO - __main__ -   	EPOCH:  17	MiniBatch:    7
02/25/2021 05:22:43 - INFO - __main__ -   	EPOCH:  17	MiniBatch:    8
02/25/2021 05:22:44 - INFO - __main__ -   	EPOCH:  17	MiniBatch:    9
02/25/2021 05:22:45 - INFO - __main__ -   	EPOCH:  17	MiniBatch:   10
02/25/2021 05:22:45 - INFO - __main__ -   	Testing dev Minibatch:    0
02/25/2021 05:22:46 - INFO - __main__ -   	Testing dev Minibatch:    1
02/25/2021 05:22:46 - INFO - __main__ -   	Testing dev Minibatch:    2
02/25/2021 05:22:46 - INFO - __main__ -   	Testing dev Minibatch:    3
02/25/2021 05:22:47 - INFO - __main__ -   
Labels 	Prec. 	Recall	F1    	Supp  
Denial 	0.4633	0.6559	0.5430	279
Support	0.5576	0.6194	0.5869	289
Comment	0.5580	0.3092	0.3979	249
Queries	0.0000	0.0000	0.0000	37
MacroF1	0.3820
F1w_avg	0.4920
Acc    	51.4

02/25/2021 05:22:47 - INFO - __main__ -   	EPOCH:  18	MiniBatch:    0
02/25/2021 05:22:48 - INFO - __main__ -   	EPOCH:  18	MiniBatch:    1
02/25/2021 05:22:49 - INFO - __main__ -   	EPOCH:  18	MiniBatch:    2
02/25/2021 05:22:50 - INFO - __main__ -   	EPOCH:  18	MiniBatch:    3
02/25/2021 05:22:51 - INFO - __main__ -   	EPOCH:  18	MiniBatch:    4
02/25/2021 05:22:52 - INFO - __main__ -   	EPOCH:  18	MiniBatch:    5
02/25/2021 05:22:53 - INFO - __main__ -   	EPOCH:  18	MiniBatch:    6
02/25/2021 05:22:54 - INFO - __main__ -   	EPOCH:  18	MiniBatch:    7
02/25/2021 05:22:55 - INFO - __main__ -   	EPOCH:  18	MiniBatch:    8
02/25/2021 05:22:56 - INFO - __main__ -   	EPOCH:  18	MiniBatch:    9
02/25/2021 05:22:57 - INFO - __main__ -   	EPOCH:  18	MiniBatch:   10
02/25/2021 05:22:57 - INFO - __main__ -   	Testing dev Minibatch:    0
02/25/2021 05:22:58 - INFO - __main__ -   	Testing dev Minibatch:    1
02/25/2021 05:22:58 - INFO - __main__ -   	Testing dev Minibatch:    2
02/25/2021 05:22:58 - INFO - __main__ -   	Testing dev Minibatch:    3
02/25/2021 05:22:59 - INFO - __main__ -   
Labels 	Prec. 	Recall	F1    	Supp  
Denial 	0.4515	0.6846	0.5442	279
Support	0.6276	0.5190	0.5682	289
Comment	0.5052	0.3896	0.4399	249
Queries	0.0000	0.0000	0.0000	37
MacroF1	0.3881
F1w_avg	0.4983
Acc    	51.3

02/25/2021 05:22:59 - INFO - __main__ -   	EPOCH:  19	MiniBatch:    0
02/25/2021 05:23:00 - INFO - __main__ -   	EPOCH:  19	MiniBatch:    1
02/25/2021 05:23:01 - INFO - __main__ -   	EPOCH:  19	MiniBatch:    2
02/25/2021 05:23:02 - INFO - __main__ -   	EPOCH:  19	MiniBatch:    3
02/25/2021 05:23:03 - INFO - __main__ -   	EPOCH:  19	MiniBatch:    4
02/25/2021 05:23:04 - INFO - __main__ -   	EPOCH:  19	MiniBatch:    5
02/25/2021 05:23:05 - INFO - __main__ -   	EPOCH:  19	MiniBatch:    6
02/25/2021 05:23:06 - INFO - __main__ -   	EPOCH:  19	MiniBatch:    7
02/25/2021 05:23:07 - INFO - __main__ -   	EPOCH:  19	MiniBatch:    8
02/25/2021 05:23:08 - INFO - __main__ -   	EPOCH:  19	MiniBatch:    9
02/25/2021 05:23:09 - INFO - __main__ -   	EPOCH:  19	MiniBatch:   10
02/25/2021 05:23:09 - INFO - __main__ -   	Testing dev Minibatch:    0
02/25/2021 05:23:10 - INFO - __main__ -   	Testing dev Minibatch:    1
02/25/2021 05:23:10 - INFO - __main__ -   	Testing dev Minibatch:    2
02/25/2021 05:23:10 - INFO - __main__ -   	Testing dev Minibatch:    3
02/25/2021 05:23:11 - INFO - __main__ -   
Labels 	Prec. 	Recall	F1    	Supp  
Denial 	0.4974	0.6738	0.5723	279
Support	0.5952	0.6055	0.6003	289
Comment	0.5440	0.3976	0.4594	249
Queries	0.0000	0.0000	0.0000	37
MacroF1	0.4080
F1w_avg	0.5241
Acc    	54.1

02/25/2021 05:23:12 - INFO - __main__ -   	EPOCH:  20	MiniBatch:    0
02/25/2021 05:23:13 - INFO - __main__ -   	EPOCH:  20	MiniBatch:    1
02/25/2021 05:23:15 - INFO - __main__ -   	EPOCH:  20	MiniBatch:    2
02/25/2021 05:23:16 - INFO - __main__ -   	EPOCH:  20	MiniBatch:    3
02/25/2021 05:23:17 - INFO - __main__ -   	EPOCH:  20	MiniBatch:    4
02/25/2021 05:23:18 - INFO - __main__ -   	EPOCH:  20	MiniBatch:    5
02/25/2021 05:23:19 - INFO - __main__ -   	EPOCH:  20	MiniBatch:    6
02/25/2021 05:23:20 - INFO - __main__ -   	EPOCH:  20	MiniBatch:    7
02/25/2021 05:23:21 - INFO - __main__ -   	EPOCH:  20	MiniBatch:    8
02/25/2021 05:23:22 - INFO - __main__ -   	EPOCH:  20	MiniBatch:    9
02/25/2021 05:23:23 - INFO - __main__ -   	EPOCH:  20	MiniBatch:   10
02/25/2021 05:23:23 - INFO - __main__ -   	Testing dev Minibatch:    0
02/25/2021 05:23:23 - INFO - __main__ -   	Testing dev Minibatch:    1
02/25/2021 05:23:24 - INFO - __main__ -   	Testing dev Minibatch:    2
02/25/2021 05:23:24 - INFO - __main__ -   	Testing dev Minibatch:    3
02/25/2021 05:23:24 - INFO - __main__ -   
Labels 	Prec. 	Recall	F1    	Supp  
Denial 	0.5296	0.5448	0.5371	279
Support	0.5111	0.7958	0.6225	289
Comment	0.6154	0.2892	0.3934	249
Queries	0.0000	0.0000	0.0000	37
MacroF1	0.3883
F1w_avg	0.5008
Acc    	53.2

02/25/2021 05:23:25 - INFO - __main__ -   	EPOCH:  21	MiniBatch:    0
02/25/2021 05:23:26 - INFO - __main__ -   	EPOCH:  21	MiniBatch:    1
02/25/2021 05:23:27 - INFO - __main__ -   	EPOCH:  21	MiniBatch:    2
02/25/2021 05:23:28 - INFO - __main__ -   	EPOCH:  21	MiniBatch:    3
02/25/2021 05:23:29 - INFO - __main__ -   	EPOCH:  21	MiniBatch:    4
02/25/2021 05:23:30 - INFO - __main__ -   	EPOCH:  21	MiniBatch:    5
02/25/2021 05:23:31 - INFO - __main__ -   	EPOCH:  21	MiniBatch:    6
02/25/2021 05:23:32 - INFO - __main__ -   	EPOCH:  21	MiniBatch:    7
02/25/2021 05:23:33 - INFO - __main__ -   	EPOCH:  21	MiniBatch:    8
02/25/2021 05:23:34 - INFO - __main__ -   	EPOCH:  21	MiniBatch:    9
02/25/2021 05:23:35 - INFO - __main__ -   	EPOCH:  21	MiniBatch:   10
02/25/2021 05:23:35 - INFO - __main__ -   	Testing dev Minibatch:    0
02/25/2021 05:23:35 - INFO - __main__ -   	Testing dev Minibatch:    1
02/25/2021 05:23:36 - INFO - __main__ -   	Testing dev Minibatch:    2
02/25/2021 05:23:36 - INFO - __main__ -   	Testing dev Minibatch:    3
02/25/2021 05:23:36 - INFO - __main__ -   
Labels 	Prec. 	Recall	F1    	Supp  
Denial 	0.4826	0.6452	0.5521	279
Support	0.6136	0.4671	0.5305	289
Comment	0.5096	0.5341	0.5216	249
Queries	0.0000	0.0000	0.0000	37
MacroF1	0.4010
F1w_avg	0.5120
Acc    	52.5

02/25/2021 05:23:37 - INFO - __main__ -   	EPOCH:  22	MiniBatch:    0
02/25/2021 05:23:38 - INFO - __main__ -   	EPOCH:  22	MiniBatch:    1
02/25/2021 05:23:39 - INFO - __main__ -   	EPOCH:  22	MiniBatch:    2
02/25/2021 05:23:40 - INFO - __main__ -   	EPOCH:  22	MiniBatch:    3
02/25/2021 05:23:41 - INFO - __main__ -   	EPOCH:  22	MiniBatch:    4
02/25/2021 05:23:42 - INFO - __main__ -   	EPOCH:  22	MiniBatch:    5
02/25/2021 05:23:43 - INFO - __main__ -   	EPOCH:  22	MiniBatch:    6
02/25/2021 05:23:44 - INFO - __main__ -   	EPOCH:  22	MiniBatch:    7
02/25/2021 05:23:45 - INFO - __main__ -   	EPOCH:  22	MiniBatch:    8
02/25/2021 05:23:46 - INFO - __main__ -   	EPOCH:  22	MiniBatch:    9
02/25/2021 05:23:47 - INFO - __main__ -   	EPOCH:  22	MiniBatch:   10
02/25/2021 05:23:47 - INFO - __main__ -   	Testing dev Minibatch:    0
02/25/2021 05:23:47 - INFO - __main__ -   	Testing dev Minibatch:    1
02/25/2021 05:23:48 - INFO - __main__ -   	Testing dev Minibatch:    2
02/25/2021 05:23:48 - INFO - __main__ -   	Testing dev Minibatch:    3
02/25/2021 05:23:48 - INFO - __main__ -   
Labels 	Prec. 	Recall	F1    	Supp  
Denial 	0.5155	0.7133	0.5985	279
Support	0.5836	0.6159	0.5993	289
Comment	0.5890	0.3855	0.4660	249
Queries	0.0000	0.0000	0.0000	37
MacroF1	0.4160
F1w_avg	0.5342
Acc    	55.4

02/25/2021 05:23:50 - INFO - __main__ -   	EPOCH:  23	MiniBatch:    0
02/25/2021 05:23:51 - INFO - __main__ -   	EPOCH:  23	MiniBatch:    1
02/25/2021 05:23:52 - INFO - __main__ -   	EPOCH:  23	MiniBatch:    2
02/25/2021 05:23:53 - INFO - __main__ -   	EPOCH:  23	MiniBatch:    3
02/25/2021 05:23:54 - INFO - __main__ -   	EPOCH:  23	MiniBatch:    4
02/25/2021 05:23:55 - INFO - __main__ -   	EPOCH:  23	MiniBatch:    5
02/25/2021 05:23:56 - INFO - __main__ -   	EPOCH:  23	MiniBatch:    6
02/25/2021 05:23:57 - INFO - __main__ -   	EPOCH:  23	MiniBatch:    7
02/25/2021 05:23:58 - INFO - __main__ -   	EPOCH:  23	MiniBatch:    8
02/25/2021 05:23:59 - INFO - __main__ -   	EPOCH:  23	MiniBatch:    9
02/25/2021 05:24:00 - INFO - __main__ -   	EPOCH:  23	MiniBatch:   10
02/25/2021 05:24:01 - INFO - __main__ -   	Testing dev Minibatch:    0
02/25/2021 05:24:01 - INFO - __main__ -   	Testing dev Minibatch:    1
02/25/2021 05:24:02 - INFO - __main__ -   	Testing dev Minibatch:    2
02/25/2021 05:24:02 - INFO - __main__ -   	Testing dev Minibatch:    3
02/25/2021 05:24:02 - INFO - __main__ -   
Labels 	Prec. 	Recall	F1    	Supp  
Denial 	0.5468	0.6703	0.6023	279
Support	0.5587	0.6920	0.6182	289
Comment	0.5779	0.3574	0.4417	249
Queries	0.0000	0.0000	0.0000	37
MacroF1	0.4155
F1w_avg	0.5348
Acc    	55.7

02/25/2021 05:24:02 - INFO - __main__ -   	EPOCH:  24	MiniBatch:    0
02/25/2021 05:24:03 - INFO - __main__ -   	EPOCH:  24	MiniBatch:    1
02/25/2021 05:24:04 - INFO - __main__ -   	EPOCH:  24	MiniBatch:    2
02/25/2021 05:24:05 - INFO - __main__ -   	EPOCH:  24	MiniBatch:    3
02/25/2021 05:24:06 - INFO - __main__ -   	EPOCH:  24	MiniBatch:    4
02/25/2021 05:24:07 - INFO - __main__ -   	EPOCH:  24	MiniBatch:    5
02/25/2021 05:24:08 - INFO - __main__ -   	EPOCH:  24	MiniBatch:    6
02/25/2021 05:24:09 - INFO - __main__ -   	EPOCH:  24	MiniBatch:    7
02/25/2021 05:24:10 - INFO - __main__ -   	EPOCH:  24	MiniBatch:    8
02/25/2021 05:24:11 - INFO - __main__ -   	EPOCH:  24	MiniBatch:    9
02/25/2021 05:24:12 - INFO - __main__ -   	EPOCH:  24	MiniBatch:   10
02/25/2021 05:24:13 - INFO - __main__ -   	Testing dev Minibatch:    0
02/25/2021 05:24:13 - INFO - __main__ -   	Testing dev Minibatch:    1
02/25/2021 05:24:14 - INFO - __main__ -   	Testing dev Minibatch:    2
02/25/2021 05:24:14 - INFO - __main__ -   	Testing dev Minibatch:    3
02/25/2021 05:24:14 - INFO - __main__ -   
Labels 	Prec. 	Recall	F1    	Supp  
Denial 	0.4870	0.7384	0.5869	279
Support	0.6075	0.4498	0.5169	289
Comment	0.5622	0.4900	0.5236	249
Queries	0.0000	0.0000	0.0000	37
MacroF1	0.4068
F1w_avg	0.5193
Acc    	53.6

02/25/2021 05:24:14 - INFO - __main__ -   	EPOCH:  25	MiniBatch:    0
02/25/2021 05:24:15 - INFO - __main__ -   	EPOCH:  25	MiniBatch:    1
02/25/2021 05:24:16 - INFO - __main__ -   	EPOCH:  25	MiniBatch:    2
02/25/2021 05:24:17 - INFO - __main__ -   	EPOCH:  25	MiniBatch:    3
02/25/2021 05:24:18 - INFO - __main__ -   	EPOCH:  25	MiniBatch:    4
02/25/2021 05:24:19 - INFO - __main__ -   	EPOCH:  25	MiniBatch:    5
02/25/2021 05:24:20 - INFO - __main__ -   	EPOCH:  25	MiniBatch:    6
02/25/2021 05:24:21 - INFO - __main__ -   	EPOCH:  25	MiniBatch:    7
02/25/2021 05:24:22 - INFO - __main__ -   	EPOCH:  25	MiniBatch:    8
02/25/2021 05:24:23 - INFO - __main__ -   	EPOCH:  25	MiniBatch:    9
02/25/2021 05:24:24 - INFO - __main__ -   	EPOCH:  25	MiniBatch:   10
02/25/2021 05:24:25 - INFO - __main__ -   	Testing dev Minibatch:    0
02/25/2021 05:24:25 - INFO - __main__ -   	Testing dev Minibatch:    1
02/25/2021 05:24:26 - INFO - __main__ -   	Testing dev Minibatch:    2
02/25/2021 05:24:26 - INFO - __main__ -   	Testing dev Minibatch:    3
02/25/2021 05:24:26 - INFO - __main__ -   
Labels 	Prec. 	Recall	F1    	Supp  
Denial 	0.5125	0.7348	0.6038	279
Support	0.5977	0.5294	0.5615	289
Comment	0.5707	0.4538	0.5056	249
Queries	0.0000	0.0000	0.0000	37
MacroF1	0.4177
F1w_avg	0.5347
Acc    	55.2

02/25/2021 05:24:28 - INFO - __main__ -   	EPOCH:  26	MiniBatch:    0
02/25/2021 05:24:29 - INFO - __main__ -   	EPOCH:  26	MiniBatch:    1
02/25/2021 05:24:30 - INFO - __main__ -   	EPOCH:  26	MiniBatch:    2
02/25/2021 05:24:31 - INFO - __main__ -   	EPOCH:  26	MiniBatch:    3
02/25/2021 05:24:32 - INFO - __main__ -   	EPOCH:  26	MiniBatch:    4
02/25/2021 05:24:33 - INFO - __main__ -   	EPOCH:  26	MiniBatch:    5
02/25/2021 05:24:34 - INFO - __main__ -   	EPOCH:  26	MiniBatch:    6
02/25/2021 05:24:35 - INFO - __main__ -   	EPOCH:  26	MiniBatch:    7
02/25/2021 05:24:36 - INFO - __main__ -   	EPOCH:  26	MiniBatch:    8
02/25/2021 05:24:37 - INFO - __main__ -   	EPOCH:  26	MiniBatch:    9
02/25/2021 05:24:38 - INFO - __main__ -   	EPOCH:  26	MiniBatch:   10
02/25/2021 05:24:38 - INFO - __main__ -   	Testing dev Minibatch:    0
02/25/2021 05:24:39 - INFO - __main__ -   	Testing dev Minibatch:    1
02/25/2021 05:24:39 - INFO - __main__ -   	Testing dev Minibatch:    2
02/25/2021 05:24:40 - INFO - __main__ -   	Testing dev Minibatch:    3
02/25/2021 05:24:40 - INFO - __main__ -   
Labels 	Prec. 	Recall	F1    	Supp  
Denial 	0.5731	0.7168	0.6369	279
Support	0.5701	0.6194	0.5937	289
Comment	0.5707	0.4378	0.4955	249
Queries	0.0000	0.0000	0.0000	37
MacroF1	0.4315
F1w_avg	0.5535
Acc    	57.1

02/25/2021 05:24:42 - INFO - __main__ -   	EPOCH:  27	MiniBatch:    0
02/25/2021 05:24:43 - INFO - __main__ -   	EPOCH:  27	MiniBatch:    1
02/25/2021 05:24:44 - INFO - __main__ -   	EPOCH:  27	MiniBatch:    2
02/25/2021 05:24:45 - INFO - __main__ -   	EPOCH:  27	MiniBatch:    3
02/25/2021 05:24:46 - INFO - __main__ -   	EPOCH:  27	MiniBatch:    4
02/25/2021 05:24:47 - INFO - __main__ -   	EPOCH:  27	MiniBatch:    5
02/25/2021 05:24:48 - INFO - __main__ -   	EPOCH:  27	MiniBatch:    6
02/25/2021 05:24:49 - INFO - __main__ -   	EPOCH:  27	MiniBatch:    7
02/25/2021 05:24:50 - INFO - __main__ -   	EPOCH:  27	MiniBatch:    8
02/25/2021 05:24:51 - INFO - __main__ -   	EPOCH:  27	MiniBatch:    9
02/25/2021 05:24:52 - INFO - __main__ -   	EPOCH:  27	MiniBatch:   10
02/25/2021 05:24:52 - INFO - __main__ -   	Testing dev Minibatch:    0
02/25/2021 05:24:53 - INFO - __main__ -   	Testing dev Minibatch:    1
02/25/2021 05:24:53 - INFO - __main__ -   	Testing dev Minibatch:    2
02/25/2021 05:24:53 - INFO - __main__ -   	Testing dev Minibatch:    3
02/25/2021 05:24:53 - INFO - __main__ -   
Labels 	Prec. 	Recall	F1    	Supp  
Denial 	0.4978	0.8172	0.6187	279
Support	0.6098	0.4325	0.5061	289
Comment	0.5654	0.4337	0.4909	249
Queries	0.0000	0.0000	0.0000	37
MacroF1	0.4039
F1w_avg	0.5165
Acc    	54.0

02/25/2021 05:24:54 - INFO - __main__ -   	EPOCH:  28	MiniBatch:    0
02/25/2021 05:24:55 - INFO - __main__ -   	EPOCH:  28	MiniBatch:    1
02/25/2021 05:24:56 - INFO - __main__ -   	EPOCH:  28	MiniBatch:    2
02/25/2021 05:24:57 - INFO - __main__ -   	EPOCH:  28	MiniBatch:    3
02/25/2021 05:24:58 - INFO - __main__ -   	EPOCH:  28	MiniBatch:    4
02/25/2021 05:24:59 - INFO - __main__ -   	EPOCH:  28	MiniBatch:    5
02/25/2021 05:25:00 - INFO - __main__ -   	EPOCH:  28	MiniBatch:    6
02/25/2021 05:25:01 - INFO - __main__ -   	EPOCH:  28	MiniBatch:    7
02/25/2021 05:25:02 - INFO - __main__ -   	EPOCH:  28	MiniBatch:    8
02/25/2021 05:25:03 - INFO - __main__ -   	EPOCH:  28	MiniBatch:    9
02/25/2021 05:25:04 - INFO - __main__ -   	EPOCH:  28	MiniBatch:   10
02/25/2021 05:25:04 - INFO - __main__ -   	Testing dev Minibatch:    0
02/25/2021 05:25:05 - INFO - __main__ -   	Testing dev Minibatch:    1
02/25/2021 05:25:05 - INFO - __main__ -   	Testing dev Minibatch:    2
02/25/2021 05:25:05 - INFO - __main__ -   	Testing dev Minibatch:    3
02/25/2021 05:25:05 - INFO - __main__ -   
Labels 	Prec. 	Recall	F1    	Supp  
Denial 	0.5838	0.7240	0.6464	279
Support	0.5571	0.6747	0.6103	289
Comment	0.6013	0.3815	0.4668	249
Queries	0.0000	0.0000	0.0000	37
MacroF1	0.4309
F1w_avg	0.5538
Acc    	57.6

02/25/2021 05:25:06 - INFO - __main__ -   	EPOCH:  29	MiniBatch:    0
02/25/2021 05:25:07 - INFO - __main__ -   	EPOCH:  29	MiniBatch:    1
02/25/2021 05:25:08 - INFO - __main__ -   	EPOCH:  29	MiniBatch:    2
02/25/2021 05:25:09 - INFO - __main__ -   	EPOCH:  29	MiniBatch:    3
02/25/2021 05:25:10 - INFO - __main__ -   	EPOCH:  29	MiniBatch:    4
02/25/2021 05:25:11 - INFO - __main__ -   	EPOCH:  29	MiniBatch:    5
02/25/2021 05:25:12 - INFO - __main__ -   	EPOCH:  29	MiniBatch:    6
02/25/2021 05:25:13 - INFO - __main__ -   	EPOCH:  29	MiniBatch:    7
02/25/2021 05:25:14 - INFO - __main__ -   	EPOCH:  29	MiniBatch:    8
02/25/2021 05:25:15 - INFO - __main__ -   	EPOCH:  29	MiniBatch:    9
02/25/2021 05:25:16 - INFO - __main__ -   	EPOCH:  29	MiniBatch:   10
02/25/2021 05:25:16 - INFO - __main__ -   	Testing dev Minibatch:    0
02/25/2021 05:25:17 - INFO - __main__ -   	Testing dev Minibatch:    1
02/25/2021 05:25:17 - INFO - __main__ -   	Testing dev Minibatch:    2
02/25/2021 05:25:17 - INFO - __main__ -   	Testing dev Minibatch:    3
02/25/2021 05:25:18 - INFO - __main__ -   
Labels 	Prec. 	Recall	F1    	Supp  
Denial 	0.6000	0.6882	0.6411	279
Support	0.6422	0.4844	0.5523	289
Comment	0.5000	0.6345	0.5593	249
Queries	0.0000	0.0000	0.0000	37
MacroF1	0.4382
F1w_avg	0.5594
Acc    	57.4

02/25/2021 05:25:19 - INFO - __main__ -   	EPOCH:  30	MiniBatch:    0
02/25/2021 05:25:20 - INFO - __main__ -   	EPOCH:  30	MiniBatch:    1
02/25/2021 05:25:21 - INFO - __main__ -   	EPOCH:  30	MiniBatch:    2
02/25/2021 05:25:22 - INFO - __main__ -   	EPOCH:  30	MiniBatch:    3
02/25/2021 05:25:23 - INFO - __main__ -   	EPOCH:  30	MiniBatch:    4
02/25/2021 05:25:24 - INFO - __main__ -   	EPOCH:  30	MiniBatch:    5
02/25/2021 05:25:25 - INFO - __main__ -   	EPOCH:  30	MiniBatch:    6
02/25/2021 05:25:26 - INFO - __main__ -   	EPOCH:  30	MiniBatch:    7
02/25/2021 05:25:27 - INFO - __main__ -   	EPOCH:  30	MiniBatch:    8
02/25/2021 05:25:28 - INFO - __main__ -   	EPOCH:  30	MiniBatch:    9
02/25/2021 05:25:29 - INFO - __main__ -   	EPOCH:  30	MiniBatch:   10
02/25/2021 05:25:30 - INFO - __main__ -   	Testing dev Minibatch:    0
02/25/2021 05:25:30 - INFO - __main__ -   	Testing dev Minibatch:    1
02/25/2021 05:25:31 - INFO - __main__ -   	Testing dev Minibatch:    2
02/25/2021 05:25:31 - INFO - __main__ -   	Testing dev Minibatch:    3
02/25/2021 05:25:31 - INFO - __main__ -   
Labels 	Prec. 	Recall	F1    	Supp  
Denial 	0.5900	0.7634	0.6656	279
Support	0.5850	0.6194	0.6017	289
Comment	0.6096	0.4578	0.5229	249
Queries	0.0000	0.0000	0.0000	37
MacroF1	0.4476
F1w_avg	0.5735
Acc    	59.3

02/25/2021 05:25:33 - INFO - __main__ -   	EPOCH:  31	MiniBatch:    0
02/25/2021 05:25:34 - INFO - __main__ -   	EPOCH:  31	MiniBatch:    1
02/25/2021 05:25:35 - INFO - __main__ -   	EPOCH:  31	MiniBatch:    2
02/25/2021 05:25:36 - INFO - __main__ -   	EPOCH:  31	MiniBatch:    3
02/25/2021 05:25:37 - INFO - __main__ -   	EPOCH:  31	MiniBatch:    4
02/25/2021 05:25:38 - INFO - __main__ -   	EPOCH:  31	MiniBatch:    5
02/25/2021 05:25:39 - INFO - __main__ -   	EPOCH:  31	MiniBatch:    6
02/25/2021 05:25:40 - INFO - __main__ -   	EPOCH:  31	MiniBatch:    7
02/25/2021 05:25:41 - INFO - __main__ -   	EPOCH:  31	MiniBatch:    8
02/25/2021 05:25:42 - INFO - __main__ -   	EPOCH:  31	MiniBatch:    9
02/25/2021 05:25:43 - INFO - __main__ -   	EPOCH:  31	MiniBatch:   10
02/25/2021 05:25:43 - INFO - __main__ -   	Testing dev Minibatch:    0
02/25/2021 05:25:44 - INFO - __main__ -   	Testing dev Minibatch:    1
02/25/2021 05:25:44 - INFO - __main__ -   	Testing dev Minibatch:    2
02/25/2021 05:25:45 - INFO - __main__ -   	Testing dev Minibatch:    3
02/25/2021 05:25:45 - INFO - __main__ -   
Labels 	Prec. 	Recall	F1    	Supp  
Denial 	0.5329	0.8136	0.6440	279
Support	0.5920	0.6125	0.6020	289
Comment	0.6357	0.3293	0.4339	249
Queries	0.0000	0.0000	0.0000	37
MacroF1	0.4200
F1w_avg	0.5406
Acc    	56.9

02/25/2021 05:25:45 - INFO - __main__ -   	EPOCH:  32	MiniBatch:    0
02/25/2021 05:25:46 - INFO - __main__ -   	EPOCH:  32	MiniBatch:    1
02/25/2021 05:25:47 - INFO - __main__ -   	EPOCH:  32	MiniBatch:    2
02/25/2021 05:25:48 - INFO - __main__ -   	EPOCH:  32	MiniBatch:    3
02/25/2021 05:25:49 - INFO - __main__ -   	EPOCH:  32	MiniBatch:    4
02/25/2021 05:25:50 - INFO - __main__ -   	EPOCH:  32	MiniBatch:    5
02/25/2021 05:25:51 - INFO - __main__ -   	EPOCH:  32	MiniBatch:    6
02/25/2021 05:25:52 - INFO - __main__ -   	EPOCH:  32	MiniBatch:    7
02/25/2021 05:25:53 - INFO - __main__ -   	EPOCH:  32	MiniBatch:    8
02/25/2021 05:25:54 - INFO - __main__ -   	EPOCH:  32	MiniBatch:    9
02/25/2021 05:25:55 - INFO - __main__ -   	EPOCH:  32	MiniBatch:   10
02/25/2021 05:25:56 - INFO - __main__ -   	Testing dev Minibatch:    0
02/25/2021 05:25:56 - INFO - __main__ -   	Testing dev Minibatch:    1
02/25/2021 05:25:56 - INFO - __main__ -   	Testing dev Minibatch:    2
02/25/2021 05:25:57 - INFO - __main__ -   	Testing dev Minibatch:    3
02/25/2021 05:25:57 - INFO - __main__ -   
Labels 	Prec. 	Recall	F1    	Supp  
Denial 	0.5789	0.7491	0.6531	279
Support	0.6107	0.5536	0.5808	289
Comment	0.5714	0.5301	0.5500	249
Queries	0.0000	0.0000	0.0000	37
MacroF1	0.4460
F1w_avg	0.5703
Acc    	58.7

02/25/2021 05:25:57 - INFO - __main__ -   	EPOCH:  33	MiniBatch:    0
02/25/2021 05:25:58 - INFO - __main__ -   	EPOCH:  33	MiniBatch:    1
02/25/2021 05:25:59 - INFO - __main__ -   	EPOCH:  33	MiniBatch:    2
02/25/2021 05:26:00 - INFO - __main__ -   	EPOCH:  33	MiniBatch:    3
02/25/2021 05:26:01 - INFO - __main__ -   	EPOCH:  33	MiniBatch:    4
02/25/2021 05:26:02 - INFO - __main__ -   	EPOCH:  33	MiniBatch:    5
02/25/2021 05:26:03 - INFO - __main__ -   	EPOCH:  33	MiniBatch:    6
02/25/2021 05:26:04 - INFO - __main__ -   	EPOCH:  33	MiniBatch:    7
02/25/2021 05:26:05 - INFO - __main__ -   	EPOCH:  33	MiniBatch:    8
02/25/2021 05:26:06 - INFO - __main__ -   	EPOCH:  33	MiniBatch:    9
02/25/2021 05:26:07 - INFO - __main__ -   	EPOCH:  33	MiniBatch:   10
02/25/2021 05:26:08 - INFO - __main__ -   	Testing dev Minibatch:    0
02/25/2021 05:26:08 - INFO - __main__ -   	Testing dev Minibatch:    1
02/25/2021 05:26:08 - INFO - __main__ -   	Testing dev Minibatch:    2
02/25/2021 05:26:09 - INFO - __main__ -   	Testing dev Minibatch:    3
02/25/2021 05:26:09 - INFO - __main__ -   
Labels 	Prec. 	Recall	F1    	Supp  
Denial 	0.5135	0.8172	0.6307	279
Support	0.5830	0.5225	0.5511	289
Comment	0.6225	0.3775	0.4700	249
Queries	0.0000	0.0000	0.0000	37
MacroF1	0.4130
F1w_avg	0.5296
Acc    	55.4

02/25/2021 05:26:09 - INFO - __main__ -   	EPOCH:  34	MiniBatch:    0
02/25/2021 05:26:10 - INFO - __main__ -   	EPOCH:  34	MiniBatch:    1
02/25/2021 05:26:11 - INFO - __main__ -   	EPOCH:  34	MiniBatch:    2
02/25/2021 05:26:12 - INFO - __main__ -   	EPOCH:  34	MiniBatch:    3
02/25/2021 05:26:13 - INFO - __main__ -   	EPOCH:  34	MiniBatch:    4
02/25/2021 05:26:14 - INFO - __main__ -   	EPOCH:  34	MiniBatch:    5
02/25/2021 05:26:15 - INFO - __main__ -   	EPOCH:  34	MiniBatch:    6
02/25/2021 05:26:16 - INFO - __main__ -   	EPOCH:  34	MiniBatch:    7
02/25/2021 05:26:17 - INFO - __main__ -   	EPOCH:  34	MiniBatch:    8
02/25/2021 05:26:18 - INFO - __main__ -   	EPOCH:  34	MiniBatch:    9
02/25/2021 05:26:19 - INFO - __main__ -   	EPOCH:  34	MiniBatch:   10
02/25/2021 05:26:20 - INFO - __main__ -   	Testing dev Minibatch:    0
02/25/2021 05:26:20 - INFO - __main__ -   	Testing dev Minibatch:    1
02/25/2021 05:26:20 - INFO - __main__ -   	Testing dev Minibatch:    2
02/25/2021 05:26:21 - INFO - __main__ -   	Testing dev Minibatch:    3
02/25/2021 05:26:21 - INFO - __main__ -   
Labels 	Prec. 	Recall	F1    	Supp  
Denial 	0.5875	0.6738	0.6277	279
Support	0.5975	0.4983	0.5434	289
Comment	0.4915	0.5783	0.5314	249
Queries	0.0000	0.0000	0.0000	37
MacroF1	0.4256
F1w_avg	0.5439
Acc    	55.7

02/25/2021 05:26:21 - INFO - __main__ -   	EPOCH:  35	MiniBatch:    0
02/25/2021 05:26:22 - INFO - __main__ -   	EPOCH:  35	MiniBatch:    1
02/25/2021 05:26:23 - INFO - __main__ -   	EPOCH:  35	MiniBatch:    2
02/25/2021 05:26:24 - INFO - __main__ -   	EPOCH:  35	MiniBatch:    3
02/25/2021 05:26:25 - INFO - __main__ -   	EPOCH:  35	MiniBatch:    4
02/25/2021 05:26:26 - INFO - __main__ -   	EPOCH:  35	MiniBatch:    5
02/25/2021 05:26:27 - INFO - __main__ -   	EPOCH:  35	MiniBatch:    6
02/25/2021 05:26:28 - INFO - __main__ -   	EPOCH:  35	MiniBatch:    7
02/25/2021 05:26:29 - INFO - __main__ -   	EPOCH:  35	MiniBatch:    8
02/25/2021 05:26:30 - INFO - __main__ -   	EPOCH:  35	MiniBatch:    9
02/25/2021 05:26:31 - INFO - __main__ -   	EPOCH:  35	MiniBatch:   10
02/25/2021 05:26:32 - INFO - __main__ -   	Testing dev Minibatch:    0
02/25/2021 05:26:32 - INFO - __main__ -   	Testing dev Minibatch:    1
02/25/2021 05:26:32 - INFO - __main__ -   	Testing dev Minibatch:    2
02/25/2021 05:26:33 - INFO - __main__ -   	Testing dev Minibatch:    3
02/25/2021 05:26:33 - INFO - __main__ -   
Labels 	Prec. 	Recall	F1    	Supp  
Denial 	0.5599	0.7706	0.6486	279
Support	0.5767	0.5986	0.5874	289
Comment	0.6059	0.4137	0.4916	249
Queries	0.0000	0.0000	0.0000	37
MacroF1	0.4319
F1w_avg	0.5540
Acc    	57.5

02/25/2021 05:26:33 - INFO - __main__ -   	EPOCH:  36	MiniBatch:    0
02/25/2021 05:26:34 - INFO - __main__ -   	EPOCH:  36	MiniBatch:    1
02/25/2021 05:26:35 - INFO - __main__ -   	EPOCH:  36	MiniBatch:    2
02/25/2021 05:26:36 - INFO - __main__ -   	EPOCH:  36	MiniBatch:    3
02/25/2021 05:26:37 - INFO - __main__ -   	EPOCH:  36	MiniBatch:    4
02/25/2021 05:26:38 - INFO - __main__ -   	EPOCH:  36	MiniBatch:    5
02/25/2021 05:26:39 - INFO - __main__ -   	EPOCH:  36	MiniBatch:    6
02/25/2021 05:26:40 - INFO - __main__ -   	EPOCH:  36	MiniBatch:    7
02/25/2021 05:26:41 - INFO - __main__ -   	EPOCH:  36	MiniBatch:    8
02/25/2021 05:26:42 - INFO - __main__ -   	EPOCH:  36	MiniBatch:    9
02/25/2021 05:26:43 - INFO - __main__ -   	EPOCH:  36	MiniBatch:   10
02/25/2021 05:26:44 - INFO - __main__ -   	Testing dev Minibatch:    0
02/25/2021 05:26:44 - INFO - __main__ -   	Testing dev Minibatch:    1
02/25/2021 05:26:44 - INFO - __main__ -   	Testing dev Minibatch:    2
02/25/2021 05:26:45 - INFO - __main__ -   	Testing dev Minibatch:    3
02/25/2021 05:26:45 - INFO - __main__ -   
Labels 	Prec. 	Recall	F1    	Supp  
Denial 	0.5857	0.7348	0.6518	279
Support	0.5791	0.5952	0.5870	289
Comment	0.5942	0.4940	0.5395	249
Queries	0.0000	0.0000	0.0000	37
MacroF1	0.4446
F1w_avg	0.5689
Acc    	58.5

02/25/2021 05:26:45 - INFO - __main__ -   	EPOCH:  37	MiniBatch:    0
02/25/2021 05:26:46 - INFO - __main__ -   	EPOCH:  37	MiniBatch:    1
02/25/2021 05:26:47 - INFO - __main__ -   	EPOCH:  37	MiniBatch:    2
02/25/2021 05:26:48 - INFO - __main__ -   	EPOCH:  37	MiniBatch:    3
02/25/2021 05:26:49 - INFO - __main__ -   	EPOCH:  37	MiniBatch:    4
02/25/2021 05:26:50 - INFO - __main__ -   	EPOCH:  37	MiniBatch:    5
02/25/2021 05:26:51 - INFO - __main__ -   	EPOCH:  37	MiniBatch:    6
02/25/2021 05:26:52 - INFO - __main__ -   	EPOCH:  37	MiniBatch:    7
02/25/2021 05:26:53 - INFO - __main__ -   	EPOCH:  37	MiniBatch:    8
02/25/2021 05:26:54 - INFO - __main__ -   	EPOCH:  37	MiniBatch:    9
02/25/2021 05:26:55 - INFO - __main__ -   	EPOCH:  37	MiniBatch:   10
02/25/2021 05:26:56 - INFO - __main__ -   	Testing dev Minibatch:    0
02/25/2021 05:26:56 - INFO - __main__ -   	Testing dev Minibatch:    1
02/25/2021 05:26:56 - INFO - __main__ -   	Testing dev Minibatch:    2
02/25/2021 05:26:57 - INFO - __main__ -   	Testing dev Minibatch:    3
02/25/2021 05:26:57 - INFO - __main__ -   
Labels 	Prec. 	Recall	F1    	Supp  
Denial 	0.5355	0.8100	0.6448	279
Support	0.6250	0.4844	0.5458	289
Comment	0.5721	0.4779	0.5208	249
Queries	0.0000	0.0000	0.0000	37
MacroF1	0.4278
F1w_avg	0.5472
Acc    	56.8

02/25/2021 05:26:57 - INFO - __main__ -   	EPOCH:  38	MiniBatch:    0
02/25/2021 05:26:58 - INFO - __main__ -   	EPOCH:  38	MiniBatch:    1
02/25/2021 05:26:59 - INFO - __main__ -   	EPOCH:  38	MiniBatch:    2
02/25/2021 05:27:00 - INFO - __main__ -   	EPOCH:  38	MiniBatch:    3
02/25/2021 05:27:01 - INFO - __main__ -   	EPOCH:  38	MiniBatch:    4
02/25/2021 05:27:02 - INFO - __main__ -   	EPOCH:  38	MiniBatch:    5
02/25/2021 05:27:03 - INFO - __main__ -   	EPOCH:  38	MiniBatch:    6
02/25/2021 05:27:04 - INFO - __main__ -   	EPOCH:  38	MiniBatch:    7
02/25/2021 05:27:05 - INFO - __main__ -   	EPOCH:  38	MiniBatch:    8
02/25/2021 05:27:06 - INFO - __main__ -   	EPOCH:  38	MiniBatch:    9
02/25/2021 05:27:07 - INFO - __main__ -   	EPOCH:  38	MiniBatch:   10
02/25/2021 05:27:08 - INFO - __main__ -   	Testing dev Minibatch:    0
02/25/2021 05:27:08 - INFO - __main__ -   	Testing dev Minibatch:    1
02/25/2021 05:27:09 - INFO - __main__ -   	Testing dev Minibatch:    2
02/25/2021 05:27:09 - INFO - __main__ -   	Testing dev Minibatch:    3
02/25/2021 05:27:09 - INFO - __main__ -   
Labels 	Prec. 	Recall	F1    	Supp  
Denial 	0.5528	0.8065	0.6560	279
Support	0.5593	0.5709	0.5651	289
Comment	0.6250	0.3815	0.4738	249
Queries	0.0000	0.0000	0.0000	37
MacroF1	0.4237
F1w_avg	0.5437
Acc    	56.8

02/25/2021 05:27:09 - INFO - __main__ -   	EPOCH:  39	MiniBatch:    0
02/25/2021 05:27:10 - INFO - __main__ -   	EPOCH:  39	MiniBatch:    1
02/25/2021 05:27:11 - INFO - __main__ -   	EPOCH:  39	MiniBatch:    2
02/25/2021 05:27:12 - INFO - __main__ -   	EPOCH:  39	MiniBatch:    3
02/25/2021 05:27:13 - INFO - __main__ -   	EPOCH:  39	MiniBatch:    4
02/25/2021 05:27:14 - INFO - __main__ -   	EPOCH:  39	MiniBatch:    5
02/25/2021 05:27:15 - INFO - __main__ -   	EPOCH:  39	MiniBatch:    6
02/25/2021 05:27:16 - INFO - __main__ -   	EPOCH:  39	MiniBatch:    7
02/25/2021 05:27:17 - INFO - __main__ -   	EPOCH:  39	MiniBatch:    8
02/25/2021 05:27:18 - INFO - __main__ -   	EPOCH:  39	MiniBatch:    9
02/25/2021 05:27:19 - INFO - __main__ -   	EPOCH:  39	MiniBatch:   10
02/25/2021 05:27:20 - INFO - __main__ -   	Testing dev Minibatch:    0
02/25/2021 05:27:20 - INFO - __main__ -   	Testing dev Minibatch:    1
02/25/2021 05:27:21 - INFO - __main__ -   	Testing dev Minibatch:    2
02/25/2021 05:27:21 - INFO - __main__ -   	Testing dev Minibatch:    3
02/25/2021 05:27:21 - INFO - __main__ -   
Labels 	Prec. 	Recall	F1    	Supp  
Denial 	0.6090	0.7312	0.6645	279
Support	0.5903	0.5882	0.5893	289
Comment	0.5541	0.5141	0.5333	249
Queries	0.0000	0.0000	0.0000	37
MacroF1	0.4468
F1w_avg	0.5720
Acc    	58.8

02/25/2021 05:27:22 - INFO - __main__ -   	Testing test Minibatch:    0
02/25/2021 05:27:22 - INFO - __main__ -   	Testing test Minibatch:    1
02/25/2021 05:27:23 - INFO - __main__ -   	Testing test Minibatch:    2
02/25/2021 05:27:23 - INFO - __main__ -   	Testing test Minibatch:    3
02/25/2021 05:27:23 - INFO - __main__ -   
Labels 	Prec. 	Recall	F1    	Supp  
Denial 	0.5855	0.6454	0.6140	313
Support	0.5241	0.6174	0.5670	264
Comment	0.6010	0.4779	0.5324	249
Queries	0.0000	0.0000	0.0000	28
MacroF1	0.4283
F1w_avg	0.5555
Acc    	56.7

02/25/2021 05:27:23 - INFO - __main__ -   Time taken: 0h 8m 35s
