02/25/2021 14:29:38 - INFO - __main__ -   ----------------- Hyperparameters ------------------
02/25/2021 14:29:38 - INFO - __main__ -   ======== my_Bertweet =========
02/25/2021 14:29:38 - INFO - __main__ -   ===== Hyperparameters ======
02/25/2021 14:29:38 - INFO - __main__ -   ('batch_train', 300)
02/25/2021 14:29:38 - INFO - __main__ -   ('batch_test', 300)
02/25/2021 14:29:38 - INFO - __main__ -   ('epochs', 100)
02/25/2021 14:29:38 - INFO - __main__ -   ('learning_rate', 1e-05)
02/25/2021 14:29:38 - INFO - __main__ -   ('optimizer', 'adam')
02/25/2021 14:29:38 - INFO - __main__ -   ('do_train', True)
02/25/2021 14:29:38 - INFO - __main__ -   ('do_test', True)
02/25/2021 14:29:38 - INFO - __main__ -   ('model_name', 'my_Bertweet')
02/25/2021 14:29:38 - INFO - __main__ -   ('exp_name', 'exp35')
02/25/2021 14:29:38 - INFO - __main__ -   ('train_data', './data/train_set_128_bertweet.bin')
02/25/2021 14:29:38 - INFO - __main__ -   ('test_data', './data/test_set_128_bertweet.bin')
02/25/2021 14:29:38 - INFO - __main__ -   ('k_folds', 4)
02/25/2021 14:29:38 - INFO - __main__ -   ('folds2run', 1)
02/25/2021 14:29:38 - INFO - __main__ -   ('debug', False)
02/25/2021 14:29:38 - INFO - __main__ -   ('log_interval', 1)
02/25/2021 14:29:38 - INFO - __main__ -   ('loss_fn', 'ce_loss')
02/25/2021 14:29:38 - INFO - __main__ -   ('w_sample', True)
02/25/2021 14:29:38 - INFO - __main__ -   ('pretrain_model', '')
02/25/2021 14:29:38 - INFO - __main__ -   ('epochs2giveup', 20)
02/25/2021 14:29:38 - INFO - __main__ -   batch_train: 300
02/25/2021 14:29:38 - INFO - __main__ -   batch_test:  300
02/25/2021 14:29:38 - INFO - __main__ -   epochs: 100 
02/25/2021 14:29:38 - INFO - __main__ -   learning_rate: 0.000010
02/25/2021 14:29:38 - INFO - __main__ -   optimizer: adam
02/25/2021 14:29:38 - INFO - __main__ -   debug: False
02/25/2021 14:29:38 - INFO - __main__ -   ------------------ Getting model -------------------
02/25/2021 14:29:45 - INFO - __main__ -   --------------- Getting dataframes -----------------
02/25/2021 14:29:46 - INFO - __main__ -   ------- Setting loss function and optimizer --------
02/25/2021 14:29:46 - INFO - __main__ -   ------------ Converting to dataloaders -------------
02/25/2021 14:29:46 - INFO - __main__ -   956
02/25/2021 14:29:46 - INFO - __main__ -   816
02/25/2021 14:29:46 - INFO - __main__ -   706
02/25/2021 14:29:46 - INFO - __main__ -   85
02/25/2021 14:29:46 - INFO - __main__ -   ---------------- Starting training -----------------
02/25/2021 14:29:46 - INFO - __main__ -   	EPOCH:   0	MiniBatch:    0
02/25/2021 14:29:49 - INFO - __main__ -   	EPOCH:   0	MiniBatch:    1
02/25/2021 14:29:50 - INFO - __main__ -   	EPOCH:   0	MiniBatch:    2
02/25/2021 14:29:51 - INFO - __main__ -   	EPOCH:   0	MiniBatch:    3
02/25/2021 14:29:53 - INFO - __main__ -   	EPOCH:   0	MiniBatch:    4
02/25/2021 14:29:54 - INFO - __main__ -   	EPOCH:   0	MiniBatch:    5
02/25/2021 14:29:55 - INFO - __main__ -   	EPOCH:   0	MiniBatch:    6
02/25/2021 14:29:56 - INFO - __main__ -   	EPOCH:   0	MiniBatch:    7
02/25/2021 14:29:57 - INFO - __main__ -   	EPOCH:   0	MiniBatch:    8
02/25/2021 14:29:58 - INFO - __main__ -   	Testing dev Minibatch:    0
02/25/2021 14:29:59 - INFO - __main__ -   	Testing dev Minibatch:    1
02/25/2021 14:29:59 - INFO - __main__ -   	Testing dev Minibatch:    2
02/25/2021 14:29:59 - INFO - __main__ -   
Labels 	Prec. 	Recall	F1    	Supp  
Denial 	0.2222	0.0072	0.0139	279
Support	0.3818	0.9170	0.5392	289
Comment	0.0000	0.0000	0.0000	249
Queries	0.0728	0.2973	0.1170	37
MacroF1	0.1675
F1w_avg	0.1921
Acc    	32.6

02/25/2021 14:30:00 - INFO - __main__ -   	EPOCH:   1	MiniBatch:    0
02/25/2021 14:30:01 - INFO - __main__ -   	EPOCH:   1	MiniBatch:    1
02/25/2021 14:30:02 - INFO - __main__ -   	EPOCH:   1	MiniBatch:    2
02/25/2021 14:30:04 - INFO - __main__ -   	EPOCH:   1	MiniBatch:    3
02/25/2021 14:30:05 - INFO - __main__ -   	EPOCH:   1	MiniBatch:    4
02/25/2021 14:30:06 - INFO - __main__ -   	EPOCH:   1	MiniBatch:    5
02/25/2021 14:30:07 - INFO - __main__ -   	EPOCH:   1	MiniBatch:    6
02/25/2021 14:30:08 - INFO - __main__ -   	EPOCH:   1	MiniBatch:    7
02/25/2021 14:30:09 - INFO - __main__ -   	EPOCH:   1	MiniBatch:    8
02/25/2021 14:30:10 - INFO - __main__ -   	Testing dev Minibatch:    0
02/25/2021 14:30:11 - INFO - __main__ -   	Testing dev Minibatch:    1
02/25/2021 14:30:11 - INFO - __main__ -   	Testing dev Minibatch:    2
02/25/2021 14:30:12 - INFO - __main__ -   
Labels 	Prec. 	Recall	F1    	Supp  
Denial 	0.4062	0.1864	0.2555	279
Support	0.4548	0.5225	0.4863	289
Comment	0.4470	0.2369	0.3097	249
Queries	0.0573	0.4054	0.1003	37
MacroF1	0.2880
F1w_avg	0.3427
Acc    	32.4

02/25/2021 14:30:13 - INFO - __main__ -   	EPOCH:   2	MiniBatch:    0
02/25/2021 14:30:15 - INFO - __main__ -   	EPOCH:   2	MiniBatch:    1
02/25/2021 14:30:16 - INFO - __main__ -   	EPOCH:   2	MiniBatch:    2
02/25/2021 14:30:17 - INFO - __main__ -   	EPOCH:   2	MiniBatch:    3
02/25/2021 14:30:18 - INFO - __main__ -   	EPOCH:   2	MiniBatch:    4
02/25/2021 14:30:19 - INFO - __main__ -   	EPOCH:   2	MiniBatch:    5
02/25/2021 14:30:20 - INFO - __main__ -   	EPOCH:   2	MiniBatch:    6
02/25/2021 14:30:22 - INFO - __main__ -   	EPOCH:   2	MiniBatch:    7
02/25/2021 14:30:23 - INFO - __main__ -   	EPOCH:   2	MiniBatch:    8
02/25/2021 14:30:24 - INFO - __main__ -   	Testing dev Minibatch:    0
02/25/2021 14:30:24 - INFO - __main__ -   	Testing dev Minibatch:    1
02/25/2021 14:30:24 - INFO - __main__ -   	Testing dev Minibatch:    2
02/25/2021 14:30:25 - INFO - __main__ -   
Labels 	Prec. 	Recall	F1    	Supp  
Denial 	0.3992	0.3548	0.3757	279
Support	0.4670	0.5882	0.5207	289
Comment	0.7500	0.0482	0.0906	249
Queries	0.0708	0.4324	0.1217	37
MacroF1	0.2772
F1w_avg	0.3306
Acc    	34.8

02/25/2021 14:30:25 - INFO - __main__ -   	EPOCH:   3	MiniBatch:    0
02/25/2021 14:30:26 - INFO - __main__ -   	EPOCH:   3	MiniBatch:    1
02/25/2021 14:30:27 - INFO - __main__ -   	EPOCH:   3	MiniBatch:    2
02/25/2021 14:30:29 - INFO - __main__ -   	EPOCH:   3	MiniBatch:    3
02/25/2021 14:30:30 - INFO - __main__ -   	EPOCH:   3	MiniBatch:    4
02/25/2021 14:30:31 - INFO - __main__ -   	EPOCH:   3	MiniBatch:    5
02/25/2021 14:30:32 - INFO - __main__ -   	EPOCH:   3	MiniBatch:    6
02/25/2021 14:30:33 - INFO - __main__ -   	EPOCH:   3	MiniBatch:    7
02/25/2021 14:30:34 - INFO - __main__ -   	EPOCH:   3	MiniBatch:    8
02/25/2021 14:30:35 - INFO - __main__ -   	Testing dev Minibatch:    0
02/25/2021 14:30:36 - INFO - __main__ -   	Testing dev Minibatch:    1
02/25/2021 14:30:36 - INFO - __main__ -   	Testing dev Minibatch:    2
02/25/2021 14:30:37 - INFO - __main__ -   
Labels 	Prec. 	Recall	F1    	Supp  
Denial 	0.4640	0.2079	0.2871	279
Support	0.4501	0.7336	0.5579	289
Comment	0.4661	0.2209	0.2997	249
Queries	0.0857	0.3243	0.1356	37
MacroF1	0.3201
F1w_avg	0.3759
Acc    	39.5

02/25/2021 14:30:38 - INFO - __main__ -   	EPOCH:   4	MiniBatch:    0
02/25/2021 14:30:40 - INFO - __main__ -   	EPOCH:   4	MiniBatch:    1
02/25/2021 14:30:41 - INFO - __main__ -   	EPOCH:   4	MiniBatch:    2
02/25/2021 14:30:42 - INFO - __main__ -   	EPOCH:   4	MiniBatch:    3
02/25/2021 14:30:43 - INFO - __main__ -   	EPOCH:   4	MiniBatch:    4
02/25/2021 14:30:44 - INFO - __main__ -   	EPOCH:   4	MiniBatch:    5
02/25/2021 14:30:45 - INFO - __main__ -   	EPOCH:   4	MiniBatch:    6
02/25/2021 14:30:47 - INFO - __main__ -   	EPOCH:   4	MiniBatch:    7
02/25/2021 14:30:48 - INFO - __main__ -   	EPOCH:   4	MiniBatch:    8
02/25/2021 14:30:49 - INFO - __main__ -   	Testing dev Minibatch:    0
02/25/2021 14:30:49 - INFO - __main__ -   	Testing dev Minibatch:    1
02/25/2021 14:30:50 - INFO - __main__ -   	Testing dev Minibatch:    2
02/25/2021 14:30:50 - INFO - __main__ -   
Labels 	Prec. 	Recall	F1    	Supp  
Denial 	0.4307	0.3118	0.3617	279
Support	0.4543	0.6540	0.5362	289
Comment	0.5909	0.1044	0.1775	249
Queries	0.0885	0.4595	0.1485	37
MacroF1	0.3060
F1w_avg	0.3578
Acc    	37.4

02/25/2021 14:30:50 - INFO - __main__ -   	EPOCH:   5	MiniBatch:    0
02/25/2021 14:30:51 - INFO - __main__ -   	EPOCH:   5	MiniBatch:    1
02/25/2021 14:30:53 - INFO - __main__ -   	EPOCH:   5	MiniBatch:    2
02/25/2021 14:30:54 - INFO - __main__ -   	EPOCH:   5	MiniBatch:    3
02/25/2021 14:30:55 - INFO - __main__ -   	EPOCH:   5	MiniBatch:    4
02/25/2021 14:30:56 - INFO - __main__ -   	EPOCH:   5	MiniBatch:    5
02/25/2021 14:30:57 - INFO - __main__ -   	EPOCH:   5	MiniBatch:    6
02/25/2021 14:30:58 - INFO - __main__ -   	EPOCH:   5	MiniBatch:    7
02/25/2021 14:31:00 - INFO - __main__ -   	EPOCH:   5	MiniBatch:    8
02/25/2021 14:31:00 - INFO - __main__ -   	Testing dev Minibatch:    0
02/25/2021 14:31:01 - INFO - __main__ -   	Testing dev Minibatch:    1
02/25/2021 14:31:01 - INFO - __main__ -   	Testing dev Minibatch:    2
02/25/2021 14:31:02 - INFO - __main__ -   
Labels 	Prec. 	Recall	F1    	Supp  
Denial 	0.4381	0.3548	0.3921	279
Support	0.4502	0.6886	0.5445	289
Comment	0.4762	0.1606	0.2402	249
Queries	0.1176	0.3243	0.1727	37
MacroF1	0.3374
F1w_avg	0.3899
Acc    	41.0

02/25/2021 14:31:04 - INFO - __main__ -   	EPOCH:   6	MiniBatch:    0
02/25/2021 14:31:05 - INFO - __main__ -   	EPOCH:   6	MiniBatch:    1
02/25/2021 14:31:06 - INFO - __main__ -   	EPOCH:   6	MiniBatch:    2
02/25/2021 14:31:07 - INFO - __main__ -   	EPOCH:   6	MiniBatch:    3
02/25/2021 14:31:08 - INFO - __main__ -   	EPOCH:   6	MiniBatch:    4
02/25/2021 14:31:09 - INFO - __main__ -   	EPOCH:   6	MiniBatch:    5
02/25/2021 14:31:11 - INFO - __main__ -   	EPOCH:   6	MiniBatch:    6
02/25/2021 14:31:12 - INFO - __main__ -   	EPOCH:   6	MiniBatch:    7
02/25/2021 14:31:13 - INFO - __main__ -   	EPOCH:   6	MiniBatch:    8
02/25/2021 14:31:14 - INFO - __main__ -   	Testing dev Minibatch:    0
02/25/2021 14:31:14 - INFO - __main__ -   	Testing dev Minibatch:    1
02/25/2021 14:31:15 - INFO - __main__ -   	Testing dev Minibatch:    2
02/25/2021 14:31:15 - INFO - __main__ -   
Labels 	Prec. 	Recall	F1    	Supp  
Denial 	0.4325	0.5627	0.4891	279
Support	0.4925	0.4567	0.4740	289
Comment	0.4631	0.2771	0.3467	249
Queries	0.1486	0.2973	0.1982	37
MacroF1	0.3770
F1w_avg	0.4299
Acc    	43.2

02/25/2021 14:31:17 - INFO - __main__ -   	EPOCH:   7	MiniBatch:    0
02/25/2021 14:31:18 - INFO - __main__ -   	EPOCH:   7	MiniBatch:    1
02/25/2021 14:31:19 - INFO - __main__ -   	EPOCH:   7	MiniBatch:    2
02/25/2021 14:31:20 - INFO - __main__ -   	EPOCH:   7	MiniBatch:    3
02/25/2021 14:31:22 - INFO - __main__ -   	EPOCH:   7	MiniBatch:    4
02/25/2021 14:31:23 - INFO - __main__ -   	EPOCH:   7	MiniBatch:    5
02/25/2021 14:31:24 - INFO - __main__ -   	EPOCH:   7	MiniBatch:    6
02/25/2021 14:31:25 - INFO - __main__ -   	EPOCH:   7	MiniBatch:    7
02/25/2021 14:31:26 - INFO - __main__ -   	EPOCH:   7	MiniBatch:    8
02/25/2021 14:31:27 - INFO - __main__ -   	Testing dev Minibatch:    0
02/25/2021 14:31:28 - INFO - __main__ -   	Testing dev Minibatch:    1
02/25/2021 14:31:28 - INFO - __main__ -   	Testing dev Minibatch:    2
02/25/2021 14:31:28 - INFO - __main__ -   
Labels 	Prec. 	Recall	F1    	Supp  
Denial 	0.4124	0.7419	0.5301	279
Support	0.5752	0.3045	0.3982	289
Comment	0.4889	0.2651	0.3438	249
Queries	0.2188	0.3784	0.2772	37
MacroF1	0.3873
F1w_avg	0.4202
Acc    	43.9

02/25/2021 14:31:30 - INFO - __main__ -   	EPOCH:   8	MiniBatch:    0
02/25/2021 14:31:31 - INFO - __main__ -   	EPOCH:   8	MiniBatch:    1
02/25/2021 14:31:33 - INFO - __main__ -   	EPOCH:   8	MiniBatch:    2
02/25/2021 14:31:34 - INFO - __main__ -   	EPOCH:   8	MiniBatch:    3
02/25/2021 14:31:35 - INFO - __main__ -   	EPOCH:   8	MiniBatch:    4
02/25/2021 14:31:36 - INFO - __main__ -   	EPOCH:   8	MiniBatch:    5
02/25/2021 14:31:37 - INFO - __main__ -   	EPOCH:   8	MiniBatch:    6
02/25/2021 14:31:38 - INFO - __main__ -   	EPOCH:   8	MiniBatch:    7
02/25/2021 14:31:40 - INFO - __main__ -   	EPOCH:   8	MiniBatch:    8
02/25/2021 14:31:40 - INFO - __main__ -   	Testing dev Minibatch:    0
02/25/2021 14:31:41 - INFO - __main__ -   	Testing dev Minibatch:    1
02/25/2021 14:31:41 - INFO - __main__ -   	Testing dev Minibatch:    2
02/25/2021 14:31:42 - INFO - __main__ -   
Labels 	Prec. 	Recall	F1    	Supp  
Denial 	0.4754	0.6237	0.5395	279
Support	0.5423	0.5329	0.5375	289
Comment	0.4939	0.3253	0.3923	249
Queries	0.1750	0.1892	0.1818	37
MacroF1	0.4128
F1w_avg	0.4804
Acc    	48.7

02/25/2021 14:31:43 - INFO - __main__ -   	EPOCH:   9	MiniBatch:    0
02/25/2021 14:31:45 - INFO - __main__ -   	EPOCH:   9	MiniBatch:    1
02/25/2021 14:31:46 - INFO - __main__ -   	EPOCH:   9	MiniBatch:    2
02/25/2021 14:31:47 - INFO - __main__ -   	EPOCH:   9	MiniBatch:    3
02/25/2021 14:31:48 - INFO - __main__ -   	EPOCH:   9	MiniBatch:    4
02/25/2021 14:31:49 - INFO - __main__ -   	EPOCH:   9	MiniBatch:    5
02/25/2021 14:31:51 - INFO - __main__ -   	EPOCH:   9	MiniBatch:    6
02/25/2021 14:31:52 - INFO - __main__ -   	EPOCH:   9	MiniBatch:    7
02/25/2021 14:31:53 - INFO - __main__ -   	EPOCH:   9	MiniBatch:    8
02/25/2021 14:31:54 - INFO - __main__ -   	Testing dev Minibatch:    0
02/25/2021 14:31:54 - INFO - __main__ -   	Testing dev Minibatch:    1
02/25/2021 14:31:55 - INFO - __main__ -   	Testing dev Minibatch:    2
02/25/2021 14:31:55 - INFO - __main__ -   
Labels 	Prec. 	Recall	F1    	Supp  
Denial 	0.4751	0.7168	0.5714	279
Support	0.5752	0.5294	0.5514	289
Comment	0.5468	0.3052	0.3918	249
Queries	0.2857	0.2162	0.2462	37
MacroF1	0.4402
F1w_avg	0.4982
Acc    	51.2

02/25/2021 14:31:57 - INFO - __main__ -   	EPOCH:  10	MiniBatch:    0
02/25/2021 14:31:58 - INFO - __main__ -   	EPOCH:  10	MiniBatch:    1
02/25/2021 14:31:59 - INFO - __main__ -   	EPOCH:  10	MiniBatch:    2
02/25/2021 14:32:00 - INFO - __main__ -   	EPOCH:  10	MiniBatch:    3
02/25/2021 14:32:02 - INFO - __main__ -   	EPOCH:  10	MiniBatch:    4
02/25/2021 14:32:03 - INFO - __main__ -   	EPOCH:  10	MiniBatch:    5
02/25/2021 14:32:04 - INFO - __main__ -   	EPOCH:  10	MiniBatch:    6
02/25/2021 14:32:05 - INFO - __main__ -   	EPOCH:  10	MiniBatch:    7
02/25/2021 14:32:06 - INFO - __main__ -   	EPOCH:  10	MiniBatch:    8
02/25/2021 14:32:07 - INFO - __main__ -   	Testing dev Minibatch:    0
02/25/2021 14:32:08 - INFO - __main__ -   	Testing dev Minibatch:    1
02/25/2021 14:32:08 - INFO - __main__ -   	Testing dev Minibatch:    2
02/25/2021 14:32:08 - INFO - __main__ -   
Labels 	Prec. 	Recall	F1    	Supp  
Denial 	0.5172	0.5914	0.5518	279
Support	0.5643	0.5467	0.5554	289
Comment	0.4915	0.4618	0.4762	249
Queries	0.3333	0.1892	0.2414	37
MacroF1	0.4562
F1w_avg	0.5175
Acc    	52.1

02/25/2021 14:32:10 - INFO - __main__ -   	EPOCH:  11	MiniBatch:    0
02/25/2021 14:32:11 - INFO - __main__ -   	EPOCH:  11	MiniBatch:    1
02/25/2021 14:32:12 - INFO - __main__ -   	EPOCH:  11	MiniBatch:    2
02/25/2021 14:32:14 - INFO - __main__ -   	EPOCH:  11	MiniBatch:    3
02/25/2021 14:32:15 - INFO - __main__ -   	EPOCH:  11	MiniBatch:    4
02/25/2021 14:32:16 - INFO - __main__ -   	EPOCH:  11	MiniBatch:    5
02/25/2021 14:32:17 - INFO - __main__ -   	EPOCH:  11	MiniBatch:    6
02/25/2021 14:32:18 - INFO - __main__ -   	EPOCH:  11	MiniBatch:    7
02/25/2021 14:32:20 - INFO - __main__ -   	EPOCH:  11	MiniBatch:    8
02/25/2021 14:32:20 - INFO - __main__ -   	Testing dev Minibatch:    0
02/25/2021 14:32:21 - INFO - __main__ -   	Testing dev Minibatch:    1
02/25/2021 14:32:21 - INFO - __main__ -   	Testing dev Minibatch:    2
02/25/2021 14:32:22 - INFO - __main__ -   
Labels 	Prec. 	Recall	F1    	Supp  
Denial 	0.5746	0.5520	0.5631	279
Support	0.5616	0.5675	0.5645	289
Comment	0.4647	0.5020	0.4826	249
Queries	0.2800	0.1892	0.2258	37
MacroF1	0.4590
F1w_avg	0.5255
Acc    	52.7

02/25/2021 14:32:23 - INFO - __main__ -   	EPOCH:  12	MiniBatch:    0
02/25/2021 14:32:25 - INFO - __main__ -   	EPOCH:  12	MiniBatch:    1
02/25/2021 14:32:26 - INFO - __main__ -   	EPOCH:  12	MiniBatch:    2
02/25/2021 14:32:27 - INFO - __main__ -   	EPOCH:  12	MiniBatch:    3
02/25/2021 14:32:28 - INFO - __main__ -   	EPOCH:  12	MiniBatch:    4
02/25/2021 14:32:29 - INFO - __main__ -   	EPOCH:  12	MiniBatch:    5
02/25/2021 14:32:30 - INFO - __main__ -   	EPOCH:  12	MiniBatch:    6
02/25/2021 14:32:32 - INFO - __main__ -   	EPOCH:  12	MiniBatch:    7
02/25/2021 14:32:33 - INFO - __main__ -   	EPOCH:  12	MiniBatch:    8
02/25/2021 14:32:34 - INFO - __main__ -   	Testing dev Minibatch:    0
02/25/2021 14:32:34 - INFO - __main__ -   	Testing dev Minibatch:    1
02/25/2021 14:32:35 - INFO - __main__ -   	Testing dev Minibatch:    2
02/25/2021 14:32:35 - INFO - __main__ -   
Labels 	Prec. 	Recall	F1    	Supp  
Denial 	0.5581	0.6022	0.5793	279
Support	0.6061	0.4844	0.5385	289
Comment	0.4780	0.5663	0.5184	249
Queries	0.4074	0.2973	0.3438	37
MacroF1	0.4950
F1w_avg	0.5375
Acc    	53.9

02/25/2021 14:32:37 - INFO - __main__ -   	EPOCH:  13	MiniBatch:    0
02/25/2021 14:32:38 - INFO - __main__ -   	EPOCH:  13	MiniBatch:    1
02/25/2021 14:32:39 - INFO - __main__ -   	EPOCH:  13	MiniBatch:    2
02/25/2021 14:32:40 - INFO - __main__ -   	EPOCH:  13	MiniBatch:    3
02/25/2021 14:32:42 - INFO - __main__ -   	EPOCH:  13	MiniBatch:    4
02/25/2021 14:32:43 - INFO - __main__ -   	EPOCH:  13	MiniBatch:    5
02/25/2021 14:32:44 - INFO - __main__ -   	EPOCH:  13	MiniBatch:    6
02/25/2021 14:32:45 - INFO - __main__ -   	EPOCH:  13	MiniBatch:    7
02/25/2021 14:32:46 - INFO - __main__ -   	EPOCH:  13	MiniBatch:    8
02/25/2021 14:32:47 - INFO - __main__ -   	Testing dev Minibatch:    0
02/25/2021 14:32:48 - INFO - __main__ -   	Testing dev Minibatch:    1
02/25/2021 14:32:48 - INFO - __main__ -   	Testing dev Minibatch:    2
02/25/2021 14:32:48 - INFO - __main__ -   
Labels 	Prec. 	Recall	F1    	Supp  
Denial 	0.5489	0.6846	0.6093	279
Support	0.6016	0.5329	0.5651	289
Comment	0.5371	0.4940	0.5146	249
Queries	0.3810	0.2162	0.2759	37
MacroF1	0.4912
F1w_avg	0.5523
Acc    	55.7

02/25/2021 14:32:49 - INFO - __main__ -   	EPOCH:  14	MiniBatch:    0
02/25/2021 14:32:50 - INFO - __main__ -   	EPOCH:  14	MiniBatch:    1
02/25/2021 14:32:51 - INFO - __main__ -   	EPOCH:  14	MiniBatch:    2
02/25/2021 14:32:52 - INFO - __main__ -   	EPOCH:  14	MiniBatch:    3
02/25/2021 14:32:53 - INFO - __main__ -   	EPOCH:  14	MiniBatch:    4
02/25/2021 14:32:54 - INFO - __main__ -   	EPOCH:  14	MiniBatch:    5
02/25/2021 14:32:56 - INFO - __main__ -   	EPOCH:  14	MiniBatch:    6
02/25/2021 14:32:57 - INFO - __main__ -   	EPOCH:  14	MiniBatch:    7
02/25/2021 14:32:58 - INFO - __main__ -   	EPOCH:  14	MiniBatch:    8
02/25/2021 14:32:59 - INFO - __main__ -   	Testing dev Minibatch:    0
02/25/2021 14:32:59 - INFO - __main__ -   	Testing dev Minibatch:    1
02/25/2021 14:33:00 - INFO - __main__ -   	Testing dev Minibatch:    2
02/25/2021 14:33:00 - INFO - __main__ -   
Labels 	Prec. 	Recall	F1    	Supp  
Denial 	0.5768	0.7133	0.6378	279
Support	0.5993	0.5952	0.5972	289
Comment	0.5556	0.4618	0.5044	249
Queries	0.4667	0.1892	0.2692	37
MacroF1	0.5022
F1w_avg	0.5692
Acc    	57.7

02/25/2021 14:33:02 - INFO - __main__ -   	EPOCH:  15	MiniBatch:    0
02/25/2021 14:33:03 - INFO - __main__ -   	EPOCH:  15	MiniBatch:    1
02/25/2021 14:33:04 - INFO - __main__ -   	EPOCH:  15	MiniBatch:    2
02/25/2021 14:33:05 - INFO - __main__ -   	EPOCH:  15	MiniBatch:    3
02/25/2021 14:33:07 - INFO - __main__ -   	EPOCH:  15	MiniBatch:    4
02/25/2021 14:33:08 - INFO - __main__ -   	EPOCH:  15	MiniBatch:    5
02/25/2021 14:33:09 - INFO - __main__ -   	EPOCH:  15	MiniBatch:    6
02/25/2021 14:33:10 - INFO - __main__ -   	EPOCH:  15	MiniBatch:    7
02/25/2021 14:33:11 - INFO - __main__ -   	EPOCH:  15	MiniBatch:    8
02/25/2021 14:33:12 - INFO - __main__ -   	Testing dev Minibatch:    0
02/25/2021 14:33:13 - INFO - __main__ -   	Testing dev Minibatch:    1
02/25/2021 14:33:13 - INFO - __main__ -   	Testing dev Minibatch:    2
02/25/2021 14:33:13 - INFO - __main__ -   
Labels 	Prec. 	Recall	F1    	Supp  
Denial 	0.5294	0.7742	0.6288	279
Support	0.5750	0.5571	0.5659	289
Comment	0.5909	0.3655	0.4516	249
Queries	0.5000	0.1622	0.2449	37
MacroF1	0.4728
F1w_avg	0.5392
Acc    	55.5

02/25/2021 14:33:14 - INFO - __main__ -   	EPOCH:  16	MiniBatch:    0
02/25/2021 14:33:15 - INFO - __main__ -   	EPOCH:  16	MiniBatch:    1
02/25/2021 14:33:16 - INFO - __main__ -   	EPOCH:  16	MiniBatch:    2
02/25/2021 14:33:17 - INFO - __main__ -   	EPOCH:  16	MiniBatch:    3
02/25/2021 14:33:18 - INFO - __main__ -   	EPOCH:  16	MiniBatch:    4
02/25/2021 14:33:19 - INFO - __main__ -   	EPOCH:  16	MiniBatch:    5
02/25/2021 14:33:21 - INFO - __main__ -   	EPOCH:  16	MiniBatch:    6
02/25/2021 14:33:22 - INFO - __main__ -   	EPOCH:  16	MiniBatch:    7
02/25/2021 14:33:23 - INFO - __main__ -   	EPOCH:  16	MiniBatch:    8
02/25/2021 14:33:24 - INFO - __main__ -   	Testing dev Minibatch:    0
02/25/2021 14:33:24 - INFO - __main__ -   	Testing dev Minibatch:    1
02/25/2021 14:33:25 - INFO - __main__ -   	Testing dev Minibatch:    2
02/25/2021 14:33:25 - INFO - __main__ -   
Labels 	Prec. 	Recall	F1    	Supp  
Denial 	0.5593	0.7778	0.6507	279
Support	0.5854	0.5813	0.5833	289
Comment	0.5928	0.3976	0.4760	249
Queries	0.4167	0.1351	0.2041	37
MacroF1	0.4785
F1w_avg	0.5576
Acc    	57.3

02/25/2021 14:33:25 - INFO - __main__ -   	EPOCH:  17	MiniBatch:    0
02/25/2021 14:33:27 - INFO - __main__ -   	EPOCH:  17	MiniBatch:    1
02/25/2021 14:33:28 - INFO - __main__ -   	EPOCH:  17	MiniBatch:    2
02/25/2021 14:33:29 - INFO - __main__ -   	EPOCH:  17	MiniBatch:    3
02/25/2021 14:33:30 - INFO - __main__ -   	EPOCH:  17	MiniBatch:    4
02/25/2021 14:33:31 - INFO - __main__ -   	EPOCH:  17	MiniBatch:    5
02/25/2021 14:33:32 - INFO - __main__ -   	EPOCH:  17	MiniBatch:    6
02/25/2021 14:33:34 - INFO - __main__ -   	EPOCH:  17	MiniBatch:    7
02/25/2021 14:33:35 - INFO - __main__ -   	EPOCH:  17	MiniBatch:    8
02/25/2021 14:33:36 - INFO - __main__ -   	Testing dev Minibatch:    0
02/25/2021 14:33:36 - INFO - __main__ -   	Testing dev Minibatch:    1
02/25/2021 14:33:36 - INFO - __main__ -   	Testing dev Minibatch:    2
02/25/2021 14:33:37 - INFO - __main__ -   
Labels 	Prec. 	Recall	F1    	Supp  
Denial 	0.5570	0.7527	0.6402	279
Support	0.6217	0.4948	0.5511	289
Comment	0.5132	0.4699	0.4906	249
Queries	0.4211	0.2162	0.2857	37
MacroF1	0.4919
F1w_avg	0.5511
Acc    	56.0

02/25/2021 14:33:37 - INFO - __main__ -   	EPOCH:  18	MiniBatch:    0
02/25/2021 14:33:38 - INFO - __main__ -   	EPOCH:  18	MiniBatch:    1
02/25/2021 14:33:39 - INFO - __main__ -   	EPOCH:  18	MiniBatch:    2
02/25/2021 14:33:41 - INFO - __main__ -   	EPOCH:  18	MiniBatch:    3
02/25/2021 14:33:42 - INFO - __main__ -   	EPOCH:  18	MiniBatch:    4
02/25/2021 14:33:43 - INFO - __main__ -   	EPOCH:  18	MiniBatch:    5
02/25/2021 14:33:44 - INFO - __main__ -   	EPOCH:  18	MiniBatch:    6
02/25/2021 14:33:45 - INFO - __main__ -   	EPOCH:  18	MiniBatch:    7
02/25/2021 14:33:46 - INFO - __main__ -   	EPOCH:  18	MiniBatch:    8
02/25/2021 14:33:47 - INFO - __main__ -   	Testing dev Minibatch:    0
02/25/2021 14:33:48 - INFO - __main__ -   	Testing dev Minibatch:    1
02/25/2021 14:33:48 - INFO - __main__ -   	Testing dev Minibatch:    2
02/25/2021 14:33:49 - INFO - __main__ -   
Labels 	Prec. 	Recall	F1    	Supp  
Denial 	0.5635	0.7312	0.6365	279
Support	0.6192	0.5571	0.5865	289
Comment	0.5442	0.4699	0.5043	249
Queries	0.4706	0.2162	0.2963	37
MacroF1	0.5059
F1w_avg	0.5663
Acc    	57.4

02/25/2021 14:33:52 - INFO - __main__ -   	EPOCH:  19	MiniBatch:    0
02/25/2021 14:33:53 - INFO - __main__ -   	EPOCH:  19	MiniBatch:    1
02/25/2021 14:33:54 - INFO - __main__ -   	EPOCH:  19	MiniBatch:    2
02/25/2021 14:33:55 - INFO - __main__ -   	EPOCH:  19	MiniBatch:    3
02/25/2021 14:33:56 - INFO - __main__ -   	EPOCH:  19	MiniBatch:    4
02/25/2021 14:33:57 - INFO - __main__ -   	EPOCH:  19	MiniBatch:    5
02/25/2021 14:33:59 - INFO - __main__ -   	EPOCH:  19	MiniBatch:    6
02/25/2021 14:34:00 - INFO - __main__ -   	EPOCH:  19	MiniBatch:    7
02/25/2021 14:34:01 - INFO - __main__ -   	EPOCH:  19	MiniBatch:    8
02/25/2021 14:34:02 - INFO - __main__ -   	Testing dev Minibatch:    0
02/25/2021 14:34:02 - INFO - __main__ -   	Testing dev Minibatch:    1
02/25/2021 14:34:03 - INFO - __main__ -   	Testing dev Minibatch:    2
02/25/2021 14:34:03 - INFO - __main__ -   
Labels 	Prec. 	Recall	F1    	Supp  
Denial 	0.6339	0.6703	0.6516	279
Support	0.5487	0.6817	0.6080	289
Comment	0.5503	0.4177	0.4749	249
Queries	0.4545	0.1351	0.2083	37
MacroF1	0.4857
F1w_avg	0.5661
Acc    	57.7

02/25/2021 14:34:03 - INFO - __main__ -   	EPOCH:  20	MiniBatch:    0
02/25/2021 14:34:04 - INFO - __main__ -   	EPOCH:  20	MiniBatch:    1
02/25/2021 14:34:06 - INFO - __main__ -   	EPOCH:  20	MiniBatch:    2
02/25/2021 14:34:07 - INFO - __main__ -   	EPOCH:  20	MiniBatch:    3
02/25/2021 14:34:08 - INFO - __main__ -   	EPOCH:  20	MiniBatch:    4
02/25/2021 14:34:09 - INFO - __main__ -   	EPOCH:  20	MiniBatch:    5
02/25/2021 14:34:10 - INFO - __main__ -   	EPOCH:  20	MiniBatch:    6
02/25/2021 14:34:11 - INFO - __main__ -   	EPOCH:  20	MiniBatch:    7
02/25/2021 14:34:13 - INFO - __main__ -   	EPOCH:  20	MiniBatch:    8
02/25/2021 14:34:14 - INFO - __main__ -   	Testing dev Minibatch:    0
02/25/2021 14:34:14 - INFO - __main__ -   	Testing dev Minibatch:    1
02/25/2021 14:34:14 - INFO - __main__ -   	Testing dev Minibatch:    2
02/25/2021 14:34:15 - INFO - __main__ -   
Labels 	Prec. 	Recall	F1    	Supp  
Denial 	0.5964	0.7097	0.6481	279
Support	0.6080	0.5260	0.5640	289
Comment	0.5000	0.5141	0.5069	249
Queries	0.4375	0.1892	0.2642	37
MacroF1	0.4958
F1w_avg	0.5619
Acc    	56.8

02/25/2021 14:34:15 - INFO - __main__ -   	EPOCH:  21	MiniBatch:    0
02/25/2021 14:34:16 - INFO - __main__ -   	EPOCH:  21	MiniBatch:    1
02/25/2021 14:34:17 - INFO - __main__ -   	EPOCH:  21	MiniBatch:    2
02/25/2021 14:34:19 - INFO - __main__ -   	EPOCH:  21	MiniBatch:    3
02/25/2021 14:34:20 - INFO - __main__ -   	EPOCH:  21	MiniBatch:    4
02/25/2021 14:34:21 - INFO - __main__ -   	EPOCH:  21	MiniBatch:    5
02/25/2021 14:34:22 - INFO - __main__ -   	EPOCH:  21	MiniBatch:    6
02/25/2021 14:34:23 - INFO - __main__ -   	EPOCH:  21	MiniBatch:    7
02/25/2021 14:34:24 - INFO - __main__ -   	EPOCH:  21	MiniBatch:    8
02/25/2021 14:34:25 - INFO - __main__ -   	Testing dev Minibatch:    0
02/25/2021 14:34:26 - INFO - __main__ -   	Testing dev Minibatch:    1
02/25/2021 14:34:26 - INFO - __main__ -   	Testing dev Minibatch:    2
02/25/2021 14:34:27 - INFO - __main__ -   
Labels 	Prec. 	Recall	F1    	Supp  
Denial 	0.6053	0.7312	0.6623	279
Support	0.5724	0.5744	0.5734	289
Comment	0.5324	0.4618	0.4946	249
Queries	0.5455	0.1622	0.2500	37
MacroF1	0.4951
F1w_avg	0.5655
Acc    	57.5

02/25/2021 14:34:27 - INFO - __main__ -   	EPOCH:  22	MiniBatch:    0
02/25/2021 14:34:28 - INFO - __main__ -   	EPOCH:  22	MiniBatch:    1
02/25/2021 14:34:29 - INFO - __main__ -   	EPOCH:  22	MiniBatch:    2
02/25/2021 14:34:30 - INFO - __main__ -   	EPOCH:  22	MiniBatch:    3
02/25/2021 14:34:31 - INFO - __main__ -   	EPOCH:  22	MiniBatch:    4
02/25/2021 14:34:33 - INFO - __main__ -   	EPOCH:  22	MiniBatch:    5
02/25/2021 14:34:34 - INFO - __main__ -   	EPOCH:  22	MiniBatch:    6
02/25/2021 14:34:35 - INFO - __main__ -   	EPOCH:  22	MiniBatch:    7
02/25/2021 14:34:36 - INFO - __main__ -   	EPOCH:  22	MiniBatch:    8
02/25/2021 14:34:37 - INFO - __main__ -   	Testing dev Minibatch:    0
02/25/2021 14:34:37 - INFO - __main__ -   	Testing dev Minibatch:    1
02/25/2021 14:34:38 - INFO - __main__ -   	Testing dev Minibatch:    2
02/25/2021 14:34:38 - INFO - __main__ -   
Labels 	Prec. 	Recall	F1    	Supp  
Denial 	0.5846	0.7061	0.6396	279
Support	0.5437	0.6021	0.5714	289
Comment	0.5514	0.4096	0.4700	249
Queries	0.5833	0.1892	0.2857	37
MacroF1	0.4917
F1w_avg	0.5518
Acc    	56.2

02/25/2021 14:34:39 - INFO - __main__ -   	EPOCH:  23	MiniBatch:    0
02/25/2021 14:34:40 - INFO - __main__ -   	EPOCH:  23	MiniBatch:    1
02/25/2021 14:34:41 - INFO - __main__ -   	EPOCH:  23	MiniBatch:    2
02/25/2021 14:34:42 - INFO - __main__ -   	EPOCH:  23	MiniBatch:    3
02/25/2021 14:34:43 - INFO - __main__ -   	EPOCH:  23	MiniBatch:    4
02/25/2021 14:34:44 - INFO - __main__ -   	EPOCH:  23	MiniBatch:    5
02/25/2021 14:34:46 - INFO - __main__ -   	EPOCH:  23	MiniBatch:    6
02/25/2021 14:34:47 - INFO - __main__ -   	EPOCH:  23	MiniBatch:    7
02/25/2021 14:34:48 - INFO - __main__ -   	EPOCH:  23	MiniBatch:    8
02/25/2021 14:34:49 - INFO - __main__ -   	Testing dev Minibatch:    0
02/25/2021 14:34:49 - INFO - __main__ -   	Testing dev Minibatch:    1
02/25/2021 14:34:50 - INFO - __main__ -   	Testing dev Minibatch:    2
02/25/2021 14:34:50 - INFO - __main__ -   
Labels 	Prec. 	Recall	F1    	Supp  
Denial 	0.5304	0.7814	0.6319	279
Support	0.6117	0.4360	0.5091	289
Comment	0.5067	0.4538	0.4788	249
Queries	0.4286	0.1622	0.2353	37
MacroF1	0.4638
F1w_avg	0.5285
Acc    	54.2

02/25/2021 14:34:50 - INFO - __main__ -   	EPOCH:  24	MiniBatch:    0
02/25/2021 14:34:52 - INFO - __main__ -   	EPOCH:  24	MiniBatch:    1
02/25/2021 14:34:53 - INFO - __main__ -   	EPOCH:  24	MiniBatch:    2
02/25/2021 14:34:54 - INFO - __main__ -   	EPOCH:  24	MiniBatch:    3
02/25/2021 14:34:55 - INFO - __main__ -   	EPOCH:  24	MiniBatch:    4
02/25/2021 14:34:56 - INFO - __main__ -   	EPOCH:  24	MiniBatch:    5
02/25/2021 14:34:58 - INFO - __main__ -   	EPOCH:  24	MiniBatch:    6
02/25/2021 14:34:59 - INFO - __main__ -   	EPOCH:  24	MiniBatch:    7
02/25/2021 14:35:00 - INFO - __main__ -   	EPOCH:  24	MiniBatch:    8
02/25/2021 14:35:01 - INFO - __main__ -   	Testing dev Minibatch:    0
02/25/2021 14:35:01 - INFO - __main__ -   	Testing dev Minibatch:    1
02/25/2021 14:35:02 - INFO - __main__ -   	Testing dev Minibatch:    2
02/25/2021 14:35:02 - INFO - __main__ -   
Labels 	Prec. 	Recall	F1    	Supp  
Denial 	0.5093	0.7885	0.6188	279
Support	0.6143	0.4464	0.5170	289
Comment	0.5153	0.4056	0.4539	249
Queries	0.4375	0.1892	0.2642	37
MacroF1	0.4635
F1w_avg	0.5209
Acc    	53.5

02/25/2021 14:35:02 - INFO - __main__ -   	EPOCH:  25	MiniBatch:    0
02/25/2021 14:35:03 - INFO - __main__ -   	EPOCH:  25	MiniBatch:    1
02/25/2021 14:35:05 - INFO - __main__ -   	EPOCH:  25	MiniBatch:    2
02/25/2021 14:35:06 - INFO - __main__ -   	EPOCH:  25	MiniBatch:    3
02/25/2021 14:35:07 - INFO - __main__ -   	EPOCH:  25	MiniBatch:    4
02/25/2021 14:35:08 - INFO - __main__ -   	EPOCH:  25	MiniBatch:    5
02/25/2021 14:35:09 - INFO - __main__ -   	EPOCH:  25	MiniBatch:    6
02/25/2021 14:35:10 - INFO - __main__ -   	EPOCH:  25	MiniBatch:    7
02/25/2021 14:35:12 - INFO - __main__ -   	EPOCH:  25	MiniBatch:    8
02/25/2021 14:35:12 - INFO - __main__ -   	Testing dev Minibatch:    0
02/25/2021 14:35:13 - INFO - __main__ -   	Testing dev Minibatch:    1
02/25/2021 14:35:13 - INFO - __main__ -   	Testing dev Minibatch:    2
02/25/2021 14:35:14 - INFO - __main__ -   
Labels 	Prec. 	Recall	F1    	Supp  
Denial 	0.5874	0.7348	0.6529	279
Support	0.5874	0.5467	0.5663	289
Comment	0.5249	0.4659	0.4936	249
Queries	0.4667	0.1892	0.2692	37
MacroF1	0.4955
F1w_avg	0.5605
Acc    	56.9

02/25/2021 14:35:14 - INFO - __main__ -   	EPOCH:  26	MiniBatch:    0
02/25/2021 14:35:15 - INFO - __main__ -   	EPOCH:  26	MiniBatch:    1
02/25/2021 14:35:16 - INFO - __main__ -   	EPOCH:  26	MiniBatch:    2
02/25/2021 14:35:17 - INFO - __main__ -   	EPOCH:  26	MiniBatch:    3
02/25/2021 14:35:19 - INFO - __main__ -   	EPOCH:  26	MiniBatch:    4
02/25/2021 14:35:20 - INFO - __main__ -   	EPOCH:  26	MiniBatch:    5
02/25/2021 14:35:21 - INFO - __main__ -   	EPOCH:  26	MiniBatch:    6
02/25/2021 14:35:22 - INFO - __main__ -   	EPOCH:  26	MiniBatch:    7
02/25/2021 14:35:23 - INFO - __main__ -   	EPOCH:  26	MiniBatch:    8
02/25/2021 14:35:24 - INFO - __main__ -   	Testing dev Minibatch:    0
02/25/2021 14:35:25 - INFO - __main__ -   	Testing dev Minibatch:    1
02/25/2021 14:35:25 - INFO - __main__ -   	Testing dev Minibatch:    2
02/25/2021 14:35:25 - INFO - __main__ -   
Labels 	Prec. 	Recall	F1    	Supp  
Denial 	0.5179	0.7778	0.6218	279
Support	0.6158	0.4325	0.5081	289
Comment	0.5138	0.4498	0.4797	249
Queries	0.4286	0.1622	0.2353	37
MacroF1	0.4612
F1w_avg	0.5251
Acc    	53.9

02/25/2021 14:35:26 - INFO - __main__ -   	EPOCH:  27	MiniBatch:    0
02/25/2021 14:35:27 - INFO - __main__ -   	EPOCH:  27	MiniBatch:    1
02/25/2021 14:35:28 - INFO - __main__ -   	EPOCH:  27	MiniBatch:    2
02/25/2021 14:35:29 - INFO - __main__ -   	EPOCH:  27	MiniBatch:    3
02/25/2021 14:35:30 - INFO - __main__ -   	EPOCH:  27	MiniBatch:    4
02/25/2021 14:35:32 - INFO - __main__ -   	EPOCH:  27	MiniBatch:    5
02/25/2021 14:35:33 - INFO - __main__ -   	EPOCH:  27	MiniBatch:    6
02/25/2021 14:35:34 - INFO - __main__ -   	EPOCH:  27	MiniBatch:    7
02/25/2021 14:35:35 - INFO - __main__ -   	EPOCH:  27	MiniBatch:    8
02/25/2021 14:35:36 - INFO - __main__ -   	Testing dev Minibatch:    0
02/25/2021 14:35:36 - INFO - __main__ -   	Testing dev Minibatch:    1
02/25/2021 14:35:37 - INFO - __main__ -   	Testing dev Minibatch:    2
02/25/2021 14:35:37 - INFO - __main__ -   
Labels 	Prec. 	Recall	F1    	Supp  
Denial 	0.4947	0.8351	0.6213	279
Support	0.6029	0.4256	0.4990	289
Comment	0.5671	0.3735	0.4504	249
Queries	0.4667	0.1892	0.2692	37
MacroF1	0.4600
F1w_avg	0.5148
Acc    	53.4

02/25/2021 14:35:37 - INFO - __main__ -   	EPOCH:  28	MiniBatch:    0
02/25/2021 14:35:39 - INFO - __main__ -   	EPOCH:  28	MiniBatch:    1
02/25/2021 14:35:40 - INFO - __main__ -   	EPOCH:  28	MiniBatch:    2
02/25/2021 14:35:41 - INFO - __main__ -   	EPOCH:  28	MiniBatch:    3
02/25/2021 14:35:42 - INFO - __main__ -   	EPOCH:  28	MiniBatch:    4
02/25/2021 14:35:43 - INFO - __main__ -   	EPOCH:  28	MiniBatch:    5
02/25/2021 14:35:44 - INFO - __main__ -   	EPOCH:  28	MiniBatch:    6
02/25/2021 14:35:46 - INFO - __main__ -   	EPOCH:  28	MiniBatch:    7
02/25/2021 14:35:47 - INFO - __main__ -   	EPOCH:  28	MiniBatch:    8
02/25/2021 14:35:48 - INFO - __main__ -   	Testing dev Minibatch:    0
02/25/2021 14:35:48 - INFO - __main__ -   	Testing dev Minibatch:    1
02/25/2021 14:35:49 - INFO - __main__ -   	Testing dev Minibatch:    2
02/25/2021 14:35:49 - INFO - __main__ -   
Labels 	Prec. 	Recall	F1    	Supp  
Denial 	0.5277	0.7849	0.6311	279
Support	0.5827	0.5121	0.5451	289
Comment	0.5543	0.3896	0.4575	249
Queries	0.5000	0.1351	0.2128	37
MacroF1	0.4616
F1w_avg	0.5333
Acc    	54.9

02/25/2021 14:35:49 - INFO - __main__ -   	EPOCH:  29	MiniBatch:    0
02/25/2021 14:35:50 - INFO - __main__ -   	EPOCH:  29	MiniBatch:    1
02/25/2021 14:35:52 - INFO - __main__ -   	EPOCH:  29	MiniBatch:    2
02/25/2021 14:35:53 - INFO - __main__ -   	EPOCH:  29	MiniBatch:    3
02/25/2021 14:35:54 - INFO - __main__ -   	EPOCH:  29	MiniBatch:    4
02/25/2021 14:35:55 - INFO - __main__ -   	EPOCH:  29	MiniBatch:    5
02/25/2021 14:35:56 - INFO - __main__ -   	EPOCH:  29	MiniBatch:    6
02/25/2021 14:35:57 - INFO - __main__ -   	EPOCH:  29	MiniBatch:    7
02/25/2021 14:35:59 - INFO - __main__ -   	EPOCH:  29	MiniBatch:    8
02/25/2021 14:36:00 - INFO - __main__ -   	Testing dev Minibatch:    0
02/25/2021 14:36:00 - INFO - __main__ -   	Testing dev Minibatch:    1
02/25/2021 14:36:00 - INFO - __main__ -   	Testing dev Minibatch:    2
02/25/2021 14:36:01 - INFO - __main__ -   
Labels 	Prec. 	Recall	F1    	Supp  
Denial 	0.5635	0.7634	0.6484	279
Support	0.5658	0.5952	0.5801	289
Comment	0.6000	0.3855	0.4694	249
Queries	0.5000	0.1622	0.2449	37
MacroF1	0.4857
F1w_avg	0.5556
Acc    	57.0

02/25/2021 14:36:01 - INFO - __main__ -   	EPOCH:  30	MiniBatch:    0
02/25/2021 14:36:02 - INFO - __main__ -   	EPOCH:  30	MiniBatch:    1
02/25/2021 14:36:03 - INFO - __main__ -   	EPOCH:  30	MiniBatch:    2
02/25/2021 14:36:04 - INFO - __main__ -   	EPOCH:  30	MiniBatch:    3
02/25/2021 14:36:06 - INFO - __main__ -   	EPOCH:  30	MiniBatch:    4
02/25/2021 14:36:07 - INFO - __main__ -   	EPOCH:  30	MiniBatch:    5
02/25/2021 14:36:08 - INFO - __main__ -   	EPOCH:  30	MiniBatch:    6
02/25/2021 14:36:09 - INFO - __main__ -   	EPOCH:  30	MiniBatch:    7
02/25/2021 14:36:10 - INFO - __main__ -   	EPOCH:  30	MiniBatch:    8
02/25/2021 14:36:11 - INFO - __main__ -   	Testing dev Minibatch:    0
02/25/2021 14:36:12 - INFO - __main__ -   	Testing dev Minibatch:    1
02/25/2021 14:36:12 - INFO - __main__ -   	Testing dev Minibatch:    2
02/25/2021 14:36:12 - INFO - __main__ -   
Labels 	Prec. 	Recall	F1    	Supp  
Denial 	0.5511	0.7921	0.6500	279
Support	0.6000	0.5087	0.5506	289
Comment	0.5648	0.4378	0.4932	249
Queries	0.4667	0.1892	0.2692	37
MacroF1	0.4908
F1w_avg	0.5541
Acc    	56.7

02/25/2021 14:36:13 - INFO - __main__ -   	EPOCH:  31	MiniBatch:    0
02/25/2021 14:36:14 - INFO - __main__ -   	EPOCH:  31	MiniBatch:    1
02/25/2021 14:36:15 - INFO - __main__ -   	EPOCH:  31	MiniBatch:    2
02/25/2021 14:36:16 - INFO - __main__ -   	EPOCH:  31	MiniBatch:    3
02/25/2021 14:36:17 - INFO - __main__ -   	EPOCH:  31	MiniBatch:    4
02/25/2021 14:36:19 - INFO - __main__ -   	EPOCH:  31	MiniBatch:    5
02/25/2021 14:36:20 - INFO - __main__ -   	EPOCH:  31	MiniBatch:    6
02/25/2021 14:36:21 - INFO - __main__ -   	EPOCH:  31	MiniBatch:    7
02/25/2021 14:36:22 - INFO - __main__ -   	EPOCH:  31	MiniBatch:    8
02/25/2021 14:36:23 - INFO - __main__ -   	Testing dev Minibatch:    0
02/25/2021 14:36:23 - INFO - __main__ -   	Testing dev Minibatch:    1
02/25/2021 14:36:24 - INFO - __main__ -   	Testing dev Minibatch:    2
02/25/2021 14:36:24 - INFO - __main__ -   
Labels 	Prec. 	Recall	F1    	Supp  
Denial 	0.5022	0.8029	0.6179	279
Support	0.6667	0.3668	0.4732	289
Comment	0.5214	0.4900	0.5052	249
Queries	0.4000	0.1622	0.2308	37
MacroF1	0.4568
F1w_avg	0.5193
Acc    	53.6

02/25/2021 14:36:24 - INFO - __main__ -   	EPOCH:  32	MiniBatch:    0
02/25/2021 14:36:26 - INFO - __main__ -   	EPOCH:  32	MiniBatch:    1
02/25/2021 14:36:27 - INFO - __main__ -   	EPOCH:  32	MiniBatch:    2
02/25/2021 14:36:28 - INFO - __main__ -   	EPOCH:  32	MiniBatch:    3
02/25/2021 14:36:29 - INFO - __main__ -   	EPOCH:  32	MiniBatch:    4
02/25/2021 14:36:30 - INFO - __main__ -   	EPOCH:  32	MiniBatch:    5
02/25/2021 14:36:32 - INFO - __main__ -   	EPOCH:  32	MiniBatch:    6
02/25/2021 14:36:33 - INFO - __main__ -   	EPOCH:  32	MiniBatch:    7
02/25/2021 14:36:34 - INFO - __main__ -   	EPOCH:  32	MiniBatch:    8
02/25/2021 14:36:35 - INFO - __main__ -   	Testing dev Minibatch:    0
02/25/2021 14:36:35 - INFO - __main__ -   	Testing dev Minibatch:    1
02/25/2021 14:36:36 - INFO - __main__ -   	Testing dev Minibatch:    2
02/25/2021 14:36:36 - INFO - __main__ -   
Labels 	Prec. 	Recall	F1    	Supp  
Denial 	0.5781	0.7563	0.6553	279
Support	0.5880	0.5779	0.5829	289
Comment	0.5648	0.4378	0.4932	249
Queries	0.4167	0.1351	0.2041	37
MacroF1	0.4839
F1w_avg	0.5640
Acc    	57.6

02/25/2021 14:36:36 - INFO - __main__ -   	EPOCH:  33	MiniBatch:    0
02/25/2021 14:36:37 - INFO - __main__ -   	EPOCH:  33	MiniBatch:    1
02/25/2021 14:36:39 - INFO - __main__ -   	EPOCH:  33	MiniBatch:    2
02/25/2021 14:36:40 - INFO - __main__ -   	EPOCH:  33	MiniBatch:    3
02/25/2021 14:36:41 - INFO - __main__ -   	EPOCH:  33	MiniBatch:    4
02/25/2021 14:36:42 - INFO - __main__ -   	EPOCH:  33	MiniBatch:    5
02/25/2021 14:36:43 - INFO - __main__ -   	EPOCH:  33	MiniBatch:    6
02/25/2021 14:36:44 - INFO - __main__ -   	EPOCH:  33	MiniBatch:    7
02/25/2021 14:36:46 - INFO - __main__ -   	EPOCH:  33	MiniBatch:    8
02/25/2021 14:36:47 - INFO - __main__ -   	Testing dev Minibatch:    0
02/25/2021 14:36:47 - INFO - __main__ -   	Testing dev Minibatch:    1
02/25/2021 14:36:47 - INFO - __main__ -   	Testing dev Minibatch:    2
02/25/2021 14:36:48 - INFO - __main__ -   
Labels 	Prec. 	Recall	F1    	Supp  
Denial 	0.5927	0.6989	0.6414	279
Support	0.5394	0.6159	0.5751	289
Comment	0.5455	0.4096	0.4679	249
Queries	0.5000	0.1081	0.1778	37
MacroF1	0.4656
F1w_avg	0.5483
Acc    	56.1

02/25/2021 14:36:48 - INFO - __main__ -   	EPOCH:  34	MiniBatch:    0
02/25/2021 14:36:49 - INFO - __main__ -   	EPOCH:  34	MiniBatch:    1
02/25/2021 14:36:50 - INFO - __main__ -   	EPOCH:  34	MiniBatch:    2
02/25/2021 14:36:51 - INFO - __main__ -   	EPOCH:  34	MiniBatch:    3
02/25/2021 14:36:53 - INFO - __main__ -   	EPOCH:  34	MiniBatch:    4
02/25/2021 14:36:54 - INFO - __main__ -   	EPOCH:  34	MiniBatch:    5
02/25/2021 14:36:55 - INFO - __main__ -   	EPOCH:  34	MiniBatch:    6
02/25/2021 14:36:56 - INFO - __main__ -   	EPOCH:  34	MiniBatch:    7
02/25/2021 14:36:57 - INFO - __main__ -   	EPOCH:  34	MiniBatch:    8
02/25/2021 14:36:58 - INFO - __main__ -   	Testing dev Minibatch:    0
02/25/2021 14:36:59 - INFO - __main__ -   	Testing dev Minibatch:    1
02/25/2021 14:36:59 - INFO - __main__ -   	Testing dev Minibatch:    2
02/25/2021 14:37:00 - INFO - __main__ -   
Labels 	Prec. 	Recall	F1    	Supp  
Denial 	0.6334	0.7061	0.6678	279
Support	0.5673	0.6125	0.5890	289
Comment	0.5244	0.4739	0.4979	249
Queries	0.6667	0.1081	0.1860	37
MacroF1	0.4852
F1w_avg	0.5707
Acc    	58.1

02/25/2021 14:37:00 - INFO - __main__ -   	EPOCH:  35	MiniBatch:    0
02/25/2021 14:37:01 - INFO - __main__ -   	EPOCH:  35	MiniBatch:    1
02/25/2021 14:37:02 - INFO - __main__ -   	EPOCH:  35	MiniBatch:    2
02/25/2021 14:37:03 - INFO - __main__ -   	EPOCH:  35	MiniBatch:    3
02/25/2021 14:37:04 - INFO - __main__ -   	EPOCH:  35	MiniBatch:    4
02/25/2021 14:37:06 - INFO - __main__ -   	EPOCH:  35	MiniBatch:    5
02/25/2021 14:37:07 - INFO - __main__ -   	EPOCH:  35	MiniBatch:    6
02/25/2021 14:37:08 - INFO - __main__ -   	EPOCH:  35	MiniBatch:    7
02/25/2021 14:37:09 - INFO - __main__ -   	EPOCH:  35	MiniBatch:    8
02/25/2021 14:37:10 - INFO - __main__ -   	Testing dev Minibatch:    0
02/25/2021 14:37:10 - INFO - __main__ -   	Testing dev Minibatch:    1
02/25/2021 14:37:11 - INFO - __main__ -   	Testing dev Minibatch:    2
02/25/2021 14:37:11 - INFO - __main__ -   
Labels 	Prec. 	Recall	F1    	Supp  
Denial 	0.5921	0.7491	0.6614	279
Support	0.5922	0.5225	0.5551	289
Comment	0.5064	0.4779	0.4917	249
Queries	0.3636	0.1081	0.1667	37
MacroF1	0.4687
F1w_avg	0.5545
Acc    	56.6

02/25/2021 14:37:11 - INFO - __main__ -   	EPOCH:  36	MiniBatch:    0
02/25/2021 14:37:13 - INFO - __main__ -   	EPOCH:  36	MiniBatch:    1
02/25/2021 14:37:14 - INFO - __main__ -   	EPOCH:  36	MiniBatch:    2
02/25/2021 14:37:15 - INFO - __main__ -   	EPOCH:  36	MiniBatch:    3
02/25/2021 14:37:16 - INFO - __main__ -   	EPOCH:  36	MiniBatch:    4
02/25/2021 14:37:17 - INFO - __main__ -   	EPOCH:  36	MiniBatch:    5
02/25/2021 14:37:19 - INFO - __main__ -   	EPOCH:  36	MiniBatch:    6
02/25/2021 14:37:20 - INFO - __main__ -   	EPOCH:  36	MiniBatch:    7
02/25/2021 14:37:21 - INFO - __main__ -   	EPOCH:  36	MiniBatch:    8
02/25/2021 14:37:22 - INFO - __main__ -   	Testing dev Minibatch:    0
02/25/2021 14:37:22 - INFO - __main__ -   	Testing dev Minibatch:    1
02/25/2021 14:37:23 - INFO - __main__ -   	Testing dev Minibatch:    2
02/25/2021 14:37:23 - INFO - __main__ -   
Labels 	Prec. 	Recall	F1    	Supp  
Denial 	0.5666	0.7778	0.6556	279
Support	0.5957	0.4844	0.5344	289
Comment	0.5205	0.4578	0.4872	249
Queries	0.4706	0.2162	0.2963	37
MacroF1	0.4934
F1w_avg	0.5499
Acc    	56.1

02/25/2021 14:37:23 - INFO - __main__ -   	EPOCH:  37	MiniBatch:    0
02/25/2021 14:37:24 - INFO - __main__ -   	EPOCH:  37	MiniBatch:    1
02/25/2021 14:37:26 - INFO - __main__ -   	EPOCH:  37	MiniBatch:    2
02/25/2021 14:37:27 - INFO - __main__ -   	EPOCH:  37	MiniBatch:    3
02/25/2021 14:37:28 - INFO - __main__ -   	EPOCH:  37	MiniBatch:    4
02/25/2021 14:37:29 - INFO - __main__ -   	EPOCH:  37	MiniBatch:    5
02/25/2021 14:37:30 - INFO - __main__ -   	EPOCH:  37	MiniBatch:    6
02/25/2021 14:37:31 - INFO - __main__ -   	EPOCH:  37	MiniBatch:    7
02/25/2021 14:37:33 - INFO - __main__ -   	EPOCH:  37	MiniBatch:    8
02/25/2021 14:37:34 - INFO - __main__ -   	Testing dev Minibatch:    0
02/25/2021 14:37:34 - INFO - __main__ -   	Testing dev Minibatch:    1
02/25/2021 14:37:34 - INFO - __main__ -   	Testing dev Minibatch:    2
02/25/2021 14:37:35 - INFO - __main__ -   
Labels 	Prec. 	Recall	F1    	Supp  
Denial 	0.5575	0.7814	0.6507	279
Support	0.5737	0.4983	0.5333	289
Comment	0.5528	0.4418	0.4911	249
Queries	0.4615	0.1622	0.2400	37
MacroF1	0.4788
F1w_avg	0.5467
Acc    	56.0

02/25/2021 14:37:35 - INFO - __main__ -   	EPOCH:  38	MiniBatch:    0
02/25/2021 14:37:36 - INFO - __main__ -   	EPOCH:  38	MiniBatch:    1
02/25/2021 14:37:37 - INFO - __main__ -   	EPOCH:  38	MiniBatch:    2
02/25/2021 14:37:39 - INFO - __main__ -   	EPOCH:  38	MiniBatch:    3
02/25/2021 14:37:40 - INFO - __main__ -   	EPOCH:  38	MiniBatch:    4
02/25/2021 14:37:41 - INFO - __main__ -   	EPOCH:  38	MiniBatch:    5
02/25/2021 14:37:42 - INFO - __main__ -   	EPOCH:  38	MiniBatch:    6
02/25/2021 14:37:43 - INFO - __main__ -   	EPOCH:  38	MiniBatch:    7
02/25/2021 14:37:44 - INFO - __main__ -   	EPOCH:  38	MiniBatch:    8
02/25/2021 14:37:45 - INFO - __main__ -   	Testing dev Minibatch:    0
02/25/2021 14:37:46 - INFO - __main__ -   	Testing dev Minibatch:    1
02/25/2021 14:37:46 - INFO - __main__ -   	Testing dev Minibatch:    2
02/25/2021 14:37:47 - INFO - __main__ -   
Labels 	Prec. 	Recall	F1    	Supp  
Denial 	0.5044	0.8208	0.6248	279
Support	0.5787	0.4325	0.4950	289
Comment	0.5486	0.3855	0.4528	249
Queries	0.5556	0.1351	0.2174	37
MacroF1	0.4475
F1w_avg	0.5131
Acc    	53.3

02/25/2021 14:37:47 - INFO - __main__ -   No improvements in F1 for 20 epochs
02/25/2021 14:37:47 - INFO - __main__ -   	Testing test Minibatch:    0
02/25/2021 14:37:48 - INFO - __main__ -   	Testing test Minibatch:    1
02/25/2021 14:37:48 - INFO - __main__ -   	Testing test Minibatch:    2
02/25/2021 14:37:49 - INFO - __main__ -   
Labels 	Prec. 	Recall	F1    	Supp  
Denial 	0.6162	0.7284	0.6676	313
Support	0.5529	0.5341	0.5434	264
Comment	0.5652	0.4699	0.5132	249
Queries	0.2727	0.2143	0.2400	28
MacroF1	0.4910
F1w_avg	0.5702
Acc    	57.6

02/25/2021 14:37:49 - INFO - __main__ -   Time taken: 0h 8m 10s
