02/25/2021 13:47:06 - INFO - __main__ -   ----------------- Hyperparameters ------------------
02/25/2021 13:47:06 - INFO - __main__ -   ======== my_Bertweet =========
02/25/2021 13:47:06 - INFO - __main__ -   ===== Hyperparameters ======
02/25/2021 13:47:06 - INFO - __main__ -   ('batch_train', 200)
02/25/2021 13:47:06 - INFO - __main__ -   ('batch_test', 200)
02/25/2021 13:47:06 - INFO - __main__ -   ('epochs', 100)
02/25/2021 13:47:06 - INFO - __main__ -   ('learning_rate', 4e-05)
02/25/2021 13:47:06 - INFO - __main__ -   ('optimizer', 'adam')
02/25/2021 13:47:06 - INFO - __main__ -   ('do_train', True)
02/25/2021 13:47:06 - INFO - __main__ -   ('do_test', True)
02/25/2021 13:47:06 - INFO - __main__ -   ('model_name', 'my_Bertweet')
02/25/2021 13:47:06 - INFO - __main__ -   ('exp_name', 'exp41')
02/25/2021 13:47:06 - INFO - __main__ -   ('train_data', './data/train_set_128_bertweet.bin')
02/25/2021 13:47:06 - INFO - __main__ -   ('test_data', './data/test_set_128_bertweet.bin')
02/25/2021 13:47:06 - INFO - __main__ -   ('k_folds', 4)
02/25/2021 13:47:06 - INFO - __main__ -   ('folds2run', 1)
02/25/2021 13:47:06 - INFO - __main__ -   ('debug', False)
02/25/2021 13:47:06 - INFO - __main__ -   ('log_interval', 1)
02/25/2021 13:47:06 - INFO - __main__ -   ('loss_fn', 'ce_loss')
02/25/2021 13:47:06 - INFO - __main__ -   ('w_sample', True)
02/25/2021 13:47:06 - INFO - __main__ -   ('pretrain_model', '')
02/25/2021 13:47:06 - INFO - __main__ -   ('epochs2giveup', 20)
02/25/2021 13:47:06 - INFO - __main__ -   batch_train: 200
02/25/2021 13:47:06 - INFO - __main__ -   batch_test:  200
02/25/2021 13:47:06 - INFO - __main__ -   epochs: 100 
02/25/2021 13:47:06 - INFO - __main__ -   learning_rate: 0.000040
02/25/2021 13:47:06 - INFO - __main__ -   optimizer: adam
02/25/2021 13:47:06 - INFO - __main__ -   debug: False
02/25/2021 13:47:06 - INFO - __main__ -   ------------------ Getting model -------------------
02/25/2021 13:47:13 - INFO - __main__ -   --------------- Getting dataframes -----------------
02/25/2021 13:47:13 - INFO - __main__ -   ------- Setting loss function and optimizer --------
02/25/2021 13:47:13 - INFO - __main__ -   ------------ Converting to dataloaders -------------
02/25/2021 13:47:13 - INFO - __main__ -   956
02/25/2021 13:47:13 - INFO - __main__ -   816
02/25/2021 13:47:13 - INFO - __main__ -   706
02/25/2021 13:47:13 - INFO - __main__ -   85
02/25/2021 13:47:13 - INFO - __main__ -   ---------------- Starting training -----------------
02/25/2021 13:47:13 - INFO - __main__ -   	EPOCH:   0	MiniBatch:    0
02/25/2021 13:47:16 - INFO - __main__ -   	EPOCH:   0	MiniBatch:    1
02/25/2021 13:47:17 - INFO - __main__ -   	EPOCH:   0	MiniBatch:    2
02/25/2021 13:47:18 - INFO - __main__ -   	EPOCH:   0	MiniBatch:    3
02/25/2021 13:47:18 - INFO - __main__ -   	EPOCH:   0	MiniBatch:    4
02/25/2021 13:47:19 - INFO - __main__ -   	EPOCH:   0	MiniBatch:    5
02/25/2021 13:47:20 - INFO - __main__ -   	EPOCH:   0	MiniBatch:    6
02/25/2021 13:47:21 - INFO - __main__ -   	EPOCH:   0	MiniBatch:    7
02/25/2021 13:47:22 - INFO - __main__ -   	EPOCH:   0	MiniBatch:    8
02/25/2021 13:47:23 - INFO - __main__ -   	EPOCH:   0	MiniBatch:    9
02/25/2021 13:47:23 - INFO - __main__ -   	EPOCH:   0	MiniBatch:   10
02/25/2021 13:47:24 - INFO - __main__ -   	EPOCH:   0	MiniBatch:   11
02/25/2021 13:47:25 - INFO - __main__ -   	EPOCH:   0	MiniBatch:   12
02/25/2021 13:47:26 - INFO - __main__ -   	Testing dev Minibatch:    0
02/25/2021 13:47:26 - INFO - __main__ -   	Testing dev Minibatch:    1
02/25/2021 13:47:27 - INFO - __main__ -   	Testing dev Minibatch:    2
02/25/2021 13:47:27 - INFO - __main__ -   	Testing dev Minibatch:    3
02/25/2021 13:47:27 - INFO - __main__ -   	Testing dev Minibatch:    4
02/25/2021 13:47:27 - INFO - __main__ -   
Labels 	Prec. 	Recall	F1    	Supp  
Denial 	0.3919	0.3835	0.3877	279
Support	0.4979	0.4187	0.4549	289
Comment	0.4444	0.0482	0.0870	249
Queries	0.0675	0.5676	0.1207	37
MacroF1	0.2626
F1w_avg	0.3112
Acc    	30.6

02/25/2021 13:47:28 - INFO - __main__ -   	EPOCH:   1	MiniBatch:    0
02/25/2021 13:47:29 - INFO - __main__ -   	EPOCH:   1	MiniBatch:    1
02/25/2021 13:47:30 - INFO - __main__ -   	EPOCH:   1	MiniBatch:    2
02/25/2021 13:47:30 - INFO - __main__ -   	EPOCH:   1	MiniBatch:    3
02/25/2021 13:47:31 - INFO - __main__ -   	EPOCH:   1	MiniBatch:    4
02/25/2021 13:47:32 - INFO - __main__ -   	EPOCH:   1	MiniBatch:    5
02/25/2021 13:47:33 - INFO - __main__ -   	EPOCH:   1	MiniBatch:    6
02/25/2021 13:47:34 - INFO - __main__ -   	EPOCH:   1	MiniBatch:    7
02/25/2021 13:47:35 - INFO - __main__ -   	EPOCH:   1	MiniBatch:    8
02/25/2021 13:47:35 - INFO - __main__ -   	EPOCH:   1	MiniBatch:    9
02/25/2021 13:47:36 - INFO - __main__ -   	EPOCH:   1	MiniBatch:   10
02/25/2021 13:47:37 - INFO - __main__ -   	EPOCH:   1	MiniBatch:   11
02/25/2021 13:47:38 - INFO - __main__ -   	EPOCH:   1	MiniBatch:   12
02/25/2021 13:47:39 - INFO - __main__ -   	Testing dev Minibatch:    0
02/25/2021 13:47:39 - INFO - __main__ -   	Testing dev Minibatch:    1
02/25/2021 13:47:39 - INFO - __main__ -   	Testing dev Minibatch:    2
02/25/2021 13:47:40 - INFO - __main__ -   	Testing dev Minibatch:    3
02/25/2021 13:47:40 - INFO - __main__ -   	Testing dev Minibatch:    4
02/25/2021 13:47:40 - INFO - __main__ -   
Labels 	Prec. 	Recall	F1    	Supp  
Denial 	0.4759	0.2473	0.3255	279
Support	0.4149	0.8858	0.5651	289
Comment	0.6140	0.1406	0.2288	249
Queries	0.2857	0.2703	0.2778	37
MacroF1	0.3493
F1w_avg	0.3763
Acc    	43.3

02/25/2021 13:47:42 - INFO - __main__ -   	EPOCH:   2	MiniBatch:    0
02/25/2021 13:47:43 - INFO - __main__ -   	EPOCH:   2	MiniBatch:    1
02/25/2021 13:47:44 - INFO - __main__ -   	EPOCH:   2	MiniBatch:    2
02/25/2021 13:47:44 - INFO - __main__ -   	EPOCH:   2	MiniBatch:    3
02/25/2021 13:47:45 - INFO - __main__ -   	EPOCH:   2	MiniBatch:    4
02/25/2021 13:47:46 - INFO - __main__ -   	EPOCH:   2	MiniBatch:    5
02/25/2021 13:47:47 - INFO - __main__ -   	EPOCH:   2	MiniBatch:    6
02/25/2021 13:47:48 - INFO - __main__ -   	EPOCH:   2	MiniBatch:    7
02/25/2021 13:47:48 - INFO - __main__ -   	EPOCH:   2	MiniBatch:    8
02/25/2021 13:47:49 - INFO - __main__ -   	EPOCH:   2	MiniBatch:    9
02/25/2021 13:47:50 - INFO - __main__ -   	EPOCH:   2	MiniBatch:   10
02/25/2021 13:47:51 - INFO - __main__ -   	EPOCH:   2	MiniBatch:   11
02/25/2021 13:47:52 - INFO - __main__ -   	EPOCH:   2	MiniBatch:   12
02/25/2021 13:47:53 - INFO - __main__ -   	Testing dev Minibatch:    0
02/25/2021 13:47:53 - INFO - __main__ -   	Testing dev Minibatch:    1
02/25/2021 13:47:53 - INFO - __main__ -   	Testing dev Minibatch:    2
02/25/2021 13:47:54 - INFO - __main__ -   	Testing dev Minibatch:    3
02/25/2021 13:47:54 - INFO - __main__ -   	Testing dev Minibatch:    4
02/25/2021 13:47:54 - INFO - __main__ -   
Labels 	Prec. 	Recall	F1    	Supp  
Denial 	0.4751	0.7849	0.5919	279
Support	0.5672	0.5260	0.5458	289
Comment	0.6238	0.2530	0.3600	249
Queries	0.4583	0.2973	0.3607	37
MacroF1	0.4646
F1w_avg	0.4987
Acc    	52.1

02/25/2021 13:47:56 - INFO - __main__ -   	EPOCH:   3	MiniBatch:    0
02/25/2021 13:47:57 - INFO - __main__ -   	EPOCH:   3	MiniBatch:    1
02/25/2021 13:47:57 - INFO - __main__ -   	EPOCH:   3	MiniBatch:    2
02/25/2021 13:47:58 - INFO - __main__ -   	EPOCH:   3	MiniBatch:    3
02/25/2021 13:47:59 - INFO - __main__ -   	EPOCH:   3	MiniBatch:    4
02/25/2021 13:48:00 - INFO - __main__ -   	EPOCH:   3	MiniBatch:    5
02/25/2021 13:48:01 - INFO - __main__ -   	EPOCH:   3	MiniBatch:    6
02/25/2021 13:48:02 - INFO - __main__ -   	EPOCH:   3	MiniBatch:    7
02/25/2021 13:48:02 - INFO - __main__ -   	EPOCH:   3	MiniBatch:    8
02/25/2021 13:48:03 - INFO - __main__ -   	EPOCH:   3	MiniBatch:    9
02/25/2021 13:48:04 - INFO - __main__ -   	EPOCH:   3	MiniBatch:   10
02/25/2021 13:48:05 - INFO - __main__ -   	EPOCH:   3	MiniBatch:   11
02/25/2021 13:48:06 - INFO - __main__ -   	EPOCH:   3	MiniBatch:   12
02/25/2021 13:48:07 - INFO - __main__ -   	Testing dev Minibatch:    0
02/25/2021 13:48:07 - INFO - __main__ -   	Testing dev Minibatch:    1
02/25/2021 13:48:07 - INFO - __main__ -   	Testing dev Minibatch:    2
02/25/2021 13:48:08 - INFO - __main__ -   	Testing dev Minibatch:    3
02/25/2021 13:48:08 - INFO - __main__ -   	Testing dev Minibatch:    4
02/25/2021 13:48:08 - INFO - __main__ -   
Labels 	Prec. 	Recall	F1    	Supp  
Denial 	0.5840	0.7599	0.6604	279
Support	0.5518	0.6817	0.6099	289
Comment	0.7009	0.3293	0.4481	249
Queries	0.5294	0.2432	0.3333	37
MacroF1	0.5129
F1w_avg	0.5673
Acc    	58.5

02/25/2021 13:48:10 - INFO - __main__ -   	EPOCH:   4	MiniBatch:    0
02/25/2021 13:48:11 - INFO - __main__ -   	EPOCH:   4	MiniBatch:    1
02/25/2021 13:48:11 - INFO - __main__ -   	EPOCH:   4	MiniBatch:    2
02/25/2021 13:48:12 - INFO - __main__ -   	EPOCH:   4	MiniBatch:    3
02/25/2021 13:48:13 - INFO - __main__ -   	EPOCH:   4	MiniBatch:    4
02/25/2021 13:48:14 - INFO - __main__ -   	EPOCH:   4	MiniBatch:    5
02/25/2021 13:48:15 - INFO - __main__ -   	EPOCH:   4	MiniBatch:    6
02/25/2021 13:48:16 - INFO - __main__ -   	EPOCH:   4	MiniBatch:    7
02/25/2021 13:48:16 - INFO - __main__ -   	EPOCH:   4	MiniBatch:    8
02/25/2021 13:48:17 - INFO - __main__ -   	EPOCH:   4	MiniBatch:    9
02/25/2021 13:48:18 - INFO - __main__ -   	EPOCH:   4	MiniBatch:   10
02/25/2021 13:48:19 - INFO - __main__ -   	EPOCH:   4	MiniBatch:   11
02/25/2021 13:48:20 - INFO - __main__ -   	EPOCH:   4	MiniBatch:   12
02/25/2021 13:48:21 - INFO - __main__ -   	Testing dev Minibatch:    0
02/25/2021 13:48:21 - INFO - __main__ -   	Testing dev Minibatch:    1
02/25/2021 13:48:21 - INFO - __main__ -   	Testing dev Minibatch:    2
02/25/2021 13:48:21 - INFO - __main__ -   	Testing dev Minibatch:    3
02/25/2021 13:48:22 - INFO - __main__ -   	Testing dev Minibatch:    4
02/25/2021 13:48:22 - INFO - __main__ -   
Labels 	Prec. 	Recall	F1    	Supp  
Denial 	0.7466	0.5914	0.6600	279
Support	0.5909	0.6298	0.6097	289
Comment	0.4869	0.5984	0.5369	249
Queries	0.5789	0.2973	0.3929	37
MacroF1	0.5499
F1w_avg	0.5955
Acc    	59.4

02/25/2021 13:48:24 - INFO - __main__ -   	EPOCH:   5	MiniBatch:    0
02/25/2021 13:48:25 - INFO - __main__ -   	EPOCH:   5	MiniBatch:    1
02/25/2021 13:48:25 - INFO - __main__ -   	EPOCH:   5	MiniBatch:    2
02/25/2021 13:48:26 - INFO - __main__ -   	EPOCH:   5	MiniBatch:    3
02/25/2021 13:48:27 - INFO - __main__ -   	EPOCH:   5	MiniBatch:    4
02/25/2021 13:48:28 - INFO - __main__ -   	EPOCH:   5	MiniBatch:    5
02/25/2021 13:48:29 - INFO - __main__ -   	EPOCH:   5	MiniBatch:    6
02/25/2021 13:48:30 - INFO - __main__ -   	EPOCH:   5	MiniBatch:    7
02/25/2021 13:48:30 - INFO - __main__ -   	EPOCH:   5	MiniBatch:    8
02/25/2021 13:48:31 - INFO - __main__ -   	EPOCH:   5	MiniBatch:    9
02/25/2021 13:48:32 - INFO - __main__ -   	EPOCH:   5	MiniBatch:   10
02/25/2021 13:48:33 - INFO - __main__ -   	EPOCH:   5	MiniBatch:   11
02/25/2021 13:48:34 - INFO - __main__ -   	EPOCH:   5	MiniBatch:   12
02/25/2021 13:48:35 - INFO - __main__ -   	Testing dev Minibatch:    0
02/25/2021 13:48:35 - INFO - __main__ -   	Testing dev Minibatch:    1
02/25/2021 13:48:35 - INFO - __main__ -   	Testing dev Minibatch:    2
02/25/2021 13:48:35 - INFO - __main__ -   	Testing dev Minibatch:    3
02/25/2021 13:48:36 - INFO - __main__ -   	Testing dev Minibatch:    4
02/25/2021 13:48:36 - INFO - __main__ -   
Labels 	Prec. 	Recall	F1    	Supp  
Denial 	0.5147	0.8136	0.6306	279
Support	0.6061	0.5536	0.5787	289
Comment	0.6977	0.3614	0.4762	249
Queries	0.5500	0.2973	0.3860	37
MacroF1	0.5178
F1w_avg	0.5574
Acc    	57.1

02/25/2021 13:48:36 - INFO - __main__ -   	EPOCH:   6	MiniBatch:    0
02/25/2021 13:48:37 - INFO - __main__ -   	EPOCH:   6	MiniBatch:    1
02/25/2021 13:48:38 - INFO - __main__ -   	EPOCH:   6	MiniBatch:    2
02/25/2021 13:48:39 - INFO - __main__ -   	EPOCH:   6	MiniBatch:    3
02/25/2021 13:48:39 - INFO - __main__ -   	EPOCH:   6	MiniBatch:    4
02/25/2021 13:48:40 - INFO - __main__ -   	EPOCH:   6	MiniBatch:    5
02/25/2021 13:48:41 - INFO - __main__ -   	EPOCH:   6	MiniBatch:    6
02/25/2021 13:48:42 - INFO - __main__ -   	EPOCH:   6	MiniBatch:    7
02/25/2021 13:48:43 - INFO - __main__ -   	EPOCH:   6	MiniBatch:    8
02/25/2021 13:48:44 - INFO - __main__ -   	EPOCH:   6	MiniBatch:    9
02/25/2021 13:48:44 - INFO - __main__ -   	EPOCH:   6	MiniBatch:   10
02/25/2021 13:48:45 - INFO - __main__ -   	EPOCH:   6	MiniBatch:   11
02/25/2021 13:48:46 - INFO - __main__ -   	EPOCH:   6	MiniBatch:   12
02/25/2021 13:48:47 - INFO - __main__ -   	Testing dev Minibatch:    0
02/25/2021 13:48:47 - INFO - __main__ -   	Testing dev Minibatch:    1
02/25/2021 13:48:47 - INFO - __main__ -   	Testing dev Minibatch:    2
02/25/2021 13:48:48 - INFO - __main__ -   	Testing dev Minibatch:    3
02/25/2021 13:48:48 - INFO - __main__ -   	Testing dev Minibatch:    4
02/25/2021 13:48:48 - INFO - __main__ -   
Labels 	Prec. 	Recall	F1    	Supp  
Denial 	0.7092	0.6380	0.6717	279
Support	0.5861	0.7301	0.6502	289
Comment	0.5733	0.5181	0.5443	249
Queries	0.5000	0.2432	0.3273	37
MacroF1	0.5484
F1w_avg	0.6124
Acc    	61.7

02/25/2021 13:48:48 - INFO - __main__ -   	EPOCH:   7	MiniBatch:    0
02/25/2021 13:48:49 - INFO - __main__ -   	EPOCH:   7	MiniBatch:    1
02/25/2021 13:48:50 - INFO - __main__ -   	EPOCH:   7	MiniBatch:    2
02/25/2021 13:48:51 - INFO - __main__ -   	EPOCH:   7	MiniBatch:    3
02/25/2021 13:48:52 - INFO - __main__ -   	EPOCH:   7	MiniBatch:    4
02/25/2021 13:48:53 - INFO - __main__ -   	EPOCH:   7	MiniBatch:    5
02/25/2021 13:48:53 - INFO - __main__ -   	EPOCH:   7	MiniBatch:    6
02/25/2021 13:48:54 - INFO - __main__ -   	EPOCH:   7	MiniBatch:    7
02/25/2021 13:48:55 - INFO - __main__ -   	EPOCH:   7	MiniBatch:    8
02/25/2021 13:48:56 - INFO - __main__ -   	EPOCH:   7	MiniBatch:    9
02/25/2021 13:48:57 - INFO - __main__ -   	EPOCH:   7	MiniBatch:   10
02/25/2021 13:48:57 - INFO - __main__ -   	EPOCH:   7	MiniBatch:   11
02/25/2021 13:48:58 - INFO - __main__ -   	EPOCH:   7	MiniBatch:   12
02/25/2021 13:48:59 - INFO - __main__ -   	Testing dev Minibatch:    0
02/25/2021 13:49:00 - INFO - __main__ -   	Testing dev Minibatch:    1
02/25/2021 13:49:00 - INFO - __main__ -   	Testing dev Minibatch:    2
02/25/2021 13:49:00 - INFO - __main__ -   	Testing dev Minibatch:    3
02/25/2021 13:49:01 - INFO - __main__ -   	Testing dev Minibatch:    4
02/25/2021 13:49:01 - INFO - __main__ -   
Labels 	Prec. 	Recall	F1    	Supp  
Denial 	0.6622	0.7097	0.6851	279
Support	0.5954	0.7128	0.6488	289
Comment	0.6154	0.4819	0.5405	249
Queries	0.7143	0.2703	0.3922	37
MacroF1	0.5667
F1w_avg	0.6180
Acc    	62.5

02/25/2021 13:49:03 - INFO - __main__ -   	EPOCH:   8	MiniBatch:    0
02/25/2021 13:49:04 - INFO - __main__ -   	EPOCH:   8	MiniBatch:    1
02/25/2021 13:49:04 - INFO - __main__ -   	EPOCH:   8	MiniBatch:    2
02/25/2021 13:49:05 - INFO - __main__ -   	EPOCH:   8	MiniBatch:    3
02/25/2021 13:49:06 - INFO - __main__ -   	EPOCH:   8	MiniBatch:    4
02/25/2021 13:49:07 - INFO - __main__ -   	EPOCH:   8	MiniBatch:    5
02/25/2021 13:49:08 - INFO - __main__ -   	EPOCH:   8	MiniBatch:    6
02/25/2021 13:49:09 - INFO - __main__ -   	EPOCH:   8	MiniBatch:    7
02/25/2021 13:49:09 - INFO - __main__ -   	EPOCH:   8	MiniBatch:    8
02/25/2021 13:49:10 - INFO - __main__ -   	EPOCH:   8	MiniBatch:    9
02/25/2021 13:49:11 - INFO - __main__ -   	EPOCH:   8	MiniBatch:   10
02/25/2021 13:49:12 - INFO - __main__ -   	EPOCH:   8	MiniBatch:   11
02/25/2021 13:49:13 - INFO - __main__ -   	EPOCH:   8	MiniBatch:   12
02/25/2021 13:49:14 - INFO - __main__ -   	Testing dev Minibatch:    0
02/25/2021 13:49:14 - INFO - __main__ -   	Testing dev Minibatch:    1
02/25/2021 13:49:14 - INFO - __main__ -   	Testing dev Minibatch:    2
02/25/2021 13:49:15 - INFO - __main__ -   	Testing dev Minibatch:    3
02/25/2021 13:49:15 - INFO - __main__ -   	Testing dev Minibatch:    4
02/25/2021 13:49:15 - INFO - __main__ -   
Labels 	Prec. 	Recall	F1    	Supp  
Denial 	0.5951	0.7849	0.6770	279
Support	0.6577	0.5917	0.6230	289
Comment	0.5918	0.4659	0.5213	249
Queries	0.5000	0.4054	0.4478	37
MacroF1	0.5673
F1w_avg	0.6034
Acc    	61.0

02/25/2021 13:49:18 - INFO - __main__ -   	EPOCH:   9	MiniBatch:    0
02/25/2021 13:49:19 - INFO - __main__ -   	EPOCH:   9	MiniBatch:    1
02/25/2021 13:49:20 - INFO - __main__ -   	EPOCH:   9	MiniBatch:    2
02/25/2021 13:49:20 - INFO - __main__ -   	EPOCH:   9	MiniBatch:    3
02/25/2021 13:49:21 - INFO - __main__ -   	EPOCH:   9	MiniBatch:    4
02/25/2021 13:49:22 - INFO - __main__ -   	EPOCH:   9	MiniBatch:    5
02/25/2021 13:49:23 - INFO - __main__ -   	EPOCH:   9	MiniBatch:    6
02/25/2021 13:49:24 - INFO - __main__ -   	EPOCH:   9	MiniBatch:    7
02/25/2021 13:49:24 - INFO - __main__ -   	EPOCH:   9	MiniBatch:    8
02/25/2021 13:49:25 - INFO - __main__ -   	EPOCH:   9	MiniBatch:    9
02/25/2021 13:49:26 - INFO - __main__ -   	EPOCH:   9	MiniBatch:   10
02/25/2021 13:49:27 - INFO - __main__ -   	EPOCH:   9	MiniBatch:   11
02/25/2021 13:49:28 - INFO - __main__ -   	EPOCH:   9	MiniBatch:   12
02/25/2021 13:49:29 - INFO - __main__ -   	Testing dev Minibatch:    0
02/25/2021 13:49:29 - INFO - __main__ -   	Testing dev Minibatch:    1
02/25/2021 13:49:29 - INFO - __main__ -   	Testing dev Minibatch:    2
02/25/2021 13:49:30 - INFO - __main__ -   	Testing dev Minibatch:    3
02/25/2021 13:49:30 - INFO - __main__ -   	Testing dev Minibatch:    4
02/25/2021 13:49:30 - INFO - __main__ -   
Labels 	Prec. 	Recall	F1    	Supp  
Denial 	0.6413	0.7240	0.6801	279
Support	0.5443	0.7439	0.6287	289
Comment	0.6794	0.3574	0.4684	249
Queries	0.6923	0.2432	0.3600	37
MacroF1	0.5343
F1w_avg	0.5871
Acc    	60.3

02/25/2021 13:49:30 - INFO - __main__ -   	EPOCH:  10	MiniBatch:    0
02/25/2021 13:49:31 - INFO - __main__ -   	EPOCH:  10	MiniBatch:    1
02/25/2021 13:49:32 - INFO - __main__ -   	EPOCH:  10	MiniBatch:    2
02/25/2021 13:49:33 - INFO - __main__ -   	EPOCH:  10	MiniBatch:    3
02/25/2021 13:49:34 - INFO - __main__ -   	EPOCH:  10	MiniBatch:    4
02/25/2021 13:49:34 - INFO - __main__ -   	EPOCH:  10	MiniBatch:    5
02/25/2021 13:49:35 - INFO - __main__ -   	EPOCH:  10	MiniBatch:    6
02/25/2021 13:49:36 - INFO - __main__ -   	EPOCH:  10	MiniBatch:    7
02/25/2021 13:49:37 - INFO - __main__ -   	EPOCH:  10	MiniBatch:    8
02/25/2021 13:49:38 - INFO - __main__ -   	EPOCH:  10	MiniBatch:    9
02/25/2021 13:49:38 - INFO - __main__ -   	EPOCH:  10	MiniBatch:   10
02/25/2021 13:49:39 - INFO - __main__ -   	EPOCH:  10	MiniBatch:   11
02/25/2021 13:49:40 - INFO - __main__ -   	EPOCH:  10	MiniBatch:   12
02/25/2021 13:49:41 - INFO - __main__ -   	Testing dev Minibatch:    0
02/25/2021 13:49:41 - INFO - __main__ -   	Testing dev Minibatch:    1
02/25/2021 13:49:42 - INFO - __main__ -   	Testing dev Minibatch:    2
02/25/2021 13:49:42 - INFO - __main__ -   	Testing dev Minibatch:    3
02/25/2021 13:49:42 - INFO - __main__ -   	Testing dev Minibatch:    4
02/25/2021 13:49:42 - INFO - __main__ -   
Labels 	Prec. 	Recall	F1    	Supp  
Denial 	0.6029	0.7563	0.6709	279
Support	0.5679	0.7093	0.6308	289
Comment	0.6594	0.3655	0.4703	249
Queries	0.6000	0.0811	0.1429	37
MacroF1	0.4787
F1w_avg	0.5760
Acc    	59.7

02/25/2021 13:49:43 - INFO - __main__ -   	EPOCH:  11	MiniBatch:    0
02/25/2021 13:49:43 - INFO - __main__ -   	EPOCH:  11	MiniBatch:    1
02/25/2021 13:49:44 - INFO - __main__ -   	EPOCH:  11	MiniBatch:    2
02/25/2021 13:49:45 - INFO - __main__ -   	EPOCH:  11	MiniBatch:    3
02/25/2021 13:49:46 - INFO - __main__ -   	EPOCH:  11	MiniBatch:    4
02/25/2021 13:49:47 - INFO - __main__ -   	EPOCH:  11	MiniBatch:    5
02/25/2021 13:49:48 - INFO - __main__ -   	EPOCH:  11	MiniBatch:    6
02/25/2021 13:49:48 - INFO - __main__ -   	EPOCH:  11	MiniBatch:    7
02/25/2021 13:49:49 - INFO - __main__ -   	EPOCH:  11	MiniBatch:    8
02/25/2021 13:49:50 - INFO - __main__ -   	EPOCH:  11	MiniBatch:    9
02/25/2021 13:49:51 - INFO - __main__ -   	EPOCH:  11	MiniBatch:   10
02/25/2021 13:49:52 - INFO - __main__ -   	EPOCH:  11	MiniBatch:   11
02/25/2021 13:49:52 - INFO - __main__ -   	EPOCH:  11	MiniBatch:   12
02/25/2021 13:49:53 - INFO - __main__ -   	Testing dev Minibatch:    0
02/25/2021 13:49:54 - INFO - __main__ -   	Testing dev Minibatch:    1
02/25/2021 13:49:54 - INFO - __main__ -   	Testing dev Minibatch:    2
02/25/2021 13:49:54 - INFO - __main__ -   	Testing dev Minibatch:    3
02/25/2021 13:49:55 - INFO - __main__ -   	Testing dev Minibatch:    4
02/25/2021 13:49:55 - INFO - __main__ -   
Labels 	Prec. 	Recall	F1    	Supp  
Denial 	0.5818	0.8029	0.6747	279
Support	0.6174	0.6644	0.6400	289
Comment	0.6458	0.3735	0.4733	249
Queries	0.5000	0.1892	0.2745	37
MacroF1	0.5156
F1w_avg	0.5869
Acc    	60.4

02/25/2021 13:49:55 - INFO - __main__ -   	EPOCH:  12	MiniBatch:    0
02/25/2021 13:49:56 - INFO - __main__ -   	EPOCH:  12	MiniBatch:    1
02/25/2021 13:49:57 - INFO - __main__ -   	EPOCH:  12	MiniBatch:    2
02/25/2021 13:49:57 - INFO - __main__ -   	EPOCH:  12	MiniBatch:    3
02/25/2021 13:49:58 - INFO - __main__ -   	EPOCH:  12	MiniBatch:    4
02/25/2021 13:49:59 - INFO - __main__ -   	EPOCH:  12	MiniBatch:    5
02/25/2021 13:50:00 - INFO - __main__ -   	EPOCH:  12	MiniBatch:    6
02/25/2021 13:50:01 - INFO - __main__ -   	EPOCH:  12	MiniBatch:    7
02/25/2021 13:50:02 - INFO - __main__ -   	EPOCH:  12	MiniBatch:    8
02/25/2021 13:50:02 - INFO - __main__ -   	EPOCH:  12	MiniBatch:    9
02/25/2021 13:50:03 - INFO - __main__ -   	EPOCH:  12	MiniBatch:   10
02/25/2021 13:50:04 - INFO - __main__ -   	EPOCH:  12	MiniBatch:   11
02/25/2021 13:50:05 - INFO - __main__ -   	EPOCH:  12	MiniBatch:   12
02/25/2021 13:50:06 - INFO - __main__ -   	Testing dev Minibatch:    0
02/25/2021 13:50:06 - INFO - __main__ -   	Testing dev Minibatch:    1
02/25/2021 13:50:06 - INFO - __main__ -   	Testing dev Minibatch:    2
02/25/2021 13:50:07 - INFO - __main__ -   	Testing dev Minibatch:    3
02/25/2021 13:50:07 - INFO - __main__ -   	Testing dev Minibatch:    4
02/25/2021 13:50:07 - INFO - __main__ -   
Labels 	Prec. 	Recall	F1    	Supp  
Denial 	0.6727	0.6631	0.6679	279
Support	0.5509	0.7682	0.6416	289
Comment	0.6145	0.4096	0.4916	249
Queries	0.7000	0.1892	0.2979	37
MacroF1	0.5247
F1w_avg	0.5916
Acc    	60.4

02/25/2021 13:50:07 - INFO - __main__ -   	EPOCH:  13	MiniBatch:    0
02/25/2021 13:50:08 - INFO - __main__ -   	EPOCH:  13	MiniBatch:    1
02/25/2021 13:50:09 - INFO - __main__ -   	EPOCH:  13	MiniBatch:    2
02/25/2021 13:50:10 - INFO - __main__ -   	EPOCH:  13	MiniBatch:    3
02/25/2021 13:50:11 - INFO - __main__ -   	EPOCH:  13	MiniBatch:    4
02/25/2021 13:50:11 - INFO - __main__ -   	EPOCH:  13	MiniBatch:    5
02/25/2021 13:50:12 - INFO - __main__ -   	EPOCH:  13	MiniBatch:    6
02/25/2021 13:50:13 - INFO - __main__ -   	EPOCH:  13	MiniBatch:    7
02/25/2021 13:50:14 - INFO - __main__ -   	EPOCH:  13	MiniBatch:    8
02/25/2021 13:50:15 - INFO - __main__ -   	EPOCH:  13	MiniBatch:    9
02/25/2021 13:50:16 - INFO - __main__ -   	EPOCH:  13	MiniBatch:   10
02/25/2021 13:50:16 - INFO - __main__ -   	EPOCH:  13	MiniBatch:   11
02/25/2021 13:50:17 - INFO - __main__ -   	EPOCH:  13	MiniBatch:   12
02/25/2021 13:50:18 - INFO - __main__ -   	Testing dev Minibatch:    0
02/25/2021 13:50:18 - INFO - __main__ -   	Testing dev Minibatch:    1
02/25/2021 13:50:19 - INFO - __main__ -   	Testing dev Minibatch:    2
02/25/2021 13:50:19 - INFO - __main__ -   	Testing dev Minibatch:    3
02/25/2021 13:50:19 - INFO - __main__ -   	Testing dev Minibatch:    4
02/25/2021 13:50:20 - INFO - __main__ -   
Labels 	Prec. 	Recall	F1    	Supp  
Denial 	0.5759	0.7885	0.6657	279
Support	0.6403	0.5606	0.5978	289
Comment	0.5756	0.4739	0.5198	249
Queries	0.7143	0.2703	0.3922	37
MacroF1	0.5439
F1w_avg	0.5883
Acc    	59.7

02/25/2021 13:50:20 - INFO - __main__ -   	EPOCH:  14	MiniBatch:    0
02/25/2021 13:50:21 - INFO - __main__ -   	EPOCH:  14	MiniBatch:    1
02/25/2021 13:50:21 - INFO - __main__ -   	EPOCH:  14	MiniBatch:    2
02/25/2021 13:50:22 - INFO - __main__ -   	EPOCH:  14	MiniBatch:    3
02/25/2021 13:50:23 - INFO - __main__ -   	EPOCH:  14	MiniBatch:    4
02/25/2021 13:50:24 - INFO - __main__ -   	EPOCH:  14	MiniBatch:    5
02/25/2021 13:50:25 - INFO - __main__ -   	EPOCH:  14	MiniBatch:    6
02/25/2021 13:50:25 - INFO - __main__ -   	EPOCH:  14	MiniBatch:    7
02/25/2021 13:50:26 - INFO - __main__ -   	EPOCH:  14	MiniBatch:    8
02/25/2021 13:50:27 - INFO - __main__ -   	EPOCH:  14	MiniBatch:    9
02/25/2021 13:50:28 - INFO - __main__ -   	EPOCH:  14	MiniBatch:   10
02/25/2021 13:50:29 - INFO - __main__ -   	EPOCH:  14	MiniBatch:   11
02/25/2021 13:50:30 - INFO - __main__ -   	EPOCH:  14	MiniBatch:   12
02/25/2021 13:50:30 - INFO - __main__ -   	Testing dev Minibatch:    0
02/25/2021 13:50:31 - INFO - __main__ -   	Testing dev Minibatch:    1
02/25/2021 13:50:31 - INFO - __main__ -   	Testing dev Minibatch:    2
02/25/2021 13:50:31 - INFO - __main__ -   	Testing dev Minibatch:    3
02/25/2021 13:50:32 - INFO - __main__ -   	Testing dev Minibatch:    4
02/25/2021 13:50:32 - INFO - __main__ -   
Labels 	Prec. 	Recall	F1    	Supp  
Denial 	0.6678	0.6918	0.6796	279
Support	0.5399	0.7958	0.6434	289
Comment	0.6484	0.3333	0.4403	249
Queries	0.6364	0.1892	0.2917	37
MacroF1	0.5137
F1w_avg	0.5808
Acc    	60.1

02/25/2021 13:50:32 - INFO - __main__ -   	EPOCH:  15	MiniBatch:    0
02/25/2021 13:50:33 - INFO - __main__ -   	EPOCH:  15	MiniBatch:    1
02/25/2021 13:50:34 - INFO - __main__ -   	EPOCH:  15	MiniBatch:    2
02/25/2021 13:50:35 - INFO - __main__ -   	EPOCH:  15	MiniBatch:    3
02/25/2021 13:50:35 - INFO - __main__ -   	EPOCH:  15	MiniBatch:    4
02/25/2021 13:50:36 - INFO - __main__ -   	EPOCH:  15	MiniBatch:    5
02/25/2021 13:50:37 - INFO - __main__ -   	EPOCH:  15	MiniBatch:    6
02/25/2021 13:50:38 - INFO - __main__ -   	EPOCH:  15	MiniBatch:    7
02/25/2021 13:50:39 - INFO - __main__ -   	EPOCH:  15	MiniBatch:    8
02/25/2021 13:50:39 - INFO - __main__ -   	EPOCH:  15	MiniBatch:    9
02/25/2021 13:50:40 - INFO - __main__ -   	EPOCH:  15	MiniBatch:   10
02/25/2021 13:50:41 - INFO - __main__ -   	EPOCH:  15	MiniBatch:   11
02/25/2021 13:50:42 - INFO - __main__ -   	EPOCH:  15	MiniBatch:   12
02/25/2021 13:50:43 - INFO - __main__ -   	Testing dev Minibatch:    0
02/25/2021 13:50:43 - INFO - __main__ -   	Testing dev Minibatch:    1
02/25/2021 13:50:43 - INFO - __main__ -   	Testing dev Minibatch:    2
02/25/2021 13:50:44 - INFO - __main__ -   	Testing dev Minibatch:    3
02/25/2021 13:50:44 - INFO - __main__ -   	Testing dev Minibatch:    4
02/25/2021 13:50:44 - INFO - __main__ -   
Labels 	Prec. 	Recall	F1    	Supp  
Denial 	0.5587	0.7849	0.6528	279
Support	0.5848	0.6920	0.6339	289
Comment	0.7075	0.3012	0.4225	249
Queries	0.5714	0.2162	0.3137	37
MacroF1	0.5057
F1w_avg	0.5646
Acc    	58.8

02/25/2021 13:50:44 - INFO - __main__ -   	EPOCH:  16	MiniBatch:    0
02/25/2021 13:50:45 - INFO - __main__ -   	EPOCH:  16	MiniBatch:    1
02/25/2021 13:50:46 - INFO - __main__ -   	EPOCH:  16	MiniBatch:    2
02/25/2021 13:50:47 - INFO - __main__ -   	EPOCH:  16	MiniBatch:    3
02/25/2021 13:50:48 - INFO - __main__ -   	EPOCH:  16	MiniBatch:    4
02/25/2021 13:50:49 - INFO - __main__ -   	EPOCH:  16	MiniBatch:    5
02/25/2021 13:50:49 - INFO - __main__ -   	EPOCH:  16	MiniBatch:    6
02/25/2021 13:50:50 - INFO - __main__ -   	EPOCH:  16	MiniBatch:    7
02/25/2021 13:50:51 - INFO - __main__ -   	EPOCH:  16	MiniBatch:    8
02/25/2021 13:50:52 - INFO - __main__ -   	EPOCH:  16	MiniBatch:    9
02/25/2021 13:50:53 - INFO - __main__ -   	EPOCH:  16	MiniBatch:   10
02/25/2021 13:50:53 - INFO - __main__ -   	EPOCH:  16	MiniBatch:   11
02/25/2021 13:50:54 - INFO - __main__ -   	EPOCH:  16	MiniBatch:   12
02/25/2021 13:50:55 - INFO - __main__ -   	Testing dev Minibatch:    0
02/25/2021 13:50:56 - INFO - __main__ -   	Testing dev Minibatch:    1
02/25/2021 13:50:56 - INFO - __main__ -   	Testing dev Minibatch:    2
02/25/2021 13:50:56 - INFO - __main__ -   	Testing dev Minibatch:    3
02/25/2021 13:50:56 - INFO - __main__ -   	Testing dev Minibatch:    4
02/25/2021 13:50:57 - INFO - __main__ -   
Labels 	Prec. 	Recall	F1    	Supp  
Denial 	0.5369	0.8351	0.6536	279
Support	0.6750	0.4671	0.5521	289
Comment	0.5610	0.4618	0.5066	249
Queries	0.7333	0.2973	0.4231	37
MacroF1	0.5339
F1w_avg	0.5664
Acc    	57.8

02/25/2021 13:50:57 - INFO - __main__ -   	EPOCH:  17	MiniBatch:    0
02/25/2021 13:50:58 - INFO - __main__ -   	EPOCH:  17	MiniBatch:    1
02/25/2021 13:50:58 - INFO - __main__ -   	EPOCH:  17	MiniBatch:    2
02/25/2021 13:50:59 - INFO - __main__ -   	EPOCH:  17	MiniBatch:    3
02/25/2021 13:51:00 - INFO - __main__ -   	EPOCH:  17	MiniBatch:    4
02/25/2021 13:51:01 - INFO - __main__ -   	EPOCH:  17	MiniBatch:    5
02/25/2021 13:51:02 - INFO - __main__ -   	EPOCH:  17	MiniBatch:    6
02/25/2021 13:51:03 - INFO - __main__ -   	EPOCH:  17	MiniBatch:    7
02/25/2021 13:51:03 - INFO - __main__ -   	EPOCH:  17	MiniBatch:    8
02/25/2021 13:51:04 - INFO - __main__ -   	EPOCH:  17	MiniBatch:    9
02/25/2021 13:51:05 - INFO - __main__ -   	EPOCH:  17	MiniBatch:   10
02/25/2021 13:51:06 - INFO - __main__ -   	EPOCH:  17	MiniBatch:   11
02/25/2021 13:51:07 - INFO - __main__ -   	EPOCH:  17	MiniBatch:   12
02/25/2021 13:51:08 - INFO - __main__ -   	Testing dev Minibatch:    0
02/25/2021 13:51:08 - INFO - __main__ -   	Testing dev Minibatch:    1
02/25/2021 13:51:08 - INFO - __main__ -   	Testing dev Minibatch:    2
02/25/2021 13:51:09 - INFO - __main__ -   	Testing dev Minibatch:    3
02/25/2021 13:51:09 - INFO - __main__ -   	Testing dev Minibatch:    4
02/25/2021 13:51:09 - INFO - __main__ -   
Labels 	Prec. 	Recall	F1    	Supp  
Denial 	0.6510	0.6953	0.6724	279
Support	0.5691	0.7266	0.6383	289
Comment	0.6140	0.4217	0.5000	249
Queries	0.6250	0.2703	0.3774	37
MacroF1	0.5470
F1w_avg	0.5978
Acc    	60.8

02/25/2021 13:51:09 - INFO - __main__ -   	EPOCH:  18	MiniBatch:    0
02/25/2021 13:51:10 - INFO - __main__ -   	EPOCH:  18	MiniBatch:    1
02/25/2021 13:51:11 - INFO - __main__ -   	EPOCH:  18	MiniBatch:    2
02/25/2021 13:51:12 - INFO - __main__ -   	EPOCH:  18	MiniBatch:    3
02/25/2021 13:51:12 - INFO - __main__ -   	EPOCH:  18	MiniBatch:    4
02/25/2021 13:51:13 - INFO - __main__ -   	EPOCH:  18	MiniBatch:    5
02/25/2021 13:51:14 - INFO - __main__ -   	EPOCH:  18	MiniBatch:    6
02/25/2021 13:51:15 - INFO - __main__ -   	EPOCH:  18	MiniBatch:    7
02/25/2021 13:51:16 - INFO - __main__ -   	EPOCH:  18	MiniBatch:    8
02/25/2021 13:51:17 - INFO - __main__ -   	EPOCH:  18	MiniBatch:    9
02/25/2021 13:51:17 - INFO - __main__ -   	EPOCH:  18	MiniBatch:   10
02/25/2021 13:51:18 - INFO - __main__ -   	EPOCH:  18	MiniBatch:   11
02/25/2021 13:51:19 - INFO - __main__ -   	EPOCH:  18	MiniBatch:   12
02/25/2021 13:51:20 - INFO - __main__ -   	Testing dev Minibatch:    0
02/25/2021 13:51:20 - INFO - __main__ -   	Testing dev Minibatch:    1
02/25/2021 13:51:21 - INFO - __main__ -   	Testing dev Minibatch:    2
02/25/2021 13:51:21 - INFO - __main__ -   	Testing dev Minibatch:    3
02/25/2021 13:51:21 - INFO - __main__ -   	Testing dev Minibatch:    4
02/25/2021 13:51:21 - INFO - __main__ -   
Labels 	Prec. 	Recall	F1    	Supp  
Denial 	0.6581	0.7384	0.6959	279
Support	0.6250	0.6228	0.6239	289
Comment	0.5417	0.5221	0.5317	249
Queries	0.6923	0.2432	0.3600	37
MacroF1	0.5529
F1w_avg	0.6091
Acc    	61.5

02/25/2021 13:51:22 - INFO - __main__ -   	EPOCH:  19	MiniBatch:    0
02/25/2021 13:51:22 - INFO - __main__ -   	EPOCH:  19	MiniBatch:    1
02/25/2021 13:51:23 - INFO - __main__ -   	EPOCH:  19	MiniBatch:    2
02/25/2021 13:51:24 - INFO - __main__ -   	EPOCH:  19	MiniBatch:    3
02/25/2021 13:51:25 - INFO - __main__ -   	EPOCH:  19	MiniBatch:    4
02/25/2021 13:51:26 - INFO - __main__ -   	EPOCH:  19	MiniBatch:    5
02/25/2021 13:51:26 - INFO - __main__ -   	EPOCH:  19	MiniBatch:    6
02/25/2021 13:51:27 - INFO - __main__ -   	EPOCH:  19	MiniBatch:    7
02/25/2021 13:51:28 - INFO - __main__ -   	EPOCH:  19	MiniBatch:    8
02/25/2021 13:51:29 - INFO - __main__ -   	EPOCH:  19	MiniBatch:    9
02/25/2021 13:51:30 - INFO - __main__ -   	EPOCH:  19	MiniBatch:   10
02/25/2021 13:51:31 - INFO - __main__ -   	EPOCH:  19	MiniBatch:   11
02/25/2021 13:51:31 - INFO - __main__ -   	EPOCH:  19	MiniBatch:   12
02/25/2021 13:51:32 - INFO - __main__ -   	Testing dev Minibatch:    0
02/25/2021 13:51:33 - INFO - __main__ -   	Testing dev Minibatch:    1
02/25/2021 13:51:33 - INFO - __main__ -   	Testing dev Minibatch:    2
02/25/2021 13:51:33 - INFO - __main__ -   	Testing dev Minibatch:    3
02/25/2021 13:51:34 - INFO - __main__ -   	Testing dev Minibatch:    4
02/25/2021 13:51:34 - INFO - __main__ -   
Labels 	Prec. 	Recall	F1    	Supp  
Denial 	0.5941	0.7921	0.6790	279
Support	0.6458	0.5363	0.5860	289
Comment	0.5551	0.5060	0.5294	249
Queries	0.6667	0.2703	0.3846	37
MacroF1	0.5447
F1w_avg	0.5911
Acc    	60.0

02/25/2021 13:51:34 - INFO - __main__ -   	EPOCH:  20	MiniBatch:    0
02/25/2021 13:51:35 - INFO - __main__ -   	EPOCH:  20	MiniBatch:    1
02/25/2021 13:51:36 - INFO - __main__ -   	EPOCH:  20	MiniBatch:    2
02/25/2021 13:51:36 - INFO - __main__ -   	EPOCH:  20	MiniBatch:    3
02/25/2021 13:51:37 - INFO - __main__ -   	EPOCH:  20	MiniBatch:    4
02/25/2021 13:51:38 - INFO - __main__ -   	EPOCH:  20	MiniBatch:    5
02/25/2021 13:51:39 - INFO - __main__ -   	EPOCH:  20	MiniBatch:    6
02/25/2021 13:51:40 - INFO - __main__ -   	EPOCH:  20	MiniBatch:    7
02/25/2021 13:51:40 - INFO - __main__ -   	EPOCH:  20	MiniBatch:    8
02/25/2021 13:51:41 - INFO - __main__ -   	EPOCH:  20	MiniBatch:    9
02/25/2021 13:51:42 - INFO - __main__ -   	EPOCH:  20	MiniBatch:   10
02/25/2021 13:51:43 - INFO - __main__ -   	EPOCH:  20	MiniBatch:   11
02/25/2021 13:51:44 - INFO - __main__ -   	EPOCH:  20	MiniBatch:   12
02/25/2021 13:51:45 - INFO - __main__ -   	Testing dev Minibatch:    0
02/25/2021 13:51:45 - INFO - __main__ -   	Testing dev Minibatch:    1
02/25/2021 13:51:45 - INFO - __main__ -   	Testing dev Minibatch:    2
02/25/2021 13:51:46 - INFO - __main__ -   	Testing dev Minibatch:    3
02/25/2021 13:51:46 - INFO - __main__ -   	Testing dev Minibatch:    4
02/25/2021 13:51:46 - INFO - __main__ -   
Labels 	Prec. 	Recall	F1    	Supp  
Denial 	0.6484	0.7204	0.6825	279
Support	0.5590	0.7543	0.6421	289
Comment	0.6383	0.3614	0.4615	249
Queries	0.7692	0.2703	0.4000	37
MacroF1	0.5465
F1w_avg	0.5922
Acc    	60.8

02/25/2021 13:51:46 - INFO - __main__ -   	EPOCH:  21	MiniBatch:    0
02/25/2021 13:51:47 - INFO - __main__ -   	EPOCH:  21	MiniBatch:    1
02/25/2021 13:51:48 - INFO - __main__ -   	EPOCH:  21	MiniBatch:    2
02/25/2021 13:51:49 - INFO - __main__ -   	EPOCH:  21	MiniBatch:    3
02/25/2021 13:51:50 - INFO - __main__ -   	EPOCH:  21	MiniBatch:    4
02/25/2021 13:51:50 - INFO - __main__ -   	EPOCH:  21	MiniBatch:    5
02/25/2021 13:51:51 - INFO - __main__ -   	EPOCH:  21	MiniBatch:    6
02/25/2021 13:51:52 - INFO - __main__ -   	EPOCH:  21	MiniBatch:    7
02/25/2021 13:51:53 - INFO - __main__ -   	EPOCH:  21	MiniBatch:    8
02/25/2021 13:51:54 - INFO - __main__ -   	EPOCH:  21	MiniBatch:    9
02/25/2021 13:51:54 - INFO - __main__ -   	EPOCH:  21	MiniBatch:   10
02/25/2021 13:51:55 - INFO - __main__ -   	EPOCH:  21	MiniBatch:   11
02/25/2021 13:51:56 - INFO - __main__ -   	EPOCH:  21	MiniBatch:   12
02/25/2021 13:51:57 - INFO - __main__ -   	Testing dev Minibatch:    0
02/25/2021 13:51:57 - INFO - __main__ -   	Testing dev Minibatch:    1
02/25/2021 13:51:58 - INFO - __main__ -   	Testing dev Minibatch:    2
02/25/2021 13:51:58 - INFO - __main__ -   	Testing dev Minibatch:    3
02/25/2021 13:51:58 - INFO - __main__ -   	Testing dev Minibatch:    4
02/25/2021 13:51:58 - INFO - __main__ -   
Labels 	Prec. 	Recall	F1    	Supp  
Denial 	0.5915	0.7527	0.6625	279
Support	0.5916	0.6817	0.6334	289
Comment	0.6433	0.4056	0.4975	249
Queries	0.7778	0.1892	0.3043	37
MacroF1	0.5244
F1w_avg	0.5890
Acc    	60.3

02/25/2021 13:51:59 - INFO - __main__ -   	EPOCH:  22	MiniBatch:    0
02/25/2021 13:51:59 - INFO - __main__ -   	EPOCH:  22	MiniBatch:    1
02/25/2021 13:52:00 - INFO - __main__ -   	EPOCH:  22	MiniBatch:    2
02/25/2021 13:52:01 - INFO - __main__ -   	EPOCH:  22	MiniBatch:    3
02/25/2021 13:52:02 - INFO - __main__ -   	EPOCH:  22	MiniBatch:    4
02/25/2021 13:52:03 - INFO - __main__ -   	EPOCH:  22	MiniBatch:    5
02/25/2021 13:52:04 - INFO - __main__ -   	EPOCH:  22	MiniBatch:    6
02/25/2021 13:52:04 - INFO - __main__ -   	EPOCH:  22	MiniBatch:    7
02/25/2021 13:52:05 - INFO - __main__ -   	EPOCH:  22	MiniBatch:    8
02/25/2021 13:52:06 - INFO - __main__ -   	EPOCH:  22	MiniBatch:    9
02/25/2021 13:52:07 - INFO - __main__ -   	EPOCH:  22	MiniBatch:   10
02/25/2021 13:52:08 - INFO - __main__ -   	EPOCH:  22	MiniBatch:   11
02/25/2021 13:52:09 - INFO - __main__ -   	EPOCH:  22	MiniBatch:   12
02/25/2021 13:52:09 - INFO - __main__ -   	Testing dev Minibatch:    0
02/25/2021 13:52:10 - INFO - __main__ -   	Testing dev Minibatch:    1
02/25/2021 13:52:10 - INFO - __main__ -   	Testing dev Minibatch:    2
02/25/2021 13:52:10 - INFO - __main__ -   	Testing dev Minibatch:    3
02/25/2021 13:52:11 - INFO - __main__ -   	Testing dev Minibatch:    4
02/25/2021 13:52:11 - INFO - __main__ -   
Labels 	Prec. 	Recall	F1    	Supp  
Denial 	0.6110	0.7599	0.6773	279
Support	0.6292	0.5225	0.5709	289
Comment	0.5181	0.5181	0.5181	249
Queries	0.5556	0.2703	0.3636	37
MacroF1	0.5325
F1w_avg	0.5813
Acc    	58.8

02/25/2021 13:52:11 - INFO - __main__ -   	EPOCH:  23	MiniBatch:    0
02/25/2021 13:52:12 - INFO - __main__ -   	EPOCH:  23	MiniBatch:    1
02/25/2021 13:52:13 - INFO - __main__ -   	EPOCH:  23	MiniBatch:    2
02/25/2021 13:52:13 - INFO - __main__ -   	EPOCH:  23	MiniBatch:    3
02/25/2021 13:52:14 - INFO - __main__ -   	EPOCH:  23	MiniBatch:    4
02/25/2021 13:52:15 - INFO - __main__ -   	EPOCH:  23	MiniBatch:    5
02/25/2021 13:52:16 - INFO - __main__ -   	EPOCH:  23	MiniBatch:    6
02/25/2021 13:52:17 - INFO - __main__ -   	EPOCH:  23	MiniBatch:    7
02/25/2021 13:52:18 - INFO - __main__ -   	EPOCH:  23	MiniBatch:    8
02/25/2021 13:52:18 - INFO - __main__ -   	EPOCH:  23	MiniBatch:    9
02/25/2021 13:52:19 - INFO - __main__ -   	EPOCH:  23	MiniBatch:   10
02/25/2021 13:52:20 - INFO - __main__ -   	EPOCH:  23	MiniBatch:   11
02/25/2021 13:52:21 - INFO - __main__ -   	EPOCH:  23	MiniBatch:   12
02/25/2021 13:52:22 - INFO - __main__ -   	Testing dev Minibatch:    0
02/25/2021 13:52:22 - INFO - __main__ -   	Testing dev Minibatch:    1
02/25/2021 13:52:22 - INFO - __main__ -   	Testing dev Minibatch:    2
02/25/2021 13:52:23 - INFO - __main__ -   	Testing dev Minibatch:    3
02/25/2021 13:52:23 - INFO - __main__ -   	Testing dev Minibatch:    4
02/25/2021 13:52:23 - INFO - __main__ -   
Labels 	Prec. 	Recall	F1    	Supp  
Denial 	0.6656	0.7204	0.6919	279
Support	0.5787	0.7128	0.6388	289
Comment	0.5912	0.4297	0.4977	249
Queries	0.6000	0.2432	0.3462	37
MacroF1	0.5436
F1w_avg	0.6023
Acc    	61.2

02/25/2021 13:52:23 - INFO - __main__ -   	EPOCH:  24	MiniBatch:    0
02/25/2021 13:52:24 - INFO - __main__ -   	EPOCH:  24	MiniBatch:    1
02/25/2021 13:52:25 - INFO - __main__ -   	EPOCH:  24	MiniBatch:    2
02/25/2021 13:52:26 - INFO - __main__ -   	EPOCH:  24	MiniBatch:    3
02/25/2021 13:52:27 - INFO - __main__ -   	EPOCH:  24	MiniBatch:    4
02/25/2021 13:52:27 - INFO - __main__ -   	EPOCH:  24	MiniBatch:    5
02/25/2021 13:52:28 - INFO - __main__ -   	EPOCH:  24	MiniBatch:    6
02/25/2021 13:52:29 - INFO - __main__ -   	EPOCH:  24	MiniBatch:    7
02/25/2021 13:52:30 - INFO - __main__ -   	EPOCH:  24	MiniBatch:    8
02/25/2021 13:52:31 - INFO - __main__ -   	EPOCH:  24	MiniBatch:    9
02/25/2021 13:52:32 - INFO - __main__ -   	EPOCH:  24	MiniBatch:   10
02/25/2021 13:52:32 - INFO - __main__ -   	EPOCH:  24	MiniBatch:   11
02/25/2021 13:52:33 - INFO - __main__ -   	EPOCH:  24	MiniBatch:   12
02/25/2021 13:52:34 - INFO - __main__ -   	Testing dev Minibatch:    0
02/25/2021 13:52:34 - INFO - __main__ -   	Testing dev Minibatch:    1
02/25/2021 13:52:35 - INFO - __main__ -   	Testing dev Minibatch:    2
02/25/2021 13:52:35 - INFO - __main__ -   	Testing dev Minibatch:    3
02/25/2021 13:52:35 - INFO - __main__ -   	Testing dev Minibatch:    4
02/25/2021 13:52:36 - INFO - __main__ -   
Labels 	Prec. 	Recall	F1    	Supp  
Denial 	0.6322	0.7455	0.6842	279
Support	0.5806	0.6851	0.6286	289
Comment	0.6000	0.4217	0.4953	249
Queries	0.6667	0.1622	0.2609	37
MacroF1	0.5172
F1w_avg	0.5920
Acc    	60.5

02/25/2021 13:52:36 - INFO - __main__ -   	EPOCH:  25	MiniBatch:    0
02/25/2021 13:52:37 - INFO - __main__ -   	EPOCH:  25	MiniBatch:    1
02/25/2021 13:52:37 - INFO - __main__ -   	EPOCH:  25	MiniBatch:    2
02/25/2021 13:52:38 - INFO - __main__ -   	EPOCH:  25	MiniBatch:    3
02/25/2021 13:52:39 - INFO - __main__ -   	EPOCH:  25	MiniBatch:    4
02/25/2021 13:52:40 - INFO - __main__ -   	EPOCH:  25	MiniBatch:    5
02/25/2021 13:52:41 - INFO - __main__ -   	EPOCH:  25	MiniBatch:    6
02/25/2021 13:52:41 - INFO - __main__ -   	EPOCH:  25	MiniBatch:    7
02/25/2021 13:52:42 - INFO - __main__ -   	EPOCH:  25	MiniBatch:    8
02/25/2021 13:52:43 - INFO - __main__ -   	EPOCH:  25	MiniBatch:    9
02/25/2021 13:52:44 - INFO - __main__ -   	EPOCH:  25	MiniBatch:   10
02/25/2021 13:52:45 - INFO - __main__ -   	EPOCH:  25	MiniBatch:   11
02/25/2021 13:52:46 - INFO - __main__ -   	EPOCH:  25	MiniBatch:   12
02/25/2021 13:52:47 - INFO - __main__ -   	Testing dev Minibatch:    0
02/25/2021 13:52:47 - INFO - __main__ -   	Testing dev Minibatch:    1
02/25/2021 13:52:47 - INFO - __main__ -   	Testing dev Minibatch:    2
02/25/2021 13:52:47 - INFO - __main__ -   	Testing dev Minibatch:    3
02/25/2021 13:52:48 - INFO - __main__ -   	Testing dev Minibatch:    4
02/25/2021 13:52:48 - INFO - __main__ -   
Labels 	Prec. 	Recall	F1    	Supp  
Denial 	0.5972	0.7599	0.6688	279
Support	0.5884	0.6678	0.6256	289
Comment	0.6188	0.3976	0.4841	249
Queries	0.6364	0.1892	0.2917	37
MacroF1	0.5175
F1w_avg	0.5840
Acc    	59.8

02/25/2021 13:52:48 - INFO - __main__ -   	EPOCH:  26	MiniBatch:    0
02/25/2021 13:52:49 - INFO - __main__ -   	EPOCH:  26	MiniBatch:    1
02/25/2021 13:52:50 - INFO - __main__ -   	EPOCH:  26	MiniBatch:    2
02/25/2021 13:52:51 - INFO - __main__ -   	EPOCH:  26	MiniBatch:    3
02/25/2021 13:52:51 - INFO - __main__ -   	EPOCH:  26	MiniBatch:    4
02/25/2021 13:52:52 - INFO - __main__ -   	EPOCH:  26	MiniBatch:    5
02/25/2021 13:52:53 - INFO - __main__ -   	EPOCH:  26	MiniBatch:    6
02/25/2021 13:52:54 - INFO - __main__ -   	EPOCH:  26	MiniBatch:    7
02/25/2021 13:52:55 - INFO - __main__ -   	EPOCH:  26	MiniBatch:    8
02/25/2021 13:52:56 - INFO - __main__ -   	EPOCH:  26	MiniBatch:    9
02/25/2021 13:52:56 - INFO - __main__ -   	EPOCH:  26	MiniBatch:   10
02/25/2021 13:52:57 - INFO - __main__ -   	EPOCH:  26	MiniBatch:   11
02/25/2021 13:52:58 - INFO - __main__ -   	EPOCH:  26	MiniBatch:   12
02/25/2021 13:52:59 - INFO - __main__ -   	Testing dev Minibatch:    0
02/25/2021 13:52:59 - INFO - __main__ -   	Testing dev Minibatch:    1
02/25/2021 13:52:59 - INFO - __main__ -   	Testing dev Minibatch:    2
02/25/2021 13:53:00 - INFO - __main__ -   	Testing dev Minibatch:    3
02/25/2021 13:53:00 - INFO - __main__ -   	Testing dev Minibatch:    4
02/25/2021 13:53:00 - INFO - __main__ -   
Labels 	Prec. 	Recall	F1    	Supp  
Denial 	0.6053	0.7419	0.6667	279
Support	0.5603	0.7232	0.6314	289
Comment	0.6240	0.3133	0.4171	249
Queries	0.5714	0.2162	0.3137	37
MacroF1	0.5072
F1w_avg	0.5667
Acc    	58.8

02/25/2021 13:53:00 - INFO - __main__ -   	EPOCH:  27	MiniBatch:    0
02/25/2021 13:53:01 - INFO - __main__ -   	EPOCH:  27	MiniBatch:    1
02/25/2021 13:53:02 - INFO - __main__ -   	EPOCH:  27	MiniBatch:    2
02/25/2021 13:53:03 - INFO - __main__ -   	EPOCH:  27	MiniBatch:    3
02/25/2021 13:53:04 - INFO - __main__ -   	EPOCH:  27	MiniBatch:    4
02/25/2021 13:53:05 - INFO - __main__ -   	EPOCH:  27	MiniBatch:    5
02/25/2021 13:53:05 - INFO - __main__ -   	EPOCH:  27	MiniBatch:    6
02/25/2021 13:53:06 - INFO - __main__ -   	EPOCH:  27	MiniBatch:    7
02/25/2021 13:53:07 - INFO - __main__ -   	EPOCH:  27	MiniBatch:    8
02/25/2021 13:53:08 - INFO - __main__ -   	EPOCH:  27	MiniBatch:    9
02/25/2021 13:53:09 - INFO - __main__ -   	EPOCH:  27	MiniBatch:   10
02/25/2021 13:53:09 - INFO - __main__ -   	EPOCH:  27	MiniBatch:   11
02/25/2021 13:53:10 - INFO - __main__ -   	EPOCH:  27	MiniBatch:   12
02/25/2021 13:53:11 - INFO - __main__ -   	Testing dev Minibatch:    0
02/25/2021 13:53:12 - INFO - __main__ -   	Testing dev Minibatch:    1
02/25/2021 13:53:12 - INFO - __main__ -   	Testing dev Minibatch:    2
02/25/2021 13:53:12 - INFO - __main__ -   	Testing dev Minibatch:    3
02/25/2021 13:53:12 - INFO - __main__ -   	Testing dev Minibatch:    4
02/25/2021 13:53:13 - INFO - __main__ -   
Labels 	Prec. 	Recall	F1    	Supp  
Denial 	0.5907	0.7706	0.6687	279
Support	0.5791	0.6713	0.6218	289
Comment	0.6111	0.3534	0.4478	249
Queries	0.6364	0.1892	0.2917	37
MacroF1	0.5075
F1w_avg	0.5721
Acc    	59.0

02/25/2021 13:53:13 - INFO - __main__ -   	EPOCH:  28	MiniBatch:    0
02/25/2021 13:53:14 - INFO - __main__ -   	EPOCH:  28	MiniBatch:    1
02/25/2021 13:53:14 - INFO - __main__ -   	EPOCH:  28	MiniBatch:    2
02/25/2021 13:53:15 - INFO - __main__ -   	EPOCH:  28	MiniBatch:    3
02/25/2021 13:53:16 - INFO - __main__ -   	EPOCH:  28	MiniBatch:    4
02/25/2021 13:53:17 - INFO - __main__ -   	EPOCH:  28	MiniBatch:    5
02/25/2021 13:53:18 - INFO - __main__ -   	EPOCH:  28	MiniBatch:    6
02/25/2021 13:53:19 - INFO - __main__ -   	EPOCH:  28	MiniBatch:    7
02/25/2021 13:53:19 - INFO - __main__ -   	EPOCH:  28	MiniBatch:    8
02/25/2021 13:53:20 - INFO - __main__ -   	EPOCH:  28	MiniBatch:    9
02/25/2021 13:53:21 - INFO - __main__ -   	EPOCH:  28	MiniBatch:   10
02/25/2021 13:53:22 - INFO - __main__ -   	EPOCH:  28	MiniBatch:   11
02/25/2021 13:53:23 - INFO - __main__ -   	EPOCH:  28	MiniBatch:   12
02/25/2021 13:53:24 - INFO - __main__ -   	Testing dev Minibatch:    0
02/25/2021 13:53:24 - INFO - __main__ -   	Testing dev Minibatch:    1
02/25/2021 13:53:24 - INFO - __main__ -   	Testing dev Minibatch:    2
02/25/2021 13:53:24 - INFO - __main__ -   	Testing dev Minibatch:    3
02/25/2021 13:53:25 - INFO - __main__ -   	Testing dev Minibatch:    4
02/25/2021 13:53:25 - INFO - __main__ -   
Labels 	Prec. 	Recall	F1    	Supp  
Denial 	0.6138	0.7348	0.6688	279
Support	0.5829	0.7059	0.6385	289
Comment	0.6387	0.3976	0.4901	249
Queries	0.6000	0.2432	0.3462	37
MacroF1	0.5359
F1w_avg	0.5925
Acc    	60.5

02/25/2021 13:53:25 - INFO - __main__ -   No improvements in F1 for 20 epochs
02/25/2021 13:53:26 - INFO - __main__ -   	Testing test Minibatch:    0
02/25/2021 13:53:26 - INFO - __main__ -   	Testing test Minibatch:    1
02/25/2021 13:53:26 - INFO - __main__ -   	Testing test Minibatch:    2
02/25/2021 13:53:27 - INFO - __main__ -   	Testing test Minibatch:    3
02/25/2021 13:53:27 - INFO - __main__ -   	Testing test Minibatch:    4
02/25/2021 13:53:27 - INFO - __main__ -   
Labels 	Prec. 	Recall	F1    	Supp  
Denial 	0.6585	0.7700	0.7099	313
Support	0.5766	0.5985	0.5874	264
Comment	0.5641	0.4418	0.4955	249
Queries	0.5263	0.3571	0.4255	28
MacroF1	0.5546
F1w_avg	0.6002
Acc    	60.8

02/25/2021 13:53:27 - INFO - __main__ -   Time taken: 0h 6m 21s
