03/05/2021 09:47:20 - INFO - __main__ -   ----------------- Hyperparameters ------------------
03/05/2021 09:47:20 - INFO - __main__ -   ======== mtt_Bertweet =========
03/05/2021 09:47:20 - INFO - __main__ -   ===== Hyperparameters ======
03/05/2021 09:47:20 - INFO - __main__ -   ('batch_train', 100)
03/05/2021 09:47:20 - INFO - __main__ -   ('batch_test', 300)
03/05/2021 09:47:20 - INFO - __main__ -   ('epochs', 200)
03/05/2021 09:47:20 - INFO - __main__ -   ('learning_rate', 4e-05)
03/05/2021 09:47:20 - INFO - __main__ -   ('optimizer', 'adam')
03/05/2021 09:47:20 - INFO - __main__ -   ('do_train', True)
03/05/2021 09:47:20 - INFO - __main__ -   ('do_test', True)
03/05/2021 09:47:20 - INFO - __main__ -   ('model_name', 'mtt_Bertweet')
03/05/2021 09:47:20 - INFO - __main__ -   ('exp_name', 'exp16')
03/05/2021 09:47:20 - INFO - __main__ -   ('train_data', './data/train_set_128_w_length_bertweet.bin')
03/05/2021 09:47:20 - INFO - __main__ -   ('test_data', './data/test_set_128_w_length_bertweet.bin')
03/05/2021 09:47:20 - INFO - __main__ -   ('k_folds', 4)
03/05/2021 09:47:20 - INFO - __main__ -   ('folds2run', 1)
03/05/2021 09:47:20 - INFO - __main__ -   ('debug', False)
03/05/2021 09:47:20 - INFO - __main__ -   ('log_interval', 1)
03/05/2021 09:47:20 - INFO - __main__ -   ('loss_fn', 'ce_loss')
03/05/2021 09:47:20 - INFO - __main__ -   ('w_sample', True)
03/05/2021 09:47:20 - INFO - __main__ -   ('pretrain_model', '')
03/05/2021 09:47:20 - INFO - __main__ -   ('epochs2giveup', 20)
03/05/2021 09:47:20 - INFO - __main__ -   ('dropout', 0.1)
03/05/2021 09:47:20 - INFO - __main__ -   ('viral_attr', 'retweets')
03/05/2021 09:47:20 - INFO - __main__ -   ('viral_threshold', 70.0)
03/05/2021 09:47:20 - INFO - __main__ -   ('weight_attr', 'stance')
03/05/2021 09:47:20 - INFO - __main__ -   ('task', 'multi')
03/05/2021 09:47:20 - INFO - __main__ -   ('mtt_weight', 2.0)
03/05/2021 09:47:20 - INFO - __main__ -   ------------------ Getting model -------------------
03/05/2021 09:47:26 - INFO - __main__ -   --------------- Getting dataframes -----------------
03/05/2021 09:47:26 - INFO - __main__ -   ------- Setting loss function and optimizer --------
03/05/2021 09:47:26 - INFO - __main__ -   ------------ Converting to dataloaders -------------
03/05/2021 09:47:26 - INFO - __main__ -   class:    0 	count:  752
03/05/2021 09:47:26 - INFO - __main__ -   class:    1 	count:  616
03/05/2021 09:47:26 - INFO - __main__ -   class:    2 	count:  631
03/05/2021 09:47:26 - INFO - __main__ -   class:    3 	count:   76
03/05/2021 09:47:26 - INFO - __main__ -   ---------------- Starting training -----------------
03/05/2021 09:47:26 - INFO - __main__ -   	EPOCH:   0	MiniBatch:    0
03/05/2021 09:47:27 - INFO - __main__ -   	EPOCH:   0	MiniBatch:    1
03/05/2021 09:47:28 - INFO - __main__ -   	EPOCH:   0	MiniBatch:    2
03/05/2021 09:47:29 - INFO - __main__ -   	EPOCH:   0	MiniBatch:    3
03/05/2021 09:47:29 - INFO - __main__ -   	EPOCH:   0	MiniBatch:    4
03/05/2021 09:47:30 - INFO - __main__ -   	EPOCH:   0	MiniBatch:    5
03/05/2021 09:47:31 - INFO - __main__ -   	EPOCH:   0	MiniBatch:    6
03/05/2021 09:47:31 - INFO - __main__ -   	EPOCH:   0	MiniBatch:    7
03/05/2021 09:47:32 - INFO - __main__ -   	EPOCH:   0	MiniBatch:    8
03/05/2021 09:47:33 - INFO - __main__ -   	EPOCH:   0	MiniBatch:    9
03/05/2021 09:47:34 - INFO - __main__ -   	EPOCH:   0	MiniBatch:   10
03/05/2021 09:47:34 - INFO - __main__ -   	EPOCH:   0	MiniBatch:   11
03/05/2021 09:47:35 - INFO - __main__ -   	EPOCH:   0	MiniBatch:   12
03/05/2021 09:47:36 - INFO - __main__ -   	EPOCH:   0	MiniBatch:   13
03/05/2021 09:47:36 - INFO - __main__ -   	EPOCH:   0	MiniBatch:   14
03/05/2021 09:47:37 - INFO - __main__ -   	EPOCH:   0	MiniBatch:   15
03/05/2021 09:47:38 - INFO - __main__ -   	EPOCH:   0	MiniBatch:   16
03/05/2021 09:47:38 - INFO - __main__ -   	EPOCH:   0	MiniBatch:   17
03/05/2021 09:47:39 - INFO - __main__ -   	EPOCH:   0	MiniBatch:   18
03/05/2021 09:47:40 - INFO - __main__ -   	EPOCH:   0	MiniBatch:   19
03/05/2021 09:47:40 - INFO - __main__ -   	EPOCH:   0	MiniBatch:   20
03/05/2021 09:47:41 - INFO - __main__ -   	Testing dev Minibatch:    0
03/05/2021 09:47:42 - INFO - __main__ -   	Testing dev Minibatch:    1
03/05/2021 09:47:43 - INFO - __main__ -   	Testing dev Minibatch:    2
03/05/2021 09:47:43 - INFO - __main__ -   
============ Predict Tweet Stance ============
Labels 	Prec. 	Recall	F1    	Supp  
Denial 	0.4137	0.7729	0.5390	273
Support	0.0000	0.0000	0.0000	204
Comment	0.6000	0.0625	0.1132	192
Queries	0.0311	0.2273	0.0546	22
MacroF1	0.1767
F1w_avg	0.2461
Acc    	33.0

============ Predict Viral Tweets ============
Labels 	Prec. 	Recall	F1    	Supp  
N_viral	0.7010	1.0000	0.8242	483
Viral  	1.0000	0.0096	0.0190	208
MacroF1	0.4216
F1w_avg	0.5819
Acc    	70.2

03/05/2021 09:47:43 - INFO - __main__ -   Best results so far. Saving model...
03/05/2021 09:47:45 - INFO - __main__ -   	EPOCH:   1	MiniBatch:    0
03/05/2021 09:47:45 - INFO - __main__ -   	EPOCH:   1	MiniBatch:    1
03/05/2021 09:47:46 - INFO - __main__ -   	EPOCH:   1	MiniBatch:    2
03/05/2021 09:47:47 - INFO - __main__ -   	EPOCH:   1	MiniBatch:    3
03/05/2021 09:47:48 - INFO - __main__ -   	EPOCH:   1	MiniBatch:    4
03/05/2021 09:47:48 - INFO - __main__ -   	EPOCH:   1	MiniBatch:    5
03/05/2021 09:47:49 - INFO - __main__ -   	EPOCH:   1	MiniBatch:    6
03/05/2021 09:47:50 - INFO - __main__ -   	EPOCH:   1	MiniBatch:    7
03/05/2021 09:47:50 - INFO - __main__ -   	EPOCH:   1	MiniBatch:    8
03/05/2021 09:47:51 - INFO - __main__ -   	EPOCH:   1	MiniBatch:    9
03/05/2021 09:47:52 - INFO - __main__ -   	EPOCH:   1	MiniBatch:   10
03/05/2021 09:47:52 - INFO - __main__ -   	EPOCH:   1	MiniBatch:   11
03/05/2021 09:47:53 - INFO - __main__ -   	EPOCH:   1	MiniBatch:   12
03/05/2021 09:47:54 - INFO - __main__ -   	EPOCH:   1	MiniBatch:   13
03/05/2021 09:47:55 - INFO - __main__ -   	EPOCH:   1	MiniBatch:   14
03/05/2021 09:47:55 - INFO - __main__ -   	EPOCH:   1	MiniBatch:   15
03/05/2021 09:47:56 - INFO - __main__ -   	EPOCH:   1	MiniBatch:   16
03/05/2021 09:47:57 - INFO - __main__ -   	EPOCH:   1	MiniBatch:   17
03/05/2021 09:47:57 - INFO - __main__ -   	EPOCH:   1	MiniBatch:   18
03/05/2021 09:47:58 - INFO - __main__ -   	EPOCH:   1	MiniBatch:   19
03/05/2021 09:47:59 - INFO - __main__ -   	EPOCH:   1	MiniBatch:   20
03/05/2021 09:48:00 - INFO - __main__ -   	Testing dev Minibatch:    0
03/05/2021 09:48:00 - INFO - __main__ -   	Testing dev Minibatch:    1
03/05/2021 09:48:01 - INFO - __main__ -   	Testing dev Minibatch:    2
03/05/2021 09:48:01 - INFO - __main__ -   
============ Predict Tweet Stance ============
Labels 	Prec. 	Recall	F1    	Supp  
Denial 	0.4723	0.7179	0.5698	273
Support	0.4653	0.2304	0.3082	204
Comment	0.4125	0.1719	0.2426	192
Queries	0.0737	0.3182	0.1197	22
MacroF1	0.3101
F1w_avg	0.3873
Acc    	41.0

============ Predict Viral Tweets ============
Labels 	Prec. 	Recall	F1    	Supp  
N_viral	0.7560	0.8468	0.7988	483
Viral  	0.5067	0.3654	0.4246	208
MacroF1	0.6117
F1w_avg	0.6862
Acc    	70.2

03/05/2021 09:48:01 - INFO - __main__ -   Best results so far. Saving model...
03/05/2021 09:48:03 - INFO - __main__ -   	EPOCH:   2	MiniBatch:    0
03/05/2021 09:48:04 - INFO - __main__ -   	EPOCH:   2	MiniBatch:    1
03/05/2021 09:48:04 - INFO - __main__ -   	EPOCH:   2	MiniBatch:    2
03/05/2021 09:48:05 - INFO - __main__ -   	EPOCH:   2	MiniBatch:    3
03/05/2021 09:48:06 - INFO - __main__ -   	EPOCH:   2	MiniBatch:    4
03/05/2021 09:48:07 - INFO - __main__ -   	EPOCH:   2	MiniBatch:    5
03/05/2021 09:48:07 - INFO - __main__ -   	EPOCH:   2	MiniBatch:    6
03/05/2021 09:48:08 - INFO - __main__ -   	EPOCH:   2	MiniBatch:    7
03/05/2021 09:48:09 - INFO - __main__ -   	EPOCH:   2	MiniBatch:    8
03/05/2021 09:48:09 - INFO - __main__ -   	EPOCH:   2	MiniBatch:    9
03/05/2021 09:48:10 - INFO - __main__ -   	EPOCH:   2	MiniBatch:   10
03/05/2021 09:48:11 - INFO - __main__ -   	EPOCH:   2	MiniBatch:   11
03/05/2021 09:48:11 - INFO - __main__ -   	EPOCH:   2	MiniBatch:   12
03/05/2021 09:48:12 - INFO - __main__ -   	EPOCH:   2	MiniBatch:   13
03/05/2021 09:48:13 - INFO - __main__ -   	EPOCH:   2	MiniBatch:   14
03/05/2021 09:48:14 - INFO - __main__ -   	EPOCH:   2	MiniBatch:   15
03/05/2021 09:48:14 - INFO - __main__ -   	EPOCH:   2	MiniBatch:   16
03/05/2021 09:48:15 - INFO - __main__ -   	EPOCH:   2	MiniBatch:   17
03/05/2021 09:48:16 - INFO - __main__ -   	EPOCH:   2	MiniBatch:   18
03/05/2021 09:48:16 - INFO - __main__ -   	EPOCH:   2	MiniBatch:   19
03/05/2021 09:48:17 - INFO - __main__ -   	EPOCH:   2	MiniBatch:   20
03/05/2021 09:48:18 - INFO - __main__ -   	Testing dev Minibatch:    0
03/05/2021 09:48:18 - INFO - __main__ -   	Testing dev Minibatch:    1
03/05/2021 09:48:19 - INFO - __main__ -   	Testing dev Minibatch:    2
03/05/2021 09:48:19 - INFO - __main__ -   
============ Predict Tweet Stance ============
Labels 	Prec. 	Recall	F1    	Supp  
Denial 	0.5317	0.3993	0.4561	273
Support	0.3953	0.4902	0.4376	204
Comment	0.4029	0.2917	0.3384	192
Queries	0.1277	0.5455	0.2069	22
MacroF1	0.3597
F1w_avg	0.4100
Acc    	40.1

============ Predict Viral Tweets ============
Labels 	Prec. 	Recall	F1    	Supp  
N_viral	0.7818	0.8012	0.7914	483
Viral  	0.5102	0.4808	0.4950	208
MacroF1	0.6432
F1w_avg	0.7022
Acc    	70.5

03/05/2021 09:48:19 - INFO - __main__ -   Best results so far. Saving model...
03/05/2021 09:48:21 - INFO - __main__ -   	EPOCH:   3	MiniBatch:    0
03/05/2021 09:48:22 - INFO - __main__ -   	EPOCH:   3	MiniBatch:    1
03/05/2021 09:48:23 - INFO - __main__ -   	EPOCH:   3	MiniBatch:    2
03/05/2021 09:48:23 - INFO - __main__ -   	EPOCH:   3	MiniBatch:    3
03/05/2021 09:48:24 - INFO - __main__ -   	EPOCH:   3	MiniBatch:    4
03/05/2021 09:48:25 - INFO - __main__ -   	EPOCH:   3	MiniBatch:    5
03/05/2021 09:48:25 - INFO - __main__ -   	EPOCH:   3	MiniBatch:    6
03/05/2021 09:48:26 - INFO - __main__ -   	EPOCH:   3	MiniBatch:    7
03/05/2021 09:48:27 - INFO - __main__ -   	EPOCH:   3	MiniBatch:    8
03/05/2021 09:48:28 - INFO - __main__ -   	EPOCH:   3	MiniBatch:    9
03/05/2021 09:48:28 - INFO - __main__ -   	EPOCH:   3	MiniBatch:   10
03/05/2021 09:48:29 - INFO - __main__ -   	EPOCH:   3	MiniBatch:   11
03/05/2021 09:48:30 - INFO - __main__ -   	EPOCH:   3	MiniBatch:   12
03/05/2021 09:48:30 - INFO - __main__ -   	EPOCH:   3	MiniBatch:   13
03/05/2021 09:48:31 - INFO - __main__ -   	EPOCH:   3	MiniBatch:   14
03/05/2021 09:48:32 - INFO - __main__ -   	EPOCH:   3	MiniBatch:   15
03/05/2021 09:48:32 - INFO - __main__ -   	EPOCH:   3	MiniBatch:   16
03/05/2021 09:48:33 - INFO - __main__ -   	EPOCH:   3	MiniBatch:   17
03/05/2021 09:48:34 - INFO - __main__ -   	EPOCH:   3	MiniBatch:   18
03/05/2021 09:48:35 - INFO - __main__ -   	EPOCH:   3	MiniBatch:   19
03/05/2021 09:48:35 - INFO - __main__ -   	EPOCH:   3	MiniBatch:   20
03/05/2021 09:48:36 - INFO - __main__ -   	Testing dev Minibatch:    0
03/05/2021 09:48:37 - INFO - __main__ -   	Testing dev Minibatch:    1
03/05/2021 09:48:37 - INFO - __main__ -   	Testing dev Minibatch:    2
03/05/2021 09:48:38 - INFO - __main__ -   
============ Predict Tweet Stance ============
Labels 	Prec. 	Recall	F1    	Supp  
Denial 	0.5882	0.4396	0.5031	273
Support	0.4698	0.5343	0.5000	204
Comment	0.4465	0.5000	0.4717	192
Queries	0.3000	0.5455	0.3871	22
MacroF1	0.4655
F1w_avg	0.4898
Acc    	48.8

============ Predict Viral Tweets ============
Labels 	Prec. 	Recall	F1    	Supp  
N_viral	0.7610	0.8240	0.7913	483
Viral  	0.4940	0.3990	0.4415	208
MacroF1	0.6164
F1w_avg	0.6860
Acc    	69.6

03/05/2021 09:48:38 - INFO - __main__ -   Best results so far. Saving model...
03/05/2021 09:48:39 - INFO - __main__ -   	EPOCH:   4	MiniBatch:    0
03/05/2021 09:48:40 - INFO - __main__ -   	EPOCH:   4	MiniBatch:    1
03/05/2021 09:48:41 - INFO - __main__ -   	EPOCH:   4	MiniBatch:    2
03/05/2021 09:48:42 - INFO - __main__ -   	EPOCH:   4	MiniBatch:    3
03/05/2021 09:48:42 - INFO - __main__ -   	EPOCH:   4	MiniBatch:    4
03/05/2021 09:48:43 - INFO - __main__ -   	EPOCH:   4	MiniBatch:    5
03/05/2021 09:48:44 - INFO - __main__ -   	EPOCH:   4	MiniBatch:    6
03/05/2021 09:48:44 - INFO - __main__ -   	EPOCH:   4	MiniBatch:    7
03/05/2021 09:48:45 - INFO - __main__ -   	EPOCH:   4	MiniBatch:    8
03/05/2021 09:48:46 - INFO - __main__ -   	EPOCH:   4	MiniBatch:    9
03/05/2021 09:48:47 - INFO - __main__ -   	EPOCH:   4	MiniBatch:   10
03/05/2021 09:48:47 - INFO - __main__ -   	EPOCH:   4	MiniBatch:   11
03/05/2021 09:48:48 - INFO - __main__ -   	EPOCH:   4	MiniBatch:   12
03/05/2021 09:48:49 - INFO - __main__ -   	EPOCH:   4	MiniBatch:   13
03/05/2021 09:48:49 - INFO - __main__ -   	EPOCH:   4	MiniBatch:   14
03/05/2021 09:48:50 - INFO - __main__ -   	EPOCH:   4	MiniBatch:   15
03/05/2021 09:48:51 - INFO - __main__ -   	EPOCH:   4	MiniBatch:   16
03/05/2021 09:48:51 - INFO - __main__ -   	EPOCH:   4	MiniBatch:   17
03/05/2021 09:48:52 - INFO - __main__ -   	EPOCH:   4	MiniBatch:   18
03/05/2021 09:48:53 - INFO - __main__ -   	EPOCH:   4	MiniBatch:   19
03/05/2021 09:48:54 - INFO - __main__ -   	EPOCH:   4	MiniBatch:   20
03/05/2021 09:48:54 - INFO - __main__ -   	Testing dev Minibatch:    0
03/05/2021 09:48:55 - INFO - __main__ -   	Testing dev Minibatch:    1
03/05/2021 09:48:56 - INFO - __main__ -   	Testing dev Minibatch:    2
03/05/2021 09:48:56 - INFO - __main__ -   
============ Predict Tweet Stance ============
Labels 	Prec. 	Recall	F1    	Supp  
Denial 	0.6333	0.6264	0.6298	273
Support	0.4495	0.6765	0.5401	204
Comment	0.6098	0.2604	0.3650	192
Queries	0.2812	0.4091	0.3333	22
MacroF1	0.4671
F1w_avg	0.5203
Acc    	53.3

============ Predict Viral Tweets ============
Labels 	Prec. 	Recall	F1    	Supp  
N_viral	0.8095	0.6687	0.7324	483
Viral  	0.4521	0.6346	0.5280	208
MacroF1	0.6302
F1w_avg	0.6709
Acc    	65.8

03/05/2021 09:48:56 - INFO - __main__ -   Best results so far. Saving model...
03/05/2021 09:48:58 - INFO - __main__ -   	EPOCH:   5	MiniBatch:    0
03/05/2021 09:48:58 - INFO - __main__ -   	EPOCH:   5	MiniBatch:    1
03/05/2021 09:48:59 - INFO - __main__ -   	EPOCH:   5	MiniBatch:    2
03/05/2021 09:49:00 - INFO - __main__ -   	EPOCH:   5	MiniBatch:    3
03/05/2021 09:49:01 - INFO - __main__ -   	EPOCH:   5	MiniBatch:    4
03/05/2021 09:49:01 - INFO - __main__ -   	EPOCH:   5	MiniBatch:    5
03/05/2021 09:49:02 - INFO - __main__ -   	EPOCH:   5	MiniBatch:    6
03/05/2021 09:49:03 - INFO - __main__ -   	EPOCH:   5	MiniBatch:    7
03/05/2021 09:49:03 - INFO - __main__ -   	EPOCH:   5	MiniBatch:    8
03/05/2021 09:49:04 - INFO - __main__ -   	EPOCH:   5	MiniBatch:    9
03/05/2021 09:49:05 - INFO - __main__ -   	EPOCH:   5	MiniBatch:   10
03/05/2021 09:49:05 - INFO - __main__ -   	EPOCH:   5	MiniBatch:   11
03/05/2021 09:49:06 - INFO - __main__ -   	EPOCH:   5	MiniBatch:   12
03/05/2021 09:49:07 - INFO - __main__ -   	EPOCH:   5	MiniBatch:   13
03/05/2021 09:49:08 - INFO - __main__ -   	EPOCH:   5	MiniBatch:   14
03/05/2021 09:49:08 - INFO - __main__ -   	EPOCH:   5	MiniBatch:   15
03/05/2021 09:49:09 - INFO - __main__ -   	EPOCH:   5	MiniBatch:   16
03/05/2021 09:49:10 - INFO - __main__ -   	EPOCH:   5	MiniBatch:   17
03/05/2021 09:49:10 - INFO - __main__ -   	EPOCH:   5	MiniBatch:   18
03/05/2021 09:49:11 - INFO - __main__ -   	EPOCH:   5	MiniBatch:   19
03/05/2021 09:49:12 - INFO - __main__ -   	EPOCH:   5	MiniBatch:   20
03/05/2021 09:49:12 - INFO - __main__ -   	Testing dev Minibatch:    0
03/05/2021 09:49:13 - INFO - __main__ -   	Testing dev Minibatch:    1
03/05/2021 09:49:14 - INFO - __main__ -   	Testing dev Minibatch:    2
03/05/2021 09:49:14 - INFO - __main__ -   
============ Predict Tweet Stance ============
Labels 	Prec. 	Recall	F1    	Supp  
Denial 	0.6838	0.6813	0.6826	273
Support	0.5277	0.6078	0.5649	204
Comment	0.5350	0.4375	0.4814	192
Queries	0.2963	0.3636	0.3265	22
MacroF1	0.5138
F1w_avg	0.5806
Acc    	58.2

============ Predict Viral Tweets ============
Labels 	Prec. 	Recall	F1    	Supp  
N_viral	0.8000	0.6708	0.7297	483
Viral  	0.4441	0.6106	0.5142	208
MacroF1	0.6219
F1w_avg	0.6648
Acc    	65.3

03/05/2021 09:49:14 - INFO - __main__ -   Best results so far. Saving model...
03/05/2021 09:49:16 - INFO - __main__ -   	EPOCH:   6	MiniBatch:    0
03/05/2021 09:49:17 - INFO - __main__ -   	EPOCH:   6	MiniBatch:    1
03/05/2021 09:49:17 - INFO - __main__ -   	EPOCH:   6	MiniBatch:    2
03/05/2021 09:49:18 - INFO - __main__ -   	EPOCH:   6	MiniBatch:    3
03/05/2021 09:49:19 - INFO - __main__ -   	EPOCH:   6	MiniBatch:    4
03/05/2021 09:49:19 - INFO - __main__ -   	EPOCH:   6	MiniBatch:    5
03/05/2021 09:49:20 - INFO - __main__ -   	EPOCH:   6	MiniBatch:    6
03/05/2021 09:49:21 - INFO - __main__ -   	EPOCH:   6	MiniBatch:    7
03/05/2021 09:49:22 - INFO - __main__ -   	EPOCH:   6	MiniBatch:    8
03/05/2021 09:49:22 - INFO - __main__ -   	EPOCH:   6	MiniBatch:    9
03/05/2021 09:49:23 - INFO - __main__ -   	EPOCH:   6	MiniBatch:   10
03/05/2021 09:49:24 - INFO - __main__ -   	EPOCH:   6	MiniBatch:   11
03/05/2021 09:49:24 - INFO - __main__ -   	EPOCH:   6	MiniBatch:   12
03/05/2021 09:49:25 - INFO - __main__ -   	EPOCH:   6	MiniBatch:   13
03/05/2021 09:49:26 - INFO - __main__ -   	EPOCH:   6	MiniBatch:   14
03/05/2021 09:49:27 - INFO - __main__ -   	EPOCH:   6	MiniBatch:   15
03/05/2021 09:49:27 - INFO - __main__ -   	EPOCH:   6	MiniBatch:   16
03/05/2021 09:49:28 - INFO - __main__ -   	EPOCH:   6	MiniBatch:   17
03/05/2021 09:49:29 - INFO - __main__ -   	EPOCH:   6	MiniBatch:   18
03/05/2021 09:49:29 - INFO - __main__ -   	EPOCH:   6	MiniBatch:   19
03/05/2021 09:49:30 - INFO - __main__ -   	EPOCH:   6	MiniBatch:   20
03/05/2021 09:49:31 - INFO - __main__ -   	Testing dev Minibatch:    0
03/05/2021 09:49:31 - INFO - __main__ -   	Testing dev Minibatch:    1
03/05/2021 09:49:32 - INFO - __main__ -   	Testing dev Minibatch:    2
03/05/2021 09:49:32 - INFO - __main__ -   
============ Predict Tweet Stance ============
Labels 	Prec. 	Recall	F1    	Supp  
Denial 	0.6375	0.7729	0.6987	273
Support	0.5714	0.5098	0.5389	204
Comment	0.5430	0.4271	0.4781	192
Queries	0.3333	0.4091	0.3673	22
MacroF1	0.5208
F1w_avg	0.5797
Acc    	58.8

============ Predict Viral Tweets ============
Labels 	Prec. 	Recall	F1    	Supp  
N_viral	0.7435	0.8282	0.7835	483
Viral  	0.4575	0.3365	0.3878	208
MacroF1	0.5857
F1w_avg	0.6644
Acc    	68.0

03/05/2021 09:49:33 - INFO - __main__ -   	EPOCH:   7	MiniBatch:    0
03/05/2021 09:49:33 - INFO - __main__ -   	EPOCH:   7	MiniBatch:    1
03/05/2021 09:49:34 - INFO - __main__ -   	EPOCH:   7	MiniBatch:    2
03/05/2021 09:49:35 - INFO - __main__ -   	EPOCH:   7	MiniBatch:    3
03/05/2021 09:49:35 - INFO - __main__ -   	EPOCH:   7	MiniBatch:    4
03/05/2021 09:49:36 - INFO - __main__ -   	EPOCH:   7	MiniBatch:    5
03/05/2021 09:49:37 - INFO - __main__ -   	EPOCH:   7	MiniBatch:    6
03/05/2021 09:49:38 - INFO - __main__ -   	EPOCH:   7	MiniBatch:    7
03/05/2021 09:49:38 - INFO - __main__ -   	EPOCH:   7	MiniBatch:    8
03/05/2021 09:49:39 - INFO - __main__ -   	EPOCH:   7	MiniBatch:    9
03/05/2021 09:49:40 - INFO - __main__ -   	EPOCH:   7	MiniBatch:   10
03/05/2021 09:49:40 - INFO - __main__ -   	EPOCH:   7	MiniBatch:   11
03/05/2021 09:49:41 - INFO - __main__ -   	EPOCH:   7	MiniBatch:   12
03/05/2021 09:49:42 - INFO - __main__ -   	EPOCH:   7	MiniBatch:   13
03/05/2021 09:49:43 - INFO - __main__ -   	EPOCH:   7	MiniBatch:   14
03/05/2021 09:49:43 - INFO - __main__ -   	EPOCH:   7	MiniBatch:   15
03/05/2021 09:49:44 - INFO - __main__ -   	EPOCH:   7	MiniBatch:   16
03/05/2021 09:49:45 - INFO - __main__ -   	EPOCH:   7	MiniBatch:   17
03/05/2021 09:49:45 - INFO - __main__ -   	EPOCH:   7	MiniBatch:   18
03/05/2021 09:49:46 - INFO - __main__ -   	EPOCH:   7	MiniBatch:   19
03/05/2021 09:49:47 - INFO - __main__ -   	EPOCH:   7	MiniBatch:   20
03/05/2021 09:49:47 - INFO - __main__ -   	Testing dev Minibatch:    0
03/05/2021 09:49:48 - INFO - __main__ -   	Testing dev Minibatch:    1
03/05/2021 09:49:49 - INFO - __main__ -   	Testing dev Minibatch:    2
03/05/2021 09:49:49 - INFO - __main__ -   
============ Predict Tweet Stance ============
Labels 	Prec. 	Recall	F1    	Supp  
Denial 	0.7731	0.6117	0.6830	273
Support	0.5760	0.6127	0.5938	204
Comment	0.4810	0.5938	0.5315	192
Queries	0.2857	0.2727	0.2791	22
MacroF1	0.5218
F1w_avg	0.6017
Acc    	59.6

============ Predict Viral Tweets ============
Labels 	Prec. 	Recall	F1    	Supp  
N_viral	0.7672	0.7847	0.7758	483
Viral  	0.4721	0.4471	0.4593	208
MacroF1	0.6176
F1w_avg	0.6805
Acc    	68.3

03/05/2021 09:49:49 - INFO - __main__ -   	EPOCH:   8	MiniBatch:    0
03/05/2021 09:49:50 - INFO - __main__ -   	EPOCH:   8	MiniBatch:    1
03/05/2021 09:49:51 - INFO - __main__ -   	EPOCH:   8	MiniBatch:    2
03/05/2021 09:49:51 - INFO - __main__ -   	EPOCH:   8	MiniBatch:    3
03/05/2021 09:49:52 - INFO - __main__ -   	EPOCH:   8	MiniBatch:    4
03/05/2021 09:49:53 - INFO - __main__ -   	EPOCH:   8	MiniBatch:    5
03/05/2021 09:49:54 - INFO - __main__ -   	EPOCH:   8	MiniBatch:    6
03/05/2021 09:49:54 - INFO - __main__ -   	EPOCH:   8	MiniBatch:    7
03/05/2021 09:49:55 - INFO - __main__ -   	EPOCH:   8	MiniBatch:    8
03/05/2021 09:49:56 - INFO - __main__ -   	EPOCH:   8	MiniBatch:    9
03/05/2021 09:49:56 - INFO - __main__ -   	EPOCH:   8	MiniBatch:   10
03/05/2021 09:49:57 - INFO - __main__ -   	EPOCH:   8	MiniBatch:   11
03/05/2021 09:49:58 - INFO - __main__ -   	EPOCH:   8	MiniBatch:   12
03/05/2021 09:49:58 - INFO - __main__ -   	EPOCH:   8	MiniBatch:   13
03/05/2021 09:49:59 - INFO - __main__ -   	EPOCH:   8	MiniBatch:   14
03/05/2021 09:50:00 - INFO - __main__ -   	EPOCH:   8	MiniBatch:   15
03/05/2021 09:50:01 - INFO - __main__ -   	EPOCH:   8	MiniBatch:   16
03/05/2021 09:50:01 - INFO - __main__ -   	EPOCH:   8	MiniBatch:   17
03/05/2021 09:50:02 - INFO - __main__ -   	EPOCH:   8	MiniBatch:   18
03/05/2021 09:50:03 - INFO - __main__ -   	EPOCH:   8	MiniBatch:   19
03/05/2021 09:50:03 - INFO - __main__ -   	EPOCH:   8	MiniBatch:   20
03/05/2021 09:50:04 - INFO - __main__ -   	Testing dev Minibatch:    0
03/05/2021 09:50:05 - INFO - __main__ -   	Testing dev Minibatch:    1
03/05/2021 09:50:06 - INFO - __main__ -   	Testing dev Minibatch:    2
03/05/2021 09:50:06 - INFO - __main__ -   
============ Predict Tweet Stance ============
Labels 	Prec. 	Recall	F1    	Supp  
Denial 	0.6384	0.7179	0.6759	273
Support	0.4895	0.5686	0.5261	204
Comment	0.5122	0.3281	0.4000	192
Queries	0.3333	0.3636	0.3478	22
MacroF1	0.4874
F1w_avg	0.5445
Acc    	55.4

============ Predict Viral Tweets ============
Labels 	Prec. 	Recall	F1    	Supp  
N_viral	0.7695	0.7950	0.7821	483
Viral  	0.4844	0.4471	0.4650	208
MacroF1	0.6235
F1w_avg	0.6866
Acc    	69.0

03/05/2021 09:50:06 - INFO - __main__ -   	EPOCH:   9	MiniBatch:    0
03/05/2021 09:50:07 - INFO - __main__ -   	EPOCH:   9	MiniBatch:    1
03/05/2021 09:50:07 - INFO - __main__ -   	EPOCH:   9	MiniBatch:    2
03/05/2021 09:50:08 - INFO - __main__ -   	EPOCH:   9	MiniBatch:    3
03/05/2021 09:50:09 - INFO - __main__ -   	EPOCH:   9	MiniBatch:    4
03/05/2021 09:50:10 - INFO - __main__ -   	EPOCH:   9	MiniBatch:    5
03/05/2021 09:50:10 - INFO - __main__ -   	EPOCH:   9	MiniBatch:    6
03/05/2021 09:50:11 - INFO - __main__ -   	EPOCH:   9	MiniBatch:    7
03/05/2021 09:50:12 - INFO - __main__ -   	EPOCH:   9	MiniBatch:    8
03/05/2021 09:50:12 - INFO - __main__ -   	EPOCH:   9	MiniBatch:    9
03/05/2021 09:50:13 - INFO - __main__ -   	EPOCH:   9	MiniBatch:   10
03/05/2021 09:50:14 - INFO - __main__ -   	EPOCH:   9	MiniBatch:   11
03/05/2021 09:50:15 - INFO - __main__ -   	EPOCH:   9	MiniBatch:   12
03/05/2021 09:50:15 - INFO - __main__ -   	EPOCH:   9	MiniBatch:   13
03/05/2021 09:50:16 - INFO - __main__ -   	EPOCH:   9	MiniBatch:   14
03/05/2021 09:50:17 - INFO - __main__ -   	EPOCH:   9	MiniBatch:   15
03/05/2021 09:50:17 - INFO - __main__ -   	EPOCH:   9	MiniBatch:   16
03/05/2021 09:50:18 - INFO - __main__ -   	EPOCH:   9	MiniBatch:   17
03/05/2021 09:50:19 - INFO - __main__ -   	EPOCH:   9	MiniBatch:   18
03/05/2021 09:50:19 - INFO - __main__ -   	EPOCH:   9	MiniBatch:   19
03/05/2021 09:50:20 - INFO - __main__ -   	EPOCH:   9	MiniBatch:   20
03/05/2021 09:50:21 - INFO - __main__ -   	Testing dev Minibatch:    0
03/05/2021 09:50:22 - INFO - __main__ -   	Testing dev Minibatch:    1
03/05/2021 09:50:22 - INFO - __main__ -   	Testing dev Minibatch:    2
03/05/2021 09:50:23 - INFO - __main__ -   
============ Predict Tweet Stance ============
Labels 	Prec. 	Recall	F1    	Supp  
Denial 	0.5623	0.8425	0.6745	273
Support	0.5714	0.3725	0.4510	204
Comment	0.5299	0.3698	0.4356	192
Queries	0.3333	0.2273	0.2703	22
MacroF1	0.4578
F1w_avg	0.5293
Acc    	55.3

============ Predict Viral Tweets ============
Labels 	Prec. 	Recall	F1    	Supp  
N_viral	0.7486	0.8447	0.7938	483
Viral  	0.4863	0.3413	0.4011	208
MacroF1	0.5975
F1w_avg	0.6756
Acc    	69.3

03/05/2021 09:50:23 - INFO - __main__ -   	EPOCH:  10	MiniBatch:    0
03/05/2021 09:50:24 - INFO - __main__ -   	EPOCH:  10	MiniBatch:    1
03/05/2021 09:50:24 - INFO - __main__ -   	EPOCH:  10	MiniBatch:    2
03/05/2021 09:50:25 - INFO - __main__ -   	EPOCH:  10	MiniBatch:    3
03/05/2021 09:50:26 - INFO - __main__ -   	EPOCH:  10	MiniBatch:    4
03/05/2021 09:50:26 - INFO - __main__ -   	EPOCH:  10	MiniBatch:    5
03/05/2021 09:50:27 - INFO - __main__ -   	EPOCH:  10	MiniBatch:    6
03/05/2021 09:50:28 - INFO - __main__ -   	EPOCH:  10	MiniBatch:    7
03/05/2021 09:50:28 - INFO - __main__ -   	EPOCH:  10	MiniBatch:    8
03/05/2021 09:50:29 - INFO - __main__ -   	EPOCH:  10	MiniBatch:    9
03/05/2021 09:50:30 - INFO - __main__ -   	EPOCH:  10	MiniBatch:   10
03/05/2021 09:50:31 - INFO - __main__ -   	EPOCH:  10	MiniBatch:   11
03/05/2021 09:50:31 - INFO - __main__ -   	EPOCH:  10	MiniBatch:   12
03/05/2021 09:50:32 - INFO - __main__ -   	EPOCH:  10	MiniBatch:   13
03/05/2021 09:50:33 - INFO - __main__ -   	EPOCH:  10	MiniBatch:   14
03/05/2021 09:50:33 - INFO - __main__ -   	EPOCH:  10	MiniBatch:   15
03/05/2021 09:50:34 - INFO - __main__ -   	EPOCH:  10	MiniBatch:   16
03/05/2021 09:50:35 - INFO - __main__ -   	EPOCH:  10	MiniBatch:   17
03/05/2021 09:50:36 - INFO - __main__ -   	EPOCH:  10	MiniBatch:   18
03/05/2021 09:50:36 - INFO - __main__ -   	EPOCH:  10	MiniBatch:   19
03/05/2021 09:50:37 - INFO - __main__ -   	EPOCH:  10	MiniBatch:   20
03/05/2021 09:50:38 - INFO - __main__ -   	Testing dev Minibatch:    0
03/05/2021 09:50:38 - INFO - __main__ -   	Testing dev Minibatch:    1
03/05/2021 09:50:39 - INFO - __main__ -   	Testing dev Minibatch:    2
03/05/2021 09:50:39 - INFO - __main__ -   
============ Predict Tweet Stance ============
Labels 	Prec. 	Recall	F1    	Supp  
Denial 	0.6608	0.6923	0.6762	273
Support	0.5214	0.3578	0.4244	204
Comment	0.4538	0.5885	0.5125	192
Queries	0.4375	0.3182	0.3684	22
MacroF1	0.4954
F1w_avg	0.5466
Acc    	55.3

============ Predict Viral Tweets ============
Labels 	Prec. 	Recall	F1    	Supp  
N_viral	0.7633	0.8012	0.7818	483
Viral  	0.4783	0.4231	0.4490	208
MacroF1	0.6154
F1w_avg	0.6816
Acc    	68.7

03/05/2021 09:50:40 - INFO - __main__ -   	EPOCH:  11	MiniBatch:    0
03/05/2021 09:50:40 - INFO - __main__ -   	EPOCH:  11	MiniBatch:    1
03/05/2021 09:50:41 - INFO - __main__ -   	EPOCH:  11	MiniBatch:    2
03/05/2021 09:50:42 - INFO - __main__ -   	EPOCH:  11	MiniBatch:    3
03/05/2021 09:50:42 - INFO - __main__ -   	EPOCH:  11	MiniBatch:    4
03/05/2021 09:50:43 - INFO - __main__ -   	EPOCH:  11	MiniBatch:    5
03/05/2021 09:50:44 - INFO - __main__ -   	EPOCH:  11	MiniBatch:    6
03/05/2021 09:50:44 - INFO - __main__ -   	EPOCH:  11	MiniBatch:    7
03/05/2021 09:50:45 - INFO - __main__ -   	EPOCH:  11	MiniBatch:    8
03/05/2021 09:50:46 - INFO - __main__ -   	EPOCH:  11	MiniBatch:    9
03/05/2021 09:50:47 - INFO - __main__ -   	EPOCH:  11	MiniBatch:   10
03/05/2021 09:50:47 - INFO - __main__ -   	EPOCH:  11	MiniBatch:   11
03/05/2021 09:50:48 - INFO - __main__ -   	EPOCH:  11	MiniBatch:   12
03/05/2021 09:50:49 - INFO - __main__ -   	EPOCH:  11	MiniBatch:   13
03/05/2021 09:50:49 - INFO - __main__ -   	EPOCH:  11	MiniBatch:   14
03/05/2021 09:50:50 - INFO - __main__ -   	EPOCH:  11	MiniBatch:   15
03/05/2021 09:50:51 - INFO - __main__ -   	EPOCH:  11	MiniBatch:   16
03/05/2021 09:50:52 - INFO - __main__ -   	EPOCH:  11	MiniBatch:   17
03/05/2021 09:50:52 - INFO - __main__ -   	EPOCH:  11	MiniBatch:   18
03/05/2021 09:50:53 - INFO - __main__ -   	EPOCH:  11	MiniBatch:   19
03/05/2021 09:50:54 - INFO - __main__ -   	EPOCH:  11	MiniBatch:   20
03/05/2021 09:50:54 - INFO - __main__ -   	Testing dev Minibatch:    0
03/05/2021 09:50:55 - INFO - __main__ -   	Testing dev Minibatch:    1
03/05/2021 09:50:56 - INFO - __main__ -   	Testing dev Minibatch:    2
03/05/2021 09:50:56 - INFO - __main__ -   
============ Predict Tweet Stance ============
Labels 	Prec. 	Recall	F1    	Supp  
Denial 	0.6448	0.7912	0.7105	273
Support	0.5476	0.3382	0.4182	204
Comment	0.4976	0.5312	0.5139	192
Queries	0.3600	0.4091	0.3830	22
MacroF1	0.5064
F1w_avg	0.5591
Acc    	57.3

============ Predict Viral Tweets ============
Labels 	Prec. 	Recall	F1    	Supp  
N_viral	0.7554	0.8696	0.8085	483
Viral  	0.5333	0.3462	0.4198	208
MacroF1	0.6141
F1w_avg	0.6915
Acc    	71.2

03/05/2021 09:50:56 - INFO - __main__ -   	EPOCH:  12	MiniBatch:    0
03/05/2021 09:50:57 - INFO - __main__ -   	EPOCH:  12	MiniBatch:    1
03/05/2021 09:50:58 - INFO - __main__ -   	EPOCH:  12	MiniBatch:    2
03/05/2021 09:50:58 - INFO - __main__ -   	EPOCH:  12	MiniBatch:    3
03/05/2021 09:50:59 - INFO - __main__ -   	EPOCH:  12	MiniBatch:    4
03/05/2021 09:51:00 - INFO - __main__ -   	EPOCH:  12	MiniBatch:    5
03/05/2021 09:51:00 - INFO - __main__ -   	EPOCH:  12	MiniBatch:    6
03/05/2021 09:51:01 - INFO - __main__ -   	EPOCH:  12	MiniBatch:    7
03/05/2021 09:51:02 - INFO - __main__ -   	EPOCH:  12	MiniBatch:    8
03/05/2021 09:51:03 - INFO - __main__ -   	EPOCH:  12	MiniBatch:    9
03/05/2021 09:51:03 - INFO - __main__ -   	EPOCH:  12	MiniBatch:   10
03/05/2021 09:51:04 - INFO - __main__ -   	EPOCH:  12	MiniBatch:   11
03/05/2021 09:51:05 - INFO - __main__ -   	EPOCH:  12	MiniBatch:   12
03/05/2021 09:51:05 - INFO - __main__ -   	EPOCH:  12	MiniBatch:   13
03/05/2021 09:51:06 - INFO - __main__ -   	EPOCH:  12	MiniBatch:   14
03/05/2021 09:51:07 - INFO - __main__ -   	EPOCH:  12	MiniBatch:   15
03/05/2021 09:51:08 - INFO - __main__ -   	EPOCH:  12	MiniBatch:   16
03/05/2021 09:51:08 - INFO - __main__ -   	EPOCH:  12	MiniBatch:   17
03/05/2021 09:51:09 - INFO - __main__ -   	EPOCH:  12	MiniBatch:   18
03/05/2021 09:51:10 - INFO - __main__ -   	EPOCH:  12	MiniBatch:   19
03/05/2021 09:51:10 - INFO - __main__ -   	EPOCH:  12	MiniBatch:   20
03/05/2021 09:51:11 - INFO - __main__ -   	Testing dev Minibatch:    0
03/05/2021 09:51:12 - INFO - __main__ -   	Testing dev Minibatch:    1
03/05/2021 09:51:12 - INFO - __main__ -   	Testing dev Minibatch:    2
03/05/2021 09:51:13 - INFO - __main__ -   
============ Predict Tweet Stance ============
Labels 	Prec. 	Recall	F1    	Supp  
Denial 	0.7244	0.5971	0.6546	273
Support	0.5241	0.4265	0.4703	204
Comment	0.4452	0.6562	0.5305	192
Queries	0.2941	0.2273	0.2564	22
MacroF1	0.4780
F1w_avg	0.5530
Acc    	55.1

============ Predict Viral Tweets ============
Labels 	Prec. 	Recall	F1    	Supp  
N_viral	0.7628	0.7723	0.7675	483
Viral  	0.4554	0.4423	0.4488	208
MacroF1	0.6081
F1w_avg	0.6716
Acc    	67.3

03/05/2021 09:51:13 - INFO - __main__ -   	EPOCH:  13	MiniBatch:    0
03/05/2021 09:51:14 - INFO - __main__ -   	EPOCH:  13	MiniBatch:    1
03/05/2021 09:51:14 - INFO - __main__ -   	EPOCH:  13	MiniBatch:    2
03/05/2021 09:51:15 - INFO - __main__ -   	EPOCH:  13	MiniBatch:    3
03/05/2021 09:51:16 - INFO - __main__ -   	EPOCH:  13	MiniBatch:    4
03/05/2021 09:51:16 - INFO - __main__ -   	EPOCH:  13	MiniBatch:    5
03/05/2021 09:51:17 - INFO - __main__ -   	EPOCH:  13	MiniBatch:    6
03/05/2021 09:51:18 - INFO - __main__ -   	EPOCH:  13	MiniBatch:    7
03/05/2021 09:51:19 - INFO - __main__ -   	EPOCH:  13	MiniBatch:    8
03/05/2021 09:51:19 - INFO - __main__ -   	EPOCH:  13	MiniBatch:    9
03/05/2021 09:51:20 - INFO - __main__ -   	EPOCH:  13	MiniBatch:   10
03/05/2021 09:51:21 - INFO - __main__ -   	EPOCH:  13	MiniBatch:   11
03/05/2021 09:51:21 - INFO - __main__ -   	EPOCH:  13	MiniBatch:   12
03/05/2021 09:51:22 - INFO - __main__ -   	EPOCH:  13	MiniBatch:   13
03/05/2021 09:51:23 - INFO - __main__ -   	EPOCH:  13	MiniBatch:   14
03/05/2021 09:51:24 - INFO - __main__ -   	EPOCH:  13	MiniBatch:   15
03/05/2021 09:51:24 - INFO - __main__ -   	EPOCH:  13	MiniBatch:   16
03/05/2021 09:51:25 - INFO - __main__ -   	EPOCH:  13	MiniBatch:   17
03/05/2021 09:51:26 - INFO - __main__ -   	EPOCH:  13	MiniBatch:   18
03/05/2021 09:51:26 - INFO - __main__ -   	EPOCH:  13	MiniBatch:   19
03/05/2021 09:51:27 - INFO - __main__ -   	EPOCH:  13	MiniBatch:   20
03/05/2021 09:51:28 - INFO - __main__ -   	Testing dev Minibatch:    0
03/05/2021 09:51:28 - INFO - __main__ -   	Testing dev Minibatch:    1
03/05/2021 09:51:29 - INFO - __main__ -   	Testing dev Minibatch:    2
03/05/2021 09:51:29 - INFO - __main__ -   
============ Predict Tweet Stance ============
Labels 	Prec. 	Recall	F1    	Supp  
Denial 	0.6022	0.7875	0.6825	273
Support	0.5508	0.3186	0.4037	204
Comment	0.5187	0.5052	0.5119	192
Queries	0.3793	0.5000	0.4314	22
MacroF1	0.5074
F1w_avg	0.5448
Acc    	56.2

============ Predict Viral Tweets ============
Labels 	Prec. 	Recall	F1    	Supp  
N_viral	0.7505	0.8033	0.7760	483
Viral  	0.4540	0.3798	0.4136	208
MacroF1	0.5948
F1w_avg	0.6669
Acc    	67.6

03/05/2021 09:51:30 - INFO - __main__ -   	EPOCH:  14	MiniBatch:    0
03/05/2021 09:51:31 - INFO - __main__ -   	EPOCH:  14	MiniBatch:    1
03/05/2021 09:51:31 - INFO - __main__ -   	EPOCH:  14	MiniBatch:    2
03/05/2021 09:51:32 - INFO - __main__ -   	EPOCH:  14	MiniBatch:    3
03/05/2021 09:51:33 - INFO - __main__ -   	EPOCH:  14	MiniBatch:    4
03/05/2021 09:51:33 - INFO - __main__ -   	EPOCH:  14	MiniBatch:    5
03/05/2021 09:51:34 - INFO - __main__ -   	EPOCH:  14	MiniBatch:    6
03/05/2021 09:51:35 - INFO - __main__ -   	EPOCH:  14	MiniBatch:    7
03/05/2021 09:51:35 - INFO - __main__ -   	EPOCH:  14	MiniBatch:    8
03/05/2021 09:51:36 - INFO - __main__ -   	EPOCH:  14	MiniBatch:    9
03/05/2021 09:51:37 - INFO - __main__ -   	EPOCH:  14	MiniBatch:   10
03/05/2021 09:51:38 - INFO - __main__ -   	EPOCH:  14	MiniBatch:   11
03/05/2021 09:51:38 - INFO - __main__ -   	EPOCH:  14	MiniBatch:   12
03/05/2021 09:51:39 - INFO - __main__ -   	EPOCH:  14	MiniBatch:   13
03/05/2021 09:51:40 - INFO - __main__ -   	EPOCH:  14	MiniBatch:   14
03/05/2021 09:51:40 - INFO - __main__ -   	EPOCH:  14	MiniBatch:   15
03/05/2021 09:51:41 - INFO - __main__ -   	EPOCH:  14	MiniBatch:   16
03/05/2021 09:51:42 - INFO - __main__ -   	EPOCH:  14	MiniBatch:   17
03/05/2021 09:51:42 - INFO - __main__ -   	EPOCH:  14	MiniBatch:   18
03/05/2021 09:51:43 - INFO - __main__ -   	EPOCH:  14	MiniBatch:   19
03/05/2021 09:51:44 - INFO - __main__ -   	EPOCH:  14	MiniBatch:   20
03/05/2021 09:51:45 - INFO - __main__ -   	Testing dev Minibatch:    0
03/05/2021 09:51:45 - INFO - __main__ -   	Testing dev Minibatch:    1
03/05/2021 09:51:46 - INFO - __main__ -   	Testing dev Minibatch:    2
03/05/2021 09:51:46 - INFO - __main__ -   
============ Predict Tweet Stance ============
Labels 	Prec. 	Recall	F1    	Supp  
Denial 	0.7131	0.6557	0.6832	273
Support	0.5064	0.5833	0.5421	204
Comment	0.5161	0.5000	0.5079	192
Queries	0.3684	0.3182	0.3415	22
MacroF1	0.5187
F1w_avg	0.5820
Acc    	58.0

============ Predict Viral Tweets ============
Labels 	Prec. 	Recall	F1    	Supp  
N_viral	0.7611	0.7785	0.7697	483
Viral  	0.4569	0.4327	0.4444	208
MacroF1	0.6071
F1w_avg	0.6718
Acc    	67.4

03/05/2021 09:51:47 - INFO - __main__ -   	EPOCH:  15	MiniBatch:    0
03/05/2021 09:51:47 - INFO - __main__ -   	EPOCH:  15	MiniBatch:    1
03/05/2021 09:51:48 - INFO - __main__ -   	EPOCH:  15	MiniBatch:    2
03/05/2021 09:51:49 - INFO - __main__ -   	EPOCH:  15	MiniBatch:    3
03/05/2021 09:51:49 - INFO - __main__ -   	EPOCH:  15	MiniBatch:    4
03/05/2021 09:51:50 - INFO - __main__ -   	EPOCH:  15	MiniBatch:    5
03/05/2021 09:51:51 - INFO - __main__ -   	EPOCH:  15	MiniBatch:    6
03/05/2021 09:51:51 - INFO - __main__ -   	EPOCH:  15	MiniBatch:    7
03/05/2021 09:51:52 - INFO - __main__ -   	EPOCH:  15	MiniBatch:    8
03/05/2021 09:51:53 - INFO - __main__ -   	EPOCH:  15	MiniBatch:    9
03/05/2021 09:51:54 - INFO - __main__ -   	EPOCH:  15	MiniBatch:   10
03/05/2021 09:51:54 - INFO - __main__ -   	EPOCH:  15	MiniBatch:   11
03/05/2021 09:51:55 - INFO - __main__ -   	EPOCH:  15	MiniBatch:   12
03/05/2021 09:51:56 - INFO - __main__ -   	EPOCH:  15	MiniBatch:   13
03/05/2021 09:51:56 - INFO - __main__ -   	EPOCH:  15	MiniBatch:   14
03/05/2021 09:51:57 - INFO - __main__ -   	EPOCH:  15	MiniBatch:   15
03/05/2021 09:51:58 - INFO - __main__ -   	EPOCH:  15	MiniBatch:   16
03/05/2021 09:51:58 - INFO - __main__ -   	EPOCH:  15	MiniBatch:   17
03/05/2021 09:51:59 - INFO - __main__ -   	EPOCH:  15	MiniBatch:   18
03/05/2021 09:52:00 - INFO - __main__ -   	EPOCH:  15	MiniBatch:   19
03/05/2021 09:52:01 - INFO - __main__ -   	EPOCH:  15	MiniBatch:   20
03/05/2021 09:52:01 - INFO - __main__ -   	Testing dev Minibatch:    0
03/05/2021 09:52:02 - INFO - __main__ -   	Testing dev Minibatch:    1
03/05/2021 09:52:03 - INFO - __main__ -   	Testing dev Minibatch:    2
03/05/2021 09:52:03 - INFO - __main__ -   
============ Predict Tweet Stance ============
Labels 	Prec. 	Recall	F1    	Supp  
Denial 	0.6400	0.7619	0.6957	273
Support	0.5087	0.4314	0.4668	204
Comment	0.4971	0.4479	0.4712	192
Queries	0.3500	0.3182	0.3333	22
MacroF1	0.4918
F1w_avg	0.5542
Acc    	56.3

============ Predict Viral Tweets ============
Labels 	Prec. 	Recall	F1    	Supp  
N_viral	0.8132	0.6398	0.7161	483
Viral  	0.4405	0.6587	0.5279	208
MacroF1	0.6220
F1w_avg	0.6595
Acc    	64.5

03/05/2021 09:52:03 - INFO - __main__ -   	EPOCH:  16	MiniBatch:    0
03/05/2021 09:52:04 - INFO - __main__ -   	EPOCH:  16	MiniBatch:    1
03/05/2021 09:52:05 - INFO - __main__ -   	EPOCH:  16	MiniBatch:    2
03/05/2021 09:52:05 - INFO - __main__ -   	EPOCH:  16	MiniBatch:    3
03/05/2021 09:52:06 - INFO - __main__ -   	EPOCH:  16	MiniBatch:    4
03/05/2021 09:52:07 - INFO - __main__ -   	EPOCH:  16	MiniBatch:    5
03/05/2021 09:52:07 - INFO - __main__ -   	EPOCH:  16	MiniBatch:    6
03/05/2021 09:52:08 - INFO - __main__ -   	EPOCH:  16	MiniBatch:    7
03/05/2021 09:52:09 - INFO - __main__ -   	EPOCH:  16	MiniBatch:    8
03/05/2021 09:52:10 - INFO - __main__ -   	EPOCH:  16	MiniBatch:    9
03/05/2021 09:52:10 - INFO - __main__ -   	EPOCH:  16	MiniBatch:   10
03/05/2021 09:52:11 - INFO - __main__ -   	EPOCH:  16	MiniBatch:   11
03/05/2021 09:52:12 - INFO - __main__ -   	EPOCH:  16	MiniBatch:   12
03/05/2021 09:52:12 - INFO - __main__ -   	EPOCH:  16	MiniBatch:   13
03/05/2021 09:52:13 - INFO - __main__ -   	EPOCH:  16	MiniBatch:   14
03/05/2021 09:52:14 - INFO - __main__ -   	EPOCH:  16	MiniBatch:   15
03/05/2021 09:52:14 - INFO - __main__ -   	EPOCH:  16	MiniBatch:   16
03/05/2021 09:52:15 - INFO - __main__ -   	EPOCH:  16	MiniBatch:   17
03/05/2021 09:52:16 - INFO - __main__ -   	EPOCH:  16	MiniBatch:   18
03/05/2021 09:52:17 - INFO - __main__ -   	EPOCH:  16	MiniBatch:   19
03/05/2021 09:52:17 - INFO - __main__ -   	EPOCH:  16	MiniBatch:   20
03/05/2021 09:52:18 - INFO - __main__ -   	Testing dev Minibatch:    0
03/05/2021 09:52:19 - INFO - __main__ -   	Testing dev Minibatch:    1
03/05/2021 09:52:19 - INFO - __main__ -   	Testing dev Minibatch:    2
03/05/2021 09:52:20 - INFO - __main__ -   
============ Predict Tweet Stance ============
Labels 	Prec. 	Recall	F1    	Supp  
Denial 	0.6953	0.6520	0.6730	273
Support	0.4943	0.6324	0.5548	204
Comment	0.4968	0.4010	0.4438	192
Queries	0.4737	0.4091	0.4390	22
MacroF1	0.5277
F1w_avg	0.5670
Acc    	56.9

============ Predict Viral Tweets ============
Labels 	Prec. 	Recall	F1    	Supp  
N_viral	0.7556	0.8385	0.7949	483
Viral  	0.4968	0.3702	0.4242	208
MacroF1	0.6096
F1w_avg	0.6833
Acc    	69.8

03/05/2021 09:52:20 - INFO - __main__ -   	EPOCH:  17	MiniBatch:    0
03/05/2021 09:52:21 - INFO - __main__ -   	EPOCH:  17	MiniBatch:    1
03/05/2021 09:52:21 - INFO - __main__ -   	EPOCH:  17	MiniBatch:    2
03/05/2021 09:52:22 - INFO - __main__ -   	EPOCH:  17	MiniBatch:    3
03/05/2021 09:52:23 - INFO - __main__ -   	EPOCH:  17	MiniBatch:    4
03/05/2021 09:52:24 - INFO - __main__ -   	EPOCH:  17	MiniBatch:    5
03/05/2021 09:52:24 - INFO - __main__ -   	EPOCH:  17	MiniBatch:    6
03/05/2021 09:52:25 - INFO - __main__ -   	EPOCH:  17	MiniBatch:    7
03/05/2021 09:52:26 - INFO - __main__ -   	EPOCH:  17	MiniBatch:    8
03/05/2021 09:52:26 - INFO - __main__ -   	EPOCH:  17	MiniBatch:    9
03/05/2021 09:52:27 - INFO - __main__ -   	EPOCH:  17	MiniBatch:   10
03/05/2021 09:52:28 - INFO - __main__ -   	EPOCH:  17	MiniBatch:   11
03/05/2021 09:52:28 - INFO - __main__ -   	EPOCH:  17	MiniBatch:   12
03/05/2021 09:52:29 - INFO - __main__ -   	EPOCH:  17	MiniBatch:   13
03/05/2021 09:52:30 - INFO - __main__ -   	EPOCH:  17	MiniBatch:   14
03/05/2021 09:52:31 - INFO - __main__ -   	EPOCH:  17	MiniBatch:   15
03/05/2021 09:52:31 - INFO - __main__ -   	EPOCH:  17	MiniBatch:   16
03/05/2021 09:52:32 - INFO - __main__ -   	EPOCH:  17	MiniBatch:   17
03/05/2021 09:52:33 - INFO - __main__ -   	EPOCH:  17	MiniBatch:   18
03/05/2021 09:52:33 - INFO - __main__ -   	EPOCH:  17	MiniBatch:   19
03/05/2021 09:52:34 - INFO - __main__ -   	EPOCH:  17	MiniBatch:   20
03/05/2021 09:52:35 - INFO - __main__ -   	Testing dev Minibatch:    0
03/05/2021 09:52:36 - INFO - __main__ -   	Testing dev Minibatch:    1
03/05/2021 09:52:36 - INFO - __main__ -   	Testing dev Minibatch:    2
03/05/2021 09:52:37 - INFO - __main__ -   
============ Predict Tweet Stance ============
Labels 	Prec. 	Recall	F1    	Supp  
Denial 	0.5887	0.8022	0.6791	273
Support	0.5390	0.3725	0.4406	204
Comment	0.5359	0.4271	0.4754	192
Queries	0.3600	0.4091	0.3830	22
MacroF1	0.4945
F1w_avg	0.5426
Acc    	55.9

============ Predict Viral Tweets ============
Labels 	Prec. 	Recall	F1    	Supp  
N_viral	0.7956	0.7495	0.7719	483
Viral  	0.4873	0.5529	0.5180	208
MacroF1	0.6449
F1w_avg	0.6954
Acc    	69.0

03/05/2021 09:52:37 - INFO - __main__ -   Best results so far. Saving model...
03/05/2021 09:52:38 - INFO - __main__ -   	EPOCH:  18	MiniBatch:    0
03/05/2021 09:52:39 - INFO - __main__ -   	EPOCH:  18	MiniBatch:    1
03/05/2021 09:52:40 - INFO - __main__ -   	EPOCH:  18	MiniBatch:    2
03/05/2021 09:52:41 - INFO - __main__ -   	EPOCH:  18	MiniBatch:    3
03/05/2021 09:52:41 - INFO - __main__ -   	EPOCH:  18	MiniBatch:    4
03/05/2021 09:52:42 - INFO - __main__ -   	EPOCH:  18	MiniBatch:    5
03/05/2021 09:52:43 - INFO - __main__ -   	EPOCH:  18	MiniBatch:    6
03/05/2021 09:52:43 - INFO - __main__ -   	EPOCH:  18	MiniBatch:    7
03/05/2021 09:52:44 - INFO - __main__ -   	EPOCH:  18	MiniBatch:    8
03/05/2021 09:52:45 - INFO - __main__ -   	EPOCH:  18	MiniBatch:    9
03/05/2021 09:52:45 - INFO - __main__ -   	EPOCH:  18	MiniBatch:   10
03/05/2021 09:52:46 - INFO - __main__ -   	EPOCH:  18	MiniBatch:   11
03/05/2021 09:52:47 - INFO - __main__ -   	EPOCH:  18	MiniBatch:   12
03/05/2021 09:52:48 - INFO - __main__ -   	EPOCH:  18	MiniBatch:   13
03/05/2021 09:52:48 - INFO - __main__ -   	EPOCH:  18	MiniBatch:   14
03/05/2021 09:52:49 - INFO - __main__ -   	EPOCH:  18	MiniBatch:   15
03/05/2021 09:52:50 - INFO - __main__ -   	EPOCH:  18	MiniBatch:   16
03/05/2021 09:52:50 - INFO - __main__ -   	EPOCH:  18	MiniBatch:   17
03/05/2021 09:52:51 - INFO - __main__ -   	EPOCH:  18	MiniBatch:   18
03/05/2021 09:52:52 - INFO - __main__ -   	EPOCH:  18	MiniBatch:   19
03/05/2021 09:52:52 - INFO - __main__ -   	EPOCH:  18	MiniBatch:   20
03/05/2021 09:52:53 - INFO - __main__ -   	Testing dev Minibatch:    0
03/05/2021 09:52:54 - INFO - __main__ -   	Testing dev Minibatch:    1
03/05/2021 09:52:55 - INFO - __main__ -   	Testing dev Minibatch:    2
03/05/2021 09:52:55 - INFO - __main__ -   
============ Predict Tweet Stance ============
Labels 	Prec. 	Recall	F1    	Supp  
Denial 	0.6644	0.7106	0.6867	273
Support	0.5092	0.5441	0.5261	204
Comment	0.5031	0.4167	0.4558	192
Queries	0.4091	0.4091	0.4091	22
MacroF1	0.5194
F1w_avg	0.5663
Acc    	57.0

============ Predict Viral Tweets ============
Labels 	Prec. 	Recall	F1    	Supp  
N_viral	0.7873	0.7205	0.7524	483
Viral  	0.4578	0.5481	0.4989	208
MacroF1	0.6257
F1w_avg	0.6761
Acc    	66.9

03/05/2021 09:52:55 - INFO - __main__ -   	EPOCH:  19	MiniBatch:    0
03/05/2021 09:52:56 - INFO - __main__ -   	EPOCH:  19	MiniBatch:    1
03/05/2021 09:52:56 - INFO - __main__ -   	EPOCH:  19	MiniBatch:    2
03/05/2021 09:52:57 - INFO - __main__ -   	EPOCH:  19	MiniBatch:    3
03/05/2021 09:52:58 - INFO - __main__ -   	EPOCH:  19	MiniBatch:    4
03/05/2021 09:52:59 - INFO - __main__ -   	EPOCH:  19	MiniBatch:    5
03/05/2021 09:52:59 - INFO - __main__ -   	EPOCH:  19	MiniBatch:    6
03/05/2021 09:53:00 - INFO - __main__ -   	EPOCH:  19	MiniBatch:    7
03/05/2021 09:53:01 - INFO - __main__ -   	EPOCH:  19	MiniBatch:    8
03/05/2021 09:53:01 - INFO - __main__ -   	EPOCH:  19	MiniBatch:    9
03/05/2021 09:53:02 - INFO - __main__ -   	EPOCH:  19	MiniBatch:   10
03/05/2021 09:53:03 - INFO - __main__ -   	EPOCH:  19	MiniBatch:   11
03/05/2021 09:53:04 - INFO - __main__ -   	EPOCH:  19	MiniBatch:   12
03/05/2021 09:53:04 - INFO - __main__ -   	EPOCH:  19	MiniBatch:   13
03/05/2021 09:53:05 - INFO - __main__ -   	EPOCH:  19	MiniBatch:   14
03/05/2021 09:53:06 - INFO - __main__ -   	EPOCH:  19	MiniBatch:   15
03/05/2021 09:53:06 - INFO - __main__ -   	EPOCH:  19	MiniBatch:   16
03/05/2021 09:53:07 - INFO - __main__ -   	EPOCH:  19	MiniBatch:   17
03/05/2021 09:53:08 - INFO - __main__ -   	EPOCH:  19	MiniBatch:   18
03/05/2021 09:53:08 - INFO - __main__ -   	EPOCH:  19	MiniBatch:   19
03/05/2021 09:53:09 - INFO - __main__ -   	EPOCH:  19	MiniBatch:   20
03/05/2021 09:53:10 - INFO - __main__ -   	Testing dev Minibatch:    0
03/05/2021 09:53:11 - INFO - __main__ -   	Testing dev Minibatch:    1
03/05/2021 09:53:11 - INFO - __main__ -   	Testing dev Minibatch:    2
03/05/2021 09:53:12 - INFO - __main__ -   
============ Predict Tweet Stance ============
Labels 	Prec. 	Recall	F1    	Supp  
Denial 	0.6557	0.7326	0.6920	273
Support	0.5524	0.3873	0.4553	204
Comment	0.4817	0.5469	0.5122	192
Queries	0.2800	0.3182	0.2979	22
MacroF1	0.4894
F1w_avg	0.5596
Acc    	56.6

============ Predict Viral Tweets ============
Labels 	Prec. 	Recall	F1    	Supp  
N_viral	0.7568	0.8116	0.7832	483
Viral  	0.4740	0.3942	0.4304	208
MacroF1	0.6068
F1w_avg	0.6770
Acc    	68.6

03/05/2021 09:53:12 - INFO - __main__ -   	EPOCH:  20	MiniBatch:    0
03/05/2021 09:53:13 - INFO - __main__ -   	EPOCH:  20	MiniBatch:    1
03/05/2021 09:53:13 - INFO - __main__ -   	EPOCH:  20	MiniBatch:    2
03/05/2021 09:53:14 - INFO - __main__ -   	EPOCH:  20	MiniBatch:    3
03/05/2021 09:53:15 - INFO - __main__ -   	EPOCH:  20	MiniBatch:    4
03/05/2021 09:53:15 - INFO - __main__ -   	EPOCH:  20	MiniBatch:    5
03/05/2021 09:53:16 - INFO - __main__ -   	EPOCH:  20	MiniBatch:    6
03/05/2021 09:53:17 - INFO - __main__ -   	EPOCH:  20	MiniBatch:    7
03/05/2021 09:53:17 - INFO - __main__ -   	EPOCH:  20	MiniBatch:    8
03/05/2021 09:53:18 - INFO - __main__ -   	EPOCH:  20	MiniBatch:    9
03/05/2021 09:53:19 - INFO - __main__ -   	EPOCH:  20	MiniBatch:   10
03/05/2021 09:53:20 - INFO - __main__ -   	EPOCH:  20	MiniBatch:   11
03/05/2021 09:53:20 - INFO - __main__ -   	EPOCH:  20	MiniBatch:   12
03/05/2021 09:53:21 - INFO - __main__ -   	EPOCH:  20	MiniBatch:   13
03/05/2021 09:53:22 - INFO - __main__ -   	EPOCH:  20	MiniBatch:   14
03/05/2021 09:53:22 - INFO - __main__ -   	EPOCH:  20	MiniBatch:   15
03/05/2021 09:53:23 - INFO - __main__ -   	EPOCH:  20	MiniBatch:   16
03/05/2021 09:53:24 - INFO - __main__ -   	EPOCH:  20	MiniBatch:   17
03/05/2021 09:53:24 - INFO - __main__ -   	EPOCH:  20	MiniBatch:   18
03/05/2021 09:53:25 - INFO - __main__ -   	EPOCH:  20	MiniBatch:   19
03/05/2021 09:53:26 - INFO - __main__ -   	EPOCH:  20	MiniBatch:   20
03/05/2021 09:53:27 - INFO - __main__ -   	Testing dev Minibatch:    0
03/05/2021 09:53:27 - INFO - __main__ -   	Testing dev Minibatch:    1
03/05/2021 09:53:28 - INFO - __main__ -   	Testing dev Minibatch:    2
03/05/2021 09:53:28 - INFO - __main__ -   
============ Predict Tweet Stance ============
Labels 	Prec. 	Recall	F1    	Supp  
Denial 	0.6805	0.6630	0.6716	273
Support	0.6017	0.3480	0.4410	204
Comment	0.4460	0.6667	0.5344	192
Queries	0.3000	0.2727	0.2857	22
MacroF1	0.4832
F1w_avg	0.5531
Acc    	55.9

============ Predict Viral Tweets ============
Labels 	Prec. 	Recall	F1    	Supp  
N_viral	0.7732	0.7764	0.7748	483
Viral  	0.4757	0.4712	0.4734	208
MacroF1	0.6241
F1w_avg	0.6841
Acc    	68.5

03/05/2021 09:53:29 - INFO - __main__ -   	EPOCH:  21	MiniBatch:    0
03/05/2021 09:53:29 - INFO - __main__ -   	EPOCH:  21	MiniBatch:    1
03/05/2021 09:53:30 - INFO - __main__ -   	EPOCH:  21	MiniBatch:    2
03/05/2021 09:53:31 - INFO - __main__ -   	EPOCH:  21	MiniBatch:    3
03/05/2021 09:53:31 - INFO - __main__ -   	EPOCH:  21	MiniBatch:    4
03/05/2021 09:53:32 - INFO - __main__ -   	EPOCH:  21	MiniBatch:    5
03/05/2021 09:53:33 - INFO - __main__ -   	EPOCH:  21	MiniBatch:    6
03/05/2021 09:53:33 - INFO - __main__ -   	EPOCH:  21	MiniBatch:    7
03/05/2021 09:53:34 - INFO - __main__ -   	EPOCH:  21	MiniBatch:    8
03/05/2021 09:53:35 - INFO - __main__ -   	EPOCH:  21	MiniBatch:    9
03/05/2021 09:53:36 - INFO - __main__ -   	EPOCH:  21	MiniBatch:   10
03/05/2021 09:53:36 - INFO - __main__ -   	EPOCH:  21	MiniBatch:   11
03/05/2021 09:53:37 - INFO - __main__ -   	EPOCH:  21	MiniBatch:   12
03/05/2021 09:53:38 - INFO - __main__ -   	EPOCH:  21	MiniBatch:   13
03/05/2021 09:53:38 - INFO - __main__ -   	EPOCH:  21	MiniBatch:   14
03/05/2021 09:53:39 - INFO - __main__ -   	EPOCH:  21	MiniBatch:   15
03/05/2021 09:53:40 - INFO - __main__ -   	EPOCH:  21	MiniBatch:   16
03/05/2021 09:53:41 - INFO - __main__ -   	EPOCH:  21	MiniBatch:   17
03/05/2021 09:53:41 - INFO - __main__ -   	EPOCH:  21	MiniBatch:   18
03/05/2021 09:53:42 - INFO - __main__ -   	EPOCH:  21	MiniBatch:   19
03/05/2021 09:53:43 - INFO - __main__ -   	EPOCH:  21	MiniBatch:   20
03/05/2021 09:53:43 - INFO - __main__ -   	Testing dev Minibatch:    0
03/05/2021 09:53:44 - INFO - __main__ -   	Testing dev Minibatch:    1
03/05/2021 09:53:45 - INFO - __main__ -   	Testing dev Minibatch:    2
03/05/2021 09:53:45 - INFO - __main__ -   
============ Predict Tweet Stance ============
Labels 	Prec. 	Recall	F1    	Supp  
Denial 	0.6280	0.7546	0.6855	273
Support	0.5486	0.4706	0.5066	204
Comment	0.5333	0.4583	0.4930	192
Queries	0.4348	0.4545	0.4444	22
MacroF1	0.5324
F1w_avg	0.5715
Acc    	57.9

============ Predict Viral Tweets ============
Labels 	Prec. 	Recall	F1    	Supp  
N_viral	0.7694	0.7598	0.7646	483
Viral  	0.4579	0.4712	0.4645	208
MacroF1	0.6145
F1w_avg	0.6742
Acc    	67.3

03/05/2021 09:53:45 - INFO - __main__ -   	EPOCH:  22	MiniBatch:    0
03/05/2021 09:53:46 - INFO - __main__ -   	EPOCH:  22	MiniBatch:    1
03/05/2021 09:53:47 - INFO - __main__ -   	EPOCH:  22	MiniBatch:    2
03/05/2021 09:53:47 - INFO - __main__ -   	EPOCH:  22	MiniBatch:    3
03/05/2021 09:53:48 - INFO - __main__ -   	EPOCH:  22	MiniBatch:    4
03/05/2021 09:53:49 - INFO - __main__ -   	EPOCH:  22	MiniBatch:    5
03/05/2021 09:53:50 - INFO - __main__ -   	EPOCH:  22	MiniBatch:    6
03/05/2021 09:53:50 - INFO - __main__ -   	EPOCH:  22	MiniBatch:    7
03/05/2021 09:53:51 - INFO - __main__ -   	EPOCH:  22	MiniBatch:    8
03/05/2021 09:53:52 - INFO - __main__ -   	EPOCH:  22	MiniBatch:    9
03/05/2021 09:53:52 - INFO - __main__ -   	EPOCH:  22	MiniBatch:   10
03/05/2021 09:53:53 - INFO - __main__ -   	EPOCH:  22	MiniBatch:   11
03/05/2021 09:53:54 - INFO - __main__ -   	EPOCH:  22	MiniBatch:   12
03/05/2021 09:53:54 - INFO - __main__ -   	EPOCH:  22	MiniBatch:   13
03/05/2021 09:53:55 - INFO - __main__ -   	EPOCH:  22	MiniBatch:   14
03/05/2021 09:53:56 - INFO - __main__ -   	EPOCH:  22	MiniBatch:   15
03/05/2021 09:53:57 - INFO - __main__ -   	EPOCH:  22	MiniBatch:   16
03/05/2021 09:53:57 - INFO - __main__ -   	EPOCH:  22	MiniBatch:   17
03/05/2021 09:53:58 - INFO - __main__ -   	EPOCH:  22	MiniBatch:   18
03/05/2021 09:53:59 - INFO - __main__ -   	EPOCH:  22	MiniBatch:   19
03/05/2021 09:53:59 - INFO - __main__ -   	EPOCH:  22	MiniBatch:   20
03/05/2021 09:54:00 - INFO - __main__ -   	Testing dev Minibatch:    0
03/05/2021 09:54:01 - INFO - __main__ -   	Testing dev Minibatch:    1
03/05/2021 09:54:02 - INFO - __main__ -   	Testing dev Minibatch:    2
03/05/2021 09:54:02 - INFO - __main__ -   
============ Predict Tweet Stance ============
Labels 	Prec. 	Recall	F1    	Supp  
Denial 	0.6202	0.7656	0.6852	273
Support	0.5691	0.3431	0.4281	204
Comment	0.4928	0.5312	0.5113	192
Queries	0.3333	0.3636	0.3478	22
MacroF1	0.4931
F1w_avg	0.5503
Acc    	56.3

============ Predict Viral Tweets ============
Labels 	Prec. 	Recall	F1    	Supp  
N_viral	0.7491	0.8344	0.7894	483
Viral  	0.4771	0.3510	0.4044	208
MacroF1	0.5969
F1w_avg	0.6735
Acc    	68.9

03/05/2021 09:54:02 - INFO - __main__ -   	EPOCH:  23	MiniBatch:    0
03/05/2021 09:54:03 - INFO - __main__ -   	EPOCH:  23	MiniBatch:    1
03/05/2021 09:54:03 - INFO - __main__ -   	EPOCH:  23	MiniBatch:    2
03/05/2021 09:54:04 - INFO - __main__ -   	EPOCH:  23	MiniBatch:    3
03/05/2021 09:54:05 - INFO - __main__ -   	EPOCH:  23	MiniBatch:    4
03/05/2021 09:54:06 - INFO - __main__ -   	EPOCH:  23	MiniBatch:    5
03/05/2021 09:54:06 - INFO - __main__ -   	EPOCH:  23	MiniBatch:    6
03/05/2021 09:54:07 - INFO - __main__ -   	EPOCH:  23	MiniBatch:    7
03/05/2021 09:54:08 - INFO - __main__ -   	EPOCH:  23	MiniBatch:    8
03/05/2021 09:54:08 - INFO - __main__ -   	EPOCH:  23	MiniBatch:    9
03/05/2021 09:54:09 - INFO - __main__ -   	EPOCH:  23	MiniBatch:   10
03/05/2021 09:54:10 - INFO - __main__ -   	EPOCH:  23	MiniBatch:   11
03/05/2021 09:54:10 - INFO - __main__ -   	EPOCH:  23	MiniBatch:   12
03/05/2021 09:54:11 - INFO - __main__ -   	EPOCH:  23	MiniBatch:   13
03/05/2021 09:54:12 - INFO - __main__ -   	EPOCH:  23	MiniBatch:   14
03/05/2021 09:54:13 - INFO - __main__ -   	EPOCH:  23	MiniBatch:   15
03/05/2021 09:54:13 - INFO - __main__ -   	EPOCH:  23	MiniBatch:   16
03/05/2021 09:54:14 - INFO - __main__ -   	EPOCH:  23	MiniBatch:   17
03/05/2021 09:54:15 - INFO - __main__ -   	EPOCH:  23	MiniBatch:   18
03/05/2021 09:54:15 - INFO - __main__ -   	EPOCH:  23	MiniBatch:   19
03/05/2021 09:54:16 - INFO - __main__ -   	EPOCH:  23	MiniBatch:   20
03/05/2021 09:54:17 - INFO - __main__ -   	Testing dev Minibatch:    0
03/05/2021 09:54:18 - INFO - __main__ -   	Testing dev Minibatch:    1
03/05/2021 09:54:18 - INFO - __main__ -   	Testing dev Minibatch:    2
03/05/2021 09:54:19 - INFO - __main__ -   
============ Predict Tweet Stance ============
Labels 	Prec. 	Recall	F1    	Supp  
Denial 	0.6121	0.7399	0.6700	273
Support	0.5370	0.2843	0.3718	204
Comment	0.4678	0.5677	0.5129	192
Queries	0.4000	0.3636	0.3810	22
MacroF1	0.4839
F1w_avg	0.5291
Acc    	54.6

============ Predict Viral Tweets ============
Labels 	Prec. 	Recall	F1    	Supp  
N_viral	0.7462	0.8219	0.7823	483
Viral  	0.4591	0.3510	0.3978	208
MacroF1	0.5900
F1w_avg	0.6665
Acc    	68.0

03/05/2021 09:54:19 - INFO - __main__ -   	EPOCH:  24	MiniBatch:    0
03/05/2021 09:54:19 - INFO - __main__ -   	EPOCH:  24	MiniBatch:    1
03/05/2021 09:54:20 - INFO - __main__ -   	EPOCH:  24	MiniBatch:    2
03/05/2021 09:54:21 - INFO - __main__ -   	EPOCH:  24	MiniBatch:    3
03/05/2021 09:54:22 - INFO - __main__ -   	EPOCH:  24	MiniBatch:    4
03/05/2021 09:54:22 - INFO - __main__ -   	EPOCH:  24	MiniBatch:    5
03/05/2021 09:54:23 - INFO - __main__ -   	EPOCH:  24	MiniBatch:    6
03/05/2021 09:54:24 - INFO - __main__ -   	EPOCH:  24	MiniBatch:    7
03/05/2021 09:54:24 - INFO - __main__ -   	EPOCH:  24	MiniBatch:    8
03/05/2021 09:54:25 - INFO - __main__ -   	EPOCH:  24	MiniBatch:    9
03/05/2021 09:54:26 - INFO - __main__ -   	EPOCH:  24	MiniBatch:   10
03/05/2021 09:54:27 - INFO - __main__ -   	EPOCH:  24	MiniBatch:   11
03/05/2021 09:54:27 - INFO - __main__ -   	EPOCH:  24	MiniBatch:   12
03/05/2021 09:54:28 - INFO - __main__ -   	EPOCH:  24	MiniBatch:   13
03/05/2021 09:54:29 - INFO - __main__ -   	EPOCH:  24	MiniBatch:   14
03/05/2021 09:54:29 - INFO - __main__ -   	EPOCH:  24	MiniBatch:   15
03/05/2021 09:54:30 - INFO - __main__ -   	EPOCH:  24	MiniBatch:   16
03/05/2021 09:54:31 - INFO - __main__ -   	EPOCH:  24	MiniBatch:   17
03/05/2021 09:54:31 - INFO - __main__ -   	EPOCH:  24	MiniBatch:   18
03/05/2021 09:54:32 - INFO - __main__ -   	EPOCH:  24	MiniBatch:   19
03/05/2021 09:54:33 - INFO - __main__ -   	EPOCH:  24	MiniBatch:   20
03/05/2021 09:54:34 - INFO - __main__ -   	Testing dev Minibatch:    0
03/05/2021 09:54:34 - INFO - __main__ -   	Testing dev Minibatch:    1
03/05/2021 09:54:35 - INFO - __main__ -   	Testing dev Minibatch:    2
03/05/2021 09:54:35 - INFO - __main__ -   
============ Predict Tweet Stance ============
Labels 	Prec. 	Recall	F1    	Supp  
Denial 	0.6367	0.6740	0.6548	273
Support	0.5294	0.4853	0.5064	204
Comment	0.4767	0.4792	0.4779	192
Queries	0.3636	0.3636	0.3636	22
MacroF1	0.5007
F1w_avg	0.5526
Acc    	55.4

============ Predict Viral Tweets ============
Labels 	Prec. 	Recall	F1    	Supp  
N_viral	0.7775	0.7453	0.7611	483
Viral  	0.4605	0.5048	0.4817	208
MacroF1	0.6214
F1w_avg	0.6770
Acc    	67.3

03/05/2021 09:54:36 - INFO - __main__ -   	EPOCH:  25	MiniBatch:    0
03/05/2021 09:54:36 - INFO - __main__ -   	EPOCH:  25	MiniBatch:    1
03/05/2021 09:54:37 - INFO - __main__ -   	EPOCH:  25	MiniBatch:    2
03/05/2021 09:54:38 - INFO - __main__ -   	EPOCH:  25	MiniBatch:    3
03/05/2021 09:54:38 - INFO - __main__ -   	EPOCH:  25	MiniBatch:    4
03/05/2021 09:54:39 - INFO - __main__ -   	EPOCH:  25	MiniBatch:    5
03/05/2021 09:54:40 - INFO - __main__ -   	EPOCH:  25	MiniBatch:    6
03/05/2021 09:54:40 - INFO - __main__ -   	EPOCH:  25	MiniBatch:    7
03/05/2021 09:54:41 - INFO - __main__ -   	EPOCH:  25	MiniBatch:    8
03/05/2021 09:54:42 - INFO - __main__ -   	EPOCH:  25	MiniBatch:    9
03/05/2021 09:54:43 - INFO - __main__ -   	EPOCH:  25	MiniBatch:   10
03/05/2021 09:54:43 - INFO - __main__ -   	EPOCH:  25	MiniBatch:   11
03/05/2021 09:54:44 - INFO - __main__ -   	EPOCH:  25	MiniBatch:   12
03/05/2021 09:54:45 - INFO - __main__ -   	EPOCH:  25	MiniBatch:   13
03/05/2021 09:54:45 - INFO - __main__ -   	EPOCH:  25	MiniBatch:   14
03/05/2021 09:54:46 - INFO - __main__ -   	EPOCH:  25	MiniBatch:   15
03/05/2021 09:54:47 - INFO - __main__ -   	EPOCH:  25	MiniBatch:   16
03/05/2021 09:54:47 - INFO - __main__ -   	EPOCH:  25	MiniBatch:   17
03/05/2021 09:54:48 - INFO - __main__ -   	EPOCH:  25	MiniBatch:   18
03/05/2021 09:54:49 - INFO - __main__ -   	EPOCH:  25	MiniBatch:   19
03/05/2021 09:54:50 - INFO - __main__ -   	EPOCH:  25	MiniBatch:   20
03/05/2021 09:54:50 - INFO - __main__ -   	Testing dev Minibatch:    0
03/05/2021 09:54:51 - INFO - __main__ -   	Testing dev Minibatch:    1
03/05/2021 09:54:52 - INFO - __main__ -   	Testing dev Minibatch:    2
03/05/2021 09:54:52 - INFO - __main__ -   
============ Predict Tweet Stance ============
Labels 	Prec. 	Recall	F1    	Supp  
Denial 	0.6361	0.7619	0.6933	273
Support	0.5325	0.4412	0.4826	204
Comment	0.5088	0.4531	0.4793	192
Queries	0.3750	0.4091	0.3913	22
MacroF1	0.5116
F1w_avg	0.5620
Acc    	57.0

============ Predict Viral Tweets ============
Labels 	Prec. 	Recall	F1    	Supp  
N_viral	0.7914	0.6832	0.7333	483
Viral  	0.4416	0.5817	0.5021	208
MacroF1	0.6177
F1w_avg	0.6637
Acc    	65.3

03/05/2021 09:54:52 - INFO - __main__ -   	EPOCH:  26	MiniBatch:    0
03/05/2021 09:54:53 - INFO - __main__ -   	EPOCH:  26	MiniBatch:    1
03/05/2021 09:54:54 - INFO - __main__ -   	EPOCH:  26	MiniBatch:    2
03/05/2021 09:54:54 - INFO - __main__ -   	EPOCH:  26	MiniBatch:    3
03/05/2021 09:54:55 - INFO - __main__ -   	EPOCH:  26	MiniBatch:    4
03/05/2021 09:54:56 - INFO - __main__ -   	EPOCH:  26	MiniBatch:    5
03/05/2021 09:54:56 - INFO - __main__ -   	EPOCH:  26	MiniBatch:    6
03/05/2021 09:54:57 - INFO - __main__ -   	EPOCH:  26	MiniBatch:    7
03/05/2021 09:54:58 - INFO - __main__ -   	EPOCH:  26	MiniBatch:    8
03/05/2021 09:54:59 - INFO - __main__ -   	EPOCH:  26	MiniBatch:    9
03/05/2021 09:54:59 - INFO - __main__ -   	EPOCH:  26	MiniBatch:   10
03/05/2021 09:55:00 - INFO - __main__ -   	EPOCH:  26	MiniBatch:   11
03/05/2021 09:55:01 - INFO - __main__ -   	EPOCH:  26	MiniBatch:   12
03/05/2021 09:55:01 - INFO - __main__ -   	EPOCH:  26	MiniBatch:   13
03/05/2021 09:55:02 - INFO - __main__ -   	EPOCH:  26	MiniBatch:   14
03/05/2021 09:55:03 - INFO - __main__ -   	EPOCH:  26	MiniBatch:   15
03/05/2021 09:55:03 - INFO - __main__ -   	EPOCH:  26	MiniBatch:   16
03/05/2021 09:55:04 - INFO - __main__ -   	EPOCH:  26	MiniBatch:   17
03/05/2021 09:55:05 - INFO - __main__ -   	EPOCH:  26	MiniBatch:   18
03/05/2021 09:55:06 - INFO - __main__ -   	EPOCH:  26	MiniBatch:   19
03/05/2021 09:55:06 - INFO - __main__ -   	EPOCH:  26	MiniBatch:   20
03/05/2021 09:55:07 - INFO - __main__ -   	Testing dev Minibatch:    0
03/05/2021 09:55:08 - INFO - __main__ -   	Testing dev Minibatch:    1
03/05/2021 09:55:08 - INFO - __main__ -   	Testing dev Minibatch:    2
03/05/2021 09:55:09 - INFO - __main__ -   
============ Predict Tweet Stance ============
Labels 	Prec. 	Recall	F1    	Supp  
Denial 	0.6344	0.7692	0.6954	273
Support	0.5122	0.5147	0.5134	204
Comment	0.5588	0.3958	0.4634	192
Queries	0.3684	0.3182	0.3415	22
MacroF1	0.5034
F1w_avg	0.5659
Acc    	57.6

============ Predict Viral Tweets ============
Labels 	Prec. 	Recall	F1    	Supp  
N_viral	0.7593	0.8427	0.7988	483
Viral  	0.5097	0.3798	0.4353	208
MacroF1	0.6170
F1w_avg	0.6894
Acc    	70.3

03/05/2021 09:55:09 - INFO - __main__ -   	EPOCH:  27	MiniBatch:    0
03/05/2021 09:55:10 - INFO - __main__ -   	EPOCH:  27	MiniBatch:    1
03/05/2021 09:55:10 - INFO - __main__ -   	EPOCH:  27	MiniBatch:    2
03/05/2021 09:55:11 - INFO - __main__ -   	EPOCH:  27	MiniBatch:    3
03/05/2021 09:55:12 - INFO - __main__ -   	EPOCH:  27	MiniBatch:    4
03/05/2021 09:55:12 - INFO - __main__ -   	EPOCH:  27	MiniBatch:    5
03/05/2021 09:55:13 - INFO - __main__ -   	EPOCH:  27	MiniBatch:    6
03/05/2021 09:55:14 - INFO - __main__ -   	EPOCH:  27	MiniBatch:    7
03/05/2021 09:55:15 - INFO - __main__ -   	EPOCH:  27	MiniBatch:    8
03/05/2021 09:55:15 - INFO - __main__ -   	EPOCH:  27	MiniBatch:    9
03/05/2021 09:55:16 - INFO - __main__ -   	EPOCH:  27	MiniBatch:   10
03/05/2021 09:55:17 - INFO - __main__ -   	EPOCH:  27	MiniBatch:   11
03/05/2021 09:55:17 - INFO - __main__ -   	EPOCH:  27	MiniBatch:   12
03/05/2021 09:55:18 - INFO - __main__ -   	EPOCH:  27	MiniBatch:   13
03/05/2021 09:55:19 - INFO - __main__ -   	EPOCH:  27	MiniBatch:   14
03/05/2021 09:55:20 - INFO - __main__ -   	EPOCH:  27	MiniBatch:   15
03/05/2021 09:55:20 - INFO - __main__ -   	EPOCH:  27	MiniBatch:   16
03/05/2021 09:55:21 - INFO - __main__ -   	EPOCH:  27	MiniBatch:   17
03/05/2021 09:55:22 - INFO - __main__ -   	EPOCH:  27	MiniBatch:   18
03/05/2021 09:55:22 - INFO - __main__ -   	EPOCH:  27	MiniBatch:   19
03/05/2021 09:55:23 - INFO - __main__ -   	EPOCH:  27	MiniBatch:   20
03/05/2021 09:55:24 - INFO - __main__ -   	Testing dev Minibatch:    0
03/05/2021 09:55:25 - INFO - __main__ -   	Testing dev Minibatch:    1
03/05/2021 09:55:25 - INFO - __main__ -   	Testing dev Minibatch:    2
03/05/2021 09:55:26 - INFO - __main__ -   
============ Predict Tweet Stance ============
Labels 	Prec. 	Recall	F1    	Supp  
Denial 	0.6591	0.7436	0.6988	273
Support	0.5297	0.4804	0.5039	204
Comment	0.5141	0.4740	0.4932	192
Queries	0.4286	0.4091	0.4186	22
MacroF1	0.5286
F1w_avg	0.5752
Acc    	58.0

============ Predict Viral Tweets ============
Labels 	Prec. 	Recall	F1    	Supp  
N_viral	0.7598	0.8054	0.7819	483
Viral  	0.4749	0.4087	0.4393	208
MacroF1	0.6106
F1w_avg	0.6788
Acc    	68.6

03/05/2021 09:55:26 - INFO - __main__ -   	EPOCH:  28	MiniBatch:    0
03/05/2021 09:55:26 - INFO - __main__ -   	EPOCH:  28	MiniBatch:    1
03/05/2021 09:55:27 - INFO - __main__ -   	EPOCH:  28	MiniBatch:    2
03/05/2021 09:55:28 - INFO - __main__ -   	EPOCH:  28	MiniBatch:    3
03/05/2021 09:55:29 - INFO - __main__ -   	EPOCH:  28	MiniBatch:    4
03/05/2021 09:55:29 - INFO - __main__ -   	EPOCH:  28	MiniBatch:    5
03/05/2021 09:55:30 - INFO - __main__ -   	EPOCH:  28	MiniBatch:    6
03/05/2021 09:55:31 - INFO - __main__ -   	EPOCH:  28	MiniBatch:    7
03/05/2021 09:55:31 - INFO - __main__ -   	EPOCH:  28	MiniBatch:    8
03/05/2021 09:55:32 - INFO - __main__ -   	EPOCH:  28	MiniBatch:    9
03/05/2021 09:55:33 - INFO - __main__ -   	EPOCH:  28	MiniBatch:   10
03/05/2021 09:55:33 - INFO - __main__ -   	EPOCH:  28	MiniBatch:   11
03/05/2021 09:55:34 - INFO - __main__ -   	EPOCH:  28	MiniBatch:   12
03/05/2021 09:55:35 - INFO - __main__ -   	EPOCH:  28	MiniBatch:   13
03/05/2021 09:55:36 - INFO - __main__ -   	EPOCH:  28	MiniBatch:   14
03/05/2021 09:55:36 - INFO - __main__ -   	EPOCH:  28	MiniBatch:   15
03/05/2021 09:55:37 - INFO - __main__ -   	EPOCH:  28	MiniBatch:   16
03/05/2021 09:55:38 - INFO - __main__ -   	EPOCH:  28	MiniBatch:   17
03/05/2021 09:55:38 - INFO - __main__ -   	EPOCH:  28	MiniBatch:   18
03/05/2021 09:55:39 - INFO - __main__ -   	EPOCH:  28	MiniBatch:   19
03/05/2021 09:55:40 - INFO - __main__ -   	EPOCH:  28	MiniBatch:   20
03/05/2021 09:55:41 - INFO - __main__ -   	Testing dev Minibatch:    0
03/05/2021 09:55:41 - INFO - __main__ -   	Testing dev Minibatch:    1
03/05/2021 09:55:42 - INFO - __main__ -   	Testing dev Minibatch:    2
03/05/2021 09:55:42 - INFO - __main__ -   
============ Predict Tweet Stance ============
Labels 	Prec. 	Recall	F1    	Supp  
Denial 	0.6812	0.6886	0.6849	273
Support	0.5291	0.4902	0.5089	204
Comment	0.4857	0.5312	0.5075	192
Queries	0.2500	0.1818	0.2105	22
MacroF1	0.4779
F1w_avg	0.5685
Acc    	57.0

============ Predict Viral Tweets ============
Labels 	Prec. 	Recall	F1    	Supp  
N_viral	0.7663	0.8012	0.7834	483
Viral  	0.4839	0.4327	0.4569	208
MacroF1	0.6201
F1w_avg	0.6851
Acc    	69.0

03/05/2021 09:55:42 - INFO - __main__ -   	EPOCH:  29	MiniBatch:    0
03/05/2021 09:55:43 - INFO - __main__ -   	EPOCH:  29	MiniBatch:    1
03/05/2021 09:55:44 - INFO - __main__ -   	EPOCH:  29	MiniBatch:    2
03/05/2021 09:55:45 - INFO - __main__ -   	EPOCH:  29	MiniBatch:    3
03/05/2021 09:55:45 - INFO - __main__ -   	EPOCH:  29	MiniBatch:    4
03/05/2021 09:55:46 - INFO - __main__ -   	EPOCH:  29	MiniBatch:    5
03/05/2021 09:55:47 - INFO - __main__ -   	EPOCH:  29	MiniBatch:    6
03/05/2021 09:55:47 - INFO - __main__ -   	EPOCH:  29	MiniBatch:    7
03/05/2021 09:55:48 - INFO - __main__ -   	EPOCH:  29	MiniBatch:    8
03/05/2021 09:55:49 - INFO - __main__ -   	EPOCH:  29	MiniBatch:    9
03/05/2021 09:55:49 - INFO - __main__ -   	EPOCH:  29	MiniBatch:   10
03/05/2021 09:55:50 - INFO - __main__ -   	EPOCH:  29	MiniBatch:   11
03/05/2021 09:55:51 - INFO - __main__ -   	EPOCH:  29	MiniBatch:   12
03/05/2021 09:55:52 - INFO - __main__ -   	EPOCH:  29	MiniBatch:   13
03/05/2021 09:55:52 - INFO - __main__ -   	EPOCH:  29	MiniBatch:   14
03/05/2021 09:55:53 - INFO - __main__ -   	EPOCH:  29	MiniBatch:   15
03/05/2021 09:55:54 - INFO - __main__ -   	EPOCH:  29	MiniBatch:   16
03/05/2021 09:55:54 - INFO - __main__ -   	EPOCH:  29	MiniBatch:   17
03/05/2021 09:55:55 - INFO - __main__ -   	EPOCH:  29	MiniBatch:   18
03/05/2021 09:55:56 - INFO - __main__ -   	EPOCH:  29	MiniBatch:   19
03/05/2021 09:55:57 - INFO - __main__ -   	EPOCH:  29	MiniBatch:   20
03/05/2021 09:55:57 - INFO - __main__ -   	Testing dev Minibatch:    0
03/05/2021 09:55:58 - INFO - __main__ -   	Testing dev Minibatch:    1
03/05/2021 09:55:59 - INFO - __main__ -   	Testing dev Minibatch:    2
03/05/2021 09:55:59 - INFO - __main__ -   
============ Predict Tweet Stance ============
Labels 	Prec. 	Recall	F1    	Supp  
Denial 	0.6355	0.7473	0.6869	273
Support	0.5449	0.4167	0.4722	204
Comment	0.5104	0.5104	0.5104	192
Queries	0.3636	0.3636	0.3636	22
MacroF1	0.5083
F1w_avg	0.5642
Acc    	57.2

============ Predict Viral Tweets ============
Labels 	Prec. 	Recall	F1    	Supp  
N_viral	0.7633	0.8012	0.7818	483
Viral  	0.4783	0.4231	0.4490	208
MacroF1	0.6154
F1w_avg	0.6816
Acc    	68.7

03/05/2021 09:55:59 - INFO - __main__ -   	EPOCH:  30	MiniBatch:    0
03/05/2021 09:56:00 - INFO - __main__ -   	EPOCH:  30	MiniBatch:    1
03/05/2021 09:56:01 - INFO - __main__ -   	EPOCH:  30	MiniBatch:    2
03/05/2021 09:56:01 - INFO - __main__ -   	EPOCH:  30	MiniBatch:    3
03/05/2021 09:56:02 - INFO - __main__ -   	EPOCH:  30	MiniBatch:    4
03/05/2021 09:56:03 - INFO - __main__ -   	EPOCH:  30	MiniBatch:    5
03/05/2021 09:56:03 - INFO - __main__ -   	EPOCH:  30	MiniBatch:    6
03/05/2021 09:56:04 - INFO - __main__ -   	EPOCH:  30	MiniBatch:    7
03/05/2021 09:56:05 - INFO - __main__ -   	EPOCH:  30	MiniBatch:    8
03/05/2021 09:56:05 - INFO - __main__ -   	EPOCH:  30	MiniBatch:    9
03/05/2021 09:56:06 - INFO - __main__ -   	EPOCH:  30	MiniBatch:   10
03/05/2021 09:56:07 - INFO - __main__ -   	EPOCH:  30	MiniBatch:   11
03/05/2021 09:56:08 - INFO - __main__ -   	EPOCH:  30	MiniBatch:   12
03/05/2021 09:56:08 - INFO - __main__ -   	EPOCH:  30	MiniBatch:   13
03/05/2021 09:56:09 - INFO - __main__ -   	EPOCH:  30	MiniBatch:   14
03/05/2021 09:56:10 - INFO - __main__ -   	EPOCH:  30	MiniBatch:   15
03/05/2021 09:56:10 - INFO - __main__ -   	EPOCH:  30	MiniBatch:   16
03/05/2021 09:56:11 - INFO - __main__ -   	EPOCH:  30	MiniBatch:   17
03/05/2021 09:56:12 - INFO - __main__ -   	EPOCH:  30	MiniBatch:   18
03/05/2021 09:56:12 - INFO - __main__ -   	EPOCH:  30	MiniBatch:   19
03/05/2021 09:56:13 - INFO - __main__ -   	EPOCH:  30	MiniBatch:   20
03/05/2021 09:56:14 - INFO - __main__ -   	Testing dev Minibatch:    0
03/05/2021 09:56:15 - INFO - __main__ -   	Testing dev Minibatch:    1
03/05/2021 09:56:15 - INFO - __main__ -   	Testing dev Minibatch:    2
03/05/2021 09:56:16 - INFO - __main__ -   
============ Predict Tweet Stance ============
Labels 	Prec. 	Recall	F1    	Supp  
Denial 	0.6077	0.8059	0.6929	273
Support	0.5655	0.4657	0.5108	204
Comment	0.5486	0.4115	0.4702	192
Queries	0.3529	0.2727	0.3077	22
MacroF1	0.4954
F1w_avg	0.5650
Acc    	57.9

============ Predict Viral Tweets ============
Labels 	Prec. 	Recall	F1    	Supp  
N_viral	0.7722	0.7930	0.7824	483
Viral  	0.4872	0.4567	0.4715	208
MacroF1	0.6269
F1w_avg	0.6888
Acc    	69.2

03/05/2021 09:56:16 - INFO - __main__ -   	EPOCH:  31	MiniBatch:    0
03/05/2021 09:56:16 - INFO - __main__ -   	EPOCH:  31	MiniBatch:    1
03/05/2021 09:56:17 - INFO - __main__ -   	EPOCH:  31	MiniBatch:    2
03/05/2021 09:56:18 - INFO - __main__ -   	EPOCH:  31	MiniBatch:    3
03/05/2021 09:56:19 - INFO - __main__ -   	EPOCH:  31	MiniBatch:    4
03/05/2021 09:56:19 - INFO - __main__ -   	EPOCH:  31	MiniBatch:    5
03/05/2021 09:56:20 - INFO - __main__ -   	EPOCH:  31	MiniBatch:    6
03/05/2021 09:56:21 - INFO - __main__ -   	EPOCH:  31	MiniBatch:    7
03/05/2021 09:56:21 - INFO - __main__ -   	EPOCH:  31	MiniBatch:    8
03/05/2021 09:56:22 - INFO - __main__ -   	EPOCH:  31	MiniBatch:    9
03/05/2021 09:56:23 - INFO - __main__ -   	EPOCH:  31	MiniBatch:   10
03/05/2021 09:56:24 - INFO - __main__ -   	EPOCH:  31	MiniBatch:   11
03/05/2021 09:56:24 - INFO - __main__ -   	EPOCH:  31	MiniBatch:   12
03/05/2021 09:56:25 - INFO - __main__ -   	EPOCH:  31	MiniBatch:   13
03/05/2021 09:56:26 - INFO - __main__ -   	EPOCH:  31	MiniBatch:   14
03/05/2021 09:56:26 - INFO - __main__ -   	EPOCH:  31	MiniBatch:   15
03/05/2021 09:56:27 - INFO - __main__ -   	EPOCH:  31	MiniBatch:   16
03/05/2021 09:56:28 - INFO - __main__ -   	EPOCH:  31	MiniBatch:   17
03/05/2021 09:56:28 - INFO - __main__ -   	EPOCH:  31	MiniBatch:   18
03/05/2021 09:56:29 - INFO - __main__ -   	EPOCH:  31	MiniBatch:   19
03/05/2021 09:56:30 - INFO - __main__ -   	EPOCH:  31	MiniBatch:   20
03/05/2021 09:56:31 - INFO - __main__ -   	Testing dev Minibatch:    0
03/05/2021 09:56:31 - INFO - __main__ -   	Testing dev Minibatch:    1
03/05/2021 09:56:32 - INFO - __main__ -   	Testing dev Minibatch:    2
03/05/2021 09:56:32 - INFO - __main__ -   
============ Predict Tweet Stance ============
Labels 	Prec. 	Recall	F1    	Supp  
Denial 	0.6073	0.7875	0.6858	273
Support	0.5398	0.4657	0.5000	204
Comment	0.5211	0.3854	0.4431	192
Queries	0.3684	0.3182	0.3415	22
MacroF1	0.4926
F1w_avg	0.5526
Acc    	56.6

============ Predict Viral Tweets ============
Labels 	Prec. 	Recall	F1    	Supp  
N_viral	0.7716	0.7764	0.7740	483
Viral  	0.4732	0.4663	0.4697	208
MacroF1	0.6219
F1w_avg	0.6824
Acc    	68.3

03/05/2021 09:56:32 - INFO - __main__ -   	EPOCH:  32	MiniBatch:    0
03/05/2021 09:56:33 - INFO - __main__ -   	EPOCH:  32	MiniBatch:    1
03/05/2021 09:56:34 - INFO - __main__ -   	EPOCH:  32	MiniBatch:    2
03/05/2021 09:56:35 - INFO - __main__ -   	EPOCH:  32	MiniBatch:    3
03/05/2021 09:56:35 - INFO - __main__ -   	EPOCH:  32	MiniBatch:    4
03/05/2021 09:56:36 - INFO - __main__ -   	EPOCH:  32	MiniBatch:    5
03/05/2021 09:56:37 - INFO - __main__ -   	EPOCH:  32	MiniBatch:    6
03/05/2021 09:56:37 - INFO - __main__ -   	EPOCH:  32	MiniBatch:    7
03/05/2021 09:56:38 - INFO - __main__ -   	EPOCH:  32	MiniBatch:    8
03/05/2021 09:56:39 - INFO - __main__ -   	EPOCH:  32	MiniBatch:    9
03/05/2021 09:56:40 - INFO - __main__ -   	EPOCH:  32	MiniBatch:   10
03/05/2021 09:56:40 - INFO - __main__ -   	EPOCH:  32	MiniBatch:   11
03/05/2021 09:56:41 - INFO - __main__ -   	EPOCH:  32	MiniBatch:   12
03/05/2021 09:56:42 - INFO - __main__ -   	EPOCH:  32	MiniBatch:   13
03/05/2021 09:56:42 - INFO - __main__ -   	EPOCH:  32	MiniBatch:   14
03/05/2021 09:56:43 - INFO - __main__ -   	EPOCH:  32	MiniBatch:   15
03/05/2021 09:56:44 - INFO - __main__ -   	EPOCH:  32	MiniBatch:   16
03/05/2021 09:56:44 - INFO - __main__ -   	EPOCH:  32	MiniBatch:   17
03/05/2021 09:56:45 - INFO - __main__ -   	EPOCH:  32	MiniBatch:   18
03/05/2021 09:56:46 - INFO - __main__ -   	EPOCH:  32	MiniBatch:   19
03/05/2021 09:56:47 - INFO - __main__ -   	EPOCH:  32	MiniBatch:   20
03/05/2021 09:56:47 - INFO - __main__ -   	Testing dev Minibatch:    0
03/05/2021 09:56:48 - INFO - __main__ -   	Testing dev Minibatch:    1
03/05/2021 09:56:49 - INFO - __main__ -   	Testing dev Minibatch:    2
03/05/2021 09:56:49 - INFO - __main__ -   
============ Predict Tweet Stance ============
Labels 	Prec. 	Recall	F1    	Supp  
Denial 	0.6488	0.7106	0.6783	273
Support	0.5497	0.4608	0.5013	204
Comment	0.4853	0.5156	0.5000	192
Queries	0.2941	0.2273	0.2564	22
MacroF1	0.4840
F1w_avg	0.5631
Acc    	56.7

============ Predict Viral Tweets ============
Labels 	Prec. 	Recall	F1    	Supp  
N_viral	0.7592	0.8095	0.7836	483
Viral  	0.4773	0.4038	0.4375	208
MacroF1	0.6105
F1w_avg	0.6794
Acc    	68.7

03/05/2021 09:56:49 - INFO - __main__ -   	EPOCH:  33	MiniBatch:    0
03/05/2021 09:56:50 - INFO - __main__ -   	EPOCH:  33	MiniBatch:    1
03/05/2021 09:56:51 - INFO - __main__ -   	EPOCH:  33	MiniBatch:    2
03/05/2021 09:56:51 - INFO - __main__ -   	EPOCH:  33	MiniBatch:    3
03/05/2021 09:56:52 - INFO - __main__ -   	EPOCH:  33	MiniBatch:    4
03/05/2021 09:56:53 - INFO - __main__ -   	EPOCH:  33	MiniBatch:    5
03/05/2021 09:56:53 - INFO - __main__ -   	EPOCH:  33	MiniBatch:    6
03/05/2021 09:56:54 - INFO - __main__ -   	EPOCH:  33	MiniBatch:    7
03/05/2021 09:56:55 - INFO - __main__ -   	EPOCH:  33	MiniBatch:    8
03/05/2021 09:56:56 - INFO - __main__ -   	EPOCH:  33	MiniBatch:    9
03/05/2021 09:56:56 - INFO - __main__ -   	EPOCH:  33	MiniBatch:   10
03/05/2021 09:56:57 - INFO - __main__ -   	EPOCH:  33	MiniBatch:   11
03/05/2021 09:56:58 - INFO - __main__ -   	EPOCH:  33	MiniBatch:   12
03/05/2021 09:56:58 - INFO - __main__ -   	EPOCH:  33	MiniBatch:   13
03/05/2021 09:56:59 - INFO - __main__ -   	EPOCH:  33	MiniBatch:   14
03/05/2021 09:57:00 - INFO - __main__ -   	EPOCH:  33	MiniBatch:   15
03/05/2021 09:57:00 - INFO - __main__ -   	EPOCH:  33	MiniBatch:   16
03/05/2021 09:57:01 - INFO - __main__ -   	EPOCH:  33	MiniBatch:   17
03/05/2021 09:57:02 - INFO - __main__ -   	EPOCH:  33	MiniBatch:   18
03/05/2021 09:57:03 - INFO - __main__ -   	EPOCH:  33	MiniBatch:   19
03/05/2021 09:57:03 - INFO - __main__ -   	EPOCH:  33	MiniBatch:   20
03/05/2021 09:57:04 - INFO - __main__ -   	Testing dev Minibatch:    0
03/05/2021 09:57:05 - INFO - __main__ -   	Testing dev Minibatch:    1
03/05/2021 09:57:05 - INFO - __main__ -   	Testing dev Minibatch:    2
03/05/2021 09:57:06 - INFO - __main__ -   
============ Predict Tweet Stance ============
Labels 	Prec. 	Recall	F1    	Supp  
Denial 	0.6444	0.7436	0.6905	273
Support	0.5417	0.4461	0.4892	204
Comment	0.4947	0.4896	0.4921	192
Queries	0.3333	0.2727	0.3000	22
MacroF1	0.4930
F1w_avg	0.5635
Acc    	57.0

============ Predict Viral Tweets ============
Labels 	Prec. 	Recall	F1    	Supp  
N_viral	0.7771	0.7723	0.7747	483
Viral  	0.4787	0.4856	0.4821	208
MacroF1	0.6284
F1w_avg	0.6866
Acc    	68.6

03/05/2021 09:57:06 - INFO - __main__ -   	EPOCH:  34	MiniBatch:    0
03/05/2021 09:57:07 - INFO - __main__ -   	EPOCH:  34	MiniBatch:    1
03/05/2021 09:57:07 - INFO - __main__ -   	EPOCH:  34	MiniBatch:    2
03/05/2021 09:57:08 - INFO - __main__ -   	EPOCH:  34	MiniBatch:    3
03/05/2021 09:57:09 - INFO - __main__ -   	EPOCH:  34	MiniBatch:    4
03/05/2021 09:57:09 - INFO - __main__ -   	EPOCH:  34	MiniBatch:    5
03/05/2021 09:57:10 - INFO - __main__ -   	EPOCH:  34	MiniBatch:    6
03/05/2021 09:57:11 - INFO - __main__ -   	EPOCH:  34	MiniBatch:    7
03/05/2021 09:57:12 - INFO - __main__ -   	EPOCH:  34	MiniBatch:    8
03/05/2021 09:57:12 - INFO - __main__ -   	EPOCH:  34	MiniBatch:    9
03/05/2021 09:57:13 - INFO - __main__ -   	EPOCH:  34	MiniBatch:   10
03/05/2021 09:57:14 - INFO - __main__ -   	EPOCH:  34	MiniBatch:   11
03/05/2021 09:57:14 - INFO - __main__ -   	EPOCH:  34	MiniBatch:   12
03/05/2021 09:57:15 - INFO - __main__ -   	EPOCH:  34	MiniBatch:   13
03/05/2021 09:57:16 - INFO - __main__ -   	EPOCH:  34	MiniBatch:   14
03/05/2021 09:57:16 - INFO - __main__ -   	EPOCH:  34	MiniBatch:   15
03/05/2021 09:57:17 - INFO - __main__ -   	EPOCH:  34	MiniBatch:   16
03/05/2021 09:57:18 - INFO - __main__ -   	EPOCH:  34	MiniBatch:   17
03/05/2021 09:57:19 - INFO - __main__ -   	EPOCH:  34	MiniBatch:   18
03/05/2021 09:57:19 - INFO - __main__ -   	EPOCH:  34	MiniBatch:   19
03/05/2021 09:57:20 - INFO - __main__ -   	EPOCH:  34	MiniBatch:   20
03/05/2021 09:57:21 - INFO - __main__ -   	Testing dev Minibatch:    0
03/05/2021 09:57:21 - INFO - __main__ -   	Testing dev Minibatch:    1
03/05/2021 09:57:22 - INFO - __main__ -   	Testing dev Minibatch:    2
03/05/2021 09:57:22 - INFO - __main__ -   
============ Predict Tweet Stance ============
Labels 	Prec. 	Recall	F1    	Supp  
Denial 	0.6401	0.7363	0.6848	273
Support	0.5394	0.4363	0.4824	204
Comment	0.4845	0.4896	0.4870	192
Queries	0.3333	0.2727	0.3000	22
MacroF1	0.4886
F1w_avg	0.5579
Acc    	56.4

============ Predict Viral Tweets ============
Labels 	Prec. 	Recall	F1    	Supp  
N_viral	0.7801	0.7640	0.7720	483
Viral  	0.4771	0.5000	0.4883	208
MacroF1	0.6301
F1w_avg	0.6866
Acc    	68.5

03/05/2021 09:57:23 - INFO - __main__ -   	EPOCH:  35	MiniBatch:    0
03/05/2021 09:57:23 - INFO - __main__ -   	EPOCH:  35	MiniBatch:    1
03/05/2021 09:57:24 - INFO - __main__ -   	EPOCH:  35	MiniBatch:    2
03/05/2021 09:57:25 - INFO - __main__ -   	EPOCH:  35	MiniBatch:    3
03/05/2021 09:57:25 - INFO - __main__ -   	EPOCH:  35	MiniBatch:    4
03/05/2021 09:57:26 - INFO - __main__ -   	EPOCH:  35	MiniBatch:    5
03/05/2021 09:57:27 - INFO - __main__ -   	EPOCH:  35	MiniBatch:    6
03/05/2021 09:57:28 - INFO - __main__ -   	EPOCH:  35	MiniBatch:    7
03/05/2021 09:57:28 - INFO - __main__ -   	EPOCH:  35	MiniBatch:    8
03/05/2021 09:57:29 - INFO - __main__ -   	EPOCH:  35	MiniBatch:    9
03/05/2021 09:57:30 - INFO - __main__ -   	EPOCH:  35	MiniBatch:   10
03/05/2021 09:57:30 - INFO - __main__ -   	EPOCH:  35	MiniBatch:   11
03/05/2021 09:57:31 - INFO - __main__ -   	EPOCH:  35	MiniBatch:   12
03/05/2021 09:57:32 - INFO - __main__ -   	EPOCH:  35	MiniBatch:   13
03/05/2021 09:57:33 - INFO - __main__ -   	EPOCH:  35	MiniBatch:   14
03/05/2021 09:57:33 - INFO - __main__ -   	EPOCH:  35	MiniBatch:   15
03/05/2021 09:57:34 - INFO - __main__ -   	EPOCH:  35	MiniBatch:   16
03/05/2021 09:57:35 - INFO - __main__ -   	EPOCH:  35	MiniBatch:   17
03/05/2021 09:57:35 - INFO - __main__ -   	EPOCH:  35	MiniBatch:   18
03/05/2021 09:57:36 - INFO - __main__ -   	EPOCH:  35	MiniBatch:   19
03/05/2021 09:57:37 - INFO - __main__ -   	EPOCH:  35	MiniBatch:   20
03/05/2021 09:57:37 - INFO - __main__ -   	Testing dev Minibatch:    0
03/05/2021 09:57:38 - INFO - __main__ -   	Testing dev Minibatch:    1
03/05/2021 09:57:39 - INFO - __main__ -   	Testing dev Minibatch:    2
03/05/2021 09:57:39 - INFO - __main__ -   
============ Predict Tweet Stance ============
Labels 	Prec. 	Recall	F1    	Supp  
Denial 	0.6436	0.7143	0.6771	273
Support	0.5309	0.5049	0.5176	204
Comment	0.5000	0.4531	0.4754	192
Queries	0.3500	0.3182	0.3333	22
MacroF1	0.5009
F1w_avg	0.5630
Acc    	56.7

============ Predict Viral Tweets ============
Labels 	Prec. 	Recall	F1    	Supp  
N_viral	0.7613	0.7992	0.7798	483
Viral  	0.4728	0.4183	0.4439	208
MacroF1	0.6118
F1w_avg	0.6787
Acc    	68.5

03/05/2021 09:57:39 - INFO - __main__ -   	EPOCH:  36	MiniBatch:    0
03/05/2021 09:57:40 - INFO - __main__ -   	EPOCH:  36	MiniBatch:    1
03/05/2021 09:57:41 - INFO - __main__ -   	EPOCH:  36	MiniBatch:    2
03/05/2021 09:57:42 - INFO - __main__ -   	EPOCH:  36	MiniBatch:    3
03/05/2021 09:57:42 - INFO - __main__ -   	EPOCH:  36	MiniBatch:    4
03/05/2021 09:57:43 - INFO - __main__ -   	EPOCH:  36	MiniBatch:    5
03/05/2021 09:57:44 - INFO - __main__ -   	EPOCH:  36	MiniBatch:    6
03/05/2021 09:57:44 - INFO - __main__ -   	EPOCH:  36	MiniBatch:    7
03/05/2021 09:57:45 - INFO - __main__ -   	EPOCH:  36	MiniBatch:    8
03/05/2021 09:57:46 - INFO - __main__ -   	EPOCH:  36	MiniBatch:    9
03/05/2021 09:57:46 - INFO - __main__ -   	EPOCH:  36	MiniBatch:   10
03/05/2021 09:57:47 - INFO - __main__ -   	EPOCH:  36	MiniBatch:   11
03/05/2021 09:57:48 - INFO - __main__ -   	EPOCH:  36	MiniBatch:   12
03/05/2021 09:57:49 - INFO - __main__ -   	EPOCH:  36	MiniBatch:   13
03/05/2021 09:57:49 - INFO - __main__ -   	EPOCH:  36	MiniBatch:   14
03/05/2021 09:57:50 - INFO - __main__ -   	EPOCH:  36	MiniBatch:   15
03/05/2021 09:57:51 - INFO - __main__ -   	EPOCH:  36	MiniBatch:   16
03/05/2021 09:57:51 - INFO - __main__ -   	EPOCH:  36	MiniBatch:   17
03/05/2021 09:57:52 - INFO - __main__ -   	EPOCH:  36	MiniBatch:   18
03/05/2021 09:57:53 - INFO - __main__ -   	EPOCH:  36	MiniBatch:   19
03/05/2021 09:57:53 - INFO - __main__ -   	EPOCH:  36	MiniBatch:   20
03/05/2021 09:57:54 - INFO - __main__ -   	Testing dev Minibatch:    0
03/05/2021 09:57:55 - INFO - __main__ -   	Testing dev Minibatch:    1
03/05/2021 09:57:56 - INFO - __main__ -   	Testing dev Minibatch:    2
03/05/2021 09:57:56 - INFO - __main__ -   
============ Predict Tweet Stance ============
Labels 	Prec. 	Recall	F1    	Supp  
Denial 	0.6261	0.7546	0.6844	273
Support	0.5370	0.4265	0.4754	204
Comment	0.4862	0.4583	0.4718	192
Queries	0.3158	0.2727	0.2927	22
MacroF1	0.4811
F1w_avg	0.5512
Acc    	56.0

============ Predict Viral Tweets ============
Labels 	Prec. 	Recall	F1    	Supp  
N_viral	0.7724	0.7867	0.7795	483
Viral  	0.4824	0.4615	0.4717	208
MacroF1	0.6256
F1w_avg	0.6869
Acc    	68.9

03/05/2021 09:57:56 - INFO - __main__ -   	EPOCH:  37	MiniBatch:    0
03/05/2021 09:57:57 - INFO - __main__ -   	EPOCH:  37	MiniBatch:    1
03/05/2021 09:57:58 - INFO - __main__ -   	EPOCH:  37	MiniBatch:    2
03/05/2021 09:57:58 - INFO - __main__ -   	EPOCH:  37	MiniBatch:    3
03/05/2021 09:57:59 - INFO - __main__ -   	EPOCH:  37	MiniBatch:    4
03/05/2021 09:58:00 - INFO - __main__ -   	EPOCH:  37	MiniBatch:    5
03/05/2021 09:58:00 - INFO - __main__ -   	EPOCH:  37	MiniBatch:    6
03/05/2021 09:58:01 - INFO - __main__ -   	EPOCH:  37	MiniBatch:    7
03/05/2021 09:58:02 - INFO - __main__ -   	EPOCH:  37	MiniBatch:    8
03/05/2021 09:58:02 - INFO - __main__ -   	EPOCH:  37	MiniBatch:    9
03/05/2021 09:58:03 - INFO - __main__ -   	EPOCH:  37	MiniBatch:   10
03/05/2021 09:58:04 - INFO - __main__ -   	EPOCH:  37	MiniBatch:   11
03/05/2021 09:58:05 - INFO - __main__ -   	EPOCH:  37	MiniBatch:   12
03/05/2021 09:58:05 - INFO - __main__ -   	EPOCH:  37	MiniBatch:   13
03/05/2021 09:58:06 - INFO - __main__ -   	EPOCH:  37	MiniBatch:   14
03/05/2021 09:58:07 - INFO - __main__ -   	EPOCH:  37	MiniBatch:   15
03/05/2021 09:58:07 - INFO - __main__ -   	EPOCH:  37	MiniBatch:   16
03/05/2021 09:58:08 - INFO - __main__ -   	EPOCH:  37	MiniBatch:   17
03/05/2021 09:58:09 - INFO - __main__ -   	EPOCH:  37	MiniBatch:   18
03/05/2021 09:58:10 - INFO - __main__ -   	EPOCH:  37	MiniBatch:   19
03/05/2021 09:58:10 - INFO - __main__ -   	EPOCH:  37	MiniBatch:   20
03/05/2021 09:58:11 - INFO - __main__ -   	Testing dev Minibatch:    0
03/05/2021 09:58:12 - INFO - __main__ -   	Testing dev Minibatch:    1
03/05/2021 09:58:12 - INFO - __main__ -   	Testing dev Minibatch:    2
03/05/2021 09:58:13 - INFO - __main__ -   
============ Predict Tweet Stance ============
Labels 	Prec. 	Recall	F1    	Supp  
Denial 	0.6170	0.7729	0.6862	273
Support	0.5556	0.4167	0.4762	204
Comment	0.5087	0.4583	0.4822	192
Queries	0.3043	0.3182	0.3111	22
MacroF1	0.4889
F1w_avg	0.5556
Acc    	56.6

============ Predict Viral Tweets ============
Labels 	Prec. 	Recall	F1    	Supp  
N_viral	0.7710	0.7805	0.7757	483
Viral  	0.4752	0.4615	0.4683	208
MacroF1	0.6220
F1w_avg	0.6832
Acc    	68.5

03/05/2021 09:58:13 - INFO - __main__ -   No improvements in F1 for 20 epochs
03/05/2021 09:58:15 - INFO - __main__ -   	Testing test Minibatch:    0
03/05/2021 09:58:15 - INFO - __main__ -   	Testing test Minibatch:    1
03/05/2021 09:58:16 - INFO - __main__ -   	Testing test Minibatch:    2
03/05/2021 09:58:16 - INFO - __main__ -   
============ Predict Tweet Stance ============
Labels 	Prec. 	Recall	F1    	Supp  
Denial 	0.5630	0.7791	0.6537	258
Support	0.5746	0.3438	0.4302	224
Comment	0.5056	0.4866	0.4959	187
Queries	0.3810	0.3478	0.3636	23
MacroF1	0.4858
F1w_avg	0.5290
Acc    	54.5

============ Predict Viral Tweets ============
Labels 	Prec. 	Recall	F1    	Supp  
N_viral	0.8333	0.7335	0.7802	484
Viral  	0.5150	0.6587	0.5781	208
MacroF1	0.6791
F1w_avg	0.7195
Acc    	71.1

03/05/2021 09:58:16 - INFO - __main__ -   Time taken: 0h 10m 56s
