03/05/2021 10:14:27 - INFO - __main__ -   ----------------- Hyperparameters ------------------
03/05/2021 10:14:27 - INFO - __main__ -   ======== mtt_Bertweet =========
03/05/2021 10:14:27 - INFO - __main__ -   ===== Hyperparameters ======
03/05/2021 10:14:27 - INFO - __main__ -   ('batch_train', 100)
03/05/2021 10:14:27 - INFO - __main__ -   ('batch_test', 300)
03/05/2021 10:14:27 - INFO - __main__ -   ('epochs', 200)
03/05/2021 10:14:27 - INFO - __main__ -   ('learning_rate', 4e-05)
03/05/2021 10:14:27 - INFO - __main__ -   ('optimizer', 'adam')
03/05/2021 10:14:27 - INFO - __main__ -   ('do_train', True)
03/05/2021 10:14:27 - INFO - __main__ -   ('do_test', True)
03/05/2021 10:14:27 - INFO - __main__ -   ('model_name', 'mtt_Bertweet')
03/05/2021 10:14:27 - INFO - __main__ -   ('exp_name', 'exp18')
03/05/2021 10:14:27 - INFO - __main__ -   ('train_data', './data/train_set_128_w_length_bertweet.bin')
03/05/2021 10:14:27 - INFO - __main__ -   ('test_data', './data/test_set_128_w_length_bertweet.bin')
03/05/2021 10:14:27 - INFO - __main__ -   ('k_folds', 4)
03/05/2021 10:14:27 - INFO - __main__ -   ('folds2run', 1)
03/05/2021 10:14:27 - INFO - __main__ -   ('debug', False)
03/05/2021 10:14:27 - INFO - __main__ -   ('log_interval', 1)
03/05/2021 10:14:27 - INFO - __main__ -   ('loss_fn', 'ce_loss')
03/05/2021 10:14:27 - INFO - __main__ -   ('w_sample', True)
03/05/2021 10:14:27 - INFO - __main__ -   ('pretrain_model', '')
03/05/2021 10:14:27 - INFO - __main__ -   ('epochs2giveup', 20)
03/05/2021 10:14:27 - INFO - __main__ -   ('dropout', 0.1)
03/05/2021 10:14:27 - INFO - __main__ -   ('viral_attr', 'retweets')
03/05/2021 10:14:27 - INFO - __main__ -   ('viral_threshold', 70.0)
03/05/2021 10:14:27 - INFO - __main__ -   ('weight_attr', 'viral')
03/05/2021 10:14:27 - INFO - __main__ -   ('task', 'multi')
03/05/2021 10:14:27 - INFO - __main__ -   ('mtt_weight', 1.0)
03/05/2021 10:14:27 - INFO - __main__ -   ------------------ Getting model -------------------
03/05/2021 10:14:33 - INFO - __main__ -   --------------- Getting dataframes -----------------
03/05/2021 10:14:33 - INFO - __main__ -   ------- Setting loss function and optimizer --------
03/05/2021 10:14:33 - INFO - __main__ -   ------------ Converting to dataloaders -------------
03/05/2021 10:14:33 - INFO - __main__ -   class:    0 	count: 1452
03/05/2021 10:14:33 - INFO - __main__ -   class:    1 	count:  623
03/05/2021 10:14:33 - INFO - __main__ -   ---------------- Starting training -----------------
03/05/2021 10:14:33 - INFO - __main__ -   	EPOCH:   0	MiniBatch:    0
03/05/2021 10:14:34 - INFO - __main__ -   	EPOCH:   0	MiniBatch:    1
03/05/2021 10:14:35 - INFO - __main__ -   	EPOCH:   0	MiniBatch:    2
03/05/2021 10:14:36 - INFO - __main__ -   	EPOCH:   0	MiniBatch:    3
03/05/2021 10:14:36 - INFO - __main__ -   	EPOCH:   0	MiniBatch:    4
03/05/2021 10:14:37 - INFO - __main__ -   	EPOCH:   0	MiniBatch:    5
03/05/2021 10:14:38 - INFO - __main__ -   	EPOCH:   0	MiniBatch:    6
03/05/2021 10:14:38 - INFO - __main__ -   	EPOCH:   0	MiniBatch:    7
03/05/2021 10:14:39 - INFO - __main__ -   	EPOCH:   0	MiniBatch:    8
03/05/2021 10:14:40 - INFO - __main__ -   	EPOCH:   0	MiniBatch:    9
03/05/2021 10:14:40 - INFO - __main__ -   	EPOCH:   0	MiniBatch:   10
03/05/2021 10:14:41 - INFO - __main__ -   	EPOCH:   0	MiniBatch:   11
03/05/2021 10:14:42 - INFO - __main__ -   	EPOCH:   0	MiniBatch:   12
03/05/2021 10:14:42 - INFO - __main__ -   	EPOCH:   0	MiniBatch:   13
03/05/2021 10:14:43 - INFO - __main__ -   	EPOCH:   0	MiniBatch:   14
03/05/2021 10:14:44 - INFO - __main__ -   	EPOCH:   0	MiniBatch:   15
03/05/2021 10:14:45 - INFO - __main__ -   	EPOCH:   0	MiniBatch:   16
03/05/2021 10:14:45 - INFO - __main__ -   	EPOCH:   0	MiniBatch:   17
03/05/2021 10:14:46 - INFO - __main__ -   	EPOCH:   0	MiniBatch:   18
03/05/2021 10:14:47 - INFO - __main__ -   	EPOCH:   0	MiniBatch:   19
03/05/2021 10:14:47 - INFO - __main__ -   	EPOCH:   0	MiniBatch:   20
03/05/2021 10:14:48 - INFO - __main__ -   	Testing dev Minibatch:    0
03/05/2021 10:14:49 - INFO - __main__ -   	Testing dev Minibatch:    1
03/05/2021 10:14:49 - INFO - __main__ -   	Testing dev Minibatch:    2
03/05/2021 10:14:50 - INFO - __main__ -   
============ Predict Tweet Stance ============
Labels 	Prec. 	Recall	F1    	Supp  
Denial 	0.4030	0.9890	0.5726	273
Support	0.0000	0.0000	0.0000	204
Comment	0.8500	0.0885	0.1604	192
Queries	0.0000	0.0000	0.0000	22
MacroF1	0.1833
F1w_avg	0.2708
Acc    	41.5

============ Predict Viral Tweets ============
Labels 	Prec. 	Recall	F1    	Supp  
N_viral	0.7925	0.5217	0.6292	483
Viral  	0.3807	0.6827	0.4888	208
MacroF1	0.5590
F1w_avg	0.5870
Acc    	57.0

03/05/2021 10:14:50 - INFO - __main__ -   Best results so far. Saving model...
03/05/2021 10:14:52 - INFO - __main__ -   	EPOCH:   1	MiniBatch:    0
03/05/2021 10:14:52 - INFO - __main__ -   	EPOCH:   1	MiniBatch:    1
03/05/2021 10:14:53 - INFO - __main__ -   	EPOCH:   1	MiniBatch:    2
03/05/2021 10:14:54 - INFO - __main__ -   	EPOCH:   1	MiniBatch:    3
03/05/2021 10:14:54 - INFO - __main__ -   	EPOCH:   1	MiniBatch:    4
03/05/2021 10:14:55 - INFO - __main__ -   	EPOCH:   1	MiniBatch:    5
03/05/2021 10:14:56 - INFO - __main__ -   	EPOCH:   1	MiniBatch:    6
03/05/2021 10:14:56 - INFO - __main__ -   	EPOCH:   1	MiniBatch:    7
03/05/2021 10:14:57 - INFO - __main__ -   	EPOCH:   1	MiniBatch:    8
03/05/2021 10:14:58 - INFO - __main__ -   	EPOCH:   1	MiniBatch:    9
03/05/2021 10:14:58 - INFO - __main__ -   	EPOCH:   1	MiniBatch:   10
03/05/2021 10:14:59 - INFO - __main__ -   	EPOCH:   1	MiniBatch:   11
03/05/2021 10:15:00 - INFO - __main__ -   	EPOCH:   1	MiniBatch:   12
03/05/2021 10:15:01 - INFO - __main__ -   	EPOCH:   1	MiniBatch:   13
03/05/2021 10:15:01 - INFO - __main__ -   	EPOCH:   1	MiniBatch:   14
03/05/2021 10:15:02 - INFO - __main__ -   	EPOCH:   1	MiniBatch:   15
03/05/2021 10:15:03 - INFO - __main__ -   	EPOCH:   1	MiniBatch:   16
03/05/2021 10:15:03 - INFO - __main__ -   	EPOCH:   1	MiniBatch:   17
03/05/2021 10:15:04 - INFO - __main__ -   	EPOCH:   1	MiniBatch:   18
03/05/2021 10:15:05 - INFO - __main__ -   	EPOCH:   1	MiniBatch:   19
03/05/2021 10:15:05 - INFO - __main__ -   	EPOCH:   1	MiniBatch:   20
03/05/2021 10:15:06 - INFO - __main__ -   	Testing dev Minibatch:    0
03/05/2021 10:15:07 - INFO - __main__ -   	Testing dev Minibatch:    1
03/05/2021 10:15:08 - INFO - __main__ -   	Testing dev Minibatch:    2
03/05/2021 10:15:08 - INFO - __main__ -   
============ Predict Tweet Stance ============
Labels 	Prec. 	Recall	F1    	Supp  
Denial 	0.5520	0.5055	0.5277	273
Support	0.5156	0.4853	0.5000	204
Comment	0.4578	0.5938	0.5170	192
Queries	0.0000	0.0000	0.0000	22
MacroF1	0.3862
F1w_avg	0.4998
Acc    	50.8

============ Predict Viral Tweets ============
Labels 	Prec. 	Recall	F1    	Supp  
N_viral	0.8083	0.6460	0.7181	483
Viral  	0.4393	0.6442	0.5224	208
MacroF1	0.6202
F1w_avg	0.6592
Acc    	64.5

03/05/2021 10:15:08 - INFO - __main__ -   Best results so far. Saving model...
03/05/2021 10:15:10 - INFO - __main__ -   	EPOCH:   2	MiniBatch:    0
03/05/2021 10:15:10 - INFO - __main__ -   	EPOCH:   2	MiniBatch:    1
03/05/2021 10:15:11 - INFO - __main__ -   	EPOCH:   2	MiniBatch:    2
03/05/2021 10:15:12 - INFO - __main__ -   	EPOCH:   2	MiniBatch:    3
03/05/2021 10:15:12 - INFO - __main__ -   	EPOCH:   2	MiniBatch:    4
03/05/2021 10:15:13 - INFO - __main__ -   	EPOCH:   2	MiniBatch:    5
03/05/2021 10:15:14 - INFO - __main__ -   	EPOCH:   2	MiniBatch:    6
03/05/2021 10:15:15 - INFO - __main__ -   	EPOCH:   2	MiniBatch:    7
03/05/2021 10:15:15 - INFO - __main__ -   	EPOCH:   2	MiniBatch:    8
03/05/2021 10:15:16 - INFO - __main__ -   	EPOCH:   2	MiniBatch:    9
03/05/2021 10:15:17 - INFO - __main__ -   	EPOCH:   2	MiniBatch:   10
03/05/2021 10:15:17 - INFO - __main__ -   	EPOCH:   2	MiniBatch:   11
03/05/2021 10:15:18 - INFO - __main__ -   	EPOCH:   2	MiniBatch:   12
03/05/2021 10:15:19 - INFO - __main__ -   	EPOCH:   2	MiniBatch:   13
03/05/2021 10:15:19 - INFO - __main__ -   	EPOCH:   2	MiniBatch:   14
03/05/2021 10:15:20 - INFO - __main__ -   	EPOCH:   2	MiniBatch:   15
03/05/2021 10:15:21 - INFO - __main__ -   	EPOCH:   2	MiniBatch:   16
03/05/2021 10:15:22 - INFO - __main__ -   	EPOCH:   2	MiniBatch:   17
03/05/2021 10:15:22 - INFO - __main__ -   	EPOCH:   2	MiniBatch:   18
03/05/2021 10:15:23 - INFO - __main__ -   	EPOCH:   2	MiniBatch:   19
03/05/2021 10:15:24 - INFO - __main__ -   	EPOCH:   2	MiniBatch:   20
03/05/2021 10:15:24 - INFO - __main__ -   	Testing dev Minibatch:    0
03/05/2021 10:15:25 - INFO - __main__ -   	Testing dev Minibatch:    1
03/05/2021 10:15:26 - INFO - __main__ -   	Testing dev Minibatch:    2
03/05/2021 10:15:26 - INFO - __main__ -   
============ Predict Tweet Stance ============
Labels 	Prec. 	Recall	F1    	Supp  
Denial 	0.5724	0.6374	0.6031	273
Support	0.5039	0.6373	0.5628	204
Comment	0.5194	0.3490	0.4174	192
Queries	0.0000	0.0000	0.0000	22
MacroF1	0.3958
F1w_avg	0.5204
Acc    	53.7

============ Predict Viral Tweets ============
Labels 	Prec. 	Recall	F1    	Supp  
N_viral	0.7759	0.7598	0.7678	483
Viral  	0.4679	0.4904	0.4789	208
MacroF1	0.6233
F1w_avg	0.6808
Acc    	67.9

03/05/2021 10:15:26 - INFO - __main__ -   Best results so far. Saving model...
03/05/2021 10:15:28 - INFO - __main__ -   	EPOCH:   3	MiniBatch:    0
03/05/2021 10:15:28 - INFO - __main__ -   	EPOCH:   3	MiniBatch:    1
03/05/2021 10:15:29 - INFO - __main__ -   	EPOCH:   3	MiniBatch:    2
03/05/2021 10:15:30 - INFO - __main__ -   	EPOCH:   3	MiniBatch:    3
03/05/2021 10:15:31 - INFO - __main__ -   	EPOCH:   3	MiniBatch:    4
03/05/2021 10:15:31 - INFO - __main__ -   	EPOCH:   3	MiniBatch:    5
03/05/2021 10:15:32 - INFO - __main__ -   	EPOCH:   3	MiniBatch:    6
03/05/2021 10:15:33 - INFO - __main__ -   	EPOCH:   3	MiniBatch:    7
03/05/2021 10:15:33 - INFO - __main__ -   	EPOCH:   3	MiniBatch:    8
03/05/2021 10:15:34 - INFO - __main__ -   	EPOCH:   3	MiniBatch:    9
03/05/2021 10:15:35 - INFO - __main__ -   	EPOCH:   3	MiniBatch:   10
03/05/2021 10:15:35 - INFO - __main__ -   	EPOCH:   3	MiniBatch:   11
03/05/2021 10:15:36 - INFO - __main__ -   	EPOCH:   3	MiniBatch:   12
03/05/2021 10:15:37 - INFO - __main__ -   	EPOCH:   3	MiniBatch:   13
03/05/2021 10:15:38 - INFO - __main__ -   	EPOCH:   3	MiniBatch:   14
03/05/2021 10:15:38 - INFO - __main__ -   	EPOCH:   3	MiniBatch:   15
03/05/2021 10:15:39 - INFO - __main__ -   	EPOCH:   3	MiniBatch:   16
03/05/2021 10:15:40 - INFO - __main__ -   	EPOCH:   3	MiniBatch:   17
03/05/2021 10:15:40 - INFO - __main__ -   	EPOCH:   3	MiniBatch:   18
03/05/2021 10:15:41 - INFO - __main__ -   	EPOCH:   3	MiniBatch:   19
03/05/2021 10:15:42 - INFO - __main__ -   	EPOCH:   3	MiniBatch:   20
03/05/2021 10:15:43 - INFO - __main__ -   	Testing dev Minibatch:    0
03/05/2021 10:15:43 - INFO - __main__ -   	Testing dev Minibatch:    1
03/05/2021 10:15:44 - INFO - __main__ -   	Testing dev Minibatch:    2
03/05/2021 10:15:44 - INFO - __main__ -   
============ Predict Tweet Stance ============
Labels 	Prec. 	Recall	F1    	Supp  
Denial 	0.5652	0.8095	0.6657	273
Support	0.5844	0.4412	0.5028	204
Comment	0.5616	0.4271	0.4852	192
Queries	0.0000	0.0000	0.0000	22
MacroF1	0.4134
F1w_avg	0.5462
Acc    	56.9

============ Predict Viral Tweets ============
Labels 	Prec. 	Recall	F1    	Supp  
N_viral	0.8158	0.6418	0.7184	483
Viral  	0.4437	0.6635	0.5318	208
MacroF1	0.6251
F1w_avg	0.6622
Acc    	64.8

03/05/2021 10:15:44 - INFO - __main__ -   Best results so far. Saving model...
03/05/2021 10:15:46 - INFO - __main__ -   	EPOCH:   4	MiniBatch:    0
03/05/2021 10:15:47 - INFO - __main__ -   	EPOCH:   4	MiniBatch:    1
03/05/2021 10:15:47 - INFO - __main__ -   	EPOCH:   4	MiniBatch:    2
03/05/2021 10:15:48 - INFO - __main__ -   	EPOCH:   4	MiniBatch:    3
03/05/2021 10:15:49 - INFO - __main__ -   	EPOCH:   4	MiniBatch:    4
03/05/2021 10:15:49 - INFO - __main__ -   	EPOCH:   4	MiniBatch:    5
03/05/2021 10:15:50 - INFO - __main__ -   	EPOCH:   4	MiniBatch:    6
03/05/2021 10:15:51 - INFO - __main__ -   	EPOCH:   4	MiniBatch:    7
03/05/2021 10:15:52 - INFO - __main__ -   	EPOCH:   4	MiniBatch:    8
03/05/2021 10:15:52 - INFO - __main__ -   	EPOCH:   4	MiniBatch:    9
03/05/2021 10:15:53 - INFO - __main__ -   	EPOCH:   4	MiniBatch:   10
03/05/2021 10:15:54 - INFO - __main__ -   	EPOCH:   4	MiniBatch:   11
03/05/2021 10:15:54 - INFO - __main__ -   	EPOCH:   4	MiniBatch:   12
03/05/2021 10:15:55 - INFO - __main__ -   	EPOCH:   4	MiniBatch:   13
03/05/2021 10:15:56 - INFO - __main__ -   	EPOCH:   4	MiniBatch:   14
03/05/2021 10:15:56 - INFO - __main__ -   	EPOCH:   4	MiniBatch:   15
03/05/2021 10:15:57 - INFO - __main__ -   	EPOCH:   4	MiniBatch:   16
03/05/2021 10:15:58 - INFO - __main__ -   	EPOCH:   4	MiniBatch:   17
03/05/2021 10:15:59 - INFO - __main__ -   	EPOCH:   4	MiniBatch:   18
03/05/2021 10:15:59 - INFO - __main__ -   	EPOCH:   4	MiniBatch:   19
03/05/2021 10:16:00 - INFO - __main__ -   	EPOCH:   4	MiniBatch:   20
03/05/2021 10:16:01 - INFO - __main__ -   	Testing dev Minibatch:    0
03/05/2021 10:16:01 - INFO - __main__ -   	Testing dev Minibatch:    1
03/05/2021 10:16:02 - INFO - __main__ -   	Testing dev Minibatch:    2
03/05/2021 10:16:02 - INFO - __main__ -   
============ Predict Tweet Stance ============
Labels 	Prec. 	Recall	F1    	Supp  
Denial 	0.7214	0.6923	0.7065	273
Support	0.5519	0.6520	0.5978	204
Comment	0.5426	0.5312	0.5368	192
Queries	0.0000	0.0000	0.0000	22
MacroF1	0.4603
F1w_avg	0.6048
Acc    	61.4

============ Predict Viral Tweets ============
Labels 	Prec. 	Recall	F1    	Supp  
N_viral	0.7569	0.7930	0.7745	483
Viral  	0.4595	0.4087	0.4326	208
MacroF1	0.6035
F1w_avg	0.6716
Acc    	67.7

03/05/2021 10:16:02 - INFO - __main__ -   Best results so far. Saving model...
03/05/2021 10:16:04 - INFO - __main__ -   	EPOCH:   5	MiniBatch:    0
03/05/2021 10:16:05 - INFO - __main__ -   	EPOCH:   5	MiniBatch:    1
03/05/2021 10:16:06 - INFO - __main__ -   	EPOCH:   5	MiniBatch:    2
03/05/2021 10:16:06 - INFO - __main__ -   	EPOCH:   5	MiniBatch:    3
03/05/2021 10:16:07 - INFO - __main__ -   	EPOCH:   5	MiniBatch:    4
03/05/2021 10:16:08 - INFO - __main__ -   	EPOCH:   5	MiniBatch:    5
03/05/2021 10:16:08 - INFO - __main__ -   	EPOCH:   5	MiniBatch:    6
03/05/2021 10:16:09 - INFO - __main__ -   	EPOCH:   5	MiniBatch:    7
03/05/2021 10:16:10 - INFO - __main__ -   	EPOCH:   5	MiniBatch:    8
03/05/2021 10:16:11 - INFO - __main__ -   	EPOCH:   5	MiniBatch:    9
03/05/2021 10:16:11 - INFO - __main__ -   	EPOCH:   5	MiniBatch:   10
03/05/2021 10:16:12 - INFO - __main__ -   	EPOCH:   5	MiniBatch:   11
03/05/2021 10:16:13 - INFO - __main__ -   	EPOCH:   5	MiniBatch:   12
03/05/2021 10:16:13 - INFO - __main__ -   	EPOCH:   5	MiniBatch:   13
03/05/2021 10:16:14 - INFO - __main__ -   	EPOCH:   5	MiniBatch:   14
03/05/2021 10:16:15 - INFO - __main__ -   	EPOCH:   5	MiniBatch:   15
03/05/2021 10:16:15 - INFO - __main__ -   	EPOCH:   5	MiniBatch:   16
03/05/2021 10:16:16 - INFO - __main__ -   	EPOCH:   5	MiniBatch:   17
03/05/2021 10:16:17 - INFO - __main__ -   	EPOCH:   5	MiniBatch:   18
03/05/2021 10:16:18 - INFO - __main__ -   	EPOCH:   5	MiniBatch:   19
03/05/2021 10:16:18 - INFO - __main__ -   	EPOCH:   5	MiniBatch:   20
03/05/2021 10:16:19 - INFO - __main__ -   	Testing dev Minibatch:    0
03/05/2021 10:16:20 - INFO - __main__ -   	Testing dev Minibatch:    1
03/05/2021 10:16:20 - INFO - __main__ -   	Testing dev Minibatch:    2
03/05/2021 10:16:21 - INFO - __main__ -   
============ Predict Tweet Stance ============
Labels 	Prec. 	Recall	F1    	Supp  
Denial 	0.5988	0.7436	0.6634	273
Support	0.6207	0.2647	0.3711	204
Comment	0.4226	0.5833	0.4902	192
Queries	0.0000	0.0000	0.0000	22
MacroF1	0.3812
F1w_avg	0.5079
Acc    	53.4

============ Predict Viral Tweets ============
Labels 	Prec. 	Recall	F1    	Supp  
N_viral	0.7641	0.8116	0.7871	483
Viral  	0.4888	0.4183	0.4508	208
MacroF1	0.6190
F1w_avg	0.6859
Acc    	69.3

03/05/2021 10:16:21 - INFO - __main__ -   	EPOCH:   6	MiniBatch:    0
03/05/2021 10:16:22 - INFO - __main__ -   	EPOCH:   6	MiniBatch:    1
03/05/2021 10:16:22 - INFO - __main__ -   	EPOCH:   6	MiniBatch:    2
03/05/2021 10:16:23 - INFO - __main__ -   	EPOCH:   6	MiniBatch:    3
03/05/2021 10:16:24 - INFO - __main__ -   	EPOCH:   6	MiniBatch:    4
03/05/2021 10:16:24 - INFO - __main__ -   	EPOCH:   6	MiniBatch:    5
03/05/2021 10:16:25 - INFO - __main__ -   	EPOCH:   6	MiniBatch:    6
03/05/2021 10:16:26 - INFO - __main__ -   	EPOCH:   6	MiniBatch:    7
03/05/2021 10:16:26 - INFO - __main__ -   	EPOCH:   6	MiniBatch:    8
03/05/2021 10:16:27 - INFO - __main__ -   	EPOCH:   6	MiniBatch:    9
03/05/2021 10:16:28 - INFO - __main__ -   	EPOCH:   6	MiniBatch:   10
03/05/2021 10:16:29 - INFO - __main__ -   	EPOCH:   6	MiniBatch:   11
03/05/2021 10:16:29 - INFO - __main__ -   	EPOCH:   6	MiniBatch:   12
03/05/2021 10:16:30 - INFO - __main__ -   	EPOCH:   6	MiniBatch:   13
03/05/2021 10:16:31 - INFO - __main__ -   	EPOCH:   6	MiniBatch:   14
03/05/2021 10:16:31 - INFO - __main__ -   	EPOCH:   6	MiniBatch:   15
03/05/2021 10:16:32 - INFO - __main__ -   	EPOCH:   6	MiniBatch:   16
03/05/2021 10:16:33 - INFO - __main__ -   	EPOCH:   6	MiniBatch:   17
03/05/2021 10:16:34 - INFO - __main__ -   	EPOCH:   6	MiniBatch:   18
03/05/2021 10:16:34 - INFO - __main__ -   	EPOCH:   6	MiniBatch:   19
03/05/2021 10:16:35 - INFO - __main__ -   	EPOCH:   6	MiniBatch:   20
03/05/2021 10:16:36 - INFO - __main__ -   	Testing dev Minibatch:    0
03/05/2021 10:16:36 - INFO - __main__ -   	Testing dev Minibatch:    1
03/05/2021 10:16:37 - INFO - __main__ -   	Testing dev Minibatch:    2
03/05/2021 10:16:37 - INFO - __main__ -   
============ Predict Tweet Stance ============
Labels 	Prec. 	Recall	F1    	Supp  
Denial 	0.6296	0.7473	0.6834	273
Support	0.5492	0.5196	0.5340	204
Comment	0.5230	0.4740	0.4973	192
Queries	0.0000	0.0000	0.0000	22
MacroF1	0.4287
F1w_avg	0.5658
Acc    	58.0

============ Predict Viral Tweets ============
Labels 	Prec. 	Recall	F1    	Supp  
N_viral	0.7871	0.7350	0.7602	483
Viral  	0.4667	0.5385	0.5000	208
MacroF1	0.6301
F1w_avg	0.6819
Acc    	67.6

03/05/2021 10:16:38 - INFO - __main__ -   	EPOCH:   7	MiniBatch:    0
03/05/2021 10:16:38 - INFO - __main__ -   	EPOCH:   7	MiniBatch:    1
03/05/2021 10:16:39 - INFO - __main__ -   	EPOCH:   7	MiniBatch:    2
03/05/2021 10:16:40 - INFO - __main__ -   	EPOCH:   7	MiniBatch:    3
03/05/2021 10:16:40 - INFO - __main__ -   	EPOCH:   7	MiniBatch:    4
03/05/2021 10:16:41 - INFO - __main__ -   	EPOCH:   7	MiniBatch:    5
03/05/2021 10:16:42 - INFO - __main__ -   	EPOCH:   7	MiniBatch:    6
03/05/2021 10:16:43 - INFO - __main__ -   	EPOCH:   7	MiniBatch:    7
03/05/2021 10:16:43 - INFO - __main__ -   	EPOCH:   7	MiniBatch:    8
03/05/2021 10:16:44 - INFO - __main__ -   	EPOCH:   7	MiniBatch:    9
03/05/2021 10:16:45 - INFO - __main__ -   	EPOCH:   7	MiniBatch:   10
03/05/2021 10:16:45 - INFO - __main__ -   	EPOCH:   7	MiniBatch:   11
03/05/2021 10:16:46 - INFO - __main__ -   	EPOCH:   7	MiniBatch:   12
03/05/2021 10:16:47 - INFO - __main__ -   	EPOCH:   7	MiniBatch:   13
03/05/2021 10:16:47 - INFO - __main__ -   	EPOCH:   7	MiniBatch:   14
03/05/2021 10:16:48 - INFO - __main__ -   	EPOCH:   7	MiniBatch:   15
03/05/2021 10:16:49 - INFO - __main__ -   	EPOCH:   7	MiniBatch:   16
03/05/2021 10:16:50 - INFO - __main__ -   	EPOCH:   7	MiniBatch:   17
03/05/2021 10:16:50 - INFO - __main__ -   	EPOCH:   7	MiniBatch:   18
03/05/2021 10:16:51 - INFO - __main__ -   	EPOCH:   7	MiniBatch:   19
03/05/2021 10:16:52 - INFO - __main__ -   	EPOCH:   7	MiniBatch:   20
03/05/2021 10:16:52 - INFO - __main__ -   	Testing dev Minibatch:    0
03/05/2021 10:16:53 - INFO - __main__ -   	Testing dev Minibatch:    1
03/05/2021 10:16:54 - INFO - __main__ -   	Testing dev Minibatch:    2
03/05/2021 10:16:54 - INFO - __main__ -   
============ Predict Tweet Stance ============
Labels 	Prec. 	Recall	F1    	Supp  
Denial 	0.6508	0.7033	0.6761	273
Support	0.5278	0.5588	0.5429	204
Comment	0.5056	0.4740	0.4892	192
Queries	0.0000	0.0000	0.0000	22
MacroF1	0.4270
F1w_avg	0.5633
Acc    	57.5

============ Predict Viral Tweets ============
Labels 	Prec. 	Recall	F1    	Supp  
N_viral	0.7716	0.7412	0.7561	483
Viral  	0.4493	0.4904	0.4690	208
MacroF1	0.6125
F1w_avg	0.6696
Acc    	66.6

03/05/2021 10:16:54 - INFO - __main__ -   	EPOCH:   8	MiniBatch:    0
03/05/2021 10:16:55 - INFO - __main__ -   	EPOCH:   8	MiniBatch:    1
03/05/2021 10:16:56 - INFO - __main__ -   	EPOCH:   8	MiniBatch:    2
03/05/2021 10:16:56 - INFO - __main__ -   	EPOCH:   8	MiniBatch:    3
03/05/2021 10:16:57 - INFO - __main__ -   	EPOCH:   8	MiniBatch:    4
03/05/2021 10:16:58 - INFO - __main__ -   	EPOCH:   8	MiniBatch:    5
03/05/2021 10:16:59 - INFO - __main__ -   	EPOCH:   8	MiniBatch:    6
03/05/2021 10:16:59 - INFO - __main__ -   	EPOCH:   8	MiniBatch:    7
03/05/2021 10:17:00 - INFO - __main__ -   	EPOCH:   8	MiniBatch:    8
03/05/2021 10:17:01 - INFO - __main__ -   	EPOCH:   8	MiniBatch:    9
03/05/2021 10:17:01 - INFO - __main__ -   	EPOCH:   8	MiniBatch:   10
03/05/2021 10:17:02 - INFO - __main__ -   	EPOCH:   8	MiniBatch:   11
03/05/2021 10:17:03 - INFO - __main__ -   	EPOCH:   8	MiniBatch:   12
03/05/2021 10:17:03 - INFO - __main__ -   	EPOCH:   8	MiniBatch:   13
03/05/2021 10:17:04 - INFO - __main__ -   	EPOCH:   8	MiniBatch:   14
03/05/2021 10:17:05 - INFO - __main__ -   	EPOCH:   8	MiniBatch:   15
03/05/2021 10:17:06 - INFO - __main__ -   	EPOCH:   8	MiniBatch:   16
03/05/2021 10:17:06 - INFO - __main__ -   	EPOCH:   8	MiniBatch:   17
03/05/2021 10:17:07 - INFO - __main__ -   	EPOCH:   8	MiniBatch:   18
03/05/2021 10:17:08 - INFO - __main__ -   	EPOCH:   8	MiniBatch:   19
03/05/2021 10:17:08 - INFO - __main__ -   	EPOCH:   8	MiniBatch:   20
03/05/2021 10:17:09 - INFO - __main__ -   	Testing dev Minibatch:    0
03/05/2021 10:17:10 - INFO - __main__ -   	Testing dev Minibatch:    1
03/05/2021 10:17:11 - INFO - __main__ -   	Testing dev Minibatch:    2
03/05/2021 10:17:11 - INFO - __main__ -   
============ Predict Tweet Stance ============
Labels 	Prec. 	Recall	F1    	Supp  
Denial 	0.6180	0.7289	0.6689	273
Support	0.5156	0.4853	0.5000	204
Comment	0.5227	0.4792	0.5000	192
Queries	0.0000	0.0000	0.0000	22
MacroF1	0.4172
F1w_avg	0.5508
Acc    	56.4

============ Predict Viral Tweets ============
Labels 	Prec. 	Recall	F1    	Supp  
N_viral	0.7495	0.7992	0.7735	483
Viral  	0.4489	0.3798	0.4115	208
MacroF1	0.5925
F1w_avg	0.6646
Acc    	67.3

03/05/2021 10:17:11 - INFO - __main__ -   	EPOCH:   9	MiniBatch:    0
03/05/2021 10:17:12 - INFO - __main__ -   	EPOCH:   9	MiniBatch:    1
03/05/2021 10:17:12 - INFO - __main__ -   	EPOCH:   9	MiniBatch:    2
03/05/2021 10:17:13 - INFO - __main__ -   	EPOCH:   9	MiniBatch:    3
03/05/2021 10:17:14 - INFO - __main__ -   	EPOCH:   9	MiniBatch:    4
03/05/2021 10:17:15 - INFO - __main__ -   	EPOCH:   9	MiniBatch:    5
03/05/2021 10:17:15 - INFO - __main__ -   	EPOCH:   9	MiniBatch:    6
03/05/2021 10:17:16 - INFO - __main__ -   	EPOCH:   9	MiniBatch:    7
03/05/2021 10:17:17 - INFO - __main__ -   	EPOCH:   9	MiniBatch:    8
03/05/2021 10:17:17 - INFO - __main__ -   	EPOCH:   9	MiniBatch:    9
03/05/2021 10:17:18 - INFO - __main__ -   	EPOCH:   9	MiniBatch:   10
03/05/2021 10:17:19 - INFO - __main__ -   	EPOCH:   9	MiniBatch:   11
03/05/2021 10:17:20 - INFO - __main__ -   	EPOCH:   9	MiniBatch:   12
03/05/2021 10:17:20 - INFO - __main__ -   	EPOCH:   9	MiniBatch:   13
03/05/2021 10:17:21 - INFO - __main__ -   	EPOCH:   9	MiniBatch:   14
03/05/2021 10:17:22 - INFO - __main__ -   	EPOCH:   9	MiniBatch:   15
03/05/2021 10:17:22 - INFO - __main__ -   	EPOCH:   9	MiniBatch:   16
03/05/2021 10:17:23 - INFO - __main__ -   	EPOCH:   9	MiniBatch:   17
03/05/2021 10:17:24 - INFO - __main__ -   	EPOCH:   9	MiniBatch:   18
03/05/2021 10:17:25 - INFO - __main__ -   	EPOCH:   9	MiniBatch:   19
03/05/2021 10:17:25 - INFO - __main__ -   	EPOCH:   9	MiniBatch:   20
03/05/2021 10:17:26 - INFO - __main__ -   	Testing dev Minibatch:    0
03/05/2021 10:17:27 - INFO - __main__ -   	Testing dev Minibatch:    1
03/05/2021 10:17:27 - INFO - __main__ -   	Testing dev Minibatch:    2
03/05/2021 10:17:28 - INFO - __main__ -   
============ Predict Tweet Stance ============
Labels 	Prec. 	Recall	F1    	Supp  
Denial 	0.5529	0.8608	0.6734	273
Support	0.5968	0.3627	0.4512	204
Comment	0.5591	0.3698	0.4451	192
Queries	0.3333	0.2273	0.2703	22
MacroF1	0.4600
F1w_avg	0.5315
Acc    	55.7

============ Predict Viral Tweets ============
Labels 	Prec. 	Recall	F1    	Supp  
N_viral	0.7436	0.8468	0.7919	483
Viral  	0.4752	0.3221	0.3840	208
MacroF1	0.5879
F1w_avg	0.6691
Acc    	68.9

03/05/2021 10:17:28 - INFO - __main__ -   	EPOCH:  10	MiniBatch:    0
03/05/2021 10:17:29 - INFO - __main__ -   	EPOCH:  10	MiniBatch:    1
03/05/2021 10:17:29 - INFO - __main__ -   	EPOCH:  10	MiniBatch:    2
03/05/2021 10:17:30 - INFO - __main__ -   	EPOCH:  10	MiniBatch:    3
03/05/2021 10:17:31 - INFO - __main__ -   	EPOCH:  10	MiniBatch:    4
03/05/2021 10:17:31 - INFO - __main__ -   	EPOCH:  10	MiniBatch:    5
03/05/2021 10:17:32 - INFO - __main__ -   	EPOCH:  10	MiniBatch:    6
03/05/2021 10:17:33 - INFO - __main__ -   	EPOCH:  10	MiniBatch:    7
03/05/2021 10:17:34 - INFO - __main__ -   	EPOCH:  10	MiniBatch:    8
03/05/2021 10:17:34 - INFO - __main__ -   	EPOCH:  10	MiniBatch:    9
03/05/2021 10:17:35 - INFO - __main__ -   	EPOCH:  10	MiniBatch:   10
03/05/2021 10:17:36 - INFO - __main__ -   	EPOCH:  10	MiniBatch:   11
03/05/2021 10:17:36 - INFO - __main__ -   	EPOCH:  10	MiniBatch:   12
03/05/2021 10:17:37 - INFO - __main__ -   	EPOCH:  10	MiniBatch:   13
03/05/2021 10:17:38 - INFO - __main__ -   	EPOCH:  10	MiniBatch:   14
03/05/2021 10:17:38 - INFO - __main__ -   	EPOCH:  10	MiniBatch:   15
03/05/2021 10:17:39 - INFO - __main__ -   	EPOCH:  10	MiniBatch:   16
03/05/2021 10:17:40 - INFO - __main__ -   	EPOCH:  10	MiniBatch:   17
03/05/2021 10:17:41 - INFO - __main__ -   	EPOCH:  10	MiniBatch:   18
03/05/2021 10:17:41 - INFO - __main__ -   	EPOCH:  10	MiniBatch:   19
03/05/2021 10:17:42 - INFO - __main__ -   	EPOCH:  10	MiniBatch:   20
03/05/2021 10:17:43 - INFO - __main__ -   	Testing dev Minibatch:    0
03/05/2021 10:17:43 - INFO - __main__ -   	Testing dev Minibatch:    1
03/05/2021 10:17:44 - INFO - __main__ -   	Testing dev Minibatch:    2
03/05/2021 10:17:44 - INFO - __main__ -   
============ Predict Tweet Stance ============
Labels 	Prec. 	Recall	F1    	Supp  
Denial 	0.6163	0.7473	0.6755	273
Support	0.5147	0.5147	0.5147	204
Comment	0.5775	0.4271	0.4910	192
Queries	0.4286	0.2727	0.3333	22
MacroF1	0.5036
F1w_avg	0.5659
Acc    	57.5

============ Predict Viral Tweets ============
Labels 	Prec. 	Recall	F1    	Supp  
N_viral	0.7552	0.8302	0.7909	483
Viral  	0.4875	0.3750	0.4239	208
MacroF1	0.6074
F1w_avg	0.6805
Acc    	69.3

03/05/2021 10:17:44 - INFO - __main__ -   Best results so far. Saving model...
03/05/2021 10:17:46 - INFO - __main__ -   	EPOCH:  11	MiniBatch:    0
03/05/2021 10:17:47 - INFO - __main__ -   	EPOCH:  11	MiniBatch:    1
03/05/2021 10:17:48 - INFO - __main__ -   	EPOCH:  11	MiniBatch:    2
03/05/2021 10:17:48 - INFO - __main__ -   	EPOCH:  11	MiniBatch:    3
03/05/2021 10:17:49 - INFO - __main__ -   	EPOCH:  11	MiniBatch:    4
03/05/2021 10:17:50 - INFO - __main__ -   	EPOCH:  11	MiniBatch:    5
03/05/2021 10:17:50 - INFO - __main__ -   	EPOCH:  11	MiniBatch:    6
03/05/2021 10:17:51 - INFO - __main__ -   	EPOCH:  11	MiniBatch:    7
03/05/2021 10:17:52 - INFO - __main__ -   	EPOCH:  11	MiniBatch:    8
03/05/2021 10:17:53 - INFO - __main__ -   	EPOCH:  11	MiniBatch:    9
03/05/2021 10:17:53 - INFO - __main__ -   	EPOCH:  11	MiniBatch:   10
03/05/2021 10:17:54 - INFO - __main__ -   	EPOCH:  11	MiniBatch:   11
03/05/2021 10:17:55 - INFO - __main__ -   	EPOCH:  11	MiniBatch:   12
03/05/2021 10:17:55 - INFO - __main__ -   	EPOCH:  11	MiniBatch:   13
03/05/2021 10:17:56 - INFO - __main__ -   	EPOCH:  11	MiniBatch:   14
03/05/2021 10:17:57 - INFO - __main__ -   	EPOCH:  11	MiniBatch:   15
03/05/2021 10:17:58 - INFO - __main__ -   	EPOCH:  11	MiniBatch:   16
03/05/2021 10:17:58 - INFO - __main__ -   	EPOCH:  11	MiniBatch:   17
03/05/2021 10:17:59 - INFO - __main__ -   	EPOCH:  11	MiniBatch:   18
03/05/2021 10:18:00 - INFO - __main__ -   	EPOCH:  11	MiniBatch:   19
03/05/2021 10:18:00 - INFO - __main__ -   	EPOCH:  11	MiniBatch:   20
03/05/2021 10:18:01 - INFO - __main__ -   	Testing dev Minibatch:    0
03/05/2021 10:18:02 - INFO - __main__ -   	Testing dev Minibatch:    1
03/05/2021 10:18:02 - INFO - __main__ -   	Testing dev Minibatch:    2
03/05/2021 10:18:03 - INFO - __main__ -   
============ Predict Tweet Stance ============
Labels 	Prec. 	Recall	F1    	Supp  
Denial 	0.6529	0.6960	0.6738	273
Support	0.5426	0.5931	0.5667	204
Comment	0.5549	0.4740	0.5112	192
Queries	0.4615	0.2727	0.3429	22
MacroF1	0.5236
F1w_avg	0.5865
Acc    	59.0

============ Predict Viral Tweets ============
Labels 	Prec. 	Recall	F1    	Supp  
N_viral	0.7500	0.8012	0.7748	483
Viral  	0.4514	0.3798	0.4125	208
MacroF1	0.5937
F1w_avg	0.6657
Acc    	67.4

03/05/2021 10:18:03 - INFO - __main__ -   Best results so far. Saving model...
03/05/2021 10:18:04 - INFO - __main__ -   	EPOCH:  12	MiniBatch:    0
03/05/2021 10:18:05 - INFO - __main__ -   	EPOCH:  12	MiniBatch:    1
03/05/2021 10:18:06 - INFO - __main__ -   	EPOCH:  12	MiniBatch:    2
03/05/2021 10:18:07 - INFO - __main__ -   	EPOCH:  12	MiniBatch:    3
03/05/2021 10:18:07 - INFO - __main__ -   	EPOCH:  12	MiniBatch:    4
03/05/2021 10:18:08 - INFO - __main__ -   	EPOCH:  12	MiniBatch:    5
03/05/2021 10:18:09 - INFO - __main__ -   	EPOCH:  12	MiniBatch:    6
03/05/2021 10:18:09 - INFO - __main__ -   	EPOCH:  12	MiniBatch:    7
03/05/2021 10:18:10 - INFO - __main__ -   	EPOCH:  12	MiniBatch:    8
03/05/2021 10:18:11 - INFO - __main__ -   	EPOCH:  12	MiniBatch:    9
03/05/2021 10:18:12 - INFO - __main__ -   	EPOCH:  12	MiniBatch:   10
03/05/2021 10:18:12 - INFO - __main__ -   	EPOCH:  12	MiniBatch:   11
03/05/2021 10:18:13 - INFO - __main__ -   	EPOCH:  12	MiniBatch:   12
03/05/2021 10:18:14 - INFO - __main__ -   	EPOCH:  12	MiniBatch:   13
03/05/2021 10:18:14 - INFO - __main__ -   	EPOCH:  12	MiniBatch:   14
03/05/2021 10:18:15 - INFO - __main__ -   	EPOCH:  12	MiniBatch:   15
03/05/2021 10:18:16 - INFO - __main__ -   	EPOCH:  12	MiniBatch:   16
03/05/2021 10:18:17 - INFO - __main__ -   	EPOCH:  12	MiniBatch:   17
03/05/2021 10:18:17 - INFO - __main__ -   	EPOCH:  12	MiniBatch:   18
03/05/2021 10:18:18 - INFO - __main__ -   	EPOCH:  12	MiniBatch:   19
03/05/2021 10:18:19 - INFO - __main__ -   	EPOCH:  12	MiniBatch:   20
03/05/2021 10:18:19 - INFO - __main__ -   	Testing dev Minibatch:    0
03/05/2021 10:18:20 - INFO - __main__ -   	Testing dev Minibatch:    1
03/05/2021 10:18:21 - INFO - __main__ -   	Testing dev Minibatch:    2
03/05/2021 10:18:21 - INFO - __main__ -   
============ Predict Tweet Stance ============
Labels 	Prec. 	Recall	F1    	Supp  
Denial 	0.5983	0.7802	0.6773	273
Support	0.5890	0.4706	0.5232	204
Comment	0.5962	0.4844	0.5345	192
Queries	0.5000	0.3636	0.4211	22
MacroF1	0.5390
F1w_avg	0.5839
Acc    	59.3

============ Predict Viral Tweets ============
Labels 	Prec. 	Recall	F1    	Supp  
N_viral	0.7405	0.8447	0.7892	483
Viral  	0.4643	0.3125	0.3736	208
MacroF1	0.5814
F1w_avg	0.6641
Acc    	68.5

03/05/2021 10:18:21 - INFO - __main__ -   Best results so far. Saving model...
03/05/2021 10:18:23 - INFO - __main__ -   	EPOCH:  13	MiniBatch:    0
03/05/2021 10:18:24 - INFO - __main__ -   	EPOCH:  13	MiniBatch:    1
03/05/2021 10:18:24 - INFO - __main__ -   	EPOCH:  13	MiniBatch:    2
03/05/2021 10:18:25 - INFO - __main__ -   	EPOCH:  13	MiniBatch:    3
03/05/2021 10:18:26 - INFO - __main__ -   	EPOCH:  13	MiniBatch:    4
03/05/2021 10:18:26 - INFO - __main__ -   	EPOCH:  13	MiniBatch:    5
03/05/2021 10:18:27 - INFO - __main__ -   	EPOCH:  13	MiniBatch:    6
03/05/2021 10:18:28 - INFO - __main__ -   	EPOCH:  13	MiniBatch:    7
03/05/2021 10:18:28 - INFO - __main__ -   	EPOCH:  13	MiniBatch:    8
03/05/2021 10:18:29 - INFO - __main__ -   	EPOCH:  13	MiniBatch:    9
03/05/2021 10:18:30 - INFO - __main__ -   	EPOCH:  13	MiniBatch:   10
03/05/2021 10:18:31 - INFO - __main__ -   	EPOCH:  13	MiniBatch:   11
03/05/2021 10:18:31 - INFO - __main__ -   	EPOCH:  13	MiniBatch:   12
03/05/2021 10:18:32 - INFO - __main__ -   	EPOCH:  13	MiniBatch:   13
03/05/2021 10:18:33 - INFO - __main__ -   	EPOCH:  13	MiniBatch:   14
03/05/2021 10:18:33 - INFO - __main__ -   	EPOCH:  13	MiniBatch:   15
03/05/2021 10:18:34 - INFO - __main__ -   	EPOCH:  13	MiniBatch:   16
03/05/2021 10:18:35 - INFO - __main__ -   	EPOCH:  13	MiniBatch:   17
03/05/2021 10:18:35 - INFO - __main__ -   	EPOCH:  13	MiniBatch:   18
03/05/2021 10:18:36 - INFO - __main__ -   	EPOCH:  13	MiniBatch:   19
03/05/2021 10:18:37 - INFO - __main__ -   	EPOCH:  13	MiniBatch:   20
03/05/2021 10:18:38 - INFO - __main__ -   	Testing dev Minibatch:    0
03/05/2021 10:18:38 - INFO - __main__ -   	Testing dev Minibatch:    1
03/05/2021 10:18:39 - INFO - __main__ -   	Testing dev Minibatch:    2
03/05/2021 10:18:39 - INFO - __main__ -   
============ Predict Tweet Stance ============
Labels 	Prec. 	Recall	F1    	Supp  
Denial 	0.6491	0.6777	0.6631	273
Support	0.5856	0.5196	0.5506	204
Comment	0.5124	0.5365	0.5242	192
Queries	0.4583	0.5000	0.4783	22
MacroF1	0.5540
F1w_avg	0.5854
Acc    	58.6

============ Predict Viral Tweets ============
Labels 	Prec. 	Recall	F1    	Supp  
N_viral	0.7773	0.7660	0.7716	483
Viral  	0.4744	0.4904	0.4823	208
MacroF1	0.6270
F1w_avg	0.6845
Acc    	68.3

03/05/2021 10:18:39 - INFO - __main__ -   Best results so far. Saving model...
03/05/2021 10:18:41 - INFO - __main__ -   	EPOCH:  14	MiniBatch:    0
03/05/2021 10:18:42 - INFO - __main__ -   	EPOCH:  14	MiniBatch:    1
03/05/2021 10:18:43 - INFO - __main__ -   	EPOCH:  14	MiniBatch:    2
03/05/2021 10:18:43 - INFO - __main__ -   	EPOCH:  14	MiniBatch:    3
03/05/2021 10:18:44 - INFO - __main__ -   	EPOCH:  14	MiniBatch:    4
03/05/2021 10:18:45 - INFO - __main__ -   	EPOCH:  14	MiniBatch:    5
03/05/2021 10:18:45 - INFO - __main__ -   	EPOCH:  14	MiniBatch:    6
03/05/2021 10:18:46 - INFO - __main__ -   	EPOCH:  14	MiniBatch:    7
03/05/2021 10:18:47 - INFO - __main__ -   	EPOCH:  14	MiniBatch:    8
03/05/2021 10:18:47 - INFO - __main__ -   	EPOCH:  14	MiniBatch:    9
03/05/2021 10:18:48 - INFO - __main__ -   	EPOCH:  14	MiniBatch:   10
03/05/2021 10:18:49 - INFO - __main__ -   	EPOCH:  14	MiniBatch:   11
03/05/2021 10:18:50 - INFO - __main__ -   	EPOCH:  14	MiniBatch:   12
03/05/2021 10:18:50 - INFO - __main__ -   	EPOCH:  14	MiniBatch:   13
03/05/2021 10:18:51 - INFO - __main__ -   	EPOCH:  14	MiniBatch:   14
03/05/2021 10:18:52 - INFO - __main__ -   	EPOCH:  14	MiniBatch:   15
03/05/2021 10:18:52 - INFO - __main__ -   	EPOCH:  14	MiniBatch:   16
03/05/2021 10:18:53 - INFO - __main__ -   	EPOCH:  14	MiniBatch:   17
03/05/2021 10:18:54 - INFO - __main__ -   	EPOCH:  14	MiniBatch:   18
03/05/2021 10:18:54 - INFO - __main__ -   	EPOCH:  14	MiniBatch:   19
03/05/2021 10:18:55 - INFO - __main__ -   	EPOCH:  14	MiniBatch:   20
03/05/2021 10:18:56 - INFO - __main__ -   	Testing dev Minibatch:    0
03/05/2021 10:18:57 - INFO - __main__ -   	Testing dev Minibatch:    1
03/05/2021 10:18:57 - INFO - __main__ -   	Testing dev Minibatch:    2
03/05/2021 10:18:58 - INFO - __main__ -   
============ Predict Tweet Stance ============
Labels 	Prec. 	Recall	F1    	Supp  
Denial 	0.6066	0.7399	0.6667	273
Support	0.5348	0.4902	0.5115	204
Comment	0.5355	0.4323	0.4784	192
Queries	0.5625	0.4091	0.4737	22
MacroF1	0.5326
F1w_avg	0.5624
Acc    	57.0

============ Predict Viral Tweets ============
Labels 	Prec. 	Recall	F1    	Supp  
N_viral	0.7454	0.8427	0.7911	483
Viral  	0.4759	0.3317	0.3909	208
MacroF1	0.5910
F1w_avg	0.6706
Acc    	68.9

03/05/2021 10:18:58 - INFO - __main__ -   	EPOCH:  15	MiniBatch:    0
03/05/2021 10:18:58 - INFO - __main__ -   	EPOCH:  15	MiniBatch:    1
03/05/2021 10:18:59 - INFO - __main__ -   	EPOCH:  15	MiniBatch:    2
03/05/2021 10:19:00 - INFO - __main__ -   	EPOCH:  15	MiniBatch:    3
03/05/2021 10:19:01 - INFO - __main__ -   	EPOCH:  15	MiniBatch:    4
03/05/2021 10:19:01 - INFO - __main__ -   	EPOCH:  15	MiniBatch:    5
03/05/2021 10:19:02 - INFO - __main__ -   	EPOCH:  15	MiniBatch:    6
03/05/2021 10:19:03 - INFO - __main__ -   	EPOCH:  15	MiniBatch:    7
03/05/2021 10:19:03 - INFO - __main__ -   	EPOCH:  15	MiniBatch:    8
03/05/2021 10:19:04 - INFO - __main__ -   	EPOCH:  15	MiniBatch:    9
03/05/2021 10:19:05 - INFO - __main__ -   	EPOCH:  15	MiniBatch:   10
03/05/2021 10:19:05 - INFO - __main__ -   	EPOCH:  15	MiniBatch:   11
03/05/2021 10:19:06 - INFO - __main__ -   	EPOCH:  15	MiniBatch:   12
03/05/2021 10:19:07 - INFO - __main__ -   	EPOCH:  15	MiniBatch:   13
03/05/2021 10:19:08 - INFO - __main__ -   	EPOCH:  15	MiniBatch:   14
03/05/2021 10:19:08 - INFO - __main__ -   	EPOCH:  15	MiniBatch:   15
03/05/2021 10:19:09 - INFO - __main__ -   	EPOCH:  15	MiniBatch:   16
03/05/2021 10:19:10 - INFO - __main__ -   	EPOCH:  15	MiniBatch:   17
03/05/2021 10:19:10 - INFO - __main__ -   	EPOCH:  15	MiniBatch:   18
03/05/2021 10:19:11 - INFO - __main__ -   	EPOCH:  15	MiniBatch:   19
03/05/2021 10:19:12 - INFO - __main__ -   	EPOCH:  15	MiniBatch:   20
03/05/2021 10:19:12 - INFO - __main__ -   	Testing dev Minibatch:    0
03/05/2021 10:19:13 - INFO - __main__ -   	Testing dev Minibatch:    1
03/05/2021 10:19:14 - INFO - __main__ -   	Testing dev Minibatch:    2
03/05/2021 10:19:14 - INFO - __main__ -   
============ Predict Tweet Stance ============
Labels 	Prec. 	Recall	F1    	Supp  
Denial 	0.6316	0.7473	0.6846	273
Support	0.5181	0.6324	0.5695	204
Comment	0.6078	0.3229	0.4218	192
Queries	0.3529	0.2727	0.3077	22
MacroF1	0.4959
F1w_avg	0.5656
Acc    	58.0

============ Predict Viral Tweets ============
Labels 	Prec. 	Recall	F1    	Supp  
N_viral	0.7490	0.8157	0.7810	483
Viral  	0.4606	0.3654	0.4075	208
MacroF1	0.5942
F1w_avg	0.6686
Acc    	68.0

03/05/2021 10:19:14 - INFO - __main__ -   	EPOCH:  16	MiniBatch:    0
03/05/2021 10:19:15 - INFO - __main__ -   	EPOCH:  16	MiniBatch:    1
03/05/2021 10:19:16 - INFO - __main__ -   	EPOCH:  16	MiniBatch:    2
03/05/2021 10:19:16 - INFO - __main__ -   	EPOCH:  16	MiniBatch:    3
03/05/2021 10:19:17 - INFO - __main__ -   	EPOCH:  16	MiniBatch:    4
03/05/2021 10:19:18 - INFO - __main__ -   	EPOCH:  16	MiniBatch:    5
03/05/2021 10:19:19 - INFO - __main__ -   	EPOCH:  16	MiniBatch:    6
03/05/2021 10:19:19 - INFO - __main__ -   	EPOCH:  16	MiniBatch:    7
03/05/2021 10:19:20 - INFO - __main__ -   	EPOCH:  16	MiniBatch:    8
03/05/2021 10:19:21 - INFO - __main__ -   	EPOCH:  16	MiniBatch:    9
03/05/2021 10:19:21 - INFO - __main__ -   	EPOCH:  16	MiniBatch:   10
03/05/2021 10:19:22 - INFO - __main__ -   	EPOCH:  16	MiniBatch:   11
03/05/2021 10:19:23 - INFO - __main__ -   	EPOCH:  16	MiniBatch:   12
03/05/2021 10:19:23 - INFO - __main__ -   	EPOCH:  16	MiniBatch:   13
03/05/2021 10:19:24 - INFO - __main__ -   	EPOCH:  16	MiniBatch:   14
03/05/2021 10:19:25 - INFO - __main__ -   	EPOCH:  16	MiniBatch:   15
03/05/2021 10:19:26 - INFO - __main__ -   	EPOCH:  16	MiniBatch:   16
03/05/2021 10:19:26 - INFO - __main__ -   	EPOCH:  16	MiniBatch:   17
03/05/2021 10:19:27 - INFO - __main__ -   	EPOCH:  16	MiniBatch:   18
03/05/2021 10:19:28 - INFO - __main__ -   	EPOCH:  16	MiniBatch:   19
03/05/2021 10:19:28 - INFO - __main__ -   	EPOCH:  16	MiniBatch:   20
03/05/2021 10:19:29 - INFO - __main__ -   	Testing dev Minibatch:    0
03/05/2021 10:19:30 - INFO - __main__ -   	Testing dev Minibatch:    1
03/05/2021 10:19:31 - INFO - __main__ -   	Testing dev Minibatch:    2
03/05/2021 10:19:31 - INFO - __main__ -   
============ Predict Tweet Stance ============
Labels 	Prec. 	Recall	F1    	Supp  
Denial 	0.6220	0.7473	0.6789	273
Support	0.5578	0.5441	0.5509	204
Comment	0.5649	0.4531	0.5029	192
Queries	0.5000	0.2273	0.3125	22
MacroF1	0.5113
F1w_avg	0.5805
Acc    	58.9

============ Predict Viral Tweets ============
Labels 	Prec. 	Recall	F1    	Supp  
N_viral	0.7486	0.8199	0.7826	483
Viral  	0.4630	0.3606	0.4054	208
MacroF1	0.5940
F1w_avg	0.6691
Acc    	68.2

03/05/2021 10:19:31 - INFO - __main__ -   	EPOCH:  17	MiniBatch:    0
03/05/2021 10:19:32 - INFO - __main__ -   	EPOCH:  17	MiniBatch:    1
03/05/2021 10:19:32 - INFO - __main__ -   	EPOCH:  17	MiniBatch:    2
03/05/2021 10:19:33 - INFO - __main__ -   	EPOCH:  17	MiniBatch:    3
03/05/2021 10:19:34 - INFO - __main__ -   	EPOCH:  17	MiniBatch:    4
03/05/2021 10:19:34 - INFO - __main__ -   	EPOCH:  17	MiniBatch:    5
03/05/2021 10:19:35 - INFO - __main__ -   	EPOCH:  17	MiniBatch:    6
03/05/2021 10:19:36 - INFO - __main__ -   	EPOCH:  17	MiniBatch:    7
03/05/2021 10:19:37 - INFO - __main__ -   	EPOCH:  17	MiniBatch:    8
03/05/2021 10:19:37 - INFO - __main__ -   	EPOCH:  17	MiniBatch:    9
03/05/2021 10:19:38 - INFO - __main__ -   	EPOCH:  17	MiniBatch:   10
03/05/2021 10:19:39 - INFO - __main__ -   	EPOCH:  17	MiniBatch:   11
03/05/2021 10:19:39 - INFO - __main__ -   	EPOCH:  17	MiniBatch:   12
03/05/2021 10:19:40 - INFO - __main__ -   	EPOCH:  17	MiniBatch:   13
03/05/2021 10:19:41 - INFO - __main__ -   	EPOCH:  17	MiniBatch:   14
03/05/2021 10:19:42 - INFO - __main__ -   	EPOCH:  17	MiniBatch:   15
03/05/2021 10:19:42 - INFO - __main__ -   	EPOCH:  17	MiniBatch:   16
03/05/2021 10:19:43 - INFO - __main__ -   	EPOCH:  17	MiniBatch:   17
03/05/2021 10:19:44 - INFO - __main__ -   	EPOCH:  17	MiniBatch:   18
03/05/2021 10:19:44 - INFO - __main__ -   	EPOCH:  17	MiniBatch:   19
03/05/2021 10:19:45 - INFO - __main__ -   	EPOCH:  17	MiniBatch:   20
03/05/2021 10:19:46 - INFO - __main__ -   	Testing dev Minibatch:    0
03/05/2021 10:19:46 - INFO - __main__ -   	Testing dev Minibatch:    1
03/05/2021 10:19:47 - INFO - __main__ -   	Testing dev Minibatch:    2
03/05/2021 10:19:47 - INFO - __main__ -   
============ Predict Tweet Stance ============
Labels 	Prec. 	Recall	F1    	Supp  
Denial 	0.6754	0.6630	0.6691	273
Support	0.5772	0.4216	0.4873	204
Comment	0.4843	0.6406	0.5516	192
Queries	0.4000	0.3636	0.3810	22
MacroF1	0.5222
F1w_avg	0.5736
Acc    	57.6

============ Predict Viral Tweets ============
Labels 	Prec. 	Recall	F1    	Supp  
N_viral	0.7573	0.8012	0.7787	483
Viral  	0.4667	0.4038	0.4330	208
MacroF1	0.6058
F1w_avg	0.6746
Acc    	68.2

03/05/2021 10:19:48 - INFO - __main__ -   	EPOCH:  18	MiniBatch:    0
03/05/2021 10:19:48 - INFO - __main__ -   	EPOCH:  18	MiniBatch:    1
03/05/2021 10:19:49 - INFO - __main__ -   	EPOCH:  18	MiniBatch:    2
03/05/2021 10:19:50 - INFO - __main__ -   	EPOCH:  18	MiniBatch:    3
03/05/2021 10:19:50 - INFO - __main__ -   	EPOCH:  18	MiniBatch:    4
03/05/2021 10:19:51 - INFO - __main__ -   	EPOCH:  18	MiniBatch:    5
03/05/2021 10:19:52 - INFO - __main__ -   	EPOCH:  18	MiniBatch:    6
03/05/2021 10:19:53 - INFO - __main__ -   	EPOCH:  18	MiniBatch:    7
03/05/2021 10:19:53 - INFO - __main__ -   	EPOCH:  18	MiniBatch:    8
03/05/2021 10:19:54 - INFO - __main__ -   	EPOCH:  18	MiniBatch:    9
03/05/2021 10:19:55 - INFO - __main__ -   	EPOCH:  18	MiniBatch:   10
03/05/2021 10:19:55 - INFO - __main__ -   	EPOCH:  18	MiniBatch:   11
03/05/2021 10:19:56 - INFO - __main__ -   	EPOCH:  18	MiniBatch:   12
03/05/2021 10:19:57 - INFO - __main__ -   	EPOCH:  18	MiniBatch:   13
03/05/2021 10:19:57 - INFO - __main__ -   	EPOCH:  18	MiniBatch:   14
03/05/2021 10:19:58 - INFO - __main__ -   	EPOCH:  18	MiniBatch:   15
03/05/2021 10:19:59 - INFO - __main__ -   	EPOCH:  18	MiniBatch:   16
03/05/2021 10:20:00 - INFO - __main__ -   	EPOCH:  18	MiniBatch:   17
03/05/2021 10:20:00 - INFO - __main__ -   	EPOCH:  18	MiniBatch:   18
03/05/2021 10:20:01 - INFO - __main__ -   	EPOCH:  18	MiniBatch:   19
03/05/2021 10:20:02 - INFO - __main__ -   	EPOCH:  18	MiniBatch:   20
03/05/2021 10:20:02 - INFO - __main__ -   	Testing dev Minibatch:    0
03/05/2021 10:20:03 - INFO - __main__ -   	Testing dev Minibatch:    1
03/05/2021 10:20:04 - INFO - __main__ -   	Testing dev Minibatch:    2
03/05/2021 10:20:04 - INFO - __main__ -   
============ Predict Tweet Stance ============
Labels 	Prec. 	Recall	F1    	Supp  
Denial 	0.6261	0.7546	0.6844	273
Support	0.5459	0.5833	0.5640	204
Comment	0.5909	0.4062	0.4815	192
Queries	0.5000	0.2727	0.3529	22
MacroF1	0.5207
F1w_avg	0.5819
Acc    	59.2

============ Predict Viral Tweets ============
Labels 	Prec. 	Recall	F1    	Supp  
N_viral	0.7570	0.7867	0.7716	483
Viral  	0.4550	0.4135	0.4332	208
MacroF1	0.6024
F1w_avg	0.6697
Acc    	67.4

03/05/2021 10:20:04 - INFO - __main__ -   	EPOCH:  19	MiniBatch:    0
03/05/2021 10:20:05 - INFO - __main__ -   	EPOCH:  19	MiniBatch:    1
03/05/2021 10:20:06 - INFO - __main__ -   	EPOCH:  19	MiniBatch:    2
03/05/2021 10:20:06 - INFO - __main__ -   	EPOCH:  19	MiniBatch:    3
03/05/2021 10:20:07 - INFO - __main__ -   	EPOCH:  19	MiniBatch:    4
03/05/2021 10:20:08 - INFO - __main__ -   	EPOCH:  19	MiniBatch:    5
03/05/2021 10:20:09 - INFO - __main__ -   	EPOCH:  19	MiniBatch:    6
03/05/2021 10:20:09 - INFO - __main__ -   	EPOCH:  19	MiniBatch:    7
03/05/2021 10:20:10 - INFO - __main__ -   	EPOCH:  19	MiniBatch:    8
03/05/2021 10:20:11 - INFO - __main__ -   	EPOCH:  19	MiniBatch:    9
03/05/2021 10:20:11 - INFO - __main__ -   	EPOCH:  19	MiniBatch:   10
03/05/2021 10:20:12 - INFO - __main__ -   	EPOCH:  19	MiniBatch:   11
03/05/2021 10:20:13 - INFO - __main__ -   	EPOCH:  19	MiniBatch:   12
03/05/2021 10:20:13 - INFO - __main__ -   	EPOCH:  19	MiniBatch:   13
03/05/2021 10:20:14 - INFO - __main__ -   	EPOCH:  19	MiniBatch:   14
03/05/2021 10:20:15 - INFO - __main__ -   	EPOCH:  19	MiniBatch:   15
03/05/2021 10:20:16 - INFO - __main__ -   	EPOCH:  19	MiniBatch:   16
03/05/2021 10:20:16 - INFO - __main__ -   	EPOCH:  19	MiniBatch:   17
03/05/2021 10:20:17 - INFO - __main__ -   	EPOCH:  19	MiniBatch:   18
03/05/2021 10:20:18 - INFO - __main__ -   	EPOCH:  19	MiniBatch:   19
03/05/2021 10:20:18 - INFO - __main__ -   	EPOCH:  19	MiniBatch:   20
03/05/2021 10:20:19 - INFO - __main__ -   	Testing dev Minibatch:    0
03/05/2021 10:20:20 - INFO - __main__ -   	Testing dev Minibatch:    1
03/05/2021 10:20:21 - INFO - __main__ -   	Testing dev Minibatch:    2
03/05/2021 10:20:21 - INFO - __main__ -   
============ Predict Tweet Stance ============
Labels 	Prec. 	Recall	F1    	Supp  
Denial 	0.6708	0.5897	0.6277	273
Support	0.5436	0.5196	0.5313	204
Comment	0.4726	0.5833	0.5221	192
Queries	0.4211	0.3636	0.3902	22
MacroF1	0.5178
F1w_avg	0.5624
Acc    	56.0

============ Predict Viral Tweets ============
Labels 	Prec. 	Recall	F1    	Supp  
N_viral	0.7594	0.7971	0.7778	483
Viral  	0.4674	0.4135	0.4388	208
MacroF1	0.6083
F1w_avg	0.6757
Acc    	68.2

03/05/2021 10:20:21 - INFO - __main__ -   	EPOCH:  20	MiniBatch:    0
03/05/2021 10:20:22 - INFO - __main__ -   	EPOCH:  20	MiniBatch:    1
03/05/2021 10:20:22 - INFO - __main__ -   	EPOCH:  20	MiniBatch:    2
03/05/2021 10:20:23 - INFO - __main__ -   	EPOCH:  20	MiniBatch:    3
03/05/2021 10:20:24 - INFO - __main__ -   	EPOCH:  20	MiniBatch:    4
03/05/2021 10:20:25 - INFO - __main__ -   	EPOCH:  20	MiniBatch:    5
03/05/2021 10:20:25 - INFO - __main__ -   	EPOCH:  20	MiniBatch:    6
03/05/2021 10:20:26 - INFO - __main__ -   	EPOCH:  20	MiniBatch:    7
03/05/2021 10:20:27 - INFO - __main__ -   	EPOCH:  20	MiniBatch:    8
03/05/2021 10:20:27 - INFO - __main__ -   	EPOCH:  20	MiniBatch:    9
03/05/2021 10:20:28 - INFO - __main__ -   	EPOCH:  20	MiniBatch:   10
03/05/2021 10:20:29 - INFO - __main__ -   	EPOCH:  20	MiniBatch:   11
03/05/2021 10:20:29 - INFO - __main__ -   	EPOCH:  20	MiniBatch:   12
03/05/2021 10:20:30 - INFO - __main__ -   	EPOCH:  20	MiniBatch:   13
03/05/2021 10:20:31 - INFO - __main__ -   	EPOCH:  20	MiniBatch:   14
03/05/2021 10:20:32 - INFO - __main__ -   	EPOCH:  20	MiniBatch:   15
03/05/2021 10:20:32 - INFO - __main__ -   	EPOCH:  20	MiniBatch:   16
03/05/2021 10:20:33 - INFO - __main__ -   	EPOCH:  20	MiniBatch:   17
03/05/2021 10:20:34 - INFO - __main__ -   	EPOCH:  20	MiniBatch:   18
03/05/2021 10:20:34 - INFO - __main__ -   	EPOCH:  20	MiniBatch:   19
03/05/2021 10:20:35 - INFO - __main__ -   	EPOCH:  20	MiniBatch:   20
03/05/2021 10:20:36 - INFO - __main__ -   	Testing dev Minibatch:    0
03/05/2021 10:20:37 - INFO - __main__ -   	Testing dev Minibatch:    1
03/05/2021 10:20:37 - INFO - __main__ -   	Testing dev Minibatch:    2
03/05/2021 10:20:37 - INFO - __main__ -   
============ Predict Tweet Stance ============
Labels 	Prec. 	Recall	F1    	Supp  
Denial 	0.6300	0.6923	0.6597	273
Support	0.6417	0.3775	0.4753	204
Comment	0.4884	0.6562	0.5600	192
Queries	0.3077	0.1818	0.2286	22
MacroF1	0.4809
F1w_avg	0.5638
Acc    	57.3

============ Predict Viral Tweets ============
Labels 	Prec. 	Recall	F1    	Supp  
N_viral	0.7534	0.8095	0.7804	483
Viral  	0.4651	0.3846	0.4211	208
MacroF1	0.6007
F1w_avg	0.6723
Acc    	68.2

03/05/2021 10:20:38 - INFO - __main__ -   	EPOCH:  21	MiniBatch:    0
03/05/2021 10:20:38 - INFO - __main__ -   	EPOCH:  21	MiniBatch:    1
03/05/2021 10:20:39 - INFO - __main__ -   	EPOCH:  21	MiniBatch:    2
03/05/2021 10:20:40 - INFO - __main__ -   	EPOCH:  21	MiniBatch:    3
03/05/2021 10:20:40 - INFO - __main__ -   	EPOCH:  21	MiniBatch:    4
03/05/2021 10:20:41 - INFO - __main__ -   	EPOCH:  21	MiniBatch:    5
03/05/2021 10:20:42 - INFO - __main__ -   	EPOCH:  21	MiniBatch:    6
03/05/2021 10:20:43 - INFO - __main__ -   	EPOCH:  21	MiniBatch:    7
03/05/2021 10:20:43 - INFO - __main__ -   	EPOCH:  21	MiniBatch:    8
03/05/2021 10:20:44 - INFO - __main__ -   	EPOCH:  21	MiniBatch:    9
03/05/2021 10:20:45 - INFO - __main__ -   	EPOCH:  21	MiniBatch:   10
03/05/2021 10:20:45 - INFO - __main__ -   	EPOCH:  21	MiniBatch:   11
03/05/2021 10:20:46 - INFO - __main__ -   	EPOCH:  21	MiniBatch:   12
03/05/2021 10:20:47 - INFO - __main__ -   	EPOCH:  21	MiniBatch:   13
03/05/2021 10:20:48 - INFO - __main__ -   	EPOCH:  21	MiniBatch:   14
03/05/2021 10:20:48 - INFO - __main__ -   	EPOCH:  21	MiniBatch:   15
03/05/2021 10:20:49 - INFO - __main__ -   	EPOCH:  21	MiniBatch:   16
03/05/2021 10:20:50 - INFO - __main__ -   	EPOCH:  21	MiniBatch:   17
03/05/2021 10:20:50 - INFO - __main__ -   	EPOCH:  21	MiniBatch:   18
03/05/2021 10:20:51 - INFO - __main__ -   	EPOCH:  21	MiniBatch:   19
03/05/2021 10:20:52 - INFO - __main__ -   	EPOCH:  21	MiniBatch:   20
03/05/2021 10:20:52 - INFO - __main__ -   	Testing dev Minibatch:    0
03/05/2021 10:20:53 - INFO - __main__ -   	Testing dev Minibatch:    1
03/05/2021 10:20:54 - INFO - __main__ -   	Testing dev Minibatch:    2
03/05/2021 10:20:54 - INFO - __main__ -   
============ Predict Tweet Stance ============
Labels 	Prec. 	Recall	F1    	Supp  
Denial 	0.7066	0.6264	0.6641	273
Support	0.4757	0.7206	0.5731	204
Comment	0.5738	0.3646	0.4459	192
Queries	0.4444	0.3636	0.4000	22
MacroF1	0.5208
F1w_avg	0.5682
Acc    	57.3

============ Predict Viral Tweets ============
Labels 	Prec. 	Recall	F1    	Supp  
N_viral	0.7692	0.7660	0.7676	483
Viral  	0.4619	0.4663	0.4641	208
MacroF1	0.6159
F1w_avg	0.6763
Acc    	67.6

03/05/2021 10:20:54 - INFO - __main__ -   	EPOCH:  22	MiniBatch:    0
03/05/2021 10:20:55 - INFO - __main__ -   	EPOCH:  22	MiniBatch:    1
03/05/2021 10:20:56 - INFO - __main__ -   	EPOCH:  22	MiniBatch:    2
03/05/2021 10:20:56 - INFO - __main__ -   	EPOCH:  22	MiniBatch:    3
03/05/2021 10:20:57 - INFO - __main__ -   	EPOCH:  22	MiniBatch:    4
03/05/2021 10:20:58 - INFO - __main__ -   	EPOCH:  22	MiniBatch:    5
03/05/2021 10:20:59 - INFO - __main__ -   	EPOCH:  22	MiniBatch:    6
03/05/2021 10:20:59 - INFO - __main__ -   	EPOCH:  22	MiniBatch:    7
03/05/2021 10:21:00 - INFO - __main__ -   	EPOCH:  22	MiniBatch:    8
03/05/2021 10:21:01 - INFO - __main__ -   	EPOCH:  22	MiniBatch:    9
03/05/2021 10:21:01 - INFO - __main__ -   	EPOCH:  22	MiniBatch:   10
03/05/2021 10:21:02 - INFO - __main__ -   	EPOCH:  22	MiniBatch:   11
03/05/2021 10:21:03 - INFO - __main__ -   	EPOCH:  22	MiniBatch:   12
03/05/2021 10:21:04 - INFO - __main__ -   	EPOCH:  22	MiniBatch:   13
03/05/2021 10:21:04 - INFO - __main__ -   	EPOCH:  22	MiniBatch:   14
03/05/2021 10:21:05 - INFO - __main__ -   	EPOCH:  22	MiniBatch:   15
03/05/2021 10:21:06 - INFO - __main__ -   	EPOCH:  22	MiniBatch:   16
03/05/2021 10:21:06 - INFO - __main__ -   	EPOCH:  22	MiniBatch:   17
03/05/2021 10:21:07 - INFO - __main__ -   	EPOCH:  22	MiniBatch:   18
03/05/2021 10:21:08 - INFO - __main__ -   	EPOCH:  22	MiniBatch:   19
03/05/2021 10:21:08 - INFO - __main__ -   	EPOCH:  22	MiniBatch:   20
03/05/2021 10:21:09 - INFO - __main__ -   	Testing dev Minibatch:    0
03/05/2021 10:21:10 - INFO - __main__ -   	Testing dev Minibatch:    1
03/05/2021 10:21:11 - INFO - __main__ -   	Testing dev Minibatch:    2
03/05/2021 10:21:11 - INFO - __main__ -   
============ Predict Tweet Stance ============
Labels 	Prec. 	Recall	F1    	Supp  
Denial 	0.6574	0.6960	0.6762	273
Support	0.4862	0.6912	0.5709	204
Comment	0.6000	0.2969	0.3972	192
Queries	0.4118	0.3182	0.3590	22
MacroF1	0.5008
F1w_avg	0.5575
Acc    	57.2

============ Predict Viral Tweets ============
Labels 	Prec. 	Recall	F1    	Supp  
N_viral	0.7491	0.8282	0.7866	483
Viral  	0.4713	0.3558	0.4055	208
MacroF1	0.5961
F1w_avg	0.6719
Acc    	68.6

03/05/2021 10:21:11 - INFO - __main__ -   	EPOCH:  23	MiniBatch:    0
03/05/2021 10:21:12 - INFO - __main__ -   	EPOCH:  23	MiniBatch:    1
03/05/2021 10:21:12 - INFO - __main__ -   	EPOCH:  23	MiniBatch:    2
03/05/2021 10:21:13 - INFO - __main__ -   	EPOCH:  23	MiniBatch:    3
03/05/2021 10:21:14 - INFO - __main__ -   	EPOCH:  23	MiniBatch:    4
03/05/2021 10:21:15 - INFO - __main__ -   	EPOCH:  23	MiniBatch:    5
03/05/2021 10:21:15 - INFO - __main__ -   	EPOCH:  23	MiniBatch:    6
03/05/2021 10:21:16 - INFO - __main__ -   	EPOCH:  23	MiniBatch:    7
03/05/2021 10:21:17 - INFO - __main__ -   	EPOCH:  23	MiniBatch:    8
03/05/2021 10:21:17 - INFO - __main__ -   	EPOCH:  23	MiniBatch:    9
03/05/2021 10:21:18 - INFO - __main__ -   	EPOCH:  23	MiniBatch:   10
03/05/2021 10:21:19 - INFO - __main__ -   	EPOCH:  23	MiniBatch:   11
03/05/2021 10:21:20 - INFO - __main__ -   	EPOCH:  23	MiniBatch:   12
03/05/2021 10:21:20 - INFO - __main__ -   	EPOCH:  23	MiniBatch:   13
03/05/2021 10:21:21 - INFO - __main__ -   	EPOCH:  23	MiniBatch:   14
03/05/2021 10:21:22 - INFO - __main__ -   	EPOCH:  23	MiniBatch:   15
03/05/2021 10:21:22 - INFO - __main__ -   	EPOCH:  23	MiniBatch:   16
03/05/2021 10:21:23 - INFO - __main__ -   	EPOCH:  23	MiniBatch:   17
03/05/2021 10:21:24 - INFO - __main__ -   	EPOCH:  23	MiniBatch:   18
03/05/2021 10:21:24 - INFO - __main__ -   	EPOCH:  23	MiniBatch:   19
03/05/2021 10:21:25 - INFO - __main__ -   	EPOCH:  23	MiniBatch:   20
03/05/2021 10:21:26 - INFO - __main__ -   	Testing dev Minibatch:    0
03/05/2021 10:21:27 - INFO - __main__ -   	Testing dev Minibatch:    1
03/05/2021 10:21:27 - INFO - __main__ -   	Testing dev Minibatch:    2
03/05/2021 10:21:28 - INFO - __main__ -   
============ Predict Tweet Stance ============
Labels 	Prec. 	Recall	F1    	Supp  
Denial 	0.7054	0.6227	0.6615	273
Support	0.5000	0.6863	0.5785	204
Comment	0.5704	0.4219	0.4850	192
Queries	0.4643	0.5909	0.5200	22
MacroF1	0.5613
F1w_avg	0.5835
Acc    	58.5

============ Predict Viral Tweets ============
Labels 	Prec. 	Recall	F1    	Supp  
N_viral	0.7386	0.8364	0.7845	483
Viral  	0.4514	0.3125	0.3693	208
MacroF1	0.5769
F1w_avg	0.6595
Acc    	67.9

03/05/2021 10:21:28 - INFO - __main__ -   	EPOCH:  24	MiniBatch:    0
03/05/2021 10:21:28 - INFO - __main__ -   	EPOCH:  24	MiniBatch:    1
03/05/2021 10:21:29 - INFO - __main__ -   	EPOCH:  24	MiniBatch:    2
03/05/2021 10:21:30 - INFO - __main__ -   	EPOCH:  24	MiniBatch:    3
03/05/2021 10:21:31 - INFO - __main__ -   	EPOCH:  24	MiniBatch:    4
03/05/2021 10:21:31 - INFO - __main__ -   	EPOCH:  24	MiniBatch:    5
03/05/2021 10:21:32 - INFO - __main__ -   	EPOCH:  24	MiniBatch:    6
03/05/2021 10:21:33 - INFO - __main__ -   	EPOCH:  24	MiniBatch:    7
03/05/2021 10:21:33 - INFO - __main__ -   	EPOCH:  24	MiniBatch:    8
03/05/2021 10:21:34 - INFO - __main__ -   	EPOCH:  24	MiniBatch:    9
03/05/2021 10:21:35 - INFO - __main__ -   	EPOCH:  24	MiniBatch:   10
03/05/2021 10:21:35 - INFO - __main__ -   	EPOCH:  24	MiniBatch:   11
03/05/2021 10:21:36 - INFO - __main__ -   	EPOCH:  24	MiniBatch:   12
03/05/2021 10:21:37 - INFO - __main__ -   	EPOCH:  24	MiniBatch:   13
03/05/2021 10:21:38 - INFO - __main__ -   	EPOCH:  24	MiniBatch:   14
03/05/2021 10:21:38 - INFO - __main__ -   	EPOCH:  24	MiniBatch:   15
03/05/2021 10:21:39 - INFO - __main__ -   	EPOCH:  24	MiniBatch:   16
03/05/2021 10:21:40 - INFO - __main__ -   	EPOCH:  24	MiniBatch:   17
03/05/2021 10:21:40 - INFO - __main__ -   	EPOCH:  24	MiniBatch:   18
03/05/2021 10:21:41 - INFO - __main__ -   	EPOCH:  24	MiniBatch:   19
03/05/2021 10:21:42 - INFO - __main__ -   	EPOCH:  24	MiniBatch:   20
03/05/2021 10:21:43 - INFO - __main__ -   	Testing dev Minibatch:    0
03/05/2021 10:21:43 - INFO - __main__ -   	Testing dev Minibatch:    1
03/05/2021 10:21:44 - INFO - __main__ -   	Testing dev Minibatch:    2
03/05/2021 10:21:44 - INFO - __main__ -   
============ Predict Tweet Stance ============
Labels 	Prec. 	Recall	F1    	Supp  
Denial 	0.6401	0.6777	0.6584	273
Support	0.5696	0.4412	0.4972	204
Comment	0.5000	0.5469	0.5224	192
Queries	0.3529	0.5455	0.4286	22
MacroF1	0.5266
F1w_avg	0.5657
Acc    	56.7

============ Predict Viral Tweets ============
Labels 	Prec. 	Recall	F1    	Supp  
N_viral	0.7625	0.7578	0.7601	483
Viral  	0.4455	0.4519	0.4487	208
MacroF1	0.6044
F1w_avg	0.6664
Acc    	66.6

03/05/2021 10:21:44 - INFO - __main__ -   	EPOCH:  25	MiniBatch:    0
03/05/2021 10:21:45 - INFO - __main__ -   	EPOCH:  25	MiniBatch:    1
03/05/2021 10:21:46 - INFO - __main__ -   	EPOCH:  25	MiniBatch:    2
03/05/2021 10:21:47 - INFO - __main__ -   	EPOCH:  25	MiniBatch:    3
03/05/2021 10:21:47 - INFO - __main__ -   	EPOCH:  25	MiniBatch:    4
03/05/2021 10:21:48 - INFO - __main__ -   	EPOCH:  25	MiniBatch:    5
03/05/2021 10:21:49 - INFO - __main__ -   	EPOCH:  25	MiniBatch:    6
03/05/2021 10:21:49 - INFO - __main__ -   	EPOCH:  25	MiniBatch:    7
03/05/2021 10:21:50 - INFO - __main__ -   	EPOCH:  25	MiniBatch:    8
03/05/2021 10:21:51 - INFO - __main__ -   	EPOCH:  25	MiniBatch:    9
03/05/2021 10:21:51 - INFO - __main__ -   	EPOCH:  25	MiniBatch:   10
03/05/2021 10:21:52 - INFO - __main__ -   	EPOCH:  25	MiniBatch:   11
03/05/2021 10:21:53 - INFO - __main__ -   	EPOCH:  25	MiniBatch:   12
03/05/2021 10:21:54 - INFO - __main__ -   	EPOCH:  25	MiniBatch:   13
03/05/2021 10:21:54 - INFO - __main__ -   	EPOCH:  25	MiniBatch:   14
03/05/2021 10:21:55 - INFO - __main__ -   	EPOCH:  25	MiniBatch:   15
03/05/2021 10:21:56 - INFO - __main__ -   	EPOCH:  25	MiniBatch:   16
03/05/2021 10:21:56 - INFO - __main__ -   	EPOCH:  25	MiniBatch:   17
03/05/2021 10:21:57 - INFO - __main__ -   	EPOCH:  25	MiniBatch:   18
03/05/2021 10:21:58 - INFO - __main__ -   	EPOCH:  25	MiniBatch:   19
03/05/2021 10:21:59 - INFO - __main__ -   	EPOCH:  25	MiniBatch:   20
03/05/2021 10:21:59 - INFO - __main__ -   	Testing dev Minibatch:    0
03/05/2021 10:22:00 - INFO - __main__ -   	Testing dev Minibatch:    1
03/05/2021 10:22:01 - INFO - __main__ -   	Testing dev Minibatch:    2
03/05/2021 10:22:01 - INFO - __main__ -   
============ Predict Tweet Stance ============
Labels 	Prec. 	Recall	F1    	Supp  
Denial 	0.6480	0.7216	0.6828	273
Support	0.4790	0.6716	0.5592	204
Comment	0.5977	0.2708	0.3728	192
Queries	0.5714	0.3636	0.4444	22
MacroF1	0.5148
F1w_avg	0.5526
Acc    	57.0

============ Predict Viral Tweets ============
Labels 	Prec. 	Recall	F1    	Supp  
N_viral	0.7686	0.7495	0.7589	483
Viral  	0.4500	0.4760	0.4626	208
MacroF1	0.6108
F1w_avg	0.6697
Acc    	66.7

03/05/2021 10:22:01 - INFO - __main__ -   	EPOCH:  26	MiniBatch:    0
03/05/2021 10:22:02 - INFO - __main__ -   	EPOCH:  26	MiniBatch:    1
03/05/2021 10:22:03 - INFO - __main__ -   	EPOCH:  26	MiniBatch:    2
03/05/2021 10:22:03 - INFO - __main__ -   	EPOCH:  26	MiniBatch:    3
03/05/2021 10:22:04 - INFO - __main__ -   	EPOCH:  26	MiniBatch:    4
03/05/2021 10:22:05 - INFO - __main__ -   	EPOCH:  26	MiniBatch:    5
03/05/2021 10:22:05 - INFO - __main__ -   	EPOCH:  26	MiniBatch:    6
03/05/2021 10:22:06 - INFO - __main__ -   	EPOCH:  26	MiniBatch:    7
03/05/2021 10:22:07 - INFO - __main__ -   	EPOCH:  26	MiniBatch:    8
03/05/2021 10:22:07 - INFO - __main__ -   	EPOCH:  26	MiniBatch:    9
03/05/2021 10:22:08 - INFO - __main__ -   	EPOCH:  26	MiniBatch:   10
03/05/2021 10:22:09 - INFO - __main__ -   	EPOCH:  26	MiniBatch:   11
03/05/2021 10:22:10 - INFO - __main__ -   	EPOCH:  26	MiniBatch:   12
03/05/2021 10:22:10 - INFO - __main__ -   	EPOCH:  26	MiniBatch:   13
03/05/2021 10:22:11 - INFO - __main__ -   	EPOCH:  26	MiniBatch:   14
03/05/2021 10:22:12 - INFO - __main__ -   	EPOCH:  26	MiniBatch:   15
03/05/2021 10:22:12 - INFO - __main__ -   	EPOCH:  26	MiniBatch:   16
03/05/2021 10:22:13 - INFO - __main__ -   	EPOCH:  26	MiniBatch:   17
03/05/2021 10:22:14 - INFO - __main__ -   	EPOCH:  26	MiniBatch:   18
03/05/2021 10:22:15 - INFO - __main__ -   	EPOCH:  26	MiniBatch:   19
03/05/2021 10:22:15 - INFO - __main__ -   	EPOCH:  26	MiniBatch:   20
03/05/2021 10:22:16 - INFO - __main__ -   	Testing dev Minibatch:    0
03/05/2021 10:22:17 - INFO - __main__ -   	Testing dev Minibatch:    1
03/05/2021 10:22:17 - INFO - __main__ -   	Testing dev Minibatch:    2
03/05/2021 10:22:18 - INFO - __main__ -   
============ Predict Tweet Stance ============
Labels 	Prec. 	Recall	F1    	Supp  
Denial 	0.6344	0.7692	0.6954	273
Support	0.4841	0.5980	0.5351	204
Comment	0.6087	0.2917	0.3944	192
Queries	0.5000	0.3636	0.4211	22
MacroF1	0.5115
F1w_avg	0.5557
Acc    	57.3

============ Predict Viral Tweets ============
Labels 	Prec. 	Recall	F1    	Supp  
N_viral	0.7481	0.8054	0.7757	483
Viral  	0.4503	0.3702	0.4063	208
MacroF1	0.5910
F1w_avg	0.6645
Acc    	67.4

03/05/2021 10:22:18 - INFO - __main__ -   	EPOCH:  27	MiniBatch:    0
03/05/2021 10:22:18 - INFO - __main__ -   	EPOCH:  27	MiniBatch:    1
03/05/2021 10:22:19 - INFO - __main__ -   	EPOCH:  27	MiniBatch:    2
03/05/2021 10:22:20 - INFO - __main__ -   	EPOCH:  27	MiniBatch:    3
03/05/2021 10:22:21 - INFO - __main__ -   	EPOCH:  27	MiniBatch:    4
03/05/2021 10:22:21 - INFO - __main__ -   	EPOCH:  27	MiniBatch:    5
03/05/2021 10:22:22 - INFO - __main__ -   	EPOCH:  27	MiniBatch:    6
03/05/2021 10:22:23 - INFO - __main__ -   	EPOCH:  27	MiniBatch:    7
03/05/2021 10:22:23 - INFO - __main__ -   	EPOCH:  27	MiniBatch:    8
03/05/2021 10:22:24 - INFO - __main__ -   	EPOCH:  27	MiniBatch:    9
03/05/2021 10:22:25 - INFO - __main__ -   	EPOCH:  27	MiniBatch:   10
03/05/2021 10:22:25 - INFO - __main__ -   	EPOCH:  27	MiniBatch:   11
03/05/2021 10:22:26 - INFO - __main__ -   	EPOCH:  27	MiniBatch:   12
03/05/2021 10:22:27 - INFO - __main__ -   	EPOCH:  27	MiniBatch:   13
03/05/2021 10:22:28 - INFO - __main__ -   	EPOCH:  27	MiniBatch:   14
03/05/2021 10:22:28 - INFO - __main__ -   	EPOCH:  27	MiniBatch:   15
03/05/2021 10:22:29 - INFO - __main__ -   	EPOCH:  27	MiniBatch:   16
03/05/2021 10:22:30 - INFO - __main__ -   	EPOCH:  27	MiniBatch:   17
03/05/2021 10:22:30 - INFO - __main__ -   	EPOCH:  27	MiniBatch:   18
03/05/2021 10:22:31 - INFO - __main__ -   	EPOCH:  27	MiniBatch:   19
03/05/2021 10:22:32 - INFO - __main__ -   	EPOCH:  27	MiniBatch:   20
03/05/2021 10:22:33 - INFO - __main__ -   	Testing dev Minibatch:    0
03/05/2021 10:22:33 - INFO - __main__ -   	Testing dev Minibatch:    1
03/05/2021 10:22:34 - INFO - __main__ -   	Testing dev Minibatch:    2
03/05/2021 10:22:34 - INFO - __main__ -   
============ Predict Tweet Stance ============
Labels 	Prec. 	Recall	F1    	Supp  
Denial 	0.6444	0.7436	0.6905	273
Support	0.5158	0.5588	0.5365	204
Comment	0.6029	0.4271	0.5000	192
Queries	0.4737	0.4091	0.4390	22
MacroF1	0.5415
F1w_avg	0.5841
Acc    	59.0

============ Predict Viral Tweets ============
Labels 	Prec. 	Recall	F1    	Supp  
N_viral	0.7711	0.7743	0.7727	483
Viral  	0.4709	0.4663	0.4686	208
MacroF1	0.6207
F1w_avg	0.6812
Acc    	68.2

03/05/2021 10:22:35 - INFO - __main__ -   	EPOCH:  28	MiniBatch:    0
03/05/2021 10:22:35 - INFO - __main__ -   	EPOCH:  28	MiniBatch:    1
03/05/2021 10:22:36 - INFO - __main__ -   	EPOCH:  28	MiniBatch:    2
03/05/2021 10:22:37 - INFO - __main__ -   	EPOCH:  28	MiniBatch:    3
03/05/2021 10:22:37 - INFO - __main__ -   	EPOCH:  28	MiniBatch:    4
03/05/2021 10:22:38 - INFO - __main__ -   	EPOCH:  28	MiniBatch:    5
03/05/2021 10:22:39 - INFO - __main__ -   	EPOCH:  28	MiniBatch:    6
03/05/2021 10:22:39 - INFO - __main__ -   	EPOCH:  28	MiniBatch:    7
03/05/2021 10:22:40 - INFO - __main__ -   	EPOCH:  28	MiniBatch:    8
03/05/2021 10:22:41 - INFO - __main__ -   	EPOCH:  28	MiniBatch:    9
03/05/2021 10:22:42 - INFO - __main__ -   	EPOCH:  28	MiniBatch:   10
03/05/2021 10:22:42 - INFO - __main__ -   	EPOCH:  28	MiniBatch:   11
03/05/2021 10:22:43 - INFO - __main__ -   	EPOCH:  28	MiniBatch:   12
03/05/2021 10:22:44 - INFO - __main__ -   	EPOCH:  28	MiniBatch:   13
03/05/2021 10:22:44 - INFO - __main__ -   	EPOCH:  28	MiniBatch:   14
03/05/2021 10:22:45 - INFO - __main__ -   	EPOCH:  28	MiniBatch:   15
03/05/2021 10:22:46 - INFO - __main__ -   	EPOCH:  28	MiniBatch:   16
03/05/2021 10:22:47 - INFO - __main__ -   	EPOCH:  28	MiniBatch:   17
03/05/2021 10:22:47 - INFO - __main__ -   	EPOCH:  28	MiniBatch:   18
03/05/2021 10:22:48 - INFO - __main__ -   	EPOCH:  28	MiniBatch:   19
03/05/2021 10:22:49 - INFO - __main__ -   	EPOCH:  28	MiniBatch:   20
03/05/2021 10:22:49 - INFO - __main__ -   	Testing dev Minibatch:    0
03/05/2021 10:22:50 - INFO - __main__ -   	Testing dev Minibatch:    1
03/05/2021 10:22:51 - INFO - __main__ -   	Testing dev Minibatch:    2
03/05/2021 10:22:51 - INFO - __main__ -   
============ Predict Tweet Stance ============
Labels 	Prec. 	Recall	F1    	Supp  
Denial 	0.5994	0.7729	0.6752	273
Support	0.5562	0.4608	0.5040	204
Comment	0.5714	0.4583	0.5087	192
Queries	0.5000	0.3636	0.4211	22
MacroF1	0.5272
F1w_avg	0.5703
Acc    	58.0

============ Predict Viral Tweets ============
Labels 	Prec. 	Recall	F1    	Supp  
N_viral	0.7816	0.7557	0.7684	483
Viral  	0.4732	0.5096	0.4907	208
MacroF1	0.6296
F1w_avg	0.6848
Acc    	68.2

03/05/2021 10:22:51 - INFO - __main__ -   	EPOCH:  29	MiniBatch:    0
03/05/2021 10:22:52 - INFO - __main__ -   	EPOCH:  29	MiniBatch:    1
03/05/2021 10:22:53 - INFO - __main__ -   	EPOCH:  29	MiniBatch:    2
03/05/2021 10:22:53 - INFO - __main__ -   	EPOCH:  29	MiniBatch:    3
03/05/2021 10:22:54 - INFO - __main__ -   	EPOCH:  29	MiniBatch:    4
03/05/2021 10:22:55 - INFO - __main__ -   	EPOCH:  29	MiniBatch:    5
03/05/2021 10:22:55 - INFO - __main__ -   	EPOCH:  29	MiniBatch:    6
03/05/2021 10:22:56 - INFO - __main__ -   	EPOCH:  29	MiniBatch:    7
03/05/2021 10:22:57 - INFO - __main__ -   	EPOCH:  29	MiniBatch:    8
03/05/2021 10:22:58 - INFO - __main__ -   	EPOCH:  29	MiniBatch:    9
03/05/2021 10:22:58 - INFO - __main__ -   	EPOCH:  29	MiniBatch:   10
03/05/2021 10:22:59 - INFO - __main__ -   	EPOCH:  29	MiniBatch:   11
03/05/2021 10:23:00 - INFO - __main__ -   	EPOCH:  29	MiniBatch:   12
03/05/2021 10:23:00 - INFO - __main__ -   	EPOCH:  29	MiniBatch:   13
03/05/2021 10:23:01 - INFO - __main__ -   	EPOCH:  29	MiniBatch:   14
03/05/2021 10:23:02 - INFO - __main__ -   	EPOCH:  29	MiniBatch:   15
03/05/2021 10:23:03 - INFO - __main__ -   	EPOCH:  29	MiniBatch:   16
03/05/2021 10:23:03 - INFO - __main__ -   	EPOCH:  29	MiniBatch:   17
03/05/2021 10:23:04 - INFO - __main__ -   	EPOCH:  29	MiniBatch:   18
03/05/2021 10:23:05 - INFO - __main__ -   	EPOCH:  29	MiniBatch:   19
03/05/2021 10:23:05 - INFO - __main__ -   	EPOCH:  29	MiniBatch:   20
03/05/2021 10:23:06 - INFO - __main__ -   	Testing dev Minibatch:    0
03/05/2021 10:23:07 - INFO - __main__ -   	Testing dev Minibatch:    1
03/05/2021 10:23:07 - INFO - __main__ -   	Testing dev Minibatch:    2
03/05/2021 10:23:08 - INFO - __main__ -   
============ Predict Tweet Stance ============
Labels 	Prec. 	Recall	F1    	Supp  
Denial 	0.6617	0.6520	0.6568	273
Support	0.5400	0.5294	0.5347	204
Comment	0.5172	0.5469	0.5316	192
Queries	0.4211	0.3636	0.3902	22
MacroF1	0.5283
F1w_avg	0.5775
Acc    	57.7

============ Predict Viral Tweets ============
Labels 	Prec. 	Recall	F1    	Supp  
N_viral	0.7592	0.8095	0.7836	483
Viral  	0.4773	0.4038	0.4375	208
MacroF1	0.6105
F1w_avg	0.6794
Acc    	68.7

03/05/2021 10:23:08 - INFO - __main__ -   	EPOCH:  30	MiniBatch:    0
03/05/2021 10:23:09 - INFO - __main__ -   	EPOCH:  30	MiniBatch:    1
03/05/2021 10:23:09 - INFO - __main__ -   	EPOCH:  30	MiniBatch:    2
03/05/2021 10:23:10 - INFO - __main__ -   	EPOCH:  30	MiniBatch:    3
03/05/2021 10:23:11 - INFO - __main__ -   	EPOCH:  30	MiniBatch:    4
03/05/2021 10:23:11 - INFO - __main__ -   	EPOCH:  30	MiniBatch:    5
03/05/2021 10:23:12 - INFO - __main__ -   	EPOCH:  30	MiniBatch:    6
03/05/2021 10:23:13 - INFO - __main__ -   	EPOCH:  30	MiniBatch:    7
03/05/2021 10:23:14 - INFO - __main__ -   	EPOCH:  30	MiniBatch:    8
03/05/2021 10:23:14 - INFO - __main__ -   	EPOCH:  30	MiniBatch:    9
03/05/2021 10:23:15 - INFO - __main__ -   	EPOCH:  30	MiniBatch:   10
03/05/2021 10:23:16 - INFO - __main__ -   	EPOCH:  30	MiniBatch:   11
03/05/2021 10:23:16 - INFO - __main__ -   	EPOCH:  30	MiniBatch:   12
03/05/2021 10:23:17 - INFO - __main__ -   	EPOCH:  30	MiniBatch:   13
03/05/2021 10:23:18 - INFO - __main__ -   	EPOCH:  30	MiniBatch:   14
03/05/2021 10:23:19 - INFO - __main__ -   	EPOCH:  30	MiniBatch:   15
03/05/2021 10:23:19 - INFO - __main__ -   	EPOCH:  30	MiniBatch:   16
03/05/2021 10:23:20 - INFO - __main__ -   	EPOCH:  30	MiniBatch:   17
03/05/2021 10:23:21 - INFO - __main__ -   	EPOCH:  30	MiniBatch:   18
03/05/2021 10:23:21 - INFO - __main__ -   	EPOCH:  30	MiniBatch:   19
03/05/2021 10:23:22 - INFO - __main__ -   	EPOCH:  30	MiniBatch:   20
03/05/2021 10:23:23 - INFO - __main__ -   	Testing dev Minibatch:    0
03/05/2021 10:23:23 - INFO - __main__ -   	Testing dev Minibatch:    1
03/05/2021 10:23:24 - INFO - __main__ -   	Testing dev Minibatch:    2
03/05/2021 10:23:24 - INFO - __main__ -   
============ Predict Tweet Stance ============
Labels 	Prec. 	Recall	F1    	Supp  
Denial 	0.6182	0.7473	0.6766	273
Support	0.5442	0.5735	0.5585	204
Comment	0.6077	0.4115	0.4907	192
Queries	0.5000	0.3636	0.4211	22
MacroF1	0.5367
F1w_avg	0.5819
Acc    	59.0

============ Predict Viral Tweets ============
Labels 	Prec. 	Recall	F1    	Supp  
N_viral	0.7600	0.7867	0.7731	483
Viral  	0.4607	0.4231	0.4411	208
MacroF1	0.6071
F1w_avg	0.6732
Acc    	67.7

03/05/2021 10:23:25 - INFO - __main__ -   	EPOCH:  31	MiniBatch:    0
03/05/2021 10:23:25 - INFO - __main__ -   	EPOCH:  31	MiniBatch:    1
03/05/2021 10:23:26 - INFO - __main__ -   	EPOCH:  31	MiniBatch:    2
03/05/2021 10:23:27 - INFO - __main__ -   	EPOCH:  31	MiniBatch:    3
03/05/2021 10:23:27 - INFO - __main__ -   	EPOCH:  31	MiniBatch:    4
03/05/2021 10:23:28 - INFO - __main__ -   	EPOCH:  31	MiniBatch:    5
03/05/2021 10:23:29 - INFO - __main__ -   	EPOCH:  31	MiniBatch:    6
03/05/2021 10:23:30 - INFO - __main__ -   	EPOCH:  31	MiniBatch:    7
03/05/2021 10:23:30 - INFO - __main__ -   	EPOCH:  31	MiniBatch:    8
03/05/2021 10:23:31 - INFO - __main__ -   	EPOCH:  31	MiniBatch:    9
03/05/2021 10:23:32 - INFO - __main__ -   	EPOCH:  31	MiniBatch:   10
03/05/2021 10:23:32 - INFO - __main__ -   	EPOCH:  31	MiniBatch:   11
03/05/2021 10:23:33 - INFO - __main__ -   	EPOCH:  31	MiniBatch:   12
03/05/2021 10:23:34 - INFO - __main__ -   	EPOCH:  31	MiniBatch:   13
03/05/2021 10:23:34 - INFO - __main__ -   	EPOCH:  31	MiniBatch:   14
03/05/2021 10:23:35 - INFO - __main__ -   	EPOCH:  31	MiniBatch:   15
03/05/2021 10:23:36 - INFO - __main__ -   	EPOCH:  31	MiniBatch:   16
03/05/2021 10:23:37 - INFO - __main__ -   	EPOCH:  31	MiniBatch:   17
03/05/2021 10:23:37 - INFO - __main__ -   	EPOCH:  31	MiniBatch:   18
03/05/2021 10:23:38 - INFO - __main__ -   	EPOCH:  31	MiniBatch:   19
03/05/2021 10:23:39 - INFO - __main__ -   	EPOCH:  31	MiniBatch:   20
03/05/2021 10:23:39 - INFO - __main__ -   	Testing dev Minibatch:    0
03/05/2021 10:23:40 - INFO - __main__ -   	Testing dev Minibatch:    1
03/05/2021 10:23:41 - INFO - __main__ -   	Testing dev Minibatch:    2
03/05/2021 10:23:41 - INFO - __main__ -   
============ Predict Tweet Stance ============
Labels 	Prec. 	Recall	F1    	Supp  
Denial 	0.6654	0.6630	0.6642	273
Support	0.5413	0.5784	0.5592	204
Comment	0.5632	0.5104	0.5355	192
Queries	0.4074	0.5000	0.4490	22
MacroF1	0.5520
F1w_avg	0.5906
Acc    	59.0

============ Predict Viral Tweets ============
Labels 	Prec. 	Recall	F1    	Supp  
N_viral	0.7441	0.8427	0.7903	483
Viral  	0.4722	0.3269	0.3864	208
MacroF1	0.5883
F1w_avg	0.6687
Acc    	68.7

03/05/2021 10:23:41 - INFO - __main__ -   	EPOCH:  32	MiniBatch:    0
03/05/2021 10:23:42 - INFO - __main__ -   	EPOCH:  32	MiniBatch:    1
03/05/2021 10:23:43 - INFO - __main__ -   	EPOCH:  32	MiniBatch:    2
03/05/2021 10:23:43 - INFO - __main__ -   	EPOCH:  32	MiniBatch:    3
03/05/2021 10:23:44 - INFO - __main__ -   	EPOCH:  32	MiniBatch:    4
03/05/2021 10:23:45 - INFO - __main__ -   	EPOCH:  32	MiniBatch:    5
03/05/2021 10:23:46 - INFO - __main__ -   	EPOCH:  32	MiniBatch:    6
03/05/2021 10:23:46 - INFO - __main__ -   	EPOCH:  32	MiniBatch:    7
03/05/2021 10:23:47 - INFO - __main__ -   	EPOCH:  32	MiniBatch:    8
03/05/2021 10:23:48 - INFO - __main__ -   	EPOCH:  32	MiniBatch:    9
03/05/2021 10:23:48 - INFO - __main__ -   	EPOCH:  32	MiniBatch:   10
03/05/2021 10:23:49 - INFO - __main__ -   	EPOCH:  32	MiniBatch:   11
03/05/2021 10:23:50 - INFO - __main__ -   	EPOCH:  32	MiniBatch:   12
03/05/2021 10:23:50 - INFO - __main__ -   	EPOCH:  32	MiniBatch:   13
03/05/2021 10:23:51 - INFO - __main__ -   	EPOCH:  32	MiniBatch:   14
03/05/2021 10:23:52 - INFO - __main__ -   	EPOCH:  32	MiniBatch:   15
03/05/2021 10:23:53 - INFO - __main__ -   	EPOCH:  32	MiniBatch:   16
03/05/2021 10:23:53 - INFO - __main__ -   	EPOCH:  32	MiniBatch:   17
03/05/2021 10:23:54 - INFO - __main__ -   	EPOCH:  32	MiniBatch:   18
03/05/2021 10:23:55 - INFO - __main__ -   	EPOCH:  32	MiniBatch:   19
03/05/2021 10:23:55 - INFO - __main__ -   	EPOCH:  32	MiniBatch:   20
03/05/2021 10:23:56 - INFO - __main__ -   	Testing dev Minibatch:    0
03/05/2021 10:23:57 - INFO - __main__ -   	Testing dev Minibatch:    1
03/05/2021 10:23:58 - INFO - __main__ -   	Testing dev Minibatch:    2
03/05/2021 10:23:58 - INFO - __main__ -   
============ Predict Tweet Stance ============
Labels 	Prec. 	Recall	F1    	Supp  
Denial 	0.6507	0.6960	0.6726	273
Support	0.5463	0.5490	0.5477	204
Comment	0.5618	0.5208	0.5405	192
Queries	0.4375	0.3182	0.3684	22
MacroF1	0.5323
F1w_avg	0.5893
Acc    	59.2

============ Predict Viral Tweets ============
Labels 	Prec. 	Recall	F1    	Supp  
N_viral	0.7567	0.8240	0.7889	483
Viral  	0.4848	0.3846	0.4290	208
MacroF1	0.6089
F1w_avg	0.6806
Acc    	69.2

03/05/2021 10:23:58 - INFO - __main__ -   	EPOCH:  33	MiniBatch:    0
03/05/2021 10:23:59 - INFO - __main__ -   	EPOCH:  33	MiniBatch:    1
03/05/2021 10:23:59 - INFO - __main__ -   	EPOCH:  33	MiniBatch:    2
03/05/2021 10:24:00 - INFO - __main__ -   	EPOCH:  33	MiniBatch:    3
03/05/2021 10:24:01 - INFO - __main__ -   	EPOCH:  33	MiniBatch:    4
03/05/2021 10:24:01 - INFO - __main__ -   	EPOCH:  33	MiniBatch:    5
03/05/2021 10:24:02 - INFO - __main__ -   	EPOCH:  33	MiniBatch:    6
03/05/2021 10:24:03 - INFO - __main__ -   	EPOCH:  33	MiniBatch:    7
03/05/2021 10:24:04 - INFO - __main__ -   	EPOCH:  33	MiniBatch:    8
03/05/2021 10:24:04 - INFO - __main__ -   	EPOCH:  33	MiniBatch:    9
03/05/2021 10:24:05 - INFO - __main__ -   	EPOCH:  33	MiniBatch:   10
03/05/2021 10:24:06 - INFO - __main__ -   	EPOCH:  33	MiniBatch:   11
03/05/2021 10:24:06 - INFO - __main__ -   	EPOCH:  33	MiniBatch:   12
03/05/2021 10:24:07 - INFO - __main__ -   	EPOCH:  33	MiniBatch:   13
03/05/2021 10:24:08 - INFO - __main__ -   	EPOCH:  33	MiniBatch:   14
03/05/2021 10:24:08 - INFO - __main__ -   	EPOCH:  33	MiniBatch:   15
03/05/2021 10:24:09 - INFO - __main__ -   	EPOCH:  33	MiniBatch:   16
03/05/2021 10:24:10 - INFO - __main__ -   	EPOCH:  33	MiniBatch:   17
03/05/2021 10:24:11 - INFO - __main__ -   	EPOCH:  33	MiniBatch:   18
03/05/2021 10:24:11 - INFO - __main__ -   	EPOCH:  33	MiniBatch:   19
03/05/2021 10:24:12 - INFO - __main__ -   	EPOCH:  33	MiniBatch:   20
03/05/2021 10:24:13 - INFO - __main__ -   	Testing dev Minibatch:    0
03/05/2021 10:24:13 - INFO - __main__ -   	Testing dev Minibatch:    1
03/05/2021 10:24:14 - INFO - __main__ -   	Testing dev Minibatch:    2
03/05/2021 10:24:14 - INFO - __main__ -   
============ Predict Tweet Stance ============
Labels 	Prec. 	Recall	F1    	Supp  
Denial 	0.6154	0.7326	0.6689	273
Support	0.5241	0.4804	0.5013	204
Comment	0.5535	0.4583	0.5014	192
Queries	0.4000	0.3636	0.3810	22
MacroF1	0.5131
F1w_avg	0.5637
Acc    	57.0

============ Predict Viral Tweets ============
Labels 	Prec. 	Recall	F1    	Supp  
N_viral	0.7647	0.8075	0.7855	483
Viral  	0.4862	0.4231	0.4524	208
MacroF1	0.6190
F1w_avg	0.6852
Acc    	69.2

03/05/2021 10:24:14 - INFO - __main__ -   No improvements in F1 for 20 epochs
03/05/2021 10:24:16 - INFO - __main__ -   	Testing test Minibatch:    0
03/05/2021 10:24:17 - INFO - __main__ -   	Testing test Minibatch:    1
03/05/2021 10:24:18 - INFO - __main__ -   	Testing test Minibatch:    2
03/05/2021 10:24:18 - INFO - __main__ -   
============ Predict Tweet Stance ============
Labels 	Prec. 	Recall	F1    	Supp  
Denial 	0.6753	0.7093	0.6919	258
Support	0.6056	0.4866	0.5396	224
Comment	0.5025	0.5401	0.5206	187
Queries	0.2750	0.4783	0.3492	23
MacroF1	0.5253
F1w_avg	0.5849
Acc    	58.4

============ Predict Viral Tweets ============
Labels 	Prec. 	Recall	F1    	Supp  
N_viral	0.8186	0.7459	0.7805	484
Viral  	0.5100	0.6154	0.5577	208
MacroF1	0.6691
F1w_avg	0.7136
Acc    	70.7

03/05/2021 10:24:18 - INFO - __main__ -   Time taken: 0h 9m 51s
