03/05/2021 11:04:41 - INFO - __main__ -   ----------------- Hyperparameters ------------------
03/05/2021 11:04:41 - INFO - __main__ -   ======== mtt_Bertweet =========
03/05/2021 11:04:41 - INFO - __main__ -   ===== Hyperparameters ======
03/05/2021 11:04:41 - INFO - __main__ -   ('batch_train', 100)
03/05/2021 11:04:41 - INFO - __main__ -   ('batch_test', 300)
03/05/2021 11:04:41 - INFO - __main__ -   ('epochs', 200)
03/05/2021 11:04:41 - INFO - __main__ -   ('learning_rate', 4e-05)
03/05/2021 11:04:41 - INFO - __main__ -   ('optimizer', 'adam')
03/05/2021 11:04:41 - INFO - __main__ -   ('do_train', True)
03/05/2021 11:04:41 - INFO - __main__ -   ('do_test', True)
03/05/2021 11:04:41 - INFO - __main__ -   ('model_name', 'mtt_Bertweet')
03/05/2021 11:04:41 - INFO - __main__ -   ('exp_name', 'exp12')
03/05/2021 11:04:41 - INFO - __main__ -   ('train_data', './data/train_set_128_w_length_bertweet.bin')
03/05/2021 11:04:41 - INFO - __main__ -   ('test_data', './data/test_set_128_w_length_bertweet.bin')
03/05/2021 11:04:41 - INFO - __main__ -   ('k_folds', 4)
03/05/2021 11:04:41 - INFO - __main__ -   ('folds2run', 1)
03/05/2021 11:04:41 - INFO - __main__ -   ('debug', False)
03/05/2021 11:04:41 - INFO - __main__ -   ('log_interval', 1)
03/05/2021 11:04:41 - INFO - __main__ -   ('loss_fn', 'ce_loss')
03/05/2021 11:04:41 - INFO - __main__ -   ('w_sample', True)
03/05/2021 11:04:41 - INFO - __main__ -   ('pretrain_model', '')
03/05/2021 11:04:41 - INFO - __main__ -   ('epochs2giveup', 20)
03/05/2021 11:04:41 - INFO - __main__ -   ('dropout', 0.1)
03/05/2021 11:04:41 - INFO - __main__ -   ('viral_attr', 'retweets')
03/05/2021 11:04:41 - INFO - __main__ -   ('viral_threshold', 80.0)
03/05/2021 11:04:41 - INFO - __main__ -   ('weight_attr', 'viral')
03/05/2021 11:04:41 - INFO - __main__ -   ('task', 'stance')
03/05/2021 11:04:41 - INFO - __main__ -   ('mtt_weight', 1.0)
03/05/2021 11:04:41 - INFO - __main__ -   ------------------ Getting model -------------------
03/05/2021 11:04:48 - INFO - __main__ -   --------------- Getting dataframes -----------------
03/05/2021 11:04:48 - INFO - __main__ -   ------- Setting loss function and optimizer --------
03/05/2021 11:04:48 - INFO - __main__ -   ------------ Converting to dataloaders -------------
03/05/2021 11:04:48 - INFO - __main__ -   class:    0 	count: 1660
03/05/2021 11:04:48 - INFO - __main__ -   class:    1 	count:  415
03/05/2021 11:04:48 - INFO - __main__ -   ---------------- Starting training -----------------
03/05/2021 11:04:48 - INFO - __main__ -   	EPOCH:   0	MiniBatch:    0
03/05/2021 11:04:49 - INFO - __main__ -   	EPOCH:   0	MiniBatch:    1
03/05/2021 11:04:50 - INFO - __main__ -   	EPOCH:   0	MiniBatch:    2
03/05/2021 11:04:50 - INFO - __main__ -   	EPOCH:   0	MiniBatch:    3
03/05/2021 11:04:51 - INFO - __main__ -   	EPOCH:   0	MiniBatch:    4
03/05/2021 11:04:52 - INFO - __main__ -   	EPOCH:   0	MiniBatch:    5
03/05/2021 11:04:53 - INFO - __main__ -   	EPOCH:   0	MiniBatch:    6
03/05/2021 11:04:53 - INFO - __main__ -   	EPOCH:   0	MiniBatch:    7
03/05/2021 11:04:54 - INFO - __main__ -   	EPOCH:   0	MiniBatch:    8
03/05/2021 11:04:55 - INFO - __main__ -   	EPOCH:   0	MiniBatch:    9
03/05/2021 11:04:55 - INFO - __main__ -   	EPOCH:   0	MiniBatch:   10
03/05/2021 11:04:56 - INFO - __main__ -   	EPOCH:   0	MiniBatch:   11
03/05/2021 11:04:57 - INFO - __main__ -   	EPOCH:   0	MiniBatch:   12
03/05/2021 11:04:57 - INFO - __main__ -   	EPOCH:   0	MiniBatch:   13
03/05/2021 11:04:58 - INFO - __main__ -   	EPOCH:   0	MiniBatch:   14
03/05/2021 11:04:59 - INFO - __main__ -   	EPOCH:   0	MiniBatch:   15
03/05/2021 11:04:59 - INFO - __main__ -   	EPOCH:   0	MiniBatch:   16
03/05/2021 11:05:00 - INFO - __main__ -   	EPOCH:   0	MiniBatch:   17
03/05/2021 11:05:01 - INFO - __main__ -   	EPOCH:   0	MiniBatch:   18
03/05/2021 11:05:01 - INFO - __main__ -   	EPOCH:   0	MiniBatch:   19
03/05/2021 11:05:02 - INFO - __main__ -   	EPOCH:   0	MiniBatch:   20
03/05/2021 11:05:03 - INFO - __main__ -   	Testing dev Minibatch:    0
03/05/2021 11:05:04 - INFO - __main__ -   	Testing dev Minibatch:    1
03/05/2021 11:05:04 - INFO - __main__ -   	Testing dev Minibatch:    2
03/05/2021 11:05:04 - INFO - __main__ -   
============ Predict Tweet Stance ============
Labels 	Prec. 	Recall	F1    	Supp  
Denial 	0.5476	0.0842	0.1460	273
Support	0.3333	0.8922	0.4853	204
Comment	0.5049	0.2708	0.3525	192
Queries	0.0000	0.0000	0.0000	22
MacroF1	0.2460
F1w_avg	0.2989
Acc    	37.2

============ Predict Viral Tweets ============
Labels 	Prec. 	Recall	F1    	Supp  
N_viral	0.8003	1.0000	0.8891	553
Viral  	0.0000	0.0000	0.0000	138
MacroF1	0.4445
F1w_avg	0.7115
Acc    	80.0

03/05/2021 11:05:04 - INFO - __main__ -   Best results so far. Saving model...
03/05/2021 11:05:06 - INFO - __main__ -   	EPOCH:   1	MiniBatch:    0
03/05/2021 11:05:07 - INFO - __main__ -   	EPOCH:   1	MiniBatch:    1
03/05/2021 11:05:08 - INFO - __main__ -   	EPOCH:   1	MiniBatch:    2
03/05/2021 11:05:08 - INFO - __main__ -   	EPOCH:   1	MiniBatch:    3
03/05/2021 11:05:09 - INFO - __main__ -   	EPOCH:   1	MiniBatch:    4
03/05/2021 11:05:10 - INFO - __main__ -   	EPOCH:   1	MiniBatch:    5
03/05/2021 11:05:10 - INFO - __main__ -   	EPOCH:   1	MiniBatch:    6
03/05/2021 11:05:11 - INFO - __main__ -   	EPOCH:   1	MiniBatch:    7
03/05/2021 11:05:12 - INFO - __main__ -   	EPOCH:   1	MiniBatch:    8
03/05/2021 11:05:12 - INFO - __main__ -   	EPOCH:   1	MiniBatch:    9
03/05/2021 11:05:13 - INFO - __main__ -   	EPOCH:   1	MiniBatch:   10
03/05/2021 11:05:14 - INFO - __main__ -   	EPOCH:   1	MiniBatch:   11
03/05/2021 11:05:15 - INFO - __main__ -   	EPOCH:   1	MiniBatch:   12
03/05/2021 11:05:15 - INFO - __main__ -   	EPOCH:   1	MiniBatch:   13
03/05/2021 11:05:16 - INFO - __main__ -   	EPOCH:   1	MiniBatch:   14
03/05/2021 11:05:17 - INFO - __main__ -   	EPOCH:   1	MiniBatch:   15
03/05/2021 11:05:17 - INFO - __main__ -   	EPOCH:   1	MiniBatch:   16
03/05/2021 11:05:18 - INFO - __main__ -   	EPOCH:   1	MiniBatch:   17
03/05/2021 11:05:19 - INFO - __main__ -   	EPOCH:   1	MiniBatch:   18
03/05/2021 11:05:19 - INFO - __main__ -   	EPOCH:   1	MiniBatch:   19
03/05/2021 11:05:20 - INFO - __main__ -   	EPOCH:   1	MiniBatch:   20
03/05/2021 11:05:21 - INFO - __main__ -   	Testing dev Minibatch:    0
03/05/2021 11:05:21 - INFO - __main__ -   	Testing dev Minibatch:    1
03/05/2021 11:05:22 - INFO - __main__ -   	Testing dev Minibatch:    2
03/05/2021 11:05:22 - INFO - __main__ -   
============ Predict Tweet Stance ============
Labels 	Prec. 	Recall	F1    	Supp  
Denial 	0.6770	0.6374	0.6566	273
Support	0.4320	0.7010	0.5346	204
Comment	0.5728	0.3073	0.4000	192
Queries	0.0000	0.0000	0.0000	22
MacroF1	0.3978
F1w_avg	0.5284
Acc    	54.4

============ Predict Viral Tweets ============
Labels 	Prec. 	Recall	F1    	Supp  
N_viral	0.7988	0.9403	0.8638	553
Viral  	0.1750	0.0507	0.0787	138
MacroF1	0.4712
F1w_avg	0.7070
Acc    	76.3

03/05/2021 11:05:22 - INFO - __main__ -   Best results so far. Saving model...
03/05/2021 11:05:24 - INFO - __main__ -   	EPOCH:   2	MiniBatch:    0
03/05/2021 11:05:25 - INFO - __main__ -   	EPOCH:   2	MiniBatch:    1
03/05/2021 11:05:26 - INFO - __main__ -   	EPOCH:   2	MiniBatch:    2
03/05/2021 11:05:26 - INFO - __main__ -   	EPOCH:   2	MiniBatch:    3
03/05/2021 11:05:27 - INFO - __main__ -   	EPOCH:   2	MiniBatch:    4
03/05/2021 11:05:28 - INFO - __main__ -   	EPOCH:   2	MiniBatch:    5
03/05/2021 11:05:28 - INFO - __main__ -   	EPOCH:   2	MiniBatch:    6
03/05/2021 11:05:29 - INFO - __main__ -   	EPOCH:   2	MiniBatch:    7
03/05/2021 11:05:30 - INFO - __main__ -   	EPOCH:   2	MiniBatch:    8
03/05/2021 11:05:30 - INFO - __main__ -   	EPOCH:   2	MiniBatch:    9
03/05/2021 11:05:31 - INFO - __main__ -   	EPOCH:   2	MiniBatch:   10
03/05/2021 11:05:32 - INFO - __main__ -   	EPOCH:   2	MiniBatch:   11
03/05/2021 11:05:32 - INFO - __main__ -   	EPOCH:   2	MiniBatch:   12
03/05/2021 11:05:33 - INFO - __main__ -   	EPOCH:   2	MiniBatch:   13
03/05/2021 11:05:34 - INFO - __main__ -   	EPOCH:   2	MiniBatch:   14
03/05/2021 11:05:35 - INFO - __main__ -   	EPOCH:   2	MiniBatch:   15
03/05/2021 11:05:35 - INFO - __main__ -   	EPOCH:   2	MiniBatch:   16
03/05/2021 11:05:36 - INFO - __main__ -   	EPOCH:   2	MiniBatch:   17
03/05/2021 11:05:37 - INFO - __main__ -   	EPOCH:   2	MiniBatch:   18
03/05/2021 11:05:37 - INFO - __main__ -   	EPOCH:   2	MiniBatch:   19
03/05/2021 11:05:38 - INFO - __main__ -   	EPOCH:   2	MiniBatch:   20
03/05/2021 11:05:39 - INFO - __main__ -   	Testing dev Minibatch:    0
03/05/2021 11:05:39 - INFO - __main__ -   	Testing dev Minibatch:    1
03/05/2021 11:05:40 - INFO - __main__ -   	Testing dev Minibatch:    2
03/05/2021 11:05:40 - INFO - __main__ -   
============ Predict Tweet Stance ============
Labels 	Prec. 	Recall	F1    	Supp  
Denial 	0.6587	0.6081	0.6324	273
Support	0.5366	0.5392	0.5379	204
Comment	0.4701	0.5729	0.5164	192
Queries	0.0000	0.0000	0.0000	22
MacroF1	0.4217
F1w_avg	0.5521
Acc    	55.9

============ Predict Viral Tweets ============
Labels 	Prec. 	Recall	F1    	Supp  
N_viral	0.8022	0.8065	0.8043	553
Viral  	0.2074	0.2029	0.2051	138
MacroF1	0.5047
F1w_avg	0.6847
Acc    	68.6

03/05/2021 11:05:40 - INFO - __main__ -   Best results so far. Saving model...
03/05/2021 11:05:42 - INFO - __main__ -   	EPOCH:   3	MiniBatch:    0
03/05/2021 11:05:43 - INFO - __main__ -   	EPOCH:   3	MiniBatch:    1
03/05/2021 11:05:44 - INFO - __main__ -   	EPOCH:   3	MiniBatch:    2
03/05/2021 11:05:44 - INFO - __main__ -   	EPOCH:   3	MiniBatch:    3
03/05/2021 11:05:45 - INFO - __main__ -   	EPOCH:   3	MiniBatch:    4
03/05/2021 11:05:46 - INFO - __main__ -   	EPOCH:   3	MiniBatch:    5
03/05/2021 11:05:46 - INFO - __main__ -   	EPOCH:   3	MiniBatch:    6
03/05/2021 11:05:47 - INFO - __main__ -   	EPOCH:   3	MiniBatch:    7
03/05/2021 11:05:48 - INFO - __main__ -   	EPOCH:   3	MiniBatch:    8
03/05/2021 11:05:48 - INFO - __main__ -   	EPOCH:   3	MiniBatch:    9
03/05/2021 11:05:49 - INFO - __main__ -   	EPOCH:   3	MiniBatch:   10
03/05/2021 11:05:50 - INFO - __main__ -   	EPOCH:   3	MiniBatch:   11
03/05/2021 11:05:50 - INFO - __main__ -   	EPOCH:   3	MiniBatch:   12
03/05/2021 11:05:51 - INFO - __main__ -   	EPOCH:   3	MiniBatch:   13
03/05/2021 11:05:52 - INFO - __main__ -   	EPOCH:   3	MiniBatch:   14
03/05/2021 11:05:52 - INFO - __main__ -   	EPOCH:   3	MiniBatch:   15
03/05/2021 11:05:53 - INFO - __main__ -   	EPOCH:   3	MiniBatch:   16
03/05/2021 11:05:54 - INFO - __main__ -   	EPOCH:   3	MiniBatch:   17
03/05/2021 11:05:55 - INFO - __main__ -   	EPOCH:   3	MiniBatch:   18
03/05/2021 11:05:55 - INFO - __main__ -   	EPOCH:   3	MiniBatch:   19
03/05/2021 11:05:56 - INFO - __main__ -   	EPOCH:   3	MiniBatch:   20
03/05/2021 11:05:57 - INFO - __main__ -   	Testing dev Minibatch:    0
03/05/2021 11:05:57 - INFO - __main__ -   	Testing dev Minibatch:    1
03/05/2021 11:05:58 - INFO - __main__ -   	Testing dev Minibatch:    2
03/05/2021 11:05:58 - INFO - __main__ -   
============ Predict Tweet Stance ============
Labels 	Prec. 	Recall	F1    	Supp  
Denial 	0.6467	0.7106	0.6771	273
Support	0.5209	0.5490	0.5346	204
Comment	0.5284	0.4844	0.5054	192
Queries	0.0000	0.0000	0.0000	22
MacroF1	0.4293
F1w_avg	0.5658
Acc    	57.7

============ Predict Viral Tweets ============
Labels 	Prec. 	Recall	F1    	Supp  
N_viral	0.7977	0.6347	0.7069	553
Viral  	0.1952	0.3551	0.2519	138
MacroF1	0.4794
F1w_avg	0.6161
Acc    	57.9

03/05/2021 11:05:58 - INFO - __main__ -   Best results so far. Saving model...
03/05/2021 11:06:00 - INFO - __main__ -   	EPOCH:   4	MiniBatch:    0
03/05/2021 11:06:01 - INFO - __main__ -   	EPOCH:   4	MiniBatch:    1
03/05/2021 11:06:01 - INFO - __main__ -   	EPOCH:   4	MiniBatch:    2
03/05/2021 11:06:02 - INFO - __main__ -   	EPOCH:   4	MiniBatch:    3
03/05/2021 11:06:03 - INFO - __main__ -   	EPOCH:   4	MiniBatch:    4
03/05/2021 11:06:04 - INFO - __main__ -   	EPOCH:   4	MiniBatch:    5
03/05/2021 11:06:04 - INFO - __main__ -   	EPOCH:   4	MiniBatch:    6
03/05/2021 11:06:05 - INFO - __main__ -   	EPOCH:   4	MiniBatch:    7
03/05/2021 11:06:06 - INFO - __main__ -   	EPOCH:   4	MiniBatch:    8
03/05/2021 11:06:06 - INFO - __main__ -   	EPOCH:   4	MiniBatch:    9
03/05/2021 11:06:07 - INFO - __main__ -   	EPOCH:   4	MiniBatch:   10
03/05/2021 11:06:08 - INFO - __main__ -   	EPOCH:   4	MiniBatch:   11
03/05/2021 11:06:08 - INFO - __main__ -   	EPOCH:   4	MiniBatch:   12
03/05/2021 11:06:09 - INFO - __main__ -   	EPOCH:   4	MiniBatch:   13
03/05/2021 11:06:10 - INFO - __main__ -   	EPOCH:   4	MiniBatch:   14
03/05/2021 11:06:10 - INFO - __main__ -   	EPOCH:   4	MiniBatch:   15
03/05/2021 11:06:11 - INFO - __main__ -   	EPOCH:   4	MiniBatch:   16
03/05/2021 11:06:12 - INFO - __main__ -   	EPOCH:   4	MiniBatch:   17
03/05/2021 11:06:12 - INFO - __main__ -   	EPOCH:   4	MiniBatch:   18
03/05/2021 11:06:13 - INFO - __main__ -   	EPOCH:   4	MiniBatch:   19
03/05/2021 11:06:14 - INFO - __main__ -   	EPOCH:   4	MiniBatch:   20
03/05/2021 11:06:15 - INFO - __main__ -   	Testing dev Minibatch:    0
03/05/2021 11:06:15 - INFO - __main__ -   	Testing dev Minibatch:    1
03/05/2021 11:06:16 - INFO - __main__ -   	Testing dev Minibatch:    2
03/05/2021 11:06:16 - INFO - __main__ -   
============ Predict Tweet Stance ============
Labels 	Prec. 	Recall	F1    	Supp  
Denial 	0.7143	0.5861	0.6439	273
Support	0.5573	0.3578	0.4358	204
Comment	0.4146	0.6823	0.5157	192
Queries	0.3500	0.3182	0.3333	22
MacroF1	0.4822
F1w_avg	0.5370
Acc    	53.7

============ Predict Viral Tweets ============
Labels 	Prec. 	Recall	F1    	Supp  
N_viral	0.7949	0.6166	0.6945	553
Viral  	0.1908	0.3623	0.2500	138
MacroF1	0.4723
F1w_avg	0.6057
Acc    	56.6

03/05/2021 11:06:16 - INFO - __main__ -   Best results so far. Saving model...
03/05/2021 11:06:18 - INFO - __main__ -   	EPOCH:   5	MiniBatch:    0
03/05/2021 11:06:19 - INFO - __main__ -   	EPOCH:   5	MiniBatch:    1
03/05/2021 11:06:19 - INFO - __main__ -   	EPOCH:   5	MiniBatch:    2
03/05/2021 11:06:20 - INFO - __main__ -   	EPOCH:   5	MiniBatch:    3
03/05/2021 11:06:21 - INFO - __main__ -   	EPOCH:   5	MiniBatch:    4
03/05/2021 11:06:21 - INFO - __main__ -   	EPOCH:   5	MiniBatch:    5
03/05/2021 11:06:22 - INFO - __main__ -   	EPOCH:   5	MiniBatch:    6
03/05/2021 11:06:23 - INFO - __main__ -   	EPOCH:   5	MiniBatch:    7
03/05/2021 11:06:24 - INFO - __main__ -   	EPOCH:   5	MiniBatch:    8
03/05/2021 11:06:24 - INFO - __main__ -   	EPOCH:   5	MiniBatch:    9
03/05/2021 11:06:25 - INFO - __main__ -   	EPOCH:   5	MiniBatch:   10
03/05/2021 11:06:26 - INFO - __main__ -   	EPOCH:   5	MiniBatch:   11
03/05/2021 11:06:26 - INFO - __main__ -   	EPOCH:   5	MiniBatch:   12
03/05/2021 11:06:27 - INFO - __main__ -   	EPOCH:   5	MiniBatch:   13
03/05/2021 11:06:28 - INFO - __main__ -   	EPOCH:   5	MiniBatch:   14
03/05/2021 11:06:28 - INFO - __main__ -   	EPOCH:   5	MiniBatch:   15
03/05/2021 11:06:29 - INFO - __main__ -   	EPOCH:   5	MiniBatch:   16
03/05/2021 11:06:30 - INFO - __main__ -   	EPOCH:   5	MiniBatch:   17
03/05/2021 11:06:30 - INFO - __main__ -   	EPOCH:   5	MiniBatch:   18
03/05/2021 11:06:31 - INFO - __main__ -   	EPOCH:   5	MiniBatch:   19
03/05/2021 11:06:32 - INFO - __main__ -   	EPOCH:   5	MiniBatch:   20
03/05/2021 11:06:33 - INFO - __main__ -   	Testing dev Minibatch:    0
03/05/2021 11:06:33 - INFO - __main__ -   	Testing dev Minibatch:    1
03/05/2021 11:06:34 - INFO - __main__ -   	Testing dev Minibatch:    2
03/05/2021 11:06:34 - INFO - __main__ -   
============ Predict Tweet Stance ============
Labels 	Prec. 	Recall	F1    	Supp  
Denial 	0.6975	0.7179	0.7076	273
Support	0.5090	0.6912	0.5863	204
Comment	0.5820	0.3698	0.4522	192
Queries	0.4545	0.2273	0.3030	22
MacroF1	0.5123
F1w_avg	0.5879
Acc    	59.8

============ Predict Viral Tweets ============
Labels 	Prec. 	Recall	F1    	Supp  
N_viral	0.7673	0.5425	0.6356	553
Viral  	0.1567	0.3406	0.2146	138
MacroF1	0.4251
F1w_avg	0.5515
Acc    	50.2

03/05/2021 11:06:34 - INFO - __main__ -   Best results so far. Saving model...
03/05/2021 11:06:36 - INFO - __main__ -   	EPOCH:   6	MiniBatch:    0
03/05/2021 11:06:37 - INFO - __main__ -   	EPOCH:   6	MiniBatch:    1
03/05/2021 11:06:37 - INFO - __main__ -   	EPOCH:   6	MiniBatch:    2
03/05/2021 11:06:38 - INFO - __main__ -   	EPOCH:   6	MiniBatch:    3
03/05/2021 11:06:39 - INFO - __main__ -   	EPOCH:   6	MiniBatch:    4
03/05/2021 11:06:39 - INFO - __main__ -   	EPOCH:   6	MiniBatch:    5
03/05/2021 11:06:40 - INFO - __main__ -   	EPOCH:   6	MiniBatch:    6
03/05/2021 11:06:41 - INFO - __main__ -   	EPOCH:   6	MiniBatch:    7
03/05/2021 11:06:42 - INFO - __main__ -   	EPOCH:   6	MiniBatch:    8
03/05/2021 11:06:42 - INFO - __main__ -   	EPOCH:   6	MiniBatch:    9
03/05/2021 11:06:43 - INFO - __main__ -   	EPOCH:   6	MiniBatch:   10
03/05/2021 11:06:44 - INFO - __main__ -   	EPOCH:   6	MiniBatch:   11
03/05/2021 11:06:44 - INFO - __main__ -   	EPOCH:   6	MiniBatch:   12
03/05/2021 11:06:45 - INFO - __main__ -   	EPOCH:   6	MiniBatch:   13
03/05/2021 11:06:46 - INFO - __main__ -   	EPOCH:   6	MiniBatch:   14
03/05/2021 11:06:46 - INFO - __main__ -   	EPOCH:   6	MiniBatch:   15
03/05/2021 11:06:47 - INFO - __main__ -   	EPOCH:   6	MiniBatch:   16
03/05/2021 11:06:48 - INFO - __main__ -   	EPOCH:   6	MiniBatch:   17
03/05/2021 11:06:48 - INFO - __main__ -   	EPOCH:   6	MiniBatch:   18
03/05/2021 11:06:49 - INFO - __main__ -   	EPOCH:   6	MiniBatch:   19
03/05/2021 11:06:50 - INFO - __main__ -   	EPOCH:   6	MiniBatch:   20
03/05/2021 11:06:51 - INFO - __main__ -   	Testing dev Minibatch:    0
03/05/2021 11:06:51 - INFO - __main__ -   	Testing dev Minibatch:    1
03/05/2021 11:06:52 - INFO - __main__ -   	Testing dev Minibatch:    2
03/05/2021 11:06:52 - INFO - __main__ -   
============ Predict Tweet Stance ============
Labels 	Prec. 	Recall	F1    	Supp  
Denial 	0.6712	0.7179	0.6938	273
Support	0.5587	0.4902	0.5222	204
Comment	0.4878	0.5208	0.5038	192
Queries	0.5333	0.3636	0.4324	22
MacroF1	0.5381
F1w_avg	0.5820
Acc    	58.5

============ Predict Viral Tweets ============
Labels 	Prec. 	Recall	F1    	Supp  
N_viral	0.7754	0.5244	0.6257	553
Viral  	0.1703	0.3913	0.2374	138
MacroF1	0.4315
F1w_avg	0.5481
Acc    	49.8

03/05/2021 11:06:52 - INFO - __main__ -   Best results so far. Saving model...
03/05/2021 11:06:54 - INFO - __main__ -   	EPOCH:   7	MiniBatch:    0
03/05/2021 11:06:55 - INFO - __main__ -   	EPOCH:   7	MiniBatch:    1
03/05/2021 11:06:55 - INFO - __main__ -   	EPOCH:   7	MiniBatch:    2
03/05/2021 11:06:56 - INFO - __main__ -   	EPOCH:   7	MiniBatch:    3
03/05/2021 11:06:57 - INFO - __main__ -   	EPOCH:   7	MiniBatch:    4
03/05/2021 11:06:57 - INFO - __main__ -   	EPOCH:   7	MiniBatch:    5
03/05/2021 11:06:58 - INFO - __main__ -   	EPOCH:   7	MiniBatch:    6
03/05/2021 11:06:59 - INFO - __main__ -   	EPOCH:   7	MiniBatch:    7
03/05/2021 11:07:00 - INFO - __main__ -   	EPOCH:   7	MiniBatch:    8
03/05/2021 11:07:00 - INFO - __main__ -   	EPOCH:   7	MiniBatch:    9
03/05/2021 11:07:01 - INFO - __main__ -   	EPOCH:   7	MiniBatch:   10
03/05/2021 11:07:02 - INFO - __main__ -   	EPOCH:   7	MiniBatch:   11
03/05/2021 11:07:02 - INFO - __main__ -   	EPOCH:   7	MiniBatch:   12
03/05/2021 11:07:03 - INFO - __main__ -   	EPOCH:   7	MiniBatch:   13
03/05/2021 11:07:04 - INFO - __main__ -   	EPOCH:   7	MiniBatch:   14
03/05/2021 11:07:04 - INFO - __main__ -   	EPOCH:   7	MiniBatch:   15
03/05/2021 11:07:05 - INFO - __main__ -   	EPOCH:   7	MiniBatch:   16
03/05/2021 11:07:06 - INFO - __main__ -   	EPOCH:   7	MiniBatch:   17
03/05/2021 11:07:06 - INFO - __main__ -   	EPOCH:   7	MiniBatch:   18
03/05/2021 11:07:07 - INFO - __main__ -   	EPOCH:   7	MiniBatch:   19
03/05/2021 11:07:08 - INFO - __main__ -   	EPOCH:   7	MiniBatch:   20
03/05/2021 11:07:09 - INFO - __main__ -   	Testing dev Minibatch:    0
03/05/2021 11:07:09 - INFO - __main__ -   	Testing dev Minibatch:    1
03/05/2021 11:07:10 - INFO - __main__ -   	Testing dev Minibatch:    2
03/05/2021 11:07:10 - INFO - __main__ -   
============ Predict Tweet Stance ============
Labels 	Prec. 	Recall	F1    	Supp  
Denial 	0.6355	0.7216	0.6758	273
Support	0.5929	0.4069	0.4826	204
Comment	0.4909	0.5625	0.5243	192
Queries	0.4762	0.4545	0.4651	22
MacroF1	0.5369
F1w_avg	0.5699
Acc    	57.6

============ Predict Viral Tweets ============
Labels 	Prec. 	Recall	F1    	Supp  
N_viral	0.7768	0.6673	0.7179	553
Viral  	0.1481	0.2319	0.1808	138
MacroF1	0.4493
F1w_avg	0.6106
Acc    	58.0

03/05/2021 11:07:10 - INFO - __main__ -   	EPOCH:   8	MiniBatch:    0
03/05/2021 11:07:11 - INFO - __main__ -   	EPOCH:   8	MiniBatch:    1
03/05/2021 11:07:12 - INFO - __main__ -   	EPOCH:   8	MiniBatch:    2
03/05/2021 11:07:12 - INFO - __main__ -   	EPOCH:   8	MiniBatch:    3
03/05/2021 11:07:13 - INFO - __main__ -   	EPOCH:   8	MiniBatch:    4
03/05/2021 11:07:14 - INFO - __main__ -   	EPOCH:   8	MiniBatch:    5
03/05/2021 11:07:15 - INFO - __main__ -   	EPOCH:   8	MiniBatch:    6
03/05/2021 11:07:15 - INFO - __main__ -   	EPOCH:   8	MiniBatch:    7
03/05/2021 11:07:16 - INFO - __main__ -   	EPOCH:   8	MiniBatch:    8
03/05/2021 11:07:17 - INFO - __main__ -   	EPOCH:   8	MiniBatch:    9
03/05/2021 11:07:17 - INFO - __main__ -   	EPOCH:   8	MiniBatch:   10
03/05/2021 11:07:18 - INFO - __main__ -   	EPOCH:   8	MiniBatch:   11
03/05/2021 11:07:19 - INFO - __main__ -   	EPOCH:   8	MiniBatch:   12
03/05/2021 11:07:19 - INFO - __main__ -   	EPOCH:   8	MiniBatch:   13
03/05/2021 11:07:20 - INFO - __main__ -   	EPOCH:   8	MiniBatch:   14
03/05/2021 11:07:21 - INFO - __main__ -   	EPOCH:   8	MiniBatch:   15
03/05/2021 11:07:21 - INFO - __main__ -   	EPOCH:   8	MiniBatch:   16
03/05/2021 11:07:22 - INFO - __main__ -   	EPOCH:   8	MiniBatch:   17
03/05/2021 11:07:23 - INFO - __main__ -   	EPOCH:   8	MiniBatch:   18
03/05/2021 11:07:24 - INFO - __main__ -   	EPOCH:   8	MiniBatch:   19
03/05/2021 11:07:24 - INFO - __main__ -   	EPOCH:   8	MiniBatch:   20
03/05/2021 11:07:25 - INFO - __main__ -   	Testing dev Minibatch:    0
03/05/2021 11:07:26 - INFO - __main__ -   	Testing dev Minibatch:    1
03/05/2021 11:07:26 - INFO - __main__ -   	Testing dev Minibatch:    2
03/05/2021 11:07:27 - INFO - __main__ -   
============ Predict Tweet Stance ============
Labels 	Prec. 	Recall	F1    	Supp  
Denial 	0.7160	0.6557	0.6845	273
Support	0.5411	0.6127	0.5747	204
Comment	0.4915	0.4531	0.4715	192
Queries	0.3333	0.5000	0.4000	22
MacroF1	0.5327
F1w_avg	0.5839
Acc    	58.2

============ Predict Viral Tweets ============
Labels 	Prec. 	Recall	F1    	Supp  
N_viral	0.7728	0.6275	0.6926	553
Viral  	0.1488	0.2609	0.1895	138
MacroF1	0.4410
F1w_avg	0.5921
Acc    	55.4

03/05/2021 11:07:27 - INFO - __main__ -   	EPOCH:   9	MiniBatch:    0
03/05/2021 11:07:28 - INFO - __main__ -   	EPOCH:   9	MiniBatch:    1
03/05/2021 11:07:28 - INFO - __main__ -   	EPOCH:   9	MiniBatch:    2
03/05/2021 11:07:29 - INFO - __main__ -   	EPOCH:   9	MiniBatch:    3
03/05/2021 11:07:30 - INFO - __main__ -   	EPOCH:   9	MiniBatch:    4
03/05/2021 11:07:30 - INFO - __main__ -   	EPOCH:   9	MiniBatch:    5
03/05/2021 11:07:31 - INFO - __main__ -   	EPOCH:   9	MiniBatch:    6
03/05/2021 11:07:32 - INFO - __main__ -   	EPOCH:   9	MiniBatch:    7
03/05/2021 11:07:32 - INFO - __main__ -   	EPOCH:   9	MiniBatch:    8
03/05/2021 11:07:33 - INFO - __main__ -   	EPOCH:   9	MiniBatch:    9
03/05/2021 11:07:34 - INFO - __main__ -   	EPOCH:   9	MiniBatch:   10
03/05/2021 11:07:34 - INFO - __main__ -   	EPOCH:   9	MiniBatch:   11
03/05/2021 11:07:35 - INFO - __main__ -   	EPOCH:   9	MiniBatch:   12
03/05/2021 11:07:36 - INFO - __main__ -   	EPOCH:   9	MiniBatch:   13
03/05/2021 11:07:37 - INFO - __main__ -   	EPOCH:   9	MiniBatch:   14
03/05/2021 11:07:37 - INFO - __main__ -   	EPOCH:   9	MiniBatch:   15
03/05/2021 11:07:38 - INFO - __main__ -   	EPOCH:   9	MiniBatch:   16
03/05/2021 11:07:39 - INFO - __main__ -   	EPOCH:   9	MiniBatch:   17
03/05/2021 11:07:39 - INFO - __main__ -   	EPOCH:   9	MiniBatch:   18
03/05/2021 11:07:40 - INFO - __main__ -   	EPOCH:   9	MiniBatch:   19
03/05/2021 11:07:41 - INFO - __main__ -   	EPOCH:   9	MiniBatch:   20
03/05/2021 11:07:41 - INFO - __main__ -   	Testing dev Minibatch:    0
03/05/2021 11:07:42 - INFO - __main__ -   	Testing dev Minibatch:    1
03/05/2021 11:07:43 - INFO - __main__ -   	Testing dev Minibatch:    2
03/05/2021 11:07:43 - INFO - __main__ -   
============ Predict Tweet Stance ============
Labels 	Prec. 	Recall	F1    	Supp  
Denial 	0.5910	0.8205	0.6871	273
Support	0.5970	0.3922	0.4734	204
Comment	0.5449	0.4740	0.5070	192
Queries	0.6364	0.3182	0.4242	22
MacroF1	0.5229
F1w_avg	0.5656
Acc    	58.2

============ Predict Viral Tweets ============
Labels 	Prec. 	Recall	F1    	Supp  
N_viral	0.7982	0.4720	0.5932	553
Viral  	0.1978	0.5217	0.2869	138
MacroF1	0.4400
F1w_avg	0.5320
Acc    	48.2

03/05/2021 11:07:43 - INFO - __main__ -   	EPOCH:  10	MiniBatch:    0
03/05/2021 11:07:44 - INFO - __main__ -   	EPOCH:  10	MiniBatch:    1
03/05/2021 11:07:45 - INFO - __main__ -   	EPOCH:  10	MiniBatch:    2
03/05/2021 11:07:45 - INFO - __main__ -   	EPOCH:  10	MiniBatch:    3
03/05/2021 11:07:46 - INFO - __main__ -   	EPOCH:  10	MiniBatch:    4
03/05/2021 11:07:47 - INFO - __main__ -   	EPOCH:  10	MiniBatch:    5
03/05/2021 11:07:47 - INFO - __main__ -   	EPOCH:  10	MiniBatch:    6
03/05/2021 11:07:48 - INFO - __main__ -   	EPOCH:  10	MiniBatch:    7
03/05/2021 11:07:49 - INFO - __main__ -   	EPOCH:  10	MiniBatch:    8
03/05/2021 11:07:49 - INFO - __main__ -   	EPOCH:  10	MiniBatch:    9
03/05/2021 11:07:50 - INFO - __main__ -   	EPOCH:  10	MiniBatch:   10
03/05/2021 11:07:51 - INFO - __main__ -   	EPOCH:  10	MiniBatch:   11
03/05/2021 11:07:52 - INFO - __main__ -   	EPOCH:  10	MiniBatch:   12
03/05/2021 11:07:52 - INFO - __main__ -   	EPOCH:  10	MiniBatch:   13
03/05/2021 11:07:53 - INFO - __main__ -   	EPOCH:  10	MiniBatch:   14
03/05/2021 11:07:54 - INFO - __main__ -   	EPOCH:  10	MiniBatch:   15
03/05/2021 11:07:54 - INFO - __main__ -   	EPOCH:  10	MiniBatch:   16
03/05/2021 11:07:55 - INFO - __main__ -   	EPOCH:  10	MiniBatch:   17
03/05/2021 11:07:56 - INFO - __main__ -   	EPOCH:  10	MiniBatch:   18
03/05/2021 11:07:56 - INFO - __main__ -   	EPOCH:  10	MiniBatch:   19
03/05/2021 11:07:57 - INFO - __main__ -   	EPOCH:  10	MiniBatch:   20
03/05/2021 11:07:58 - INFO - __main__ -   	Testing dev Minibatch:    0
03/05/2021 11:07:59 - INFO - __main__ -   	Testing dev Minibatch:    1
03/05/2021 11:07:59 - INFO - __main__ -   	Testing dev Minibatch:    2
03/05/2021 11:07:59 - INFO - __main__ -   
============ Predict Tweet Stance ============
Labels 	Prec. 	Recall	F1    	Supp  
Denial 	0.5855	0.8278	0.6859	273
Support	0.6081	0.4412	0.5114	204
Comment	0.6393	0.4062	0.4968	192
Queries	0.3429	0.5455	0.4211	22
MacroF1	0.5288
F1w_avg	0.5734
Acc    	58.8

============ Predict Viral Tweets ============
Labels 	Prec. 	Recall	F1    	Supp  
N_viral	0.7950	0.5190	0.6280	553
Viral  	0.1939	0.4638	0.2735	138
MacroF1	0.4508
F1w_avg	0.5572
Acc    	50.8

03/05/2021 11:08:00 - INFO - __main__ -   	EPOCH:  11	MiniBatch:    0
03/05/2021 11:08:00 - INFO - __main__ -   	EPOCH:  11	MiniBatch:    1
03/05/2021 11:08:01 - INFO - __main__ -   	EPOCH:  11	MiniBatch:    2
03/05/2021 11:08:02 - INFO - __main__ -   	EPOCH:  11	MiniBatch:    3
03/05/2021 11:08:02 - INFO - __main__ -   	EPOCH:  11	MiniBatch:    4
03/05/2021 11:08:03 - INFO - __main__ -   	EPOCH:  11	MiniBatch:    5
03/05/2021 11:08:04 - INFO - __main__ -   	EPOCH:  11	MiniBatch:    6
03/05/2021 11:08:05 - INFO - __main__ -   	EPOCH:  11	MiniBatch:    7
03/05/2021 11:08:05 - INFO - __main__ -   	EPOCH:  11	MiniBatch:    8
03/05/2021 11:08:06 - INFO - __main__ -   	EPOCH:  11	MiniBatch:    9
03/05/2021 11:08:07 - INFO - __main__ -   	EPOCH:  11	MiniBatch:   10
03/05/2021 11:08:07 - INFO - __main__ -   	EPOCH:  11	MiniBatch:   11
03/05/2021 11:08:08 - INFO - __main__ -   	EPOCH:  11	MiniBatch:   12
03/05/2021 11:08:09 - INFO - __main__ -   	EPOCH:  11	MiniBatch:   13
03/05/2021 11:08:09 - INFO - __main__ -   	EPOCH:  11	MiniBatch:   14
03/05/2021 11:08:10 - INFO - __main__ -   	EPOCH:  11	MiniBatch:   15
03/05/2021 11:08:11 - INFO - __main__ -   	EPOCH:  11	MiniBatch:   16
03/05/2021 11:08:11 - INFO - __main__ -   	EPOCH:  11	MiniBatch:   17
03/05/2021 11:08:12 - INFO - __main__ -   	EPOCH:  11	MiniBatch:   18
03/05/2021 11:08:13 - INFO - __main__ -   	EPOCH:  11	MiniBatch:   19
03/05/2021 11:08:14 - INFO - __main__ -   	EPOCH:  11	MiniBatch:   20
03/05/2021 11:08:14 - INFO - __main__ -   	Testing dev Minibatch:    0
03/05/2021 11:08:15 - INFO - __main__ -   	Testing dev Minibatch:    1
03/05/2021 11:08:16 - INFO - __main__ -   	Testing dev Minibatch:    2
03/05/2021 11:08:16 - INFO - __main__ -   
============ Predict Tweet Stance ============
Labels 	Prec. 	Recall	F1    	Supp  
Denial 	0.7121	0.6886	0.7002	273
Support	0.5155	0.6520	0.5758	204
Comment	0.5310	0.4010	0.4570	192
Queries	0.4167	0.4545	0.4348	22
MacroF1	0.5419
F1w_avg	0.5874
Acc    	59.0

============ Predict Viral Tweets ============
Labels 	Prec. 	Recall	F1    	Supp  
N_viral	0.7908	0.5877	0.6743	553
Viral  	0.1857	0.3768	0.2488	138
MacroF1	0.4615
F1w_avg	0.5893
Acc    	54.6

03/05/2021 11:08:16 - INFO - __main__ -   Best results so far. Saving model...
03/05/2021 11:08:18 - INFO - __main__ -   	EPOCH:  12	MiniBatch:    0
03/05/2021 11:08:18 - INFO - __main__ -   	EPOCH:  12	MiniBatch:    1
03/05/2021 11:08:19 - INFO - __main__ -   	EPOCH:  12	MiniBatch:    2
03/05/2021 11:08:20 - INFO - __main__ -   	EPOCH:  12	MiniBatch:    3
03/05/2021 11:08:21 - INFO - __main__ -   	EPOCH:  12	MiniBatch:    4
03/05/2021 11:08:21 - INFO - __main__ -   	EPOCH:  12	MiniBatch:    5
03/05/2021 11:08:22 - INFO - __main__ -   	EPOCH:  12	MiniBatch:    6
03/05/2021 11:08:23 - INFO - __main__ -   	EPOCH:  12	MiniBatch:    7
03/05/2021 11:08:23 - INFO - __main__ -   	EPOCH:  12	MiniBatch:    8
03/05/2021 11:08:24 - INFO - __main__ -   	EPOCH:  12	MiniBatch:    9
03/05/2021 11:08:25 - INFO - __main__ -   	EPOCH:  12	MiniBatch:   10
03/05/2021 11:08:25 - INFO - __main__ -   	EPOCH:  12	MiniBatch:   11
03/05/2021 11:08:26 - INFO - __main__ -   	EPOCH:  12	MiniBatch:   12
03/05/2021 11:08:27 - INFO - __main__ -   	EPOCH:  12	MiniBatch:   13
03/05/2021 11:08:27 - INFO - __main__ -   	EPOCH:  12	MiniBatch:   14
03/05/2021 11:08:28 - INFO - __main__ -   	EPOCH:  12	MiniBatch:   15
03/05/2021 11:08:29 - INFO - __main__ -   	EPOCH:  12	MiniBatch:   16
03/05/2021 11:08:30 - INFO - __main__ -   	EPOCH:  12	MiniBatch:   17
03/05/2021 11:08:30 - INFO - __main__ -   	EPOCH:  12	MiniBatch:   18
03/05/2021 11:08:31 - INFO - __main__ -   	EPOCH:  12	MiniBatch:   19
03/05/2021 11:08:32 - INFO - __main__ -   	EPOCH:  12	MiniBatch:   20
03/05/2021 11:08:32 - INFO - __main__ -   	Testing dev Minibatch:    0
03/05/2021 11:08:33 - INFO - __main__ -   	Testing dev Minibatch:    1
03/05/2021 11:08:34 - INFO - __main__ -   	Testing dev Minibatch:    2
03/05/2021 11:08:34 - INFO - __main__ -   
============ Predict Tweet Stance ============
Labels 	Prec. 	Recall	F1    	Supp  
Denial 	0.7018	0.7070	0.7044	273
Support	0.5052	0.7108	0.5906	204
Comment	0.6140	0.3646	0.4575	192
Queries	0.4667	0.3182	0.3784	22
MacroF1	0.5327
F1w_avg	0.5918
Acc    	60.1

============ Predict Viral Tweets ============
Labels 	Prec. 	Recall	F1    	Supp  
N_viral	0.7867	0.6401	0.7059	553
Viral  	0.1743	0.3043	0.2216	138
MacroF1	0.4638
F1w_avg	0.6092
Acc    	57.3

03/05/2021 11:08:34 - INFO - __main__ -   	EPOCH:  13	MiniBatch:    0
03/05/2021 11:08:35 - INFO - __main__ -   	EPOCH:  13	MiniBatch:    1
03/05/2021 11:08:36 - INFO - __main__ -   	EPOCH:  13	MiniBatch:    2
03/05/2021 11:08:36 - INFO - __main__ -   	EPOCH:  13	MiniBatch:    3
03/05/2021 11:08:37 - INFO - __main__ -   	EPOCH:  13	MiniBatch:    4
03/05/2021 11:08:38 - INFO - __main__ -   	EPOCH:  13	MiniBatch:    5
03/05/2021 11:08:38 - INFO - __main__ -   	EPOCH:  13	MiniBatch:    6
03/05/2021 11:08:39 - INFO - __main__ -   	EPOCH:  13	MiniBatch:    7
03/05/2021 11:08:40 - INFO - __main__ -   	EPOCH:  13	MiniBatch:    8
03/05/2021 11:08:40 - INFO - __main__ -   	EPOCH:  13	MiniBatch:    9
03/05/2021 11:08:41 - INFO - __main__ -   	EPOCH:  13	MiniBatch:   10
03/05/2021 11:08:42 - INFO - __main__ -   	EPOCH:  13	MiniBatch:   11
03/05/2021 11:08:43 - INFO - __main__ -   	EPOCH:  13	MiniBatch:   12
03/05/2021 11:08:43 - INFO - __main__ -   	EPOCH:  13	MiniBatch:   13
03/05/2021 11:08:44 - INFO - __main__ -   	EPOCH:  13	MiniBatch:   14
03/05/2021 11:08:45 - INFO - __main__ -   	EPOCH:  13	MiniBatch:   15
03/05/2021 11:08:45 - INFO - __main__ -   	EPOCH:  13	MiniBatch:   16
03/05/2021 11:08:46 - INFO - __main__ -   	EPOCH:  13	MiniBatch:   17
03/05/2021 11:08:47 - INFO - __main__ -   	EPOCH:  13	MiniBatch:   18
03/05/2021 11:08:47 - INFO - __main__ -   	EPOCH:  13	MiniBatch:   19
03/05/2021 11:08:48 - INFO - __main__ -   	EPOCH:  13	MiniBatch:   20
03/05/2021 11:08:49 - INFO - __main__ -   	Testing dev Minibatch:    0
03/05/2021 11:08:49 - INFO - __main__ -   	Testing dev Minibatch:    1
03/05/2021 11:08:50 - INFO - __main__ -   	Testing dev Minibatch:    2
03/05/2021 11:08:50 - INFO - __main__ -   
============ Predict Tweet Stance ============
Labels 	Prec. 	Recall	F1    	Supp  
Denial 	0.6952	0.6850	0.6900	273
Support	0.5061	0.6078	0.5523	204
Comment	0.5146	0.4583	0.4848	192
Queries	0.6667	0.1818	0.2857	22
MacroF1	0.5032
F1w_avg	0.5795
Acc    	58.3

============ Predict Viral Tweets ============
Labels 	Prec. 	Recall	F1    	Supp  
N_viral	0.7941	0.6347	0.7055	553
Viral  	0.1888	0.3406	0.2429	138
MacroF1	0.4742
F1w_avg	0.6131
Acc    	57.6

03/05/2021 11:08:51 - INFO - __main__ -   	EPOCH:  14	MiniBatch:    0
03/05/2021 11:08:51 - INFO - __main__ -   	EPOCH:  14	MiniBatch:    1
03/05/2021 11:08:52 - INFO - __main__ -   	EPOCH:  14	MiniBatch:    2
03/05/2021 11:08:53 - INFO - __main__ -   	EPOCH:  14	MiniBatch:    3
03/05/2021 11:08:53 - INFO - __main__ -   	EPOCH:  14	MiniBatch:    4
03/05/2021 11:08:54 - INFO - __main__ -   	EPOCH:  14	MiniBatch:    5
03/05/2021 11:08:55 - INFO - __main__ -   	EPOCH:  14	MiniBatch:    6
03/05/2021 11:08:55 - INFO - __main__ -   	EPOCH:  14	MiniBatch:    7
03/05/2021 11:08:56 - INFO - __main__ -   	EPOCH:  14	MiniBatch:    8
03/05/2021 11:08:57 - INFO - __main__ -   	EPOCH:  14	MiniBatch:    9
03/05/2021 11:08:58 - INFO - __main__ -   	EPOCH:  14	MiniBatch:   10
03/05/2021 11:08:58 - INFO - __main__ -   	EPOCH:  14	MiniBatch:   11
03/05/2021 11:08:59 - INFO - __main__ -   	EPOCH:  14	MiniBatch:   12
03/05/2021 11:09:00 - INFO - __main__ -   	EPOCH:  14	MiniBatch:   13
03/05/2021 11:09:00 - INFO - __main__ -   	EPOCH:  14	MiniBatch:   14
03/05/2021 11:09:01 - INFO - __main__ -   	EPOCH:  14	MiniBatch:   15
03/05/2021 11:09:02 - INFO - __main__ -   	EPOCH:  14	MiniBatch:   16
03/05/2021 11:09:02 - INFO - __main__ -   	EPOCH:  14	MiniBatch:   17
03/05/2021 11:09:03 - INFO - __main__ -   	EPOCH:  14	MiniBatch:   18
03/05/2021 11:09:04 - INFO - __main__ -   	EPOCH:  14	MiniBatch:   19
03/05/2021 11:09:05 - INFO - __main__ -   	EPOCH:  14	MiniBatch:   20
03/05/2021 11:09:05 - INFO - __main__ -   	Testing dev Minibatch:    0
03/05/2021 11:09:06 - INFO - __main__ -   	Testing dev Minibatch:    1
03/05/2021 11:09:07 - INFO - __main__ -   	Testing dev Minibatch:    2
03/05/2021 11:09:07 - INFO - __main__ -   
============ Predict Tweet Stance ============
Labels 	Prec. 	Recall	F1    	Supp  
Denial 	0.6089	0.7985	0.6910	273
Support	0.5376	0.4559	0.4934	204
Comment	0.5357	0.3906	0.4518	192
Queries	0.4500	0.4091	0.4286	22
MacroF1	0.5162
F1w_avg	0.5578
Acc    	57.2

============ Predict Viral Tweets ============
Labels 	Prec. 	Recall	F1    	Supp  
N_viral	0.7837	0.5045	0.6139	553
Viral  	0.1821	0.4420	0.2579	138
MacroF1	0.4359
F1w_avg	0.5428
Acc    	49.2

03/05/2021 11:09:07 - INFO - __main__ -   	EPOCH:  15	MiniBatch:    0
03/05/2021 11:09:08 - INFO - __main__ -   	EPOCH:  15	MiniBatch:    1
03/05/2021 11:09:09 - INFO - __main__ -   	EPOCH:  15	MiniBatch:    2
03/05/2021 11:09:09 - INFO - __main__ -   	EPOCH:  15	MiniBatch:    3
03/05/2021 11:09:10 - INFO - __main__ -   	EPOCH:  15	MiniBatch:    4
03/05/2021 11:09:11 - INFO - __main__ -   	EPOCH:  15	MiniBatch:    5
03/05/2021 11:09:11 - INFO - __main__ -   	EPOCH:  15	MiniBatch:    6
03/05/2021 11:09:12 - INFO - __main__ -   	EPOCH:  15	MiniBatch:    7
03/05/2021 11:09:13 - INFO - __main__ -   	EPOCH:  15	MiniBatch:    8
03/05/2021 11:09:13 - INFO - __main__ -   	EPOCH:  15	MiniBatch:    9
03/05/2021 11:09:14 - INFO - __main__ -   	EPOCH:  15	MiniBatch:   10
03/05/2021 11:09:15 - INFO - __main__ -   	EPOCH:  15	MiniBatch:   11
03/05/2021 11:09:15 - INFO - __main__ -   	EPOCH:  15	MiniBatch:   12
03/05/2021 11:09:16 - INFO - __main__ -   	EPOCH:  15	MiniBatch:   13
03/05/2021 11:09:17 - INFO - __main__ -   	EPOCH:  15	MiniBatch:   14
03/05/2021 11:09:17 - INFO - __main__ -   	EPOCH:  15	MiniBatch:   15
03/05/2021 11:09:18 - INFO - __main__ -   	EPOCH:  15	MiniBatch:   16
03/05/2021 11:09:19 - INFO - __main__ -   	EPOCH:  15	MiniBatch:   17
03/05/2021 11:09:20 - INFO - __main__ -   	EPOCH:  15	MiniBatch:   18
03/05/2021 11:09:20 - INFO - __main__ -   	EPOCH:  15	MiniBatch:   19
03/05/2021 11:09:21 - INFO - __main__ -   	EPOCH:  15	MiniBatch:   20
03/05/2021 11:09:22 - INFO - __main__ -   	Testing dev Minibatch:    0
03/05/2021 11:09:22 - INFO - __main__ -   	Testing dev Minibatch:    1
03/05/2021 11:09:23 - INFO - __main__ -   	Testing dev Minibatch:    2
03/05/2021 11:09:23 - INFO - __main__ -   
============ Predict Tweet Stance ============
Labels 	Prec. 	Recall	F1    	Supp  
Denial 	0.6813	0.6813	0.6813	273
Support	0.5368	0.6078	0.5701	204
Comment	0.5286	0.3854	0.4458	192
Queries	0.2553	0.5455	0.3478	22
MacroF1	0.5113
F1w_avg	0.5724
Acc    	57.3

============ Predict Viral Tweets ============
Labels 	Prec. 	Recall	F1    	Supp  
N_viral	0.7857	0.5769	0.6653	553
Viral  	0.1789	0.3696	0.2411	138
MacroF1	0.4532
F1w_avg	0.5806
Acc    	53.5

03/05/2021 11:09:24 - INFO - __main__ -   	EPOCH:  16	MiniBatch:    0
03/05/2021 11:09:24 - INFO - __main__ -   	EPOCH:  16	MiniBatch:    1
03/05/2021 11:09:25 - INFO - __main__ -   	EPOCH:  16	MiniBatch:    2
03/05/2021 11:09:26 - INFO - __main__ -   	EPOCH:  16	MiniBatch:    3
03/05/2021 11:09:26 - INFO - __main__ -   	EPOCH:  16	MiniBatch:    4
03/05/2021 11:09:27 - INFO - __main__ -   	EPOCH:  16	MiniBatch:    5
03/05/2021 11:09:28 - INFO - __main__ -   	EPOCH:  16	MiniBatch:    6
03/05/2021 11:09:28 - INFO - __main__ -   	EPOCH:  16	MiniBatch:    7
03/05/2021 11:09:29 - INFO - __main__ -   	EPOCH:  16	MiniBatch:    8
03/05/2021 11:09:30 - INFO - __main__ -   	EPOCH:  16	MiniBatch:    9
03/05/2021 11:09:30 - INFO - __main__ -   	EPOCH:  16	MiniBatch:   10
03/05/2021 11:09:31 - INFO - __main__ -   	EPOCH:  16	MiniBatch:   11
03/05/2021 11:09:32 - INFO - __main__ -   	EPOCH:  16	MiniBatch:   12
03/05/2021 11:09:33 - INFO - __main__ -   	EPOCH:  16	MiniBatch:   13
03/05/2021 11:09:33 - INFO - __main__ -   	EPOCH:  16	MiniBatch:   14
03/05/2021 11:09:34 - INFO - __main__ -   	EPOCH:  16	MiniBatch:   15
03/05/2021 11:09:35 - INFO - __main__ -   	EPOCH:  16	MiniBatch:   16
03/05/2021 11:09:35 - INFO - __main__ -   	EPOCH:  16	MiniBatch:   17
03/05/2021 11:09:36 - INFO - __main__ -   	EPOCH:  16	MiniBatch:   18
03/05/2021 11:09:37 - INFO - __main__ -   	EPOCH:  16	MiniBatch:   19
03/05/2021 11:09:37 - INFO - __main__ -   	EPOCH:  16	MiniBatch:   20
03/05/2021 11:09:38 - INFO - __main__ -   	Testing dev Minibatch:    0
03/05/2021 11:09:39 - INFO - __main__ -   	Testing dev Minibatch:    1
03/05/2021 11:09:40 - INFO - __main__ -   	Testing dev Minibatch:    2
03/05/2021 11:09:40 - INFO - __main__ -   
============ Predict Tweet Stance ============
Labels 	Prec. 	Recall	F1    	Supp  
Denial 	0.6022	0.7875	0.6825	273
Support	0.5882	0.3922	0.4706	204
Comment	0.5284	0.4844	0.5054	192
Queries	0.4091	0.4091	0.4091	22
MacroF1	0.5169
F1w_avg	0.5621
Acc    	57.5

============ Predict Viral Tweets ============
Labels 	Prec. 	Recall	F1    	Supp  
N_viral	0.7994	0.4756	0.5964	553
Viral  	0.1989	0.5217	0.2880	138
MacroF1	0.4422
F1w_avg	0.5348
Acc    	48.5

03/05/2021 11:09:40 - INFO - __main__ -   	EPOCH:  17	MiniBatch:    0
03/05/2021 11:09:41 - INFO - __main__ -   	EPOCH:  17	MiniBatch:    1
03/05/2021 11:09:41 - INFO - __main__ -   	EPOCH:  17	MiniBatch:    2
03/05/2021 11:09:42 - INFO - __main__ -   	EPOCH:  17	MiniBatch:    3
03/05/2021 11:09:43 - INFO - __main__ -   	EPOCH:  17	MiniBatch:    4
03/05/2021 11:09:43 - INFO - __main__ -   	EPOCH:  17	MiniBatch:    5
03/05/2021 11:09:44 - INFO - __main__ -   	EPOCH:  17	MiniBatch:    6
03/05/2021 11:09:45 - INFO - __main__ -   	EPOCH:  17	MiniBatch:    7
03/05/2021 11:09:46 - INFO - __main__ -   	EPOCH:  17	MiniBatch:    8
03/05/2021 11:09:46 - INFO - __main__ -   	EPOCH:  17	MiniBatch:    9
03/05/2021 11:09:47 - INFO - __main__ -   	EPOCH:  17	MiniBatch:   10
03/05/2021 11:09:48 - INFO - __main__ -   	EPOCH:  17	MiniBatch:   11
03/05/2021 11:09:48 - INFO - __main__ -   	EPOCH:  17	MiniBatch:   12
03/05/2021 11:09:49 - INFO - __main__ -   	EPOCH:  17	MiniBatch:   13
03/05/2021 11:09:50 - INFO - __main__ -   	EPOCH:  17	MiniBatch:   14
03/05/2021 11:09:50 - INFO - __main__ -   	EPOCH:  17	MiniBatch:   15
03/05/2021 11:09:51 - INFO - __main__ -   	EPOCH:  17	MiniBatch:   16
03/05/2021 11:09:52 - INFO - __main__ -   	EPOCH:  17	MiniBatch:   17
03/05/2021 11:09:52 - INFO - __main__ -   	EPOCH:  17	MiniBatch:   18
03/05/2021 11:09:53 - INFO - __main__ -   	EPOCH:  17	MiniBatch:   19
03/05/2021 11:09:54 - INFO - __main__ -   	EPOCH:  17	MiniBatch:   20
03/05/2021 11:09:55 - INFO - __main__ -   	Testing dev Minibatch:    0
03/05/2021 11:09:55 - INFO - __main__ -   	Testing dev Minibatch:    1
03/05/2021 11:09:56 - INFO - __main__ -   	Testing dev Minibatch:    2
03/05/2021 11:09:56 - INFO - __main__ -   
============ Predict Tweet Stance ============
Labels 	Prec. 	Recall	F1    	Supp  
Denial 	0.6114	0.8242	0.7020	273
Support	0.5446	0.5686	0.5564	204
Comment	0.6598	0.3333	0.4429	192
Queries	0.6923	0.4091	0.5143	22
MacroF1	0.5539
F1w_avg	0.5810
Acc    	59.9

============ Predict Viral Tweets ============
Labels 	Prec. 	Recall	F1    	Supp  
N_viral	0.7942	0.4955	0.6102	553
Viral  	0.1936	0.4855	0.2769	138
MacroF1	0.4436
F1w_avg	0.5437
Acc    	49.3

03/05/2021 11:09:56 - INFO - __main__ -   Best results so far. Saving model...
03/05/2021 11:09:58 - INFO - __main__ -   	EPOCH:  18	MiniBatch:    0
03/05/2021 11:09:59 - INFO - __main__ -   	EPOCH:  18	MiniBatch:    1
03/05/2021 11:09:59 - INFO - __main__ -   	EPOCH:  18	MiniBatch:    2
03/05/2021 11:10:00 - INFO - __main__ -   	EPOCH:  18	MiniBatch:    3
03/05/2021 11:10:01 - INFO - __main__ -   	EPOCH:  18	MiniBatch:    4
03/05/2021 11:10:02 - INFO - __main__ -   	EPOCH:  18	MiniBatch:    5
03/05/2021 11:10:02 - INFO - __main__ -   	EPOCH:  18	MiniBatch:    6
03/05/2021 11:10:03 - INFO - __main__ -   	EPOCH:  18	MiniBatch:    7
03/05/2021 11:10:04 - INFO - __main__ -   	EPOCH:  18	MiniBatch:    8
03/05/2021 11:10:04 - INFO - __main__ -   	EPOCH:  18	MiniBatch:    9
03/05/2021 11:10:05 - INFO - __main__ -   	EPOCH:  18	MiniBatch:   10
03/05/2021 11:10:06 - INFO - __main__ -   	EPOCH:  18	MiniBatch:   11
03/05/2021 11:10:06 - INFO - __main__ -   	EPOCH:  18	MiniBatch:   12
03/05/2021 11:10:07 - INFO - __main__ -   	EPOCH:  18	MiniBatch:   13
03/05/2021 11:10:08 - INFO - __main__ -   	EPOCH:  18	MiniBatch:   14
03/05/2021 11:10:08 - INFO - __main__ -   	EPOCH:  18	MiniBatch:   15
03/05/2021 11:10:09 - INFO - __main__ -   	EPOCH:  18	MiniBatch:   16
03/05/2021 11:10:10 - INFO - __main__ -   	EPOCH:  18	MiniBatch:   17
03/05/2021 11:10:11 - INFO - __main__ -   	EPOCH:  18	MiniBatch:   18
03/05/2021 11:10:11 - INFO - __main__ -   	EPOCH:  18	MiniBatch:   19
03/05/2021 11:10:12 - INFO - __main__ -   	EPOCH:  18	MiniBatch:   20
03/05/2021 11:10:13 - INFO - __main__ -   	Testing dev Minibatch:    0
03/05/2021 11:10:13 - INFO - __main__ -   	Testing dev Minibatch:    1
03/05/2021 11:10:14 - INFO - __main__ -   	Testing dev Minibatch:    2
03/05/2021 11:10:14 - INFO - __main__ -   
============ Predict Tweet Stance ============
Labels 	Prec. 	Recall	F1    	Supp  
Denial 	0.7251	0.6667	0.6947	273
Support	0.5699	0.5392	0.5542	204
Comment	0.5091	0.5833	0.5437	192
Queries	0.4815	0.5909	0.5306	22
MacroF1	0.5808
F1w_avg	0.6060
Acc    	60.3

============ Predict Viral Tweets ============
Labels 	Prec. 	Recall	F1    	Supp  
N_viral	0.7833	0.6600	0.7164	553
Viral  	0.1644	0.2681	0.2039	138
MacroF1	0.4601
F1w_avg	0.6140
Acc    	58.2

03/05/2021 11:10:14 - INFO - __main__ -   Best results so far. Saving model...
03/05/2021 11:10:16 - INFO - __main__ -   	EPOCH:  19	MiniBatch:    0
03/05/2021 11:10:17 - INFO - __main__ -   	EPOCH:  19	MiniBatch:    1
03/05/2021 11:10:17 - INFO - __main__ -   	EPOCH:  19	MiniBatch:    2
03/05/2021 11:10:18 - INFO - __main__ -   	EPOCH:  19	MiniBatch:    3
03/05/2021 11:10:19 - INFO - __main__ -   	EPOCH:  19	MiniBatch:    4
03/05/2021 11:10:20 - INFO - __main__ -   	EPOCH:  19	MiniBatch:    5
03/05/2021 11:10:20 - INFO - __main__ -   	EPOCH:  19	MiniBatch:    6
03/05/2021 11:10:21 - INFO - __main__ -   	EPOCH:  19	MiniBatch:    7
03/05/2021 11:10:22 - INFO - __main__ -   	EPOCH:  19	MiniBatch:    8
03/05/2021 11:10:22 - INFO - __main__ -   	EPOCH:  19	MiniBatch:    9
03/05/2021 11:10:23 - INFO - __main__ -   	EPOCH:  19	MiniBatch:   10
03/05/2021 11:10:24 - INFO - __main__ -   	EPOCH:  19	MiniBatch:   11
03/05/2021 11:10:24 - INFO - __main__ -   	EPOCH:  19	MiniBatch:   12
03/05/2021 11:10:25 - INFO - __main__ -   	EPOCH:  19	MiniBatch:   13
03/05/2021 11:10:26 - INFO - __main__ -   	EPOCH:  19	MiniBatch:   14
03/05/2021 11:10:26 - INFO - __main__ -   	EPOCH:  19	MiniBatch:   15
03/05/2021 11:10:27 - INFO - __main__ -   	EPOCH:  19	MiniBatch:   16
03/05/2021 11:10:28 - INFO - __main__ -   	EPOCH:  19	MiniBatch:   17
03/05/2021 11:10:28 - INFO - __main__ -   	EPOCH:  19	MiniBatch:   18
03/05/2021 11:10:29 - INFO - __main__ -   	EPOCH:  19	MiniBatch:   19
03/05/2021 11:10:30 - INFO - __main__ -   	EPOCH:  19	MiniBatch:   20
03/05/2021 11:10:31 - INFO - __main__ -   	Testing dev Minibatch:    0
03/05/2021 11:10:31 - INFO - __main__ -   	Testing dev Minibatch:    1
03/05/2021 11:10:32 - INFO - __main__ -   	Testing dev Minibatch:    2
03/05/2021 11:10:32 - INFO - __main__ -   
============ Predict Tweet Stance ============
Labels 	Prec. 	Recall	F1    	Supp  
Denial 	0.6149	0.7839	0.6892	273
Support	0.5142	0.5343	0.5240	204
Comment	0.5847	0.3594	0.4452	192
Queries	0.6154	0.3636	0.4571	22
MacroF1	0.5289
F1w_avg	0.5652
Acc    	57.9

============ Predict Viral Tweets ============
Labels 	Prec. 	Recall	F1    	Supp  
N_viral	0.8093	0.5678	0.6674	553
Viral  	0.2112	0.4638	0.2902	138
MacroF1	0.4788
F1w_avg	0.5921
Acc    	54.7

03/05/2021 11:10:33 - INFO - __main__ -   	EPOCH:  20	MiniBatch:    0
03/05/2021 11:10:33 - INFO - __main__ -   	EPOCH:  20	MiniBatch:    1
03/05/2021 11:10:34 - INFO - __main__ -   	EPOCH:  20	MiniBatch:    2
03/05/2021 11:10:35 - INFO - __main__ -   	EPOCH:  20	MiniBatch:    3
03/05/2021 11:10:35 - INFO - __main__ -   	EPOCH:  20	MiniBatch:    4
03/05/2021 11:10:36 - INFO - __main__ -   	EPOCH:  20	MiniBatch:    5
03/05/2021 11:10:37 - INFO - __main__ -   	EPOCH:  20	MiniBatch:    6
03/05/2021 11:10:37 - INFO - __main__ -   	EPOCH:  20	MiniBatch:    7
03/05/2021 11:10:38 - INFO - __main__ -   	EPOCH:  20	MiniBatch:    8
03/05/2021 11:10:39 - INFO - __main__ -   	EPOCH:  20	MiniBatch:    9
03/05/2021 11:10:39 - INFO - __main__ -   	EPOCH:  20	MiniBatch:   10
03/05/2021 11:10:40 - INFO - __main__ -   	EPOCH:  20	MiniBatch:   11
03/05/2021 11:10:41 - INFO - __main__ -   	EPOCH:  20	MiniBatch:   12
03/05/2021 11:10:42 - INFO - __main__ -   	EPOCH:  20	MiniBatch:   13
03/05/2021 11:10:42 - INFO - __main__ -   	EPOCH:  20	MiniBatch:   14
03/05/2021 11:10:43 - INFO - __main__ -   	EPOCH:  20	MiniBatch:   15
03/05/2021 11:10:44 - INFO - __main__ -   	EPOCH:  20	MiniBatch:   16
03/05/2021 11:10:44 - INFO - __main__ -   	EPOCH:  20	MiniBatch:   17
03/05/2021 11:10:45 - INFO - __main__ -   	EPOCH:  20	MiniBatch:   18
03/05/2021 11:10:46 - INFO - __main__ -   	EPOCH:  20	MiniBatch:   19
03/05/2021 11:10:46 - INFO - __main__ -   	EPOCH:  20	MiniBatch:   20
03/05/2021 11:10:47 - INFO - __main__ -   	Testing dev Minibatch:    0
03/05/2021 11:10:48 - INFO - __main__ -   	Testing dev Minibatch:    1
03/05/2021 11:10:48 - INFO - __main__ -   	Testing dev Minibatch:    2
03/05/2021 11:10:49 - INFO - __main__ -   
============ Predict Tweet Stance ============
Labels 	Prec. 	Recall	F1    	Supp  
Denial 	0.7283	0.6777	0.7021	273
Support	0.5786	0.4510	0.5069	204
Comment	0.4701	0.6146	0.5327	192
Queries	0.4074	0.5000	0.4490	22
MacroF1	0.5477
F1w_avg	0.5893
Acc    	58.8

============ Predict Viral Tweets ============
Labels 	Prec. 	Recall	F1    	Supp  
N_viral	0.7963	0.6293	0.7030	553
Viral  	0.1929	0.3551	0.2500	138
MacroF1	0.4765
F1w_avg	0.6126
Acc    	57.5

03/05/2021 11:10:49 - INFO - __main__ -   	EPOCH:  21	MiniBatch:    0
03/05/2021 11:10:50 - INFO - __main__ -   	EPOCH:  21	MiniBatch:    1
03/05/2021 11:10:50 - INFO - __main__ -   	EPOCH:  21	MiniBatch:    2
03/05/2021 11:10:51 - INFO - __main__ -   	EPOCH:  21	MiniBatch:    3
03/05/2021 11:10:52 - INFO - __main__ -   	EPOCH:  21	MiniBatch:    4
03/05/2021 11:10:52 - INFO - __main__ -   	EPOCH:  21	MiniBatch:    5
03/05/2021 11:10:53 - INFO - __main__ -   	EPOCH:  21	MiniBatch:    6
03/05/2021 11:10:54 - INFO - __main__ -   	EPOCH:  21	MiniBatch:    7
03/05/2021 11:10:54 - INFO - __main__ -   	EPOCH:  21	MiniBatch:    8
03/05/2021 11:10:55 - INFO - __main__ -   	EPOCH:  21	MiniBatch:    9
03/05/2021 11:10:56 - INFO - __main__ -   	EPOCH:  21	MiniBatch:   10
03/05/2021 11:10:57 - INFO - __main__ -   	EPOCH:  21	MiniBatch:   11
03/05/2021 11:10:57 - INFO - __main__ -   	EPOCH:  21	MiniBatch:   12
03/05/2021 11:10:58 - INFO - __main__ -   	EPOCH:  21	MiniBatch:   13
03/05/2021 11:10:59 - INFO - __main__ -   	EPOCH:  21	MiniBatch:   14
03/05/2021 11:10:59 - INFO - __main__ -   	EPOCH:  21	MiniBatch:   15
03/05/2021 11:11:00 - INFO - __main__ -   	EPOCH:  21	MiniBatch:   16
03/05/2021 11:11:01 - INFO - __main__ -   	EPOCH:  21	MiniBatch:   17
03/05/2021 11:11:01 - INFO - __main__ -   	EPOCH:  21	MiniBatch:   18
03/05/2021 11:11:02 - INFO - __main__ -   	EPOCH:  21	MiniBatch:   19
03/05/2021 11:11:03 - INFO - __main__ -   	EPOCH:  21	MiniBatch:   20
03/05/2021 11:11:03 - INFO - __main__ -   	Testing dev Minibatch:    0
03/05/2021 11:11:04 - INFO - __main__ -   	Testing dev Minibatch:    1
03/05/2021 11:11:05 - INFO - __main__ -   	Testing dev Minibatch:    2
03/05/2021 11:11:05 - INFO - __main__ -   
============ Predict Tweet Stance ============
Labels 	Prec. 	Recall	F1    	Supp  
Denial 	0.6735	0.7253	0.6984	273
Support	0.5468	0.5441	0.5455	204
Comment	0.5278	0.4948	0.5108	192
Queries	0.5714	0.3636	0.4444	22
MacroF1	0.5498
F1w_avg	0.5930
Acc    	59.6

============ Predict Viral Tweets ============
Labels 	Prec. 	Recall	F1    	Supp  
N_viral	0.7943	0.6004	0.6838	553
Viral  	0.1905	0.3768	0.2530	138
MacroF1	0.4684
F1w_avg	0.5978
Acc    	55.6

03/05/2021 11:11:05 - INFO - __main__ -   	EPOCH:  22	MiniBatch:    0
03/05/2021 11:11:06 - INFO - __main__ -   	EPOCH:  22	MiniBatch:    1
03/05/2021 11:11:07 - INFO - __main__ -   	EPOCH:  22	MiniBatch:    2
03/05/2021 11:11:07 - INFO - __main__ -   	EPOCH:  22	MiniBatch:    3
03/05/2021 11:11:08 - INFO - __main__ -   	EPOCH:  22	MiniBatch:    4
03/05/2021 11:11:09 - INFO - __main__ -   	EPOCH:  22	MiniBatch:    5
03/05/2021 11:11:10 - INFO - __main__ -   	EPOCH:  22	MiniBatch:    6
03/05/2021 11:11:10 - INFO - __main__ -   	EPOCH:  22	MiniBatch:    7
03/05/2021 11:11:11 - INFO - __main__ -   	EPOCH:  22	MiniBatch:    8
03/05/2021 11:11:12 - INFO - __main__ -   	EPOCH:  22	MiniBatch:    9
03/05/2021 11:11:12 - INFO - __main__ -   	EPOCH:  22	MiniBatch:   10
03/05/2021 11:11:13 - INFO - __main__ -   	EPOCH:  22	MiniBatch:   11
03/05/2021 11:11:14 - INFO - __main__ -   	EPOCH:  22	MiniBatch:   12
03/05/2021 11:11:14 - INFO - __main__ -   	EPOCH:  22	MiniBatch:   13
03/05/2021 11:11:15 - INFO - __main__ -   	EPOCH:  22	MiniBatch:   14
03/05/2021 11:11:16 - INFO - __main__ -   	EPOCH:  22	MiniBatch:   15
03/05/2021 11:11:16 - INFO - __main__ -   	EPOCH:  22	MiniBatch:   16
03/05/2021 11:11:17 - INFO - __main__ -   	EPOCH:  22	MiniBatch:   17
03/05/2021 11:11:18 - INFO - __main__ -   	EPOCH:  22	MiniBatch:   18
03/05/2021 11:11:19 - INFO - __main__ -   	EPOCH:  22	MiniBatch:   19
03/05/2021 11:11:19 - INFO - __main__ -   	EPOCH:  22	MiniBatch:   20
03/05/2021 11:11:20 - INFO - __main__ -   	Testing dev Minibatch:    0
03/05/2021 11:11:21 - INFO - __main__ -   	Testing dev Minibatch:    1
03/05/2021 11:11:21 - INFO - __main__ -   	Testing dev Minibatch:    2
03/05/2021 11:11:22 - INFO - __main__ -   
============ Predict Tweet Stance ============
Labels 	Prec. 	Recall	F1    	Supp  
Denial 	0.6901	0.7179	0.7038	273
Support	0.5767	0.4608	0.5123	204
Comment	0.5091	0.5833	0.5437	192
Queries	0.5000	0.5455	0.5217	22
MacroF1	0.5704
F1w_avg	0.5970
Acc    	59.9

============ Predict Viral Tweets ============
Labels 	Prec. 	Recall	F1    	Supp  
N_viral	0.7909	0.5678	0.6611	553
Viral  	0.1871	0.3986	0.2546	138
MacroF1	0.4578
F1w_avg	0.5799
Acc    	53.4

03/05/2021 11:11:22 - INFO - __main__ -   	EPOCH:  23	MiniBatch:    0
03/05/2021 11:11:23 - INFO - __main__ -   	EPOCH:  23	MiniBatch:    1
03/05/2021 11:11:23 - INFO - __main__ -   	EPOCH:  23	MiniBatch:    2
03/05/2021 11:11:24 - INFO - __main__ -   	EPOCH:  23	MiniBatch:    3
03/05/2021 11:11:25 - INFO - __main__ -   	EPOCH:  23	MiniBatch:    4
03/05/2021 11:11:25 - INFO - __main__ -   	EPOCH:  23	MiniBatch:    5
03/05/2021 11:11:26 - INFO - __main__ -   	EPOCH:  23	MiniBatch:    6
03/05/2021 11:11:27 - INFO - __main__ -   	EPOCH:  23	MiniBatch:    7
03/05/2021 11:11:27 - INFO - __main__ -   	EPOCH:  23	MiniBatch:    8
03/05/2021 11:11:28 - INFO - __main__ -   	EPOCH:  23	MiniBatch:    9
03/05/2021 11:11:29 - INFO - __main__ -   	EPOCH:  23	MiniBatch:   10
03/05/2021 11:11:29 - INFO - __main__ -   	EPOCH:  23	MiniBatch:   11
03/05/2021 11:11:30 - INFO - __main__ -   	EPOCH:  23	MiniBatch:   12
03/05/2021 11:11:31 - INFO - __main__ -   	EPOCH:  23	MiniBatch:   13
03/05/2021 11:11:32 - INFO - __main__ -   	EPOCH:  23	MiniBatch:   14
03/05/2021 11:11:32 - INFO - __main__ -   	EPOCH:  23	MiniBatch:   15
03/05/2021 11:11:33 - INFO - __main__ -   	EPOCH:  23	MiniBatch:   16
03/05/2021 11:11:34 - INFO - __main__ -   	EPOCH:  23	MiniBatch:   17
03/05/2021 11:11:34 - INFO - __main__ -   	EPOCH:  23	MiniBatch:   18
03/05/2021 11:11:35 - INFO - __main__ -   	EPOCH:  23	MiniBatch:   19
03/05/2021 11:11:36 - INFO - __main__ -   	EPOCH:  23	MiniBatch:   20
03/05/2021 11:11:36 - INFO - __main__ -   	Testing dev Minibatch:    0
03/05/2021 11:11:37 - INFO - __main__ -   	Testing dev Minibatch:    1
03/05/2021 11:11:38 - INFO - __main__ -   	Testing dev Minibatch:    2
03/05/2021 11:11:38 - INFO - __main__ -   
============ Predict Tweet Stance ============
Labels 	Prec. 	Recall	F1    	Supp  
Denial 	0.6280	0.7729	0.6929	273
Support	0.6087	0.4118	0.4912	204
Comment	0.5343	0.5677	0.5505	192
Queries	0.6154	0.3636	0.4571	22
MacroF1	0.5480
F1w_avg	0.5863
Acc    	59.6

============ Predict Viral Tweets ============
Labels 	Prec. 	Recall	F1    	Supp  
N_viral	0.7842	0.5190	0.6246	553
Viral  	0.1815	0.4275	0.2549	138
MacroF1	0.4397
F1w_avg	0.5508
Acc    	50.1

03/05/2021 11:11:38 - INFO - __main__ -   	EPOCH:  24	MiniBatch:    0
03/05/2021 11:11:39 - INFO - __main__ -   	EPOCH:  24	MiniBatch:    1
03/05/2021 11:11:40 - INFO - __main__ -   	EPOCH:  24	MiniBatch:    2
03/05/2021 11:11:40 - INFO - __main__ -   	EPOCH:  24	MiniBatch:    3
03/05/2021 11:11:41 - INFO - __main__ -   	EPOCH:  24	MiniBatch:    4
03/05/2021 11:11:42 - INFO - __main__ -   	EPOCH:  24	MiniBatch:    5
03/05/2021 11:11:42 - INFO - __main__ -   	EPOCH:  24	MiniBatch:    6
03/05/2021 11:11:43 - INFO - __main__ -   	EPOCH:  24	MiniBatch:    7
03/05/2021 11:11:44 - INFO - __main__ -   	EPOCH:  24	MiniBatch:    8
03/05/2021 11:11:45 - INFO - __main__ -   	EPOCH:  24	MiniBatch:    9
03/05/2021 11:11:45 - INFO - __main__ -   	EPOCH:  24	MiniBatch:   10
03/05/2021 11:11:46 - INFO - __main__ -   	EPOCH:  24	MiniBatch:   11
03/05/2021 11:11:47 - INFO - __main__ -   	EPOCH:  24	MiniBatch:   12
03/05/2021 11:11:47 - INFO - __main__ -   	EPOCH:  24	MiniBatch:   13
03/05/2021 11:11:48 - INFO - __main__ -   	EPOCH:  24	MiniBatch:   14
03/05/2021 11:11:49 - INFO - __main__ -   	EPOCH:  24	MiniBatch:   15
03/05/2021 11:11:49 - INFO - __main__ -   	EPOCH:  24	MiniBatch:   16
03/05/2021 11:11:50 - INFO - __main__ -   	EPOCH:  24	MiniBatch:   17
03/05/2021 11:11:51 - INFO - __main__ -   	EPOCH:  24	MiniBatch:   18
03/05/2021 11:11:51 - INFO - __main__ -   	EPOCH:  24	MiniBatch:   19
03/05/2021 11:11:52 - INFO - __main__ -   	EPOCH:  24	MiniBatch:   20
03/05/2021 11:11:53 - INFO - __main__ -   	Testing dev Minibatch:    0
03/05/2021 11:11:54 - INFO - __main__ -   	Testing dev Minibatch:    1
03/05/2021 11:11:54 - INFO - __main__ -   	Testing dev Minibatch:    2
03/05/2021 11:11:55 - INFO - __main__ -   
============ Predict Tweet Stance ============
Labels 	Prec. 	Recall	F1    	Supp  
Denial 	0.6862	0.7289	0.7069	273
Support	0.5106	0.5882	0.5467	204
Comment	0.5894	0.4635	0.5190	192
Queries	0.6000	0.4091	0.4865	22
MacroF1	0.5648
F1w_avg	0.6004
Acc    	60.3

============ Predict Viral Tweets ============
Labels 	Prec. 	Recall	F1    	Supp  
N_viral	0.7908	0.5877	0.6743	553
Viral  	0.1857	0.3768	0.2488	138
MacroF1	0.4615
F1w_avg	0.5893
Acc    	54.6

03/05/2021 11:11:55 - INFO - __main__ -   	EPOCH:  25	MiniBatch:    0
03/05/2021 11:11:55 - INFO - __main__ -   	EPOCH:  25	MiniBatch:    1
03/05/2021 11:11:56 - INFO - __main__ -   	EPOCH:  25	MiniBatch:    2
03/05/2021 11:11:57 - INFO - __main__ -   	EPOCH:  25	MiniBatch:    3
03/05/2021 11:11:58 - INFO - __main__ -   	EPOCH:  25	MiniBatch:    4
03/05/2021 11:11:58 - INFO - __main__ -   	EPOCH:  25	MiniBatch:    5
03/05/2021 11:11:59 - INFO - __main__ -   	EPOCH:  25	MiniBatch:    6
03/05/2021 11:12:00 - INFO - __main__ -   	EPOCH:  25	MiniBatch:    7
03/05/2021 11:12:00 - INFO - __main__ -   	EPOCH:  25	MiniBatch:    8
03/05/2021 11:12:01 - INFO - __main__ -   	EPOCH:  25	MiniBatch:    9
03/05/2021 11:12:02 - INFO - __main__ -   	EPOCH:  25	MiniBatch:   10
03/05/2021 11:12:02 - INFO - __main__ -   	EPOCH:  25	MiniBatch:   11
03/05/2021 11:12:03 - INFO - __main__ -   	EPOCH:  25	MiniBatch:   12
03/05/2021 11:12:04 - INFO - __main__ -   	EPOCH:  25	MiniBatch:   13
03/05/2021 11:12:04 - INFO - __main__ -   	EPOCH:  25	MiniBatch:   14
03/05/2021 11:12:05 - INFO - __main__ -   	EPOCH:  25	MiniBatch:   15
03/05/2021 11:12:06 - INFO - __main__ -   	EPOCH:  25	MiniBatch:   16
03/05/2021 11:12:07 - INFO - __main__ -   	EPOCH:  25	MiniBatch:   17
03/05/2021 11:12:07 - INFO - __main__ -   	EPOCH:  25	MiniBatch:   18
03/05/2021 11:12:08 - INFO - __main__ -   	EPOCH:  25	MiniBatch:   19
03/05/2021 11:12:09 - INFO - __main__ -   	EPOCH:  25	MiniBatch:   20
03/05/2021 11:12:09 - INFO - __main__ -   	Testing dev Minibatch:    0
03/05/2021 11:12:10 - INFO - __main__ -   	Testing dev Minibatch:    1
03/05/2021 11:12:11 - INFO - __main__ -   	Testing dev Minibatch:    2
03/05/2021 11:12:11 - INFO - __main__ -   
============ Predict Tweet Stance ============
Labels 	Prec. 	Recall	F1    	Supp  
Denial 	0.6624	0.7546	0.7055	273
Support	0.5819	0.5049	0.5407	204
Comment	0.5389	0.5052	0.5215	192
Queries	0.3913	0.4091	0.4000	22
MacroF1	0.5419
F1w_avg	0.5960
Acc    	60.1

============ Predict Viral Tweets ============
Labels 	Prec. 	Recall	F1    	Supp  
N_viral	0.7888	0.5335	0.6365	553
Viral  	0.1861	0.4275	0.2593	138
MacroF1	0.4479
F1w_avg	0.5611
Acc    	51.2

03/05/2021 11:12:11 - INFO - __main__ -   	EPOCH:  26	MiniBatch:    0
03/05/2021 11:12:12 - INFO - __main__ -   	EPOCH:  26	MiniBatch:    1
03/05/2021 11:12:13 - INFO - __main__ -   	EPOCH:  26	MiniBatch:    2
03/05/2021 11:12:13 - INFO - __main__ -   	EPOCH:  26	MiniBatch:    3
03/05/2021 11:12:14 - INFO - __main__ -   	EPOCH:  26	MiniBatch:    4
03/05/2021 11:12:15 - INFO - __main__ -   	EPOCH:  26	MiniBatch:    5
03/05/2021 11:12:15 - INFO - __main__ -   	EPOCH:  26	MiniBatch:    6
03/05/2021 11:12:16 - INFO - __main__ -   	EPOCH:  26	MiniBatch:    7
03/05/2021 11:12:17 - INFO - __main__ -   	EPOCH:  26	MiniBatch:    8
03/05/2021 11:12:17 - INFO - __main__ -   	EPOCH:  26	MiniBatch:    9
03/05/2021 11:12:18 - INFO - __main__ -   	EPOCH:  26	MiniBatch:   10
03/05/2021 11:12:19 - INFO - __main__ -   	EPOCH:  26	MiniBatch:   11
03/05/2021 11:12:19 - INFO - __main__ -   	EPOCH:  26	MiniBatch:   12
03/05/2021 11:12:20 - INFO - __main__ -   	EPOCH:  26	MiniBatch:   13
03/05/2021 11:12:21 - INFO - __main__ -   	EPOCH:  26	MiniBatch:   14
03/05/2021 11:12:22 - INFO - __main__ -   	EPOCH:  26	MiniBatch:   15
03/05/2021 11:12:22 - INFO - __main__ -   	EPOCH:  26	MiniBatch:   16
03/05/2021 11:12:23 - INFO - __main__ -   	EPOCH:  26	MiniBatch:   17
03/05/2021 11:12:24 - INFO - __main__ -   	EPOCH:  26	MiniBatch:   18
03/05/2021 11:12:24 - INFO - __main__ -   	EPOCH:  26	MiniBatch:   19
03/05/2021 11:12:25 - INFO - __main__ -   	EPOCH:  26	MiniBatch:   20
03/05/2021 11:12:26 - INFO - __main__ -   	Testing dev Minibatch:    0
03/05/2021 11:12:26 - INFO - __main__ -   	Testing dev Minibatch:    1
03/05/2021 11:12:27 - INFO - __main__ -   	Testing dev Minibatch:    2
03/05/2021 11:12:27 - INFO - __main__ -   
============ Predict Tweet Stance ============
Labels 	Prec. 	Recall	F1    	Supp  
Denial 	0.6928	0.7436	0.7173	273
Support	0.5862	0.5000	0.5397	204
Comment	0.5071	0.5573	0.5310	192
Queries	0.5385	0.3182	0.4000	22
MacroF1	0.5470
F1w_avg	0.6030
Acc    	60.6

============ Predict Viral Tweets ============
Labels 	Prec. 	Recall	F1    	Supp  
N_viral	0.7855	0.6094	0.6864	553
Viral  	0.1756	0.3333	0.2300	138
MacroF1	0.4582
F1w_avg	0.5952
Acc    	55.4

03/05/2021 11:12:28 - INFO - __main__ -   	EPOCH:  27	MiniBatch:    0
03/05/2021 11:12:28 - INFO - __main__ -   	EPOCH:  27	MiniBatch:    1
03/05/2021 11:12:29 - INFO - __main__ -   	EPOCH:  27	MiniBatch:    2
03/05/2021 11:12:30 - INFO - __main__ -   	EPOCH:  27	MiniBatch:    3
03/05/2021 11:12:30 - INFO - __main__ -   	EPOCH:  27	MiniBatch:    4
03/05/2021 11:12:31 - INFO - __main__ -   	EPOCH:  27	MiniBatch:    5
03/05/2021 11:12:32 - INFO - __main__ -   	EPOCH:  27	MiniBatch:    6
03/05/2021 11:12:32 - INFO - __main__ -   	EPOCH:  27	MiniBatch:    7
03/05/2021 11:12:33 - INFO - __main__ -   	EPOCH:  27	MiniBatch:    8
03/05/2021 11:12:34 - INFO - __main__ -   	EPOCH:  27	MiniBatch:    9
03/05/2021 11:12:34 - INFO - __main__ -   	EPOCH:  27	MiniBatch:   10
03/05/2021 11:12:35 - INFO - __main__ -   	EPOCH:  27	MiniBatch:   11
03/05/2021 11:12:36 - INFO - __main__ -   	EPOCH:  27	MiniBatch:   12
03/05/2021 11:12:37 - INFO - __main__ -   	EPOCH:  27	MiniBatch:   13
03/05/2021 11:12:37 - INFO - __main__ -   	EPOCH:  27	MiniBatch:   14
03/05/2021 11:12:38 - INFO - __main__ -   	EPOCH:  27	MiniBatch:   15
03/05/2021 11:12:39 - INFO - __main__ -   	EPOCH:  27	MiniBatch:   16
03/05/2021 11:12:39 - INFO - __main__ -   	EPOCH:  27	MiniBatch:   17
03/05/2021 11:12:40 - INFO - __main__ -   	EPOCH:  27	MiniBatch:   18
03/05/2021 11:12:41 - INFO - __main__ -   	EPOCH:  27	MiniBatch:   19
03/05/2021 11:12:41 - INFO - __main__ -   	EPOCH:  27	MiniBatch:   20
03/05/2021 11:12:42 - INFO - __main__ -   	Testing dev Minibatch:    0
03/05/2021 11:12:43 - INFO - __main__ -   	Testing dev Minibatch:    1
03/05/2021 11:12:44 - INFO - __main__ -   	Testing dev Minibatch:    2
03/05/2021 11:12:44 - INFO - __main__ -   
============ Predict Tweet Stance ============
Labels 	Prec. 	Recall	F1    	Supp  
Denial 	0.6604	0.7692	0.7107	273
Support	0.5924	0.5343	0.5619	204
Comment	0.5380	0.4792	0.5069	192
Queries	0.5000	0.4091	0.4500	22
MacroF1	0.5574
F1w_avg	0.6018
Acc    	60.8

============ Predict Viral Tweets ============
Labels 	Prec. 	Recall	F1    	Supp  
N_viral	0.7995	0.5696	0.6653	553
Viral  	0.1987	0.4275	0.2713	138
MacroF1	0.4683
F1w_avg	0.5866
Acc    	54.1

03/05/2021 11:12:44 - INFO - __main__ -   	EPOCH:  28	MiniBatch:    0
03/05/2021 11:12:45 - INFO - __main__ -   	EPOCH:  28	MiniBatch:    1
03/05/2021 11:12:45 - INFO - __main__ -   	EPOCH:  28	MiniBatch:    2
03/05/2021 11:12:46 - INFO - __main__ -   	EPOCH:  28	MiniBatch:    3
03/05/2021 11:12:47 - INFO - __main__ -   	EPOCH:  28	MiniBatch:    4
03/05/2021 11:12:47 - INFO - __main__ -   	EPOCH:  28	MiniBatch:    5
03/05/2021 11:12:48 - INFO - __main__ -   	EPOCH:  28	MiniBatch:    6
03/05/2021 11:12:49 - INFO - __main__ -   	EPOCH:  28	MiniBatch:    7
03/05/2021 11:12:50 - INFO - __main__ -   	EPOCH:  28	MiniBatch:    8
03/05/2021 11:12:50 - INFO - __main__ -   	EPOCH:  28	MiniBatch:    9
03/05/2021 11:12:51 - INFO - __main__ -   	EPOCH:  28	MiniBatch:   10
03/05/2021 11:12:52 - INFO - __main__ -   	EPOCH:  28	MiniBatch:   11
03/05/2021 11:12:52 - INFO - __main__ -   	EPOCH:  28	MiniBatch:   12
03/05/2021 11:12:53 - INFO - __main__ -   	EPOCH:  28	MiniBatch:   13
03/05/2021 11:12:54 - INFO - __main__ -   	EPOCH:  28	MiniBatch:   14
03/05/2021 11:12:54 - INFO - __main__ -   	EPOCH:  28	MiniBatch:   15
03/05/2021 11:12:55 - INFO - __main__ -   	EPOCH:  28	MiniBatch:   16
03/05/2021 11:12:56 - INFO - __main__ -   	EPOCH:  28	MiniBatch:   17
03/05/2021 11:12:56 - INFO - __main__ -   	EPOCH:  28	MiniBatch:   18
03/05/2021 11:12:57 - INFO - __main__ -   	EPOCH:  28	MiniBatch:   19
03/05/2021 11:12:58 - INFO - __main__ -   	EPOCH:  28	MiniBatch:   20
03/05/2021 11:12:59 - INFO - __main__ -   	Testing dev Minibatch:    0
03/05/2021 11:12:59 - INFO - __main__ -   	Testing dev Minibatch:    1
03/05/2021 11:13:00 - INFO - __main__ -   	Testing dev Minibatch:    2
03/05/2021 11:13:00 - INFO - __main__ -   
============ Predict Tweet Stance ============
Labels 	Prec. 	Recall	F1    	Supp  
Denial 	0.6899	0.7253	0.7071	273
Support	0.5076	0.6520	0.5708	204
Comment	0.5917	0.3698	0.4551	192
Queries	0.4091	0.4091	0.4091	22
MacroF1	0.5355
F1w_avg	0.5874
Acc    	59.5

============ Predict Viral Tweets ============
Labels 	Prec. 	Recall	F1    	Supp  
N_viral	0.8043	0.6022	0.6887	553
Viral  	0.2058	0.4130	0.2747	138
MacroF1	0.4817
F1w_avg	0.6060
Acc    	56.4

03/05/2021 11:13:00 - INFO - __main__ -   	EPOCH:  29	MiniBatch:    0
03/05/2021 11:13:01 - INFO - __main__ -   	EPOCH:  29	MiniBatch:    1
03/05/2021 11:13:02 - INFO - __main__ -   	EPOCH:  29	MiniBatch:    2
03/05/2021 11:13:03 - INFO - __main__ -   	EPOCH:  29	MiniBatch:    3
03/05/2021 11:13:03 - INFO - __main__ -   	EPOCH:  29	MiniBatch:    4
03/05/2021 11:13:04 - INFO - __main__ -   	EPOCH:  29	MiniBatch:    5
03/05/2021 11:13:05 - INFO - __main__ -   	EPOCH:  29	MiniBatch:    6
03/05/2021 11:13:05 - INFO - __main__ -   	EPOCH:  29	MiniBatch:    7
03/05/2021 11:13:06 - INFO - __main__ -   	EPOCH:  29	MiniBatch:    8
03/05/2021 11:13:07 - INFO - __main__ -   	EPOCH:  29	MiniBatch:    9
03/05/2021 11:13:07 - INFO - __main__ -   	EPOCH:  29	MiniBatch:   10
03/05/2021 11:13:08 - INFO - __main__ -   	EPOCH:  29	MiniBatch:   11
03/05/2021 11:13:09 - INFO - __main__ -   	EPOCH:  29	MiniBatch:   12
03/05/2021 11:13:09 - INFO - __main__ -   	EPOCH:  29	MiniBatch:   13
03/05/2021 11:13:10 - INFO - __main__ -   	EPOCH:  29	MiniBatch:   14
03/05/2021 11:13:11 - INFO - __main__ -   	EPOCH:  29	MiniBatch:   15
03/05/2021 11:13:12 - INFO - __main__ -   	EPOCH:  29	MiniBatch:   16
03/05/2021 11:13:12 - INFO - __main__ -   	EPOCH:  29	MiniBatch:   17
03/05/2021 11:13:13 - INFO - __main__ -   	EPOCH:  29	MiniBatch:   18
03/05/2021 11:13:14 - INFO - __main__ -   	EPOCH:  29	MiniBatch:   19
03/05/2021 11:13:14 - INFO - __main__ -   	EPOCH:  29	MiniBatch:   20
03/05/2021 11:13:15 - INFO - __main__ -   	Testing dev Minibatch:    0
03/05/2021 11:13:16 - INFO - __main__ -   	Testing dev Minibatch:    1
03/05/2021 11:13:16 - INFO - __main__ -   	Testing dev Minibatch:    2
03/05/2021 11:13:17 - INFO - __main__ -   
============ Predict Tweet Stance ============
Labels 	Prec. 	Recall	F1    	Supp  
Denial 	0.6725	0.7070	0.6893	273
Support	0.5245	0.6814	0.5928	204
Comment	0.5854	0.3750	0.4571	192
Queries	0.5625	0.4091	0.4737	22
MacroF1	0.5532
F1w_avg	0.5894
Acc    	59.8

============ Predict Viral Tweets ============
Labels 	Prec. 	Recall	F1    	Supp  
N_viral	0.7963	0.6148	0.6939	553
Viral  	0.1932	0.3696	0.2537	138
MacroF1	0.4738
F1w_avg	0.6060
Acc    	56.6

03/05/2021 11:13:17 - INFO - __main__ -   	EPOCH:  30	MiniBatch:    0
03/05/2021 11:13:18 - INFO - __main__ -   	EPOCH:  30	MiniBatch:    1
03/05/2021 11:13:18 - INFO - __main__ -   	EPOCH:  30	MiniBatch:    2
03/05/2021 11:13:19 - INFO - __main__ -   	EPOCH:  30	MiniBatch:    3
03/05/2021 11:13:20 - INFO - __main__ -   	EPOCH:  30	MiniBatch:    4
03/05/2021 11:13:20 - INFO - __main__ -   	EPOCH:  30	MiniBatch:    5
03/05/2021 11:13:21 - INFO - __main__ -   	EPOCH:  30	MiniBatch:    6
03/05/2021 11:13:22 - INFO - __main__ -   	EPOCH:  30	MiniBatch:    7
03/05/2021 11:13:22 - INFO - __main__ -   	EPOCH:  30	MiniBatch:    8
03/05/2021 11:13:23 - INFO - __main__ -   	EPOCH:  30	MiniBatch:    9
03/05/2021 11:13:24 - INFO - __main__ -   	EPOCH:  30	MiniBatch:   10
03/05/2021 11:13:24 - INFO - __main__ -   	EPOCH:  30	MiniBatch:   11
03/05/2021 11:13:25 - INFO - __main__ -   	EPOCH:  30	MiniBatch:   12
03/05/2021 11:13:26 - INFO - __main__ -   	EPOCH:  30	MiniBatch:   13
03/05/2021 11:13:27 - INFO - __main__ -   	EPOCH:  30	MiniBatch:   14
03/05/2021 11:13:27 - INFO - __main__ -   	EPOCH:  30	MiniBatch:   15
03/05/2021 11:13:28 - INFO - __main__ -   	EPOCH:  30	MiniBatch:   16
03/05/2021 11:13:29 - INFO - __main__ -   	EPOCH:  30	MiniBatch:   17
03/05/2021 11:13:29 - INFO - __main__ -   	EPOCH:  30	MiniBatch:   18
03/05/2021 11:13:30 - INFO - __main__ -   	EPOCH:  30	MiniBatch:   19
03/05/2021 11:13:31 - INFO - __main__ -   	EPOCH:  30	MiniBatch:   20
03/05/2021 11:13:31 - INFO - __main__ -   	Testing dev Minibatch:    0
03/05/2021 11:13:32 - INFO - __main__ -   	Testing dev Minibatch:    1
03/05/2021 11:13:33 - INFO - __main__ -   	Testing dev Minibatch:    2
03/05/2021 11:13:33 - INFO - __main__ -   
============ Predict Tweet Stance ============
Labels 	Prec. 	Recall	F1    	Supp  
Denial 	0.6417	0.7216	0.6793	273
Support	0.5172	0.5882	0.5505	204
Comment	0.5725	0.4115	0.4788	192
Queries	0.5714	0.3636	0.4444	22
MacroF1	0.5383
F1w_avg	0.5781
Acc    	58.5

============ Predict Viral Tweets ============
Labels 	Prec. 	Recall	F1    	Supp  
N_viral	0.8043	0.6022	0.6887	553
Viral  	0.2058	0.4130	0.2747	138
MacroF1	0.4817
F1w_avg	0.6060
Acc    	56.4

03/05/2021 11:13:33 - INFO - __main__ -   	EPOCH:  31	MiniBatch:    0
03/05/2021 11:13:34 - INFO - __main__ -   	EPOCH:  31	MiniBatch:    1
03/05/2021 11:13:35 - INFO - __main__ -   	EPOCH:  31	MiniBatch:    2
03/05/2021 11:13:35 - INFO - __main__ -   	EPOCH:  31	MiniBatch:    3
03/05/2021 11:13:36 - INFO - __main__ -   	EPOCH:  31	MiniBatch:    4
03/05/2021 11:13:37 - INFO - __main__ -   	EPOCH:  31	MiniBatch:    5
03/05/2021 11:13:38 - INFO - __main__ -   	EPOCH:  31	MiniBatch:    6
03/05/2021 11:13:38 - INFO - __main__ -   	EPOCH:  31	MiniBatch:    7
03/05/2021 11:13:39 - INFO - __main__ -   	EPOCH:  31	MiniBatch:    8
03/05/2021 11:13:40 - INFO - __main__ -   	EPOCH:  31	MiniBatch:    9
03/05/2021 11:13:40 - INFO - __main__ -   	EPOCH:  31	MiniBatch:   10
03/05/2021 11:13:41 - INFO - __main__ -   	EPOCH:  31	MiniBatch:   11
03/05/2021 11:13:42 - INFO - __main__ -   	EPOCH:  31	MiniBatch:   12
03/05/2021 11:13:42 - INFO - __main__ -   	EPOCH:  31	MiniBatch:   13
03/05/2021 11:13:43 - INFO - __main__ -   	EPOCH:  31	MiniBatch:   14
03/05/2021 11:13:44 - INFO - __main__ -   	EPOCH:  31	MiniBatch:   15
03/05/2021 11:13:44 - INFO - __main__ -   	EPOCH:  31	MiniBatch:   16
03/05/2021 11:13:45 - INFO - __main__ -   	EPOCH:  31	MiniBatch:   17
03/05/2021 11:13:46 - INFO - __main__ -   	EPOCH:  31	MiniBatch:   18
03/05/2021 11:13:47 - INFO - __main__ -   	EPOCH:  31	MiniBatch:   19
03/05/2021 11:13:47 - INFO - __main__ -   	EPOCH:  31	MiniBatch:   20
03/05/2021 11:13:48 - INFO - __main__ -   	Testing dev Minibatch:    0
03/05/2021 11:13:49 - INFO - __main__ -   	Testing dev Minibatch:    1
03/05/2021 11:13:49 - INFO - __main__ -   	Testing dev Minibatch:    2
03/05/2021 11:13:50 - INFO - __main__ -   
============ Predict Tweet Stance ============
Labels 	Prec. 	Recall	F1    	Supp  
Denial 	0.7783	0.5788	0.6639	273
Support	0.5211	0.5441	0.5324	204
Comment	0.4779	0.5625	0.5167	192
Queries	0.3061	0.6818	0.4225	22
MacroF1	0.5339
F1w_avg	0.5765
Acc    	56.7

============ Predict Viral Tweets ============
Labels 	Prec. 	Recall	F1    	Supp  
N_viral	0.7951	0.7016	0.7454	553
Viral  	0.1872	0.2754	0.2229	138
MacroF1	0.4842
F1w_avg	0.6411
Acc    	61.6

03/05/2021 11:13:50 - INFO - __main__ -   	EPOCH:  32	MiniBatch:    0
03/05/2021 11:13:50 - INFO - __main__ -   	EPOCH:  32	MiniBatch:    1
03/05/2021 11:13:51 - INFO - __main__ -   	EPOCH:  32	MiniBatch:    2
03/05/2021 11:13:52 - INFO - __main__ -   	EPOCH:  32	MiniBatch:    3
03/05/2021 11:13:53 - INFO - __main__ -   	EPOCH:  32	MiniBatch:    4
03/05/2021 11:13:53 - INFO - __main__ -   	EPOCH:  32	MiniBatch:    5
03/05/2021 11:13:54 - INFO - __main__ -   	EPOCH:  32	MiniBatch:    6
03/05/2021 11:13:55 - INFO - __main__ -   	EPOCH:  32	MiniBatch:    7
03/05/2021 11:13:55 - INFO - __main__ -   	EPOCH:  32	MiniBatch:    8
03/05/2021 11:13:56 - INFO - __main__ -   	EPOCH:  32	MiniBatch:    9
03/05/2021 11:13:57 - INFO - __main__ -   	EPOCH:  32	MiniBatch:   10
03/05/2021 11:13:57 - INFO - __main__ -   	EPOCH:  32	MiniBatch:   11
03/05/2021 11:13:58 - INFO - __main__ -   	EPOCH:  32	MiniBatch:   12
03/05/2021 11:13:59 - INFO - __main__ -   	EPOCH:  32	MiniBatch:   13
03/05/2021 11:14:00 - INFO - __main__ -   	EPOCH:  32	MiniBatch:   14
03/05/2021 11:14:00 - INFO - __main__ -   	EPOCH:  32	MiniBatch:   15
03/05/2021 11:14:01 - INFO - __main__ -   	EPOCH:  32	MiniBatch:   16
03/05/2021 11:14:02 - INFO - __main__ -   	EPOCH:  32	MiniBatch:   17
03/05/2021 11:14:02 - INFO - __main__ -   	EPOCH:  32	MiniBatch:   18
03/05/2021 11:14:03 - INFO - __main__ -   	EPOCH:  32	MiniBatch:   19
03/05/2021 11:14:04 - INFO - __main__ -   	EPOCH:  32	MiniBatch:   20
03/05/2021 11:14:04 - INFO - __main__ -   	Testing dev Minibatch:    0
03/05/2021 11:14:05 - INFO - __main__ -   	Testing dev Minibatch:    1
03/05/2021 11:14:06 - INFO - __main__ -   	Testing dev Minibatch:    2
03/05/2021 11:14:06 - INFO - __main__ -   
============ Predict Tweet Stance ============
Labels 	Prec. 	Recall	F1    	Supp  
Denial 	0.5882	0.8059	0.6801	273
Support	0.5820	0.3480	0.4356	204
Comment	0.5260	0.4740	0.4986	192
Queries	0.4545	0.4545	0.4545	22
MacroF1	0.5172
F1w_avg	0.5503
Acc    	56.7

============ Predict Viral Tweets ============
Labels 	Prec. 	Recall	F1    	Supp  
N_viral	0.7849	0.4882	0.6020	553
Viral  	0.1844	0.4638	0.2639	138
MacroF1	0.4330
F1w_avg	0.5345
Acc    	48.3

03/05/2021 11:14:06 - INFO - __main__ -   	EPOCH:  33	MiniBatch:    0
03/05/2021 11:14:07 - INFO - __main__ -   	EPOCH:  33	MiniBatch:    1
03/05/2021 11:14:08 - INFO - __main__ -   	EPOCH:  33	MiniBatch:    2
03/05/2021 11:14:08 - INFO - __main__ -   	EPOCH:  33	MiniBatch:    3
03/05/2021 11:14:09 - INFO - __main__ -   	EPOCH:  33	MiniBatch:    4
03/05/2021 11:14:10 - INFO - __main__ -   	EPOCH:  33	MiniBatch:    5
03/05/2021 11:14:11 - INFO - __main__ -   	EPOCH:  33	MiniBatch:    6
03/05/2021 11:14:11 - INFO - __main__ -   	EPOCH:  33	MiniBatch:    7
03/05/2021 11:14:12 - INFO - __main__ -   	EPOCH:  33	MiniBatch:    8
03/05/2021 11:14:13 - INFO - __main__ -   	EPOCH:  33	MiniBatch:    9
03/05/2021 11:14:13 - INFO - __main__ -   	EPOCH:  33	MiniBatch:   10
03/05/2021 11:14:14 - INFO - __main__ -   	EPOCH:  33	MiniBatch:   11
03/05/2021 11:14:15 - INFO - __main__ -   	EPOCH:  33	MiniBatch:   12
03/05/2021 11:14:15 - INFO - __main__ -   	EPOCH:  33	MiniBatch:   13
03/05/2021 11:14:16 - INFO - __main__ -   	EPOCH:  33	MiniBatch:   14
03/05/2021 11:14:17 - INFO - __main__ -   	EPOCH:  33	MiniBatch:   15
03/05/2021 11:14:17 - INFO - __main__ -   	EPOCH:  33	MiniBatch:   16
03/05/2021 11:14:18 - INFO - __main__ -   	EPOCH:  33	MiniBatch:   17
03/05/2021 11:14:19 - INFO - __main__ -   	EPOCH:  33	MiniBatch:   18
03/05/2021 11:14:20 - INFO - __main__ -   	EPOCH:  33	MiniBatch:   19
03/05/2021 11:14:20 - INFO - __main__ -   	EPOCH:  33	MiniBatch:   20
03/05/2021 11:14:21 - INFO - __main__ -   	Testing dev Minibatch:    0
03/05/2021 11:14:22 - INFO - __main__ -   	Testing dev Minibatch:    1
03/05/2021 11:14:22 - INFO - __main__ -   	Testing dev Minibatch:    2
03/05/2021 11:14:23 - INFO - __main__ -   
============ Predict Tweet Stance ============
Labels 	Prec. 	Recall	F1    	Supp  
Denial 	0.6982	0.7289	0.7133	273
Support	0.5484	0.5000	0.5231	204
Comment	0.5253	0.5417	0.5333	192
Queries	0.3636	0.3636	0.3636	22
MacroF1	0.5333
F1w_avg	0.5960
Acc    	59.8

============ Predict Viral Tweets ============
Labels 	Prec. 	Recall	F1    	Supp  
N_viral	0.7903	0.6203	0.6950	553
Viral  	0.1829	0.3406	0.2380	138
MacroF1	0.4665
F1w_avg	0.6038
Acc    	56.4

03/05/2021 11:14:23 - INFO - __main__ -   	EPOCH:  34	MiniBatch:    0
03/05/2021 11:14:23 - INFO - __main__ -   	EPOCH:  34	MiniBatch:    1
03/05/2021 11:14:24 - INFO - __main__ -   	EPOCH:  34	MiniBatch:    2
03/05/2021 11:14:25 - INFO - __main__ -   	EPOCH:  34	MiniBatch:    3
03/05/2021 11:14:26 - INFO - __main__ -   	EPOCH:  34	MiniBatch:    4
03/05/2021 11:14:26 - INFO - __main__ -   	EPOCH:  34	MiniBatch:    5
03/05/2021 11:14:27 - INFO - __main__ -   	EPOCH:  34	MiniBatch:    6
03/05/2021 11:14:28 - INFO - __main__ -   	EPOCH:  34	MiniBatch:    7
03/05/2021 11:14:28 - INFO - __main__ -   	EPOCH:  34	MiniBatch:    8
03/05/2021 11:14:29 - INFO - __main__ -   	EPOCH:  34	MiniBatch:    9
03/05/2021 11:14:30 - INFO - __main__ -   	EPOCH:  34	MiniBatch:   10
03/05/2021 11:14:30 - INFO - __main__ -   	EPOCH:  34	MiniBatch:   11
03/05/2021 11:14:31 - INFO - __main__ -   	EPOCH:  34	MiniBatch:   12
03/05/2021 11:14:32 - INFO - __main__ -   	EPOCH:  34	MiniBatch:   13
03/05/2021 11:14:32 - INFO - __main__ -   	EPOCH:  34	MiniBatch:   14
03/05/2021 11:14:33 - INFO - __main__ -   	EPOCH:  34	MiniBatch:   15
03/05/2021 11:14:34 - INFO - __main__ -   	EPOCH:  34	MiniBatch:   16
03/05/2021 11:14:35 - INFO - __main__ -   	EPOCH:  34	MiniBatch:   17
03/05/2021 11:14:35 - INFO - __main__ -   	EPOCH:  34	MiniBatch:   18
03/05/2021 11:14:36 - INFO - __main__ -   	EPOCH:  34	MiniBatch:   19
03/05/2021 11:14:37 - INFO - __main__ -   	EPOCH:  34	MiniBatch:   20
03/05/2021 11:14:37 - INFO - __main__ -   	Testing dev Minibatch:    0
03/05/2021 11:14:38 - INFO - __main__ -   	Testing dev Minibatch:    1
03/05/2021 11:14:39 - INFO - __main__ -   	Testing dev Minibatch:    2
03/05/2021 11:14:39 - INFO - __main__ -   
============ Predict Tweet Stance ============
Labels 	Prec. 	Recall	F1    	Supp  
Denial 	0.7121	0.6886	0.7002	273
Support	0.5526	0.6176	0.5833	204
Comment	0.5500	0.5156	0.5323	192
Queries	0.3684	0.3182	0.3415	22
MacroF1	0.5393
F1w_avg	0.6076
Acc    	60.8

============ Predict Viral Tweets ============
Labels 	Prec. 	Recall	F1    	Supp  
N_viral	0.7978	0.6564	0.7202	553
Viral  	0.1949	0.3333	0.2460	138
MacroF1	0.4831
F1w_avg	0.6255
Acc    	59.2

03/05/2021 11:14:39 - INFO - __main__ -   	EPOCH:  35	MiniBatch:    0
03/05/2021 11:14:40 - INFO - __main__ -   	EPOCH:  35	MiniBatch:    1
03/05/2021 11:14:41 - INFO - __main__ -   	EPOCH:  35	MiniBatch:    2
03/05/2021 11:14:41 - INFO - __main__ -   	EPOCH:  35	MiniBatch:    3
03/05/2021 11:14:42 - INFO - __main__ -   	EPOCH:  35	MiniBatch:    4
03/05/2021 11:14:43 - INFO - __main__ -   	EPOCH:  35	MiniBatch:    5
03/05/2021 11:14:43 - INFO - __main__ -   	EPOCH:  35	MiniBatch:    6
03/05/2021 11:14:44 - INFO - __main__ -   	EPOCH:  35	MiniBatch:    7
03/05/2021 11:14:45 - INFO - __main__ -   	EPOCH:  35	MiniBatch:    8
03/05/2021 11:14:45 - INFO - __main__ -   	EPOCH:  35	MiniBatch:    9
03/05/2021 11:14:46 - INFO - __main__ -   	EPOCH:  35	MiniBatch:   10
03/05/2021 11:14:47 - INFO - __main__ -   	EPOCH:  35	MiniBatch:   11
03/05/2021 11:14:48 - INFO - __main__ -   	EPOCH:  35	MiniBatch:   12
03/05/2021 11:14:48 - INFO - __main__ -   	EPOCH:  35	MiniBatch:   13
03/05/2021 11:14:49 - INFO - __main__ -   	EPOCH:  35	MiniBatch:   14
03/05/2021 11:14:50 - INFO - __main__ -   	EPOCH:  35	MiniBatch:   15
03/05/2021 11:14:50 - INFO - __main__ -   	EPOCH:  35	MiniBatch:   16
03/05/2021 11:14:51 - INFO - __main__ -   	EPOCH:  35	MiniBatch:   17
03/05/2021 11:14:52 - INFO - __main__ -   	EPOCH:  35	MiniBatch:   18
03/05/2021 11:14:52 - INFO - __main__ -   	EPOCH:  35	MiniBatch:   19
03/05/2021 11:14:53 - INFO - __main__ -   	EPOCH:  35	MiniBatch:   20
03/05/2021 11:14:54 - INFO - __main__ -   	Testing dev Minibatch:    0
03/05/2021 11:14:54 - INFO - __main__ -   	Testing dev Minibatch:    1
03/05/2021 11:14:55 - INFO - __main__ -   	Testing dev Minibatch:    2
03/05/2021 11:14:55 - INFO - __main__ -   
============ Predict Tweet Stance ============
Labels 	Prec. 	Recall	F1    	Supp  
Denial 	0.6971	0.6996	0.6984	273
Support	0.5098	0.6373	0.5664	204
Comment	0.5625	0.4219	0.4821	192
Queries	0.3889	0.3182	0.3500	22
MacroF1	0.5242
F1w_avg	0.5882
Acc    	59.2

============ Predict Viral Tweets ============
Labels 	Prec. 	Recall	F1    	Supp  
N_viral	0.7896	0.6311	0.7015	553
Viral  	0.1807	0.3261	0.2326	138
MacroF1	0.4670
F1w_avg	0.6079
Acc    	57.0

03/05/2021 11:14:56 - INFO - __main__ -   	EPOCH:  36	MiniBatch:    0
03/05/2021 11:14:56 - INFO - __main__ -   	EPOCH:  36	MiniBatch:    1
03/05/2021 11:14:57 - INFO - __main__ -   	EPOCH:  36	MiniBatch:    2
03/05/2021 11:14:58 - INFO - __main__ -   	EPOCH:  36	MiniBatch:    3
03/05/2021 11:14:58 - INFO - __main__ -   	EPOCH:  36	MiniBatch:    4
03/05/2021 11:14:59 - INFO - __main__ -   	EPOCH:  36	MiniBatch:    5
03/05/2021 11:15:00 - INFO - __main__ -   	EPOCH:  36	MiniBatch:    6
03/05/2021 11:15:00 - INFO - __main__ -   	EPOCH:  36	MiniBatch:    7
03/05/2021 11:15:01 - INFO - __main__ -   	EPOCH:  36	MiniBatch:    8
03/05/2021 11:15:02 - INFO - __main__ -   	EPOCH:  36	MiniBatch:    9
03/05/2021 11:15:03 - INFO - __main__ -   	EPOCH:  36	MiniBatch:   10
03/05/2021 11:15:03 - INFO - __main__ -   	EPOCH:  36	MiniBatch:   11
03/05/2021 11:15:04 - INFO - __main__ -   	EPOCH:  36	MiniBatch:   12
03/05/2021 11:15:05 - INFO - __main__ -   	EPOCH:  36	MiniBatch:   13
03/05/2021 11:15:05 - INFO - __main__ -   	EPOCH:  36	MiniBatch:   14
03/05/2021 11:15:06 - INFO - __main__ -   	EPOCH:  36	MiniBatch:   15
03/05/2021 11:15:07 - INFO - __main__ -   	EPOCH:  36	MiniBatch:   16
03/05/2021 11:15:07 - INFO - __main__ -   	EPOCH:  36	MiniBatch:   17
03/05/2021 11:15:08 - INFO - __main__ -   	EPOCH:  36	MiniBatch:   18
03/05/2021 11:15:09 - INFO - __main__ -   	EPOCH:  36	MiniBatch:   19
03/05/2021 11:15:09 - INFO - __main__ -   	EPOCH:  36	MiniBatch:   20
03/05/2021 11:15:10 - INFO - __main__ -   	Testing dev Minibatch:    0
03/05/2021 11:15:11 - INFO - __main__ -   	Testing dev Minibatch:    1
03/05/2021 11:15:11 - INFO - __main__ -   	Testing dev Minibatch:    2
03/05/2021 11:15:12 - INFO - __main__ -   
============ Predict Tweet Stance ============
Labels 	Prec. 	Recall	F1    	Supp  
Denial 	0.6992	0.6813	0.6902	273
Support	0.5136	0.6471	0.5727	204
Comment	0.5556	0.4167	0.4762	192
Queries	0.3750	0.4091	0.3913	22
MacroF1	0.5326
F1w_avg	0.5865
Acc    	58.9

============ Predict Viral Tweets ============
Labels 	Prec. 	Recall	F1    	Supp  
N_viral	0.7849	0.6203	0.6929	553
Viral  	0.1732	0.3188	0.2245	138
MacroF1	0.4587
F1w_avg	0.5994
Acc    	56.0

03/05/2021 11:15:12 - INFO - __main__ -   	EPOCH:  37	MiniBatch:    0
03/05/2021 11:15:13 - INFO - __main__ -   	EPOCH:  37	MiniBatch:    1
03/05/2021 11:15:13 - INFO - __main__ -   	EPOCH:  37	MiniBatch:    2
03/05/2021 11:15:14 - INFO - __main__ -   	EPOCH:  37	MiniBatch:    3
03/05/2021 11:15:15 - INFO - __main__ -   	EPOCH:  37	MiniBatch:    4
03/05/2021 11:15:15 - INFO - __main__ -   	EPOCH:  37	MiniBatch:    5
03/05/2021 11:15:16 - INFO - __main__ -   	EPOCH:  37	MiniBatch:    6
03/05/2021 11:15:17 - INFO - __main__ -   	EPOCH:  37	MiniBatch:    7
03/05/2021 11:15:17 - INFO - __main__ -   	EPOCH:  37	MiniBatch:    8
03/05/2021 11:15:18 - INFO - __main__ -   	EPOCH:  37	MiniBatch:    9
03/05/2021 11:15:19 - INFO - __main__ -   	EPOCH:  37	MiniBatch:   10
03/05/2021 11:15:20 - INFO - __main__ -   	EPOCH:  37	MiniBatch:   11
03/05/2021 11:15:20 - INFO - __main__ -   	EPOCH:  37	MiniBatch:   12
03/05/2021 11:15:21 - INFO - __main__ -   	EPOCH:  37	MiniBatch:   13
03/05/2021 11:15:22 - INFO - __main__ -   	EPOCH:  37	MiniBatch:   14
03/05/2021 11:15:22 - INFO - __main__ -   	EPOCH:  37	MiniBatch:   15
03/05/2021 11:15:23 - INFO - __main__ -   	EPOCH:  37	MiniBatch:   16
03/05/2021 11:15:24 - INFO - __main__ -   	EPOCH:  37	MiniBatch:   17
03/05/2021 11:15:24 - INFO - __main__ -   	EPOCH:  37	MiniBatch:   18
03/05/2021 11:15:25 - INFO - __main__ -   	EPOCH:  37	MiniBatch:   19
03/05/2021 11:15:26 - INFO - __main__ -   	EPOCH:  37	MiniBatch:   20
03/05/2021 11:15:26 - INFO - __main__ -   	Testing dev Minibatch:    0
03/05/2021 11:15:27 - INFO - __main__ -   	Testing dev Minibatch:    1
03/05/2021 11:15:28 - INFO - __main__ -   	Testing dev Minibatch:    2
03/05/2021 11:15:28 - INFO - __main__ -   
============ Predict Tweet Stance ============
Labels 	Prec. 	Recall	F1    	Supp  
Denial 	0.7041	0.6886	0.6963	273
Support	0.5395	0.5686	0.5537	204
Comment	0.5083	0.4792	0.4933	192
Queries	0.3929	0.5000	0.4400	22
MacroF1	0.5458
F1w_avg	0.5896
Acc    	58.9

============ Predict Viral Tweets ============
Labels 	Prec. 	Recall	F1    	Supp  
N_viral	0.7974	0.6546	0.7190	553
Viral  	0.1941	0.3333	0.2453	138
MacroF1	0.4822
F1w_avg	0.6244
Acc    	59.0

03/05/2021 11:15:28 - INFO - __main__ -   	EPOCH:  38	MiniBatch:    0
03/05/2021 11:15:29 - INFO - __main__ -   	EPOCH:  38	MiniBatch:    1
03/05/2021 11:15:30 - INFO - __main__ -   	EPOCH:  38	MiniBatch:    2
03/05/2021 11:15:30 - INFO - __main__ -   	EPOCH:  38	MiniBatch:    3
03/05/2021 11:15:31 - INFO - __main__ -   	EPOCH:  38	MiniBatch:    4
03/05/2021 11:15:32 - INFO - __main__ -   	EPOCH:  38	MiniBatch:    5
03/05/2021 11:15:32 - INFO - __main__ -   	EPOCH:  38	MiniBatch:    6
03/05/2021 11:15:33 - INFO - __main__ -   	EPOCH:  38	MiniBatch:    7
03/05/2021 11:15:34 - INFO - __main__ -   	EPOCH:  38	MiniBatch:    8
03/05/2021 11:15:35 - INFO - __main__ -   	EPOCH:  38	MiniBatch:    9
03/05/2021 11:15:35 - INFO - __main__ -   	EPOCH:  38	MiniBatch:   10
03/05/2021 11:15:36 - INFO - __main__ -   	EPOCH:  38	MiniBatch:   11
03/05/2021 11:15:37 - INFO - __main__ -   	EPOCH:  38	MiniBatch:   12
03/05/2021 11:15:37 - INFO - __main__ -   	EPOCH:  38	MiniBatch:   13
03/05/2021 11:15:38 - INFO - __main__ -   	EPOCH:  38	MiniBatch:   14
03/05/2021 11:15:39 - INFO - __main__ -   	EPOCH:  38	MiniBatch:   15
03/05/2021 11:15:39 - INFO - __main__ -   	EPOCH:  38	MiniBatch:   16
03/05/2021 11:15:40 - INFO - __main__ -   	EPOCH:  38	MiniBatch:   17
03/05/2021 11:15:41 - INFO - __main__ -   	EPOCH:  38	MiniBatch:   18
03/05/2021 11:15:41 - INFO - __main__ -   	EPOCH:  38	MiniBatch:   19
03/05/2021 11:15:42 - INFO - __main__ -   	EPOCH:  38	MiniBatch:   20
03/05/2021 11:15:43 - INFO - __main__ -   	Testing dev Minibatch:    0
03/05/2021 11:15:44 - INFO - __main__ -   	Testing dev Minibatch:    1
03/05/2021 11:15:44 - INFO - __main__ -   	Testing dev Minibatch:    2
03/05/2021 11:15:45 - INFO - __main__ -   
============ Predict Tweet Stance ============
Labels 	Prec. 	Recall	F1    	Supp  
Denial 	0.6181	0.7766	0.6883	273
Support	0.5648	0.5343	0.5491	204
Comment	0.5548	0.4219	0.4793	192
Queries	0.6667	0.2727	0.3871	22
MacroF1	0.5260
F1w_avg	0.5795
Acc    	59.0

============ Predict Viral Tweets ============
Labels 	Prec. 	Recall	F1    	Supp  
N_viral	0.8015	0.5913	0.6805	553
Viral  	0.2014	0.4130	0.2708	138
MacroF1	0.4757
F1w_avg	0.5987
Acc    	55.6

03/05/2021 11:15:45 - INFO - __main__ -   No improvements in F1 for 20 epochs
03/05/2021 11:15:47 - INFO - __main__ -   	Testing test Minibatch:    0
03/05/2021 11:15:47 - INFO - __main__ -   	Testing test Minibatch:    1
03/05/2021 11:15:48 - INFO - __main__ -   	Testing test Minibatch:    2
03/05/2021 11:15:48 - INFO - __main__ -   
============ Predict Tweet Stance ============
Labels 	Prec. 	Recall	F1    	Supp  
Denial 	0.6679	0.6783	0.6731	258
Support	0.5665	0.5134	0.5386	224
Comment	0.5128	0.5348	0.5236	187
Queries	0.4688	0.6522	0.5455	23
MacroF1	0.5702
F1w_avg	0.5849
Acc    	58.5

============ Predict Viral Tweets ============
Labels 	Prec. 	Recall	F1    	Supp  
N_viral	0.8126	0.6745	0.7372	553
Viral  	0.2275	0.3813	0.2849	139
MacroF1	0.5111
F1w_avg	0.6463
Acc    	61.6

03/05/2021 11:15:48 - INFO - __main__ -   Time taken: 0h 11m  6s
