03/05/2021 10:48:02 - INFO - __main__ -   ----------------- Hyperparameters ------------------
03/05/2021 10:48:02 - INFO - __main__ -   ======== mtt_Bertweet =========
03/05/2021 10:48:02 - INFO - __main__ -   ===== Hyperparameters ======
03/05/2021 10:48:02 - INFO - __main__ -   ('batch_train', 100)
03/05/2021 10:48:02 - INFO - __main__ -   ('batch_test', 300)
03/05/2021 10:48:02 - INFO - __main__ -   ('epochs', 200)
03/05/2021 10:48:02 - INFO - __main__ -   ('learning_rate', 4e-05)
03/05/2021 10:48:02 - INFO - __main__ -   ('optimizer', 'adam')
03/05/2021 10:48:02 - INFO - __main__ -   ('do_train', True)
03/05/2021 10:48:02 - INFO - __main__ -   ('do_test', True)
03/05/2021 10:48:02 - INFO - __main__ -   ('model_name', 'mtt_Bertweet')
03/05/2021 10:48:02 - INFO - __main__ -   ('exp_name', 'exp10')
03/05/2021 10:48:02 - INFO - __main__ -   ('train_data', './data/train_set_128_w_length_bertweet.bin')
03/05/2021 10:48:02 - INFO - __main__ -   ('test_data', './data/test_set_128_w_length_bertweet.bin')
03/05/2021 10:48:02 - INFO - __main__ -   ('k_folds', 4)
03/05/2021 10:48:02 - INFO - __main__ -   ('folds2run', 1)
03/05/2021 10:48:02 - INFO - __main__ -   ('debug', False)
03/05/2021 10:48:02 - INFO - __main__ -   ('log_interval', 1)
03/05/2021 10:48:02 - INFO - __main__ -   ('loss_fn', 'ce_loss')
03/05/2021 10:48:02 - INFO - __main__ -   ('w_sample', True)
03/05/2021 10:48:02 - INFO - __main__ -   ('pretrain_model', '')
03/05/2021 10:48:02 - INFO - __main__ -   ('epochs2giveup', 20)
03/05/2021 10:48:02 - INFO - __main__ -   ('dropout', 0.1)
03/05/2021 10:48:02 - INFO - __main__ -   ('viral_attr', 'retweets')
03/05/2021 10:48:02 - INFO - __main__ -   ('viral_threshold', 80.0)
03/05/2021 10:48:02 - INFO - __main__ -   ('weight_attr', 'viral')
03/05/2021 10:48:02 - INFO - __main__ -   ('task', 'viral')
03/05/2021 10:48:02 - INFO - __main__ -   ('mtt_weight', 1.0)
03/05/2021 10:48:02 - INFO - __main__ -   ------------------ Getting model -------------------
03/05/2021 10:48:08 - INFO - __main__ -   --------------- Getting dataframes -----------------
03/05/2021 10:48:08 - INFO - __main__ -   ------- Setting loss function and optimizer --------
03/05/2021 10:48:08 - INFO - __main__ -   ------------ Converting to dataloaders -------------
03/05/2021 10:48:08 - INFO - __main__ -   class:    0 	count: 1660
03/05/2021 10:48:08 - INFO - __main__ -   class:    1 	count:  415
03/05/2021 10:48:08 - INFO - __main__ -   ---------------- Starting training -----------------
03/05/2021 10:48:08 - INFO - __main__ -   	EPOCH:   0	MiniBatch:    0
03/05/2021 10:48:09 - INFO - __main__ -   	EPOCH:   0	MiniBatch:    1
03/05/2021 10:48:10 - INFO - __main__ -   	EPOCH:   0	MiniBatch:    2
03/05/2021 10:48:11 - INFO - __main__ -   	EPOCH:   0	MiniBatch:    3
03/05/2021 10:48:11 - INFO - __main__ -   	EPOCH:   0	MiniBatch:    4
03/05/2021 10:48:12 - INFO - __main__ -   	EPOCH:   0	MiniBatch:    5
03/05/2021 10:48:13 - INFO - __main__ -   	EPOCH:   0	MiniBatch:    6
03/05/2021 10:48:13 - INFO - __main__ -   	EPOCH:   0	MiniBatch:    7
03/05/2021 10:48:14 - INFO - __main__ -   	EPOCH:   0	MiniBatch:    8
03/05/2021 10:48:15 - INFO - __main__ -   	EPOCH:   0	MiniBatch:    9
03/05/2021 10:48:16 - INFO - __main__ -   	EPOCH:   0	MiniBatch:   10
03/05/2021 10:48:16 - INFO - __main__ -   	EPOCH:   0	MiniBatch:   11
03/05/2021 10:48:17 - INFO - __main__ -   	EPOCH:   0	MiniBatch:   12
03/05/2021 10:48:18 - INFO - __main__ -   	EPOCH:   0	MiniBatch:   13
03/05/2021 10:48:18 - INFO - __main__ -   	EPOCH:   0	MiniBatch:   14
03/05/2021 10:48:19 - INFO - __main__ -   	EPOCH:   0	MiniBatch:   15
03/05/2021 10:48:20 - INFO - __main__ -   	EPOCH:   0	MiniBatch:   16
03/05/2021 10:48:20 - INFO - __main__ -   	EPOCH:   0	MiniBatch:   17
03/05/2021 10:48:21 - INFO - __main__ -   	EPOCH:   0	MiniBatch:   18
03/05/2021 10:48:22 - INFO - __main__ -   	EPOCH:   0	MiniBatch:   19
03/05/2021 10:48:22 - INFO - __main__ -   	EPOCH:   0	MiniBatch:   20
03/05/2021 10:48:23 - INFO - __main__ -   	Testing dev Minibatch:    0
03/05/2021 10:48:24 - INFO - __main__ -   	Testing dev Minibatch:    1
03/05/2021 10:48:25 - INFO - __main__ -   	Testing dev Minibatch:    2
03/05/2021 10:48:25 - INFO - __main__ -   
============ Predict Tweet Stance ============
Labels 	Prec. 	Recall	F1    	Supp  
Denial 	0.3953	0.9963	0.5661	273
Support	0.0000	0.0000	0.0000	204
Comment	0.0000	0.0000	0.0000	192
Queries	0.0000	0.0000	0.0000	22
MacroF1	0.1415
F1w_avg	0.2236
Acc    	39.4

============ Predict Viral Tweets ============
Labels 	Prec. 	Recall	F1    	Supp  
N_viral	0.8487	0.8318	0.8402	553
Viral  	0.3758	0.4058	0.3902	138
MacroF1	0.6152
F1w_avg	0.7503
Acc    	74.7

03/05/2021 10:48:25 - INFO - __main__ -   Best results so far. Saving model...
03/05/2021 10:48:27 - INFO - __main__ -   	EPOCH:   1	MiniBatch:    0
03/05/2021 10:48:28 - INFO - __main__ -   	EPOCH:   1	MiniBatch:    1
03/05/2021 10:48:28 - INFO - __main__ -   	EPOCH:   1	MiniBatch:    2
03/05/2021 10:48:29 - INFO - __main__ -   	EPOCH:   1	MiniBatch:    3
03/05/2021 10:48:30 - INFO - __main__ -   	EPOCH:   1	MiniBatch:    4
03/05/2021 10:48:30 - INFO - __main__ -   	EPOCH:   1	MiniBatch:    5
03/05/2021 10:48:31 - INFO - __main__ -   	EPOCH:   1	MiniBatch:    6
03/05/2021 10:48:32 - INFO - __main__ -   	EPOCH:   1	MiniBatch:    7
03/05/2021 10:48:32 - INFO - __main__ -   	EPOCH:   1	MiniBatch:    8
03/05/2021 10:48:33 - INFO - __main__ -   	EPOCH:   1	MiniBatch:    9
03/05/2021 10:48:34 - INFO - __main__ -   	EPOCH:   1	MiniBatch:   10
03/05/2021 10:48:35 - INFO - __main__ -   	EPOCH:   1	MiniBatch:   11
03/05/2021 10:48:35 - INFO - __main__ -   	EPOCH:   1	MiniBatch:   12
03/05/2021 10:48:36 - INFO - __main__ -   	EPOCH:   1	MiniBatch:   13
03/05/2021 10:48:37 - INFO - __main__ -   	EPOCH:   1	MiniBatch:   14
03/05/2021 10:48:37 - INFO - __main__ -   	EPOCH:   1	MiniBatch:   15
03/05/2021 10:48:38 - INFO - __main__ -   	EPOCH:   1	MiniBatch:   16
03/05/2021 10:48:39 - INFO - __main__ -   	EPOCH:   1	MiniBatch:   17
03/05/2021 10:48:39 - INFO - __main__ -   	EPOCH:   1	MiniBatch:   18
03/05/2021 10:48:40 - INFO - __main__ -   	EPOCH:   1	MiniBatch:   19
03/05/2021 10:48:41 - INFO - __main__ -   	EPOCH:   1	MiniBatch:   20
03/05/2021 10:48:41 - INFO - __main__ -   	Testing dev Minibatch:    0
03/05/2021 10:48:42 - INFO - __main__ -   	Testing dev Minibatch:    1
03/05/2021 10:48:43 - INFO - __main__ -   	Testing dev Minibatch:    2
03/05/2021 10:48:43 - INFO - __main__ -   
============ Predict Tweet Stance ============
Labels 	Prec. 	Recall	F1    	Supp  
Denial 	0.3890	0.7509	0.5125	273
Support	0.5000	0.0049	0.0097	204
Comment	0.1818	0.1042	0.1325	192
Queries	0.0577	0.1364	0.0811	22
MacroF1	0.1839
F1w_avg	0.2447
Acc    	33.1

============ Predict Viral Tweets ============
Labels 	Prec. 	Recall	F1    	Supp  
N_viral	0.8758	0.7902	0.8308	553
Viral  	0.3958	0.5507	0.4606	138
MacroF1	0.6457
F1w_avg	0.7569
Acc    	74.2

03/05/2021 10:48:43 - INFO - __main__ -   Best results so far. Saving model...
03/05/2021 10:48:45 - INFO - __main__ -   	EPOCH:   2	MiniBatch:    0
03/05/2021 10:48:46 - INFO - __main__ -   	EPOCH:   2	MiniBatch:    1
03/05/2021 10:48:46 - INFO - __main__ -   	EPOCH:   2	MiniBatch:    2
03/05/2021 10:48:47 - INFO - __main__ -   	EPOCH:   2	MiniBatch:    3
03/05/2021 10:48:48 - INFO - __main__ -   	EPOCH:   2	MiniBatch:    4
03/05/2021 10:48:48 - INFO - __main__ -   	EPOCH:   2	MiniBatch:    5
03/05/2021 10:48:49 - INFO - __main__ -   	EPOCH:   2	MiniBatch:    6
03/05/2021 10:48:50 - INFO - __main__ -   	EPOCH:   2	MiniBatch:    7
03/05/2021 10:48:50 - INFO - __main__ -   	EPOCH:   2	MiniBatch:    8
03/05/2021 10:48:51 - INFO - __main__ -   	EPOCH:   2	MiniBatch:    9
03/05/2021 10:48:52 - INFO - __main__ -   	EPOCH:   2	MiniBatch:   10
03/05/2021 10:48:52 - INFO - __main__ -   	EPOCH:   2	MiniBatch:   11
03/05/2021 10:48:53 - INFO - __main__ -   	EPOCH:   2	MiniBatch:   12
03/05/2021 10:48:54 - INFO - __main__ -   	EPOCH:   2	MiniBatch:   13
03/05/2021 10:48:54 - INFO - __main__ -   	EPOCH:   2	MiniBatch:   14
03/05/2021 10:48:55 - INFO - __main__ -   	EPOCH:   2	MiniBatch:   15
03/05/2021 10:48:56 - INFO - __main__ -   	EPOCH:   2	MiniBatch:   16
03/05/2021 10:48:57 - INFO - __main__ -   	EPOCH:   2	MiniBatch:   17
03/05/2021 10:48:57 - INFO - __main__ -   	EPOCH:   2	MiniBatch:   18
03/05/2021 10:48:58 - INFO - __main__ -   	EPOCH:   2	MiniBatch:   19
03/05/2021 10:48:59 - INFO - __main__ -   	EPOCH:   2	MiniBatch:   20
03/05/2021 10:48:59 - INFO - __main__ -   	Testing dev Minibatch:    0
03/05/2021 10:49:00 - INFO - __main__ -   	Testing dev Minibatch:    1
03/05/2021 10:49:01 - INFO - __main__ -   	Testing dev Minibatch:    2
03/05/2021 10:49:01 - INFO - __main__ -   
============ Predict Tweet Stance ============
Labels 	Prec. 	Recall	F1    	Supp  
Denial 	0.3845	0.6703	0.4887	273
Support	0.2264	0.0588	0.0934	204
Comment	0.2455	0.1406	0.1788	192
Queries	0.0192	0.0455	0.0270	22
MacroF1	0.1970
F1w_avg	0.2712
Acc    	32.3

============ Predict Viral Tweets ============
Labels 	Prec. 	Recall	F1    	Supp  
N_viral	0.8718	0.7993	0.8340	553
Viral  	0.3967	0.5290	0.4534	138
MacroF1	0.6437
F1w_avg	0.7580
Acc    	74.5

03/05/2021 10:49:01 - INFO - __main__ -   	EPOCH:   3	MiniBatch:    0
03/05/2021 10:49:02 - INFO - __main__ -   	EPOCH:   3	MiniBatch:    1
03/05/2021 10:49:03 - INFO - __main__ -   	EPOCH:   3	MiniBatch:    2
03/05/2021 10:49:03 - INFO - __main__ -   	EPOCH:   3	MiniBatch:    3
03/05/2021 10:49:04 - INFO - __main__ -   	EPOCH:   3	MiniBatch:    4
03/05/2021 10:49:05 - INFO - __main__ -   	EPOCH:   3	MiniBatch:    5
03/05/2021 10:49:05 - INFO - __main__ -   	EPOCH:   3	MiniBatch:    6
03/05/2021 10:49:06 - INFO - __main__ -   	EPOCH:   3	MiniBatch:    7
03/05/2021 10:49:07 - INFO - __main__ -   	EPOCH:   3	MiniBatch:    8
03/05/2021 10:49:08 - INFO - __main__ -   	EPOCH:   3	MiniBatch:    9
03/05/2021 10:49:08 - INFO - __main__ -   	EPOCH:   3	MiniBatch:   10
03/05/2021 10:49:09 - INFO - __main__ -   	EPOCH:   3	MiniBatch:   11
03/05/2021 10:49:10 - INFO - __main__ -   	EPOCH:   3	MiniBatch:   12
03/05/2021 10:49:10 - INFO - __main__ -   	EPOCH:   3	MiniBatch:   13
03/05/2021 10:49:11 - INFO - __main__ -   	EPOCH:   3	MiniBatch:   14
03/05/2021 10:49:12 - INFO - __main__ -   	EPOCH:   3	MiniBatch:   15
03/05/2021 10:49:12 - INFO - __main__ -   	EPOCH:   3	MiniBatch:   16
03/05/2021 10:49:13 - INFO - __main__ -   	EPOCH:   3	MiniBatch:   17
03/05/2021 10:49:14 - INFO - __main__ -   	EPOCH:   3	MiniBatch:   18
03/05/2021 10:49:15 - INFO - __main__ -   	EPOCH:   3	MiniBatch:   19
03/05/2021 10:49:15 - INFO - __main__ -   	EPOCH:   3	MiniBatch:   20
03/05/2021 10:49:16 - INFO - __main__ -   	Testing dev Minibatch:    0
03/05/2021 10:49:17 - INFO - __main__ -   	Testing dev Minibatch:    1
03/05/2021 10:49:17 - INFO - __main__ -   	Testing dev Minibatch:    2
03/05/2021 10:49:18 - INFO - __main__ -   
============ Predict Tweet Stance ============
Labels 	Prec. 	Recall	F1    	Supp  
Denial 	0.3943	0.7033	0.5053	273
Support	0.2632	0.0980	0.1429	204
Comment	0.1746	0.0573	0.0863	192
Queries	0.0308	0.0909	0.0460	22
MacroF1	0.1951
F1w_avg	0.2672
Acc    	32.6

============ Predict Viral Tweets ============
Labels 	Prec. 	Recall	F1    	Supp  
N_viral	0.8616	0.8445	0.8530	553
Viral  	0.4228	0.4565	0.4390	138
MacroF1	0.6460
F1w_avg	0.7703
Acc    	76.7

03/05/2021 10:49:18 - INFO - __main__ -   Best results so far. Saving model...
03/05/2021 10:49:19 - INFO - __main__ -   	EPOCH:   4	MiniBatch:    0
03/05/2021 10:49:20 - INFO - __main__ -   	EPOCH:   4	MiniBatch:    1
03/05/2021 10:49:21 - INFO - __main__ -   	EPOCH:   4	MiniBatch:    2
03/05/2021 10:49:21 - INFO - __main__ -   	EPOCH:   4	MiniBatch:    3
03/05/2021 10:49:22 - INFO - __main__ -   	EPOCH:   4	MiniBatch:    4
03/05/2021 10:49:23 - INFO - __main__ -   	EPOCH:   4	MiniBatch:    5
03/05/2021 10:49:24 - INFO - __main__ -   	EPOCH:   4	MiniBatch:    6
03/05/2021 10:49:24 - INFO - __main__ -   	EPOCH:   4	MiniBatch:    7
03/05/2021 10:49:25 - INFO - __main__ -   	EPOCH:   4	MiniBatch:    8
03/05/2021 10:49:26 - INFO - __main__ -   	EPOCH:   4	MiniBatch:    9
03/05/2021 10:49:26 - INFO - __main__ -   	EPOCH:   4	MiniBatch:   10
03/05/2021 10:49:27 - INFO - __main__ -   	EPOCH:   4	MiniBatch:   11
03/05/2021 10:49:28 - INFO - __main__ -   	EPOCH:   4	MiniBatch:   12
03/05/2021 10:49:28 - INFO - __main__ -   	EPOCH:   4	MiniBatch:   13
03/05/2021 10:49:29 - INFO - __main__ -   	EPOCH:   4	MiniBatch:   14
03/05/2021 10:49:30 - INFO - __main__ -   	EPOCH:   4	MiniBatch:   15
03/05/2021 10:49:30 - INFO - __main__ -   	EPOCH:   4	MiniBatch:   16
03/05/2021 10:49:31 - INFO - __main__ -   	EPOCH:   4	MiniBatch:   17
03/05/2021 10:49:32 - INFO - __main__ -   	EPOCH:   4	MiniBatch:   18
03/05/2021 10:49:33 - INFO - __main__ -   	EPOCH:   4	MiniBatch:   19
03/05/2021 10:49:33 - INFO - __main__ -   	EPOCH:   4	MiniBatch:   20
03/05/2021 10:49:34 - INFO - __main__ -   	Testing dev Minibatch:    0
03/05/2021 10:49:35 - INFO - __main__ -   	Testing dev Minibatch:    1
03/05/2021 10:49:35 - INFO - __main__ -   	Testing dev Minibatch:    2
03/05/2021 10:49:36 - INFO - __main__ -   
============ Predict Tweet Stance ============
Labels 	Prec. 	Recall	F1    	Supp  
Denial 	0.3887	0.6777	0.4940	273
Support	0.3000	0.0735	0.1181	204
Comment	0.2439	0.1042	0.1460	192
Queries	0.0241	0.0909	0.0381	22
MacroF1	0.1990
F1w_avg	0.2718
Acc    	32.1

============ Predict Viral Tweets ============
Labels 	Prec. 	Recall	F1    	Supp  
N_viral	0.8675	0.8409	0.8540	553
Viral  	0.4323	0.4855	0.4573	138
MacroF1	0.6557
F1w_avg	0.7748
Acc    	77.0

03/05/2021 10:49:36 - INFO - __main__ -   Best results so far. Saving model...
03/05/2021 10:49:37 - INFO - __main__ -   	EPOCH:   5	MiniBatch:    0
03/05/2021 10:49:38 - INFO - __main__ -   	EPOCH:   5	MiniBatch:    1
03/05/2021 10:49:39 - INFO - __main__ -   	EPOCH:   5	MiniBatch:    2
03/05/2021 10:49:39 - INFO - __main__ -   	EPOCH:   5	MiniBatch:    3
03/05/2021 10:49:40 - INFO - __main__ -   	EPOCH:   5	MiniBatch:    4
03/05/2021 10:49:41 - INFO - __main__ -   	EPOCH:   5	MiniBatch:    5
03/05/2021 10:49:42 - INFO - __main__ -   	EPOCH:   5	MiniBatch:    6
03/05/2021 10:49:42 - INFO - __main__ -   	EPOCH:   5	MiniBatch:    7
03/05/2021 10:49:43 - INFO - __main__ -   	EPOCH:   5	MiniBatch:    8
03/05/2021 10:49:44 - INFO - __main__ -   	EPOCH:   5	MiniBatch:    9
03/05/2021 10:49:44 - INFO - __main__ -   	EPOCH:   5	MiniBatch:   10
03/05/2021 10:49:45 - INFO - __main__ -   	EPOCH:   5	MiniBatch:   11
03/05/2021 10:49:46 - INFO - __main__ -   	EPOCH:   5	MiniBatch:   12
03/05/2021 10:49:46 - INFO - __main__ -   	EPOCH:   5	MiniBatch:   13
03/05/2021 10:49:47 - INFO - __main__ -   	EPOCH:   5	MiniBatch:   14
03/05/2021 10:49:48 - INFO - __main__ -   	EPOCH:   5	MiniBatch:   15
03/05/2021 10:49:48 - INFO - __main__ -   	EPOCH:   5	MiniBatch:   16
03/05/2021 10:49:49 - INFO - __main__ -   	EPOCH:   5	MiniBatch:   17
03/05/2021 10:49:50 - INFO - __main__ -   	EPOCH:   5	MiniBatch:   18
03/05/2021 10:49:50 - INFO - __main__ -   	EPOCH:   5	MiniBatch:   19
03/05/2021 10:49:51 - INFO - __main__ -   	EPOCH:   5	MiniBatch:   20
03/05/2021 10:49:52 - INFO - __main__ -   	Testing dev Minibatch:    0
03/05/2021 10:49:53 - INFO - __main__ -   	Testing dev Minibatch:    1
03/05/2021 10:49:53 - INFO - __main__ -   	Testing dev Minibatch:    2
03/05/2021 10:49:54 - INFO - __main__ -   
============ Predict Tweet Stance ============
Labels 	Prec. 	Recall	F1    	Supp  
Denial 	0.3934	0.7912	0.5255	273
Support	0.3243	0.1176	0.1727	204
Comment	0.2500	0.0365	0.0636	192
Queries	0.0500	0.0909	0.0645	22
MacroF1	0.2066
F1w_avg	0.2783
Acc    	36.0

============ Predict Viral Tweets ============
Labels 	Prec. 	Recall	F1    	Supp  
N_viral	0.8333	0.9403	0.8836	553
Viral  	0.5075	0.2464	0.3317	138
MacroF1	0.6077
F1w_avg	0.7734
Acc    	80.2

03/05/2021 10:49:54 - INFO - __main__ -   	EPOCH:   6	MiniBatch:    0
03/05/2021 10:49:54 - INFO - __main__ -   	EPOCH:   6	MiniBatch:    1
03/05/2021 10:49:55 - INFO - __main__ -   	EPOCH:   6	MiniBatch:    2
03/05/2021 10:49:56 - INFO - __main__ -   	EPOCH:   6	MiniBatch:    3
03/05/2021 10:49:57 - INFO - __main__ -   	EPOCH:   6	MiniBatch:    4
03/05/2021 10:49:57 - INFO - __main__ -   	EPOCH:   6	MiniBatch:    5
03/05/2021 10:49:58 - INFO - __main__ -   	EPOCH:   6	MiniBatch:    6
03/05/2021 10:49:59 - INFO - __main__ -   	EPOCH:   6	MiniBatch:    7
03/05/2021 10:49:59 - INFO - __main__ -   	EPOCH:   6	MiniBatch:    8
03/05/2021 10:50:00 - INFO - __main__ -   	EPOCH:   6	MiniBatch:    9
03/05/2021 10:50:01 - INFO - __main__ -   	EPOCH:   6	MiniBatch:   10
03/05/2021 10:50:01 - INFO - __main__ -   	EPOCH:   6	MiniBatch:   11
03/05/2021 10:50:02 - INFO - __main__ -   	EPOCH:   6	MiniBatch:   12
03/05/2021 10:50:03 - INFO - __main__ -   	EPOCH:   6	MiniBatch:   13
03/05/2021 10:50:03 - INFO - __main__ -   	EPOCH:   6	MiniBatch:   14
03/05/2021 10:50:04 - INFO - __main__ -   	EPOCH:   6	MiniBatch:   15
03/05/2021 10:50:05 - INFO - __main__ -   	EPOCH:   6	MiniBatch:   16
03/05/2021 10:50:06 - INFO - __main__ -   	EPOCH:   6	MiniBatch:   17
03/05/2021 10:50:06 - INFO - __main__ -   	EPOCH:   6	MiniBatch:   18
03/05/2021 10:50:07 - INFO - __main__ -   	EPOCH:   6	MiniBatch:   19
03/05/2021 10:50:08 - INFO - __main__ -   	EPOCH:   6	MiniBatch:   20
03/05/2021 10:50:08 - INFO - __main__ -   	Testing dev Minibatch:    0
03/05/2021 10:50:09 - INFO - __main__ -   	Testing dev Minibatch:    1
03/05/2021 10:50:10 - INFO - __main__ -   	Testing dev Minibatch:    2
03/05/2021 10:50:10 - INFO - __main__ -   
============ Predict Tweet Stance ============
Labels 	Prec. 	Recall	F1    	Supp  
Denial 	0.3953	0.8022	0.5296	273
Support	0.3585	0.0931	0.1479	204
Comment	0.3143	0.0573	0.0969	192
Queries	0.0408	0.0909	0.0563	22
MacroF1	0.2077
F1w_avg	0.2816
Acc    	36.3

============ Predict Viral Tweets ============
Labels 	Prec. 	Recall	F1    	Supp  
N_viral	0.8376	0.8861	0.8612	553
Viral  	0.4057	0.3116	0.3525	138
MacroF1	0.6068
F1w_avg	0.7596
Acc    	77.1

03/05/2021 10:50:10 - INFO - __main__ -   	EPOCH:   7	MiniBatch:    0
03/05/2021 10:50:11 - INFO - __main__ -   	EPOCH:   7	MiniBatch:    1
03/05/2021 10:50:12 - INFO - __main__ -   	EPOCH:   7	MiniBatch:    2
03/05/2021 10:50:12 - INFO - __main__ -   	EPOCH:   7	MiniBatch:    3
03/05/2021 10:50:13 - INFO - __main__ -   	EPOCH:   7	MiniBatch:    4
03/05/2021 10:50:14 - INFO - __main__ -   	EPOCH:   7	MiniBatch:    5
03/05/2021 10:50:14 - INFO - __main__ -   	EPOCH:   7	MiniBatch:    6
03/05/2021 10:50:15 - INFO - __main__ -   	EPOCH:   7	MiniBatch:    7
03/05/2021 10:50:16 - INFO - __main__ -   	EPOCH:   7	MiniBatch:    8
03/05/2021 10:50:16 - INFO - __main__ -   	EPOCH:   7	MiniBatch:    9
03/05/2021 10:50:17 - INFO - __main__ -   	EPOCH:   7	MiniBatch:   10
03/05/2021 10:50:18 - INFO - __main__ -   	EPOCH:   7	MiniBatch:   11
03/05/2021 10:50:18 - INFO - __main__ -   	EPOCH:   7	MiniBatch:   12
03/05/2021 10:50:19 - INFO - __main__ -   	EPOCH:   7	MiniBatch:   13
03/05/2021 10:50:20 - INFO - __main__ -   	EPOCH:   7	MiniBatch:   14
03/05/2021 10:50:21 - INFO - __main__ -   	EPOCH:   7	MiniBatch:   15
03/05/2021 10:50:21 - INFO - __main__ -   	EPOCH:   7	MiniBatch:   16
03/05/2021 10:50:22 - INFO - __main__ -   	EPOCH:   7	MiniBatch:   17
03/05/2021 10:50:23 - INFO - __main__ -   	EPOCH:   7	MiniBatch:   18
03/05/2021 10:50:23 - INFO - __main__ -   	EPOCH:   7	MiniBatch:   19
03/05/2021 10:50:24 - INFO - __main__ -   	EPOCH:   7	MiniBatch:   20
03/05/2021 10:50:25 - INFO - __main__ -   	Testing dev Minibatch:    0
03/05/2021 10:50:25 - INFO - __main__ -   	Testing dev Minibatch:    1
03/05/2021 10:50:26 - INFO - __main__ -   	Testing dev Minibatch:    2
03/05/2021 10:50:26 - INFO - __main__ -   
============ Predict Tweet Stance ============
Labels 	Prec. 	Recall	F1    	Supp  
Denial 	0.3827	0.7473	0.5062	273
Support	0.2453	0.0637	0.1012	204
Comment	0.2553	0.0625	0.1004	192
Queries	0.0517	0.1364	0.0750	22
MacroF1	0.1957
F1w_avg	0.2601
Acc    	33.6

============ Predict Viral Tweets ============
Labels 	Prec. 	Recall	F1    	Supp  
N_viral	0.8454	0.9096	0.8763	553
Viral  	0.4792	0.3333	0.3932	138
MacroF1	0.6347
F1w_avg	0.7798
Acc    	79.5

03/05/2021 10:50:27 - INFO - __main__ -   	EPOCH:   8	MiniBatch:    0
03/05/2021 10:50:27 - INFO - __main__ -   	EPOCH:   8	MiniBatch:    1
03/05/2021 10:50:28 - INFO - __main__ -   	EPOCH:   8	MiniBatch:    2
03/05/2021 10:50:29 - INFO - __main__ -   	EPOCH:   8	MiniBatch:    3
03/05/2021 10:50:29 - INFO - __main__ -   	EPOCH:   8	MiniBatch:    4
03/05/2021 10:50:30 - INFO - __main__ -   	EPOCH:   8	MiniBatch:    5
03/05/2021 10:50:31 - INFO - __main__ -   	EPOCH:   8	MiniBatch:    6
03/05/2021 10:50:31 - INFO - __main__ -   	EPOCH:   8	MiniBatch:    7
03/05/2021 10:50:32 - INFO - __main__ -   	EPOCH:   8	MiniBatch:    8
03/05/2021 10:50:33 - INFO - __main__ -   	EPOCH:   8	MiniBatch:    9
03/05/2021 10:50:34 - INFO - __main__ -   	EPOCH:   8	MiniBatch:   10
03/05/2021 10:50:34 - INFO - __main__ -   	EPOCH:   8	MiniBatch:   11
03/05/2021 10:50:35 - INFO - __main__ -   	EPOCH:   8	MiniBatch:   12
03/05/2021 10:50:36 - INFO - __main__ -   	EPOCH:   8	MiniBatch:   13
03/05/2021 10:50:36 - INFO - __main__ -   	EPOCH:   8	MiniBatch:   14
03/05/2021 10:50:37 - INFO - __main__ -   	EPOCH:   8	MiniBatch:   15
03/05/2021 10:50:38 - INFO - __main__ -   	EPOCH:   8	MiniBatch:   16
03/05/2021 10:50:38 - INFO - __main__ -   	EPOCH:   8	MiniBatch:   17
03/05/2021 10:50:39 - INFO - __main__ -   	EPOCH:   8	MiniBatch:   18
03/05/2021 10:50:40 - INFO - __main__ -   	EPOCH:   8	MiniBatch:   19
03/05/2021 10:50:40 - INFO - __main__ -   	EPOCH:   8	MiniBatch:   20
03/05/2021 10:50:41 - INFO - __main__ -   	Testing dev Minibatch:    0
03/05/2021 10:50:42 - INFO - __main__ -   	Testing dev Minibatch:    1
03/05/2021 10:50:43 - INFO - __main__ -   	Testing dev Minibatch:    2
03/05/2021 10:50:43 - INFO - __main__ -   
============ Predict Tweet Stance ============
Labels 	Prec. 	Recall	F1    	Supp  
Denial 	0.3870	0.7839	0.5182	273
Support	0.1500	0.0147	0.0268	204
Comment	0.2766	0.0677	0.1088	192
Queries	0.0423	0.1364	0.0645	22
MacroF1	0.1796
F1w_avg	0.2449
Acc    	33.7

============ Predict Viral Tweets ============
Labels 	Prec. 	Recall	F1    	Supp  
N_viral	0.8413	0.9204	0.8791	553
Viral  	0.4884	0.3043	0.3750	138
MacroF1	0.6271
F1w_avg	0.7784
Acc    	79.7

03/05/2021 10:50:43 - INFO - __main__ -   	EPOCH:   9	MiniBatch:    0
03/05/2021 10:50:44 - INFO - __main__ -   	EPOCH:   9	MiniBatch:    1
03/05/2021 10:50:44 - INFO - __main__ -   	EPOCH:   9	MiniBatch:    2
03/05/2021 10:50:45 - INFO - __main__ -   	EPOCH:   9	MiniBatch:    3
03/05/2021 10:50:46 - INFO - __main__ -   	EPOCH:   9	MiniBatch:    4
03/05/2021 10:50:46 - INFO - __main__ -   	EPOCH:   9	MiniBatch:    5
03/05/2021 10:50:47 - INFO - __main__ -   	EPOCH:   9	MiniBatch:    6
03/05/2021 10:50:48 - INFO - __main__ -   	EPOCH:   9	MiniBatch:    7
03/05/2021 10:50:49 - INFO - __main__ -   	EPOCH:   9	MiniBatch:    8
03/05/2021 10:50:49 - INFO - __main__ -   	EPOCH:   9	MiniBatch:    9
03/05/2021 10:50:50 - INFO - __main__ -   	EPOCH:   9	MiniBatch:   10
03/05/2021 10:50:51 - INFO - __main__ -   	EPOCH:   9	MiniBatch:   11
03/05/2021 10:50:51 - INFO - __main__ -   	EPOCH:   9	MiniBatch:   12
03/05/2021 10:50:52 - INFO - __main__ -   	EPOCH:   9	MiniBatch:   13
03/05/2021 10:50:53 - INFO - __main__ -   	EPOCH:   9	MiniBatch:   14
03/05/2021 10:50:53 - INFO - __main__ -   	EPOCH:   9	MiniBatch:   15
03/05/2021 10:50:54 - INFO - __main__ -   	EPOCH:   9	MiniBatch:   16
03/05/2021 10:50:55 - INFO - __main__ -   	EPOCH:   9	MiniBatch:   17
03/05/2021 10:50:55 - INFO - __main__ -   	EPOCH:   9	MiniBatch:   18
03/05/2021 10:50:56 - INFO - __main__ -   	EPOCH:   9	MiniBatch:   19
03/05/2021 10:50:57 - INFO - __main__ -   	EPOCH:   9	MiniBatch:   20
03/05/2021 10:50:58 - INFO - __main__ -   	Testing dev Minibatch:    0
03/05/2021 10:50:58 - INFO - __main__ -   	Testing dev Minibatch:    1
03/05/2021 10:50:59 - INFO - __main__ -   	Testing dev Minibatch:    2
03/05/2021 10:50:59 - INFO - __main__ -   
============ Predict Tweet Stance ============
Labels 	Prec. 	Recall	F1    	Supp  
Denial 	0.3837	0.7912	0.5167	273
Support	0.1176	0.0098	0.0181	204
Comment	0.2453	0.0677	0.1061	192
Queries	0.0517	0.1364	0.0750	22
MacroF1	0.1790
F1w_avg	0.2414
Acc    	33.9

============ Predict Viral Tweets ============
Labels 	Prec. 	Recall	F1    	Supp  
N_viral	0.8381	0.9458	0.8887	553
Viral  	0.5522	0.2681	0.3610	138
MacroF1	0.6248
F1w_avg	0.7833
Acc    	81.0

03/05/2021 10:50:59 - INFO - __main__ -   	EPOCH:  10	MiniBatch:    0
03/05/2021 10:51:00 - INFO - __main__ -   	EPOCH:  10	MiniBatch:    1
03/05/2021 10:51:01 - INFO - __main__ -   	EPOCH:  10	MiniBatch:    2
03/05/2021 10:51:01 - INFO - __main__ -   	EPOCH:  10	MiniBatch:    3
03/05/2021 10:51:02 - INFO - __main__ -   	EPOCH:  10	MiniBatch:    4
03/05/2021 10:51:03 - INFO - __main__ -   	EPOCH:  10	MiniBatch:    5
03/05/2021 10:51:04 - INFO - __main__ -   	EPOCH:  10	MiniBatch:    6
03/05/2021 10:51:04 - INFO - __main__ -   	EPOCH:  10	MiniBatch:    7
03/05/2021 10:51:05 - INFO - __main__ -   	EPOCH:  10	MiniBatch:    8
03/05/2021 10:51:06 - INFO - __main__ -   	EPOCH:  10	MiniBatch:    9
03/05/2021 10:51:06 - INFO - __main__ -   	EPOCH:  10	MiniBatch:   10
03/05/2021 10:51:07 - INFO - __main__ -   	EPOCH:  10	MiniBatch:   11
03/05/2021 10:51:08 - INFO - __main__ -   	EPOCH:  10	MiniBatch:   12
03/05/2021 10:51:08 - INFO - __main__ -   	EPOCH:  10	MiniBatch:   13
03/05/2021 10:51:09 - INFO - __main__ -   	EPOCH:  10	MiniBatch:   14
03/05/2021 10:51:10 - INFO - __main__ -   	EPOCH:  10	MiniBatch:   15
03/05/2021 10:51:10 - INFO - __main__ -   	EPOCH:  10	MiniBatch:   16
03/05/2021 10:51:11 - INFO - __main__ -   	EPOCH:  10	MiniBatch:   17
03/05/2021 10:51:12 - INFO - __main__ -   	EPOCH:  10	MiniBatch:   18
03/05/2021 10:51:13 - INFO - __main__ -   	EPOCH:  10	MiniBatch:   19
03/05/2021 10:51:13 - INFO - __main__ -   	EPOCH:  10	MiniBatch:   20
03/05/2021 10:51:14 - INFO - __main__ -   	Testing dev Minibatch:    0
03/05/2021 10:51:15 - INFO - __main__ -   	Testing dev Minibatch:    1
03/05/2021 10:51:15 - INFO - __main__ -   	Testing dev Minibatch:    2
03/05/2021 10:51:16 - INFO - __main__ -   
============ Predict Tweet Stance ============
Labels 	Prec. 	Recall	F1    	Supp  
Denial 	0.3922	0.7729	0.5203	273
Support	0.2083	0.0245	0.0439	204
Comment	0.2500	0.0833	0.1250	192
Queries	0.0462	0.1364	0.0690	22
MacroF1	0.1895
F1w_avg	0.2555
Acc    	34.0

============ Predict Viral Tweets ============
Labels 	Prec. 	Recall	F1    	Supp  
N_viral	0.8331	0.9204	0.8746	553
Viral  	0.4500	0.2609	0.3303	138
MacroF1	0.6024
F1w_avg	0.7659
Acc    	78.9

03/05/2021 10:51:16 - INFO - __main__ -   	EPOCH:  11	MiniBatch:    0
03/05/2021 10:51:16 - INFO - __main__ -   	EPOCH:  11	MiniBatch:    1
03/05/2021 10:51:17 - INFO - __main__ -   	EPOCH:  11	MiniBatch:    2
03/05/2021 10:51:18 - INFO - __main__ -   	EPOCH:  11	MiniBatch:    3
03/05/2021 10:51:19 - INFO - __main__ -   	EPOCH:  11	MiniBatch:    4
03/05/2021 10:51:19 - INFO - __main__ -   	EPOCH:  11	MiniBatch:    5
03/05/2021 10:51:20 - INFO - __main__ -   	EPOCH:  11	MiniBatch:    6
03/05/2021 10:51:21 - INFO - __main__ -   	EPOCH:  11	MiniBatch:    7
03/05/2021 10:51:21 - INFO - __main__ -   	EPOCH:  11	MiniBatch:    8
03/05/2021 10:51:22 - INFO - __main__ -   	EPOCH:  11	MiniBatch:    9
03/05/2021 10:51:23 - INFO - __main__ -   	EPOCH:  11	MiniBatch:   10
03/05/2021 10:51:23 - INFO - __main__ -   	EPOCH:  11	MiniBatch:   11
03/05/2021 10:51:24 - INFO - __main__ -   	EPOCH:  11	MiniBatch:   12
03/05/2021 10:51:25 - INFO - __main__ -   	EPOCH:  11	MiniBatch:   13
03/05/2021 10:51:25 - INFO - __main__ -   	EPOCH:  11	MiniBatch:   14
03/05/2021 10:51:26 - INFO - __main__ -   	EPOCH:  11	MiniBatch:   15
03/05/2021 10:51:27 - INFO - __main__ -   	EPOCH:  11	MiniBatch:   16
03/05/2021 10:51:28 - INFO - __main__ -   	EPOCH:  11	MiniBatch:   17
03/05/2021 10:51:28 - INFO - __main__ -   	EPOCH:  11	MiniBatch:   18
03/05/2021 10:51:29 - INFO - __main__ -   	EPOCH:  11	MiniBatch:   19
03/05/2021 10:51:30 - INFO - __main__ -   	EPOCH:  11	MiniBatch:   20
03/05/2021 10:51:30 - INFO - __main__ -   	Testing dev Minibatch:    0
03/05/2021 10:51:31 - INFO - __main__ -   	Testing dev Minibatch:    1
03/05/2021 10:51:32 - INFO - __main__ -   	Testing dev Minibatch:    2
03/05/2021 10:51:32 - INFO - __main__ -   
============ Predict Tweet Stance ============
Labels 	Prec. 	Recall	F1    	Supp  
Denial 	0.3846	0.6960	0.4954	273
Support	0.1852	0.0245	0.0433	204
Comment	0.3026	0.1198	0.1716	192
Queries	0.0319	0.1364	0.0517	22
MacroF1	0.1905
F1w_avg	0.2579
Acc    	32.0

============ Predict Viral Tweets ============
Labels 	Prec. 	Recall	F1    	Supp  
N_viral	0.8546	0.8825	0.8683	553
Viral  	0.4583	0.3986	0.4264	138
MacroF1	0.6473
F1w_avg	0.7801
Acc    	78.6

03/05/2021 10:51:32 - INFO - __main__ -   	EPOCH:  12	MiniBatch:    0
03/05/2021 10:51:33 - INFO - __main__ -   	EPOCH:  12	MiniBatch:    1
03/05/2021 10:51:34 - INFO - __main__ -   	EPOCH:  12	MiniBatch:    2
03/05/2021 10:51:34 - INFO - __main__ -   	EPOCH:  12	MiniBatch:    3
03/05/2021 10:51:35 - INFO - __main__ -   	EPOCH:  12	MiniBatch:    4
03/05/2021 10:51:36 - INFO - __main__ -   	EPOCH:  12	MiniBatch:    5
03/05/2021 10:51:36 - INFO - __main__ -   	EPOCH:  12	MiniBatch:    6
03/05/2021 10:51:37 - INFO - __main__ -   	EPOCH:  12	MiniBatch:    7
03/05/2021 10:51:38 - INFO - __main__ -   	EPOCH:  12	MiniBatch:    8
03/05/2021 10:51:38 - INFO - __main__ -   	EPOCH:  12	MiniBatch:    9
03/05/2021 10:51:39 - INFO - __main__ -   	EPOCH:  12	MiniBatch:   10
03/05/2021 10:51:40 - INFO - __main__ -   	EPOCH:  12	MiniBatch:   11
03/05/2021 10:51:41 - INFO - __main__ -   	EPOCH:  12	MiniBatch:   12
03/05/2021 10:51:41 - INFO - __main__ -   	EPOCH:  12	MiniBatch:   13
03/05/2021 10:51:42 - INFO - __main__ -   	EPOCH:  12	MiniBatch:   14
03/05/2021 10:51:43 - INFO - __main__ -   	EPOCH:  12	MiniBatch:   15
03/05/2021 10:51:43 - INFO - __main__ -   	EPOCH:  12	MiniBatch:   16
03/05/2021 10:51:44 - INFO - __main__ -   	EPOCH:  12	MiniBatch:   17
03/05/2021 10:51:45 - INFO - __main__ -   	EPOCH:  12	MiniBatch:   18
03/05/2021 10:51:45 - INFO - __main__ -   	EPOCH:  12	MiniBatch:   19
03/05/2021 10:51:46 - INFO - __main__ -   	EPOCH:  12	MiniBatch:   20
03/05/2021 10:51:47 - INFO - __main__ -   	Testing dev Minibatch:    0
03/05/2021 10:51:48 - INFO - __main__ -   	Testing dev Minibatch:    1
03/05/2021 10:51:48 - INFO - __main__ -   	Testing dev Minibatch:    2
03/05/2021 10:51:48 - INFO - __main__ -   
============ Predict Tweet Stance ============
Labels 	Prec. 	Recall	F1    	Supp  
Denial 	0.3978	0.6630	0.4973	273
Support	0.3429	0.0588	0.1004	204
Comment	0.3204	0.1719	0.2237	192
Queries	0.0408	0.1818	0.0667	22
MacroF1	0.2220
F1w_avg	0.2904
Acc    	33.3

============ Predict Viral Tweets ============
Labels 	Prec. 	Recall	F1    	Supp  
N_viral	0.8645	0.8535	0.8590	553
Viral  	0.4414	0.4638	0.4523	138
MacroF1	0.6556
F1w_avg	0.7777
Acc    	77.6

03/05/2021 10:51:49 - INFO - __main__ -   	EPOCH:  13	MiniBatch:    0
03/05/2021 10:51:49 - INFO - __main__ -   	EPOCH:  13	MiniBatch:    1
03/05/2021 10:51:50 - INFO - __main__ -   	EPOCH:  13	MiniBatch:    2
03/05/2021 10:51:51 - INFO - __main__ -   	EPOCH:  13	MiniBatch:    3
03/05/2021 10:51:51 - INFO - __main__ -   	EPOCH:  13	MiniBatch:    4
03/05/2021 10:51:52 - INFO - __main__ -   	EPOCH:  13	MiniBatch:    5
03/05/2021 10:51:53 - INFO - __main__ -   	EPOCH:  13	MiniBatch:    6
03/05/2021 10:51:54 - INFO - __main__ -   	EPOCH:  13	MiniBatch:    7
03/05/2021 10:51:54 - INFO - __main__ -   	EPOCH:  13	MiniBatch:    8
03/05/2021 10:51:55 - INFO - __main__ -   	EPOCH:  13	MiniBatch:    9
03/05/2021 10:51:56 - INFO - __main__ -   	EPOCH:  13	MiniBatch:   10
03/05/2021 10:51:56 - INFO - __main__ -   	EPOCH:  13	MiniBatch:   11
03/05/2021 10:51:57 - INFO - __main__ -   	EPOCH:  13	MiniBatch:   12
03/05/2021 10:51:58 - INFO - __main__ -   	EPOCH:  13	MiniBatch:   13
03/05/2021 10:51:58 - INFO - __main__ -   	EPOCH:  13	MiniBatch:   14
03/05/2021 10:51:59 - INFO - __main__ -   	EPOCH:  13	MiniBatch:   15
03/05/2021 10:52:00 - INFO - __main__ -   	EPOCH:  13	MiniBatch:   16
03/05/2021 10:52:00 - INFO - __main__ -   	EPOCH:  13	MiniBatch:   17
03/05/2021 10:52:01 - INFO - __main__ -   	EPOCH:  13	MiniBatch:   18
03/05/2021 10:52:02 - INFO - __main__ -   	EPOCH:  13	MiniBatch:   19
03/05/2021 10:52:03 - INFO - __main__ -   	EPOCH:  13	MiniBatch:   20
03/05/2021 10:52:03 - INFO - __main__ -   	Testing dev Minibatch:    0
03/05/2021 10:52:04 - INFO - __main__ -   	Testing dev Minibatch:    1
03/05/2021 10:52:05 - INFO - __main__ -   	Testing dev Minibatch:    2
03/05/2021 10:52:05 - INFO - __main__ -   
============ Predict Tweet Stance ============
Labels 	Prec. 	Recall	F1    	Supp  
Denial 	0.3992	0.7253	0.5150	273
Support	0.2059	0.0343	0.0588	204
Comment	0.2921	0.1354	0.1851	192
Queries	0.0278	0.0909	0.0426	22
MacroF1	0.2003
F1w_avg	0.2736
Acc    	33.7

============ Predict Viral Tweets ============
Labels 	Prec. 	Recall	F1    	Supp  
N_viral	0.8445	0.9132	0.8775	553
Viral  	0.4839	0.3261	0.3896	138
MacroF1	0.6336
F1w_avg	0.7801
Acc    	79.6

03/05/2021 10:52:05 - INFO - __main__ -   	EPOCH:  14	MiniBatch:    0
03/05/2021 10:52:06 - INFO - __main__ -   	EPOCH:  14	MiniBatch:    1
03/05/2021 10:52:07 - INFO - __main__ -   	EPOCH:  14	MiniBatch:    2
03/05/2021 10:52:07 - INFO - __main__ -   	EPOCH:  14	MiniBatch:    3
03/05/2021 10:52:08 - INFO - __main__ -   	EPOCH:  14	MiniBatch:    4
03/05/2021 10:52:09 - INFO - __main__ -   	EPOCH:  14	MiniBatch:    5
03/05/2021 10:52:09 - INFO - __main__ -   	EPOCH:  14	MiniBatch:    6
03/05/2021 10:52:10 - INFO - __main__ -   	EPOCH:  14	MiniBatch:    7
03/05/2021 10:52:11 - INFO - __main__ -   	EPOCH:  14	MiniBatch:    8
03/05/2021 10:52:11 - INFO - __main__ -   	EPOCH:  14	MiniBatch:    9
03/05/2021 10:52:12 - INFO - __main__ -   	EPOCH:  14	MiniBatch:   10
03/05/2021 10:52:13 - INFO - __main__ -   	EPOCH:  14	MiniBatch:   11
03/05/2021 10:52:13 - INFO - __main__ -   	EPOCH:  14	MiniBatch:   12
03/05/2021 10:52:14 - INFO - __main__ -   	EPOCH:  14	MiniBatch:   13
03/05/2021 10:52:15 - INFO - __main__ -   	EPOCH:  14	MiniBatch:   14
03/05/2021 10:52:15 - INFO - __main__ -   	EPOCH:  14	MiniBatch:   15
03/05/2021 10:52:16 - INFO - __main__ -   	EPOCH:  14	MiniBatch:   16
03/05/2021 10:52:17 - INFO - __main__ -   	EPOCH:  14	MiniBatch:   17
03/05/2021 10:52:18 - INFO - __main__ -   	EPOCH:  14	MiniBatch:   18
03/05/2021 10:52:18 - INFO - __main__ -   	EPOCH:  14	MiniBatch:   19
03/05/2021 10:52:19 - INFO - __main__ -   	EPOCH:  14	MiniBatch:   20
03/05/2021 10:52:20 - INFO - __main__ -   	Testing dev Minibatch:    0
03/05/2021 10:52:20 - INFO - __main__ -   	Testing dev Minibatch:    1
03/05/2021 10:52:21 - INFO - __main__ -   	Testing dev Minibatch:    2
03/05/2021 10:52:21 - INFO - __main__ -   
============ Predict Tweet Stance ============
Labels 	Prec. 	Recall	F1    	Supp  
Denial 	0.4062	0.6667	0.5049	273
Support	0.2727	0.0441	0.0759	204
Comment	0.3163	0.1615	0.2138	192
Queries	0.0357	0.1818	0.0597	22
MacroF1	0.2136
F1w_avg	0.2832
Acc    	32.7

============ Predict Viral Tweets ============
Labels 	Prec. 	Recall	F1    	Supp  
N_viral	0.8621	0.8481	0.8551	553
Viral  	0.4286	0.4565	0.4421	138
MacroF1	0.6486
F1w_avg	0.7726
Acc    	77.0

03/05/2021 10:52:22 - INFO - __main__ -   	EPOCH:  15	MiniBatch:    0
03/05/2021 10:52:22 - INFO - __main__ -   	EPOCH:  15	MiniBatch:    1
03/05/2021 10:52:23 - INFO - __main__ -   	EPOCH:  15	MiniBatch:    2
03/05/2021 10:52:24 - INFO - __main__ -   	EPOCH:  15	MiniBatch:    3
03/05/2021 10:52:24 - INFO - __main__ -   	EPOCH:  15	MiniBatch:    4
03/05/2021 10:52:25 - INFO - __main__ -   	EPOCH:  15	MiniBatch:    5
03/05/2021 10:52:26 - INFO - __main__ -   	EPOCH:  15	MiniBatch:    6
03/05/2021 10:52:26 - INFO - __main__ -   	EPOCH:  15	MiniBatch:    7
03/05/2021 10:52:27 - INFO - __main__ -   	EPOCH:  15	MiniBatch:    8
03/05/2021 10:52:28 - INFO - __main__ -   	EPOCH:  15	MiniBatch:    9
03/05/2021 10:52:28 - INFO - __main__ -   	EPOCH:  15	MiniBatch:   10
03/05/2021 10:52:29 - INFO - __main__ -   	EPOCH:  15	MiniBatch:   11
03/05/2021 10:52:30 - INFO - __main__ -   	EPOCH:  15	MiniBatch:   12
03/05/2021 10:52:31 - INFO - __main__ -   	EPOCH:  15	MiniBatch:   13
03/05/2021 10:52:31 - INFO - __main__ -   	EPOCH:  15	MiniBatch:   14
03/05/2021 10:52:32 - INFO - __main__ -   	EPOCH:  15	MiniBatch:   15
03/05/2021 10:52:33 - INFO - __main__ -   	EPOCH:  15	MiniBatch:   16
03/05/2021 10:52:33 - INFO - __main__ -   	EPOCH:  15	MiniBatch:   17
03/05/2021 10:52:34 - INFO - __main__ -   	EPOCH:  15	MiniBatch:   18
03/05/2021 10:52:35 - INFO - __main__ -   	EPOCH:  15	MiniBatch:   19
03/05/2021 10:52:35 - INFO - __main__ -   	EPOCH:  15	MiniBatch:   20
03/05/2021 10:52:36 - INFO - __main__ -   	Testing dev Minibatch:    0
03/05/2021 10:52:37 - INFO - __main__ -   	Testing dev Minibatch:    1
03/05/2021 10:52:38 - INFO - __main__ -   	Testing dev Minibatch:    2
03/05/2021 10:52:38 - INFO - __main__ -   
============ Predict Tweet Stance ============
Labels 	Prec. 	Recall	F1    	Supp  
Denial 	0.3952	0.7179	0.5098	273
Support	0.2000	0.0245	0.0437	204
Comment	0.3039	0.1615	0.2109	192
Queries	0.0441	0.1364	0.0667	22
MacroF1	0.2077
F1w_avg	0.2750
Acc    	34.0

============ Predict Viral Tweets ============
Labels 	Prec. 	Recall	F1    	Supp  
N_viral	0.8488	0.8933	0.8705	553
Viral  	0.4587	0.3623	0.4049	138
MacroF1	0.6377
F1w_avg	0.7775
Acc    	78.7

03/05/2021 10:52:38 - INFO - __main__ -   	EPOCH:  16	MiniBatch:    0
03/05/2021 10:52:39 - INFO - __main__ -   	EPOCH:  16	MiniBatch:    1
03/05/2021 10:52:39 - INFO - __main__ -   	EPOCH:  16	MiniBatch:    2
03/05/2021 10:52:40 - INFO - __main__ -   	EPOCH:  16	MiniBatch:    3
03/05/2021 10:52:41 - INFO - __main__ -   	EPOCH:  16	MiniBatch:    4
03/05/2021 10:52:41 - INFO - __main__ -   	EPOCH:  16	MiniBatch:    5
03/05/2021 10:52:42 - INFO - __main__ -   	EPOCH:  16	MiniBatch:    6
03/05/2021 10:52:43 - INFO - __main__ -   	EPOCH:  16	MiniBatch:    7
03/05/2021 10:52:44 - INFO - __main__ -   	EPOCH:  16	MiniBatch:    8
03/05/2021 10:52:44 - INFO - __main__ -   	EPOCH:  16	MiniBatch:    9
03/05/2021 10:52:45 - INFO - __main__ -   	EPOCH:  16	MiniBatch:   10
03/05/2021 10:52:46 - INFO - __main__ -   	EPOCH:  16	MiniBatch:   11
03/05/2021 10:52:46 - INFO - __main__ -   	EPOCH:  16	MiniBatch:   12
03/05/2021 10:52:47 - INFO - __main__ -   	EPOCH:  16	MiniBatch:   13
03/05/2021 10:52:48 - INFO - __main__ -   	EPOCH:  16	MiniBatch:   14
03/05/2021 10:52:48 - INFO - __main__ -   	EPOCH:  16	MiniBatch:   15
03/05/2021 10:52:49 - INFO - __main__ -   	EPOCH:  16	MiniBatch:   16
03/05/2021 10:52:50 - INFO - __main__ -   	EPOCH:  16	MiniBatch:   17
03/05/2021 10:52:50 - INFO - __main__ -   	EPOCH:  16	MiniBatch:   18
03/05/2021 10:52:51 - INFO - __main__ -   	EPOCH:  16	MiniBatch:   19
03/05/2021 10:52:52 - INFO - __main__ -   	EPOCH:  16	MiniBatch:   20
03/05/2021 10:52:53 - INFO - __main__ -   	Testing dev Minibatch:    0
03/05/2021 10:52:53 - INFO - __main__ -   	Testing dev Minibatch:    1
03/05/2021 10:52:54 - INFO - __main__ -   	Testing dev Minibatch:    2
03/05/2021 10:52:54 - INFO - __main__ -   
============ Predict Tweet Stance ============
Labels 	Prec. 	Recall	F1    	Supp  
Denial 	0.4010	0.8681	0.5486	273
Support	0.2800	0.0343	0.0611	204
Comment	0.2759	0.0417	0.0724	192
Queries	0.0652	0.1364	0.0882	22
MacroF1	0.1926
F1w_avg	0.2577
Acc    	36.9

============ Predict Viral Tweets ============
Labels 	Prec. 	Recall	F1    	Supp  
N_viral	0.8328	0.9638	0.8935	553
Viral  	0.6078	0.2246	0.3280	138
MacroF1	0.6108
F1w_avg	0.7806
Acc    	81.6

03/05/2021 10:52:54 - INFO - __main__ -   	EPOCH:  17	MiniBatch:    0
03/05/2021 10:52:55 - INFO - __main__ -   	EPOCH:  17	MiniBatch:    1
03/05/2021 10:52:56 - INFO - __main__ -   	EPOCH:  17	MiniBatch:    2
03/05/2021 10:52:56 - INFO - __main__ -   	EPOCH:  17	MiniBatch:    3
03/05/2021 10:52:57 - INFO - __main__ -   	EPOCH:  17	MiniBatch:    4
03/05/2021 10:52:58 - INFO - __main__ -   	EPOCH:  17	MiniBatch:    5
03/05/2021 10:52:59 - INFO - __main__ -   	EPOCH:  17	MiniBatch:    6
03/05/2021 10:52:59 - INFO - __main__ -   	EPOCH:  17	MiniBatch:    7
03/05/2021 10:53:00 - INFO - __main__ -   	EPOCH:  17	MiniBatch:    8
03/05/2021 10:53:01 - INFO - __main__ -   	EPOCH:  17	MiniBatch:    9
03/05/2021 10:53:01 - INFO - __main__ -   	EPOCH:  17	MiniBatch:   10
03/05/2021 10:53:02 - INFO - __main__ -   	EPOCH:  17	MiniBatch:   11
03/05/2021 10:53:03 - INFO - __main__ -   	EPOCH:  17	MiniBatch:   12
03/05/2021 10:53:03 - INFO - __main__ -   	EPOCH:  17	MiniBatch:   13
03/05/2021 10:53:04 - INFO - __main__ -   	EPOCH:  17	MiniBatch:   14
03/05/2021 10:53:05 - INFO - __main__ -   	EPOCH:  17	MiniBatch:   15
03/05/2021 10:53:06 - INFO - __main__ -   	EPOCH:  17	MiniBatch:   16
03/05/2021 10:53:06 - INFO - __main__ -   	EPOCH:  17	MiniBatch:   17
03/05/2021 10:53:07 - INFO - __main__ -   	EPOCH:  17	MiniBatch:   18
03/05/2021 10:53:08 - INFO - __main__ -   	EPOCH:  17	MiniBatch:   19
03/05/2021 10:53:08 - INFO - __main__ -   	EPOCH:  17	MiniBatch:   20
03/05/2021 10:53:09 - INFO - __main__ -   	Testing dev Minibatch:    0
03/05/2021 10:53:10 - INFO - __main__ -   	Testing dev Minibatch:    1
03/05/2021 10:53:10 - INFO - __main__ -   	Testing dev Minibatch:    2
03/05/2021 10:53:11 - INFO - __main__ -   
============ Predict Tweet Stance ============
Labels 	Prec. 	Recall	F1    	Supp  
Denial 	0.3930	0.7399	0.5133	273
Support	0.2000	0.0147	0.0274	204
Comment	0.4000	0.0521	0.0922	192
Queries	0.0365	0.2273	0.0629	22
MacroF1	0.1739
F1w_avg	0.2385
Acc    	31.8

============ Predict Viral Tweets ============
Labels 	Prec. 	Recall	F1    	Supp  
N_viral	0.8619	0.8463	0.8540	553
Viral  	0.4257	0.4565	0.4406	138
MacroF1	0.6473
F1w_avg	0.7714
Acc    	76.8

03/05/2021 10:53:11 - INFO - __main__ -   	EPOCH:  18	MiniBatch:    0
03/05/2021 10:53:12 - INFO - __main__ -   	EPOCH:  18	MiniBatch:    1
03/05/2021 10:53:12 - INFO - __main__ -   	EPOCH:  18	MiniBatch:    2
03/05/2021 10:53:13 - INFO - __main__ -   	EPOCH:  18	MiniBatch:    3
03/05/2021 10:53:14 - INFO - __main__ -   	EPOCH:  18	MiniBatch:    4
03/05/2021 10:53:14 - INFO - __main__ -   	EPOCH:  18	MiniBatch:    5
03/05/2021 10:53:15 - INFO - __main__ -   	EPOCH:  18	MiniBatch:    6
03/05/2021 10:53:16 - INFO - __main__ -   	EPOCH:  18	MiniBatch:    7
03/05/2021 10:53:16 - INFO - __main__ -   	EPOCH:  18	MiniBatch:    8
03/05/2021 10:53:17 - INFO - __main__ -   	EPOCH:  18	MiniBatch:    9
03/05/2021 10:53:18 - INFO - __main__ -   	EPOCH:  18	MiniBatch:   10
03/05/2021 10:53:18 - INFO - __main__ -   	EPOCH:  18	MiniBatch:   11
03/05/2021 10:53:19 - INFO - __main__ -   	EPOCH:  18	MiniBatch:   12
03/05/2021 10:53:20 - INFO - __main__ -   	EPOCH:  18	MiniBatch:   13
03/05/2021 10:53:21 - INFO - __main__ -   	EPOCH:  18	MiniBatch:   14
03/05/2021 10:53:21 - INFO - __main__ -   	EPOCH:  18	MiniBatch:   15
03/05/2021 10:53:22 - INFO - __main__ -   	EPOCH:  18	MiniBatch:   16
03/05/2021 10:53:23 - INFO - __main__ -   	EPOCH:  18	MiniBatch:   17
03/05/2021 10:53:23 - INFO - __main__ -   	EPOCH:  18	MiniBatch:   18
03/05/2021 10:53:24 - INFO - __main__ -   	EPOCH:  18	MiniBatch:   19
03/05/2021 10:53:25 - INFO - __main__ -   	EPOCH:  18	MiniBatch:   20
03/05/2021 10:53:25 - INFO - __main__ -   	Testing dev Minibatch:    0
03/05/2021 10:53:26 - INFO - __main__ -   	Testing dev Minibatch:    1
03/05/2021 10:53:27 - INFO - __main__ -   	Testing dev Minibatch:    2
03/05/2021 10:53:27 - INFO - __main__ -   
============ Predict Tweet Stance ============
Labels 	Prec. 	Recall	F1    	Supp  
Denial 	0.4004	0.7436	0.5205	273
Support	0.3175	0.0980	0.1498	204
Comment	0.2791	0.0625	0.1021	192
Queries	0.0385	0.1364	0.0600	22
MacroF1	0.2081
F1w_avg	0.2802
Acc    	34.4

============ Predict Viral Tweets ============
Labels 	Prec. 	Recall	F1    	Supp  
N_viral	0.8395	0.9367	0.8855	553
Viral  	0.5270	0.2826	0.3679	138
MacroF1	0.6267
F1w_avg	0.7821
Acc    	80.6

03/05/2021 10:53:27 - INFO - __main__ -   	EPOCH:  19	MiniBatch:    0
03/05/2021 10:53:28 - INFO - __main__ -   	EPOCH:  19	MiniBatch:    1
03/05/2021 10:53:29 - INFO - __main__ -   	EPOCH:  19	MiniBatch:    2
03/05/2021 10:53:29 - INFO - __main__ -   	EPOCH:  19	MiniBatch:    3
03/05/2021 10:53:30 - INFO - __main__ -   	EPOCH:  19	MiniBatch:    4
03/05/2021 10:53:31 - INFO - __main__ -   	EPOCH:  19	MiniBatch:    5
03/05/2021 10:53:31 - INFO - __main__ -   	EPOCH:  19	MiniBatch:    6
03/05/2021 10:53:32 - INFO - __main__ -   	EPOCH:  19	MiniBatch:    7
03/05/2021 10:53:33 - INFO - __main__ -   	EPOCH:  19	MiniBatch:    8
03/05/2021 10:53:34 - INFO - __main__ -   	EPOCH:  19	MiniBatch:    9
03/05/2021 10:53:34 - INFO - __main__ -   	EPOCH:  19	MiniBatch:   10
03/05/2021 10:53:35 - INFO - __main__ -   	EPOCH:  19	MiniBatch:   11
03/05/2021 10:53:36 - INFO - __main__ -   	EPOCH:  19	MiniBatch:   12
03/05/2021 10:53:36 - INFO - __main__ -   	EPOCH:  19	MiniBatch:   13
03/05/2021 10:53:37 - INFO - __main__ -   	EPOCH:  19	MiniBatch:   14
03/05/2021 10:53:38 - INFO - __main__ -   	EPOCH:  19	MiniBatch:   15
03/05/2021 10:53:38 - INFO - __main__ -   	EPOCH:  19	MiniBatch:   16
03/05/2021 10:53:39 - INFO - __main__ -   	EPOCH:  19	MiniBatch:   17
03/05/2021 10:53:40 - INFO - __main__ -   	EPOCH:  19	MiniBatch:   18
03/05/2021 10:53:40 - INFO - __main__ -   	EPOCH:  19	MiniBatch:   19
03/05/2021 10:53:41 - INFO - __main__ -   	EPOCH:  19	MiniBatch:   20
03/05/2021 10:53:42 - INFO - __main__ -   	Testing dev Minibatch:    0
03/05/2021 10:53:43 - INFO - __main__ -   	Testing dev Minibatch:    1
03/05/2021 10:53:43 - INFO - __main__ -   	Testing dev Minibatch:    2
03/05/2021 10:53:44 - INFO - __main__ -   
============ Predict Tweet Stance ============
Labels 	Prec. 	Recall	F1    	Supp  
Denial 	0.4048	0.8571	0.5499	273
Support	0.4074	0.0539	0.0952	204
Comment	0.2667	0.0417	0.0721	192
Queries	0.0357	0.0909	0.0513	22
MacroF1	0.1921
F1w_avg	0.2670
Acc    	36.9

============ Predict Viral Tweets ============
Labels 	Prec. 	Recall	F1    	Supp  
N_viral	0.8341	0.9367	0.8825	553
Viral  	0.5000	0.2536	0.3365	138
MacroF1	0.6095
F1w_avg	0.7734
Acc    	80.0

03/05/2021 10:53:44 - INFO - __main__ -   	EPOCH:  20	MiniBatch:    0
03/05/2021 10:53:44 - INFO - __main__ -   	EPOCH:  20	MiniBatch:    1
03/05/2021 10:53:45 - INFO - __main__ -   	EPOCH:  20	MiniBatch:    2
03/05/2021 10:53:46 - INFO - __main__ -   	EPOCH:  20	MiniBatch:    3
03/05/2021 10:53:46 - INFO - __main__ -   	EPOCH:  20	MiniBatch:    4
03/05/2021 10:53:47 - INFO - __main__ -   	EPOCH:  20	MiniBatch:    5
03/05/2021 10:53:48 - INFO - __main__ -   	EPOCH:  20	MiniBatch:    6
03/05/2021 10:53:49 - INFO - __main__ -   	EPOCH:  20	MiniBatch:    7
03/05/2021 10:53:49 - INFO - __main__ -   	EPOCH:  20	MiniBatch:    8
03/05/2021 10:53:50 - INFO - __main__ -   	EPOCH:  20	MiniBatch:    9
03/05/2021 10:53:51 - INFO - __main__ -   	EPOCH:  20	MiniBatch:   10
03/05/2021 10:53:51 - INFO - __main__ -   	EPOCH:  20	MiniBatch:   11
03/05/2021 10:53:52 - INFO - __main__ -   	EPOCH:  20	MiniBatch:   12
03/05/2021 10:53:53 - INFO - __main__ -   	EPOCH:  20	MiniBatch:   13
03/05/2021 10:53:53 - INFO - __main__ -   	EPOCH:  20	MiniBatch:   14
03/05/2021 10:53:54 - INFO - __main__ -   	EPOCH:  20	MiniBatch:   15
03/05/2021 10:53:55 - INFO - __main__ -   	EPOCH:  20	MiniBatch:   16
03/05/2021 10:53:55 - INFO - __main__ -   	EPOCH:  20	MiniBatch:   17
03/05/2021 10:53:56 - INFO - __main__ -   	EPOCH:  20	MiniBatch:   18
03/05/2021 10:53:57 - INFO - __main__ -   	EPOCH:  20	MiniBatch:   19
03/05/2021 10:53:58 - INFO - __main__ -   	EPOCH:  20	MiniBatch:   20
03/05/2021 10:53:58 - INFO - __main__ -   	Testing dev Minibatch:    0
03/05/2021 10:53:59 - INFO - __main__ -   	Testing dev Minibatch:    1
03/05/2021 10:54:00 - INFO - __main__ -   	Testing dev Minibatch:    2
03/05/2021 10:54:00 - INFO - __main__ -   
============ Predict Tweet Stance ============
Labels 	Prec. 	Recall	F1    	Supp  
Denial 	0.4113	0.7985	0.5430	273
Support	0.4000	0.0490	0.0873	204
Comment	0.3137	0.0833	0.1317	192
Queries	0.0353	0.1364	0.0561	22
MacroF1	0.2045
F1w_avg	0.2787
Acc    	35.7

============ Predict Viral Tweets ============
Labels 	Prec. 	Recall	F1    	Supp  
N_viral	0.8492	0.8861	0.8673	553
Viral  	0.4474	0.3696	0.4048	138
MacroF1	0.6360
F1w_avg	0.7749
Acc    	78.3

03/05/2021 10:54:00 - INFO - __main__ -   	EPOCH:  21	MiniBatch:    0
03/05/2021 10:54:01 - INFO - __main__ -   	EPOCH:  21	MiniBatch:    1
03/05/2021 10:54:02 - INFO - __main__ -   	EPOCH:  21	MiniBatch:    2
03/05/2021 10:54:02 - INFO - __main__ -   	EPOCH:  21	MiniBatch:    3
03/05/2021 10:54:03 - INFO - __main__ -   	EPOCH:  21	MiniBatch:    4
03/05/2021 10:54:04 - INFO - __main__ -   	EPOCH:  21	MiniBatch:    5
03/05/2021 10:54:04 - INFO - __main__ -   	EPOCH:  21	MiniBatch:    6
03/05/2021 10:54:05 - INFO - __main__ -   	EPOCH:  21	MiniBatch:    7
03/05/2021 10:54:06 - INFO - __main__ -   	EPOCH:  21	MiniBatch:    8
03/05/2021 10:54:06 - INFO - __main__ -   	EPOCH:  21	MiniBatch:    9
03/05/2021 10:54:07 - INFO - __main__ -   	EPOCH:  21	MiniBatch:   10
03/05/2021 10:54:08 - INFO - __main__ -   	EPOCH:  21	MiniBatch:   11
03/05/2021 10:54:08 - INFO - __main__ -   	EPOCH:  21	MiniBatch:   12
03/05/2021 10:54:09 - INFO - __main__ -   	EPOCH:  21	MiniBatch:   13
03/05/2021 10:54:10 - INFO - __main__ -   	EPOCH:  21	MiniBatch:   14
03/05/2021 10:54:11 - INFO - __main__ -   	EPOCH:  21	MiniBatch:   15
03/05/2021 10:54:11 - INFO - __main__ -   	EPOCH:  21	MiniBatch:   16
03/05/2021 10:54:12 - INFO - __main__ -   	EPOCH:  21	MiniBatch:   17
03/05/2021 10:54:13 - INFO - __main__ -   	EPOCH:  21	MiniBatch:   18
03/05/2021 10:54:13 - INFO - __main__ -   	EPOCH:  21	MiniBatch:   19
03/05/2021 10:54:14 - INFO - __main__ -   	EPOCH:  21	MiniBatch:   20
03/05/2021 10:54:15 - INFO - __main__ -   	Testing dev Minibatch:    0
03/05/2021 10:54:15 - INFO - __main__ -   	Testing dev Minibatch:    1
03/05/2021 10:54:16 - INFO - __main__ -   	Testing dev Minibatch:    2
03/05/2021 10:54:16 - INFO - __main__ -   
============ Predict Tweet Stance ============
Labels 	Prec. 	Recall	F1    	Supp  
Denial 	0.3976	0.8462	0.5410	273
Support	0.3421	0.0637	0.1074	204
Comment	0.3529	0.0625	0.1062	192
Queries	0.0263	0.0455	0.0333	22
MacroF1	0.1970
F1w_avg	0.2760
Acc    	37.2

============ Predict Viral Tweets ============
Labels 	Prec. 	Recall	F1    	Supp  
N_viral	0.8305	0.9566	0.8891	553
Viral  	0.5556	0.2174	0.3125	138
MacroF1	0.6008
F1w_avg	0.7739
Acc    	80.9

03/05/2021 10:54:17 - INFO - __main__ -   	EPOCH:  22	MiniBatch:    0
03/05/2021 10:54:17 - INFO - __main__ -   	EPOCH:  22	MiniBatch:    1
03/05/2021 10:54:18 - INFO - __main__ -   	EPOCH:  22	MiniBatch:    2
03/05/2021 10:54:19 - INFO - __main__ -   	EPOCH:  22	MiniBatch:    3
03/05/2021 10:54:19 - INFO - __main__ -   	EPOCH:  22	MiniBatch:    4
03/05/2021 10:54:20 - INFO - __main__ -   	EPOCH:  22	MiniBatch:    5
03/05/2021 10:54:21 - INFO - __main__ -   	EPOCH:  22	MiniBatch:    6
03/05/2021 10:54:21 - INFO - __main__ -   	EPOCH:  22	MiniBatch:    7
03/05/2021 10:54:22 - INFO - __main__ -   	EPOCH:  22	MiniBatch:    8
03/05/2021 10:54:23 - INFO - __main__ -   	EPOCH:  22	MiniBatch:    9
03/05/2021 10:54:24 - INFO - __main__ -   	EPOCH:  22	MiniBatch:   10
03/05/2021 10:54:24 - INFO - __main__ -   	EPOCH:  22	MiniBatch:   11
03/05/2021 10:54:25 - INFO - __main__ -   	EPOCH:  22	MiniBatch:   12
03/05/2021 10:54:26 - INFO - __main__ -   	EPOCH:  22	MiniBatch:   13
03/05/2021 10:54:26 - INFO - __main__ -   	EPOCH:  22	MiniBatch:   14
03/05/2021 10:54:27 - INFO - __main__ -   	EPOCH:  22	MiniBatch:   15
03/05/2021 10:54:28 - INFO - __main__ -   	EPOCH:  22	MiniBatch:   16
03/05/2021 10:54:28 - INFO - __main__ -   	EPOCH:  22	MiniBatch:   17
03/05/2021 10:54:29 - INFO - __main__ -   	EPOCH:  22	MiniBatch:   18
03/05/2021 10:54:30 - INFO - __main__ -   	EPOCH:  22	MiniBatch:   19
03/05/2021 10:54:30 - INFO - __main__ -   	EPOCH:  22	MiniBatch:   20
03/05/2021 10:54:31 - INFO - __main__ -   	Testing dev Minibatch:    0
03/05/2021 10:54:32 - INFO - __main__ -   	Testing dev Minibatch:    1
03/05/2021 10:54:33 - INFO - __main__ -   	Testing dev Minibatch:    2
03/05/2021 10:54:33 - INFO - __main__ -   
============ Predict Tweet Stance ============
Labels 	Prec. 	Recall	F1    	Supp  
Denial 	0.4054	0.7692	0.5310	273
Support	0.3590	0.0686	0.1152	204
Comment	0.2656	0.0885	0.1328	192
Queries	0.0286	0.0909	0.0435	22
MacroF1	0.2056
F1w_avg	0.2821
Acc    	35.2

============ Predict Viral Tweets ============
Labels 	Prec. 	Recall	F1    	Supp  
N_viral	0.8480	0.9078	0.8769	553
Viral  	0.4848	0.3478	0.4051	138
MacroF1	0.6410
F1w_avg	0.7826
Acc    	79.6

03/05/2021 10:54:33 - INFO - __main__ -   	EPOCH:  23	MiniBatch:    0
03/05/2021 10:54:34 - INFO - __main__ -   	EPOCH:  23	MiniBatch:    1
03/05/2021 10:54:34 - INFO - __main__ -   	EPOCH:  23	MiniBatch:    2
03/05/2021 10:54:35 - INFO - __main__ -   	EPOCH:  23	MiniBatch:    3
03/05/2021 10:54:36 - INFO - __main__ -   	EPOCH:  23	MiniBatch:    4
03/05/2021 10:54:36 - INFO - __main__ -   	EPOCH:  23	MiniBatch:    5
03/05/2021 10:54:37 - INFO - __main__ -   	EPOCH:  23	MiniBatch:    6
03/05/2021 10:54:38 - INFO - __main__ -   	EPOCH:  23	MiniBatch:    7
03/05/2021 10:54:39 - INFO - __main__ -   	EPOCH:  23	MiniBatch:    8
03/05/2021 10:54:39 - INFO - __main__ -   	EPOCH:  23	MiniBatch:    9
03/05/2021 10:54:40 - INFO - __main__ -   	EPOCH:  23	MiniBatch:   10
03/05/2021 10:54:41 - INFO - __main__ -   	EPOCH:  23	MiniBatch:   11
03/05/2021 10:54:41 - INFO - __main__ -   	EPOCH:  23	MiniBatch:   12
03/05/2021 10:54:42 - INFO - __main__ -   	EPOCH:  23	MiniBatch:   13
03/05/2021 10:54:43 - INFO - __main__ -   	EPOCH:  23	MiniBatch:   14
03/05/2021 10:54:43 - INFO - __main__ -   	EPOCH:  23	MiniBatch:   15
03/05/2021 10:54:44 - INFO - __main__ -   	EPOCH:  23	MiniBatch:   16
03/05/2021 10:54:45 - INFO - __main__ -   	EPOCH:  23	MiniBatch:   17
03/05/2021 10:54:46 - INFO - __main__ -   	EPOCH:  23	MiniBatch:   18
03/05/2021 10:54:46 - INFO - __main__ -   	EPOCH:  23	MiniBatch:   19
03/05/2021 10:54:47 - INFO - __main__ -   	EPOCH:  23	MiniBatch:   20
03/05/2021 10:54:48 - INFO - __main__ -   	Testing dev Minibatch:    0
03/05/2021 10:54:48 - INFO - __main__ -   	Testing dev Minibatch:    1
03/05/2021 10:54:49 - INFO - __main__ -   	Testing dev Minibatch:    2
03/05/2021 10:54:49 - INFO - __main__ -   
============ Predict Tweet Stance ============
Labels 	Prec. 	Recall	F1    	Supp  
Denial 	0.3947	0.7070	0.5066	273
Support	0.2800	0.0343	0.0611	204
Comment	0.2703	0.1042	0.1504	192
Queries	0.0291	0.1364	0.0480	22
MacroF1	0.1915
F1w_avg	0.2615
Acc    	32.3

============ Predict Viral Tweets ============
Labels 	Prec. 	Recall	F1    	Supp  
N_viral	0.8582	0.8644	0.8613	553
Viral  	0.4403	0.4275	0.4338	138
MacroF1	0.6475
F1w_avg	0.7759
Acc    	77.7

03/05/2021 10:54:49 - INFO - __main__ -   	EPOCH:  24	MiniBatch:    0
03/05/2021 10:54:50 - INFO - __main__ -   	EPOCH:  24	MiniBatch:    1
03/05/2021 10:54:51 - INFO - __main__ -   	EPOCH:  24	MiniBatch:    2
03/05/2021 10:54:52 - INFO - __main__ -   	EPOCH:  24	MiniBatch:    3
03/05/2021 10:54:52 - INFO - __main__ -   	EPOCH:  24	MiniBatch:    4
03/05/2021 10:54:53 - INFO - __main__ -   	EPOCH:  24	MiniBatch:    5
03/05/2021 10:54:54 - INFO - __main__ -   	EPOCH:  24	MiniBatch:    6
03/05/2021 10:54:54 - INFO - __main__ -   	EPOCH:  24	MiniBatch:    7
03/05/2021 10:54:55 - INFO - __main__ -   	EPOCH:  24	MiniBatch:    8
03/05/2021 10:54:56 - INFO - __main__ -   	EPOCH:  24	MiniBatch:    9
03/05/2021 10:54:56 - INFO - __main__ -   	EPOCH:  24	MiniBatch:   10
03/05/2021 10:54:57 - INFO - __main__ -   	EPOCH:  24	MiniBatch:   11
03/05/2021 10:54:58 - INFO - __main__ -   	EPOCH:  24	MiniBatch:   12
03/05/2021 10:54:58 - INFO - __main__ -   	EPOCH:  24	MiniBatch:   13
03/05/2021 10:54:59 - INFO - __main__ -   	EPOCH:  24	MiniBatch:   14
03/05/2021 10:55:00 - INFO - __main__ -   	EPOCH:  24	MiniBatch:   15
03/05/2021 10:55:01 - INFO - __main__ -   	EPOCH:  24	MiniBatch:   16
03/05/2021 10:55:01 - INFO - __main__ -   	EPOCH:  24	MiniBatch:   17
03/05/2021 10:55:02 - INFO - __main__ -   	EPOCH:  24	MiniBatch:   18
03/05/2021 10:55:03 - INFO - __main__ -   	EPOCH:  24	MiniBatch:   19
03/05/2021 10:55:03 - INFO - __main__ -   	EPOCH:  24	MiniBatch:   20
03/05/2021 10:55:04 - INFO - __main__ -   	Testing dev Minibatch:    0
03/05/2021 10:55:05 - INFO - __main__ -   	Testing dev Minibatch:    1
03/05/2021 10:55:05 - INFO - __main__ -   	Testing dev Minibatch:    2
03/05/2021 10:55:06 - INFO - __main__ -   
============ Predict Tweet Stance ============
Labels 	Prec. 	Recall	F1    	Supp  
Denial 	0.3910	0.7033	0.5026	273
Support	0.2424	0.0392	0.0675	204
Comment	0.2754	0.0990	0.1456	192
Queries	0.0306	0.1364	0.0500	22
MacroF1	0.1914
F1w_avg	0.2606
Acc    	32.1

============ Predict Viral Tweets ============
Labels 	Prec. 	Recall	F1    	Supp  
N_viral	0.8534	0.8734	0.8633	553
Viral  	0.4400	0.3986	0.4183	138
MacroF1	0.6408
F1w_avg	0.7744
Acc    	77.9

03/05/2021 10:55:06 - INFO - __main__ -   No improvements in F1 for 20 epochs
03/05/2021 10:55:08 - INFO - __main__ -   	Testing test Minibatch:    0
03/05/2021 10:55:09 - INFO - __main__ -   	Testing test Minibatch:    1
03/05/2021 10:55:09 - INFO - __main__ -   	Testing test Minibatch:    2
03/05/2021 10:55:10 - INFO - __main__ -   
============ Predict Tweet Stance ============
Labels 	Prec. 	Recall	F1    	Supp  
Denial 	0.3599	0.6473	0.4626	258
Support	0.3333	0.0848	0.1352	224
Comment	0.1605	0.0695	0.0970	187
Queries	0.0333	0.1304	0.0531	23
MacroF1	0.1870
F1w_avg	0.2442
Acc    	29.2

============ Predict Viral Tweets ============
Labels 	Prec. 	Recall	F1    	Supp  
N_viral	0.8893	0.8282	0.8577	553
Viral  	0.4633	0.5899	0.5190	139
MacroF1	0.6883
F1w_avg	0.7896
Acc    	78.0

03/05/2021 10:55:10 - INFO - __main__ -   Time taken: 0h 7m  7s
