03/05/2021 12:17:12 - INFO - __main__ -   ----------------- Hyperparameters ------------------
03/05/2021 12:17:12 - INFO - __main__ -   ======== mtt_Bertweet =========
03/05/2021 12:17:12 - INFO - __main__ -   ===== Hyperparameters ======
03/05/2021 12:17:12 - INFO - __main__ -   ('batch_train', 100)
03/05/2021 12:17:12 - INFO - __main__ -   ('batch_test', 300)
03/05/2021 12:17:12 - INFO - __main__ -   ('epochs', 200)
03/05/2021 12:17:12 - INFO - __main__ -   ('learning_rate', 4e-05)
03/05/2021 12:17:12 - INFO - __main__ -   ('optimizer', 'adam')
03/05/2021 12:17:12 - INFO - __main__ -   ('do_train', True)
03/05/2021 12:17:12 - INFO - __main__ -   ('do_test', True)
03/05/2021 12:17:12 - INFO - __main__ -   ('model_name', 'mtt_Bertweet')
03/05/2021 12:17:12 - INFO - __main__ -   ('exp_name', 'exp28')
03/05/2021 12:17:12 - INFO - __main__ -   ('train_data', './data/train_set_128_w_length_bertweet.bin')
03/05/2021 12:17:12 - INFO - __main__ -   ('test_data', './data/test_set_128_w_length_bertweet.bin')
03/05/2021 12:17:12 - INFO - __main__ -   ('k_folds', 4)
03/05/2021 12:17:12 - INFO - __main__ -   ('folds2run', 1)
03/05/2021 12:17:12 - INFO - __main__ -   ('debug', False)
03/05/2021 12:17:12 - INFO - __main__ -   ('log_interval', 1)
03/05/2021 12:17:12 - INFO - __main__ -   ('loss_fn', 'ce_loss')
03/05/2021 12:17:12 - INFO - __main__ -   ('w_sample', True)
03/05/2021 12:17:12 - INFO - __main__ -   ('pretrain_model', '')
03/05/2021 12:17:12 - INFO - __main__ -   ('epochs2giveup', 20)
03/05/2021 12:17:12 - INFO - __main__ -   ('dropout', 0.1)
03/05/2021 12:17:12 - INFO - __main__ -   ('viral_attr', 'retweets')
03/05/2021 12:17:12 - INFO - __main__ -   ('viral_threshold', 80.0)
03/05/2021 12:17:12 - INFO - __main__ -   ('weight_attr', 'viral')
03/05/2021 12:17:12 - INFO - __main__ -   ('task', 'multi')
03/05/2021 12:17:12 - INFO - __main__ -   ('mtt_weight', 2.0)
03/05/2021 12:17:12 - INFO - __main__ -   ------------------ Getting model -------------------
03/05/2021 12:17:18 - INFO - __main__ -   --------------- Getting dataframes -----------------
03/05/2021 12:17:18 - INFO - __main__ -   ------- Setting loss function and optimizer --------
03/05/2021 12:17:18 - INFO - __main__ -   ------------ Converting to dataloaders -------------
03/05/2021 12:17:18 - INFO - __main__ -   class:    0 	count: 1660
03/05/2021 12:17:18 - INFO - __main__ -   class:    1 	count:  415
03/05/2021 12:17:18 - INFO - __main__ -   ---------------- Starting training -----------------
03/05/2021 12:17:18 - INFO - __main__ -   	EPOCH:   0	MiniBatch:    0
03/05/2021 12:17:20 - INFO - __main__ -   	EPOCH:   0	MiniBatch:    1
03/05/2021 12:17:20 - INFO - __main__ -   	EPOCH:   0	MiniBatch:    2
03/05/2021 12:17:21 - INFO - __main__ -   	EPOCH:   0	MiniBatch:    3
03/05/2021 12:17:22 - INFO - __main__ -   	EPOCH:   0	MiniBatch:    4
03/05/2021 12:17:22 - INFO - __main__ -   	EPOCH:   0	MiniBatch:    5
03/05/2021 12:17:23 - INFO - __main__ -   	EPOCH:   0	MiniBatch:    6
03/05/2021 12:17:24 - INFO - __main__ -   	EPOCH:   0	MiniBatch:    7
03/05/2021 12:17:24 - INFO - __main__ -   	EPOCH:   0	MiniBatch:    8
03/05/2021 12:17:25 - INFO - __main__ -   	EPOCH:   0	MiniBatch:    9
03/05/2021 12:17:26 - INFO - __main__ -   	EPOCH:   0	MiniBatch:   10
03/05/2021 12:17:26 - INFO - __main__ -   	EPOCH:   0	MiniBatch:   11
03/05/2021 12:17:27 - INFO - __main__ -   	EPOCH:   0	MiniBatch:   12
03/05/2021 12:17:28 - INFO - __main__ -   	EPOCH:   0	MiniBatch:   13
03/05/2021 12:17:29 - INFO - __main__ -   	EPOCH:   0	MiniBatch:   14
03/05/2021 12:17:29 - INFO - __main__ -   	EPOCH:   0	MiniBatch:   15
03/05/2021 12:17:30 - INFO - __main__ -   	EPOCH:   0	MiniBatch:   16
03/05/2021 12:17:31 - INFO - __main__ -   	EPOCH:   0	MiniBatch:   17
03/05/2021 12:17:31 - INFO - __main__ -   	EPOCH:   0	MiniBatch:   18
03/05/2021 12:17:32 - INFO - __main__ -   	EPOCH:   0	MiniBatch:   19
03/05/2021 12:17:33 - INFO - __main__ -   	EPOCH:   0	MiniBatch:   20
03/05/2021 12:17:34 - INFO - __main__ -   	Testing dev Minibatch:    0
03/05/2021 12:17:34 - INFO - __main__ -   	Testing dev Minibatch:    1
03/05/2021 12:17:35 - INFO - __main__ -   	Testing dev Minibatch:    2
03/05/2021 12:17:35 - INFO - __main__ -   
============ Predict Tweet Stance ============
Labels 	Prec. 	Recall	F1    	Supp  
Denial 	0.4358	0.7839	0.5602	273
Support	0.4398	0.4118	0.4253	204
Comment	0.7778	0.0365	0.0697	192
Queries	0.0000	0.0000	0.0000	22
MacroF1	0.2638
F1w_avg	0.3662
Acc    	44.1

============ Predict Viral Tweets ============
Labels 	Prec. 	Recall	F1    	Supp  
N_viral	0.8644	0.6456	0.7391	553
Viral  	0.2950	0.5942	0.3942	138
MacroF1	0.5667
F1w_avg	0.6703
Acc    	63.5

03/05/2021 12:17:35 - INFO - __main__ -   Best results so far. Saving model...
03/05/2021 12:17:37 - INFO - __main__ -   	EPOCH:   1	MiniBatch:    0
03/05/2021 12:17:38 - INFO - __main__ -   	EPOCH:   1	MiniBatch:    1
03/05/2021 12:17:38 - INFO - __main__ -   	EPOCH:   1	MiniBatch:    2
03/05/2021 12:17:39 - INFO - __main__ -   	EPOCH:   1	MiniBatch:    3
03/05/2021 12:17:40 - INFO - __main__ -   	EPOCH:   1	MiniBatch:    4
03/05/2021 12:17:41 - INFO - __main__ -   	EPOCH:   1	MiniBatch:    5
03/05/2021 12:17:41 - INFO - __main__ -   	EPOCH:   1	MiniBatch:    6
03/05/2021 12:17:42 - INFO - __main__ -   	EPOCH:   1	MiniBatch:    7
03/05/2021 12:17:43 - INFO - __main__ -   	EPOCH:   1	MiniBatch:    8
03/05/2021 12:17:43 - INFO - __main__ -   	EPOCH:   1	MiniBatch:    9
03/05/2021 12:17:44 - INFO - __main__ -   	EPOCH:   1	MiniBatch:   10
03/05/2021 12:17:45 - INFO - __main__ -   	EPOCH:   1	MiniBatch:   11
03/05/2021 12:17:45 - INFO - __main__ -   	EPOCH:   1	MiniBatch:   12
03/05/2021 12:17:46 - INFO - __main__ -   	EPOCH:   1	MiniBatch:   13
03/05/2021 12:17:47 - INFO - __main__ -   	EPOCH:   1	MiniBatch:   14
03/05/2021 12:17:48 - INFO - __main__ -   	EPOCH:   1	MiniBatch:   15
03/05/2021 12:17:48 - INFO - __main__ -   	EPOCH:   1	MiniBatch:   16
03/05/2021 12:17:49 - INFO - __main__ -   	EPOCH:   1	MiniBatch:   17
03/05/2021 12:17:50 - INFO - __main__ -   	EPOCH:   1	MiniBatch:   18
03/05/2021 12:17:50 - INFO - __main__ -   	EPOCH:   1	MiniBatch:   19
03/05/2021 12:17:51 - INFO - __main__ -   	EPOCH:   1	MiniBatch:   20
03/05/2021 12:17:52 - INFO - __main__ -   	Testing dev Minibatch:    0
03/05/2021 12:17:52 - INFO - __main__ -   	Testing dev Minibatch:    1
03/05/2021 12:17:53 - INFO - __main__ -   	Testing dev Minibatch:    2
03/05/2021 12:17:53 - INFO - __main__ -   
============ Predict Tweet Stance ============
Labels 	Prec. 	Recall	F1    	Supp  
Denial 	0.5818	0.2344	0.3342	273
Support	0.3881	0.6716	0.4919	204
Comment	0.4035	0.4792	0.4381	192
Queries	0.0000	0.0000	0.0000	22
MacroF1	0.3161
F1w_avg	0.3990
Acc    	42.4

============ Predict Viral Tweets ============
Labels 	Prec. 	Recall	F1    	Supp  
N_viral	0.8579	0.8300	0.8438	553
Viral  	0.3974	0.4493	0.4218	138
MacroF1	0.6328
F1w_avg	0.7595
Acc    	75.4

03/05/2021 12:17:53 - INFO - __main__ -   Best results so far. Saving model...
03/05/2021 12:17:55 - INFO - __main__ -   	EPOCH:   2	MiniBatch:    0
03/05/2021 12:17:56 - INFO - __main__ -   	EPOCH:   2	MiniBatch:    1
03/05/2021 12:17:57 - INFO - __main__ -   	EPOCH:   2	MiniBatch:    2
03/05/2021 12:17:57 - INFO - __main__ -   	EPOCH:   2	MiniBatch:    3
03/05/2021 12:17:58 - INFO - __main__ -   	EPOCH:   2	MiniBatch:    4
03/05/2021 12:17:59 - INFO - __main__ -   	EPOCH:   2	MiniBatch:    5
03/05/2021 12:17:59 - INFO - __main__ -   	EPOCH:   2	MiniBatch:    6
03/05/2021 12:18:00 - INFO - __main__ -   	EPOCH:   2	MiniBatch:    7
03/05/2021 12:18:01 - INFO - __main__ -   	EPOCH:   2	MiniBatch:    8
03/05/2021 12:18:02 - INFO - __main__ -   	EPOCH:   2	MiniBatch:    9
03/05/2021 12:18:02 - INFO - __main__ -   	EPOCH:   2	MiniBatch:   10
03/05/2021 12:18:03 - INFO - __main__ -   	EPOCH:   2	MiniBatch:   11
03/05/2021 12:18:04 - INFO - __main__ -   	EPOCH:   2	MiniBatch:   12
03/05/2021 12:18:04 - INFO - __main__ -   	EPOCH:   2	MiniBatch:   13
03/05/2021 12:18:05 - INFO - __main__ -   	EPOCH:   2	MiniBatch:   14
03/05/2021 12:18:06 - INFO - __main__ -   	EPOCH:   2	MiniBatch:   15
03/05/2021 12:18:07 - INFO - __main__ -   	EPOCH:   2	MiniBatch:   16
03/05/2021 12:18:07 - INFO - __main__ -   	EPOCH:   2	MiniBatch:   17
03/05/2021 12:18:08 - INFO - __main__ -   	EPOCH:   2	MiniBatch:   18
03/05/2021 12:18:09 - INFO - __main__ -   	EPOCH:   2	MiniBatch:   19
03/05/2021 12:18:09 - INFO - __main__ -   	EPOCH:   2	MiniBatch:   20
03/05/2021 12:18:10 - INFO - __main__ -   	Testing dev Minibatch:    0
03/05/2021 12:18:11 - INFO - __main__ -   	Testing dev Minibatch:    1
03/05/2021 12:18:11 - INFO - __main__ -   	Testing dev Minibatch:    2
03/05/2021 12:18:12 - INFO - __main__ -   
============ Predict Tweet Stance ============
Labels 	Prec. 	Recall	F1    	Supp  
Denial 	0.5183	0.5714	0.5436	273
Support	0.4712	0.4412	0.4557	204
Comment	0.4372	0.4531	0.4450	192
Queries	0.0000	0.0000	0.0000	22
MacroF1	0.3611
F1w_avg	0.4729
Acc    	48.2

============ Predict Viral Tweets ============
Labels 	Prec. 	Recall	F1    	Supp  
N_viral	0.8884	0.6908	0.7772	553
Viral  	0.3448	0.6522	0.4511	138
MacroF1	0.6142
F1w_avg	0.7121
Acc    	68.3

03/05/2021 12:18:12 - INFO - __main__ -   Best results so far. Saving model...
03/05/2021 12:18:14 - INFO - __main__ -   	EPOCH:   3	MiniBatch:    0
03/05/2021 12:18:14 - INFO - __main__ -   	EPOCH:   3	MiniBatch:    1
03/05/2021 12:18:15 - INFO - __main__ -   	EPOCH:   3	MiniBatch:    2
03/05/2021 12:18:16 - INFO - __main__ -   	EPOCH:   3	MiniBatch:    3
03/05/2021 12:18:16 - INFO - __main__ -   	EPOCH:   3	MiniBatch:    4
03/05/2021 12:18:17 - INFO - __main__ -   	EPOCH:   3	MiniBatch:    5
03/05/2021 12:18:18 - INFO - __main__ -   	EPOCH:   3	MiniBatch:    6
03/05/2021 12:18:18 - INFO - __main__ -   	EPOCH:   3	MiniBatch:    7
03/05/2021 12:18:19 - INFO - __main__ -   	EPOCH:   3	MiniBatch:    8
03/05/2021 12:18:20 - INFO - __main__ -   	EPOCH:   3	MiniBatch:    9
03/05/2021 12:18:21 - INFO - __main__ -   	EPOCH:   3	MiniBatch:   10
03/05/2021 12:18:21 - INFO - __main__ -   	EPOCH:   3	MiniBatch:   11
03/05/2021 12:18:22 - INFO - __main__ -   	EPOCH:   3	MiniBatch:   12
03/05/2021 12:18:23 - INFO - __main__ -   	EPOCH:   3	MiniBatch:   13
03/05/2021 12:18:23 - INFO - __main__ -   	EPOCH:   3	MiniBatch:   14
03/05/2021 12:18:24 - INFO - __main__ -   	EPOCH:   3	MiniBatch:   15
03/05/2021 12:18:25 - INFO - __main__ -   	EPOCH:   3	MiniBatch:   16
03/05/2021 12:18:25 - INFO - __main__ -   	EPOCH:   3	MiniBatch:   17
03/05/2021 12:18:26 - INFO - __main__ -   	EPOCH:   3	MiniBatch:   18
03/05/2021 12:18:27 - INFO - __main__ -   	EPOCH:   3	MiniBatch:   19
03/05/2021 12:18:28 - INFO - __main__ -   	EPOCH:   3	MiniBatch:   20
03/05/2021 12:18:28 - INFO - __main__ -   	Testing dev Minibatch:    0
03/05/2021 12:18:29 - INFO - __main__ -   	Testing dev Minibatch:    1
03/05/2021 12:18:30 - INFO - __main__ -   	Testing dev Minibatch:    2
03/05/2021 12:18:30 - INFO - __main__ -   
============ Predict Tweet Stance ============
Labels 	Prec. 	Recall	F1    	Supp  
Denial 	0.5828	0.6190	0.6004	273
Support	0.4613	0.6127	0.5263	204
Comment	0.5000	0.3385	0.4037	192
Queries	0.0000	0.0000	0.0000	22
MacroF1	0.3826
F1w_avg	0.5047
Acc    	52.0

============ Predict Viral Tweets ============
Labels 	Prec. 	Recall	F1    	Supp  
N_viral	0.8912	0.6962	0.7817	553
Viral  	0.3514	0.6594	0.4584	138
MacroF1	0.6201
F1w_avg	0.7172
Acc    	68.9

03/05/2021 12:18:30 - INFO - __main__ -   Best results so far. Saving model...
03/05/2021 12:18:32 - INFO - __main__ -   	EPOCH:   4	MiniBatch:    0
03/05/2021 12:18:32 - INFO - __main__ -   	EPOCH:   4	MiniBatch:    1
03/05/2021 12:18:33 - INFO - __main__ -   	EPOCH:   4	MiniBatch:    2
03/05/2021 12:18:34 - INFO - __main__ -   	EPOCH:   4	MiniBatch:    3
03/05/2021 12:18:35 - INFO - __main__ -   	EPOCH:   4	MiniBatch:    4
03/05/2021 12:18:35 - INFO - __main__ -   	EPOCH:   4	MiniBatch:    5
03/05/2021 12:18:36 - INFO - __main__ -   	EPOCH:   4	MiniBatch:    6
03/05/2021 12:18:37 - INFO - __main__ -   	EPOCH:   4	MiniBatch:    7
03/05/2021 12:18:37 - INFO - __main__ -   	EPOCH:   4	MiniBatch:    8
03/05/2021 12:18:38 - INFO - __main__ -   	EPOCH:   4	MiniBatch:    9
03/05/2021 12:18:39 - INFO - __main__ -   	EPOCH:   4	MiniBatch:   10
03/05/2021 12:18:39 - INFO - __main__ -   	EPOCH:   4	MiniBatch:   11
03/05/2021 12:18:40 - INFO - __main__ -   	EPOCH:   4	MiniBatch:   12
03/05/2021 12:18:41 - INFO - __main__ -   	EPOCH:   4	MiniBatch:   13
03/05/2021 12:18:42 - INFO - __main__ -   	EPOCH:   4	MiniBatch:   14
03/05/2021 12:18:42 - INFO - __main__ -   	EPOCH:   4	MiniBatch:   15
03/05/2021 12:18:43 - INFO - __main__ -   	EPOCH:   4	MiniBatch:   16
03/05/2021 12:18:44 - INFO - __main__ -   	EPOCH:   4	MiniBatch:   17
03/05/2021 12:18:44 - INFO - __main__ -   	EPOCH:   4	MiniBatch:   18
03/05/2021 12:18:45 - INFO - __main__ -   	EPOCH:   4	MiniBatch:   19
03/05/2021 12:18:46 - INFO - __main__ -   	EPOCH:   4	MiniBatch:   20
03/05/2021 12:18:46 - INFO - __main__ -   	Testing dev Minibatch:    0
03/05/2021 12:18:47 - INFO - __main__ -   	Testing dev Minibatch:    1
03/05/2021 12:18:48 - INFO - __main__ -   	Testing dev Minibatch:    2
03/05/2021 12:18:48 - INFO - __main__ -   
============ Predict Tweet Stance ============
Labels 	Prec. 	Recall	F1    	Supp  
Denial 	0.6099	0.7216	0.6611	273
Support	0.5674	0.3922	0.4638	204
Comment	0.4714	0.5573	0.5107	192
Queries	0.0000	0.0000	0.0000	22
MacroF1	0.4089
F1w_avg	0.5400
Acc    	55.6

============ Predict Viral Tweets ============
Labels 	Prec. 	Recall	F1    	Supp  
N_viral	0.8653	0.8481	0.8566	553
Viral  	0.4362	0.4710	0.4530	138
MacroF1	0.6548
F1w_avg	0.7760
Acc    	77.3

03/05/2021 12:18:48 - INFO - __main__ -   Best results so far. Saving model...
03/05/2021 12:18:50 - INFO - __main__ -   	EPOCH:   5	MiniBatch:    0
03/05/2021 12:18:51 - INFO - __main__ -   	EPOCH:   5	MiniBatch:    1
03/05/2021 12:18:51 - INFO - __main__ -   	EPOCH:   5	MiniBatch:    2
03/05/2021 12:18:52 - INFO - __main__ -   	EPOCH:   5	MiniBatch:    3
03/05/2021 12:18:53 - INFO - __main__ -   	EPOCH:   5	MiniBatch:    4
03/05/2021 12:18:53 - INFO - __main__ -   	EPOCH:   5	MiniBatch:    5
03/05/2021 12:18:54 - INFO - __main__ -   	EPOCH:   5	MiniBatch:    6
03/05/2021 12:18:55 - INFO - __main__ -   	EPOCH:   5	MiniBatch:    7
03/05/2021 12:18:56 - INFO - __main__ -   	EPOCH:   5	MiniBatch:    8
03/05/2021 12:18:56 - INFO - __main__ -   	EPOCH:   5	MiniBatch:    9
03/05/2021 12:18:57 - INFO - __main__ -   	EPOCH:   5	MiniBatch:   10
03/05/2021 12:18:58 - INFO - __main__ -   	EPOCH:   5	MiniBatch:   11
03/05/2021 12:18:58 - INFO - __main__ -   	EPOCH:   5	MiniBatch:   12
03/05/2021 12:18:59 - INFO - __main__ -   	EPOCH:   5	MiniBatch:   13
03/05/2021 12:19:00 - INFO - __main__ -   	EPOCH:   5	MiniBatch:   14
03/05/2021 12:19:01 - INFO - __main__ -   	EPOCH:   5	MiniBatch:   15
03/05/2021 12:19:01 - INFO - __main__ -   	EPOCH:   5	MiniBatch:   16
03/05/2021 12:19:02 - INFO - __main__ -   	EPOCH:   5	MiniBatch:   17
03/05/2021 12:19:03 - INFO - __main__ -   	EPOCH:   5	MiniBatch:   18
03/05/2021 12:19:03 - INFO - __main__ -   	EPOCH:   5	MiniBatch:   19
03/05/2021 12:19:04 - INFO - __main__ -   	EPOCH:   5	MiniBatch:   20
03/05/2021 12:19:05 - INFO - __main__ -   	Testing dev Minibatch:    0
03/05/2021 12:19:05 - INFO - __main__ -   	Testing dev Minibatch:    1
03/05/2021 12:19:06 - INFO - __main__ -   	Testing dev Minibatch:    2
03/05/2021 12:19:06 - INFO - __main__ -   
============ Predict Tweet Stance ============
Labels 	Prec. 	Recall	F1    	Supp  
Denial 	0.6418	0.6630	0.6523	273
Support	0.5528	0.4363	0.4877	204
Comment	0.4637	0.5990	0.5227	192
Queries	0.0000	0.0000	0.0000	22
MacroF1	0.4157
F1w_avg	0.5469
Acc    	55.7

============ Predict Viral Tweets ============
Labels 	Prec. 	Recall	F1    	Supp  
N_viral	0.8333	0.9403	0.8836	553
Viral  	0.5075	0.2464	0.3317	138
MacroF1	0.6077
F1w_avg	0.7734
Acc    	80.2

03/05/2021 12:19:07 - INFO - __main__ -   	EPOCH:   6	MiniBatch:    0
03/05/2021 12:19:07 - INFO - __main__ -   	EPOCH:   6	MiniBatch:    1
03/05/2021 12:19:08 - INFO - __main__ -   	EPOCH:   6	MiniBatch:    2
03/05/2021 12:19:09 - INFO - __main__ -   	EPOCH:   6	MiniBatch:    3
03/05/2021 12:19:09 - INFO - __main__ -   	EPOCH:   6	MiniBatch:    4
03/05/2021 12:19:10 - INFO - __main__ -   	EPOCH:   6	MiniBatch:    5
03/05/2021 12:19:11 - INFO - __main__ -   	EPOCH:   6	MiniBatch:    6
03/05/2021 12:19:12 - INFO - __main__ -   	EPOCH:   6	MiniBatch:    7
03/05/2021 12:19:12 - INFO - __main__ -   	EPOCH:   6	MiniBatch:    8
03/05/2021 12:19:13 - INFO - __main__ -   	EPOCH:   6	MiniBatch:    9
03/05/2021 12:19:14 - INFO - __main__ -   	EPOCH:   6	MiniBatch:   10
03/05/2021 12:19:14 - INFO - __main__ -   	EPOCH:   6	MiniBatch:   11
03/05/2021 12:19:15 - INFO - __main__ -   	EPOCH:   6	MiniBatch:   12
03/05/2021 12:19:16 - INFO - __main__ -   	EPOCH:   6	MiniBatch:   13
03/05/2021 12:19:17 - INFO - __main__ -   	EPOCH:   6	MiniBatch:   14
03/05/2021 12:19:17 - INFO - __main__ -   	EPOCH:   6	MiniBatch:   15
03/05/2021 12:19:18 - INFO - __main__ -   	EPOCH:   6	MiniBatch:   16
03/05/2021 12:19:19 - INFO - __main__ -   	EPOCH:   6	MiniBatch:   17
03/05/2021 12:19:19 - INFO - __main__ -   	EPOCH:   6	MiniBatch:   18
03/05/2021 12:19:20 - INFO - __main__ -   	EPOCH:   6	MiniBatch:   19
03/05/2021 12:19:21 - INFO - __main__ -   	EPOCH:   6	MiniBatch:   20
03/05/2021 12:19:22 - INFO - __main__ -   	Testing dev Minibatch:    0
03/05/2021 12:19:22 - INFO - __main__ -   	Testing dev Minibatch:    1
03/05/2021 12:19:23 - INFO - __main__ -   	Testing dev Minibatch:    2
03/05/2021 12:19:23 - INFO - __main__ -   
============ Predict Tweet Stance ============
Labels 	Prec. 	Recall	F1    	Supp  
Denial 	0.6462	0.6557	0.6509	273
Support	0.5025	0.4853	0.4938	204
Comment	0.4747	0.5365	0.5037	192
Queries	0.0000	0.0000	0.0000	22
MacroF1	0.4121
F1w_avg	0.5429
Acc    	55.1

============ Predict Viral Tweets ============
Labels 	Prec. 	Recall	F1    	Supp  
N_viral	0.8486	0.9222	0.8839	553
Viral  	0.5222	0.3406	0.4123	138
MacroF1	0.6481
F1w_avg	0.7897
Acc    	80.6

03/05/2021 12:19:23 - INFO - __main__ -   	EPOCH:   7	MiniBatch:    0
03/05/2021 12:19:24 - INFO - __main__ -   	EPOCH:   7	MiniBatch:    1
03/05/2021 12:19:25 - INFO - __main__ -   	EPOCH:   7	MiniBatch:    2
03/05/2021 12:19:26 - INFO - __main__ -   	EPOCH:   7	MiniBatch:    3
03/05/2021 12:19:26 - INFO - __main__ -   	EPOCH:   7	MiniBatch:    4
03/05/2021 12:19:27 - INFO - __main__ -   	EPOCH:   7	MiniBatch:    5
03/05/2021 12:19:28 - INFO - __main__ -   	EPOCH:   7	MiniBatch:    6
03/05/2021 12:19:28 - INFO - __main__ -   	EPOCH:   7	MiniBatch:    7
03/05/2021 12:19:29 - INFO - __main__ -   	EPOCH:   7	MiniBatch:    8
03/05/2021 12:19:30 - INFO - __main__ -   	EPOCH:   7	MiniBatch:    9
03/05/2021 12:19:30 - INFO - __main__ -   	EPOCH:   7	MiniBatch:   10
03/05/2021 12:19:31 - INFO - __main__ -   	EPOCH:   7	MiniBatch:   11
03/05/2021 12:19:32 - INFO - __main__ -   	EPOCH:   7	MiniBatch:   12
03/05/2021 12:19:33 - INFO - __main__ -   	EPOCH:   7	MiniBatch:   13
03/05/2021 12:19:33 - INFO - __main__ -   	EPOCH:   7	MiniBatch:   14
03/05/2021 12:19:34 - INFO - __main__ -   	EPOCH:   7	MiniBatch:   15
03/05/2021 12:19:35 - INFO - __main__ -   	EPOCH:   7	MiniBatch:   16
03/05/2021 12:19:35 - INFO - __main__ -   	EPOCH:   7	MiniBatch:   17
03/05/2021 12:19:36 - INFO - __main__ -   	EPOCH:   7	MiniBatch:   18
03/05/2021 12:19:37 - INFO - __main__ -   	EPOCH:   7	MiniBatch:   19
03/05/2021 12:19:37 - INFO - __main__ -   	EPOCH:   7	MiniBatch:   20
03/05/2021 12:19:38 - INFO - __main__ -   	Testing dev Minibatch:    0
03/05/2021 12:19:39 - INFO - __main__ -   	Testing dev Minibatch:    1
03/05/2021 12:19:40 - INFO - __main__ -   	Testing dev Minibatch:    2
03/05/2021 12:19:40 - INFO - __main__ -   
============ Predict Tweet Stance ============
Labels 	Prec. 	Recall	F1    	Supp  
Denial 	0.6098	0.7729	0.6817	273
Support	0.5818	0.3137	0.4076	204
Comment	0.4723	0.5781	0.5199	192
Queries	0.0000	0.0000	0.0000	22
MacroF1	0.4023
F1w_avg	0.5341
Acc    	55.9

============ Predict Viral Tweets ============
Labels 	Prec. 	Recall	F1    	Supp  
N_viral	0.8692	0.8770	0.8731	553
Viral  	0.4887	0.4710	0.4797	138
MacroF1	0.6764
F1w_avg	0.7945
Acc    	79.6

03/05/2021 12:19:40 - INFO - __main__ -   Best results so far. Saving model...
03/05/2021 12:19:42 - INFO - __main__ -   	EPOCH:   8	MiniBatch:    0
03/05/2021 12:19:42 - INFO - __main__ -   	EPOCH:   8	MiniBatch:    1
03/05/2021 12:19:43 - INFO - __main__ -   	EPOCH:   8	MiniBatch:    2
03/05/2021 12:19:44 - INFO - __main__ -   	EPOCH:   8	MiniBatch:    3
03/05/2021 12:19:44 - INFO - __main__ -   	EPOCH:   8	MiniBatch:    4
03/05/2021 12:19:45 - INFO - __main__ -   	EPOCH:   8	MiniBatch:    5
03/05/2021 12:19:46 - INFO - __main__ -   	EPOCH:   8	MiniBatch:    6
03/05/2021 12:19:47 - INFO - __main__ -   	EPOCH:   8	MiniBatch:    7
03/05/2021 12:19:47 - INFO - __main__ -   	EPOCH:   8	MiniBatch:    8
03/05/2021 12:19:48 - INFO - __main__ -   	EPOCH:   8	MiniBatch:    9
03/05/2021 12:19:49 - INFO - __main__ -   	EPOCH:   8	MiniBatch:   10
03/05/2021 12:19:49 - INFO - __main__ -   	EPOCH:   8	MiniBatch:   11
03/05/2021 12:19:50 - INFO - __main__ -   	EPOCH:   8	MiniBatch:   12
03/05/2021 12:19:51 - INFO - __main__ -   	EPOCH:   8	MiniBatch:   13
03/05/2021 12:19:52 - INFO - __main__ -   	EPOCH:   8	MiniBatch:   14
03/05/2021 12:19:52 - INFO - __main__ -   	EPOCH:   8	MiniBatch:   15
03/05/2021 12:19:53 - INFO - __main__ -   	EPOCH:   8	MiniBatch:   16
03/05/2021 12:19:54 - INFO - __main__ -   	EPOCH:   8	MiniBatch:   17
03/05/2021 12:19:54 - INFO - __main__ -   	EPOCH:   8	MiniBatch:   18
03/05/2021 12:19:55 - INFO - __main__ -   	EPOCH:   8	MiniBatch:   19
03/05/2021 12:19:56 - INFO - __main__ -   	EPOCH:   8	MiniBatch:   20
03/05/2021 12:19:56 - INFO - __main__ -   	Testing dev Minibatch:    0
03/05/2021 12:19:57 - INFO - __main__ -   	Testing dev Minibatch:    1
03/05/2021 12:19:58 - INFO - __main__ -   	Testing dev Minibatch:    2
03/05/2021 12:19:58 - INFO - __main__ -   
============ Predict Tweet Stance ============
Labels 	Prec. 	Recall	F1    	Supp  
Denial 	0.6331	0.7143	0.6713	273
Support	0.5475	0.4804	0.5117	204
Comment	0.4853	0.5156	0.5000	192
Queries	0.0000	0.0000	0.0000	22
MacroF1	0.4208
F1w_avg	0.5552
Acc    	56.7

============ Predict Viral Tweets ============
Labels 	Prec. 	Recall	F1    	Supp  
N_viral	0.8714	0.8698	0.8706	553
Viral  	0.4820	0.4855	0.4838	138
MacroF1	0.6772
F1w_avg	0.7933
Acc    	79.3

03/05/2021 12:19:58 - INFO - __main__ -   Best results so far. Saving model...
03/05/2021 12:20:00 - INFO - __main__ -   	EPOCH:   9	MiniBatch:    0
03/05/2021 12:20:01 - INFO - __main__ -   	EPOCH:   9	MiniBatch:    1
03/05/2021 12:20:01 - INFO - __main__ -   	EPOCH:   9	MiniBatch:    2
03/05/2021 12:20:02 - INFO - __main__ -   	EPOCH:   9	MiniBatch:    3
03/05/2021 12:20:03 - INFO - __main__ -   	EPOCH:   9	MiniBatch:    4
03/05/2021 12:20:03 - INFO - __main__ -   	EPOCH:   9	MiniBatch:    5
03/05/2021 12:20:04 - INFO - __main__ -   	EPOCH:   9	MiniBatch:    6
03/05/2021 12:20:05 - INFO - __main__ -   	EPOCH:   9	MiniBatch:    7
03/05/2021 12:20:06 - INFO - __main__ -   	EPOCH:   9	MiniBatch:    8
03/05/2021 12:20:06 - INFO - __main__ -   	EPOCH:   9	MiniBatch:    9
03/05/2021 12:20:07 - INFO - __main__ -   	EPOCH:   9	MiniBatch:   10
03/05/2021 12:20:08 - INFO - __main__ -   	EPOCH:   9	MiniBatch:   11
03/05/2021 12:20:08 - INFO - __main__ -   	EPOCH:   9	MiniBatch:   12
03/05/2021 12:20:09 - INFO - __main__ -   	EPOCH:   9	MiniBatch:   13
03/05/2021 12:20:10 - INFO - __main__ -   	EPOCH:   9	MiniBatch:   14
03/05/2021 12:20:10 - INFO - __main__ -   	EPOCH:   9	MiniBatch:   15
03/05/2021 12:20:11 - INFO - __main__ -   	EPOCH:   9	MiniBatch:   16
03/05/2021 12:20:12 - INFO - __main__ -   	EPOCH:   9	MiniBatch:   17
03/05/2021 12:20:13 - INFO - __main__ -   	EPOCH:   9	MiniBatch:   18
03/05/2021 12:20:13 - INFO - __main__ -   	EPOCH:   9	MiniBatch:   19
03/05/2021 12:20:14 - INFO - __main__ -   	EPOCH:   9	MiniBatch:   20
03/05/2021 12:20:15 - INFO - __main__ -   	Testing dev Minibatch:    0
03/05/2021 12:20:15 - INFO - __main__ -   	Testing dev Minibatch:    1
03/05/2021 12:20:16 - INFO - __main__ -   	Testing dev Minibatch:    2
03/05/2021 12:20:16 - INFO - __main__ -   
============ Predict Tweet Stance ============
Labels 	Prec. 	Recall	F1    	Supp  
Denial 	0.6352	0.7399	0.6836	273
Support	0.4958	0.5735	0.5318	204
Comment	0.5547	0.3958	0.4620	192
Queries	0.0000	0.0000	0.0000	22
MacroF1	0.4194
F1w_avg	0.5554
Acc    	57.2

============ Predict Viral Tweets ============
Labels 	Prec. 	Recall	F1    	Supp  
N_viral	0.8375	0.9132	0.8737	553
Viral  	0.4545	0.2899	0.3540	138
MacroF1	0.6138
F1w_avg	0.7699
Acc    	78.9

03/05/2021 12:20:17 - INFO - __main__ -   	EPOCH:  10	MiniBatch:    0
03/05/2021 12:20:17 - INFO - __main__ -   	EPOCH:  10	MiniBatch:    1
03/05/2021 12:20:18 - INFO - __main__ -   	EPOCH:  10	MiniBatch:    2
03/05/2021 12:20:19 - INFO - __main__ -   	EPOCH:  10	MiniBatch:    3
03/05/2021 12:20:19 - INFO - __main__ -   	EPOCH:  10	MiniBatch:    4
03/05/2021 12:20:20 - INFO - __main__ -   	EPOCH:  10	MiniBatch:    5
03/05/2021 12:20:21 - INFO - __main__ -   	EPOCH:  10	MiniBatch:    6
03/05/2021 12:20:22 - INFO - __main__ -   	EPOCH:  10	MiniBatch:    7
03/05/2021 12:20:22 - INFO - __main__ -   	EPOCH:  10	MiniBatch:    8
03/05/2021 12:20:23 - INFO - __main__ -   	EPOCH:  10	MiniBatch:    9
03/05/2021 12:20:24 - INFO - __main__ -   	EPOCH:  10	MiniBatch:   10
03/05/2021 12:20:24 - INFO - __main__ -   	EPOCH:  10	MiniBatch:   11
03/05/2021 12:20:25 - INFO - __main__ -   	EPOCH:  10	MiniBatch:   12
03/05/2021 12:20:26 - INFO - __main__ -   	EPOCH:  10	MiniBatch:   13
03/05/2021 12:20:26 - INFO - __main__ -   	EPOCH:  10	MiniBatch:   14
03/05/2021 12:20:27 - INFO - __main__ -   	EPOCH:  10	MiniBatch:   15
03/05/2021 12:20:28 - INFO - __main__ -   	EPOCH:  10	MiniBatch:   16
03/05/2021 12:20:29 - INFO - __main__ -   	EPOCH:  10	MiniBatch:   17
03/05/2021 12:20:29 - INFO - __main__ -   	EPOCH:  10	MiniBatch:   18
03/05/2021 12:20:30 - INFO - __main__ -   	EPOCH:  10	MiniBatch:   19
03/05/2021 12:20:31 - INFO - __main__ -   	EPOCH:  10	MiniBatch:   20
03/05/2021 12:20:31 - INFO - __main__ -   	Testing dev Minibatch:    0
03/05/2021 12:20:32 - INFO - __main__ -   	Testing dev Minibatch:    1
03/05/2021 12:20:33 - INFO - __main__ -   	Testing dev Minibatch:    2
03/05/2021 12:20:33 - INFO - __main__ -   
============ Predict Tweet Stance ============
Labels 	Prec. 	Recall	F1    	Supp  
Denial 	0.6402	0.7692	0.6988	273
Support	0.5226	0.6225	0.5682	204
Comment	0.5667	0.3542	0.4359	192
Queries	0.0000	0.0000	0.0000	22
MacroF1	0.4257
F1w_avg	0.5650
Acc    	58.6

============ Predict Viral Tweets ============
Labels 	Prec. 	Recall	F1    	Supp  
N_viral	0.8476	0.9150	0.8800	553
Viral  	0.5000	0.3406	0.4052	138
MacroF1	0.6426
F1w_avg	0.7852
Acc    	80.0

03/05/2021 12:20:33 - INFO - __main__ -   	EPOCH:  11	MiniBatch:    0
03/05/2021 12:20:34 - INFO - __main__ -   	EPOCH:  11	MiniBatch:    1
03/05/2021 12:20:35 - INFO - __main__ -   	EPOCH:  11	MiniBatch:    2
03/05/2021 12:20:35 - INFO - __main__ -   	EPOCH:  11	MiniBatch:    3
03/05/2021 12:20:36 - INFO - __main__ -   	EPOCH:  11	MiniBatch:    4
03/05/2021 12:20:37 - INFO - __main__ -   	EPOCH:  11	MiniBatch:    5
03/05/2021 12:20:38 - INFO - __main__ -   	EPOCH:  11	MiniBatch:    6
03/05/2021 12:20:38 - INFO - __main__ -   	EPOCH:  11	MiniBatch:    7
03/05/2021 12:20:39 - INFO - __main__ -   	EPOCH:  11	MiniBatch:    8
03/05/2021 12:20:40 - INFO - __main__ -   	EPOCH:  11	MiniBatch:    9
03/05/2021 12:20:40 - INFO - __main__ -   	EPOCH:  11	MiniBatch:   10
03/05/2021 12:20:41 - INFO - __main__ -   	EPOCH:  11	MiniBatch:   11
03/05/2021 12:20:42 - INFO - __main__ -   	EPOCH:  11	MiniBatch:   12
03/05/2021 12:20:43 - INFO - __main__ -   	EPOCH:  11	MiniBatch:   13
03/05/2021 12:20:43 - INFO - __main__ -   	EPOCH:  11	MiniBatch:   14
03/05/2021 12:20:44 - INFO - __main__ -   	EPOCH:  11	MiniBatch:   15
03/05/2021 12:20:45 - INFO - __main__ -   	EPOCH:  11	MiniBatch:   16
03/05/2021 12:20:45 - INFO - __main__ -   	EPOCH:  11	MiniBatch:   17
03/05/2021 12:20:46 - INFO - __main__ -   	EPOCH:  11	MiniBatch:   18
03/05/2021 12:20:47 - INFO - __main__ -   	EPOCH:  11	MiniBatch:   19
03/05/2021 12:20:47 - INFO - __main__ -   	EPOCH:  11	MiniBatch:   20
03/05/2021 12:20:48 - INFO - __main__ -   	Testing dev Minibatch:    0
03/05/2021 12:20:49 - INFO - __main__ -   	Testing dev Minibatch:    1
03/05/2021 12:20:50 - INFO - __main__ -   	Testing dev Minibatch:    2
03/05/2021 12:20:50 - INFO - __main__ -   
============ Predict Tweet Stance ============
Labels 	Prec. 	Recall	F1    	Supp  
Denial 	0.6786	0.6960	0.6872	273
Support	0.5774	0.4755	0.5215	204
Comment	0.4752	0.5990	0.5300	192
Queries	0.0000	0.0000	0.0000	22
MacroF1	0.4347
F1w_avg	0.5727
Acc    	58.2

============ Predict Viral Tweets ============
Labels 	Prec. 	Recall	F1    	Supp  
N_viral	0.8605	0.8698	0.8651	553
Viral  	0.4545	0.4348	0.4444	138
MacroF1	0.6548
F1w_avg	0.7811
Acc    	78.3

03/05/2021 12:20:50 - INFO - __main__ -   	EPOCH:  12	MiniBatch:    0
03/05/2021 12:20:51 - INFO - __main__ -   	EPOCH:  12	MiniBatch:    1
03/05/2021 12:20:52 - INFO - __main__ -   	EPOCH:  12	MiniBatch:    2
03/05/2021 12:20:52 - INFO - __main__ -   	EPOCH:  12	MiniBatch:    3
03/05/2021 12:20:53 - INFO - __main__ -   	EPOCH:  12	MiniBatch:    4
03/05/2021 12:20:54 - INFO - __main__ -   	EPOCH:  12	MiniBatch:    5
03/05/2021 12:20:54 - INFO - __main__ -   	EPOCH:  12	MiniBatch:    6
03/05/2021 12:20:55 - INFO - __main__ -   	EPOCH:  12	MiniBatch:    7
03/05/2021 12:20:56 - INFO - __main__ -   	EPOCH:  12	MiniBatch:    8
03/05/2021 12:20:57 - INFO - __main__ -   	EPOCH:  12	MiniBatch:    9
03/05/2021 12:20:57 - INFO - __main__ -   	EPOCH:  12	MiniBatch:   10
03/05/2021 12:20:58 - INFO - __main__ -   	EPOCH:  12	MiniBatch:   11
03/05/2021 12:20:59 - INFO - __main__ -   	EPOCH:  12	MiniBatch:   12
03/05/2021 12:20:59 - INFO - __main__ -   	EPOCH:  12	MiniBatch:   13
03/05/2021 12:21:00 - INFO - __main__ -   	EPOCH:  12	MiniBatch:   14
03/05/2021 12:21:01 - INFO - __main__ -   	EPOCH:  12	MiniBatch:   15
03/05/2021 12:21:01 - INFO - __main__ -   	EPOCH:  12	MiniBatch:   16
03/05/2021 12:21:02 - INFO - __main__ -   	EPOCH:  12	MiniBatch:   17
03/05/2021 12:21:03 - INFO - __main__ -   	EPOCH:  12	MiniBatch:   18
03/05/2021 12:21:04 - INFO - __main__ -   	EPOCH:  12	MiniBatch:   19
03/05/2021 12:21:04 - INFO - __main__ -   	EPOCH:  12	MiniBatch:   20
03/05/2021 12:21:05 - INFO - __main__ -   	Testing dev Minibatch:    0
03/05/2021 12:21:06 - INFO - __main__ -   	Testing dev Minibatch:    1
03/05/2021 12:21:06 - INFO - __main__ -   	Testing dev Minibatch:    2
03/05/2021 12:21:07 - INFO - __main__ -   
============ Predict Tweet Stance ============
Labels 	Prec. 	Recall	F1    	Supp  
Denial 	0.6992	0.6557	0.6767	273
Support	0.4905	0.6324	0.5525	204
Comment	0.5422	0.4688	0.5028	192
Queries	0.6667	0.1818	0.2857	22
MacroF1	0.5044
F1w_avg	0.5793
Acc    	58.2

============ Predict Viral Tweets ============
Labels 	Prec. 	Recall	F1    	Supp  
N_viral	0.8599	0.8770	0.8684	553
Viral  	0.4646	0.4275	0.4453	138
MacroF1	0.6568
F1w_avg	0.7839
Acc    	78.7

03/05/2021 12:21:07 - INFO - __main__ -   Best results so far. Saving model...
03/05/2021 12:21:08 - INFO - __main__ -   	EPOCH:  13	MiniBatch:    0
03/05/2021 12:21:09 - INFO - __main__ -   	EPOCH:  13	MiniBatch:    1
03/05/2021 12:21:10 - INFO - __main__ -   	EPOCH:  13	MiniBatch:    2
03/05/2021 12:21:11 - INFO - __main__ -   	EPOCH:  13	MiniBatch:    3
03/05/2021 12:21:11 - INFO - __main__ -   	EPOCH:  13	MiniBatch:    4
03/05/2021 12:21:12 - INFO - __main__ -   	EPOCH:  13	MiniBatch:    5
03/05/2021 12:21:13 - INFO - __main__ -   	EPOCH:  13	MiniBatch:    6
03/05/2021 12:21:13 - INFO - __main__ -   	EPOCH:  13	MiniBatch:    7
03/05/2021 12:21:14 - INFO - __main__ -   	EPOCH:  13	MiniBatch:    8
03/05/2021 12:21:15 - INFO - __main__ -   	EPOCH:  13	MiniBatch:    9
03/05/2021 12:21:16 - INFO - __main__ -   	EPOCH:  13	MiniBatch:   10
03/05/2021 12:21:16 - INFO - __main__ -   	EPOCH:  13	MiniBatch:   11
03/05/2021 12:21:17 - INFO - __main__ -   	EPOCH:  13	MiniBatch:   12
03/05/2021 12:21:18 - INFO - __main__ -   	EPOCH:  13	MiniBatch:   13
03/05/2021 12:21:18 - INFO - __main__ -   	EPOCH:  13	MiniBatch:   14
03/05/2021 12:21:19 - INFO - __main__ -   	EPOCH:  13	MiniBatch:   15
03/05/2021 12:21:20 - INFO - __main__ -   	EPOCH:  13	MiniBatch:   16
03/05/2021 12:21:20 - INFO - __main__ -   	EPOCH:  13	MiniBatch:   17
03/05/2021 12:21:21 - INFO - __main__ -   	EPOCH:  13	MiniBatch:   18
03/05/2021 12:21:22 - INFO - __main__ -   	EPOCH:  13	MiniBatch:   19
03/05/2021 12:21:23 - INFO - __main__ -   	EPOCH:  13	MiniBatch:   20
03/05/2021 12:21:23 - INFO - __main__ -   	Testing dev Minibatch:    0
03/05/2021 12:21:24 - INFO - __main__ -   	Testing dev Minibatch:    1
03/05/2021 12:21:25 - INFO - __main__ -   	Testing dev Minibatch:    2
03/05/2021 12:21:25 - INFO - __main__ -   
============ Predict Tweet Stance ============
Labels 	Prec. 	Recall	F1    	Supp  
Denial 	0.6762	0.6960	0.6859	273
Support	0.5684	0.5294	0.5482	204
Comment	0.4854	0.5208	0.5025	192
Queries	0.5000	0.3182	0.3889	22
MacroF1	0.5314
F1w_avg	0.5849
Acc    	58.6

============ Predict Viral Tweets ============
Labels 	Prec. 	Recall	F1    	Supp  
N_viral	0.8623	0.8716	0.8669	553
Viral  	0.4621	0.4420	0.4519	138
MacroF1	0.6594
F1w_avg	0.7840
Acc    	78.6

03/05/2021 12:21:25 - INFO - __main__ -   Best results so far. Saving model...
03/05/2021 12:21:27 - INFO - __main__ -   	EPOCH:  14	MiniBatch:    0
03/05/2021 12:21:27 - INFO - __main__ -   	EPOCH:  14	MiniBatch:    1
03/05/2021 12:21:28 - INFO - __main__ -   	EPOCH:  14	MiniBatch:    2
03/05/2021 12:21:29 - INFO - __main__ -   	EPOCH:  14	MiniBatch:    3
03/05/2021 12:21:30 - INFO - __main__ -   	EPOCH:  14	MiniBatch:    4
03/05/2021 12:21:30 - INFO - __main__ -   	EPOCH:  14	MiniBatch:    5
03/05/2021 12:21:31 - INFO - __main__ -   	EPOCH:  14	MiniBatch:    6
03/05/2021 12:21:32 - INFO - __main__ -   	EPOCH:  14	MiniBatch:    7
03/05/2021 12:21:32 - INFO - __main__ -   	EPOCH:  14	MiniBatch:    8
03/05/2021 12:21:33 - INFO - __main__ -   	EPOCH:  14	MiniBatch:    9
03/05/2021 12:21:34 - INFO - __main__ -   	EPOCH:  14	MiniBatch:   10
03/05/2021 12:21:34 - INFO - __main__ -   	EPOCH:  14	MiniBatch:   11
03/05/2021 12:21:35 - INFO - __main__ -   	EPOCH:  14	MiniBatch:   12
03/05/2021 12:21:36 - INFO - __main__ -   	EPOCH:  14	MiniBatch:   13
03/05/2021 12:21:37 - INFO - __main__ -   	EPOCH:  14	MiniBatch:   14
03/05/2021 12:21:37 - INFO - __main__ -   	EPOCH:  14	MiniBatch:   15
03/05/2021 12:21:38 - INFO - __main__ -   	EPOCH:  14	MiniBatch:   16
03/05/2021 12:21:39 - INFO - __main__ -   	EPOCH:  14	MiniBatch:   17
03/05/2021 12:21:39 - INFO - __main__ -   	EPOCH:  14	MiniBatch:   18
03/05/2021 12:21:40 - INFO - __main__ -   	EPOCH:  14	MiniBatch:   19
03/05/2021 12:21:41 - INFO - __main__ -   	EPOCH:  14	MiniBatch:   20
03/05/2021 12:21:42 - INFO - __main__ -   	Testing dev Minibatch:    0
03/05/2021 12:21:42 - INFO - __main__ -   	Testing dev Minibatch:    1
03/05/2021 12:21:43 - INFO - __main__ -   	Testing dev Minibatch:    2
03/05/2021 12:21:43 - INFO - __main__ -   
============ Predict Tweet Stance ============
Labels 	Prec. 	Recall	F1    	Supp  
Denial 	0.6773	0.6996	0.6883	273
Support	0.5000	0.6225	0.5546	204
Comment	0.5507	0.3958	0.4606	192
Queries	0.4706	0.3636	0.4103	22
MacroF1	0.5284
F1w_avg	0.5767
Acc    	58.2

============ Predict Viral Tweets ============
Labels 	Prec. 	Recall	F1    	Supp  
N_viral	0.8604	0.8807	0.8704	553
Viral  	0.4720	0.4275	0.4487	138
MacroF1	0.6595
F1w_avg	0.7862
Acc    	79.0

03/05/2021 12:21:43 - INFO - __main__ -   	EPOCH:  15	MiniBatch:    0
03/05/2021 12:21:44 - INFO - __main__ -   	EPOCH:  15	MiniBatch:    1
03/05/2021 12:21:45 - INFO - __main__ -   	EPOCH:  15	MiniBatch:    2
03/05/2021 12:21:46 - INFO - __main__ -   	EPOCH:  15	MiniBatch:    3
03/05/2021 12:21:46 - INFO - __main__ -   	EPOCH:  15	MiniBatch:    4
03/05/2021 12:21:47 - INFO - __main__ -   	EPOCH:  15	MiniBatch:    5
03/05/2021 12:21:48 - INFO - __main__ -   	EPOCH:  15	MiniBatch:    6
03/05/2021 12:21:48 - INFO - __main__ -   	EPOCH:  15	MiniBatch:    7
03/05/2021 12:21:49 - INFO - __main__ -   	EPOCH:  15	MiniBatch:    8
03/05/2021 12:21:50 - INFO - __main__ -   	EPOCH:  15	MiniBatch:    9
03/05/2021 12:21:51 - INFO - __main__ -   	EPOCH:  15	MiniBatch:   10
03/05/2021 12:21:51 - INFO - __main__ -   	EPOCH:  15	MiniBatch:   11
03/05/2021 12:21:52 - INFO - __main__ -   	EPOCH:  15	MiniBatch:   12
03/05/2021 12:21:53 - INFO - __main__ -   	EPOCH:  15	MiniBatch:   13
03/05/2021 12:21:53 - INFO - __main__ -   	EPOCH:  15	MiniBatch:   14
03/05/2021 12:21:54 - INFO - __main__ -   	EPOCH:  15	MiniBatch:   15
03/05/2021 12:21:55 - INFO - __main__ -   	EPOCH:  15	MiniBatch:   16
03/05/2021 12:21:55 - INFO - __main__ -   	EPOCH:  15	MiniBatch:   17
03/05/2021 12:21:56 - INFO - __main__ -   	EPOCH:  15	MiniBatch:   18
03/05/2021 12:21:57 - INFO - __main__ -   	EPOCH:  15	MiniBatch:   19
03/05/2021 12:21:58 - INFO - __main__ -   	EPOCH:  15	MiniBatch:   20
03/05/2021 12:21:58 - INFO - __main__ -   	Testing dev Minibatch:    0
03/05/2021 12:21:59 - INFO - __main__ -   	Testing dev Minibatch:    1
03/05/2021 12:22:00 - INFO - __main__ -   	Testing dev Minibatch:    2
03/05/2021 12:22:00 - INFO - __main__ -   
============ Predict Tweet Stance ============
Labels 	Prec. 	Recall	F1    	Supp  
Denial 	0.7283	0.6777	0.7021	273
Support	0.5561	0.5833	0.5694	204
Comment	0.5288	0.5260	0.5274	192
Queries	0.4062	0.5909	0.4815	22
MacroF1	0.5701
F1w_avg	0.6074
Acc    	60.5

============ Predict Viral Tweets ============
Labels 	Prec. 	Recall	F1    	Supp  
N_viral	0.8374	0.9222	0.8778	553
Viral  	0.4756	0.2826	0.3545	138
MacroF1	0.6162
F1w_avg	0.7733
Acc    	79.5

03/05/2021 12:22:00 - INFO - __main__ -   	EPOCH:  16	MiniBatch:    0
03/05/2021 12:22:01 - INFO - __main__ -   	EPOCH:  16	MiniBatch:    1
03/05/2021 12:22:02 - INFO - __main__ -   	EPOCH:  16	MiniBatch:    2
03/05/2021 12:22:02 - INFO - __main__ -   	EPOCH:  16	MiniBatch:    3
03/05/2021 12:22:03 - INFO - __main__ -   	EPOCH:  16	MiniBatch:    4
03/05/2021 12:22:04 - INFO - __main__ -   	EPOCH:  16	MiniBatch:    5
03/05/2021 12:22:04 - INFO - __main__ -   	EPOCH:  16	MiniBatch:    6
03/05/2021 12:22:05 - INFO - __main__ -   	EPOCH:  16	MiniBatch:    7
03/05/2021 12:22:06 - INFO - __main__ -   	EPOCH:  16	MiniBatch:    8
03/05/2021 12:22:07 - INFO - __main__ -   	EPOCH:  16	MiniBatch:    9
03/05/2021 12:22:07 - INFO - __main__ -   	EPOCH:  16	MiniBatch:   10
03/05/2021 12:22:08 - INFO - __main__ -   	EPOCH:  16	MiniBatch:   11
03/05/2021 12:22:09 - INFO - __main__ -   	EPOCH:  16	MiniBatch:   12
03/05/2021 12:22:09 - INFO - __main__ -   	EPOCH:  16	MiniBatch:   13
03/05/2021 12:22:10 - INFO - __main__ -   	EPOCH:  16	MiniBatch:   14
03/05/2021 12:22:11 - INFO - __main__ -   	EPOCH:  16	MiniBatch:   15
03/05/2021 12:22:11 - INFO - __main__ -   	EPOCH:  16	MiniBatch:   16
03/05/2021 12:22:12 - INFO - __main__ -   	EPOCH:  16	MiniBatch:   17
03/05/2021 12:22:13 - INFO - __main__ -   	EPOCH:  16	MiniBatch:   18
03/05/2021 12:22:14 - INFO - __main__ -   	EPOCH:  16	MiniBatch:   19
03/05/2021 12:22:14 - INFO - __main__ -   	EPOCH:  16	MiniBatch:   20
03/05/2021 12:22:15 - INFO - __main__ -   	Testing dev Minibatch:    0
03/05/2021 12:22:16 - INFO - __main__ -   	Testing dev Minibatch:    1
03/05/2021 12:22:16 - INFO - __main__ -   	Testing dev Minibatch:    2
03/05/2021 12:22:17 - INFO - __main__ -   
============ Predict Tweet Stance ============
Labels 	Prec. 	Recall	F1    	Supp  
Denial 	0.7488	0.5897	0.6598	273
Support	0.5345	0.6078	0.5688	204
Comment	0.4840	0.5521	0.5158	192
Queries	0.3600	0.4091	0.3830	22
MacroF1	0.5319
F1w_avg	0.5841
Acc    	57.9

============ Predict Viral Tweets ============
Labels 	Prec. 	Recall	F1    	Supp  
N_viral	0.8479	0.8969	0.8717	553
Viral  	0.4623	0.3551	0.4016	138
MacroF1	0.6367
F1w_avg	0.7778
Acc    	78.9

03/05/2021 12:22:17 - INFO - __main__ -   	EPOCH:  17	MiniBatch:    0
03/05/2021 12:22:18 - INFO - __main__ -   	EPOCH:  17	MiniBatch:    1
03/05/2021 12:22:18 - INFO - __main__ -   	EPOCH:  17	MiniBatch:    2
03/05/2021 12:22:19 - INFO - __main__ -   	EPOCH:  17	MiniBatch:    3
03/05/2021 12:22:20 - INFO - __main__ -   	EPOCH:  17	MiniBatch:    4
03/05/2021 12:22:20 - INFO - __main__ -   	EPOCH:  17	MiniBatch:    5
03/05/2021 12:22:21 - INFO - __main__ -   	EPOCH:  17	MiniBatch:    6
03/05/2021 12:22:22 - INFO - __main__ -   	EPOCH:  17	MiniBatch:    7
03/05/2021 12:22:23 - INFO - __main__ -   	EPOCH:  17	MiniBatch:    8
03/05/2021 12:22:23 - INFO - __main__ -   	EPOCH:  17	MiniBatch:    9
03/05/2021 12:22:24 - INFO - __main__ -   	EPOCH:  17	MiniBatch:   10
03/05/2021 12:22:25 - INFO - __main__ -   	EPOCH:  17	MiniBatch:   11
03/05/2021 12:22:25 - INFO - __main__ -   	EPOCH:  17	MiniBatch:   12
03/05/2021 12:22:26 - INFO - __main__ -   	EPOCH:  17	MiniBatch:   13
03/05/2021 12:22:27 - INFO - __main__ -   	EPOCH:  17	MiniBatch:   14
03/05/2021 12:22:27 - INFO - __main__ -   	EPOCH:  17	MiniBatch:   15
03/05/2021 12:22:28 - INFO - __main__ -   	EPOCH:  17	MiniBatch:   16
03/05/2021 12:22:29 - INFO - __main__ -   	EPOCH:  17	MiniBatch:   17
03/05/2021 12:22:30 - INFO - __main__ -   	EPOCH:  17	MiniBatch:   18
03/05/2021 12:22:30 - INFO - __main__ -   	EPOCH:  17	MiniBatch:   19
03/05/2021 12:22:31 - INFO - __main__ -   	EPOCH:  17	MiniBatch:   20
03/05/2021 12:22:32 - INFO - __main__ -   	Testing dev Minibatch:    0
03/05/2021 12:22:32 - INFO - __main__ -   	Testing dev Minibatch:    1
03/05/2021 12:22:33 - INFO - __main__ -   	Testing dev Minibatch:    2
03/05/2021 12:22:33 - INFO - __main__ -   
============ Predict Tweet Stance ============
Labels 	Prec. 	Recall	F1    	Supp  
Denial 	0.6465	0.7436	0.6917	273
Support	0.5628	0.5049	0.5323	204
Comment	0.5254	0.4844	0.5041	192
Queries	0.4706	0.3636	0.4103	22
MacroF1	0.5346
F1w_avg	0.5835
Acc    	58.9

============ Predict Viral Tweets ============
Labels 	Prec. 	Recall	F1    	Supp  
N_viral	0.8503	0.9042	0.8764	553
Viral  	0.4854	0.3623	0.4149	138
MacroF1	0.6457
F1w_avg	0.7843
Acc    	79.6

03/05/2021 12:22:34 - INFO - __main__ -   	EPOCH:  18	MiniBatch:    0
03/05/2021 12:22:34 - INFO - __main__ -   	EPOCH:  18	MiniBatch:    1
03/05/2021 12:22:35 - INFO - __main__ -   	EPOCH:  18	MiniBatch:    2
03/05/2021 12:22:36 - INFO - __main__ -   	EPOCH:  18	MiniBatch:    3
03/05/2021 12:22:36 - INFO - __main__ -   	EPOCH:  18	MiniBatch:    4
03/05/2021 12:22:37 - INFO - __main__ -   	EPOCH:  18	MiniBatch:    5
03/05/2021 12:22:38 - INFO - __main__ -   	EPOCH:  18	MiniBatch:    6
03/05/2021 12:22:39 - INFO - __main__ -   	EPOCH:  18	MiniBatch:    7
03/05/2021 12:22:39 - INFO - __main__ -   	EPOCH:  18	MiniBatch:    8
03/05/2021 12:22:40 - INFO - __main__ -   	EPOCH:  18	MiniBatch:    9
03/05/2021 12:22:41 - INFO - __main__ -   	EPOCH:  18	MiniBatch:   10
03/05/2021 12:22:41 - INFO - __main__ -   	EPOCH:  18	MiniBatch:   11
03/05/2021 12:22:42 - INFO - __main__ -   	EPOCH:  18	MiniBatch:   12
03/05/2021 12:22:43 - INFO - __main__ -   	EPOCH:  18	MiniBatch:   13
03/05/2021 12:22:43 - INFO - __main__ -   	EPOCH:  18	MiniBatch:   14
03/05/2021 12:22:44 - INFO - __main__ -   	EPOCH:  18	MiniBatch:   15
03/05/2021 12:22:45 - INFO - __main__ -   	EPOCH:  18	MiniBatch:   16
03/05/2021 12:22:46 - INFO - __main__ -   	EPOCH:  18	MiniBatch:   17
03/05/2021 12:22:46 - INFO - __main__ -   	EPOCH:  18	MiniBatch:   18
03/05/2021 12:22:47 - INFO - __main__ -   	EPOCH:  18	MiniBatch:   19
03/05/2021 12:22:48 - INFO - __main__ -   	EPOCH:  18	MiniBatch:   20
03/05/2021 12:22:48 - INFO - __main__ -   	Testing dev Minibatch:    0
03/05/2021 12:22:49 - INFO - __main__ -   	Testing dev Minibatch:    1
03/05/2021 12:22:50 - INFO - __main__ -   	Testing dev Minibatch:    2
03/05/2021 12:22:50 - INFO - __main__ -   
============ Predict Tweet Stance ============
Labels 	Prec. 	Recall	F1    	Supp  
Denial 	0.6880	0.6703	0.6790	273
Support	0.5357	0.5147	0.5250	204
Comment	0.4804	0.5104	0.4949	192
Queries	0.3600	0.4091	0.3830	22
MacroF1	0.5205
F1w_avg	0.5730
Acc    	57.2

============ Predict Viral Tweets ============
Labels 	Prec. 	Recall	F1    	Supp  
N_viral	0.8425	0.9096	0.8748	553
Viral  	0.4681	0.3188	0.3793	138
MacroF1	0.6270
F1w_avg	0.7758
Acc    	79.2

03/05/2021 12:22:50 - INFO - __main__ -   	EPOCH:  19	MiniBatch:    0
03/05/2021 12:22:51 - INFO - __main__ -   	EPOCH:  19	MiniBatch:    1
03/05/2021 12:22:52 - INFO - __main__ -   	EPOCH:  19	MiniBatch:    2
03/05/2021 12:22:52 - INFO - __main__ -   	EPOCH:  19	MiniBatch:    3
03/05/2021 12:22:53 - INFO - __main__ -   	EPOCH:  19	MiniBatch:    4
03/05/2021 12:22:54 - INFO - __main__ -   	EPOCH:  19	MiniBatch:    5
03/05/2021 12:22:55 - INFO - __main__ -   	EPOCH:  19	MiniBatch:    6
03/05/2021 12:22:55 - INFO - __main__ -   	EPOCH:  19	MiniBatch:    7
03/05/2021 12:22:56 - INFO - __main__ -   	EPOCH:  19	MiniBatch:    8
03/05/2021 12:22:57 - INFO - __main__ -   	EPOCH:  19	MiniBatch:    9
03/05/2021 12:22:57 - INFO - __main__ -   	EPOCH:  19	MiniBatch:   10
03/05/2021 12:22:58 - INFO - __main__ -   	EPOCH:  19	MiniBatch:   11
03/05/2021 12:22:59 - INFO - __main__ -   	EPOCH:  19	MiniBatch:   12
03/05/2021 12:23:00 - INFO - __main__ -   	EPOCH:  19	MiniBatch:   13
03/05/2021 12:23:00 - INFO - __main__ -   	EPOCH:  19	MiniBatch:   14
03/05/2021 12:23:01 - INFO - __main__ -   	EPOCH:  19	MiniBatch:   15
03/05/2021 12:23:02 - INFO - __main__ -   	EPOCH:  19	MiniBatch:   16
03/05/2021 12:23:02 - INFO - __main__ -   	EPOCH:  19	MiniBatch:   17
03/05/2021 12:23:03 - INFO - __main__ -   	EPOCH:  19	MiniBatch:   18
03/05/2021 12:23:04 - INFO - __main__ -   	EPOCH:  19	MiniBatch:   19
03/05/2021 12:23:04 - INFO - __main__ -   	EPOCH:  19	MiniBatch:   20
03/05/2021 12:23:05 - INFO - __main__ -   	Testing dev Minibatch:    0
03/05/2021 12:23:06 - INFO - __main__ -   	Testing dev Minibatch:    1
03/05/2021 12:23:07 - INFO - __main__ -   	Testing dev Minibatch:    2
03/05/2021 12:23:07 - INFO - __main__ -   
============ Predict Tweet Stance ============
Labels 	Prec. 	Recall	F1    	Supp  
Denial 	0.6398	0.7546	0.6924	273
Support	0.5938	0.4657	0.5220	204
Comment	0.5132	0.5052	0.5092	192
Queries	0.4000	0.3636	0.3810	22
MacroF1	0.5261
F1w_avg	0.5813
Acc    	58.8

============ Predict Viral Tweets ============
Labels 	Prec. 	Recall	F1    	Supp  
N_viral	0.8482	0.9096	0.8778	553
Viral  	0.4898	0.3478	0.4068	138
MacroF1	0.6423
F1w_avg	0.7838
Acc    	79.7

03/05/2021 12:23:07 - INFO - __main__ -   	EPOCH:  20	MiniBatch:    0
03/05/2021 12:23:08 - INFO - __main__ -   	EPOCH:  20	MiniBatch:    1
03/05/2021 12:23:08 - INFO - __main__ -   	EPOCH:  20	MiniBatch:    2
03/05/2021 12:23:09 - INFO - __main__ -   	EPOCH:  20	MiniBatch:    3
03/05/2021 12:23:10 - INFO - __main__ -   	EPOCH:  20	MiniBatch:    4
03/05/2021 12:23:11 - INFO - __main__ -   	EPOCH:  20	MiniBatch:    5
03/05/2021 12:23:11 - INFO - __main__ -   	EPOCH:  20	MiniBatch:    6
03/05/2021 12:23:12 - INFO - __main__ -   	EPOCH:  20	MiniBatch:    7
03/05/2021 12:23:13 - INFO - __main__ -   	EPOCH:  20	MiniBatch:    8
03/05/2021 12:23:13 - INFO - __main__ -   	EPOCH:  20	MiniBatch:    9
03/05/2021 12:23:14 - INFO - __main__ -   	EPOCH:  20	MiniBatch:   10
03/05/2021 12:23:15 - INFO - __main__ -   	EPOCH:  20	MiniBatch:   11
03/05/2021 12:23:16 - INFO - __main__ -   	EPOCH:  20	MiniBatch:   12
03/05/2021 12:23:16 - INFO - __main__ -   	EPOCH:  20	MiniBatch:   13
03/05/2021 12:23:17 - INFO - __main__ -   	EPOCH:  20	MiniBatch:   14
03/05/2021 12:23:18 - INFO - __main__ -   	EPOCH:  20	MiniBatch:   15
03/05/2021 12:23:18 - INFO - __main__ -   	EPOCH:  20	MiniBatch:   16
03/05/2021 12:23:19 - INFO - __main__ -   	EPOCH:  20	MiniBatch:   17
03/05/2021 12:23:20 - INFO - __main__ -   	EPOCH:  20	MiniBatch:   18
03/05/2021 12:23:20 - INFO - __main__ -   	EPOCH:  20	MiniBatch:   19
03/05/2021 12:23:21 - INFO - __main__ -   	EPOCH:  20	MiniBatch:   20
03/05/2021 12:23:22 - INFO - __main__ -   	Testing dev Minibatch:    0
03/05/2021 12:23:23 - INFO - __main__ -   	Testing dev Minibatch:    1
03/05/2021 12:23:23 - INFO - __main__ -   	Testing dev Minibatch:    2
03/05/2021 12:23:24 - INFO - __main__ -   
============ Predict Tweet Stance ============
Labels 	Prec. 	Recall	F1    	Supp  
Denial 	0.6578	0.7253	0.6899	273
Support	0.5680	0.4706	0.5147	204
Comment	0.5156	0.5156	0.5156	192
Queries	0.4138	0.5455	0.4706	22
MacroF1	0.5477
F1w_avg	0.5828
Acc    	58.6

============ Predict Viral Tweets ============
Labels 	Prec. 	Recall	F1    	Supp  
N_viral	0.8445	0.9132	0.8775	553
Viral  	0.4839	0.3261	0.3896	138
MacroF1	0.6336
F1w_avg	0.7801
Acc    	79.6

03/05/2021 12:23:24 - INFO - __main__ -   	EPOCH:  21	MiniBatch:    0
03/05/2021 12:23:25 - INFO - __main__ -   	EPOCH:  21	MiniBatch:    1
03/05/2021 12:23:25 - INFO - __main__ -   	EPOCH:  21	MiniBatch:    2
03/05/2021 12:23:26 - INFO - __main__ -   	EPOCH:  21	MiniBatch:    3
03/05/2021 12:23:27 - INFO - __main__ -   	EPOCH:  21	MiniBatch:    4
03/05/2021 12:23:27 - INFO - __main__ -   	EPOCH:  21	MiniBatch:    5
03/05/2021 12:23:28 - INFO - __main__ -   	EPOCH:  21	MiniBatch:    6
03/05/2021 12:23:29 - INFO - __main__ -   	EPOCH:  21	MiniBatch:    7
03/05/2021 12:23:29 - INFO - __main__ -   	EPOCH:  21	MiniBatch:    8
03/05/2021 12:23:30 - INFO - __main__ -   	EPOCH:  21	MiniBatch:    9
03/05/2021 12:23:31 - INFO - __main__ -   	EPOCH:  21	MiniBatch:   10
03/05/2021 12:23:32 - INFO - __main__ -   	EPOCH:  21	MiniBatch:   11
03/05/2021 12:23:32 - INFO - __main__ -   	EPOCH:  21	MiniBatch:   12
03/05/2021 12:23:33 - INFO - __main__ -   	EPOCH:  21	MiniBatch:   13
03/05/2021 12:23:34 - INFO - __main__ -   	EPOCH:  21	MiniBatch:   14
03/05/2021 12:23:34 - INFO - __main__ -   	EPOCH:  21	MiniBatch:   15
03/05/2021 12:23:35 - INFO - __main__ -   	EPOCH:  21	MiniBatch:   16
03/05/2021 12:23:36 - INFO - __main__ -   	EPOCH:  21	MiniBatch:   17
03/05/2021 12:23:36 - INFO - __main__ -   	EPOCH:  21	MiniBatch:   18
03/05/2021 12:23:37 - INFO - __main__ -   	EPOCH:  21	MiniBatch:   19
03/05/2021 12:23:38 - INFO - __main__ -   	EPOCH:  21	MiniBatch:   20
03/05/2021 12:23:39 - INFO - __main__ -   	Testing dev Minibatch:    0
03/05/2021 12:23:39 - INFO - __main__ -   	Testing dev Minibatch:    1
03/05/2021 12:23:40 - INFO - __main__ -   	Testing dev Minibatch:    2
03/05/2021 12:23:40 - INFO - __main__ -   
============ Predict Tweet Stance ============
Labels 	Prec. 	Recall	F1    	Supp  
Denial 	0.6980	0.6264	0.6602	273
Support	0.5108	0.5784	0.5425	204
Comment	0.5208	0.5208	0.5208	192
Queries	0.3478	0.3636	0.3556	22
MacroF1	0.5198
F1w_avg	0.5770
Acc    	57.5

============ Predict Viral Tweets ============
Labels 	Prec. 	Recall	F1    	Supp  
N_viral	0.8361	0.9132	0.8729	553
Viral  	0.4483	0.2826	0.3467	138
MacroF1	0.6098
F1w_avg	0.7678
Acc    	78.7

03/05/2021 12:23:40 - INFO - __main__ -   	EPOCH:  22	MiniBatch:    0
03/05/2021 12:23:41 - INFO - __main__ -   	EPOCH:  22	MiniBatch:    1
03/05/2021 12:23:42 - INFO - __main__ -   	EPOCH:  22	MiniBatch:    2
03/05/2021 12:23:43 - INFO - __main__ -   	EPOCH:  22	MiniBatch:    3
03/05/2021 12:23:43 - INFO - __main__ -   	EPOCH:  22	MiniBatch:    4
03/05/2021 12:23:44 - INFO - __main__ -   	EPOCH:  22	MiniBatch:    5
03/05/2021 12:23:45 - INFO - __main__ -   	EPOCH:  22	MiniBatch:    6
03/05/2021 12:23:45 - INFO - __main__ -   	EPOCH:  22	MiniBatch:    7
03/05/2021 12:23:46 - INFO - __main__ -   	EPOCH:  22	MiniBatch:    8
03/05/2021 12:23:47 - INFO - __main__ -   	EPOCH:  22	MiniBatch:    9
03/05/2021 12:23:48 - INFO - __main__ -   	EPOCH:  22	MiniBatch:   10
03/05/2021 12:23:48 - INFO - __main__ -   	EPOCH:  22	MiniBatch:   11
03/05/2021 12:23:49 - INFO - __main__ -   	EPOCH:  22	MiniBatch:   12
03/05/2021 12:23:50 - INFO - __main__ -   	EPOCH:  22	MiniBatch:   13
03/05/2021 12:23:50 - INFO - __main__ -   	EPOCH:  22	MiniBatch:   14
03/05/2021 12:23:51 - INFO - __main__ -   	EPOCH:  22	MiniBatch:   15
03/05/2021 12:23:52 - INFO - __main__ -   	EPOCH:  22	MiniBatch:   16
03/05/2021 12:23:53 - INFO - __main__ -   	EPOCH:  22	MiniBatch:   17
03/05/2021 12:23:53 - INFO - __main__ -   	EPOCH:  22	MiniBatch:   18
03/05/2021 12:23:54 - INFO - __main__ -   	EPOCH:  22	MiniBatch:   19
03/05/2021 12:23:55 - INFO - __main__ -   	EPOCH:  22	MiniBatch:   20
03/05/2021 12:23:55 - INFO - __main__ -   	Testing dev Minibatch:    0
03/05/2021 12:23:56 - INFO - __main__ -   	Testing dev Minibatch:    1
03/05/2021 12:23:57 - INFO - __main__ -   	Testing dev Minibatch:    2
03/05/2021 12:23:57 - INFO - __main__ -   
============ Predict Tweet Stance ============
Labels 	Prec. 	Recall	F1    	Supp  
Denial 	0.6565	0.7070	0.6808	273
Support	0.5531	0.4853	0.5170	204
Comment	0.5178	0.5312	0.5244	192
Queries	0.4286	0.4091	0.4186	22
MacroF1	0.5352
F1w_avg	0.5806
Acc    	58.3

============ Predict Viral Tweets ============
Labels 	Prec. 	Recall	F1    	Supp  
N_viral	0.8389	0.9132	0.8745	553
Viral  	0.4607	0.2971	0.3612	138
MacroF1	0.6178
F1w_avg	0.7720
Acc    	79.0

03/05/2021 12:23:57 - INFO - __main__ -   	EPOCH:  23	MiniBatch:    0
03/05/2021 12:23:58 - INFO - __main__ -   	EPOCH:  23	MiniBatch:    1
03/05/2021 12:23:59 - INFO - __main__ -   	EPOCH:  23	MiniBatch:    2
03/05/2021 12:24:00 - INFO - __main__ -   	EPOCH:  23	MiniBatch:    3
03/05/2021 12:24:00 - INFO - __main__ -   	EPOCH:  23	MiniBatch:    4
03/05/2021 12:24:01 - INFO - __main__ -   	EPOCH:  23	MiniBatch:    5
03/05/2021 12:24:02 - INFO - __main__ -   	EPOCH:  23	MiniBatch:    6
03/05/2021 12:24:02 - INFO - __main__ -   	EPOCH:  23	MiniBatch:    7
03/05/2021 12:24:03 - INFO - __main__ -   	EPOCH:  23	MiniBatch:    8
03/05/2021 12:24:04 - INFO - __main__ -   	EPOCH:  23	MiniBatch:    9
03/05/2021 12:24:04 - INFO - __main__ -   	EPOCH:  23	MiniBatch:   10
03/05/2021 12:24:05 - INFO - __main__ -   	EPOCH:  23	MiniBatch:   11
03/05/2021 12:24:06 - INFO - __main__ -   	EPOCH:  23	MiniBatch:   12
03/05/2021 12:24:07 - INFO - __main__ -   	EPOCH:  23	MiniBatch:   13
03/05/2021 12:24:07 - INFO - __main__ -   	EPOCH:  23	MiniBatch:   14
03/05/2021 12:24:08 - INFO - __main__ -   	EPOCH:  23	MiniBatch:   15
03/05/2021 12:24:09 - INFO - __main__ -   	EPOCH:  23	MiniBatch:   16
03/05/2021 12:24:09 - INFO - __main__ -   	EPOCH:  23	MiniBatch:   17
03/05/2021 12:24:10 - INFO - __main__ -   	EPOCH:  23	MiniBatch:   18
03/05/2021 12:24:11 - INFO - __main__ -   	EPOCH:  23	MiniBatch:   19
03/05/2021 12:24:12 - INFO - __main__ -   	EPOCH:  23	MiniBatch:   20
03/05/2021 12:24:12 - INFO - __main__ -   	Testing dev Minibatch:    0
03/05/2021 12:24:13 - INFO - __main__ -   	Testing dev Minibatch:    1
03/05/2021 12:24:14 - INFO - __main__ -   	Testing dev Minibatch:    2
03/05/2021 12:24:14 - INFO - __main__ -   
============ Predict Tweet Stance ============
Labels 	Prec. 	Recall	F1    	Supp  
Denial 	0.6932	0.6703	0.6816	273
Support	0.5349	0.5637	0.5489	204
Comment	0.5104	0.5104	0.5104	192
Queries	0.4500	0.4091	0.4286	22
MacroF1	0.5424
F1w_avg	0.5868
Acc    	58.6

============ Predict Viral Tweets ============
Labels 	Prec. 	Recall	F1    	Supp  
N_viral	0.8425	0.9186	0.8789	553
Viral  	0.4886	0.3116	0.3805	138
MacroF1	0.6297
F1w_avg	0.7794
Acc    	79.7

03/05/2021 12:24:14 - INFO - __main__ -   	EPOCH:  24	MiniBatch:    0
03/05/2021 12:24:15 - INFO - __main__ -   	EPOCH:  24	MiniBatch:    1
03/05/2021 12:24:16 - INFO - __main__ -   	EPOCH:  24	MiniBatch:    2
03/05/2021 12:24:16 - INFO - __main__ -   	EPOCH:  24	MiniBatch:    3
03/05/2021 12:24:17 - INFO - __main__ -   	EPOCH:  24	MiniBatch:    4
03/05/2021 12:24:18 - INFO - __main__ -   	EPOCH:  24	MiniBatch:    5
03/05/2021 12:24:18 - INFO - __main__ -   	EPOCH:  24	MiniBatch:    6
03/05/2021 12:24:19 - INFO - __main__ -   	EPOCH:  24	MiniBatch:    7
03/05/2021 12:24:20 - INFO - __main__ -   	EPOCH:  24	MiniBatch:    8
03/05/2021 12:24:21 - INFO - __main__ -   	EPOCH:  24	MiniBatch:    9
03/05/2021 12:24:21 - INFO - __main__ -   	EPOCH:  24	MiniBatch:   10
03/05/2021 12:24:22 - INFO - __main__ -   	EPOCH:  24	MiniBatch:   11
03/05/2021 12:24:23 - INFO - __main__ -   	EPOCH:  24	MiniBatch:   12
03/05/2021 12:24:23 - INFO - __main__ -   	EPOCH:  24	MiniBatch:   13
03/05/2021 12:24:24 - INFO - __main__ -   	EPOCH:  24	MiniBatch:   14
03/05/2021 12:24:25 - INFO - __main__ -   	EPOCH:  24	MiniBatch:   15
03/05/2021 12:24:25 - INFO - __main__ -   	EPOCH:  24	MiniBatch:   16
03/05/2021 12:24:26 - INFO - __main__ -   	EPOCH:  24	MiniBatch:   17
03/05/2021 12:24:27 - INFO - __main__ -   	EPOCH:  24	MiniBatch:   18
03/05/2021 12:24:28 - INFO - __main__ -   	EPOCH:  24	MiniBatch:   19
03/05/2021 12:24:28 - INFO - __main__ -   	EPOCH:  24	MiniBatch:   20
03/05/2021 12:24:29 - INFO - __main__ -   	Testing dev Minibatch:    0
03/05/2021 12:24:30 - INFO - __main__ -   	Testing dev Minibatch:    1
03/05/2021 12:24:30 - INFO - __main__ -   	Testing dev Minibatch:    2
03/05/2021 12:24:31 - INFO - __main__ -   
============ Predict Tweet Stance ============
Labels 	Prec. 	Recall	F1    	Supp  
Denial 	0.6750	0.6923	0.6835	273
Support	0.5337	0.5049	0.5189	204
Comment	0.4903	0.5260	0.5075	192
Queries	0.5000	0.2727	0.3529	22
MacroF1	0.5157
F1w_avg	0.5755
Acc    	57.7

============ Predict Viral Tweets ============
Labels 	Prec. 	Recall	F1    	Supp  
N_viral	0.8456	0.9114	0.8773	553
Viral  	0.4842	0.3333	0.3948	138
MacroF1	0.6361
F1w_avg	0.7809
Acc    	79.6

03/05/2021 12:24:31 - INFO - __main__ -   	EPOCH:  25	MiniBatch:    0
03/05/2021 12:24:32 - INFO - __main__ -   	EPOCH:  25	MiniBatch:    1
03/05/2021 12:24:32 - INFO - __main__ -   	EPOCH:  25	MiniBatch:    2
03/05/2021 12:24:33 - INFO - __main__ -   	EPOCH:  25	MiniBatch:    3
03/05/2021 12:24:34 - INFO - __main__ -   	EPOCH:  25	MiniBatch:    4
03/05/2021 12:24:34 - INFO - __main__ -   	EPOCH:  25	MiniBatch:    5
03/05/2021 12:24:35 - INFO - __main__ -   	EPOCH:  25	MiniBatch:    6
03/05/2021 12:24:36 - INFO - __main__ -   	EPOCH:  25	MiniBatch:    7
03/05/2021 12:24:37 - INFO - __main__ -   	EPOCH:  25	MiniBatch:    8
03/05/2021 12:24:37 - INFO - __main__ -   	EPOCH:  25	MiniBatch:    9
03/05/2021 12:24:38 - INFO - __main__ -   	EPOCH:  25	MiniBatch:   10
03/05/2021 12:24:39 - INFO - __main__ -   	EPOCH:  25	MiniBatch:   11
03/05/2021 12:24:39 - INFO - __main__ -   	EPOCH:  25	MiniBatch:   12
03/05/2021 12:24:40 - INFO - __main__ -   	EPOCH:  25	MiniBatch:   13
03/05/2021 12:24:41 - INFO - __main__ -   	EPOCH:  25	MiniBatch:   14
03/05/2021 12:24:41 - INFO - __main__ -   	EPOCH:  25	MiniBatch:   15
03/05/2021 12:24:42 - INFO - __main__ -   	EPOCH:  25	MiniBatch:   16
03/05/2021 12:24:43 - INFO - __main__ -   	EPOCH:  25	MiniBatch:   17
03/05/2021 12:24:44 - INFO - __main__ -   	EPOCH:  25	MiniBatch:   18
03/05/2021 12:24:44 - INFO - __main__ -   	EPOCH:  25	MiniBatch:   19
03/05/2021 12:24:45 - INFO - __main__ -   	EPOCH:  25	MiniBatch:   20
03/05/2021 12:24:46 - INFO - __main__ -   	Testing dev Minibatch:    0
03/05/2021 12:24:46 - INFO - __main__ -   	Testing dev Minibatch:    1
03/05/2021 12:24:47 - INFO - __main__ -   	Testing dev Minibatch:    2
03/05/2021 12:24:47 - INFO - __main__ -   
============ Predict Tweet Stance ============
Labels 	Prec. 	Recall	F1    	Supp  
Denial 	0.7137	0.6667	0.6894	273
Support	0.5413	0.5784	0.5592	204
Comment	0.5051	0.5208	0.5128	192
Queries	0.4500	0.4091	0.4286	22
MacroF1	0.5475
F1w_avg	0.5936
Acc    	59.2

============ Predict Viral Tweets ============
Labels 	Prec. 	Recall	F1    	Supp  
N_viral	0.8336	0.9241	0.8765	553
Viral  	0.4615	0.2609	0.3333	138
MacroF1	0.6049
F1w_avg	0.7680
Acc    	79.2

03/05/2021 12:24:48 - INFO - __main__ -   	EPOCH:  26	MiniBatch:    0
03/05/2021 12:24:48 - INFO - __main__ -   	EPOCH:  26	MiniBatch:    1
03/05/2021 12:24:49 - INFO - __main__ -   	EPOCH:  26	MiniBatch:    2
03/05/2021 12:24:50 - INFO - __main__ -   	EPOCH:  26	MiniBatch:    3
03/05/2021 12:24:50 - INFO - __main__ -   	EPOCH:  26	MiniBatch:    4
03/05/2021 12:24:51 - INFO - __main__ -   	EPOCH:  26	MiniBatch:    5
03/05/2021 12:24:52 - INFO - __main__ -   	EPOCH:  26	MiniBatch:    6
03/05/2021 12:24:53 - INFO - __main__ -   	EPOCH:  26	MiniBatch:    7
03/05/2021 12:24:53 - INFO - __main__ -   	EPOCH:  26	MiniBatch:    8
03/05/2021 12:24:54 - INFO - __main__ -   	EPOCH:  26	MiniBatch:    9
03/05/2021 12:24:55 - INFO - __main__ -   	EPOCH:  26	MiniBatch:   10
03/05/2021 12:24:55 - INFO - __main__ -   	EPOCH:  26	MiniBatch:   11
03/05/2021 12:24:56 - INFO - __main__ -   	EPOCH:  26	MiniBatch:   12
03/05/2021 12:24:57 - INFO - __main__ -   	EPOCH:  26	MiniBatch:   13
03/05/2021 12:24:57 - INFO - __main__ -   	EPOCH:  26	MiniBatch:   14
03/05/2021 12:24:58 - INFO - __main__ -   	EPOCH:  26	MiniBatch:   15
03/05/2021 12:24:59 - INFO - __main__ -   	EPOCH:  26	MiniBatch:   16
03/05/2021 12:25:00 - INFO - __main__ -   	EPOCH:  26	MiniBatch:   17
03/05/2021 12:25:00 - INFO - __main__ -   	EPOCH:  26	MiniBatch:   18
03/05/2021 12:25:01 - INFO - __main__ -   	EPOCH:  26	MiniBatch:   19
03/05/2021 12:25:02 - INFO - __main__ -   	EPOCH:  26	MiniBatch:   20
03/05/2021 12:25:02 - INFO - __main__ -   	Testing dev Minibatch:    0
03/05/2021 12:25:03 - INFO - __main__ -   	Testing dev Minibatch:    1
03/05/2021 12:25:04 - INFO - __main__ -   	Testing dev Minibatch:    2
03/05/2021 12:25:04 - INFO - __main__ -   
============ Predict Tweet Stance ============
Labels 	Prec. 	Recall	F1    	Supp  
Denial 	0.6623	0.7473	0.7022	273
Support	0.5896	0.5000	0.5411	204
Comment	0.5211	0.5156	0.5183	192
Queries	0.5000	0.4545	0.4762	22
MacroF1	0.5595
F1w_avg	0.5964
Acc    	60.1

============ Predict Viral Tweets ============
Labels 	Prec. 	Recall	F1    	Supp  
N_viral	0.8382	0.9277	0.8807	553
Viral  	0.4937	0.2826	0.3594	138
MacroF1	0.6201
F1w_avg	0.7766
Acc    	79.9

03/05/2021 12:25:04 - INFO - __main__ -   	EPOCH:  27	MiniBatch:    0
03/05/2021 12:25:05 - INFO - __main__ -   	EPOCH:  27	MiniBatch:    1
03/05/2021 12:25:06 - INFO - __main__ -   	EPOCH:  27	MiniBatch:    2
03/05/2021 12:25:06 - INFO - __main__ -   	EPOCH:  27	MiniBatch:    3
03/05/2021 12:25:07 - INFO - __main__ -   	EPOCH:  27	MiniBatch:    4
03/05/2021 12:25:08 - INFO - __main__ -   	EPOCH:  27	MiniBatch:    5
03/05/2021 12:25:09 - INFO - __main__ -   	EPOCH:  27	MiniBatch:    6
03/05/2021 12:25:09 - INFO - __main__ -   	EPOCH:  27	MiniBatch:    7
03/05/2021 12:25:10 - INFO - __main__ -   	EPOCH:  27	MiniBatch:    8
03/05/2021 12:25:11 - INFO - __main__ -   	EPOCH:  27	MiniBatch:    9
03/05/2021 12:25:11 - INFO - __main__ -   	EPOCH:  27	MiniBatch:   10
03/05/2021 12:25:12 - INFO - __main__ -   	EPOCH:  27	MiniBatch:   11
03/05/2021 12:25:13 - INFO - __main__ -   	EPOCH:  27	MiniBatch:   12
03/05/2021 12:25:13 - INFO - __main__ -   	EPOCH:  27	MiniBatch:   13
03/05/2021 12:25:14 - INFO - __main__ -   	EPOCH:  27	MiniBatch:   14
03/05/2021 12:25:15 - INFO - __main__ -   	EPOCH:  27	MiniBatch:   15
03/05/2021 12:25:16 - INFO - __main__ -   	EPOCH:  27	MiniBatch:   16
03/05/2021 12:25:16 - INFO - __main__ -   	EPOCH:  27	MiniBatch:   17
03/05/2021 12:25:17 - INFO - __main__ -   	EPOCH:  27	MiniBatch:   18
03/05/2021 12:25:18 - INFO - __main__ -   	EPOCH:  27	MiniBatch:   19
03/05/2021 12:25:18 - INFO - __main__ -   	EPOCH:  27	MiniBatch:   20
03/05/2021 12:25:19 - INFO - __main__ -   	Testing dev Minibatch:    0
03/05/2021 12:25:20 - INFO - __main__ -   	Testing dev Minibatch:    1
03/05/2021 12:25:21 - INFO - __main__ -   	Testing dev Minibatch:    2
03/05/2021 12:25:21 - INFO - __main__ -   
============ Predict Tweet Stance ============
Labels 	Prec. 	Recall	F1    	Supp  
Denial 	0.6520	0.7619	0.7027	273
Support	0.5890	0.4216	0.4914	204
Comment	0.5100	0.5312	0.5204	192
Queries	0.4615	0.5455	0.5000	22
MacroF1	0.5536
F1w_avg	0.5832
Acc    	59.0

============ Predict Viral Tweets ============
Labels 	Prec. 	Recall	F1    	Supp  
N_viral	0.8447	0.9150	0.8785	553
Viral  	0.4891	0.3261	0.3913	138
MacroF1	0.6349
F1w_avg	0.7812
Acc    	79.7

03/05/2021 12:25:21 - INFO - __main__ -   	EPOCH:  28	MiniBatch:    0
03/05/2021 12:25:22 - INFO - __main__ -   	EPOCH:  28	MiniBatch:    1
03/05/2021 12:25:22 - INFO - __main__ -   	EPOCH:  28	MiniBatch:    2
03/05/2021 12:25:23 - INFO - __main__ -   	EPOCH:  28	MiniBatch:    3
03/05/2021 12:25:24 - INFO - __main__ -   	EPOCH:  28	MiniBatch:    4
03/05/2021 12:25:25 - INFO - __main__ -   	EPOCH:  28	MiniBatch:    5
03/05/2021 12:25:25 - INFO - __main__ -   	EPOCH:  28	MiniBatch:    6
03/05/2021 12:25:26 - INFO - __main__ -   	EPOCH:  28	MiniBatch:    7
03/05/2021 12:25:27 - INFO - __main__ -   	EPOCH:  28	MiniBatch:    8
03/05/2021 12:25:27 - INFO - __main__ -   	EPOCH:  28	MiniBatch:    9
03/05/2021 12:25:28 - INFO - __main__ -   	EPOCH:  28	MiniBatch:   10
03/05/2021 12:25:29 - INFO - __main__ -   	EPOCH:  28	MiniBatch:   11
03/05/2021 12:25:30 - INFO - __main__ -   	EPOCH:  28	MiniBatch:   12
03/05/2021 12:25:30 - INFO - __main__ -   	EPOCH:  28	MiniBatch:   13
03/05/2021 12:25:31 - INFO - __main__ -   	EPOCH:  28	MiniBatch:   14
03/05/2021 12:25:32 - INFO - __main__ -   	EPOCH:  28	MiniBatch:   15
03/05/2021 12:25:32 - INFO - __main__ -   	EPOCH:  28	MiniBatch:   16
03/05/2021 12:25:33 - INFO - __main__ -   	EPOCH:  28	MiniBatch:   17
03/05/2021 12:25:34 - INFO - __main__ -   	EPOCH:  28	MiniBatch:   18
03/05/2021 12:25:34 - INFO - __main__ -   	EPOCH:  28	MiniBatch:   19
03/05/2021 12:25:35 - INFO - __main__ -   	EPOCH:  28	MiniBatch:   20
03/05/2021 12:25:36 - INFO - __main__ -   	Testing dev Minibatch:    0
03/05/2021 12:25:37 - INFO - __main__ -   	Testing dev Minibatch:    1
03/05/2021 12:25:37 - INFO - __main__ -   	Testing dev Minibatch:    2
03/05/2021 12:25:38 - INFO - __main__ -   
============ Predict Tweet Stance ============
Labels 	Prec. 	Recall	F1    	Supp  
Denial 	0.6729	0.6557	0.6642	273
Support	0.5667	0.5000	0.5312	204
Comment	0.4693	0.5573	0.5095	192
Queries	0.4706	0.3636	0.4103	22
MacroF1	0.5288
F1w_avg	0.5739
Acc    	57.3

============ Predict Viral Tweets ============
Labels 	Prec. 	Recall	F1    	Supp  
N_viral	0.8363	0.9331	0.8821	553
Viral  	0.5000	0.2681	0.3491	138
MacroF1	0.6156
F1w_avg	0.7756
Acc    	80.0

03/05/2021 12:25:38 - INFO - __main__ -   	EPOCH:  29	MiniBatch:    0
03/05/2021 12:25:39 - INFO - __main__ -   	EPOCH:  29	MiniBatch:    1
03/05/2021 12:25:39 - INFO - __main__ -   	EPOCH:  29	MiniBatch:    2
03/05/2021 12:25:40 - INFO - __main__ -   	EPOCH:  29	MiniBatch:    3
03/05/2021 12:25:41 - INFO - __main__ -   	EPOCH:  29	MiniBatch:    4
03/05/2021 12:25:41 - INFO - __main__ -   	EPOCH:  29	MiniBatch:    5
03/05/2021 12:25:42 - INFO - __main__ -   	EPOCH:  29	MiniBatch:    6
03/05/2021 12:25:43 - INFO - __main__ -   	EPOCH:  29	MiniBatch:    7
03/05/2021 12:25:43 - INFO - __main__ -   	EPOCH:  29	MiniBatch:    8
03/05/2021 12:25:44 - INFO - __main__ -   	EPOCH:  29	MiniBatch:    9
03/05/2021 12:25:45 - INFO - __main__ -   	EPOCH:  29	MiniBatch:   10
03/05/2021 12:25:46 - INFO - __main__ -   	EPOCH:  29	MiniBatch:   11
03/05/2021 12:25:46 - INFO - __main__ -   	EPOCH:  29	MiniBatch:   12
03/05/2021 12:25:47 - INFO - __main__ -   	EPOCH:  29	MiniBatch:   13
03/05/2021 12:25:48 - INFO - __main__ -   	EPOCH:  29	MiniBatch:   14
03/05/2021 12:25:48 - INFO - __main__ -   	EPOCH:  29	MiniBatch:   15
03/05/2021 12:25:49 - INFO - __main__ -   	EPOCH:  29	MiniBatch:   16
03/05/2021 12:25:50 - INFO - __main__ -   	EPOCH:  29	MiniBatch:   17
03/05/2021 12:25:51 - INFO - __main__ -   	EPOCH:  29	MiniBatch:   18
03/05/2021 12:25:51 - INFO - __main__ -   	EPOCH:  29	MiniBatch:   19
03/05/2021 12:25:52 - INFO - __main__ -   	EPOCH:  29	MiniBatch:   20
03/05/2021 12:25:53 - INFO - __main__ -   	Testing dev Minibatch:    0
03/05/2021 12:25:53 - INFO - __main__ -   	Testing dev Minibatch:    1
03/05/2021 12:25:54 - INFO - __main__ -   	Testing dev Minibatch:    2
03/05/2021 12:25:54 - INFO - __main__ -   
============ Predict Tweet Stance ============
Labels 	Prec. 	Recall	F1    	Supp  
Denial 	0.6380	0.7619	0.6945	273
Support	0.5233	0.4951	0.5088	204
Comment	0.5390	0.4323	0.4798	192
Queries	0.4444	0.3636	0.4000	22
MacroF1	0.5208
F1w_avg	0.5706
Acc    	57.9

============ Predict Viral Tweets ============
Labels 	Prec. 	Recall	F1    	Supp  
N_viral	0.8383	0.9186	0.8766	553
Viral  	0.4706	0.2899	0.3587	138
MacroF1	0.6177
F1w_avg	0.7732
Acc    	79.3

03/05/2021 12:25:55 - INFO - __main__ -   	EPOCH:  30	MiniBatch:    0
03/05/2021 12:25:55 - INFO - __main__ -   	EPOCH:  30	MiniBatch:    1
03/05/2021 12:25:56 - INFO - __main__ -   	EPOCH:  30	MiniBatch:    2
03/05/2021 12:25:57 - INFO - __main__ -   	EPOCH:  30	MiniBatch:    3
03/05/2021 12:25:57 - INFO - __main__ -   	EPOCH:  30	MiniBatch:    4
03/05/2021 12:25:58 - INFO - __main__ -   	EPOCH:  30	MiniBatch:    5
03/05/2021 12:25:59 - INFO - __main__ -   	EPOCH:  30	MiniBatch:    6
03/05/2021 12:26:00 - INFO - __main__ -   	EPOCH:  30	MiniBatch:    7
03/05/2021 12:26:00 - INFO - __main__ -   	EPOCH:  30	MiniBatch:    8
03/05/2021 12:26:01 - INFO - __main__ -   	EPOCH:  30	MiniBatch:    9
03/05/2021 12:26:02 - INFO - __main__ -   	EPOCH:  30	MiniBatch:   10
03/05/2021 12:26:02 - INFO - __main__ -   	EPOCH:  30	MiniBatch:   11
03/05/2021 12:26:03 - INFO - __main__ -   	EPOCH:  30	MiniBatch:   12
03/05/2021 12:26:04 - INFO - __main__ -   	EPOCH:  30	MiniBatch:   13
03/05/2021 12:26:04 - INFO - __main__ -   	EPOCH:  30	MiniBatch:   14
03/05/2021 12:26:05 - INFO - __main__ -   	EPOCH:  30	MiniBatch:   15
03/05/2021 12:26:06 - INFO - __main__ -   	EPOCH:  30	MiniBatch:   16
03/05/2021 12:26:07 - INFO - __main__ -   	EPOCH:  30	MiniBatch:   17
03/05/2021 12:26:07 - INFO - __main__ -   	EPOCH:  30	MiniBatch:   18
03/05/2021 12:26:08 - INFO - __main__ -   	EPOCH:  30	MiniBatch:   19
03/05/2021 12:26:09 - INFO - __main__ -   	EPOCH:  30	MiniBatch:   20
03/05/2021 12:26:09 - INFO - __main__ -   	Testing dev Minibatch:    0
03/05/2021 12:26:10 - INFO - __main__ -   	Testing dev Minibatch:    1
03/05/2021 12:26:11 - INFO - __main__ -   	Testing dev Minibatch:    2
03/05/2021 12:26:11 - INFO - __main__ -   
============ Predict Tweet Stance ============
Labels 	Prec. 	Recall	F1    	Supp  
Denial 	0.6118	0.7619	0.6786	273
Support	0.5206	0.4951	0.5075	204
Comment	0.6000	0.4375	0.5060	192
Queries	0.5294	0.4091	0.4615	22
MacroF1	0.5384
F1w_avg	0.5732
Acc    	58.2

============ Predict Viral Tweets ============
Labels 	Prec. 	Recall	F1    	Supp  
N_viral	0.8317	0.9295	0.8779	553
Viral  	0.4658	0.2464	0.3223	138
MacroF1	0.6001
F1w_avg	0.7669
Acc    	79.3

03/05/2021 12:26:11 - INFO - __main__ -   	EPOCH:  31	MiniBatch:    0
03/05/2021 12:26:12 - INFO - __main__ -   	EPOCH:  31	MiniBatch:    1
03/05/2021 12:26:13 - INFO - __main__ -   	EPOCH:  31	MiniBatch:    2
03/05/2021 12:26:13 - INFO - __main__ -   	EPOCH:  31	MiniBatch:    3
03/05/2021 12:26:14 - INFO - __main__ -   	EPOCH:  31	MiniBatch:    4
03/05/2021 12:26:15 - INFO - __main__ -   	EPOCH:  31	MiniBatch:    5
03/05/2021 12:26:16 - INFO - __main__ -   	EPOCH:  31	MiniBatch:    6
03/05/2021 12:26:16 - INFO - __main__ -   	EPOCH:  31	MiniBatch:    7
03/05/2021 12:26:17 - INFO - __main__ -   	EPOCH:  31	MiniBatch:    8
03/05/2021 12:26:18 - INFO - __main__ -   	EPOCH:  31	MiniBatch:    9
03/05/2021 12:26:18 - INFO - __main__ -   	EPOCH:  31	MiniBatch:   10
03/05/2021 12:26:19 - INFO - __main__ -   	EPOCH:  31	MiniBatch:   11
03/05/2021 12:26:20 - INFO - __main__ -   	EPOCH:  31	MiniBatch:   12
03/05/2021 12:26:20 - INFO - __main__ -   	EPOCH:  31	MiniBatch:   13
03/05/2021 12:26:21 - INFO - __main__ -   	EPOCH:  31	MiniBatch:   14
03/05/2021 12:26:22 - INFO - __main__ -   	EPOCH:  31	MiniBatch:   15
03/05/2021 12:26:23 - INFO - __main__ -   	EPOCH:  31	MiniBatch:   16
03/05/2021 12:26:23 - INFO - __main__ -   	EPOCH:  31	MiniBatch:   17
03/05/2021 12:26:24 - INFO - __main__ -   	EPOCH:  31	MiniBatch:   18
03/05/2021 12:26:25 - INFO - __main__ -   	EPOCH:  31	MiniBatch:   19
03/05/2021 12:26:25 - INFO - __main__ -   	EPOCH:  31	MiniBatch:   20
03/05/2021 12:26:26 - INFO - __main__ -   	Testing dev Minibatch:    0
03/05/2021 12:26:27 - INFO - __main__ -   	Testing dev Minibatch:    1
03/05/2021 12:26:28 - INFO - __main__ -   	Testing dev Minibatch:    2
03/05/2021 12:26:28 - INFO - __main__ -   
============ Predict Tweet Stance ============
Labels 	Prec. 	Recall	F1    	Supp  
Denial 	0.7143	0.6777	0.6955	273
Support	0.5531	0.6127	0.5814	204
Comment	0.5475	0.5104	0.5283	192
Queries	0.4444	0.5455	0.4898	22
MacroF1	0.5737
F1w_avg	0.6088
Acc    	60.8

============ Predict Viral Tweets ============
Labels 	Prec. 	Recall	F1    	Supp  
N_viral	0.8403	0.9132	0.8752	553
Viral  	0.4667	0.3043	0.3684	138
MacroF1	0.6218
F1w_avg	0.7740
Acc    	79.2

03/05/2021 12:26:28 - INFO - __main__ -   	EPOCH:  32	MiniBatch:    0
03/05/2021 12:26:29 - INFO - __main__ -   	EPOCH:  32	MiniBatch:    1
03/05/2021 12:26:29 - INFO - __main__ -   	EPOCH:  32	MiniBatch:    2
03/05/2021 12:26:30 - INFO - __main__ -   	EPOCH:  32	MiniBatch:    3
03/05/2021 12:26:31 - INFO - __main__ -   	EPOCH:  32	MiniBatch:    4
03/05/2021 12:26:32 - INFO - __main__ -   	EPOCH:  32	MiniBatch:    5
03/05/2021 12:26:32 - INFO - __main__ -   	EPOCH:  32	MiniBatch:    6
03/05/2021 12:26:33 - INFO - __main__ -   	EPOCH:  32	MiniBatch:    7
03/05/2021 12:26:34 - INFO - __main__ -   	EPOCH:  32	MiniBatch:    8
03/05/2021 12:26:34 - INFO - __main__ -   	EPOCH:  32	MiniBatch:    9
03/05/2021 12:26:35 - INFO - __main__ -   	EPOCH:  32	MiniBatch:   10
03/05/2021 12:26:36 - INFO - __main__ -   	EPOCH:  32	MiniBatch:   11
03/05/2021 12:26:37 - INFO - __main__ -   	EPOCH:  32	MiniBatch:   12
03/05/2021 12:26:37 - INFO - __main__ -   	EPOCH:  32	MiniBatch:   13
03/05/2021 12:26:38 - INFO - __main__ -   	EPOCH:  32	MiniBatch:   14
03/05/2021 12:26:39 - INFO - __main__ -   	EPOCH:  32	MiniBatch:   15
03/05/2021 12:26:39 - INFO - __main__ -   	EPOCH:  32	MiniBatch:   16
03/05/2021 12:26:40 - INFO - __main__ -   	EPOCH:  32	MiniBatch:   17
03/05/2021 12:26:41 - INFO - __main__ -   	EPOCH:  32	MiniBatch:   18
03/05/2021 12:26:42 - INFO - __main__ -   	EPOCH:  32	MiniBatch:   19
03/05/2021 12:26:42 - INFO - __main__ -   	EPOCH:  32	MiniBatch:   20
03/05/2021 12:26:43 - INFO - __main__ -   	Testing dev Minibatch:    0
03/05/2021 12:26:44 - INFO - __main__ -   	Testing dev Minibatch:    1
03/05/2021 12:26:44 - INFO - __main__ -   	Testing dev Minibatch:    2
03/05/2021 12:26:45 - INFO - __main__ -   
============ Predict Tweet Stance ============
Labels 	Prec. 	Recall	F1    	Supp  
Denial 	0.6747	0.7216	0.6973	273
Support	0.5592	0.5784	0.5687	204
Comment	0.5529	0.4896	0.5193	192
Queries	0.4444	0.3636	0.4000	22
MacroF1	0.5463
F1w_avg	0.6004
Acc    	60.3

============ Predict Viral Tweets ============
Labels 	Prec. 	Recall	F1    	Supp  
N_viral	0.8339	0.9259	0.8775	553
Viral  	0.4675	0.2609	0.3349	138
MacroF1	0.6062
F1w_avg	0.7691
Acc    	79.3

03/05/2021 12:26:45 - INFO - __main__ -   	EPOCH:  33	MiniBatch:    0
03/05/2021 12:26:46 - INFO - __main__ -   	EPOCH:  33	MiniBatch:    1
03/05/2021 12:26:46 - INFO - __main__ -   	EPOCH:  33	MiniBatch:    2
03/05/2021 12:26:47 - INFO - __main__ -   	EPOCH:  33	MiniBatch:    3
03/05/2021 12:26:48 - INFO - __main__ -   	EPOCH:  33	MiniBatch:    4
03/05/2021 12:26:48 - INFO - __main__ -   	EPOCH:  33	MiniBatch:    5
03/05/2021 12:26:49 - INFO - __main__ -   	EPOCH:  33	MiniBatch:    6
03/05/2021 12:26:50 - INFO - __main__ -   	EPOCH:  33	MiniBatch:    7
03/05/2021 12:26:50 - INFO - __main__ -   	EPOCH:  33	MiniBatch:    8
03/05/2021 12:26:51 - INFO - __main__ -   	EPOCH:  33	MiniBatch:    9
03/05/2021 12:26:52 - INFO - __main__ -   	EPOCH:  33	MiniBatch:   10
03/05/2021 12:26:53 - INFO - __main__ -   	EPOCH:  33	MiniBatch:   11
03/05/2021 12:26:53 - INFO - __main__ -   	EPOCH:  33	MiniBatch:   12
03/05/2021 12:26:54 - INFO - __main__ -   	EPOCH:  33	MiniBatch:   13
03/05/2021 12:26:55 - INFO - __main__ -   	EPOCH:  33	MiniBatch:   14
03/05/2021 12:26:55 - INFO - __main__ -   	EPOCH:  33	MiniBatch:   15
03/05/2021 12:26:56 - INFO - __main__ -   	EPOCH:  33	MiniBatch:   16
03/05/2021 12:26:57 - INFO - __main__ -   	EPOCH:  33	MiniBatch:   17
03/05/2021 12:26:58 - INFO - __main__ -   	EPOCH:  33	MiniBatch:   18
03/05/2021 12:26:58 - INFO - __main__ -   	EPOCH:  33	MiniBatch:   19
03/05/2021 12:26:59 - INFO - __main__ -   	EPOCH:  33	MiniBatch:   20
03/05/2021 12:27:00 - INFO - __main__ -   	Testing dev Minibatch:    0
03/05/2021 12:27:00 - INFO - __main__ -   	Testing dev Minibatch:    1
03/05/2021 12:27:01 - INFO - __main__ -   	Testing dev Minibatch:    2
03/05/2021 12:27:01 - INFO - __main__ -   
============ Predict Tweet Stance ============
Labels 	Prec. 	Recall	F1    	Supp  
Denial 	0.6903	0.6777	0.6839	273
Support	0.5286	0.5882	0.5568	204
Comment	0.5249	0.4948	0.5094	192
Queries	0.4667	0.3182	0.3784	22
MacroF1	0.5321
F1w_avg	0.5882
Acc    	58.9

============ Predict Viral Tweets ============
Labels 	Prec. 	Recall	F1    	Supp  
N_viral	0.8458	0.9222	0.8824	553
Viral  	0.5114	0.3261	0.3982	138
MacroF1	0.6403
F1w_avg	0.7857
Acc    	80.3

03/05/2021 12:27:01 - INFO - __main__ -   No improvements in F1 for 20 epochs
03/05/2021 12:27:03 - INFO - __main__ -   	Testing test Minibatch:    0
03/05/2021 12:27:04 - INFO - __main__ -   	Testing test Minibatch:    1
03/05/2021 12:27:05 - INFO - __main__ -   	Testing test Minibatch:    2
03/05/2021 12:27:05 - INFO - __main__ -   
============ Predict Tweet Stance ============
Labels 	Prec. 	Recall	F1    	Supp  
Denial 	0.6643	0.7132	0.6879	258
Support	0.6010	0.5179	0.5564	224
Comment	0.4853	0.5294	0.5064	187
Queries	0.5000	0.3913	0.4390	23
MacroF1	0.5474
F1w_avg	0.5880
Acc    	59.0

============ Predict Viral Tweets ============
Labels 	Prec. 	Recall	F1    	Supp  
N_viral	0.8866	0.8481	0.8669	553
Viral  	0.4847	0.5683	0.5232	139
MacroF1	0.6950
F1w_avg	0.7979
Acc    	79.2

03/05/2021 12:27:05 - INFO - __main__ -   Time taken: 0h 9m 52s
