03/05/2021 12:27:08 - INFO - __main__ -   ----------------- Hyperparameters ------------------
03/05/2021 12:27:08 - INFO - __main__ -   ======== mtt_Bertweet =========
03/05/2021 12:27:08 - INFO - __main__ -   ===== Hyperparameters ======
03/05/2021 12:27:08 - INFO - __main__ -   ('batch_train', 100)
03/05/2021 12:27:08 - INFO - __main__ -   ('batch_test', 300)
03/05/2021 12:27:08 - INFO - __main__ -   ('epochs', 200)
03/05/2021 12:27:08 - INFO - __main__ -   ('learning_rate', 4e-05)
03/05/2021 12:27:08 - INFO - __main__ -   ('optimizer', 'adam')
03/05/2021 12:27:08 - INFO - __main__ -   ('do_train', True)
03/05/2021 12:27:08 - INFO - __main__ -   ('do_test', True)
03/05/2021 12:27:08 - INFO - __main__ -   ('model_name', 'mtt_Bertweet')
03/05/2021 12:27:08 - INFO - __main__ -   ('exp_name', 'exp29')
03/05/2021 12:27:08 - INFO - __main__ -   ('train_data', './data/train_set_128_w_length_bertweet.bin')
03/05/2021 12:27:08 - INFO - __main__ -   ('test_data', './data/test_set_128_w_length_bertweet.bin')
03/05/2021 12:27:08 - INFO - __main__ -   ('k_folds', 4)
03/05/2021 12:27:08 - INFO - __main__ -   ('folds2run', 1)
03/05/2021 12:27:08 - INFO - __main__ -   ('debug', False)
03/05/2021 12:27:08 - INFO - __main__ -   ('log_interval', 1)
03/05/2021 12:27:08 - INFO - __main__ -   ('loss_fn', 'ce_loss')
03/05/2021 12:27:08 - INFO - __main__ -   ('w_sample', True)
03/05/2021 12:27:08 - INFO - __main__ -   ('pretrain_model', '')
03/05/2021 12:27:08 - INFO - __main__ -   ('epochs2giveup', 20)
03/05/2021 12:27:08 - INFO - __main__ -   ('dropout', 0.1)
03/05/2021 12:27:08 - INFO - __main__ -   ('viral_attr', 'likes')
03/05/2021 12:27:08 - INFO - __main__ -   ('viral_threshold', 90.0)
03/05/2021 12:27:08 - INFO - __main__ -   ('weight_attr', 'stance')
03/05/2021 12:27:08 - INFO - __main__ -   ('task', 'multi')
03/05/2021 12:27:08 - INFO - __main__ -   ('mtt_weight', 1.0)
03/05/2021 12:27:08 - INFO - __main__ -   ------------------ Getting model -------------------
03/05/2021 12:27:14 - INFO - __main__ -   --------------- Getting dataframes -----------------
03/05/2021 12:27:14 - INFO - __main__ -   ------- Setting loss function and optimizer --------
03/05/2021 12:27:14 - INFO - __main__ -   ------------ Converting to dataloaders -------------
03/05/2021 12:27:14 - INFO - __main__ -   class:    0 	count:  752
03/05/2021 12:27:14 - INFO - __main__ -   class:    1 	count:  616
03/05/2021 12:27:14 - INFO - __main__ -   class:    2 	count:  631
03/05/2021 12:27:14 - INFO - __main__ -   class:    3 	count:   76
03/05/2021 12:27:14 - INFO - __main__ -   ---------------- Starting training -----------------
03/05/2021 12:27:14 - INFO - __main__ -   	EPOCH:   0	MiniBatch:    0
03/05/2021 12:27:15 - INFO - __main__ -   	EPOCH:   0	MiniBatch:    1
03/05/2021 12:27:16 - INFO - __main__ -   	EPOCH:   0	MiniBatch:    2
03/05/2021 12:27:17 - INFO - __main__ -   	EPOCH:   0	MiniBatch:    3
03/05/2021 12:27:17 - INFO - __main__ -   	EPOCH:   0	MiniBatch:    4
03/05/2021 12:27:18 - INFO - __main__ -   	EPOCH:   0	MiniBatch:    5
03/05/2021 12:27:19 - INFO - __main__ -   	EPOCH:   0	MiniBatch:    6
03/05/2021 12:27:19 - INFO - __main__ -   	EPOCH:   0	MiniBatch:    7
03/05/2021 12:27:20 - INFO - __main__ -   	EPOCH:   0	MiniBatch:    8
03/05/2021 12:27:21 - INFO - __main__ -   	EPOCH:   0	MiniBatch:    9
03/05/2021 12:27:21 - INFO - __main__ -   	EPOCH:   0	MiniBatch:   10
03/05/2021 12:27:22 - INFO - __main__ -   	EPOCH:   0	MiniBatch:   11
03/05/2021 12:27:23 - INFO - __main__ -   	EPOCH:   0	MiniBatch:   12
03/05/2021 12:27:24 - INFO - __main__ -   	EPOCH:   0	MiniBatch:   13
03/05/2021 12:27:24 - INFO - __main__ -   	EPOCH:   0	MiniBatch:   14
03/05/2021 12:27:25 - INFO - __main__ -   	EPOCH:   0	MiniBatch:   15
03/05/2021 12:27:26 - INFO - __main__ -   	EPOCH:   0	MiniBatch:   16
03/05/2021 12:27:26 - INFO - __main__ -   	EPOCH:   0	MiniBatch:   17
03/05/2021 12:27:27 - INFO - __main__ -   	EPOCH:   0	MiniBatch:   18
03/05/2021 12:27:28 - INFO - __main__ -   	EPOCH:   0	MiniBatch:   19
03/05/2021 12:27:28 - INFO - __main__ -   	EPOCH:   0	MiniBatch:   20
03/05/2021 12:27:29 - INFO - __main__ -   	Testing dev Minibatch:    0
03/05/2021 12:27:30 - INFO - __main__ -   	Testing dev Minibatch:    1
03/05/2021 12:27:31 - INFO - __main__ -   	Testing dev Minibatch:    2
03/05/2021 12:27:31 - INFO - __main__ -   
============ Predict Tweet Stance ============
Labels 	Prec. 	Recall	F1    	Supp  
Denial 	0.3996	0.7582	0.5234	273
Support	0.0000	0.0000	0.0000	204
Comment	0.3750	0.0781	0.1293	192
Queries	0.0376	0.2273	0.0645	22
MacroF1	0.1793
F1w_avg	0.2448
Acc    	32.9

============ Predict Viral Tweets ============
Labels 	Prec. 	Recall	F1    	Supp  
N_viral	0.9001	1.0000	0.9474	622
Viral  	0.0000	0.0000	0.0000	69
MacroF1	0.4737
F1w_avg	0.8528
Acc    	90.0

03/05/2021 12:27:31 - INFO - __main__ -   Best results so far. Saving model...
03/05/2021 12:27:33 - INFO - __main__ -   	EPOCH:   1	MiniBatch:    0
03/05/2021 12:27:33 - INFO - __main__ -   	EPOCH:   1	MiniBatch:    1
03/05/2021 12:27:34 - INFO - __main__ -   	EPOCH:   1	MiniBatch:    2
03/05/2021 12:27:35 - INFO - __main__ -   	EPOCH:   1	MiniBatch:    3
03/05/2021 12:27:35 - INFO - __main__ -   	EPOCH:   1	MiniBatch:    4
03/05/2021 12:27:36 - INFO - __main__ -   	EPOCH:   1	MiniBatch:    5
03/05/2021 12:27:37 - INFO - __main__ -   	EPOCH:   1	MiniBatch:    6
03/05/2021 12:27:38 - INFO - __main__ -   	EPOCH:   1	MiniBatch:    7
03/05/2021 12:27:38 - INFO - __main__ -   	EPOCH:   1	MiniBatch:    8
03/05/2021 12:27:39 - INFO - __main__ -   	EPOCH:   1	MiniBatch:    9
03/05/2021 12:27:40 - INFO - __main__ -   	EPOCH:   1	MiniBatch:   10
03/05/2021 12:27:40 - INFO - __main__ -   	EPOCH:   1	MiniBatch:   11
03/05/2021 12:27:41 - INFO - __main__ -   	EPOCH:   1	MiniBatch:   12
03/05/2021 12:27:42 - INFO - __main__ -   	EPOCH:   1	MiniBatch:   13
03/05/2021 12:27:42 - INFO - __main__ -   	EPOCH:   1	MiniBatch:   14
03/05/2021 12:27:43 - INFO - __main__ -   	EPOCH:   1	MiniBatch:   15
03/05/2021 12:27:44 - INFO - __main__ -   	EPOCH:   1	MiniBatch:   16
03/05/2021 12:27:45 - INFO - __main__ -   	EPOCH:   1	MiniBatch:   17
03/05/2021 12:27:45 - INFO - __main__ -   	EPOCH:   1	MiniBatch:   18
03/05/2021 12:27:46 - INFO - __main__ -   	EPOCH:   1	MiniBatch:   19
03/05/2021 12:27:47 - INFO - __main__ -   	EPOCH:   1	MiniBatch:   20
03/05/2021 12:27:47 - INFO - __main__ -   	Testing dev Minibatch:    0
03/05/2021 12:27:48 - INFO - __main__ -   	Testing dev Minibatch:    1
03/05/2021 12:27:49 - INFO - __main__ -   	Testing dev Minibatch:    2
03/05/2021 12:27:49 - INFO - __main__ -   
============ Predict Tweet Stance ============
Labels 	Prec. 	Recall	F1    	Supp  
Denial 	0.4896	0.6923	0.5736	273
Support	0.3889	0.1373	0.2029	204
Comment	0.4273	0.2448	0.3113	192
Queries	0.1382	0.7727	0.2345	22
MacroF1	0.3306
F1w_avg	0.3805
Acc    	40.7

============ Predict Viral Tweets ============
Labels 	Prec. 	Recall	F1    	Supp  
N_viral	0.9001	1.0000	0.9474	622
Viral  	0.0000	0.0000	0.0000	69
MacroF1	0.4737
F1w_avg	0.8528
Acc    	90.0

03/05/2021 12:27:49 - INFO - __main__ -   Best results so far. Saving model...
03/05/2021 12:27:51 - INFO - __main__ -   	EPOCH:   2	MiniBatch:    0
03/05/2021 12:27:52 - INFO - __main__ -   	EPOCH:   2	MiniBatch:    1
03/05/2021 12:27:52 - INFO - __main__ -   	EPOCH:   2	MiniBatch:    2
03/05/2021 12:27:53 - INFO - __main__ -   	EPOCH:   2	MiniBatch:    3
03/05/2021 12:27:54 - INFO - __main__ -   	EPOCH:   2	MiniBatch:    4
03/05/2021 12:27:54 - INFO - __main__ -   	EPOCH:   2	MiniBatch:    5
03/05/2021 12:27:55 - INFO - __main__ -   	EPOCH:   2	MiniBatch:    6
03/05/2021 12:27:56 - INFO - __main__ -   	EPOCH:   2	MiniBatch:    7
03/05/2021 12:27:56 - INFO - __main__ -   	EPOCH:   2	MiniBatch:    8
03/05/2021 12:27:57 - INFO - __main__ -   	EPOCH:   2	MiniBatch:    9
03/05/2021 12:27:58 - INFO - __main__ -   	EPOCH:   2	MiniBatch:   10
03/05/2021 12:27:59 - INFO - __main__ -   	EPOCH:   2	MiniBatch:   11
03/05/2021 12:27:59 - INFO - __main__ -   	EPOCH:   2	MiniBatch:   12
03/05/2021 12:28:00 - INFO - __main__ -   	EPOCH:   2	MiniBatch:   13
03/05/2021 12:28:01 - INFO - __main__ -   	EPOCH:   2	MiniBatch:   14
03/05/2021 12:28:01 - INFO - __main__ -   	EPOCH:   2	MiniBatch:   15
03/05/2021 12:28:02 - INFO - __main__ -   	EPOCH:   2	MiniBatch:   16
03/05/2021 12:28:03 - INFO - __main__ -   	EPOCH:   2	MiniBatch:   17
03/05/2021 12:28:03 - INFO - __main__ -   	EPOCH:   2	MiniBatch:   18
03/05/2021 12:28:04 - INFO - __main__ -   	EPOCH:   2	MiniBatch:   19
03/05/2021 12:28:05 - INFO - __main__ -   	EPOCH:   2	MiniBatch:   20
03/05/2021 12:28:06 - INFO - __main__ -   	Testing dev Minibatch:    0
03/05/2021 12:28:06 - INFO - __main__ -   	Testing dev Minibatch:    1
03/05/2021 12:28:07 - INFO - __main__ -   	Testing dev Minibatch:    2
03/05/2021 12:28:07 - INFO - __main__ -   
============ Predict Tweet Stance ============
Labels 	Prec. 	Recall	F1    	Supp  
Denial 	0.6210	0.2821	0.3879	273
Support	0.3900	0.4951	0.4363	204
Comment	0.4118	0.5833	0.4828	192
Queries	0.3889	0.6364	0.4828	22
MacroF1	0.4474
F1w_avg	0.4316
Acc    	44.0

============ Predict Viral Tweets ============
Labels 	Prec. 	Recall	F1    	Supp  
N_viral	0.9001	1.0000	0.9474	622
Viral  	0.0000	0.0000	0.0000	69
MacroF1	0.4737
F1w_avg	0.8528
Acc    	90.0

03/05/2021 12:28:07 - INFO - __main__ -   Best results so far. Saving model...
03/05/2021 12:28:09 - INFO - __main__ -   	EPOCH:   3	MiniBatch:    0
03/05/2021 12:28:10 - INFO - __main__ -   	EPOCH:   3	MiniBatch:    1
03/05/2021 12:28:10 - INFO - __main__ -   	EPOCH:   3	MiniBatch:    2
03/05/2021 12:28:11 - INFO - __main__ -   	EPOCH:   3	MiniBatch:    3
03/05/2021 12:28:12 - INFO - __main__ -   	EPOCH:   3	MiniBatch:    4
03/05/2021 12:28:13 - INFO - __main__ -   	EPOCH:   3	MiniBatch:    5
03/05/2021 12:28:13 - INFO - __main__ -   	EPOCH:   3	MiniBatch:    6
03/05/2021 12:28:14 - INFO - __main__ -   	EPOCH:   3	MiniBatch:    7
03/05/2021 12:28:15 - INFO - __main__ -   	EPOCH:   3	MiniBatch:    8
03/05/2021 12:28:15 - INFO - __main__ -   	EPOCH:   3	MiniBatch:    9
03/05/2021 12:28:16 - INFO - __main__ -   	EPOCH:   3	MiniBatch:   10
03/05/2021 12:28:17 - INFO - __main__ -   	EPOCH:   3	MiniBatch:   11
03/05/2021 12:28:17 - INFO - __main__ -   	EPOCH:   3	MiniBatch:   12
03/05/2021 12:28:18 - INFO - __main__ -   	EPOCH:   3	MiniBatch:   13
03/05/2021 12:28:19 - INFO - __main__ -   	EPOCH:   3	MiniBatch:   14
03/05/2021 12:28:20 - INFO - __main__ -   	EPOCH:   3	MiniBatch:   15
03/05/2021 12:28:20 - INFO - __main__ -   	EPOCH:   3	MiniBatch:   16
03/05/2021 12:28:21 - INFO - __main__ -   	EPOCH:   3	MiniBatch:   17
03/05/2021 12:28:22 - INFO - __main__ -   	EPOCH:   3	MiniBatch:   18
03/05/2021 12:28:22 - INFO - __main__ -   	EPOCH:   3	MiniBatch:   19
03/05/2021 12:28:23 - INFO - __main__ -   	EPOCH:   3	MiniBatch:   20
03/05/2021 12:28:24 - INFO - __main__ -   	Testing dev Minibatch:    0
03/05/2021 12:28:24 - INFO - __main__ -   	Testing dev Minibatch:    1
03/05/2021 12:28:25 - INFO - __main__ -   	Testing dev Minibatch:    2
03/05/2021 12:28:25 - INFO - __main__ -   
============ Predict Tweet Stance ============
Labels 	Prec. 	Recall	F1    	Supp  
Denial 	0.7556	0.3736	0.5000	273
Support	0.4541	0.5098	0.4804	204
Comment	0.4258	0.6875	0.5259	192
Queries	0.5294	0.4091	0.4615	22
MacroF1	0.4920
F1w_avg	0.5002
Acc    	50.2

============ Predict Viral Tweets ============
Labels 	Prec. 	Recall	F1    	Supp  
N_viral	0.9033	0.9759	0.9382	622
Viral  	0.2105	0.0580	0.0909	69
MacroF1	0.5145
F1w_avg	0.8536
Acc    	88.4

03/05/2021 12:28:25 - INFO - __main__ -   Best results so far. Saving model...
03/05/2021 12:28:27 - INFO - __main__ -   	EPOCH:   4	MiniBatch:    0
03/05/2021 12:28:28 - INFO - __main__ -   	EPOCH:   4	MiniBatch:    1
03/05/2021 12:28:29 - INFO - __main__ -   	EPOCH:   4	MiniBatch:    2
03/05/2021 12:28:29 - INFO - __main__ -   	EPOCH:   4	MiniBatch:    3
03/05/2021 12:28:30 - INFO - __main__ -   	EPOCH:   4	MiniBatch:    4
03/05/2021 12:28:31 - INFO - __main__ -   	EPOCH:   4	MiniBatch:    5
03/05/2021 12:28:31 - INFO - __main__ -   	EPOCH:   4	MiniBatch:    6
03/05/2021 12:28:32 - INFO - __main__ -   	EPOCH:   4	MiniBatch:    7
03/05/2021 12:28:33 - INFO - __main__ -   	EPOCH:   4	MiniBatch:    8
03/05/2021 12:28:34 - INFO - __main__ -   	EPOCH:   4	MiniBatch:    9
03/05/2021 12:28:34 - INFO - __main__ -   	EPOCH:   4	MiniBatch:   10
03/05/2021 12:28:35 - INFO - __main__ -   	EPOCH:   4	MiniBatch:   11
03/05/2021 12:28:36 - INFO - __main__ -   	EPOCH:   4	MiniBatch:   12
03/05/2021 12:28:36 - INFO - __main__ -   	EPOCH:   4	MiniBatch:   13
03/05/2021 12:28:37 - INFO - __main__ -   	EPOCH:   4	MiniBatch:   14
03/05/2021 12:28:38 - INFO - __main__ -   	EPOCH:   4	MiniBatch:   15
03/05/2021 12:28:38 - INFO - __main__ -   	EPOCH:   4	MiniBatch:   16
03/05/2021 12:28:39 - INFO - __main__ -   	EPOCH:   4	MiniBatch:   17
03/05/2021 12:28:40 - INFO - __main__ -   	EPOCH:   4	MiniBatch:   18
03/05/2021 12:28:41 - INFO - __main__ -   	EPOCH:   4	MiniBatch:   19
03/05/2021 12:28:41 - INFO - __main__ -   	EPOCH:   4	MiniBatch:   20
03/05/2021 12:28:42 - INFO - __main__ -   	Testing dev Minibatch:    0
03/05/2021 12:28:43 - INFO - __main__ -   	Testing dev Minibatch:    1
03/05/2021 12:28:43 - INFO - __main__ -   	Testing dev Minibatch:    2
03/05/2021 12:28:44 - INFO - __main__ -   
============ Predict Tweet Stance ============
Labels 	Prec. 	Recall	F1    	Supp  
Denial 	0.6903	0.6777	0.6839	273
Support	0.5113	0.5539	0.5318	204
Comment	0.5341	0.4896	0.5109	192
Queries	0.4231	0.5000	0.4583	22
MacroF1	0.5462
F1w_avg	0.5837
Acc    	58.3

============ Predict Viral Tweets ============
Labels 	Prec. 	Recall	F1    	Supp  
N_viral	0.9010	0.9952	0.9458	622
Viral  	0.2500	0.0145	0.0274	69
MacroF1	0.4866
F1w_avg	0.8541
Acc    	89.7

03/05/2021 12:28:44 - INFO - __main__ -   Best results so far. Saving model...
03/05/2021 12:28:45 - INFO - __main__ -   	EPOCH:   5	MiniBatch:    0
03/05/2021 12:28:46 - INFO - __main__ -   	EPOCH:   5	MiniBatch:    1
03/05/2021 12:28:47 - INFO - __main__ -   	EPOCH:   5	MiniBatch:    2
03/05/2021 12:28:48 - INFO - __main__ -   	EPOCH:   5	MiniBatch:    3
03/05/2021 12:28:48 - INFO - __main__ -   	EPOCH:   5	MiniBatch:    4
03/05/2021 12:28:49 - INFO - __main__ -   	EPOCH:   5	MiniBatch:    5
03/05/2021 12:28:50 - INFO - __main__ -   	EPOCH:   5	MiniBatch:    6
03/05/2021 12:28:50 - INFO - __main__ -   	EPOCH:   5	MiniBatch:    7
03/05/2021 12:28:51 - INFO - __main__ -   	EPOCH:   5	MiniBatch:    8
03/05/2021 12:28:52 - INFO - __main__ -   	EPOCH:   5	MiniBatch:    9
03/05/2021 12:28:52 - INFO - __main__ -   	EPOCH:   5	MiniBatch:   10
03/05/2021 12:28:53 - INFO - __main__ -   	EPOCH:   5	MiniBatch:   11
03/05/2021 12:28:54 - INFO - __main__ -   	EPOCH:   5	MiniBatch:   12
03/05/2021 12:28:55 - INFO - __main__ -   	EPOCH:   5	MiniBatch:   13
03/05/2021 12:28:55 - INFO - __main__ -   	EPOCH:   5	MiniBatch:   14
03/05/2021 12:28:56 - INFO - __main__ -   	EPOCH:   5	MiniBatch:   15
03/05/2021 12:28:57 - INFO - __main__ -   	EPOCH:   5	MiniBatch:   16
03/05/2021 12:28:57 - INFO - __main__ -   	EPOCH:   5	MiniBatch:   17
03/05/2021 12:28:58 - INFO - __main__ -   	EPOCH:   5	MiniBatch:   18
03/05/2021 12:28:59 - INFO - __main__ -   	EPOCH:   5	MiniBatch:   19
03/05/2021 12:29:00 - INFO - __main__ -   	EPOCH:   5	MiniBatch:   20
03/05/2021 12:29:00 - INFO - __main__ -   	Testing dev Minibatch:    0
03/05/2021 12:29:01 - INFO - __main__ -   	Testing dev Minibatch:    1
03/05/2021 12:29:02 - INFO - __main__ -   	Testing dev Minibatch:    2
03/05/2021 12:29:02 - INFO - __main__ -   
============ Predict Tweet Stance ============
Labels 	Prec. 	Recall	F1    	Supp  
Denial 	0.6974	0.6923	0.6949	273
Support	0.5155	0.4902	0.5025	204
Comment	0.4882	0.5365	0.5112	192
Queries	0.5333	0.3636	0.4324	22
MacroF1	0.5352
F1w_avg	0.5787
Acc    	57.9

============ Predict Viral Tweets ============
Labels 	Prec. 	Recall	F1    	Supp  
N_viral	0.9068	0.9695	0.9371	622
Viral  	0.2692	0.1014	0.1474	69
MacroF1	0.5422
F1w_avg	0.8582
Acc    	88.3

03/05/2021 12:29:02 - INFO - __main__ -   Best results so far. Saving model...
03/05/2021 12:29:04 - INFO - __main__ -   	EPOCH:   6	MiniBatch:    0
03/05/2021 12:29:04 - INFO - __main__ -   	EPOCH:   6	MiniBatch:    1
03/05/2021 12:29:05 - INFO - __main__ -   	EPOCH:   6	MiniBatch:    2
03/05/2021 12:29:06 - INFO - __main__ -   	EPOCH:   6	MiniBatch:    3
03/05/2021 12:29:06 - INFO - __main__ -   	EPOCH:   6	MiniBatch:    4
03/05/2021 12:29:07 - INFO - __main__ -   	EPOCH:   6	MiniBatch:    5
03/05/2021 12:29:08 - INFO - __main__ -   	EPOCH:   6	MiniBatch:    6
03/05/2021 12:29:09 - INFO - __main__ -   	EPOCH:   6	MiniBatch:    7
03/05/2021 12:29:09 - INFO - __main__ -   	EPOCH:   6	MiniBatch:    8
03/05/2021 12:29:10 - INFO - __main__ -   	EPOCH:   6	MiniBatch:    9
03/05/2021 12:29:11 - INFO - __main__ -   	EPOCH:   6	MiniBatch:   10
03/05/2021 12:29:11 - INFO - __main__ -   	EPOCH:   6	MiniBatch:   11
03/05/2021 12:29:12 - INFO - __main__ -   	EPOCH:   6	MiniBatch:   12
03/05/2021 12:29:13 - INFO - __main__ -   	EPOCH:   6	MiniBatch:   13
03/05/2021 12:29:13 - INFO - __main__ -   	EPOCH:   6	MiniBatch:   14
03/05/2021 12:29:14 - INFO - __main__ -   	EPOCH:   6	MiniBatch:   15
03/05/2021 12:29:15 - INFO - __main__ -   	EPOCH:   6	MiniBatch:   16
03/05/2021 12:29:16 - INFO - __main__ -   	EPOCH:   6	MiniBatch:   17
03/05/2021 12:29:16 - INFO - __main__ -   	EPOCH:   6	MiniBatch:   18
03/05/2021 12:29:17 - INFO - __main__ -   	EPOCH:   6	MiniBatch:   19
03/05/2021 12:29:18 - INFO - __main__ -   	EPOCH:   6	MiniBatch:   20
03/05/2021 12:29:18 - INFO - __main__ -   	Testing dev Minibatch:    0
03/05/2021 12:29:19 - INFO - __main__ -   	Testing dev Minibatch:    1
03/05/2021 12:29:20 - INFO - __main__ -   	Testing dev Minibatch:    2
03/05/2021 12:29:20 - INFO - __main__ -   
============ Predict Tweet Stance ============
Labels 	Prec. 	Recall	F1    	Supp  
Denial 	0.5881	0.7582	0.6624	273
Support	0.5877	0.3284	0.4214	204
Comment	0.4762	0.5208	0.4975	192
Queries	0.3333	0.2273	0.2703	22
MacroF1	0.4629
F1w_avg	0.5329
Acc    	54.8

============ Predict Viral Tweets ============
Labels 	Prec. 	Recall	F1    	Supp  
N_viral	0.9119	0.9646	0.9375	622
Viral  	0.3333	0.1594	0.2157	69
MacroF1	0.5766
F1w_avg	0.8654
Acc    	88.4

03/05/2021 12:29:20 - INFO - __main__ -   	EPOCH:   7	MiniBatch:    0
03/05/2021 12:29:21 - INFO - __main__ -   	EPOCH:   7	MiniBatch:    1
03/05/2021 12:29:22 - INFO - __main__ -   	EPOCH:   7	MiniBatch:    2
03/05/2021 12:29:22 - INFO - __main__ -   	EPOCH:   7	MiniBatch:    3
03/05/2021 12:29:23 - INFO - __main__ -   	EPOCH:   7	MiniBatch:    4
03/05/2021 12:29:24 - INFO - __main__ -   	EPOCH:   7	MiniBatch:    5
03/05/2021 12:29:25 - INFO - __main__ -   	EPOCH:   7	MiniBatch:    6
03/05/2021 12:29:25 - INFO - __main__ -   	EPOCH:   7	MiniBatch:    7
03/05/2021 12:29:26 - INFO - __main__ -   	EPOCH:   7	MiniBatch:    8
03/05/2021 12:29:27 - INFO - __main__ -   	EPOCH:   7	MiniBatch:    9
03/05/2021 12:29:27 - INFO - __main__ -   	EPOCH:   7	MiniBatch:   10
03/05/2021 12:29:28 - INFO - __main__ -   	EPOCH:   7	MiniBatch:   11
03/05/2021 12:29:29 - INFO - __main__ -   	EPOCH:   7	MiniBatch:   12
03/05/2021 12:29:29 - INFO - __main__ -   	EPOCH:   7	MiniBatch:   13
03/05/2021 12:29:30 - INFO - __main__ -   	EPOCH:   7	MiniBatch:   14
03/05/2021 12:29:31 - INFO - __main__ -   	EPOCH:   7	MiniBatch:   15
03/05/2021 12:29:32 - INFO - __main__ -   	EPOCH:   7	MiniBatch:   16
03/05/2021 12:29:32 - INFO - __main__ -   	EPOCH:   7	MiniBatch:   17
03/05/2021 12:29:33 - INFO - __main__ -   	EPOCH:   7	MiniBatch:   18
03/05/2021 12:29:34 - INFO - __main__ -   	EPOCH:   7	MiniBatch:   19
03/05/2021 12:29:34 - INFO - __main__ -   	EPOCH:   7	MiniBatch:   20
03/05/2021 12:29:35 - INFO - __main__ -   	Testing dev Minibatch:    0
03/05/2021 12:29:36 - INFO - __main__ -   	Testing dev Minibatch:    1
03/05/2021 12:29:37 - INFO - __main__ -   	Testing dev Minibatch:    2
03/05/2021 12:29:37 - INFO - __main__ -   
============ Predict Tweet Stance ============
Labels 	Prec. 	Recall	F1    	Supp  
Denial 	0.7154	0.6630	0.6882	273
Support	0.5804	0.4069	0.4784	204
Comment	0.4504	0.6615	0.5359	192
Queries	0.5385	0.3182	0.4000	22
MacroF1	0.5256
F1w_avg	0.5748
Acc    	57.6

============ Predict Viral Tweets ============
Labels 	Prec. 	Recall	F1    	Supp  
N_viral	0.9031	0.9887	0.9440	622
Viral  	0.3000	0.0435	0.0759	69
MacroF1	0.5100
F1w_avg	0.8573
Acc    	89.4

03/05/2021 12:29:37 - INFO - __main__ -   	EPOCH:   8	MiniBatch:    0
03/05/2021 12:29:38 - INFO - __main__ -   	EPOCH:   8	MiniBatch:    1
03/05/2021 12:29:38 - INFO - __main__ -   	EPOCH:   8	MiniBatch:    2
03/05/2021 12:29:39 - INFO - __main__ -   	EPOCH:   8	MiniBatch:    3
03/05/2021 12:29:40 - INFO - __main__ -   	EPOCH:   8	MiniBatch:    4
03/05/2021 12:29:41 - INFO - __main__ -   	EPOCH:   8	MiniBatch:    5
03/05/2021 12:29:41 - INFO - __main__ -   	EPOCH:   8	MiniBatch:    6
03/05/2021 12:29:42 - INFO - __main__ -   	EPOCH:   8	MiniBatch:    7
03/05/2021 12:29:43 - INFO - __main__ -   	EPOCH:   8	MiniBatch:    8
03/05/2021 12:29:43 - INFO - __main__ -   	EPOCH:   8	MiniBatch:    9
03/05/2021 12:29:44 - INFO - __main__ -   	EPOCH:   8	MiniBatch:   10
03/05/2021 12:29:45 - INFO - __main__ -   	EPOCH:   8	MiniBatch:   11
03/05/2021 12:29:46 - INFO - __main__ -   	EPOCH:   8	MiniBatch:   12
03/05/2021 12:29:46 - INFO - __main__ -   	EPOCH:   8	MiniBatch:   13
03/05/2021 12:29:47 - INFO - __main__ -   	EPOCH:   8	MiniBatch:   14
03/05/2021 12:29:48 - INFO - __main__ -   	EPOCH:   8	MiniBatch:   15
03/05/2021 12:29:48 - INFO - __main__ -   	EPOCH:   8	MiniBatch:   16
03/05/2021 12:29:49 - INFO - __main__ -   	EPOCH:   8	MiniBatch:   17
03/05/2021 12:29:50 - INFO - __main__ -   	EPOCH:   8	MiniBatch:   18
03/05/2021 12:29:50 - INFO - __main__ -   	EPOCH:   8	MiniBatch:   19
03/05/2021 12:29:51 - INFO - __main__ -   	EPOCH:   8	MiniBatch:   20
03/05/2021 12:29:52 - INFO - __main__ -   	Testing dev Minibatch:    0
03/05/2021 12:29:53 - INFO - __main__ -   	Testing dev Minibatch:    1
03/05/2021 12:29:53 - INFO - __main__ -   	Testing dev Minibatch:    2
03/05/2021 12:29:54 - INFO - __main__ -   
============ Predict Tweet Stance ============
Labels 	Prec. 	Recall	F1    	Supp  
Denial 	0.6159	0.7399	0.6722	273
Support	0.5070	0.5343	0.5203	204
Comment	0.5224	0.3646	0.4294	192
Queries	0.5000	0.3182	0.3889	22
MacroF1	0.5027
F1w_avg	0.5509
Acc    	56.2

============ Predict Viral Tweets ============
Labels 	Prec. 	Recall	F1    	Supp  
N_viral	0.9075	0.9775	0.9412	622
Viral  	0.3333	0.1014	0.1556	69
MacroF1	0.5484
F1w_avg	0.8627
Acc    	89.0

03/05/2021 12:29:54 - INFO - __main__ -   	EPOCH:   9	MiniBatch:    0
03/05/2021 12:29:54 - INFO - __main__ -   	EPOCH:   9	MiniBatch:    1
03/05/2021 12:29:55 - INFO - __main__ -   	EPOCH:   9	MiniBatch:    2
03/05/2021 12:29:56 - INFO - __main__ -   	EPOCH:   9	MiniBatch:    3
03/05/2021 12:29:57 - INFO - __main__ -   	EPOCH:   9	MiniBatch:    4
03/05/2021 12:29:57 - INFO - __main__ -   	EPOCH:   9	MiniBatch:    5
03/05/2021 12:29:58 - INFO - __main__ -   	EPOCH:   9	MiniBatch:    6
03/05/2021 12:29:59 - INFO - __main__ -   	EPOCH:   9	MiniBatch:    7
03/05/2021 12:29:59 - INFO - __main__ -   	EPOCH:   9	MiniBatch:    8
03/05/2021 12:30:00 - INFO - __main__ -   	EPOCH:   9	MiniBatch:    9
03/05/2021 12:30:01 - INFO - __main__ -   	EPOCH:   9	MiniBatch:   10
03/05/2021 12:30:02 - INFO - __main__ -   	EPOCH:   9	MiniBatch:   11
03/05/2021 12:30:02 - INFO - __main__ -   	EPOCH:   9	MiniBatch:   12
03/05/2021 12:30:03 - INFO - __main__ -   	EPOCH:   9	MiniBatch:   13
03/05/2021 12:30:04 - INFO - __main__ -   	EPOCH:   9	MiniBatch:   14
03/05/2021 12:30:04 - INFO - __main__ -   	EPOCH:   9	MiniBatch:   15
03/05/2021 12:30:05 - INFO - __main__ -   	EPOCH:   9	MiniBatch:   16
03/05/2021 12:30:06 - INFO - __main__ -   	EPOCH:   9	MiniBatch:   17
03/05/2021 12:30:06 - INFO - __main__ -   	EPOCH:   9	MiniBatch:   18
03/05/2021 12:30:07 - INFO - __main__ -   	EPOCH:   9	MiniBatch:   19
03/05/2021 12:30:08 - INFO - __main__ -   	EPOCH:   9	MiniBatch:   20
03/05/2021 12:30:09 - INFO - __main__ -   	Testing dev Minibatch:    0
03/05/2021 12:30:09 - INFO - __main__ -   	Testing dev Minibatch:    1
03/05/2021 12:30:10 - INFO - __main__ -   	Testing dev Minibatch:    2
03/05/2021 12:30:10 - INFO - __main__ -   
============ Predict Tweet Stance ============
Labels 	Prec. 	Recall	F1    	Supp  
Denial 	0.6463	0.7363	0.6884	273
Support	0.5512	0.5539	0.5526	204
Comment	0.5091	0.4375	0.4706	192
Queries	0.4000	0.1818	0.2500	22
MacroF1	0.4904
F1w_avg	0.5738
Acc    	58.2

============ Predict Viral Tweets ============
Labels 	Prec. 	Recall	F1    	Supp  
N_viral	0.9152	0.9373	0.9261	622
Viral  	0.2778	0.2174	0.2439	69
MacroF1	0.5850
F1w_avg	0.8580
Acc    	86.5

03/05/2021 12:30:11 - INFO - __main__ -   	EPOCH:  10	MiniBatch:    0
03/05/2021 12:30:11 - INFO - __main__ -   	EPOCH:  10	MiniBatch:    1
03/05/2021 12:30:12 - INFO - __main__ -   	EPOCH:  10	MiniBatch:    2
03/05/2021 12:30:13 - INFO - __main__ -   	EPOCH:  10	MiniBatch:    3
03/05/2021 12:30:13 - INFO - __main__ -   	EPOCH:  10	MiniBatch:    4
03/05/2021 12:30:14 - INFO - __main__ -   	EPOCH:  10	MiniBatch:    5
03/05/2021 12:30:15 - INFO - __main__ -   	EPOCH:  10	MiniBatch:    6
03/05/2021 12:30:15 - INFO - __main__ -   	EPOCH:  10	MiniBatch:    7
03/05/2021 12:30:16 - INFO - __main__ -   	EPOCH:  10	MiniBatch:    8
03/05/2021 12:30:17 - INFO - __main__ -   	EPOCH:  10	MiniBatch:    9
03/05/2021 12:30:18 - INFO - __main__ -   	EPOCH:  10	MiniBatch:   10
03/05/2021 12:30:18 - INFO - __main__ -   	EPOCH:  10	MiniBatch:   11
03/05/2021 12:30:19 - INFO - __main__ -   	EPOCH:  10	MiniBatch:   12
03/05/2021 12:30:20 - INFO - __main__ -   	EPOCH:  10	MiniBatch:   13
03/05/2021 12:30:20 - INFO - __main__ -   	EPOCH:  10	MiniBatch:   14
03/05/2021 12:30:21 - INFO - __main__ -   	EPOCH:  10	MiniBatch:   15
03/05/2021 12:30:22 - INFO - __main__ -   	EPOCH:  10	MiniBatch:   16
03/05/2021 12:30:22 - INFO - __main__ -   	EPOCH:  10	MiniBatch:   17
03/05/2021 12:30:23 - INFO - __main__ -   	EPOCH:  10	MiniBatch:   18
03/05/2021 12:30:24 - INFO - __main__ -   	EPOCH:  10	MiniBatch:   19
03/05/2021 12:30:25 - INFO - __main__ -   	EPOCH:  10	MiniBatch:   20
03/05/2021 12:30:25 - INFO - __main__ -   	Testing dev Minibatch:    0
03/05/2021 12:30:26 - INFO - __main__ -   	Testing dev Minibatch:    1
03/05/2021 12:30:27 - INFO - __main__ -   	Testing dev Minibatch:    2
03/05/2021 12:30:27 - INFO - __main__ -   
============ Predict Tweet Stance ============
Labels 	Prec. 	Recall	F1    	Supp  
Denial 	0.5674	0.8168	0.6697	273
Support	0.5877	0.3284	0.4214	204
Comment	0.5357	0.4688	0.5000	192
Queries	0.4375	0.3182	0.3684	22
MacroF1	0.4899
F1w_avg	0.5396
Acc    	56.0

============ Predict Viral Tweets ============
Labels 	Prec. 	Recall	F1    	Supp  
N_viral	0.9269	0.9373	0.9321	622
Viral  	0.3710	0.3333	0.3511	69
MacroF1	0.6416
F1w_avg	0.8740
Acc    	87.7

03/05/2021 12:30:27 - INFO - __main__ -   Best results so far. Saving model...
03/05/2021 12:30:29 - INFO - __main__ -   	EPOCH:  11	MiniBatch:    0
03/05/2021 12:30:30 - INFO - __main__ -   	EPOCH:  11	MiniBatch:    1
03/05/2021 12:30:30 - INFO - __main__ -   	EPOCH:  11	MiniBatch:    2
03/05/2021 12:30:31 - INFO - __main__ -   	EPOCH:  11	MiniBatch:    3
03/05/2021 12:30:32 - INFO - __main__ -   	EPOCH:  11	MiniBatch:    4
03/05/2021 12:30:32 - INFO - __main__ -   	EPOCH:  11	MiniBatch:    5
03/05/2021 12:30:33 - INFO - __main__ -   	EPOCH:  11	MiniBatch:    6
03/05/2021 12:30:34 - INFO - __main__ -   	EPOCH:  11	MiniBatch:    7
03/05/2021 12:30:34 - INFO - __main__ -   	EPOCH:  11	MiniBatch:    8
03/05/2021 12:30:35 - INFO - __main__ -   	EPOCH:  11	MiniBatch:    9
03/05/2021 12:30:36 - INFO - __main__ -   	EPOCH:  11	MiniBatch:   10
03/05/2021 12:30:37 - INFO - __main__ -   	EPOCH:  11	MiniBatch:   11
03/05/2021 12:30:37 - INFO - __main__ -   	EPOCH:  11	MiniBatch:   12
03/05/2021 12:30:38 - INFO - __main__ -   	EPOCH:  11	MiniBatch:   13
03/05/2021 12:30:39 - INFO - __main__ -   	EPOCH:  11	MiniBatch:   14
03/05/2021 12:30:39 - INFO - __main__ -   	EPOCH:  11	MiniBatch:   15
03/05/2021 12:30:40 - INFO - __main__ -   	EPOCH:  11	MiniBatch:   16
03/05/2021 12:30:41 - INFO - __main__ -   	EPOCH:  11	MiniBatch:   17
03/05/2021 12:30:41 - INFO - __main__ -   	EPOCH:  11	MiniBatch:   18
03/05/2021 12:30:42 - INFO - __main__ -   	EPOCH:  11	MiniBatch:   19
03/05/2021 12:30:43 - INFO - __main__ -   	EPOCH:  11	MiniBatch:   20
03/05/2021 12:30:44 - INFO - __main__ -   	Testing dev Minibatch:    0
03/05/2021 12:30:44 - INFO - __main__ -   	Testing dev Minibatch:    1
03/05/2021 12:30:45 - INFO - __main__ -   	Testing dev Minibatch:    2
03/05/2021 12:30:45 - INFO - __main__ -   
============ Predict Tweet Stance ============
Labels 	Prec. 	Recall	F1    	Supp  
Denial 	0.7016	0.6630	0.6817	273
Support	0.5367	0.4657	0.4987	204
Comment	0.4752	0.5990	0.5300	192
Queries	0.5000	0.3182	0.3889	22
MacroF1	0.5248
F1w_avg	0.5762
Acc    	57.6

============ Predict Viral Tweets ============
Labels 	Prec. 	Recall	F1    	Supp  
N_viral	0.9123	0.9534	0.9324	622
Viral  	0.2927	0.1739	0.2182	69
MacroF1	0.5753
F1w_avg	0.8611
Acc    	87.6

03/05/2021 12:30:46 - INFO - __main__ -   	EPOCH:  12	MiniBatch:    0
03/05/2021 12:30:46 - INFO - __main__ -   	EPOCH:  12	MiniBatch:    1
03/05/2021 12:30:47 - INFO - __main__ -   	EPOCH:  12	MiniBatch:    2
03/05/2021 12:30:48 - INFO - __main__ -   	EPOCH:  12	MiniBatch:    3
03/05/2021 12:30:48 - INFO - __main__ -   	EPOCH:  12	MiniBatch:    4
03/05/2021 12:30:49 - INFO - __main__ -   	EPOCH:  12	MiniBatch:    5
03/05/2021 12:30:50 - INFO - __main__ -   	EPOCH:  12	MiniBatch:    6
03/05/2021 12:30:50 - INFO - __main__ -   	EPOCH:  12	MiniBatch:    7
03/05/2021 12:30:51 - INFO - __main__ -   	EPOCH:  12	MiniBatch:    8
03/05/2021 12:30:52 - INFO - __main__ -   	EPOCH:  12	MiniBatch:    9
03/05/2021 12:30:53 - INFO - __main__ -   	EPOCH:  12	MiniBatch:   10
03/05/2021 12:30:53 - INFO - __main__ -   	EPOCH:  12	MiniBatch:   11
03/05/2021 12:30:54 - INFO - __main__ -   	EPOCH:  12	MiniBatch:   12
03/05/2021 12:30:55 - INFO - __main__ -   	EPOCH:  12	MiniBatch:   13
03/05/2021 12:30:55 - INFO - __main__ -   	EPOCH:  12	MiniBatch:   14
03/05/2021 12:30:56 - INFO - __main__ -   	EPOCH:  12	MiniBatch:   15
03/05/2021 12:30:57 - INFO - __main__ -   	EPOCH:  12	MiniBatch:   16
03/05/2021 12:30:58 - INFO - __main__ -   	EPOCH:  12	MiniBatch:   17
03/05/2021 12:30:58 - INFO - __main__ -   	EPOCH:  12	MiniBatch:   18
03/05/2021 12:30:59 - INFO - __main__ -   	EPOCH:  12	MiniBatch:   19
03/05/2021 12:31:00 - INFO - __main__ -   	EPOCH:  12	MiniBatch:   20
03/05/2021 12:31:00 - INFO - __main__ -   	Testing dev Minibatch:    0
03/05/2021 12:31:01 - INFO - __main__ -   	Testing dev Minibatch:    1
03/05/2021 12:31:02 - INFO - __main__ -   	Testing dev Minibatch:    2
03/05/2021 12:31:02 - INFO - __main__ -   
============ Predict Tweet Stance ============
Labels 	Prec. 	Recall	F1    	Supp  
Denial 	0.6743	0.6447	0.6592	273
Support	0.5750	0.3382	0.4259	204
Comment	0.4508	0.6927	0.5462	192
Queries	0.4667	0.3182	0.3784	22
MacroF1	0.5024
F1w_avg	0.5500
Acc    	55.7

============ Predict Viral Tweets ============
Labels 	Prec. 	Recall	F1    	Supp  
N_viral	0.9121	0.9678	0.9392	622
Viral  	0.3548	0.1594	0.2200	69
MacroF1	0.5796
F1w_avg	0.8673
Acc    	88.7

03/05/2021 12:31:02 - INFO - __main__ -   	EPOCH:  13	MiniBatch:    0
03/05/2021 12:31:03 - INFO - __main__ -   	EPOCH:  13	MiniBatch:    1
03/05/2021 12:31:04 - INFO - __main__ -   	EPOCH:  13	MiniBatch:    2
03/05/2021 12:31:04 - INFO - __main__ -   	EPOCH:  13	MiniBatch:    3
03/05/2021 12:31:05 - INFO - __main__ -   	EPOCH:  13	MiniBatch:    4
03/05/2021 12:31:06 - INFO - __main__ -   	EPOCH:  13	MiniBatch:    5
03/05/2021 12:31:07 - INFO - __main__ -   	EPOCH:  13	MiniBatch:    6
03/05/2021 12:31:07 - INFO - __main__ -   	EPOCH:  13	MiniBatch:    7
03/05/2021 12:31:08 - INFO - __main__ -   	EPOCH:  13	MiniBatch:    8
03/05/2021 12:31:09 - INFO - __main__ -   	EPOCH:  13	MiniBatch:    9
03/05/2021 12:31:09 - INFO - __main__ -   	EPOCH:  13	MiniBatch:   10
03/05/2021 12:31:10 - INFO - __main__ -   	EPOCH:  13	MiniBatch:   11
03/05/2021 12:31:11 - INFO - __main__ -   	EPOCH:  13	MiniBatch:   12
03/05/2021 12:31:11 - INFO - __main__ -   	EPOCH:  13	MiniBatch:   13
03/05/2021 12:31:12 - INFO - __main__ -   	EPOCH:  13	MiniBatch:   14
03/05/2021 12:31:13 - INFO - __main__ -   	EPOCH:  13	MiniBatch:   15
03/05/2021 12:31:14 - INFO - __main__ -   	EPOCH:  13	MiniBatch:   16
03/05/2021 12:31:14 - INFO - __main__ -   	EPOCH:  13	MiniBatch:   17
03/05/2021 12:31:15 - INFO - __main__ -   	EPOCH:  13	MiniBatch:   18
03/05/2021 12:31:16 - INFO - __main__ -   	EPOCH:  13	MiniBatch:   19
03/05/2021 12:31:16 - INFO - __main__ -   	EPOCH:  13	MiniBatch:   20
03/05/2021 12:31:17 - INFO - __main__ -   	Testing dev Minibatch:    0
03/05/2021 12:31:18 - INFO - __main__ -   	Testing dev Minibatch:    1
03/05/2021 12:31:19 - INFO - __main__ -   	Testing dev Minibatch:    2
03/05/2021 12:31:19 - INFO - __main__ -   
============ Predict Tweet Stance ============
Labels 	Prec. 	Recall	F1    	Supp  
Denial 	0.5809	0.8022	0.6738	273
Support	0.5226	0.5098	0.5161	204
Comment	0.6122	0.3125	0.4138	192
Queries	0.4706	0.3636	0.4103	22
MacroF1	0.5035
F1w_avg	0.5466
Acc    	56.6

============ Predict Viral Tweets ============
Labels 	Prec. 	Recall	F1    	Supp  
N_viral	0.9051	0.9662	0.9347	622
Viral  	0.2222	0.0870	0.1250	69
MacroF1	0.5298
F1w_avg	0.8538
Acc    	87.8

03/05/2021 12:31:19 - INFO - __main__ -   	EPOCH:  14	MiniBatch:    0
03/05/2021 12:31:20 - INFO - __main__ -   	EPOCH:  14	MiniBatch:    1
03/05/2021 12:31:20 - INFO - __main__ -   	EPOCH:  14	MiniBatch:    2
03/05/2021 12:31:21 - INFO - __main__ -   	EPOCH:  14	MiniBatch:    3
03/05/2021 12:31:22 - INFO - __main__ -   	EPOCH:  14	MiniBatch:    4
03/05/2021 12:31:23 - INFO - __main__ -   	EPOCH:  14	MiniBatch:    5
03/05/2021 12:31:23 - INFO - __main__ -   	EPOCH:  14	MiniBatch:    6
03/05/2021 12:31:24 - INFO - __main__ -   	EPOCH:  14	MiniBatch:    7
03/05/2021 12:31:25 - INFO - __main__ -   	EPOCH:  14	MiniBatch:    8
03/05/2021 12:31:25 - INFO - __main__ -   	EPOCH:  14	MiniBatch:    9
03/05/2021 12:31:26 - INFO - __main__ -   	EPOCH:  14	MiniBatch:   10
03/05/2021 12:31:27 - INFO - __main__ -   	EPOCH:  14	MiniBatch:   11
03/05/2021 12:31:27 - INFO - __main__ -   	EPOCH:  14	MiniBatch:   12
03/05/2021 12:31:28 - INFO - __main__ -   	EPOCH:  14	MiniBatch:   13
03/05/2021 12:31:29 - INFO - __main__ -   	EPOCH:  14	MiniBatch:   14
03/05/2021 12:31:30 - INFO - __main__ -   	EPOCH:  14	MiniBatch:   15
03/05/2021 12:31:30 - INFO - __main__ -   	EPOCH:  14	MiniBatch:   16
03/05/2021 12:31:31 - INFO - __main__ -   	EPOCH:  14	MiniBatch:   17
03/05/2021 12:31:32 - INFO - __main__ -   	EPOCH:  14	MiniBatch:   18
03/05/2021 12:31:32 - INFO - __main__ -   	EPOCH:  14	MiniBatch:   19
03/05/2021 12:31:33 - INFO - __main__ -   	EPOCH:  14	MiniBatch:   20
03/05/2021 12:31:34 - INFO - __main__ -   	Testing dev Minibatch:    0
03/05/2021 12:31:35 - INFO - __main__ -   	Testing dev Minibatch:    1
03/05/2021 12:31:35 - INFO - __main__ -   	Testing dev Minibatch:    2
03/05/2021 12:31:36 - INFO - __main__ -   
============ Predict Tweet Stance ============
Labels 	Prec. 	Recall	F1    	Supp  
Denial 	0.6293	0.7399	0.6801	273
Support	0.5567	0.5539	0.5553	204
Comment	0.5484	0.4427	0.4899	192
Queries	0.5000	0.2727	0.3529	22
MacroF1	0.5196
F1w_avg	0.5800
Acc    	58.8

============ Predict Viral Tweets ============
Labels 	Prec. 	Recall	F1    	Supp  
N_viral	0.9057	0.9727	0.9380	622
Viral  	0.2609	0.0870	0.1304	69
MacroF1	0.5342
F1w_avg	0.8573
Acc    	88.4

03/05/2021 12:31:36 - INFO - __main__ -   	EPOCH:  15	MiniBatch:    0
03/05/2021 12:31:36 - INFO - __main__ -   	EPOCH:  15	MiniBatch:    1
03/05/2021 12:31:37 - INFO - __main__ -   	EPOCH:  15	MiniBatch:    2
03/05/2021 12:31:38 - INFO - __main__ -   	EPOCH:  15	MiniBatch:    3
03/05/2021 12:31:39 - INFO - __main__ -   	EPOCH:  15	MiniBatch:    4
03/05/2021 12:31:39 - INFO - __main__ -   	EPOCH:  15	MiniBatch:    5
03/05/2021 12:31:40 - INFO - __main__ -   	EPOCH:  15	MiniBatch:    6
03/05/2021 12:31:41 - INFO - __main__ -   	EPOCH:  15	MiniBatch:    7
03/05/2021 12:31:41 - INFO - __main__ -   	EPOCH:  15	MiniBatch:    8
03/05/2021 12:31:42 - INFO - __main__ -   	EPOCH:  15	MiniBatch:    9
03/05/2021 12:31:43 - INFO - __main__ -   	EPOCH:  15	MiniBatch:   10
03/05/2021 12:31:44 - INFO - __main__ -   	EPOCH:  15	MiniBatch:   11
03/05/2021 12:31:44 - INFO - __main__ -   	EPOCH:  15	MiniBatch:   12
03/05/2021 12:31:45 - INFO - __main__ -   	EPOCH:  15	MiniBatch:   13
03/05/2021 12:31:46 - INFO - __main__ -   	EPOCH:  15	MiniBatch:   14
03/05/2021 12:31:46 - INFO - __main__ -   	EPOCH:  15	MiniBatch:   15
03/05/2021 12:31:47 - INFO - __main__ -   	EPOCH:  15	MiniBatch:   16
03/05/2021 12:31:48 - INFO - __main__ -   	EPOCH:  15	MiniBatch:   17
03/05/2021 12:31:48 - INFO - __main__ -   	EPOCH:  15	MiniBatch:   18
03/05/2021 12:31:49 - INFO - __main__ -   	EPOCH:  15	MiniBatch:   19
03/05/2021 12:31:50 - INFO - __main__ -   	EPOCH:  15	MiniBatch:   20
03/05/2021 12:31:51 - INFO - __main__ -   	Testing dev Minibatch:    0
03/05/2021 12:31:51 - INFO - __main__ -   	Testing dev Minibatch:    1
03/05/2021 12:31:52 - INFO - __main__ -   	Testing dev Minibatch:    2
03/05/2021 12:31:52 - INFO - __main__ -   
============ Predict Tweet Stance ============
Labels 	Prec. 	Recall	F1    	Supp  
Denial 	0.6553	0.7033	0.6784	273
Support	0.5789	0.4314	0.4944	204
Comment	0.4868	0.5781	0.5286	192
Queries	0.5000	0.4091	0.4500	22
MacroF1	0.5378
F1w_avg	0.5752
Acc    	57.9

============ Predict Viral Tweets ============
Labels 	Prec. 	Recall	F1    	Supp  
N_viral	0.9046	0.9904	0.9455	622
Viral  	0.4000	0.0580	0.1013	69
MacroF1	0.5234
F1w_avg	0.8612
Acc    	89.7

03/05/2021 12:31:53 - INFO - __main__ -   	EPOCH:  16	MiniBatch:    0
03/05/2021 12:31:53 - INFO - __main__ -   	EPOCH:  16	MiniBatch:    1
03/05/2021 12:31:54 - INFO - __main__ -   	EPOCH:  16	MiniBatch:    2
03/05/2021 12:31:55 - INFO - __main__ -   	EPOCH:  16	MiniBatch:    3
03/05/2021 12:31:55 - INFO - __main__ -   	EPOCH:  16	MiniBatch:    4
03/05/2021 12:31:56 - INFO - __main__ -   	EPOCH:  16	MiniBatch:    5
03/05/2021 12:31:57 - INFO - __main__ -   	EPOCH:  16	MiniBatch:    6
03/05/2021 12:31:57 - INFO - __main__ -   	EPOCH:  16	MiniBatch:    7
03/05/2021 12:31:58 - INFO - __main__ -   	EPOCH:  16	MiniBatch:    8
03/05/2021 12:31:59 - INFO - __main__ -   	EPOCH:  16	MiniBatch:    9
03/05/2021 12:32:00 - INFO - __main__ -   	EPOCH:  16	MiniBatch:   10
03/05/2021 12:32:00 - INFO - __main__ -   	EPOCH:  16	MiniBatch:   11
03/05/2021 12:32:01 - INFO - __main__ -   	EPOCH:  16	MiniBatch:   12
03/05/2021 12:32:02 - INFO - __main__ -   	EPOCH:  16	MiniBatch:   13
03/05/2021 12:32:02 - INFO - __main__ -   	EPOCH:  16	MiniBatch:   14
03/05/2021 12:32:03 - INFO - __main__ -   	EPOCH:  16	MiniBatch:   15
03/05/2021 12:32:04 - INFO - __main__ -   	EPOCH:  16	MiniBatch:   16
03/05/2021 12:32:05 - INFO - __main__ -   	EPOCH:  16	MiniBatch:   17
03/05/2021 12:32:05 - INFO - __main__ -   	EPOCH:  16	MiniBatch:   18
03/05/2021 12:32:06 - INFO - __main__ -   	EPOCH:  16	MiniBatch:   19
03/05/2021 12:32:07 - INFO - __main__ -   	EPOCH:  16	MiniBatch:   20
03/05/2021 12:32:07 - INFO - __main__ -   	Testing dev Minibatch:    0
03/05/2021 12:32:08 - INFO - __main__ -   	Testing dev Minibatch:    1
03/05/2021 12:32:09 - INFO - __main__ -   	Testing dev Minibatch:    2
03/05/2021 12:32:09 - INFO - __main__ -   
============ Predict Tweet Stance ============
Labels 	Prec. 	Recall	F1    	Supp  
Denial 	0.6715	0.6813	0.6764	273
Support	0.5534	0.5588	0.5561	204
Comment	0.5105	0.5052	0.5079	192
Queries	0.5000	0.4091	0.4500	22
MacroF1	0.5476
F1w_avg	0.5868
Acc    	58.8

============ Predict Viral Tweets ============
Labels 	Prec. 	Recall	F1    	Supp  
N_viral	0.9094	0.9678	0.9377	622
Viral  	0.3103	0.1304	0.1837	69
MacroF1	0.5607
F1w_avg	0.8624
Acc    	88.4

03/05/2021 12:32:09 - INFO - __main__ -   	EPOCH:  17	MiniBatch:    0
03/05/2021 12:32:10 - INFO - __main__ -   	EPOCH:  17	MiniBatch:    1
03/05/2021 12:32:11 - INFO - __main__ -   	EPOCH:  17	MiniBatch:    2
03/05/2021 12:32:11 - INFO - __main__ -   	EPOCH:  17	MiniBatch:    3
03/05/2021 12:32:12 - INFO - __main__ -   	EPOCH:  17	MiniBatch:    4
03/05/2021 12:32:13 - INFO - __main__ -   	EPOCH:  17	MiniBatch:    5
03/05/2021 12:32:14 - INFO - __main__ -   	EPOCH:  17	MiniBatch:    6
03/05/2021 12:32:14 - INFO - __main__ -   	EPOCH:  17	MiniBatch:    7
03/05/2021 12:32:15 - INFO - __main__ -   	EPOCH:  17	MiniBatch:    8
03/05/2021 12:32:16 - INFO - __main__ -   	EPOCH:  17	MiniBatch:    9
03/05/2021 12:32:16 - INFO - __main__ -   	EPOCH:  17	MiniBatch:   10
03/05/2021 12:32:17 - INFO - __main__ -   	EPOCH:  17	MiniBatch:   11
03/05/2021 12:32:18 - INFO - __main__ -   	EPOCH:  17	MiniBatch:   12
03/05/2021 12:32:18 - INFO - __main__ -   	EPOCH:  17	MiniBatch:   13
03/05/2021 12:32:19 - INFO - __main__ -   	EPOCH:  17	MiniBatch:   14
03/05/2021 12:32:20 - INFO - __main__ -   	EPOCH:  17	MiniBatch:   15
03/05/2021 12:32:21 - INFO - __main__ -   	EPOCH:  17	MiniBatch:   16
03/05/2021 12:32:21 - INFO - __main__ -   	EPOCH:  17	MiniBatch:   17
03/05/2021 12:32:22 - INFO - __main__ -   	EPOCH:  17	MiniBatch:   18
03/05/2021 12:32:23 - INFO - __main__ -   	EPOCH:  17	MiniBatch:   19
03/05/2021 12:32:23 - INFO - __main__ -   	EPOCH:  17	MiniBatch:   20
03/05/2021 12:32:24 - INFO - __main__ -   	Testing dev Minibatch:    0
03/05/2021 12:32:25 - INFO - __main__ -   	Testing dev Minibatch:    1
03/05/2021 12:32:25 - INFO - __main__ -   	Testing dev Minibatch:    2
03/05/2021 12:32:26 - INFO - __main__ -   
============ Predict Tweet Stance ============
Labels 	Prec. 	Recall	F1    	Supp  
Denial 	0.6381	0.7363	0.6837	273
Support	0.5577	0.4265	0.4833	204
Comment	0.5050	0.5312	0.5178	192
Queries	0.5000	0.4091	0.4500	22
MacroF1	0.5337
F1w_avg	0.5710
Acc    	57.7

============ Predict Viral Tweets ============
Labels 	Prec. 	Recall	F1    	Supp  
N_viral	0.9023	0.9952	0.9465	622
Viral  	0.4000	0.0290	0.0541	69
MacroF1	0.5003
F1w_avg	0.8574
Acc    	89.9

03/05/2021 12:32:26 - INFO - __main__ -   	EPOCH:  18	MiniBatch:    0
03/05/2021 12:32:27 - INFO - __main__ -   	EPOCH:  18	MiniBatch:    1
03/05/2021 12:32:27 - INFO - __main__ -   	EPOCH:  18	MiniBatch:    2
03/05/2021 12:32:28 - INFO - __main__ -   	EPOCH:  18	MiniBatch:    3
03/05/2021 12:32:29 - INFO - __main__ -   	EPOCH:  18	MiniBatch:    4
03/05/2021 12:32:30 - INFO - __main__ -   	EPOCH:  18	MiniBatch:    5
03/05/2021 12:32:30 - INFO - __main__ -   	EPOCH:  18	MiniBatch:    6
03/05/2021 12:32:31 - INFO - __main__ -   	EPOCH:  18	MiniBatch:    7
03/05/2021 12:32:32 - INFO - __main__ -   	EPOCH:  18	MiniBatch:    8
03/05/2021 12:32:32 - INFO - __main__ -   	EPOCH:  18	MiniBatch:    9
03/05/2021 12:32:33 - INFO - __main__ -   	EPOCH:  18	MiniBatch:   10
03/05/2021 12:32:34 - INFO - __main__ -   	EPOCH:  18	MiniBatch:   11
03/05/2021 12:32:34 - INFO - __main__ -   	EPOCH:  18	MiniBatch:   12
03/05/2021 12:32:35 - INFO - __main__ -   	EPOCH:  18	MiniBatch:   13
03/05/2021 12:32:36 - INFO - __main__ -   	EPOCH:  18	MiniBatch:   14
03/05/2021 12:32:37 - INFO - __main__ -   	EPOCH:  18	MiniBatch:   15
03/05/2021 12:32:37 - INFO - __main__ -   	EPOCH:  18	MiniBatch:   16
03/05/2021 12:32:38 - INFO - __main__ -   	EPOCH:  18	MiniBatch:   17
03/05/2021 12:32:39 - INFO - __main__ -   	EPOCH:  18	MiniBatch:   18
03/05/2021 12:32:39 - INFO - __main__ -   	EPOCH:  18	MiniBatch:   19
03/05/2021 12:32:40 - INFO - __main__ -   	EPOCH:  18	MiniBatch:   20
03/05/2021 12:32:41 - INFO - __main__ -   	Testing dev Minibatch:    0
03/05/2021 12:32:42 - INFO - __main__ -   	Testing dev Minibatch:    1
03/05/2021 12:32:42 - INFO - __main__ -   	Testing dev Minibatch:    2
03/05/2021 12:32:43 - INFO - __main__ -   
============ Predict Tweet Stance ============
Labels 	Prec. 	Recall	F1    	Supp  
Denial 	0.5770	0.8095	0.6738	273
Support	0.6286	0.2157	0.3212	204
Comment	0.4977	0.5677	0.5304	192
Queries	0.5263	0.4545	0.4878	22
MacroF1	0.5033
F1w_avg	0.5239
Acc    	55.6

============ Predict Viral Tweets ============
Labels 	Prec. 	Recall	F1    	Supp  
N_viral	0.9126	0.9566	0.9341	622
Viral  	0.3077	0.1739	0.2222	69
MacroF1	0.5781
F1w_avg	0.8630
Acc    	87.8

03/05/2021 12:32:43 - INFO - __main__ -   	EPOCH:  19	MiniBatch:    0
03/05/2021 12:32:43 - INFO - __main__ -   	EPOCH:  19	MiniBatch:    1
03/05/2021 12:32:44 - INFO - __main__ -   	EPOCH:  19	MiniBatch:    2
03/05/2021 12:32:45 - INFO - __main__ -   	EPOCH:  19	MiniBatch:    3
03/05/2021 12:32:46 - INFO - __main__ -   	EPOCH:  19	MiniBatch:    4
03/05/2021 12:32:46 - INFO - __main__ -   	EPOCH:  19	MiniBatch:    5
03/05/2021 12:32:47 - INFO - __main__ -   	EPOCH:  19	MiniBatch:    6
03/05/2021 12:32:48 - INFO - __main__ -   	EPOCH:  19	MiniBatch:    7
03/05/2021 12:32:48 - INFO - __main__ -   	EPOCH:  19	MiniBatch:    8
03/05/2021 12:32:49 - INFO - __main__ -   	EPOCH:  19	MiniBatch:    9
03/05/2021 12:32:50 - INFO - __main__ -   	EPOCH:  19	MiniBatch:   10
03/05/2021 12:32:50 - INFO - __main__ -   	EPOCH:  19	MiniBatch:   11
03/05/2021 12:32:51 - INFO - __main__ -   	EPOCH:  19	MiniBatch:   12
03/05/2021 12:32:52 - INFO - __main__ -   	EPOCH:  19	MiniBatch:   13
03/05/2021 12:32:53 - INFO - __main__ -   	EPOCH:  19	MiniBatch:   14
03/05/2021 12:32:53 - INFO - __main__ -   	EPOCH:  19	MiniBatch:   15
03/05/2021 12:32:54 - INFO - __main__ -   	EPOCH:  19	MiniBatch:   16
03/05/2021 12:32:55 - INFO - __main__ -   	EPOCH:  19	MiniBatch:   17
03/05/2021 12:32:55 - INFO - __main__ -   	EPOCH:  19	MiniBatch:   18
03/05/2021 12:32:56 - INFO - __main__ -   	EPOCH:  19	MiniBatch:   19
03/05/2021 12:32:57 - INFO - __main__ -   	EPOCH:  19	MiniBatch:   20
03/05/2021 12:32:58 - INFO - __main__ -   	Testing dev Minibatch:    0
03/05/2021 12:32:58 - INFO - __main__ -   	Testing dev Minibatch:    1
03/05/2021 12:32:59 - INFO - __main__ -   	Testing dev Minibatch:    2
03/05/2021 12:32:59 - INFO - __main__ -   
============ Predict Tweet Stance ============
Labels 	Prec. 	Recall	F1    	Supp  
Denial 	0.6091	0.7875	0.6869	273
Support	0.5075	0.5000	0.5037	204
Comment	0.5360	0.3490	0.4227	192
Queries	0.4167	0.2273	0.2941	22
MacroF1	0.4769
F1w_avg	0.5469
Acc    	56.3

============ Predict Viral Tweets ============
Labels 	Prec. 	Recall	F1    	Supp  
N_viral	0.9122	0.9518	0.9315	622
Viral  	0.2857	0.1739	0.2162	69
MacroF1	0.5739
F1w_avg	0.8601
Acc    	87.4

03/05/2021 12:32:59 - INFO - __main__ -   	EPOCH:  20	MiniBatch:    0
03/05/2021 12:33:00 - INFO - __main__ -   	EPOCH:  20	MiniBatch:    1
03/05/2021 12:33:01 - INFO - __main__ -   	EPOCH:  20	MiniBatch:    2
03/05/2021 12:33:02 - INFO - __main__ -   	EPOCH:  20	MiniBatch:    3
03/05/2021 12:33:02 - INFO - __main__ -   	EPOCH:  20	MiniBatch:    4
03/05/2021 12:33:03 - INFO - __main__ -   	EPOCH:  20	MiniBatch:    5
03/05/2021 12:33:04 - INFO - __main__ -   	EPOCH:  20	MiniBatch:    6
03/05/2021 12:33:04 - INFO - __main__ -   	EPOCH:  20	MiniBatch:    7
03/05/2021 12:33:05 - INFO - __main__ -   	EPOCH:  20	MiniBatch:    8
03/05/2021 12:33:06 - INFO - __main__ -   	EPOCH:  20	MiniBatch:    9
03/05/2021 12:33:06 - INFO - __main__ -   	EPOCH:  20	MiniBatch:   10
03/05/2021 12:33:07 - INFO - __main__ -   	EPOCH:  20	MiniBatch:   11
03/05/2021 12:33:08 - INFO - __main__ -   	EPOCH:  20	MiniBatch:   12
03/05/2021 12:33:09 - INFO - __main__ -   	EPOCH:  20	MiniBatch:   13
03/05/2021 12:33:09 - INFO - __main__ -   	EPOCH:  20	MiniBatch:   14
03/05/2021 12:33:10 - INFO - __main__ -   	EPOCH:  20	MiniBatch:   15
03/05/2021 12:33:11 - INFO - __main__ -   	EPOCH:  20	MiniBatch:   16
03/05/2021 12:33:11 - INFO - __main__ -   	EPOCH:  20	MiniBatch:   17
03/05/2021 12:33:12 - INFO - __main__ -   	EPOCH:  20	MiniBatch:   18
03/05/2021 12:33:13 - INFO - __main__ -   	EPOCH:  20	MiniBatch:   19
03/05/2021 12:33:14 - INFO - __main__ -   	EPOCH:  20	MiniBatch:   20
03/05/2021 12:33:14 - INFO - __main__ -   	Testing dev Minibatch:    0
03/05/2021 12:33:15 - INFO - __main__ -   	Testing dev Minibatch:    1
03/05/2021 12:33:16 - INFO - __main__ -   	Testing dev Minibatch:    2
03/05/2021 12:33:16 - INFO - __main__ -   
============ Predict Tweet Stance ============
Labels 	Prec. 	Recall	F1    	Supp  
Denial 	0.7100	0.6007	0.6508	273
Support	0.5121	0.7255	0.6004	204
Comment	0.5473	0.4219	0.4765	192
Queries	0.3913	0.4091	0.4000	22
MacroF1	0.5319
F1w_avg	0.5795
Acc    	58.2

============ Predict Viral Tweets ============
Labels 	Prec. 	Recall	F1    	Supp  
N_viral	0.9027	0.9839	0.9415	622
Viral  	0.2308	0.0435	0.0732	69
MacroF1	0.5074
F1w_avg	0.8548
Acc    	89.0

03/05/2021 12:33:16 - INFO - __main__ -   	EPOCH:  21	MiniBatch:    0
03/05/2021 12:33:17 - INFO - __main__ -   	EPOCH:  21	MiniBatch:    1
03/05/2021 12:33:17 - INFO - __main__ -   	EPOCH:  21	MiniBatch:    2
03/05/2021 12:33:18 - INFO - __main__ -   	EPOCH:  21	MiniBatch:    3
03/05/2021 12:33:19 - INFO - __main__ -   	EPOCH:  21	MiniBatch:    4
03/05/2021 12:33:20 - INFO - __main__ -   	EPOCH:  21	MiniBatch:    5
03/05/2021 12:33:20 - INFO - __main__ -   	EPOCH:  21	MiniBatch:    6
03/05/2021 12:33:21 - INFO - __main__ -   	EPOCH:  21	MiniBatch:    7
03/05/2021 12:33:22 - INFO - __main__ -   	EPOCH:  21	MiniBatch:    8
03/05/2021 12:33:22 - INFO - __main__ -   	EPOCH:  21	MiniBatch:    9
03/05/2021 12:33:23 - INFO - __main__ -   	EPOCH:  21	MiniBatch:   10
03/05/2021 12:33:24 - INFO - __main__ -   	EPOCH:  21	MiniBatch:   11
03/05/2021 12:33:25 - INFO - __main__ -   	EPOCH:  21	MiniBatch:   12
03/05/2021 12:33:25 - INFO - __main__ -   	EPOCH:  21	MiniBatch:   13
03/05/2021 12:33:26 - INFO - __main__ -   	EPOCH:  21	MiniBatch:   14
03/05/2021 12:33:27 - INFO - __main__ -   	EPOCH:  21	MiniBatch:   15
03/05/2021 12:33:27 - INFO - __main__ -   	EPOCH:  21	MiniBatch:   16
03/05/2021 12:33:28 - INFO - __main__ -   	EPOCH:  21	MiniBatch:   17
03/05/2021 12:33:29 - INFO - __main__ -   	EPOCH:  21	MiniBatch:   18
03/05/2021 12:33:29 - INFO - __main__ -   	EPOCH:  21	MiniBatch:   19
03/05/2021 12:33:30 - INFO - __main__ -   	EPOCH:  21	MiniBatch:   20
03/05/2021 12:33:31 - INFO - __main__ -   	Testing dev Minibatch:    0
03/05/2021 12:33:32 - INFO - __main__ -   	Testing dev Minibatch:    1
03/05/2021 12:33:32 - INFO - __main__ -   	Testing dev Minibatch:    2
03/05/2021 12:33:33 - INFO - __main__ -   
============ Predict Tweet Stance ============
Labels 	Prec. 	Recall	F1    	Supp  
Denial 	0.5950	0.7802	0.6751	273
Support	0.5494	0.4363	0.4863	204
Comment	0.5467	0.4271	0.4795	192
Queries	0.4762	0.4545	0.4651	22
MacroF1	0.5265
F1w_avg	0.5584
Acc    	57.0

============ Predict Viral Tweets ============
Labels 	Prec. 	Recall	F1    	Supp  
N_viral	0.9068	0.9695	0.9371	622
Viral  	0.2692	0.1014	0.1474	69
MacroF1	0.5422
F1w_avg	0.8582
Acc    	88.3

03/05/2021 12:33:33 - INFO - __main__ -   	EPOCH:  22	MiniBatch:    0
03/05/2021 12:33:34 - INFO - __main__ -   	EPOCH:  22	MiniBatch:    1
03/05/2021 12:33:34 - INFO - __main__ -   	EPOCH:  22	MiniBatch:    2
03/05/2021 12:33:35 - INFO - __main__ -   	EPOCH:  22	MiniBatch:    3
03/05/2021 12:33:36 - INFO - __main__ -   	EPOCH:  22	MiniBatch:    4
03/05/2021 12:33:36 - INFO - __main__ -   	EPOCH:  22	MiniBatch:    5
03/05/2021 12:33:37 - INFO - __main__ -   	EPOCH:  22	MiniBatch:    6
03/05/2021 12:33:38 - INFO - __main__ -   	EPOCH:  22	MiniBatch:    7
03/05/2021 12:33:38 - INFO - __main__ -   	EPOCH:  22	MiniBatch:    8
03/05/2021 12:33:39 - INFO - __main__ -   	EPOCH:  22	MiniBatch:    9
03/05/2021 12:33:40 - INFO - __main__ -   	EPOCH:  22	MiniBatch:   10
03/05/2021 12:33:41 - INFO - __main__ -   	EPOCH:  22	MiniBatch:   11
03/05/2021 12:33:41 - INFO - __main__ -   	EPOCH:  22	MiniBatch:   12
03/05/2021 12:33:42 - INFO - __main__ -   	EPOCH:  22	MiniBatch:   13
03/05/2021 12:33:43 - INFO - __main__ -   	EPOCH:  22	MiniBatch:   14
03/05/2021 12:33:43 - INFO - __main__ -   	EPOCH:  22	MiniBatch:   15
03/05/2021 12:33:44 - INFO - __main__ -   	EPOCH:  22	MiniBatch:   16
03/05/2021 12:33:45 - INFO - __main__ -   	EPOCH:  22	MiniBatch:   17
03/05/2021 12:33:46 - INFO - __main__ -   	EPOCH:  22	MiniBatch:   18
03/05/2021 12:33:46 - INFO - __main__ -   	EPOCH:  22	MiniBatch:   19
03/05/2021 12:33:47 - INFO - __main__ -   	EPOCH:  22	MiniBatch:   20
03/05/2021 12:33:48 - INFO - __main__ -   	Testing dev Minibatch:    0
03/05/2021 12:33:48 - INFO - __main__ -   	Testing dev Minibatch:    1
03/05/2021 12:33:49 - INFO - __main__ -   	Testing dev Minibatch:    2
03/05/2021 12:33:49 - INFO - __main__ -   
============ Predict Tweet Stance ============
Labels 	Prec. 	Recall	F1    	Supp  
Denial 	0.7237	0.6044	0.6587	273
Support	0.5294	0.4853	0.5064	204
Comment	0.4648	0.6198	0.5312	192
Queries	0.4500	0.4091	0.4286	22
MacroF1	0.5312
F1w_avg	0.5710
Acc    	56.7

============ Predict Viral Tweets ============
Labels 	Prec. 	Recall	F1    	Supp  
N_viral	0.9081	0.9695	0.9378	622
Viral  	0.2963	0.1159	0.1667	69
MacroF1	0.5522
F1w_avg	0.8608
Acc    	88.4

03/05/2021 12:33:50 - INFO - __main__ -   	EPOCH:  23	MiniBatch:    0
03/05/2021 12:33:50 - INFO - __main__ -   	EPOCH:  23	MiniBatch:    1
03/05/2021 12:33:51 - INFO - __main__ -   	EPOCH:  23	MiniBatch:    2
03/05/2021 12:33:52 - INFO - __main__ -   	EPOCH:  23	MiniBatch:    3
03/05/2021 12:33:52 - INFO - __main__ -   	EPOCH:  23	MiniBatch:    4
03/05/2021 12:33:53 - INFO - __main__ -   	EPOCH:  23	MiniBatch:    5
03/05/2021 12:33:54 - INFO - __main__ -   	EPOCH:  23	MiniBatch:    6
03/05/2021 12:33:55 - INFO - __main__ -   	EPOCH:  23	MiniBatch:    7
03/05/2021 12:33:55 - INFO - __main__ -   	EPOCH:  23	MiniBatch:    8
03/05/2021 12:33:56 - INFO - __main__ -   	EPOCH:  23	MiniBatch:    9
03/05/2021 12:33:57 - INFO - __main__ -   	EPOCH:  23	MiniBatch:   10
03/05/2021 12:33:57 - INFO - __main__ -   	EPOCH:  23	MiniBatch:   11
03/05/2021 12:33:58 - INFO - __main__ -   	EPOCH:  23	MiniBatch:   12
03/05/2021 12:33:59 - INFO - __main__ -   	EPOCH:  23	MiniBatch:   13
03/05/2021 12:33:59 - INFO - __main__ -   	EPOCH:  23	MiniBatch:   14
03/05/2021 12:34:00 - INFO - __main__ -   	EPOCH:  23	MiniBatch:   15
03/05/2021 12:34:01 - INFO - __main__ -   	EPOCH:  23	MiniBatch:   16
03/05/2021 12:34:02 - INFO - __main__ -   	EPOCH:  23	MiniBatch:   17
03/05/2021 12:34:02 - INFO - __main__ -   	EPOCH:  23	MiniBatch:   18
03/05/2021 12:34:03 - INFO - __main__ -   	EPOCH:  23	MiniBatch:   19
03/05/2021 12:34:04 - INFO - __main__ -   	EPOCH:  23	MiniBatch:   20
03/05/2021 12:34:04 - INFO - __main__ -   	Testing dev Minibatch:    0
03/05/2021 12:34:05 - INFO - __main__ -   	Testing dev Minibatch:    1
03/05/2021 12:34:06 - INFO - __main__ -   	Testing dev Minibatch:    2
03/05/2021 12:34:06 - INFO - __main__ -   
============ Predict Tweet Stance ============
Labels 	Prec. 	Recall	F1    	Supp  
Denial 	0.6704	0.6557	0.6630	273
Support	0.5099	0.5049	0.5074	204
Comment	0.4804	0.5104	0.4949	192
Queries	0.5000	0.4091	0.4500	22
MacroF1	0.5288
F1w_avg	0.5636
Acc    	56.3

============ Predict Viral Tweets ============
Labels 	Prec. 	Recall	F1    	Supp  
N_viral	0.9149	0.9502	0.9322	622
Viral  	0.3111	0.2029	0.2456	69
MacroF1	0.5889
F1w_avg	0.8636
Acc    	87.6

03/05/2021 12:34:06 - INFO - __main__ -   	EPOCH:  24	MiniBatch:    0
03/05/2021 12:34:07 - INFO - __main__ -   	EPOCH:  24	MiniBatch:    1
03/05/2021 12:34:08 - INFO - __main__ -   	EPOCH:  24	MiniBatch:    2
03/05/2021 12:34:08 - INFO - __main__ -   	EPOCH:  24	MiniBatch:    3
03/05/2021 12:34:09 - INFO - __main__ -   	EPOCH:  24	MiniBatch:    4
03/05/2021 12:34:10 - INFO - __main__ -   	EPOCH:  24	MiniBatch:    5
03/05/2021 12:34:11 - INFO - __main__ -   	EPOCH:  24	MiniBatch:    6
03/05/2021 12:34:11 - INFO - __main__ -   	EPOCH:  24	MiniBatch:    7
03/05/2021 12:34:12 - INFO - __main__ -   	EPOCH:  24	MiniBatch:    8
03/05/2021 12:34:13 - INFO - __main__ -   	EPOCH:  24	MiniBatch:    9
03/05/2021 12:34:13 - INFO - __main__ -   	EPOCH:  24	MiniBatch:   10
03/05/2021 12:34:14 - INFO - __main__ -   	EPOCH:  24	MiniBatch:   11
03/05/2021 12:34:15 - INFO - __main__ -   	EPOCH:  24	MiniBatch:   12
03/05/2021 12:34:15 - INFO - __main__ -   	EPOCH:  24	MiniBatch:   13
03/05/2021 12:34:16 - INFO - __main__ -   	EPOCH:  24	MiniBatch:   14
03/05/2021 12:34:17 - INFO - __main__ -   	EPOCH:  24	MiniBatch:   15
03/05/2021 12:34:18 - INFO - __main__ -   	EPOCH:  24	MiniBatch:   16
03/05/2021 12:34:18 - INFO - __main__ -   	EPOCH:  24	MiniBatch:   17
03/05/2021 12:34:19 - INFO - __main__ -   	EPOCH:  24	MiniBatch:   18
03/05/2021 12:34:20 - INFO - __main__ -   	EPOCH:  24	MiniBatch:   19
03/05/2021 12:34:20 - INFO - __main__ -   	EPOCH:  24	MiniBatch:   20
03/05/2021 12:34:21 - INFO - __main__ -   	Testing dev Minibatch:    0
03/05/2021 12:34:22 - INFO - __main__ -   	Testing dev Minibatch:    1
03/05/2021 12:34:23 - INFO - __main__ -   	Testing dev Minibatch:    2
03/05/2021 12:34:23 - INFO - __main__ -   
============ Predict Tweet Stance ============
Labels 	Prec. 	Recall	F1    	Supp  
Denial 	0.7037	0.6960	0.6998	273
Support	0.5523	0.6471	0.5959	204
Comment	0.5301	0.4583	0.4916	192
Queries	0.5000	0.3636	0.4211	22
MacroF1	0.5521
F1w_avg	0.6024
Acc    	60.5

============ Predict Viral Tweets ============
Labels 	Prec. 	Recall	F1    	Supp  
N_viral	0.9102	0.9614	0.9351	622
Viral  	0.2941	0.1449	0.1942	69
MacroF1	0.5646
F1w_avg	0.8611
Acc    	88.0

03/05/2021 12:34:23 - INFO - __main__ -   	EPOCH:  25	MiniBatch:    0
03/05/2021 12:34:24 - INFO - __main__ -   	EPOCH:  25	MiniBatch:    1
03/05/2021 12:34:24 - INFO - __main__ -   	EPOCH:  25	MiniBatch:    2
03/05/2021 12:34:25 - INFO - __main__ -   	EPOCH:  25	MiniBatch:    3
03/05/2021 12:34:26 - INFO - __main__ -   	EPOCH:  25	MiniBatch:    4
03/05/2021 12:34:27 - INFO - __main__ -   	EPOCH:  25	MiniBatch:    5
03/05/2021 12:34:27 - INFO - __main__ -   	EPOCH:  25	MiniBatch:    6
03/05/2021 12:34:28 - INFO - __main__ -   	EPOCH:  25	MiniBatch:    7
03/05/2021 12:34:29 - INFO - __main__ -   	EPOCH:  25	MiniBatch:    8
03/05/2021 12:34:29 - INFO - __main__ -   	EPOCH:  25	MiniBatch:    9
03/05/2021 12:34:30 - INFO - __main__ -   	EPOCH:  25	MiniBatch:   10
03/05/2021 12:34:31 - INFO - __main__ -   	EPOCH:  25	MiniBatch:   11
03/05/2021 12:34:31 - INFO - __main__ -   	EPOCH:  25	MiniBatch:   12
03/05/2021 12:34:32 - INFO - __main__ -   	EPOCH:  25	MiniBatch:   13
03/05/2021 12:34:33 - INFO - __main__ -   	EPOCH:  25	MiniBatch:   14
03/05/2021 12:34:34 - INFO - __main__ -   	EPOCH:  25	MiniBatch:   15
03/05/2021 12:34:34 - INFO - __main__ -   	EPOCH:  25	MiniBatch:   16
03/05/2021 12:34:35 - INFO - __main__ -   	EPOCH:  25	MiniBatch:   17
03/05/2021 12:34:36 - INFO - __main__ -   	EPOCH:  25	MiniBatch:   18
03/05/2021 12:34:36 - INFO - __main__ -   	EPOCH:  25	MiniBatch:   19
03/05/2021 12:34:37 - INFO - __main__ -   	EPOCH:  25	MiniBatch:   20
03/05/2021 12:34:38 - INFO - __main__ -   	Testing dev Minibatch:    0
03/05/2021 12:34:39 - INFO - __main__ -   	Testing dev Minibatch:    1
03/05/2021 12:34:39 - INFO - __main__ -   	Testing dev Minibatch:    2
03/05/2021 12:34:39 - INFO - __main__ -   
============ Predict Tweet Stance ============
Labels 	Prec. 	Recall	F1    	Supp  
Denial 	0.6531	0.7033	0.6772	273
Support	0.5664	0.3971	0.4669	204
Comment	0.4698	0.5677	0.5142	192
Queries	0.4091	0.4091	0.4091	22
MacroF1	0.5168
F1w_avg	0.5613
Acc    	56.6

============ Predict Viral Tweets ============
Labels 	Prec. 	Recall	F1    	Supp  
N_viral	0.9079	0.9662	0.9361	622
Viral  	0.2759	0.1159	0.1633	69
MacroF1	0.5497
F1w_avg	0.8590
Acc    	88.1

03/05/2021 12:34:40 - INFO - __main__ -   	EPOCH:  26	MiniBatch:    0
03/05/2021 12:34:40 - INFO - __main__ -   	EPOCH:  26	MiniBatch:    1
03/05/2021 12:34:41 - INFO - __main__ -   	EPOCH:  26	MiniBatch:    2
03/05/2021 12:34:42 - INFO - __main__ -   	EPOCH:  26	MiniBatch:    3
03/05/2021 12:34:43 - INFO - __main__ -   	EPOCH:  26	MiniBatch:    4
03/05/2021 12:34:43 - INFO - __main__ -   	EPOCH:  26	MiniBatch:    5
03/05/2021 12:34:44 - INFO - __main__ -   	EPOCH:  26	MiniBatch:    6
03/05/2021 12:34:45 - INFO - __main__ -   	EPOCH:  26	MiniBatch:    7
03/05/2021 12:34:45 - INFO - __main__ -   	EPOCH:  26	MiniBatch:    8
03/05/2021 12:34:46 - INFO - __main__ -   	EPOCH:  26	MiniBatch:    9
03/05/2021 12:34:47 - INFO - __main__ -   	EPOCH:  26	MiniBatch:   10
03/05/2021 12:34:47 - INFO - __main__ -   	EPOCH:  26	MiniBatch:   11
03/05/2021 12:34:48 - INFO - __main__ -   	EPOCH:  26	MiniBatch:   12
03/05/2021 12:34:49 - INFO - __main__ -   	EPOCH:  26	MiniBatch:   13
03/05/2021 12:34:50 - INFO - __main__ -   	EPOCH:  26	MiniBatch:   14
03/05/2021 12:34:50 - INFO - __main__ -   	EPOCH:  26	MiniBatch:   15
03/05/2021 12:34:51 - INFO - __main__ -   	EPOCH:  26	MiniBatch:   16
03/05/2021 12:34:52 - INFO - __main__ -   	EPOCH:  26	MiniBatch:   17
03/05/2021 12:34:52 - INFO - __main__ -   	EPOCH:  26	MiniBatch:   18
03/05/2021 12:34:53 - INFO - __main__ -   	EPOCH:  26	MiniBatch:   19
03/05/2021 12:34:54 - INFO - __main__ -   	EPOCH:  26	MiniBatch:   20
03/05/2021 12:34:54 - INFO - __main__ -   	Testing dev Minibatch:    0
03/05/2021 12:34:55 - INFO - __main__ -   	Testing dev Minibatch:    1
03/05/2021 12:34:56 - INFO - __main__ -   	Testing dev Minibatch:    2
03/05/2021 12:34:56 - INFO - __main__ -   
============ Predict Tweet Stance ============
Labels 	Prec. 	Recall	F1    	Supp  
Denial 	0.5775	0.7912	0.6677	273
Support	0.5643	0.3873	0.4593	204
Comment	0.4968	0.4010	0.4438	192
Queries	0.4545	0.4545	0.4545	22
MacroF1	0.5063
F1w_avg	0.5372
Acc    	55.3

============ Predict Viral Tweets ============
Labels 	Prec. 	Recall	F1    	Supp  
N_viral	0.9043	0.9727	0.9373	622
Viral  	0.2273	0.0725	0.1099	69
MacroF1	0.5236
F1w_avg	0.8546
Acc    	88.3

03/05/2021 12:34:56 - INFO - __main__ -   	EPOCH:  27	MiniBatch:    0
03/05/2021 12:34:57 - INFO - __main__ -   	EPOCH:  27	MiniBatch:    1
03/05/2021 12:34:58 - INFO - __main__ -   	EPOCH:  27	MiniBatch:    2
03/05/2021 12:34:59 - INFO - __main__ -   	EPOCH:  27	MiniBatch:    3
03/05/2021 12:34:59 - INFO - __main__ -   	EPOCH:  27	MiniBatch:    4
03/05/2021 12:35:00 - INFO - __main__ -   	EPOCH:  27	MiniBatch:    5
03/05/2021 12:35:01 - INFO - __main__ -   	EPOCH:  27	MiniBatch:    6
03/05/2021 12:35:01 - INFO - __main__ -   	EPOCH:  27	MiniBatch:    7
03/05/2021 12:35:02 - INFO - __main__ -   	EPOCH:  27	MiniBatch:    8
03/05/2021 12:35:03 - INFO - __main__ -   	EPOCH:  27	MiniBatch:    9
03/05/2021 12:35:03 - INFO - __main__ -   	EPOCH:  27	MiniBatch:   10
03/05/2021 12:35:04 - INFO - __main__ -   	EPOCH:  27	MiniBatch:   11
03/05/2021 12:35:05 - INFO - __main__ -   	EPOCH:  27	MiniBatch:   12
03/05/2021 12:35:06 - INFO - __main__ -   	EPOCH:  27	MiniBatch:   13
03/05/2021 12:35:06 - INFO - __main__ -   	EPOCH:  27	MiniBatch:   14
03/05/2021 12:35:07 - INFO - __main__ -   	EPOCH:  27	MiniBatch:   15
03/05/2021 12:35:08 - INFO - __main__ -   	EPOCH:  27	MiniBatch:   16
03/05/2021 12:35:08 - INFO - __main__ -   	EPOCH:  27	MiniBatch:   17
03/05/2021 12:35:09 - INFO - __main__ -   	EPOCH:  27	MiniBatch:   18
03/05/2021 12:35:10 - INFO - __main__ -   	EPOCH:  27	MiniBatch:   19
03/05/2021 12:35:10 - INFO - __main__ -   	EPOCH:  27	MiniBatch:   20
03/05/2021 12:35:11 - INFO - __main__ -   	Testing dev Minibatch:    0
03/05/2021 12:35:12 - INFO - __main__ -   	Testing dev Minibatch:    1
03/05/2021 12:35:13 - INFO - __main__ -   	Testing dev Minibatch:    2
03/05/2021 12:35:13 - INFO - __main__ -   
============ Predict Tweet Stance ============
Labels 	Prec. 	Recall	F1    	Supp  
Denial 	0.6346	0.7253	0.6769	273
Support	0.5575	0.4755	0.5132	204
Comment	0.4839	0.4688	0.4762	192
Queries	0.4737	0.4091	0.4390	22
MacroF1	0.5263
F1w_avg	0.5652
Acc    	57.0

============ Predict Viral Tweets ============
Labels 	Prec. 	Recall	F1    	Supp  
N_viral	0.9048	0.9775	0.9397	622
Viral  	0.2632	0.0725	0.1136	69
MacroF1	0.5267
F1w_avg	0.8572
Acc    	88.7

03/05/2021 12:35:13 - INFO - __main__ -   	EPOCH:  28	MiniBatch:    0
03/05/2021 12:35:14 - INFO - __main__ -   	EPOCH:  28	MiniBatch:    1
03/05/2021 12:35:14 - INFO - __main__ -   	EPOCH:  28	MiniBatch:    2
03/05/2021 12:35:15 - INFO - __main__ -   	EPOCH:  28	MiniBatch:    3
03/05/2021 12:35:16 - INFO - __main__ -   	EPOCH:  28	MiniBatch:    4
03/05/2021 12:35:17 - INFO - __main__ -   	EPOCH:  28	MiniBatch:    5
03/05/2021 12:35:17 - INFO - __main__ -   	EPOCH:  28	MiniBatch:    6
03/05/2021 12:35:18 - INFO - __main__ -   	EPOCH:  28	MiniBatch:    7
03/05/2021 12:35:19 - INFO - __main__ -   	EPOCH:  28	MiniBatch:    8
03/05/2021 12:35:19 - INFO - __main__ -   	EPOCH:  28	MiniBatch:    9
03/05/2021 12:35:20 - INFO - __main__ -   	EPOCH:  28	MiniBatch:   10
03/05/2021 12:35:21 - INFO - __main__ -   	EPOCH:  28	MiniBatch:   11
03/05/2021 12:35:22 - INFO - __main__ -   	EPOCH:  28	MiniBatch:   12
03/05/2021 12:35:22 - INFO - __main__ -   	EPOCH:  28	MiniBatch:   13
03/05/2021 12:35:23 - INFO - __main__ -   	EPOCH:  28	MiniBatch:   14
03/05/2021 12:35:24 - INFO - __main__ -   	EPOCH:  28	MiniBatch:   15
03/05/2021 12:35:24 - INFO - __main__ -   	EPOCH:  28	MiniBatch:   16
03/05/2021 12:35:25 - INFO - __main__ -   	EPOCH:  28	MiniBatch:   17
03/05/2021 12:35:26 - INFO - __main__ -   	EPOCH:  28	MiniBatch:   18
03/05/2021 12:35:26 - INFO - __main__ -   	EPOCH:  28	MiniBatch:   19
03/05/2021 12:35:27 - INFO - __main__ -   	EPOCH:  28	MiniBatch:   20
03/05/2021 12:35:28 - INFO - __main__ -   	Testing dev Minibatch:    0
03/05/2021 12:35:29 - INFO - __main__ -   	Testing dev Minibatch:    1
03/05/2021 12:35:29 - INFO - __main__ -   	Testing dev Minibatch:    2
03/05/2021 12:35:30 - INFO - __main__ -   
============ Predict Tweet Stance ============
Labels 	Prec. 	Recall	F1    	Supp  
Denial 	0.6183	0.7179	0.6644	273
Support	0.5569	0.4559	0.5013	204
Comment	0.4813	0.4688	0.4749	192
Queries	0.4500	0.4091	0.4286	22
MacroF1	0.5173
F1w_avg	0.5561
Acc    	56.2

============ Predict Viral Tweets ============
Labels 	Prec. 	Recall	F1    	Supp  
N_viral	0.9109	0.9695	0.9393	622
Viral  	0.3448	0.1449	0.2041	69
MacroF1	0.5717
F1w_avg	0.8658
Acc    	88.7

03/05/2021 12:35:30 - INFO - __main__ -   	EPOCH:  29	MiniBatch:    0
03/05/2021 12:35:30 - INFO - __main__ -   	EPOCH:  29	MiniBatch:    1
03/05/2021 12:35:31 - INFO - __main__ -   	EPOCH:  29	MiniBatch:    2
03/05/2021 12:35:32 - INFO - __main__ -   	EPOCH:  29	MiniBatch:    3
03/05/2021 12:35:33 - INFO - __main__ -   	EPOCH:  29	MiniBatch:    4
03/05/2021 12:35:33 - INFO - __main__ -   	EPOCH:  29	MiniBatch:    5
03/05/2021 12:35:34 - INFO - __main__ -   	EPOCH:  29	MiniBatch:    6
03/05/2021 12:35:35 - INFO - __main__ -   	EPOCH:  29	MiniBatch:    7
03/05/2021 12:35:35 - INFO - __main__ -   	EPOCH:  29	MiniBatch:    8
03/05/2021 12:35:36 - INFO - __main__ -   	EPOCH:  29	MiniBatch:    9
03/05/2021 12:35:37 - INFO - __main__ -   	EPOCH:  29	MiniBatch:   10
03/05/2021 12:35:38 - INFO - __main__ -   	EPOCH:  29	MiniBatch:   11
03/05/2021 12:35:38 - INFO - __main__ -   	EPOCH:  29	MiniBatch:   12
03/05/2021 12:35:39 - INFO - __main__ -   	EPOCH:  29	MiniBatch:   13
03/05/2021 12:35:40 - INFO - __main__ -   	EPOCH:  29	MiniBatch:   14
03/05/2021 12:35:40 - INFO - __main__ -   	EPOCH:  29	MiniBatch:   15
03/05/2021 12:35:41 - INFO - __main__ -   	EPOCH:  29	MiniBatch:   16
03/05/2021 12:35:42 - INFO - __main__ -   	EPOCH:  29	MiniBatch:   17
03/05/2021 12:35:42 - INFO - __main__ -   	EPOCH:  29	MiniBatch:   18
03/05/2021 12:35:43 - INFO - __main__ -   	EPOCH:  29	MiniBatch:   19
03/05/2021 12:35:44 - INFO - __main__ -   	EPOCH:  29	MiniBatch:   20
03/05/2021 12:35:45 - INFO - __main__ -   	Testing dev Minibatch:    0
03/05/2021 12:35:45 - INFO - __main__ -   	Testing dev Minibatch:    1
03/05/2021 12:35:46 - INFO - __main__ -   	Testing dev Minibatch:    2
03/05/2021 12:35:46 - INFO - __main__ -   
============ Predict Tweet Stance ============
Labels 	Prec. 	Recall	F1    	Supp  
Denial 	0.6319	0.7546	0.6878	273
Support	0.5368	0.6078	0.5701	204
Comment	0.5690	0.3438	0.4286	192
Queries	0.5000	0.4091	0.4500	22
MacroF1	0.5341
F1w_avg	0.5735
Acc    	58.6

============ Predict Viral Tweets ============
Labels 	Prec. 	Recall	F1    	Supp  
N_viral	0.9154	0.9566	0.9355	622
Viral  	0.3415	0.2029	0.2545	69
MacroF1	0.5950
F1w_avg	0.8675
Acc    	88.1

03/05/2021 12:35:47 - INFO - __main__ -   	EPOCH:  30	MiniBatch:    0
03/05/2021 12:35:47 - INFO - __main__ -   	EPOCH:  30	MiniBatch:    1
03/05/2021 12:35:48 - INFO - __main__ -   	EPOCH:  30	MiniBatch:    2
03/05/2021 12:35:49 - INFO - __main__ -   	EPOCH:  30	MiniBatch:    3
03/05/2021 12:35:49 - INFO - __main__ -   	EPOCH:  30	MiniBatch:    4
03/05/2021 12:35:50 - INFO - __main__ -   	EPOCH:  30	MiniBatch:    5
03/05/2021 12:35:51 - INFO - __main__ -   	EPOCH:  30	MiniBatch:    6
03/05/2021 12:35:51 - INFO - __main__ -   	EPOCH:  30	MiniBatch:    7
03/05/2021 12:35:52 - INFO - __main__ -   	EPOCH:  30	MiniBatch:    8
03/05/2021 12:35:53 - INFO - __main__ -   	EPOCH:  30	MiniBatch:    9
03/05/2021 12:35:54 - INFO - __main__ -   	EPOCH:  30	MiniBatch:   10
03/05/2021 12:35:54 - INFO - __main__ -   	EPOCH:  30	MiniBatch:   11
03/05/2021 12:35:55 - INFO - __main__ -   	EPOCH:  30	MiniBatch:   12
03/05/2021 12:35:56 - INFO - __main__ -   	EPOCH:  30	MiniBatch:   13
03/05/2021 12:35:56 - INFO - __main__ -   	EPOCH:  30	MiniBatch:   14
03/05/2021 12:35:57 - INFO - __main__ -   	EPOCH:  30	MiniBatch:   15
03/05/2021 12:35:58 - INFO - __main__ -   	EPOCH:  30	MiniBatch:   16
03/05/2021 12:35:59 - INFO - __main__ -   	EPOCH:  30	MiniBatch:   17
03/05/2021 12:35:59 - INFO - __main__ -   	EPOCH:  30	MiniBatch:   18
03/05/2021 12:36:00 - INFO - __main__ -   	EPOCH:  30	MiniBatch:   19
03/05/2021 12:36:01 - INFO - __main__ -   	EPOCH:  30	MiniBatch:   20
03/05/2021 12:36:01 - INFO - __main__ -   	Testing dev Minibatch:    0
03/05/2021 12:36:02 - INFO - __main__ -   	Testing dev Minibatch:    1
03/05/2021 12:36:03 - INFO - __main__ -   	Testing dev Minibatch:    2
03/05/2021 12:36:03 - INFO - __main__ -   
============ Predict Tweet Stance ============
Labels 	Prec. 	Recall	F1    	Supp  
Denial 	0.5897	0.7582	0.6635	273
Support	0.5574	0.3333	0.4172	204
Comment	0.4745	0.4844	0.4794	192
Queries	0.4091	0.4091	0.4091	22
MacroF1	0.4923
F1w_avg	0.5315
Acc    	54.6

============ Predict Viral Tweets ============
Labels 	Prec. 	Recall	F1    	Supp  
N_viral	0.9046	0.9904	0.9455	622
Viral  	0.4000	0.0580	0.1013	69
MacroF1	0.5234
F1w_avg	0.8612
Acc    	89.7

03/05/2021 12:36:03 - INFO - __main__ -   No improvements in F1 for 20 epochs
03/05/2021 12:36:05 - INFO - __main__ -   	Testing test Minibatch:    0
03/05/2021 12:36:06 - INFO - __main__ -   	Testing test Minibatch:    1
03/05/2021 12:36:06 - INFO - __main__ -   	Testing test Minibatch:    2
03/05/2021 12:36:07 - INFO - __main__ -   
============ Predict Tweet Stance ============
Labels 	Prec. 	Recall	F1    	Supp  
Denial 	0.5457	0.8101	0.6521	258
Support	0.5726	0.3170	0.4080	224
Comment	0.5181	0.4599	0.4873	187
Queries	0.6842	0.5652	0.6190	23
MacroF1	0.5416
F1w_avg	0.5275
Acc    	54.8

============ Predict Viral Tweets ============
Labels 	Prec. 	Recall	F1    	Supp  
N_viral	0.9260	0.9453	0.9356	622
Viral  	0.4035	0.3286	0.3622	70
MacroF1	0.6489
F1w_avg	0.8776
Acc    	88.3

03/05/2021 12:36:07 - INFO - __main__ -   Time taken: 0h 8m 58s
