03/05/2021 10:59:30 - INFO - __main__ -   ----------------- Hyperparameters ------------------
03/05/2021 10:59:30 - INFO - __main__ -   ======== mtt_Bertweet =========
03/05/2021 10:59:30 - INFO - __main__ -   ===== Hyperparameters ======
03/05/2021 10:59:30 - INFO - __main__ -   ('batch_train', 100)
03/05/2021 10:59:30 - INFO - __main__ -   ('batch_test', 300)
03/05/2021 10:59:30 - INFO - __main__ -   ('epochs', 200)
03/05/2021 10:59:30 - INFO - __main__ -   ('learning_rate', 4e-05)
03/05/2021 10:59:30 - INFO - __main__ -   ('optimizer', 'adam')
03/05/2021 10:59:30 - INFO - __main__ -   ('do_train', True)
03/05/2021 10:59:30 - INFO - __main__ -   ('do_test', True)
03/05/2021 10:59:30 - INFO - __main__ -   ('model_name', 'mtt_Bertweet')
03/05/2021 10:59:30 - INFO - __main__ -   ('exp_name', 'exp21')
03/05/2021 10:59:30 - INFO - __main__ -   ('train_data', './data/train_set_128_w_length_bertweet.bin')
03/05/2021 10:59:30 - INFO - __main__ -   ('test_data', './data/test_set_128_w_length_bertweet.bin')
03/05/2021 10:59:30 - INFO - __main__ -   ('k_folds', 4)
03/05/2021 10:59:30 - INFO - __main__ -   ('folds2run', 1)
03/05/2021 10:59:30 - INFO - __main__ -   ('debug', False)
03/05/2021 10:59:30 - INFO - __main__ -   ('log_interval', 1)
03/05/2021 10:59:30 - INFO - __main__ -   ('loss_fn', 'ce_loss')
03/05/2021 10:59:30 - INFO - __main__ -   ('w_sample', True)
03/05/2021 10:59:30 - INFO - __main__ -   ('pretrain_model', '')
03/05/2021 10:59:30 - INFO - __main__ -   ('epochs2giveup', 20)
03/05/2021 10:59:30 - INFO - __main__ -   ('dropout', 0.1)
03/05/2021 10:59:30 - INFO - __main__ -   ('viral_attr', 'likes')
03/05/2021 10:59:30 - INFO - __main__ -   ('viral_threshold', 80.0)
03/05/2021 10:59:30 - INFO - __main__ -   ('weight_attr', 'stance')
03/05/2021 10:59:30 - INFO - __main__ -   ('task', 'multi')
03/05/2021 10:59:30 - INFO - __main__ -   ('mtt_weight', 1.0)
03/05/2021 10:59:30 - INFO - __main__ -   ------------------ Getting model -------------------
03/05/2021 10:59:35 - INFO - __main__ -   --------------- Getting dataframes -----------------
03/05/2021 10:59:36 - INFO - __main__ -   ------- Setting loss function and optimizer --------
03/05/2021 10:59:36 - INFO - __main__ -   ------------ Converting to dataloaders -------------
03/05/2021 10:59:36 - INFO - __main__ -   class:    0 	count:  752
03/05/2021 10:59:36 - INFO - __main__ -   class:    1 	count:  616
03/05/2021 10:59:36 - INFO - __main__ -   class:    2 	count:  631
03/05/2021 10:59:36 - INFO - __main__ -   class:    3 	count:   76
03/05/2021 10:59:36 - INFO - __main__ -   ---------------- Starting training -----------------
03/05/2021 10:59:36 - INFO - __main__ -   	EPOCH:   0	MiniBatch:    0
03/05/2021 10:59:37 - INFO - __main__ -   	EPOCH:   0	MiniBatch:    1
03/05/2021 10:59:38 - INFO - __main__ -   	EPOCH:   0	MiniBatch:    2
03/05/2021 10:59:38 - INFO - __main__ -   	EPOCH:   0	MiniBatch:    3
03/05/2021 10:59:39 - INFO - __main__ -   	EPOCH:   0	MiniBatch:    4
03/05/2021 10:59:40 - INFO - __main__ -   	EPOCH:   0	MiniBatch:    5
03/05/2021 10:59:40 - INFO - __main__ -   	EPOCH:   0	MiniBatch:    6
03/05/2021 10:59:41 - INFO - __main__ -   	EPOCH:   0	MiniBatch:    7
03/05/2021 10:59:42 - INFO - __main__ -   	EPOCH:   0	MiniBatch:    8
03/05/2021 10:59:42 - INFO - __main__ -   	EPOCH:   0	MiniBatch:    9
03/05/2021 10:59:43 - INFO - __main__ -   	EPOCH:   0	MiniBatch:   10
03/05/2021 10:59:44 - INFO - __main__ -   	EPOCH:   0	MiniBatch:   11
03/05/2021 10:59:45 - INFO - __main__ -   	EPOCH:   0	MiniBatch:   12
03/05/2021 10:59:45 - INFO - __main__ -   	EPOCH:   0	MiniBatch:   13
03/05/2021 10:59:46 - INFO - __main__ -   	EPOCH:   0	MiniBatch:   14
03/05/2021 10:59:47 - INFO - __main__ -   	EPOCH:   0	MiniBatch:   15
03/05/2021 10:59:47 - INFO - __main__ -   	EPOCH:   0	MiniBatch:   16
03/05/2021 10:59:48 - INFO - __main__ -   	EPOCH:   0	MiniBatch:   17
03/05/2021 10:59:49 - INFO - __main__ -   	EPOCH:   0	MiniBatch:   18
03/05/2021 10:59:49 - INFO - __main__ -   	EPOCH:   0	MiniBatch:   19
03/05/2021 10:59:50 - INFO - __main__ -   	EPOCH:   0	MiniBatch:   20
03/05/2021 10:59:51 - INFO - __main__ -   	Testing dev Minibatch:    0
03/05/2021 10:59:52 - INFO - __main__ -   	Testing dev Minibatch:    1
03/05/2021 10:59:52 - INFO - __main__ -   	Testing dev Minibatch:    2
03/05/2021 10:59:53 - INFO - __main__ -   
============ Predict Tweet Stance ============
Labels 	Prec. 	Recall	F1    	Supp  
Denial 	0.4004	0.7509	0.5223	273
Support	0.0000	0.0000	0.0000	204
Comment	0.4483	0.0677	0.1176	192
Queries	0.0333	0.2273	0.0581	22
MacroF1	0.1745
F1w_avg	0.2409
Acc    	32.3

============ Predict Viral Tweets ============
Labels 	Prec. 	Recall	F1    	Supp  
N_viral	0.8003	1.0000	0.8891	553
Viral  	0.0000	0.0000	0.0000	138
MacroF1	0.4445
F1w_avg	0.7115
Acc    	80.0

03/05/2021 10:59:53 - INFO - __main__ -   Best results so far. Saving model...
03/05/2021 10:59:54 - INFO - __main__ -   	EPOCH:   1	MiniBatch:    0
03/05/2021 10:59:55 - INFO - __main__ -   	EPOCH:   1	MiniBatch:    1
03/05/2021 10:59:56 - INFO - __main__ -   	EPOCH:   1	MiniBatch:    2
03/05/2021 10:59:57 - INFO - __main__ -   	EPOCH:   1	MiniBatch:    3
03/05/2021 10:59:57 - INFO - __main__ -   	EPOCH:   1	MiniBatch:    4
03/05/2021 10:59:58 - INFO - __main__ -   	EPOCH:   1	MiniBatch:    5
03/05/2021 10:59:59 - INFO - __main__ -   	EPOCH:   1	MiniBatch:    6
03/05/2021 10:59:59 - INFO - __main__ -   	EPOCH:   1	MiniBatch:    7
03/05/2021 11:00:00 - INFO - __main__ -   	EPOCH:   1	MiniBatch:    8
03/05/2021 11:00:01 - INFO - __main__ -   	EPOCH:   1	MiniBatch:    9
03/05/2021 11:00:01 - INFO - __main__ -   	EPOCH:   1	MiniBatch:   10
03/05/2021 11:00:02 - INFO - __main__ -   	EPOCH:   1	MiniBatch:   11
03/05/2021 11:00:03 - INFO - __main__ -   	EPOCH:   1	MiniBatch:   12
03/05/2021 11:00:04 - INFO - __main__ -   	EPOCH:   1	MiniBatch:   13
03/05/2021 11:00:04 - INFO - __main__ -   	EPOCH:   1	MiniBatch:   14
03/05/2021 11:00:05 - INFO - __main__ -   	EPOCH:   1	MiniBatch:   15
03/05/2021 11:00:06 - INFO - __main__ -   	EPOCH:   1	MiniBatch:   16
03/05/2021 11:00:06 - INFO - __main__ -   	EPOCH:   1	MiniBatch:   17
03/05/2021 11:00:07 - INFO - __main__ -   	EPOCH:   1	MiniBatch:   18
03/05/2021 11:00:08 - INFO - __main__ -   	EPOCH:   1	MiniBatch:   19
03/05/2021 11:00:08 - INFO - __main__ -   	EPOCH:   1	MiniBatch:   20
03/05/2021 11:00:09 - INFO - __main__ -   	Testing dev Minibatch:    0
03/05/2021 11:00:10 - INFO - __main__ -   	Testing dev Minibatch:    1
03/05/2021 11:00:11 - INFO - __main__ -   	Testing dev Minibatch:    2
03/05/2021 11:00:11 - INFO - __main__ -   
============ Predict Tweet Stance ============
Labels 	Prec. 	Recall	F1    	Supp  
Denial 	0.4836	0.8095	0.6055	273
Support	0.5000	0.2549	0.3377	204
Comment	0.4828	0.2188	0.3011	192
Queries	0.2093	0.4091	0.2769	22
MacroF1	0.3803
F1w_avg	0.4314
Acc    	46.9

============ Predict Viral Tweets ============
Labels 	Prec. 	Recall	F1    	Supp  
N_viral	0.8102	0.9801	0.8871	553
Viral  	0.5000	0.0797	0.1375	138
MacroF1	0.5123
F1w_avg	0.7374
Acc    	80.0

03/05/2021 11:00:11 - INFO - __main__ -   Best results so far. Saving model...
03/05/2021 11:00:13 - INFO - __main__ -   	EPOCH:   2	MiniBatch:    0
03/05/2021 11:00:13 - INFO - __main__ -   	EPOCH:   2	MiniBatch:    1
03/05/2021 11:00:14 - INFO - __main__ -   	EPOCH:   2	MiniBatch:    2
03/05/2021 11:00:15 - INFO - __main__ -   	EPOCH:   2	MiniBatch:    3
03/05/2021 11:00:16 - INFO - __main__ -   	EPOCH:   2	MiniBatch:    4
03/05/2021 11:00:16 - INFO - __main__ -   	EPOCH:   2	MiniBatch:    5
03/05/2021 11:00:17 - INFO - __main__ -   	EPOCH:   2	MiniBatch:    6
03/05/2021 11:00:18 - INFO - __main__ -   	EPOCH:   2	MiniBatch:    7
03/05/2021 11:00:18 - INFO - __main__ -   	EPOCH:   2	MiniBatch:    8
03/05/2021 11:00:19 - INFO - __main__ -   	EPOCH:   2	MiniBatch:    9
03/05/2021 11:00:20 - INFO - __main__ -   	EPOCH:   2	MiniBatch:   10
03/05/2021 11:00:20 - INFO - __main__ -   	EPOCH:   2	MiniBatch:   11
03/05/2021 11:00:21 - INFO - __main__ -   	EPOCH:   2	MiniBatch:   12
03/05/2021 11:00:22 - INFO - __main__ -   	EPOCH:   2	MiniBatch:   13
03/05/2021 11:00:23 - INFO - __main__ -   	EPOCH:   2	MiniBatch:   14
03/05/2021 11:00:23 - INFO - __main__ -   	EPOCH:   2	MiniBatch:   15
03/05/2021 11:00:24 - INFO - __main__ -   	EPOCH:   2	MiniBatch:   16
03/05/2021 11:00:25 - INFO - __main__ -   	EPOCH:   2	MiniBatch:   17
03/05/2021 11:00:25 - INFO - __main__ -   	EPOCH:   2	MiniBatch:   18
03/05/2021 11:00:26 - INFO - __main__ -   	EPOCH:   2	MiniBatch:   19
03/05/2021 11:00:27 - INFO - __main__ -   	EPOCH:   2	MiniBatch:   20
03/05/2021 11:00:28 - INFO - __main__ -   	Testing dev Minibatch:    0
03/05/2021 11:00:28 - INFO - __main__ -   	Testing dev Minibatch:    1
03/05/2021 11:00:29 - INFO - __main__ -   	Testing dev Minibatch:    2
03/05/2021 11:00:29 - INFO - __main__ -   
============ Predict Tweet Stance ============
Labels 	Prec. 	Recall	F1    	Supp  
Denial 	0.6967	0.3114	0.4304	273
Support	0.4375	0.5490	0.4870	204
Comment	0.4009	0.4844	0.4387	192
Queries	0.2346	0.8636	0.3689	22
MacroF1	0.4312
F1w_avg	0.4474
Acc    	44.7

============ Predict Viral Tweets ============
Labels 	Prec. 	Recall	F1    	Supp  
N_viral	0.8336	0.9331	0.8805	553
Viral  	0.4861	0.2536	0.3333	138
MacroF1	0.6069
F1w_avg	0.7713
Acc    	79.7

03/05/2021 11:00:29 - INFO - __main__ -   Best results so far. Saving model...
03/05/2021 11:00:31 - INFO - __main__ -   	EPOCH:   3	MiniBatch:    0
03/05/2021 11:00:32 - INFO - __main__ -   	EPOCH:   3	MiniBatch:    1
03/05/2021 11:00:32 - INFO - __main__ -   	EPOCH:   3	MiniBatch:    2
03/05/2021 11:00:33 - INFO - __main__ -   	EPOCH:   3	MiniBatch:    3
03/05/2021 11:00:34 - INFO - __main__ -   	EPOCH:   3	MiniBatch:    4
03/05/2021 11:00:35 - INFO - __main__ -   	EPOCH:   3	MiniBatch:    5
03/05/2021 11:00:35 - INFO - __main__ -   	EPOCH:   3	MiniBatch:    6
03/05/2021 11:00:36 - INFO - __main__ -   	EPOCH:   3	MiniBatch:    7
03/05/2021 11:00:37 - INFO - __main__ -   	EPOCH:   3	MiniBatch:    8
03/05/2021 11:00:37 - INFO - __main__ -   	EPOCH:   3	MiniBatch:    9
03/05/2021 11:00:38 - INFO - __main__ -   	EPOCH:   3	MiniBatch:   10
03/05/2021 11:00:39 - INFO - __main__ -   	EPOCH:   3	MiniBatch:   11
03/05/2021 11:00:39 - INFO - __main__ -   	EPOCH:   3	MiniBatch:   12
03/05/2021 11:00:40 - INFO - __main__ -   	EPOCH:   3	MiniBatch:   13
03/05/2021 11:00:41 - INFO - __main__ -   	EPOCH:   3	MiniBatch:   14
03/05/2021 11:00:42 - INFO - __main__ -   	EPOCH:   3	MiniBatch:   15
03/05/2021 11:00:42 - INFO - __main__ -   	EPOCH:   3	MiniBatch:   16
03/05/2021 11:00:43 - INFO - __main__ -   	EPOCH:   3	MiniBatch:   17
03/05/2021 11:00:44 - INFO - __main__ -   	EPOCH:   3	MiniBatch:   18
03/05/2021 11:00:44 - INFO - __main__ -   	EPOCH:   3	MiniBatch:   19
03/05/2021 11:00:45 - INFO - __main__ -   	EPOCH:   3	MiniBatch:   20
03/05/2021 11:00:46 - INFO - __main__ -   	Testing dev Minibatch:    0
03/05/2021 11:00:47 - INFO - __main__ -   	Testing dev Minibatch:    1
03/05/2021 11:00:47 - INFO - __main__ -   	Testing dev Minibatch:    2
03/05/2021 11:00:48 - INFO - __main__ -   
============ Predict Tweet Stance ============
Labels 	Prec. 	Recall	F1    	Supp  
Denial 	0.8049	0.3626	0.5000	273
Support	0.4646	0.5784	0.5153	204
Comment	0.4401	0.6510	0.5252	192
Queries	0.3333	0.4545	0.3846	22
MacroF1	0.4813
F1w_avg	0.5078
Acc    	50.9

============ Predict Viral Tweets ============
Labels 	Prec. 	Recall	F1    	Supp  
N_viral	0.8468	0.8698	0.8582	553
Viral  	0.4146	0.3696	0.3908	138
MacroF1	0.6245
F1w_avg	0.7648
Acc    	77.0

03/05/2021 11:00:48 - INFO - __main__ -   Best results so far. Saving model...
03/05/2021 11:00:49 - INFO - __main__ -   	EPOCH:   4	MiniBatch:    0
03/05/2021 11:00:50 - INFO - __main__ -   	EPOCH:   4	MiniBatch:    1
03/05/2021 11:00:51 - INFO - __main__ -   	EPOCH:   4	MiniBatch:    2
03/05/2021 11:00:51 - INFO - __main__ -   	EPOCH:   4	MiniBatch:    3
03/05/2021 11:00:52 - INFO - __main__ -   	EPOCH:   4	MiniBatch:    4
03/05/2021 11:00:53 - INFO - __main__ -   	EPOCH:   4	MiniBatch:    5
03/05/2021 11:00:54 - INFO - __main__ -   	EPOCH:   4	MiniBatch:    6
03/05/2021 11:00:54 - INFO - __main__ -   	EPOCH:   4	MiniBatch:    7
03/05/2021 11:00:55 - INFO - __main__ -   	EPOCH:   4	MiniBatch:    8
03/05/2021 11:00:56 - INFO - __main__ -   	EPOCH:   4	MiniBatch:    9
03/05/2021 11:00:56 - INFO - __main__ -   	EPOCH:   4	MiniBatch:   10
03/05/2021 11:00:57 - INFO - __main__ -   	EPOCH:   4	MiniBatch:   11
03/05/2021 11:00:58 - INFO - __main__ -   	EPOCH:   4	MiniBatch:   12
03/05/2021 11:00:59 - INFO - __main__ -   	EPOCH:   4	MiniBatch:   13
03/05/2021 11:00:59 - INFO - __main__ -   	EPOCH:   4	MiniBatch:   14
03/05/2021 11:01:00 - INFO - __main__ -   	EPOCH:   4	MiniBatch:   15
03/05/2021 11:01:01 - INFO - __main__ -   	EPOCH:   4	MiniBatch:   16
03/05/2021 11:01:01 - INFO - __main__ -   	EPOCH:   4	MiniBatch:   17
03/05/2021 11:01:02 - INFO - __main__ -   	EPOCH:   4	MiniBatch:   18
03/05/2021 11:01:03 - INFO - __main__ -   	EPOCH:   4	MiniBatch:   19
03/05/2021 11:01:03 - INFO - __main__ -   	EPOCH:   4	MiniBatch:   20
03/05/2021 11:01:04 - INFO - __main__ -   	Testing dev Minibatch:    0
03/05/2021 11:01:05 - INFO - __main__ -   	Testing dev Minibatch:    1
03/05/2021 11:01:06 - INFO - __main__ -   	Testing dev Minibatch:    2
03/05/2021 11:01:06 - INFO - __main__ -   
============ Predict Tweet Stance ============
Labels 	Prec. 	Recall	F1    	Supp  
Denial 	0.7488	0.5897	0.6598	273
Support	0.5072	0.6912	0.5851	204
Comment	0.5543	0.5052	0.5286	192
Queries	0.4348	0.4545	0.4444	22
MacroF1	0.5545
F1w_avg	0.5944
Acc    	59.2

============ Predict Viral Tweets ============
Labels 	Prec. 	Recall	F1    	Supp  
N_viral	0.8526	0.8680	0.8602	553
Viral  	0.4297	0.3986	0.4135	138
MacroF1	0.6369
F1w_avg	0.7710
Acc    	77.4

03/05/2021 11:01:06 - INFO - __main__ -   Best results so far. Saving model...
03/05/2021 11:01:08 - INFO - __main__ -   	EPOCH:   5	MiniBatch:    0
03/05/2021 11:01:08 - INFO - __main__ -   	EPOCH:   5	MiniBatch:    1
03/05/2021 11:01:09 - INFO - __main__ -   	EPOCH:   5	MiniBatch:    2
03/05/2021 11:01:10 - INFO - __main__ -   	EPOCH:   5	MiniBatch:    3
03/05/2021 11:01:10 - INFO - __main__ -   	EPOCH:   5	MiniBatch:    4
03/05/2021 11:01:11 - INFO - __main__ -   	EPOCH:   5	MiniBatch:    5
03/05/2021 11:01:12 - INFO - __main__ -   	EPOCH:   5	MiniBatch:    6
03/05/2021 11:01:13 - INFO - __main__ -   	EPOCH:   5	MiniBatch:    7
03/05/2021 11:01:13 - INFO - __main__ -   	EPOCH:   5	MiniBatch:    8
03/05/2021 11:01:14 - INFO - __main__ -   	EPOCH:   5	MiniBatch:    9
03/05/2021 11:01:15 - INFO - __main__ -   	EPOCH:   5	MiniBatch:   10
03/05/2021 11:01:15 - INFO - __main__ -   	EPOCH:   5	MiniBatch:   11
03/05/2021 11:01:16 - INFO - __main__ -   	EPOCH:   5	MiniBatch:   12
03/05/2021 11:01:17 - INFO - __main__ -   	EPOCH:   5	MiniBatch:   13
03/05/2021 11:01:18 - INFO - __main__ -   	EPOCH:   5	MiniBatch:   14
03/05/2021 11:01:18 - INFO - __main__ -   	EPOCH:   5	MiniBatch:   15
03/05/2021 11:01:19 - INFO - __main__ -   	EPOCH:   5	MiniBatch:   16
03/05/2021 11:01:20 - INFO - __main__ -   	EPOCH:   5	MiniBatch:   17
03/05/2021 11:01:20 - INFO - __main__ -   	EPOCH:   5	MiniBatch:   18
03/05/2021 11:01:21 - INFO - __main__ -   	EPOCH:   5	MiniBatch:   19
03/05/2021 11:01:22 - INFO - __main__ -   	EPOCH:   5	MiniBatch:   20
03/05/2021 11:01:22 - INFO - __main__ -   	Testing dev Minibatch:    0
03/05/2021 11:01:23 - INFO - __main__ -   	Testing dev Minibatch:    1
03/05/2021 11:01:24 - INFO - __main__ -   	Testing dev Minibatch:    2
03/05/2021 11:01:24 - INFO - __main__ -   
============ Predict Tweet Stance ============
Labels 	Prec. 	Recall	F1    	Supp  
Denial 	0.6514	0.7802	0.7100	273
Support	0.6069	0.4314	0.5043	204
Comment	0.5153	0.5260	0.5206	192
Queries	0.3478	0.3636	0.3556	22
MacroF1	0.5226
F1w_avg	0.5854
Acc    	59.3

============ Predict Viral Tweets ============
Labels 	Prec. 	Recall	F1    	Supp  
N_viral	0.8257	0.9765	0.8948	553
Viral  	0.6486	0.1739	0.2743	138
MacroF1	0.5845
F1w_avg	0.7709
Acc    	81.6

03/05/2021 11:01:24 - INFO - __main__ -   	EPOCH:   6	MiniBatch:    0
03/05/2021 11:01:25 - INFO - __main__ -   	EPOCH:   6	MiniBatch:    1
03/05/2021 11:01:26 - INFO - __main__ -   	EPOCH:   6	MiniBatch:    2
03/05/2021 11:01:26 - INFO - __main__ -   	EPOCH:   6	MiniBatch:    3
03/05/2021 11:01:27 - INFO - __main__ -   	EPOCH:   6	MiniBatch:    4
03/05/2021 11:01:28 - INFO - __main__ -   	EPOCH:   6	MiniBatch:    5
03/05/2021 11:01:29 - INFO - __main__ -   	EPOCH:   6	MiniBatch:    6
03/05/2021 11:01:29 - INFO - __main__ -   	EPOCH:   6	MiniBatch:    7
03/05/2021 11:01:30 - INFO - __main__ -   	EPOCH:   6	MiniBatch:    8
03/05/2021 11:01:31 - INFO - __main__ -   	EPOCH:   6	MiniBatch:    9
03/05/2021 11:01:31 - INFO - __main__ -   	EPOCH:   6	MiniBatch:   10
03/05/2021 11:01:32 - INFO - __main__ -   	EPOCH:   6	MiniBatch:   11
03/05/2021 11:01:33 - INFO - __main__ -   	EPOCH:   6	MiniBatch:   12
03/05/2021 11:01:34 - INFO - __main__ -   	EPOCH:   6	MiniBatch:   13
03/05/2021 11:01:34 - INFO - __main__ -   	EPOCH:   6	MiniBatch:   14
03/05/2021 11:01:35 - INFO - __main__ -   	EPOCH:   6	MiniBatch:   15
03/05/2021 11:01:36 - INFO - __main__ -   	EPOCH:   6	MiniBatch:   16
03/05/2021 11:01:36 - INFO - __main__ -   	EPOCH:   6	MiniBatch:   17
03/05/2021 11:01:37 - INFO - __main__ -   	EPOCH:   6	MiniBatch:   18
03/05/2021 11:01:38 - INFO - __main__ -   	EPOCH:   6	MiniBatch:   19
03/05/2021 11:01:38 - INFO - __main__ -   	EPOCH:   6	MiniBatch:   20
03/05/2021 11:01:39 - INFO - __main__ -   	Testing dev Minibatch:    0
03/05/2021 11:01:40 - INFO - __main__ -   	Testing dev Minibatch:    1
03/05/2021 11:01:41 - INFO - __main__ -   	Testing dev Minibatch:    2
03/05/2021 11:01:41 - INFO - __main__ -   
============ Predict Tweet Stance ============
Labels 	Prec. 	Recall	F1    	Supp  
Denial 	0.6958	0.6703	0.6828	273
Support	0.5516	0.6029	0.5761	204
Comment	0.5000	0.4844	0.4921	192
Queries	0.3684	0.3182	0.3415	22
MacroF1	0.5231
F1w_avg	0.5875
Acc    	58.8

============ Predict Viral Tweets ============
Labels 	Prec. 	Recall	F1    	Supp  
N_viral	0.8409	0.9078	0.8730	553
Viral  	0.4574	0.3116	0.3707	138
MacroF1	0.6219
F1w_avg	0.7727
Acc    	78.9

03/05/2021 11:01:41 - INFO - __main__ -   	EPOCH:   7	MiniBatch:    0
03/05/2021 11:01:42 - INFO - __main__ -   	EPOCH:   7	MiniBatch:    1
03/05/2021 11:01:43 - INFO - __main__ -   	EPOCH:   7	MiniBatch:    2
03/05/2021 11:01:43 - INFO - __main__ -   	EPOCH:   7	MiniBatch:    3
03/05/2021 11:01:44 - INFO - __main__ -   	EPOCH:   7	MiniBatch:    4
03/05/2021 11:01:45 - INFO - __main__ -   	EPOCH:   7	MiniBatch:    5
03/05/2021 11:01:45 - INFO - __main__ -   	EPOCH:   7	MiniBatch:    6
03/05/2021 11:01:46 - INFO - __main__ -   	EPOCH:   7	MiniBatch:    7
03/05/2021 11:01:47 - INFO - __main__ -   	EPOCH:   7	MiniBatch:    8
03/05/2021 11:01:47 - INFO - __main__ -   	EPOCH:   7	MiniBatch:    9
03/05/2021 11:01:48 - INFO - __main__ -   	EPOCH:   7	MiniBatch:   10
03/05/2021 11:01:49 - INFO - __main__ -   	EPOCH:   7	MiniBatch:   11
03/05/2021 11:01:50 - INFO - __main__ -   	EPOCH:   7	MiniBatch:   12
03/05/2021 11:01:50 - INFO - __main__ -   	EPOCH:   7	MiniBatch:   13
03/05/2021 11:01:51 - INFO - __main__ -   	EPOCH:   7	MiniBatch:   14
03/05/2021 11:01:52 - INFO - __main__ -   	EPOCH:   7	MiniBatch:   15
03/05/2021 11:01:52 - INFO - __main__ -   	EPOCH:   7	MiniBatch:   16
03/05/2021 11:01:53 - INFO - __main__ -   	EPOCH:   7	MiniBatch:   17
03/05/2021 11:01:54 - INFO - __main__ -   	EPOCH:   7	MiniBatch:   18
03/05/2021 11:01:54 - INFO - __main__ -   	EPOCH:   7	MiniBatch:   19
03/05/2021 11:01:55 - INFO - __main__ -   	EPOCH:   7	MiniBatch:   20
03/05/2021 11:01:56 - INFO - __main__ -   	Testing dev Minibatch:    0
03/05/2021 11:01:57 - INFO - __main__ -   	Testing dev Minibatch:    1
03/05/2021 11:01:57 - INFO - __main__ -   	Testing dev Minibatch:    2
03/05/2021 11:01:58 - INFO - __main__ -   
============ Predict Tweet Stance ============
Labels 	Prec. 	Recall	F1    	Supp  
Denial 	0.7225	0.6007	0.6560	273
Support	0.5795	0.5000	0.5368	204
Comment	0.4489	0.6406	0.5279	192
Queries	0.4286	0.2727	0.3333	22
MacroF1	0.5135
F1w_avg	0.5750
Acc    	57.2

============ Predict Viral Tweets ============
Labels 	Prec. 	Recall	F1    	Supp  
N_viral	0.8574	0.8481	0.8527	553
Viral  	0.4167	0.4348	0.4255	138
MacroF1	0.6391
F1w_avg	0.7674
Acc    	76.6

03/05/2021 11:01:58 - INFO - __main__ -   	EPOCH:   8	MiniBatch:    0
03/05/2021 11:01:58 - INFO - __main__ -   	EPOCH:   8	MiniBatch:    1
03/05/2021 11:01:59 - INFO - __main__ -   	EPOCH:   8	MiniBatch:    2
03/05/2021 11:02:00 - INFO - __main__ -   	EPOCH:   8	MiniBatch:    3
03/05/2021 11:02:01 - INFO - __main__ -   	EPOCH:   8	MiniBatch:    4
03/05/2021 11:02:01 - INFO - __main__ -   	EPOCH:   8	MiniBatch:    5
03/05/2021 11:02:02 - INFO - __main__ -   	EPOCH:   8	MiniBatch:    6
03/05/2021 11:02:03 - INFO - __main__ -   	EPOCH:   8	MiniBatch:    7
03/05/2021 11:02:03 - INFO - __main__ -   	EPOCH:   8	MiniBatch:    8
03/05/2021 11:02:04 - INFO - __main__ -   	EPOCH:   8	MiniBatch:    9
03/05/2021 11:02:05 - INFO - __main__ -   	EPOCH:   8	MiniBatch:   10
03/05/2021 11:02:06 - INFO - __main__ -   	EPOCH:   8	MiniBatch:   11
03/05/2021 11:02:06 - INFO - __main__ -   	EPOCH:   8	MiniBatch:   12
03/05/2021 11:02:07 - INFO - __main__ -   	EPOCH:   8	MiniBatch:   13
03/05/2021 11:02:08 - INFO - __main__ -   	EPOCH:   8	MiniBatch:   14
03/05/2021 11:02:08 - INFO - __main__ -   	EPOCH:   8	MiniBatch:   15
03/05/2021 11:02:09 - INFO - __main__ -   	EPOCH:   8	MiniBatch:   16
03/05/2021 11:02:10 - INFO - __main__ -   	EPOCH:   8	MiniBatch:   17
03/05/2021 11:02:10 - INFO - __main__ -   	EPOCH:   8	MiniBatch:   18
03/05/2021 11:02:11 - INFO - __main__ -   	EPOCH:   8	MiniBatch:   19
03/05/2021 11:02:12 - INFO - __main__ -   	EPOCH:   8	MiniBatch:   20
03/05/2021 11:02:13 - INFO - __main__ -   	Testing dev Minibatch:    0
03/05/2021 11:02:13 - INFO - __main__ -   	Testing dev Minibatch:    1
03/05/2021 11:02:14 - INFO - __main__ -   	Testing dev Minibatch:    2
03/05/2021 11:02:14 - INFO - __main__ -   
============ Predict Tweet Stance ============
Labels 	Prec. 	Recall	F1    	Supp  
Denial 	0.7035	0.5824	0.6373	273
Support	0.5315	0.5784	0.5540	204
Comment	0.4802	0.5677	0.5203	192
Queries	0.4375	0.3182	0.3684	22
MacroF1	0.5200
F1w_avg	0.5716
Acc    	56.9

============ Predict Viral Tweets ============
Labels 	Prec. 	Recall	F1    	Supp  
N_viral	0.8222	0.9530	0.8827	553
Viral  	0.4800	0.1739	0.2553	138
MacroF1	0.5690
F1w_avg	0.7574
Acc    	79.7

03/05/2021 11:02:14 - INFO - __main__ -   	EPOCH:   9	MiniBatch:    0
03/05/2021 11:02:15 - INFO - __main__ -   	EPOCH:   9	MiniBatch:    1
03/05/2021 11:02:16 - INFO - __main__ -   	EPOCH:   9	MiniBatch:    2
03/05/2021 11:02:17 - INFO - __main__ -   	EPOCH:   9	MiniBatch:    3
03/05/2021 11:02:17 - INFO - __main__ -   	EPOCH:   9	MiniBatch:    4
03/05/2021 11:02:18 - INFO - __main__ -   	EPOCH:   9	MiniBatch:    5
03/05/2021 11:02:19 - INFO - __main__ -   	EPOCH:   9	MiniBatch:    6
03/05/2021 11:02:19 - INFO - __main__ -   	EPOCH:   9	MiniBatch:    7
03/05/2021 11:02:20 - INFO - __main__ -   	EPOCH:   9	MiniBatch:    8
03/05/2021 11:02:21 - INFO - __main__ -   	EPOCH:   9	MiniBatch:    9
03/05/2021 11:02:22 - INFO - __main__ -   	EPOCH:   9	MiniBatch:   10
03/05/2021 11:02:22 - INFO - __main__ -   	EPOCH:   9	MiniBatch:   11
03/05/2021 11:02:23 - INFO - __main__ -   	EPOCH:   9	MiniBatch:   12
03/05/2021 11:02:24 - INFO - __main__ -   	EPOCH:   9	MiniBatch:   13
03/05/2021 11:02:24 - INFO - __main__ -   	EPOCH:   9	MiniBatch:   14
03/05/2021 11:02:25 - INFO - __main__ -   	EPOCH:   9	MiniBatch:   15
03/05/2021 11:02:26 - INFO - __main__ -   	EPOCH:   9	MiniBatch:   16
03/05/2021 11:02:26 - INFO - __main__ -   	EPOCH:   9	MiniBatch:   17
03/05/2021 11:02:27 - INFO - __main__ -   	EPOCH:   9	MiniBatch:   18
03/05/2021 11:02:28 - INFO - __main__ -   	EPOCH:   9	MiniBatch:   19
03/05/2021 11:02:29 - INFO - __main__ -   	EPOCH:   9	MiniBatch:   20
03/05/2021 11:02:29 - INFO - __main__ -   	Testing dev Minibatch:    0
03/05/2021 11:02:30 - INFO - __main__ -   	Testing dev Minibatch:    1
03/05/2021 11:02:31 - INFO - __main__ -   	Testing dev Minibatch:    2
03/05/2021 11:02:31 - INFO - __main__ -   
============ Predict Tweet Stance ============
Labels 	Prec. 	Recall	F1    	Supp  
Denial 	0.7075	0.6557	0.6806	273
Support	0.6000	0.4706	0.5275	204
Comment	0.4636	0.6302	0.5342	192
Queries	0.3529	0.2727	0.3077	22
MacroF1	0.5125
F1w_avg	0.5828
Acc    	58.2

============ Predict Viral Tweets ============
Labels 	Prec. 	Recall	F1    	Supp  
N_viral	0.8384	0.9005	0.8684	553
Viral  	0.4330	0.3043	0.3574	138
MacroF1	0.6129
F1w_avg	0.7663
Acc    	78.1

03/05/2021 11:02:31 - INFO - __main__ -   	EPOCH:  10	MiniBatch:    0
03/05/2021 11:02:32 - INFO - __main__ -   	EPOCH:  10	MiniBatch:    1
03/05/2021 11:02:33 - INFO - __main__ -   	EPOCH:  10	MiniBatch:    2
03/05/2021 11:02:33 - INFO - __main__ -   	EPOCH:  10	MiniBatch:    3
03/05/2021 11:02:34 - INFO - __main__ -   	EPOCH:  10	MiniBatch:    4
03/05/2021 11:02:35 - INFO - __main__ -   	EPOCH:  10	MiniBatch:    5
03/05/2021 11:02:35 - INFO - __main__ -   	EPOCH:  10	MiniBatch:    6
03/05/2021 11:02:36 - INFO - __main__ -   	EPOCH:  10	MiniBatch:    7
03/05/2021 11:02:37 - INFO - __main__ -   	EPOCH:  10	MiniBatch:    8
03/05/2021 11:02:38 - INFO - __main__ -   	EPOCH:  10	MiniBatch:    9
03/05/2021 11:02:38 - INFO - __main__ -   	EPOCH:  10	MiniBatch:   10
03/05/2021 11:02:39 - INFO - __main__ -   	EPOCH:  10	MiniBatch:   11
03/05/2021 11:02:40 - INFO - __main__ -   	EPOCH:  10	MiniBatch:   12
03/05/2021 11:02:40 - INFO - __main__ -   	EPOCH:  10	MiniBatch:   13
03/05/2021 11:02:41 - INFO - __main__ -   	EPOCH:  10	MiniBatch:   14
03/05/2021 11:02:42 - INFO - __main__ -   	EPOCH:  10	MiniBatch:   15
03/05/2021 11:02:42 - INFO - __main__ -   	EPOCH:  10	MiniBatch:   16
03/05/2021 11:02:43 - INFO - __main__ -   	EPOCH:  10	MiniBatch:   17
03/05/2021 11:02:44 - INFO - __main__ -   	EPOCH:  10	MiniBatch:   18
03/05/2021 11:02:45 - INFO - __main__ -   	EPOCH:  10	MiniBatch:   19
03/05/2021 11:02:45 - INFO - __main__ -   	EPOCH:  10	MiniBatch:   20
03/05/2021 11:02:46 - INFO - __main__ -   	Testing dev Minibatch:    0
03/05/2021 11:02:47 - INFO - __main__ -   	Testing dev Minibatch:    1
03/05/2021 11:02:47 - INFO - __main__ -   	Testing dev Minibatch:    2
03/05/2021 11:02:48 - INFO - __main__ -   
============ Predict Tweet Stance ============
Labels 	Prec. 	Recall	F1    	Supp  
Denial 	0.6667	0.6520	0.6593	273
Support	0.5352	0.5588	0.5468	204
Comment	0.4663	0.4688	0.4675	192
Queries	0.3333	0.2727	0.3000	22
MacroF1	0.4934
F1w_avg	0.5613
Acc    	56.2

============ Predict Viral Tweets ============
Labels 	Prec. 	Recall	F1    	Supp  
N_viral	0.8550	0.8427	0.8488	553
Viral  	0.4041	0.4275	0.4155	138
MacroF1	0.6322
F1w_avg	0.7623
Acc    	76.0

03/05/2021 11:02:48 - INFO - __main__ -   	EPOCH:  11	MiniBatch:    0
03/05/2021 11:02:49 - INFO - __main__ -   	EPOCH:  11	MiniBatch:    1
03/05/2021 11:02:49 - INFO - __main__ -   	EPOCH:  11	MiniBatch:    2
03/05/2021 11:02:50 - INFO - __main__ -   	EPOCH:  11	MiniBatch:    3
03/05/2021 11:02:51 - INFO - __main__ -   	EPOCH:  11	MiniBatch:    4
03/05/2021 11:02:51 - INFO - __main__ -   	EPOCH:  11	MiniBatch:    5
03/05/2021 11:02:52 - INFO - __main__ -   	EPOCH:  11	MiniBatch:    6
03/05/2021 11:02:53 - INFO - __main__ -   	EPOCH:  11	MiniBatch:    7
03/05/2021 11:02:53 - INFO - __main__ -   	EPOCH:  11	MiniBatch:    8
03/05/2021 11:02:54 - INFO - __main__ -   	EPOCH:  11	MiniBatch:    9
03/05/2021 11:02:55 - INFO - __main__ -   	EPOCH:  11	MiniBatch:   10
03/05/2021 11:02:56 - INFO - __main__ -   	EPOCH:  11	MiniBatch:   11
03/05/2021 11:02:56 - INFO - __main__ -   	EPOCH:  11	MiniBatch:   12
03/05/2021 11:02:57 - INFO - __main__ -   	EPOCH:  11	MiniBatch:   13
03/05/2021 11:02:58 - INFO - __main__ -   	EPOCH:  11	MiniBatch:   14
03/05/2021 11:02:58 - INFO - __main__ -   	EPOCH:  11	MiniBatch:   15
03/05/2021 11:02:59 - INFO - __main__ -   	EPOCH:  11	MiniBatch:   16
03/05/2021 11:03:00 - INFO - __main__ -   	EPOCH:  11	MiniBatch:   17
03/05/2021 11:03:00 - INFO - __main__ -   	EPOCH:  11	MiniBatch:   18
03/05/2021 11:03:01 - INFO - __main__ -   	EPOCH:  11	MiniBatch:   19
03/05/2021 11:03:02 - INFO - __main__ -   	EPOCH:  11	MiniBatch:   20
03/05/2021 11:03:03 - INFO - __main__ -   	Testing dev Minibatch:    0
03/05/2021 11:03:03 - INFO - __main__ -   	Testing dev Minibatch:    1
03/05/2021 11:03:04 - INFO - __main__ -   	Testing dev Minibatch:    2
03/05/2021 11:03:04 - INFO - __main__ -   
============ Predict Tweet Stance ============
Labels 	Prec. 	Recall	F1    	Supp  
Denial 	0.6270	0.7143	0.6678	273
Support	0.5397	0.5000	0.5191	204
Comment	0.4767	0.4271	0.4505	192
Queries	0.4737	0.4091	0.4390	22
MacroF1	0.5191
F1w_avg	0.5563
Acc    	56.2

============ Predict Viral Tweets ============
Labels 	Prec. 	Recall	F1    	Supp  
N_viral	0.8490	0.8843	0.8663	553
Viral  	0.4435	0.3696	0.4032	138
MacroF1	0.6347
F1w_avg	0.7738
Acc    	78.1

03/05/2021 11:03:04 - INFO - __main__ -   	EPOCH:  12	MiniBatch:    0
03/05/2021 11:03:05 - INFO - __main__ -   	EPOCH:  12	MiniBatch:    1
03/05/2021 11:03:06 - INFO - __main__ -   	EPOCH:  12	MiniBatch:    2
03/05/2021 11:03:07 - INFO - __main__ -   	EPOCH:  12	MiniBatch:    3
03/05/2021 11:03:07 - INFO - __main__ -   	EPOCH:  12	MiniBatch:    4
03/05/2021 11:03:08 - INFO - __main__ -   	EPOCH:  12	MiniBatch:    5
03/05/2021 11:03:09 - INFO - __main__ -   	EPOCH:  12	MiniBatch:    6
03/05/2021 11:03:09 - INFO - __main__ -   	EPOCH:  12	MiniBatch:    7
03/05/2021 11:03:10 - INFO - __main__ -   	EPOCH:  12	MiniBatch:    8
03/05/2021 11:03:11 - INFO - __main__ -   	EPOCH:  12	MiniBatch:    9
03/05/2021 11:03:12 - INFO - __main__ -   	EPOCH:  12	MiniBatch:   10
03/05/2021 11:03:12 - INFO - __main__ -   	EPOCH:  12	MiniBatch:   11
03/05/2021 11:03:13 - INFO - __main__ -   	EPOCH:  12	MiniBatch:   12
03/05/2021 11:03:14 - INFO - __main__ -   	EPOCH:  12	MiniBatch:   13
03/05/2021 11:03:14 - INFO - __main__ -   	EPOCH:  12	MiniBatch:   14
03/05/2021 11:03:15 - INFO - __main__ -   	EPOCH:  12	MiniBatch:   15
03/05/2021 11:03:16 - INFO - __main__ -   	EPOCH:  12	MiniBatch:   16
03/05/2021 11:03:16 - INFO - __main__ -   	EPOCH:  12	MiniBatch:   17
03/05/2021 11:03:17 - INFO - __main__ -   	EPOCH:  12	MiniBatch:   18
03/05/2021 11:03:18 - INFO - __main__ -   	EPOCH:  12	MiniBatch:   19
03/05/2021 11:03:19 - INFO - __main__ -   	EPOCH:  12	MiniBatch:   20
03/05/2021 11:03:19 - INFO - __main__ -   	Testing dev Minibatch:    0
03/05/2021 11:03:20 - INFO - __main__ -   	Testing dev Minibatch:    1
03/05/2021 11:03:21 - INFO - __main__ -   	Testing dev Minibatch:    2
03/05/2021 11:03:21 - INFO - __main__ -   
============ Predict Tweet Stance ============
Labels 	Prec. 	Recall	F1    	Supp  
Denial 	0.6794	0.6520	0.6654	273
Support	0.5156	0.5686	0.5408	204
Comment	0.4947	0.4896	0.4921	192
Queries	0.5000	0.3182	0.3889	22
MacroF1	0.5218
F1w_avg	0.5717
Acc    	57.2

============ Predict Viral Tweets ============
Labels 	Prec. 	Recall	F1    	Supp  
N_viral	0.8538	0.8662	0.8600	553
Viral  	0.4308	0.4058	0.4179	138
MacroF1	0.6389
F1w_avg	0.7717
Acc    	77.4

03/05/2021 11:03:21 - INFO - __main__ -   	EPOCH:  13	MiniBatch:    0
03/05/2021 11:03:22 - INFO - __main__ -   	EPOCH:  13	MiniBatch:    1
03/05/2021 11:03:23 - INFO - __main__ -   	EPOCH:  13	MiniBatch:    2
03/05/2021 11:03:23 - INFO - __main__ -   	EPOCH:  13	MiniBatch:    3
03/05/2021 11:03:24 - INFO - __main__ -   	EPOCH:  13	MiniBatch:    4
03/05/2021 11:03:25 - INFO - __main__ -   	EPOCH:  13	MiniBatch:    5
03/05/2021 11:03:25 - INFO - __main__ -   	EPOCH:  13	MiniBatch:    6
03/05/2021 11:03:26 - INFO - __main__ -   	EPOCH:  13	MiniBatch:    7
03/05/2021 11:03:27 - INFO - __main__ -   	EPOCH:  13	MiniBatch:    8
03/05/2021 11:03:28 - INFO - __main__ -   	EPOCH:  13	MiniBatch:    9
03/05/2021 11:03:28 - INFO - __main__ -   	EPOCH:  13	MiniBatch:   10
03/05/2021 11:03:29 - INFO - __main__ -   	EPOCH:  13	MiniBatch:   11
03/05/2021 11:03:30 - INFO - __main__ -   	EPOCH:  13	MiniBatch:   12
03/05/2021 11:03:30 - INFO - __main__ -   	EPOCH:  13	MiniBatch:   13
03/05/2021 11:03:31 - INFO - __main__ -   	EPOCH:  13	MiniBatch:   14
03/05/2021 11:03:32 - INFO - __main__ -   	EPOCH:  13	MiniBatch:   15
03/05/2021 11:03:33 - INFO - __main__ -   	EPOCH:  13	MiniBatch:   16
03/05/2021 11:03:33 - INFO - __main__ -   	EPOCH:  13	MiniBatch:   17
03/05/2021 11:03:34 - INFO - __main__ -   	EPOCH:  13	MiniBatch:   18
03/05/2021 11:03:35 - INFO - __main__ -   	EPOCH:  13	MiniBatch:   19
03/05/2021 11:03:35 - INFO - __main__ -   	EPOCH:  13	MiniBatch:   20
03/05/2021 11:03:36 - INFO - __main__ -   	Testing dev Minibatch:    0
03/05/2021 11:03:37 - INFO - __main__ -   	Testing dev Minibatch:    1
03/05/2021 11:03:37 - INFO - __main__ -   	Testing dev Minibatch:    2
03/05/2021 11:03:38 - INFO - __main__ -   
============ Predict Tweet Stance ============
Labels 	Prec. 	Recall	F1    	Supp  
Denial 	0.5889	0.7766	0.6698	273
Support	0.5525	0.4902	0.5195	204
Comment	0.5455	0.3750	0.4444	192
Queries	0.5000	0.4091	0.4500	22
MacroF1	0.5209
F1w_avg	0.5558
Acc    	56.9

============ Predict Viral Tweets ============
Labels 	Prec. 	Recall	F1    	Supp  
N_viral	0.8488	0.8427	0.8457	553
Viral  	0.3873	0.3986	0.3929	138
MacroF1	0.6193
F1w_avg	0.7553
Acc    	75.4

03/05/2021 11:03:38 - INFO - __main__ -   	EPOCH:  14	MiniBatch:    0
03/05/2021 11:03:39 - INFO - __main__ -   	EPOCH:  14	MiniBatch:    1
03/05/2021 11:03:39 - INFO - __main__ -   	EPOCH:  14	MiniBatch:    2
03/05/2021 11:03:40 - INFO - __main__ -   	EPOCH:  14	MiniBatch:    3
03/05/2021 11:03:41 - INFO - __main__ -   	EPOCH:  14	MiniBatch:    4
03/05/2021 11:03:41 - INFO - __main__ -   	EPOCH:  14	MiniBatch:    5
03/05/2021 11:03:42 - INFO - __main__ -   	EPOCH:  14	MiniBatch:    6
03/05/2021 11:03:43 - INFO - __main__ -   	EPOCH:  14	MiniBatch:    7
03/05/2021 11:03:44 - INFO - __main__ -   	EPOCH:  14	MiniBatch:    8
03/05/2021 11:03:44 - INFO - __main__ -   	EPOCH:  14	MiniBatch:    9
03/05/2021 11:03:45 - INFO - __main__ -   	EPOCH:  14	MiniBatch:   10
03/05/2021 11:03:46 - INFO - __main__ -   	EPOCH:  14	MiniBatch:   11
03/05/2021 11:03:46 - INFO - __main__ -   	EPOCH:  14	MiniBatch:   12
03/05/2021 11:03:47 - INFO - __main__ -   	EPOCH:  14	MiniBatch:   13
03/05/2021 11:03:48 - INFO - __main__ -   	EPOCH:  14	MiniBatch:   14
03/05/2021 11:03:49 - INFO - __main__ -   	EPOCH:  14	MiniBatch:   15
03/05/2021 11:03:49 - INFO - __main__ -   	EPOCH:  14	MiniBatch:   16
03/05/2021 11:03:50 - INFO - __main__ -   	EPOCH:  14	MiniBatch:   17
03/05/2021 11:03:51 - INFO - __main__ -   	EPOCH:  14	MiniBatch:   18
03/05/2021 11:03:51 - INFO - __main__ -   	EPOCH:  14	MiniBatch:   19
03/05/2021 11:03:52 - INFO - __main__ -   	EPOCH:  14	MiniBatch:   20
03/05/2021 11:03:53 - INFO - __main__ -   	Testing dev Minibatch:    0
03/05/2021 11:03:54 - INFO - __main__ -   	Testing dev Minibatch:    1
03/05/2021 11:03:54 - INFO - __main__ -   	Testing dev Minibatch:    2
03/05/2021 11:03:55 - INFO - __main__ -   
============ Predict Tweet Stance ============
Labels 	Prec. 	Recall	F1    	Supp  
Denial 	0.7253	0.6190	0.6680	273
Support	0.5455	0.6176	0.5793	204
Comment	0.4905	0.5365	0.5124	192
Queries	0.5294	0.4091	0.4615	22
MacroF1	0.5553
F1w_avg	0.5920
Acc    	58.9

============ Predict Viral Tweets ============
Labels 	Prec. 	Recall	F1    	Supp  
N_viral	0.8408	0.8879	0.8637	553
Viral  	0.4206	0.3261	0.3673	138
MacroF1	0.6155
F1w_avg	0.7646
Acc    	77.6

03/05/2021 11:03:55 - INFO - __main__ -   	EPOCH:  15	MiniBatch:    0
03/05/2021 11:03:55 - INFO - __main__ -   	EPOCH:  15	MiniBatch:    1
03/05/2021 11:03:56 - INFO - __main__ -   	EPOCH:  15	MiniBatch:    2
03/05/2021 11:03:57 - INFO - __main__ -   	EPOCH:  15	MiniBatch:    3
03/05/2021 11:03:58 - INFO - __main__ -   	EPOCH:  15	MiniBatch:    4
03/05/2021 11:03:58 - INFO - __main__ -   	EPOCH:  15	MiniBatch:    5
03/05/2021 11:03:59 - INFO - __main__ -   	EPOCH:  15	MiniBatch:    6
03/05/2021 11:04:00 - INFO - __main__ -   	EPOCH:  15	MiniBatch:    7
03/05/2021 11:04:00 - INFO - __main__ -   	EPOCH:  15	MiniBatch:    8
03/05/2021 11:04:01 - INFO - __main__ -   	EPOCH:  15	MiniBatch:    9
03/05/2021 11:04:02 - INFO - __main__ -   	EPOCH:  15	MiniBatch:   10
03/05/2021 11:04:02 - INFO - __main__ -   	EPOCH:  15	MiniBatch:   11
03/05/2021 11:04:03 - INFO - __main__ -   	EPOCH:  15	MiniBatch:   12
03/05/2021 11:04:04 - INFO - __main__ -   	EPOCH:  15	MiniBatch:   13
03/05/2021 11:04:05 - INFO - __main__ -   	EPOCH:  15	MiniBatch:   14
03/05/2021 11:04:05 - INFO - __main__ -   	EPOCH:  15	MiniBatch:   15
03/05/2021 11:04:06 - INFO - __main__ -   	EPOCH:  15	MiniBatch:   16
03/05/2021 11:04:07 - INFO - __main__ -   	EPOCH:  15	MiniBatch:   17
03/05/2021 11:04:07 - INFO - __main__ -   	EPOCH:  15	MiniBatch:   18
03/05/2021 11:04:08 - INFO - __main__ -   	EPOCH:  15	MiniBatch:   19
03/05/2021 11:04:09 - INFO - __main__ -   	EPOCH:  15	MiniBatch:   20
03/05/2021 11:04:10 - INFO - __main__ -   	Testing dev Minibatch:    0
03/05/2021 11:04:10 - INFO - __main__ -   	Testing dev Minibatch:    1
03/05/2021 11:04:11 - INFO - __main__ -   	Testing dev Minibatch:    2
03/05/2021 11:04:11 - INFO - __main__ -   
============ Predict Tweet Stance ============
Labels 	Prec. 	Recall	F1    	Supp  
Denial 	0.6239	0.7656	0.6875	273
Support	0.5491	0.4657	0.5040	204
Comment	0.5399	0.4583	0.4958	192
Queries	0.5000	0.4545	0.4762	22
MacroF1	0.5409
F1w_avg	0.5733
Acc    	58.2

============ Predict Viral Tweets ============
Labels 	Prec. 	Recall	F1    	Supp  
N_viral	0.8303	0.9114	0.8690	553
Viral  	0.4167	0.2536	0.3153	138
MacroF1	0.5921
F1w_avg	0.7584
Acc    	78.0

03/05/2021 11:04:11 - INFO - __main__ -   	EPOCH:  16	MiniBatch:    0
03/05/2021 11:04:12 - INFO - __main__ -   	EPOCH:  16	MiniBatch:    1
03/05/2021 11:04:13 - INFO - __main__ -   	EPOCH:  16	MiniBatch:    2
03/05/2021 11:04:14 - INFO - __main__ -   	EPOCH:  16	MiniBatch:    3
03/05/2021 11:04:14 - INFO - __main__ -   	EPOCH:  16	MiniBatch:    4
03/05/2021 11:04:15 - INFO - __main__ -   	EPOCH:  16	MiniBatch:    5
03/05/2021 11:04:16 - INFO - __main__ -   	EPOCH:  16	MiniBatch:    6
03/05/2021 11:04:16 - INFO - __main__ -   	EPOCH:  16	MiniBatch:    7
03/05/2021 11:04:17 - INFO - __main__ -   	EPOCH:  16	MiniBatch:    8
03/05/2021 11:04:18 - INFO - __main__ -   	EPOCH:  16	MiniBatch:    9
03/05/2021 11:04:18 - INFO - __main__ -   	EPOCH:  16	MiniBatch:   10
03/05/2021 11:04:19 - INFO - __main__ -   	EPOCH:  16	MiniBatch:   11
03/05/2021 11:04:20 - INFO - __main__ -   	EPOCH:  16	MiniBatch:   12
03/05/2021 11:04:21 - INFO - __main__ -   	EPOCH:  16	MiniBatch:   13
03/05/2021 11:04:21 - INFO - __main__ -   	EPOCH:  16	MiniBatch:   14
03/05/2021 11:04:22 - INFO - __main__ -   	EPOCH:  16	MiniBatch:   15
03/05/2021 11:04:23 - INFO - __main__ -   	EPOCH:  16	MiniBatch:   16
03/05/2021 11:04:23 - INFO - __main__ -   	EPOCH:  16	MiniBatch:   17
03/05/2021 11:04:24 - INFO - __main__ -   	EPOCH:  16	MiniBatch:   18
03/05/2021 11:04:25 - INFO - __main__ -   	EPOCH:  16	MiniBatch:   19
03/05/2021 11:04:26 - INFO - __main__ -   	EPOCH:  16	MiniBatch:   20
03/05/2021 11:04:26 - INFO - __main__ -   	Testing dev Minibatch:    0
03/05/2021 11:04:27 - INFO - __main__ -   	Testing dev Minibatch:    1
03/05/2021 11:04:28 - INFO - __main__ -   	Testing dev Minibatch:    2
03/05/2021 11:04:28 - INFO - __main__ -   
============ Predict Tweet Stance ============
Labels 	Prec. 	Recall	F1    	Supp  
Denial 	0.6875	0.6850	0.6862	273
Support	0.5497	0.4608	0.5013	204
Comment	0.4719	0.5677	0.5154	192
Queries	0.4118	0.3182	0.3590	22
MacroF1	0.5155
F1w_avg	0.5738
Acc    	57.5

============ Predict Viral Tweets ============
Labels 	Prec. 	Recall	F1    	Supp  
N_viral	0.8641	0.8391	0.8514	553
Viral  	0.4221	0.4710	0.4452	138
MacroF1	0.6483
F1w_avg	0.7703
Acc    	76.6

03/05/2021 11:04:28 - INFO - __main__ -   	EPOCH:  17	MiniBatch:    0
03/05/2021 11:04:29 - INFO - __main__ -   	EPOCH:  17	MiniBatch:    1
03/05/2021 11:04:30 - INFO - __main__ -   	EPOCH:  17	MiniBatch:    2
03/05/2021 11:04:30 - INFO - __main__ -   	EPOCH:  17	MiniBatch:    3
03/05/2021 11:04:31 - INFO - __main__ -   	EPOCH:  17	MiniBatch:    4
03/05/2021 11:04:32 - INFO - __main__ -   	EPOCH:  17	MiniBatch:    5
03/05/2021 11:04:32 - INFO - __main__ -   	EPOCH:  17	MiniBatch:    6
03/05/2021 11:04:33 - INFO - __main__ -   	EPOCH:  17	MiniBatch:    7
03/05/2021 11:04:34 - INFO - __main__ -   	EPOCH:  17	MiniBatch:    8
03/05/2021 11:04:34 - INFO - __main__ -   	EPOCH:  17	MiniBatch:    9
03/05/2021 11:04:35 - INFO - __main__ -   	EPOCH:  17	MiniBatch:   10
03/05/2021 11:04:36 - INFO - __main__ -   	EPOCH:  17	MiniBatch:   11
03/05/2021 11:04:37 - INFO - __main__ -   	EPOCH:  17	MiniBatch:   12
03/05/2021 11:04:37 - INFO - __main__ -   	EPOCH:  17	MiniBatch:   13
03/05/2021 11:04:38 - INFO - __main__ -   	EPOCH:  17	MiniBatch:   14
03/05/2021 11:04:39 - INFO - __main__ -   	EPOCH:  17	MiniBatch:   15
03/05/2021 11:04:39 - INFO - __main__ -   	EPOCH:  17	MiniBatch:   16
03/05/2021 11:04:40 - INFO - __main__ -   	EPOCH:  17	MiniBatch:   17
03/05/2021 11:04:41 - INFO - __main__ -   	EPOCH:  17	MiniBatch:   18
03/05/2021 11:04:42 - INFO - __main__ -   	EPOCH:  17	MiniBatch:   19
03/05/2021 11:04:42 - INFO - __main__ -   	EPOCH:  17	MiniBatch:   20
03/05/2021 11:04:43 - INFO - __main__ -   	Testing dev Minibatch:    0
03/05/2021 11:04:44 - INFO - __main__ -   	Testing dev Minibatch:    1
03/05/2021 11:04:44 - INFO - __main__ -   	Testing dev Minibatch:    2
03/05/2021 11:04:45 - INFO - __main__ -   
============ Predict Tweet Stance ============
Labels 	Prec. 	Recall	F1    	Supp  
Denial 	0.6119	0.7912	0.6901	273
Support	0.5414	0.4804	0.5091	204
Comment	0.5185	0.3646	0.4281	192
Queries	0.5000	0.5000	0.5000	22
MacroF1	0.5318
F1w_avg	0.5578
Acc    	57.2

============ Predict Viral Tweets ============
Labels 	Prec. 	Recall	F1    	Supp  
N_viral	0.8355	0.9096	0.8710	553
Viral  	0.4382	0.2826	0.3436	138
MacroF1	0.6073
F1w_avg	0.7657
Acc    	78.4

03/05/2021 11:04:45 - INFO - __main__ -   	EPOCH:  18	MiniBatch:    0
03/05/2021 11:04:46 - INFO - __main__ -   	EPOCH:  18	MiniBatch:    1
03/05/2021 11:04:46 - INFO - __main__ -   	EPOCH:  18	MiniBatch:    2
03/05/2021 11:04:47 - INFO - __main__ -   	EPOCH:  18	MiniBatch:    3
03/05/2021 11:04:48 - INFO - __main__ -   	EPOCH:  18	MiniBatch:    4
03/05/2021 11:04:48 - INFO - __main__ -   	EPOCH:  18	MiniBatch:    5
03/05/2021 11:04:49 - INFO - __main__ -   	EPOCH:  18	MiniBatch:    6
03/05/2021 11:04:50 - INFO - __main__ -   	EPOCH:  18	MiniBatch:    7
03/05/2021 11:04:51 - INFO - __main__ -   	EPOCH:  18	MiniBatch:    8
03/05/2021 11:04:51 - INFO - __main__ -   	EPOCH:  18	MiniBatch:    9
03/05/2021 11:04:52 - INFO - __main__ -   	EPOCH:  18	MiniBatch:   10
03/05/2021 11:04:53 - INFO - __main__ -   	EPOCH:  18	MiniBatch:   11
03/05/2021 11:04:53 - INFO - __main__ -   	EPOCH:  18	MiniBatch:   12
03/05/2021 11:04:54 - INFO - __main__ -   	EPOCH:  18	MiniBatch:   13
03/05/2021 11:04:55 - INFO - __main__ -   	EPOCH:  18	MiniBatch:   14
03/05/2021 11:04:55 - INFO - __main__ -   	EPOCH:  18	MiniBatch:   15
03/05/2021 11:04:56 - INFO - __main__ -   	EPOCH:  18	MiniBatch:   16
03/05/2021 11:04:57 - INFO - __main__ -   	EPOCH:  18	MiniBatch:   17
03/05/2021 11:04:58 - INFO - __main__ -   	EPOCH:  18	MiniBatch:   18
03/05/2021 11:04:58 - INFO - __main__ -   	EPOCH:  18	MiniBatch:   19
03/05/2021 11:04:59 - INFO - __main__ -   	EPOCH:  18	MiniBatch:   20
03/05/2021 11:05:00 - INFO - __main__ -   	Testing dev Minibatch:    0
03/05/2021 11:05:00 - INFO - __main__ -   	Testing dev Minibatch:    1
03/05/2021 11:05:01 - INFO - __main__ -   	Testing dev Minibatch:    2
03/05/2021 11:05:01 - INFO - __main__ -   
============ Predict Tweet Stance ============
Labels 	Prec. 	Recall	F1    	Supp  
Denial 	0.6180	0.7289	0.6689	273
Support	0.6142	0.3824	0.4713	204
Comment	0.4823	0.5677	0.5215	192
Queries	0.3750	0.2727	0.3158	22
MacroF1	0.4944
F1w_avg	0.5584
Acc    	56.7

============ Predict Viral Tweets ============
Labels 	Prec. 	Recall	F1    	Supp  
N_viral	0.8489	0.8734	0.8610	553
Viral  	0.4262	0.3768	0.4000	138
MacroF1	0.6305
F1w_avg	0.7689
Acc    	77.4

03/05/2021 11:05:02 - INFO - __main__ -   	EPOCH:  19	MiniBatch:    0
03/05/2021 11:05:02 - INFO - __main__ -   	EPOCH:  19	MiniBatch:    1
03/05/2021 11:05:03 - INFO - __main__ -   	EPOCH:  19	MiniBatch:    2
03/05/2021 11:05:04 - INFO - __main__ -   	EPOCH:  19	MiniBatch:    3
03/05/2021 11:05:04 - INFO - __main__ -   	EPOCH:  19	MiniBatch:    4
03/05/2021 11:05:05 - INFO - __main__ -   	EPOCH:  19	MiniBatch:    5
03/05/2021 11:05:06 - INFO - __main__ -   	EPOCH:  19	MiniBatch:    6
03/05/2021 11:05:07 - INFO - __main__ -   	EPOCH:  19	MiniBatch:    7
03/05/2021 11:05:07 - INFO - __main__ -   	EPOCH:  19	MiniBatch:    8
03/05/2021 11:05:08 - INFO - __main__ -   	EPOCH:  19	MiniBatch:    9
03/05/2021 11:05:09 - INFO - __main__ -   	EPOCH:  19	MiniBatch:   10
03/05/2021 11:05:09 - INFO - __main__ -   	EPOCH:  19	MiniBatch:   11
03/05/2021 11:05:10 - INFO - __main__ -   	EPOCH:  19	MiniBatch:   12
03/05/2021 11:05:11 - INFO - __main__ -   	EPOCH:  19	MiniBatch:   13
03/05/2021 11:05:11 - INFO - __main__ -   	EPOCH:  19	MiniBatch:   14
03/05/2021 11:05:12 - INFO - __main__ -   	EPOCH:  19	MiniBatch:   15
03/05/2021 11:05:13 - INFO - __main__ -   	EPOCH:  19	MiniBatch:   16
03/05/2021 11:05:14 - INFO - __main__ -   	EPOCH:  19	MiniBatch:   17
03/05/2021 11:05:14 - INFO - __main__ -   	EPOCH:  19	MiniBatch:   18
03/05/2021 11:05:15 - INFO - __main__ -   	EPOCH:  19	MiniBatch:   19
03/05/2021 11:05:16 - INFO - __main__ -   	EPOCH:  19	MiniBatch:   20
03/05/2021 11:05:16 - INFO - __main__ -   	Testing dev Minibatch:    0
03/05/2021 11:05:17 - INFO - __main__ -   	Testing dev Minibatch:    1
03/05/2021 11:05:18 - INFO - __main__ -   	Testing dev Minibatch:    2
03/05/2021 11:05:18 - INFO - __main__ -   
============ Predict Tweet Stance ============
Labels 	Prec. 	Recall	F1    	Supp  
Denial 	0.6277	0.7473	0.6823	273
Support	0.5306	0.5098	0.5200	204
Comment	0.5238	0.4010	0.4543	192
Queries	0.4348	0.4545	0.4444	22
MacroF1	0.5252
F1w_avg	0.5634
Acc    	57.2

============ Predict Viral Tweets ============
Labels 	Prec. 	Recall	F1    	Supp  
N_viral	0.8499	0.8807	0.8650	553
Viral  	0.4407	0.3768	0.4062	138
MacroF1	0.6356
F1w_avg	0.7734
Acc    	78.0

03/05/2021 11:05:18 - INFO - __main__ -   	EPOCH:  20	MiniBatch:    0
03/05/2021 11:05:19 - INFO - __main__ -   	EPOCH:  20	MiniBatch:    1
03/05/2021 11:05:20 - INFO - __main__ -   	EPOCH:  20	MiniBatch:    2
03/05/2021 11:05:20 - INFO - __main__ -   	EPOCH:  20	MiniBatch:    3
03/05/2021 11:05:21 - INFO - __main__ -   	EPOCH:  20	MiniBatch:    4
03/05/2021 11:05:22 - INFO - __main__ -   	EPOCH:  20	MiniBatch:    5
03/05/2021 11:05:23 - INFO - __main__ -   	EPOCH:  20	MiniBatch:    6
03/05/2021 11:05:23 - INFO - __main__ -   	EPOCH:  20	MiniBatch:    7
03/05/2021 11:05:24 - INFO - __main__ -   	EPOCH:  20	MiniBatch:    8
03/05/2021 11:05:25 - INFO - __main__ -   	EPOCH:  20	MiniBatch:    9
03/05/2021 11:05:25 - INFO - __main__ -   	EPOCH:  20	MiniBatch:   10
03/05/2021 11:05:26 - INFO - __main__ -   	EPOCH:  20	MiniBatch:   11
03/05/2021 11:05:27 - INFO - __main__ -   	EPOCH:  20	MiniBatch:   12
03/05/2021 11:05:28 - INFO - __main__ -   	EPOCH:  20	MiniBatch:   13
03/05/2021 11:05:28 - INFO - __main__ -   	EPOCH:  20	MiniBatch:   14
03/05/2021 11:05:29 - INFO - __main__ -   	EPOCH:  20	MiniBatch:   15
03/05/2021 11:05:30 - INFO - __main__ -   	EPOCH:  20	MiniBatch:   16
03/05/2021 11:05:30 - INFO - __main__ -   	EPOCH:  20	MiniBatch:   17
03/05/2021 11:05:31 - INFO - __main__ -   	EPOCH:  20	MiniBatch:   18
03/05/2021 11:05:32 - INFO - __main__ -   	EPOCH:  20	MiniBatch:   19
03/05/2021 11:05:32 - INFO - __main__ -   	EPOCH:  20	MiniBatch:   20
03/05/2021 11:05:33 - INFO - __main__ -   	Testing dev Minibatch:    0
03/05/2021 11:05:34 - INFO - __main__ -   	Testing dev Minibatch:    1
03/05/2021 11:05:35 - INFO - __main__ -   	Testing dev Minibatch:    2
03/05/2021 11:05:35 - INFO - __main__ -   
============ Predict Tweet Stance ============
Labels 	Prec. 	Recall	F1    	Supp  
Denial 	0.5921	0.7656	0.6677	273
Support	0.6170	0.4265	0.5043	204
Comment	0.5169	0.4792	0.4973	192
Queries	0.3684	0.3182	0.3415	22
MacroF1	0.5027
F1w_avg	0.5618
Acc    	57.2

============ Predict Viral Tweets ============
Labels 	Prec. 	Recall	F1    	Supp  
N_viral	0.8651	0.8463	0.8556	553
Viral  	0.4333	0.4710	0.4514	138
MacroF1	0.6535
F1w_avg	0.7749
Acc    	77.1

03/05/2021 11:05:35 - INFO - __main__ -   	EPOCH:  21	MiniBatch:    0
03/05/2021 11:05:36 - INFO - __main__ -   	EPOCH:  21	MiniBatch:    1
03/05/2021 11:05:36 - INFO - __main__ -   	EPOCH:  21	MiniBatch:    2
03/05/2021 11:05:37 - INFO - __main__ -   	EPOCH:  21	MiniBatch:    3
03/05/2021 11:05:38 - INFO - __main__ -   	EPOCH:  21	MiniBatch:    4
03/05/2021 11:05:39 - INFO - __main__ -   	EPOCH:  21	MiniBatch:    5
03/05/2021 11:05:39 - INFO - __main__ -   	EPOCH:  21	MiniBatch:    6
03/05/2021 11:05:40 - INFO - __main__ -   	EPOCH:  21	MiniBatch:    7
03/05/2021 11:05:41 - INFO - __main__ -   	EPOCH:  21	MiniBatch:    8
03/05/2021 11:05:41 - INFO - __main__ -   	EPOCH:  21	MiniBatch:    9
03/05/2021 11:05:42 - INFO - __main__ -   	EPOCH:  21	MiniBatch:   10
03/05/2021 11:05:43 - INFO - __main__ -   	EPOCH:  21	MiniBatch:   11
03/05/2021 11:05:44 - INFO - __main__ -   	EPOCH:  21	MiniBatch:   12
03/05/2021 11:05:44 - INFO - __main__ -   	EPOCH:  21	MiniBatch:   13
03/05/2021 11:05:45 - INFO - __main__ -   	EPOCH:  21	MiniBatch:   14
03/05/2021 11:05:46 - INFO - __main__ -   	EPOCH:  21	MiniBatch:   15
03/05/2021 11:05:46 - INFO - __main__ -   	EPOCH:  21	MiniBatch:   16
03/05/2021 11:05:47 - INFO - __main__ -   	EPOCH:  21	MiniBatch:   17
03/05/2021 11:05:48 - INFO - __main__ -   	EPOCH:  21	MiniBatch:   18
03/05/2021 11:05:48 - INFO - __main__ -   	EPOCH:  21	MiniBatch:   19
03/05/2021 11:05:49 - INFO - __main__ -   	EPOCH:  21	MiniBatch:   20
03/05/2021 11:05:50 - INFO - __main__ -   	Testing dev Minibatch:    0
03/05/2021 11:05:51 - INFO - __main__ -   	Testing dev Minibatch:    1
03/05/2021 11:05:51 - INFO - __main__ -   	Testing dev Minibatch:    2
03/05/2021 11:05:52 - INFO - __main__ -   
============ Predict Tweet Stance ============
Labels 	Prec. 	Recall	F1    	Supp  
Denial 	0.6220	0.7656	0.6864	273
Support	0.5469	0.5147	0.5303	204
Comment	0.5563	0.4115	0.4731	192
Queries	0.4286	0.4091	0.4186	22
MacroF1	0.5271
F1w_avg	0.5725
Acc    	58.2

============ Predict Viral Tweets ============
Labels 	Prec. 	Recall	F1    	Supp  
N_viral	0.8664	0.8445	0.8553	553
Viral  	0.4342	0.4783	0.4552	138
MacroF1	0.6552
F1w_avg	0.7754
Acc    	77.1

03/05/2021 11:05:52 - INFO - __main__ -   	EPOCH:  22	MiniBatch:    0
03/05/2021 11:05:52 - INFO - __main__ -   	EPOCH:  22	MiniBatch:    1
03/05/2021 11:05:53 - INFO - __main__ -   	EPOCH:  22	MiniBatch:    2
03/05/2021 11:05:54 - INFO - __main__ -   	EPOCH:  22	MiniBatch:    3
03/05/2021 11:05:55 - INFO - __main__ -   	EPOCH:  22	MiniBatch:    4
03/05/2021 11:05:55 - INFO - __main__ -   	EPOCH:  22	MiniBatch:    5
03/05/2021 11:05:56 - INFO - __main__ -   	EPOCH:  22	MiniBatch:    6
03/05/2021 11:05:57 - INFO - __main__ -   	EPOCH:  22	MiniBatch:    7
03/05/2021 11:05:57 - INFO - __main__ -   	EPOCH:  22	MiniBatch:    8
03/05/2021 11:05:58 - INFO - __main__ -   	EPOCH:  22	MiniBatch:    9
03/05/2021 11:05:59 - INFO - __main__ -   	EPOCH:  22	MiniBatch:   10
03/05/2021 11:06:00 - INFO - __main__ -   	EPOCH:  22	MiniBatch:   11
03/05/2021 11:06:00 - INFO - __main__ -   	EPOCH:  22	MiniBatch:   12
03/05/2021 11:06:01 - INFO - __main__ -   	EPOCH:  22	MiniBatch:   13
03/05/2021 11:06:02 - INFO - __main__ -   	EPOCH:  22	MiniBatch:   14
03/05/2021 11:06:02 - INFO - __main__ -   	EPOCH:  22	MiniBatch:   15
03/05/2021 11:06:03 - INFO - __main__ -   	EPOCH:  22	MiniBatch:   16
03/05/2021 11:06:04 - INFO - __main__ -   	EPOCH:  22	MiniBatch:   17
03/05/2021 11:06:04 - INFO - __main__ -   	EPOCH:  22	MiniBatch:   18
03/05/2021 11:06:05 - INFO - __main__ -   	EPOCH:  22	MiniBatch:   19
03/05/2021 11:06:06 - INFO - __main__ -   	EPOCH:  22	MiniBatch:   20
03/05/2021 11:06:07 - INFO - __main__ -   	Testing dev Minibatch:    0
03/05/2021 11:06:07 - INFO - __main__ -   	Testing dev Minibatch:    1
03/05/2021 11:06:08 - INFO - __main__ -   	Testing dev Minibatch:    2
03/05/2021 11:06:08 - INFO - __main__ -   
============ Predict Tweet Stance ============
Labels 	Prec. 	Recall	F1    	Supp  
Denial 	0.5826	0.7619	0.6603	273
Support	0.5602	0.4559	0.5027	204
Comment	0.5168	0.4010	0.4516	192
Queries	0.4211	0.3636	0.3902	22
MacroF1	0.5012
F1w_avg	0.5472
Acc    	55.9

============ Predict Viral Tweets ============
Labels 	Prec. 	Recall	F1    	Supp  
N_viral	0.8544	0.8698	0.8620	553
Viral  	0.4375	0.4058	0.4211	138
MacroF1	0.6415
F1w_avg	0.7739
Acc    	77.7

03/05/2021 11:06:09 - INFO - __main__ -   	EPOCH:  23	MiniBatch:    0
03/05/2021 11:06:09 - INFO - __main__ -   	EPOCH:  23	MiniBatch:    1
03/05/2021 11:06:10 - INFO - __main__ -   	EPOCH:  23	MiniBatch:    2
03/05/2021 11:06:11 - INFO - __main__ -   	EPOCH:  23	MiniBatch:    3
03/05/2021 11:06:11 - INFO - __main__ -   	EPOCH:  23	MiniBatch:    4
03/05/2021 11:06:12 - INFO - __main__ -   	EPOCH:  23	MiniBatch:    5
03/05/2021 11:06:13 - INFO - __main__ -   	EPOCH:  23	MiniBatch:    6
03/05/2021 11:06:13 - INFO - __main__ -   	EPOCH:  23	MiniBatch:    7
03/05/2021 11:06:14 - INFO - __main__ -   	EPOCH:  23	MiniBatch:    8
03/05/2021 11:06:15 - INFO - __main__ -   	EPOCH:  23	MiniBatch:    9
03/05/2021 11:06:16 - INFO - __main__ -   	EPOCH:  23	MiniBatch:   10
03/05/2021 11:06:16 - INFO - __main__ -   	EPOCH:  23	MiniBatch:   11
03/05/2021 11:06:17 - INFO - __main__ -   	EPOCH:  23	MiniBatch:   12
03/05/2021 11:06:18 - INFO - __main__ -   	EPOCH:  23	MiniBatch:   13
03/05/2021 11:06:18 - INFO - __main__ -   	EPOCH:  23	MiniBatch:   14
03/05/2021 11:06:19 - INFO - __main__ -   	EPOCH:  23	MiniBatch:   15
03/05/2021 11:06:20 - INFO - __main__ -   	EPOCH:  23	MiniBatch:   16
03/05/2021 11:06:21 - INFO - __main__ -   	EPOCH:  23	MiniBatch:   17
03/05/2021 11:06:21 - INFO - __main__ -   	EPOCH:  23	MiniBatch:   18
03/05/2021 11:06:22 - INFO - __main__ -   	EPOCH:  23	MiniBatch:   19
03/05/2021 11:06:23 - INFO - __main__ -   	EPOCH:  23	MiniBatch:   20
03/05/2021 11:06:23 - INFO - __main__ -   	Testing dev Minibatch:    0
03/05/2021 11:06:24 - INFO - __main__ -   	Testing dev Minibatch:    1
03/05/2021 11:06:25 - INFO - __main__ -   	Testing dev Minibatch:    2
03/05/2021 11:06:25 - INFO - __main__ -   
============ Predict Tweet Stance ============
Labels 	Prec. 	Recall	F1    	Supp  
Denial 	0.6765	0.6740	0.6752	273
Support	0.5381	0.5196	0.5287	204
Comment	0.4776	0.5000	0.4885	192
Queries	0.3810	0.3636	0.3721	22
MacroF1	0.5161
F1w_avg	0.5704
Acc    	57.0

============ Predict Viral Tweets ============
Labels 	Prec. 	Recall	F1    	Supp  
N_viral	0.8374	0.8752	0.8559	553
Viral  	0.3894	0.3188	0.3506	138
MacroF1	0.6032
F1w_avg	0.7550
Acc    	76.4

03/05/2021 11:06:25 - INFO - __main__ -   	EPOCH:  24	MiniBatch:    0
03/05/2021 11:06:26 - INFO - __main__ -   	EPOCH:  24	MiniBatch:    1
03/05/2021 11:06:27 - INFO - __main__ -   	EPOCH:  24	MiniBatch:    2
03/05/2021 11:06:27 - INFO - __main__ -   	EPOCH:  24	MiniBatch:    3
03/05/2021 11:06:28 - INFO - __main__ -   	EPOCH:  24	MiniBatch:    4
03/05/2021 11:06:29 - INFO - __main__ -   	EPOCH:  24	MiniBatch:    5
03/05/2021 11:06:30 - INFO - __main__ -   	EPOCH:  24	MiniBatch:    6
03/05/2021 11:06:30 - INFO - __main__ -   	EPOCH:  24	MiniBatch:    7
03/05/2021 11:06:31 - INFO - __main__ -   	EPOCH:  24	MiniBatch:    8
03/05/2021 11:06:32 - INFO - __main__ -   	EPOCH:  24	MiniBatch:    9
03/05/2021 11:06:32 - INFO - __main__ -   	EPOCH:  24	MiniBatch:   10
03/05/2021 11:06:33 - INFO - __main__ -   	EPOCH:  24	MiniBatch:   11
03/05/2021 11:06:34 - INFO - __main__ -   	EPOCH:  24	MiniBatch:   12
03/05/2021 11:06:34 - INFO - __main__ -   	EPOCH:  24	MiniBatch:   13
03/05/2021 11:06:35 - INFO - __main__ -   	EPOCH:  24	MiniBatch:   14
03/05/2021 11:06:36 - INFO - __main__ -   	EPOCH:  24	MiniBatch:   15
03/05/2021 11:06:37 - INFO - __main__ -   	EPOCH:  24	MiniBatch:   16
03/05/2021 11:06:37 - INFO - __main__ -   	EPOCH:  24	MiniBatch:   17
03/05/2021 11:06:38 - INFO - __main__ -   	EPOCH:  24	MiniBatch:   18
03/05/2021 11:06:39 - INFO - __main__ -   	EPOCH:  24	MiniBatch:   19
03/05/2021 11:06:39 - INFO - __main__ -   	EPOCH:  24	MiniBatch:   20
03/05/2021 11:06:40 - INFO - __main__ -   	Testing dev Minibatch:    0
03/05/2021 11:06:41 - INFO - __main__ -   	Testing dev Minibatch:    1
03/05/2021 11:06:42 - INFO - __main__ -   	Testing dev Minibatch:    2
03/05/2021 11:06:42 - INFO - __main__ -   
============ Predict Tweet Stance ============
Labels 	Prec. 	Recall	F1    	Supp  
Denial 	0.6184	0.6886	0.6516	273
Support	0.5581	0.4706	0.5106	204
Comment	0.4798	0.4948	0.4872	192
Queries	0.4706	0.3636	0.4103	22
MacroF1	0.5149
F1w_avg	0.5566
Acc    	56.0

============ Predict Viral Tweets ============
Labels 	Prec. 	Recall	F1    	Supp  
N_viral	0.8496	0.8680	0.8587	553
Viral  	0.4206	0.3841	0.4015	138
MacroF1	0.6301
F1w_avg	0.7674
Acc    	77.1

03/05/2021 11:06:42 - INFO - __main__ -   No improvements in F1 for 20 epochs
03/05/2021 11:06:44 - INFO - __main__ -   	Testing test Minibatch:    0
03/05/2021 11:06:45 - INFO - __main__ -   	Testing test Minibatch:    1
03/05/2021 11:06:46 - INFO - __main__ -   	Testing test Minibatch:    2
03/05/2021 11:06:46 - INFO - __main__ -   
============ Predict Tweet Stance ============
Labels 	Prec. 	Recall	F1    	Supp  
Denial 	0.6812	0.6047	0.6407	258
Support	0.5336	0.6384	0.5813	224
Comment	0.5031	0.4385	0.4686	187
Queries	0.4688	0.6522	0.5455	23
MacroF1	0.5590
F1w_avg	0.5718
Acc    	57.2

============ Predict Viral Tweets ============
Labels 	Prec. 	Recall	F1    	Supp  
N_viral	0.8634	0.8571	0.8603	553
Viral  	0.4476	0.4604	0.4539	139
MacroF1	0.6571
F1w_avg	0.7786
Acc    	77.7

03/05/2021 11:06:46 - INFO - __main__ -   Time taken: 0h 7m 16s
