03/05/2021 12:47:46 - INFO - __main__ -   ----------------- Hyperparameters ------------------
03/05/2021 12:47:46 - INFO - __main__ -   ======== mtt_Bertweet =========
03/05/2021 12:47:46 - INFO - __main__ -   ===== Hyperparameters ======
03/05/2021 12:47:46 - INFO - __main__ -   ('batch_train', 100)
03/05/2021 12:47:46 - INFO - __main__ -   ('batch_test', 300)
03/05/2021 12:47:46 - INFO - __main__ -   ('epochs', 200)
03/05/2021 12:47:46 - INFO - __main__ -   ('learning_rate', 4e-05)
03/05/2021 12:47:46 - INFO - __main__ -   ('optimizer', 'adam')
03/05/2021 12:47:46 - INFO - __main__ -   ('do_train', True)
03/05/2021 12:47:46 - INFO - __main__ -   ('do_test', True)
03/05/2021 12:47:46 - INFO - __main__ -   ('model_name', 'mtt_Bertweet')
03/05/2021 12:47:46 - INFO - __main__ -   ('exp_name', 'exp31')
03/05/2021 12:47:46 - INFO - __main__ -   ('train_data', './data/train_set_128_w_length_bertweet.bin')
03/05/2021 12:47:46 - INFO - __main__ -   ('test_data', './data/test_set_128_w_length_bertweet.bin')
03/05/2021 12:47:46 - INFO - __main__ -   ('k_folds', 4)
03/05/2021 12:47:46 - INFO - __main__ -   ('folds2run', 1)
03/05/2021 12:47:46 - INFO - __main__ -   ('debug', False)
03/05/2021 12:47:46 - INFO - __main__ -   ('log_interval', 1)
03/05/2021 12:47:46 - INFO - __main__ -   ('loss_fn', 'ce_loss')
03/05/2021 12:47:46 - INFO - __main__ -   ('w_sample', True)
03/05/2021 12:47:46 - INFO - __main__ -   ('pretrain_model', '')
03/05/2021 12:47:46 - INFO - __main__ -   ('epochs2giveup', 20)
03/05/2021 12:47:46 - INFO - __main__ -   ('dropout', 0.1)
03/05/2021 12:47:46 - INFO - __main__ -   ('viral_attr', 'likes')
03/05/2021 12:47:46 - INFO - __main__ -   ('viral_threshold', 90.0)
03/05/2021 12:47:46 - INFO - __main__ -   ('weight_attr', 'stance')
03/05/2021 12:47:46 - INFO - __main__ -   ('task', 'multi')
03/05/2021 12:47:46 - INFO - __main__ -   ('mtt_weight', 2.0)
03/05/2021 12:47:46 - INFO - __main__ -   ------------------ Getting model -------------------
03/05/2021 12:47:52 - INFO - __main__ -   --------------- Getting dataframes -----------------
03/05/2021 12:47:53 - INFO - __main__ -   ------- Setting loss function and optimizer --------
03/05/2021 12:47:53 - INFO - __main__ -   ------------ Converting to dataloaders -------------
03/05/2021 12:47:53 - INFO - __main__ -   class:    0 	count:  752
03/05/2021 12:47:53 - INFO - __main__ -   class:    1 	count:  616
03/05/2021 12:47:53 - INFO - __main__ -   class:    2 	count:  631
03/05/2021 12:47:53 - INFO - __main__ -   class:    3 	count:   76
03/05/2021 12:47:53 - INFO - __main__ -   ---------------- Starting training -----------------
03/05/2021 12:47:53 - INFO - __main__ -   	EPOCH:   0	MiniBatch:    0
03/05/2021 12:47:54 - INFO - __main__ -   	EPOCH:   0	MiniBatch:    1
03/05/2021 12:47:54 - INFO - __main__ -   	EPOCH:   0	MiniBatch:    2
03/05/2021 12:47:55 - INFO - __main__ -   	EPOCH:   0	MiniBatch:    3
03/05/2021 12:47:56 - INFO - __main__ -   	EPOCH:   0	MiniBatch:    4
03/05/2021 12:47:57 - INFO - __main__ -   	EPOCH:   0	MiniBatch:    5
03/05/2021 12:47:57 - INFO - __main__ -   	EPOCH:   0	MiniBatch:    6
03/05/2021 12:47:58 - INFO - __main__ -   	EPOCH:   0	MiniBatch:    7
03/05/2021 12:47:59 - INFO - __main__ -   	EPOCH:   0	MiniBatch:    8
03/05/2021 12:47:59 - INFO - __main__ -   	EPOCH:   0	MiniBatch:    9
03/05/2021 12:48:00 - INFO - __main__ -   	EPOCH:   0	MiniBatch:   10
03/05/2021 12:48:01 - INFO - __main__ -   	EPOCH:   0	MiniBatch:   11
03/05/2021 12:48:01 - INFO - __main__ -   	EPOCH:   0	MiniBatch:   12
03/05/2021 12:48:02 - INFO - __main__ -   	EPOCH:   0	MiniBatch:   13
03/05/2021 12:48:03 - INFO - __main__ -   	EPOCH:   0	MiniBatch:   14
03/05/2021 12:48:04 - INFO - __main__ -   	EPOCH:   0	MiniBatch:   15
03/05/2021 12:48:04 - INFO - __main__ -   	EPOCH:   0	MiniBatch:   16
03/05/2021 12:48:05 - INFO - __main__ -   	EPOCH:   0	MiniBatch:   17
03/05/2021 12:48:06 - INFO - __main__ -   	EPOCH:   0	MiniBatch:   18
03/05/2021 12:48:06 - INFO - __main__ -   	EPOCH:   0	MiniBatch:   19
03/05/2021 12:48:07 - INFO - __main__ -   	EPOCH:   0	MiniBatch:   20
03/05/2021 12:48:08 - INFO - __main__ -   	Testing dev Minibatch:    0
03/05/2021 12:48:09 - INFO - __main__ -   	Testing dev Minibatch:    1
03/05/2021 12:48:09 - INFO - __main__ -   	Testing dev Minibatch:    2
03/05/2021 12:48:09 - INFO - __main__ -   
============ Predict Tweet Stance ============
Labels 	Prec. 	Recall	F1    	Supp  
Denial 	0.3720	0.5751	0.4518	273
Support	0.0000	0.0000	0.0000	204
Comment	0.3125	0.1302	0.1838	192
Queries	0.0370	0.3182	0.0664	22
MacroF1	0.1755
F1w_avg	0.2317
Acc    	27.4

============ Predict Viral Tweets ============
Labels 	Prec. 	Recall	F1    	Supp  
N_viral	0.9001	1.0000	0.9474	622
Viral  	0.0000	0.0000	0.0000	69
MacroF1	0.4737
F1w_avg	0.8528
Acc    	90.0

03/05/2021 12:48:09 - INFO - __main__ -   Best results so far. Saving model...
03/05/2021 12:48:11 - INFO - __main__ -   	EPOCH:   1	MiniBatch:    0
03/05/2021 12:48:12 - INFO - __main__ -   	EPOCH:   1	MiniBatch:    1
03/05/2021 12:48:13 - INFO - __main__ -   	EPOCH:   1	MiniBatch:    2
03/05/2021 12:48:13 - INFO - __main__ -   	EPOCH:   1	MiniBatch:    3
03/05/2021 12:48:14 - INFO - __main__ -   	EPOCH:   1	MiniBatch:    4
03/05/2021 12:48:15 - INFO - __main__ -   	EPOCH:   1	MiniBatch:    5
03/05/2021 12:48:15 - INFO - __main__ -   	EPOCH:   1	MiniBatch:    6
03/05/2021 12:48:16 - INFO - __main__ -   	EPOCH:   1	MiniBatch:    7
03/05/2021 12:48:17 - INFO - __main__ -   	EPOCH:   1	MiniBatch:    8
03/05/2021 12:48:18 - INFO - __main__ -   	EPOCH:   1	MiniBatch:    9
03/05/2021 12:48:18 - INFO - __main__ -   	EPOCH:   1	MiniBatch:   10
03/05/2021 12:48:19 - INFO - __main__ -   	EPOCH:   1	MiniBatch:   11
03/05/2021 12:48:20 - INFO - __main__ -   	EPOCH:   1	MiniBatch:   12
03/05/2021 12:48:20 - INFO - __main__ -   	EPOCH:   1	MiniBatch:   13
03/05/2021 12:48:21 - INFO - __main__ -   	EPOCH:   1	MiniBatch:   14
03/05/2021 12:48:22 - INFO - __main__ -   	EPOCH:   1	MiniBatch:   15
03/05/2021 12:48:23 - INFO - __main__ -   	EPOCH:   1	MiniBatch:   16
03/05/2021 12:48:23 - INFO - __main__ -   	EPOCH:   1	MiniBatch:   17
03/05/2021 12:48:24 - INFO - __main__ -   	EPOCH:   1	MiniBatch:   18
03/05/2021 12:48:25 - INFO - __main__ -   	EPOCH:   1	MiniBatch:   19
03/05/2021 12:48:25 - INFO - __main__ -   	EPOCH:   1	MiniBatch:   20
03/05/2021 12:48:26 - INFO - __main__ -   	Testing dev Minibatch:    0
03/05/2021 12:48:27 - INFO - __main__ -   	Testing dev Minibatch:    1
03/05/2021 12:48:27 - INFO - __main__ -   	Testing dev Minibatch:    2
03/05/2021 12:48:28 - INFO - __main__ -   
============ Predict Tweet Stance ============
Labels 	Prec. 	Recall	F1    	Supp  
Denial 	0.4386	0.1832	0.2584	273
Support	0.3650	0.6961	0.4789	204
Comment	0.4368	0.1979	0.2724	192
Queries	0.0594	0.2727	0.0976	22
MacroF1	0.2768
F1w_avg	0.3223
Acc    	34.2

============ Predict Viral Tweets ============
Labels 	Prec. 	Recall	F1    	Supp  
N_viral	0.9001	1.0000	0.9474	622
Viral  	0.0000	0.0000	0.0000	69
MacroF1	0.4737
F1w_avg	0.8528
Acc    	90.0

03/05/2021 12:48:28 - INFO - __main__ -   Best results so far. Saving model...
03/05/2021 12:48:30 - INFO - __main__ -   	EPOCH:   2	MiniBatch:    0
03/05/2021 12:48:30 - INFO - __main__ -   	EPOCH:   2	MiniBatch:    1
03/05/2021 12:48:31 - INFO - __main__ -   	EPOCH:   2	MiniBatch:    2
03/05/2021 12:48:32 - INFO - __main__ -   	EPOCH:   2	MiniBatch:    3
03/05/2021 12:48:32 - INFO - __main__ -   	EPOCH:   2	MiniBatch:    4
03/05/2021 12:48:33 - INFO - __main__ -   	EPOCH:   2	MiniBatch:    5
03/05/2021 12:48:34 - INFO - __main__ -   	EPOCH:   2	MiniBatch:    6
03/05/2021 12:48:34 - INFO - __main__ -   	EPOCH:   2	MiniBatch:    7
03/05/2021 12:48:35 - INFO - __main__ -   	EPOCH:   2	MiniBatch:    8
03/05/2021 12:48:36 - INFO - __main__ -   	EPOCH:   2	MiniBatch:    9
03/05/2021 12:48:37 - INFO - __main__ -   	EPOCH:   2	MiniBatch:   10
03/05/2021 12:48:37 - INFO - __main__ -   	EPOCH:   2	MiniBatch:   11
03/05/2021 12:48:38 - INFO - __main__ -   	EPOCH:   2	MiniBatch:   12
03/05/2021 12:48:39 - INFO - __main__ -   	EPOCH:   2	MiniBatch:   13
03/05/2021 12:48:39 - INFO - __main__ -   	EPOCH:   2	MiniBatch:   14
03/05/2021 12:48:40 - INFO - __main__ -   	EPOCH:   2	MiniBatch:   15
03/05/2021 12:48:41 - INFO - __main__ -   	EPOCH:   2	MiniBatch:   16
03/05/2021 12:48:41 - INFO - __main__ -   	EPOCH:   2	MiniBatch:   17
03/05/2021 12:48:42 - INFO - __main__ -   	EPOCH:   2	MiniBatch:   18
03/05/2021 12:48:43 - INFO - __main__ -   	EPOCH:   2	MiniBatch:   19
03/05/2021 12:48:44 - INFO - __main__ -   	EPOCH:   2	MiniBatch:   20
03/05/2021 12:48:44 - INFO - __main__ -   	Testing dev Minibatch:    0
03/05/2021 12:48:45 - INFO - __main__ -   	Testing dev Minibatch:    1
03/05/2021 12:48:46 - INFO - __main__ -   	Testing dev Minibatch:    2
03/05/2021 12:48:46 - INFO - __main__ -   
============ Predict Tweet Stance ============
Labels 	Prec. 	Recall	F1    	Supp  
Denial 	0.3846	0.0183	0.0350	273
Support	0.3317	0.6667	0.4430	204
Comment	0.3981	0.2240	0.2867	192
Queries	0.1375	1.0000	0.2418	22
MacroF1	0.2516
F1w_avg	0.2319
Acc    	29.8

============ Predict Viral Tweets ============
Labels 	Prec. 	Recall	F1    	Supp  
N_viral	0.9001	1.0000	0.9474	622
Viral  	0.0000	0.0000	0.0000	69
MacroF1	0.4737
F1w_avg	0.8528
Acc    	90.0

03/05/2021 12:48:46 - INFO - __main__ -   	EPOCH:   3	MiniBatch:    0
03/05/2021 12:48:47 - INFO - __main__ -   	EPOCH:   3	MiniBatch:    1
03/05/2021 12:48:48 - INFO - __main__ -   	EPOCH:   3	MiniBatch:    2
03/05/2021 12:48:48 - INFO - __main__ -   	EPOCH:   3	MiniBatch:    3
03/05/2021 12:48:49 - INFO - __main__ -   	EPOCH:   3	MiniBatch:    4
03/05/2021 12:48:50 - INFO - __main__ -   	EPOCH:   3	MiniBatch:    5
03/05/2021 12:48:50 - INFO - __main__ -   	EPOCH:   3	MiniBatch:    6
03/05/2021 12:48:51 - INFO - __main__ -   	EPOCH:   3	MiniBatch:    7
03/05/2021 12:48:52 - INFO - __main__ -   	EPOCH:   3	MiniBatch:    8
03/05/2021 12:48:52 - INFO - __main__ -   	EPOCH:   3	MiniBatch:    9
03/05/2021 12:48:53 - INFO - __main__ -   	EPOCH:   3	MiniBatch:   10
03/05/2021 12:48:54 - INFO - __main__ -   	EPOCH:   3	MiniBatch:   11
03/05/2021 12:48:55 - INFO - __main__ -   	EPOCH:   3	MiniBatch:   12
03/05/2021 12:48:55 - INFO - __main__ -   	EPOCH:   3	MiniBatch:   13
03/05/2021 12:48:56 - INFO - __main__ -   	EPOCH:   3	MiniBatch:   14
03/05/2021 12:48:57 - INFO - __main__ -   	EPOCH:   3	MiniBatch:   15
03/05/2021 12:48:57 - INFO - __main__ -   	EPOCH:   3	MiniBatch:   16
03/05/2021 12:48:58 - INFO - __main__ -   	EPOCH:   3	MiniBatch:   17
03/05/2021 12:48:59 - INFO - __main__ -   	EPOCH:   3	MiniBatch:   18
03/05/2021 12:49:00 - INFO - __main__ -   	EPOCH:   3	MiniBatch:   19
03/05/2021 12:49:00 - INFO - __main__ -   	EPOCH:   3	MiniBatch:   20
03/05/2021 12:49:01 - INFO - __main__ -   	Testing dev Minibatch:    0
03/05/2021 12:49:02 - INFO - __main__ -   	Testing dev Minibatch:    1
03/05/2021 12:49:02 - INFO - __main__ -   	Testing dev Minibatch:    2
03/05/2021 12:49:03 - INFO - __main__ -   
============ Predict Tweet Stance ============
Labels 	Prec. 	Recall	F1    	Supp  
Denial 	0.5506	0.1795	0.2707	273
Support	0.3799	0.5735	0.4570	204
Comment	0.4183	0.5469	0.4740	192
Queries	0.3488	0.6818	0.4615	22
MacroF1	0.4158
F1w_avg	0.3883
Acc    	41.4

============ Predict Viral Tweets ============
Labels 	Prec. 	Recall	F1    	Supp  
N_viral	0.9001	1.0000	0.9474	622
Viral  	0.0000	0.0000	0.0000	69
MacroF1	0.4737
F1w_avg	0.8528
Acc    	90.0

03/05/2021 12:49:03 - INFO - __main__ -   Best results so far. Saving model...
03/05/2021 12:49:04 - INFO - __main__ -   	EPOCH:   4	MiniBatch:    0
03/05/2021 12:49:05 - INFO - __main__ -   	EPOCH:   4	MiniBatch:    1
03/05/2021 12:49:06 - INFO - __main__ -   	EPOCH:   4	MiniBatch:    2
03/05/2021 12:49:07 - INFO - __main__ -   	EPOCH:   4	MiniBatch:    3
03/05/2021 12:49:07 - INFO - __main__ -   	EPOCH:   4	MiniBatch:    4
03/05/2021 12:49:08 - INFO - __main__ -   	EPOCH:   4	MiniBatch:    5
03/05/2021 12:49:09 - INFO - __main__ -   	EPOCH:   4	MiniBatch:    6
03/05/2021 12:49:09 - INFO - __main__ -   	EPOCH:   4	MiniBatch:    7
03/05/2021 12:49:10 - INFO - __main__ -   	EPOCH:   4	MiniBatch:    8
03/05/2021 12:49:11 - INFO - __main__ -   	EPOCH:   4	MiniBatch:    9
03/05/2021 12:49:11 - INFO - __main__ -   	EPOCH:   4	MiniBatch:   10
03/05/2021 12:49:12 - INFO - __main__ -   	EPOCH:   4	MiniBatch:   11
03/05/2021 12:49:13 - INFO - __main__ -   	EPOCH:   4	MiniBatch:   12
03/05/2021 12:49:14 - INFO - __main__ -   	EPOCH:   4	MiniBatch:   13
03/05/2021 12:49:14 - INFO - __main__ -   	EPOCH:   4	MiniBatch:   14
03/05/2021 12:49:15 - INFO - __main__ -   	EPOCH:   4	MiniBatch:   15
03/05/2021 12:49:16 - INFO - __main__ -   	EPOCH:   4	MiniBatch:   16
03/05/2021 12:49:16 - INFO - __main__ -   	EPOCH:   4	MiniBatch:   17
03/05/2021 12:49:17 - INFO - __main__ -   	EPOCH:   4	MiniBatch:   18
03/05/2021 12:49:18 - INFO - __main__ -   	EPOCH:   4	MiniBatch:   19
03/05/2021 12:49:19 - INFO - __main__ -   	EPOCH:   4	MiniBatch:   20
03/05/2021 12:49:19 - INFO - __main__ -   	Testing dev Minibatch:    0
03/05/2021 12:49:20 - INFO - __main__ -   	Testing dev Minibatch:    1
03/05/2021 12:49:21 - INFO - __main__ -   	Testing dev Minibatch:    2
03/05/2021 12:49:21 - INFO - __main__ -   
============ Predict Tweet Stance ============
Labels 	Prec. 	Recall	F1    	Supp  
Denial 	0.4803	0.8059	0.6019	273
Support	0.5278	0.2794	0.3654	204
Comment	0.5306	0.2708	0.3586	192
Queries	0.4074	0.5000	0.4490	22
MacroF1	0.4437
F1w_avg	0.4596
Acc    	49.2

============ Predict Viral Tweets ============
Labels 	Prec. 	Recall	F1    	Supp  
N_viral	0.9095	0.9695	0.9385	622
Viral  	0.3214	0.1304	0.1856	69
MacroF1	0.5620
F1w_avg	0.8633
Acc    	88.6

03/05/2021 12:49:21 - INFO - __main__ -   Best results so far. Saving model...
03/05/2021 12:49:23 - INFO - __main__ -   	EPOCH:   5	MiniBatch:    0
03/05/2021 12:49:23 - INFO - __main__ -   	EPOCH:   5	MiniBatch:    1
03/05/2021 12:49:24 - INFO - __main__ -   	EPOCH:   5	MiniBatch:    2
03/05/2021 12:49:25 - INFO - __main__ -   	EPOCH:   5	MiniBatch:    3
03/05/2021 12:49:26 - INFO - __main__ -   	EPOCH:   5	MiniBatch:    4
03/05/2021 12:49:26 - INFO - __main__ -   	EPOCH:   5	MiniBatch:    5
03/05/2021 12:49:27 - INFO - __main__ -   	EPOCH:   5	MiniBatch:    6
03/05/2021 12:49:28 - INFO - __main__ -   	EPOCH:   5	MiniBatch:    7
03/05/2021 12:49:28 - INFO - __main__ -   	EPOCH:   5	MiniBatch:    8
03/05/2021 12:49:29 - INFO - __main__ -   	EPOCH:   5	MiniBatch:    9
03/05/2021 12:49:30 - INFO - __main__ -   	EPOCH:   5	MiniBatch:   10
03/05/2021 12:49:30 - INFO - __main__ -   	EPOCH:   5	MiniBatch:   11
03/05/2021 12:49:31 - INFO - __main__ -   	EPOCH:   5	MiniBatch:   12
03/05/2021 12:49:32 - INFO - __main__ -   	EPOCH:   5	MiniBatch:   13
03/05/2021 12:49:33 - INFO - __main__ -   	EPOCH:   5	MiniBatch:   14
03/05/2021 12:49:33 - INFO - __main__ -   	EPOCH:   5	MiniBatch:   15
03/05/2021 12:49:34 - INFO - __main__ -   	EPOCH:   5	MiniBatch:   16
03/05/2021 12:49:35 - INFO - __main__ -   	EPOCH:   5	MiniBatch:   17
03/05/2021 12:49:35 - INFO - __main__ -   	EPOCH:   5	MiniBatch:   18
03/05/2021 12:49:36 - INFO - __main__ -   	EPOCH:   5	MiniBatch:   19
03/05/2021 12:49:37 - INFO - __main__ -   	EPOCH:   5	MiniBatch:   20
03/05/2021 12:49:38 - INFO - __main__ -   	Testing dev Minibatch:    0
03/05/2021 12:49:38 - INFO - __main__ -   	Testing dev Minibatch:    1
03/05/2021 12:49:39 - INFO - __main__ -   	Testing dev Minibatch:    2
03/05/2021 12:49:39 - INFO - __main__ -   
============ Predict Tweet Stance ============
Labels 	Prec. 	Recall	F1    	Supp  
Denial 	0.6725	0.4212	0.5180	273
Support	0.5714	0.3529	0.4364	204
Comment	0.4077	0.7708	0.5333	192
Queries	0.2903	0.4091	0.3396	22
MacroF1	0.4568
F1w_avg	0.4925
Acc    	49.8

============ Predict Viral Tweets ============
Labels 	Prec. 	Recall	F1    	Supp  
N_viral	0.9190	0.9662	0.9420	622
Viral  	0.4324	0.2319	0.3019	69
MacroF1	0.6219
F1w_avg	0.8781
Acc    	89.3

03/05/2021 12:49:39 - INFO - __main__ -   Best results so far. Saving model...
03/05/2021 12:49:41 - INFO - __main__ -   	EPOCH:   6	MiniBatch:    0
03/05/2021 12:49:42 - INFO - __main__ -   	EPOCH:   6	MiniBatch:    1
03/05/2021 12:49:42 - INFO - __main__ -   	EPOCH:   6	MiniBatch:    2
03/05/2021 12:49:43 - INFO - __main__ -   	EPOCH:   6	MiniBatch:    3
03/05/2021 12:49:44 - INFO - __main__ -   	EPOCH:   6	MiniBatch:    4
03/05/2021 12:49:45 - INFO - __main__ -   	EPOCH:   6	MiniBatch:    5
03/05/2021 12:49:45 - INFO - __main__ -   	EPOCH:   6	MiniBatch:    6
03/05/2021 12:49:46 - INFO - __main__ -   	EPOCH:   6	MiniBatch:    7
03/05/2021 12:49:47 - INFO - __main__ -   	EPOCH:   6	MiniBatch:    8
03/05/2021 12:49:47 - INFO - __main__ -   	EPOCH:   6	MiniBatch:    9
03/05/2021 12:49:48 - INFO - __main__ -   	EPOCH:   6	MiniBatch:   10
03/05/2021 12:49:49 - INFO - __main__ -   	EPOCH:   6	MiniBatch:   11
03/05/2021 12:49:49 - INFO - __main__ -   	EPOCH:   6	MiniBatch:   12
03/05/2021 12:49:50 - INFO - __main__ -   	EPOCH:   6	MiniBatch:   13
03/05/2021 12:49:51 - INFO - __main__ -   	EPOCH:   6	MiniBatch:   14
03/05/2021 12:49:52 - INFO - __main__ -   	EPOCH:   6	MiniBatch:   15
03/05/2021 12:49:52 - INFO - __main__ -   	EPOCH:   6	MiniBatch:   16
03/05/2021 12:49:53 - INFO - __main__ -   	EPOCH:   6	MiniBatch:   17
03/05/2021 12:49:54 - INFO - __main__ -   	EPOCH:   6	MiniBatch:   18
03/05/2021 12:49:54 - INFO - __main__ -   	EPOCH:   6	MiniBatch:   19
03/05/2021 12:49:55 - INFO - __main__ -   	EPOCH:   6	MiniBatch:   20
03/05/2021 12:49:56 - INFO - __main__ -   	Testing dev Minibatch:    0
03/05/2021 12:49:57 - INFO - __main__ -   	Testing dev Minibatch:    1
03/05/2021 12:49:57 - INFO - __main__ -   	Testing dev Minibatch:    2
03/05/2021 12:49:57 - INFO - __main__ -   
============ Predict Tweet Stance ============
Labels 	Prec. 	Recall	F1    	Supp  
Denial 	0.6206	0.7729	0.6884	273
Support	0.5355	0.5539	0.5446	204
Comment	0.6147	0.3490	0.4452	192
Queries	0.3871	0.5455	0.4528	22
MacroF1	0.5328
F1w_avg	0.5709
Acc    	58.3

============ Predict Viral Tweets ============
Labels 	Prec. 	Recall	F1    	Supp  
N_viral	0.9309	0.9309	0.9309	622
Viral  	0.3768	0.3768	0.3768	69
MacroF1	0.6538
F1w_avg	0.8755
Acc    	87.6

03/05/2021 12:49:57 - INFO - __main__ -   Best results so far. Saving model...
03/05/2021 12:49:59 - INFO - __main__ -   	EPOCH:   7	MiniBatch:    0
03/05/2021 12:50:00 - INFO - __main__ -   	EPOCH:   7	MiniBatch:    1
03/05/2021 12:50:01 - INFO - __main__ -   	EPOCH:   7	MiniBatch:    2
03/05/2021 12:50:01 - INFO - __main__ -   	EPOCH:   7	MiniBatch:    3
03/05/2021 12:50:02 - INFO - __main__ -   	EPOCH:   7	MiniBatch:    4
03/05/2021 12:50:03 - INFO - __main__ -   	EPOCH:   7	MiniBatch:    5
03/05/2021 12:50:04 - INFO - __main__ -   	EPOCH:   7	MiniBatch:    6
03/05/2021 12:50:04 - INFO - __main__ -   	EPOCH:   7	MiniBatch:    7
03/05/2021 12:50:05 - INFO - __main__ -   	EPOCH:   7	MiniBatch:    8
03/05/2021 12:50:06 - INFO - __main__ -   	EPOCH:   7	MiniBatch:    9
03/05/2021 12:50:06 - INFO - __main__ -   	EPOCH:   7	MiniBatch:   10
03/05/2021 12:50:07 - INFO - __main__ -   	EPOCH:   7	MiniBatch:   11
03/05/2021 12:50:08 - INFO - __main__ -   	EPOCH:   7	MiniBatch:   12
03/05/2021 12:50:08 - INFO - __main__ -   	EPOCH:   7	MiniBatch:   13
03/05/2021 12:50:09 - INFO - __main__ -   	EPOCH:   7	MiniBatch:   14
03/05/2021 12:50:10 - INFO - __main__ -   	EPOCH:   7	MiniBatch:   15
03/05/2021 12:50:11 - INFO - __main__ -   	EPOCH:   7	MiniBatch:   16
03/05/2021 12:50:11 - INFO - __main__ -   	EPOCH:   7	MiniBatch:   17
03/05/2021 12:50:12 - INFO - __main__ -   	EPOCH:   7	MiniBatch:   18
03/05/2021 12:50:13 - INFO - __main__ -   	EPOCH:   7	MiniBatch:   19
03/05/2021 12:50:13 - INFO - __main__ -   	EPOCH:   7	MiniBatch:   20
03/05/2021 12:50:14 - INFO - __main__ -   	Testing dev Minibatch:    0
03/05/2021 12:50:15 - INFO - __main__ -   	Testing dev Minibatch:    1
03/05/2021 12:50:15 - INFO - __main__ -   	Testing dev Minibatch:    2
03/05/2021 12:50:16 - INFO - __main__ -   
============ Predict Tweet Stance ============
Labels 	Prec. 	Recall	F1    	Supp  
Denial 	0.6759	0.7179	0.6963	273
Support	0.6471	0.3235	0.4314	204
Comment	0.4718	0.6979	0.5630	192
Queries	0.4000	0.2727	0.3243	22
MacroF1	0.5037
F1w_avg	0.5692
Acc    	58.2

============ Predict Viral Tweets ============
Labels 	Prec. 	Recall	F1    	Supp  
N_viral	0.9056	0.9871	0.9446	622
Viral  	0.3846	0.0725	0.1220	69
MacroF1	0.5333
F1w_avg	0.8625
Acc    	89.6

03/05/2021 12:50:16 - INFO - __main__ -   	EPOCH:   8	MiniBatch:    0
03/05/2021 12:50:17 - INFO - __main__ -   	EPOCH:   8	MiniBatch:    1
03/05/2021 12:50:17 - INFO - __main__ -   	EPOCH:   8	MiniBatch:    2
03/05/2021 12:50:18 - INFO - __main__ -   	EPOCH:   8	MiniBatch:    3
03/05/2021 12:50:19 - INFO - __main__ -   	EPOCH:   8	MiniBatch:    4
03/05/2021 12:50:19 - INFO - __main__ -   	EPOCH:   8	MiniBatch:    5
03/05/2021 12:50:20 - INFO - __main__ -   	EPOCH:   8	MiniBatch:    6
03/05/2021 12:50:21 - INFO - __main__ -   	EPOCH:   8	MiniBatch:    7
03/05/2021 12:50:22 - INFO - __main__ -   	EPOCH:   8	MiniBatch:    8
03/05/2021 12:50:22 - INFO - __main__ -   	EPOCH:   8	MiniBatch:    9
03/05/2021 12:50:23 - INFO - __main__ -   	EPOCH:   8	MiniBatch:   10
03/05/2021 12:50:24 - INFO - __main__ -   	EPOCH:   8	MiniBatch:   11
03/05/2021 12:50:24 - INFO - __main__ -   	EPOCH:   8	MiniBatch:   12
03/05/2021 12:50:25 - INFO - __main__ -   	EPOCH:   8	MiniBatch:   13
03/05/2021 12:50:26 - INFO - __main__ -   	EPOCH:   8	MiniBatch:   14
03/05/2021 12:50:27 - INFO - __main__ -   	EPOCH:   8	MiniBatch:   15
03/05/2021 12:50:27 - INFO - __main__ -   	EPOCH:   8	MiniBatch:   16
03/05/2021 12:50:28 - INFO - __main__ -   	EPOCH:   8	MiniBatch:   17
03/05/2021 12:50:29 - INFO - __main__ -   	EPOCH:   8	MiniBatch:   18
03/05/2021 12:50:29 - INFO - __main__ -   	EPOCH:   8	MiniBatch:   19
03/05/2021 12:50:30 - INFO - __main__ -   	EPOCH:   8	MiniBatch:   20
03/05/2021 12:50:31 - INFO - __main__ -   	Testing dev Minibatch:    0
03/05/2021 12:50:32 - INFO - __main__ -   	Testing dev Minibatch:    1
03/05/2021 12:50:32 - INFO - __main__ -   	Testing dev Minibatch:    2
03/05/2021 12:50:32 - INFO - __main__ -   
============ Predict Tweet Stance ============
Labels 	Prec. 	Recall	F1    	Supp  
Denial 	0.6738	0.6886	0.6812	273
Support	0.4683	0.6520	0.5451	204
Comment	0.5789	0.3438	0.4314	192
Queries	0.3571	0.2273	0.2778	22
MacroF1	0.4838
F1w_avg	0.5587
Acc    	56.7

============ Predict Viral Tweets ============
Labels 	Prec. 	Recall	F1    	Supp  
N_viral	0.9041	0.9855	0.9431	622
Viral  	0.3077	0.0580	0.0976	69
MacroF1	0.5203
F1w_avg	0.8586
Acc    	89.3

03/05/2021 12:50:33 - INFO - __main__ -   	EPOCH:   9	MiniBatch:    0
03/05/2021 12:50:33 - INFO - __main__ -   	EPOCH:   9	MiniBatch:    1
03/05/2021 12:50:34 - INFO - __main__ -   	EPOCH:   9	MiniBatch:    2
03/05/2021 12:50:35 - INFO - __main__ -   	EPOCH:   9	MiniBatch:    3
03/05/2021 12:50:36 - INFO - __main__ -   	EPOCH:   9	MiniBatch:    4
03/05/2021 12:50:36 - INFO - __main__ -   	EPOCH:   9	MiniBatch:    5
03/05/2021 12:50:37 - INFO - __main__ -   	EPOCH:   9	MiniBatch:    6
03/05/2021 12:50:38 - INFO - __main__ -   	EPOCH:   9	MiniBatch:    7
03/05/2021 12:50:38 - INFO - __main__ -   	EPOCH:   9	MiniBatch:    8
03/05/2021 12:50:39 - INFO - __main__ -   	EPOCH:   9	MiniBatch:    9
03/05/2021 12:50:40 - INFO - __main__ -   	EPOCH:   9	MiniBatch:   10
03/05/2021 12:50:40 - INFO - __main__ -   	EPOCH:   9	MiniBatch:   11
03/05/2021 12:50:41 - INFO - __main__ -   	EPOCH:   9	MiniBatch:   12
03/05/2021 12:50:42 - INFO - __main__ -   	EPOCH:   9	MiniBatch:   13
03/05/2021 12:50:43 - INFO - __main__ -   	EPOCH:   9	MiniBatch:   14
03/05/2021 12:50:43 - INFO - __main__ -   	EPOCH:   9	MiniBatch:   15
03/05/2021 12:50:44 - INFO - __main__ -   	EPOCH:   9	MiniBatch:   16
03/05/2021 12:50:45 - INFO - __main__ -   	EPOCH:   9	MiniBatch:   17
03/05/2021 12:50:45 - INFO - __main__ -   	EPOCH:   9	MiniBatch:   18
03/05/2021 12:50:46 - INFO - __main__ -   	EPOCH:   9	MiniBatch:   19
03/05/2021 12:50:47 - INFO - __main__ -   	EPOCH:   9	MiniBatch:   20
03/05/2021 12:50:48 - INFO - __main__ -   	Testing dev Minibatch:    0
03/05/2021 12:50:48 - INFO - __main__ -   	Testing dev Minibatch:    1
03/05/2021 12:50:49 - INFO - __main__ -   	Testing dev Minibatch:    2
03/05/2021 12:50:49 - INFO - __main__ -   
============ Predict Tweet Stance ============
Labels 	Prec. 	Recall	F1    	Supp  
Denial 	0.6844	0.6593	0.6716	273
Support	0.5242	0.5833	0.5522	204
Comment	0.5319	0.5208	0.5263	192
Queries	0.4615	0.2727	0.3429	22
MacroF1	0.5233
F1w_avg	0.5855
Acc    	58.6

============ Predict Viral Tweets ============
Labels 	Prec. 	Recall	F1    	Supp  
N_viral	0.9091	0.9807	0.9435	622
Viral  	0.4000	0.1159	0.1798	69
MacroF1	0.5617
F1w_avg	0.8673
Acc    	89.4

03/05/2021 12:50:49 - INFO - __main__ -   	EPOCH:  10	MiniBatch:    0
03/05/2021 12:50:50 - INFO - __main__ -   	EPOCH:  10	MiniBatch:    1
03/05/2021 12:50:51 - INFO - __main__ -   	EPOCH:  10	MiniBatch:    2
03/05/2021 12:50:52 - INFO - __main__ -   	EPOCH:  10	MiniBatch:    3
03/05/2021 12:50:52 - INFO - __main__ -   	EPOCH:  10	MiniBatch:    4
03/05/2021 12:50:53 - INFO - __main__ -   	EPOCH:  10	MiniBatch:    5
03/05/2021 12:50:54 - INFO - __main__ -   	EPOCH:  10	MiniBatch:    6
03/05/2021 12:50:54 - INFO - __main__ -   	EPOCH:  10	MiniBatch:    7
03/05/2021 12:50:55 - INFO - __main__ -   	EPOCH:  10	MiniBatch:    8
03/05/2021 12:50:56 - INFO - __main__ -   	EPOCH:  10	MiniBatch:    9
03/05/2021 12:50:56 - INFO - __main__ -   	EPOCH:  10	MiniBatch:   10
03/05/2021 12:50:57 - INFO - __main__ -   	EPOCH:  10	MiniBatch:   11
03/05/2021 12:50:58 - INFO - __main__ -   	EPOCH:  10	MiniBatch:   12
03/05/2021 12:50:59 - INFO - __main__ -   	EPOCH:  10	MiniBatch:   13
03/05/2021 12:50:59 - INFO - __main__ -   	EPOCH:  10	MiniBatch:   14
03/05/2021 12:51:00 - INFO - __main__ -   	EPOCH:  10	MiniBatch:   15
03/05/2021 12:51:01 - INFO - __main__ -   	EPOCH:  10	MiniBatch:   16
03/05/2021 12:51:01 - INFO - __main__ -   	EPOCH:  10	MiniBatch:   17
03/05/2021 12:51:02 - INFO - __main__ -   	EPOCH:  10	MiniBatch:   18
03/05/2021 12:51:03 - INFO - __main__ -   	EPOCH:  10	MiniBatch:   19
03/05/2021 12:51:04 - INFO - __main__ -   	EPOCH:  10	MiniBatch:   20
03/05/2021 12:51:04 - INFO - __main__ -   	Testing dev Minibatch:    0
03/05/2021 12:51:05 - INFO - __main__ -   	Testing dev Minibatch:    1
03/05/2021 12:51:06 - INFO - __main__ -   	Testing dev Minibatch:    2
03/05/2021 12:51:06 - INFO - __main__ -   
============ Predict Tweet Stance ============
Labels 	Prec. 	Recall	F1    	Supp  
Denial 	0.7167	0.6117	0.6601	273
Support	0.4944	0.6471	0.5605	204
Comment	0.5337	0.4948	0.5135	192
Queries	0.4615	0.2727	0.3429	22
MacroF1	0.5192
F1w_avg	0.5799
Acc    	57.9

============ Predict Viral Tweets ============
Labels 	Prec. 	Recall	F1    	Supp  
N_viral	0.9212	0.9582	0.9393	622
Viral  	0.4091	0.2609	0.3186	69
MacroF1	0.6290
F1w_avg	0.8773
Acc    	88.9

03/05/2021 12:51:06 - INFO - __main__ -   	EPOCH:  11	MiniBatch:    0
03/05/2021 12:51:07 - INFO - __main__ -   	EPOCH:  11	MiniBatch:    1
03/05/2021 12:51:08 - INFO - __main__ -   	EPOCH:  11	MiniBatch:    2
03/05/2021 12:51:08 - INFO - __main__ -   	EPOCH:  11	MiniBatch:    3
03/05/2021 12:51:09 - INFO - __main__ -   	EPOCH:  11	MiniBatch:    4
03/05/2021 12:51:10 - INFO - __main__ -   	EPOCH:  11	MiniBatch:    5
03/05/2021 12:51:10 - INFO - __main__ -   	EPOCH:  11	MiniBatch:    6
03/05/2021 12:51:11 - INFO - __main__ -   	EPOCH:  11	MiniBatch:    7
03/05/2021 12:51:12 - INFO - __main__ -   	EPOCH:  11	MiniBatch:    8
03/05/2021 12:51:13 - INFO - __main__ -   	EPOCH:  11	MiniBatch:    9
03/05/2021 12:51:13 - INFO - __main__ -   	EPOCH:  11	MiniBatch:   10
03/05/2021 12:51:14 - INFO - __main__ -   	EPOCH:  11	MiniBatch:   11
03/05/2021 12:51:15 - INFO - __main__ -   	EPOCH:  11	MiniBatch:   12
03/05/2021 12:51:15 - INFO - __main__ -   	EPOCH:  11	MiniBatch:   13
03/05/2021 12:51:16 - INFO - __main__ -   	EPOCH:  11	MiniBatch:   14
03/05/2021 12:51:17 - INFO - __main__ -   	EPOCH:  11	MiniBatch:   15
03/05/2021 12:51:17 - INFO - __main__ -   	EPOCH:  11	MiniBatch:   16
03/05/2021 12:51:18 - INFO - __main__ -   	EPOCH:  11	MiniBatch:   17
03/05/2021 12:51:19 - INFO - __main__ -   	EPOCH:  11	MiniBatch:   18
03/05/2021 12:51:20 - INFO - __main__ -   	EPOCH:  11	MiniBatch:   19
03/05/2021 12:51:20 - INFO - __main__ -   	EPOCH:  11	MiniBatch:   20
03/05/2021 12:51:21 - INFO - __main__ -   	Testing dev Minibatch:    0
03/05/2021 12:51:22 - INFO - __main__ -   	Testing dev Minibatch:    1
03/05/2021 12:51:22 - INFO - __main__ -   	Testing dev Minibatch:    2
03/05/2021 12:51:23 - INFO - __main__ -   
============ Predict Tweet Stance ============
Labels 	Prec. 	Recall	F1    	Supp  
Denial 	0.6643	0.6740	0.6691	273
Support	0.5705	0.4363	0.4944	204
Comment	0.4938	0.6198	0.5497	192
Queries	0.4118	0.3182	0.3590	22
MacroF1	0.5180
F1w_avg	0.5745
Acc    	57.7

============ Predict Viral Tweets ============
Labels 	Prec. 	Recall	F1    	Supp  
N_viral	0.9225	0.9566	0.9392	622
Viral  	0.4130	0.2754	0.3304	69
MacroF1	0.6348
F1w_avg	0.8784
Acc    	88.9

03/05/2021 12:51:23 - INFO - __main__ -   	EPOCH:  12	MiniBatch:    0
03/05/2021 12:51:24 - INFO - __main__ -   	EPOCH:  12	MiniBatch:    1
03/05/2021 12:51:24 - INFO - __main__ -   	EPOCH:  12	MiniBatch:    2
03/05/2021 12:51:25 - INFO - __main__ -   	EPOCH:  12	MiniBatch:    3
03/05/2021 12:51:26 - INFO - __main__ -   	EPOCH:  12	MiniBatch:    4
03/05/2021 12:51:26 - INFO - __main__ -   	EPOCH:  12	MiniBatch:    5
03/05/2021 12:51:27 - INFO - __main__ -   	EPOCH:  12	MiniBatch:    6
03/05/2021 12:51:28 - INFO - __main__ -   	EPOCH:  12	MiniBatch:    7
03/05/2021 12:51:29 - INFO - __main__ -   	EPOCH:  12	MiniBatch:    8
03/05/2021 12:51:29 - INFO - __main__ -   	EPOCH:  12	MiniBatch:    9
03/05/2021 12:51:30 - INFO - __main__ -   	EPOCH:  12	MiniBatch:   10
03/05/2021 12:51:31 - INFO - __main__ -   	EPOCH:  12	MiniBatch:   11
03/05/2021 12:51:31 - INFO - __main__ -   	EPOCH:  12	MiniBatch:   12
03/05/2021 12:51:32 - INFO - __main__ -   	EPOCH:  12	MiniBatch:   13
03/05/2021 12:51:33 - INFO - __main__ -   	EPOCH:  12	MiniBatch:   14
03/05/2021 12:51:34 - INFO - __main__ -   	EPOCH:  12	MiniBatch:   15
03/05/2021 12:51:34 - INFO - __main__ -   	EPOCH:  12	MiniBatch:   16
03/05/2021 12:51:35 - INFO - __main__ -   	EPOCH:  12	MiniBatch:   17
03/05/2021 12:51:36 - INFO - __main__ -   	EPOCH:  12	MiniBatch:   18
03/05/2021 12:51:36 - INFO - __main__ -   	EPOCH:  12	MiniBatch:   19
03/05/2021 12:51:37 - INFO - __main__ -   	EPOCH:  12	MiniBatch:   20
03/05/2021 12:51:38 - INFO - __main__ -   	Testing dev Minibatch:    0
03/05/2021 12:51:38 - INFO - __main__ -   	Testing dev Minibatch:    1
03/05/2021 12:51:39 - INFO - __main__ -   	Testing dev Minibatch:    2
03/05/2021 12:51:39 - INFO - __main__ -   
============ Predict Tweet Stance ============
Labels 	Prec. 	Recall	F1    	Supp  
Denial 	0.7136	0.5568	0.6255	273
Support	0.5633	0.4363	0.4917	204
Comment	0.4411	0.6823	0.5358	192
Queries	0.3913	0.4091	0.4000	22
MacroF1	0.5133
F1w_avg	0.5539
Acc    	55.1

============ Predict Viral Tweets ============
Labels 	Prec. 	Recall	F1    	Supp  
N_viral	0.9343	0.9148	0.9245	622
Viral  	0.3537	0.4203	0.3841	69
MacroF1	0.6543
F1w_avg	0.8705
Acc    	86.5

03/05/2021 12:51:40 - INFO - __main__ -   	EPOCH:  13	MiniBatch:    0
03/05/2021 12:51:40 - INFO - __main__ -   	EPOCH:  13	MiniBatch:    1
03/05/2021 12:51:41 - INFO - __main__ -   	EPOCH:  13	MiniBatch:    2
03/05/2021 12:51:42 - INFO - __main__ -   	EPOCH:  13	MiniBatch:    3
03/05/2021 12:51:42 - INFO - __main__ -   	EPOCH:  13	MiniBatch:    4
03/05/2021 12:51:43 - INFO - __main__ -   	EPOCH:  13	MiniBatch:    5
03/05/2021 12:51:44 - INFO - __main__ -   	EPOCH:  13	MiniBatch:    6
03/05/2021 12:51:45 - INFO - __main__ -   	EPOCH:  13	MiniBatch:    7
03/05/2021 12:51:45 - INFO - __main__ -   	EPOCH:  13	MiniBatch:    8
03/05/2021 12:51:46 - INFO - __main__ -   	EPOCH:  13	MiniBatch:    9
03/05/2021 12:51:47 - INFO - __main__ -   	EPOCH:  13	MiniBatch:   10
03/05/2021 12:51:47 - INFO - __main__ -   	EPOCH:  13	MiniBatch:   11
03/05/2021 12:51:48 - INFO - __main__ -   	EPOCH:  13	MiniBatch:   12
03/05/2021 12:51:49 - INFO - __main__ -   	EPOCH:  13	MiniBatch:   13
03/05/2021 12:51:49 - INFO - __main__ -   	EPOCH:  13	MiniBatch:   14
03/05/2021 12:51:50 - INFO - __main__ -   	EPOCH:  13	MiniBatch:   15
03/05/2021 12:51:51 - INFO - __main__ -   	EPOCH:  13	MiniBatch:   16
03/05/2021 12:51:52 - INFO - __main__ -   	EPOCH:  13	MiniBatch:   17
03/05/2021 12:51:52 - INFO - __main__ -   	EPOCH:  13	MiniBatch:   18
03/05/2021 12:51:53 - INFO - __main__ -   	EPOCH:  13	MiniBatch:   19
03/05/2021 12:51:54 - INFO - __main__ -   	EPOCH:  13	MiniBatch:   20
03/05/2021 12:51:54 - INFO - __main__ -   	Testing dev Minibatch:    0
03/05/2021 12:51:55 - INFO - __main__ -   	Testing dev Minibatch:    1
03/05/2021 12:51:56 - INFO - __main__ -   	Testing dev Minibatch:    2
03/05/2021 12:51:56 - INFO - __main__ -   
============ Predict Tweet Stance ============
Labels 	Prec. 	Recall	F1    	Supp  
Denial 	0.6295	0.7656	0.6909	273
Support	0.5550	0.5196	0.5367	204
Comment	0.5822	0.4427	0.5030	192
Queries	0.4545	0.4545	0.4545	22
MacroF1	0.5463
F1w_avg	0.5856
Acc    	59.3

============ Predict Viral Tweets ============
Labels 	Prec. 	Recall	F1    	Supp  
N_viral	0.9142	0.9598	0.9365	622
Viral  	0.3421	0.1884	0.2430	69
MacroF1	0.5897
F1w_avg	0.8672
Acc    	88.3

03/05/2021 12:51:56 - INFO - __main__ -   	EPOCH:  14	MiniBatch:    0
03/05/2021 12:51:57 - INFO - __main__ -   	EPOCH:  14	MiniBatch:    1
03/05/2021 12:51:58 - INFO - __main__ -   	EPOCH:  14	MiniBatch:    2
03/05/2021 12:51:58 - INFO - __main__ -   	EPOCH:  14	MiniBatch:    3
03/05/2021 12:51:59 - INFO - __main__ -   	EPOCH:  14	MiniBatch:    4
03/05/2021 12:52:00 - INFO - __main__ -   	EPOCH:  14	MiniBatch:    5
03/05/2021 12:52:01 - INFO - __main__ -   	EPOCH:  14	MiniBatch:    6
03/05/2021 12:52:01 - INFO - __main__ -   	EPOCH:  14	MiniBatch:    7
03/05/2021 12:52:02 - INFO - __main__ -   	EPOCH:  14	MiniBatch:    8
03/05/2021 12:52:03 - INFO - __main__ -   	EPOCH:  14	MiniBatch:    9
03/05/2021 12:52:03 - INFO - __main__ -   	EPOCH:  14	MiniBatch:   10
03/05/2021 12:52:04 - INFO - __main__ -   	EPOCH:  14	MiniBatch:   11
03/05/2021 12:52:05 - INFO - __main__ -   	EPOCH:  14	MiniBatch:   12
03/05/2021 12:52:05 - INFO - __main__ -   	EPOCH:  14	MiniBatch:   13
03/05/2021 12:52:06 - INFO - __main__ -   	EPOCH:  14	MiniBatch:   14
03/05/2021 12:52:07 - INFO - __main__ -   	EPOCH:  14	MiniBatch:   15
03/05/2021 12:52:08 - INFO - __main__ -   	EPOCH:  14	MiniBatch:   16
03/05/2021 12:52:08 - INFO - __main__ -   	EPOCH:  14	MiniBatch:   17
03/05/2021 12:52:09 - INFO - __main__ -   	EPOCH:  14	MiniBatch:   18
03/05/2021 12:52:10 - INFO - __main__ -   	EPOCH:  14	MiniBatch:   19
03/05/2021 12:52:10 - INFO - __main__ -   	EPOCH:  14	MiniBatch:   20
03/05/2021 12:52:11 - INFO - __main__ -   	Testing dev Minibatch:    0
03/05/2021 12:52:12 - INFO - __main__ -   	Testing dev Minibatch:    1
03/05/2021 12:52:12 - INFO - __main__ -   	Testing dev Minibatch:    2
03/05/2021 12:52:13 - INFO - __main__ -   
============ Predict Tweet Stance ============
Labels 	Prec. 	Recall	F1    	Supp  
Denial 	0.6422	0.7363	0.6860	273
Support	0.5810	0.5098	0.5431	204
Comment	0.5410	0.5156	0.5280	192
Queries	0.5000	0.3636	0.4211	22
MacroF1	0.5445
F1w_avg	0.5915
Acc    	59.6

============ Predict Viral Tweets ============
Labels 	Prec. 	Recall	F1    	Supp  
N_viral	0.9117	0.9791	0.9442	622
Viral  	0.4348	0.1449	0.2174	69
MacroF1	0.5808
F1w_avg	0.8716
Acc    	89.6

03/05/2021 12:52:13 - INFO - __main__ -   	EPOCH:  15	MiniBatch:    0
03/05/2021 12:52:14 - INFO - __main__ -   	EPOCH:  15	MiniBatch:    1
03/05/2021 12:52:14 - INFO - __main__ -   	EPOCH:  15	MiniBatch:    2
03/05/2021 12:52:15 - INFO - __main__ -   	EPOCH:  15	MiniBatch:    3
03/05/2021 12:52:16 - INFO - __main__ -   	EPOCH:  15	MiniBatch:    4
03/05/2021 12:52:16 - INFO - __main__ -   	EPOCH:  15	MiniBatch:    5
03/05/2021 12:52:17 - INFO - __main__ -   	EPOCH:  15	MiniBatch:    6
03/05/2021 12:52:18 - INFO - __main__ -   	EPOCH:  15	MiniBatch:    7
03/05/2021 12:52:19 - INFO - __main__ -   	EPOCH:  15	MiniBatch:    8
03/05/2021 12:52:19 - INFO - __main__ -   	EPOCH:  15	MiniBatch:    9
03/05/2021 12:52:20 - INFO - __main__ -   	EPOCH:  15	MiniBatch:   10
03/05/2021 12:52:21 - INFO - __main__ -   	EPOCH:  15	MiniBatch:   11
03/05/2021 12:52:21 - INFO - __main__ -   	EPOCH:  15	MiniBatch:   12
03/05/2021 12:52:22 - INFO - __main__ -   	EPOCH:  15	MiniBatch:   13
03/05/2021 12:52:23 - INFO - __main__ -   	EPOCH:  15	MiniBatch:   14
03/05/2021 12:52:24 - INFO - __main__ -   	EPOCH:  15	MiniBatch:   15
03/05/2021 12:52:24 - INFO - __main__ -   	EPOCH:  15	MiniBatch:   16
03/05/2021 12:52:25 - INFO - __main__ -   	EPOCH:  15	MiniBatch:   17
03/05/2021 12:52:26 - INFO - __main__ -   	EPOCH:  15	MiniBatch:   18
03/05/2021 12:52:26 - INFO - __main__ -   	EPOCH:  15	MiniBatch:   19
03/05/2021 12:52:27 - INFO - __main__ -   	EPOCH:  15	MiniBatch:   20
03/05/2021 12:52:28 - INFO - __main__ -   	Testing dev Minibatch:    0
03/05/2021 12:52:28 - INFO - __main__ -   	Testing dev Minibatch:    1
03/05/2021 12:52:29 - INFO - __main__ -   	Testing dev Minibatch:    2
03/05/2021 12:52:29 - INFO - __main__ -   
============ Predict Tweet Stance ============
Labels 	Prec. 	Recall	F1    	Supp  
Denial 	0.6856	0.6630	0.6741	273
Support	0.5743	0.5686	0.5714	204
Comment	0.5407	0.5885	0.5636	192
Queries	0.4375	0.3182	0.3684	22
MacroF1	0.5444
F1w_avg	0.6034
Acc    	60.3

============ Predict Viral Tweets ============
Labels 	Prec. 	Recall	F1    	Supp  
N_viral	0.9355	0.9100	0.9226	622
Viral  	0.3488	0.4348	0.3871	69
MacroF1	0.6548
F1w_avg	0.8691
Acc    	86.3

03/05/2021 12:52:29 - INFO - __main__ -   Best results so far. Saving model...
03/05/2021 12:52:31 - INFO - __main__ -   	EPOCH:  16	MiniBatch:    0
03/05/2021 12:52:32 - INFO - __main__ -   	EPOCH:  16	MiniBatch:    1
03/05/2021 12:52:33 - INFO - __main__ -   	EPOCH:  16	MiniBatch:    2
03/05/2021 12:52:33 - INFO - __main__ -   	EPOCH:  16	MiniBatch:    3
03/05/2021 12:52:34 - INFO - __main__ -   	EPOCH:  16	MiniBatch:    4
03/05/2021 12:52:35 - INFO - __main__ -   	EPOCH:  16	MiniBatch:    5
03/05/2021 12:52:35 - INFO - __main__ -   	EPOCH:  16	MiniBatch:    6
03/05/2021 12:52:36 - INFO - __main__ -   	EPOCH:  16	MiniBatch:    7
03/05/2021 12:52:37 - INFO - __main__ -   	EPOCH:  16	MiniBatch:    8
03/05/2021 12:52:38 - INFO - __main__ -   	EPOCH:  16	MiniBatch:    9
03/05/2021 12:52:38 - INFO - __main__ -   	EPOCH:  16	MiniBatch:   10
03/05/2021 12:52:39 - INFO - __main__ -   	EPOCH:  16	MiniBatch:   11
03/05/2021 12:52:40 - INFO - __main__ -   	EPOCH:  16	MiniBatch:   12
03/05/2021 12:52:40 - INFO - __main__ -   	EPOCH:  16	MiniBatch:   13
03/05/2021 12:52:41 - INFO - __main__ -   	EPOCH:  16	MiniBatch:   14
03/05/2021 12:52:42 - INFO - __main__ -   	EPOCH:  16	MiniBatch:   15
03/05/2021 12:52:43 - INFO - __main__ -   	EPOCH:  16	MiniBatch:   16
03/05/2021 12:52:43 - INFO - __main__ -   	EPOCH:  16	MiniBatch:   17
03/05/2021 12:52:44 - INFO - __main__ -   	EPOCH:  16	MiniBatch:   18
03/05/2021 12:52:45 - INFO - __main__ -   	EPOCH:  16	MiniBatch:   19
03/05/2021 12:52:45 - INFO - __main__ -   	EPOCH:  16	MiniBatch:   20
03/05/2021 12:52:46 - INFO - __main__ -   	Testing dev Minibatch:    0
03/05/2021 12:52:47 - INFO - __main__ -   	Testing dev Minibatch:    1
03/05/2021 12:52:47 - INFO - __main__ -   	Testing dev Minibatch:    2
03/05/2021 12:52:48 - INFO - __main__ -   
============ Predict Tweet Stance ============
Labels 	Prec. 	Recall	F1    	Supp  
Denial 	0.6758	0.7253	0.6996	273
Support	0.5638	0.5196	0.5408	204
Comment	0.5474	0.5417	0.5445	192
Queries	0.6000	0.5455	0.5714	22
MacroF1	0.5891
F1w_avg	0.6056
Acc    	60.8

============ Predict Viral Tweets ============
Labels 	Prec. 	Recall	F1    	Supp  
N_viral	0.9187	0.9630	0.9403	622
Viral  	0.4103	0.2319	0.2963	69
MacroF1	0.6183
F1w_avg	0.8760
Acc    	89.0

03/05/2021 12:52:48 - INFO - __main__ -   	EPOCH:  17	MiniBatch:    0
03/05/2021 12:52:49 - INFO - __main__ -   	EPOCH:  17	MiniBatch:    1
03/05/2021 12:52:49 - INFO - __main__ -   	EPOCH:  17	MiniBatch:    2
03/05/2021 12:52:50 - INFO - __main__ -   	EPOCH:  17	MiniBatch:    3
03/05/2021 12:52:51 - INFO - __main__ -   	EPOCH:  17	MiniBatch:    4
03/05/2021 12:52:52 - INFO - __main__ -   	EPOCH:  17	MiniBatch:    5
03/05/2021 12:52:52 - INFO - __main__ -   	EPOCH:  17	MiniBatch:    6
03/05/2021 12:52:53 - INFO - __main__ -   	EPOCH:  17	MiniBatch:    7
03/05/2021 12:52:54 - INFO - __main__ -   	EPOCH:  17	MiniBatch:    8
03/05/2021 12:52:54 - INFO - __main__ -   	EPOCH:  17	MiniBatch:    9
03/05/2021 12:52:55 - INFO - __main__ -   	EPOCH:  17	MiniBatch:   10
03/05/2021 12:52:56 - INFO - __main__ -   	EPOCH:  17	MiniBatch:   11
03/05/2021 12:52:56 - INFO - __main__ -   	EPOCH:  17	MiniBatch:   12
03/05/2021 12:52:57 - INFO - __main__ -   	EPOCH:  17	MiniBatch:   13
03/05/2021 12:52:58 - INFO - __main__ -   	EPOCH:  17	MiniBatch:   14
03/05/2021 12:52:59 - INFO - __main__ -   	EPOCH:  17	MiniBatch:   15
03/05/2021 12:52:59 - INFO - __main__ -   	EPOCH:  17	MiniBatch:   16
03/05/2021 12:53:00 - INFO - __main__ -   	EPOCH:  17	MiniBatch:   17
03/05/2021 12:53:01 - INFO - __main__ -   	EPOCH:  17	MiniBatch:   18
03/05/2021 12:53:01 - INFO - __main__ -   	EPOCH:  17	MiniBatch:   19
03/05/2021 12:53:02 - INFO - __main__ -   	EPOCH:  17	MiniBatch:   20
03/05/2021 12:53:03 - INFO - __main__ -   	Testing dev Minibatch:    0
03/05/2021 12:53:04 - INFO - __main__ -   	Testing dev Minibatch:    1
03/05/2021 12:53:04 - INFO - __main__ -   	Testing dev Minibatch:    2
03/05/2021 12:53:05 - INFO - __main__ -   
============ Predict Tweet Stance ============
Labels 	Prec. 	Recall	F1    	Supp  
Denial 	0.6384	0.7436	0.6870	273
Support	0.5878	0.4265	0.4943	204
Comment	0.5097	0.5469	0.5276	192
Queries	0.5263	0.4545	0.4878	22
MacroF1	0.5492
F1w_avg	0.5795
Acc    	58.6

============ Predict Viral Tweets ============
Labels 	Prec. 	Recall	F1    	Supp  
N_viral	0.9249	0.9502	0.9374	622
Viral  	0.4038	0.3043	0.3471	69
MacroF1	0.6422
F1w_avg	0.8784
Acc    	88.6

03/05/2021 12:53:05 - INFO - __main__ -   	EPOCH:  18	MiniBatch:    0
03/05/2021 12:53:05 - INFO - __main__ -   	EPOCH:  18	MiniBatch:    1
03/05/2021 12:53:06 - INFO - __main__ -   	EPOCH:  18	MiniBatch:    2
03/05/2021 12:53:07 - INFO - __main__ -   	EPOCH:  18	MiniBatch:    3
03/05/2021 12:53:08 - INFO - __main__ -   	EPOCH:  18	MiniBatch:    4
03/05/2021 12:53:08 - INFO - __main__ -   	EPOCH:  18	MiniBatch:    5
03/05/2021 12:53:09 - INFO - __main__ -   	EPOCH:  18	MiniBatch:    6
03/05/2021 12:53:10 - INFO - __main__ -   	EPOCH:  18	MiniBatch:    7
03/05/2021 12:53:10 - INFO - __main__ -   	EPOCH:  18	MiniBatch:    8
03/05/2021 12:53:11 - INFO - __main__ -   	EPOCH:  18	MiniBatch:    9
03/05/2021 12:53:12 - INFO - __main__ -   	EPOCH:  18	MiniBatch:   10
03/05/2021 12:53:12 - INFO - __main__ -   	EPOCH:  18	MiniBatch:   11
03/05/2021 12:53:13 - INFO - __main__ -   	EPOCH:  18	MiniBatch:   12
03/05/2021 12:53:14 - INFO - __main__ -   	EPOCH:  18	MiniBatch:   13
03/05/2021 12:53:15 - INFO - __main__ -   	EPOCH:  18	MiniBatch:   14
03/05/2021 12:53:15 - INFO - __main__ -   	EPOCH:  18	MiniBatch:   15
03/05/2021 12:53:16 - INFO - __main__ -   	EPOCH:  18	MiniBatch:   16
03/05/2021 12:53:17 - INFO - __main__ -   	EPOCH:  18	MiniBatch:   17
03/05/2021 12:53:17 - INFO - __main__ -   	EPOCH:  18	MiniBatch:   18
03/05/2021 12:53:18 - INFO - __main__ -   	EPOCH:  18	MiniBatch:   19
03/05/2021 12:53:19 - INFO - __main__ -   	EPOCH:  18	MiniBatch:   20
03/05/2021 12:53:20 - INFO - __main__ -   	Testing dev Minibatch:    0
03/05/2021 12:53:20 - INFO - __main__ -   	Testing dev Minibatch:    1
03/05/2021 12:53:21 - INFO - __main__ -   	Testing dev Minibatch:    2
03/05/2021 12:53:21 - INFO - __main__ -   
============ Predict Tweet Stance ============
Labels 	Prec. 	Recall	F1    	Supp  
Denial 	0.7078	0.5678	0.6301	273
Support	0.5548	0.4216	0.4791	204
Comment	0.4197	0.6667	0.5151	192
Queries	0.5000	0.2727	0.3529	22
MacroF1	0.4943
F1w_avg	0.5447
Acc    	54.3

============ Predict Viral Tweets ============
Labels 	Prec. 	Recall	F1    	Supp  
N_viral	0.9072	0.9904	0.9470	622
Viral  	0.5000	0.0870	0.1481	69
MacroF1	0.5476
F1w_avg	0.8672
Acc    	90.0

03/05/2021 12:53:21 - INFO - __main__ -   	EPOCH:  19	MiniBatch:    0
03/05/2021 12:53:22 - INFO - __main__ -   	EPOCH:  19	MiniBatch:    1
03/05/2021 12:53:23 - INFO - __main__ -   	EPOCH:  19	MiniBatch:    2
03/05/2021 12:53:24 - INFO - __main__ -   	EPOCH:  19	MiniBatch:    3
03/05/2021 12:53:24 - INFO - __main__ -   	EPOCH:  19	MiniBatch:    4
03/05/2021 12:53:25 - INFO - __main__ -   	EPOCH:  19	MiniBatch:    5
03/05/2021 12:53:26 - INFO - __main__ -   	EPOCH:  19	MiniBatch:    6
03/05/2021 12:53:26 - INFO - __main__ -   	EPOCH:  19	MiniBatch:    7
03/05/2021 12:53:27 - INFO - __main__ -   	EPOCH:  19	MiniBatch:    8
03/05/2021 12:53:28 - INFO - __main__ -   	EPOCH:  19	MiniBatch:    9
03/05/2021 12:53:28 - INFO - __main__ -   	EPOCH:  19	MiniBatch:   10
03/05/2021 12:53:29 - INFO - __main__ -   	EPOCH:  19	MiniBatch:   11
03/05/2021 12:53:30 - INFO - __main__ -   	EPOCH:  19	MiniBatch:   12
03/05/2021 12:53:31 - INFO - __main__ -   	EPOCH:  19	MiniBatch:   13
03/05/2021 12:53:31 - INFO - __main__ -   	EPOCH:  19	MiniBatch:   14
03/05/2021 12:53:32 - INFO - __main__ -   	EPOCH:  19	MiniBatch:   15
03/05/2021 12:53:33 - INFO - __main__ -   	EPOCH:  19	MiniBatch:   16
03/05/2021 12:53:33 - INFO - __main__ -   	EPOCH:  19	MiniBatch:   17
03/05/2021 12:53:34 - INFO - __main__ -   	EPOCH:  19	MiniBatch:   18
03/05/2021 12:53:35 - INFO - __main__ -   	EPOCH:  19	MiniBatch:   19
03/05/2021 12:53:36 - INFO - __main__ -   	EPOCH:  19	MiniBatch:   20
03/05/2021 12:53:36 - INFO - __main__ -   	Testing dev Minibatch:    0
03/05/2021 12:53:37 - INFO - __main__ -   	Testing dev Minibatch:    1
03/05/2021 12:53:38 - INFO - __main__ -   	Testing dev Minibatch:    2
03/05/2021 12:53:38 - INFO - __main__ -   
============ Predict Tweet Stance ============
Labels 	Prec. 	Recall	F1    	Supp  
Denial 	0.6154	0.7326	0.6689	273
Support	0.6460	0.3578	0.4606	204
Comment	0.4678	0.5677	0.5129	192
Queries	0.5500	0.5000	0.5238	22
MacroF1	0.5416
F1w_avg	0.5594
Acc    	56.9

============ Predict Viral Tweets ============
Labels 	Prec. 	Recall	F1    	Supp  
N_viral	0.9100	0.9759	0.9418	622
Viral  	0.3750	0.1304	0.1935	69
MacroF1	0.5677
F1w_avg	0.8671
Acc    	89.1

03/05/2021 12:53:38 - INFO - __main__ -   	EPOCH:  20	MiniBatch:    0
03/05/2021 12:53:39 - INFO - __main__ -   	EPOCH:  20	MiniBatch:    1
03/05/2021 12:53:40 - INFO - __main__ -   	EPOCH:  20	MiniBatch:    2
03/05/2021 12:53:40 - INFO - __main__ -   	EPOCH:  20	MiniBatch:    3
03/05/2021 12:53:41 - INFO - __main__ -   	EPOCH:  20	MiniBatch:    4
03/05/2021 12:53:42 - INFO - __main__ -   	EPOCH:  20	MiniBatch:    5
03/05/2021 12:53:42 - INFO - __main__ -   	EPOCH:  20	MiniBatch:    6
03/05/2021 12:53:43 - INFO - __main__ -   	EPOCH:  20	MiniBatch:    7
03/05/2021 12:53:44 - INFO - __main__ -   	EPOCH:  20	MiniBatch:    8
03/05/2021 12:53:44 - INFO - __main__ -   	EPOCH:  20	MiniBatch:    9
03/05/2021 12:53:45 - INFO - __main__ -   	EPOCH:  20	MiniBatch:   10
03/05/2021 12:53:46 - INFO - __main__ -   	EPOCH:  20	MiniBatch:   11
03/05/2021 12:53:47 - INFO - __main__ -   	EPOCH:  20	MiniBatch:   12
03/05/2021 12:53:47 - INFO - __main__ -   	EPOCH:  20	MiniBatch:   13
03/05/2021 12:53:48 - INFO - __main__ -   	EPOCH:  20	MiniBatch:   14
03/05/2021 12:53:49 - INFO - __main__ -   	EPOCH:  20	MiniBatch:   15
03/05/2021 12:53:49 - INFO - __main__ -   	EPOCH:  20	MiniBatch:   16
03/05/2021 12:53:50 - INFO - __main__ -   	EPOCH:  20	MiniBatch:   17
03/05/2021 12:53:51 - INFO - __main__ -   	EPOCH:  20	MiniBatch:   18
03/05/2021 12:53:52 - INFO - __main__ -   	EPOCH:  20	MiniBatch:   19
03/05/2021 12:53:52 - INFO - __main__ -   	EPOCH:  20	MiniBatch:   20
03/05/2021 12:53:53 - INFO - __main__ -   	Testing dev Minibatch:    0
03/05/2021 12:53:54 - INFO - __main__ -   	Testing dev Minibatch:    1
03/05/2021 12:53:54 - INFO - __main__ -   	Testing dev Minibatch:    2
03/05/2021 12:53:55 - INFO - __main__ -   
============ Predict Tweet Stance ============
Labels 	Prec. 	Recall	F1    	Supp  
Denial 	0.6703	0.6777	0.6740	273
Support	0.5285	0.5000	0.5139	204
Comment	0.5147	0.5469	0.5303	192
Queries	0.5556	0.4545	0.5000	22
MacroF1	0.5545
F1w_avg	0.5812
Acc    	58.2

============ Predict Viral Tweets ============
Labels 	Prec. 	Recall	F1    	Supp  
N_viral	0.9118	0.9807	0.9450	622
Viral  	0.4545	0.1449	0.2198	69
MacroF1	0.5824
F1w_avg	0.8726
Acc    	89.7

03/05/2021 12:53:55 - INFO - __main__ -   	EPOCH:  21	MiniBatch:    0
03/05/2021 12:53:56 - INFO - __main__ -   	EPOCH:  21	MiniBatch:    1
03/05/2021 12:53:56 - INFO - __main__ -   	EPOCH:  21	MiniBatch:    2
03/05/2021 12:53:57 - INFO - __main__ -   	EPOCH:  21	MiniBatch:    3
03/05/2021 12:53:58 - INFO - __main__ -   	EPOCH:  21	MiniBatch:    4
03/05/2021 12:53:58 - INFO - __main__ -   	EPOCH:  21	MiniBatch:    5
03/05/2021 12:53:59 - INFO - __main__ -   	EPOCH:  21	MiniBatch:    6
03/05/2021 12:54:00 - INFO - __main__ -   	EPOCH:  21	MiniBatch:    7
03/05/2021 12:54:00 - INFO - __main__ -   	EPOCH:  21	MiniBatch:    8
03/05/2021 12:54:01 - INFO - __main__ -   	EPOCH:  21	MiniBatch:    9
03/05/2021 12:54:02 - INFO - __main__ -   	EPOCH:  21	MiniBatch:   10
03/05/2021 12:54:03 - INFO - __main__ -   	EPOCH:  21	MiniBatch:   11
03/05/2021 12:54:03 - INFO - __main__ -   	EPOCH:  21	MiniBatch:   12
03/05/2021 12:54:04 - INFO - __main__ -   	EPOCH:  21	MiniBatch:   13
03/05/2021 12:54:05 - INFO - __main__ -   	EPOCH:  21	MiniBatch:   14
03/05/2021 12:54:05 - INFO - __main__ -   	EPOCH:  21	MiniBatch:   15
03/05/2021 12:54:06 - INFO - __main__ -   	EPOCH:  21	MiniBatch:   16
03/05/2021 12:54:07 - INFO - __main__ -   	EPOCH:  21	MiniBatch:   17
03/05/2021 12:54:08 - INFO - __main__ -   	EPOCH:  21	MiniBatch:   18
03/05/2021 12:54:08 - INFO - __main__ -   	EPOCH:  21	MiniBatch:   19
03/05/2021 12:54:09 - INFO - __main__ -   	EPOCH:  21	MiniBatch:   20
03/05/2021 12:54:10 - INFO - __main__ -   	Testing dev Minibatch:    0
03/05/2021 12:54:10 - INFO - __main__ -   	Testing dev Minibatch:    1
03/05/2021 12:54:11 - INFO - __main__ -   	Testing dev Minibatch:    2
03/05/2021 12:54:11 - INFO - __main__ -   
============ Predict Tweet Stance ============
Labels 	Prec. 	Recall	F1    	Supp  
Denial 	0.5984	0.8022	0.6854	273
Support	0.5652	0.4461	0.4986	204
Comment	0.5811	0.4479	0.5059	192
Queries	0.5625	0.4091	0.4737	22
MacroF1	0.5409
F1w_avg	0.5737
Acc    	58.6

============ Predict Viral Tweets ============
Labels 	Prec. 	Recall	F1    	Supp  
N_viral	0.9158	0.9791	0.9464	622
Viral  	0.5000	0.1884	0.2737	69
MacroF1	0.6100
F1w_avg	0.8792
Acc    	90.0

03/05/2021 12:54:12 - INFO - __main__ -   	EPOCH:  22	MiniBatch:    0
03/05/2021 12:54:12 - INFO - __main__ -   	EPOCH:  22	MiniBatch:    1
03/05/2021 12:54:13 - INFO - __main__ -   	EPOCH:  22	MiniBatch:    2
03/05/2021 12:54:14 - INFO - __main__ -   	EPOCH:  22	MiniBatch:    3
03/05/2021 12:54:14 - INFO - __main__ -   	EPOCH:  22	MiniBatch:    4
03/05/2021 12:54:15 - INFO - __main__ -   	EPOCH:  22	MiniBatch:    5
03/05/2021 12:54:16 - INFO - __main__ -   	EPOCH:  22	MiniBatch:    6
03/05/2021 12:54:16 - INFO - __main__ -   	EPOCH:  22	MiniBatch:    7
03/05/2021 12:54:17 - INFO - __main__ -   	EPOCH:  22	MiniBatch:    8
03/05/2021 12:54:18 - INFO - __main__ -   	EPOCH:  22	MiniBatch:    9
03/05/2021 12:54:19 - INFO - __main__ -   	EPOCH:  22	MiniBatch:   10
03/05/2021 12:54:19 - INFO - __main__ -   	EPOCH:  22	MiniBatch:   11
03/05/2021 12:54:20 - INFO - __main__ -   	EPOCH:  22	MiniBatch:   12
03/05/2021 12:54:21 - INFO - __main__ -   	EPOCH:  22	MiniBatch:   13
03/05/2021 12:54:21 - INFO - __main__ -   	EPOCH:  22	MiniBatch:   14
03/05/2021 12:54:22 - INFO - __main__ -   	EPOCH:  22	MiniBatch:   15
03/05/2021 12:54:23 - INFO - __main__ -   	EPOCH:  22	MiniBatch:   16
03/05/2021 12:54:24 - INFO - __main__ -   	EPOCH:  22	MiniBatch:   17
03/05/2021 12:54:24 - INFO - __main__ -   	EPOCH:  22	MiniBatch:   18
03/05/2021 12:54:25 - INFO - __main__ -   	EPOCH:  22	MiniBatch:   19
03/05/2021 12:54:26 - INFO - __main__ -   	EPOCH:  22	MiniBatch:   20
03/05/2021 12:54:26 - INFO - __main__ -   	Testing dev Minibatch:    0
03/05/2021 12:54:27 - INFO - __main__ -   	Testing dev Minibatch:    1
03/05/2021 12:54:28 - INFO - __main__ -   	Testing dev Minibatch:    2
03/05/2021 12:54:28 - INFO - __main__ -   
============ Predict Tweet Stance ============
Labels 	Prec. 	Recall	F1    	Supp  
Denial 	0.6692	0.6520	0.6605	273
Support	0.5359	0.5490	0.5424	204
Comment	0.4951	0.5260	0.5101	192
Queries	0.5833	0.3182	0.4118	22
MacroF1	0.5312
F1w_avg	0.5759
Acc    	57.6

============ Predict Viral Tweets ============
Labels 	Prec. 	Recall	F1    	Supp  
N_viral	0.9081	0.9855	0.9453	622
Viral  	0.4375	0.1014	0.1647	69
MacroF1	0.5550
F1w_avg	0.8673
Acc    	89.7

03/05/2021 12:54:28 - INFO - __main__ -   	EPOCH:  23	MiniBatch:    0
03/05/2021 12:54:29 - INFO - __main__ -   	EPOCH:  23	MiniBatch:    1
03/05/2021 12:54:30 - INFO - __main__ -   	EPOCH:  23	MiniBatch:    2
03/05/2021 12:54:30 - INFO - __main__ -   	EPOCH:  23	MiniBatch:    3
03/05/2021 12:54:31 - INFO - __main__ -   	EPOCH:  23	MiniBatch:    4
03/05/2021 12:54:32 - INFO - __main__ -   	EPOCH:  23	MiniBatch:    5
03/05/2021 12:54:33 - INFO - __main__ -   	EPOCH:  23	MiniBatch:    6
03/05/2021 12:54:33 - INFO - __main__ -   	EPOCH:  23	MiniBatch:    7
03/05/2021 12:54:34 - INFO - __main__ -   	EPOCH:  23	MiniBatch:    8
03/05/2021 12:54:35 - INFO - __main__ -   	EPOCH:  23	MiniBatch:    9
03/05/2021 12:54:35 - INFO - __main__ -   	EPOCH:  23	MiniBatch:   10
03/05/2021 12:54:36 - INFO - __main__ -   	EPOCH:  23	MiniBatch:   11
03/05/2021 12:54:37 - INFO - __main__ -   	EPOCH:  23	MiniBatch:   12
03/05/2021 12:54:37 - INFO - __main__ -   	EPOCH:  23	MiniBatch:   13
03/05/2021 12:54:38 - INFO - __main__ -   	EPOCH:  23	MiniBatch:   14
03/05/2021 12:54:39 - INFO - __main__ -   	EPOCH:  23	MiniBatch:   15
03/05/2021 12:54:40 - INFO - __main__ -   	EPOCH:  23	MiniBatch:   16
03/05/2021 12:54:40 - INFO - __main__ -   	EPOCH:  23	MiniBatch:   17
03/05/2021 12:54:41 - INFO - __main__ -   	EPOCH:  23	MiniBatch:   18
03/05/2021 12:54:42 - INFO - __main__ -   	EPOCH:  23	MiniBatch:   19
03/05/2021 12:54:42 - INFO - __main__ -   	EPOCH:  23	MiniBatch:   20
03/05/2021 12:54:43 - INFO - __main__ -   	Testing dev Minibatch:    0
03/05/2021 12:54:44 - INFO - __main__ -   	Testing dev Minibatch:    1
03/05/2021 12:54:45 - INFO - __main__ -   	Testing dev Minibatch:    2
03/05/2021 12:54:45 - INFO - __main__ -   
============ Predict Tweet Stance ============
Labels 	Prec. 	Recall	F1    	Supp  
Denial 	0.5977	0.7509	0.6656	273
Support	0.6036	0.3284	0.4254	204
Comment	0.4700	0.5312	0.4988	192
Queries	0.4500	0.4091	0.4286	22
MacroF1	0.5046
F1w_avg	0.5408
Acc    	55.4

============ Predict Viral Tweets ============
Labels 	Prec. 	Recall	F1    	Supp  
N_viral	0.9365	0.9244	0.9304	622
Viral  	0.3896	0.4348	0.4110	69
MacroF1	0.6707
F1w_avg	0.8785
Acc    	87.6

03/05/2021 12:54:45 - INFO - __main__ -   	EPOCH:  24	MiniBatch:    0
03/05/2021 12:54:46 - INFO - __main__ -   	EPOCH:  24	MiniBatch:    1
03/05/2021 12:54:46 - INFO - __main__ -   	EPOCH:  24	MiniBatch:    2
03/05/2021 12:54:47 - INFO - __main__ -   	EPOCH:  24	MiniBatch:    3
03/05/2021 12:54:48 - INFO - __main__ -   	EPOCH:  24	MiniBatch:    4
03/05/2021 12:54:49 - INFO - __main__ -   	EPOCH:  24	MiniBatch:    5
03/05/2021 12:54:49 - INFO - __main__ -   	EPOCH:  24	MiniBatch:    6
03/05/2021 12:54:50 - INFO - __main__ -   	EPOCH:  24	MiniBatch:    7
03/05/2021 12:54:51 - INFO - __main__ -   	EPOCH:  24	MiniBatch:    8
03/05/2021 12:54:51 - INFO - __main__ -   	EPOCH:  24	MiniBatch:    9
03/05/2021 12:54:52 - INFO - __main__ -   	EPOCH:  24	MiniBatch:   10
03/05/2021 12:54:53 - INFO - __main__ -   	EPOCH:  24	MiniBatch:   11
03/05/2021 12:54:54 - INFO - __main__ -   	EPOCH:  24	MiniBatch:   12
03/05/2021 12:54:54 - INFO - __main__ -   	EPOCH:  24	MiniBatch:   13
03/05/2021 12:54:55 - INFO - __main__ -   	EPOCH:  24	MiniBatch:   14
03/05/2021 12:54:56 - INFO - __main__ -   	EPOCH:  24	MiniBatch:   15
03/05/2021 12:54:56 - INFO - __main__ -   	EPOCH:  24	MiniBatch:   16
03/05/2021 12:54:57 - INFO - __main__ -   	EPOCH:  24	MiniBatch:   17
03/05/2021 12:54:58 - INFO - __main__ -   	EPOCH:  24	MiniBatch:   18
03/05/2021 12:54:58 - INFO - __main__ -   	EPOCH:  24	MiniBatch:   19
03/05/2021 12:54:59 - INFO - __main__ -   	EPOCH:  24	MiniBatch:   20
03/05/2021 12:55:00 - INFO - __main__ -   	Testing dev Minibatch:    0
03/05/2021 12:55:01 - INFO - __main__ -   	Testing dev Minibatch:    1
03/05/2021 12:55:01 - INFO - __main__ -   	Testing dev Minibatch:    2
03/05/2021 12:55:02 - INFO - __main__ -   
============ Predict Tweet Stance ============
Labels 	Prec. 	Recall	F1    	Supp  
Denial 	0.6840	0.6740	0.6790	273
Support	0.5723	0.4853	0.5252	204
Comment	0.4823	0.5677	0.5215	192
Queries	0.4348	0.4545	0.4444	22
MacroF1	0.5425
F1w_avg	0.5824
Acc    	58.2

============ Predict Viral Tweets ============
Labels 	Prec. 	Recall	F1    	Supp  
N_viral	0.9141	0.9582	0.9356	622
Viral  	0.3333	0.1884	0.2407	69
MacroF1	0.5882
F1w_avg	0.8662
Acc    	88.1

03/05/2021 12:55:02 - INFO - __main__ -   	EPOCH:  25	MiniBatch:    0
03/05/2021 12:55:03 - INFO - __main__ -   	EPOCH:  25	MiniBatch:    1
03/05/2021 12:55:03 - INFO - __main__ -   	EPOCH:  25	MiniBatch:    2
03/05/2021 12:55:04 - INFO - __main__ -   	EPOCH:  25	MiniBatch:    3
03/05/2021 12:55:05 - INFO - __main__ -   	EPOCH:  25	MiniBatch:    4
03/05/2021 12:55:05 - INFO - __main__ -   	EPOCH:  25	MiniBatch:    5
03/05/2021 12:55:06 - INFO - __main__ -   	EPOCH:  25	MiniBatch:    6
03/05/2021 12:55:07 - INFO - __main__ -   	EPOCH:  25	MiniBatch:    7
03/05/2021 12:55:07 - INFO - __main__ -   	EPOCH:  25	MiniBatch:    8
03/05/2021 12:55:08 - INFO - __main__ -   	EPOCH:  25	MiniBatch:    9
03/05/2021 12:55:09 - INFO - __main__ -   	EPOCH:  25	MiniBatch:   10
03/05/2021 12:55:10 - INFO - __main__ -   	EPOCH:  25	MiniBatch:   11
03/05/2021 12:55:10 - INFO - __main__ -   	EPOCH:  25	MiniBatch:   12
03/05/2021 12:55:11 - INFO - __main__ -   	EPOCH:  25	MiniBatch:   13
03/05/2021 12:55:12 - INFO - __main__ -   	EPOCH:  25	MiniBatch:   14
03/05/2021 12:55:12 - INFO - __main__ -   	EPOCH:  25	MiniBatch:   15
03/05/2021 12:55:13 - INFO - __main__ -   	EPOCH:  25	MiniBatch:   16
03/05/2021 12:55:14 - INFO - __main__ -   	EPOCH:  25	MiniBatch:   17
03/05/2021 12:55:14 - INFO - __main__ -   	EPOCH:  25	MiniBatch:   18
03/05/2021 12:55:15 - INFO - __main__ -   	EPOCH:  25	MiniBatch:   19
03/05/2021 12:55:16 - INFO - __main__ -   	EPOCH:  25	MiniBatch:   20
03/05/2021 12:55:17 - INFO - __main__ -   	Testing dev Minibatch:    0
03/05/2021 12:55:17 - INFO - __main__ -   	Testing dev Minibatch:    1
03/05/2021 12:55:18 - INFO - __main__ -   	Testing dev Minibatch:    2
03/05/2021 12:55:18 - INFO - __main__ -   
============ Predict Tweet Stance ============
Labels 	Prec. 	Recall	F1    	Supp  
Denial 	0.6585	0.6923	0.6750	273
Support	0.5556	0.5392	0.5473	204
Comment	0.5238	0.5156	0.5197	192
Queries	0.4706	0.3636	0.4103	22
MacroF1	0.5381
F1w_avg	0.5857
Acc    	58.8

============ Predict Viral Tweets ============
Labels 	Prec. 	Recall	F1    	Supp  
N_viral	0.9182	0.9566	0.9370	622
Viral  	0.3721	0.2319	0.2857	69
MacroF1	0.6114
F1w_avg	0.8720
Acc    	88.4

03/05/2021 12:55:19 - INFO - __main__ -   	EPOCH:  26	MiniBatch:    0
03/05/2021 12:55:19 - INFO - __main__ -   	EPOCH:  26	MiniBatch:    1
03/05/2021 12:55:20 - INFO - __main__ -   	EPOCH:  26	MiniBatch:    2
03/05/2021 12:55:21 - INFO - __main__ -   	EPOCH:  26	MiniBatch:    3
03/05/2021 12:55:21 - INFO - __main__ -   	EPOCH:  26	MiniBatch:    4
03/05/2021 12:55:22 - INFO - __main__ -   	EPOCH:  26	MiniBatch:    5
03/05/2021 12:55:23 - INFO - __main__ -   	EPOCH:  26	MiniBatch:    6
03/05/2021 12:55:23 - INFO - __main__ -   	EPOCH:  26	MiniBatch:    7
03/05/2021 12:55:24 - INFO - __main__ -   	EPOCH:  26	MiniBatch:    8
03/05/2021 12:55:25 - INFO - __main__ -   	EPOCH:  26	MiniBatch:    9
03/05/2021 12:55:26 - INFO - __main__ -   	EPOCH:  26	MiniBatch:   10
03/05/2021 12:55:26 - INFO - __main__ -   	EPOCH:  26	MiniBatch:   11
03/05/2021 12:55:27 - INFO - __main__ -   	EPOCH:  26	MiniBatch:   12
03/05/2021 12:55:28 - INFO - __main__ -   	EPOCH:  26	MiniBatch:   13
03/05/2021 12:55:28 - INFO - __main__ -   	EPOCH:  26	MiniBatch:   14
03/05/2021 12:55:29 - INFO - __main__ -   	EPOCH:  26	MiniBatch:   15
03/05/2021 12:55:30 - INFO - __main__ -   	EPOCH:  26	MiniBatch:   16
03/05/2021 12:55:30 - INFO - __main__ -   	EPOCH:  26	MiniBatch:   17
03/05/2021 12:55:31 - INFO - __main__ -   	EPOCH:  26	MiniBatch:   18
03/05/2021 12:55:32 - INFO - __main__ -   	EPOCH:  26	MiniBatch:   19
03/05/2021 12:55:33 - INFO - __main__ -   	EPOCH:  26	MiniBatch:   20
03/05/2021 12:55:33 - INFO - __main__ -   	Testing dev Minibatch:    0
03/05/2021 12:55:34 - INFO - __main__ -   	Testing dev Minibatch:    1
03/05/2021 12:55:35 - INFO - __main__ -   	Testing dev Minibatch:    2
03/05/2021 12:55:35 - INFO - __main__ -   
============ Predict Tweet Stance ============
Labels 	Prec. 	Recall	F1    	Supp  
Denial 	0.6764	0.6813	0.6788	273
Support	0.5909	0.5098	0.5474	204
Comment	0.5067	0.5885	0.5446	192
Queries	0.4706	0.3636	0.4103	22
MacroF1	0.5453
F1w_avg	0.5942
Acc    	59.5

============ Predict Viral Tweets ============
Labels 	Prec. 	Recall	F1    	Supp  
N_viral	0.9153	0.9727	0.9431	622
Viral  	0.4333	0.1884	0.2626	69
MacroF1	0.6029
F1w_avg	0.8752
Acc    	89.4

03/05/2021 12:55:35 - INFO - __main__ -   	EPOCH:  27	MiniBatch:    0
03/05/2021 12:55:36 - INFO - __main__ -   	EPOCH:  27	MiniBatch:    1
03/05/2021 12:55:37 - INFO - __main__ -   	EPOCH:  27	MiniBatch:    2
03/05/2021 12:55:37 - INFO - __main__ -   	EPOCH:  27	MiniBatch:    3
03/05/2021 12:55:38 - INFO - __main__ -   	EPOCH:  27	MiniBatch:    4
03/05/2021 12:55:39 - INFO - __main__ -   	EPOCH:  27	MiniBatch:    5
03/05/2021 12:55:39 - INFO - __main__ -   	EPOCH:  27	MiniBatch:    6
03/05/2021 12:55:40 - INFO - __main__ -   	EPOCH:  27	MiniBatch:    7
03/05/2021 12:55:41 - INFO - __main__ -   	EPOCH:  27	MiniBatch:    8
03/05/2021 12:55:42 - INFO - __main__ -   	EPOCH:  27	MiniBatch:    9
03/05/2021 12:55:42 - INFO - __main__ -   	EPOCH:  27	MiniBatch:   10
03/05/2021 12:55:43 - INFO - __main__ -   	EPOCH:  27	MiniBatch:   11
03/05/2021 12:55:44 - INFO - __main__ -   	EPOCH:  27	MiniBatch:   12
03/05/2021 12:55:44 - INFO - __main__ -   	EPOCH:  27	MiniBatch:   13
03/05/2021 12:55:45 - INFO - __main__ -   	EPOCH:  27	MiniBatch:   14
03/05/2021 12:55:46 - INFO - __main__ -   	EPOCH:  27	MiniBatch:   15
03/05/2021 12:55:47 - INFO - __main__ -   	EPOCH:  27	MiniBatch:   16
03/05/2021 12:55:47 - INFO - __main__ -   	EPOCH:  27	MiniBatch:   17
03/05/2021 12:55:48 - INFO - __main__ -   	EPOCH:  27	MiniBatch:   18
03/05/2021 12:55:49 - INFO - __main__ -   	EPOCH:  27	MiniBatch:   19
03/05/2021 12:55:49 - INFO - __main__ -   	EPOCH:  27	MiniBatch:   20
03/05/2021 12:55:50 - INFO - __main__ -   	Testing dev Minibatch:    0
03/05/2021 12:55:51 - INFO - __main__ -   	Testing dev Minibatch:    1
03/05/2021 12:55:51 - INFO - __main__ -   	Testing dev Minibatch:    2
03/05/2021 12:55:52 - INFO - __main__ -   
============ Predict Tweet Stance ============
Labels 	Prec. 	Recall	F1    	Supp  
Denial 	0.6815	0.6740	0.6777	273
Support	0.5789	0.4853	0.5280	204
Comment	0.4978	0.5990	0.5437	192
Queries	0.5263	0.4545	0.4878	22
MacroF1	0.5593
F1w_avg	0.5902
Acc    	59.0

============ Predict Viral Tweets ============
Labels 	Prec. 	Recall	F1    	Supp  
N_viral	0.9075	0.9775	0.9412	622
Viral  	0.3333	0.1014	0.1556	69
MacroF1	0.5484
F1w_avg	0.8627
Acc    	89.0

03/05/2021 12:55:52 - INFO - __main__ -   	EPOCH:  28	MiniBatch:    0
03/05/2021 12:55:53 - INFO - __main__ -   	EPOCH:  28	MiniBatch:    1
03/05/2021 12:55:53 - INFO - __main__ -   	EPOCH:  28	MiniBatch:    2
03/05/2021 12:55:54 - INFO - __main__ -   	EPOCH:  28	MiniBatch:    3
03/05/2021 12:55:55 - INFO - __main__ -   	EPOCH:  28	MiniBatch:    4
03/05/2021 12:55:55 - INFO - __main__ -   	EPOCH:  28	MiniBatch:    5
03/05/2021 12:55:56 - INFO - __main__ -   	EPOCH:  28	MiniBatch:    6
03/05/2021 12:55:57 - INFO - __main__ -   	EPOCH:  28	MiniBatch:    7
03/05/2021 12:55:58 - INFO - __main__ -   	EPOCH:  28	MiniBatch:    8
03/05/2021 12:55:58 - INFO - __main__ -   	EPOCH:  28	MiniBatch:    9
03/05/2021 12:55:59 - INFO - __main__ -   	EPOCH:  28	MiniBatch:   10
03/05/2021 12:56:00 - INFO - __main__ -   	EPOCH:  28	MiniBatch:   11
03/05/2021 12:56:00 - INFO - __main__ -   	EPOCH:  28	MiniBatch:   12
03/05/2021 12:56:01 - INFO - __main__ -   	EPOCH:  28	MiniBatch:   13
03/05/2021 12:56:02 - INFO - __main__ -   	EPOCH:  28	MiniBatch:   14
03/05/2021 12:56:02 - INFO - __main__ -   	EPOCH:  28	MiniBatch:   15
03/05/2021 12:56:03 - INFO - __main__ -   	EPOCH:  28	MiniBatch:   16
03/05/2021 12:56:04 - INFO - __main__ -   	EPOCH:  28	MiniBatch:   17
03/05/2021 12:56:05 - INFO - __main__ -   	EPOCH:  28	MiniBatch:   18
03/05/2021 12:56:05 - INFO - __main__ -   	EPOCH:  28	MiniBatch:   19
03/05/2021 12:56:06 - INFO - __main__ -   	EPOCH:  28	MiniBatch:   20
03/05/2021 12:56:07 - INFO - __main__ -   	Testing dev Minibatch:    0
03/05/2021 12:56:07 - INFO - __main__ -   	Testing dev Minibatch:    1
03/05/2021 12:56:08 - INFO - __main__ -   	Testing dev Minibatch:    2
03/05/2021 12:56:08 - INFO - __main__ -   
============ Predict Tweet Stance ============
Labels 	Prec. 	Recall	F1    	Supp  
Denial 	0.6629	0.6410	0.6518	273
Support	0.5801	0.5147	0.5455	204
Comment	0.4914	0.5938	0.5377	192
Queries	0.5000	0.3182	0.3889	22
MacroF1	0.5310
F1w_avg	0.5803
Acc    	58.0

============ Predict Viral Tweets ============
Labels 	Prec. 	Recall	F1    	Supp  
N_viral	0.9149	0.9678	0.9406	622
Viral  	0.3939	0.1884	0.2549	69
MacroF1	0.5978
F1w_avg	0.8722
Acc    	89.0

03/05/2021 12:56:09 - INFO - __main__ -   	EPOCH:  29	MiniBatch:    0
03/05/2021 12:56:09 - INFO - __main__ -   	EPOCH:  29	MiniBatch:    1
03/05/2021 12:56:10 - INFO - __main__ -   	EPOCH:  29	MiniBatch:    2
03/05/2021 12:56:11 - INFO - __main__ -   	EPOCH:  29	MiniBatch:    3
03/05/2021 12:56:11 - INFO - __main__ -   	EPOCH:  29	MiniBatch:    4
03/05/2021 12:56:12 - INFO - __main__ -   	EPOCH:  29	MiniBatch:    5
03/05/2021 12:56:13 - INFO - __main__ -   	EPOCH:  29	MiniBatch:    6
03/05/2021 12:56:14 - INFO - __main__ -   	EPOCH:  29	MiniBatch:    7
03/05/2021 12:56:14 - INFO - __main__ -   	EPOCH:  29	MiniBatch:    8
03/05/2021 12:56:15 - INFO - __main__ -   	EPOCH:  29	MiniBatch:    9
03/05/2021 12:56:16 - INFO - __main__ -   	EPOCH:  29	MiniBatch:   10
03/05/2021 12:56:16 - INFO - __main__ -   	EPOCH:  29	MiniBatch:   11
03/05/2021 12:56:17 - INFO - __main__ -   	EPOCH:  29	MiniBatch:   12
03/05/2021 12:56:18 - INFO - __main__ -   	EPOCH:  29	MiniBatch:   13
03/05/2021 12:56:18 - INFO - __main__ -   	EPOCH:  29	MiniBatch:   14
03/05/2021 12:56:19 - INFO - __main__ -   	EPOCH:  29	MiniBatch:   15
03/05/2021 12:56:20 - INFO - __main__ -   	EPOCH:  29	MiniBatch:   16
03/05/2021 12:56:21 - INFO - __main__ -   	EPOCH:  29	MiniBatch:   17
03/05/2021 12:56:21 - INFO - __main__ -   	EPOCH:  29	MiniBatch:   18
03/05/2021 12:56:22 - INFO - __main__ -   	EPOCH:  29	MiniBatch:   19
03/05/2021 12:56:23 - INFO - __main__ -   	EPOCH:  29	MiniBatch:   20
03/05/2021 12:56:23 - INFO - __main__ -   	Testing dev Minibatch:    0
03/05/2021 12:56:24 - INFO - __main__ -   	Testing dev Minibatch:    1
03/05/2021 12:56:25 - INFO - __main__ -   	Testing dev Minibatch:    2
03/05/2021 12:56:25 - INFO - __main__ -   
============ Predict Tweet Stance ============
Labels 	Prec. 	Recall	F1    	Supp  
Denial 	0.6407	0.6923	0.6655	273
Support	0.5545	0.5490	0.5517	204
Comment	0.5227	0.4792	0.5000	192
Queries	0.5000	0.4091	0.4500	22
MacroF1	0.5418
F1w_avg	0.5791
Acc    	58.2

============ Predict Viral Tweets ============
Labels 	Prec. 	Recall	F1    	Supp  
N_viral	0.9270	0.9389	0.9329	622
Viral  	0.3770	0.3333	0.3538	69
MacroF1	0.6434
F1w_avg	0.8751
Acc    	87.8

03/05/2021 12:56:25 - INFO - __main__ -   	EPOCH:  30	MiniBatch:    0
03/05/2021 12:56:26 - INFO - __main__ -   	EPOCH:  30	MiniBatch:    1
03/05/2021 12:56:27 - INFO - __main__ -   	EPOCH:  30	MiniBatch:    2
03/05/2021 12:56:27 - INFO - __main__ -   	EPOCH:  30	MiniBatch:    3
03/05/2021 12:56:28 - INFO - __main__ -   	EPOCH:  30	MiniBatch:    4
03/05/2021 12:56:29 - INFO - __main__ -   	EPOCH:  30	MiniBatch:    5
03/05/2021 12:56:30 - INFO - __main__ -   	EPOCH:  30	MiniBatch:    6
03/05/2021 12:56:30 - INFO - __main__ -   	EPOCH:  30	MiniBatch:    7
03/05/2021 12:56:31 - INFO - __main__ -   	EPOCH:  30	MiniBatch:    8
03/05/2021 12:56:32 - INFO - __main__ -   	EPOCH:  30	MiniBatch:    9
03/05/2021 12:56:32 - INFO - __main__ -   	EPOCH:  30	MiniBatch:   10
03/05/2021 12:56:33 - INFO - __main__ -   	EPOCH:  30	MiniBatch:   11
03/05/2021 12:56:34 - INFO - __main__ -   	EPOCH:  30	MiniBatch:   12
03/05/2021 12:56:35 - INFO - __main__ -   	EPOCH:  30	MiniBatch:   13
03/05/2021 12:56:35 - INFO - __main__ -   	EPOCH:  30	MiniBatch:   14
03/05/2021 12:56:36 - INFO - __main__ -   	EPOCH:  30	MiniBatch:   15
03/05/2021 12:56:37 - INFO - __main__ -   	EPOCH:  30	MiniBatch:   16
03/05/2021 12:56:37 - INFO - __main__ -   	EPOCH:  30	MiniBatch:   17
03/05/2021 12:56:38 - INFO - __main__ -   	EPOCH:  30	MiniBatch:   18
03/05/2021 12:56:39 - INFO - __main__ -   	EPOCH:  30	MiniBatch:   19
03/05/2021 12:56:39 - INFO - __main__ -   	EPOCH:  30	MiniBatch:   20
03/05/2021 12:56:40 - INFO - __main__ -   	Testing dev Minibatch:    0
03/05/2021 12:56:41 - INFO - __main__ -   	Testing dev Minibatch:    1
03/05/2021 12:56:42 - INFO - __main__ -   	Testing dev Minibatch:    2
03/05/2021 12:56:42 - INFO - __main__ -   
============ Predict Tweet Stance ============
Labels 	Prec. 	Recall	F1    	Supp  
Denial 	0.6842	0.6667	0.6753	273
Support	0.5381	0.5882	0.5621	204
Comment	0.5251	0.4896	0.5067	192
Queries	0.5217	0.5455	0.5333	22
MacroF1	0.5694
F1w_avg	0.5905
Acc    	59.0

============ Predict Viral Tweets ============
Labels 	Prec. 	Recall	F1    	Supp  
N_viral	0.9115	0.9775	0.9434	622
Viral  	0.4167	0.1449	0.2151	69
MacroF1	0.5792
F1w_avg	0.8706
Acc    	89.4

03/05/2021 12:56:42 - INFO - __main__ -   	EPOCH:  31	MiniBatch:    0
03/05/2021 12:56:43 - INFO - __main__ -   	EPOCH:  31	MiniBatch:    1
03/05/2021 12:56:44 - INFO - __main__ -   	EPOCH:  31	MiniBatch:    2
03/05/2021 12:56:44 - INFO - __main__ -   	EPOCH:  31	MiniBatch:    3
03/05/2021 12:56:45 - INFO - __main__ -   	EPOCH:  31	MiniBatch:    4
03/05/2021 12:56:46 - INFO - __main__ -   	EPOCH:  31	MiniBatch:    5
03/05/2021 12:56:46 - INFO - __main__ -   	EPOCH:  31	MiniBatch:    6
03/05/2021 12:56:47 - INFO - __main__ -   	EPOCH:  31	MiniBatch:    7
03/05/2021 12:56:48 - INFO - __main__ -   	EPOCH:  31	MiniBatch:    8
03/05/2021 12:56:48 - INFO - __main__ -   	EPOCH:  31	MiniBatch:    9
03/05/2021 12:56:49 - INFO - __main__ -   	EPOCH:  31	MiniBatch:   10
03/05/2021 12:56:50 - INFO - __main__ -   	EPOCH:  31	MiniBatch:   11
03/05/2021 12:56:51 - INFO - __main__ -   	EPOCH:  31	MiniBatch:   12
03/05/2021 12:56:51 - INFO - __main__ -   	EPOCH:  31	MiniBatch:   13
03/05/2021 12:56:52 - INFO - __main__ -   	EPOCH:  31	MiniBatch:   14
03/05/2021 12:56:53 - INFO - __main__ -   	EPOCH:  31	MiniBatch:   15
03/05/2021 12:56:53 - INFO - __main__ -   	EPOCH:  31	MiniBatch:   16
03/05/2021 12:56:54 - INFO - __main__ -   	EPOCH:  31	MiniBatch:   17
03/05/2021 12:56:55 - INFO - __main__ -   	EPOCH:  31	MiniBatch:   18
03/05/2021 12:56:55 - INFO - __main__ -   	EPOCH:  31	MiniBatch:   19
03/05/2021 12:56:56 - INFO - __main__ -   	EPOCH:  31	MiniBatch:   20
03/05/2021 12:56:57 - INFO - __main__ -   	Testing dev Minibatch:    0
03/05/2021 12:56:58 - INFO - __main__ -   	Testing dev Minibatch:    1
03/05/2021 12:56:58 - INFO - __main__ -   	Testing dev Minibatch:    2
03/05/2021 12:56:59 - INFO - __main__ -   
============ Predict Tweet Stance ============
Labels 	Prec. 	Recall	F1    	Supp  
Denial 	0.6305	0.6813	0.6549	273
Support	0.6194	0.4069	0.4911	204
Comment	0.4631	0.5885	0.5183	192
Queries	0.5000	0.4091	0.4500	22
MacroF1	0.5286
F1w_avg	0.5621
Acc    	56.6

============ Predict Viral Tweets ============
Labels 	Prec. 	Recall	F1    	Supp  
N_viral	0.9160	0.9646	0.9397	622
Viral  	0.3889	0.2029	0.2667	69
MacroF1	0.6032
F1w_avg	0.8725
Acc    	88.9

03/05/2021 12:56:59 - INFO - __main__ -   	EPOCH:  32	MiniBatch:    0
03/05/2021 12:56:59 - INFO - __main__ -   	EPOCH:  32	MiniBatch:    1
03/05/2021 12:57:00 - INFO - __main__ -   	EPOCH:  32	MiniBatch:    2
03/05/2021 12:57:01 - INFO - __main__ -   	EPOCH:  32	MiniBatch:    3
03/05/2021 12:57:02 - INFO - __main__ -   	EPOCH:  32	MiniBatch:    4
03/05/2021 12:57:02 - INFO - __main__ -   	EPOCH:  32	MiniBatch:    5
03/05/2021 12:57:03 - INFO - __main__ -   	EPOCH:  32	MiniBatch:    6
03/05/2021 12:57:04 - INFO - __main__ -   	EPOCH:  32	MiniBatch:    7
03/05/2021 12:57:04 - INFO - __main__ -   	EPOCH:  32	MiniBatch:    8
03/05/2021 12:57:05 - INFO - __main__ -   	EPOCH:  32	MiniBatch:    9
03/05/2021 12:57:06 - INFO - __main__ -   	EPOCH:  32	MiniBatch:   10
03/05/2021 12:57:07 - INFO - __main__ -   	EPOCH:  32	MiniBatch:   11
03/05/2021 12:57:07 - INFO - __main__ -   	EPOCH:  32	MiniBatch:   12
03/05/2021 12:57:08 - INFO - __main__ -   	EPOCH:  32	MiniBatch:   13
03/05/2021 12:57:09 - INFO - __main__ -   	EPOCH:  32	MiniBatch:   14
03/05/2021 12:57:09 - INFO - __main__ -   	EPOCH:  32	MiniBatch:   15
03/05/2021 12:57:10 - INFO - __main__ -   	EPOCH:  32	MiniBatch:   16
03/05/2021 12:57:11 - INFO - __main__ -   	EPOCH:  32	MiniBatch:   17
03/05/2021 12:57:11 - INFO - __main__ -   	EPOCH:  32	MiniBatch:   18
03/05/2021 12:57:12 - INFO - __main__ -   	EPOCH:  32	MiniBatch:   19
03/05/2021 12:57:13 - INFO - __main__ -   	EPOCH:  32	MiniBatch:   20
03/05/2021 12:57:14 - INFO - __main__ -   	Testing dev Minibatch:    0
03/05/2021 12:57:14 - INFO - __main__ -   	Testing dev Minibatch:    1
03/05/2021 12:57:15 - INFO - __main__ -   	Testing dev Minibatch:    2
03/05/2021 12:57:15 - INFO - __main__ -   
============ Predict Tweet Stance ============
Labels 	Prec. 	Recall	F1    	Supp  
Denial 	0.6536	0.6703	0.6618	273
Support	0.5767	0.5343	0.5547	204
Comment	0.5153	0.5260	0.5206	192
Queries	0.4615	0.5455	0.5000	22
MacroF1	0.5593
F1w_avg	0.5858
Acc    	58.6

============ Predict Viral Tweets ============
Labels 	Prec. 	Recall	F1    	Supp  
N_viral	0.9180	0.9534	0.9353	622
Viral  	0.3556	0.2319	0.2807	69
MacroF1	0.6080
F1w_avg	0.8700
Acc    	88.1

03/05/2021 12:57:16 - INFO - __main__ -   	EPOCH:  33	MiniBatch:    0
03/05/2021 12:57:16 - INFO - __main__ -   	EPOCH:  33	MiniBatch:    1
03/05/2021 12:57:17 - INFO - __main__ -   	EPOCH:  33	MiniBatch:    2
03/05/2021 12:57:18 - INFO - __main__ -   	EPOCH:  33	MiniBatch:    3
03/05/2021 12:57:18 - INFO - __main__ -   	EPOCH:  33	MiniBatch:    4
03/05/2021 12:57:19 - INFO - __main__ -   	EPOCH:  33	MiniBatch:    5
03/05/2021 12:57:20 - INFO - __main__ -   	EPOCH:  33	MiniBatch:    6
03/05/2021 12:57:20 - INFO - __main__ -   	EPOCH:  33	MiniBatch:    7
03/05/2021 12:57:21 - INFO - __main__ -   	EPOCH:  33	MiniBatch:    8
03/05/2021 12:57:22 - INFO - __main__ -   	EPOCH:  33	MiniBatch:    9
03/05/2021 12:57:23 - INFO - __main__ -   	EPOCH:  33	MiniBatch:   10
03/05/2021 12:57:23 - INFO - __main__ -   	EPOCH:  33	MiniBatch:   11
03/05/2021 12:57:24 - INFO - __main__ -   	EPOCH:  33	MiniBatch:   12
03/05/2021 12:57:25 - INFO - __main__ -   	EPOCH:  33	MiniBatch:   13
03/05/2021 12:57:25 - INFO - __main__ -   	EPOCH:  33	MiniBatch:   14
03/05/2021 12:57:26 - INFO - __main__ -   	EPOCH:  33	MiniBatch:   15
03/05/2021 12:57:27 - INFO - __main__ -   	EPOCH:  33	MiniBatch:   16
03/05/2021 12:57:28 - INFO - __main__ -   	EPOCH:  33	MiniBatch:   17
03/05/2021 12:57:28 - INFO - __main__ -   	EPOCH:  33	MiniBatch:   18
03/05/2021 12:57:29 - INFO - __main__ -   	EPOCH:  33	MiniBatch:   19
03/05/2021 12:57:30 - INFO - __main__ -   	EPOCH:  33	MiniBatch:   20
03/05/2021 12:57:30 - INFO - __main__ -   	Testing dev Minibatch:    0
03/05/2021 12:57:31 - INFO - __main__ -   	Testing dev Minibatch:    1
03/05/2021 12:57:32 - INFO - __main__ -   	Testing dev Minibatch:    2
03/05/2021 12:57:32 - INFO - __main__ -   
============ Predict Tweet Stance ============
Labels 	Prec. 	Recall	F1    	Supp  
Denial 	0.6906	0.6703	0.6803	273
Support	0.5586	0.6078	0.5822	204
Comment	0.5134	0.5000	0.5066	192
Queries	0.4706	0.3636	0.4103	22
MacroF1	0.5448
F1w_avg	0.5945
Acc    	59.5

============ Predict Viral Tweets ============
Labels 	Prec. 	Recall	F1    	Supp  
N_viral	0.9280	0.9325	0.9302	622
Viral  	0.3636	0.3478	0.3556	69
MacroF1	0.6429
F1w_avg	0.8728
Acc    	87.4

03/05/2021 12:57:32 - INFO - __main__ -   	EPOCH:  34	MiniBatch:    0
03/05/2021 12:57:33 - INFO - __main__ -   	EPOCH:  34	MiniBatch:    1
03/05/2021 12:57:34 - INFO - __main__ -   	EPOCH:  34	MiniBatch:    2
03/05/2021 12:57:34 - INFO - __main__ -   	EPOCH:  34	MiniBatch:    3
03/05/2021 12:57:35 - INFO - __main__ -   	EPOCH:  34	MiniBatch:    4
03/05/2021 12:57:36 - INFO - __main__ -   	EPOCH:  34	MiniBatch:    5
03/05/2021 12:57:37 - INFO - __main__ -   	EPOCH:  34	MiniBatch:    6
03/05/2021 12:57:37 - INFO - __main__ -   	EPOCH:  34	MiniBatch:    7
03/05/2021 12:57:38 - INFO - __main__ -   	EPOCH:  34	MiniBatch:    8
03/05/2021 12:57:39 - INFO - __main__ -   	EPOCH:  34	MiniBatch:    9
03/05/2021 12:57:39 - INFO - __main__ -   	EPOCH:  34	MiniBatch:   10
03/05/2021 12:57:40 - INFO - __main__ -   	EPOCH:  34	MiniBatch:   11
03/05/2021 12:57:41 - INFO - __main__ -   	EPOCH:  34	MiniBatch:   12
03/05/2021 12:57:41 - INFO - __main__ -   	EPOCH:  34	MiniBatch:   13
03/05/2021 12:57:42 - INFO - __main__ -   	EPOCH:  34	MiniBatch:   14
03/05/2021 12:57:43 - INFO - __main__ -   	EPOCH:  34	MiniBatch:   15
03/05/2021 12:57:44 - INFO - __main__ -   	EPOCH:  34	MiniBatch:   16
03/05/2021 12:57:44 - INFO - __main__ -   	EPOCH:  34	MiniBatch:   17
03/05/2021 12:57:45 - INFO - __main__ -   	EPOCH:  34	MiniBatch:   18
03/05/2021 12:57:46 - INFO - __main__ -   	EPOCH:  34	MiniBatch:   19
03/05/2021 12:57:46 - INFO - __main__ -   	EPOCH:  34	MiniBatch:   20
03/05/2021 12:57:47 - INFO - __main__ -   	Testing dev Minibatch:    0
03/05/2021 12:57:48 - INFO - __main__ -   	Testing dev Minibatch:    1
03/05/2021 12:57:49 - INFO - __main__ -   	Testing dev Minibatch:    2
03/05/2021 12:57:49 - INFO - __main__ -   
============ Predict Tweet Stance ============
Labels 	Prec. 	Recall	F1    	Supp  
Denial 	0.6801	0.6777	0.6789	273
Support	0.6319	0.5049	0.5613	204
Comment	0.4821	0.5625	0.5192	192
Queries	0.4062	0.5909	0.4815	22
MacroF1	0.5602
F1w_avg	0.5935
Acc    	59.2

============ Predict Viral Tweets ============
Labels 	Prec. 	Recall	F1    	Supp  
N_viral	0.9225	0.9373	0.9298	622
Viral  	0.3390	0.2899	0.3125	69
MacroF1	0.6212
F1w_avg	0.8682
Acc    	87.3

03/05/2021 12:57:49 - INFO - __main__ -   	EPOCH:  35	MiniBatch:    0
03/05/2021 12:57:50 - INFO - __main__ -   	EPOCH:  35	MiniBatch:    1
03/05/2021 12:57:50 - INFO - __main__ -   	EPOCH:  35	MiniBatch:    2
03/05/2021 12:57:51 - INFO - __main__ -   	EPOCH:  35	MiniBatch:    3
03/05/2021 12:57:52 - INFO - __main__ -   	EPOCH:  35	MiniBatch:    4
03/05/2021 12:57:53 - INFO - __main__ -   	EPOCH:  35	MiniBatch:    5
03/05/2021 12:57:53 - INFO - __main__ -   	EPOCH:  35	MiniBatch:    6
03/05/2021 12:57:54 - INFO - __main__ -   	EPOCH:  35	MiniBatch:    7
03/05/2021 12:57:55 - INFO - __main__ -   	EPOCH:  35	MiniBatch:    8
03/05/2021 12:57:55 - INFO - __main__ -   	EPOCH:  35	MiniBatch:    9
03/05/2021 12:57:56 - INFO - __main__ -   	EPOCH:  35	MiniBatch:   10
03/05/2021 12:57:57 - INFO - __main__ -   	EPOCH:  35	MiniBatch:   11
03/05/2021 12:57:57 - INFO - __main__ -   	EPOCH:  35	MiniBatch:   12
03/05/2021 12:57:58 - INFO - __main__ -   	EPOCH:  35	MiniBatch:   13
03/05/2021 12:57:59 - INFO - __main__ -   	EPOCH:  35	MiniBatch:   14
03/05/2021 12:58:00 - INFO - __main__ -   	EPOCH:  35	MiniBatch:   15
03/05/2021 12:58:00 - INFO - __main__ -   	EPOCH:  35	MiniBatch:   16
03/05/2021 12:58:01 - INFO - __main__ -   	EPOCH:  35	MiniBatch:   17
03/05/2021 12:58:02 - INFO - __main__ -   	EPOCH:  35	MiniBatch:   18
03/05/2021 12:58:02 - INFO - __main__ -   	EPOCH:  35	MiniBatch:   19
03/05/2021 12:58:03 - INFO - __main__ -   	EPOCH:  35	MiniBatch:   20
03/05/2021 12:58:04 - INFO - __main__ -   	Testing dev Minibatch:    0
03/05/2021 12:58:05 - INFO - __main__ -   	Testing dev Minibatch:    1
03/05/2021 12:58:05 - INFO - __main__ -   	Testing dev Minibatch:    2
03/05/2021 12:58:06 - INFO - __main__ -   
============ Predict Tweet Stance ============
Labels 	Prec. 	Recall	F1    	Supp  
Denial 	0.6720	0.6154	0.6424	273
Support	0.6000	0.3971	0.4779	204
Comment	0.4332	0.6250	0.5117	192
Queries	0.4483	0.5909	0.5098	22
MacroF1	0.5355
F1w_avg	0.5533
Acc    	55.3

============ Predict Viral Tweets ============
Labels 	Prec. 	Recall	F1    	Supp  
N_viral	0.9191	0.9502	0.9344	622
Viral  	0.3542	0.2464	0.2906	69
MacroF1	0.6125
F1w_avg	0.8701
Acc    	88.0

03/05/2021 12:58:06 - INFO - __main__ -   No improvements in F1 for 20 epochs
03/05/2021 12:58:08 - INFO - __main__ -   	Testing test Minibatch:    0
03/05/2021 12:58:08 - INFO - __main__ -   	Testing test Minibatch:    1
03/05/2021 12:58:09 - INFO - __main__ -   	Testing test Minibatch:    2
03/05/2021 12:58:09 - INFO - __main__ -   
============ Predict Tweet Stance ============
Labels 	Prec. 	Recall	F1    	Supp  
Denial 	0.6732	0.6705	0.6718	258
Support	0.5882	0.5357	0.5607	224
Comment	0.4762	0.5348	0.5038	187
Queries	0.7143	0.6522	0.6818	23
MacroF1	0.6045
F1w_avg	0.5908
Acc    	59.0

============ Predict Viral Tweets ============
Labels 	Prec. 	Recall	F1    	Supp  
N_viral	0.9376	0.9180	0.9277	622
Viral  	0.3855	0.4571	0.4183	70
MacroF1	0.6730
F1w_avg	0.8762
Acc    	87.1

03/05/2021 12:58:09 - INFO - __main__ -   Time taken: 0h 10m 22s
