03/05/2021 13:05:49 - INFO - __main__ -   ----------------- Hyperparameters ------------------
03/05/2021 13:05:49 - INFO - __main__ -   ======== mtt_Bertweet =========
03/05/2021 13:05:49 - INFO - __main__ -   ===== Hyperparameters ======
03/05/2021 13:05:49 - INFO - __main__ -   ('batch_train', 100)
03/05/2021 13:05:49 - INFO - __main__ -   ('batch_test', 300)
03/05/2021 13:05:49 - INFO - __main__ -   ('epochs', 200)
03/05/2021 13:05:49 - INFO - __main__ -   ('learning_rate', 4e-05)
03/05/2021 13:05:49 - INFO - __main__ -   ('optimizer', 'adam')
03/05/2021 13:05:49 - INFO - __main__ -   ('do_train', True)
03/05/2021 13:05:49 - INFO - __main__ -   ('do_test', True)
03/05/2021 13:05:49 - INFO - __main__ -   ('model_name', 'mtt_Bertweet')
03/05/2021 13:05:49 - INFO - __main__ -   ('exp_name', 'exp33')
03/05/2021 13:05:49 - INFO - __main__ -   ('train_data', './data/train_set_128_w_length_bertweet.bin')
03/05/2021 13:05:49 - INFO - __main__ -   ('test_data', './data/test_set_128_w_length_bertweet.bin')
03/05/2021 13:05:49 - INFO - __main__ -   ('k_folds', 4)
03/05/2021 13:05:49 - INFO - __main__ -   ('folds2run', 1)
03/05/2021 13:05:49 - INFO - __main__ -   ('debug', False)
03/05/2021 13:05:49 - INFO - __main__ -   ('log_interval', 1)
03/05/2021 13:05:49 - INFO - __main__ -   ('loss_fn', 'ce_loss')
03/05/2021 13:05:49 - INFO - __main__ -   ('w_sample', True)
03/05/2021 13:05:49 - INFO - __main__ -   ('pretrain_model', '')
03/05/2021 13:05:49 - INFO - __main__ -   ('epochs2giveup', 20)
03/05/2021 13:05:49 - INFO - __main__ -   ('dropout', 0.1)
03/05/2021 13:05:49 - INFO - __main__ -   ('viral_attr', 'likes')
03/05/2021 13:05:49 - INFO - __main__ -   ('viral_threshold', 90.0)
03/05/2021 13:05:49 - INFO - __main__ -   ('weight_attr', 'viral')
03/05/2021 13:05:49 - INFO - __main__ -   ('task', 'multi')
03/05/2021 13:05:49 - INFO - __main__ -   ('mtt_weight', 1.0)
03/05/2021 13:05:49 - INFO - __main__ -   ------------------ Getting model -------------------
03/05/2021 13:05:54 - INFO - __main__ -   --------------- Getting dataframes -----------------
03/05/2021 13:05:55 - INFO - __main__ -   ------- Setting loss function and optimizer --------
03/05/2021 13:05:55 - INFO - __main__ -   ------------ Converting to dataloaders -------------
03/05/2021 13:05:55 - INFO - __main__ -   class:    0 	count: 1867
03/05/2021 13:05:55 - INFO - __main__ -   class:    1 	count:  208
03/05/2021 13:05:55 - INFO - __main__ -   ---------------- Starting training -----------------
03/05/2021 13:05:55 - INFO - __main__ -   	EPOCH:   0	MiniBatch:    0
03/05/2021 13:05:56 - INFO - __main__ -   	EPOCH:   0	MiniBatch:    1
03/05/2021 13:05:56 - INFO - __main__ -   	EPOCH:   0	MiniBatch:    2
03/05/2021 13:05:57 - INFO - __main__ -   	EPOCH:   0	MiniBatch:    3
03/05/2021 13:05:58 - INFO - __main__ -   	EPOCH:   0	MiniBatch:    4
03/05/2021 13:05:59 - INFO - __main__ -   	EPOCH:   0	MiniBatch:    5
03/05/2021 13:05:59 - INFO - __main__ -   	EPOCH:   0	MiniBatch:    6
03/05/2021 13:06:00 - INFO - __main__ -   	EPOCH:   0	MiniBatch:    7
03/05/2021 13:06:01 - INFO - __main__ -   	EPOCH:   0	MiniBatch:    8
03/05/2021 13:06:01 - INFO - __main__ -   	EPOCH:   0	MiniBatch:    9
03/05/2021 13:06:02 - INFO - __main__ -   	EPOCH:   0	MiniBatch:   10
03/05/2021 13:06:03 - INFO - __main__ -   	EPOCH:   0	MiniBatch:   11
03/05/2021 13:06:03 - INFO - __main__ -   	EPOCH:   0	MiniBatch:   12
03/05/2021 13:06:04 - INFO - __main__ -   	EPOCH:   0	MiniBatch:   13
03/05/2021 13:06:05 - INFO - __main__ -   	EPOCH:   0	MiniBatch:   14
03/05/2021 13:06:06 - INFO - __main__ -   	EPOCH:   0	MiniBatch:   15
03/05/2021 13:06:06 - INFO - __main__ -   	EPOCH:   0	MiniBatch:   16
03/05/2021 13:06:07 - INFO - __main__ -   	EPOCH:   0	MiniBatch:   17
03/05/2021 13:06:08 - INFO - __main__ -   	EPOCH:   0	MiniBatch:   18
03/05/2021 13:06:08 - INFO - __main__ -   	EPOCH:   0	MiniBatch:   19
03/05/2021 13:06:09 - INFO - __main__ -   	EPOCH:   0	MiniBatch:   20
03/05/2021 13:06:10 - INFO - __main__ -   	Testing dev Minibatch:    0
03/05/2021 13:06:10 - INFO - __main__ -   	Testing dev Minibatch:    1
03/05/2021 13:06:11 - INFO - __main__ -   	Testing dev Minibatch:    2
03/05/2021 13:06:11 - INFO - __main__ -   
============ Predict Tweet Stance ============
Labels 	Prec. 	Recall	F1    	Supp  
Denial 	0.3968	1.0000	0.5682	273
Support	1.0000	0.0049	0.0098	204
Comment	1.0000	0.0104	0.0206	192
Queries	0.0000	0.0000	0.0000	22
MacroF1	0.1496
F1w_avg	0.2331
Acc    	39.9

============ Predict Viral Tweets ============
Labels 	Prec. 	Recall	F1    	Supp  
N_viral	0.9487	0.6833	0.7944	622
Viral  	0.1893	0.6667	0.2949	69
MacroF1	0.5446
F1w_avg	0.7445
Acc    	68.2

03/05/2021 13:06:11 - INFO - __main__ -   Best results so far. Saving model...
03/05/2021 13:06:13 - INFO - __main__ -   	EPOCH:   1	MiniBatch:    0
03/05/2021 13:06:14 - INFO - __main__ -   	EPOCH:   1	MiniBatch:    1
03/05/2021 13:06:15 - INFO - __main__ -   	EPOCH:   1	MiniBatch:    2
03/05/2021 13:06:15 - INFO - __main__ -   	EPOCH:   1	MiniBatch:    3
03/05/2021 13:06:16 - INFO - __main__ -   	EPOCH:   1	MiniBatch:    4
03/05/2021 13:06:17 - INFO - __main__ -   	EPOCH:   1	MiniBatch:    5
03/05/2021 13:06:17 - INFO - __main__ -   	EPOCH:   1	MiniBatch:    6
03/05/2021 13:06:18 - INFO - __main__ -   	EPOCH:   1	MiniBatch:    7
03/05/2021 13:06:19 - INFO - __main__ -   	EPOCH:   1	MiniBatch:    8
03/05/2021 13:06:19 - INFO - __main__ -   	EPOCH:   1	MiniBatch:    9
03/05/2021 13:06:20 - INFO - __main__ -   	EPOCH:   1	MiniBatch:   10
03/05/2021 13:06:21 - INFO - __main__ -   	EPOCH:   1	MiniBatch:   11
03/05/2021 13:06:22 - INFO - __main__ -   	EPOCH:   1	MiniBatch:   12
03/05/2021 13:06:22 - INFO - __main__ -   	EPOCH:   1	MiniBatch:   13
03/05/2021 13:06:23 - INFO - __main__ -   	EPOCH:   1	MiniBatch:   14
03/05/2021 13:06:24 - INFO - __main__ -   	EPOCH:   1	MiniBatch:   15
03/05/2021 13:06:24 - INFO - __main__ -   	EPOCH:   1	MiniBatch:   16
03/05/2021 13:06:25 - INFO - __main__ -   	EPOCH:   1	MiniBatch:   17
03/05/2021 13:06:26 - INFO - __main__ -   	EPOCH:   1	MiniBatch:   18
03/05/2021 13:06:27 - INFO - __main__ -   	EPOCH:   1	MiniBatch:   19
03/05/2021 13:06:27 - INFO - __main__ -   	EPOCH:   1	MiniBatch:   20
03/05/2021 13:06:28 - INFO - __main__ -   	Testing dev Minibatch:    0
03/05/2021 13:06:29 - INFO - __main__ -   	Testing dev Minibatch:    1
03/05/2021 13:06:29 - INFO - __main__ -   	Testing dev Minibatch:    2
03/05/2021 13:06:30 - INFO - __main__ -   
============ Predict Tweet Stance ============
Labels 	Prec. 	Recall	F1    	Supp  
Denial 	0.5381	0.4396	0.4839	273
Support	0.4715	0.2843	0.3547	204
Comment	0.3913	0.7031	0.5028	192
Queries	0.0000	0.0000	0.0000	22
MacroF1	0.3354
F1w_avg	0.4356
Acc    	45.3

============ Predict Viral Tweets ============
Labels 	Prec. 	Recall	F1    	Supp  
N_viral	0.9535	0.8248	0.8845	622
Viral  	0.2876	0.6377	0.3964	69
MacroF1	0.6404
F1w_avg	0.8357
Acc    	80.6

03/05/2021 13:06:30 - INFO - __main__ -   Best results so far. Saving model...
03/05/2021 13:06:31 - INFO - __main__ -   	EPOCH:   2	MiniBatch:    0
03/05/2021 13:06:32 - INFO - __main__ -   	EPOCH:   2	MiniBatch:    1
03/05/2021 13:06:33 - INFO - __main__ -   	EPOCH:   2	MiniBatch:    2
03/05/2021 13:06:33 - INFO - __main__ -   	EPOCH:   2	MiniBatch:    3
03/05/2021 13:06:34 - INFO - __main__ -   	EPOCH:   2	MiniBatch:    4
03/05/2021 13:06:35 - INFO - __main__ -   	EPOCH:   2	MiniBatch:    5
03/05/2021 13:06:36 - INFO - __main__ -   	EPOCH:   2	MiniBatch:    6
03/05/2021 13:06:36 - INFO - __main__ -   	EPOCH:   2	MiniBatch:    7
03/05/2021 13:06:37 - INFO - __main__ -   	EPOCH:   2	MiniBatch:    8
03/05/2021 13:06:38 - INFO - __main__ -   	EPOCH:   2	MiniBatch:    9
03/05/2021 13:06:38 - INFO - __main__ -   	EPOCH:   2	MiniBatch:   10
03/05/2021 13:06:39 - INFO - __main__ -   	EPOCH:   2	MiniBatch:   11
03/05/2021 13:06:40 - INFO - __main__ -   	EPOCH:   2	MiniBatch:   12
03/05/2021 13:06:41 - INFO - __main__ -   	EPOCH:   2	MiniBatch:   13
03/05/2021 13:06:41 - INFO - __main__ -   	EPOCH:   2	MiniBatch:   14
03/05/2021 13:06:42 - INFO - __main__ -   	EPOCH:   2	MiniBatch:   15
03/05/2021 13:06:43 - INFO - __main__ -   	EPOCH:   2	MiniBatch:   16
03/05/2021 13:06:43 - INFO - __main__ -   	EPOCH:   2	MiniBatch:   17
03/05/2021 13:06:44 - INFO - __main__ -   	EPOCH:   2	MiniBatch:   18
03/05/2021 13:06:45 - INFO - __main__ -   	EPOCH:   2	MiniBatch:   19
03/05/2021 13:06:45 - INFO - __main__ -   	EPOCH:   2	MiniBatch:   20
03/05/2021 13:06:46 - INFO - __main__ -   	Testing dev Minibatch:    0
03/05/2021 13:06:47 - INFO - __main__ -   	Testing dev Minibatch:    1
03/05/2021 13:06:48 - INFO - __main__ -   	Testing dev Minibatch:    2
03/05/2021 13:06:48 - INFO - __main__ -   
============ Predict Tweet Stance ============
Labels 	Prec. 	Recall	F1    	Supp  
Denial 	0.5061	0.7546	0.6059	273
Support	0.6000	0.0735	0.1310	204
Comment	0.4054	0.5469	0.4656	192
Queries	0.0000	0.0000	0.0000	22
MacroF1	0.3006
F1w_avg	0.4074
Acc    	47.2

============ Predict Viral Tweets ============
Labels 	Prec. 	Recall	F1    	Supp  
N_viral	0.9304	0.9244	0.9274	622
Viral  	0.3562	0.3768	0.3662	69
MacroF1	0.6468
F1w_avg	0.8714
Acc    	87.0

03/05/2021 13:06:48 - INFO - __main__ -   	EPOCH:   3	MiniBatch:    0
03/05/2021 13:06:49 - INFO - __main__ -   	EPOCH:   3	MiniBatch:    1
03/05/2021 13:06:49 - INFO - __main__ -   	EPOCH:   3	MiniBatch:    2
03/05/2021 13:06:50 - INFO - __main__ -   	EPOCH:   3	MiniBatch:    3
03/05/2021 13:06:51 - INFO - __main__ -   	EPOCH:   3	MiniBatch:    4
03/05/2021 13:06:52 - INFO - __main__ -   	EPOCH:   3	MiniBatch:    5
03/05/2021 13:06:52 - INFO - __main__ -   	EPOCH:   3	MiniBatch:    6
03/05/2021 13:06:53 - INFO - __main__ -   	EPOCH:   3	MiniBatch:    7
03/05/2021 13:06:54 - INFO - __main__ -   	EPOCH:   3	MiniBatch:    8
03/05/2021 13:06:54 - INFO - __main__ -   	EPOCH:   3	MiniBatch:    9
03/05/2021 13:06:55 - INFO - __main__ -   	EPOCH:   3	MiniBatch:   10
03/05/2021 13:06:56 - INFO - __main__ -   	EPOCH:   3	MiniBatch:   11
03/05/2021 13:06:56 - INFO - __main__ -   	EPOCH:   3	MiniBatch:   12
03/05/2021 13:06:57 - INFO - __main__ -   	EPOCH:   3	MiniBatch:   13
03/05/2021 13:06:58 - INFO - __main__ -   	EPOCH:   3	MiniBatch:   14
03/05/2021 13:06:59 - INFO - __main__ -   	EPOCH:   3	MiniBatch:   15
03/05/2021 13:06:59 - INFO - __main__ -   	EPOCH:   3	MiniBatch:   16
03/05/2021 13:07:00 - INFO - __main__ -   	EPOCH:   3	MiniBatch:   17
03/05/2021 13:07:01 - INFO - __main__ -   	EPOCH:   3	MiniBatch:   18
03/05/2021 13:07:01 - INFO - __main__ -   	EPOCH:   3	MiniBatch:   19
03/05/2021 13:07:02 - INFO - __main__ -   	EPOCH:   3	MiniBatch:   20
03/05/2021 13:07:03 - INFO - __main__ -   	Testing dev Minibatch:    0
03/05/2021 13:07:04 - INFO - __main__ -   	Testing dev Minibatch:    1
03/05/2021 13:07:04 - INFO - __main__ -   	Testing dev Minibatch:    2
03/05/2021 13:07:05 - INFO - __main__ -   
============ Predict Tweet Stance ============
Labels 	Prec. 	Recall	F1    	Supp  
Denial 	0.5098	0.8535	0.6384	273
Support	0.5301	0.2157	0.3066	204
Comment	0.5099	0.4010	0.4490	192
Queries	0.0000	0.0000	0.0000	22
MacroF1	0.3485
F1w_avg	0.4675
Acc    	51.2

============ Predict Viral Tweets ============
Labels 	Prec. 	Recall	F1    	Supp  
N_viral	0.9272	0.9212	0.9242	622
Viral  	0.3288	0.3478	0.3380	69
MacroF1	0.6311
F1w_avg	0.8657
Acc    	86.4

03/05/2021 13:07:05 - INFO - __main__ -   Best results so far. Saving model...
03/05/2021 13:07:06 - INFO - __main__ -   	EPOCH:   4	MiniBatch:    0
03/05/2021 13:07:07 - INFO - __main__ -   	EPOCH:   4	MiniBatch:    1
03/05/2021 13:07:08 - INFO - __main__ -   	EPOCH:   4	MiniBatch:    2
03/05/2021 13:07:08 - INFO - __main__ -   	EPOCH:   4	MiniBatch:    3
03/05/2021 13:07:09 - INFO - __main__ -   	EPOCH:   4	MiniBatch:    4
03/05/2021 13:07:10 - INFO - __main__ -   	EPOCH:   4	MiniBatch:    5
03/05/2021 13:07:11 - INFO - __main__ -   	EPOCH:   4	MiniBatch:    6
03/05/2021 13:07:11 - INFO - __main__ -   	EPOCH:   4	MiniBatch:    7
03/05/2021 13:07:12 - INFO - __main__ -   	EPOCH:   4	MiniBatch:    8
03/05/2021 13:07:13 - INFO - __main__ -   	EPOCH:   4	MiniBatch:    9
03/05/2021 13:07:13 - INFO - __main__ -   	EPOCH:   4	MiniBatch:   10
03/05/2021 13:07:14 - INFO - __main__ -   	EPOCH:   4	MiniBatch:   11
03/05/2021 13:07:15 - INFO - __main__ -   	EPOCH:   4	MiniBatch:   12
03/05/2021 13:07:15 - INFO - __main__ -   	EPOCH:   4	MiniBatch:   13
03/05/2021 13:07:16 - INFO - __main__ -   	EPOCH:   4	MiniBatch:   14
03/05/2021 13:07:17 - INFO - __main__ -   	EPOCH:   4	MiniBatch:   15
03/05/2021 13:07:18 - INFO - __main__ -   	EPOCH:   4	MiniBatch:   16
03/05/2021 13:07:18 - INFO - __main__ -   	EPOCH:   4	MiniBatch:   17
03/05/2021 13:07:19 - INFO - __main__ -   	EPOCH:   4	MiniBatch:   18
03/05/2021 13:07:20 - INFO - __main__ -   	EPOCH:   4	MiniBatch:   19
03/05/2021 13:07:20 - INFO - __main__ -   	EPOCH:   4	MiniBatch:   20
03/05/2021 13:07:21 - INFO - __main__ -   	Testing dev Minibatch:    0
03/05/2021 13:07:22 - INFO - __main__ -   	Testing dev Minibatch:    1
03/05/2021 13:07:23 - INFO - __main__ -   	Testing dev Minibatch:    2
03/05/2021 13:07:23 - INFO - __main__ -   
============ Predict Tweet Stance ============
Labels 	Prec. 	Recall	F1    	Supp  
Denial 	0.5583	0.8242	0.6657	273
Support	0.5603	0.3873	0.4580	204
Comment	0.5510	0.4219	0.4779	192
Queries	0.0000	0.0000	0.0000	22
MacroF1	0.4004
F1w_avg	0.5310
Acc    	55.7

============ Predict Viral Tweets ============
Labels 	Prec. 	Recall	F1    	Supp  
N_viral	0.9190	0.9662	0.9420	622
Viral  	0.4324	0.2319	0.3019	69
MacroF1	0.6219
F1w_avg	0.8781
Acc    	89.3

03/05/2021 13:07:23 - INFO - __main__ -   Best results so far. Saving model...
03/05/2021 13:07:25 - INFO - __main__ -   	EPOCH:   5	MiniBatch:    0
03/05/2021 13:07:25 - INFO - __main__ -   	EPOCH:   5	MiniBatch:    1
03/05/2021 13:07:26 - INFO - __main__ -   	EPOCH:   5	MiniBatch:    2
03/05/2021 13:07:27 - INFO - __main__ -   	EPOCH:   5	MiniBatch:    3
03/05/2021 13:07:27 - INFO - __main__ -   	EPOCH:   5	MiniBatch:    4
03/05/2021 13:07:28 - INFO - __main__ -   	EPOCH:   5	MiniBatch:    5
03/05/2021 13:07:29 - INFO - __main__ -   	EPOCH:   5	MiniBatch:    6
03/05/2021 13:07:29 - INFO - __main__ -   	EPOCH:   5	MiniBatch:    7
03/05/2021 13:07:30 - INFO - __main__ -   	EPOCH:   5	MiniBatch:    8
03/05/2021 13:07:31 - INFO - __main__ -   	EPOCH:   5	MiniBatch:    9
03/05/2021 13:07:32 - INFO - __main__ -   	EPOCH:   5	MiniBatch:   10
03/05/2021 13:07:32 - INFO - __main__ -   	EPOCH:   5	MiniBatch:   11
03/05/2021 13:07:33 - INFO - __main__ -   	EPOCH:   5	MiniBatch:   12
03/05/2021 13:07:34 - INFO - __main__ -   	EPOCH:   5	MiniBatch:   13
03/05/2021 13:07:34 - INFO - __main__ -   	EPOCH:   5	MiniBatch:   14
03/05/2021 13:07:35 - INFO - __main__ -   	EPOCH:   5	MiniBatch:   15
03/05/2021 13:07:36 - INFO - __main__ -   	EPOCH:   5	MiniBatch:   16
03/05/2021 13:07:36 - INFO - __main__ -   	EPOCH:   5	MiniBatch:   17
03/05/2021 13:07:37 - INFO - __main__ -   	EPOCH:   5	MiniBatch:   18
03/05/2021 13:07:38 - INFO - __main__ -   	EPOCH:   5	MiniBatch:   19
03/05/2021 13:07:39 - INFO - __main__ -   	EPOCH:   5	MiniBatch:   20
03/05/2021 13:07:39 - INFO - __main__ -   	Testing dev Minibatch:    0
03/05/2021 13:07:40 - INFO - __main__ -   	Testing dev Minibatch:    1
03/05/2021 13:07:41 - INFO - __main__ -   	Testing dev Minibatch:    2
03/05/2021 13:07:41 - INFO - __main__ -   
============ Predict Tweet Stance ============
Labels 	Prec. 	Recall	F1    	Supp  
Denial 	0.5940	0.7985	0.6813	273
Support	0.6000	0.2794	0.3813	204
Comment	0.4760	0.5677	0.5178	192
Queries	0.0000	0.0000	0.0000	22
MacroF1	0.3951
F1w_avg	0.5256
Acc    	55.6

============ Predict Viral Tweets ============
Labels 	Prec. 	Recall	F1    	Supp  
N_viral	0.9328	0.9148	0.9237	622
Viral  	0.3457	0.4058	0.3733	69
MacroF1	0.6485
F1w_avg	0.8687
Acc    	86.4

03/05/2021 13:07:41 - INFO - __main__ -   Best results so far. Saving model...
03/05/2021 13:07:43 - INFO - __main__ -   	EPOCH:   6	MiniBatch:    0
03/05/2021 13:07:43 - INFO - __main__ -   	EPOCH:   6	MiniBatch:    1
03/05/2021 13:07:44 - INFO - __main__ -   	EPOCH:   6	MiniBatch:    2
03/05/2021 13:07:45 - INFO - __main__ -   	EPOCH:   6	MiniBatch:    3
03/05/2021 13:07:46 - INFO - __main__ -   	EPOCH:   6	MiniBatch:    4
03/05/2021 13:07:46 - INFO - __main__ -   	EPOCH:   6	MiniBatch:    5
03/05/2021 13:07:47 - INFO - __main__ -   	EPOCH:   6	MiniBatch:    6
03/05/2021 13:07:48 - INFO - __main__ -   	EPOCH:   6	MiniBatch:    7
03/05/2021 13:07:48 - INFO - __main__ -   	EPOCH:   6	MiniBatch:    8
03/05/2021 13:07:49 - INFO - __main__ -   	EPOCH:   6	MiniBatch:    9
03/05/2021 13:07:50 - INFO - __main__ -   	EPOCH:   6	MiniBatch:   10
03/05/2021 13:07:51 - INFO - __main__ -   	EPOCH:   6	MiniBatch:   11
03/05/2021 13:07:51 - INFO - __main__ -   	EPOCH:   6	MiniBatch:   12
03/05/2021 13:07:52 - INFO - __main__ -   	EPOCH:   6	MiniBatch:   13
03/05/2021 13:07:53 - INFO - __main__ -   	EPOCH:   6	MiniBatch:   14
03/05/2021 13:07:53 - INFO - __main__ -   	EPOCH:   6	MiniBatch:   15
03/05/2021 13:07:54 - INFO - __main__ -   	EPOCH:   6	MiniBatch:   16
03/05/2021 13:07:55 - INFO - __main__ -   	EPOCH:   6	MiniBatch:   17
03/05/2021 13:07:55 - INFO - __main__ -   	EPOCH:   6	MiniBatch:   18
03/05/2021 13:07:56 - INFO - __main__ -   	EPOCH:   6	MiniBatch:   19
03/05/2021 13:07:57 - INFO - __main__ -   	EPOCH:   6	MiniBatch:   20
03/05/2021 13:07:58 - INFO - __main__ -   	Testing dev Minibatch:    0
03/05/2021 13:07:58 - INFO - __main__ -   	Testing dev Minibatch:    1
03/05/2021 13:07:59 - INFO - __main__ -   	Testing dev Minibatch:    2
03/05/2021 13:07:59 - INFO - __main__ -   
============ Predict Tweet Stance ============
Labels 	Prec. 	Recall	F1    	Supp  
Denial 	0.6138	0.7802	0.6871	273
Support	0.5093	0.5392	0.5238	204
Comment	0.5625	0.3750	0.4500	192
Queries	0.0000	0.0000	0.0000	22
MacroF1	0.4152
F1w_avg	0.5511
Acc    	57.2

============ Predict Viral Tweets ============
Labels 	Prec. 	Recall	F1    	Supp  
N_viral	0.9149	0.9678	0.9406	622
Viral  	0.3939	0.1884	0.2549	69
MacroF1	0.5978
F1w_avg	0.8722
Acc    	89.0

03/05/2021 13:07:59 - INFO - __main__ -   	EPOCH:   7	MiniBatch:    0
03/05/2021 13:08:00 - INFO - __main__ -   	EPOCH:   7	MiniBatch:    1
03/05/2021 13:08:01 - INFO - __main__ -   	EPOCH:   7	MiniBatch:    2
03/05/2021 13:08:02 - INFO - __main__ -   	EPOCH:   7	MiniBatch:    3
03/05/2021 13:08:02 - INFO - __main__ -   	EPOCH:   7	MiniBatch:    4
03/05/2021 13:08:03 - INFO - __main__ -   	EPOCH:   7	MiniBatch:    5
03/05/2021 13:08:04 - INFO - __main__ -   	EPOCH:   7	MiniBatch:    6
03/05/2021 13:08:04 - INFO - __main__ -   	EPOCH:   7	MiniBatch:    7
03/05/2021 13:08:05 - INFO - __main__ -   	EPOCH:   7	MiniBatch:    8
03/05/2021 13:08:06 - INFO - __main__ -   	EPOCH:   7	MiniBatch:    9
03/05/2021 13:08:07 - INFO - __main__ -   	EPOCH:   7	MiniBatch:   10
03/05/2021 13:08:07 - INFO - __main__ -   	EPOCH:   7	MiniBatch:   11
03/05/2021 13:08:08 - INFO - __main__ -   	EPOCH:   7	MiniBatch:   12
03/05/2021 13:08:09 - INFO - __main__ -   	EPOCH:   7	MiniBatch:   13
03/05/2021 13:08:09 - INFO - __main__ -   	EPOCH:   7	MiniBatch:   14
03/05/2021 13:08:10 - INFO - __main__ -   	EPOCH:   7	MiniBatch:   15
03/05/2021 13:08:11 - INFO - __main__ -   	EPOCH:   7	MiniBatch:   16
03/05/2021 13:08:11 - INFO - __main__ -   	EPOCH:   7	MiniBatch:   17
03/05/2021 13:08:12 - INFO - __main__ -   	EPOCH:   7	MiniBatch:   18
03/05/2021 13:08:13 - INFO - __main__ -   	EPOCH:   7	MiniBatch:   19
03/05/2021 13:08:14 - INFO - __main__ -   	EPOCH:   7	MiniBatch:   20
03/05/2021 13:08:14 - INFO - __main__ -   	Testing dev Minibatch:    0
03/05/2021 13:08:15 - INFO - __main__ -   	Testing dev Minibatch:    1
03/05/2021 13:08:16 - INFO - __main__ -   	Testing dev Minibatch:    2
03/05/2021 13:08:16 - INFO - __main__ -   
============ Predict Tweet Stance ============
Labels 	Prec. 	Recall	F1    	Supp  
Denial 	0.6364	0.7692	0.6965	273
Support	0.5303	0.5147	0.5224	204
Comment	0.5679	0.4792	0.5198	192
Queries	0.0000	0.0000	0.0000	22
MacroF1	0.4347
F1w_avg	0.5738
Acc    	58.9

============ Predict Viral Tweets ============
Labels 	Prec. 	Recall	F1    	Supp  
N_viral	0.9250	0.9518	0.9382	622
Viral  	0.4118	0.3043	0.3500	69
MacroF1	0.6441
F1w_avg	0.8795
Acc    	88.7

03/05/2021 13:08:16 - INFO - __main__ -   Best results so far. Saving model...
03/05/2021 13:08:18 - INFO - __main__ -   	EPOCH:   8	MiniBatch:    0
03/05/2021 13:08:18 - INFO - __main__ -   	EPOCH:   8	MiniBatch:    1
03/05/2021 13:08:19 - INFO - __main__ -   	EPOCH:   8	MiniBatch:    2
03/05/2021 13:08:20 - INFO - __main__ -   	EPOCH:   8	MiniBatch:    3
03/05/2021 13:08:21 - INFO - __main__ -   	EPOCH:   8	MiniBatch:    4
03/05/2021 13:08:21 - INFO - __main__ -   	EPOCH:   8	MiniBatch:    5
03/05/2021 13:08:22 - INFO - __main__ -   	EPOCH:   8	MiniBatch:    6
03/05/2021 13:08:23 - INFO - __main__ -   	EPOCH:   8	MiniBatch:    7
03/05/2021 13:08:23 - INFO - __main__ -   	EPOCH:   8	MiniBatch:    8
03/05/2021 13:08:24 - INFO - __main__ -   	EPOCH:   8	MiniBatch:    9
03/05/2021 13:08:25 - INFO - __main__ -   	EPOCH:   8	MiniBatch:   10
03/05/2021 13:08:25 - INFO - __main__ -   	EPOCH:   8	MiniBatch:   11
03/05/2021 13:08:26 - INFO - __main__ -   	EPOCH:   8	MiniBatch:   12
03/05/2021 13:08:27 - INFO - __main__ -   	EPOCH:   8	MiniBatch:   13
03/05/2021 13:08:28 - INFO - __main__ -   	EPOCH:   8	MiniBatch:   14
03/05/2021 13:08:28 - INFO - __main__ -   	EPOCH:   8	MiniBatch:   15
03/05/2021 13:08:29 - INFO - __main__ -   	EPOCH:   8	MiniBatch:   16
03/05/2021 13:08:30 - INFO - __main__ -   	EPOCH:   8	MiniBatch:   17
03/05/2021 13:08:30 - INFO - __main__ -   	EPOCH:   8	MiniBatch:   18
03/05/2021 13:08:31 - INFO - __main__ -   	EPOCH:   8	MiniBatch:   19
03/05/2021 13:08:32 - INFO - __main__ -   	EPOCH:   8	MiniBatch:   20
03/05/2021 13:08:33 - INFO - __main__ -   	Testing dev Minibatch:    0
03/05/2021 13:08:33 - INFO - __main__ -   	Testing dev Minibatch:    1
03/05/2021 13:08:34 - INFO - __main__ -   	Testing dev Minibatch:    2
03/05/2021 13:08:34 - INFO - __main__ -   
============ Predict Tweet Stance ============
Labels 	Prec. 	Recall	F1    	Supp  
Denial 	0.7606	0.5934	0.6667	273
Support	0.4924	0.6324	0.5536	204
Comment	0.5093	0.5677	0.5369	192
Queries	0.0000	0.0000	0.0000	22
MacroF1	0.4393
F1w_avg	0.5760
Acc    	57.9

============ Predict Viral Tweets ============
Labels 	Prec. 	Recall	F1    	Supp  
N_viral	0.9445	0.8762	0.9091	622
Viral  	0.3246	0.5362	0.4044	69
MacroF1	0.6567
F1w_avg	0.8587
Acc    	84.2

03/05/2021 13:08:34 - INFO - __main__ -   Best results so far. Saving model...
03/05/2021 13:08:36 - INFO - __main__ -   	EPOCH:   9	MiniBatch:    0
03/05/2021 13:08:37 - INFO - __main__ -   	EPOCH:   9	MiniBatch:    1
03/05/2021 13:08:37 - INFO - __main__ -   	EPOCH:   9	MiniBatch:    2
03/05/2021 13:08:38 - INFO - __main__ -   	EPOCH:   9	MiniBatch:    3
03/05/2021 13:08:39 - INFO - __main__ -   	EPOCH:   9	MiniBatch:    4
03/05/2021 13:08:40 - INFO - __main__ -   	EPOCH:   9	MiniBatch:    5
03/05/2021 13:08:40 - INFO - __main__ -   	EPOCH:   9	MiniBatch:    6
03/05/2021 13:08:41 - INFO - __main__ -   	EPOCH:   9	MiniBatch:    7
03/05/2021 13:08:42 - INFO - __main__ -   	EPOCH:   9	MiniBatch:    8
03/05/2021 13:08:42 - INFO - __main__ -   	EPOCH:   9	MiniBatch:    9
03/05/2021 13:08:43 - INFO - __main__ -   	EPOCH:   9	MiniBatch:   10
03/05/2021 13:08:44 - INFO - __main__ -   	EPOCH:   9	MiniBatch:   11
03/05/2021 13:08:44 - INFO - __main__ -   	EPOCH:   9	MiniBatch:   12
03/05/2021 13:08:45 - INFO - __main__ -   	EPOCH:   9	MiniBatch:   13
03/05/2021 13:08:46 - INFO - __main__ -   	EPOCH:   9	MiniBatch:   14
03/05/2021 13:08:47 - INFO - __main__ -   	EPOCH:   9	MiniBatch:   15
03/05/2021 13:08:47 - INFO - __main__ -   	EPOCH:   9	MiniBatch:   16
03/05/2021 13:08:48 - INFO - __main__ -   	EPOCH:   9	MiniBatch:   17
03/05/2021 13:08:49 - INFO - __main__ -   	EPOCH:   9	MiniBatch:   18
03/05/2021 13:08:49 - INFO - __main__ -   	EPOCH:   9	MiniBatch:   19
03/05/2021 13:08:50 - INFO - __main__ -   	EPOCH:   9	MiniBatch:   20
03/05/2021 13:08:51 - INFO - __main__ -   	Testing dev Minibatch:    0
03/05/2021 13:08:52 - INFO - __main__ -   	Testing dev Minibatch:    1
03/05/2021 13:08:52 - INFO - __main__ -   	Testing dev Minibatch:    2
03/05/2021 13:08:53 - INFO - __main__ -   
============ Predict Tweet Stance ============
Labels 	Prec. 	Recall	F1    	Supp  
Denial 	0.6801	0.7399	0.7088	273
Support	0.5392	0.5392	0.5392	204
Comment	0.5674	0.5260	0.5459	192
Queries	0.4167	0.2273	0.2941	22
MacroF1	0.5220
F1w_avg	0.6003
Acc    	60.5

============ Predict Viral Tweets ============
Labels 	Prec. 	Recall	F1    	Supp  
N_viral	0.9226	0.9389	0.9307	622
Viral  	0.3448	0.2899	0.3150	69
MacroF1	0.6228
F1w_avg	0.8692
Acc    	87.4

03/05/2021 13:08:53 - INFO - __main__ -   Best results so far. Saving model...
03/05/2021 13:08:54 - INFO - __main__ -   	EPOCH:  10	MiniBatch:    0
03/05/2021 13:08:55 - INFO - __main__ -   	EPOCH:  10	MiniBatch:    1
03/05/2021 13:08:56 - INFO - __main__ -   	EPOCH:  10	MiniBatch:    2
03/05/2021 13:08:56 - INFO - __main__ -   	EPOCH:  10	MiniBatch:    3
03/05/2021 13:08:57 - INFO - __main__ -   	EPOCH:  10	MiniBatch:    4
03/05/2021 13:08:58 - INFO - __main__ -   	EPOCH:  10	MiniBatch:    5
03/05/2021 13:08:59 - INFO - __main__ -   	EPOCH:  10	MiniBatch:    6
03/05/2021 13:08:59 - INFO - __main__ -   	EPOCH:  10	MiniBatch:    7
03/05/2021 13:09:00 - INFO - __main__ -   	EPOCH:  10	MiniBatch:    8
03/05/2021 13:09:01 - INFO - __main__ -   	EPOCH:  10	MiniBatch:    9
03/05/2021 13:09:01 - INFO - __main__ -   	EPOCH:  10	MiniBatch:   10
03/05/2021 13:09:02 - INFO - __main__ -   	EPOCH:  10	MiniBatch:   11
03/05/2021 13:09:03 - INFO - __main__ -   	EPOCH:  10	MiniBatch:   12
03/05/2021 13:09:03 - INFO - __main__ -   	EPOCH:  10	MiniBatch:   13
03/05/2021 13:09:04 - INFO - __main__ -   	EPOCH:  10	MiniBatch:   14
03/05/2021 13:09:05 - INFO - __main__ -   	EPOCH:  10	MiniBatch:   15
03/05/2021 13:09:06 - INFO - __main__ -   	EPOCH:  10	MiniBatch:   16
03/05/2021 13:09:06 - INFO - __main__ -   	EPOCH:  10	MiniBatch:   17
03/05/2021 13:09:07 - INFO - __main__ -   	EPOCH:  10	MiniBatch:   18
03/05/2021 13:09:08 - INFO - __main__ -   	EPOCH:  10	MiniBatch:   19
03/05/2021 13:09:08 - INFO - __main__ -   	EPOCH:  10	MiniBatch:   20
03/05/2021 13:09:09 - INFO - __main__ -   	Testing dev Minibatch:    0
03/05/2021 13:09:10 - INFO - __main__ -   	Testing dev Minibatch:    1
03/05/2021 13:09:11 - INFO - __main__ -   	Testing dev Minibatch:    2
03/05/2021 13:09:11 - INFO - __main__ -   
============ Predict Tweet Stance ============
Labels 	Prec. 	Recall	F1    	Supp  
Denial 	0.6311	0.7143	0.6701	273
Support	0.5294	0.4853	0.5064	204
Comment	0.5054	0.4844	0.4947	192
Queries	0.3636	0.1818	0.2424	22
MacroF1	0.4784
F1w_avg	0.5594
Acc    	56.6

============ Predict Viral Tweets ============
Labels 	Prec. 	Recall	F1    	Supp  
N_viral	0.9333	0.9003	0.9165	622
Viral  	0.3187	0.4203	0.3625	69
MacroF1	0.6395
F1w_avg	0.8612
Acc    	85.2

03/05/2021 13:09:11 - INFO - __main__ -   	EPOCH:  11	MiniBatch:    0
03/05/2021 13:09:12 - INFO - __main__ -   	EPOCH:  11	MiniBatch:    1
03/05/2021 13:09:12 - INFO - __main__ -   	EPOCH:  11	MiniBatch:    2
03/05/2021 13:09:13 - INFO - __main__ -   	EPOCH:  11	MiniBatch:    3
03/05/2021 13:09:14 - INFO - __main__ -   	EPOCH:  11	MiniBatch:    4
03/05/2021 13:09:14 - INFO - __main__ -   	EPOCH:  11	MiniBatch:    5
03/05/2021 13:09:15 - INFO - __main__ -   	EPOCH:  11	MiniBatch:    6
03/05/2021 13:09:16 - INFO - __main__ -   	EPOCH:  11	MiniBatch:    7
03/05/2021 13:09:17 - INFO - __main__ -   	EPOCH:  11	MiniBatch:    8
03/05/2021 13:09:17 - INFO - __main__ -   	EPOCH:  11	MiniBatch:    9
03/05/2021 13:09:18 - INFO - __main__ -   	EPOCH:  11	MiniBatch:   10
03/05/2021 13:09:19 - INFO - __main__ -   	EPOCH:  11	MiniBatch:   11
03/05/2021 13:09:19 - INFO - __main__ -   	EPOCH:  11	MiniBatch:   12
03/05/2021 13:09:20 - INFO - __main__ -   	EPOCH:  11	MiniBatch:   13
03/05/2021 13:09:21 - INFO - __main__ -   	EPOCH:  11	MiniBatch:   14
03/05/2021 13:09:22 - INFO - __main__ -   	EPOCH:  11	MiniBatch:   15
03/05/2021 13:09:22 - INFO - __main__ -   	EPOCH:  11	MiniBatch:   16
03/05/2021 13:09:23 - INFO - __main__ -   	EPOCH:  11	MiniBatch:   17
03/05/2021 13:09:24 - INFO - __main__ -   	EPOCH:  11	MiniBatch:   18
03/05/2021 13:09:24 - INFO - __main__ -   	EPOCH:  11	MiniBatch:   19
03/05/2021 13:09:25 - INFO - __main__ -   	EPOCH:  11	MiniBatch:   20
03/05/2021 13:09:26 - INFO - __main__ -   	Testing dev Minibatch:    0
03/05/2021 13:09:27 - INFO - __main__ -   	Testing dev Minibatch:    1
03/05/2021 13:09:27 - INFO - __main__ -   	Testing dev Minibatch:    2
03/05/2021 13:09:27 - INFO - __main__ -   
============ Predict Tweet Stance ============
Labels 	Prec. 	Recall	F1    	Supp  
Denial 	0.5913	0.7949	0.6781	273
Support	0.6117	0.3088	0.4104	204
Comment	0.4951	0.5312	0.5126	192
Queries	0.4667	0.3182	0.3784	22
MacroF1	0.4949
F1w_avg	0.5435
Acc    	56.3

============ Predict Viral Tweets ============
Labels 	Prec. 	Recall	F1    	Supp  
N_viral	0.9114	0.9759	0.9425	622
Viral  	0.4000	0.1449	0.2128	69
MacroF1	0.5777
F1w_avg	0.8697
Acc    	89.3

03/05/2021 13:09:28 - INFO - __main__ -   	EPOCH:  12	MiniBatch:    0
03/05/2021 13:09:28 - INFO - __main__ -   	EPOCH:  12	MiniBatch:    1
03/05/2021 13:09:29 - INFO - __main__ -   	EPOCH:  12	MiniBatch:    2
03/05/2021 13:09:30 - INFO - __main__ -   	EPOCH:  12	MiniBatch:    3
03/05/2021 13:09:30 - INFO - __main__ -   	EPOCH:  12	MiniBatch:    4
03/05/2021 13:09:31 - INFO - __main__ -   	EPOCH:  12	MiniBatch:    5
03/05/2021 13:09:32 - INFO - __main__ -   	EPOCH:  12	MiniBatch:    6
03/05/2021 13:09:33 - INFO - __main__ -   	EPOCH:  12	MiniBatch:    7
03/05/2021 13:09:33 - INFO - __main__ -   	EPOCH:  12	MiniBatch:    8
03/05/2021 13:09:34 - INFO - __main__ -   	EPOCH:  12	MiniBatch:    9
03/05/2021 13:09:35 - INFO - __main__ -   	EPOCH:  12	MiniBatch:   10
03/05/2021 13:09:35 - INFO - __main__ -   	EPOCH:  12	MiniBatch:   11
03/05/2021 13:09:36 - INFO - __main__ -   	EPOCH:  12	MiniBatch:   12
03/05/2021 13:09:37 - INFO - __main__ -   	EPOCH:  12	MiniBatch:   13
03/05/2021 13:09:37 - INFO - __main__ -   	EPOCH:  12	MiniBatch:   14
03/05/2021 13:09:38 - INFO - __main__ -   	EPOCH:  12	MiniBatch:   15
03/05/2021 13:09:39 - INFO - __main__ -   	EPOCH:  12	MiniBatch:   16
03/05/2021 13:09:40 - INFO - __main__ -   	EPOCH:  12	MiniBatch:   17
03/05/2021 13:09:40 - INFO - __main__ -   	EPOCH:  12	MiniBatch:   18
03/05/2021 13:09:41 - INFO - __main__ -   	EPOCH:  12	MiniBatch:   19
03/05/2021 13:09:42 - INFO - __main__ -   	EPOCH:  12	MiniBatch:   20
03/05/2021 13:09:42 - INFO - __main__ -   	Testing dev Minibatch:    0
03/05/2021 13:09:43 - INFO - __main__ -   	Testing dev Minibatch:    1
03/05/2021 13:09:44 - INFO - __main__ -   	Testing dev Minibatch:    2
03/05/2021 13:09:44 - INFO - __main__ -   
============ Predict Tweet Stance ============
Labels 	Prec. 	Recall	F1    	Supp  
Denial 	0.6235	0.7766	0.6917	273
Support	0.5741	0.4559	0.5082	204
Comment	0.5376	0.4844	0.5096	192
Queries	0.6250	0.4545	0.5263	22
MacroF1	0.5589
F1w_avg	0.5817
Acc    	59.0

============ Predict Viral Tweets ============
Labels 	Prec. 	Recall	F1    	Supp  
N_viral	0.9237	0.9341	0.9289	622
Viral  	0.3387	0.3043	0.3206	69
MacroF1	0.6247
F1w_avg	0.8681
Acc    	87.1

03/05/2021 13:09:44 - INFO - __main__ -   Best results so far. Saving model...
03/05/2021 13:09:46 - INFO - __main__ -   	EPOCH:  13	MiniBatch:    0
03/05/2021 13:09:47 - INFO - __main__ -   	EPOCH:  13	MiniBatch:    1
03/05/2021 13:09:47 - INFO - __main__ -   	EPOCH:  13	MiniBatch:    2
03/05/2021 13:09:48 - INFO - __main__ -   	EPOCH:  13	MiniBatch:    3
03/05/2021 13:09:49 - INFO - __main__ -   	EPOCH:  13	MiniBatch:    4
03/05/2021 13:09:49 - INFO - __main__ -   	EPOCH:  13	MiniBatch:    5
03/05/2021 13:09:50 - INFO - __main__ -   	EPOCH:  13	MiniBatch:    6
03/05/2021 13:09:51 - INFO - __main__ -   	EPOCH:  13	MiniBatch:    7
03/05/2021 13:09:52 - INFO - __main__ -   	EPOCH:  13	MiniBatch:    8
03/05/2021 13:09:52 - INFO - __main__ -   	EPOCH:  13	MiniBatch:    9
03/05/2021 13:09:53 - INFO - __main__ -   	EPOCH:  13	MiniBatch:   10
03/05/2021 13:09:54 - INFO - __main__ -   	EPOCH:  13	MiniBatch:   11
03/05/2021 13:09:54 - INFO - __main__ -   	EPOCH:  13	MiniBatch:   12
03/05/2021 13:09:55 - INFO - __main__ -   	EPOCH:  13	MiniBatch:   13
03/05/2021 13:09:56 - INFO - __main__ -   	EPOCH:  13	MiniBatch:   14
03/05/2021 13:09:56 - INFO - __main__ -   	EPOCH:  13	MiniBatch:   15
03/05/2021 13:09:57 - INFO - __main__ -   	EPOCH:  13	MiniBatch:   16
03/05/2021 13:09:58 - INFO - __main__ -   	EPOCH:  13	MiniBatch:   17
03/05/2021 13:09:59 - INFO - __main__ -   	EPOCH:  13	MiniBatch:   18
03/05/2021 13:09:59 - INFO - __main__ -   	EPOCH:  13	MiniBatch:   19
03/05/2021 13:10:00 - INFO - __main__ -   	EPOCH:  13	MiniBatch:   20
03/05/2021 13:10:01 - INFO - __main__ -   	Testing dev Minibatch:    0
03/05/2021 13:10:01 - INFO - __main__ -   	Testing dev Minibatch:    1
03/05/2021 13:10:02 - INFO - __main__ -   	Testing dev Minibatch:    2
03/05/2021 13:10:02 - INFO - __main__ -   
============ Predict Tweet Stance ============
Labels 	Prec. 	Recall	F1    	Supp  
Denial 	0.6487	0.6630	0.6558	273
Support	0.5417	0.4461	0.4892	204
Comment	0.5024	0.5469	0.5237	192
Queries	0.3714	0.5909	0.4561	22
MacroF1	0.5312
F1w_avg	0.5636
Acc    	56.4

============ Predict Viral Tweets ============
Labels 	Prec. 	Recall	F1    	Supp  
N_viral	0.9123	0.9695	0.9400	622
Viral  	0.3667	0.1594	0.2222	69
MacroF1	0.5811
F1w_avg	0.8683
Acc    	88.9

03/05/2021 13:10:03 - INFO - __main__ -   	EPOCH:  14	MiniBatch:    0
03/05/2021 13:10:03 - INFO - __main__ -   	EPOCH:  14	MiniBatch:    1
03/05/2021 13:10:04 - INFO - __main__ -   	EPOCH:  14	MiniBatch:    2
03/05/2021 13:10:05 - INFO - __main__ -   	EPOCH:  14	MiniBatch:    3
03/05/2021 13:10:05 - INFO - __main__ -   	EPOCH:  14	MiniBatch:    4
03/05/2021 13:10:06 - INFO - __main__ -   	EPOCH:  14	MiniBatch:    5
03/05/2021 13:10:07 - INFO - __main__ -   	EPOCH:  14	MiniBatch:    6
03/05/2021 13:10:07 - INFO - __main__ -   	EPOCH:  14	MiniBatch:    7
03/05/2021 13:10:08 - INFO - __main__ -   	EPOCH:  14	MiniBatch:    8
03/05/2021 13:10:09 - INFO - __main__ -   	EPOCH:  14	MiniBatch:    9
03/05/2021 13:10:10 - INFO - __main__ -   	EPOCH:  14	MiniBatch:   10
03/05/2021 13:10:10 - INFO - __main__ -   	EPOCH:  14	MiniBatch:   11
03/05/2021 13:10:11 - INFO - __main__ -   	EPOCH:  14	MiniBatch:   12
03/05/2021 13:10:12 - INFO - __main__ -   	EPOCH:  14	MiniBatch:   13
03/05/2021 13:10:12 - INFO - __main__ -   	EPOCH:  14	MiniBatch:   14
03/05/2021 13:10:13 - INFO - __main__ -   	EPOCH:  14	MiniBatch:   15
03/05/2021 13:10:14 - INFO - __main__ -   	EPOCH:  14	MiniBatch:   16
03/05/2021 13:10:15 - INFO - __main__ -   	EPOCH:  14	MiniBatch:   17
03/05/2021 13:10:15 - INFO - __main__ -   	EPOCH:  14	MiniBatch:   18
03/05/2021 13:10:16 - INFO - __main__ -   	EPOCH:  14	MiniBatch:   19
03/05/2021 13:10:17 - INFO - __main__ -   	EPOCH:  14	MiniBatch:   20
03/05/2021 13:10:17 - INFO - __main__ -   	Testing dev Minibatch:    0
03/05/2021 13:10:18 - INFO - __main__ -   	Testing dev Minibatch:    1
03/05/2021 13:10:19 - INFO - __main__ -   	Testing dev Minibatch:    2
03/05/2021 13:10:19 - INFO - __main__ -   
============ Predict Tweet Stance ============
Labels 	Prec. 	Recall	F1    	Supp  
Denial 	0.6064	0.7619	0.6753	273
Support	0.5772	0.4216	0.4873	204
Comment	0.5344	0.5260	0.5302	192
Queries	0.5000	0.2273	0.3125	22
MacroF1	0.5013
F1w_avg	0.5679
Acc    	57.9

============ Predict Viral Tweets ============
Labels 	Prec. 	Recall	F1    	Supp  
N_viral	0.9202	0.9646	0.9419	622
Viral  	0.4359	0.2464	0.3148	69
MacroF1	0.6284
F1w_avg	0.8793
Acc    	89.3

03/05/2021 13:10:19 - INFO - __main__ -   	EPOCH:  15	MiniBatch:    0
03/05/2021 13:10:20 - INFO - __main__ -   	EPOCH:  15	MiniBatch:    1
03/05/2021 13:10:21 - INFO - __main__ -   	EPOCH:  15	MiniBatch:    2
03/05/2021 13:10:21 - INFO - __main__ -   	EPOCH:  15	MiniBatch:    3
03/05/2021 13:10:22 - INFO - __main__ -   	EPOCH:  15	MiniBatch:    4
03/05/2021 13:10:23 - INFO - __main__ -   	EPOCH:  15	MiniBatch:    5
03/05/2021 13:10:23 - INFO - __main__ -   	EPOCH:  15	MiniBatch:    6
03/05/2021 13:10:24 - INFO - __main__ -   	EPOCH:  15	MiniBatch:    7
03/05/2021 13:10:25 - INFO - __main__ -   	EPOCH:  15	MiniBatch:    8
03/05/2021 13:10:26 - INFO - __main__ -   	EPOCH:  15	MiniBatch:    9
03/05/2021 13:10:26 - INFO - __main__ -   	EPOCH:  15	MiniBatch:   10
03/05/2021 13:10:27 - INFO - __main__ -   	EPOCH:  15	MiniBatch:   11
03/05/2021 13:10:28 - INFO - __main__ -   	EPOCH:  15	MiniBatch:   12
03/05/2021 13:10:28 - INFO - __main__ -   	EPOCH:  15	MiniBatch:   13
03/05/2021 13:10:29 - INFO - __main__ -   	EPOCH:  15	MiniBatch:   14
03/05/2021 13:10:30 - INFO - __main__ -   	EPOCH:  15	MiniBatch:   15
03/05/2021 13:10:31 - INFO - __main__ -   	EPOCH:  15	MiniBatch:   16
03/05/2021 13:10:31 - INFO - __main__ -   	EPOCH:  15	MiniBatch:   17
03/05/2021 13:10:32 - INFO - __main__ -   	EPOCH:  15	MiniBatch:   18
03/05/2021 13:10:33 - INFO - __main__ -   	EPOCH:  15	MiniBatch:   19
03/05/2021 13:10:33 - INFO - __main__ -   	EPOCH:  15	MiniBatch:   20
03/05/2021 13:10:34 - INFO - __main__ -   	Testing dev Minibatch:    0
03/05/2021 13:10:35 - INFO - __main__ -   	Testing dev Minibatch:    1
03/05/2021 13:10:35 - INFO - __main__ -   	Testing dev Minibatch:    2
03/05/2021 13:10:36 - INFO - __main__ -   
============ Predict Tweet Stance ============
Labels 	Prec. 	Recall	F1    	Supp  
Denial 	0.6700	0.7289	0.6982	273
Support	0.5665	0.4804	0.5199	204
Comment	0.5126	0.5312	0.5217	192
Queries	0.5455	0.5455	0.5455	22
MacroF1	0.5713
F1w_avg	0.5917
Acc    	59.5

============ Predict Viral Tweets ============
Labels 	Prec. 	Recall	F1    	Supp  
N_viral	0.9172	0.9614	0.9388	622
Viral  	0.3846	0.2174	0.2778	69
MacroF1	0.6083
F1w_avg	0.8728
Acc    	88.7

03/05/2021 13:10:36 - INFO - __main__ -   	EPOCH:  16	MiniBatch:    0
03/05/2021 13:10:37 - INFO - __main__ -   	EPOCH:  16	MiniBatch:    1
03/05/2021 13:10:37 - INFO - __main__ -   	EPOCH:  16	MiniBatch:    2
03/05/2021 13:10:38 - INFO - __main__ -   	EPOCH:  16	MiniBatch:    3
03/05/2021 13:10:39 - INFO - __main__ -   	EPOCH:  16	MiniBatch:    4
03/05/2021 13:10:39 - INFO - __main__ -   	EPOCH:  16	MiniBatch:    5
03/05/2021 13:10:40 - INFO - __main__ -   	EPOCH:  16	MiniBatch:    6
03/05/2021 13:10:41 - INFO - __main__ -   	EPOCH:  16	MiniBatch:    7
03/05/2021 13:10:42 - INFO - __main__ -   	EPOCH:  16	MiniBatch:    8
03/05/2021 13:10:42 - INFO - __main__ -   	EPOCH:  16	MiniBatch:    9
03/05/2021 13:10:43 - INFO - __main__ -   	EPOCH:  16	MiniBatch:   10
03/05/2021 13:10:44 - INFO - __main__ -   	EPOCH:  16	MiniBatch:   11
03/05/2021 13:10:44 - INFO - __main__ -   	EPOCH:  16	MiniBatch:   12
03/05/2021 13:10:45 - INFO - __main__ -   	EPOCH:  16	MiniBatch:   13
03/05/2021 13:10:46 - INFO - __main__ -   	EPOCH:  16	MiniBatch:   14
03/05/2021 13:10:47 - INFO - __main__ -   	EPOCH:  16	MiniBatch:   15
03/05/2021 13:10:47 - INFO - __main__ -   	EPOCH:  16	MiniBatch:   16
03/05/2021 13:10:48 - INFO - __main__ -   	EPOCH:  16	MiniBatch:   17
03/05/2021 13:10:49 - INFO - __main__ -   	EPOCH:  16	MiniBatch:   18
03/05/2021 13:10:49 - INFO - __main__ -   	EPOCH:  16	MiniBatch:   19
03/05/2021 13:10:50 - INFO - __main__ -   	EPOCH:  16	MiniBatch:   20
03/05/2021 13:10:51 - INFO - __main__ -   	Testing dev Minibatch:    0
03/05/2021 13:10:51 - INFO - __main__ -   	Testing dev Minibatch:    1
03/05/2021 13:10:52 - INFO - __main__ -   	Testing dev Minibatch:    2
03/05/2021 13:10:52 - INFO - __main__ -   
============ Predict Tweet Stance ============
Labels 	Prec. 	Recall	F1    	Supp  
Denial 	0.6370	0.6557	0.6462	273
Support	0.5135	0.5588	0.5352	204
Comment	0.5607	0.5052	0.5315	192
Queries	0.4000	0.2727	0.3243	22
MacroF1	0.5093
F1w_avg	0.5713
Acc    	57.3

============ Predict Viral Tweets ============
Labels 	Prec. 	Recall	F1    	Supp  
N_viral	0.9075	0.9936	0.9486	622
Viral  	0.6000	0.0870	0.1519	69
MacroF1	0.5502
F1w_avg	0.8690
Acc    	90.3

03/05/2021 13:10:53 - INFO - __main__ -   	EPOCH:  17	MiniBatch:    0
03/05/2021 13:10:53 - INFO - __main__ -   	EPOCH:  17	MiniBatch:    1
03/05/2021 13:10:54 - INFO - __main__ -   	EPOCH:  17	MiniBatch:    2
03/05/2021 13:10:55 - INFO - __main__ -   	EPOCH:  17	MiniBatch:    3
03/05/2021 13:10:55 - INFO - __main__ -   	EPOCH:  17	MiniBatch:    4
03/05/2021 13:10:56 - INFO - __main__ -   	EPOCH:  17	MiniBatch:    5
03/05/2021 13:10:57 - INFO - __main__ -   	EPOCH:  17	MiniBatch:    6
03/05/2021 13:10:58 - INFO - __main__ -   	EPOCH:  17	MiniBatch:    7
03/05/2021 13:10:58 - INFO - __main__ -   	EPOCH:  17	MiniBatch:    8
03/05/2021 13:10:59 - INFO - __main__ -   	EPOCH:  17	MiniBatch:    9
03/05/2021 13:11:00 - INFO - __main__ -   	EPOCH:  17	MiniBatch:   10
03/05/2021 13:11:00 - INFO - __main__ -   	EPOCH:  17	MiniBatch:   11
03/05/2021 13:11:01 - INFO - __main__ -   	EPOCH:  17	MiniBatch:   12
03/05/2021 13:11:02 - INFO - __main__ -   	EPOCH:  17	MiniBatch:   13
03/05/2021 13:11:03 - INFO - __main__ -   	EPOCH:  17	MiniBatch:   14
03/05/2021 13:11:03 - INFO - __main__ -   	EPOCH:  17	MiniBatch:   15
03/05/2021 13:11:04 - INFO - __main__ -   	EPOCH:  17	MiniBatch:   16
03/05/2021 13:11:05 - INFO - __main__ -   	EPOCH:  17	MiniBatch:   17
03/05/2021 13:11:05 - INFO - __main__ -   	EPOCH:  17	MiniBatch:   18
03/05/2021 13:11:06 - INFO - __main__ -   	EPOCH:  17	MiniBatch:   19
03/05/2021 13:11:07 - INFO - __main__ -   	EPOCH:  17	MiniBatch:   20
03/05/2021 13:11:07 - INFO - __main__ -   	Testing dev Minibatch:    0
03/05/2021 13:11:08 - INFO - __main__ -   	Testing dev Minibatch:    1
03/05/2021 13:11:09 - INFO - __main__ -   	Testing dev Minibatch:    2
03/05/2021 13:11:09 - INFO - __main__ -   
============ Predict Tweet Stance ============
Labels 	Prec. 	Recall	F1    	Supp  
Denial 	0.6608	0.6850	0.6727	273
Support	0.5145	0.4363	0.4721	204
Comment	0.4953	0.5469	0.5198	192
Queries	0.4783	0.5000	0.4889	22
MacroF1	0.5384
F1w_avg	0.5651
Acc    	56.7

============ Predict Viral Tweets ============
Labels 	Prec. 	Recall	F1    	Supp  
N_viral	0.9335	0.9260	0.9298	622
Viral  	0.3784	0.4058	0.3916	69
MacroF1	0.6607
F1w_avg	0.8760
Acc    	87.4

03/05/2021 13:11:09 - INFO - __main__ -   Best results so far. Saving model...
03/05/2021 13:11:11 - INFO - __main__ -   	EPOCH:  18	MiniBatch:    0
03/05/2021 13:11:12 - INFO - __main__ -   	EPOCH:  18	MiniBatch:    1
03/05/2021 13:11:12 - INFO - __main__ -   	EPOCH:  18	MiniBatch:    2
03/05/2021 13:11:13 - INFO - __main__ -   	EPOCH:  18	MiniBatch:    3
03/05/2021 13:11:14 - INFO - __main__ -   	EPOCH:  18	MiniBatch:    4
03/05/2021 13:11:15 - INFO - __main__ -   	EPOCH:  18	MiniBatch:    5
03/05/2021 13:11:15 - INFO - __main__ -   	EPOCH:  18	MiniBatch:    6
03/05/2021 13:11:16 - INFO - __main__ -   	EPOCH:  18	MiniBatch:    7
03/05/2021 13:11:17 - INFO - __main__ -   	EPOCH:  18	MiniBatch:    8
03/05/2021 13:11:17 - INFO - __main__ -   	EPOCH:  18	MiniBatch:    9
03/05/2021 13:11:18 - INFO - __main__ -   	EPOCH:  18	MiniBatch:   10
03/05/2021 13:11:19 - INFO - __main__ -   	EPOCH:  18	MiniBatch:   11
03/05/2021 13:11:19 - INFO - __main__ -   	EPOCH:  18	MiniBatch:   12
03/05/2021 13:11:20 - INFO - __main__ -   	EPOCH:  18	MiniBatch:   13
03/05/2021 13:11:21 - INFO - __main__ -   	EPOCH:  18	MiniBatch:   14
03/05/2021 13:11:22 - INFO - __main__ -   	EPOCH:  18	MiniBatch:   15
03/05/2021 13:11:22 - INFO - __main__ -   	EPOCH:  18	MiniBatch:   16
03/05/2021 13:11:23 - INFO - __main__ -   	EPOCH:  18	MiniBatch:   17
03/05/2021 13:11:24 - INFO - __main__ -   	EPOCH:  18	MiniBatch:   18
03/05/2021 13:11:24 - INFO - __main__ -   	EPOCH:  18	MiniBatch:   19
03/05/2021 13:11:25 - INFO - __main__ -   	EPOCH:  18	MiniBatch:   20
03/05/2021 13:11:26 - INFO - __main__ -   	Testing dev Minibatch:    0
03/05/2021 13:11:27 - INFO - __main__ -   	Testing dev Minibatch:    1
03/05/2021 13:11:27 - INFO - __main__ -   	Testing dev Minibatch:    2
03/05/2021 13:11:27 - INFO - __main__ -   
============ Predict Tweet Stance ============
Labels 	Prec. 	Recall	F1    	Supp  
Denial 	0.6706	0.6190	0.6438	273
Support	0.4679	0.6078	0.5288	204
Comment	0.5267	0.4115	0.4620	192
Queries	0.5000	0.5455	0.5217	22
MacroF1	0.5391
F1w_avg	0.5554
Acc    	55.6

============ Predict Viral Tweets ============
Labels 	Prec. 	Recall	F1    	Supp  
N_viral	0.9103	0.9791	0.9435	622
Viral  	0.4091	0.1304	0.1978	69
MacroF1	0.5706
F1w_avg	0.8690
Acc    	89.4

03/05/2021 13:11:28 - INFO - __main__ -   	EPOCH:  19	MiniBatch:    0
03/05/2021 13:11:28 - INFO - __main__ -   	EPOCH:  19	MiniBatch:    1
03/05/2021 13:11:29 - INFO - __main__ -   	EPOCH:  19	MiniBatch:    2
03/05/2021 13:11:30 - INFO - __main__ -   	EPOCH:  19	MiniBatch:    3
03/05/2021 13:11:30 - INFO - __main__ -   	EPOCH:  19	MiniBatch:    4
03/05/2021 13:11:31 - INFO - __main__ -   	EPOCH:  19	MiniBatch:    5
03/05/2021 13:11:32 - INFO - __main__ -   	EPOCH:  19	MiniBatch:    6
03/05/2021 13:11:33 - INFO - __main__ -   	EPOCH:  19	MiniBatch:    7
03/05/2021 13:11:33 - INFO - __main__ -   	EPOCH:  19	MiniBatch:    8
03/05/2021 13:11:34 - INFO - __main__ -   	EPOCH:  19	MiniBatch:    9
03/05/2021 13:11:35 - INFO - __main__ -   	EPOCH:  19	MiniBatch:   10
03/05/2021 13:11:35 - INFO - __main__ -   	EPOCH:  19	MiniBatch:   11
03/05/2021 13:11:36 - INFO - __main__ -   	EPOCH:  19	MiniBatch:   12
03/05/2021 13:11:37 - INFO - __main__ -   	EPOCH:  19	MiniBatch:   13
03/05/2021 13:11:37 - INFO - __main__ -   	EPOCH:  19	MiniBatch:   14
03/05/2021 13:11:38 - INFO - __main__ -   	EPOCH:  19	MiniBatch:   15
03/05/2021 13:11:39 - INFO - __main__ -   	EPOCH:  19	MiniBatch:   16
03/05/2021 13:11:40 - INFO - __main__ -   	EPOCH:  19	MiniBatch:   17
03/05/2021 13:11:40 - INFO - __main__ -   	EPOCH:  19	MiniBatch:   18
03/05/2021 13:11:41 - INFO - __main__ -   	EPOCH:  19	MiniBatch:   19
03/05/2021 13:11:42 - INFO - __main__ -   	EPOCH:  19	MiniBatch:   20
03/05/2021 13:11:42 - INFO - __main__ -   	Testing dev Minibatch:    0
03/05/2021 13:11:43 - INFO - __main__ -   	Testing dev Minibatch:    1
03/05/2021 13:11:44 - INFO - __main__ -   	Testing dev Minibatch:    2
03/05/2021 13:11:44 - INFO - __main__ -   
============ Predict Tweet Stance ============
Labels 	Prec. 	Recall	F1    	Supp  
Denial 	0.6215	0.7399	0.6756	273
Support	0.4889	0.5392	0.5128	204
Comment	0.5547	0.3698	0.4437	192
Queries	0.6923	0.4091	0.5143	22
MacroF1	0.5366
F1w_avg	0.5580
Acc    	56.7

============ Predict Viral Tweets ============
Labels 	Prec. 	Recall	F1    	Supp  
N_viral	0.9146	0.9469	0.9305	622
Viral  	0.2979	0.2029	0.2414	69
MacroF1	0.5859
F1w_avg	0.8617
Acc    	87.3

03/05/2021 13:11:44 - INFO - __main__ -   	EPOCH:  20	MiniBatch:    0
03/05/2021 13:11:45 - INFO - __main__ -   	EPOCH:  20	MiniBatch:    1
03/05/2021 13:11:46 - INFO - __main__ -   	EPOCH:  20	MiniBatch:    2
03/05/2021 13:11:46 - INFO - __main__ -   	EPOCH:  20	MiniBatch:    3
03/05/2021 13:11:47 - INFO - __main__ -   	EPOCH:  20	MiniBatch:    4
03/05/2021 13:11:48 - INFO - __main__ -   	EPOCH:  20	MiniBatch:    5
03/05/2021 13:11:49 - INFO - __main__ -   	EPOCH:  20	MiniBatch:    6
03/05/2021 13:11:49 - INFO - __main__ -   	EPOCH:  20	MiniBatch:    7
03/05/2021 13:11:50 - INFO - __main__ -   	EPOCH:  20	MiniBatch:    8
03/05/2021 13:11:51 - INFO - __main__ -   	EPOCH:  20	MiniBatch:    9
03/05/2021 13:11:51 - INFO - __main__ -   	EPOCH:  20	MiniBatch:   10
03/05/2021 13:11:52 - INFO - __main__ -   	EPOCH:  20	MiniBatch:   11
03/05/2021 13:11:53 - INFO - __main__ -   	EPOCH:  20	MiniBatch:   12
03/05/2021 13:11:53 - INFO - __main__ -   	EPOCH:  20	MiniBatch:   13
03/05/2021 13:11:54 - INFO - __main__ -   	EPOCH:  20	MiniBatch:   14
03/05/2021 13:11:55 - INFO - __main__ -   	EPOCH:  20	MiniBatch:   15
03/05/2021 13:11:56 - INFO - __main__ -   	EPOCH:  20	MiniBatch:   16
03/05/2021 13:11:56 - INFO - __main__ -   	EPOCH:  20	MiniBatch:   17
03/05/2021 13:11:57 - INFO - __main__ -   	EPOCH:  20	MiniBatch:   18
03/05/2021 13:11:58 - INFO - __main__ -   	EPOCH:  20	MiniBatch:   19
03/05/2021 13:11:58 - INFO - __main__ -   	EPOCH:  20	MiniBatch:   20
03/05/2021 13:11:59 - INFO - __main__ -   	Testing dev Minibatch:    0
03/05/2021 13:12:00 - INFO - __main__ -   	Testing dev Minibatch:    1
03/05/2021 13:12:01 - INFO - __main__ -   	Testing dev Minibatch:    2
03/05/2021 13:12:01 - INFO - __main__ -   
============ Predict Tweet Stance ============
Labels 	Prec. 	Recall	F1    	Supp  
Denial 	0.6914	0.6154	0.6512	273
Support	0.5000	0.5441	0.5211	204
Comment	0.4951	0.5260	0.5101	192
Queries	0.5000	0.5000	0.5000	22
MacroF1	0.5456
F1w_avg	0.5688
Acc    	56.6

============ Predict Viral Tweets ============
Labels 	Prec. 	Recall	F1    	Supp  
N_viral	0.9150	0.9695	0.9415	622
Viral  	0.4062	0.1884	0.2574	69
MacroF1	0.5994
F1w_avg	0.8731
Acc    	89.1

03/05/2021 13:12:01 - INFO - __main__ -   	EPOCH:  21	MiniBatch:    0
03/05/2021 13:12:02 - INFO - __main__ -   	EPOCH:  21	MiniBatch:    1
03/05/2021 13:12:02 - INFO - __main__ -   	EPOCH:  21	MiniBatch:    2
03/05/2021 13:12:03 - INFO - __main__ -   	EPOCH:  21	MiniBatch:    3
03/05/2021 13:12:04 - INFO - __main__ -   	EPOCH:  21	MiniBatch:    4
03/05/2021 13:12:05 - INFO - __main__ -   	EPOCH:  21	MiniBatch:    5
03/05/2021 13:12:05 - INFO - __main__ -   	EPOCH:  21	MiniBatch:    6
03/05/2021 13:12:06 - INFO - __main__ -   	EPOCH:  21	MiniBatch:    7
03/05/2021 13:12:07 - INFO - __main__ -   	EPOCH:  21	MiniBatch:    8
03/05/2021 13:12:07 - INFO - __main__ -   	EPOCH:  21	MiniBatch:    9
03/05/2021 13:12:08 - INFO - __main__ -   	EPOCH:  21	MiniBatch:   10
03/05/2021 13:12:09 - INFO - __main__ -   	EPOCH:  21	MiniBatch:   11
03/05/2021 13:12:09 - INFO - __main__ -   	EPOCH:  21	MiniBatch:   12
03/05/2021 13:12:10 - INFO - __main__ -   	EPOCH:  21	MiniBatch:   13
03/05/2021 13:12:11 - INFO - __main__ -   	EPOCH:  21	MiniBatch:   14
03/05/2021 13:12:12 - INFO - __main__ -   	EPOCH:  21	MiniBatch:   15
03/05/2021 13:12:12 - INFO - __main__ -   	EPOCH:  21	MiniBatch:   16
03/05/2021 13:12:13 - INFO - __main__ -   	EPOCH:  21	MiniBatch:   17
03/05/2021 13:12:14 - INFO - __main__ -   	EPOCH:  21	MiniBatch:   18
03/05/2021 13:12:14 - INFO - __main__ -   	EPOCH:  21	MiniBatch:   19
03/05/2021 13:12:15 - INFO - __main__ -   	EPOCH:  21	MiniBatch:   20
03/05/2021 13:12:16 - INFO - __main__ -   	Testing dev Minibatch:    0
03/05/2021 13:12:17 - INFO - __main__ -   	Testing dev Minibatch:    1
03/05/2021 13:12:17 - INFO - __main__ -   	Testing dev Minibatch:    2
03/05/2021 13:12:18 - INFO - __main__ -   
============ Predict Tweet Stance ============
Labels 	Prec. 	Recall	F1    	Supp  
Denial 	0.5973	0.7985	0.6834	273
Support	0.5294	0.4412	0.4813	204
Comment	0.5652	0.4062	0.4727	192
Queries	0.4444	0.3636	0.4000	22
MacroF1	0.5093
F1w_avg	0.5562
Acc    	57.0

============ Predict Viral Tweets ============
Labels 	Prec. 	Recall	F1    	Supp  
N_viral	0.9165	0.9534	0.9346	622
Viral  	0.3409	0.2174	0.2655	69
MacroF1	0.6000
F1w_avg	0.8678
Acc    	88.0

03/05/2021 13:12:18 - INFO - __main__ -   	EPOCH:  22	MiniBatch:    0
03/05/2021 13:12:18 - INFO - __main__ -   	EPOCH:  22	MiniBatch:    1
03/05/2021 13:12:19 - INFO - __main__ -   	EPOCH:  22	MiniBatch:    2
03/05/2021 13:12:20 - INFO - __main__ -   	EPOCH:  22	MiniBatch:    3
03/05/2021 13:12:21 - INFO - __main__ -   	EPOCH:  22	MiniBatch:    4
03/05/2021 13:12:21 - INFO - __main__ -   	EPOCH:  22	MiniBatch:    5
03/05/2021 13:12:22 - INFO - __main__ -   	EPOCH:  22	MiniBatch:    6
03/05/2021 13:12:23 - INFO - __main__ -   	EPOCH:  22	MiniBatch:    7
03/05/2021 13:12:23 - INFO - __main__ -   	EPOCH:  22	MiniBatch:    8
03/05/2021 13:12:24 - INFO - __main__ -   	EPOCH:  22	MiniBatch:    9
03/05/2021 13:12:25 - INFO - __main__ -   	EPOCH:  22	MiniBatch:   10
03/05/2021 13:12:26 - INFO - __main__ -   	EPOCH:  22	MiniBatch:   11
03/05/2021 13:12:26 - INFO - __main__ -   	EPOCH:  22	MiniBatch:   12
03/05/2021 13:12:27 - INFO - __main__ -   	EPOCH:  22	MiniBatch:   13
03/05/2021 13:12:28 - INFO - __main__ -   	EPOCH:  22	MiniBatch:   14
03/05/2021 13:12:28 - INFO - __main__ -   	EPOCH:  22	MiniBatch:   15
03/05/2021 13:12:29 - INFO - __main__ -   	EPOCH:  22	MiniBatch:   16
03/05/2021 13:12:30 - INFO - __main__ -   	EPOCH:  22	MiniBatch:   17
03/05/2021 13:12:30 - INFO - __main__ -   	EPOCH:  22	MiniBatch:   18
03/05/2021 13:12:31 - INFO - __main__ -   	EPOCH:  22	MiniBatch:   19
03/05/2021 13:12:32 - INFO - __main__ -   	EPOCH:  22	MiniBatch:   20
03/05/2021 13:12:33 - INFO - __main__ -   	Testing dev Minibatch:    0
03/05/2021 13:12:33 - INFO - __main__ -   	Testing dev Minibatch:    1
03/05/2021 13:12:34 - INFO - __main__ -   	Testing dev Minibatch:    2
03/05/2021 13:12:34 - INFO - __main__ -   
============ Predict Tweet Stance ============
Labels 	Prec. 	Recall	F1    	Supp  
Denial 	0.6424	0.7106	0.6748	273
Support	0.5084	0.4461	0.4752	204
Comment	0.5105	0.5052	0.5079	192
Queries	0.5000	0.4545	0.4762	22
MacroF1	0.5335
F1w_avg	0.5632
Acc    	56.7

============ Predict Viral Tweets ============
Labels 	Prec. 	Recall	F1    	Supp  
N_viral	0.9132	0.9807	0.9457	622
Viral  	0.4783	0.1594	0.2391	69
MacroF1	0.5924
F1w_avg	0.8752
Acc    	89.9

03/05/2021 13:12:35 - INFO - __main__ -   	EPOCH:  23	MiniBatch:    0
03/05/2021 13:12:35 - INFO - __main__ -   	EPOCH:  23	MiniBatch:    1
03/05/2021 13:12:36 - INFO - __main__ -   	EPOCH:  23	MiniBatch:    2
03/05/2021 13:12:37 - INFO - __main__ -   	EPOCH:  23	MiniBatch:    3
03/05/2021 13:12:37 - INFO - __main__ -   	EPOCH:  23	MiniBatch:    4
03/05/2021 13:12:38 - INFO - __main__ -   	EPOCH:  23	MiniBatch:    5
03/05/2021 13:12:39 - INFO - __main__ -   	EPOCH:  23	MiniBatch:    6
03/05/2021 13:12:39 - INFO - __main__ -   	EPOCH:  23	MiniBatch:    7
03/05/2021 13:12:40 - INFO - __main__ -   	EPOCH:  23	MiniBatch:    8
03/05/2021 13:12:41 - INFO - __main__ -   	EPOCH:  23	MiniBatch:    9
03/05/2021 13:12:42 - INFO - __main__ -   	EPOCH:  23	MiniBatch:   10
03/05/2021 13:12:42 - INFO - __main__ -   	EPOCH:  23	MiniBatch:   11
03/05/2021 13:12:43 - INFO - __main__ -   	EPOCH:  23	MiniBatch:   12
03/05/2021 13:12:44 - INFO - __main__ -   	EPOCH:  23	MiniBatch:   13
03/05/2021 13:12:44 - INFO - __main__ -   	EPOCH:  23	MiniBatch:   14
03/05/2021 13:12:45 - INFO - __main__ -   	EPOCH:  23	MiniBatch:   15
03/05/2021 13:12:46 - INFO - __main__ -   	EPOCH:  23	MiniBatch:   16
03/05/2021 13:12:47 - INFO - __main__ -   	EPOCH:  23	MiniBatch:   17
03/05/2021 13:12:47 - INFO - __main__ -   	EPOCH:  23	MiniBatch:   18
03/05/2021 13:12:48 - INFO - __main__ -   	EPOCH:  23	MiniBatch:   19
03/05/2021 13:12:49 - INFO - __main__ -   	EPOCH:  23	MiniBatch:   20
03/05/2021 13:12:49 - INFO - __main__ -   	Testing dev Minibatch:    0
03/05/2021 13:12:50 - INFO - __main__ -   	Testing dev Minibatch:    1
03/05/2021 13:12:51 - INFO - __main__ -   	Testing dev Minibatch:    2
03/05/2021 13:12:51 - INFO - __main__ -   
============ Predict Tweet Stance ============
Labels 	Prec. 	Recall	F1    	Supp  
Denial 	0.6370	0.7070	0.6701	273
Support	0.5163	0.4657	0.4897	204
Comment	0.5215	0.5052	0.5132	192
Queries	0.5556	0.4545	0.5000	22
MacroF1	0.5433
F1w_avg	0.5679
Acc    	57.2

============ Predict Viral Tweets ============
Labels 	Prec. 	Recall	F1    	Supp  
N_viral	0.9135	0.9678	0.9399	622
Viral  	0.3750	0.1739	0.2376	69
MacroF1	0.5888
F1w_avg	0.8698
Acc    	88.9

03/05/2021 13:12:51 - INFO - __main__ -   	EPOCH:  24	MiniBatch:    0
03/05/2021 13:12:52 - INFO - __main__ -   	EPOCH:  24	MiniBatch:    1
03/05/2021 13:12:53 - INFO - __main__ -   	EPOCH:  24	MiniBatch:    2
03/05/2021 13:12:53 - INFO - __main__ -   	EPOCH:  24	MiniBatch:    3
03/05/2021 13:12:54 - INFO - __main__ -   	EPOCH:  24	MiniBatch:    4
03/05/2021 13:12:55 - INFO - __main__ -   	EPOCH:  24	MiniBatch:    5
03/05/2021 13:12:56 - INFO - __main__ -   	EPOCH:  24	MiniBatch:    6
03/05/2021 13:12:56 - INFO - __main__ -   	EPOCH:  24	MiniBatch:    7
03/05/2021 13:12:57 - INFO - __main__ -   	EPOCH:  24	MiniBatch:    8
03/05/2021 13:12:58 - INFO - __main__ -   	EPOCH:  24	MiniBatch:    9
03/05/2021 13:12:58 - INFO - __main__ -   	EPOCH:  24	MiniBatch:   10
03/05/2021 13:12:59 - INFO - __main__ -   	EPOCH:  24	MiniBatch:   11
03/05/2021 13:13:00 - INFO - __main__ -   	EPOCH:  24	MiniBatch:   12
03/05/2021 13:13:01 - INFO - __main__ -   	EPOCH:  24	MiniBatch:   13
03/05/2021 13:13:01 - INFO - __main__ -   	EPOCH:  24	MiniBatch:   14
03/05/2021 13:13:02 - INFO - __main__ -   	EPOCH:  24	MiniBatch:   15
03/05/2021 13:13:03 - INFO - __main__ -   	EPOCH:  24	MiniBatch:   16
03/05/2021 13:13:03 - INFO - __main__ -   	EPOCH:  24	MiniBatch:   17
03/05/2021 13:13:04 - INFO - __main__ -   	EPOCH:  24	MiniBatch:   18
03/05/2021 13:13:05 - INFO - __main__ -   	EPOCH:  24	MiniBatch:   19
03/05/2021 13:13:05 - INFO - __main__ -   	EPOCH:  24	MiniBatch:   20
03/05/2021 13:13:06 - INFO - __main__ -   	Testing dev Minibatch:    0
03/05/2021 13:13:07 - INFO - __main__ -   	Testing dev Minibatch:    1
03/05/2021 13:13:08 - INFO - __main__ -   	Testing dev Minibatch:    2
03/05/2021 13:13:08 - INFO - __main__ -   
============ Predict Tweet Stance ============
Labels 	Prec. 	Recall	F1    	Supp  
Denial 	0.5989	0.8315	0.6963	273
Support	0.5494	0.4363	0.4863	204
Comment	0.5704	0.4010	0.4709	192
Queries	0.4667	0.3182	0.3784	22
MacroF1	0.5080
F1w_avg	0.5616
Acc    	57.9

============ Predict Viral Tweets ============
Labels 	Prec. 	Recall	F1    	Supp  
N_viral	0.9182	0.9566	0.9370	622
Viral  	0.3721	0.2319	0.2857	69
MacroF1	0.6114
F1w_avg	0.8720
Acc    	88.4

03/05/2021 13:13:08 - INFO - __main__ -   	EPOCH:  25	MiniBatch:    0
03/05/2021 13:13:09 - INFO - __main__ -   	EPOCH:  25	MiniBatch:    1
03/05/2021 13:13:09 - INFO - __main__ -   	EPOCH:  25	MiniBatch:    2
03/05/2021 13:13:10 - INFO - __main__ -   	EPOCH:  25	MiniBatch:    3
03/05/2021 13:13:11 - INFO - __main__ -   	EPOCH:  25	MiniBatch:    4
03/05/2021 13:13:12 - INFO - __main__ -   	EPOCH:  25	MiniBatch:    5
03/05/2021 13:13:12 - INFO - __main__ -   	EPOCH:  25	MiniBatch:    6
03/05/2021 13:13:13 - INFO - __main__ -   	EPOCH:  25	MiniBatch:    7
03/05/2021 13:13:14 - INFO - __main__ -   	EPOCH:  25	MiniBatch:    8
03/05/2021 13:13:14 - INFO - __main__ -   	EPOCH:  25	MiniBatch:    9
03/05/2021 13:13:15 - INFO - __main__ -   	EPOCH:  25	MiniBatch:   10
03/05/2021 13:13:16 - INFO - __main__ -   	EPOCH:  25	MiniBatch:   11
03/05/2021 13:13:17 - INFO - __main__ -   	EPOCH:  25	MiniBatch:   12
03/05/2021 13:13:17 - INFO - __main__ -   	EPOCH:  25	MiniBatch:   13
03/05/2021 13:13:18 - INFO - __main__ -   	EPOCH:  25	MiniBatch:   14
03/05/2021 13:13:19 - INFO - __main__ -   	EPOCH:  25	MiniBatch:   15
03/05/2021 13:13:19 - INFO - __main__ -   	EPOCH:  25	MiniBatch:   16
03/05/2021 13:13:20 - INFO - __main__ -   	EPOCH:  25	MiniBatch:   17
03/05/2021 13:13:21 - INFO - __main__ -   	EPOCH:  25	MiniBatch:   18
03/05/2021 13:13:21 - INFO - __main__ -   	EPOCH:  25	MiniBatch:   19
03/05/2021 13:13:22 - INFO - __main__ -   	EPOCH:  25	MiniBatch:   20
03/05/2021 13:13:23 - INFO - __main__ -   	Testing dev Minibatch:    0
03/05/2021 13:13:24 - INFO - __main__ -   	Testing dev Minibatch:    1
03/05/2021 13:13:24 - INFO - __main__ -   	Testing dev Minibatch:    2
03/05/2021 13:13:25 - INFO - __main__ -   
============ Predict Tweet Stance ============
Labels 	Prec. 	Recall	F1    	Supp  
Denial 	0.6831	0.6081	0.6434	273
Support	0.5065	0.5735	0.5379	204
Comment	0.5187	0.5052	0.5119	192
Queries	0.4333	0.5909	0.5000	22
MacroF1	0.5483
F1w_avg	0.5712
Acc    	56.9

============ Predict Viral Tweets ============
Labels 	Prec. 	Recall	F1    	Supp  
N_viral	0.9136	0.9695	0.9407	622
Viral  	0.3871	0.1739	0.2400	69
MacroF1	0.5904
F1w_avg	0.8707
Acc    	89.0

03/05/2021 13:13:25 - INFO - __main__ -   	EPOCH:  26	MiniBatch:    0
03/05/2021 13:13:25 - INFO - __main__ -   	EPOCH:  26	MiniBatch:    1
03/05/2021 13:13:26 - INFO - __main__ -   	EPOCH:  26	MiniBatch:    2
03/05/2021 13:13:27 - INFO - __main__ -   	EPOCH:  26	MiniBatch:    3
03/05/2021 13:13:28 - INFO - __main__ -   	EPOCH:  26	MiniBatch:    4
03/05/2021 13:13:28 - INFO - __main__ -   	EPOCH:  26	MiniBatch:    5
03/05/2021 13:13:29 - INFO - __main__ -   	EPOCH:  26	MiniBatch:    6
03/05/2021 13:13:30 - INFO - __main__ -   	EPOCH:  26	MiniBatch:    7
03/05/2021 13:13:30 - INFO - __main__ -   	EPOCH:  26	MiniBatch:    8
03/05/2021 13:13:31 - INFO - __main__ -   	EPOCH:  26	MiniBatch:    9
03/05/2021 13:13:32 - INFO - __main__ -   	EPOCH:  26	MiniBatch:   10
03/05/2021 13:13:33 - INFO - __main__ -   	EPOCH:  26	MiniBatch:   11
03/05/2021 13:13:33 - INFO - __main__ -   	EPOCH:  26	MiniBatch:   12
03/05/2021 13:13:34 - INFO - __main__ -   	EPOCH:  26	MiniBatch:   13
03/05/2021 13:13:35 - INFO - __main__ -   	EPOCH:  26	MiniBatch:   14
03/05/2021 13:13:35 - INFO - __main__ -   	EPOCH:  26	MiniBatch:   15
03/05/2021 13:13:36 - INFO - __main__ -   	EPOCH:  26	MiniBatch:   16
03/05/2021 13:13:37 - INFO - __main__ -   	EPOCH:  26	MiniBatch:   17
03/05/2021 13:13:38 - INFO - __main__ -   	EPOCH:  26	MiniBatch:   18
03/05/2021 13:13:38 - INFO - __main__ -   	EPOCH:  26	MiniBatch:   19
03/05/2021 13:13:39 - INFO - __main__ -   	EPOCH:  26	MiniBatch:   20
03/05/2021 13:13:40 - INFO - __main__ -   	Testing dev Minibatch:    0
03/05/2021 13:13:40 - INFO - __main__ -   	Testing dev Minibatch:    1
03/05/2021 13:13:41 - INFO - __main__ -   	Testing dev Minibatch:    2
03/05/2021 13:13:41 - INFO - __main__ -   
============ Predict Tweet Stance ============
Labels 	Prec. 	Recall	F1    	Supp  
Denial 	0.6116	0.7729	0.6828	273
Support	0.5371	0.6029	0.5681	204
Comment	0.6931	0.3646	0.4778	192
Queries	0.5000	0.3636	0.4211	22
MacroF1	0.5375
F1w_avg	0.5837
Acc    	59.6

============ Predict Viral Tweets ============
Labels 	Prec. 	Recall	F1    	Supp  
N_viral	0.9189	0.9469	0.9327	622
Viral  	0.3400	0.2464	0.2857	69
MacroF1	0.6092
F1w_avg	0.8681
Acc    	87.7

03/05/2021 13:13:42 - INFO - __main__ -   	EPOCH:  27	MiniBatch:    0
03/05/2021 13:13:42 - INFO - __main__ -   	EPOCH:  27	MiniBatch:    1
03/05/2021 13:13:43 - INFO - __main__ -   	EPOCH:  27	MiniBatch:    2
03/05/2021 13:13:44 - INFO - __main__ -   	EPOCH:  27	MiniBatch:    3
03/05/2021 13:13:44 - INFO - __main__ -   	EPOCH:  27	MiniBatch:    4
03/05/2021 13:13:45 - INFO - __main__ -   	EPOCH:  27	MiniBatch:    5
03/05/2021 13:13:46 - INFO - __main__ -   	EPOCH:  27	MiniBatch:    6
03/05/2021 13:13:47 - INFO - __main__ -   	EPOCH:  27	MiniBatch:    7
03/05/2021 13:13:47 - INFO - __main__ -   	EPOCH:  27	MiniBatch:    8
03/05/2021 13:13:48 - INFO - __main__ -   	EPOCH:  27	MiniBatch:    9
03/05/2021 13:13:49 - INFO - __main__ -   	EPOCH:  27	MiniBatch:   10
03/05/2021 13:13:49 - INFO - __main__ -   	EPOCH:  27	MiniBatch:   11
03/05/2021 13:13:50 - INFO - __main__ -   	EPOCH:  27	MiniBatch:   12
03/05/2021 13:13:51 - INFO - __main__ -   	EPOCH:  27	MiniBatch:   13
03/05/2021 13:13:51 - INFO - __main__ -   	EPOCH:  27	MiniBatch:   14
03/05/2021 13:13:52 - INFO - __main__ -   	EPOCH:  27	MiniBatch:   15
03/05/2021 13:13:53 - INFO - __main__ -   	EPOCH:  27	MiniBatch:   16
03/05/2021 13:13:54 - INFO - __main__ -   	EPOCH:  27	MiniBatch:   17
03/05/2021 13:13:54 - INFO - __main__ -   	EPOCH:  27	MiniBatch:   18
03/05/2021 13:13:55 - INFO - __main__ -   	EPOCH:  27	MiniBatch:   19
03/05/2021 13:13:56 - INFO - __main__ -   	EPOCH:  27	MiniBatch:   20
03/05/2021 13:13:56 - INFO - __main__ -   	Testing dev Minibatch:    0
03/05/2021 13:13:57 - INFO - __main__ -   	Testing dev Minibatch:    1
03/05/2021 13:13:58 - INFO - __main__ -   	Testing dev Minibatch:    2
03/05/2021 13:13:58 - INFO - __main__ -   
============ Predict Tweet Stance ============
Labels 	Prec. 	Recall	F1    	Supp  
Denial 	0.6325	0.6557	0.6439	273
Support	0.4806	0.4853	0.4829	204
Comment	0.4891	0.4688	0.4787	192
Queries	0.5000	0.4091	0.4500	22
MacroF1	0.5139
F1w_avg	0.5443
Acc    	54.6

============ Predict Viral Tweets ============
Labels 	Prec. 	Recall	F1    	Supp  
N_viral	0.9222	0.9534	0.9375	622
Viral  	0.3958	0.2754	0.3248	69
MacroF1	0.6312
F1w_avg	0.8764
Acc    	88.6

03/05/2021 13:13:58 - INFO - __main__ -   	EPOCH:  28	MiniBatch:    0
03/05/2021 13:13:59 - INFO - __main__ -   	EPOCH:  28	MiniBatch:    1
03/05/2021 13:14:00 - INFO - __main__ -   	EPOCH:  28	MiniBatch:    2
03/05/2021 13:14:00 - INFO - __main__ -   	EPOCH:  28	MiniBatch:    3
03/05/2021 13:14:01 - INFO - __main__ -   	EPOCH:  28	MiniBatch:    4
03/05/2021 13:14:02 - INFO - __main__ -   	EPOCH:  28	MiniBatch:    5
03/05/2021 13:14:03 - INFO - __main__ -   	EPOCH:  28	MiniBatch:    6
03/05/2021 13:14:03 - INFO - __main__ -   	EPOCH:  28	MiniBatch:    7
03/05/2021 13:14:04 - INFO - __main__ -   	EPOCH:  28	MiniBatch:    8
03/05/2021 13:14:05 - INFO - __main__ -   	EPOCH:  28	MiniBatch:    9
03/05/2021 13:14:05 - INFO - __main__ -   	EPOCH:  28	MiniBatch:   10
03/05/2021 13:14:06 - INFO - __main__ -   	EPOCH:  28	MiniBatch:   11
03/05/2021 13:14:07 - INFO - __main__ -   	EPOCH:  28	MiniBatch:   12
03/05/2021 13:14:08 - INFO - __main__ -   	EPOCH:  28	MiniBatch:   13
03/05/2021 13:14:08 - INFO - __main__ -   	EPOCH:  28	MiniBatch:   14
03/05/2021 13:14:09 - INFO - __main__ -   	EPOCH:  28	MiniBatch:   15
03/05/2021 13:14:10 - INFO - __main__ -   	EPOCH:  28	MiniBatch:   16
03/05/2021 13:14:10 - INFO - __main__ -   	EPOCH:  28	MiniBatch:   17
03/05/2021 13:14:11 - INFO - __main__ -   	EPOCH:  28	MiniBatch:   18
03/05/2021 13:14:12 - INFO - __main__ -   	EPOCH:  28	MiniBatch:   19
03/05/2021 13:14:12 - INFO - __main__ -   	EPOCH:  28	MiniBatch:   20
03/05/2021 13:14:13 - INFO - __main__ -   	Testing dev Minibatch:    0
03/05/2021 13:14:14 - INFO - __main__ -   	Testing dev Minibatch:    1
03/05/2021 13:14:15 - INFO - __main__ -   	Testing dev Minibatch:    2
03/05/2021 13:14:15 - INFO - __main__ -   
============ Predict Tweet Stance ============
Labels 	Prec. 	Recall	F1    	Supp  
Denial 	0.6878	0.5971	0.6392	273
Support	0.4801	0.6520	0.5530	204
Comment	0.4847	0.4115	0.4451	192
Queries	0.5714	0.3636	0.4444	22
MacroF1	0.5204
F1w_avg	0.5536
Acc    	55.4

============ Predict Viral Tweets ============
Labels 	Prec. 	Recall	F1    	Supp  
N_viral	0.9207	0.9518	0.9360	622
Viral  	0.3750	0.2609	0.3077	69
MacroF1	0.6218
F1w_avg	0.8732
Acc    	88.3

03/05/2021 13:14:15 - INFO - __main__ -   	EPOCH:  29	MiniBatch:    0
03/05/2021 13:14:16 - INFO - __main__ -   	EPOCH:  29	MiniBatch:    1
03/05/2021 13:14:16 - INFO - __main__ -   	EPOCH:  29	MiniBatch:    2
03/05/2021 13:14:17 - INFO - __main__ -   	EPOCH:  29	MiniBatch:    3
03/05/2021 13:14:18 - INFO - __main__ -   	EPOCH:  29	MiniBatch:    4
03/05/2021 13:14:19 - INFO - __main__ -   	EPOCH:  29	MiniBatch:    5
03/05/2021 13:14:19 - INFO - __main__ -   	EPOCH:  29	MiniBatch:    6
03/05/2021 13:14:20 - INFO - __main__ -   	EPOCH:  29	MiniBatch:    7
03/05/2021 13:14:21 - INFO - __main__ -   	EPOCH:  29	MiniBatch:    8
03/05/2021 13:14:21 - INFO - __main__ -   	EPOCH:  29	MiniBatch:    9
03/05/2021 13:14:22 - INFO - __main__ -   	EPOCH:  29	MiniBatch:   10
03/05/2021 13:14:23 - INFO - __main__ -   	EPOCH:  29	MiniBatch:   11
03/05/2021 13:14:24 - INFO - __main__ -   	EPOCH:  29	MiniBatch:   12
03/05/2021 13:14:24 - INFO - __main__ -   	EPOCH:  29	MiniBatch:   13
03/05/2021 13:14:25 - INFO - __main__ -   	EPOCH:  29	MiniBatch:   14
03/05/2021 13:14:26 - INFO - __main__ -   	EPOCH:  29	MiniBatch:   15
03/05/2021 13:14:26 - INFO - __main__ -   	EPOCH:  29	MiniBatch:   16
03/05/2021 13:14:27 - INFO - __main__ -   	EPOCH:  29	MiniBatch:   17
03/05/2021 13:14:28 - INFO - __main__ -   	EPOCH:  29	MiniBatch:   18
03/05/2021 13:14:28 - INFO - __main__ -   	EPOCH:  29	MiniBatch:   19
03/05/2021 13:14:29 - INFO - __main__ -   	EPOCH:  29	MiniBatch:   20
03/05/2021 13:14:30 - INFO - __main__ -   	Testing dev Minibatch:    0
03/05/2021 13:14:31 - INFO - __main__ -   	Testing dev Minibatch:    1
03/05/2021 13:14:31 - INFO - __main__ -   	Testing dev Minibatch:    2
03/05/2021 13:14:32 - INFO - __main__ -   
============ Predict Tweet Stance ============
Labels 	Prec. 	Recall	F1    	Supp  
Denial 	0.6580	0.7399	0.6966	273
Support	0.5022	0.5539	0.5268	204
Comment	0.5373	0.3750	0.4417	192
Queries	0.4800	0.5455	0.5106	22
MacroF1	0.5439
F1w_avg	0.5697
Acc    	57.7

============ Predict Viral Tweets ============
Labels 	Prec. 	Recall	F1    	Supp  
N_viral	0.9125	0.9727	0.9416	622
Viral  	0.3929	0.1594	0.2268	69
MacroF1	0.5842
F1w_avg	0.8703
Acc    	89.1

03/05/2021 13:14:32 - INFO - __main__ -   	EPOCH:  30	MiniBatch:    0
03/05/2021 13:14:33 - INFO - __main__ -   	EPOCH:  30	MiniBatch:    1
03/05/2021 13:14:33 - INFO - __main__ -   	EPOCH:  30	MiniBatch:    2
03/05/2021 13:14:34 - INFO - __main__ -   	EPOCH:  30	MiniBatch:    3
03/05/2021 13:14:35 - INFO - __main__ -   	EPOCH:  30	MiniBatch:    4
03/05/2021 13:14:35 - INFO - __main__ -   	EPOCH:  30	MiniBatch:    5
03/05/2021 13:14:36 - INFO - __main__ -   	EPOCH:  30	MiniBatch:    6
03/05/2021 13:14:37 - INFO - __main__ -   	EPOCH:  30	MiniBatch:    7
03/05/2021 13:14:37 - INFO - __main__ -   	EPOCH:  30	MiniBatch:    8
03/05/2021 13:14:38 - INFO - __main__ -   	EPOCH:  30	MiniBatch:    9
03/05/2021 13:14:39 - INFO - __main__ -   	EPOCH:  30	MiniBatch:   10
03/05/2021 13:14:40 - INFO - __main__ -   	EPOCH:  30	MiniBatch:   11
03/05/2021 13:14:40 - INFO - __main__ -   	EPOCH:  30	MiniBatch:   12
03/05/2021 13:14:41 - INFO - __main__ -   	EPOCH:  30	MiniBatch:   13
03/05/2021 13:14:42 - INFO - __main__ -   	EPOCH:  30	MiniBatch:   14
03/05/2021 13:14:42 - INFO - __main__ -   	EPOCH:  30	MiniBatch:   15
03/05/2021 13:14:43 - INFO - __main__ -   	EPOCH:  30	MiniBatch:   16
03/05/2021 13:14:44 - INFO - __main__ -   	EPOCH:  30	MiniBatch:   17
03/05/2021 13:14:44 - INFO - __main__ -   	EPOCH:  30	MiniBatch:   18
03/05/2021 13:14:45 - INFO - __main__ -   	EPOCH:  30	MiniBatch:   19
03/05/2021 13:14:46 - INFO - __main__ -   	EPOCH:  30	MiniBatch:   20
03/05/2021 13:14:47 - INFO - __main__ -   	Testing dev Minibatch:    0
03/05/2021 13:14:47 - INFO - __main__ -   	Testing dev Minibatch:    1
03/05/2021 13:14:48 - INFO - __main__ -   	Testing dev Minibatch:    2
03/05/2021 13:14:48 - INFO - __main__ -   
============ Predict Tweet Stance ============
Labels 	Prec. 	Recall	F1    	Supp  
Denial 	0.6904	0.7106	0.7004	273
Support	0.5085	0.5833	0.5434	204
Comment	0.5436	0.4219	0.4751	192
Queries	0.4815	0.5909	0.5306	22
MacroF1	0.5624
F1w_avg	0.5860
Acc    	58.9

============ Predict Viral Tweets ============
Labels 	Prec. 	Recall	F1    	Supp  
N_viral	0.9144	0.9614	0.9373	622
Viral  	0.3514	0.1884	0.2453	69
MacroF1	0.5913
F1w_avg	0.8682
Acc    	88.4

03/05/2021 13:14:49 - INFO - __main__ -   	EPOCH:  31	MiniBatch:    0
03/05/2021 13:14:49 - INFO - __main__ -   	EPOCH:  31	MiniBatch:    1
03/05/2021 13:14:50 - INFO - __main__ -   	EPOCH:  31	MiniBatch:    2
03/05/2021 13:14:51 - INFO - __main__ -   	EPOCH:  31	MiniBatch:    3
03/05/2021 13:14:51 - INFO - __main__ -   	EPOCH:  31	MiniBatch:    4
03/05/2021 13:14:52 - INFO - __main__ -   	EPOCH:  31	MiniBatch:    5
03/05/2021 13:14:53 - INFO - __main__ -   	EPOCH:  31	MiniBatch:    6
03/05/2021 13:14:53 - INFO - __main__ -   	EPOCH:  31	MiniBatch:    7
03/05/2021 13:14:54 - INFO - __main__ -   	EPOCH:  31	MiniBatch:    8
03/05/2021 13:14:55 - INFO - __main__ -   	EPOCH:  31	MiniBatch:    9
03/05/2021 13:14:56 - INFO - __main__ -   	EPOCH:  31	MiniBatch:   10
03/05/2021 13:14:56 - INFO - __main__ -   	EPOCH:  31	MiniBatch:   11
03/05/2021 13:14:57 - INFO - __main__ -   	EPOCH:  31	MiniBatch:   12
03/05/2021 13:14:58 - INFO - __main__ -   	EPOCH:  31	MiniBatch:   13
03/05/2021 13:14:58 - INFO - __main__ -   	EPOCH:  31	MiniBatch:   14
03/05/2021 13:14:59 - INFO - __main__ -   	EPOCH:  31	MiniBatch:   15
03/05/2021 13:15:00 - INFO - __main__ -   	EPOCH:  31	MiniBatch:   16
03/05/2021 13:15:01 - INFO - __main__ -   	EPOCH:  31	MiniBatch:   17
03/05/2021 13:15:01 - INFO - __main__ -   	EPOCH:  31	MiniBatch:   18
03/05/2021 13:15:02 - INFO - __main__ -   	EPOCH:  31	MiniBatch:   19
03/05/2021 13:15:03 - INFO - __main__ -   	EPOCH:  31	MiniBatch:   20
03/05/2021 13:15:03 - INFO - __main__ -   	Testing dev Minibatch:    0
03/05/2021 13:15:04 - INFO - __main__ -   	Testing dev Minibatch:    1
03/05/2021 13:15:05 - INFO - __main__ -   	Testing dev Minibatch:    2
03/05/2021 13:15:05 - INFO - __main__ -   
============ Predict Tweet Stance ============
Labels 	Prec. 	Recall	F1    	Supp  
Denial 	0.6522	0.7692	0.7059	273
Support	0.5166	0.5343	0.5253	204
Comment	0.5556	0.3906	0.4587	192
Queries	0.5217	0.5455	0.5333	22
MacroF1	0.5558
F1w_avg	0.5784
Acc    	58.8

============ Predict Viral Tweets ============
Labels 	Prec. 	Recall	F1    	Supp  
N_viral	0.9146	0.9646	0.9390	622
Viral  	0.3714	0.1884	0.2500	69
MacroF1	0.5945
F1w_avg	0.8702
Acc    	88.7

03/05/2021 13:15:05 - INFO - __main__ -   	EPOCH:  32	MiniBatch:    0
03/05/2021 13:15:06 - INFO - __main__ -   	EPOCH:  32	MiniBatch:    1
03/05/2021 13:15:07 - INFO - __main__ -   	EPOCH:  32	MiniBatch:    2
03/05/2021 13:15:07 - INFO - __main__ -   	EPOCH:  32	MiniBatch:    3
03/05/2021 13:15:08 - INFO - __main__ -   	EPOCH:  32	MiniBatch:    4
03/05/2021 13:15:09 - INFO - __main__ -   	EPOCH:  32	MiniBatch:    5
03/05/2021 13:15:09 - INFO - __main__ -   	EPOCH:  32	MiniBatch:    6
03/05/2021 13:15:10 - INFO - __main__ -   	EPOCH:  32	MiniBatch:    7
03/05/2021 13:15:11 - INFO - __main__ -   	EPOCH:  32	MiniBatch:    8
03/05/2021 13:15:12 - INFO - __main__ -   	EPOCH:  32	MiniBatch:    9
03/05/2021 13:15:12 - INFO - __main__ -   	EPOCH:  32	MiniBatch:   10
03/05/2021 13:15:13 - INFO - __main__ -   	EPOCH:  32	MiniBatch:   11
03/05/2021 13:15:14 - INFO - __main__ -   	EPOCH:  32	MiniBatch:   12
03/05/2021 13:15:14 - INFO - __main__ -   	EPOCH:  32	MiniBatch:   13
03/05/2021 13:15:15 - INFO - __main__ -   	EPOCH:  32	MiniBatch:   14
03/05/2021 13:15:16 - INFO - __main__ -   	EPOCH:  32	MiniBatch:   15
03/05/2021 13:15:17 - INFO - __main__ -   	EPOCH:  32	MiniBatch:   16
03/05/2021 13:15:17 - INFO - __main__ -   	EPOCH:  32	MiniBatch:   17
03/05/2021 13:15:18 - INFO - __main__ -   	EPOCH:  32	MiniBatch:   18
03/05/2021 13:15:19 - INFO - __main__ -   	EPOCH:  32	MiniBatch:   19
03/05/2021 13:15:19 - INFO - __main__ -   	EPOCH:  32	MiniBatch:   20
03/05/2021 13:15:20 - INFO - __main__ -   	Testing dev Minibatch:    0
03/05/2021 13:15:21 - INFO - __main__ -   	Testing dev Minibatch:    1
03/05/2021 13:15:21 - INFO - __main__ -   	Testing dev Minibatch:    2
03/05/2021 13:15:22 - INFO - __main__ -   
============ Predict Tweet Stance ============
Labels 	Prec. 	Recall	F1    	Supp  
Denial 	0.6312	0.6960	0.6620	273
Support	0.4975	0.4853	0.4913	204
Comment	0.5120	0.4427	0.4749	192
Queries	0.4800	0.5455	0.5106	22
MacroF1	0.5347
F1w_avg	0.5548
Acc    	55.9

============ Predict Viral Tweets ============
Labels 	Prec. 	Recall	F1    	Supp  
N_viral	0.9134	0.9662	0.9391	622
Viral  	0.3636	0.1739	0.2353	69
MacroF1	0.5872
F1w_avg	0.8688
Acc    	88.7

03/05/2021 13:15:22 - INFO - __main__ -   	EPOCH:  33	MiniBatch:    0
03/05/2021 13:15:23 - INFO - __main__ -   	EPOCH:  33	MiniBatch:    1
03/05/2021 13:15:23 - INFO - __main__ -   	EPOCH:  33	MiniBatch:    2
03/05/2021 13:15:24 - INFO - __main__ -   	EPOCH:  33	MiniBatch:    3
03/05/2021 13:15:25 - INFO - __main__ -   	EPOCH:  33	MiniBatch:    4
03/05/2021 13:15:25 - INFO - __main__ -   	EPOCH:  33	MiniBatch:    5
03/05/2021 13:15:26 - INFO - __main__ -   	EPOCH:  33	MiniBatch:    6
03/05/2021 13:15:27 - INFO - __main__ -   	EPOCH:  33	MiniBatch:    7
03/05/2021 13:15:28 - INFO - __main__ -   	EPOCH:  33	MiniBatch:    8
03/05/2021 13:15:28 - INFO - __main__ -   	EPOCH:  33	MiniBatch:    9
03/05/2021 13:15:29 - INFO - __main__ -   	EPOCH:  33	MiniBatch:   10
03/05/2021 13:15:30 - INFO - __main__ -   	EPOCH:  33	MiniBatch:   11
03/05/2021 13:15:30 - INFO - __main__ -   	EPOCH:  33	MiniBatch:   12
03/05/2021 13:15:31 - INFO - __main__ -   	EPOCH:  33	MiniBatch:   13
03/05/2021 13:15:32 - INFO - __main__ -   	EPOCH:  33	MiniBatch:   14
03/05/2021 13:15:33 - INFO - __main__ -   	EPOCH:  33	MiniBatch:   15
03/05/2021 13:15:33 - INFO - __main__ -   	EPOCH:  33	MiniBatch:   16
03/05/2021 13:15:34 - INFO - __main__ -   	EPOCH:  33	MiniBatch:   17
03/05/2021 13:15:35 - INFO - __main__ -   	EPOCH:  33	MiniBatch:   18
03/05/2021 13:15:35 - INFO - __main__ -   	EPOCH:  33	MiniBatch:   19
03/05/2021 13:15:36 - INFO - __main__ -   	EPOCH:  33	MiniBatch:   20
03/05/2021 13:15:37 - INFO - __main__ -   	Testing dev Minibatch:    0
03/05/2021 13:15:37 - INFO - __main__ -   	Testing dev Minibatch:    1
03/05/2021 13:15:38 - INFO - __main__ -   	Testing dev Minibatch:    2
03/05/2021 13:15:38 - INFO - __main__ -   
============ Predict Tweet Stance ============
Labels 	Prec. 	Recall	F1    	Supp  
Denial 	0.6726	0.6923	0.6823	273
Support	0.5315	0.5784	0.5540	204
Comment	0.5123	0.4323	0.4689	192
Queries	0.4615	0.5455	0.5000	22
MacroF1	0.5513
F1w_avg	0.5793
Acc    	58.2

============ Predict Viral Tweets ============
Labels 	Prec. 	Recall	F1    	Supp  
N_viral	0.9168	0.9566	0.9363	622
Viral  	0.3571	0.2174	0.2703	69
MacroF1	0.6033
F1w_avg	0.8698
Acc    	88.3

03/05/2021 13:15:39 - INFO - __main__ -   	EPOCH:  34	MiniBatch:    0
03/05/2021 13:15:39 - INFO - __main__ -   	EPOCH:  34	MiniBatch:    1
03/05/2021 13:15:40 - INFO - __main__ -   	EPOCH:  34	MiniBatch:    2
03/05/2021 13:15:41 - INFO - __main__ -   	EPOCH:  34	MiniBatch:    3
03/05/2021 13:15:41 - INFO - __main__ -   	EPOCH:  34	MiniBatch:    4
03/05/2021 13:15:42 - INFO - __main__ -   	EPOCH:  34	MiniBatch:    5
03/05/2021 13:15:43 - INFO - __main__ -   	EPOCH:  34	MiniBatch:    6
03/05/2021 13:15:44 - INFO - __main__ -   	EPOCH:  34	MiniBatch:    7
03/05/2021 13:15:44 - INFO - __main__ -   	EPOCH:  34	MiniBatch:    8
03/05/2021 13:15:45 - INFO - __main__ -   	EPOCH:  34	MiniBatch:    9
03/05/2021 13:15:46 - INFO - __main__ -   	EPOCH:  34	MiniBatch:   10
03/05/2021 13:15:46 - INFO - __main__ -   	EPOCH:  34	MiniBatch:   11
03/05/2021 13:15:47 - INFO - __main__ -   	EPOCH:  34	MiniBatch:   12
03/05/2021 13:15:48 - INFO - __main__ -   	EPOCH:  34	MiniBatch:   13
03/05/2021 13:15:49 - INFO - __main__ -   	EPOCH:  34	MiniBatch:   14
03/05/2021 13:15:49 - INFO - __main__ -   	EPOCH:  34	MiniBatch:   15
03/05/2021 13:15:50 - INFO - __main__ -   	EPOCH:  34	MiniBatch:   16
03/05/2021 13:15:51 - INFO - __main__ -   	EPOCH:  34	MiniBatch:   17
03/05/2021 13:15:51 - INFO - __main__ -   	EPOCH:  34	MiniBatch:   18
03/05/2021 13:15:52 - INFO - __main__ -   	EPOCH:  34	MiniBatch:   19
03/05/2021 13:15:53 - INFO - __main__ -   	EPOCH:  34	MiniBatch:   20
03/05/2021 13:15:54 - INFO - __main__ -   	Testing dev Minibatch:    0
03/05/2021 13:15:54 - INFO - __main__ -   	Testing dev Minibatch:    1
03/05/2021 13:15:55 - INFO - __main__ -   	Testing dev Minibatch:    2
03/05/2021 13:15:55 - INFO - __main__ -   
============ Predict Tweet Stance ============
Labels 	Prec. 	Recall	F1    	Supp  
Denial 	0.5584	0.8059	0.6597	273
Support	0.5179	0.5686	0.5421	204
Comment	0.7500	0.2500	0.3750	192
Queries	0.5556	0.2273	0.3226	22
MacroF1	0.4748
F1w_avg	0.5351
Acc    	56.3

============ Predict Viral Tweets ============
Labels 	Prec. 	Recall	F1    	Supp  
N_viral	0.9271	0.9196	0.9233	622
Viral  	0.3243	0.3478	0.3357	69
MacroF1	0.6295
F1w_avg	0.8646
Acc    	86.3

03/05/2021 13:15:55 - INFO - __main__ -   	EPOCH:  35	MiniBatch:    0
03/05/2021 13:15:56 - INFO - __main__ -   	EPOCH:  35	MiniBatch:    1
03/05/2021 13:15:57 - INFO - __main__ -   	EPOCH:  35	MiniBatch:    2
03/05/2021 13:15:58 - INFO - __main__ -   	EPOCH:  35	MiniBatch:    3
03/05/2021 13:15:58 - INFO - __main__ -   	EPOCH:  35	MiniBatch:    4
03/05/2021 13:15:59 - INFO - __main__ -   	EPOCH:  35	MiniBatch:    5
03/05/2021 13:16:00 - INFO - __main__ -   	EPOCH:  35	MiniBatch:    6
03/05/2021 13:16:00 - INFO - __main__ -   	EPOCH:  35	MiniBatch:    7
03/05/2021 13:16:01 - INFO - __main__ -   	EPOCH:  35	MiniBatch:    8
03/05/2021 13:16:02 - INFO - __main__ -   	EPOCH:  35	MiniBatch:    9
03/05/2021 13:16:02 - INFO - __main__ -   	EPOCH:  35	MiniBatch:   10
03/05/2021 13:16:03 - INFO - __main__ -   	EPOCH:  35	MiniBatch:   11
03/05/2021 13:16:04 - INFO - __main__ -   	EPOCH:  35	MiniBatch:   12
03/05/2021 13:16:05 - INFO - __main__ -   	EPOCH:  35	MiniBatch:   13
03/05/2021 13:16:05 - INFO - __main__ -   	EPOCH:  35	MiniBatch:   14
03/05/2021 13:16:06 - INFO - __main__ -   	EPOCH:  35	MiniBatch:   15
03/05/2021 13:16:07 - INFO - __main__ -   	EPOCH:  35	MiniBatch:   16
03/05/2021 13:16:07 - INFO - __main__ -   	EPOCH:  35	MiniBatch:   17
03/05/2021 13:16:08 - INFO - __main__ -   	EPOCH:  35	MiniBatch:   18
03/05/2021 13:16:09 - INFO - __main__ -   	EPOCH:  35	MiniBatch:   19
03/05/2021 13:16:10 - INFO - __main__ -   	EPOCH:  35	MiniBatch:   20
03/05/2021 13:16:10 - INFO - __main__ -   	Testing dev Minibatch:    0
03/05/2021 13:16:11 - INFO - __main__ -   	Testing dev Minibatch:    1
03/05/2021 13:16:12 - INFO - __main__ -   	Testing dev Minibatch:    2
03/05/2021 13:16:12 - INFO - __main__ -   
============ Predict Tweet Stance ============
Labels 	Prec. 	Recall	F1    	Supp  
Denial 	0.6304	0.6996	0.6632	273
Support	0.5490	0.4118	0.4706	204
Comment	0.4630	0.5208	0.4902	192
Queries	0.5263	0.4545	0.4878	22
MacroF1	0.5279
F1w_avg	0.5527
Acc    	55.7

============ Predict Viral Tweets ============
Labels 	Prec. 	Recall	F1    	Supp  
N_viral	0.9272	0.9212	0.9242	622
Viral  	0.3288	0.3478	0.3380	69
MacroF1	0.6311
F1w_avg	0.8657
Acc    	86.4

03/05/2021 13:16:12 - INFO - __main__ -   	EPOCH:  36	MiniBatch:    0
03/05/2021 13:16:13 - INFO - __main__ -   	EPOCH:  36	MiniBatch:    1
03/05/2021 13:16:14 - INFO - __main__ -   	EPOCH:  36	MiniBatch:    2
03/05/2021 13:16:14 - INFO - __main__ -   	EPOCH:  36	MiniBatch:    3
03/05/2021 13:16:15 - INFO - __main__ -   	EPOCH:  36	MiniBatch:    4
03/05/2021 13:16:16 - INFO - __main__ -   	EPOCH:  36	MiniBatch:    5
03/05/2021 13:16:16 - INFO - __main__ -   	EPOCH:  36	MiniBatch:    6
03/05/2021 13:16:17 - INFO - __main__ -   	EPOCH:  36	MiniBatch:    7
03/05/2021 13:16:18 - INFO - __main__ -   	EPOCH:  36	MiniBatch:    8
03/05/2021 13:16:19 - INFO - __main__ -   	EPOCH:  36	MiniBatch:    9
03/05/2021 13:16:19 - INFO - __main__ -   	EPOCH:  36	MiniBatch:   10
03/05/2021 13:16:20 - INFO - __main__ -   	EPOCH:  36	MiniBatch:   11
03/05/2021 13:16:21 - INFO - __main__ -   	EPOCH:  36	MiniBatch:   12
03/05/2021 13:16:21 - INFO - __main__ -   	EPOCH:  36	MiniBatch:   13
03/05/2021 13:16:22 - INFO - __main__ -   	EPOCH:  36	MiniBatch:   14
03/05/2021 13:16:23 - INFO - __main__ -   	EPOCH:  36	MiniBatch:   15
03/05/2021 13:16:23 - INFO - __main__ -   	EPOCH:  36	MiniBatch:   16
03/05/2021 13:16:24 - INFO - __main__ -   	EPOCH:  36	MiniBatch:   17
03/05/2021 13:16:25 - INFO - __main__ -   	EPOCH:  36	MiniBatch:   18
03/05/2021 13:16:26 - INFO - __main__ -   	EPOCH:  36	MiniBatch:   19
03/05/2021 13:16:26 - INFO - __main__ -   	EPOCH:  36	MiniBatch:   20
03/05/2021 13:16:27 - INFO - __main__ -   	Testing dev Minibatch:    0
03/05/2021 13:16:28 - INFO - __main__ -   	Testing dev Minibatch:    1
03/05/2021 13:16:28 - INFO - __main__ -   	Testing dev Minibatch:    2
03/05/2021 13:16:29 - INFO - __main__ -   
============ Predict Tweet Stance ============
Labels 	Prec. 	Recall	F1    	Supp  
Denial 	0.6680	0.6337	0.6504	273
Support	0.5140	0.4510	0.4804	204
Comment	0.4372	0.5260	0.4775	192
Queries	0.5000	0.5000	0.5000	22
MacroF1	0.5271
F1w_avg	0.5474
Acc    	54.6

============ Predict Viral Tweets ============
Labels 	Prec. 	Recall	F1    	Supp  
N_viral	0.9114	0.9759	0.9425	622
Viral  	0.4000	0.1449	0.2128	69
MacroF1	0.5777
F1w_avg	0.8697
Acc    	89.3

03/05/2021 13:16:29 - INFO - __main__ -   	EPOCH:  37	MiniBatch:    0
03/05/2021 13:16:30 - INFO - __main__ -   	EPOCH:  37	MiniBatch:    1
03/05/2021 13:16:30 - INFO - __main__ -   	EPOCH:  37	MiniBatch:    2
03/05/2021 13:16:31 - INFO - __main__ -   	EPOCH:  37	MiniBatch:    3
03/05/2021 13:16:32 - INFO - __main__ -   	EPOCH:  37	MiniBatch:    4
03/05/2021 13:16:32 - INFO - __main__ -   	EPOCH:  37	MiniBatch:    5
03/05/2021 13:16:33 - INFO - __main__ -   	EPOCH:  37	MiniBatch:    6
03/05/2021 13:16:34 - INFO - __main__ -   	EPOCH:  37	MiniBatch:    7
03/05/2021 13:16:34 - INFO - __main__ -   	EPOCH:  37	MiniBatch:    8
03/05/2021 13:16:35 - INFO - __main__ -   	EPOCH:  37	MiniBatch:    9
03/05/2021 13:16:36 - INFO - __main__ -   	EPOCH:  37	MiniBatch:   10
03/05/2021 13:16:37 - INFO - __main__ -   	EPOCH:  37	MiniBatch:   11
03/05/2021 13:16:37 - INFO - __main__ -   	EPOCH:  37	MiniBatch:   12
03/05/2021 13:16:38 - INFO - __main__ -   	EPOCH:  37	MiniBatch:   13
03/05/2021 13:16:39 - INFO - __main__ -   	EPOCH:  37	MiniBatch:   14
03/05/2021 13:16:39 - INFO - __main__ -   	EPOCH:  37	MiniBatch:   15
03/05/2021 13:16:40 - INFO - __main__ -   	EPOCH:  37	MiniBatch:   16
03/05/2021 13:16:41 - INFO - __main__ -   	EPOCH:  37	MiniBatch:   17
03/05/2021 13:16:42 - INFO - __main__ -   	EPOCH:  37	MiniBatch:   18
03/05/2021 13:16:42 - INFO - __main__ -   	EPOCH:  37	MiniBatch:   19
03/05/2021 13:16:43 - INFO - __main__ -   	EPOCH:  37	MiniBatch:   20
03/05/2021 13:16:44 - INFO - __main__ -   	Testing dev Minibatch:    0
03/05/2021 13:16:44 - INFO - __main__ -   	Testing dev Minibatch:    1
03/05/2021 13:16:45 - INFO - __main__ -   	Testing dev Minibatch:    2
03/05/2021 13:16:45 - INFO - __main__ -   
============ Predict Tweet Stance ============
Labels 	Prec. 	Recall	F1    	Supp  
Denial 	0.6305	0.6813	0.6549	273
Support	0.5509	0.4510	0.4960	204
Comment	0.4928	0.5365	0.5137	192
Queries	0.5500	0.5000	0.5238	22
MacroF1	0.5471
F1w_avg	0.5646
Acc    	56.7

============ Predict Viral Tweets ============
Labels 	Prec. 	Recall	F1    	Supp  
N_viral	0.9236	0.9325	0.9280	622
Viral  	0.3333	0.3043	0.3182	69
MacroF1	0.6231
F1w_avg	0.8671
Acc    	87.0

03/05/2021 13:16:45 - INFO - __main__ -   No improvements in F1 for 20 epochs
03/05/2021 13:16:47 - INFO - __main__ -   	Testing test Minibatch:    0
03/05/2021 13:16:48 - INFO - __main__ -   	Testing test Minibatch:    1
03/05/2021 13:16:49 - INFO - __main__ -   	Testing test Minibatch:    2
03/05/2021 13:16:49 - INFO - __main__ -   
============ Predict Tweet Stance ============
Labels 	Prec. 	Recall	F1    	Supp  
Denial 	0.6263	0.7016	0.6618	258
Support	0.5924	0.4152	0.4882	224
Comment	0.4455	0.5241	0.4816	187
Queries	0.3846	0.4348	0.4082	23
MacroF1	0.5099
F1w_avg	0.5485
Acc    	55.2

============ Predict Viral Tweets ============
Labels 	Prec. 	Recall	F1    	Supp  
N_viral	0.9281	0.9132	0.9206	622
Viral  	0.3250	0.3714	0.3467	70
MacroF1	0.6336
F1w_avg	0.8625
Acc    	85.8

03/05/2021 13:16:49 - INFO - __main__ -   Time taken: 0h 11m  0s
