03/05/2021 09:19:06 - INFO - __main__ -   ----------------- Hyperparameters ------------------
03/05/2021 09:19:06 - INFO - __main__ -   ======== mtt_Bertweet =========
03/05/2021 09:19:06 - INFO - __main__ -   ===== Hyperparameters ======
03/05/2021 09:19:06 - INFO - __main__ -   ('batch_train', 100)
03/05/2021 09:19:06 - INFO - __main__ -   ('batch_test', 300)
03/05/2021 09:19:06 - INFO - __main__ -   ('epochs', 200)
03/05/2021 09:19:06 - INFO - __main__ -   ('learning_rate', 4e-05)
03/05/2021 09:19:06 - INFO - __main__ -   ('optimizer', 'adam')
03/05/2021 09:19:06 - INFO - __main__ -   ('do_train', True)
03/05/2021 09:19:06 - INFO - __main__ -   ('do_test', True)
03/05/2021 09:19:06 - INFO - __main__ -   ('model_name', 'mtt_Bertweet')
03/05/2021 09:19:06 - INFO - __main__ -   ('exp_name', 'exp3')
03/05/2021 09:19:06 - INFO - __main__ -   ('train_data', './data/train_set_128_w_length_bertweet.bin')
03/05/2021 09:19:06 - INFO - __main__ -   ('test_data', './data/test_set_128_w_length_bertweet.bin')
03/05/2021 09:19:06 - INFO - __main__ -   ('k_folds', 4)
03/05/2021 09:19:06 - INFO - __main__ -   ('folds2run', 1)
03/05/2021 09:19:06 - INFO - __main__ -   ('debug', False)
03/05/2021 09:19:06 - INFO - __main__ -   ('log_interval', 1)
03/05/2021 09:19:06 - INFO - __main__ -   ('loss_fn', 'ce_loss')
03/05/2021 09:19:06 - INFO - __main__ -   ('w_sample', True)
03/05/2021 09:19:06 - INFO - __main__ -   ('pretrain_model', '')
03/05/2021 09:19:06 - INFO - __main__ -   ('epochs2giveup', 20)
03/05/2021 09:19:06 - INFO - __main__ -   ('dropout', 0.1)
03/05/2021 09:19:06 - INFO - __main__ -   ('viral_attr', 'likes')
03/05/2021 09:19:06 - INFO - __main__ -   ('viral_threshold', 80.0)
03/05/2021 09:19:06 - INFO - __main__ -   ('weight_attr', 'stance')
03/05/2021 09:19:06 - INFO - __main__ -   ('task', 'viral')
03/05/2021 09:19:06 - INFO - __main__ -   ('mtt_weight', 1.0)
03/05/2021 09:19:06 - INFO - __main__ -   ------------------ Getting model -------------------
03/05/2021 09:19:12 - INFO - __main__ -   --------------- Getting dataframes -----------------
03/05/2021 09:19:12 - INFO - __main__ -   ------- Setting loss function and optimizer --------
03/05/2021 09:19:12 - INFO - __main__ -   ------------ Converting to dataloaders -------------
03/05/2021 09:19:12 - INFO - __main__ -   class:    0 	count:  752
03/05/2021 09:19:12 - INFO - __main__ -   class:    1 	count:  616
03/05/2021 09:19:12 - INFO - __main__ -   class:    2 	count:  631
03/05/2021 09:19:12 - INFO - __main__ -   class:    3 	count:   76
03/05/2021 09:19:12 - INFO - __main__ -   ---------------- Starting training -----------------
03/05/2021 09:19:12 - INFO - __main__ -   	EPOCH:   0	MiniBatch:    0
03/05/2021 09:19:13 - INFO - __main__ -   	EPOCH:   0	MiniBatch:    1
03/05/2021 09:19:14 - INFO - __main__ -   	EPOCH:   0	MiniBatch:    2
03/05/2021 09:19:14 - INFO - __main__ -   	EPOCH:   0	MiniBatch:    3
03/05/2021 09:19:15 - INFO - __main__ -   	EPOCH:   0	MiniBatch:    4
03/05/2021 09:19:16 - INFO - __main__ -   	EPOCH:   0	MiniBatch:    5
03/05/2021 09:19:16 - INFO - __main__ -   	EPOCH:   0	MiniBatch:    6
03/05/2021 09:19:17 - INFO - __main__ -   	EPOCH:   0	MiniBatch:    7
03/05/2021 09:19:18 - INFO - __main__ -   	EPOCH:   0	MiniBatch:    8
03/05/2021 09:19:18 - INFO - __main__ -   	EPOCH:   0	MiniBatch:    9
03/05/2021 09:19:19 - INFO - __main__ -   	EPOCH:   0	MiniBatch:   10
03/05/2021 09:19:20 - INFO - __main__ -   	EPOCH:   0	MiniBatch:   11
03/05/2021 09:19:20 - INFO - __main__ -   	EPOCH:   0	MiniBatch:   12
03/05/2021 09:19:21 - INFO - __main__ -   	EPOCH:   0	MiniBatch:   13
03/05/2021 09:19:22 - INFO - __main__ -   	EPOCH:   0	MiniBatch:   14
03/05/2021 09:19:23 - INFO - __main__ -   	EPOCH:   0	MiniBatch:   15
03/05/2021 09:19:23 - INFO - __main__ -   	EPOCH:   0	MiniBatch:   16
03/05/2021 09:19:24 - INFO - __main__ -   	EPOCH:   0	MiniBatch:   17
03/05/2021 09:19:25 - INFO - __main__ -   	EPOCH:   0	MiniBatch:   18
03/05/2021 09:19:25 - INFO - __main__ -   	EPOCH:   0	MiniBatch:   19
03/05/2021 09:19:26 - INFO - __main__ -   	EPOCH:   0	MiniBatch:   20
03/05/2021 09:19:27 - INFO - __main__ -   	Testing dev Minibatch:    0
03/05/2021 09:19:27 - INFO - __main__ -   	Testing dev Minibatch:    1
03/05/2021 09:19:28 - INFO - __main__ -   	Testing dev Minibatch:    2
03/05/2021 09:19:28 - INFO - __main__ -   
============ Predict Tweet Stance ============
Labels 	Prec. 	Recall	F1    	Supp  
Denial 	0.3957	1.0000	0.5670	273
Support	0.0000	0.0000	0.0000	204
Comment	0.0000	0.0000	0.0000	192
Queries	0.0000	0.0000	0.0000	22
MacroF1	0.1417
F1w_avg	0.2240
Acc    	39.5

============ Predict Viral Tweets ============
Labels 	Prec. 	Recall	F1    	Supp  
N_viral	0.8003	1.0000	0.8891	553
Viral  	0.0000	0.0000	0.0000	138
MacroF1	0.4445
F1w_avg	0.7115
Acc    	80.0

03/05/2021 09:19:28 - INFO - __main__ -   Best results so far. Saving model...
03/05/2021 09:19:30 - INFO - __main__ -   	EPOCH:   1	MiniBatch:    0
03/05/2021 09:19:31 - INFO - __main__ -   	EPOCH:   1	MiniBatch:    1
03/05/2021 09:19:31 - INFO - __main__ -   	EPOCH:   1	MiniBatch:    2
03/05/2021 09:19:32 - INFO - __main__ -   	EPOCH:   1	MiniBatch:    3
03/05/2021 09:19:33 - INFO - __main__ -   	EPOCH:   1	MiniBatch:    4
03/05/2021 09:19:34 - INFO - __main__ -   	EPOCH:   1	MiniBatch:    5
03/05/2021 09:19:34 - INFO - __main__ -   	EPOCH:   1	MiniBatch:    6
03/05/2021 09:19:35 - INFO - __main__ -   	EPOCH:   1	MiniBatch:    7
03/05/2021 09:19:36 - INFO - __main__ -   	EPOCH:   1	MiniBatch:    8
03/05/2021 09:19:36 - INFO - __main__ -   	EPOCH:   1	MiniBatch:    9
03/05/2021 09:19:37 - INFO - __main__ -   	EPOCH:   1	MiniBatch:   10
03/05/2021 09:19:38 - INFO - __main__ -   	EPOCH:   1	MiniBatch:   11
03/05/2021 09:19:38 - INFO - __main__ -   	EPOCH:   1	MiniBatch:   12
03/05/2021 09:19:39 - INFO - __main__ -   	EPOCH:   1	MiniBatch:   13
03/05/2021 09:19:40 - INFO - __main__ -   	EPOCH:   1	MiniBatch:   14
03/05/2021 09:19:40 - INFO - __main__ -   	EPOCH:   1	MiniBatch:   15
03/05/2021 09:19:41 - INFO - __main__ -   	EPOCH:   1	MiniBatch:   16
03/05/2021 09:19:42 - INFO - __main__ -   	EPOCH:   1	MiniBatch:   17
03/05/2021 09:19:42 - INFO - __main__ -   	EPOCH:   1	MiniBatch:   18
03/05/2021 09:19:43 - INFO - __main__ -   	EPOCH:   1	MiniBatch:   19
03/05/2021 09:19:44 - INFO - __main__ -   	EPOCH:   1	MiniBatch:   20
03/05/2021 09:19:45 - INFO - __main__ -   	Testing dev Minibatch:    0
03/05/2021 09:19:45 - INFO - __main__ -   	Testing dev Minibatch:    1
03/05/2021 09:19:46 - INFO - __main__ -   	Testing dev Minibatch:    2
03/05/2021 09:19:46 - INFO - __main__ -   
============ Predict Tweet Stance ============
Labels 	Prec. 	Recall	F1    	Supp  
Denial 	0.3761	0.6117	0.4658	273
Support	0.0000	0.0000	0.0000	204
Comment	0.1737	0.2135	0.1916	192
Queries	0.0000	0.0000	0.0000	22
MacroF1	0.1644
F1w_avg	0.2373
Acc    	30.1

============ Predict Viral Tweets ============
Labels 	Prec. 	Recall	F1    	Supp  
N_viral	0.8353	0.9168	0.8741	553
Viral  	0.4524	0.2754	0.3423	138
MacroF1	0.6082
F1w_avg	0.7679
Acc    	78.9

03/05/2021 09:19:46 - INFO - __main__ -   Best results so far. Saving model...
03/05/2021 09:19:48 - INFO - __main__ -   	EPOCH:   2	MiniBatch:    0
03/05/2021 09:19:49 - INFO - __main__ -   	EPOCH:   2	MiniBatch:    1
03/05/2021 09:19:49 - INFO - __main__ -   	EPOCH:   2	MiniBatch:    2
03/05/2021 09:19:50 - INFO - __main__ -   	EPOCH:   2	MiniBatch:    3
03/05/2021 09:19:51 - INFO - __main__ -   	EPOCH:   2	MiniBatch:    4
03/05/2021 09:19:51 - INFO - __main__ -   	EPOCH:   2	MiniBatch:    5
03/05/2021 09:19:52 - INFO - __main__ -   	EPOCH:   2	MiniBatch:    6
03/05/2021 09:19:53 - INFO - __main__ -   	EPOCH:   2	MiniBatch:    7
03/05/2021 09:19:54 - INFO - __main__ -   	EPOCH:   2	MiniBatch:    8
03/05/2021 09:19:54 - INFO - __main__ -   	EPOCH:   2	MiniBatch:    9
03/05/2021 09:19:55 - INFO - __main__ -   	EPOCH:   2	MiniBatch:   10
03/05/2021 09:19:56 - INFO - __main__ -   	EPOCH:   2	MiniBatch:   11
03/05/2021 09:19:56 - INFO - __main__ -   	EPOCH:   2	MiniBatch:   12
03/05/2021 09:19:57 - INFO - __main__ -   	EPOCH:   2	MiniBatch:   13
03/05/2021 09:19:58 - INFO - __main__ -   	EPOCH:   2	MiniBatch:   14
03/05/2021 09:19:58 - INFO - __main__ -   	EPOCH:   2	MiniBatch:   15
03/05/2021 09:19:59 - INFO - __main__ -   	EPOCH:   2	MiniBatch:   16
03/05/2021 09:20:00 - INFO - __main__ -   	EPOCH:   2	MiniBatch:   17
03/05/2021 09:20:00 - INFO - __main__ -   	EPOCH:   2	MiniBatch:   18
03/05/2021 09:20:01 - INFO - __main__ -   	EPOCH:   2	MiniBatch:   19
03/05/2021 09:20:02 - INFO - __main__ -   	EPOCH:   2	MiniBatch:   20
03/05/2021 09:20:02 - INFO - __main__ -   	Testing dev Minibatch:    0
03/05/2021 09:20:03 - INFO - __main__ -   	Testing dev Minibatch:    1
03/05/2021 09:20:04 - INFO - __main__ -   	Testing dev Minibatch:    2
03/05/2021 09:20:04 - INFO - __main__ -   
============ Predict Tweet Stance ============
Labels 	Prec. 	Recall	F1    	Supp  
Denial 	0.3988	0.7436	0.5192	273
Support	0.4000	0.0098	0.0191	204
Comment	0.2273	0.0521	0.0847	192
Queries	0.0301	0.1818	0.0516	22
MacroF1	0.1687
F1w_avg	0.2360
Acc    	31.7

============ Predict Viral Tweets ============
Labels 	Prec. 	Recall	F1    	Supp  
N_viral	0.8556	0.8788	0.8671	553
Viral  	0.4553	0.4058	0.4291	138
MacroF1	0.6481
F1w_avg	0.7796
Acc    	78.4

03/05/2021 09:20:04 - INFO - __main__ -   Best results so far. Saving model...
03/05/2021 09:20:06 - INFO - __main__ -   	EPOCH:   3	MiniBatch:    0
03/05/2021 09:20:07 - INFO - __main__ -   	EPOCH:   3	MiniBatch:    1
03/05/2021 09:20:07 - INFO - __main__ -   	EPOCH:   3	MiniBatch:    2
03/05/2021 09:20:08 - INFO - __main__ -   	EPOCH:   3	MiniBatch:    3
03/05/2021 09:20:09 - INFO - __main__ -   	EPOCH:   3	MiniBatch:    4
03/05/2021 09:20:09 - INFO - __main__ -   	EPOCH:   3	MiniBatch:    5
03/05/2021 09:20:10 - INFO - __main__ -   	EPOCH:   3	MiniBatch:    6
03/05/2021 09:20:11 - INFO - __main__ -   	EPOCH:   3	MiniBatch:    7
03/05/2021 09:20:11 - INFO - __main__ -   	EPOCH:   3	MiniBatch:    8
03/05/2021 09:20:12 - INFO - __main__ -   	EPOCH:   3	MiniBatch:    9
03/05/2021 09:20:13 - INFO - __main__ -   	EPOCH:   3	MiniBatch:   10
03/05/2021 09:20:13 - INFO - __main__ -   	EPOCH:   3	MiniBatch:   11
03/05/2021 09:20:14 - INFO - __main__ -   	EPOCH:   3	MiniBatch:   12
03/05/2021 09:20:15 - INFO - __main__ -   	EPOCH:   3	MiniBatch:   13
03/05/2021 09:20:16 - INFO - __main__ -   	EPOCH:   3	MiniBatch:   14
03/05/2021 09:20:16 - INFO - __main__ -   	EPOCH:   3	MiniBatch:   15
03/05/2021 09:20:17 - INFO - __main__ -   	EPOCH:   3	MiniBatch:   16
03/05/2021 09:20:18 - INFO - __main__ -   	EPOCH:   3	MiniBatch:   17
03/05/2021 09:20:18 - INFO - __main__ -   	EPOCH:   3	MiniBatch:   18
03/05/2021 09:20:19 - INFO - __main__ -   	EPOCH:   3	MiniBatch:   19
03/05/2021 09:20:20 - INFO - __main__ -   	EPOCH:   3	MiniBatch:   20
03/05/2021 09:20:20 - INFO - __main__ -   	Testing dev Minibatch:    0
03/05/2021 09:20:21 - INFO - __main__ -   	Testing dev Minibatch:    1
03/05/2021 09:20:22 - INFO - __main__ -   	Testing dev Minibatch:    2
03/05/2021 09:20:22 - INFO - __main__ -   
============ Predict Tweet Stance ============
Labels 	Prec. 	Recall	F1    	Supp  
Denial 	0.4064	0.4212	0.4137	273
Support	0.2656	0.1667	0.2048	204
Comment	0.3542	0.1771	0.2361	192
Queries	0.0380	0.3182	0.0680	22
MacroF1	0.2306
F1w_avg	0.2917
Acc    	27.5

============ Predict Viral Tweets ============
Labels 	Prec. 	Recall	F1    	Supp  
N_viral	0.8830	0.8192	0.8499	553
Viral  	0.4382	0.5652	0.4937	138
MacroF1	0.6718
F1w_avg	0.7788
Acc    	76.8

03/05/2021 09:20:22 - INFO - __main__ -   Best results so far. Saving model...
03/05/2021 09:20:24 - INFO - __main__ -   	EPOCH:   4	MiniBatch:    0
03/05/2021 09:20:24 - INFO - __main__ -   	EPOCH:   4	MiniBatch:    1
03/05/2021 09:20:25 - INFO - __main__ -   	EPOCH:   4	MiniBatch:    2
03/05/2021 09:20:26 - INFO - __main__ -   	EPOCH:   4	MiniBatch:    3
03/05/2021 09:20:27 - INFO - __main__ -   	EPOCH:   4	MiniBatch:    4
03/05/2021 09:20:27 - INFO - __main__ -   	EPOCH:   4	MiniBatch:    5
03/05/2021 09:20:28 - INFO - __main__ -   	EPOCH:   4	MiniBatch:    6
03/05/2021 09:20:29 - INFO - __main__ -   	EPOCH:   4	MiniBatch:    7
03/05/2021 09:20:29 - INFO - __main__ -   	EPOCH:   4	MiniBatch:    8
03/05/2021 09:20:30 - INFO - __main__ -   	EPOCH:   4	MiniBatch:    9
03/05/2021 09:20:31 - INFO - __main__ -   	EPOCH:   4	MiniBatch:   10
03/05/2021 09:20:31 - INFO - __main__ -   	EPOCH:   4	MiniBatch:   11
03/05/2021 09:20:32 - INFO - __main__ -   	EPOCH:   4	MiniBatch:   12
03/05/2021 09:20:33 - INFO - __main__ -   	EPOCH:   4	MiniBatch:   13
03/05/2021 09:20:33 - INFO - __main__ -   	EPOCH:   4	MiniBatch:   14
03/05/2021 09:20:34 - INFO - __main__ -   	EPOCH:   4	MiniBatch:   15
03/05/2021 09:20:35 - INFO - __main__ -   	EPOCH:   4	MiniBatch:   16
03/05/2021 09:20:35 - INFO - __main__ -   	EPOCH:   4	MiniBatch:   17
03/05/2021 09:20:36 - INFO - __main__ -   	EPOCH:   4	MiniBatch:   18
03/05/2021 09:20:37 - INFO - __main__ -   	EPOCH:   4	MiniBatch:   19
03/05/2021 09:20:38 - INFO - __main__ -   	EPOCH:   4	MiniBatch:   20
03/05/2021 09:20:38 - INFO - __main__ -   	Testing dev Minibatch:    0
03/05/2021 09:20:39 - INFO - __main__ -   	Testing dev Minibatch:    1
03/05/2021 09:20:40 - INFO - __main__ -   	Testing dev Minibatch:    2
03/05/2021 09:20:40 - INFO - __main__ -   
============ Predict Tweet Stance ============
Labels 	Prec. 	Recall	F1    	Supp  
Denial 	0.3975	0.7033	0.5079	273
Support	0.0000	0.0000	0.0000	204
Comment	0.2429	0.2240	0.2331	192
Queries	0.0323	0.0455	0.0377	22
MacroF1	0.1947
F1w_avg	0.2666
Acc    	34.2

============ Predict Viral Tweets ============
Labels 	Prec. 	Recall	F1    	Supp  
N_viral	0.8913	0.8156	0.8517	553
Viral  	0.4486	0.6014	0.5139	138
MacroF1	0.6828
F1w_avg	0.7843
Acc    	77.3

03/05/2021 09:20:40 - INFO - __main__ -   Best results so far. Saving model...
03/05/2021 09:20:42 - INFO - __main__ -   	EPOCH:   5	MiniBatch:    0
03/05/2021 09:20:42 - INFO - __main__ -   	EPOCH:   5	MiniBatch:    1
03/05/2021 09:20:43 - INFO - __main__ -   	EPOCH:   5	MiniBatch:    2
03/05/2021 09:20:44 - INFO - __main__ -   	EPOCH:   5	MiniBatch:    3
03/05/2021 09:20:44 - INFO - __main__ -   	EPOCH:   5	MiniBatch:    4
03/05/2021 09:20:45 - INFO - __main__ -   	EPOCH:   5	MiniBatch:    5
03/05/2021 09:20:46 - INFO - __main__ -   	EPOCH:   5	MiniBatch:    6
03/05/2021 09:20:47 - INFO - __main__ -   	EPOCH:   5	MiniBatch:    7
03/05/2021 09:20:47 - INFO - __main__ -   	EPOCH:   5	MiniBatch:    8
03/05/2021 09:20:48 - INFO - __main__ -   	EPOCH:   5	MiniBatch:    9
03/05/2021 09:20:49 - INFO - __main__ -   	EPOCH:   5	MiniBatch:   10
03/05/2021 09:20:49 - INFO - __main__ -   	EPOCH:   5	MiniBatch:   11
03/05/2021 09:20:50 - INFO - __main__ -   	EPOCH:   5	MiniBatch:   12
03/05/2021 09:20:51 - INFO - __main__ -   	EPOCH:   5	MiniBatch:   13
03/05/2021 09:20:51 - INFO - __main__ -   	EPOCH:   5	MiniBatch:   14
03/05/2021 09:20:52 - INFO - __main__ -   	EPOCH:   5	MiniBatch:   15
03/05/2021 09:20:53 - INFO - __main__ -   	EPOCH:   5	MiniBatch:   16
03/05/2021 09:20:53 - INFO - __main__ -   	EPOCH:   5	MiniBatch:   17
03/05/2021 09:20:54 - INFO - __main__ -   	EPOCH:   5	MiniBatch:   18
03/05/2021 09:20:55 - INFO - __main__ -   	EPOCH:   5	MiniBatch:   19
03/05/2021 09:20:55 - INFO - __main__ -   	EPOCH:   5	MiniBatch:   20
03/05/2021 09:20:56 - INFO - __main__ -   	Testing dev Minibatch:    0
03/05/2021 09:20:57 - INFO - __main__ -   	Testing dev Minibatch:    1
03/05/2021 09:20:58 - INFO - __main__ -   	Testing dev Minibatch:    2
03/05/2021 09:20:58 - INFO - __main__ -   
============ Predict Tweet Stance ============
Labels 	Prec. 	Recall	F1    	Supp  
Denial 	0.3930	0.6996	0.5033	273
Support	0.0000	0.0000	0.0000	204
Comment	0.2626	0.1354	0.1787	192
Queries	0.0190	0.0909	0.0315	22
MacroF1	0.1784
F1w_avg	0.2495
Acc    	31.7

============ Predict Viral Tweets ============
Labels 	Prec. 	Recall	F1    	Supp  
N_viral	0.8719	0.8246	0.8476	553
Viral  	0.4226	0.5145	0.4641	138
MacroF1	0.6558
F1w_avg	0.7710
Acc    	76.3

03/05/2021 09:20:58 - INFO - __main__ -   	EPOCH:   6	MiniBatch:    0
03/05/2021 09:20:59 - INFO - __main__ -   	EPOCH:   6	MiniBatch:    1
03/05/2021 09:20:59 - INFO - __main__ -   	EPOCH:   6	MiniBatch:    2
03/05/2021 09:21:00 - INFO - __main__ -   	EPOCH:   6	MiniBatch:    3
03/05/2021 09:21:01 - INFO - __main__ -   	EPOCH:   6	MiniBatch:    4
03/05/2021 09:21:01 - INFO - __main__ -   	EPOCH:   6	MiniBatch:    5
03/05/2021 09:21:02 - INFO - __main__ -   	EPOCH:   6	MiniBatch:    6
03/05/2021 09:21:03 - INFO - __main__ -   	EPOCH:   6	MiniBatch:    7
03/05/2021 09:21:03 - INFO - __main__ -   	EPOCH:   6	MiniBatch:    8
03/05/2021 09:21:04 - INFO - __main__ -   	EPOCH:   6	MiniBatch:    9
03/05/2021 09:21:05 - INFO - __main__ -   	EPOCH:   6	MiniBatch:   10
03/05/2021 09:21:06 - INFO - __main__ -   	EPOCH:   6	MiniBatch:   11
03/05/2021 09:21:06 - INFO - __main__ -   	EPOCH:   6	MiniBatch:   12
03/05/2021 09:21:07 - INFO - __main__ -   	EPOCH:   6	MiniBatch:   13
03/05/2021 09:21:08 - INFO - __main__ -   	EPOCH:   6	MiniBatch:   14
03/05/2021 09:21:08 - INFO - __main__ -   	EPOCH:   6	MiniBatch:   15
03/05/2021 09:21:09 - INFO - __main__ -   	EPOCH:   6	MiniBatch:   16
03/05/2021 09:21:10 - INFO - __main__ -   	EPOCH:   6	MiniBatch:   17
03/05/2021 09:21:10 - INFO - __main__ -   	EPOCH:   6	MiniBatch:   18
03/05/2021 09:21:11 - INFO - __main__ -   	EPOCH:   6	MiniBatch:   19
03/05/2021 09:21:12 - INFO - __main__ -   	EPOCH:   6	MiniBatch:   20
03/05/2021 09:21:12 - INFO - __main__ -   	Testing dev Minibatch:    0
03/05/2021 09:21:13 - INFO - __main__ -   	Testing dev Minibatch:    1
03/05/2021 09:21:14 - INFO - __main__ -   	Testing dev Minibatch:    2
03/05/2021 09:21:14 - INFO - __main__ -   
============ Predict Tweet Stance ============
Labels 	Prec. 	Recall	F1    	Supp  
Denial 	0.3943	0.7582	0.5188	273
Support	0.0000	0.0000	0.0000	204
Comment	0.2794	0.0990	0.1462	192
Queries	0.0104	0.0455	0.0169	22
MacroF1	0.1705
F1w_avg	0.2461
Acc    	32.9

============ Predict Viral Tweets ============
Labels 	Prec. 	Recall	F1    	Supp  
N_viral	0.8542	0.9005	0.8768	553
Viral  	0.4907	0.3841	0.4309	138
MacroF1	0.6538
F1w_avg	0.7877
Acc    	79.7

03/05/2021 09:21:14 - INFO - __main__ -   	EPOCH:   7	MiniBatch:    0
03/05/2021 09:21:15 - INFO - __main__ -   	EPOCH:   7	MiniBatch:    1
03/05/2021 09:21:16 - INFO - __main__ -   	EPOCH:   7	MiniBatch:    2
03/05/2021 09:21:16 - INFO - __main__ -   	EPOCH:   7	MiniBatch:    3
03/05/2021 09:21:17 - INFO - __main__ -   	EPOCH:   7	MiniBatch:    4
03/05/2021 09:21:18 - INFO - __main__ -   	EPOCH:   7	MiniBatch:    5
03/05/2021 09:21:18 - INFO - __main__ -   	EPOCH:   7	MiniBatch:    6
03/05/2021 09:21:19 - INFO - __main__ -   	EPOCH:   7	MiniBatch:    7
03/05/2021 09:21:20 - INFO - __main__ -   	EPOCH:   7	MiniBatch:    8
03/05/2021 09:21:21 - INFO - __main__ -   	EPOCH:   7	MiniBatch:    9
03/05/2021 09:21:21 - INFO - __main__ -   	EPOCH:   7	MiniBatch:   10
03/05/2021 09:21:22 - INFO - __main__ -   	EPOCH:   7	MiniBatch:   11
03/05/2021 09:21:23 - INFO - __main__ -   	EPOCH:   7	MiniBatch:   12
03/05/2021 09:21:23 - INFO - __main__ -   	EPOCH:   7	MiniBatch:   13
03/05/2021 09:21:24 - INFO - __main__ -   	EPOCH:   7	MiniBatch:   14
03/05/2021 09:21:25 - INFO - __main__ -   	EPOCH:   7	MiniBatch:   15
03/05/2021 09:21:25 - INFO - __main__ -   	EPOCH:   7	MiniBatch:   16
03/05/2021 09:21:26 - INFO - __main__ -   	EPOCH:   7	MiniBatch:   17
03/05/2021 09:21:27 - INFO - __main__ -   	EPOCH:   7	MiniBatch:   18
03/05/2021 09:21:27 - INFO - __main__ -   	EPOCH:   7	MiniBatch:   19
03/05/2021 09:21:28 - INFO - __main__ -   	EPOCH:   7	MiniBatch:   20
03/05/2021 09:21:29 - INFO - __main__ -   	Testing dev Minibatch:    0
03/05/2021 09:21:30 - INFO - __main__ -   	Testing dev Minibatch:    1
03/05/2021 09:21:30 - INFO - __main__ -   	Testing dev Minibatch:    2
03/05/2021 09:21:30 - INFO - __main__ -   
============ Predict Tweet Stance ============
Labels 	Prec. 	Recall	F1    	Supp  
Denial 	0.3915	0.7802	0.5214	273
Support	0.0000	0.0000	0.0000	204
Comment	0.2308	0.0625	0.0984	192
Queries	0.0337	0.1364	0.0541	22
MacroF1	0.1685
F1w_avg	0.2351
Acc    	33.0

============ Predict Viral Tweets ============
Labels 	Prec. 	Recall	F1    	Supp  
N_viral	0.8454	0.9096	0.8763	553
Viral  	0.4792	0.3333	0.3932	138
MacroF1	0.6347
F1w_avg	0.7798
Acc    	79.5

03/05/2021 09:21:31 - INFO - __main__ -   	EPOCH:   8	MiniBatch:    0
03/05/2021 09:21:31 - INFO - __main__ -   	EPOCH:   8	MiniBatch:    1
03/05/2021 09:21:32 - INFO - __main__ -   	EPOCH:   8	MiniBatch:    2
03/05/2021 09:21:33 - INFO - __main__ -   	EPOCH:   8	MiniBatch:    3
03/05/2021 09:21:33 - INFO - __main__ -   	EPOCH:   8	MiniBatch:    4
03/05/2021 09:21:34 - INFO - __main__ -   	EPOCH:   8	MiniBatch:    5
03/05/2021 09:21:35 - INFO - __main__ -   	EPOCH:   8	MiniBatch:    6
03/05/2021 09:21:36 - INFO - __main__ -   	EPOCH:   8	MiniBatch:    7
03/05/2021 09:21:36 - INFO - __main__ -   	EPOCH:   8	MiniBatch:    8
03/05/2021 09:21:37 - INFO - __main__ -   	EPOCH:   8	MiniBatch:    9
03/05/2021 09:21:38 - INFO - __main__ -   	EPOCH:   8	MiniBatch:   10
03/05/2021 09:21:38 - INFO - __main__ -   	EPOCH:   8	MiniBatch:   11
03/05/2021 09:21:39 - INFO - __main__ -   	EPOCH:   8	MiniBatch:   12
03/05/2021 09:21:40 - INFO - __main__ -   	EPOCH:   8	MiniBatch:   13
03/05/2021 09:21:40 - INFO - __main__ -   	EPOCH:   8	MiniBatch:   14
03/05/2021 09:21:41 - INFO - __main__ -   	EPOCH:   8	MiniBatch:   15
03/05/2021 09:21:42 - INFO - __main__ -   	EPOCH:   8	MiniBatch:   16
03/05/2021 09:21:42 - INFO - __main__ -   	EPOCH:   8	MiniBatch:   17
03/05/2021 09:21:43 - INFO - __main__ -   	EPOCH:   8	MiniBatch:   18
03/05/2021 09:21:44 - INFO - __main__ -   	EPOCH:   8	MiniBatch:   19
03/05/2021 09:21:44 - INFO - __main__ -   	EPOCH:   8	MiniBatch:   20
03/05/2021 09:21:45 - INFO - __main__ -   	Testing dev Minibatch:    0
03/05/2021 09:21:46 - INFO - __main__ -   	Testing dev Minibatch:    1
03/05/2021 09:21:47 - INFO - __main__ -   	Testing dev Minibatch:    2
03/05/2021 09:21:47 - INFO - __main__ -   
============ Predict Tweet Stance ============
Labels 	Prec. 	Recall	F1    	Supp  
Denial 	0.3896	0.8205	0.5283	273
Support	0.0833	0.0049	0.0093	204
Comment	0.2558	0.0573	0.0936	192
Queries	0.0328	0.0909	0.0482	22
MacroF1	0.1698
F1w_avg	0.2390
Acc    	34.4

============ Predict Viral Tweets ============
Labels 	Prec. 	Recall	F1    	Supp  
N_viral	0.8352	0.9349	0.8823	553
Viral  	0.5000	0.2609	0.3429	138
MacroF1	0.6126
F1w_avg	0.7745
Acc    	80.0

03/05/2021 09:21:47 - INFO - __main__ -   	EPOCH:   9	MiniBatch:    0
03/05/2021 09:21:48 - INFO - __main__ -   	EPOCH:   9	MiniBatch:    1
03/05/2021 09:21:48 - INFO - __main__ -   	EPOCH:   9	MiniBatch:    2
03/05/2021 09:21:49 - INFO - __main__ -   	EPOCH:   9	MiniBatch:    3
03/05/2021 09:21:50 - INFO - __main__ -   	EPOCH:   9	MiniBatch:    4
03/05/2021 09:21:50 - INFO - __main__ -   	EPOCH:   9	MiniBatch:    5
03/05/2021 09:21:51 - INFO - __main__ -   	EPOCH:   9	MiniBatch:    6
03/05/2021 09:21:52 - INFO - __main__ -   	EPOCH:   9	MiniBatch:    7
03/05/2021 09:21:53 - INFO - __main__ -   	EPOCH:   9	MiniBatch:    8
03/05/2021 09:21:53 - INFO - __main__ -   	EPOCH:   9	MiniBatch:    9
03/05/2021 09:21:54 - INFO - __main__ -   	EPOCH:   9	MiniBatch:   10
03/05/2021 09:21:55 - INFO - __main__ -   	EPOCH:   9	MiniBatch:   11
03/05/2021 09:21:55 - INFO - __main__ -   	EPOCH:   9	MiniBatch:   12
03/05/2021 09:21:56 - INFO - __main__ -   	EPOCH:   9	MiniBatch:   13
03/05/2021 09:21:57 - INFO - __main__ -   	EPOCH:   9	MiniBatch:   14
03/05/2021 09:21:57 - INFO - __main__ -   	EPOCH:   9	MiniBatch:   15
03/05/2021 09:21:58 - INFO - __main__ -   	EPOCH:   9	MiniBatch:   16
03/05/2021 09:21:59 - INFO - __main__ -   	EPOCH:   9	MiniBatch:   17
03/05/2021 09:21:59 - INFO - __main__ -   	EPOCH:   9	MiniBatch:   18
03/05/2021 09:22:00 - INFO - __main__ -   	EPOCH:   9	MiniBatch:   19
03/05/2021 09:22:01 - INFO - __main__ -   	EPOCH:   9	MiniBatch:   20
03/05/2021 09:22:02 - INFO - __main__ -   	Testing dev Minibatch:    0
03/05/2021 09:22:02 - INFO - __main__ -   	Testing dev Minibatch:    1
03/05/2021 09:22:03 - INFO - __main__ -   	Testing dev Minibatch:    2
03/05/2021 09:22:03 - INFO - __main__ -   
============ Predict Tweet Stance ============
Labels 	Prec. 	Recall	F1    	Supp  
Denial 	0.3897	0.5824	0.4670	273
Support	0.1905	0.0196	0.0356	204
Comment	0.3438	0.0573	0.0982	192
Queries	0.0304	0.3182	0.0556	22
MacroF1	0.1641
F1w_avg	0.2240
Acc    	26.2

============ Predict Viral Tweets ============
Labels 	Prec. 	Recall	F1    	Supp  
N_viral	0.9017	0.7468	0.8170	553
Viral  	0.3991	0.6739	0.5013	138
MacroF1	0.6592
F1w_avg	0.7540
Acc    	73.2

03/05/2021 09:22:03 - INFO - __main__ -   	EPOCH:  10	MiniBatch:    0
03/05/2021 09:22:04 - INFO - __main__ -   	EPOCH:  10	MiniBatch:    1
03/05/2021 09:22:05 - INFO - __main__ -   	EPOCH:  10	MiniBatch:    2
03/05/2021 09:22:05 - INFO - __main__ -   	EPOCH:  10	MiniBatch:    3
03/05/2021 09:22:06 - INFO - __main__ -   	EPOCH:  10	MiniBatch:    4
03/05/2021 09:22:07 - INFO - __main__ -   	EPOCH:  10	MiniBatch:    5
03/05/2021 09:22:07 - INFO - __main__ -   	EPOCH:  10	MiniBatch:    6
03/05/2021 09:22:08 - INFO - __main__ -   	EPOCH:  10	MiniBatch:    7
03/05/2021 09:22:09 - INFO - __main__ -   	EPOCH:  10	MiniBatch:    8
03/05/2021 09:22:10 - INFO - __main__ -   	EPOCH:  10	MiniBatch:    9
03/05/2021 09:22:10 - INFO - __main__ -   	EPOCH:  10	MiniBatch:   10
03/05/2021 09:22:11 - INFO - __main__ -   	EPOCH:  10	MiniBatch:   11
03/05/2021 09:22:12 - INFO - __main__ -   	EPOCH:  10	MiniBatch:   12
03/05/2021 09:22:12 - INFO - __main__ -   	EPOCH:  10	MiniBatch:   13
03/05/2021 09:22:13 - INFO - __main__ -   	EPOCH:  10	MiniBatch:   14
03/05/2021 09:22:14 - INFO - __main__ -   	EPOCH:  10	MiniBatch:   15
03/05/2021 09:22:14 - INFO - __main__ -   	EPOCH:  10	MiniBatch:   16
03/05/2021 09:22:15 - INFO - __main__ -   	EPOCH:  10	MiniBatch:   17
03/05/2021 09:22:16 - INFO - __main__ -   	EPOCH:  10	MiniBatch:   18
03/05/2021 09:22:16 - INFO - __main__ -   	EPOCH:  10	MiniBatch:   19
03/05/2021 09:22:17 - INFO - __main__ -   	EPOCH:  10	MiniBatch:   20
03/05/2021 09:22:18 - INFO - __main__ -   	Testing dev Minibatch:    0
03/05/2021 09:22:19 - INFO - __main__ -   	Testing dev Minibatch:    1
03/05/2021 09:22:19 - INFO - __main__ -   	Testing dev Minibatch:    2
03/05/2021 09:22:20 - INFO - __main__ -   
============ Predict Tweet Stance ============
Labels 	Prec. 	Recall	F1    	Supp  
Denial 	0.4059	0.7033	0.5147	273
Support	0.2667	0.0196	0.0365	204
Comment	0.2500	0.0469	0.0789	192
Queries	0.0359	0.2727	0.0635	22
MacroF1	0.1734
F1w_avg	0.2381
Acc    	30.5

============ Predict Viral Tweets ============
Labels 	Prec. 	Recall	F1    	Supp  
N_viral	0.8869	0.8083	0.8458	553
Viral  	0.4332	0.5870	0.4985	138
MacroF1	0.6721
F1w_avg	0.7764
Acc    	76.4

03/05/2021 09:22:20 - INFO - __main__ -   	EPOCH:  11	MiniBatch:    0
03/05/2021 09:22:20 - INFO - __main__ -   	EPOCH:  11	MiniBatch:    1
03/05/2021 09:22:21 - INFO - __main__ -   	EPOCH:  11	MiniBatch:    2
03/05/2021 09:22:22 - INFO - __main__ -   	EPOCH:  11	MiniBatch:    3
03/05/2021 09:22:23 - INFO - __main__ -   	EPOCH:  11	MiniBatch:    4
03/05/2021 09:22:23 - INFO - __main__ -   	EPOCH:  11	MiniBatch:    5
03/05/2021 09:22:24 - INFO - __main__ -   	EPOCH:  11	MiniBatch:    6
03/05/2021 09:22:25 - INFO - __main__ -   	EPOCH:  11	MiniBatch:    7
03/05/2021 09:22:25 - INFO - __main__ -   	EPOCH:  11	MiniBatch:    8
03/05/2021 09:22:26 - INFO - __main__ -   	EPOCH:  11	MiniBatch:    9
03/05/2021 09:22:27 - INFO - __main__ -   	EPOCH:  11	MiniBatch:   10
03/05/2021 09:22:27 - INFO - __main__ -   	EPOCH:  11	MiniBatch:   11
03/05/2021 09:22:28 - INFO - __main__ -   	EPOCH:  11	MiniBatch:   12
03/05/2021 09:22:29 - INFO - __main__ -   	EPOCH:  11	MiniBatch:   13
03/05/2021 09:22:29 - INFO - __main__ -   	EPOCH:  11	MiniBatch:   14
03/05/2021 09:22:30 - INFO - __main__ -   	EPOCH:  11	MiniBatch:   15
03/05/2021 09:22:31 - INFO - __main__ -   	EPOCH:  11	MiniBatch:   16
03/05/2021 09:22:31 - INFO - __main__ -   	EPOCH:  11	MiniBatch:   17
03/05/2021 09:22:32 - INFO - __main__ -   	EPOCH:  11	MiniBatch:   18
03/05/2021 09:22:33 - INFO - __main__ -   	EPOCH:  11	MiniBatch:   19
03/05/2021 09:22:34 - INFO - __main__ -   	EPOCH:  11	MiniBatch:   20
03/05/2021 09:22:34 - INFO - __main__ -   	Testing dev Minibatch:    0
03/05/2021 09:22:35 - INFO - __main__ -   	Testing dev Minibatch:    1
03/05/2021 09:22:36 - INFO - __main__ -   	Testing dev Minibatch:    2
03/05/2021 09:22:36 - INFO - __main__ -   
============ Predict Tweet Stance ============
Labels 	Prec. 	Recall	F1    	Supp  
Denial 	0.3902	0.7033	0.5020	273
Support	0.1538	0.0098	0.0184	204
Comment	0.2195	0.0469	0.0773	192
Queries	0.0276	0.1818	0.0479	22
MacroF1	0.1614
F1w_avg	0.2267
Acc    	30.0

============ Predict Viral Tweets ============
Labels 	Prec. 	Recall	F1    	Supp  
N_viral	0.8776	0.8300	0.8532	553
Viral  	0.4405	0.5362	0.4837	138
MacroF1	0.6684
F1w_avg	0.7794
Acc    	77.1

03/05/2021 09:22:36 - INFO - __main__ -   	EPOCH:  12	MiniBatch:    0
03/05/2021 09:22:37 - INFO - __main__ -   	EPOCH:  12	MiniBatch:    1
03/05/2021 09:22:38 - INFO - __main__ -   	EPOCH:  12	MiniBatch:    2
03/05/2021 09:22:38 - INFO - __main__ -   	EPOCH:  12	MiniBatch:    3
03/05/2021 09:22:39 - INFO - __main__ -   	EPOCH:  12	MiniBatch:    4
03/05/2021 09:22:40 - INFO - __main__ -   	EPOCH:  12	MiniBatch:    5
03/05/2021 09:22:40 - INFO - __main__ -   	EPOCH:  12	MiniBatch:    6
03/05/2021 09:22:41 - INFO - __main__ -   	EPOCH:  12	MiniBatch:    7
03/05/2021 09:22:42 - INFO - __main__ -   	EPOCH:  12	MiniBatch:    8
03/05/2021 09:22:42 - INFO - __main__ -   	EPOCH:  12	MiniBatch:    9
03/05/2021 09:22:43 - INFO - __main__ -   	EPOCH:  12	MiniBatch:   10
03/05/2021 09:22:44 - INFO - __main__ -   	EPOCH:  12	MiniBatch:   11
03/05/2021 09:22:44 - INFO - __main__ -   	EPOCH:  12	MiniBatch:   12
03/05/2021 09:22:45 - INFO - __main__ -   	EPOCH:  12	MiniBatch:   13
03/05/2021 09:22:46 - INFO - __main__ -   	EPOCH:  12	MiniBatch:   14
03/05/2021 09:22:47 - INFO - __main__ -   	EPOCH:  12	MiniBatch:   15
03/05/2021 09:22:47 - INFO - __main__ -   	EPOCH:  12	MiniBatch:   16
03/05/2021 09:22:48 - INFO - __main__ -   	EPOCH:  12	MiniBatch:   17
03/05/2021 09:22:49 - INFO - __main__ -   	EPOCH:  12	MiniBatch:   18
03/05/2021 09:22:49 - INFO - __main__ -   	EPOCH:  12	MiniBatch:   19
03/05/2021 09:22:50 - INFO - __main__ -   	EPOCH:  12	MiniBatch:   20
03/05/2021 09:22:51 - INFO - __main__ -   	Testing dev Minibatch:    0
03/05/2021 09:22:51 - INFO - __main__ -   	Testing dev Minibatch:    1
03/05/2021 09:22:52 - INFO - __main__ -   	Testing dev Minibatch:    2
03/05/2021 09:22:52 - INFO - __main__ -   
============ Predict Tweet Stance ============
Labels 	Prec. 	Recall	F1    	Supp  
Denial 	0.3926	0.7766	0.5215	273
Support	0.0000	0.0000	0.0000	204
Comment	0.2667	0.0417	0.0721	192
Queries	0.0413	0.2273	0.0699	22
MacroF1	0.1659
F1w_avg	0.2283
Acc    	32.6

============ Predict Viral Tweets ============
Labels 	Prec. 	Recall	F1    	Supp  
N_viral	0.8811	0.8445	0.8624	553
Viral  	0.4658	0.5435	0.5017	138
MacroF1	0.6820
F1w_avg	0.7904
Acc    	78.4

03/05/2021 09:22:53 - INFO - __main__ -   	EPOCH:  13	MiniBatch:    0
03/05/2021 09:22:53 - INFO - __main__ -   	EPOCH:  13	MiniBatch:    1
03/05/2021 09:22:54 - INFO - __main__ -   	EPOCH:  13	MiniBatch:    2
03/05/2021 09:22:55 - INFO - __main__ -   	EPOCH:  13	MiniBatch:    3
03/05/2021 09:22:55 - INFO - __main__ -   	EPOCH:  13	MiniBatch:    4
03/05/2021 09:22:56 - INFO - __main__ -   	EPOCH:  13	MiniBatch:    5
03/05/2021 09:22:57 - INFO - __main__ -   	EPOCH:  13	MiniBatch:    6
03/05/2021 09:22:57 - INFO - __main__ -   	EPOCH:  13	MiniBatch:    7
03/05/2021 09:22:58 - INFO - __main__ -   	EPOCH:  13	MiniBatch:    8
03/05/2021 09:22:59 - INFO - __main__ -   	EPOCH:  13	MiniBatch:    9
03/05/2021 09:22:59 - INFO - __main__ -   	EPOCH:  13	MiniBatch:   10
03/05/2021 09:23:00 - INFO - __main__ -   	EPOCH:  13	MiniBatch:   11
03/05/2021 09:23:01 - INFO - __main__ -   	EPOCH:  13	MiniBatch:   12
03/05/2021 09:23:02 - INFO - __main__ -   	EPOCH:  13	MiniBatch:   13
03/05/2021 09:23:02 - INFO - __main__ -   	EPOCH:  13	MiniBatch:   14
03/05/2021 09:23:03 - INFO - __main__ -   	EPOCH:  13	MiniBatch:   15
03/05/2021 09:23:04 - INFO - __main__ -   	EPOCH:  13	MiniBatch:   16
03/05/2021 09:23:04 - INFO - __main__ -   	EPOCH:  13	MiniBatch:   17
03/05/2021 09:23:05 - INFO - __main__ -   	EPOCH:  13	MiniBatch:   18
03/05/2021 09:23:06 - INFO - __main__ -   	EPOCH:  13	MiniBatch:   19
03/05/2021 09:23:06 - INFO - __main__ -   	EPOCH:  13	MiniBatch:   20
03/05/2021 09:23:07 - INFO - __main__ -   	Testing dev Minibatch:    0
03/05/2021 09:23:08 - INFO - __main__ -   	Testing dev Minibatch:    1
03/05/2021 09:23:08 - INFO - __main__ -   	Testing dev Minibatch:    2
03/05/2021 09:23:09 - INFO - __main__ -   
============ Predict Tweet Stance ============
Labels 	Prec. 	Recall	F1    	Supp  
Denial 	0.3780	0.6813	0.4863	273
Support	0.0000	0.0000	0.0000	204
Comment	0.1923	0.0260	0.0459	192
Queries	0.0231	0.1818	0.0410	22
MacroF1	0.1433
F1w_avg	0.2062
Acc    	28.2

============ Predict Viral Tweets ============
Labels 	Prec. 	Recall	F1    	Supp  
N_viral	0.9008	0.7722	0.8315	553
Viral  	0.4194	0.6594	0.5127	138
MacroF1	0.6721
F1w_avg	0.7679
Acc    	75.0

03/05/2021 09:23:09 - INFO - __main__ -   	EPOCH:  14	MiniBatch:    0
03/05/2021 09:23:10 - INFO - __main__ -   	EPOCH:  14	MiniBatch:    1
03/05/2021 09:23:10 - INFO - __main__ -   	EPOCH:  14	MiniBatch:    2
03/05/2021 09:23:11 - INFO - __main__ -   	EPOCH:  14	MiniBatch:    3
03/05/2021 09:23:12 - INFO - __main__ -   	EPOCH:  14	MiniBatch:    4
03/05/2021 09:23:12 - INFO - __main__ -   	EPOCH:  14	MiniBatch:    5
03/05/2021 09:23:13 - INFO - __main__ -   	EPOCH:  14	MiniBatch:    6
03/05/2021 09:23:14 - INFO - __main__ -   	EPOCH:  14	MiniBatch:    7
03/05/2021 09:23:14 - INFO - __main__ -   	EPOCH:  14	MiniBatch:    8
03/05/2021 09:23:15 - INFO - __main__ -   	EPOCH:  14	MiniBatch:    9
03/05/2021 09:23:16 - INFO - __main__ -   	EPOCH:  14	MiniBatch:   10
03/05/2021 09:23:17 - INFO - __main__ -   	EPOCH:  14	MiniBatch:   11
03/05/2021 09:23:17 - INFO - __main__ -   	EPOCH:  14	MiniBatch:   12
03/05/2021 09:23:18 - INFO - __main__ -   	EPOCH:  14	MiniBatch:   13
03/05/2021 09:23:19 - INFO - __main__ -   	EPOCH:  14	MiniBatch:   14
03/05/2021 09:23:19 - INFO - __main__ -   	EPOCH:  14	MiniBatch:   15
03/05/2021 09:23:20 - INFO - __main__ -   	EPOCH:  14	MiniBatch:   16
03/05/2021 09:23:21 - INFO - __main__ -   	EPOCH:  14	MiniBatch:   17
03/05/2021 09:23:21 - INFO - __main__ -   	EPOCH:  14	MiniBatch:   18
03/05/2021 09:23:22 - INFO - __main__ -   	EPOCH:  14	MiniBatch:   19
03/05/2021 09:23:23 - INFO - __main__ -   	EPOCH:  14	MiniBatch:   20
03/05/2021 09:23:23 - INFO - __main__ -   	Testing dev Minibatch:    0
03/05/2021 09:23:24 - INFO - __main__ -   	Testing dev Minibatch:    1
03/05/2021 09:23:25 - INFO - __main__ -   	Testing dev Minibatch:    2
03/05/2021 09:23:25 - INFO - __main__ -   
============ Predict Tweet Stance ============
Labels 	Prec. 	Recall	F1    	Supp  
Denial 	0.4064	0.7949	0.5378	273
Support	0.0000	0.0000	0.0000	204
Comment	0.1923	0.0260	0.0459	192
Queries	0.0382	0.2273	0.0654	22
MacroF1	0.1623
F1w_avg	0.2273
Acc    	32.9

============ Predict Viral Tweets ============
Labels 	Prec. 	Recall	F1    	Supp  
N_viral	0.8837	0.8246	0.8531	553
Viral  	0.4457	0.5652	0.4984	138
MacroF1	0.6758
F1w_avg	0.7823
Acc    	77.3

03/05/2021 09:23:25 - INFO - __main__ -   	EPOCH:  15	MiniBatch:    0
03/05/2021 09:23:26 - INFO - __main__ -   	EPOCH:  15	MiniBatch:    1
03/05/2021 09:23:27 - INFO - __main__ -   	EPOCH:  15	MiniBatch:    2
03/05/2021 09:23:27 - INFO - __main__ -   	EPOCH:  15	MiniBatch:    3
03/05/2021 09:23:28 - INFO - __main__ -   	EPOCH:  15	MiniBatch:    4
03/05/2021 09:23:29 - INFO - __main__ -   	EPOCH:  15	MiniBatch:    5
03/05/2021 09:23:29 - INFO - __main__ -   	EPOCH:  15	MiniBatch:    6
03/05/2021 09:23:30 - INFO - __main__ -   	EPOCH:  15	MiniBatch:    7
03/05/2021 09:23:31 - INFO - __main__ -   	EPOCH:  15	MiniBatch:    8
03/05/2021 09:23:32 - INFO - __main__ -   	EPOCH:  15	MiniBatch:    9
03/05/2021 09:23:32 - INFO - __main__ -   	EPOCH:  15	MiniBatch:   10
03/05/2021 09:23:33 - INFO - __main__ -   	EPOCH:  15	MiniBatch:   11
03/05/2021 09:23:34 - INFO - __main__ -   	EPOCH:  15	MiniBatch:   12
03/05/2021 09:23:34 - INFO - __main__ -   	EPOCH:  15	MiniBatch:   13
03/05/2021 09:23:35 - INFO - __main__ -   	EPOCH:  15	MiniBatch:   14
03/05/2021 09:23:36 - INFO - __main__ -   	EPOCH:  15	MiniBatch:   15
03/05/2021 09:23:36 - INFO - __main__ -   	EPOCH:  15	MiniBatch:   16
03/05/2021 09:23:37 - INFO - __main__ -   	EPOCH:  15	MiniBatch:   17
03/05/2021 09:23:38 - INFO - __main__ -   	EPOCH:  15	MiniBatch:   18
03/05/2021 09:23:38 - INFO - __main__ -   	EPOCH:  15	MiniBatch:   19
03/05/2021 09:23:39 - INFO - __main__ -   	EPOCH:  15	MiniBatch:   20
03/05/2021 09:23:40 - INFO - __main__ -   	Testing dev Minibatch:    0
03/05/2021 09:23:41 - INFO - __main__ -   	Testing dev Minibatch:    1
03/05/2021 09:23:41 - INFO - __main__ -   	Testing dev Minibatch:    2
03/05/2021 09:23:42 - INFO - __main__ -   
============ Predict Tweet Stance ============
Labels 	Prec. 	Recall	F1    	Supp  
Denial 	0.4003	0.8535	0.5450	273
Support	0.0000	0.0000	0.0000	204
Comment	0.1786	0.0260	0.0455	192
Queries	0.0247	0.0909	0.0388	22
MacroF1	0.1573
F1w_avg	0.2292
Acc    	34.7

============ Predict Viral Tweets ============
Labels 	Prec. 	Recall	F1    	Supp  
N_viral	0.8487	0.9132	0.8798	553
Viral  	0.5000	0.3478	0.4103	138
MacroF1	0.6450
F1w_avg	0.7860
Acc    	80.0

03/05/2021 09:23:42 - INFO - __main__ -   	EPOCH:  16	MiniBatch:    0
03/05/2021 09:23:42 - INFO - __main__ -   	EPOCH:  16	MiniBatch:    1
03/05/2021 09:23:43 - INFO - __main__ -   	EPOCH:  16	MiniBatch:    2
03/05/2021 09:23:44 - INFO - __main__ -   	EPOCH:  16	MiniBatch:    3
03/05/2021 09:23:44 - INFO - __main__ -   	EPOCH:  16	MiniBatch:    4
03/05/2021 09:23:45 - INFO - __main__ -   	EPOCH:  16	MiniBatch:    5
03/05/2021 09:23:46 - INFO - __main__ -   	EPOCH:  16	MiniBatch:    6
03/05/2021 09:23:47 - INFO - __main__ -   	EPOCH:  16	MiniBatch:    7
03/05/2021 09:23:47 - INFO - __main__ -   	EPOCH:  16	MiniBatch:    8
03/05/2021 09:23:48 - INFO - __main__ -   	EPOCH:  16	MiniBatch:    9
03/05/2021 09:23:49 - INFO - __main__ -   	EPOCH:  16	MiniBatch:   10
03/05/2021 09:23:49 - INFO - __main__ -   	EPOCH:  16	MiniBatch:   11
03/05/2021 09:23:50 - INFO - __main__ -   	EPOCH:  16	MiniBatch:   12
03/05/2021 09:23:51 - INFO - __main__ -   	EPOCH:  16	MiniBatch:   13
03/05/2021 09:23:51 - INFO - __main__ -   	EPOCH:  16	MiniBatch:   14
03/05/2021 09:23:52 - INFO - __main__ -   	EPOCH:  16	MiniBatch:   15
03/05/2021 09:23:53 - INFO - __main__ -   	EPOCH:  16	MiniBatch:   16
03/05/2021 09:23:53 - INFO - __main__ -   	EPOCH:  16	MiniBatch:   17
03/05/2021 09:23:54 - INFO - __main__ -   	EPOCH:  16	MiniBatch:   18
03/05/2021 09:23:55 - INFO - __main__ -   	EPOCH:  16	MiniBatch:   19
03/05/2021 09:23:56 - INFO - __main__ -   	EPOCH:  16	MiniBatch:   20
03/05/2021 09:23:56 - INFO - __main__ -   	Testing dev Minibatch:    0
03/05/2021 09:23:57 - INFO - __main__ -   	Testing dev Minibatch:    1
03/05/2021 09:23:58 - INFO - __main__ -   	Testing dev Minibatch:    2
03/05/2021 09:23:58 - INFO - __main__ -   
============ Predict Tweet Stance ============
Labels 	Prec. 	Recall	F1    	Supp  
Denial 	0.3817	0.6740	0.4874	273
Support	0.0000	0.0000	0.0000	204
Comment	0.0000	0.0000	0.0000	192
Queries	0.0253	0.2273	0.0455	22
MacroF1	0.1332
F1w_avg	0.1940
Acc    	27.4

============ Predict Viral Tweets ============
Labels 	Prec. 	Recall	F1    	Supp  
N_viral	0.9036	0.7794	0.8369	553
Viral  	0.4299	0.6667	0.5227	138
MacroF1	0.6798
F1w_avg	0.7742
Acc    	75.7

03/05/2021 09:23:58 - INFO - __main__ -   	EPOCH:  17	MiniBatch:    0
03/05/2021 09:23:59 - INFO - __main__ -   	EPOCH:  17	MiniBatch:    1
03/05/2021 09:23:59 - INFO - __main__ -   	EPOCH:  17	MiniBatch:    2
03/05/2021 09:24:00 - INFO - __main__ -   	EPOCH:  17	MiniBatch:    3
03/05/2021 09:24:01 - INFO - __main__ -   	EPOCH:  17	MiniBatch:    4
03/05/2021 09:24:01 - INFO - __main__ -   	EPOCH:  17	MiniBatch:    5
03/05/2021 09:24:02 - INFO - __main__ -   	EPOCH:  17	MiniBatch:    6
03/05/2021 09:24:03 - INFO - __main__ -   	EPOCH:  17	MiniBatch:    7
03/05/2021 09:24:04 - INFO - __main__ -   	EPOCH:  17	MiniBatch:    8
03/05/2021 09:24:04 - INFO - __main__ -   	EPOCH:  17	MiniBatch:    9
03/05/2021 09:24:05 - INFO - __main__ -   	EPOCH:  17	MiniBatch:   10
03/05/2021 09:24:06 - INFO - __main__ -   	EPOCH:  17	MiniBatch:   11
03/05/2021 09:24:06 - INFO - __main__ -   	EPOCH:  17	MiniBatch:   12
03/05/2021 09:24:07 - INFO - __main__ -   	EPOCH:  17	MiniBatch:   13
03/05/2021 09:24:08 - INFO - __main__ -   	EPOCH:  17	MiniBatch:   14
03/05/2021 09:24:08 - INFO - __main__ -   	EPOCH:  17	MiniBatch:   15
03/05/2021 09:24:09 - INFO - __main__ -   	EPOCH:  17	MiniBatch:   16
03/05/2021 09:24:10 - INFO - __main__ -   	EPOCH:  17	MiniBatch:   17
03/05/2021 09:24:10 - INFO - __main__ -   	EPOCH:  17	MiniBatch:   18
03/05/2021 09:24:11 - INFO - __main__ -   	EPOCH:  17	MiniBatch:   19
03/05/2021 09:24:12 - INFO - __main__ -   	EPOCH:  17	MiniBatch:   20
03/05/2021 09:24:13 - INFO - __main__ -   	Testing dev Minibatch:    0
03/05/2021 09:24:13 - INFO - __main__ -   	Testing dev Minibatch:    1
03/05/2021 09:24:14 - INFO - __main__ -   	Testing dev Minibatch:    2
03/05/2021 09:24:14 - INFO - __main__ -   
============ Predict Tweet Stance ============
Labels 	Prec. 	Recall	F1    	Supp  
Denial 	0.4007	0.8425	0.5431	273
Support	0.0000	0.0000	0.0000	204
Comment	0.0000	0.0000	0.0000	192
Queries	0.0265	0.1364	0.0444	22
MacroF1	0.1469
F1w_avg	0.2160
Acc    	33.7

============ Predict Viral Tweets ============
Labels 	Prec. 	Recall	F1    	Supp  
N_viral	0.8594	0.8951	0.8769	553
Viral  	0.4957	0.4130	0.4506	138
MacroF1	0.6637
F1w_avg	0.7917
Acc    	79.9

03/05/2021 09:24:14 - INFO - __main__ -   	EPOCH:  18	MiniBatch:    0
03/05/2021 09:24:15 - INFO - __main__ -   	EPOCH:  18	MiniBatch:    1
03/05/2021 09:24:16 - INFO - __main__ -   	EPOCH:  18	MiniBatch:    2
03/05/2021 09:24:16 - INFO - __main__ -   	EPOCH:  18	MiniBatch:    3
03/05/2021 09:24:17 - INFO - __main__ -   	EPOCH:  18	MiniBatch:    4
03/05/2021 09:24:18 - INFO - __main__ -   	EPOCH:  18	MiniBatch:    5
03/05/2021 09:24:19 - INFO - __main__ -   	EPOCH:  18	MiniBatch:    6
03/05/2021 09:24:19 - INFO - __main__ -   	EPOCH:  18	MiniBatch:    7
03/05/2021 09:24:20 - INFO - __main__ -   	EPOCH:  18	MiniBatch:    8
03/05/2021 09:24:21 - INFO - __main__ -   	EPOCH:  18	MiniBatch:    9
03/05/2021 09:24:21 - INFO - __main__ -   	EPOCH:  18	MiniBatch:   10
03/05/2021 09:24:22 - INFO - __main__ -   	EPOCH:  18	MiniBatch:   11
03/05/2021 09:24:23 - INFO - __main__ -   	EPOCH:  18	MiniBatch:   12
03/05/2021 09:24:23 - INFO - __main__ -   	EPOCH:  18	MiniBatch:   13
03/05/2021 09:24:24 - INFO - __main__ -   	EPOCH:  18	MiniBatch:   14
03/05/2021 09:24:25 - INFO - __main__ -   	EPOCH:  18	MiniBatch:   15
03/05/2021 09:24:25 - INFO - __main__ -   	EPOCH:  18	MiniBatch:   16
03/05/2021 09:24:26 - INFO - __main__ -   	EPOCH:  18	MiniBatch:   17
03/05/2021 09:24:27 - INFO - __main__ -   	EPOCH:  18	MiniBatch:   18
03/05/2021 09:24:28 - INFO - __main__ -   	EPOCH:  18	MiniBatch:   19
03/05/2021 09:24:28 - INFO - __main__ -   	EPOCH:  18	MiniBatch:   20
03/05/2021 09:24:29 - INFO - __main__ -   	Testing dev Minibatch:    0
03/05/2021 09:24:30 - INFO - __main__ -   	Testing dev Minibatch:    1
03/05/2021 09:24:30 - INFO - __main__ -   	Testing dev Minibatch:    2
03/05/2021 09:24:31 - INFO - __main__ -   
============ Predict Tweet Stance ============
Labels 	Prec. 	Recall	F1    	Supp  
Denial 	0.3908	0.7802	0.5208	273
Support	0.0000	0.0000	0.0000	204
Comment	0.1667	0.0052	0.0101	192
Queries	0.0286	0.1818	0.0494	22
MacroF1	0.1451
F1w_avg	0.2101
Acc    	31.5

============ Predict Viral Tweets ============
Labels 	Prec. 	Recall	F1    	Supp  
N_viral	0.8755	0.8517	0.8634	553
Viral  	0.4641	0.5145	0.4880	138
MacroF1	0.6757
F1w_avg	0.7884
Acc    	78.4

03/05/2021 09:24:31 - INFO - __main__ -   	EPOCH:  19	MiniBatch:    0
03/05/2021 09:24:31 - INFO - __main__ -   	EPOCH:  19	MiniBatch:    1
03/05/2021 09:24:32 - INFO - __main__ -   	EPOCH:  19	MiniBatch:    2
03/05/2021 09:24:33 - INFO - __main__ -   	EPOCH:  19	MiniBatch:    3
03/05/2021 09:24:34 - INFO - __main__ -   	EPOCH:  19	MiniBatch:    4
03/05/2021 09:24:34 - INFO - __main__ -   	EPOCH:  19	MiniBatch:    5
03/05/2021 09:24:35 - INFO - __main__ -   	EPOCH:  19	MiniBatch:    6
03/05/2021 09:24:36 - INFO - __main__ -   	EPOCH:  19	MiniBatch:    7
03/05/2021 09:24:36 - INFO - __main__ -   	EPOCH:  19	MiniBatch:    8
03/05/2021 09:24:37 - INFO - __main__ -   	EPOCH:  19	MiniBatch:    9
03/05/2021 09:24:38 - INFO - __main__ -   	EPOCH:  19	MiniBatch:   10
03/05/2021 09:24:38 - INFO - __main__ -   	EPOCH:  19	MiniBatch:   11
03/05/2021 09:24:39 - INFO - __main__ -   	EPOCH:  19	MiniBatch:   12
03/05/2021 09:24:40 - INFO - __main__ -   	EPOCH:  19	MiniBatch:   13
03/05/2021 09:24:40 - INFO - __main__ -   	EPOCH:  19	MiniBatch:   14
03/05/2021 09:24:41 - INFO - __main__ -   	EPOCH:  19	MiniBatch:   15
03/05/2021 09:24:42 - INFO - __main__ -   	EPOCH:  19	MiniBatch:   16
03/05/2021 09:24:43 - INFO - __main__ -   	EPOCH:  19	MiniBatch:   17
03/05/2021 09:24:43 - INFO - __main__ -   	EPOCH:  19	MiniBatch:   18
03/05/2021 09:24:44 - INFO - __main__ -   	EPOCH:  19	MiniBatch:   19
03/05/2021 09:24:45 - INFO - __main__ -   	EPOCH:  19	MiniBatch:   20
03/05/2021 09:24:45 - INFO - __main__ -   	Testing dev Minibatch:    0
03/05/2021 09:24:46 - INFO - __main__ -   	Testing dev Minibatch:    1
03/05/2021 09:24:47 - INFO - __main__ -   	Testing dev Minibatch:    2
03/05/2021 09:24:47 - INFO - __main__ -   
============ Predict Tweet Stance ============
Labels 	Prec. 	Recall	F1    	Supp  
Denial 	0.3945	0.7949	0.5273	273
Support	0.0000	0.0000	0.0000	204
Comment	0.1538	0.0104	0.0195	192
Queries	0.0236	0.1364	0.0403	22
MacroF1	0.1468
F1w_avg	0.2150
Acc    	32.1

============ Predict Viral Tweets ============
Labels 	Prec. 	Recall	F1    	Supp  
N_viral	0.8707	0.8644	0.8675	553
Viral  	0.4718	0.4855	0.4786	138
MacroF1	0.6730
F1w_avg	0.7898
Acc    	78.9

03/05/2021 09:24:47 - INFO - __main__ -   	EPOCH:  20	MiniBatch:    0
03/05/2021 09:24:48 - INFO - __main__ -   	EPOCH:  20	MiniBatch:    1
03/05/2021 09:24:49 - INFO - __main__ -   	EPOCH:  20	MiniBatch:    2
03/05/2021 09:24:49 - INFO - __main__ -   	EPOCH:  20	MiniBatch:    3
03/05/2021 09:24:50 - INFO - __main__ -   	EPOCH:  20	MiniBatch:    4
03/05/2021 09:24:51 - INFO - __main__ -   	EPOCH:  20	MiniBatch:    5
03/05/2021 09:24:51 - INFO - __main__ -   	EPOCH:  20	MiniBatch:    6
03/05/2021 09:24:52 - INFO - __main__ -   	EPOCH:  20	MiniBatch:    7
03/05/2021 09:24:53 - INFO - __main__ -   	EPOCH:  20	MiniBatch:    8
03/05/2021 09:24:53 - INFO - __main__ -   	EPOCH:  20	MiniBatch:    9
03/05/2021 09:24:54 - INFO - __main__ -   	EPOCH:  20	MiniBatch:   10
03/05/2021 09:24:55 - INFO - __main__ -   	EPOCH:  20	MiniBatch:   11
03/05/2021 09:24:55 - INFO - __main__ -   	EPOCH:  20	MiniBatch:   12
03/05/2021 09:24:56 - INFO - __main__ -   	EPOCH:  20	MiniBatch:   13
03/05/2021 09:24:57 - INFO - __main__ -   	EPOCH:  20	MiniBatch:   14
03/05/2021 09:24:58 - INFO - __main__ -   	EPOCH:  20	MiniBatch:   15
03/05/2021 09:24:58 - INFO - __main__ -   	EPOCH:  20	MiniBatch:   16
03/05/2021 09:24:59 - INFO - __main__ -   	EPOCH:  20	MiniBatch:   17
03/05/2021 09:25:00 - INFO - __main__ -   	EPOCH:  20	MiniBatch:   18
03/05/2021 09:25:00 - INFO - __main__ -   	EPOCH:  20	MiniBatch:   19
03/05/2021 09:25:01 - INFO - __main__ -   	EPOCH:  20	MiniBatch:   20
03/05/2021 09:25:02 - INFO - __main__ -   	Testing dev Minibatch:    0
03/05/2021 09:25:02 - INFO - __main__ -   	Testing dev Minibatch:    1
03/05/2021 09:25:03 - INFO - __main__ -   	Testing dev Minibatch:    2
03/05/2021 09:25:03 - INFO - __main__ -   
============ Predict Tweet Stance ============
Labels 	Prec. 	Recall	F1    	Supp  
Denial 	0.3957	0.8059	0.5308	273
Support	0.0000	0.0000	0.0000	204
Comment	0.1538	0.0104	0.0195	192
Queries	0.0250	0.1364	0.0423	22
MacroF1	0.1481
F1w_avg	0.2165
Acc    	32.6

============ Predict Viral Tweets ============
Labels 	Prec. 	Recall	F1    	Supp  
N_viral	0.8652	0.8825	0.8738	553
Viral  	0.4882	0.4493	0.4679	138
MacroF1	0.6708
F1w_avg	0.7927
Acc    	79.6

03/05/2021 09:25:04 - INFO - __main__ -   	EPOCH:  21	MiniBatch:    0
03/05/2021 09:25:04 - INFO - __main__ -   	EPOCH:  21	MiniBatch:    1
03/05/2021 09:25:05 - INFO - __main__ -   	EPOCH:  21	MiniBatch:    2
03/05/2021 09:25:06 - INFO - __main__ -   	EPOCH:  21	MiniBatch:    3
03/05/2021 09:25:06 - INFO - __main__ -   	EPOCH:  21	MiniBatch:    4
03/05/2021 09:25:07 - INFO - __main__ -   	EPOCH:  21	MiniBatch:    5
03/05/2021 09:25:08 - INFO - __main__ -   	EPOCH:  21	MiniBatch:    6
03/05/2021 09:25:08 - INFO - __main__ -   	EPOCH:  21	MiniBatch:    7
03/05/2021 09:25:09 - INFO - __main__ -   	EPOCH:  21	MiniBatch:    8
03/05/2021 09:25:10 - INFO - __main__ -   	EPOCH:  21	MiniBatch:    9
03/05/2021 09:25:10 - INFO - __main__ -   	EPOCH:  21	MiniBatch:   10
03/05/2021 09:25:11 - INFO - __main__ -   	EPOCH:  21	MiniBatch:   11
03/05/2021 09:25:12 - INFO - __main__ -   	EPOCH:  21	MiniBatch:   12
03/05/2021 09:25:13 - INFO - __main__ -   	EPOCH:  21	MiniBatch:   13
03/05/2021 09:25:13 - INFO - __main__ -   	EPOCH:  21	MiniBatch:   14
03/05/2021 09:25:14 - INFO - __main__ -   	EPOCH:  21	MiniBatch:   15
03/05/2021 09:25:15 - INFO - __main__ -   	EPOCH:  21	MiniBatch:   16
03/05/2021 09:25:15 - INFO - __main__ -   	EPOCH:  21	MiniBatch:   17
03/05/2021 09:25:16 - INFO - __main__ -   	EPOCH:  21	MiniBatch:   18
03/05/2021 09:25:17 - INFO - __main__ -   	EPOCH:  21	MiniBatch:   19
03/05/2021 09:25:17 - INFO - __main__ -   	EPOCH:  21	MiniBatch:   20
03/05/2021 09:25:18 - INFO - __main__ -   	Testing dev Minibatch:    0
03/05/2021 09:25:19 - INFO - __main__ -   	Testing dev Minibatch:    1
03/05/2021 09:25:20 - INFO - __main__ -   	Testing dev Minibatch:    2
03/05/2021 09:25:20 - INFO - __main__ -   
============ Predict Tweet Stance ============
Labels 	Prec. 	Recall	F1    	Supp  
Denial 	0.3858	0.7546	0.5105	273
Support	0.0000	0.0000	0.0000	204
Comment	0.1429	0.0104	0.0194	192
Queries	0.0211	0.1364	0.0366	22
MacroF1	0.1416
F1w_avg	0.2083
Acc    	30.5

============ Predict Viral Tweets ============
Labels 	Prec. 	Recall	F1    	Supp  
N_viral	0.8748	0.8463	0.8603	553
Viral  	0.4551	0.5145	0.4830	138
MacroF1	0.6716
F1w_avg	0.7849
Acc    	78.0

03/05/2021 09:25:20 - INFO - __main__ -   	EPOCH:  22	MiniBatch:    0
03/05/2021 09:25:21 - INFO - __main__ -   	EPOCH:  22	MiniBatch:    1
03/05/2021 09:25:21 - INFO - __main__ -   	EPOCH:  22	MiniBatch:    2
03/05/2021 09:25:22 - INFO - __main__ -   	EPOCH:  22	MiniBatch:    3
03/05/2021 09:25:23 - INFO - __main__ -   	EPOCH:  22	MiniBatch:    4
03/05/2021 09:25:23 - INFO - __main__ -   	EPOCH:  22	MiniBatch:    5
03/05/2021 09:25:24 - INFO - __main__ -   	EPOCH:  22	MiniBatch:    6
03/05/2021 09:25:25 - INFO - __main__ -   	EPOCH:  22	MiniBatch:    7
03/05/2021 09:25:25 - INFO - __main__ -   	EPOCH:  22	MiniBatch:    8
03/05/2021 09:25:26 - INFO - __main__ -   	EPOCH:  22	MiniBatch:    9
03/05/2021 09:25:27 - INFO - __main__ -   	EPOCH:  22	MiniBatch:   10
03/05/2021 09:25:28 - INFO - __main__ -   	EPOCH:  22	MiniBatch:   11
03/05/2021 09:25:28 - INFO - __main__ -   	EPOCH:  22	MiniBatch:   12
03/05/2021 09:25:29 - INFO - __main__ -   	EPOCH:  22	MiniBatch:   13
03/05/2021 09:25:30 - INFO - __main__ -   	EPOCH:  22	MiniBatch:   14
03/05/2021 09:25:30 - INFO - __main__ -   	EPOCH:  22	MiniBatch:   15
03/05/2021 09:25:31 - INFO - __main__ -   	EPOCH:  22	MiniBatch:   16
03/05/2021 09:25:32 - INFO - __main__ -   	EPOCH:  22	MiniBatch:   17
03/05/2021 09:25:32 - INFO - __main__ -   	EPOCH:  22	MiniBatch:   18
03/05/2021 09:25:33 - INFO - __main__ -   	EPOCH:  22	MiniBatch:   19
03/05/2021 09:25:34 - INFO - __main__ -   	EPOCH:  22	MiniBatch:   20
03/05/2021 09:25:35 - INFO - __main__ -   	Testing dev Minibatch:    0
03/05/2021 09:25:35 - INFO - __main__ -   	Testing dev Minibatch:    1
03/05/2021 09:25:36 - INFO - __main__ -   	Testing dev Minibatch:    2
03/05/2021 09:25:36 - INFO - __main__ -   
============ Predict Tweet Stance ============
Labels 	Prec. 	Recall	F1    	Supp  
Denial 	0.3903	0.7692	0.5179	273
Support	0.0000	0.0000	0.0000	204
Comment	0.1538	0.0104	0.0195	192
Queries	0.0216	0.1364	0.0373	22
MacroF1	0.1437
F1w_avg	0.2112
Acc    	31.1

============ Predict Viral Tweets ============
Labels 	Prec. 	Recall	F1    	Supp  
N_viral	0.8701	0.8481	0.8590	553
Viral  	0.4474	0.4928	0.4690	138
MacroF1	0.6640
F1w_avg	0.7811
Acc    	77.7

03/05/2021 09:25:36 - INFO - __main__ -   	EPOCH:  23	MiniBatch:    0
03/05/2021 09:25:37 - INFO - __main__ -   	EPOCH:  23	MiniBatch:    1
03/05/2021 09:25:38 - INFO - __main__ -   	EPOCH:  23	MiniBatch:    2
03/05/2021 09:25:38 - INFO - __main__ -   	EPOCH:  23	MiniBatch:    3
03/05/2021 09:25:39 - INFO - __main__ -   	EPOCH:  23	MiniBatch:    4
03/05/2021 09:25:40 - INFO - __main__ -   	EPOCH:  23	MiniBatch:    5
03/05/2021 09:25:41 - INFO - __main__ -   	EPOCH:  23	MiniBatch:    6
03/05/2021 09:25:41 - INFO - __main__ -   	EPOCH:  23	MiniBatch:    7
03/05/2021 09:25:42 - INFO - __main__ -   	EPOCH:  23	MiniBatch:    8
03/05/2021 09:25:43 - INFO - __main__ -   	EPOCH:  23	MiniBatch:    9
03/05/2021 09:25:43 - INFO - __main__ -   	EPOCH:  23	MiniBatch:   10
03/05/2021 09:25:44 - INFO - __main__ -   	EPOCH:  23	MiniBatch:   11
03/05/2021 09:25:45 - INFO - __main__ -   	EPOCH:  23	MiniBatch:   12
03/05/2021 09:25:45 - INFO - __main__ -   	EPOCH:  23	MiniBatch:   13
03/05/2021 09:25:46 - INFO - __main__ -   	EPOCH:  23	MiniBatch:   14
03/05/2021 09:25:47 - INFO - __main__ -   	EPOCH:  23	MiniBatch:   15
03/05/2021 09:25:47 - INFO - __main__ -   	EPOCH:  23	MiniBatch:   16
03/05/2021 09:25:48 - INFO - __main__ -   	EPOCH:  23	MiniBatch:   17
03/05/2021 09:25:49 - INFO - __main__ -   	EPOCH:  23	MiniBatch:   18
03/05/2021 09:25:49 - INFO - __main__ -   	EPOCH:  23	MiniBatch:   19
03/05/2021 09:25:50 - INFO - __main__ -   	EPOCH:  23	MiniBatch:   20
03/05/2021 09:25:51 - INFO - __main__ -   	Testing dev Minibatch:    0
03/05/2021 09:25:52 - INFO - __main__ -   	Testing dev Minibatch:    1
03/05/2021 09:25:52 - INFO - __main__ -   	Testing dev Minibatch:    2
03/05/2021 09:25:53 - INFO - __main__ -   
============ Predict Tweet Stance ============
Labels 	Prec. 	Recall	F1    	Supp  
Denial 	0.3976	0.8388	0.5395	273
Support	0.0000	0.0000	0.0000	204
Comment	0.1538	0.0104	0.0195	192
Queries	0.0300	0.1364	0.0492	22
MacroF1	0.1520
F1w_avg	0.2201
Acc    	33.9

============ Predict Viral Tweets ============
Labels 	Prec. 	Recall	F1    	Supp  
N_viral	0.8559	0.9024	0.8785	553
Viral  	0.5000	0.3913	0.4390	138
MacroF1	0.6588
F1w_avg	0.7907
Acc    	80.0

03/05/2021 09:25:53 - INFO - __main__ -   	EPOCH:  24	MiniBatch:    0
03/05/2021 09:25:53 - INFO - __main__ -   	EPOCH:  24	MiniBatch:    1
03/05/2021 09:25:54 - INFO - __main__ -   	EPOCH:  24	MiniBatch:    2
03/05/2021 09:25:55 - INFO - __main__ -   	EPOCH:  24	MiniBatch:    3
03/05/2021 09:25:55 - INFO - __main__ -   	EPOCH:  24	MiniBatch:    4
03/05/2021 09:25:56 - INFO - __main__ -   	EPOCH:  24	MiniBatch:    5
03/05/2021 09:25:57 - INFO - __main__ -   	EPOCH:  24	MiniBatch:    6
03/05/2021 09:25:58 - INFO - __main__ -   	EPOCH:  24	MiniBatch:    7
03/05/2021 09:25:58 - INFO - __main__ -   	EPOCH:  24	MiniBatch:    8
03/05/2021 09:25:59 - INFO - __main__ -   	EPOCH:  24	MiniBatch:    9
03/05/2021 09:26:00 - INFO - __main__ -   	EPOCH:  24	MiniBatch:   10
03/05/2021 09:26:00 - INFO - __main__ -   	EPOCH:  24	MiniBatch:   11
03/05/2021 09:26:01 - INFO - __main__ -   	EPOCH:  24	MiniBatch:   12
03/05/2021 09:26:02 - INFO - __main__ -   	EPOCH:  24	MiniBatch:   13
03/05/2021 09:26:02 - INFO - __main__ -   	EPOCH:  24	MiniBatch:   14
03/05/2021 09:26:03 - INFO - __main__ -   	EPOCH:  24	MiniBatch:   15
03/05/2021 09:26:04 - INFO - __main__ -   	EPOCH:  24	MiniBatch:   16
03/05/2021 09:26:04 - INFO - __main__ -   	EPOCH:  24	MiniBatch:   17
03/05/2021 09:26:05 - INFO - __main__ -   	EPOCH:  24	MiniBatch:   18
03/05/2021 09:26:06 - INFO - __main__ -   	EPOCH:  24	MiniBatch:   19
03/05/2021 09:26:07 - INFO - __main__ -   	EPOCH:  24	MiniBatch:   20
03/05/2021 09:26:07 - INFO - __main__ -   	Testing dev Minibatch:    0
03/05/2021 09:26:08 - INFO - __main__ -   	Testing dev Minibatch:    1
03/05/2021 09:26:09 - INFO - __main__ -   	Testing dev Minibatch:    2
03/05/2021 09:26:09 - INFO - __main__ -   
============ Predict Tweet Stance ============
Labels 	Prec. 	Recall	F1    	Supp  
Denial 	0.4000	0.8205	0.5378	273
Support	0.0000	0.0000	0.0000	204
Comment	0.1765	0.0156	0.0287	192
Queries	0.0265	0.1364	0.0444	22
MacroF1	0.1527
F1w_avg	0.2219
Acc    	33.3

============ Predict Viral Tweets ============
Labels 	Prec. 	Recall	F1    	Supp  
N_viral	0.8677	0.8897	0.8786	553
Viral  	0.5081	0.4565	0.4809	138
MacroF1	0.6797
F1w_avg	0.7992
Acc    	80.3

03/05/2021 09:26:09 - INFO - __main__ -   No improvements in F1 for 20 epochs
03/05/2021 09:26:11 - INFO - __main__ -   	Testing test Minibatch:    0
03/05/2021 09:26:12 - INFO - __main__ -   	Testing test Minibatch:    1
03/05/2021 09:26:12 - INFO - __main__ -   	Testing test Minibatch:    2
03/05/2021 09:26:13 - INFO - __main__ -   
============ Predict Tweet Stance ============
Labels 	Prec. 	Recall	F1    	Supp  
Denial 	0.3549	0.6589	0.4613	258
Support	0.0000	0.0000	0.0000	224
Comment	0.1854	0.1765	0.1808	187
Queries	0.0571	0.0870	0.0690	23
MacroF1	0.1778
F1w_avg	0.2232
Acc    	29.6

============ Predict Viral Tweets ============
Labels 	Prec. 	Recall	F1    	Supp  
N_viral	0.8864	0.7902	0.8356	553
Viral  	0.4171	0.5971	0.4911	139
MacroF1	0.6633
F1w_avg	0.7664
Acc    	75.1

03/05/2021 09:26:13 - INFO - __main__ -   Time taken: 0h 7m  6s
