03/05/2021 12:36:10 - INFO - __main__ -   ----------------- Hyperparameters ------------------
03/05/2021 12:36:10 - INFO - __main__ -   ======== mtt_Bertweet =========
03/05/2021 12:36:10 - INFO - __main__ -   ===== Hyperparameters ======
03/05/2021 12:36:10 - INFO - __main__ -   ('batch_train', 100)
03/05/2021 12:36:10 - INFO - __main__ -   ('batch_test', 300)
03/05/2021 12:36:10 - INFO - __main__ -   ('epochs', 200)
03/05/2021 12:36:10 - INFO - __main__ -   ('learning_rate', 4e-05)
03/05/2021 12:36:10 - INFO - __main__ -   ('optimizer', 'adam')
03/05/2021 12:36:10 - INFO - __main__ -   ('do_train', True)
03/05/2021 12:36:10 - INFO - __main__ -   ('do_test', True)
03/05/2021 12:36:10 - INFO - __main__ -   ('model_name', 'mtt_Bertweet')
03/05/2021 12:36:10 - INFO - __main__ -   ('exp_name', 'exp30')
03/05/2021 12:36:10 - INFO - __main__ -   ('train_data', './data/train_set_128_w_length_bertweet.bin')
03/05/2021 12:36:10 - INFO - __main__ -   ('test_data', './data/test_set_128_w_length_bertweet.bin')
03/05/2021 12:36:10 - INFO - __main__ -   ('k_folds', 4)
03/05/2021 12:36:10 - INFO - __main__ -   ('folds2run', 1)
03/05/2021 12:36:10 - INFO - __main__ -   ('debug', False)
03/05/2021 12:36:10 - INFO - __main__ -   ('log_interval', 1)
03/05/2021 12:36:10 - INFO - __main__ -   ('loss_fn', 'ce_loss')
03/05/2021 12:36:10 - INFO - __main__ -   ('w_sample', True)
03/05/2021 12:36:10 - INFO - __main__ -   ('pretrain_model', '')
03/05/2021 12:36:10 - INFO - __main__ -   ('epochs2giveup', 20)
03/05/2021 12:36:10 - INFO - __main__ -   ('dropout', 0.1)
03/05/2021 12:36:10 - INFO - __main__ -   ('viral_attr', 'retweets')
03/05/2021 12:36:10 - INFO - __main__ -   ('viral_threshold', 90.0)
03/05/2021 12:36:10 - INFO - __main__ -   ('weight_attr', 'stance')
03/05/2021 12:36:10 - INFO - __main__ -   ('task', 'multi')
03/05/2021 12:36:10 - INFO - __main__ -   ('mtt_weight', 1.0)
03/05/2021 12:36:10 - INFO - __main__ -   ------------------ Getting model -------------------
03/05/2021 12:36:16 - INFO - __main__ -   --------------- Getting dataframes -----------------
03/05/2021 12:36:16 - INFO - __main__ -   ------- Setting loss function and optimizer --------
03/05/2021 12:36:16 - INFO - __main__ -   ------------ Converting to dataloaders -------------
03/05/2021 12:36:16 - INFO - __main__ -   class:    0 	count:  752
03/05/2021 12:36:16 - INFO - __main__ -   class:    1 	count:  616
03/05/2021 12:36:16 - INFO - __main__ -   class:    2 	count:  631
03/05/2021 12:36:16 - INFO - __main__ -   class:    3 	count:   76
03/05/2021 12:36:16 - INFO - __main__ -   ---------------- Starting training -----------------
03/05/2021 12:36:16 - INFO - __main__ -   	EPOCH:   0	MiniBatch:    0
03/05/2021 12:36:17 - INFO - __main__ -   	EPOCH:   0	MiniBatch:    1
03/05/2021 12:36:18 - INFO - __main__ -   	EPOCH:   0	MiniBatch:    2
03/05/2021 12:36:18 - INFO - __main__ -   	EPOCH:   0	MiniBatch:    3
03/05/2021 12:36:19 - INFO - __main__ -   	EPOCH:   0	MiniBatch:    4
03/05/2021 12:36:20 - INFO - __main__ -   	EPOCH:   0	MiniBatch:    5
03/05/2021 12:36:21 - INFO - __main__ -   	EPOCH:   0	MiniBatch:    6
03/05/2021 12:36:21 - INFO - __main__ -   	EPOCH:   0	MiniBatch:    7
03/05/2021 12:36:22 - INFO - __main__ -   	EPOCH:   0	MiniBatch:    8
03/05/2021 12:36:23 - INFO - __main__ -   	EPOCH:   0	MiniBatch:    9
03/05/2021 12:36:23 - INFO - __main__ -   	EPOCH:   0	MiniBatch:   10
03/05/2021 12:36:24 - INFO - __main__ -   	EPOCH:   0	MiniBatch:   11
03/05/2021 12:36:25 - INFO - __main__ -   	EPOCH:   0	MiniBatch:   12
03/05/2021 12:36:25 - INFO - __main__ -   	EPOCH:   0	MiniBatch:   13
03/05/2021 12:36:26 - INFO - __main__ -   	EPOCH:   0	MiniBatch:   14
03/05/2021 12:36:27 - INFO - __main__ -   	EPOCH:   0	MiniBatch:   15
03/05/2021 12:36:28 - INFO - __main__ -   	EPOCH:   0	MiniBatch:   16
03/05/2021 12:36:28 - INFO - __main__ -   	EPOCH:   0	MiniBatch:   17
03/05/2021 12:36:29 - INFO - __main__ -   	EPOCH:   0	MiniBatch:   18
03/05/2021 12:36:30 - INFO - __main__ -   	EPOCH:   0	MiniBatch:   19
03/05/2021 12:36:30 - INFO - __main__ -   	EPOCH:   0	MiniBatch:   20
03/05/2021 12:36:31 - INFO - __main__ -   	Testing dev Minibatch:    0
03/05/2021 12:36:32 - INFO - __main__ -   	Testing dev Minibatch:    1
03/05/2021 12:36:32 - INFO - __main__ -   	Testing dev Minibatch:    2
03/05/2021 12:36:33 - INFO - __main__ -   
============ Predict Tweet Stance ============
Labels 	Prec. 	Recall	F1    	Supp  
Denial 	0.3980	0.7363	0.5167	273
Support	0.0000	0.0000	0.0000	204
Comment	0.3824	0.0677	0.1150	192
Queries	0.0395	0.2727	0.0690	22
MacroF1	0.1752
F1w_avg	0.2383
Acc    	31.8

============ Predict Viral Tweets ============
Labels 	Prec. 	Recall	F1    	Supp  
N_viral	0.9001	1.0000	0.9474	622
Viral  	0.0000	0.0000	0.0000	69
MacroF1	0.4737
F1w_avg	0.8528
Acc    	90.0

03/05/2021 12:36:33 - INFO - __main__ -   Best results so far. Saving model...
03/05/2021 12:36:34 - INFO - __main__ -   	EPOCH:   1	MiniBatch:    0
03/05/2021 12:36:35 - INFO - __main__ -   	EPOCH:   1	MiniBatch:    1
03/05/2021 12:36:36 - INFO - __main__ -   	EPOCH:   1	MiniBatch:    2
03/05/2021 12:36:37 - INFO - __main__ -   	EPOCH:   1	MiniBatch:    3
03/05/2021 12:36:37 - INFO - __main__ -   	EPOCH:   1	MiniBatch:    4
03/05/2021 12:36:38 - INFO - __main__ -   	EPOCH:   1	MiniBatch:    5
03/05/2021 12:36:39 - INFO - __main__ -   	EPOCH:   1	MiniBatch:    6
03/05/2021 12:36:39 - INFO - __main__ -   	EPOCH:   1	MiniBatch:    7
03/05/2021 12:36:40 - INFO - __main__ -   	EPOCH:   1	MiniBatch:    8
03/05/2021 12:36:41 - INFO - __main__ -   	EPOCH:   1	MiniBatch:    9
03/05/2021 12:36:41 - INFO - __main__ -   	EPOCH:   1	MiniBatch:   10
03/05/2021 12:36:42 - INFO - __main__ -   	EPOCH:   1	MiniBatch:   11
03/05/2021 12:36:43 - INFO - __main__ -   	EPOCH:   1	MiniBatch:   12
03/05/2021 12:36:44 - INFO - __main__ -   	EPOCH:   1	MiniBatch:   13
03/05/2021 12:36:44 - INFO - __main__ -   	EPOCH:   1	MiniBatch:   14
03/05/2021 12:36:45 - INFO - __main__ -   	EPOCH:   1	MiniBatch:   15
03/05/2021 12:36:46 - INFO - __main__ -   	EPOCH:   1	MiniBatch:   16
03/05/2021 12:36:46 - INFO - __main__ -   	EPOCH:   1	MiniBatch:   17
03/05/2021 12:36:47 - INFO - __main__ -   	EPOCH:   1	MiniBatch:   18
03/05/2021 12:36:48 - INFO - __main__ -   	EPOCH:   1	MiniBatch:   19
03/05/2021 12:36:49 - INFO - __main__ -   	EPOCH:   1	MiniBatch:   20
03/05/2021 12:36:49 - INFO - __main__ -   	Testing dev Minibatch:    0
03/05/2021 12:36:50 - INFO - __main__ -   	Testing dev Minibatch:    1
03/05/2021 12:36:51 - INFO - __main__ -   	Testing dev Minibatch:    2
03/05/2021 12:36:51 - INFO - __main__ -   
============ Predict Tweet Stance ============
Labels 	Prec. 	Recall	F1    	Supp  
Denial 	0.4902	0.7363	0.5886	273
Support	0.3981	0.2108	0.2756	204
Comment	0.4459	0.1719	0.2481	192
Queries	0.1616	0.7273	0.2645	22
MacroF1	0.3442
F1w_avg	0.3913
Acc    	42.4

============ Predict Viral Tweets ============
Labels 	Prec. 	Recall	F1    	Supp  
N_viral	0.9001	1.0000	0.9474	622
Viral  	0.0000	0.0000	0.0000	69
MacroF1	0.4737
F1w_avg	0.8528
Acc    	90.0

03/05/2021 12:36:51 - INFO - __main__ -   Best results so far. Saving model...
03/05/2021 12:36:53 - INFO - __main__ -   	EPOCH:   2	MiniBatch:    0
03/05/2021 12:36:53 - INFO - __main__ -   	EPOCH:   2	MiniBatch:    1
03/05/2021 12:36:54 - INFO - __main__ -   	EPOCH:   2	MiniBatch:    2
03/05/2021 12:36:55 - INFO - __main__ -   	EPOCH:   2	MiniBatch:    3
03/05/2021 12:36:56 - INFO - __main__ -   	EPOCH:   2	MiniBatch:    4
03/05/2021 12:36:56 - INFO - __main__ -   	EPOCH:   2	MiniBatch:    5
03/05/2021 12:36:57 - INFO - __main__ -   	EPOCH:   2	MiniBatch:    6
03/05/2021 12:36:58 - INFO - __main__ -   	EPOCH:   2	MiniBatch:    7
03/05/2021 12:36:58 - INFO - __main__ -   	EPOCH:   2	MiniBatch:    8
03/05/2021 12:36:59 - INFO - __main__ -   	EPOCH:   2	MiniBatch:    9
03/05/2021 12:37:00 - INFO - __main__ -   	EPOCH:   2	MiniBatch:   10
03/05/2021 12:37:00 - INFO - __main__ -   	EPOCH:   2	MiniBatch:   11
03/05/2021 12:37:01 - INFO - __main__ -   	EPOCH:   2	MiniBatch:   12
03/05/2021 12:37:02 - INFO - __main__ -   	EPOCH:   2	MiniBatch:   13
03/05/2021 12:37:02 - INFO - __main__ -   	EPOCH:   2	MiniBatch:   14
03/05/2021 12:37:03 - INFO - __main__ -   	EPOCH:   2	MiniBatch:   15
03/05/2021 12:37:04 - INFO - __main__ -   	EPOCH:   2	MiniBatch:   16
03/05/2021 12:37:05 - INFO - __main__ -   	EPOCH:   2	MiniBatch:   17
03/05/2021 12:37:05 - INFO - __main__ -   	EPOCH:   2	MiniBatch:   18
03/05/2021 12:37:06 - INFO - __main__ -   	EPOCH:   2	MiniBatch:   19
03/05/2021 12:37:07 - INFO - __main__ -   	EPOCH:   2	MiniBatch:   20
03/05/2021 12:37:07 - INFO - __main__ -   	Testing dev Minibatch:    0
03/05/2021 12:37:08 - INFO - __main__ -   	Testing dev Minibatch:    1
03/05/2021 12:37:09 - INFO - __main__ -   	Testing dev Minibatch:    2
03/05/2021 12:37:09 - INFO - __main__ -   
============ Predict Tweet Stance ============
Labels 	Prec. 	Recall	F1    	Supp  
Denial 	0.5348	0.6190	0.5739	273
Support	0.4623	0.4510	0.4566	204
Comment	0.4825	0.3594	0.4119	192
Queries	0.3333	0.5000	0.4000	22
MacroF1	0.4606
F1w_avg	0.4887
Acc    	49.3

============ Predict Viral Tweets ============
Labels 	Prec. 	Recall	F1    	Supp  
N_viral	0.9001	1.0000	0.9474	622
Viral  	0.0000	0.0000	0.0000	69
MacroF1	0.4737
F1w_avg	0.8528
Acc    	90.0

03/05/2021 12:37:09 - INFO - __main__ -   Best results so far. Saving model...
03/05/2021 12:37:11 - INFO - __main__ -   	EPOCH:   3	MiniBatch:    0
03/05/2021 12:37:12 - INFO - __main__ -   	EPOCH:   3	MiniBatch:    1
03/05/2021 12:37:12 - INFO - __main__ -   	EPOCH:   3	MiniBatch:    2
03/05/2021 12:37:13 - INFO - __main__ -   	EPOCH:   3	MiniBatch:    3
03/05/2021 12:37:14 - INFO - __main__ -   	EPOCH:   3	MiniBatch:    4
03/05/2021 12:37:14 - INFO - __main__ -   	EPOCH:   3	MiniBatch:    5
03/05/2021 12:37:15 - INFO - __main__ -   	EPOCH:   3	MiniBatch:    6
03/05/2021 12:37:16 - INFO - __main__ -   	EPOCH:   3	MiniBatch:    7
03/05/2021 12:37:16 - INFO - __main__ -   	EPOCH:   3	MiniBatch:    8
03/05/2021 12:37:17 - INFO - __main__ -   	EPOCH:   3	MiniBatch:    9
03/05/2021 12:37:18 - INFO - __main__ -   	EPOCH:   3	MiniBatch:   10
03/05/2021 12:37:19 - INFO - __main__ -   	EPOCH:   3	MiniBatch:   11
03/05/2021 12:37:19 - INFO - __main__ -   	EPOCH:   3	MiniBatch:   12
03/05/2021 12:37:20 - INFO - __main__ -   	EPOCH:   3	MiniBatch:   13
03/05/2021 12:37:21 - INFO - __main__ -   	EPOCH:   3	MiniBatch:   14
03/05/2021 12:37:21 - INFO - __main__ -   	EPOCH:   3	MiniBatch:   15
03/05/2021 12:37:22 - INFO - __main__ -   	EPOCH:   3	MiniBatch:   16
03/05/2021 12:37:23 - INFO - __main__ -   	EPOCH:   3	MiniBatch:   17
03/05/2021 12:37:24 - INFO - __main__ -   	EPOCH:   3	MiniBatch:   18
03/05/2021 12:37:24 - INFO - __main__ -   	EPOCH:   3	MiniBatch:   19
03/05/2021 12:37:25 - INFO - __main__ -   	EPOCH:   3	MiniBatch:   20
03/05/2021 12:37:26 - INFO - __main__ -   	Testing dev Minibatch:    0
03/05/2021 12:37:26 - INFO - __main__ -   	Testing dev Minibatch:    1
03/05/2021 12:37:27 - INFO - __main__ -   	Testing dev Minibatch:    2
03/05/2021 12:37:27 - INFO - __main__ -   
============ Predict Tweet Stance ============
Labels 	Prec. 	Recall	F1    	Supp  
Denial 	0.5753	0.7692	0.6583	273
Support	0.5556	0.2451	0.3401	204
Comment	0.4954	0.5573	0.5245	192
Queries	0.3500	0.3182	0.3333	22
MacroF1	0.4641
F1w_avg	0.5169
Acc    	54.1

============ Predict Viral Tweets ============
Labels 	Prec. 	Recall	F1    	Supp  
N_viral	0.9034	0.9920	0.9456	622
Viral  	0.3750	0.0435	0.0779	69
MacroF1	0.5118
F1w_avg	0.8590
Acc    	89.7

03/05/2021 12:37:27 - INFO - __main__ -   Best results so far. Saving model...
03/05/2021 12:37:29 - INFO - __main__ -   	EPOCH:   4	MiniBatch:    0
03/05/2021 12:37:30 - INFO - __main__ -   	EPOCH:   4	MiniBatch:    1
03/05/2021 12:37:31 - INFO - __main__ -   	EPOCH:   4	MiniBatch:    2
03/05/2021 12:37:31 - INFO - __main__ -   	EPOCH:   4	MiniBatch:    3
03/05/2021 12:37:32 - INFO - __main__ -   	EPOCH:   4	MiniBatch:    4
03/05/2021 12:37:33 - INFO - __main__ -   	EPOCH:   4	MiniBatch:    5
03/05/2021 12:37:33 - INFO - __main__ -   	EPOCH:   4	MiniBatch:    6
03/05/2021 12:37:34 - INFO - __main__ -   	EPOCH:   4	MiniBatch:    7
03/05/2021 12:37:35 - INFO - __main__ -   	EPOCH:   4	MiniBatch:    8
03/05/2021 12:37:35 - INFO - __main__ -   	EPOCH:   4	MiniBatch:    9
03/05/2021 12:37:36 - INFO - __main__ -   	EPOCH:   4	MiniBatch:   10
03/05/2021 12:37:37 - INFO - __main__ -   	EPOCH:   4	MiniBatch:   11
03/05/2021 12:37:38 - INFO - __main__ -   	EPOCH:   4	MiniBatch:   12
03/05/2021 12:37:38 - INFO - __main__ -   	EPOCH:   4	MiniBatch:   13
03/05/2021 12:37:39 - INFO - __main__ -   	EPOCH:   4	MiniBatch:   14
03/05/2021 12:37:40 - INFO - __main__ -   	EPOCH:   4	MiniBatch:   15
03/05/2021 12:37:40 - INFO - __main__ -   	EPOCH:   4	MiniBatch:   16
03/05/2021 12:37:41 - INFO - __main__ -   	EPOCH:   4	MiniBatch:   17
03/05/2021 12:37:42 - INFO - __main__ -   	EPOCH:   4	MiniBatch:   18
03/05/2021 12:37:42 - INFO - __main__ -   	EPOCH:   4	MiniBatch:   19
03/05/2021 12:37:43 - INFO - __main__ -   	EPOCH:   4	MiniBatch:   20
03/05/2021 12:37:44 - INFO - __main__ -   	Testing dev Minibatch:    0
03/05/2021 12:37:45 - INFO - __main__ -   	Testing dev Minibatch:    1
03/05/2021 12:37:45 - INFO - __main__ -   	Testing dev Minibatch:    2
03/05/2021 12:37:46 - INFO - __main__ -   
============ Predict Tweet Stance ============
Labels 	Prec. 	Recall	F1    	Supp  
Denial 	0.7342	0.6374	0.6824	273
Support	0.5075	0.6618	0.5745	204
Comment	0.5486	0.5000	0.5232	192
Queries	0.3846	0.2273	0.2857	22
MacroF1	0.5164
F1w_avg	0.5936
Acc    	59.3

============ Predict Viral Tweets ============
Labels 	Prec. 	Recall	F1    	Supp  
N_viral	0.9081	0.9695	0.9378	622
Viral  	0.2963	0.1159	0.1667	69
MacroF1	0.5522
F1w_avg	0.8608
Acc    	88.4

03/05/2021 12:37:46 - INFO - __main__ -   Best results so far. Saving model...
03/05/2021 12:37:47 - INFO - __main__ -   	EPOCH:   5	MiniBatch:    0
03/05/2021 12:37:48 - INFO - __main__ -   	EPOCH:   5	MiniBatch:    1
03/05/2021 12:37:49 - INFO - __main__ -   	EPOCH:   5	MiniBatch:    2
03/05/2021 12:37:49 - INFO - __main__ -   	EPOCH:   5	MiniBatch:    3
03/05/2021 12:37:50 - INFO - __main__ -   	EPOCH:   5	MiniBatch:    4
03/05/2021 12:37:51 - INFO - __main__ -   	EPOCH:   5	MiniBatch:    5
03/05/2021 12:37:52 - INFO - __main__ -   	EPOCH:   5	MiniBatch:    6
03/05/2021 12:37:52 - INFO - __main__ -   	EPOCH:   5	MiniBatch:    7
03/05/2021 12:37:53 - INFO - __main__ -   	EPOCH:   5	MiniBatch:    8
03/05/2021 12:37:54 - INFO - __main__ -   	EPOCH:   5	MiniBatch:    9
03/05/2021 12:37:54 - INFO - __main__ -   	EPOCH:   5	MiniBatch:   10
03/05/2021 12:37:55 - INFO - __main__ -   	EPOCH:   5	MiniBatch:   11
03/05/2021 12:37:56 - INFO - __main__ -   	EPOCH:   5	MiniBatch:   12
03/05/2021 12:37:56 - INFO - __main__ -   	EPOCH:   5	MiniBatch:   13
03/05/2021 12:37:57 - INFO - __main__ -   	EPOCH:   5	MiniBatch:   14
03/05/2021 12:37:58 - INFO - __main__ -   	EPOCH:   5	MiniBatch:   15
03/05/2021 12:37:59 - INFO - __main__ -   	EPOCH:   5	MiniBatch:   16
03/05/2021 12:37:59 - INFO - __main__ -   	EPOCH:   5	MiniBatch:   17
03/05/2021 12:38:00 - INFO - __main__ -   	EPOCH:   5	MiniBatch:   18
03/05/2021 12:38:01 - INFO - __main__ -   	EPOCH:   5	MiniBatch:   19
03/05/2021 12:38:01 - INFO - __main__ -   	EPOCH:   5	MiniBatch:   20
03/05/2021 12:38:02 - INFO - __main__ -   	Testing dev Minibatch:    0
03/05/2021 12:38:03 - INFO - __main__ -   	Testing dev Minibatch:    1
03/05/2021 12:38:04 - INFO - __main__ -   	Testing dev Minibatch:    2
03/05/2021 12:38:04 - INFO - __main__ -   
============ Predict Tweet Stance ============
Labels 	Prec. 	Recall	F1    	Supp  
Denial 	0.6380	0.7875	0.7049	273
Support	0.5533	0.5343	0.5436	204
Comment	0.5578	0.4271	0.4838	192
Queries	0.3000	0.1364	0.1875	22
MacroF1	0.4800
F1w_avg	0.5794
Acc    	59.2

============ Predict Viral Tweets ============
Labels 	Prec. 	Recall	F1    	Supp  
N_viral	0.9056	0.9871	0.9446	622
Viral  	0.3846	0.0725	0.1220	69
MacroF1	0.5333
F1w_avg	0.8625
Acc    	89.6

03/05/2021 12:38:04 - INFO - __main__ -   	EPOCH:   6	MiniBatch:    0
03/05/2021 12:38:05 - INFO - __main__ -   	EPOCH:   6	MiniBatch:    1
03/05/2021 12:38:05 - INFO - __main__ -   	EPOCH:   6	MiniBatch:    2
03/05/2021 12:38:06 - INFO - __main__ -   	EPOCH:   6	MiniBatch:    3
03/05/2021 12:38:07 - INFO - __main__ -   	EPOCH:   6	MiniBatch:    4
03/05/2021 12:38:08 - INFO - __main__ -   	EPOCH:   6	MiniBatch:    5
03/05/2021 12:38:08 - INFO - __main__ -   	EPOCH:   6	MiniBatch:    6
03/05/2021 12:38:09 - INFO - __main__ -   	EPOCH:   6	MiniBatch:    7
03/05/2021 12:38:10 - INFO - __main__ -   	EPOCH:   6	MiniBatch:    8
03/05/2021 12:38:10 - INFO - __main__ -   	EPOCH:   6	MiniBatch:    9
03/05/2021 12:38:11 - INFO - __main__ -   	EPOCH:   6	MiniBatch:   10
03/05/2021 12:38:12 - INFO - __main__ -   	EPOCH:   6	MiniBatch:   11
03/05/2021 12:38:13 - INFO - __main__ -   	EPOCH:   6	MiniBatch:   12
03/05/2021 12:38:13 - INFO - __main__ -   	EPOCH:   6	MiniBatch:   13
03/05/2021 12:38:14 - INFO - __main__ -   	EPOCH:   6	MiniBatch:   14
03/05/2021 12:38:15 - INFO - __main__ -   	EPOCH:   6	MiniBatch:   15
03/05/2021 12:38:15 - INFO - __main__ -   	EPOCH:   6	MiniBatch:   16
03/05/2021 12:38:16 - INFO - __main__ -   	EPOCH:   6	MiniBatch:   17
03/05/2021 12:38:17 - INFO - __main__ -   	EPOCH:   6	MiniBatch:   18
03/05/2021 12:38:17 - INFO - __main__ -   	EPOCH:   6	MiniBatch:   19
03/05/2021 12:38:18 - INFO - __main__ -   	EPOCH:   6	MiniBatch:   20
03/05/2021 12:38:19 - INFO - __main__ -   	Testing dev Minibatch:    0
03/05/2021 12:38:20 - INFO - __main__ -   	Testing dev Minibatch:    1
03/05/2021 12:38:20 - INFO - __main__ -   	Testing dev Minibatch:    2
03/05/2021 12:38:21 - INFO - __main__ -   
============ Predict Tweet Stance ============
Labels 	Prec. 	Recall	F1    	Supp  
Denial 	0.6189	0.7912	0.6945	273
Support	0.5984	0.3725	0.4592	204
Comment	0.5204	0.5312	0.5258	192
Queries	0.3684	0.3182	0.3415	22
MacroF1	0.5052
F1w_avg	0.5669
Acc    	58.0

============ Predict Viral Tweets ============
Labels 	Prec. 	Recall	F1    	Supp  
N_viral	0.9096	0.9711	0.9393	622
Viral  	0.3333	0.1304	0.1875	69
MacroF1	0.5634
F1w_avg	0.8643
Acc    	88.7

03/05/2021 12:38:21 - INFO - __main__ -   Best results so far. Saving model...
03/05/2021 12:38:22 - INFO - __main__ -   	EPOCH:   7	MiniBatch:    0
03/05/2021 12:38:23 - INFO - __main__ -   	EPOCH:   7	MiniBatch:    1
03/05/2021 12:38:24 - INFO - __main__ -   	EPOCH:   7	MiniBatch:    2
03/05/2021 12:38:24 - INFO - __main__ -   	EPOCH:   7	MiniBatch:    3
03/05/2021 12:38:25 - INFO - __main__ -   	EPOCH:   7	MiniBatch:    4
03/05/2021 12:38:26 - INFO - __main__ -   	EPOCH:   7	MiniBatch:    5
03/05/2021 12:38:27 - INFO - __main__ -   	EPOCH:   7	MiniBatch:    6
03/05/2021 12:38:27 - INFO - __main__ -   	EPOCH:   7	MiniBatch:    7
03/05/2021 12:38:28 - INFO - __main__ -   	EPOCH:   7	MiniBatch:    8
03/05/2021 12:38:29 - INFO - __main__ -   	EPOCH:   7	MiniBatch:    9
03/05/2021 12:38:29 - INFO - __main__ -   	EPOCH:   7	MiniBatch:   10
03/05/2021 12:38:30 - INFO - __main__ -   	EPOCH:   7	MiniBatch:   11
03/05/2021 12:38:31 - INFO - __main__ -   	EPOCH:   7	MiniBatch:   12
03/05/2021 12:38:31 - INFO - __main__ -   	EPOCH:   7	MiniBatch:   13
03/05/2021 12:38:32 - INFO - __main__ -   	EPOCH:   7	MiniBatch:   14
03/05/2021 12:38:33 - INFO - __main__ -   	EPOCH:   7	MiniBatch:   15
03/05/2021 12:38:34 - INFO - __main__ -   	EPOCH:   7	MiniBatch:   16
03/05/2021 12:38:34 - INFO - __main__ -   	EPOCH:   7	MiniBatch:   17
03/05/2021 12:38:35 - INFO - __main__ -   	EPOCH:   7	MiniBatch:   18
03/05/2021 12:38:36 - INFO - __main__ -   	EPOCH:   7	MiniBatch:   19
03/05/2021 12:38:36 - INFO - __main__ -   	EPOCH:   7	MiniBatch:   20
03/05/2021 12:38:37 - INFO - __main__ -   	Testing dev Minibatch:    0
03/05/2021 12:38:38 - INFO - __main__ -   	Testing dev Minibatch:    1
03/05/2021 12:38:39 - INFO - __main__ -   	Testing dev Minibatch:    2
03/05/2021 12:38:39 - INFO - __main__ -   
============ Predict Tweet Stance ============
Labels 	Prec. 	Recall	F1    	Supp  
Denial 	0.7682	0.6190	0.6856	273
Support	0.6015	0.3922	0.4748	204
Comment	0.4193	0.7031	0.5253	192
Queries	0.3125	0.2273	0.2632	22
MacroF1	0.4872
F1w_avg	0.5654
Acc    	56.3

============ Predict Viral Tweets ============
Labels 	Prec. 	Recall	F1    	Supp  
N_viral	0.9131	0.9630	0.9374	622
Viral  	0.3429	0.1739	0.2308	69
MacroF1	0.5841
F1w_avg	0.8668
Acc    	88.4

03/05/2021 12:38:39 - INFO - __main__ -   Best results so far. Saving model...
03/05/2021 12:38:41 - INFO - __main__ -   	EPOCH:   8	MiniBatch:    0
03/05/2021 12:38:41 - INFO - __main__ -   	EPOCH:   8	MiniBatch:    1
03/05/2021 12:38:42 - INFO - __main__ -   	EPOCH:   8	MiniBatch:    2
03/05/2021 12:38:43 - INFO - __main__ -   	EPOCH:   8	MiniBatch:    3
03/05/2021 12:38:43 - INFO - __main__ -   	EPOCH:   8	MiniBatch:    4
03/05/2021 12:38:44 - INFO - __main__ -   	EPOCH:   8	MiniBatch:    5
03/05/2021 12:38:45 - INFO - __main__ -   	EPOCH:   8	MiniBatch:    6
03/05/2021 12:38:46 - INFO - __main__ -   	EPOCH:   8	MiniBatch:    7
03/05/2021 12:38:46 - INFO - __main__ -   	EPOCH:   8	MiniBatch:    8
03/05/2021 12:38:47 - INFO - __main__ -   	EPOCH:   8	MiniBatch:    9
03/05/2021 12:38:48 - INFO - __main__ -   	EPOCH:   8	MiniBatch:   10
03/05/2021 12:38:48 - INFO - __main__ -   	EPOCH:   8	MiniBatch:   11
03/05/2021 12:38:49 - INFO - __main__ -   	EPOCH:   8	MiniBatch:   12
03/05/2021 12:38:50 - INFO - __main__ -   	EPOCH:   8	MiniBatch:   13
03/05/2021 12:38:51 - INFO - __main__ -   	EPOCH:   8	MiniBatch:   14
03/05/2021 12:38:51 - INFO - __main__ -   	EPOCH:   8	MiniBatch:   15
03/05/2021 12:38:52 - INFO - __main__ -   	EPOCH:   8	MiniBatch:   16
03/05/2021 12:38:53 - INFO - __main__ -   	EPOCH:   8	MiniBatch:   17
03/05/2021 12:38:53 - INFO - __main__ -   	EPOCH:   8	MiniBatch:   18
03/05/2021 12:38:54 - INFO - __main__ -   	EPOCH:   8	MiniBatch:   19
03/05/2021 12:38:55 - INFO - __main__ -   	EPOCH:   8	MiniBatch:   20
03/05/2021 12:38:55 - INFO - __main__ -   	Testing dev Minibatch:    0
03/05/2021 12:38:56 - INFO - __main__ -   	Testing dev Minibatch:    1
03/05/2021 12:38:57 - INFO - __main__ -   	Testing dev Minibatch:    2
03/05/2021 12:38:57 - INFO - __main__ -   
============ Predict Tweet Stance ============
Labels 	Prec. 	Recall	F1    	Supp  
Denial 	0.7415	0.6410	0.6876	273
Support	0.5388	0.6471	0.5880	204
Comment	0.4975	0.5104	0.5039	192
Queries	0.3846	0.2273	0.2857	22
MacroF1	0.5163
F1w_avg	0.5943
Acc    	59.3

============ Predict Viral Tweets ============
Labels 	Prec. 	Recall	F1    	Supp  
N_viral	0.9019	0.9904	0.9441	622
Viral  	0.2500	0.0290	0.0519	69
MacroF1	0.4980
F1w_avg	0.8550
Acc    	89.4

03/05/2021 12:38:57 - INFO - __main__ -   	EPOCH:   9	MiniBatch:    0
03/05/2021 12:38:58 - INFO - __main__ -   	EPOCH:   9	MiniBatch:    1
03/05/2021 12:38:59 - INFO - __main__ -   	EPOCH:   9	MiniBatch:    2
03/05/2021 12:38:59 - INFO - __main__ -   	EPOCH:   9	MiniBatch:    3
03/05/2021 12:39:00 - INFO - __main__ -   	EPOCH:   9	MiniBatch:    4
03/05/2021 12:39:01 - INFO - __main__ -   	EPOCH:   9	MiniBatch:    5
03/05/2021 12:39:02 - INFO - __main__ -   	EPOCH:   9	MiniBatch:    6
03/05/2021 12:39:02 - INFO - __main__ -   	EPOCH:   9	MiniBatch:    7
03/05/2021 12:39:03 - INFO - __main__ -   	EPOCH:   9	MiniBatch:    8
03/05/2021 12:39:04 - INFO - __main__ -   	EPOCH:   9	MiniBatch:    9
03/05/2021 12:39:04 - INFO - __main__ -   	EPOCH:   9	MiniBatch:   10
03/05/2021 12:39:05 - INFO - __main__ -   	EPOCH:   9	MiniBatch:   11
03/05/2021 12:39:06 - INFO - __main__ -   	EPOCH:   9	MiniBatch:   12
03/05/2021 12:39:06 - INFO - __main__ -   	EPOCH:   9	MiniBatch:   13
03/05/2021 12:39:07 - INFO - __main__ -   	EPOCH:   9	MiniBatch:   14
03/05/2021 12:39:08 - INFO - __main__ -   	EPOCH:   9	MiniBatch:   15
03/05/2021 12:39:09 - INFO - __main__ -   	EPOCH:   9	MiniBatch:   16
03/05/2021 12:39:09 - INFO - __main__ -   	EPOCH:   9	MiniBatch:   17
03/05/2021 12:39:10 - INFO - __main__ -   	EPOCH:   9	MiniBatch:   18
03/05/2021 12:39:11 - INFO - __main__ -   	EPOCH:   9	MiniBatch:   19
03/05/2021 12:39:11 - INFO - __main__ -   	EPOCH:   9	MiniBatch:   20
03/05/2021 12:39:12 - INFO - __main__ -   	Testing dev Minibatch:    0
03/05/2021 12:39:13 - INFO - __main__ -   	Testing dev Minibatch:    1
03/05/2021 12:39:14 - INFO - __main__ -   	Testing dev Minibatch:    2
03/05/2021 12:39:14 - INFO - __main__ -   
============ Predict Tweet Stance ============
Labels 	Prec. 	Recall	F1    	Supp  
Denial 	0.6992	0.6300	0.6628	273
Support	0.4981	0.6422	0.5610	204
Comment	0.4940	0.4323	0.4611	192
Queries	0.4286	0.2727	0.3333	22
MacroF1	0.5046
F1w_avg	0.5662
Acc    	56.7

============ Predict Viral Tweets ============
Labels 	Prec. 	Recall	F1    	Supp  
N_viral	0.9088	0.9775	0.9419	622
Viral  	0.3636	0.1159	0.1758	69
MacroF1	0.5589
F1w_avg	0.8654
Acc    	89.1

03/05/2021 12:39:14 - INFO - __main__ -   	EPOCH:  10	MiniBatch:    0
03/05/2021 12:39:15 - INFO - __main__ -   	EPOCH:  10	MiniBatch:    1
03/05/2021 12:39:15 - INFO - __main__ -   	EPOCH:  10	MiniBatch:    2
03/05/2021 12:39:16 - INFO - __main__ -   	EPOCH:  10	MiniBatch:    3
03/05/2021 12:39:17 - INFO - __main__ -   	EPOCH:  10	MiniBatch:    4
03/05/2021 12:39:18 - INFO - __main__ -   	EPOCH:  10	MiniBatch:    5
03/05/2021 12:39:18 - INFO - __main__ -   	EPOCH:  10	MiniBatch:    6
03/05/2021 12:39:19 - INFO - __main__ -   	EPOCH:  10	MiniBatch:    7
03/05/2021 12:39:20 - INFO - __main__ -   	EPOCH:  10	MiniBatch:    8
03/05/2021 12:39:20 - INFO - __main__ -   	EPOCH:  10	MiniBatch:    9
03/05/2021 12:39:21 - INFO - __main__ -   	EPOCH:  10	MiniBatch:   10
03/05/2021 12:39:22 - INFO - __main__ -   	EPOCH:  10	MiniBatch:   11
03/05/2021 12:39:23 - INFO - __main__ -   	EPOCH:  10	MiniBatch:   12
03/05/2021 12:39:23 - INFO - __main__ -   	EPOCH:  10	MiniBatch:   13
03/05/2021 12:39:24 - INFO - __main__ -   	EPOCH:  10	MiniBatch:   14
03/05/2021 12:39:25 - INFO - __main__ -   	EPOCH:  10	MiniBatch:   15
03/05/2021 12:39:25 - INFO - __main__ -   	EPOCH:  10	MiniBatch:   16
03/05/2021 12:39:26 - INFO - __main__ -   	EPOCH:  10	MiniBatch:   17
03/05/2021 12:39:27 - INFO - __main__ -   	EPOCH:  10	MiniBatch:   18
03/05/2021 12:39:27 - INFO - __main__ -   	EPOCH:  10	MiniBatch:   19
03/05/2021 12:39:28 - INFO - __main__ -   	EPOCH:  10	MiniBatch:   20
03/05/2021 12:39:29 - INFO - __main__ -   	Testing dev Minibatch:    0
03/05/2021 12:39:30 - INFO - __main__ -   	Testing dev Minibatch:    1
03/05/2021 12:39:30 - INFO - __main__ -   	Testing dev Minibatch:    2
03/05/2021 12:39:31 - INFO - __main__ -   
============ Predict Tweet Stance ============
Labels 	Prec. 	Recall	F1    	Supp  
Denial 	0.7186	0.6081	0.6587	273
Support	0.5270	0.5735	0.5493	204
Comment	0.4800	0.5625	0.5180	192
Queries	0.3846	0.2273	0.2857	22
MacroF1	0.5029
F1w_avg	0.5754
Acc    	57.3

============ Predict Viral Tweets ============
Labels 	Prec. 	Recall	F1    	Supp  
N_viral	0.9046	0.9904	0.9455	622
Viral  	0.4000	0.0580	0.1013	69
MacroF1	0.5234
F1w_avg	0.8612
Acc    	89.7

03/05/2021 12:39:31 - INFO - __main__ -   	EPOCH:  11	MiniBatch:    0
03/05/2021 12:39:32 - INFO - __main__ -   	EPOCH:  11	MiniBatch:    1
03/05/2021 12:39:32 - INFO - __main__ -   	EPOCH:  11	MiniBatch:    2
03/05/2021 12:39:33 - INFO - __main__ -   	EPOCH:  11	MiniBatch:    3
03/05/2021 12:39:34 - INFO - __main__ -   	EPOCH:  11	MiniBatch:    4
03/05/2021 12:39:34 - INFO - __main__ -   	EPOCH:  11	MiniBatch:    5
03/05/2021 12:39:35 - INFO - __main__ -   	EPOCH:  11	MiniBatch:    6
03/05/2021 12:39:36 - INFO - __main__ -   	EPOCH:  11	MiniBatch:    7
03/05/2021 12:39:36 - INFO - __main__ -   	EPOCH:  11	MiniBatch:    8
03/05/2021 12:39:37 - INFO - __main__ -   	EPOCH:  11	MiniBatch:    9
03/05/2021 12:39:38 - INFO - __main__ -   	EPOCH:  11	MiniBatch:   10
03/05/2021 12:39:39 - INFO - __main__ -   	EPOCH:  11	MiniBatch:   11
03/05/2021 12:39:39 - INFO - __main__ -   	EPOCH:  11	MiniBatch:   12
03/05/2021 12:39:40 - INFO - __main__ -   	EPOCH:  11	MiniBatch:   13
03/05/2021 12:39:41 - INFO - __main__ -   	EPOCH:  11	MiniBatch:   14
03/05/2021 12:39:41 - INFO - __main__ -   	EPOCH:  11	MiniBatch:   15
03/05/2021 12:39:42 - INFO - __main__ -   	EPOCH:  11	MiniBatch:   16
03/05/2021 12:39:43 - INFO - __main__ -   	EPOCH:  11	MiniBatch:   17
03/05/2021 12:39:44 - INFO - __main__ -   	EPOCH:  11	MiniBatch:   18
03/05/2021 12:39:44 - INFO - __main__ -   	EPOCH:  11	MiniBatch:   19
03/05/2021 12:39:45 - INFO - __main__ -   	EPOCH:  11	MiniBatch:   20
03/05/2021 12:39:46 - INFO - __main__ -   	Testing dev Minibatch:    0
03/05/2021 12:39:46 - INFO - __main__ -   	Testing dev Minibatch:    1
03/05/2021 12:39:47 - INFO - __main__ -   	Testing dev Minibatch:    2
03/05/2021 12:39:47 - INFO - __main__ -   
============ Predict Tweet Stance ============
Labels 	Prec. 	Recall	F1    	Supp  
Denial 	0.6950	0.6593	0.6767	273
Support	0.5683	0.5098	0.5375	204
Comment	0.4726	0.5833	0.5221	192
Queries	0.3333	0.1818	0.2353	22
MacroF1	0.4929
F1w_avg	0.5786
Acc    	57.9

============ Predict Viral Tweets ============
Labels 	Prec. 	Recall	F1    	Supp  
N_viral	0.9187	0.9630	0.9403	622
Viral  	0.4103	0.2319	0.2963	69
MacroF1	0.6183
F1w_avg	0.8760
Acc    	89.0

03/05/2021 12:39:47 - INFO - __main__ -   Best results so far. Saving model...
03/05/2021 12:39:49 - INFO - __main__ -   	EPOCH:  12	MiniBatch:    0
03/05/2021 12:39:50 - INFO - __main__ -   	EPOCH:  12	MiniBatch:    1
03/05/2021 12:39:51 - INFO - __main__ -   	EPOCH:  12	MiniBatch:    2
03/05/2021 12:39:51 - INFO - __main__ -   	EPOCH:  12	MiniBatch:    3
03/05/2021 12:39:52 - INFO - __main__ -   	EPOCH:  12	MiniBatch:    4
03/05/2021 12:39:53 - INFO - __main__ -   	EPOCH:  12	MiniBatch:    5
03/05/2021 12:39:53 - INFO - __main__ -   	EPOCH:  12	MiniBatch:    6
03/05/2021 12:39:54 - INFO - __main__ -   	EPOCH:  12	MiniBatch:    7
03/05/2021 12:39:55 - INFO - __main__ -   	EPOCH:  12	MiniBatch:    8
03/05/2021 12:39:55 - INFO - __main__ -   	EPOCH:  12	MiniBatch:    9
03/05/2021 12:39:56 - INFO - __main__ -   	EPOCH:  12	MiniBatch:   10
03/05/2021 12:39:57 - INFO - __main__ -   	EPOCH:  12	MiniBatch:   11
03/05/2021 12:39:58 - INFO - __main__ -   	EPOCH:  12	MiniBatch:   12
03/05/2021 12:39:58 - INFO - __main__ -   	EPOCH:  12	MiniBatch:   13
03/05/2021 12:39:59 - INFO - __main__ -   	EPOCH:  12	MiniBatch:   14
03/05/2021 12:40:00 - INFO - __main__ -   	EPOCH:  12	MiniBatch:   15
03/05/2021 12:40:00 - INFO - __main__ -   	EPOCH:  12	MiniBatch:   16
03/05/2021 12:40:01 - INFO - __main__ -   	EPOCH:  12	MiniBatch:   17
03/05/2021 12:40:02 - INFO - __main__ -   	EPOCH:  12	MiniBatch:   18
03/05/2021 12:40:02 - INFO - __main__ -   	EPOCH:  12	MiniBatch:   19
03/05/2021 12:40:03 - INFO - __main__ -   	EPOCH:  12	MiniBatch:   20
03/05/2021 12:40:04 - INFO - __main__ -   	Testing dev Minibatch:    0
03/05/2021 12:40:05 - INFO - __main__ -   	Testing dev Minibatch:    1
03/05/2021 12:40:05 - INFO - __main__ -   	Testing dev Minibatch:    2
03/05/2021 12:40:06 - INFO - __main__ -   
============ Predict Tweet Stance ============
Labels 	Prec. 	Recall	F1    	Supp  
Denial 	0.7163	0.5641	0.6311	273
Support	0.5367	0.4657	0.4987	204
Comment	0.4311	0.6354	0.5137	192
Queries	0.3750	0.2727	0.3158	22
MacroF1	0.4898
F1w_avg	0.5494
Acc    	54.6

============ Predict Viral Tweets ============
Labels 	Prec. 	Recall	F1    	Supp  
N_viral	0.9113	0.9743	0.9417	622
Viral  	0.3846	0.1449	0.2105	69
MacroF1	0.5761
F1w_avg	0.8687
Acc    	89.1

03/05/2021 12:40:06 - INFO - __main__ -   	EPOCH:  13	MiniBatch:    0
03/05/2021 12:40:07 - INFO - __main__ -   	EPOCH:  13	MiniBatch:    1
03/05/2021 12:40:07 - INFO - __main__ -   	EPOCH:  13	MiniBatch:    2
03/05/2021 12:40:08 - INFO - __main__ -   	EPOCH:  13	MiniBatch:    3
03/05/2021 12:40:09 - INFO - __main__ -   	EPOCH:  13	MiniBatch:    4
03/05/2021 12:40:09 - INFO - __main__ -   	EPOCH:  13	MiniBatch:    5
03/05/2021 12:40:10 - INFO - __main__ -   	EPOCH:  13	MiniBatch:    6
03/05/2021 12:40:11 - INFO - __main__ -   	EPOCH:  13	MiniBatch:    7
03/05/2021 12:40:11 - INFO - __main__ -   	EPOCH:  13	MiniBatch:    8
03/05/2021 12:40:12 - INFO - __main__ -   	EPOCH:  13	MiniBatch:    9
03/05/2021 12:40:13 - INFO - __main__ -   	EPOCH:  13	MiniBatch:   10
03/05/2021 12:40:14 - INFO - __main__ -   	EPOCH:  13	MiniBatch:   11
03/05/2021 12:40:14 - INFO - __main__ -   	EPOCH:  13	MiniBatch:   12
03/05/2021 12:40:15 - INFO - __main__ -   	EPOCH:  13	MiniBatch:   13
03/05/2021 12:40:16 - INFO - __main__ -   	EPOCH:  13	MiniBatch:   14
03/05/2021 12:40:16 - INFO - __main__ -   	EPOCH:  13	MiniBatch:   15
03/05/2021 12:40:17 - INFO - __main__ -   	EPOCH:  13	MiniBatch:   16
03/05/2021 12:40:18 - INFO - __main__ -   	EPOCH:  13	MiniBatch:   17
03/05/2021 12:40:19 - INFO - __main__ -   	EPOCH:  13	MiniBatch:   18
03/05/2021 12:40:19 - INFO - __main__ -   	EPOCH:  13	MiniBatch:   19
03/05/2021 12:40:20 - INFO - __main__ -   	EPOCH:  13	MiniBatch:   20
03/05/2021 12:40:21 - INFO - __main__ -   	Testing dev Minibatch:    0
03/05/2021 12:40:21 - INFO - __main__ -   	Testing dev Minibatch:    1
03/05/2021 12:40:22 - INFO - __main__ -   	Testing dev Minibatch:    2
03/05/2021 12:40:22 - INFO - __main__ -   
============ Predict Tweet Stance ============
Labels 	Prec. 	Recall	F1    	Supp  
Denial 	0.5784	0.7839	0.6656	273
Support	0.6180	0.2696	0.3754	204
Comment	0.4953	0.5521	0.5222	192
Queries	0.3889	0.3182	0.3500	22
MacroF1	0.4783
F1w_avg	0.5300
Acc    	55.3

============ Predict Viral Tweets ============
Labels 	Prec. 	Recall	F1    	Supp  
N_viral	0.9056	0.9871	0.9446	622
Viral  	0.3846	0.0725	0.1220	69
MacroF1	0.5333
F1w_avg	0.8625
Acc    	89.6

03/05/2021 12:40:23 - INFO - __main__ -   	EPOCH:  14	MiniBatch:    0
03/05/2021 12:40:23 - INFO - __main__ -   	EPOCH:  14	MiniBatch:    1
03/05/2021 12:40:24 - INFO - __main__ -   	EPOCH:  14	MiniBatch:    2
03/05/2021 12:40:25 - INFO - __main__ -   	EPOCH:  14	MiniBatch:    3
03/05/2021 12:40:25 - INFO - __main__ -   	EPOCH:  14	MiniBatch:    4
03/05/2021 12:40:26 - INFO - __main__ -   	EPOCH:  14	MiniBatch:    5
03/05/2021 12:40:27 - INFO - __main__ -   	EPOCH:  14	MiniBatch:    6
03/05/2021 12:40:28 - INFO - __main__ -   	EPOCH:  14	MiniBatch:    7
03/05/2021 12:40:28 - INFO - __main__ -   	EPOCH:  14	MiniBatch:    8
03/05/2021 12:40:29 - INFO - __main__ -   	EPOCH:  14	MiniBatch:    9
03/05/2021 12:40:30 - INFO - __main__ -   	EPOCH:  14	MiniBatch:   10
03/05/2021 12:40:30 - INFO - __main__ -   	EPOCH:  14	MiniBatch:   11
03/05/2021 12:40:31 - INFO - __main__ -   	EPOCH:  14	MiniBatch:   12
03/05/2021 12:40:32 - INFO - __main__ -   	EPOCH:  14	MiniBatch:   13
03/05/2021 12:40:32 - INFO - __main__ -   	EPOCH:  14	MiniBatch:   14
03/05/2021 12:40:33 - INFO - __main__ -   	EPOCH:  14	MiniBatch:   15
03/05/2021 12:40:34 - INFO - __main__ -   	EPOCH:  14	MiniBatch:   16
03/05/2021 12:40:35 - INFO - __main__ -   	EPOCH:  14	MiniBatch:   17
03/05/2021 12:40:35 - INFO - __main__ -   	EPOCH:  14	MiniBatch:   18
03/05/2021 12:40:36 - INFO - __main__ -   	EPOCH:  14	MiniBatch:   19
03/05/2021 12:40:37 - INFO - __main__ -   	EPOCH:  14	MiniBatch:   20
03/05/2021 12:40:37 - INFO - __main__ -   	Testing dev Minibatch:    0
03/05/2021 12:40:38 - INFO - __main__ -   	Testing dev Minibatch:    1
03/05/2021 12:40:39 - INFO - __main__ -   	Testing dev Minibatch:    2
03/05/2021 12:40:39 - INFO - __main__ -   
============ Predict Tweet Stance ============
Labels 	Prec. 	Recall	F1    	Supp  
Denial 	0.7349	0.5788	0.6475	273
Support	0.5467	0.6029	0.5734	204
Comment	0.4664	0.5781	0.5163	192
Queries	0.3846	0.2273	0.2857	22
MacroF1	0.5057
F1w_avg	0.5777
Acc    	57.5

============ Predict Viral Tweets ============
Labels 	Prec. 	Recall	F1    	Supp  
N_viral	0.9121	0.9839	0.9466	622
Viral  	0.5000	0.1449	0.2247	69
MacroF1	0.5857
F1w_avg	0.8745
Acc    	90.0

03/05/2021 12:40:39 - INFO - __main__ -   	EPOCH:  15	MiniBatch:    0
03/05/2021 12:40:40 - INFO - __main__ -   	EPOCH:  15	MiniBatch:    1
03/05/2021 12:40:41 - INFO - __main__ -   	EPOCH:  15	MiniBatch:    2
03/05/2021 12:40:41 - INFO - __main__ -   	EPOCH:  15	MiniBatch:    3
03/05/2021 12:40:42 - INFO - __main__ -   	EPOCH:  15	MiniBatch:    4
03/05/2021 12:40:43 - INFO - __main__ -   	EPOCH:  15	MiniBatch:    5
03/05/2021 12:40:44 - INFO - __main__ -   	EPOCH:  15	MiniBatch:    6
03/05/2021 12:40:44 - INFO - __main__ -   	EPOCH:  15	MiniBatch:    7
03/05/2021 12:40:45 - INFO - __main__ -   	EPOCH:  15	MiniBatch:    8
03/05/2021 12:40:46 - INFO - __main__ -   	EPOCH:  15	MiniBatch:    9
03/05/2021 12:40:46 - INFO - __main__ -   	EPOCH:  15	MiniBatch:   10
03/05/2021 12:40:47 - INFO - __main__ -   	EPOCH:  15	MiniBatch:   11
03/05/2021 12:40:48 - INFO - __main__ -   	EPOCH:  15	MiniBatch:   12
03/05/2021 12:40:48 - INFO - __main__ -   	EPOCH:  15	MiniBatch:   13
03/05/2021 12:40:49 - INFO - __main__ -   	EPOCH:  15	MiniBatch:   14
03/05/2021 12:40:50 - INFO - __main__ -   	EPOCH:  15	MiniBatch:   15
03/05/2021 12:40:51 - INFO - __main__ -   	EPOCH:  15	MiniBatch:   16
03/05/2021 12:40:51 - INFO - __main__ -   	EPOCH:  15	MiniBatch:   17
03/05/2021 12:40:52 - INFO - __main__ -   	EPOCH:  15	MiniBatch:   18
03/05/2021 12:40:53 - INFO - __main__ -   	EPOCH:  15	MiniBatch:   19
03/05/2021 12:40:53 - INFO - __main__ -   	EPOCH:  15	MiniBatch:   20
03/05/2021 12:40:54 - INFO - __main__ -   	Testing dev Minibatch:    0
03/05/2021 12:40:55 - INFO - __main__ -   	Testing dev Minibatch:    1
03/05/2021 12:40:56 - INFO - __main__ -   	Testing dev Minibatch:    2
03/05/2021 12:40:56 - INFO - __main__ -   
============ Predict Tweet Stance ============
Labels 	Prec. 	Recall	F1    	Supp  
Denial 	0.6550	0.7509	0.6997	273
Support	0.5812	0.5441	0.5620	204
Comment	0.5233	0.4688	0.4945	192
Queries	0.4667	0.3182	0.3784	22
MacroF1	0.5336
F1w_avg	0.5918
Acc    	59.8

============ Predict Viral Tweets ============
Labels 	Prec. 	Recall	F1    	Supp  
N_viral	0.9145	0.9630	0.9381	622
Viral  	0.3611	0.1884	0.2476	69
MacroF1	0.5929
F1w_avg	0.8692
Acc    	88.6

03/05/2021 12:40:56 - INFO - __main__ -   Best results so far. Saving model...
03/05/2021 12:40:58 - INFO - __main__ -   	EPOCH:  16	MiniBatch:    0
03/05/2021 12:40:58 - INFO - __main__ -   	EPOCH:  16	MiniBatch:    1
03/05/2021 12:40:59 - INFO - __main__ -   	EPOCH:  16	MiniBatch:    2
03/05/2021 12:41:00 - INFO - __main__ -   	EPOCH:  16	MiniBatch:    3
03/05/2021 12:41:00 - INFO - __main__ -   	EPOCH:  16	MiniBatch:    4
03/05/2021 12:41:01 - INFO - __main__ -   	EPOCH:  16	MiniBatch:    5
03/05/2021 12:41:02 - INFO - __main__ -   	EPOCH:  16	MiniBatch:    6
03/05/2021 12:41:03 - INFO - __main__ -   	EPOCH:  16	MiniBatch:    7
03/05/2021 12:41:03 - INFO - __main__ -   	EPOCH:  16	MiniBatch:    8
03/05/2021 12:41:04 - INFO - __main__ -   	EPOCH:  16	MiniBatch:    9
03/05/2021 12:41:05 - INFO - __main__ -   	EPOCH:  16	MiniBatch:   10
03/05/2021 12:41:05 - INFO - __main__ -   	EPOCH:  16	MiniBatch:   11
03/05/2021 12:41:06 - INFO - __main__ -   	EPOCH:  16	MiniBatch:   12
03/05/2021 12:41:07 - INFO - __main__ -   	EPOCH:  16	MiniBatch:   13
03/05/2021 12:41:07 - INFO - __main__ -   	EPOCH:  16	MiniBatch:   14
03/05/2021 12:41:08 - INFO - __main__ -   	EPOCH:  16	MiniBatch:   15
03/05/2021 12:41:09 - INFO - __main__ -   	EPOCH:  16	MiniBatch:   16
03/05/2021 12:41:10 - INFO - __main__ -   	EPOCH:  16	MiniBatch:   17
03/05/2021 12:41:10 - INFO - __main__ -   	EPOCH:  16	MiniBatch:   18
03/05/2021 12:41:11 - INFO - __main__ -   	EPOCH:  16	MiniBatch:   19
03/05/2021 12:41:12 - INFO - __main__ -   	EPOCH:  16	MiniBatch:   20
03/05/2021 12:41:12 - INFO - __main__ -   	Testing dev Minibatch:    0
03/05/2021 12:41:13 - INFO - __main__ -   	Testing dev Minibatch:    1
03/05/2021 12:41:14 - INFO - __main__ -   	Testing dev Minibatch:    2
03/05/2021 12:41:14 - INFO - __main__ -   
============ Predict Tweet Stance ============
Labels 	Prec. 	Recall	F1    	Supp  
Denial 	0.6182	0.7473	0.6766	273
Support	0.6349	0.3922	0.4848	204
Comment	0.4865	0.5625	0.5217	192
Queries	0.3846	0.2273	0.2857	22
MacroF1	0.4922
F1w_avg	0.5645
Acc    	57.5

============ Predict Viral Tweets ============
Labels 	Prec. 	Recall	F1    	Supp  
N_viral	0.9111	0.9727	0.9409	622
Viral  	0.3704	0.1449	0.2083	69
MacroF1	0.5746
F1w_avg	0.8678
Acc    	89.0

03/05/2021 12:41:14 - INFO - __main__ -   	EPOCH:  17	MiniBatch:    0
03/05/2021 12:41:15 - INFO - __main__ -   	EPOCH:  17	MiniBatch:    1
03/05/2021 12:41:16 - INFO - __main__ -   	EPOCH:  17	MiniBatch:    2
03/05/2021 12:41:16 - INFO - __main__ -   	EPOCH:  17	MiniBatch:    3
03/05/2021 12:41:17 - INFO - __main__ -   	EPOCH:  17	MiniBatch:    4
03/05/2021 12:41:18 - INFO - __main__ -   	EPOCH:  17	MiniBatch:    5
03/05/2021 12:41:18 - INFO - __main__ -   	EPOCH:  17	MiniBatch:    6
03/05/2021 12:41:19 - INFO - __main__ -   	EPOCH:  17	MiniBatch:    7
03/05/2021 12:41:20 - INFO - __main__ -   	EPOCH:  17	MiniBatch:    8
03/05/2021 12:41:21 - INFO - __main__ -   	EPOCH:  17	MiniBatch:    9
03/05/2021 12:41:21 - INFO - __main__ -   	EPOCH:  17	MiniBatch:   10
03/05/2021 12:41:22 - INFO - __main__ -   	EPOCH:  17	MiniBatch:   11
03/05/2021 12:41:23 - INFO - __main__ -   	EPOCH:  17	MiniBatch:   12
03/05/2021 12:41:23 - INFO - __main__ -   	EPOCH:  17	MiniBatch:   13
03/05/2021 12:41:24 - INFO - __main__ -   	EPOCH:  17	MiniBatch:   14
03/05/2021 12:41:25 - INFO - __main__ -   	EPOCH:  17	MiniBatch:   15
03/05/2021 12:41:26 - INFO - __main__ -   	EPOCH:  17	MiniBatch:   16
03/05/2021 12:41:26 - INFO - __main__ -   	EPOCH:  17	MiniBatch:   17
03/05/2021 12:41:27 - INFO - __main__ -   	EPOCH:  17	MiniBatch:   18
03/05/2021 12:41:28 - INFO - __main__ -   	EPOCH:  17	MiniBatch:   19
03/05/2021 12:41:28 - INFO - __main__ -   	EPOCH:  17	MiniBatch:   20
03/05/2021 12:41:29 - INFO - __main__ -   	Testing dev Minibatch:    0
03/05/2021 12:41:30 - INFO - __main__ -   	Testing dev Minibatch:    1
03/05/2021 12:41:30 - INFO - __main__ -   	Testing dev Minibatch:    2
03/05/2021 12:41:31 - INFO - __main__ -   
============ Predict Tweet Stance ============
Labels 	Prec. 	Recall	F1    	Supp  
Denial 	0.6898	0.6190	0.6525	273
Support	0.5876	0.5098	0.5459	204
Comment	0.4606	0.6094	0.5247	192
Queries	0.4667	0.3182	0.3784	22
MacroF1	0.5254
F1w_avg	0.5768
Acc    	57.5

============ Predict Viral Tweets ============
Labels 	Prec. 	Recall	F1    	Supp  
N_viral	0.9106	0.9823	0.9451	622
Viral  	0.4500	0.1304	0.2022	69
MacroF1	0.5737
F1w_avg	0.8709
Acc    	89.7

03/05/2021 12:41:31 - INFO - __main__ -   	EPOCH:  18	MiniBatch:    0
03/05/2021 12:41:32 - INFO - __main__ -   	EPOCH:  18	MiniBatch:    1
03/05/2021 12:41:32 - INFO - __main__ -   	EPOCH:  18	MiniBatch:    2
03/05/2021 12:41:33 - INFO - __main__ -   	EPOCH:  18	MiniBatch:    3
03/05/2021 12:41:34 - INFO - __main__ -   	EPOCH:  18	MiniBatch:    4
03/05/2021 12:41:34 - INFO - __main__ -   	EPOCH:  18	MiniBatch:    5
03/05/2021 12:41:35 - INFO - __main__ -   	EPOCH:  18	MiniBatch:    6
03/05/2021 12:41:36 - INFO - __main__ -   	EPOCH:  18	MiniBatch:    7
03/05/2021 12:41:37 - INFO - __main__ -   	EPOCH:  18	MiniBatch:    8
03/05/2021 12:41:37 - INFO - __main__ -   	EPOCH:  18	MiniBatch:    9
03/05/2021 12:41:38 - INFO - __main__ -   	EPOCH:  18	MiniBatch:   10
03/05/2021 12:41:39 - INFO - __main__ -   	EPOCH:  18	MiniBatch:   11
03/05/2021 12:41:39 - INFO - __main__ -   	EPOCH:  18	MiniBatch:   12
03/05/2021 12:41:40 - INFO - __main__ -   	EPOCH:  18	MiniBatch:   13
03/05/2021 12:41:41 - INFO - __main__ -   	EPOCH:  18	MiniBatch:   14
03/05/2021 12:41:42 - INFO - __main__ -   	EPOCH:  18	MiniBatch:   15
03/05/2021 12:41:42 - INFO - __main__ -   	EPOCH:  18	MiniBatch:   16
03/05/2021 12:41:43 - INFO - __main__ -   	EPOCH:  18	MiniBatch:   17
03/05/2021 12:41:44 - INFO - __main__ -   	EPOCH:  18	MiniBatch:   18
03/05/2021 12:41:44 - INFO - __main__ -   	EPOCH:  18	MiniBatch:   19
03/05/2021 12:41:45 - INFO - __main__ -   	EPOCH:  18	MiniBatch:   20
03/05/2021 12:41:46 - INFO - __main__ -   	Testing dev Minibatch:    0
03/05/2021 12:41:46 - INFO - __main__ -   	Testing dev Minibatch:    1
03/05/2021 12:41:47 - INFO - __main__ -   	Testing dev Minibatch:    2
03/05/2021 12:41:47 - INFO - __main__ -   
============ Predict Tweet Stance ============
Labels 	Prec. 	Recall	F1    	Supp  
Denial 	0.6889	0.6813	0.6851	273
Support	0.6250	0.4167	0.5000	204
Comment	0.4387	0.6146	0.5119	192
Queries	0.3750	0.2727	0.3158	22
MacroF1	0.5032
F1w_avg	0.5706
Acc    	57.2

============ Predict Viral Tweets ============
Labels 	Prec. 	Recall	F1    	Supp  
N_viral	0.9130	0.9791	0.9449	622
Viral  	0.4583	0.1594	0.2366	69
MacroF1	0.5907
F1w_avg	0.8742
Acc    	89.7

03/05/2021 12:41:48 - INFO - __main__ -   	EPOCH:  19	MiniBatch:    0
03/05/2021 12:41:48 - INFO - __main__ -   	EPOCH:  19	MiniBatch:    1
03/05/2021 12:41:49 - INFO - __main__ -   	EPOCH:  19	MiniBatch:    2
03/05/2021 12:41:50 - INFO - __main__ -   	EPOCH:  19	MiniBatch:    3
03/05/2021 12:41:50 - INFO - __main__ -   	EPOCH:  19	MiniBatch:    4
03/05/2021 12:41:51 - INFO - __main__ -   	EPOCH:  19	MiniBatch:    5
03/05/2021 12:41:52 - INFO - __main__ -   	EPOCH:  19	MiniBatch:    6
03/05/2021 12:41:53 - INFO - __main__ -   	EPOCH:  19	MiniBatch:    7
03/05/2021 12:41:53 - INFO - __main__ -   	EPOCH:  19	MiniBatch:    8
03/05/2021 12:41:54 - INFO - __main__ -   	EPOCH:  19	MiniBatch:    9
03/05/2021 12:41:55 - INFO - __main__ -   	EPOCH:  19	MiniBatch:   10
03/05/2021 12:41:55 - INFO - __main__ -   	EPOCH:  19	MiniBatch:   11
03/05/2021 12:41:56 - INFO - __main__ -   	EPOCH:  19	MiniBatch:   12
03/05/2021 12:41:57 - INFO - __main__ -   	EPOCH:  19	MiniBatch:   13
03/05/2021 12:41:57 - INFO - __main__ -   	EPOCH:  19	MiniBatch:   14
03/05/2021 12:41:58 - INFO - __main__ -   	EPOCH:  19	MiniBatch:   15
03/05/2021 12:41:59 - INFO - __main__ -   	EPOCH:  19	MiniBatch:   16
03/05/2021 12:42:00 - INFO - __main__ -   	EPOCH:  19	MiniBatch:   17
03/05/2021 12:42:00 - INFO - __main__ -   	EPOCH:  19	MiniBatch:   18
03/05/2021 12:42:01 - INFO - __main__ -   	EPOCH:  19	MiniBatch:   19
03/05/2021 12:42:02 - INFO - __main__ -   	EPOCH:  19	MiniBatch:   20
03/05/2021 12:42:02 - INFO - __main__ -   	Testing dev Minibatch:    0
03/05/2021 12:42:03 - INFO - __main__ -   	Testing dev Minibatch:    1
03/05/2021 12:42:04 - INFO - __main__ -   	Testing dev Minibatch:    2
03/05/2021 12:42:04 - INFO - __main__ -   
============ Predict Tweet Stance ============
Labels 	Prec. 	Recall	F1    	Supp  
Denial 	0.6403	0.7106	0.6736	273
Support	0.5939	0.4804	0.5312	204
Comment	0.5121	0.5521	0.5313	192
Queries	0.5000	0.3636	0.4211	22
MacroF1	0.5393
F1w_avg	0.5840
Acc    	58.8

============ Predict Viral Tweets ============
Labels 	Prec. 	Recall	F1    	Supp  
N_viral	0.9181	0.9727	0.9446	622
Viral  	0.4688	0.2174	0.2970	69
MacroF1	0.6208
F1w_avg	0.8799
Acc    	89.7

03/05/2021 12:42:04 - INFO - __main__ -   Best results so far. Saving model...
03/05/2021 12:42:06 - INFO - __main__ -   	EPOCH:  20	MiniBatch:    0
03/05/2021 12:42:07 - INFO - __main__ -   	EPOCH:  20	MiniBatch:    1
03/05/2021 12:42:07 - INFO - __main__ -   	EPOCH:  20	MiniBatch:    2
03/05/2021 12:42:08 - INFO - __main__ -   	EPOCH:  20	MiniBatch:    3
03/05/2021 12:42:09 - INFO - __main__ -   	EPOCH:  20	MiniBatch:    4
03/05/2021 12:42:09 - INFO - __main__ -   	EPOCH:  20	MiniBatch:    5
03/05/2021 12:42:10 - INFO - __main__ -   	EPOCH:  20	MiniBatch:    6
03/05/2021 12:42:11 - INFO - __main__ -   	EPOCH:  20	MiniBatch:    7
03/05/2021 12:42:12 - INFO - __main__ -   	EPOCH:  20	MiniBatch:    8
03/05/2021 12:42:12 - INFO - __main__ -   	EPOCH:  20	MiniBatch:    9
03/05/2021 12:42:13 - INFO - __main__ -   	EPOCH:  20	MiniBatch:   10
03/05/2021 12:42:14 - INFO - __main__ -   	EPOCH:  20	MiniBatch:   11
03/05/2021 12:42:14 - INFO - __main__ -   	EPOCH:  20	MiniBatch:   12
03/05/2021 12:42:15 - INFO - __main__ -   	EPOCH:  20	MiniBatch:   13
03/05/2021 12:42:16 - INFO - __main__ -   	EPOCH:  20	MiniBatch:   14
03/05/2021 12:42:16 - INFO - __main__ -   	EPOCH:  20	MiniBatch:   15
03/05/2021 12:42:17 - INFO - __main__ -   	EPOCH:  20	MiniBatch:   16
03/05/2021 12:42:18 - INFO - __main__ -   	EPOCH:  20	MiniBatch:   17
03/05/2021 12:42:19 - INFO - __main__ -   	EPOCH:  20	MiniBatch:   18
03/05/2021 12:42:19 - INFO - __main__ -   	EPOCH:  20	MiniBatch:   19
03/05/2021 12:42:20 - INFO - __main__ -   	EPOCH:  20	MiniBatch:   20
03/05/2021 12:42:21 - INFO - __main__ -   	Testing dev Minibatch:    0
03/05/2021 12:42:21 - INFO - __main__ -   	Testing dev Minibatch:    1
03/05/2021 12:42:22 - INFO - __main__ -   	Testing dev Minibatch:    2
03/05/2021 12:42:22 - INFO - __main__ -   
============ Predict Tweet Stance ============
Labels 	Prec. 	Recall	F1    	Supp  
Denial 	0.6118	0.7216	0.6622	273
Support	0.6142	0.3824	0.4713	204
Comment	0.5088	0.5990	0.5502	192
Queries	0.5000	0.3636	0.4211	22
MacroF1	0.5262
F1w_avg	0.5670
Acc    	57.6

============ Predict Viral Tweets ============
Labels 	Prec. 	Recall	F1    	Supp  
N_viral	0.9126	0.9904	0.9499	622
Viral  	0.6250	0.1449	0.2353	69
MacroF1	0.5926
F1w_avg	0.8785
Acc    	90.6

03/05/2021 12:42:23 - INFO - __main__ -   	EPOCH:  21	MiniBatch:    0
03/05/2021 12:42:23 - INFO - __main__ -   	EPOCH:  21	MiniBatch:    1
03/05/2021 12:42:24 - INFO - __main__ -   	EPOCH:  21	MiniBatch:    2
03/05/2021 12:42:25 - INFO - __main__ -   	EPOCH:  21	MiniBatch:    3
03/05/2021 12:42:25 - INFO - __main__ -   	EPOCH:  21	MiniBatch:    4
03/05/2021 12:42:26 - INFO - __main__ -   	EPOCH:  21	MiniBatch:    5
03/05/2021 12:42:27 - INFO - __main__ -   	EPOCH:  21	MiniBatch:    6
03/05/2021 12:42:27 - INFO - __main__ -   	EPOCH:  21	MiniBatch:    7
03/05/2021 12:42:28 - INFO - __main__ -   	EPOCH:  21	MiniBatch:    8
03/05/2021 12:42:29 - INFO - __main__ -   	EPOCH:  21	MiniBatch:    9
03/05/2021 12:42:30 - INFO - __main__ -   	EPOCH:  21	MiniBatch:   10
03/05/2021 12:42:30 - INFO - __main__ -   	EPOCH:  21	MiniBatch:   11
03/05/2021 12:42:31 - INFO - __main__ -   	EPOCH:  21	MiniBatch:   12
03/05/2021 12:42:32 - INFO - __main__ -   	EPOCH:  21	MiniBatch:   13
03/05/2021 12:42:32 - INFO - __main__ -   	EPOCH:  21	MiniBatch:   14
03/05/2021 12:42:33 - INFO - __main__ -   	EPOCH:  21	MiniBatch:   15
03/05/2021 12:42:34 - INFO - __main__ -   	EPOCH:  21	MiniBatch:   16
03/05/2021 12:42:35 - INFO - __main__ -   	EPOCH:  21	MiniBatch:   17
03/05/2021 12:42:35 - INFO - __main__ -   	EPOCH:  21	MiniBatch:   18
03/05/2021 12:42:36 - INFO - __main__ -   	EPOCH:  21	MiniBatch:   19
03/05/2021 12:42:37 - INFO - __main__ -   	EPOCH:  21	MiniBatch:   20
03/05/2021 12:42:37 - INFO - __main__ -   	Testing dev Minibatch:    0
03/05/2021 12:42:38 - INFO - __main__ -   	Testing dev Minibatch:    1
03/05/2021 12:42:39 - INFO - __main__ -   	Testing dev Minibatch:    2
03/05/2021 12:42:39 - INFO - __main__ -   
============ Predict Tweet Stance ============
Labels 	Prec. 	Recall	F1    	Supp  
Denial 	0.7016	0.6374	0.6679	273
Support	0.5741	0.4559	0.5082	204
Comment	0.4556	0.6146	0.5233	192
Queries	0.5000	0.5000	0.5000	22
MacroF1	0.5499
F1w_avg	0.5752
Acc    	57.3

============ Predict Viral Tweets ============
Labels 	Prec. 	Recall	F1    	Supp  
N_viral	0.9113	0.9743	0.9417	622
Viral  	0.3846	0.1449	0.2105	69
MacroF1	0.5761
F1w_avg	0.8687
Acc    	89.1

03/05/2021 12:42:39 - INFO - __main__ -   	EPOCH:  22	MiniBatch:    0
03/05/2021 12:42:40 - INFO - __main__ -   	EPOCH:  22	MiniBatch:    1
03/05/2021 12:42:41 - INFO - __main__ -   	EPOCH:  22	MiniBatch:    2
03/05/2021 12:42:41 - INFO - __main__ -   	EPOCH:  22	MiniBatch:    3
03/05/2021 12:42:42 - INFO - __main__ -   	EPOCH:  22	MiniBatch:    4
03/05/2021 12:42:43 - INFO - __main__ -   	EPOCH:  22	MiniBatch:    5
03/05/2021 12:42:44 - INFO - __main__ -   	EPOCH:  22	MiniBatch:    6
03/05/2021 12:42:44 - INFO - __main__ -   	EPOCH:  22	MiniBatch:    7
03/05/2021 12:42:45 - INFO - __main__ -   	EPOCH:  22	MiniBatch:    8
03/05/2021 12:42:46 - INFO - __main__ -   	EPOCH:  22	MiniBatch:    9
03/05/2021 12:42:46 - INFO - __main__ -   	EPOCH:  22	MiniBatch:   10
03/05/2021 12:42:47 - INFO - __main__ -   	EPOCH:  22	MiniBatch:   11
03/05/2021 12:42:48 - INFO - __main__ -   	EPOCH:  22	MiniBatch:   12
03/05/2021 12:42:48 - INFO - __main__ -   	EPOCH:  22	MiniBatch:   13
03/05/2021 12:42:49 - INFO - __main__ -   	EPOCH:  22	MiniBatch:   14
03/05/2021 12:42:50 - INFO - __main__ -   	EPOCH:  22	MiniBatch:   15
03/05/2021 12:42:51 - INFO - __main__ -   	EPOCH:  22	MiniBatch:   16
03/05/2021 12:42:51 - INFO - __main__ -   	EPOCH:  22	MiniBatch:   17
03/05/2021 12:42:52 - INFO - __main__ -   	EPOCH:  22	MiniBatch:   18
03/05/2021 12:42:53 - INFO - __main__ -   	EPOCH:  22	MiniBatch:   19
03/05/2021 12:42:53 - INFO - __main__ -   	EPOCH:  22	MiniBatch:   20
03/05/2021 12:42:54 - INFO - __main__ -   	Testing dev Minibatch:    0
03/05/2021 12:42:55 - INFO - __main__ -   	Testing dev Minibatch:    1
03/05/2021 12:42:56 - INFO - __main__ -   	Testing dev Minibatch:    2
03/05/2021 12:42:56 - INFO - __main__ -   
============ Predict Tweet Stance ============
Labels 	Prec. 	Recall	F1    	Supp  
Denial 	0.6873	0.6520	0.6692	273
Support	0.5745	0.5294	0.5510	204
Comment	0.4826	0.5781	0.5261	192
Queries	0.4286	0.2727	0.3333	22
MacroF1	0.5199
F1w_avg	0.5838
Acc    	58.3

============ Predict Viral Tweets ============
Labels 	Prec. 	Recall	F1    	Supp  
N_viral	0.9141	0.9582	0.9356	622
Viral  	0.3333	0.1884	0.2407	69
MacroF1	0.5882
F1w_avg	0.8662
Acc    	88.1

03/05/2021 12:42:56 - INFO - __main__ -   	EPOCH:  23	MiniBatch:    0
03/05/2021 12:42:57 - INFO - __main__ -   	EPOCH:  23	MiniBatch:    1
03/05/2021 12:42:57 - INFO - __main__ -   	EPOCH:  23	MiniBatch:    2
03/05/2021 12:42:58 - INFO - __main__ -   	EPOCH:  23	MiniBatch:    3
03/05/2021 12:42:59 - INFO - __main__ -   	EPOCH:  23	MiniBatch:    4
03/05/2021 12:43:00 - INFO - __main__ -   	EPOCH:  23	MiniBatch:    5
03/05/2021 12:43:00 - INFO - __main__ -   	EPOCH:  23	MiniBatch:    6
03/05/2021 12:43:01 - INFO - __main__ -   	EPOCH:  23	MiniBatch:    7
03/05/2021 12:43:02 - INFO - __main__ -   	EPOCH:  23	MiniBatch:    8
03/05/2021 12:43:02 - INFO - __main__ -   	EPOCH:  23	MiniBatch:    9
03/05/2021 12:43:03 - INFO - __main__ -   	EPOCH:  23	MiniBatch:   10
03/05/2021 12:43:04 - INFO - __main__ -   	EPOCH:  23	MiniBatch:   11
03/05/2021 12:43:04 - INFO - __main__ -   	EPOCH:  23	MiniBatch:   12
03/05/2021 12:43:05 - INFO - __main__ -   	EPOCH:  23	MiniBatch:   13
03/05/2021 12:43:06 - INFO - __main__ -   	EPOCH:  23	MiniBatch:   14
03/05/2021 12:43:07 - INFO - __main__ -   	EPOCH:  23	MiniBatch:   15
03/05/2021 12:43:07 - INFO - __main__ -   	EPOCH:  23	MiniBatch:   16
03/05/2021 12:43:08 - INFO - __main__ -   	EPOCH:  23	MiniBatch:   17
03/05/2021 12:43:09 - INFO - __main__ -   	EPOCH:  23	MiniBatch:   18
03/05/2021 12:43:09 - INFO - __main__ -   	EPOCH:  23	MiniBatch:   19
03/05/2021 12:43:10 - INFO - __main__ -   	EPOCH:  23	MiniBatch:   20
03/05/2021 12:43:11 - INFO - __main__ -   	Testing dev Minibatch:    0
03/05/2021 12:43:11 - INFO - __main__ -   	Testing dev Minibatch:    1
03/05/2021 12:43:12 - INFO - __main__ -   	Testing dev Minibatch:    2
03/05/2021 12:43:12 - INFO - __main__ -   
============ Predict Tweet Stance ============
Labels 	Prec. 	Recall	F1    	Supp  
Denial 	0.6195	0.7216	0.6667	273
Support	0.5782	0.4167	0.4843	204
Comment	0.4882	0.5365	0.5112	192
Queries	0.4000	0.2727	0.3243	22
MacroF1	0.4966
F1w_avg	0.5587
Acc    	56.6

============ Predict Viral Tweets ============
Labels 	Prec. 	Recall	F1    	Supp  
N_viral	0.9081	0.9855	0.9453	622
Viral  	0.4375	0.1014	0.1647	69
MacroF1	0.5550
F1w_avg	0.8673
Acc    	89.7

03/05/2021 12:43:13 - INFO - __main__ -   	EPOCH:  24	MiniBatch:    0
03/05/2021 12:43:13 - INFO - __main__ -   	EPOCH:  24	MiniBatch:    1
03/05/2021 12:43:14 - INFO - __main__ -   	EPOCH:  24	MiniBatch:    2
03/05/2021 12:43:15 - INFO - __main__ -   	EPOCH:  24	MiniBatch:    3
03/05/2021 12:43:15 - INFO - __main__ -   	EPOCH:  24	MiniBatch:    4
03/05/2021 12:43:16 - INFO - __main__ -   	EPOCH:  24	MiniBatch:    5
03/05/2021 12:43:17 - INFO - __main__ -   	EPOCH:  24	MiniBatch:    6
03/05/2021 12:43:18 - INFO - __main__ -   	EPOCH:  24	MiniBatch:    7
03/05/2021 12:43:18 - INFO - __main__ -   	EPOCH:  24	MiniBatch:    8
03/05/2021 12:43:19 - INFO - __main__ -   	EPOCH:  24	MiniBatch:    9
03/05/2021 12:43:20 - INFO - __main__ -   	EPOCH:  24	MiniBatch:   10
03/05/2021 12:43:20 - INFO - __main__ -   	EPOCH:  24	MiniBatch:   11
03/05/2021 12:43:21 - INFO - __main__ -   	EPOCH:  24	MiniBatch:   12
03/05/2021 12:43:22 - INFO - __main__ -   	EPOCH:  24	MiniBatch:   13
03/05/2021 12:43:23 - INFO - __main__ -   	EPOCH:  24	MiniBatch:   14
03/05/2021 12:43:23 - INFO - __main__ -   	EPOCH:  24	MiniBatch:   15
03/05/2021 12:43:24 - INFO - __main__ -   	EPOCH:  24	MiniBatch:   16
03/05/2021 12:43:25 - INFO - __main__ -   	EPOCH:  24	MiniBatch:   17
03/05/2021 12:43:25 - INFO - __main__ -   	EPOCH:  24	MiniBatch:   18
03/05/2021 12:43:26 - INFO - __main__ -   	EPOCH:  24	MiniBatch:   19
03/05/2021 12:43:27 - INFO - __main__ -   	EPOCH:  24	MiniBatch:   20
03/05/2021 12:43:28 - INFO - __main__ -   	Testing dev Minibatch:    0
03/05/2021 12:43:28 - INFO - __main__ -   	Testing dev Minibatch:    1
03/05/2021 12:43:29 - INFO - __main__ -   	Testing dev Minibatch:    2
03/05/2021 12:43:29 - INFO - __main__ -   
============ Predict Tweet Stance ============
Labels 	Prec. 	Recall	F1    	Supp  
Denial 	0.6623	0.7473	0.7022	273
Support	0.5556	0.5637	0.5596	204
Comment	0.5548	0.4479	0.4957	192
Queries	0.4286	0.4091	0.4186	22
MacroF1	0.5440
F1w_avg	0.5937
Acc    	59.9

============ Predict Viral Tweets ============
Labels 	Prec. 	Recall	F1    	Supp  
N_viral	0.9088	0.9775	0.9419	622
Viral  	0.3636	0.1159	0.1758	69
MacroF1	0.5589
F1w_avg	0.8654
Acc    	89.1

03/05/2021 12:43:29 - INFO - __main__ -   	EPOCH:  25	MiniBatch:    0
03/05/2021 12:43:30 - INFO - __main__ -   	EPOCH:  25	MiniBatch:    1
03/05/2021 12:43:31 - INFO - __main__ -   	EPOCH:  25	MiniBatch:    2
03/05/2021 12:43:32 - INFO - __main__ -   	EPOCH:  25	MiniBatch:    3
03/05/2021 12:43:32 - INFO - __main__ -   	EPOCH:  25	MiniBatch:    4
03/05/2021 12:43:33 - INFO - __main__ -   	EPOCH:  25	MiniBatch:    5
03/05/2021 12:43:34 - INFO - __main__ -   	EPOCH:  25	MiniBatch:    6
03/05/2021 12:43:34 - INFO - __main__ -   	EPOCH:  25	MiniBatch:    7
03/05/2021 12:43:35 - INFO - __main__ -   	EPOCH:  25	MiniBatch:    8
03/05/2021 12:43:36 - INFO - __main__ -   	EPOCH:  25	MiniBatch:    9
03/05/2021 12:43:36 - INFO - __main__ -   	EPOCH:  25	MiniBatch:   10
03/05/2021 12:43:37 - INFO - __main__ -   	EPOCH:  25	MiniBatch:   11
03/05/2021 12:43:38 - INFO - __main__ -   	EPOCH:  25	MiniBatch:   12
03/05/2021 12:43:39 - INFO - __main__ -   	EPOCH:  25	MiniBatch:   13
03/05/2021 12:43:39 - INFO - __main__ -   	EPOCH:  25	MiniBatch:   14
03/05/2021 12:43:40 - INFO - __main__ -   	EPOCH:  25	MiniBatch:   15
03/05/2021 12:43:41 - INFO - __main__ -   	EPOCH:  25	MiniBatch:   16
03/05/2021 12:43:41 - INFO - __main__ -   	EPOCH:  25	MiniBatch:   17
03/05/2021 12:43:42 - INFO - __main__ -   	EPOCH:  25	MiniBatch:   18
03/05/2021 12:43:43 - INFO - __main__ -   	EPOCH:  25	MiniBatch:   19
03/05/2021 12:43:44 - INFO - __main__ -   	EPOCH:  25	MiniBatch:   20
03/05/2021 12:43:44 - INFO - __main__ -   	Testing dev Minibatch:    0
03/05/2021 12:43:45 - INFO - __main__ -   	Testing dev Minibatch:    1
03/05/2021 12:43:46 - INFO - __main__ -   	Testing dev Minibatch:    2
03/05/2021 12:43:46 - INFO - __main__ -   
============ Predict Tweet Stance ============
Labels 	Prec. 	Recall	F1    	Supp  
Denial 	0.6138	0.7802	0.6871	273
Support	0.5814	0.4902	0.5319	204
Comment	0.5385	0.4375	0.4828	192
Queries	0.4375	0.3182	0.3684	22
MacroF1	0.5175
F1w_avg	0.5744
Acc    	58.5

============ Predict Viral Tweets ============
Labels 	Prec. 	Recall	F1    	Supp  
N_viral	0.9161	0.9486	0.9321	622
Viral  	0.3191	0.2174	0.2586	69
MacroF1	0.5953
F1w_avg	0.8648
Acc    	87.6

03/05/2021 12:43:46 - INFO - __main__ -   	EPOCH:  26	MiniBatch:    0
03/05/2021 12:43:47 - INFO - __main__ -   	EPOCH:  26	MiniBatch:    1
03/05/2021 12:43:48 - INFO - __main__ -   	EPOCH:  26	MiniBatch:    2
03/05/2021 12:43:48 - INFO - __main__ -   	EPOCH:  26	MiniBatch:    3
03/05/2021 12:43:49 - INFO - __main__ -   	EPOCH:  26	MiniBatch:    4
03/05/2021 12:43:50 - INFO - __main__ -   	EPOCH:  26	MiniBatch:    5
03/05/2021 12:43:50 - INFO - __main__ -   	EPOCH:  26	MiniBatch:    6
03/05/2021 12:43:51 - INFO - __main__ -   	EPOCH:  26	MiniBatch:    7
03/05/2021 12:43:52 - INFO - __main__ -   	EPOCH:  26	MiniBatch:    8
03/05/2021 12:43:52 - INFO - __main__ -   	EPOCH:  26	MiniBatch:    9
03/05/2021 12:43:53 - INFO - __main__ -   	EPOCH:  26	MiniBatch:   10
03/05/2021 12:43:54 - INFO - __main__ -   	EPOCH:  26	MiniBatch:   11
03/05/2021 12:43:55 - INFO - __main__ -   	EPOCH:  26	MiniBatch:   12
03/05/2021 12:43:55 - INFO - __main__ -   	EPOCH:  26	MiniBatch:   13
03/05/2021 12:43:56 - INFO - __main__ -   	EPOCH:  26	MiniBatch:   14
03/05/2021 12:43:57 - INFO - __main__ -   	EPOCH:  26	MiniBatch:   15
03/05/2021 12:43:57 - INFO - __main__ -   	EPOCH:  26	MiniBatch:   16
03/05/2021 12:43:58 - INFO - __main__ -   	EPOCH:  26	MiniBatch:   17
03/05/2021 12:43:59 - INFO - __main__ -   	EPOCH:  26	MiniBatch:   18
03/05/2021 12:44:00 - INFO - __main__ -   	EPOCH:  26	MiniBatch:   19
03/05/2021 12:44:00 - INFO - __main__ -   	EPOCH:  26	MiniBatch:   20
03/05/2021 12:44:01 - INFO - __main__ -   	Testing dev Minibatch:    0
03/05/2021 12:44:02 - INFO - __main__ -   	Testing dev Minibatch:    1
03/05/2021 12:44:02 - INFO - __main__ -   	Testing dev Minibatch:    2
03/05/2021 12:44:03 - INFO - __main__ -   
============ Predict Tweet Stance ============
Labels 	Prec. 	Recall	F1    	Supp  
Denial 	0.6726	0.6923	0.6823	273
Support	0.6164	0.4412	0.5143	204
Comment	0.4854	0.6042	0.5383	192
Queries	0.4400	0.5000	0.4681	22
MacroF1	0.5507
F1w_avg	0.5859
Acc    	58.8

============ Predict Viral Tweets ============
Labels 	Prec. 	Recall	F1    	Supp  
N_viral	0.9181	0.9373	0.9276	622
Viral  	0.3036	0.2464	0.2720	69
MacroF1	0.5998
F1w_avg	0.8621
Acc    	86.8

03/05/2021 12:44:03 - INFO - __main__ -   	EPOCH:  27	MiniBatch:    0
03/05/2021 12:44:04 - INFO - __main__ -   	EPOCH:  27	MiniBatch:    1
03/05/2021 12:44:04 - INFO - __main__ -   	EPOCH:  27	MiniBatch:    2
03/05/2021 12:44:05 - INFO - __main__ -   	EPOCH:  27	MiniBatch:    3
03/05/2021 12:44:06 - INFO - __main__ -   	EPOCH:  27	MiniBatch:    4
03/05/2021 12:44:06 - INFO - __main__ -   	EPOCH:  27	MiniBatch:    5
03/05/2021 12:44:07 - INFO - __main__ -   	EPOCH:  27	MiniBatch:    6
03/05/2021 12:44:08 - INFO - __main__ -   	EPOCH:  27	MiniBatch:    7
03/05/2021 12:44:08 - INFO - __main__ -   	EPOCH:  27	MiniBatch:    8
03/05/2021 12:44:09 - INFO - __main__ -   	EPOCH:  27	MiniBatch:    9
03/05/2021 12:44:10 - INFO - __main__ -   	EPOCH:  27	MiniBatch:   10
03/05/2021 12:44:11 - INFO - __main__ -   	EPOCH:  27	MiniBatch:   11
03/05/2021 12:44:11 - INFO - __main__ -   	EPOCH:  27	MiniBatch:   12
03/05/2021 12:44:12 - INFO - __main__ -   	EPOCH:  27	MiniBatch:   13
03/05/2021 12:44:13 - INFO - __main__ -   	EPOCH:  27	MiniBatch:   14
03/05/2021 12:44:13 - INFO - __main__ -   	EPOCH:  27	MiniBatch:   15
03/05/2021 12:44:14 - INFO - __main__ -   	EPOCH:  27	MiniBatch:   16
03/05/2021 12:44:15 - INFO - __main__ -   	EPOCH:  27	MiniBatch:   17
03/05/2021 12:44:16 - INFO - __main__ -   	EPOCH:  27	MiniBatch:   18
03/05/2021 12:44:16 - INFO - __main__ -   	EPOCH:  27	MiniBatch:   19
03/05/2021 12:44:17 - INFO - __main__ -   	EPOCH:  27	MiniBatch:   20
03/05/2021 12:44:18 - INFO - __main__ -   	Testing dev Minibatch:    0
03/05/2021 12:44:18 - INFO - __main__ -   	Testing dev Minibatch:    1
03/05/2021 12:44:19 - INFO - __main__ -   	Testing dev Minibatch:    2
03/05/2021 12:44:19 - INFO - __main__ -   
============ Predict Tweet Stance ============
Labels 	Prec. 	Recall	F1    	Supp  
Denial 	0.6850	0.6850	0.6850	273
Support	0.6067	0.5294	0.5654	204
Comment	0.4887	0.5625	0.5230	192
Queries	0.4737	0.4091	0.4390	22
MacroF1	0.5531
F1w_avg	0.5969
Acc    	59.6

============ Predict Viral Tweets ============
Labels 	Prec. 	Recall	F1    	Supp  
N_viral	0.9145	0.9453	0.9296	622
Viral  	0.2917	0.2029	0.2393	69
MacroF1	0.5845
F1w_avg	0.8607
Acc    	87.1

03/05/2021 12:44:20 - INFO - __main__ -   	EPOCH:  28	MiniBatch:    0
03/05/2021 12:44:20 - INFO - __main__ -   	EPOCH:  28	MiniBatch:    1
03/05/2021 12:44:21 - INFO - __main__ -   	EPOCH:  28	MiniBatch:    2
03/05/2021 12:44:22 - INFO - __main__ -   	EPOCH:  28	MiniBatch:    3
03/05/2021 12:44:22 - INFO - __main__ -   	EPOCH:  28	MiniBatch:    4
03/05/2021 12:44:23 - INFO - __main__ -   	EPOCH:  28	MiniBatch:    5
03/05/2021 12:44:24 - INFO - __main__ -   	EPOCH:  28	MiniBatch:    6
03/05/2021 12:44:24 - INFO - __main__ -   	EPOCH:  28	MiniBatch:    7
03/05/2021 12:44:25 - INFO - __main__ -   	EPOCH:  28	MiniBatch:    8
03/05/2021 12:44:26 - INFO - __main__ -   	EPOCH:  28	MiniBatch:    9
03/05/2021 12:44:27 - INFO - __main__ -   	EPOCH:  28	MiniBatch:   10
03/05/2021 12:44:27 - INFO - __main__ -   	EPOCH:  28	MiniBatch:   11
03/05/2021 12:44:28 - INFO - __main__ -   	EPOCH:  28	MiniBatch:   12
03/05/2021 12:44:29 - INFO - __main__ -   	EPOCH:  28	MiniBatch:   13
03/05/2021 12:44:29 - INFO - __main__ -   	EPOCH:  28	MiniBatch:   14
03/05/2021 12:44:30 - INFO - __main__ -   	EPOCH:  28	MiniBatch:   15
03/05/2021 12:44:31 - INFO - __main__ -   	EPOCH:  28	MiniBatch:   16
03/05/2021 12:44:31 - INFO - __main__ -   	EPOCH:  28	MiniBatch:   17
03/05/2021 12:44:32 - INFO - __main__ -   	EPOCH:  28	MiniBatch:   18
03/05/2021 12:44:33 - INFO - __main__ -   	EPOCH:  28	MiniBatch:   19
03/05/2021 12:44:34 - INFO - __main__ -   	EPOCH:  28	MiniBatch:   20
03/05/2021 12:44:34 - INFO - __main__ -   	Testing dev Minibatch:    0
03/05/2021 12:44:35 - INFO - __main__ -   	Testing dev Minibatch:    1
03/05/2021 12:44:36 - INFO - __main__ -   	Testing dev Minibatch:    2
03/05/2021 12:44:36 - INFO - __main__ -   
============ Predict Tweet Stance ============
Labels 	Prec. 	Recall	F1    	Supp  
Denial 	0.6746	0.7289	0.7007	273
Support	0.6213	0.5147	0.5630	204
Comment	0.5215	0.5677	0.5436	192
Queries	0.5000	0.4091	0.4500	22
MacroF1	0.5643
F1w_avg	0.6084
Acc    	61.1

============ Predict Viral Tweets ============
Labels 	Prec. 	Recall	F1    	Supp  
N_viral	0.9161	0.9486	0.9321	622
Viral  	0.3191	0.2174	0.2586	69
MacroF1	0.5953
F1w_avg	0.8648
Acc    	87.6

03/05/2021 12:44:36 - INFO - __main__ -   	EPOCH:  29	MiniBatch:    0
03/05/2021 12:44:37 - INFO - __main__ -   	EPOCH:  29	MiniBatch:    1
03/05/2021 12:44:38 - INFO - __main__ -   	EPOCH:  29	MiniBatch:    2
03/05/2021 12:44:38 - INFO - __main__ -   	EPOCH:  29	MiniBatch:    3
03/05/2021 12:44:39 - INFO - __main__ -   	EPOCH:  29	MiniBatch:    4
03/05/2021 12:44:40 - INFO - __main__ -   	EPOCH:  29	MiniBatch:    5
03/05/2021 12:44:40 - INFO - __main__ -   	EPOCH:  29	MiniBatch:    6
03/05/2021 12:44:41 - INFO - __main__ -   	EPOCH:  29	MiniBatch:    7
03/05/2021 12:44:42 - INFO - __main__ -   	EPOCH:  29	MiniBatch:    8
03/05/2021 12:44:43 - INFO - __main__ -   	EPOCH:  29	MiniBatch:    9
03/05/2021 12:44:43 - INFO - __main__ -   	EPOCH:  29	MiniBatch:   10
03/05/2021 12:44:44 - INFO - __main__ -   	EPOCH:  29	MiniBatch:   11
03/05/2021 12:44:45 - INFO - __main__ -   	EPOCH:  29	MiniBatch:   12
03/05/2021 12:44:45 - INFO - __main__ -   	EPOCH:  29	MiniBatch:   13
03/05/2021 12:44:46 - INFO - __main__ -   	EPOCH:  29	MiniBatch:   14
03/05/2021 12:44:47 - INFO - __main__ -   	EPOCH:  29	MiniBatch:   15
03/05/2021 12:44:47 - INFO - __main__ -   	EPOCH:  29	MiniBatch:   16
03/05/2021 12:44:48 - INFO - __main__ -   	EPOCH:  29	MiniBatch:   17
03/05/2021 12:44:49 - INFO - __main__ -   	EPOCH:  29	MiniBatch:   18
03/05/2021 12:44:50 - INFO - __main__ -   	EPOCH:  29	MiniBatch:   19
03/05/2021 12:44:50 - INFO - __main__ -   	EPOCH:  29	MiniBatch:   20
03/05/2021 12:44:51 - INFO - __main__ -   	Testing dev Minibatch:    0
03/05/2021 12:44:52 - INFO - __main__ -   	Testing dev Minibatch:    1
03/05/2021 12:44:52 - INFO - __main__ -   	Testing dev Minibatch:    2
03/05/2021 12:44:53 - INFO - __main__ -   
============ Predict Tweet Stance ============
Labels 	Prec. 	Recall	F1    	Supp  
Denial 	0.6006	0.7875	0.6815	273
Support	0.5364	0.5784	0.5566	204
Comment	0.6300	0.3281	0.4315	192
Queries	0.5385	0.3182	0.4000	22
MacroF1	0.5174
F1w_avg	0.5662
Acc    	58.3

============ Predict Viral Tweets ============
Labels 	Prec. 	Recall	F1    	Supp  
N_viral	0.9234	0.9309	0.9271	622
Viral  	0.3281	0.3043	0.3158	69
MacroF1	0.6215
F1w_avg	0.8661
Acc    	86.8

03/05/2021 12:44:53 - INFO - __main__ -   	EPOCH:  30	MiniBatch:    0
03/05/2021 12:44:54 - INFO - __main__ -   	EPOCH:  30	MiniBatch:    1
03/05/2021 12:44:54 - INFO - __main__ -   	EPOCH:  30	MiniBatch:    2
03/05/2021 12:44:55 - INFO - __main__ -   	EPOCH:  30	MiniBatch:    3
03/05/2021 12:44:56 - INFO - __main__ -   	EPOCH:  30	MiniBatch:    4
03/05/2021 12:44:56 - INFO - __main__ -   	EPOCH:  30	MiniBatch:    5
03/05/2021 12:44:57 - INFO - __main__ -   	EPOCH:  30	MiniBatch:    6
03/05/2021 12:44:58 - INFO - __main__ -   	EPOCH:  30	MiniBatch:    7
03/05/2021 12:44:59 - INFO - __main__ -   	EPOCH:  30	MiniBatch:    8
03/05/2021 12:44:59 - INFO - __main__ -   	EPOCH:  30	MiniBatch:    9
03/05/2021 12:45:00 - INFO - __main__ -   	EPOCH:  30	MiniBatch:   10
03/05/2021 12:45:01 - INFO - __main__ -   	EPOCH:  30	MiniBatch:   11
03/05/2021 12:45:01 - INFO - __main__ -   	EPOCH:  30	MiniBatch:   12
03/05/2021 12:45:02 - INFO - __main__ -   	EPOCH:  30	MiniBatch:   13
03/05/2021 12:45:03 - INFO - __main__ -   	EPOCH:  30	MiniBatch:   14
03/05/2021 12:45:04 - INFO - __main__ -   	EPOCH:  30	MiniBatch:   15
03/05/2021 12:45:04 - INFO - __main__ -   	EPOCH:  30	MiniBatch:   16
03/05/2021 12:45:05 - INFO - __main__ -   	EPOCH:  30	MiniBatch:   17
03/05/2021 12:45:06 - INFO - __main__ -   	EPOCH:  30	MiniBatch:   18
03/05/2021 12:45:06 - INFO - __main__ -   	EPOCH:  30	MiniBatch:   19
03/05/2021 12:45:07 - INFO - __main__ -   	EPOCH:  30	MiniBatch:   20
03/05/2021 12:45:08 - INFO - __main__ -   	Testing dev Minibatch:    0
03/05/2021 12:45:08 - INFO - __main__ -   	Testing dev Minibatch:    1
03/05/2021 12:45:09 - INFO - __main__ -   	Testing dev Minibatch:    2
03/05/2021 12:45:09 - INFO - __main__ -   
============ Predict Tweet Stance ============
Labels 	Prec. 	Recall	F1    	Supp  
Denial 	0.6727	0.6850	0.6788	273
Support	0.6269	0.4118	0.4970	204
Comment	0.4651	0.6250	0.5333	192
Queries	0.4762	0.4545	0.4651	22
MacroF1	0.5436
F1w_avg	0.5779
Acc    	58.0

============ Predict Viral Tweets ============
Labels 	Prec. 	Recall	F1    	Supp  
N_viral	0.9111	0.9727	0.9409	622
Viral  	0.3704	0.1449	0.2083	69
MacroF1	0.5746
F1w_avg	0.8678
Acc    	89.0

03/05/2021 12:45:10 - INFO - __main__ -   	EPOCH:  31	MiniBatch:    0
03/05/2021 12:45:10 - INFO - __main__ -   	EPOCH:  31	MiniBatch:    1
03/05/2021 12:45:11 - INFO - __main__ -   	EPOCH:  31	MiniBatch:    2
03/05/2021 12:45:12 - INFO - __main__ -   	EPOCH:  31	MiniBatch:    3
03/05/2021 12:45:12 - INFO - __main__ -   	EPOCH:  31	MiniBatch:    4
03/05/2021 12:45:13 - INFO - __main__ -   	EPOCH:  31	MiniBatch:    5
03/05/2021 12:45:14 - INFO - __main__ -   	EPOCH:  31	MiniBatch:    6
03/05/2021 12:45:15 - INFO - __main__ -   	EPOCH:  31	MiniBatch:    7
03/05/2021 12:45:15 - INFO - __main__ -   	EPOCH:  31	MiniBatch:    8
03/05/2021 12:45:16 - INFO - __main__ -   	EPOCH:  31	MiniBatch:    9
03/05/2021 12:45:17 - INFO - __main__ -   	EPOCH:  31	MiniBatch:   10
03/05/2021 12:45:17 - INFO - __main__ -   	EPOCH:  31	MiniBatch:   11
03/05/2021 12:45:18 - INFO - __main__ -   	EPOCH:  31	MiniBatch:   12
03/05/2021 12:45:19 - INFO - __main__ -   	EPOCH:  31	MiniBatch:   13
03/05/2021 12:45:20 - INFO - __main__ -   	EPOCH:  31	MiniBatch:   14
03/05/2021 12:45:20 - INFO - __main__ -   	EPOCH:  31	MiniBatch:   15
03/05/2021 12:45:21 - INFO - __main__ -   	EPOCH:  31	MiniBatch:   16
03/05/2021 12:45:22 - INFO - __main__ -   	EPOCH:  31	MiniBatch:   17
03/05/2021 12:45:22 - INFO - __main__ -   	EPOCH:  31	MiniBatch:   18
03/05/2021 12:45:23 - INFO - __main__ -   	EPOCH:  31	MiniBatch:   19
03/05/2021 12:45:24 - INFO - __main__ -   	EPOCH:  31	MiniBatch:   20
03/05/2021 12:45:25 - INFO - __main__ -   	Testing dev Minibatch:    0
03/05/2021 12:45:25 - INFO - __main__ -   	Testing dev Minibatch:    1
03/05/2021 12:45:26 - INFO - __main__ -   	Testing dev Minibatch:    2
03/05/2021 12:45:26 - INFO - __main__ -   
============ Predict Tweet Stance ============
Labels 	Prec. 	Recall	F1    	Supp  
Denial 	0.6278	0.7106	0.6667	273
Support	0.5438	0.5784	0.5606	204
Comment	0.5411	0.4115	0.4675	192
Queries	0.4211	0.3636	0.3902	22
MacroF1	0.5212
F1w_avg	0.5712
Acc    	57.7

============ Predict Viral Tweets ============
Labels 	Prec. 	Recall	F1    	Supp  
N_viral	0.9123	0.9695	0.9400	622
Viral  	0.3667	0.1594	0.2222	69
MacroF1	0.5811
F1w_avg	0.8683
Acc    	88.9

03/05/2021 12:45:26 - INFO - __main__ -   	EPOCH:  32	MiniBatch:    0
03/05/2021 12:45:27 - INFO - __main__ -   	EPOCH:  32	MiniBatch:    1
03/05/2021 12:45:28 - INFO - __main__ -   	EPOCH:  32	MiniBatch:    2
03/05/2021 12:45:29 - INFO - __main__ -   	EPOCH:  32	MiniBatch:    3
03/05/2021 12:45:29 - INFO - __main__ -   	EPOCH:  32	MiniBatch:    4
03/05/2021 12:45:30 - INFO - __main__ -   	EPOCH:  32	MiniBatch:    5
03/05/2021 12:45:31 - INFO - __main__ -   	EPOCH:  32	MiniBatch:    6
03/05/2021 12:45:31 - INFO - __main__ -   	EPOCH:  32	MiniBatch:    7
03/05/2021 12:45:32 - INFO - __main__ -   	EPOCH:  32	MiniBatch:    8
03/05/2021 12:45:33 - INFO - __main__ -   	EPOCH:  32	MiniBatch:    9
03/05/2021 12:45:33 - INFO - __main__ -   	EPOCH:  32	MiniBatch:   10
03/05/2021 12:45:34 - INFO - __main__ -   	EPOCH:  32	MiniBatch:   11
03/05/2021 12:45:35 - INFO - __main__ -   	EPOCH:  32	MiniBatch:   12
03/05/2021 12:45:36 - INFO - __main__ -   	EPOCH:  32	MiniBatch:   13
03/05/2021 12:45:36 - INFO - __main__ -   	EPOCH:  32	MiniBatch:   14
03/05/2021 12:45:37 - INFO - __main__ -   	EPOCH:  32	MiniBatch:   15
03/05/2021 12:45:38 - INFO - __main__ -   	EPOCH:  32	MiniBatch:   16
03/05/2021 12:45:38 - INFO - __main__ -   	EPOCH:  32	MiniBatch:   17
03/05/2021 12:45:39 - INFO - __main__ -   	EPOCH:  32	MiniBatch:   18
03/05/2021 12:45:40 - INFO - __main__ -   	EPOCH:  32	MiniBatch:   19
03/05/2021 12:45:41 - INFO - __main__ -   	EPOCH:  32	MiniBatch:   20
03/05/2021 12:45:41 - INFO - __main__ -   	Testing dev Minibatch:    0
03/05/2021 12:45:42 - INFO - __main__ -   	Testing dev Minibatch:    1
03/05/2021 12:45:43 - INFO - __main__ -   	Testing dev Minibatch:    2
03/05/2021 12:45:43 - INFO - __main__ -   
============ Predict Tweet Stance ============
Labels 	Prec. 	Recall	F1    	Supp  
Denial 	0.6755	0.6557	0.6654	273
Support	0.5561	0.5833	0.5694	204
Comment	0.5053	0.4948	0.5000	192
Queries	0.4583	0.5000	0.4783	22
MacroF1	0.5533
F1w_avg	0.5851
Acc    	58.5

============ Predict Viral Tweets ============
Labels 	Prec. 	Recall	F1    	Supp  
N_viral	0.9126	0.9405	0.9264	622
Viral  	0.2600	0.1884	0.2185	69
MacroF1	0.5724
F1w_avg	0.8557
Acc    	86.5

03/05/2021 12:45:43 - INFO - __main__ -   	EPOCH:  33	MiniBatch:    0
03/05/2021 12:45:44 - INFO - __main__ -   	EPOCH:  33	MiniBatch:    1
03/05/2021 12:45:45 - INFO - __main__ -   	EPOCH:  33	MiniBatch:    2
03/05/2021 12:45:45 - INFO - __main__ -   	EPOCH:  33	MiniBatch:    3
03/05/2021 12:45:46 - INFO - __main__ -   	EPOCH:  33	MiniBatch:    4
03/05/2021 12:45:47 - INFO - __main__ -   	EPOCH:  33	MiniBatch:    5
03/05/2021 12:45:47 - INFO - __main__ -   	EPOCH:  33	MiniBatch:    6
03/05/2021 12:45:48 - INFO - __main__ -   	EPOCH:  33	MiniBatch:    7
03/05/2021 12:45:49 - INFO - __main__ -   	EPOCH:  33	MiniBatch:    8
03/05/2021 12:45:49 - INFO - __main__ -   	EPOCH:  33	MiniBatch:    9
03/05/2021 12:45:50 - INFO - __main__ -   	EPOCH:  33	MiniBatch:   10
03/05/2021 12:45:51 - INFO - __main__ -   	EPOCH:  33	MiniBatch:   11
03/05/2021 12:45:52 - INFO - __main__ -   	EPOCH:  33	MiniBatch:   12
03/05/2021 12:45:52 - INFO - __main__ -   	EPOCH:  33	MiniBatch:   13
03/05/2021 12:45:53 - INFO - __main__ -   	EPOCH:  33	MiniBatch:   14
03/05/2021 12:45:54 - INFO - __main__ -   	EPOCH:  33	MiniBatch:   15
03/05/2021 12:45:54 - INFO - __main__ -   	EPOCH:  33	MiniBatch:   16
03/05/2021 12:45:55 - INFO - __main__ -   	EPOCH:  33	MiniBatch:   17
03/05/2021 12:45:56 - INFO - __main__ -   	EPOCH:  33	MiniBatch:   18
03/05/2021 12:45:57 - INFO - __main__ -   	EPOCH:  33	MiniBatch:   19
03/05/2021 12:45:57 - INFO - __main__ -   	EPOCH:  33	MiniBatch:   20
03/05/2021 12:45:58 - INFO - __main__ -   	Testing dev Minibatch:    0
03/05/2021 12:45:59 - INFO - __main__ -   	Testing dev Minibatch:    1
03/05/2021 12:45:59 - INFO - __main__ -   	Testing dev Minibatch:    2
03/05/2021 12:46:00 - INFO - __main__ -   
============ Predict Tweet Stance ============
Labels 	Prec. 	Recall	F1    	Supp  
Denial 	0.6537	0.6777	0.6655	273
Support	0.5968	0.3627	0.4512	204
Comment	0.4630	0.6510	0.5411	192
Queries	0.5000	0.3182	0.3889	22
MacroF1	0.5117
F1w_avg	0.5589
Acc    	56.6

============ Predict Viral Tweets ============
Labels 	Prec. 	Recall	F1    	Supp  
N_viral	0.9149	0.9502	0.9322	622
Viral  	0.3111	0.2029	0.2456	69
MacroF1	0.5889
F1w_avg	0.8636
Acc    	87.6

03/05/2021 12:46:00 - INFO - __main__ -   	EPOCH:  34	MiniBatch:    0
03/05/2021 12:46:01 - INFO - __main__ -   	EPOCH:  34	MiniBatch:    1
03/05/2021 12:46:01 - INFO - __main__ -   	EPOCH:  34	MiniBatch:    2
03/05/2021 12:46:02 - INFO - __main__ -   	EPOCH:  34	MiniBatch:    3
03/05/2021 12:46:03 - INFO - __main__ -   	EPOCH:  34	MiniBatch:    4
03/05/2021 12:46:03 - INFO - __main__ -   	EPOCH:  34	MiniBatch:    5
03/05/2021 12:46:04 - INFO - __main__ -   	EPOCH:  34	MiniBatch:    6
03/05/2021 12:46:05 - INFO - __main__ -   	EPOCH:  34	MiniBatch:    7
03/05/2021 12:46:06 - INFO - __main__ -   	EPOCH:  34	MiniBatch:    8
03/05/2021 12:46:06 - INFO - __main__ -   	EPOCH:  34	MiniBatch:    9
03/05/2021 12:46:07 - INFO - __main__ -   	EPOCH:  34	MiniBatch:   10
03/05/2021 12:46:08 - INFO - __main__ -   	EPOCH:  34	MiniBatch:   11
03/05/2021 12:46:08 - INFO - __main__ -   	EPOCH:  34	MiniBatch:   12
03/05/2021 12:46:09 - INFO - __main__ -   	EPOCH:  34	MiniBatch:   13
03/05/2021 12:46:10 - INFO - __main__ -   	EPOCH:  34	MiniBatch:   14
03/05/2021 12:46:10 - INFO - __main__ -   	EPOCH:  34	MiniBatch:   15
03/05/2021 12:46:11 - INFO - __main__ -   	EPOCH:  34	MiniBatch:   16
03/05/2021 12:46:12 - INFO - __main__ -   	EPOCH:  34	MiniBatch:   17
03/05/2021 12:46:13 - INFO - __main__ -   	EPOCH:  34	MiniBatch:   18
03/05/2021 12:46:13 - INFO - __main__ -   	EPOCH:  34	MiniBatch:   19
03/05/2021 12:46:14 - INFO - __main__ -   	EPOCH:  34	MiniBatch:   20
03/05/2021 12:46:15 - INFO - __main__ -   	Testing dev Minibatch:    0
03/05/2021 12:46:15 - INFO - __main__ -   	Testing dev Minibatch:    1
03/05/2021 12:46:16 - INFO - __main__ -   	Testing dev Minibatch:    2
03/05/2021 12:46:16 - INFO - __main__ -   
============ Predict Tweet Stance ============
Labels 	Prec. 	Recall	F1    	Supp  
Denial 	0.6246	0.7253	0.6712	273
Support	0.5805	0.4951	0.5344	204
Comment	0.5112	0.4740	0.4919	192
Queries	0.4091	0.4091	0.4091	22
MacroF1	0.5266
F1w_avg	0.5726
Acc    	57.7

============ Predict Viral Tweets ============
Labels 	Prec. 	Recall	F1    	Supp  
N_viral	0.9107	0.9678	0.9384	622
Viral  	0.3333	0.1449	0.2020	69
MacroF1	0.5702
F1w_avg	0.8649
Acc    	88.6

03/05/2021 12:46:17 - INFO - __main__ -   	EPOCH:  35	MiniBatch:    0
03/05/2021 12:46:17 - INFO - __main__ -   	EPOCH:  35	MiniBatch:    1
03/05/2021 12:46:18 - INFO - __main__ -   	EPOCH:  35	MiniBatch:    2
03/05/2021 12:46:19 - INFO - __main__ -   	EPOCH:  35	MiniBatch:    3
03/05/2021 12:46:19 - INFO - __main__ -   	EPOCH:  35	MiniBatch:    4
03/05/2021 12:46:20 - INFO - __main__ -   	EPOCH:  35	MiniBatch:    5
03/05/2021 12:46:21 - INFO - __main__ -   	EPOCH:  35	MiniBatch:    6
03/05/2021 12:46:22 - INFO - __main__ -   	EPOCH:  35	MiniBatch:    7
03/05/2021 12:46:22 - INFO - __main__ -   	EPOCH:  35	MiniBatch:    8
03/05/2021 12:46:23 - INFO - __main__ -   	EPOCH:  35	MiniBatch:    9
03/05/2021 12:46:24 - INFO - __main__ -   	EPOCH:  35	MiniBatch:   10
03/05/2021 12:46:24 - INFO - __main__ -   	EPOCH:  35	MiniBatch:   11
03/05/2021 12:46:25 - INFO - __main__ -   	EPOCH:  35	MiniBatch:   12
03/05/2021 12:46:26 - INFO - __main__ -   	EPOCH:  35	MiniBatch:   13
03/05/2021 12:46:26 - INFO - __main__ -   	EPOCH:  35	MiniBatch:   14
03/05/2021 12:46:27 - INFO - __main__ -   	EPOCH:  35	MiniBatch:   15
03/05/2021 12:46:28 - INFO - __main__ -   	EPOCH:  35	MiniBatch:   16
03/05/2021 12:46:29 - INFO - __main__ -   	EPOCH:  35	MiniBatch:   17
03/05/2021 12:46:29 - INFO - __main__ -   	EPOCH:  35	MiniBatch:   18
03/05/2021 12:46:30 - INFO - __main__ -   	EPOCH:  35	MiniBatch:   19
03/05/2021 12:46:31 - INFO - __main__ -   	EPOCH:  35	MiniBatch:   20
03/05/2021 12:46:31 - INFO - __main__ -   	Testing dev Minibatch:    0
03/05/2021 12:46:32 - INFO - __main__ -   	Testing dev Minibatch:    1
03/05/2021 12:46:33 - INFO - __main__ -   	Testing dev Minibatch:    2
03/05/2021 12:46:33 - INFO - __main__ -   
============ Predict Tweet Stance ============
Labels 	Prec. 	Recall	F1    	Supp  
Denial 	0.7162	0.5824	0.6424	273
Support	0.4876	0.6765	0.5667	204
Comment	0.5205	0.4635	0.4904	192
Queries	0.4667	0.3182	0.3784	22
MacroF1	0.5195
F1w_avg	0.5694
Acc    	56.9

============ Predict Viral Tweets ============
Labels 	Prec. 	Recall	F1    	Supp  
N_viral	0.9193	0.9341	0.9266	622
Viral  	0.3051	0.2609	0.2812	69
MacroF1	0.6039
F1w_avg	0.8622
Acc    	86.7

03/05/2021 12:46:33 - INFO - __main__ -   	EPOCH:  36	MiniBatch:    0
03/05/2021 12:46:34 - INFO - __main__ -   	EPOCH:  36	MiniBatch:    1
03/05/2021 12:46:35 - INFO - __main__ -   	EPOCH:  36	MiniBatch:    2
03/05/2021 12:46:35 - INFO - __main__ -   	EPOCH:  36	MiniBatch:    3
03/05/2021 12:46:36 - INFO - __main__ -   	EPOCH:  36	MiniBatch:    4
03/05/2021 12:46:37 - INFO - __main__ -   	EPOCH:  36	MiniBatch:    5
03/05/2021 12:46:38 - INFO - __main__ -   	EPOCH:  36	MiniBatch:    6
03/05/2021 12:46:38 - INFO - __main__ -   	EPOCH:  36	MiniBatch:    7
03/05/2021 12:46:39 - INFO - __main__ -   	EPOCH:  36	MiniBatch:    8
03/05/2021 12:46:40 - INFO - __main__ -   	EPOCH:  36	MiniBatch:    9
03/05/2021 12:46:40 - INFO - __main__ -   	EPOCH:  36	MiniBatch:   10
03/05/2021 12:46:41 - INFO - __main__ -   	EPOCH:  36	MiniBatch:   11
03/05/2021 12:46:42 - INFO - __main__ -   	EPOCH:  36	MiniBatch:   12
03/05/2021 12:46:42 - INFO - __main__ -   	EPOCH:  36	MiniBatch:   13
03/05/2021 12:46:43 - INFO - __main__ -   	EPOCH:  36	MiniBatch:   14
03/05/2021 12:46:44 - INFO - __main__ -   	EPOCH:  36	MiniBatch:   15
03/05/2021 12:46:45 - INFO - __main__ -   	EPOCH:  36	MiniBatch:   16
03/05/2021 12:46:45 - INFO - __main__ -   	EPOCH:  36	MiniBatch:   17
03/05/2021 12:46:46 - INFO - __main__ -   	EPOCH:  36	MiniBatch:   18
03/05/2021 12:46:47 - INFO - __main__ -   	EPOCH:  36	MiniBatch:   19
03/05/2021 12:46:47 - INFO - __main__ -   	EPOCH:  36	MiniBatch:   20
03/05/2021 12:46:48 - INFO - __main__ -   	Testing dev Minibatch:    0
03/05/2021 12:46:49 - INFO - __main__ -   	Testing dev Minibatch:    1
03/05/2021 12:46:50 - INFO - __main__ -   	Testing dev Minibatch:    2
03/05/2021 12:46:50 - INFO - __main__ -   
============ Predict Tweet Stance ============
Labels 	Prec. 	Recall	F1    	Supp  
Denial 	0.6512	0.6154	0.6328	273
Support	0.5144	0.5245	0.5194	204
Comment	0.5048	0.5521	0.5274	192
Queries	0.4667	0.3182	0.3784	22
MacroF1	0.5145
F1w_avg	0.5619
Acc    	56.2

============ Predict Viral Tweets ============
Labels 	Prec. 	Recall	F1    	Supp  
N_viral	0.9119	0.9823	0.9458	622
Viral  	0.4762	0.1449	0.2222	69
MacroF1	0.5840
F1w_avg	0.8736
Acc    	89.9

03/05/2021 12:46:50 - INFO - __main__ -   	EPOCH:  37	MiniBatch:    0
03/05/2021 12:46:51 - INFO - __main__ -   	EPOCH:  37	MiniBatch:    1
03/05/2021 12:46:51 - INFO - __main__ -   	EPOCH:  37	MiniBatch:    2
03/05/2021 12:46:52 - INFO - __main__ -   	EPOCH:  37	MiniBatch:    3
03/05/2021 12:46:53 - INFO - __main__ -   	EPOCH:  37	MiniBatch:    4
03/05/2021 12:46:54 - INFO - __main__ -   	EPOCH:  37	MiniBatch:    5
03/05/2021 12:46:54 - INFO - __main__ -   	EPOCH:  37	MiniBatch:    6
03/05/2021 12:46:55 - INFO - __main__ -   	EPOCH:  37	MiniBatch:    7
03/05/2021 12:46:56 - INFO - __main__ -   	EPOCH:  37	MiniBatch:    8
03/05/2021 12:46:56 - INFO - __main__ -   	EPOCH:  37	MiniBatch:    9
03/05/2021 12:46:57 - INFO - __main__ -   	EPOCH:  37	MiniBatch:   10
03/05/2021 12:46:58 - INFO - __main__ -   	EPOCH:  37	MiniBatch:   11
03/05/2021 12:46:58 - INFO - __main__ -   	EPOCH:  37	MiniBatch:   12
03/05/2021 12:46:59 - INFO - __main__ -   	EPOCH:  37	MiniBatch:   13
03/05/2021 12:47:00 - INFO - __main__ -   	EPOCH:  37	MiniBatch:   14
03/05/2021 12:47:01 - INFO - __main__ -   	EPOCH:  37	MiniBatch:   15
03/05/2021 12:47:01 - INFO - __main__ -   	EPOCH:  37	MiniBatch:   16
03/05/2021 12:47:02 - INFO - __main__ -   	EPOCH:  37	MiniBatch:   17
03/05/2021 12:47:03 - INFO - __main__ -   	EPOCH:  37	MiniBatch:   18
03/05/2021 12:47:03 - INFO - __main__ -   	EPOCH:  37	MiniBatch:   19
03/05/2021 12:47:04 - INFO - __main__ -   	EPOCH:  37	MiniBatch:   20
03/05/2021 12:47:05 - INFO - __main__ -   	Testing dev Minibatch:    0
03/05/2021 12:47:06 - INFO - __main__ -   	Testing dev Minibatch:    1
03/05/2021 12:47:06 - INFO - __main__ -   	Testing dev Minibatch:    2
03/05/2021 12:47:07 - INFO - __main__ -   
============ Predict Tweet Stance ============
Labels 	Prec. 	Recall	F1    	Supp  
Denial 	0.7203	0.6227	0.6680	273
Support	0.6074	0.4853	0.5395	204
Comment	0.4576	0.6458	0.5356	192
Queries	0.4286	0.4091	0.4186	22
MacroF1	0.5404
F1w_avg	0.5853
Acc    	58.2

============ Predict Viral Tweets ============
Labels 	Prec. 	Recall	F1    	Supp  
N_viral	0.9213	0.9405	0.9308	622
Viral  	0.3393	0.2754	0.3040	69
MacroF1	0.6174
F1w_avg	0.8682
Acc    	87.4

03/05/2021 12:47:07 - INFO - __main__ -   	EPOCH:  38	MiniBatch:    0
03/05/2021 12:47:07 - INFO - __main__ -   	EPOCH:  38	MiniBatch:    1
03/05/2021 12:47:08 - INFO - __main__ -   	EPOCH:  38	MiniBatch:    2
03/05/2021 12:47:09 - INFO - __main__ -   	EPOCH:  38	MiniBatch:    3
03/05/2021 12:47:10 - INFO - __main__ -   	EPOCH:  38	MiniBatch:    4
03/05/2021 12:47:10 - INFO - __main__ -   	EPOCH:  38	MiniBatch:    5
03/05/2021 12:47:11 - INFO - __main__ -   	EPOCH:  38	MiniBatch:    6
03/05/2021 12:47:12 - INFO - __main__ -   	EPOCH:  38	MiniBatch:    7
03/05/2021 12:47:12 - INFO - __main__ -   	EPOCH:  38	MiniBatch:    8
03/05/2021 12:47:13 - INFO - __main__ -   	EPOCH:  38	MiniBatch:    9
03/05/2021 12:47:14 - INFO - __main__ -   	EPOCH:  38	MiniBatch:   10
03/05/2021 12:47:14 - INFO - __main__ -   	EPOCH:  38	MiniBatch:   11
03/05/2021 12:47:15 - INFO - __main__ -   	EPOCH:  38	MiniBatch:   12
03/05/2021 12:47:16 - INFO - __main__ -   	EPOCH:  38	MiniBatch:   13
03/05/2021 12:47:17 - INFO - __main__ -   	EPOCH:  38	MiniBatch:   14
03/05/2021 12:47:17 - INFO - __main__ -   	EPOCH:  38	MiniBatch:   15
03/05/2021 12:47:18 - INFO - __main__ -   	EPOCH:  38	MiniBatch:   16
03/05/2021 12:47:19 - INFO - __main__ -   	EPOCH:  38	MiniBatch:   17
03/05/2021 12:47:19 - INFO - __main__ -   	EPOCH:  38	MiniBatch:   18
03/05/2021 12:47:20 - INFO - __main__ -   	EPOCH:  38	MiniBatch:   19
03/05/2021 12:47:21 - INFO - __main__ -   	EPOCH:  38	MiniBatch:   20
03/05/2021 12:47:22 - INFO - __main__ -   	Testing dev Minibatch:    0
03/05/2021 12:47:22 - INFO - __main__ -   	Testing dev Minibatch:    1
03/05/2021 12:47:23 - INFO - __main__ -   	Testing dev Minibatch:    2
03/05/2021 12:47:23 - INFO - __main__ -   
============ Predict Tweet Stance ============
Labels 	Prec. 	Recall	F1    	Supp  
Denial 	0.5894	0.7729	0.6688	273
Support	0.6239	0.3578	0.4548	204
Comment	0.5333	0.5417	0.5375	192
Queries	0.3810	0.3636	0.3721	22
MacroF1	0.5083
F1w_avg	0.5597
Acc    	57.3

============ Predict Viral Tweets ============
Labels 	Prec. 	Recall	F1    	Supp  
N_viral	0.9167	0.9550	0.9354	622
Viral  	0.3488	0.2174	0.2679	69
MacroF1	0.6016
F1w_avg	0.8688
Acc    	88.1

03/05/2021 12:47:23 - INFO - __main__ -   	EPOCH:  39	MiniBatch:    0
03/05/2021 12:47:24 - INFO - __main__ -   	EPOCH:  39	MiniBatch:    1
03/05/2021 12:47:25 - INFO - __main__ -   	EPOCH:  39	MiniBatch:    2
03/05/2021 12:47:26 - INFO - __main__ -   	EPOCH:  39	MiniBatch:    3
03/05/2021 12:47:26 - INFO - __main__ -   	EPOCH:  39	MiniBatch:    4
03/05/2021 12:47:27 - INFO - __main__ -   	EPOCH:  39	MiniBatch:    5
03/05/2021 12:47:28 - INFO - __main__ -   	EPOCH:  39	MiniBatch:    6
03/05/2021 12:47:28 - INFO - __main__ -   	EPOCH:  39	MiniBatch:    7
03/05/2021 12:47:29 - INFO - __main__ -   	EPOCH:  39	MiniBatch:    8
03/05/2021 12:47:30 - INFO - __main__ -   	EPOCH:  39	MiniBatch:    9
03/05/2021 12:47:30 - INFO - __main__ -   	EPOCH:  39	MiniBatch:   10
03/05/2021 12:47:31 - INFO - __main__ -   	EPOCH:  39	MiniBatch:   11
03/05/2021 12:47:32 - INFO - __main__ -   	EPOCH:  39	MiniBatch:   12
03/05/2021 12:47:33 - INFO - __main__ -   	EPOCH:  39	MiniBatch:   13
03/05/2021 12:47:33 - INFO - __main__ -   	EPOCH:  39	MiniBatch:   14
03/05/2021 12:47:34 - INFO - __main__ -   	EPOCH:  39	MiniBatch:   15
03/05/2021 12:47:35 - INFO - __main__ -   	EPOCH:  39	MiniBatch:   16
03/05/2021 12:47:35 - INFO - __main__ -   	EPOCH:  39	MiniBatch:   17
03/05/2021 12:47:36 - INFO - __main__ -   	EPOCH:  39	MiniBatch:   18
03/05/2021 12:47:37 - INFO - __main__ -   	EPOCH:  39	MiniBatch:   19
03/05/2021 12:47:38 - INFO - __main__ -   	EPOCH:  39	MiniBatch:   20
03/05/2021 12:47:38 - INFO - __main__ -   	Testing dev Minibatch:    0
03/05/2021 12:47:39 - INFO - __main__ -   	Testing dev Minibatch:    1
03/05/2021 12:47:40 - INFO - __main__ -   	Testing dev Minibatch:    2
03/05/2021 12:47:40 - INFO - __main__ -   
============ Predict Tweet Stance ============
Labels 	Prec. 	Recall	F1    	Supp  
Denial 	0.6343	0.7179	0.6735	273
Support	0.6513	0.4853	0.5562	204
Comment	0.4882	0.5365	0.5112	192
Queries	0.3158	0.2727	0.2927	22
MacroF1	0.5084
F1w_avg	0.5816
Acc    	58.5

============ Predict Viral Tweets ============
Labels 	Prec. 	Recall	F1    	Supp  
N_viral	0.9155	0.9759	0.9447	622
Viral  	0.4643	0.1884	0.2680	69
MacroF1	0.6064
F1w_avg	0.8772
Acc    	89.7

03/05/2021 12:47:40 - INFO - __main__ -   No improvements in F1 for 20 epochs
03/05/2021 12:47:42 - INFO - __main__ -   	Testing test Minibatch:    0
03/05/2021 12:47:43 - INFO - __main__ -   	Testing test Minibatch:    1
03/05/2021 12:47:43 - INFO - __main__ -   	Testing test Minibatch:    2
03/05/2021 12:47:44 - INFO - __main__ -   
============ Predict Tweet Stance ============
Labels 	Prec. 	Recall	F1    	Supp  
Denial 	0.5897	0.6628	0.6241	258
Support	0.5635	0.4554	0.5037	224
Comment	0.4974	0.5187	0.5079	187
Queries	0.4615	0.5217	0.4898	23
MacroF1	0.5314
F1w_avg	0.5492
Acc    	55.2

============ Predict Viral Tweets ============
Labels 	Prec. 	Recall	F1    	Supp  
N_viral	0.9140	0.9566	0.9348	622
Viral  	0.3415	0.2000	0.2523	70
MacroF1	0.5935
F1w_avg	0.8658
Acc    	88.0

03/05/2021 12:47:44 - INFO - __main__ -   Time taken: 0h 11m 34s
