03/05/2021 09:26:15 - INFO - __main__ -   ----------------- Hyperparameters ------------------
03/05/2021 09:26:15 - INFO - __main__ -   ======== mtt_Bertweet =========
03/05/2021 09:26:15 - INFO - __main__ -   ===== Hyperparameters ======
03/05/2021 09:26:15 - INFO - __main__ -   ('batch_train', 100)
03/05/2021 09:26:15 - INFO - __main__ -   ('batch_test', 300)
03/05/2021 09:26:15 - INFO - __main__ -   ('epochs', 200)
03/05/2021 09:26:15 - INFO - __main__ -   ('learning_rate', 4e-05)
03/05/2021 09:26:15 - INFO - __main__ -   ('optimizer', 'adam')
03/05/2021 09:26:15 - INFO - __main__ -   ('do_train', True)
03/05/2021 09:26:15 - INFO - __main__ -   ('do_test', True)
03/05/2021 09:26:15 - INFO - __main__ -   ('model_name', 'mtt_Bertweet')
03/05/2021 09:26:15 - INFO - __main__ -   ('exp_name', 'exp4')
03/05/2021 09:26:15 - INFO - __main__ -   ('train_data', './data/train_set_128_w_length_bertweet.bin')
03/05/2021 09:26:15 - INFO - __main__ -   ('test_data', './data/test_set_128_w_length_bertweet.bin')
03/05/2021 09:26:15 - INFO - __main__ -   ('k_folds', 4)
03/05/2021 09:26:15 - INFO - __main__ -   ('folds2run', 1)
03/05/2021 09:26:15 - INFO - __main__ -   ('debug', False)
03/05/2021 09:26:15 - INFO - __main__ -   ('log_interval', 1)
03/05/2021 09:26:15 - INFO - __main__ -   ('loss_fn', 'ce_loss')
03/05/2021 09:26:15 - INFO - __main__ -   ('w_sample', True)
03/05/2021 09:26:15 - INFO - __main__ -   ('pretrain_model', '')
03/05/2021 09:26:15 - INFO - __main__ -   ('epochs2giveup', 20)
03/05/2021 09:26:15 - INFO - __main__ -   ('dropout', 0.1)
03/05/2021 09:26:15 - INFO - __main__ -   ('viral_attr', 'retweets')
03/05/2021 09:26:15 - INFO - __main__ -   ('viral_threshold', 80.0)
03/05/2021 09:26:15 - INFO - __main__ -   ('weight_attr', 'stance')
03/05/2021 09:26:15 - INFO - __main__ -   ('task', 'viral')
03/05/2021 09:26:15 - INFO - __main__ -   ('mtt_weight', 1.0)
03/05/2021 09:26:15 - INFO - __main__ -   ------------------ Getting model -------------------
03/05/2021 09:26:21 - INFO - __main__ -   --------------- Getting dataframes -----------------
03/05/2021 09:26:21 - INFO - __main__ -   ------- Setting loss function and optimizer --------
03/05/2021 09:26:21 - INFO - __main__ -   ------------ Converting to dataloaders -------------
03/05/2021 09:26:21 - INFO - __main__ -   class:    0 	count:  752
03/05/2021 09:26:21 - INFO - __main__ -   class:    1 	count:  616
03/05/2021 09:26:21 - INFO - __main__ -   class:    2 	count:  631
03/05/2021 09:26:21 - INFO - __main__ -   class:    3 	count:   76
03/05/2021 09:26:21 - INFO - __main__ -   ---------------- Starting training -----------------
03/05/2021 09:26:21 - INFO - __main__ -   	EPOCH:   0	MiniBatch:    0
03/05/2021 09:26:22 - INFO - __main__ -   	EPOCH:   0	MiniBatch:    1
03/05/2021 09:26:23 - INFO - __main__ -   	EPOCH:   0	MiniBatch:    2
03/05/2021 09:26:24 - INFO - __main__ -   	EPOCH:   0	MiniBatch:    3
03/05/2021 09:26:24 - INFO - __main__ -   	EPOCH:   0	MiniBatch:    4
03/05/2021 09:26:25 - INFO - __main__ -   	EPOCH:   0	MiniBatch:    5
03/05/2021 09:26:26 - INFO - __main__ -   	EPOCH:   0	MiniBatch:    6
03/05/2021 09:26:26 - INFO - __main__ -   	EPOCH:   0	MiniBatch:    7
03/05/2021 09:26:27 - INFO - __main__ -   	EPOCH:   0	MiniBatch:    8
03/05/2021 09:26:28 - INFO - __main__ -   	EPOCH:   0	MiniBatch:    9
03/05/2021 09:26:28 - INFO - __main__ -   	EPOCH:   0	MiniBatch:   10
03/05/2021 09:26:29 - INFO - __main__ -   	EPOCH:   0	MiniBatch:   11
03/05/2021 09:26:30 - INFO - __main__ -   	EPOCH:   0	MiniBatch:   12
03/05/2021 09:26:30 - INFO - __main__ -   	EPOCH:   0	MiniBatch:   13
03/05/2021 09:26:31 - INFO - __main__ -   	EPOCH:   0	MiniBatch:   14
03/05/2021 09:26:32 - INFO - __main__ -   	EPOCH:   0	MiniBatch:   15
03/05/2021 09:26:32 - INFO - __main__ -   	EPOCH:   0	MiniBatch:   16
03/05/2021 09:26:33 - INFO - __main__ -   	EPOCH:   0	MiniBatch:   17
03/05/2021 09:26:34 - INFO - __main__ -   	EPOCH:   0	MiniBatch:   18
03/05/2021 09:26:35 - INFO - __main__ -   	EPOCH:   0	MiniBatch:   19
03/05/2021 09:26:35 - INFO - __main__ -   	EPOCH:   0	MiniBatch:   20
03/05/2021 09:26:36 - INFO - __main__ -   	Testing dev Minibatch:    0
03/05/2021 09:26:37 - INFO - __main__ -   	Testing dev Minibatch:    1
03/05/2021 09:26:37 - INFO - __main__ -   	Testing dev Minibatch:    2
03/05/2021 09:26:38 - INFO - __main__ -   
============ Predict Tweet Stance ============
Labels 	Prec. 	Recall	F1    	Supp  
Denial 	0.3942	0.9963	0.5649	273
Support	0.0000	0.0000	0.0000	204
Comment	0.0000	0.0000	0.0000	192
Queries	0.0000	0.0000	0.0000	22
MacroF1	0.1412
F1w_avg	0.2232
Acc    	39.4

============ Predict Viral Tweets ============
Labels 	Prec. 	Recall	F1    	Supp  
N_viral	0.8003	1.0000	0.8891	553
Viral  	0.0000	0.0000	0.0000	138
MacroF1	0.4445
F1w_avg	0.7115
Acc    	80.0

03/05/2021 09:26:38 - INFO - __main__ -   Best results so far. Saving model...
03/05/2021 09:26:39 - INFO - __main__ -   	EPOCH:   1	MiniBatch:    0
03/05/2021 09:26:40 - INFO - __main__ -   	EPOCH:   1	MiniBatch:    1
03/05/2021 09:26:41 - INFO - __main__ -   	EPOCH:   1	MiniBatch:    2
03/05/2021 09:26:41 - INFO - __main__ -   	EPOCH:   1	MiniBatch:    3
03/05/2021 09:26:42 - INFO - __main__ -   	EPOCH:   1	MiniBatch:    4
03/05/2021 09:26:43 - INFO - __main__ -   	EPOCH:   1	MiniBatch:    5
03/05/2021 09:26:44 - INFO - __main__ -   	EPOCH:   1	MiniBatch:    6
03/05/2021 09:26:44 - INFO - __main__ -   	EPOCH:   1	MiniBatch:    7
03/05/2021 09:26:45 - INFO - __main__ -   	EPOCH:   1	MiniBatch:    8
03/05/2021 09:26:46 - INFO - __main__ -   	EPOCH:   1	MiniBatch:    9
03/05/2021 09:26:46 - INFO - __main__ -   	EPOCH:   1	MiniBatch:   10
03/05/2021 09:26:47 - INFO - __main__ -   	EPOCH:   1	MiniBatch:   11
03/05/2021 09:26:48 - INFO - __main__ -   	EPOCH:   1	MiniBatch:   12
03/05/2021 09:26:48 - INFO - __main__ -   	EPOCH:   1	MiniBatch:   13
03/05/2021 09:26:49 - INFO - __main__ -   	EPOCH:   1	MiniBatch:   14
03/05/2021 09:26:50 - INFO - __main__ -   	EPOCH:   1	MiniBatch:   15
03/05/2021 09:26:50 - INFO - __main__ -   	EPOCH:   1	MiniBatch:   16
03/05/2021 09:26:51 - INFO - __main__ -   	EPOCH:   1	MiniBatch:   17
03/05/2021 09:26:52 - INFO - __main__ -   	EPOCH:   1	MiniBatch:   18
03/05/2021 09:26:52 - INFO - __main__ -   	EPOCH:   1	MiniBatch:   19
03/05/2021 09:26:53 - INFO - __main__ -   	EPOCH:   1	MiniBatch:   20
03/05/2021 09:26:54 - INFO - __main__ -   	Testing dev Minibatch:    0
03/05/2021 09:26:55 - INFO - __main__ -   	Testing dev Minibatch:    1
03/05/2021 09:26:55 - INFO - __main__ -   	Testing dev Minibatch:    2
03/05/2021 09:26:55 - INFO - __main__ -   
============ Predict Tweet Stance ============
Labels 	Prec. 	Recall	F1    	Supp  
Denial 	0.3952	0.9744	0.5624	273
Support	0.0000	0.0000	0.0000	204
Comment	0.0714	0.0052	0.0097	192
Queries	0.0000	0.0000	0.0000	22
MacroF1	0.1430
F1w_avg	0.2249
Acc    	38.6

============ Predict Viral Tweets ============
Labels 	Prec. 	Recall	F1    	Supp  
N_viral	0.8104	0.9819	0.8880	553
Viral  	0.5238	0.0797	0.1384	138
MacroF1	0.5132
F1w_avg	0.7383
Acc    	80.2

03/05/2021 09:26:55 - INFO - __main__ -   Best results so far. Saving model...
03/05/2021 09:26:57 - INFO - __main__ -   	EPOCH:   2	MiniBatch:    0
03/05/2021 09:26:58 - INFO - __main__ -   	EPOCH:   2	MiniBatch:    1
03/05/2021 09:26:59 - INFO - __main__ -   	EPOCH:   2	MiniBatch:    2
03/05/2021 09:26:59 - INFO - __main__ -   	EPOCH:   2	MiniBatch:    3
03/05/2021 09:27:00 - INFO - __main__ -   	EPOCH:   2	MiniBatch:    4
03/05/2021 09:27:01 - INFO - __main__ -   	EPOCH:   2	MiniBatch:    5
03/05/2021 09:27:01 - INFO - __main__ -   	EPOCH:   2	MiniBatch:    6
03/05/2021 09:27:02 - INFO - __main__ -   	EPOCH:   2	MiniBatch:    7
03/05/2021 09:27:03 - INFO - __main__ -   	EPOCH:   2	MiniBatch:    8
03/05/2021 09:27:03 - INFO - __main__ -   	EPOCH:   2	MiniBatch:    9
03/05/2021 09:27:04 - INFO - __main__ -   	EPOCH:   2	MiniBatch:   10
03/05/2021 09:27:05 - INFO - __main__ -   	EPOCH:   2	MiniBatch:   11
03/05/2021 09:27:06 - INFO - __main__ -   	EPOCH:   2	MiniBatch:   12
03/05/2021 09:27:06 - INFO - __main__ -   	EPOCH:   2	MiniBatch:   13
03/05/2021 09:27:07 - INFO - __main__ -   	EPOCH:   2	MiniBatch:   14
03/05/2021 09:27:08 - INFO - __main__ -   	EPOCH:   2	MiniBatch:   15
03/05/2021 09:27:08 - INFO - __main__ -   	EPOCH:   2	MiniBatch:   16
03/05/2021 09:27:09 - INFO - __main__ -   	EPOCH:   2	MiniBatch:   17
03/05/2021 09:27:10 - INFO - __main__ -   	EPOCH:   2	MiniBatch:   18
03/05/2021 09:27:10 - INFO - __main__ -   	EPOCH:   2	MiniBatch:   19
03/05/2021 09:27:11 - INFO - __main__ -   	EPOCH:   2	MiniBatch:   20
03/05/2021 09:27:12 - INFO - __main__ -   	Testing dev Minibatch:    0
03/05/2021 09:27:12 - INFO - __main__ -   	Testing dev Minibatch:    1
03/05/2021 09:27:13 - INFO - __main__ -   	Testing dev Minibatch:    2
03/05/2021 09:27:13 - INFO - __main__ -   
============ Predict Tweet Stance ============
Labels 	Prec. 	Recall	F1    	Supp  
Denial 	0.3876	0.7070	0.5006	273
Support	0.1429	0.0098	0.0183	204
Comment	0.1828	0.0885	0.1193	192
Queries	0.0349	0.1364	0.0556	22
MacroF1	0.1735
F1w_avg	0.2381
Acc    	31.1

============ Predict Viral Tweets ============
Labels 	Prec. 	Recall	F1    	Supp  
N_viral	0.8440	0.9295	0.8847	553
Viral  	0.5244	0.3116	0.3909	138
MacroF1	0.6378
F1w_avg	0.7861
Acc    	80.6

03/05/2021 09:27:13 - INFO - __main__ -   Best results so far. Saving model...
03/05/2021 09:27:15 - INFO - __main__ -   	EPOCH:   3	MiniBatch:    0
03/05/2021 09:27:16 - INFO - __main__ -   	EPOCH:   3	MiniBatch:    1
03/05/2021 09:27:17 - INFO - __main__ -   	EPOCH:   3	MiniBatch:    2
03/05/2021 09:27:17 - INFO - __main__ -   	EPOCH:   3	MiniBatch:    3
03/05/2021 09:27:18 - INFO - __main__ -   	EPOCH:   3	MiniBatch:    4
03/05/2021 09:27:19 - INFO - __main__ -   	EPOCH:   3	MiniBatch:    5
03/05/2021 09:27:19 - INFO - __main__ -   	EPOCH:   3	MiniBatch:    6
03/05/2021 09:27:20 - INFO - __main__ -   	EPOCH:   3	MiniBatch:    7
03/05/2021 09:27:21 - INFO - __main__ -   	EPOCH:   3	MiniBatch:    8
03/05/2021 09:27:21 - INFO - __main__ -   	EPOCH:   3	MiniBatch:    9
03/05/2021 09:27:22 - INFO - __main__ -   	EPOCH:   3	MiniBatch:   10
03/05/2021 09:27:23 - INFO - __main__ -   	EPOCH:   3	MiniBatch:   11
03/05/2021 09:27:23 - INFO - __main__ -   	EPOCH:   3	MiniBatch:   12
03/05/2021 09:27:24 - INFO - __main__ -   	EPOCH:   3	MiniBatch:   13
03/05/2021 09:27:25 - INFO - __main__ -   	EPOCH:   3	MiniBatch:   14
03/05/2021 09:27:26 - INFO - __main__ -   	EPOCH:   3	MiniBatch:   15
03/05/2021 09:27:26 - INFO - __main__ -   	EPOCH:   3	MiniBatch:   16
03/05/2021 09:27:27 - INFO - __main__ -   	EPOCH:   3	MiniBatch:   17
03/05/2021 09:27:28 - INFO - __main__ -   	EPOCH:   3	MiniBatch:   18
03/05/2021 09:27:28 - INFO - __main__ -   	EPOCH:   3	MiniBatch:   19
03/05/2021 09:27:29 - INFO - __main__ -   	EPOCH:   3	MiniBatch:   20
03/05/2021 09:27:30 - INFO - __main__ -   	Testing dev Minibatch:    0
03/05/2021 09:27:30 - INFO - __main__ -   	Testing dev Minibatch:    1
03/05/2021 09:27:31 - INFO - __main__ -   	Testing dev Minibatch:    2
03/05/2021 09:27:31 - INFO - __main__ -   
============ Predict Tweet Stance ============
Labels 	Prec. 	Recall	F1    	Supp  
Denial 	0.3937	0.3663	0.3795	273
Support	0.2556	0.1127	0.1565	204
Comment	0.2737	0.3906	0.3219	192
Queries	0.0137	0.0455	0.0211	22
MacroF1	0.2197
F1w_avg	0.2862
Acc    	28.8

============ Predict Viral Tweets ============
Labels 	Prec. 	Recall	F1    	Supp  
N_viral	0.8554	0.8987	0.8765	553
Viral  	0.4909	0.3913	0.4355	138
MacroF1	0.6560
F1w_avg	0.7885
Acc    	79.7

03/05/2021 09:27:31 - INFO - __main__ -   Best results so far. Saving model...
03/05/2021 09:27:33 - INFO - __main__ -   	EPOCH:   4	MiniBatch:    0
03/05/2021 09:27:34 - INFO - __main__ -   	EPOCH:   4	MiniBatch:    1
03/05/2021 09:27:34 - INFO - __main__ -   	EPOCH:   4	MiniBatch:    2
03/05/2021 09:27:35 - INFO - __main__ -   	EPOCH:   4	MiniBatch:    3
03/05/2021 09:27:36 - INFO - __main__ -   	EPOCH:   4	MiniBatch:    4
03/05/2021 09:27:37 - INFO - __main__ -   	EPOCH:   4	MiniBatch:    5
03/05/2021 09:27:37 - INFO - __main__ -   	EPOCH:   4	MiniBatch:    6
03/05/2021 09:27:38 - INFO - __main__ -   	EPOCH:   4	MiniBatch:    7
03/05/2021 09:27:39 - INFO - __main__ -   	EPOCH:   4	MiniBatch:    8
03/05/2021 09:27:39 - INFO - __main__ -   	EPOCH:   4	MiniBatch:    9
03/05/2021 09:27:40 - INFO - __main__ -   	EPOCH:   4	MiniBatch:   10
03/05/2021 09:27:41 - INFO - __main__ -   	EPOCH:   4	MiniBatch:   11
03/05/2021 09:27:41 - INFO - __main__ -   	EPOCH:   4	MiniBatch:   12
03/05/2021 09:27:42 - INFO - __main__ -   	EPOCH:   4	MiniBatch:   13
03/05/2021 09:27:43 - INFO - __main__ -   	EPOCH:   4	MiniBatch:   14
03/05/2021 09:27:43 - INFO - __main__ -   	EPOCH:   4	MiniBatch:   15
03/05/2021 09:27:44 - INFO - __main__ -   	EPOCH:   4	MiniBatch:   16
03/05/2021 09:27:45 - INFO - __main__ -   	EPOCH:   4	MiniBatch:   17
03/05/2021 09:27:45 - INFO - __main__ -   	EPOCH:   4	MiniBatch:   18
03/05/2021 09:27:46 - INFO - __main__ -   	EPOCH:   4	MiniBatch:   19
03/05/2021 09:27:47 - INFO - __main__ -   	EPOCH:   4	MiniBatch:   20
03/05/2021 09:27:48 - INFO - __main__ -   	Testing dev Minibatch:    0
03/05/2021 09:27:48 - INFO - __main__ -   	Testing dev Minibatch:    1
03/05/2021 09:27:49 - INFO - __main__ -   	Testing dev Minibatch:    2
03/05/2021 09:27:49 - INFO - __main__ -   
============ Predict Tweet Stance ============
Labels 	Prec. 	Recall	F1    	Supp  
Denial 	0.3986	0.6410	0.4916	273
Support	0.1818	0.0098	0.0186	204
Comment	0.2797	0.2083	0.2388	192
Queries	0.0204	0.0909	0.0333	22
MacroF1	0.1956
F1w_avg	0.2671
Acc    	31.7

============ Predict Viral Tweets ============
Labels 	Prec. 	Recall	F1    	Supp  
N_viral	0.8793	0.7776	0.8253	553
Viral  	0.3911	0.5725	0.4647	138
MacroF1	0.6450
F1w_avg	0.7533
Acc    	73.7

03/05/2021 09:27:49 - INFO - __main__ -   	EPOCH:   5	MiniBatch:    0
03/05/2021 09:27:50 - INFO - __main__ -   	EPOCH:   5	MiniBatch:    1
03/05/2021 09:27:51 - INFO - __main__ -   	EPOCH:   5	MiniBatch:    2
03/05/2021 09:27:51 - INFO - __main__ -   	EPOCH:   5	MiniBatch:    3
03/05/2021 09:27:52 - INFO - __main__ -   	EPOCH:   5	MiniBatch:    4
03/05/2021 09:27:53 - INFO - __main__ -   	EPOCH:   5	MiniBatch:    5
03/05/2021 09:27:54 - INFO - __main__ -   	EPOCH:   5	MiniBatch:    6
03/05/2021 09:27:54 - INFO - __main__ -   	EPOCH:   5	MiniBatch:    7
03/05/2021 09:27:55 - INFO - __main__ -   	EPOCH:   5	MiniBatch:    8
03/05/2021 09:27:56 - INFO - __main__ -   	EPOCH:   5	MiniBatch:    9
03/05/2021 09:27:56 - INFO - __main__ -   	EPOCH:   5	MiniBatch:   10
03/05/2021 09:27:57 - INFO - __main__ -   	EPOCH:   5	MiniBatch:   11
03/05/2021 09:27:58 - INFO - __main__ -   	EPOCH:   5	MiniBatch:   12
03/05/2021 09:27:58 - INFO - __main__ -   	EPOCH:   5	MiniBatch:   13
03/05/2021 09:27:59 - INFO - __main__ -   	EPOCH:   5	MiniBatch:   14
03/05/2021 09:28:00 - INFO - __main__ -   	EPOCH:   5	MiniBatch:   15
03/05/2021 09:28:00 - INFO - __main__ -   	EPOCH:   5	MiniBatch:   16
03/05/2021 09:28:01 - INFO - __main__ -   	EPOCH:   5	MiniBatch:   17
03/05/2021 09:28:02 - INFO - __main__ -   	EPOCH:   5	MiniBatch:   18
03/05/2021 09:28:03 - INFO - __main__ -   	EPOCH:   5	MiniBatch:   19
03/05/2021 09:28:03 - INFO - __main__ -   	EPOCH:   5	MiniBatch:   20
03/05/2021 09:28:04 - INFO - __main__ -   	Testing dev Minibatch:    0
03/05/2021 09:28:05 - INFO - __main__ -   	Testing dev Minibatch:    1
03/05/2021 09:28:05 - INFO - __main__ -   	Testing dev Minibatch:    2
03/05/2021 09:28:06 - INFO - __main__ -   
============ Predict Tweet Stance ============
Labels 	Prec. 	Recall	F1    	Supp  
Denial 	0.3924	0.5678	0.4641	273
Support	0.2857	0.0882	0.1348	204
Comment	0.2193	0.1302	0.1634	192
Queries	0.0336	0.1818	0.0567	22
MacroF1	0.2048
F1w_avg	0.2704
Acc    	29.2

============ Predict Viral Tweets ============
Labels 	Prec. 	Recall	F1    	Supp  
N_viral	0.8657	0.8626	0.8641	553
Viral  	0.4571	0.4638	0.4604	138
MacroF1	0.6623
F1w_avg	0.7835
Acc    	78.3

03/05/2021 09:28:06 - INFO - __main__ -   Best results so far. Saving model...
03/05/2021 09:28:07 - INFO - __main__ -   	EPOCH:   6	MiniBatch:    0
03/05/2021 09:28:08 - INFO - __main__ -   	EPOCH:   6	MiniBatch:    1
03/05/2021 09:28:09 - INFO - __main__ -   	EPOCH:   6	MiniBatch:    2
03/05/2021 09:28:10 - INFO - __main__ -   	EPOCH:   6	MiniBatch:    3
03/05/2021 09:28:10 - INFO - __main__ -   	EPOCH:   6	MiniBatch:    4
03/05/2021 09:28:11 - INFO - __main__ -   	EPOCH:   6	MiniBatch:    5
03/05/2021 09:28:12 - INFO - __main__ -   	EPOCH:   6	MiniBatch:    6
03/05/2021 09:28:12 - INFO - __main__ -   	EPOCH:   6	MiniBatch:    7
03/05/2021 09:28:13 - INFO - __main__ -   	EPOCH:   6	MiniBatch:    8
03/05/2021 09:28:14 - INFO - __main__ -   	EPOCH:   6	MiniBatch:    9
03/05/2021 09:28:14 - INFO - __main__ -   	EPOCH:   6	MiniBatch:   10
03/05/2021 09:28:15 - INFO - __main__ -   	EPOCH:   6	MiniBatch:   11
03/05/2021 09:28:16 - INFO - __main__ -   	EPOCH:   6	MiniBatch:   12
03/05/2021 09:28:16 - INFO - __main__ -   	EPOCH:   6	MiniBatch:   13
03/05/2021 09:28:17 - INFO - __main__ -   	EPOCH:   6	MiniBatch:   14
03/05/2021 09:28:18 - INFO - __main__ -   	EPOCH:   6	MiniBatch:   15
03/05/2021 09:28:18 - INFO - __main__ -   	EPOCH:   6	MiniBatch:   16
03/05/2021 09:28:19 - INFO - __main__ -   	EPOCH:   6	MiniBatch:   17
03/05/2021 09:28:20 - INFO - __main__ -   	EPOCH:   6	MiniBatch:   18
03/05/2021 09:28:21 - INFO - __main__ -   	EPOCH:   6	MiniBatch:   19
03/05/2021 09:28:21 - INFO - __main__ -   	EPOCH:   6	MiniBatch:   20
03/05/2021 09:28:22 - INFO - __main__ -   	Testing dev Minibatch:    0
03/05/2021 09:28:23 - INFO - __main__ -   	Testing dev Minibatch:    1
03/05/2021 09:28:23 - INFO - __main__ -   	Testing dev Minibatch:    2
03/05/2021 09:28:24 - INFO - __main__ -   
============ Predict Tweet Stance ============
Labels 	Prec. 	Recall	F1    	Supp  
Denial 	0.3896	0.1099	0.1714	273
Support	0.2623	0.3922	0.3143	204
Comment	0.2500	0.2552	0.2526	192
Queries	0.0177	0.0909	0.0296	22
MacroF1	0.1920
F1w_avg	0.2317
Acc    	23.3

============ Predict Viral Tweets ============
Labels 	Prec. 	Recall	F1    	Supp  
N_viral	0.8812	0.8047	0.8412	553
Viral  	0.4194	0.5652	0.4815	138
MacroF1	0.6613
F1w_avg	0.7694
Acc    	75.7

03/05/2021 09:28:24 - INFO - __main__ -   	EPOCH:   7	MiniBatch:    0
03/05/2021 09:28:25 - INFO - __main__ -   	EPOCH:   7	MiniBatch:    1
03/05/2021 09:28:25 - INFO - __main__ -   	EPOCH:   7	MiniBatch:    2
03/05/2021 09:28:26 - INFO - __main__ -   	EPOCH:   7	MiniBatch:    3
03/05/2021 09:28:27 - INFO - __main__ -   	EPOCH:   7	MiniBatch:    4
03/05/2021 09:28:27 - INFO - __main__ -   	EPOCH:   7	MiniBatch:    5
03/05/2021 09:28:28 - INFO - __main__ -   	EPOCH:   7	MiniBatch:    6
03/05/2021 09:28:29 - INFO - __main__ -   	EPOCH:   7	MiniBatch:    7
03/05/2021 09:28:29 - INFO - __main__ -   	EPOCH:   7	MiniBatch:    8
03/05/2021 09:28:30 - INFO - __main__ -   	EPOCH:   7	MiniBatch:    9
03/05/2021 09:28:31 - INFO - __main__ -   	EPOCH:   7	MiniBatch:   10
03/05/2021 09:28:31 - INFO - __main__ -   	EPOCH:   7	MiniBatch:   11
03/05/2021 09:28:32 - INFO - __main__ -   	EPOCH:   7	MiniBatch:   12
03/05/2021 09:28:33 - INFO - __main__ -   	EPOCH:   7	MiniBatch:   13
03/05/2021 09:28:34 - INFO - __main__ -   	EPOCH:   7	MiniBatch:   14
03/05/2021 09:28:34 - INFO - __main__ -   	EPOCH:   7	MiniBatch:   15
03/05/2021 09:28:35 - INFO - __main__ -   	EPOCH:   7	MiniBatch:   16
03/05/2021 09:28:36 - INFO - __main__ -   	EPOCH:   7	MiniBatch:   17
03/05/2021 09:28:36 - INFO - __main__ -   	EPOCH:   7	MiniBatch:   18
03/05/2021 09:28:37 - INFO - __main__ -   	EPOCH:   7	MiniBatch:   19
03/05/2021 09:28:38 - INFO - __main__ -   	EPOCH:   7	MiniBatch:   20
03/05/2021 09:28:38 - INFO - __main__ -   	Testing dev Minibatch:    0
03/05/2021 09:28:39 - INFO - __main__ -   	Testing dev Minibatch:    1
03/05/2021 09:28:40 - INFO - __main__ -   	Testing dev Minibatch:    2
03/05/2021 09:28:40 - INFO - __main__ -   
============ Predict Tweet Stance ============
Labels 	Prec. 	Recall	F1    	Supp  
Denial 	0.4029	0.7143	0.5152	273
Support	0.2895	0.0539	0.0909	204
Comment	0.2444	0.1146	0.1560	192
Queries	0.0380	0.1364	0.0594	22
MacroF1	0.2054
F1w_avg	0.2756
Acc    	33.4

============ Predict Viral Tweets ============
Labels 	Prec. 	Recall	F1    	Supp  
N_viral	0.8377	0.9241	0.8788	553
Viral  	0.4815	0.2826	0.3562	138
MacroF1	0.6175
F1w_avg	0.7744
Acc    	79.6

03/05/2021 09:28:40 - INFO - __main__ -   	EPOCH:   8	MiniBatch:    0
03/05/2021 09:28:41 - INFO - __main__ -   	EPOCH:   8	MiniBatch:    1
03/05/2021 09:28:42 - INFO - __main__ -   	EPOCH:   8	MiniBatch:    2
03/05/2021 09:28:42 - INFO - __main__ -   	EPOCH:   8	MiniBatch:    3
03/05/2021 09:28:43 - INFO - __main__ -   	EPOCH:   8	MiniBatch:    4
03/05/2021 09:28:44 - INFO - __main__ -   	EPOCH:   8	MiniBatch:    5
03/05/2021 09:28:44 - INFO - __main__ -   	EPOCH:   8	MiniBatch:    6
03/05/2021 09:28:45 - INFO - __main__ -   	EPOCH:   8	MiniBatch:    7
03/05/2021 09:28:46 - INFO - __main__ -   	EPOCH:   8	MiniBatch:    8
03/05/2021 09:28:46 - INFO - __main__ -   	EPOCH:   8	MiniBatch:    9
03/05/2021 09:28:47 - INFO - __main__ -   	EPOCH:   8	MiniBatch:   10
03/05/2021 09:28:48 - INFO - __main__ -   	EPOCH:   8	MiniBatch:   11
03/05/2021 09:28:49 - INFO - __main__ -   	EPOCH:   8	MiniBatch:   12
03/05/2021 09:28:49 - INFO - __main__ -   	EPOCH:   8	MiniBatch:   13
03/05/2021 09:28:50 - INFO - __main__ -   	EPOCH:   8	MiniBatch:   14
03/05/2021 09:28:51 - INFO - __main__ -   	EPOCH:   8	MiniBatch:   15
03/05/2021 09:28:51 - INFO - __main__ -   	EPOCH:   8	MiniBatch:   16
03/05/2021 09:28:52 - INFO - __main__ -   	EPOCH:   8	MiniBatch:   17
03/05/2021 09:28:53 - INFO - __main__ -   	EPOCH:   8	MiniBatch:   18
03/05/2021 09:28:53 - INFO - __main__ -   	EPOCH:   8	MiniBatch:   19
03/05/2021 09:28:54 - INFO - __main__ -   	EPOCH:   8	MiniBatch:   20
03/05/2021 09:28:55 - INFO - __main__ -   	Testing dev Minibatch:    0
03/05/2021 09:28:56 - INFO - __main__ -   	Testing dev Minibatch:    1
03/05/2021 09:28:56 - INFO - __main__ -   	Testing dev Minibatch:    2
03/05/2021 09:28:57 - INFO - __main__ -   
============ Predict Tweet Stance ============
Labels 	Prec. 	Recall	F1    	Supp  
Denial 	0.3957	0.6117	0.4806	273
Support	0.3051	0.0882	0.1369	204
Comment	0.2247	0.1042	0.1423	192
Queries	0.0331	0.1818	0.0559	22
MacroF1	0.2039
F1w_avg	0.2716
Acc    	30.2

============ Predict Viral Tweets ============
Labels 	Prec. 	Recall	F1    	Supp  
N_viral	0.8755	0.8264	0.8502	553
Viral  	0.4320	0.5290	0.4756	138
MacroF1	0.6629
F1w_avg	0.7754
Acc    	76.7

03/05/2021 09:28:57 - INFO - __main__ -   Best results so far. Saving model...
03/05/2021 09:28:58 - INFO - __main__ -   	EPOCH:   9	MiniBatch:    0
03/05/2021 09:28:59 - INFO - __main__ -   	EPOCH:   9	MiniBatch:    1
03/05/2021 09:29:00 - INFO - __main__ -   	EPOCH:   9	MiniBatch:    2
03/05/2021 09:29:00 - INFO - __main__ -   	EPOCH:   9	MiniBatch:    3
03/05/2021 09:29:01 - INFO - __main__ -   	EPOCH:   9	MiniBatch:    4
03/05/2021 09:29:02 - INFO - __main__ -   	EPOCH:   9	MiniBatch:    5
03/05/2021 09:29:03 - INFO - __main__ -   	EPOCH:   9	MiniBatch:    6
03/05/2021 09:29:03 - INFO - __main__ -   	EPOCH:   9	MiniBatch:    7
03/05/2021 09:29:04 - INFO - __main__ -   	EPOCH:   9	MiniBatch:    8
03/05/2021 09:29:05 - INFO - __main__ -   	EPOCH:   9	MiniBatch:    9
03/05/2021 09:29:05 - INFO - __main__ -   	EPOCH:   9	MiniBatch:   10
03/05/2021 09:29:06 - INFO - __main__ -   	EPOCH:   9	MiniBatch:   11
03/05/2021 09:29:07 - INFO - __main__ -   	EPOCH:   9	MiniBatch:   12
03/05/2021 09:29:07 - INFO - __main__ -   	EPOCH:   9	MiniBatch:   13
03/05/2021 09:29:08 - INFO - __main__ -   	EPOCH:   9	MiniBatch:   14
03/05/2021 09:29:09 - INFO - __main__ -   	EPOCH:   9	MiniBatch:   15
03/05/2021 09:29:09 - INFO - __main__ -   	EPOCH:   9	MiniBatch:   16
03/05/2021 09:29:10 - INFO - __main__ -   	EPOCH:   9	MiniBatch:   17
03/05/2021 09:29:11 - INFO - __main__ -   	EPOCH:   9	MiniBatch:   18
03/05/2021 09:29:11 - INFO - __main__ -   	EPOCH:   9	MiniBatch:   19
03/05/2021 09:29:12 - INFO - __main__ -   	EPOCH:   9	MiniBatch:   20
03/05/2021 09:29:13 - INFO - __main__ -   	Testing dev Minibatch:    0
03/05/2021 09:29:14 - INFO - __main__ -   	Testing dev Minibatch:    1
03/05/2021 09:29:14 - INFO - __main__ -   	Testing dev Minibatch:    2
03/05/2021 09:29:14 - INFO - __main__ -   
============ Predict Tweet Stance ============
Labels 	Prec. 	Recall	F1    	Supp  
Denial 	0.3738	0.4176	0.3945	273
Support	0.2982	0.3333	0.3148	204
Comment	0.2069	0.0938	0.1290	192
Queries	0.0282	0.0909	0.0430	22
MacroF1	0.2203
F1w_avg	0.2860
Acc    	29.2

============ Predict Viral Tweets ============
Labels 	Prec. 	Recall	F1    	Supp  
N_viral	0.8667	0.8698	0.8682	553
Viral  	0.4706	0.4638	0.4672	138
MacroF1	0.6677
F1w_avg	0.7881
Acc    	78.9

03/05/2021 09:29:14 - INFO - __main__ -   Best results so far. Saving model...
03/05/2021 09:29:16 - INFO - __main__ -   	EPOCH:  10	MiniBatch:    0
03/05/2021 09:29:17 - INFO - __main__ -   	EPOCH:  10	MiniBatch:    1
03/05/2021 09:29:18 - INFO - __main__ -   	EPOCH:  10	MiniBatch:    2
03/05/2021 09:29:18 - INFO - __main__ -   	EPOCH:  10	MiniBatch:    3
03/05/2021 09:29:19 - INFO - __main__ -   	EPOCH:  10	MiniBatch:    4
03/05/2021 09:29:20 - INFO - __main__ -   	EPOCH:  10	MiniBatch:    5
03/05/2021 09:29:20 - INFO - __main__ -   	EPOCH:  10	MiniBatch:    6
03/05/2021 09:29:21 - INFO - __main__ -   	EPOCH:  10	MiniBatch:    7
03/05/2021 09:29:22 - INFO - __main__ -   	EPOCH:  10	MiniBatch:    8
03/05/2021 09:29:22 - INFO - __main__ -   	EPOCH:  10	MiniBatch:    9
03/05/2021 09:29:23 - INFO - __main__ -   	EPOCH:  10	MiniBatch:   10
03/05/2021 09:29:24 - INFO - __main__ -   	EPOCH:  10	MiniBatch:   11
03/05/2021 09:29:25 - INFO - __main__ -   	EPOCH:  10	MiniBatch:   12
03/05/2021 09:29:25 - INFO - __main__ -   	EPOCH:  10	MiniBatch:   13
03/05/2021 09:29:26 - INFO - __main__ -   	EPOCH:  10	MiniBatch:   14
03/05/2021 09:29:27 - INFO - __main__ -   	EPOCH:  10	MiniBatch:   15
03/05/2021 09:29:27 - INFO - __main__ -   	EPOCH:  10	MiniBatch:   16
03/05/2021 09:29:28 - INFO - __main__ -   	EPOCH:  10	MiniBatch:   17
03/05/2021 09:29:29 - INFO - __main__ -   	EPOCH:  10	MiniBatch:   18
03/05/2021 09:29:29 - INFO - __main__ -   	EPOCH:  10	MiniBatch:   19
03/05/2021 09:29:30 - INFO - __main__ -   	EPOCH:  10	MiniBatch:   20
03/05/2021 09:29:31 - INFO - __main__ -   	Testing dev Minibatch:    0
03/05/2021 09:29:31 - INFO - __main__ -   	Testing dev Minibatch:    1
03/05/2021 09:29:32 - INFO - __main__ -   	Testing dev Minibatch:    2
03/05/2021 09:29:32 - INFO - __main__ -   
============ Predict Tweet Stance ============
Labels 	Prec. 	Recall	F1    	Supp  
Denial 	0.3844	0.4139	0.3986	273
Support	0.2680	0.2010	0.2297	204
Comment	0.2200	0.1146	0.1507	192
Queries	0.0278	0.1818	0.0482	22
MacroF1	0.2068
F1w_avg	0.2687
Acc    	26.0

============ Predict Viral Tweets ============
Labels 	Prec. 	Recall	F1    	Supp  
N_viral	0.8809	0.8156	0.8469	553
Viral  	0.4302	0.5580	0.4858	138
MacroF1	0.6664
F1w_avg	0.7748
Acc    	76.4

03/05/2021 09:29:33 - INFO - __main__ -   	EPOCH:  11	MiniBatch:    0
03/05/2021 09:29:33 - INFO - __main__ -   	EPOCH:  11	MiniBatch:    1
03/05/2021 09:29:34 - INFO - __main__ -   	EPOCH:  11	MiniBatch:    2
03/05/2021 09:29:35 - INFO - __main__ -   	EPOCH:  11	MiniBatch:    3
03/05/2021 09:29:35 - INFO - __main__ -   	EPOCH:  11	MiniBatch:    4
03/05/2021 09:29:36 - INFO - __main__ -   	EPOCH:  11	MiniBatch:    5
03/05/2021 09:29:37 - INFO - __main__ -   	EPOCH:  11	MiniBatch:    6
03/05/2021 09:29:37 - INFO - __main__ -   	EPOCH:  11	MiniBatch:    7
03/05/2021 09:29:38 - INFO - __main__ -   	EPOCH:  11	MiniBatch:    8
03/05/2021 09:29:39 - INFO - __main__ -   	EPOCH:  11	MiniBatch:    9
03/05/2021 09:29:40 - INFO - __main__ -   	EPOCH:  11	MiniBatch:   10
03/05/2021 09:29:40 - INFO - __main__ -   	EPOCH:  11	MiniBatch:   11
03/05/2021 09:29:41 - INFO - __main__ -   	EPOCH:  11	MiniBatch:   12
03/05/2021 09:29:42 - INFO - __main__ -   	EPOCH:  11	MiniBatch:   13
03/05/2021 09:29:42 - INFO - __main__ -   	EPOCH:  11	MiniBatch:   14
03/05/2021 09:29:43 - INFO - __main__ -   	EPOCH:  11	MiniBatch:   15
03/05/2021 09:29:44 - INFO - __main__ -   	EPOCH:  11	MiniBatch:   16
03/05/2021 09:29:44 - INFO - __main__ -   	EPOCH:  11	MiniBatch:   17
03/05/2021 09:29:45 - INFO - __main__ -   	EPOCH:  11	MiniBatch:   18
03/05/2021 09:29:46 - INFO - __main__ -   	EPOCH:  11	MiniBatch:   19
03/05/2021 09:29:46 - INFO - __main__ -   	EPOCH:  11	MiniBatch:   20
03/05/2021 09:29:47 - INFO - __main__ -   	Testing dev Minibatch:    0
03/05/2021 09:29:48 - INFO - __main__ -   	Testing dev Minibatch:    1
03/05/2021 09:29:49 - INFO - __main__ -   	Testing dev Minibatch:    2
03/05/2021 09:29:49 - INFO - __main__ -   
============ Predict Tweet Stance ============
Labels 	Prec. 	Recall	F1    	Supp  
Denial 	0.3763	0.5128	0.4341	273
Support	0.2889	0.1275	0.1769	204
Comment	0.1928	0.0833	0.1164	192
Queries	0.0274	0.1818	0.0476	22
MacroF1	0.1937
F1w_avg	0.2576
Acc    	26.9

============ Predict Viral Tweets ============
Labels 	Prec. 	Recall	F1    	Supp  
N_viral	0.8787	0.8644	0.8715	553
Viral  	0.4898	0.5217	0.5053	138
MacroF1	0.6884
F1w_avg	0.7983
Acc    	79.6

03/05/2021 09:29:49 - INFO - __main__ -   Best results so far. Saving model...
03/05/2021 09:29:51 - INFO - __main__ -   	EPOCH:  12	MiniBatch:    0
03/05/2021 09:29:51 - INFO - __main__ -   	EPOCH:  12	MiniBatch:    1
03/05/2021 09:29:52 - INFO - __main__ -   	EPOCH:  12	MiniBatch:    2
03/05/2021 09:29:53 - INFO - __main__ -   	EPOCH:  12	MiniBatch:    3
03/05/2021 09:29:53 - INFO - __main__ -   	EPOCH:  12	MiniBatch:    4
03/05/2021 09:29:54 - INFO - __main__ -   	EPOCH:  12	MiniBatch:    5
03/05/2021 09:29:55 - INFO - __main__ -   	EPOCH:  12	MiniBatch:    6
03/05/2021 09:29:55 - INFO - __main__ -   	EPOCH:  12	MiniBatch:    7
03/05/2021 09:29:56 - INFO - __main__ -   	EPOCH:  12	MiniBatch:    8
03/05/2021 09:29:57 - INFO - __main__ -   	EPOCH:  12	MiniBatch:    9
03/05/2021 09:29:57 - INFO - __main__ -   	EPOCH:  12	MiniBatch:   10
03/05/2021 09:29:58 - INFO - __main__ -   	EPOCH:  12	MiniBatch:   11
03/05/2021 09:29:59 - INFO - __main__ -   	EPOCH:  12	MiniBatch:   12
03/05/2021 09:30:00 - INFO - __main__ -   	EPOCH:  12	MiniBatch:   13
03/05/2021 09:30:00 - INFO - __main__ -   	EPOCH:  12	MiniBatch:   14
03/05/2021 09:30:01 - INFO - __main__ -   	EPOCH:  12	MiniBatch:   15
03/05/2021 09:30:02 - INFO - __main__ -   	EPOCH:  12	MiniBatch:   16
03/05/2021 09:30:02 - INFO - __main__ -   	EPOCH:  12	MiniBatch:   17
03/05/2021 09:30:03 - INFO - __main__ -   	EPOCH:  12	MiniBatch:   18
03/05/2021 09:30:04 - INFO - __main__ -   	EPOCH:  12	MiniBatch:   19
03/05/2021 09:30:04 - INFO - __main__ -   	EPOCH:  12	MiniBatch:   20
03/05/2021 09:30:05 - INFO - __main__ -   	Testing dev Minibatch:    0
03/05/2021 09:30:06 - INFO - __main__ -   	Testing dev Minibatch:    1
03/05/2021 09:30:06 - INFO - __main__ -   	Testing dev Minibatch:    2
03/05/2021 09:30:07 - INFO - __main__ -   
============ Predict Tweet Stance ============
Labels 	Prec. 	Recall	F1    	Supp  
Denial 	0.4046	0.1941	0.2624	273
Support	0.2519	0.3186	0.2814	204
Comment	0.2517	0.1875	0.2149	192
Queries	0.0252	0.1818	0.0442	22
MacroF1	0.2007
F1w_avg	0.2479
Acc    	22.9

============ Predict Viral Tweets ============
Labels 	Prec. 	Recall	F1    	Supp  
N_viral	0.8869	0.8083	0.8458	553
Viral  	0.4332	0.5870	0.4985	138
MacroF1	0.6721
F1w_avg	0.7764
Acc    	76.4

03/05/2021 09:30:07 - INFO - __main__ -   	EPOCH:  13	MiniBatch:    0
03/05/2021 09:30:08 - INFO - __main__ -   	EPOCH:  13	MiniBatch:    1
03/05/2021 09:30:08 - INFO - __main__ -   	EPOCH:  13	MiniBatch:    2
03/05/2021 09:30:09 - INFO - __main__ -   	EPOCH:  13	MiniBatch:    3
03/05/2021 09:30:10 - INFO - __main__ -   	EPOCH:  13	MiniBatch:    4
03/05/2021 09:30:10 - INFO - __main__ -   	EPOCH:  13	MiniBatch:    5
03/05/2021 09:30:11 - INFO - __main__ -   	EPOCH:  13	MiniBatch:    6
03/05/2021 09:30:12 - INFO - __main__ -   	EPOCH:  13	MiniBatch:    7
03/05/2021 09:30:12 - INFO - __main__ -   	EPOCH:  13	MiniBatch:    8
03/05/2021 09:30:13 - INFO - __main__ -   	EPOCH:  13	MiniBatch:    9
03/05/2021 09:30:14 - INFO - __main__ -   	EPOCH:  13	MiniBatch:   10
03/05/2021 09:30:14 - INFO - __main__ -   	EPOCH:  13	MiniBatch:   11
03/05/2021 09:30:15 - INFO - __main__ -   	EPOCH:  13	MiniBatch:   12
03/05/2021 09:30:16 - INFO - __main__ -   	EPOCH:  13	MiniBatch:   13
03/05/2021 09:30:17 - INFO - __main__ -   	EPOCH:  13	MiniBatch:   14
03/05/2021 09:30:17 - INFO - __main__ -   	EPOCH:  13	MiniBatch:   15
03/05/2021 09:30:18 - INFO - __main__ -   	EPOCH:  13	MiniBatch:   16
03/05/2021 09:30:19 - INFO - __main__ -   	EPOCH:  13	MiniBatch:   17
03/05/2021 09:30:19 - INFO - __main__ -   	EPOCH:  13	MiniBatch:   18
03/05/2021 09:30:20 - INFO - __main__ -   	EPOCH:  13	MiniBatch:   19
03/05/2021 09:30:21 - INFO - __main__ -   	EPOCH:  13	MiniBatch:   20
03/05/2021 09:30:21 - INFO - __main__ -   	Testing dev Minibatch:    0
03/05/2021 09:30:22 - INFO - __main__ -   	Testing dev Minibatch:    1
03/05/2021 09:30:23 - INFO - __main__ -   	Testing dev Minibatch:    2
03/05/2021 09:30:23 - INFO - __main__ -   
============ Predict Tweet Stance ============
Labels 	Prec. 	Recall	F1    	Supp  
Denial 	0.3994	0.5238	0.4532	273
Support	0.3143	0.1618	0.2136	204
Comment	0.1975	0.0833	0.1172	192
Queries	0.0204	0.1364	0.0355	22
MacroF1	0.2049
F1w_avg	0.2758
Acc    	28.2

============ Predict Viral Tweets ============
Labels 	Prec. 	Recall	F1    	Supp  
N_viral	0.8785	0.8626	0.8704	553
Viral  	0.4865	0.5217	0.5035	138
MacroF1	0.6870
F1w_avg	0.7972
Acc    	79.5

03/05/2021 09:30:23 - INFO - __main__ -   	EPOCH:  14	MiniBatch:    0
03/05/2021 09:30:24 - INFO - __main__ -   	EPOCH:  14	MiniBatch:    1
03/05/2021 09:30:25 - INFO - __main__ -   	EPOCH:  14	MiniBatch:    2
03/05/2021 09:30:25 - INFO - __main__ -   	EPOCH:  14	MiniBatch:    3
03/05/2021 09:30:26 - INFO - __main__ -   	EPOCH:  14	MiniBatch:    4
03/05/2021 09:30:27 - INFO - __main__ -   	EPOCH:  14	MiniBatch:    5
03/05/2021 09:30:27 - INFO - __main__ -   	EPOCH:  14	MiniBatch:    6
03/05/2021 09:30:28 - INFO - __main__ -   	EPOCH:  14	MiniBatch:    7
03/05/2021 09:30:29 - INFO - __main__ -   	EPOCH:  14	MiniBatch:    8
03/05/2021 09:30:29 - INFO - __main__ -   	EPOCH:  14	MiniBatch:    9
03/05/2021 09:30:30 - INFO - __main__ -   	EPOCH:  14	MiniBatch:   10
03/05/2021 09:30:31 - INFO - __main__ -   	EPOCH:  14	MiniBatch:   11
03/05/2021 09:30:32 - INFO - __main__ -   	EPOCH:  14	MiniBatch:   12
03/05/2021 09:30:32 - INFO - __main__ -   	EPOCH:  14	MiniBatch:   13
03/05/2021 09:30:33 - INFO - __main__ -   	EPOCH:  14	MiniBatch:   14
03/05/2021 09:30:34 - INFO - __main__ -   	EPOCH:  14	MiniBatch:   15
03/05/2021 09:30:34 - INFO - __main__ -   	EPOCH:  14	MiniBatch:   16
03/05/2021 09:30:35 - INFO - __main__ -   	EPOCH:  14	MiniBatch:   17
03/05/2021 09:30:36 - INFO - __main__ -   	EPOCH:  14	MiniBatch:   18
03/05/2021 09:30:36 - INFO - __main__ -   	EPOCH:  14	MiniBatch:   19
03/05/2021 09:30:37 - INFO - __main__ -   	EPOCH:  14	MiniBatch:   20
03/05/2021 09:30:38 - INFO - __main__ -   	Testing dev Minibatch:    0
03/05/2021 09:30:38 - INFO - __main__ -   	Testing dev Minibatch:    1
03/05/2021 09:30:39 - INFO - __main__ -   	Testing dev Minibatch:    2
03/05/2021 09:30:39 - INFO - __main__ -   
============ Predict Tweet Stance ============
Labels 	Prec. 	Recall	F1    	Supp  
Denial 	0.4051	0.4066	0.4059	273
Support	0.3032	0.2304	0.2618	204
Comment	0.1882	0.0833	0.1155	192
Queries	0.0282	0.2273	0.0503	22
MacroF1	0.2084
F1w_avg	0.2713
Acc    	25.9

============ Predict Viral Tweets ============
Labels 	Prec. 	Recall	F1    	Supp  
N_viral	0.9014	0.8101	0.8533	553
Viral  	0.4588	0.6449	0.5361	138
MacroF1	0.6947
F1w_avg	0.7900
Acc    	77.7

03/05/2021 09:30:39 - INFO - __main__ -   Best results so far. Saving model...
03/05/2021 09:30:41 - INFO - __main__ -   	EPOCH:  15	MiniBatch:    0
03/05/2021 09:30:42 - INFO - __main__ -   	EPOCH:  15	MiniBatch:    1
03/05/2021 09:30:43 - INFO - __main__ -   	EPOCH:  15	MiniBatch:    2
03/05/2021 09:30:43 - INFO - __main__ -   	EPOCH:  15	MiniBatch:    3
03/05/2021 09:30:44 - INFO - __main__ -   	EPOCH:  15	MiniBatch:    4
03/05/2021 09:30:45 - INFO - __main__ -   	EPOCH:  15	MiniBatch:    5
03/05/2021 09:30:45 - INFO - __main__ -   	EPOCH:  15	MiniBatch:    6
03/05/2021 09:30:46 - INFO - __main__ -   	EPOCH:  15	MiniBatch:    7
03/05/2021 09:30:47 - INFO - __main__ -   	EPOCH:  15	MiniBatch:    8
03/05/2021 09:30:47 - INFO - __main__ -   	EPOCH:  15	MiniBatch:    9
03/05/2021 09:30:48 - INFO - __main__ -   	EPOCH:  15	MiniBatch:   10
03/05/2021 09:30:49 - INFO - __main__ -   	EPOCH:  15	MiniBatch:   11
03/05/2021 09:30:49 - INFO - __main__ -   	EPOCH:  15	MiniBatch:   12
03/05/2021 09:30:50 - INFO - __main__ -   	EPOCH:  15	MiniBatch:   13
03/05/2021 09:30:51 - INFO - __main__ -   	EPOCH:  15	MiniBatch:   14
03/05/2021 09:30:52 - INFO - __main__ -   	EPOCH:  15	MiniBatch:   15
03/05/2021 09:30:52 - INFO - __main__ -   	EPOCH:  15	MiniBatch:   16
03/05/2021 09:30:53 - INFO - __main__ -   	EPOCH:  15	MiniBatch:   17
03/05/2021 09:30:54 - INFO - __main__ -   	EPOCH:  15	MiniBatch:   18
03/05/2021 09:30:54 - INFO - __main__ -   	EPOCH:  15	MiniBatch:   19
03/05/2021 09:30:55 - INFO - __main__ -   	EPOCH:  15	MiniBatch:   20
03/05/2021 09:30:56 - INFO - __main__ -   	Testing dev Minibatch:    0
03/05/2021 09:30:56 - INFO - __main__ -   	Testing dev Minibatch:    1
03/05/2021 09:30:57 - INFO - __main__ -   	Testing dev Minibatch:    2
03/05/2021 09:30:57 - INFO - __main__ -   
============ Predict Tweet Stance ============
Labels 	Prec. 	Recall	F1    	Supp  
Denial 	0.4114	0.5531	0.4719	273
Support	0.3857	0.1324	0.1971	204
Comment	0.2419	0.0781	0.1181	192
Queries	0.0312	0.2727	0.0561	22
MacroF1	0.2108
F1w_avg	0.2792
Acc    	28.8

============ Predict Viral Tweets ============
Labels 	Prec. 	Recall	F1    	Supp  
N_viral	0.8955	0.7902	0.8396	553
Viral  	0.4286	0.6304	0.5103	138
MacroF1	0.6749
F1w_avg	0.7738
Acc    	75.8

03/05/2021 09:30:58 - INFO - __main__ -   	EPOCH:  16	MiniBatch:    0
03/05/2021 09:30:58 - INFO - __main__ -   	EPOCH:  16	MiniBatch:    1
03/05/2021 09:30:59 - INFO - __main__ -   	EPOCH:  16	MiniBatch:    2
03/05/2021 09:31:00 - INFO - __main__ -   	EPOCH:  16	MiniBatch:    3
03/05/2021 09:31:00 - INFO - __main__ -   	EPOCH:  16	MiniBatch:    4
03/05/2021 09:31:01 - INFO - __main__ -   	EPOCH:  16	MiniBatch:    5
03/05/2021 09:31:02 - INFO - __main__ -   	EPOCH:  16	MiniBatch:    6
03/05/2021 09:31:02 - INFO - __main__ -   	EPOCH:  16	MiniBatch:    7
03/05/2021 09:31:03 - INFO - __main__ -   	EPOCH:  16	MiniBatch:    8
03/05/2021 09:31:04 - INFO - __main__ -   	EPOCH:  16	MiniBatch:    9
03/05/2021 09:31:04 - INFO - __main__ -   	EPOCH:  16	MiniBatch:   10
03/05/2021 09:31:05 - INFO - __main__ -   	EPOCH:  16	MiniBatch:   11
03/05/2021 09:31:06 - INFO - __main__ -   	EPOCH:  16	MiniBatch:   12
03/05/2021 09:31:06 - INFO - __main__ -   	EPOCH:  16	MiniBatch:   13
03/05/2021 09:31:07 - INFO - __main__ -   	EPOCH:  16	MiniBatch:   14
03/05/2021 09:31:08 - INFO - __main__ -   	EPOCH:  16	MiniBatch:   15
03/05/2021 09:31:09 - INFO - __main__ -   	EPOCH:  16	MiniBatch:   16
03/05/2021 09:31:09 - INFO - __main__ -   	EPOCH:  16	MiniBatch:   17
03/05/2021 09:31:10 - INFO - __main__ -   	EPOCH:  16	MiniBatch:   18
03/05/2021 09:31:11 - INFO - __main__ -   	EPOCH:  16	MiniBatch:   19
03/05/2021 09:31:11 - INFO - __main__ -   	EPOCH:  16	MiniBatch:   20
03/05/2021 09:31:12 - INFO - __main__ -   	Testing dev Minibatch:    0
03/05/2021 09:31:13 - INFO - __main__ -   	Testing dev Minibatch:    1
03/05/2021 09:31:13 - INFO - __main__ -   	Testing dev Minibatch:    2
03/05/2021 09:31:14 - INFO - __main__ -   
============ Predict Tweet Stance ============
Labels 	Prec. 	Recall	F1    	Supp  
Denial 	0.4113	0.6117	0.4919	273
Support	0.3273	0.0882	0.1390	204
Comment	0.2346	0.0990	0.1392	192
Queries	0.0134	0.0909	0.0234	22
MacroF1	0.1984
F1w_avg	0.2748
Acc    	29.8

============ Predict Viral Tweets ============
Labels 	Prec. 	Recall	F1    	Supp  
N_viral	0.8716	0.8590	0.8652	553
Viral  	0.4658	0.4928	0.4789	138
MacroF1	0.6720
F1w_avg	0.7881
Acc    	78.6

03/05/2021 09:31:14 - INFO - __main__ -   	EPOCH:  17	MiniBatch:    0
03/05/2021 09:31:15 - INFO - __main__ -   	EPOCH:  17	MiniBatch:    1
03/05/2021 09:31:15 - INFO - __main__ -   	EPOCH:  17	MiniBatch:    2
03/05/2021 09:31:16 - INFO - __main__ -   	EPOCH:  17	MiniBatch:    3
03/05/2021 09:31:17 - INFO - __main__ -   	EPOCH:  17	MiniBatch:    4
03/05/2021 09:31:17 - INFO - __main__ -   	EPOCH:  17	MiniBatch:    5
03/05/2021 09:31:18 - INFO - __main__ -   	EPOCH:  17	MiniBatch:    6
03/05/2021 09:31:19 - INFO - __main__ -   	EPOCH:  17	MiniBatch:    7
03/05/2021 09:31:19 - INFO - __main__ -   	EPOCH:  17	MiniBatch:    8
03/05/2021 09:31:20 - INFO - __main__ -   	EPOCH:  17	MiniBatch:    9
03/05/2021 09:31:21 - INFO - __main__ -   	EPOCH:  17	MiniBatch:   10
03/05/2021 09:31:22 - INFO - __main__ -   	EPOCH:  17	MiniBatch:   11
03/05/2021 09:31:22 - INFO - __main__ -   	EPOCH:  17	MiniBatch:   12
03/05/2021 09:31:23 - INFO - __main__ -   	EPOCH:  17	MiniBatch:   13
03/05/2021 09:31:24 - INFO - __main__ -   	EPOCH:  17	MiniBatch:   14
03/05/2021 09:31:24 - INFO - __main__ -   	EPOCH:  17	MiniBatch:   15
03/05/2021 09:31:25 - INFO - __main__ -   	EPOCH:  17	MiniBatch:   16
03/05/2021 09:31:26 - INFO - __main__ -   	EPOCH:  17	MiniBatch:   17
03/05/2021 09:31:26 - INFO - __main__ -   	EPOCH:  17	MiniBatch:   18
03/05/2021 09:31:27 - INFO - __main__ -   	EPOCH:  17	MiniBatch:   19
03/05/2021 09:31:28 - INFO - __main__ -   	EPOCH:  17	MiniBatch:   20
03/05/2021 09:31:29 - INFO - __main__ -   	Testing dev Minibatch:    0
03/05/2021 09:31:29 - INFO - __main__ -   	Testing dev Minibatch:    1
03/05/2021 09:31:30 - INFO - __main__ -   	Testing dev Minibatch:    2
03/05/2021 09:31:30 - INFO - __main__ -   
============ Predict Tweet Stance ============
Labels 	Prec. 	Recall	F1    	Supp  
Denial 	0.4091	0.7582	0.5315	273
Support	0.4500	0.0441	0.0804	204
Comment	0.2456	0.0729	0.1124	192
Queries	0.0185	0.0909	0.0308	22
MacroF1	0.1888
F1w_avg	0.2659
Acc    	33.6

============ Predict Viral Tweets ============
Labels 	Prec. 	Recall	F1    	Supp  
N_viral	0.8601	0.9114	0.8850	553
Viral  	0.5333	0.4058	0.4609	138
MacroF1	0.6729
F1w_avg	0.8003
Acc    	81.0

03/05/2021 09:31:30 - INFO - __main__ -   	EPOCH:  18	MiniBatch:    0
03/05/2021 09:31:31 - INFO - __main__ -   	EPOCH:  18	MiniBatch:    1
03/05/2021 09:31:32 - INFO - __main__ -   	EPOCH:  18	MiniBatch:    2
03/05/2021 09:31:32 - INFO - __main__ -   	EPOCH:  18	MiniBatch:    3
03/05/2021 09:31:33 - INFO - __main__ -   	EPOCH:  18	MiniBatch:    4
03/05/2021 09:31:34 - INFO - __main__ -   	EPOCH:  18	MiniBatch:    5
03/05/2021 09:31:35 - INFO - __main__ -   	EPOCH:  18	MiniBatch:    6
03/05/2021 09:31:35 - INFO - __main__ -   	EPOCH:  18	MiniBatch:    7
03/05/2021 09:31:36 - INFO - __main__ -   	EPOCH:  18	MiniBatch:    8
03/05/2021 09:31:37 - INFO - __main__ -   	EPOCH:  18	MiniBatch:    9
03/05/2021 09:31:37 - INFO - __main__ -   	EPOCH:  18	MiniBatch:   10
03/05/2021 09:31:38 - INFO - __main__ -   	EPOCH:  18	MiniBatch:   11
03/05/2021 09:31:39 - INFO - __main__ -   	EPOCH:  18	MiniBatch:   12
03/05/2021 09:31:39 - INFO - __main__ -   	EPOCH:  18	MiniBatch:   13
03/05/2021 09:31:40 - INFO - __main__ -   	EPOCH:  18	MiniBatch:   14
03/05/2021 09:31:41 - INFO - __main__ -   	EPOCH:  18	MiniBatch:   15
03/05/2021 09:31:41 - INFO - __main__ -   	EPOCH:  18	MiniBatch:   16
03/05/2021 09:31:42 - INFO - __main__ -   	EPOCH:  18	MiniBatch:   17
03/05/2021 09:31:43 - INFO - __main__ -   	EPOCH:  18	MiniBatch:   18
03/05/2021 09:31:44 - INFO - __main__ -   	EPOCH:  18	MiniBatch:   19
03/05/2021 09:31:44 - INFO - __main__ -   	EPOCH:  18	MiniBatch:   20
03/05/2021 09:31:45 - INFO - __main__ -   	Testing dev Minibatch:    0
03/05/2021 09:31:46 - INFO - __main__ -   	Testing dev Minibatch:    1
03/05/2021 09:31:46 - INFO - __main__ -   	Testing dev Minibatch:    2
03/05/2021 09:31:47 - INFO - __main__ -   
============ Predict Tweet Stance ============
Labels 	Prec. 	Recall	F1    	Supp  
Denial 	0.4041	0.6557	0.5000	273
Support	0.4062	0.0637	0.1102	204
Comment	0.2222	0.0625	0.0976	192
Queries	0.0309	0.2273	0.0543	22
MacroF1	0.1905
F1w_avg	0.2589
Acc    	30.2

============ Predict Viral Tweets ============
Labels 	Prec. 	Recall	F1    	Supp  
N_viral	0.8798	0.8336	0.8561	553
Viral  	0.4491	0.5435	0.4918	138
MacroF1	0.6739
F1w_avg	0.7833
Acc    	77.6

03/05/2021 09:31:47 - INFO - __main__ -   	EPOCH:  19	MiniBatch:    0
03/05/2021 09:31:48 - INFO - __main__ -   	EPOCH:  19	MiniBatch:    1
03/05/2021 09:31:48 - INFO - __main__ -   	EPOCH:  19	MiniBatch:    2
03/05/2021 09:31:49 - INFO - __main__ -   	EPOCH:  19	MiniBatch:    3
03/05/2021 09:31:50 - INFO - __main__ -   	EPOCH:  19	MiniBatch:    4
03/05/2021 09:31:50 - INFO - __main__ -   	EPOCH:  19	MiniBatch:    5
03/05/2021 09:31:51 - INFO - __main__ -   	EPOCH:  19	MiniBatch:    6
03/05/2021 09:31:52 - INFO - __main__ -   	EPOCH:  19	MiniBatch:    7
03/05/2021 09:31:52 - INFO - __main__ -   	EPOCH:  19	MiniBatch:    8
03/05/2021 09:31:53 - INFO - __main__ -   	EPOCH:  19	MiniBatch:    9
03/05/2021 09:31:54 - INFO - __main__ -   	EPOCH:  19	MiniBatch:   10
03/05/2021 09:31:54 - INFO - __main__ -   	EPOCH:  19	MiniBatch:   11
03/05/2021 09:31:55 - INFO - __main__ -   	EPOCH:  19	MiniBatch:   12
03/05/2021 09:31:56 - INFO - __main__ -   	EPOCH:  19	MiniBatch:   13
03/05/2021 09:31:57 - INFO - __main__ -   	EPOCH:  19	MiniBatch:   14
03/05/2021 09:31:57 - INFO - __main__ -   	EPOCH:  19	MiniBatch:   15
03/05/2021 09:31:58 - INFO - __main__ -   	EPOCH:  19	MiniBatch:   16
03/05/2021 09:31:59 - INFO - __main__ -   	EPOCH:  19	MiniBatch:   17
03/05/2021 09:31:59 - INFO - __main__ -   	EPOCH:  19	MiniBatch:   18
03/05/2021 09:32:00 - INFO - __main__ -   	EPOCH:  19	MiniBatch:   19
03/05/2021 09:32:01 - INFO - __main__ -   	EPOCH:  19	MiniBatch:   20
03/05/2021 09:32:01 - INFO - __main__ -   	Testing dev Minibatch:    0
03/05/2021 09:32:02 - INFO - __main__ -   	Testing dev Minibatch:    1
03/05/2021 09:32:03 - INFO - __main__ -   	Testing dev Minibatch:    2
03/05/2021 09:32:03 - INFO - __main__ -   
============ Predict Tweet Stance ============
Labels 	Prec. 	Recall	F1    	Supp  
Denial 	0.3996	0.6630	0.4986	273
Support	0.2830	0.0735	0.1167	204
Comment	0.3273	0.0938	0.1457	192
Queries	0.0231	0.1364	0.0395	22
MacroF1	0.2001
F1w_avg	0.2732
Acc    	31.4

============ Predict Viral Tweets ============
Labels 	Prec. 	Recall	F1    	Supp  
N_viral	0.8651	0.8933	0.8790	553
Viral  	0.5083	0.4420	0.4729	138
MacroF1	0.6759
F1w_avg	0.7979
Acc    	80.3

03/05/2021 09:32:03 - INFO - __main__ -   	EPOCH:  20	MiniBatch:    0
03/05/2021 09:32:04 - INFO - __main__ -   	EPOCH:  20	MiniBatch:    1
03/05/2021 09:32:05 - INFO - __main__ -   	EPOCH:  20	MiniBatch:    2
03/05/2021 09:32:05 - INFO - __main__ -   	EPOCH:  20	MiniBatch:    3
03/05/2021 09:32:06 - INFO - __main__ -   	EPOCH:  20	MiniBatch:    4
03/05/2021 09:32:07 - INFO - __main__ -   	EPOCH:  20	MiniBatch:    5
03/05/2021 09:32:07 - INFO - __main__ -   	EPOCH:  20	MiniBatch:    6
03/05/2021 09:32:08 - INFO - __main__ -   	EPOCH:  20	MiniBatch:    7
03/05/2021 09:32:09 - INFO - __main__ -   	EPOCH:  20	MiniBatch:    8
03/05/2021 09:32:09 - INFO - __main__ -   	EPOCH:  20	MiniBatch:    9
03/05/2021 09:32:10 - INFO - __main__ -   	EPOCH:  20	MiniBatch:   10
03/05/2021 09:32:11 - INFO - __main__ -   	EPOCH:  20	MiniBatch:   11
03/05/2021 09:32:11 - INFO - __main__ -   	EPOCH:  20	MiniBatch:   12
03/05/2021 09:32:12 - INFO - __main__ -   	EPOCH:  20	MiniBatch:   13
03/05/2021 09:32:13 - INFO - __main__ -   	EPOCH:  20	MiniBatch:   14
03/05/2021 09:32:14 - INFO - __main__ -   	EPOCH:  20	MiniBatch:   15
03/05/2021 09:32:14 - INFO - __main__ -   	EPOCH:  20	MiniBatch:   16
03/05/2021 09:32:15 - INFO - __main__ -   	EPOCH:  20	MiniBatch:   17
03/05/2021 09:32:16 - INFO - __main__ -   	EPOCH:  20	MiniBatch:   18
03/05/2021 09:32:16 - INFO - __main__ -   	EPOCH:  20	MiniBatch:   19
03/05/2021 09:32:17 - INFO - __main__ -   	EPOCH:  20	MiniBatch:   20
03/05/2021 09:32:18 - INFO - __main__ -   	Testing dev Minibatch:    0
03/05/2021 09:32:18 - INFO - __main__ -   	Testing dev Minibatch:    1
03/05/2021 09:32:19 - INFO - __main__ -   	Testing dev Minibatch:    2
03/05/2021 09:32:19 - INFO - __main__ -   
============ Predict Tweet Stance ============
Labels 	Prec. 	Recall	F1    	Supp  
Denial 	0.4037	0.6374	0.4943	273
Support	0.3788	0.1225	0.1852	204
Comment	0.2909	0.0833	0.1296	192
Queries	0.0504	0.3182	0.0870	22
MacroF1	0.2240
F1w_avg	0.2887
Acc    	32.1

============ Predict Viral Tweets ============
Labels 	Prec. 	Recall	F1    	Supp  
N_viral	0.8630	0.8770	0.8700	553
Viral  	0.4729	0.4420	0.4569	138
MacroF1	0.6634
F1w_avg	0.7875
Acc    	79.0

03/05/2021 09:32:20 - INFO - __main__ -   	EPOCH:  21	MiniBatch:    0
03/05/2021 09:32:20 - INFO - __main__ -   	EPOCH:  21	MiniBatch:    1
03/05/2021 09:32:21 - INFO - __main__ -   	EPOCH:  21	MiniBatch:    2
03/05/2021 09:32:22 - INFO - __main__ -   	EPOCH:  21	MiniBatch:    3
03/05/2021 09:32:22 - INFO - __main__ -   	EPOCH:  21	MiniBatch:    4
03/05/2021 09:32:23 - INFO - __main__ -   	EPOCH:  21	MiniBatch:    5
03/05/2021 09:32:24 - INFO - __main__ -   	EPOCH:  21	MiniBatch:    6
03/05/2021 09:32:24 - INFO - __main__ -   	EPOCH:  21	MiniBatch:    7
03/05/2021 09:32:25 - INFO - __main__ -   	EPOCH:  21	MiniBatch:    8
03/05/2021 09:32:26 - INFO - __main__ -   	EPOCH:  21	MiniBatch:    9
03/05/2021 09:32:26 - INFO - __main__ -   	EPOCH:  21	MiniBatch:   10
03/05/2021 09:32:27 - INFO - __main__ -   	EPOCH:  21	MiniBatch:   11
03/05/2021 09:32:28 - INFO - __main__ -   	EPOCH:  21	MiniBatch:   12
03/05/2021 09:32:29 - INFO - __main__ -   	EPOCH:  21	MiniBatch:   13
03/05/2021 09:32:29 - INFO - __main__ -   	EPOCH:  21	MiniBatch:   14
03/05/2021 09:32:30 - INFO - __main__ -   	EPOCH:  21	MiniBatch:   15
03/05/2021 09:32:31 - INFO - __main__ -   	EPOCH:  21	MiniBatch:   16
03/05/2021 09:32:31 - INFO - __main__ -   	EPOCH:  21	MiniBatch:   17
03/05/2021 09:32:32 - INFO - __main__ -   	EPOCH:  21	MiniBatch:   18
03/05/2021 09:32:33 - INFO - __main__ -   	EPOCH:  21	MiniBatch:   19
03/05/2021 09:32:33 - INFO - __main__ -   	EPOCH:  21	MiniBatch:   20
03/05/2021 09:32:34 - INFO - __main__ -   	Testing dev Minibatch:    0
03/05/2021 09:32:35 - INFO - __main__ -   	Testing dev Minibatch:    1
03/05/2021 09:32:36 - INFO - __main__ -   	Testing dev Minibatch:    2
03/05/2021 09:32:36 - INFO - __main__ -   
============ Predict Tweet Stance ============
Labels 	Prec. 	Recall	F1    	Supp  
Denial 	0.3914	0.6996	0.5020	273
Support	0.3793	0.0539	0.0944	204
Comment	0.1944	0.0729	0.1061	192
Queries	0.0294	0.1364	0.0484	22
MacroF1	0.1877
F1w_avg	0.2572
Acc    	31.7

============ Predict Viral Tweets ============
Labels 	Prec. 	Recall	F1    	Supp  
N_viral	0.8543	0.9222	0.8870	553
Viral  	0.5426	0.3696	0.4397	138
MacroF1	0.6633
F1w_avg	0.7976
Acc    	81.2

03/05/2021 09:32:36 - INFO - __main__ -   	EPOCH:  22	MiniBatch:    0
03/05/2021 09:32:37 - INFO - __main__ -   	EPOCH:  22	MiniBatch:    1
03/05/2021 09:32:37 - INFO - __main__ -   	EPOCH:  22	MiniBatch:    2
03/05/2021 09:32:38 - INFO - __main__ -   	EPOCH:  22	MiniBatch:    3
03/05/2021 09:32:39 - INFO - __main__ -   	EPOCH:  22	MiniBatch:    4
03/05/2021 09:32:40 - INFO - __main__ -   	EPOCH:  22	MiniBatch:    5
03/05/2021 09:32:40 - INFO - __main__ -   	EPOCH:  22	MiniBatch:    6
03/05/2021 09:32:41 - INFO - __main__ -   	EPOCH:  22	MiniBatch:    7
03/05/2021 09:32:42 - INFO - __main__ -   	EPOCH:  22	MiniBatch:    8
03/05/2021 09:32:42 - INFO - __main__ -   	EPOCH:  22	MiniBatch:    9
03/05/2021 09:32:43 - INFO - __main__ -   	EPOCH:  22	MiniBatch:   10
03/05/2021 09:32:44 - INFO - __main__ -   	EPOCH:  22	MiniBatch:   11
03/05/2021 09:32:44 - INFO - __main__ -   	EPOCH:  22	MiniBatch:   12
03/05/2021 09:32:45 - INFO - __main__ -   	EPOCH:  22	MiniBatch:   13
03/05/2021 09:32:46 - INFO - __main__ -   	EPOCH:  22	MiniBatch:   14
03/05/2021 09:32:46 - INFO - __main__ -   	EPOCH:  22	MiniBatch:   15
03/05/2021 09:32:47 - INFO - __main__ -   	EPOCH:  22	MiniBatch:   16
03/05/2021 09:32:48 - INFO - __main__ -   	EPOCH:  22	MiniBatch:   17
03/05/2021 09:32:49 - INFO - __main__ -   	EPOCH:  22	MiniBatch:   18
03/05/2021 09:32:49 - INFO - __main__ -   	EPOCH:  22	MiniBatch:   19
03/05/2021 09:32:50 - INFO - __main__ -   	EPOCH:  22	MiniBatch:   20
03/05/2021 09:32:51 - INFO - __main__ -   	Testing dev Minibatch:    0
03/05/2021 09:32:51 - INFO - __main__ -   	Testing dev Minibatch:    1
03/05/2021 09:32:52 - INFO - __main__ -   	Testing dev Minibatch:    2
03/05/2021 09:32:52 - INFO - __main__ -   
============ Predict Tweet Stance ============
Labels 	Prec. 	Recall	F1    	Supp  
Denial 	0.3969	0.6484	0.4924	273
Support	0.5000	0.0882	0.1500	204
Comment	0.2222	0.0625	0.0976	192
Queries	0.0387	0.2727	0.0678	22
MacroF1	0.2019
F1w_avg	0.2681
Acc    	30.8

============ Predict Viral Tweets ============
Labels 	Prec. 	Recall	F1    	Supp  
N_viral	0.8757	0.8662	0.8709	553
Viral  	0.4861	0.5072	0.4965	138
MacroF1	0.6837
F1w_avg	0.7961
Acc    	79.5

03/05/2021 09:32:52 - INFO - __main__ -   	EPOCH:  23	MiniBatch:    0
03/05/2021 09:32:53 - INFO - __main__ -   	EPOCH:  23	MiniBatch:    1
03/05/2021 09:32:54 - INFO - __main__ -   	EPOCH:  23	MiniBatch:    2
03/05/2021 09:32:55 - INFO - __main__ -   	EPOCH:  23	MiniBatch:    3
03/05/2021 09:32:55 - INFO - __main__ -   	EPOCH:  23	MiniBatch:    4
03/05/2021 09:32:56 - INFO - __main__ -   	EPOCH:  23	MiniBatch:    5
03/05/2021 09:32:57 - INFO - __main__ -   	EPOCH:  23	MiniBatch:    6
03/05/2021 09:32:57 - INFO - __main__ -   	EPOCH:  23	MiniBatch:    7
03/05/2021 09:32:58 - INFO - __main__ -   	EPOCH:  23	MiniBatch:    8
03/05/2021 09:32:59 - INFO - __main__ -   	EPOCH:  23	MiniBatch:    9
03/05/2021 09:32:59 - INFO - __main__ -   	EPOCH:  23	MiniBatch:   10
03/05/2021 09:33:00 - INFO - __main__ -   	EPOCH:  23	MiniBatch:   11
03/05/2021 09:33:01 - INFO - __main__ -   	EPOCH:  23	MiniBatch:   12
03/05/2021 09:33:01 - INFO - __main__ -   	EPOCH:  23	MiniBatch:   13
03/05/2021 09:33:02 - INFO - __main__ -   	EPOCH:  23	MiniBatch:   14
03/05/2021 09:33:03 - INFO - __main__ -   	EPOCH:  23	MiniBatch:   15
03/05/2021 09:33:04 - INFO - __main__ -   	EPOCH:  23	MiniBatch:   16
03/05/2021 09:33:04 - INFO - __main__ -   	EPOCH:  23	MiniBatch:   17
03/05/2021 09:33:05 - INFO - __main__ -   	EPOCH:  23	MiniBatch:   18
03/05/2021 09:33:06 - INFO - __main__ -   	EPOCH:  23	MiniBatch:   19
03/05/2021 09:33:06 - INFO - __main__ -   	EPOCH:  23	MiniBatch:   20
03/05/2021 09:33:07 - INFO - __main__ -   	Testing dev Minibatch:    0
03/05/2021 09:33:08 - INFO - __main__ -   	Testing dev Minibatch:    1
03/05/2021 09:33:08 - INFO - __main__ -   	Testing dev Minibatch:    2
03/05/2021 09:33:09 - INFO - __main__ -   
============ Predict Tweet Stance ============
Labels 	Prec. 	Recall	F1    	Supp  
Denial 	0.4146	0.5604	0.4766	273
Support	0.3504	0.2353	0.2815	204
Comment	0.2703	0.0521	0.0873	192
Queries	0.0338	0.2273	0.0588	22
MacroF1	0.2261
F1w_avg	0.2976
Acc    	31.3

============ Predict Viral Tweets ============
Labels 	Prec. 	Recall	F1    	Supp  
N_viral	0.8609	0.8843	0.8724	553
Viral  	0.4797	0.4275	0.4521	138
MacroF1	0.6623
F1w_avg	0.7885
Acc    	79.3

03/05/2021 09:33:09 - INFO - __main__ -   	EPOCH:  24	MiniBatch:    0
03/05/2021 09:33:10 - INFO - __main__ -   	EPOCH:  24	MiniBatch:    1
03/05/2021 09:33:10 - INFO - __main__ -   	EPOCH:  24	MiniBatch:    2
03/05/2021 09:33:11 - INFO - __main__ -   	EPOCH:  24	MiniBatch:    3
03/05/2021 09:33:12 - INFO - __main__ -   	EPOCH:  24	MiniBatch:    4
03/05/2021 09:33:12 - INFO - __main__ -   	EPOCH:  24	MiniBatch:    5
03/05/2021 09:33:13 - INFO - __main__ -   	EPOCH:  24	MiniBatch:    6
03/05/2021 09:33:14 - INFO - __main__ -   	EPOCH:  24	MiniBatch:    7
03/05/2021 09:33:14 - INFO - __main__ -   	EPOCH:  24	MiniBatch:    8
03/05/2021 09:33:15 - INFO - __main__ -   	EPOCH:  24	MiniBatch:    9
03/05/2021 09:33:16 - INFO - __main__ -   	EPOCH:  24	MiniBatch:   10
03/05/2021 09:33:16 - INFO - __main__ -   	EPOCH:  24	MiniBatch:   11
03/05/2021 09:33:17 - INFO - __main__ -   	EPOCH:  24	MiniBatch:   12
03/05/2021 09:33:18 - INFO - __main__ -   	EPOCH:  24	MiniBatch:   13
03/05/2021 09:33:19 - INFO - __main__ -   	EPOCH:  24	MiniBatch:   14
03/05/2021 09:33:19 - INFO - __main__ -   	EPOCH:  24	MiniBatch:   15
03/05/2021 09:33:20 - INFO - __main__ -   	EPOCH:  24	MiniBatch:   16
03/05/2021 09:33:21 - INFO - __main__ -   	EPOCH:  24	MiniBatch:   17
03/05/2021 09:33:21 - INFO - __main__ -   	EPOCH:  24	MiniBatch:   18
03/05/2021 09:33:22 - INFO - __main__ -   	EPOCH:  24	MiniBatch:   19
03/05/2021 09:33:23 - INFO - __main__ -   	EPOCH:  24	MiniBatch:   20
03/05/2021 09:33:23 - INFO - __main__ -   	Testing dev Minibatch:    0
03/05/2021 09:33:24 - INFO - __main__ -   	Testing dev Minibatch:    1
03/05/2021 09:33:25 - INFO - __main__ -   	Testing dev Minibatch:    2
03/05/2021 09:33:25 - INFO - __main__ -   
============ Predict Tweet Stance ============
Labels 	Prec. 	Recall	F1    	Supp  
Denial 	0.4112	0.6703	0.5097	273
Support	0.3580	0.1422	0.2035	204
Comment	0.3103	0.0469	0.0814	192
Queries	0.0294	0.1818	0.0506	22
MacroF1	0.2113
F1w_avg	0.2857
Acc    	32.6

============ Predict Viral Tweets ============
Labels 	Prec. 	Recall	F1    	Supp  
N_viral	0.8502	0.8825	0.8660	553
Viral  	0.4444	0.3768	0.4078	138
MacroF1	0.6369
F1w_avg	0.7745
Acc    	78.1

03/05/2021 09:33:25 - INFO - __main__ -   	EPOCH:  25	MiniBatch:    0
03/05/2021 09:33:26 - INFO - __main__ -   	EPOCH:  25	MiniBatch:    1
03/05/2021 09:33:27 - INFO - __main__ -   	EPOCH:  25	MiniBatch:    2
03/05/2021 09:33:27 - INFO - __main__ -   	EPOCH:  25	MiniBatch:    3
03/05/2021 09:33:28 - INFO - __main__ -   	EPOCH:  25	MiniBatch:    4
03/05/2021 09:33:29 - INFO - __main__ -   	EPOCH:  25	MiniBatch:    5
03/05/2021 09:33:29 - INFO - __main__ -   	EPOCH:  25	MiniBatch:    6
03/05/2021 09:33:30 - INFO - __main__ -   	EPOCH:  25	MiniBatch:    7
03/05/2021 09:33:31 - INFO - __main__ -   	EPOCH:  25	MiniBatch:    8
03/05/2021 09:33:31 - INFO - __main__ -   	EPOCH:  25	MiniBatch:    9
03/05/2021 09:33:32 - INFO - __main__ -   	EPOCH:  25	MiniBatch:   10
03/05/2021 09:33:33 - INFO - __main__ -   	EPOCH:  25	MiniBatch:   11
03/05/2021 09:33:34 - INFO - __main__ -   	EPOCH:  25	MiniBatch:   12
03/05/2021 09:33:34 - INFO - __main__ -   	EPOCH:  25	MiniBatch:   13
03/05/2021 09:33:35 - INFO - __main__ -   	EPOCH:  25	MiniBatch:   14
03/05/2021 09:33:36 - INFO - __main__ -   	EPOCH:  25	MiniBatch:   15
03/05/2021 09:33:36 - INFO - __main__ -   	EPOCH:  25	MiniBatch:   16
03/05/2021 09:33:37 - INFO - __main__ -   	EPOCH:  25	MiniBatch:   17
03/05/2021 09:33:38 - INFO - __main__ -   	EPOCH:  25	MiniBatch:   18
03/05/2021 09:33:38 - INFO - __main__ -   	EPOCH:  25	MiniBatch:   19
03/05/2021 09:33:39 - INFO - __main__ -   	EPOCH:  25	MiniBatch:   20
03/05/2021 09:33:40 - INFO - __main__ -   	Testing dev Minibatch:    0
03/05/2021 09:33:40 - INFO - __main__ -   	Testing dev Minibatch:    1
03/05/2021 09:33:41 - INFO - __main__ -   	Testing dev Minibatch:    2
03/05/2021 09:33:41 - INFO - __main__ -   
============ Predict Tweet Stance ============
Labels 	Prec. 	Recall	F1    	Supp  
Denial 	0.4141	0.4505	0.4316	273
Support	0.3218	0.1373	0.1924	204
Comment	0.3750	0.0469	0.0833	192
Queries	0.0283	0.3636	0.0525	22
MacroF1	0.1900
F1w_avg	0.2521
Acc    	24.3

============ Predict Viral Tweets ============
Labels 	Prec. 	Recall	F1    	Supp  
N_viral	0.9045	0.7197	0.8016	553
Viral  	0.3825	0.6957	0.4936	138
MacroF1	0.6476
F1w_avg	0.7401
Acc    	71.5

03/05/2021 09:33:42 - INFO - __main__ -   	EPOCH:  26	MiniBatch:    0
03/05/2021 09:33:42 - INFO - __main__ -   	EPOCH:  26	MiniBatch:    1
03/05/2021 09:33:43 - INFO - __main__ -   	EPOCH:  26	MiniBatch:    2
03/05/2021 09:33:44 - INFO - __main__ -   	EPOCH:  26	MiniBatch:    3
03/05/2021 09:33:44 - INFO - __main__ -   	EPOCH:  26	MiniBatch:    4
03/05/2021 09:33:45 - INFO - __main__ -   	EPOCH:  26	MiniBatch:    5
03/05/2021 09:33:46 - INFO - __main__ -   	EPOCH:  26	MiniBatch:    6
03/05/2021 09:33:46 - INFO - __main__ -   	EPOCH:  26	MiniBatch:    7
03/05/2021 09:33:47 - INFO - __main__ -   	EPOCH:  26	MiniBatch:    8
03/05/2021 09:33:48 - INFO - __main__ -   	EPOCH:  26	MiniBatch:    9
03/05/2021 09:33:49 - INFO - __main__ -   	EPOCH:  26	MiniBatch:   10
03/05/2021 09:33:49 - INFO - __main__ -   	EPOCH:  26	MiniBatch:   11
03/05/2021 09:33:50 - INFO - __main__ -   	EPOCH:  26	MiniBatch:   12
03/05/2021 09:33:51 - INFO - __main__ -   	EPOCH:  26	MiniBatch:   13
03/05/2021 09:33:51 - INFO - __main__ -   	EPOCH:  26	MiniBatch:   14
03/05/2021 09:33:52 - INFO - __main__ -   	EPOCH:  26	MiniBatch:   15
03/05/2021 09:33:53 - INFO - __main__ -   	EPOCH:  26	MiniBatch:   16
03/05/2021 09:33:53 - INFO - __main__ -   	EPOCH:  26	MiniBatch:   17
03/05/2021 09:33:54 - INFO - __main__ -   	EPOCH:  26	MiniBatch:   18
03/05/2021 09:33:55 - INFO - __main__ -   	EPOCH:  26	MiniBatch:   19
03/05/2021 09:33:55 - INFO - __main__ -   	EPOCH:  26	MiniBatch:   20
03/05/2021 09:33:56 - INFO - __main__ -   	Testing dev Minibatch:    0
03/05/2021 09:33:57 - INFO - __main__ -   	Testing dev Minibatch:    1
03/05/2021 09:33:58 - INFO - __main__ -   	Testing dev Minibatch:    2
03/05/2021 09:33:58 - INFO - __main__ -   
============ Predict Tweet Stance ============
Labels 	Prec. 	Recall	F1    	Supp  
Denial 	0.4048	0.6227	0.4906	273
Support	0.3217	0.1814	0.2320	204
Comment	0.3529	0.0312	0.0574	192
Queries	0.0360	0.2273	0.0621	22
MacroF1	0.2105
F1w_avg	0.2802
Acc    	31.5

============ Predict Viral Tweets ============
Labels 	Prec. 	Recall	F1    	Supp  
N_viral	0.8414	0.9403	0.8881	553
Viral  	0.5479	0.2899	0.3791	138
MacroF1	0.6336
F1w_avg	0.7865
Acc    	81.0

03/05/2021 09:33:58 - INFO - __main__ -   	EPOCH:  27	MiniBatch:    0
03/05/2021 09:33:59 - INFO - __main__ -   	EPOCH:  27	MiniBatch:    1
03/05/2021 09:33:59 - INFO - __main__ -   	EPOCH:  27	MiniBatch:    2
03/05/2021 09:34:00 - INFO - __main__ -   	EPOCH:  27	MiniBatch:    3
03/05/2021 09:34:01 - INFO - __main__ -   	EPOCH:  27	MiniBatch:    4
03/05/2021 09:34:02 - INFO - __main__ -   	EPOCH:  27	MiniBatch:    5
03/05/2021 09:34:02 - INFO - __main__ -   	EPOCH:  27	MiniBatch:    6
03/05/2021 09:34:03 - INFO - __main__ -   	EPOCH:  27	MiniBatch:    7
03/05/2021 09:34:04 - INFO - __main__ -   	EPOCH:  27	MiniBatch:    8
03/05/2021 09:34:04 - INFO - __main__ -   	EPOCH:  27	MiniBatch:    9
03/05/2021 09:34:05 - INFO - __main__ -   	EPOCH:  27	MiniBatch:   10
03/05/2021 09:34:06 - INFO - __main__ -   	EPOCH:  27	MiniBatch:   11
03/05/2021 09:34:06 - INFO - __main__ -   	EPOCH:  27	MiniBatch:   12
03/05/2021 09:34:07 - INFO - __main__ -   	EPOCH:  27	MiniBatch:   13
03/05/2021 09:34:08 - INFO - __main__ -   	EPOCH:  27	MiniBatch:   14
03/05/2021 09:34:08 - INFO - __main__ -   	EPOCH:  27	MiniBatch:   15
03/05/2021 09:34:09 - INFO - __main__ -   	EPOCH:  27	MiniBatch:   16
03/05/2021 09:34:10 - INFO - __main__ -   	EPOCH:  27	MiniBatch:   17
03/05/2021 09:34:11 - INFO - __main__ -   	EPOCH:  27	MiniBatch:   18
03/05/2021 09:34:11 - INFO - __main__ -   	EPOCH:  27	MiniBatch:   19
03/05/2021 09:34:12 - INFO - __main__ -   	EPOCH:  27	MiniBatch:   20
03/05/2021 09:34:13 - INFO - __main__ -   	Testing dev Minibatch:    0
03/05/2021 09:34:13 - INFO - __main__ -   	Testing dev Minibatch:    1
03/05/2021 09:34:14 - INFO - __main__ -   	Testing dev Minibatch:    2
03/05/2021 09:34:14 - INFO - __main__ -   
============ Predict Tweet Stance ============
Labels 	Prec. 	Recall	F1    	Supp  
Denial 	0.4052	0.6813	0.5082	273
Support	0.2500	0.0490	0.0820	204
Comment	0.2381	0.0260	0.0469	192
Queries	0.0351	0.2727	0.0622	22
MacroF1	0.1748
F1w_avg	0.2400
Acc    	30.0

============ Predict Viral Tweets ============
Labels 	Prec. 	Recall	F1    	Supp  
N_viral	0.8610	0.8734	0.8671	553
Viral  	0.4615	0.4348	0.4478	138
MacroF1	0.6575
F1w_avg	0.7834
Acc    	78.6

03/05/2021 09:34:15 - INFO - __main__ -   	EPOCH:  28	MiniBatch:    0
03/05/2021 09:34:15 - INFO - __main__ -   	EPOCH:  28	MiniBatch:    1
03/05/2021 09:34:16 - INFO - __main__ -   	EPOCH:  28	MiniBatch:    2
03/05/2021 09:34:17 - INFO - __main__ -   	EPOCH:  28	MiniBatch:    3
03/05/2021 09:34:17 - INFO - __main__ -   	EPOCH:  28	MiniBatch:    4
03/05/2021 09:34:18 - INFO - __main__ -   	EPOCH:  28	MiniBatch:    5
03/05/2021 09:34:19 - INFO - __main__ -   	EPOCH:  28	MiniBatch:    6
03/05/2021 09:34:19 - INFO - __main__ -   	EPOCH:  28	MiniBatch:    7
03/05/2021 09:34:20 - INFO - __main__ -   	EPOCH:  28	MiniBatch:    8
03/05/2021 09:34:21 - INFO - __main__ -   	EPOCH:  28	MiniBatch:    9
03/05/2021 09:34:21 - INFO - __main__ -   	EPOCH:  28	MiniBatch:   10
03/05/2021 09:34:22 - INFO - __main__ -   	EPOCH:  28	MiniBatch:   11
03/05/2021 09:34:23 - INFO - __main__ -   	EPOCH:  28	MiniBatch:   12
03/05/2021 09:34:23 - INFO - __main__ -   	EPOCH:  28	MiniBatch:   13
03/05/2021 09:34:24 - INFO - __main__ -   	EPOCH:  28	MiniBatch:   14
03/05/2021 09:34:25 - INFO - __main__ -   	EPOCH:  28	MiniBatch:   15
03/05/2021 09:34:26 - INFO - __main__ -   	EPOCH:  28	MiniBatch:   16
03/05/2021 09:34:26 - INFO - __main__ -   	EPOCH:  28	MiniBatch:   17
03/05/2021 09:34:27 - INFO - __main__ -   	EPOCH:  28	MiniBatch:   18
03/05/2021 09:34:28 - INFO - __main__ -   	EPOCH:  28	MiniBatch:   19
03/05/2021 09:34:28 - INFO - __main__ -   	EPOCH:  28	MiniBatch:   20
03/05/2021 09:34:29 - INFO - __main__ -   	Testing dev Minibatch:    0
03/05/2021 09:34:30 - INFO - __main__ -   	Testing dev Minibatch:    1
03/05/2021 09:34:30 - INFO - __main__ -   	Testing dev Minibatch:    2
03/05/2021 09:34:31 - INFO - __main__ -   
============ Predict Tweet Stance ============
Labels 	Prec. 	Recall	F1    	Supp  
Denial 	0.4160	0.7802	0.5427	273
Support	0.3200	0.0392	0.0699	204
Comment	0.2083	0.0260	0.0463	192
Queries	0.0385	0.2273	0.0658	22
MacroF1	0.1812
F1w_avg	0.2500
Acc    	33.4

============ Predict Viral Tweets ============
Labels 	Prec. 	Recall	F1    	Supp  
N_viral	0.8322	0.8788	0.8549	553
Viral  	0.3738	0.2899	0.3265	138
MacroF1	0.5907
F1w_avg	0.7494
Acc    	76.1

03/05/2021 09:34:31 - INFO - __main__ -   	EPOCH:  29	MiniBatch:    0
03/05/2021 09:34:32 - INFO - __main__ -   	EPOCH:  29	MiniBatch:    1
03/05/2021 09:34:32 - INFO - __main__ -   	EPOCH:  29	MiniBatch:    2
03/05/2021 09:34:33 - INFO - __main__ -   	EPOCH:  29	MiniBatch:    3
03/05/2021 09:34:34 - INFO - __main__ -   	EPOCH:  29	MiniBatch:    4
03/05/2021 09:34:34 - INFO - __main__ -   	EPOCH:  29	MiniBatch:    5
03/05/2021 09:34:35 - INFO - __main__ -   	EPOCH:  29	MiniBatch:    6
03/05/2021 09:34:36 - INFO - __main__ -   	EPOCH:  29	MiniBatch:    7
03/05/2021 09:34:36 - INFO - __main__ -   	EPOCH:  29	MiniBatch:    8
03/05/2021 09:34:37 - INFO - __main__ -   	EPOCH:  29	MiniBatch:    9
03/05/2021 09:34:38 - INFO - __main__ -   	EPOCH:  29	MiniBatch:   10
03/05/2021 09:34:38 - INFO - __main__ -   	EPOCH:  29	MiniBatch:   11
03/05/2021 09:34:39 - INFO - __main__ -   	EPOCH:  29	MiniBatch:   12
03/05/2021 09:34:40 - INFO - __main__ -   	EPOCH:  29	MiniBatch:   13
03/05/2021 09:34:41 - INFO - __main__ -   	EPOCH:  29	MiniBatch:   14
03/05/2021 09:34:41 - INFO - __main__ -   	EPOCH:  29	MiniBatch:   15
03/05/2021 09:34:42 - INFO - __main__ -   	EPOCH:  29	MiniBatch:   16
03/05/2021 09:34:43 - INFO - __main__ -   	EPOCH:  29	MiniBatch:   17
03/05/2021 09:34:43 - INFO - __main__ -   	EPOCH:  29	MiniBatch:   18
03/05/2021 09:34:44 - INFO - __main__ -   	EPOCH:  29	MiniBatch:   19
03/05/2021 09:34:45 - INFO - __main__ -   	EPOCH:  29	MiniBatch:   20
03/05/2021 09:34:45 - INFO - __main__ -   	Testing dev Minibatch:    0
03/05/2021 09:34:46 - INFO - __main__ -   	Testing dev Minibatch:    1
03/05/2021 09:34:47 - INFO - __main__ -   	Testing dev Minibatch:    2
03/05/2021 09:34:47 - INFO - __main__ -   
============ Predict Tweet Stance ============
Labels 	Prec. 	Recall	F1    	Supp  
Denial 	0.4009	0.6593	0.4986	273
Support	0.3333	0.0392	0.0702	204
Comment	0.2400	0.0312	0.0553	192
Queries	0.0363	0.3182	0.0651	22
MacroF1	0.1723
F1w_avg	0.2351
Acc    	29.1

============ Predict Viral Tweets ============
Labels 	Prec. 	Recall	F1    	Supp  
N_viral	0.8693	0.8300	0.8492	553
Viral  	0.4233	0.5000	0.4585	138
MacroF1	0.6538
F1w_avg	0.7712
Acc    	76.4

03/05/2021 09:34:47 - INFO - __main__ -   	EPOCH:  30	MiniBatch:    0
03/05/2021 09:34:48 - INFO - __main__ -   	EPOCH:  30	MiniBatch:    1
03/05/2021 09:34:49 - INFO - __main__ -   	EPOCH:  30	MiniBatch:    2
03/05/2021 09:34:49 - INFO - __main__ -   	EPOCH:  30	MiniBatch:    3
03/05/2021 09:34:50 - INFO - __main__ -   	EPOCH:  30	MiniBatch:    4
03/05/2021 09:34:51 - INFO - __main__ -   	EPOCH:  30	MiniBatch:    5
03/05/2021 09:34:51 - INFO - __main__ -   	EPOCH:  30	MiniBatch:    6
03/05/2021 09:34:52 - INFO - __main__ -   	EPOCH:  30	MiniBatch:    7
03/05/2021 09:34:53 - INFO - __main__ -   	EPOCH:  30	MiniBatch:    8
03/05/2021 09:34:53 - INFO - __main__ -   	EPOCH:  30	MiniBatch:    9
03/05/2021 09:34:54 - INFO - __main__ -   	EPOCH:  30	MiniBatch:   10
03/05/2021 09:34:55 - INFO - __main__ -   	EPOCH:  30	MiniBatch:   11
03/05/2021 09:34:56 - INFO - __main__ -   	EPOCH:  30	MiniBatch:   12
03/05/2021 09:34:56 - INFO - __main__ -   	EPOCH:  30	MiniBatch:   13
03/05/2021 09:34:57 - INFO - __main__ -   	EPOCH:  30	MiniBatch:   14
03/05/2021 09:34:58 - INFO - __main__ -   	EPOCH:  30	MiniBatch:   15
03/05/2021 09:34:58 - INFO - __main__ -   	EPOCH:  30	MiniBatch:   16
03/05/2021 09:34:59 - INFO - __main__ -   	EPOCH:  30	MiniBatch:   17
03/05/2021 09:35:00 - INFO - __main__ -   	EPOCH:  30	MiniBatch:   18
03/05/2021 09:35:00 - INFO - __main__ -   	EPOCH:  30	MiniBatch:   19
03/05/2021 09:35:01 - INFO - __main__ -   	EPOCH:  30	MiniBatch:   20
03/05/2021 09:35:02 - INFO - __main__ -   	Testing dev Minibatch:    0
03/05/2021 09:35:02 - INFO - __main__ -   	Testing dev Minibatch:    1
03/05/2021 09:35:03 - INFO - __main__ -   	Testing dev Minibatch:    2
03/05/2021 09:35:03 - INFO - __main__ -   
============ Predict Tweet Stance ============
Labels 	Prec. 	Recall	F1    	Supp  
Denial 	0.4125	0.7766	0.5388	273
Support	0.4000	0.0392	0.0714	204
Comment	0.2000	0.0312	0.0541	192
Queries	0.0394	0.2273	0.0671	22
MacroF1	0.1828
F1w_avg	0.2511
Acc    	33.4

============ Predict Viral Tweets ============
Labels 	Prec. 	Recall	F1    	Supp  
N_viral	0.8498	0.9005	0.8745	553
Viral  	0.4762	0.3623	0.4115	138
MacroF1	0.6430
F1w_avg	0.7820
Acc    	79.3

03/05/2021 09:35:04 - INFO - __main__ -   	EPOCH:  31	MiniBatch:    0
03/05/2021 09:35:04 - INFO - __main__ -   	EPOCH:  31	MiniBatch:    1
03/05/2021 09:35:05 - INFO - __main__ -   	EPOCH:  31	MiniBatch:    2
03/05/2021 09:35:06 - INFO - __main__ -   	EPOCH:  31	MiniBatch:    3
03/05/2021 09:35:06 - INFO - __main__ -   	EPOCH:  31	MiniBatch:    4
03/05/2021 09:35:07 - INFO - __main__ -   	EPOCH:  31	MiniBatch:    5
03/05/2021 09:35:08 - INFO - __main__ -   	EPOCH:  31	MiniBatch:    6
03/05/2021 09:35:08 - INFO - __main__ -   	EPOCH:  31	MiniBatch:    7
03/05/2021 09:35:09 - INFO - __main__ -   	EPOCH:  31	MiniBatch:    8
03/05/2021 09:35:10 - INFO - __main__ -   	EPOCH:  31	MiniBatch:    9
03/05/2021 09:35:11 - INFO - __main__ -   	EPOCH:  31	MiniBatch:   10
03/05/2021 09:35:11 - INFO - __main__ -   	EPOCH:  31	MiniBatch:   11
03/05/2021 09:35:12 - INFO - __main__ -   	EPOCH:  31	MiniBatch:   12
03/05/2021 09:35:13 - INFO - __main__ -   	EPOCH:  31	MiniBatch:   13
03/05/2021 09:35:13 - INFO - __main__ -   	EPOCH:  31	MiniBatch:   14
03/05/2021 09:35:14 - INFO - __main__ -   	EPOCH:  31	MiniBatch:   15
03/05/2021 09:35:15 - INFO - __main__ -   	EPOCH:  31	MiniBatch:   16
03/05/2021 09:35:15 - INFO - __main__ -   	EPOCH:  31	MiniBatch:   17
03/05/2021 09:35:16 - INFO - __main__ -   	EPOCH:  31	MiniBatch:   18
03/05/2021 09:35:17 - INFO - __main__ -   	EPOCH:  31	MiniBatch:   19
03/05/2021 09:35:17 - INFO - __main__ -   	EPOCH:  31	MiniBatch:   20
03/05/2021 09:35:18 - INFO - __main__ -   	Testing dev Minibatch:    0
03/05/2021 09:35:19 - INFO - __main__ -   	Testing dev Minibatch:    1
03/05/2021 09:35:20 - INFO - __main__ -   	Testing dev Minibatch:    2
03/05/2021 09:35:20 - INFO - __main__ -   
============ Predict Tweet Stance ============
Labels 	Prec. 	Recall	F1    	Supp  
Denial 	0.4062	0.7143	0.5179	273
Support	0.3333	0.0245	0.0457	204
Comment	0.2308	0.0312	0.0550	192
Queries	0.0412	0.3182	0.0729	22
MacroF1	0.1729
F1w_avg	0.2357
Acc    	30.8

============ Predict Viral Tweets ============
Labels 	Prec. 	Recall	F1    	Supp  
N_viral	0.8626	0.8517	0.8571	553
Viral  	0.4345	0.4565	0.4452	138
MacroF1	0.6512
F1w_avg	0.7749
Acc    	77.3

03/05/2021 09:35:20 - INFO - __main__ -   	EPOCH:  32	MiniBatch:    0
03/05/2021 09:35:21 - INFO - __main__ -   	EPOCH:  32	MiniBatch:    1
03/05/2021 09:35:21 - INFO - __main__ -   	EPOCH:  32	MiniBatch:    2
03/05/2021 09:35:22 - INFO - __main__ -   	EPOCH:  32	MiniBatch:    3
03/05/2021 09:35:23 - INFO - __main__ -   	EPOCH:  32	MiniBatch:    4
03/05/2021 09:35:23 - INFO - __main__ -   	EPOCH:  32	MiniBatch:    5
03/05/2021 09:35:24 - INFO - __main__ -   	EPOCH:  32	MiniBatch:    6
03/05/2021 09:35:25 - INFO - __main__ -   	EPOCH:  32	MiniBatch:    7
03/05/2021 09:35:26 - INFO - __main__ -   	EPOCH:  32	MiniBatch:    8
03/05/2021 09:35:26 - INFO - __main__ -   	EPOCH:  32	MiniBatch:    9
03/05/2021 09:35:27 - INFO - __main__ -   	EPOCH:  32	MiniBatch:   10
03/05/2021 09:35:28 - INFO - __main__ -   	EPOCH:  32	MiniBatch:   11
03/05/2021 09:35:28 - INFO - __main__ -   	EPOCH:  32	MiniBatch:   12
03/05/2021 09:35:29 - INFO - __main__ -   	EPOCH:  32	MiniBatch:   13
03/05/2021 09:35:30 - INFO - __main__ -   	EPOCH:  32	MiniBatch:   14
03/05/2021 09:35:30 - INFO - __main__ -   	EPOCH:  32	MiniBatch:   15
03/05/2021 09:35:31 - INFO - __main__ -   	EPOCH:  32	MiniBatch:   16
03/05/2021 09:35:32 - INFO - __main__ -   	EPOCH:  32	MiniBatch:   17
03/05/2021 09:35:32 - INFO - __main__ -   	EPOCH:  32	MiniBatch:   18
03/05/2021 09:35:33 - INFO - __main__ -   	EPOCH:  32	MiniBatch:   19
03/05/2021 09:35:34 - INFO - __main__ -   	EPOCH:  32	MiniBatch:   20
03/05/2021 09:35:35 - INFO - __main__ -   	Testing dev Minibatch:    0
03/05/2021 09:35:35 - INFO - __main__ -   	Testing dev Minibatch:    1
03/05/2021 09:35:36 - INFO - __main__ -   	Testing dev Minibatch:    2
03/05/2021 09:35:36 - INFO - __main__ -   
============ Predict Tweet Stance ============
Labels 	Prec. 	Recall	F1    	Supp  
Denial 	0.4123	0.8095	0.5464	273
Support	0.3750	0.0147	0.0283	204
Comment	0.1765	0.0156	0.0287	192
Queries	0.0538	0.3182	0.0921	22
MacroF1	0.1739
F1w_avg	0.2351
Acc    	33.9

============ Predict Viral Tweets ============
Labels 	Prec. 	Recall	F1    	Supp  
N_viral	0.8594	0.8843	0.8717	553
Viral  	0.4754	0.4203	0.4462	138
MacroF1	0.6589
F1w_avg	0.7867
Acc    	79.2

03/05/2021 09:35:36 - INFO - __main__ -   	EPOCH:  33	MiniBatch:    0
03/05/2021 09:35:37 - INFO - __main__ -   	EPOCH:  33	MiniBatch:    1
03/05/2021 09:35:38 - INFO - __main__ -   	EPOCH:  33	MiniBatch:    2
03/05/2021 09:35:38 - INFO - __main__ -   	EPOCH:  33	MiniBatch:    3
03/05/2021 09:35:39 - INFO - __main__ -   	EPOCH:  33	MiniBatch:    4
03/05/2021 09:35:40 - INFO - __main__ -   	EPOCH:  33	MiniBatch:    5
03/05/2021 09:35:41 - INFO - __main__ -   	EPOCH:  33	MiniBatch:    6
03/05/2021 09:35:41 - INFO - __main__ -   	EPOCH:  33	MiniBatch:    7
03/05/2021 09:35:42 - INFO - __main__ -   	EPOCH:  33	MiniBatch:    8
03/05/2021 09:35:43 - INFO - __main__ -   	EPOCH:  33	MiniBatch:    9
03/05/2021 09:35:43 - INFO - __main__ -   	EPOCH:  33	MiniBatch:   10
03/05/2021 09:35:44 - INFO - __main__ -   	EPOCH:  33	MiniBatch:   11
03/05/2021 09:35:45 - INFO - __main__ -   	EPOCH:  33	MiniBatch:   12
03/05/2021 09:35:45 - INFO - __main__ -   	EPOCH:  33	MiniBatch:   13
03/05/2021 09:35:46 - INFO - __main__ -   	EPOCH:  33	MiniBatch:   14
03/05/2021 09:35:47 - INFO - __main__ -   	EPOCH:  33	MiniBatch:   15
03/05/2021 09:35:47 - INFO - __main__ -   	EPOCH:  33	MiniBatch:   16
03/05/2021 09:35:48 - INFO - __main__ -   	EPOCH:  33	MiniBatch:   17
03/05/2021 09:35:49 - INFO - __main__ -   	EPOCH:  33	MiniBatch:   18
03/05/2021 09:35:50 - INFO - __main__ -   	EPOCH:  33	MiniBatch:   19
03/05/2021 09:35:50 - INFO - __main__ -   	EPOCH:  33	MiniBatch:   20
03/05/2021 09:35:51 - INFO - __main__ -   	Testing dev Minibatch:    0
03/05/2021 09:35:52 - INFO - __main__ -   	Testing dev Minibatch:    1
03/05/2021 09:35:52 - INFO - __main__ -   	Testing dev Minibatch:    2
03/05/2021 09:35:53 - INFO - __main__ -   
============ Predict Tweet Stance ============
Labels 	Prec. 	Recall	F1    	Supp  
Denial 	0.4066	0.7656	0.5311	273
Support	0.0667	0.0049	0.0091	204
Comment	0.2500	0.0260	0.0472	192
Queries	0.0493	0.3182	0.0854	22
MacroF1	0.1682
F1w_avg	0.2284
Acc    	32.1

============ Predict Viral Tweets ============
Labels 	Prec. 	Recall	F1    	Supp  
N_viral	0.8561	0.8716	0.8638	553
Viral  	0.4453	0.4130	0.4286	138
MacroF1	0.6462
F1w_avg	0.7769
Acc    	78.0

03/05/2021 09:35:53 - INFO - __main__ -   	EPOCH:  34	MiniBatch:    0
03/05/2021 09:35:54 - INFO - __main__ -   	EPOCH:  34	MiniBatch:    1
03/05/2021 09:35:54 - INFO - __main__ -   	EPOCH:  34	MiniBatch:    2
03/05/2021 09:35:55 - INFO - __main__ -   	EPOCH:  34	MiniBatch:    3
03/05/2021 09:35:56 - INFO - __main__ -   	EPOCH:  34	MiniBatch:    4
03/05/2021 09:35:56 - INFO - __main__ -   	EPOCH:  34	MiniBatch:    5
03/05/2021 09:35:57 - INFO - __main__ -   	EPOCH:  34	MiniBatch:    6
03/05/2021 09:35:58 - INFO - __main__ -   	EPOCH:  34	MiniBatch:    7
03/05/2021 09:35:58 - INFO - __main__ -   	EPOCH:  34	MiniBatch:    8
03/05/2021 09:35:59 - INFO - __main__ -   	EPOCH:  34	MiniBatch:    9
03/05/2021 09:36:00 - INFO - __main__ -   	EPOCH:  34	MiniBatch:   10
03/05/2021 09:36:00 - INFO - __main__ -   	EPOCH:  34	MiniBatch:   11
03/05/2021 09:36:01 - INFO - __main__ -   	EPOCH:  34	MiniBatch:   12
03/05/2021 09:36:02 - INFO - __main__ -   	EPOCH:  34	MiniBatch:   13
03/05/2021 09:36:02 - INFO - __main__ -   	EPOCH:  34	MiniBatch:   14
03/05/2021 09:36:03 - INFO - __main__ -   	EPOCH:  34	MiniBatch:   15
03/05/2021 09:36:04 - INFO - __main__ -   	EPOCH:  34	MiniBatch:   16
03/05/2021 09:36:05 - INFO - __main__ -   	EPOCH:  34	MiniBatch:   17
03/05/2021 09:36:05 - INFO - __main__ -   	EPOCH:  34	MiniBatch:   18
03/05/2021 09:36:06 - INFO - __main__ -   	EPOCH:  34	MiniBatch:   19
03/05/2021 09:36:07 - INFO - __main__ -   	EPOCH:  34	MiniBatch:   20
03/05/2021 09:36:07 - INFO - __main__ -   	Testing dev Minibatch:    0
03/05/2021 09:36:08 - INFO - __main__ -   	Testing dev Minibatch:    1
03/05/2021 09:36:09 - INFO - __main__ -   	Testing dev Minibatch:    2
03/05/2021 09:36:09 - INFO - __main__ -   
============ Predict Tweet Stance ============
Labels 	Prec. 	Recall	F1    	Supp  
Denial 	0.4040	0.7473	0.5244	273
Support	0.0833	0.0049	0.0093	204
Comment	0.2083	0.0260	0.0463	192
Queries	0.0467	0.3182	0.0814	22
MacroF1	0.1653
F1w_avg	0.2254
Acc    	31.4

============ Predict Viral Tweets ============
Labels 	Prec. 	Recall	F1    	Supp  
N_viral	0.8541	0.8571	0.8556	553
Viral  	0.4191	0.4130	0.4161	138
MacroF1	0.6358
F1w_avg	0.7678
Acc    	76.8

03/05/2021 09:36:09 - INFO - __main__ -   No improvements in F1 for 20 epochs
03/05/2021 09:36:11 - INFO - __main__ -   	Testing test Minibatch:    0
03/05/2021 09:36:12 - INFO - __main__ -   	Testing test Minibatch:    1
03/05/2021 09:36:12 - INFO - __main__ -   	Testing test Minibatch:    2
03/05/2021 09:36:13 - INFO - __main__ -   
============ Predict Tweet Stance ============
Labels 	Prec. 	Recall	F1    	Supp  
Denial 	0.3705	0.3605	0.3654	258
Support	0.2929	0.1830	0.2253	224
Comment	0.2768	0.1658	0.2074	187
Queries	0.0317	0.2609	0.0566	23
MacroF1	0.2137
F1w_avg	0.2671
Acc    	24.7

============ Predict Viral Tweets ============
Labels 	Prec. 	Recall	F1    	Supp  
N_viral	0.8905	0.7794	0.8312	553
Viral  	0.4135	0.6187	0.4957	139
MacroF1	0.6635
F1w_avg	0.7638
Acc    	74.7

03/05/2021 09:36:13 - INFO - __main__ -   Time taken: 0h 9m 57s
