03/05/2021 10:12:07 - INFO - __main__ -   ----------------- Hyperparameters ------------------
03/05/2021 10:12:07 - INFO - __main__ -   ======== mtt_Bertweet =========
03/05/2021 10:12:07 - INFO - __main__ -   ===== Hyperparameters ======
03/05/2021 10:12:07 - INFO - __main__ -   ('batch_train', 100)
03/05/2021 10:12:07 - INFO - __main__ -   ('batch_test', 300)
03/05/2021 10:12:07 - INFO - __main__ -   ('epochs', 200)
03/05/2021 10:12:07 - INFO - __main__ -   ('learning_rate', 4e-05)
03/05/2021 10:12:07 - INFO - __main__ -   ('optimizer', 'adam')
03/05/2021 10:12:07 - INFO - __main__ -   ('do_train', True)
03/05/2021 10:12:07 - INFO - __main__ -   ('do_test', True)
03/05/2021 10:12:07 - INFO - __main__ -   ('model_name', 'mtt_Bertweet')
03/05/2021 10:12:07 - INFO - __main__ -   ('exp_name', 'exp7')
03/05/2021 10:12:07 - INFO - __main__ -   ('train_data', './data/train_set_128_w_length_bertweet.bin')
03/05/2021 10:12:07 - INFO - __main__ -   ('test_data', './data/test_set_128_w_length_bertweet.bin')
03/05/2021 10:12:07 - INFO - __main__ -   ('k_folds', 4)
03/05/2021 10:12:07 - INFO - __main__ -   ('folds2run', 1)
03/05/2021 10:12:07 - INFO - __main__ -   ('debug', False)
03/05/2021 10:12:07 - INFO - __main__ -   ('log_interval', 1)
03/05/2021 10:12:07 - INFO - __main__ -   ('loss_fn', 'ce_loss')
03/05/2021 10:12:07 - INFO - __main__ -   ('w_sample', True)
03/05/2021 10:12:07 - INFO - __main__ -   ('pretrain_model', '')
03/05/2021 10:12:07 - INFO - __main__ -   ('epochs2giveup', 20)
03/05/2021 10:12:07 - INFO - __main__ -   ('dropout', 0.1)
03/05/2021 10:12:07 - INFO - __main__ -   ('viral_attr', 'likes')
03/05/2021 10:12:07 - INFO - __main__ -   ('viral_threshold', 80.0)
03/05/2021 10:12:07 - INFO - __main__ -   ('weight_attr', 'viral')
03/05/2021 10:12:07 - INFO - __main__ -   ('task', 'multi')
03/05/2021 10:12:07 - INFO - __main__ -   ('mtt_weight', 1.0)
03/05/2021 10:12:07 - INFO - __main__ -   ------------------ Getting model -------------------
03/05/2021 10:12:13 - INFO - __main__ -   --------------- Getting dataframes -----------------
03/05/2021 10:12:13 - INFO - __main__ -   ------- Setting loss function and optimizer --------
03/05/2021 10:12:13 - INFO - __main__ -   ------------ Converting to dataloaders -------------
03/05/2021 10:12:13 - INFO - __main__ -   class:    0 	count: 1660
03/05/2021 10:12:13 - INFO - __main__ -   class:    1 	count:  415
03/05/2021 10:12:13 - INFO - __main__ -   ---------------- Starting training -----------------
03/05/2021 10:12:13 - INFO - __main__ -   	EPOCH:   0	MiniBatch:    0
03/05/2021 10:12:14 - INFO - __main__ -   	EPOCH:   0	MiniBatch:    1
03/05/2021 10:12:15 - INFO - __main__ -   	EPOCH:   0	MiniBatch:    2
03/05/2021 10:12:16 - INFO - __main__ -   	EPOCH:   0	MiniBatch:    3
03/05/2021 10:12:17 - INFO - __main__ -   	EPOCH:   0	MiniBatch:    4
03/05/2021 10:12:17 - INFO - __main__ -   	EPOCH:   0	MiniBatch:    5
03/05/2021 10:12:18 - INFO - __main__ -   	EPOCH:   0	MiniBatch:    6
03/05/2021 10:12:19 - INFO - __main__ -   	EPOCH:   0	MiniBatch:    7
03/05/2021 10:12:19 - INFO - __main__ -   	EPOCH:   0	MiniBatch:    8
03/05/2021 10:12:20 - INFO - __main__ -   	EPOCH:   0	MiniBatch:    9
03/05/2021 10:12:21 - INFO - __main__ -   	EPOCH:   0	MiniBatch:   10
03/05/2021 10:12:21 - INFO - __main__ -   	EPOCH:   0	MiniBatch:   11
03/05/2021 10:12:22 - INFO - __main__ -   	EPOCH:   0	MiniBatch:   12
03/05/2021 10:12:23 - INFO - __main__ -   	EPOCH:   0	MiniBatch:   13
03/05/2021 10:12:23 - INFO - __main__ -   	EPOCH:   0	MiniBatch:   14
03/05/2021 10:12:24 - INFO - __main__ -   	EPOCH:   0	MiniBatch:   15
03/05/2021 10:12:25 - INFO - __main__ -   	EPOCH:   0	MiniBatch:   16
03/05/2021 10:12:25 - INFO - __main__ -   	EPOCH:   0	MiniBatch:   17
03/05/2021 10:12:26 - INFO - __main__ -   	EPOCH:   0	MiniBatch:   18
03/05/2021 10:12:27 - INFO - __main__ -   	EPOCH:   0	MiniBatch:   19
03/05/2021 10:12:27 - INFO - __main__ -   	EPOCH:   0	MiniBatch:   20
03/05/2021 10:12:28 - INFO - __main__ -   	Testing dev Minibatch:    0
03/05/2021 10:12:29 - INFO - __main__ -   	Testing dev Minibatch:    1
03/05/2021 10:12:30 - INFO - __main__ -   	Testing dev Minibatch:    2
03/05/2021 10:12:30 - INFO - __main__ -   
============ Predict Tweet Stance ============
Labels 	Prec. 	Recall	F1    	Supp  
Denial 	0.3942	0.9963	0.5649	273
Support	0.0000	0.0000	0.0000	204
Comment	0.0000	0.0000	0.0000	192
Queries	0.0000	0.0000	0.0000	22
MacroF1	0.1412
F1w_avg	0.2232
Acc    	39.4

============ Predict Viral Tweets ============
Labels 	Prec. 	Recall	F1    	Supp  
N_viral	0.8586	0.4611	0.6000	553
Viral  	0.2437	0.6957	0.3609	138
MacroF1	0.4805
F1w_avg	0.5522
Acc    	50.8

03/05/2021 10:12:30 - INFO - __main__ -   Best results so far. Saving model...
03/05/2021 10:12:32 - INFO - __main__ -   	EPOCH:   1	MiniBatch:    0
03/05/2021 10:12:32 - INFO - __main__ -   	EPOCH:   1	MiniBatch:    1
03/05/2021 10:12:33 - INFO - __main__ -   	EPOCH:   1	MiniBatch:    2
03/05/2021 10:12:34 - INFO - __main__ -   	EPOCH:   1	MiniBatch:    3
03/05/2021 10:12:34 - INFO - __main__ -   	EPOCH:   1	MiniBatch:    4
03/05/2021 10:12:35 - INFO - __main__ -   	EPOCH:   1	MiniBatch:    5
03/05/2021 10:12:36 - INFO - __main__ -   	EPOCH:   1	MiniBatch:    6
03/05/2021 10:12:37 - INFO - __main__ -   	EPOCH:   1	MiniBatch:    7
03/05/2021 10:12:37 - INFO - __main__ -   	EPOCH:   1	MiniBatch:    8
03/05/2021 10:12:38 - INFO - __main__ -   	EPOCH:   1	MiniBatch:    9
03/05/2021 10:12:39 - INFO - __main__ -   	EPOCH:   1	MiniBatch:   10
03/05/2021 10:12:39 - INFO - __main__ -   	EPOCH:   1	MiniBatch:   11
03/05/2021 10:12:40 - INFO - __main__ -   	EPOCH:   1	MiniBatch:   12
03/05/2021 10:12:41 - INFO - __main__ -   	EPOCH:   1	MiniBatch:   13
03/05/2021 10:12:41 - INFO - __main__ -   	EPOCH:   1	MiniBatch:   14
03/05/2021 10:12:42 - INFO - __main__ -   	EPOCH:   1	MiniBatch:   15
03/05/2021 10:12:43 - INFO - __main__ -   	EPOCH:   1	MiniBatch:   16
03/05/2021 10:12:43 - INFO - __main__ -   	EPOCH:   1	MiniBatch:   17
03/05/2021 10:12:44 - INFO - __main__ -   	EPOCH:   1	MiniBatch:   18
03/05/2021 10:12:45 - INFO - __main__ -   	EPOCH:   1	MiniBatch:   19
03/05/2021 10:12:45 - INFO - __main__ -   	EPOCH:   1	MiniBatch:   20
03/05/2021 10:12:46 - INFO - __main__ -   	Testing dev Minibatch:    0
03/05/2021 10:12:47 - INFO - __main__ -   	Testing dev Minibatch:    1
03/05/2021 10:12:48 - INFO - __main__ -   	Testing dev Minibatch:    2
03/05/2021 10:12:48 - INFO - __main__ -   
============ Predict Tweet Stance ============
Labels 	Prec. 	Recall	F1    	Supp  
Denial 	0.4628	0.7070	0.5594	273
Support	0.4496	0.2843	0.3483	204
Comment	0.4552	0.3438	0.3917	192
Queries	0.0000	0.0000	0.0000	22
MacroF1	0.3249
F1w_avg	0.4327
Acc    	45.9

============ Predict Viral Tweets ============
Labels 	Prec. 	Recall	F1    	Supp  
N_viral	0.8759	0.6890	0.7713	553
Viral  	0.3281	0.6087	0.4264	138
MacroF1	0.5988
F1w_avg	0.7024
Acc    	67.3

03/05/2021 10:12:48 - INFO - __main__ -   Best results so far. Saving model...
03/05/2021 10:12:50 - INFO - __main__ -   	EPOCH:   2	MiniBatch:    0
03/05/2021 10:12:50 - INFO - __main__ -   	EPOCH:   2	MiniBatch:    1
03/05/2021 10:12:51 - INFO - __main__ -   	EPOCH:   2	MiniBatch:    2
03/05/2021 10:12:52 - INFO - __main__ -   	EPOCH:   2	MiniBatch:    3
03/05/2021 10:12:52 - INFO - __main__ -   	EPOCH:   2	MiniBatch:    4
03/05/2021 10:12:53 - INFO - __main__ -   	EPOCH:   2	MiniBatch:    5
03/05/2021 10:12:54 - INFO - __main__ -   	EPOCH:   2	MiniBatch:    6
03/05/2021 10:12:54 - INFO - __main__ -   	EPOCH:   2	MiniBatch:    7
03/05/2021 10:12:55 - INFO - __main__ -   	EPOCH:   2	MiniBatch:    8
03/05/2021 10:12:56 - INFO - __main__ -   	EPOCH:   2	MiniBatch:    9
03/05/2021 10:12:57 - INFO - __main__ -   	EPOCH:   2	MiniBatch:   10
03/05/2021 10:12:57 - INFO - __main__ -   	EPOCH:   2	MiniBatch:   11
03/05/2021 10:12:58 - INFO - __main__ -   	EPOCH:   2	MiniBatch:   12
03/05/2021 10:12:59 - INFO - __main__ -   	EPOCH:   2	MiniBatch:   13
03/05/2021 10:12:59 - INFO - __main__ -   	EPOCH:   2	MiniBatch:   14
03/05/2021 10:13:00 - INFO - __main__ -   	EPOCH:   2	MiniBatch:   15
03/05/2021 10:13:01 - INFO - __main__ -   	EPOCH:   2	MiniBatch:   16
03/05/2021 10:13:01 - INFO - __main__ -   	EPOCH:   2	MiniBatch:   17
03/05/2021 10:13:02 - INFO - __main__ -   	EPOCH:   2	MiniBatch:   18
03/05/2021 10:13:03 - INFO - __main__ -   	EPOCH:   2	MiniBatch:   19
03/05/2021 10:13:03 - INFO - __main__ -   	EPOCH:   2	MiniBatch:   20
03/05/2021 10:13:04 - INFO - __main__ -   	Testing dev Minibatch:    0
03/05/2021 10:13:05 - INFO - __main__ -   	Testing dev Minibatch:    1
03/05/2021 10:13:05 - INFO - __main__ -   	Testing dev Minibatch:    2
03/05/2021 10:13:06 - INFO - __main__ -   
============ Predict Tweet Stance ============
Labels 	Prec. 	Recall	F1    	Supp  
Denial 	0.5261	0.8132	0.6388	273
Support	0.5840	0.3578	0.4438	204
Comment	0.5208	0.3906	0.4464	192
Queries	0.0000	0.0000	0.0000	22
MacroF1	0.3823
F1w_avg	0.5075
Acc    	53.5

============ Predict Viral Tweets ============
Labels 	Prec. 	Recall	F1    	Supp  
N_viral	0.9091	0.6510	0.7587	553
Viral  	0.3458	0.7391	0.4711	138
MacroF1	0.6149
F1w_avg	0.7013
Acc    	66.9

03/05/2021 10:13:06 - INFO - __main__ -   Best results so far. Saving model...
03/05/2021 10:13:08 - INFO - __main__ -   	EPOCH:   3	MiniBatch:    0
03/05/2021 10:13:08 - INFO - __main__ -   	EPOCH:   3	MiniBatch:    1
03/05/2021 10:13:09 - INFO - __main__ -   	EPOCH:   3	MiniBatch:    2
03/05/2021 10:13:10 - INFO - __main__ -   	EPOCH:   3	MiniBatch:    3
03/05/2021 10:13:10 - INFO - __main__ -   	EPOCH:   3	MiniBatch:    4
03/05/2021 10:13:11 - INFO - __main__ -   	EPOCH:   3	MiniBatch:    5
03/05/2021 10:13:12 - INFO - __main__ -   	EPOCH:   3	MiniBatch:    6
03/05/2021 10:13:12 - INFO - __main__ -   	EPOCH:   3	MiniBatch:    7
03/05/2021 10:13:13 - INFO - __main__ -   	EPOCH:   3	MiniBatch:    8
03/05/2021 10:13:14 - INFO - __main__ -   	EPOCH:   3	MiniBatch:    9
03/05/2021 10:13:14 - INFO - __main__ -   	EPOCH:   3	MiniBatch:   10
03/05/2021 10:13:15 - INFO - __main__ -   	EPOCH:   3	MiniBatch:   11
03/05/2021 10:13:16 - INFO - __main__ -   	EPOCH:   3	MiniBatch:   12
03/05/2021 10:13:16 - INFO - __main__ -   	EPOCH:   3	MiniBatch:   13
03/05/2021 10:13:17 - INFO - __main__ -   	EPOCH:   3	MiniBatch:   14
03/05/2021 10:13:18 - INFO - __main__ -   	EPOCH:   3	MiniBatch:   15
03/05/2021 10:13:19 - INFO - __main__ -   	EPOCH:   3	MiniBatch:   16
03/05/2021 10:13:19 - INFO - __main__ -   	EPOCH:   3	MiniBatch:   17
03/05/2021 10:13:20 - INFO - __main__ -   	EPOCH:   3	MiniBatch:   18
03/05/2021 10:13:21 - INFO - __main__ -   	EPOCH:   3	MiniBatch:   19
03/05/2021 10:13:21 - INFO - __main__ -   	EPOCH:   3	MiniBatch:   20
03/05/2021 10:13:22 - INFO - __main__ -   	Testing dev Minibatch:    0
03/05/2021 10:13:23 - INFO - __main__ -   	Testing dev Minibatch:    1
03/05/2021 10:13:23 - INFO - __main__ -   	Testing dev Minibatch:    2
03/05/2021 10:13:24 - INFO - __main__ -   
============ Predict Tweet Stance ============
Labels 	Prec. 	Recall	F1    	Supp  
Denial 	0.6000	0.7802	0.6783	273
Support	0.6000	0.5000	0.5455	204
Comment	0.5301	0.4583	0.4916	192
Queries	0.0000	0.0000	0.0000	22
MacroF1	0.4289
F1w_avg	0.5656
Acc    	58.3

============ Predict Viral Tweets ============
Labels 	Prec. 	Recall	F1    	Supp  
N_viral	0.8781	0.8210	0.8486	553
Viral  	0.4310	0.5435	0.4808	138
MacroF1	0.6647
F1w_avg	0.7751
Acc    	76.6

03/05/2021 10:13:24 - INFO - __main__ -   Best results so far. Saving model...
03/05/2021 10:13:25 - INFO - __main__ -   	EPOCH:   4	MiniBatch:    0
03/05/2021 10:13:26 - INFO - __main__ -   	EPOCH:   4	MiniBatch:    1
03/05/2021 10:13:27 - INFO - __main__ -   	EPOCH:   4	MiniBatch:    2
03/05/2021 10:13:27 - INFO - __main__ -   	EPOCH:   4	MiniBatch:    3
03/05/2021 10:13:28 - INFO - __main__ -   	EPOCH:   4	MiniBatch:    4
03/05/2021 10:13:29 - INFO - __main__ -   	EPOCH:   4	MiniBatch:    5
03/05/2021 10:13:30 - INFO - __main__ -   	EPOCH:   4	MiniBatch:    6
03/05/2021 10:13:30 - INFO - __main__ -   	EPOCH:   4	MiniBatch:    7
03/05/2021 10:13:31 - INFO - __main__ -   	EPOCH:   4	MiniBatch:    8
03/05/2021 10:13:32 - INFO - __main__ -   	EPOCH:   4	MiniBatch:    9
03/05/2021 10:13:32 - INFO - __main__ -   	EPOCH:   4	MiniBatch:   10
03/05/2021 10:13:33 - INFO - __main__ -   	EPOCH:   4	MiniBatch:   11
03/05/2021 10:13:34 - INFO - __main__ -   	EPOCH:   4	MiniBatch:   12
03/05/2021 10:13:34 - INFO - __main__ -   	EPOCH:   4	MiniBatch:   13
03/05/2021 10:13:35 - INFO - __main__ -   	EPOCH:   4	MiniBatch:   14
03/05/2021 10:13:36 - INFO - __main__ -   	EPOCH:   4	MiniBatch:   15
03/05/2021 10:13:36 - INFO - __main__ -   	EPOCH:   4	MiniBatch:   16
03/05/2021 10:13:37 - INFO - __main__ -   	EPOCH:   4	MiniBatch:   17
03/05/2021 10:13:38 - INFO - __main__ -   	EPOCH:   4	MiniBatch:   18
03/05/2021 10:13:39 - INFO - __main__ -   	EPOCH:   4	MiniBatch:   19
03/05/2021 10:13:39 - INFO - __main__ -   	EPOCH:   4	MiniBatch:   20
03/05/2021 10:13:40 - INFO - __main__ -   	Testing dev Minibatch:    0
03/05/2021 10:13:41 - INFO - __main__ -   	Testing dev Minibatch:    1
03/05/2021 10:13:41 - INFO - __main__ -   	Testing dev Minibatch:    2
03/05/2021 10:13:42 - INFO - __main__ -   
============ Predict Tweet Stance ============
Labels 	Prec. 	Recall	F1    	Supp  
Denial 	0.6549	0.6117	0.6326	273
Support	0.5782	0.4167	0.4843	204
Comment	0.4221	0.6354	0.5073	192
Queries	0.0000	0.0000	0.0000	22
MacroF1	0.4060
F1w_avg	0.5339
Acc    	54.1

============ Predict Viral Tweets ============
Labels 	Prec. 	Recall	F1    	Supp  
N_viral	0.8791	0.8282	0.8529	553
Viral  	0.4412	0.5435	0.4870	138
MacroF1	0.6699
F1w_avg	0.7798
Acc    	77.1

03/05/2021 10:13:42 - INFO - __main__ -   	EPOCH:   5	MiniBatch:    0
03/05/2021 10:13:42 - INFO - __main__ -   	EPOCH:   5	MiniBatch:    1
03/05/2021 10:13:43 - INFO - __main__ -   	EPOCH:   5	MiniBatch:    2
03/05/2021 10:13:44 - INFO - __main__ -   	EPOCH:   5	MiniBatch:    3
03/05/2021 10:13:45 - INFO - __main__ -   	EPOCH:   5	MiniBatch:    4
03/05/2021 10:13:45 - INFO - __main__ -   	EPOCH:   5	MiniBatch:    5
03/05/2021 10:13:46 - INFO - __main__ -   	EPOCH:   5	MiniBatch:    6
03/05/2021 10:13:47 - INFO - __main__ -   	EPOCH:   5	MiniBatch:    7
03/05/2021 10:13:47 - INFO - __main__ -   	EPOCH:   5	MiniBatch:    8
03/05/2021 10:13:48 - INFO - __main__ -   	EPOCH:   5	MiniBatch:    9
03/05/2021 10:13:49 - INFO - __main__ -   	EPOCH:   5	MiniBatch:   10
03/05/2021 10:13:49 - INFO - __main__ -   	EPOCH:   5	MiniBatch:   11
03/05/2021 10:13:50 - INFO - __main__ -   	EPOCH:   5	MiniBatch:   12
03/05/2021 10:13:51 - INFO - __main__ -   	EPOCH:   5	MiniBatch:   13
03/05/2021 10:13:51 - INFO - __main__ -   	EPOCH:   5	MiniBatch:   14
03/05/2021 10:13:52 - INFO - __main__ -   	EPOCH:   5	MiniBatch:   15
03/05/2021 10:13:53 - INFO - __main__ -   	EPOCH:   5	MiniBatch:   16
03/05/2021 10:13:54 - INFO - __main__ -   	EPOCH:   5	MiniBatch:   17
03/05/2021 10:13:54 - INFO - __main__ -   	EPOCH:   5	MiniBatch:   18
03/05/2021 10:13:55 - INFO - __main__ -   	EPOCH:   5	MiniBatch:   19
03/05/2021 10:13:56 - INFO - __main__ -   	EPOCH:   5	MiniBatch:   20
03/05/2021 10:13:56 - INFO - __main__ -   	Testing dev Minibatch:    0
03/05/2021 10:13:57 - INFO - __main__ -   	Testing dev Minibatch:    1
03/05/2021 10:13:58 - INFO - __main__ -   	Testing dev Minibatch:    2
03/05/2021 10:13:58 - INFO - __main__ -   
============ Predict Tweet Stance ============
Labels 	Prec. 	Recall	F1    	Supp  
Denial 	0.6212	0.7509	0.6799	273
Support	0.5446	0.5392	0.5419	204
Comment	0.5220	0.4323	0.4729	192
Queries	0.0000	0.0000	0.0000	22
MacroF1	0.4237
F1w_avg	0.5600
Acc    	57.6

============ Predict Viral Tweets ============
Labels 	Prec. 	Recall	F1    	Supp  
N_viral	0.8518	0.9042	0.8772	553
Viral  	0.4904	0.3696	0.4215	138
MacroF1	0.6493
F1w_avg	0.7862
Acc    	79.7

03/05/2021 10:13:58 - INFO - __main__ -   	EPOCH:   6	MiniBatch:    0
03/05/2021 10:13:59 - INFO - __main__ -   	EPOCH:   6	MiniBatch:    1
03/05/2021 10:14:00 - INFO - __main__ -   	EPOCH:   6	MiniBatch:    2
03/05/2021 10:14:00 - INFO - __main__ -   	EPOCH:   6	MiniBatch:    3
03/05/2021 10:14:01 - INFO - __main__ -   	EPOCH:   6	MiniBatch:    4
03/05/2021 10:14:02 - INFO - __main__ -   	EPOCH:   6	MiniBatch:    5
03/05/2021 10:14:02 - INFO - __main__ -   	EPOCH:   6	MiniBatch:    6
03/05/2021 10:14:03 - INFO - __main__ -   	EPOCH:   6	MiniBatch:    7
03/05/2021 10:14:04 - INFO - __main__ -   	EPOCH:   6	MiniBatch:    8
03/05/2021 10:14:04 - INFO - __main__ -   	EPOCH:   6	MiniBatch:    9
03/05/2021 10:14:05 - INFO - __main__ -   	EPOCH:   6	MiniBatch:   10
03/05/2021 10:14:06 - INFO - __main__ -   	EPOCH:   6	MiniBatch:   11
03/05/2021 10:14:06 - INFO - __main__ -   	EPOCH:   6	MiniBatch:   12
03/05/2021 10:14:07 - INFO - __main__ -   	EPOCH:   6	MiniBatch:   13
03/05/2021 10:14:08 - INFO - __main__ -   	EPOCH:   6	MiniBatch:   14
03/05/2021 10:14:09 - INFO - __main__ -   	EPOCH:   6	MiniBatch:   15
03/05/2021 10:14:09 - INFO - __main__ -   	EPOCH:   6	MiniBatch:   16
03/05/2021 10:14:10 - INFO - __main__ -   	EPOCH:   6	MiniBatch:   17
03/05/2021 10:14:11 - INFO - __main__ -   	EPOCH:   6	MiniBatch:   18
03/05/2021 10:14:11 - INFO - __main__ -   	EPOCH:   6	MiniBatch:   19
03/05/2021 10:14:12 - INFO - __main__ -   	EPOCH:   6	MiniBatch:   20
03/05/2021 10:14:13 - INFO - __main__ -   	Testing dev Minibatch:    0
03/05/2021 10:14:13 - INFO - __main__ -   	Testing dev Minibatch:    1
03/05/2021 10:14:14 - INFO - __main__ -   	Testing dev Minibatch:    2
03/05/2021 10:14:14 - INFO - __main__ -   
============ Predict Tweet Stance ============
Labels 	Prec. 	Recall	F1    	Supp  
Denial 	0.5688	0.8022	0.6657	273
Support	0.5714	0.4706	0.5161	204
Comment	0.5217	0.3750	0.4364	192
Queries	0.0000	0.0000	0.0000	22
MacroF1	0.4045
F1w_avg	0.5366
Acc    	56.0

============ Predict Viral Tweets ============
Labels 	Prec. 	Recall	F1    	Supp  
N_viral	0.8514	0.9222	0.8854	553
Viral  	0.5326	0.3551	0.4261	138
MacroF1	0.6558
F1w_avg	0.7937
Acc    	80.9

03/05/2021 10:14:15 - INFO - __main__ -   	EPOCH:   7	MiniBatch:    0
03/05/2021 10:14:15 - INFO - __main__ -   	EPOCH:   7	MiniBatch:    1
03/05/2021 10:14:16 - INFO - __main__ -   	EPOCH:   7	MiniBatch:    2
03/05/2021 10:14:17 - INFO - __main__ -   	EPOCH:   7	MiniBatch:    3
03/05/2021 10:14:17 - INFO - __main__ -   	EPOCH:   7	MiniBatch:    4
03/05/2021 10:14:18 - INFO - __main__ -   	EPOCH:   7	MiniBatch:    5
03/05/2021 10:14:19 - INFO - __main__ -   	EPOCH:   7	MiniBatch:    6
03/05/2021 10:14:19 - INFO - __main__ -   	EPOCH:   7	MiniBatch:    7
03/05/2021 10:14:20 - INFO - __main__ -   	EPOCH:   7	MiniBatch:    8
03/05/2021 10:14:21 - INFO - __main__ -   	EPOCH:   7	MiniBatch:    9
03/05/2021 10:14:22 - INFO - __main__ -   	EPOCH:   7	MiniBatch:   10
03/05/2021 10:14:22 - INFO - __main__ -   	EPOCH:   7	MiniBatch:   11
03/05/2021 10:14:23 - INFO - __main__ -   	EPOCH:   7	MiniBatch:   12
03/05/2021 10:14:24 - INFO - __main__ -   	EPOCH:   7	MiniBatch:   13
03/05/2021 10:14:24 - INFO - __main__ -   	EPOCH:   7	MiniBatch:   14
03/05/2021 10:14:25 - INFO - __main__ -   	EPOCH:   7	MiniBatch:   15
03/05/2021 10:14:26 - INFO - __main__ -   	EPOCH:   7	MiniBatch:   16
03/05/2021 10:14:26 - INFO - __main__ -   	EPOCH:   7	MiniBatch:   17
03/05/2021 10:14:27 - INFO - __main__ -   	EPOCH:   7	MiniBatch:   18
03/05/2021 10:14:28 - INFO - __main__ -   	EPOCH:   7	MiniBatch:   19
03/05/2021 10:14:28 - INFO - __main__ -   	EPOCH:   7	MiniBatch:   20
03/05/2021 10:14:29 - INFO - __main__ -   	Testing dev Minibatch:    0
03/05/2021 10:14:30 - INFO - __main__ -   	Testing dev Minibatch:    1
03/05/2021 10:14:31 - INFO - __main__ -   	Testing dev Minibatch:    2
03/05/2021 10:14:31 - INFO - __main__ -   
============ Predict Tweet Stance ============
Labels 	Prec. 	Recall	F1    	Supp  
Denial 	0.5852	0.7802	0.6688	273
Support	0.5706	0.4755	0.5187	204
Comment	0.5479	0.4167	0.4734	192
Queries	0.3636	0.1818	0.2424	22
MacroF1	0.4758
F1w_avg	0.5566
Acc    	57.0

============ Predict Viral Tweets ============
Labels 	Prec. 	Recall	F1    	Supp  
N_viral	0.8764	0.8590	0.8676	553
Viral  	0.4765	0.5145	0.4948	138
MacroF1	0.6812
F1w_avg	0.7931
Acc    	79.0

03/05/2021 10:14:31 - INFO - __main__ -   Best results so far. Saving model...
03/05/2021 10:14:33 - INFO - __main__ -   	EPOCH:   8	MiniBatch:    0
03/05/2021 10:14:33 - INFO - __main__ -   	EPOCH:   8	MiniBatch:    1
03/05/2021 10:14:34 - INFO - __main__ -   	EPOCH:   8	MiniBatch:    2
03/05/2021 10:14:35 - INFO - __main__ -   	EPOCH:   8	MiniBatch:    3
03/05/2021 10:14:35 - INFO - __main__ -   	EPOCH:   8	MiniBatch:    4
03/05/2021 10:14:36 - INFO - __main__ -   	EPOCH:   8	MiniBatch:    5
03/05/2021 10:14:37 - INFO - __main__ -   	EPOCH:   8	MiniBatch:    6
03/05/2021 10:14:38 - INFO - __main__ -   	EPOCH:   8	MiniBatch:    7
03/05/2021 10:14:38 - INFO - __main__ -   	EPOCH:   8	MiniBatch:    8
03/05/2021 10:14:39 - INFO - __main__ -   	EPOCH:   8	MiniBatch:    9
03/05/2021 10:14:40 - INFO - __main__ -   	EPOCH:   8	MiniBatch:   10
03/05/2021 10:14:40 - INFO - __main__ -   	EPOCH:   8	MiniBatch:   11
03/05/2021 10:14:41 - INFO - __main__ -   	EPOCH:   8	MiniBatch:   12
03/05/2021 10:14:42 - INFO - __main__ -   	EPOCH:   8	MiniBatch:   13
03/05/2021 10:14:42 - INFO - __main__ -   	EPOCH:   8	MiniBatch:   14
03/05/2021 10:14:43 - INFO - __main__ -   	EPOCH:   8	MiniBatch:   15
03/05/2021 10:14:44 - INFO - __main__ -   	EPOCH:   8	MiniBatch:   16
03/05/2021 10:14:44 - INFO - __main__ -   	EPOCH:   8	MiniBatch:   17
03/05/2021 10:14:45 - INFO - __main__ -   	EPOCH:   8	MiniBatch:   18
03/05/2021 10:14:46 - INFO - __main__ -   	EPOCH:   8	MiniBatch:   19
03/05/2021 10:14:47 - INFO - __main__ -   	EPOCH:   8	MiniBatch:   20
03/05/2021 10:14:47 - INFO - __main__ -   	Testing dev Minibatch:    0
03/05/2021 10:14:48 - INFO - __main__ -   	Testing dev Minibatch:    1
03/05/2021 10:14:49 - INFO - __main__ -   	Testing dev Minibatch:    2
03/05/2021 10:14:49 - INFO - __main__ -   
============ Predict Tweet Stance ============
Labels 	Prec. 	Recall	F1    	Supp  
Denial 	0.5983	0.7802	0.6773	273
Support	0.5854	0.4706	0.5217	204
Comment	0.5226	0.4219	0.4669	192
Queries	0.3750	0.2727	0.3158	22
MacroF1	0.4954
F1w_avg	0.5614
Acc    	57.3

============ Predict Viral Tweets ============
Labels 	Prec. 	Recall	F1    	Supp  
N_viral	0.8581	0.8861	0.8719	553
Viral  	0.4750	0.4130	0.4419	138
MacroF1	0.6569
F1w_avg	0.7860
Acc    	79.2

03/05/2021 10:14:49 - INFO - __main__ -   	EPOCH:   9	MiniBatch:    0
03/05/2021 10:14:50 - INFO - __main__ -   	EPOCH:   9	MiniBatch:    1
03/05/2021 10:14:50 - INFO - __main__ -   	EPOCH:   9	MiniBatch:    2
03/05/2021 10:14:51 - INFO - __main__ -   	EPOCH:   9	MiniBatch:    3
03/05/2021 10:14:52 - INFO - __main__ -   	EPOCH:   9	MiniBatch:    4
03/05/2021 10:14:53 - INFO - __main__ -   	EPOCH:   9	MiniBatch:    5
03/05/2021 10:14:53 - INFO - __main__ -   	EPOCH:   9	MiniBatch:    6
03/05/2021 10:14:54 - INFO - __main__ -   	EPOCH:   9	MiniBatch:    7
03/05/2021 10:14:55 - INFO - __main__ -   	EPOCH:   9	MiniBatch:    8
03/05/2021 10:14:55 - INFO - __main__ -   	EPOCH:   9	MiniBatch:    9
03/05/2021 10:14:56 - INFO - __main__ -   	EPOCH:   9	MiniBatch:   10
03/05/2021 10:14:57 - INFO - __main__ -   	EPOCH:   9	MiniBatch:   11
03/05/2021 10:14:57 - INFO - __main__ -   	EPOCH:   9	MiniBatch:   12
03/05/2021 10:14:58 - INFO - __main__ -   	EPOCH:   9	MiniBatch:   13
03/05/2021 10:14:59 - INFO - __main__ -   	EPOCH:   9	MiniBatch:   14
03/05/2021 10:14:59 - INFO - __main__ -   	EPOCH:   9	MiniBatch:   15
03/05/2021 10:15:00 - INFO - __main__ -   	EPOCH:   9	MiniBatch:   16
03/05/2021 10:15:01 - INFO - __main__ -   	EPOCH:   9	MiniBatch:   17
03/05/2021 10:15:02 - INFO - __main__ -   	EPOCH:   9	MiniBatch:   18
03/05/2021 10:15:02 - INFO - __main__ -   	EPOCH:   9	MiniBatch:   19
03/05/2021 10:15:03 - INFO - __main__ -   	EPOCH:   9	MiniBatch:   20
03/05/2021 10:15:04 - INFO - __main__ -   	Testing dev Minibatch:    0
03/05/2021 10:15:04 - INFO - __main__ -   	Testing dev Minibatch:    1
03/05/2021 10:15:05 - INFO - __main__ -   	Testing dev Minibatch:    2
03/05/2021 10:15:05 - INFO - __main__ -   
============ Predict Tweet Stance ============
Labels 	Prec. 	Recall	F1    	Supp  
Denial 	0.6490	0.7179	0.6817	273
Support	0.5072	0.5147	0.5109	204
Comment	0.5212	0.4479	0.4818	192
Queries	0.4706	0.3636	0.4103	22
MacroF1	0.5212
F1w_avg	0.5671
Acc    	57.2

============ Predict Viral Tweets ============
Labels 	Prec. 	Recall	F1    	Supp  
N_viral	0.8531	0.8825	0.8676	553
Viral  	0.4538	0.3913	0.4202	138
MacroF1	0.6439
F1w_avg	0.7782
Acc    	78.4

03/05/2021 10:15:05 - INFO - __main__ -   Best results so far. Saving model...
03/05/2021 10:15:07 - INFO - __main__ -   	EPOCH:  10	MiniBatch:    0
03/05/2021 10:15:08 - INFO - __main__ -   	EPOCH:  10	MiniBatch:    1
03/05/2021 10:15:08 - INFO - __main__ -   	EPOCH:  10	MiniBatch:    2
03/05/2021 10:15:09 - INFO - __main__ -   	EPOCH:  10	MiniBatch:    3
03/05/2021 10:15:10 - INFO - __main__ -   	EPOCH:  10	MiniBatch:    4
03/05/2021 10:15:10 - INFO - __main__ -   	EPOCH:  10	MiniBatch:    5
03/05/2021 10:15:11 - INFO - __main__ -   	EPOCH:  10	MiniBatch:    6
03/05/2021 10:15:12 - INFO - __main__ -   	EPOCH:  10	MiniBatch:    7
03/05/2021 10:15:12 - INFO - __main__ -   	EPOCH:  10	MiniBatch:    8
03/05/2021 10:15:13 - INFO - __main__ -   	EPOCH:  10	MiniBatch:    9
03/05/2021 10:15:14 - INFO - __main__ -   	EPOCH:  10	MiniBatch:   10
03/05/2021 10:15:15 - INFO - __main__ -   	EPOCH:  10	MiniBatch:   11
03/05/2021 10:15:15 - INFO - __main__ -   	EPOCH:  10	MiniBatch:   12
03/05/2021 10:15:16 - INFO - __main__ -   	EPOCH:  10	MiniBatch:   13
03/05/2021 10:15:17 - INFO - __main__ -   	EPOCH:  10	MiniBatch:   14
03/05/2021 10:15:17 - INFO - __main__ -   	EPOCH:  10	MiniBatch:   15
03/05/2021 10:15:18 - INFO - __main__ -   	EPOCH:  10	MiniBatch:   16
03/05/2021 10:15:19 - INFO - __main__ -   	EPOCH:  10	MiniBatch:   17
03/05/2021 10:15:19 - INFO - __main__ -   	EPOCH:  10	MiniBatch:   18
03/05/2021 10:15:20 - INFO - __main__ -   	EPOCH:  10	MiniBatch:   19
03/05/2021 10:15:21 - INFO - __main__ -   	EPOCH:  10	MiniBatch:   20
03/05/2021 10:15:22 - INFO - __main__ -   	Testing dev Minibatch:    0
03/05/2021 10:15:22 - INFO - __main__ -   	Testing dev Minibatch:    1
03/05/2021 10:15:23 - INFO - __main__ -   	Testing dev Minibatch:    2
03/05/2021 10:15:23 - INFO - __main__ -   
============ Predict Tweet Stance ============
Labels 	Prec. 	Recall	F1    	Supp  
Denial 	0.6366	0.7766	0.6997	273
Support	0.5613	0.5833	0.5721	204
Comment	0.6015	0.4167	0.4923	192
Queries	0.5385	0.3182	0.4000	22
MacroF1	0.5410
F1w_avg	0.5949
Acc    	60.5

============ Predict Viral Tweets ============
Labels 	Prec. 	Recall	F1    	Supp  
N_viral	0.8519	0.8843	0.8678	553
Viral  	0.4530	0.3841	0.4157	138
MacroF1	0.6417
F1w_avg	0.7775
Acc    	78.4

03/05/2021 10:15:23 - INFO - __main__ -   Best results so far. Saving model...
03/05/2021 10:15:25 - INFO - __main__ -   	EPOCH:  11	MiniBatch:    0
03/05/2021 10:15:26 - INFO - __main__ -   	EPOCH:  11	MiniBatch:    1
03/05/2021 10:15:26 - INFO - __main__ -   	EPOCH:  11	MiniBatch:    2
03/05/2021 10:15:27 - INFO - __main__ -   	EPOCH:  11	MiniBatch:    3
03/05/2021 10:15:28 - INFO - __main__ -   	EPOCH:  11	MiniBatch:    4
03/05/2021 10:15:28 - INFO - __main__ -   	EPOCH:  11	MiniBatch:    5
03/05/2021 10:15:29 - INFO - __main__ -   	EPOCH:  11	MiniBatch:    6
03/05/2021 10:15:30 - INFO - __main__ -   	EPOCH:  11	MiniBatch:    7
03/05/2021 10:15:31 - INFO - __main__ -   	EPOCH:  11	MiniBatch:    8
03/05/2021 10:15:31 - INFO - __main__ -   	EPOCH:  11	MiniBatch:    9
03/05/2021 10:15:32 - INFO - __main__ -   	EPOCH:  11	MiniBatch:   10
03/05/2021 10:15:33 - INFO - __main__ -   	EPOCH:  11	MiniBatch:   11
03/05/2021 10:15:33 - INFO - __main__ -   	EPOCH:  11	MiniBatch:   12
03/05/2021 10:15:34 - INFO - __main__ -   	EPOCH:  11	MiniBatch:   13
03/05/2021 10:15:35 - INFO - __main__ -   	EPOCH:  11	MiniBatch:   14
03/05/2021 10:15:35 - INFO - __main__ -   	EPOCH:  11	MiniBatch:   15
03/05/2021 10:15:36 - INFO - __main__ -   	EPOCH:  11	MiniBatch:   16
03/05/2021 10:15:37 - INFO - __main__ -   	EPOCH:  11	MiniBatch:   17
03/05/2021 10:15:37 - INFO - __main__ -   	EPOCH:  11	MiniBatch:   18
03/05/2021 10:15:38 - INFO - __main__ -   	EPOCH:  11	MiniBatch:   19
03/05/2021 10:15:39 - INFO - __main__ -   	EPOCH:  11	MiniBatch:   20
03/05/2021 10:15:40 - INFO - __main__ -   	Testing dev Minibatch:    0
03/05/2021 10:15:40 - INFO - __main__ -   	Testing dev Minibatch:    1
03/05/2021 10:15:41 - INFO - __main__ -   	Testing dev Minibatch:    2
03/05/2021 10:15:41 - INFO - __main__ -   
============ Predict Tweet Stance ============
Labels 	Prec. 	Recall	F1    	Supp  
Denial 	0.6596	0.6886	0.6738	273
Support	0.5765	0.4804	0.5241	204
Comment	0.4813	0.5365	0.5074	192
Queries	0.4091	0.4091	0.4091	22
MacroF1	0.5286
F1w_avg	0.5749
Acc    	57.6

============ Predict Viral Tweets ============
Labels 	Prec. 	Recall	F1    	Supp  
N_viral	0.8748	0.8590	0.8668	553
Viral  	0.4730	0.5072	0.4895	138
MacroF1	0.6781
F1w_avg	0.7914
Acc    	78.9

03/05/2021 10:15:41 - INFO - __main__ -   Best results so far. Saving model...
03/05/2021 10:15:43 - INFO - __main__ -   	EPOCH:  12	MiniBatch:    0
03/05/2021 10:15:44 - INFO - __main__ -   	EPOCH:  12	MiniBatch:    1
03/05/2021 10:15:44 - INFO - __main__ -   	EPOCH:  12	MiniBatch:    2
03/05/2021 10:15:45 - INFO - __main__ -   	EPOCH:  12	MiniBatch:    3
03/05/2021 10:15:46 - INFO - __main__ -   	EPOCH:  12	MiniBatch:    4
03/05/2021 10:15:46 - INFO - __main__ -   	EPOCH:  12	MiniBatch:    5
03/05/2021 10:15:47 - INFO - __main__ -   	EPOCH:  12	MiniBatch:    6
03/05/2021 10:15:48 - INFO - __main__ -   	EPOCH:  12	MiniBatch:    7
03/05/2021 10:15:48 - INFO - __main__ -   	EPOCH:  12	MiniBatch:    8
03/05/2021 10:15:49 - INFO - __main__ -   	EPOCH:  12	MiniBatch:    9
03/05/2021 10:15:50 - INFO - __main__ -   	EPOCH:  12	MiniBatch:   10
03/05/2021 10:15:51 - INFO - __main__ -   	EPOCH:  12	MiniBatch:   11
03/05/2021 10:15:51 - INFO - __main__ -   	EPOCH:  12	MiniBatch:   12
03/05/2021 10:15:52 - INFO - __main__ -   	EPOCH:  12	MiniBatch:   13
03/05/2021 10:15:53 - INFO - __main__ -   	EPOCH:  12	MiniBatch:   14
03/05/2021 10:15:53 - INFO - __main__ -   	EPOCH:  12	MiniBatch:   15
03/05/2021 10:15:54 - INFO - __main__ -   	EPOCH:  12	MiniBatch:   16
03/05/2021 10:15:55 - INFO - __main__ -   	EPOCH:  12	MiniBatch:   17
03/05/2021 10:15:55 - INFO - __main__ -   	EPOCH:  12	MiniBatch:   18
03/05/2021 10:15:56 - INFO - __main__ -   	EPOCH:  12	MiniBatch:   19
03/05/2021 10:15:57 - INFO - __main__ -   	EPOCH:  12	MiniBatch:   20
03/05/2021 10:15:57 - INFO - __main__ -   	Testing dev Minibatch:    0
03/05/2021 10:15:58 - INFO - __main__ -   	Testing dev Minibatch:    1
03/05/2021 10:15:59 - INFO - __main__ -   	Testing dev Minibatch:    2
03/05/2021 10:15:59 - INFO - __main__ -   
============ Predict Tweet Stance ============
Labels 	Prec. 	Recall	F1    	Supp  
Denial 	0.6156	0.7509	0.6766	273
Support	0.5497	0.4069	0.4676	204
Comment	0.4948	0.4948	0.4948	192
Queries	0.4000	0.2727	0.3243	22
MacroF1	0.4908
F1w_avg	0.5532
Acc    	56.3

============ Predict Viral Tweets ============
Labels 	Prec. 	Recall	F1    	Supp  
N_viral	0.8730	0.8698	0.8714	553
Viral  	0.4857	0.4928	0.4892	138
MacroF1	0.6803
F1w_avg	0.7951
Acc    	79.5

03/05/2021 10:15:59 - INFO - __main__ -   	EPOCH:  13	MiniBatch:    0
03/05/2021 10:16:00 - INFO - __main__ -   	EPOCH:  13	MiniBatch:    1
03/05/2021 10:16:01 - INFO - __main__ -   	EPOCH:  13	MiniBatch:    2
03/05/2021 10:16:01 - INFO - __main__ -   	EPOCH:  13	MiniBatch:    3
03/05/2021 10:16:02 - INFO - __main__ -   	EPOCH:  13	MiniBatch:    4
03/05/2021 10:16:03 - INFO - __main__ -   	EPOCH:  13	MiniBatch:    5
03/05/2021 10:16:03 - INFO - __main__ -   	EPOCH:  13	MiniBatch:    6
03/05/2021 10:16:04 - INFO - __main__ -   	EPOCH:  13	MiniBatch:    7
03/05/2021 10:16:05 - INFO - __main__ -   	EPOCH:  13	MiniBatch:    8
03/05/2021 10:16:06 - INFO - __main__ -   	EPOCH:  13	MiniBatch:    9
03/05/2021 10:16:06 - INFO - __main__ -   	EPOCH:  13	MiniBatch:   10
03/05/2021 10:16:07 - INFO - __main__ -   	EPOCH:  13	MiniBatch:   11
03/05/2021 10:16:08 - INFO - __main__ -   	EPOCH:  13	MiniBatch:   12
03/05/2021 10:16:08 - INFO - __main__ -   	EPOCH:  13	MiniBatch:   13
03/05/2021 10:16:09 - INFO - __main__ -   	EPOCH:  13	MiniBatch:   14
03/05/2021 10:16:10 - INFO - __main__ -   	EPOCH:  13	MiniBatch:   15
03/05/2021 10:16:10 - INFO - __main__ -   	EPOCH:  13	MiniBatch:   16
03/05/2021 10:16:11 - INFO - __main__ -   	EPOCH:  13	MiniBatch:   17
03/05/2021 10:16:12 - INFO - __main__ -   	EPOCH:  13	MiniBatch:   18
03/05/2021 10:16:12 - INFO - __main__ -   	EPOCH:  13	MiniBatch:   19
03/05/2021 10:16:13 - INFO - __main__ -   	EPOCH:  13	MiniBatch:   20
03/05/2021 10:16:14 - INFO - __main__ -   	Testing dev Minibatch:    0
03/05/2021 10:16:15 - INFO - __main__ -   	Testing dev Minibatch:    1
03/05/2021 10:16:15 - INFO - __main__ -   	Testing dev Minibatch:    2
03/05/2021 10:16:15 - INFO - __main__ -   
============ Predict Tweet Stance ============
Labels 	Prec. 	Recall	F1    	Supp  
Denial 	0.6555	0.7179	0.6853	273
Support	0.5365	0.5049	0.5202	204
Comment	0.5084	0.4740	0.4906	192
Queries	0.4286	0.4091	0.4186	22
MacroF1	0.5287
F1w_avg	0.5740
Acc    	57.7

============ Predict Viral Tweets ============
Labels 	Prec. 	Recall	F1    	Supp  
N_viral	0.8606	0.8933	0.8767	553
Viral  	0.4957	0.4203	0.4549	138
MacroF1	0.6658
F1w_avg	0.7924
Acc    	79.9

03/05/2021 10:16:16 - INFO - __main__ -   	EPOCH:  14	MiniBatch:    0
03/05/2021 10:16:16 - INFO - __main__ -   	EPOCH:  14	MiniBatch:    1
03/05/2021 10:16:17 - INFO - __main__ -   	EPOCH:  14	MiniBatch:    2
03/05/2021 10:16:18 - INFO - __main__ -   	EPOCH:  14	MiniBatch:    3
03/05/2021 10:16:18 - INFO - __main__ -   	EPOCH:  14	MiniBatch:    4
03/05/2021 10:16:19 - INFO - __main__ -   	EPOCH:  14	MiniBatch:    5
03/05/2021 10:16:20 - INFO - __main__ -   	EPOCH:  14	MiniBatch:    6
03/05/2021 10:16:21 - INFO - __main__ -   	EPOCH:  14	MiniBatch:    7
03/05/2021 10:16:21 - INFO - __main__ -   	EPOCH:  14	MiniBatch:    8
03/05/2021 10:16:22 - INFO - __main__ -   	EPOCH:  14	MiniBatch:    9
03/05/2021 10:16:23 - INFO - __main__ -   	EPOCH:  14	MiniBatch:   10
03/05/2021 10:16:23 - INFO - __main__ -   	EPOCH:  14	MiniBatch:   11
03/05/2021 10:16:24 - INFO - __main__ -   	EPOCH:  14	MiniBatch:   12
03/05/2021 10:16:25 - INFO - __main__ -   	EPOCH:  14	MiniBatch:   13
03/05/2021 10:16:25 - INFO - __main__ -   	EPOCH:  14	MiniBatch:   14
03/05/2021 10:16:26 - INFO - __main__ -   	EPOCH:  14	MiniBatch:   15
03/05/2021 10:16:27 - INFO - __main__ -   	EPOCH:  14	MiniBatch:   16
03/05/2021 10:16:27 - INFO - __main__ -   	EPOCH:  14	MiniBatch:   17
03/05/2021 10:16:28 - INFO - __main__ -   	EPOCH:  14	MiniBatch:   18
03/05/2021 10:16:29 - INFO - __main__ -   	EPOCH:  14	MiniBatch:   19
03/05/2021 10:16:30 - INFO - __main__ -   	EPOCH:  14	MiniBatch:   20
03/05/2021 10:16:30 - INFO - __main__ -   	Testing dev Minibatch:    0
03/05/2021 10:16:31 - INFO - __main__ -   	Testing dev Minibatch:    1
03/05/2021 10:16:32 - INFO - __main__ -   	Testing dev Minibatch:    2
03/05/2021 10:16:32 - INFO - __main__ -   
============ Predict Tweet Stance ============
Labels 	Prec. 	Recall	F1    	Supp  
Denial 	0.6725	0.7070	0.6893	273
Support	0.5357	0.5147	0.5250	204
Comment	0.5000	0.5000	0.5000	192
Queries	0.5000	0.3636	0.4211	22
MacroF1	0.5338
F1w_avg	0.5797
Acc    	58.2

============ Predict Viral Tweets ============
Labels 	Prec. 	Recall	F1    	Supp  
N_viral	0.8567	0.9078	0.8815	553
Viral  	0.5143	0.3913	0.4444	138
MacroF1	0.6630
F1w_avg	0.7942
Acc    	80.5

03/05/2021 10:16:32 - INFO - __main__ -   	EPOCH:  15	MiniBatch:    0
03/05/2021 10:16:33 - INFO - __main__ -   	EPOCH:  15	MiniBatch:    1
03/05/2021 10:16:34 - INFO - __main__ -   	EPOCH:  15	MiniBatch:    2
03/05/2021 10:16:34 - INFO - __main__ -   	EPOCH:  15	MiniBatch:    3
03/05/2021 10:16:35 - INFO - __main__ -   	EPOCH:  15	MiniBatch:    4
03/05/2021 10:16:36 - INFO - __main__ -   	EPOCH:  15	MiniBatch:    5
03/05/2021 10:16:36 - INFO - __main__ -   	EPOCH:  15	MiniBatch:    6
03/05/2021 10:16:37 - INFO - __main__ -   	EPOCH:  15	MiniBatch:    7
03/05/2021 10:16:38 - INFO - __main__ -   	EPOCH:  15	MiniBatch:    8
03/05/2021 10:16:38 - INFO - __main__ -   	EPOCH:  15	MiniBatch:    9
03/05/2021 10:16:39 - INFO - __main__ -   	EPOCH:  15	MiniBatch:   10
03/05/2021 10:16:40 - INFO - __main__ -   	EPOCH:  15	MiniBatch:   11
03/05/2021 10:16:40 - INFO - __main__ -   	EPOCH:  15	MiniBatch:   12
03/05/2021 10:16:41 - INFO - __main__ -   	EPOCH:  15	MiniBatch:   13
03/05/2021 10:16:42 - INFO - __main__ -   	EPOCH:  15	MiniBatch:   14
03/05/2021 10:16:42 - INFO - __main__ -   	EPOCH:  15	MiniBatch:   15
03/05/2021 10:16:43 - INFO - __main__ -   	EPOCH:  15	MiniBatch:   16
03/05/2021 10:16:44 - INFO - __main__ -   	EPOCH:  15	MiniBatch:   17
03/05/2021 10:16:45 - INFO - __main__ -   	EPOCH:  15	MiniBatch:   18
03/05/2021 10:16:45 - INFO - __main__ -   	EPOCH:  15	MiniBatch:   19
03/05/2021 10:16:46 - INFO - __main__ -   	EPOCH:  15	MiniBatch:   20
03/05/2021 10:16:47 - INFO - __main__ -   	Testing dev Minibatch:    0
03/05/2021 10:16:47 - INFO - __main__ -   	Testing dev Minibatch:    1
03/05/2021 10:16:48 - INFO - __main__ -   	Testing dev Minibatch:    2
03/05/2021 10:16:48 - INFO - __main__ -   
============ Predict Tweet Stance ============
Labels 	Prec. 	Recall	F1    	Supp  
Denial 	0.6403	0.7106	0.6736	273
Support	0.5144	0.5245	0.5194	204
Comment	0.5359	0.4271	0.4754	192
Queries	0.4074	0.5000	0.4490	22
MacroF1	0.5293
F1w_avg	0.5659
Acc    	57.0

============ Predict Viral Tweets ============
Labels 	Prec. 	Recall	F1    	Supp  
N_viral	0.8596	0.8969	0.8779	553
Viral  	0.5000	0.4130	0.4524	138
MacroF1	0.6651
F1w_avg	0.7929
Acc    	80.0

03/05/2021 10:16:49 - INFO - __main__ -   	EPOCH:  16	MiniBatch:    0
03/05/2021 10:16:49 - INFO - __main__ -   	EPOCH:  16	MiniBatch:    1
03/05/2021 10:16:50 - INFO - __main__ -   	EPOCH:  16	MiniBatch:    2
03/05/2021 10:16:51 - INFO - __main__ -   	EPOCH:  16	MiniBatch:    3
03/05/2021 10:16:51 - INFO - __main__ -   	EPOCH:  16	MiniBatch:    4
03/05/2021 10:16:52 - INFO - __main__ -   	EPOCH:  16	MiniBatch:    5
03/05/2021 10:16:53 - INFO - __main__ -   	EPOCH:  16	MiniBatch:    6
03/05/2021 10:16:53 - INFO - __main__ -   	EPOCH:  16	MiniBatch:    7
03/05/2021 10:16:54 - INFO - __main__ -   	EPOCH:  16	MiniBatch:    8
03/05/2021 10:16:55 - INFO - __main__ -   	EPOCH:  16	MiniBatch:    9
03/05/2021 10:16:55 - INFO - __main__ -   	EPOCH:  16	MiniBatch:   10
03/05/2021 10:16:56 - INFO - __main__ -   	EPOCH:  16	MiniBatch:   11
03/05/2021 10:16:57 - INFO - __main__ -   	EPOCH:  16	MiniBatch:   12
03/05/2021 10:16:58 - INFO - __main__ -   	EPOCH:  16	MiniBatch:   13
03/05/2021 10:16:58 - INFO - __main__ -   	EPOCH:  16	MiniBatch:   14
03/05/2021 10:16:59 - INFO - __main__ -   	EPOCH:  16	MiniBatch:   15
03/05/2021 10:17:00 - INFO - __main__ -   	EPOCH:  16	MiniBatch:   16
03/05/2021 10:17:00 - INFO - __main__ -   	EPOCH:  16	MiniBatch:   17
03/05/2021 10:17:01 - INFO - __main__ -   	EPOCH:  16	MiniBatch:   18
03/05/2021 10:17:02 - INFO - __main__ -   	EPOCH:  16	MiniBatch:   19
03/05/2021 10:17:02 - INFO - __main__ -   	EPOCH:  16	MiniBatch:   20
03/05/2021 10:17:03 - INFO - __main__ -   	Testing dev Minibatch:    0
03/05/2021 10:17:04 - INFO - __main__ -   	Testing dev Minibatch:    1
03/05/2021 10:17:05 - INFO - __main__ -   	Testing dev Minibatch:    2
03/05/2021 10:17:05 - INFO - __main__ -   
============ Predict Tweet Stance ============
Labels 	Prec. 	Recall	F1    	Supp  
Denial 	0.6607	0.6777	0.6691	273
Support	0.5209	0.5490	0.5346	204
Comment	0.5172	0.4688	0.4918	192
Queries	0.5455	0.5455	0.5455	22
MacroF1	0.5602
F1w_avg	0.5762
Acc    	57.7

============ Predict Viral Tweets ============
Labels 	Prec. 	Recall	F1    	Supp  
N_viral	0.8696	0.8807	0.8751	553
Viral  	0.4962	0.4710	0.4833	138
MacroF1	0.6792
F1w_avg	0.7969
Acc    	79.9

03/05/2021 10:17:05 - INFO - __main__ -   Best results so far. Saving model...
03/05/2021 10:17:07 - INFO - __main__ -   	EPOCH:  17	MiniBatch:    0
03/05/2021 10:17:07 - INFO - __main__ -   	EPOCH:  17	MiniBatch:    1
03/05/2021 10:17:08 - INFO - __main__ -   	EPOCH:  17	MiniBatch:    2
03/05/2021 10:17:09 - INFO - __main__ -   	EPOCH:  17	MiniBatch:    3
03/05/2021 10:17:09 - INFO - __main__ -   	EPOCH:  17	MiniBatch:    4
03/05/2021 10:17:10 - INFO - __main__ -   	EPOCH:  17	MiniBatch:    5
03/05/2021 10:17:11 - INFO - __main__ -   	EPOCH:  17	MiniBatch:    6
03/05/2021 10:17:11 - INFO - __main__ -   	EPOCH:  17	MiniBatch:    7
03/05/2021 10:17:12 - INFO - __main__ -   	EPOCH:  17	MiniBatch:    8
03/05/2021 10:17:13 - INFO - __main__ -   	EPOCH:  17	MiniBatch:    9
03/05/2021 10:17:14 - INFO - __main__ -   	EPOCH:  17	MiniBatch:   10
03/05/2021 10:17:14 - INFO - __main__ -   	EPOCH:  17	MiniBatch:   11
03/05/2021 10:17:15 - INFO - __main__ -   	EPOCH:  17	MiniBatch:   12
03/05/2021 10:17:16 - INFO - __main__ -   	EPOCH:  17	MiniBatch:   13
03/05/2021 10:17:16 - INFO - __main__ -   	EPOCH:  17	MiniBatch:   14
03/05/2021 10:17:17 - INFO - __main__ -   	EPOCH:  17	MiniBatch:   15
03/05/2021 10:17:18 - INFO - __main__ -   	EPOCH:  17	MiniBatch:   16
03/05/2021 10:17:18 - INFO - __main__ -   	EPOCH:  17	MiniBatch:   17
03/05/2021 10:17:19 - INFO - __main__ -   	EPOCH:  17	MiniBatch:   18
03/05/2021 10:17:20 - INFO - __main__ -   	EPOCH:  17	MiniBatch:   19
03/05/2021 10:17:20 - INFO - __main__ -   	EPOCH:  17	MiniBatch:   20
03/05/2021 10:17:21 - INFO - __main__ -   	Testing dev Minibatch:    0
03/05/2021 10:17:22 - INFO - __main__ -   	Testing dev Minibatch:    1
03/05/2021 10:17:23 - INFO - __main__ -   	Testing dev Minibatch:    2
03/05/2021 10:17:23 - INFO - __main__ -   
============ Predict Tweet Stance ============
Labels 	Prec. 	Recall	F1    	Supp  
Denial 	0.6852	0.6777	0.6814	273
Support	0.5228	0.6176	0.5663	204
Comment	0.5369	0.4167	0.4692	192
Queries	0.4194	0.5909	0.4906	22
MacroF1	0.5519
F1w_avg	0.5824
Acc    	58.5

============ Predict Viral Tweets ============
Labels 	Prec. 	Recall	F1    	Supp  
N_viral	0.8479	0.9277	0.8860	553
Viral  	0.5349	0.3333	0.4107	138
MacroF1	0.6484
F1w_avg	0.7911
Acc    	80.9

03/05/2021 10:17:23 - INFO - __main__ -   	EPOCH:  18	MiniBatch:    0
03/05/2021 10:17:24 - INFO - __main__ -   	EPOCH:  18	MiniBatch:    1
03/05/2021 10:17:24 - INFO - __main__ -   	EPOCH:  18	MiniBatch:    2
03/05/2021 10:17:25 - INFO - __main__ -   	EPOCH:  18	MiniBatch:    3
03/05/2021 10:17:26 - INFO - __main__ -   	EPOCH:  18	MiniBatch:    4
03/05/2021 10:17:26 - INFO - __main__ -   	EPOCH:  18	MiniBatch:    5
03/05/2021 10:17:27 - INFO - __main__ -   	EPOCH:  18	MiniBatch:    6
03/05/2021 10:17:28 - INFO - __main__ -   	EPOCH:  18	MiniBatch:    7
03/05/2021 10:17:29 - INFO - __main__ -   	EPOCH:  18	MiniBatch:    8
03/05/2021 10:17:29 - INFO - __main__ -   	EPOCH:  18	MiniBatch:    9
03/05/2021 10:17:30 - INFO - __main__ -   	EPOCH:  18	MiniBatch:   10
03/05/2021 10:17:31 - INFO - __main__ -   	EPOCH:  18	MiniBatch:   11
03/05/2021 10:17:31 - INFO - __main__ -   	EPOCH:  18	MiniBatch:   12
03/05/2021 10:17:32 - INFO - __main__ -   	EPOCH:  18	MiniBatch:   13
03/05/2021 10:17:33 - INFO - __main__ -   	EPOCH:  18	MiniBatch:   14
03/05/2021 10:17:33 - INFO - __main__ -   	EPOCH:  18	MiniBatch:   15
03/05/2021 10:17:34 - INFO - __main__ -   	EPOCH:  18	MiniBatch:   16
03/05/2021 10:17:35 - INFO - __main__ -   	EPOCH:  18	MiniBatch:   17
03/05/2021 10:17:35 - INFO - __main__ -   	EPOCH:  18	MiniBatch:   18
03/05/2021 10:17:36 - INFO - __main__ -   	EPOCH:  18	MiniBatch:   19
03/05/2021 10:17:37 - INFO - __main__ -   	EPOCH:  18	MiniBatch:   20
03/05/2021 10:17:38 - INFO - __main__ -   	Testing dev Minibatch:    0
03/05/2021 10:17:38 - INFO - __main__ -   	Testing dev Minibatch:    1
03/05/2021 10:17:39 - INFO - __main__ -   	Testing dev Minibatch:    2
03/05/2021 10:17:39 - INFO - __main__ -   
============ Predict Tweet Stance ============
Labels 	Prec. 	Recall	F1    	Supp  
Denial 	0.6324	0.7436	0.6835	273
Support	0.5254	0.4559	0.4882	204
Comment	0.5250	0.4375	0.4773	192
Queries	0.3939	0.5909	0.4727	22
MacroF1	0.5304
F1w_avg	0.5618
Acc    	56.9

============ Predict Viral Tweets ============
Labels 	Prec. 	Recall	F1    	Supp  
N_viral	0.8614	0.8987	0.8796	553
Viral  	0.5088	0.4203	0.4603	138
MacroF1	0.6700
F1w_avg	0.7959
Acc    	80.3

03/05/2021 10:17:40 - INFO - __main__ -   	EPOCH:  19	MiniBatch:    0
03/05/2021 10:17:40 - INFO - __main__ -   	EPOCH:  19	MiniBatch:    1
03/05/2021 10:17:41 - INFO - __main__ -   	EPOCH:  19	MiniBatch:    2
03/05/2021 10:17:42 - INFO - __main__ -   	EPOCH:  19	MiniBatch:    3
03/05/2021 10:17:42 - INFO - __main__ -   	EPOCH:  19	MiniBatch:    4
03/05/2021 10:17:43 - INFO - __main__ -   	EPOCH:  19	MiniBatch:    5
03/05/2021 10:17:44 - INFO - __main__ -   	EPOCH:  19	MiniBatch:    6
03/05/2021 10:17:44 - INFO - __main__ -   	EPOCH:  19	MiniBatch:    7
03/05/2021 10:17:45 - INFO - __main__ -   	EPOCH:  19	MiniBatch:    8
03/05/2021 10:17:46 - INFO - __main__ -   	EPOCH:  19	MiniBatch:    9
03/05/2021 10:17:46 - INFO - __main__ -   	EPOCH:  19	MiniBatch:   10
03/05/2021 10:17:47 - INFO - __main__ -   	EPOCH:  19	MiniBatch:   11
03/05/2021 10:17:48 - INFO - __main__ -   	EPOCH:  19	MiniBatch:   12
03/05/2021 10:17:48 - INFO - __main__ -   	EPOCH:  19	MiniBatch:   13
03/05/2021 10:17:49 - INFO - __main__ -   	EPOCH:  19	MiniBatch:   14
03/05/2021 10:17:50 - INFO - __main__ -   	EPOCH:  19	MiniBatch:   15
03/05/2021 10:17:51 - INFO - __main__ -   	EPOCH:  19	MiniBatch:   16
03/05/2021 10:17:51 - INFO - __main__ -   	EPOCH:  19	MiniBatch:   17
03/05/2021 10:17:52 - INFO - __main__ -   	EPOCH:  19	MiniBatch:   18
03/05/2021 10:17:53 - INFO - __main__ -   	EPOCH:  19	MiniBatch:   19
03/05/2021 10:17:53 - INFO - __main__ -   	EPOCH:  19	MiniBatch:   20
03/05/2021 10:17:54 - INFO - __main__ -   	Testing dev Minibatch:    0
03/05/2021 10:17:55 - INFO - __main__ -   	Testing dev Minibatch:    1
03/05/2021 10:17:55 - INFO - __main__ -   	Testing dev Minibatch:    2
03/05/2021 10:17:56 - INFO - __main__ -   
============ Predict Tweet Stance ============
Labels 	Prec. 	Recall	F1    	Supp  
Denial 	0.6599	0.7106	0.6843	273
Support	0.5171	0.5931	0.5525	204
Comment	0.5638	0.4375	0.4927	192
Queries	0.6429	0.4091	0.5000	22
MacroF1	0.5574
F1w_avg	0.5863
Acc    	59.0

============ Predict Viral Tweets ============
Labels 	Prec. 	Recall	F1    	Supp  
N_viral	0.8630	0.8770	0.8700	553
Viral  	0.4729	0.4420	0.4569	138
MacroF1	0.6634
F1w_avg	0.7875
Acc    	79.0

03/05/2021 10:17:56 - INFO - __main__ -   	EPOCH:  20	MiniBatch:    0
03/05/2021 10:17:57 - INFO - __main__ -   	EPOCH:  20	MiniBatch:    1
03/05/2021 10:17:57 - INFO - __main__ -   	EPOCH:  20	MiniBatch:    2
03/05/2021 10:17:58 - INFO - __main__ -   	EPOCH:  20	MiniBatch:    3
03/05/2021 10:17:59 - INFO - __main__ -   	EPOCH:  20	MiniBatch:    4
03/05/2021 10:17:59 - INFO - __main__ -   	EPOCH:  20	MiniBatch:    5
03/05/2021 10:18:00 - INFO - __main__ -   	EPOCH:  20	MiniBatch:    6
03/05/2021 10:18:01 - INFO - __main__ -   	EPOCH:  20	MiniBatch:    7
03/05/2021 10:18:01 - INFO - __main__ -   	EPOCH:  20	MiniBatch:    8
03/05/2021 10:18:02 - INFO - __main__ -   	EPOCH:  20	MiniBatch:    9
03/05/2021 10:18:03 - INFO - __main__ -   	EPOCH:  20	MiniBatch:   10
03/05/2021 10:18:04 - INFO - __main__ -   	EPOCH:  20	MiniBatch:   11
03/05/2021 10:18:04 - INFO - __main__ -   	EPOCH:  20	MiniBatch:   12
03/05/2021 10:18:05 - INFO - __main__ -   	EPOCH:  20	MiniBatch:   13
03/05/2021 10:18:06 - INFO - __main__ -   	EPOCH:  20	MiniBatch:   14
03/05/2021 10:18:06 - INFO - __main__ -   	EPOCH:  20	MiniBatch:   15
03/05/2021 10:18:07 - INFO - __main__ -   	EPOCH:  20	MiniBatch:   16
03/05/2021 10:18:08 - INFO - __main__ -   	EPOCH:  20	MiniBatch:   17
03/05/2021 10:18:08 - INFO - __main__ -   	EPOCH:  20	MiniBatch:   18
03/05/2021 10:18:09 - INFO - __main__ -   	EPOCH:  20	MiniBatch:   19
03/05/2021 10:18:10 - INFO - __main__ -   	EPOCH:  20	MiniBatch:   20
03/05/2021 10:18:11 - INFO - __main__ -   	Testing dev Minibatch:    0
03/05/2021 10:18:11 - INFO - __main__ -   	Testing dev Minibatch:    1
03/05/2021 10:18:12 - INFO - __main__ -   	Testing dev Minibatch:    2
03/05/2021 10:18:12 - INFO - __main__ -   
============ Predict Tweet Stance ============
Labels 	Prec. 	Recall	F1    	Supp  
Denial 	0.6820	0.7070	0.6942	273
Support	0.5339	0.6176	0.5727	204
Comment	0.5693	0.4062	0.4742	192
Queries	0.4000	0.6364	0.4912	22
MacroF1	0.5581
F1w_avg	0.5908
Acc    	59.5

============ Predict Viral Tweets ============
Labels 	Prec. 	Recall	F1    	Supp  
N_viral	0.8632	0.8445	0.8537	553
Viral  	0.4267	0.4638	0.4444	138
MacroF1	0.6491
F1w_avg	0.7720
Acc    	76.8

03/05/2021 10:18:12 - INFO - __main__ -   	EPOCH:  21	MiniBatch:    0
03/05/2021 10:18:13 - INFO - __main__ -   	EPOCH:  21	MiniBatch:    1
03/05/2021 10:18:14 - INFO - __main__ -   	EPOCH:  21	MiniBatch:    2
03/05/2021 10:18:14 - INFO - __main__ -   	EPOCH:  21	MiniBatch:    3
03/05/2021 10:18:15 - INFO - __main__ -   	EPOCH:  21	MiniBatch:    4
03/05/2021 10:18:16 - INFO - __main__ -   	EPOCH:  21	MiniBatch:    5
03/05/2021 10:18:17 - INFO - __main__ -   	EPOCH:  21	MiniBatch:    6
03/05/2021 10:18:17 - INFO - __main__ -   	EPOCH:  21	MiniBatch:    7
03/05/2021 10:18:18 - INFO - __main__ -   	EPOCH:  21	MiniBatch:    8
03/05/2021 10:18:19 - INFO - __main__ -   	EPOCH:  21	MiniBatch:    9
03/05/2021 10:18:19 - INFO - __main__ -   	EPOCH:  21	MiniBatch:   10
03/05/2021 10:18:20 - INFO - __main__ -   	EPOCH:  21	MiniBatch:   11
03/05/2021 10:18:21 - INFO - __main__ -   	EPOCH:  21	MiniBatch:   12
03/05/2021 10:18:21 - INFO - __main__ -   	EPOCH:  21	MiniBatch:   13
03/05/2021 10:18:22 - INFO - __main__ -   	EPOCH:  21	MiniBatch:   14
03/05/2021 10:18:23 - INFO - __main__ -   	EPOCH:  21	MiniBatch:   15
03/05/2021 10:18:23 - INFO - __main__ -   	EPOCH:  21	MiniBatch:   16
03/05/2021 10:18:24 - INFO - __main__ -   	EPOCH:  21	MiniBatch:   17
03/05/2021 10:18:25 - INFO - __main__ -   	EPOCH:  21	MiniBatch:   18
03/05/2021 10:18:26 - INFO - __main__ -   	EPOCH:  21	MiniBatch:   19
03/05/2021 10:18:26 - INFO - __main__ -   	EPOCH:  21	MiniBatch:   20
03/05/2021 10:18:27 - INFO - __main__ -   	Testing dev Minibatch:    0
03/05/2021 10:18:28 - INFO - __main__ -   	Testing dev Minibatch:    1
03/05/2021 10:18:28 - INFO - __main__ -   	Testing dev Minibatch:    2
03/05/2021 10:18:29 - INFO - __main__ -   
============ Predict Tweet Stance ============
Labels 	Prec. 	Recall	F1    	Supp  
Denial 	0.6558	0.6630	0.6594	273
Support	0.4899	0.5931	0.5366	204
Comment	0.5411	0.4115	0.4675	192
Queries	0.4545	0.4545	0.4545	22
MacroF1	0.5295
F1w_avg	0.5633
Acc    	56.6

============ Predict Viral Tweets ============
Labels 	Prec. 	Recall	F1    	Supp  
N_viral	0.8674	0.8752	0.8713	553
Viral  	0.4812	0.4638	0.4723	138
MacroF1	0.6718
F1w_avg	0.7916
Acc    	79.3

03/05/2021 10:18:29 - INFO - __main__ -   	EPOCH:  22	MiniBatch:    0
03/05/2021 10:18:30 - INFO - __main__ -   	EPOCH:  22	MiniBatch:    1
03/05/2021 10:18:30 - INFO - __main__ -   	EPOCH:  22	MiniBatch:    2
03/05/2021 10:18:31 - INFO - __main__ -   	EPOCH:  22	MiniBatch:    3
03/05/2021 10:18:32 - INFO - __main__ -   	EPOCH:  22	MiniBatch:    4
03/05/2021 10:18:32 - INFO - __main__ -   	EPOCH:  22	MiniBatch:    5
03/05/2021 10:18:33 - INFO - __main__ -   	EPOCH:  22	MiniBatch:    6
03/05/2021 10:18:34 - INFO - __main__ -   	EPOCH:  22	MiniBatch:    7
03/05/2021 10:18:34 - INFO - __main__ -   	EPOCH:  22	MiniBatch:    8
03/05/2021 10:18:35 - INFO - __main__ -   	EPOCH:  22	MiniBatch:    9
03/05/2021 10:18:36 - INFO - __main__ -   	EPOCH:  22	MiniBatch:   10
03/05/2021 10:18:36 - INFO - __main__ -   	EPOCH:  22	MiniBatch:   11
03/05/2021 10:18:37 - INFO - __main__ -   	EPOCH:  22	MiniBatch:   12
03/05/2021 10:18:38 - INFO - __main__ -   	EPOCH:  22	MiniBatch:   13
03/05/2021 10:18:39 - INFO - __main__ -   	EPOCH:  22	MiniBatch:   14
03/05/2021 10:18:39 - INFO - __main__ -   	EPOCH:  22	MiniBatch:   15
03/05/2021 10:18:40 - INFO - __main__ -   	EPOCH:  22	MiniBatch:   16
03/05/2021 10:18:41 - INFO - __main__ -   	EPOCH:  22	MiniBatch:   17
03/05/2021 10:18:41 - INFO - __main__ -   	EPOCH:  22	MiniBatch:   18
03/05/2021 10:18:42 - INFO - __main__ -   	EPOCH:  22	MiniBatch:   19
03/05/2021 10:18:43 - INFO - __main__ -   	EPOCH:  22	MiniBatch:   20
03/05/2021 10:18:43 - INFO - __main__ -   	Testing dev Minibatch:    0
03/05/2021 10:18:44 - INFO - __main__ -   	Testing dev Minibatch:    1
03/05/2021 10:18:45 - INFO - __main__ -   	Testing dev Minibatch:    2
03/05/2021 10:18:45 - INFO - __main__ -   
============ Predict Tweet Stance ============
Labels 	Prec. 	Recall	F1    	Supp  
Denial 	0.6619	0.6740	0.6679	273
Support	0.5389	0.4755	0.5052	204
Comment	0.5146	0.5521	0.5327	192
Queries	0.4444	0.5455	0.4898	22
MacroF1	0.5489
F1w_avg	0.5766
Acc    	57.7

============ Predict Viral Tweets ============
Labels 	Prec. 	Recall	F1    	Supp  
N_viral	0.8528	0.9222	0.8862	553
Viral  	0.5376	0.3623	0.4329	138
MacroF1	0.6595
F1w_avg	0.7957
Acc    	81.0

03/05/2021 10:18:45 - INFO - __main__ -   	EPOCH:  23	MiniBatch:    0
03/05/2021 10:18:46 - INFO - __main__ -   	EPOCH:  23	MiniBatch:    1
03/05/2021 10:18:47 - INFO - __main__ -   	EPOCH:  23	MiniBatch:    2
03/05/2021 10:18:47 - INFO - __main__ -   	EPOCH:  23	MiniBatch:    3
03/05/2021 10:18:48 - INFO - __main__ -   	EPOCH:  23	MiniBatch:    4
03/05/2021 10:18:49 - INFO - __main__ -   	EPOCH:  23	MiniBatch:    5
03/05/2021 10:18:49 - INFO - __main__ -   	EPOCH:  23	MiniBatch:    6
03/05/2021 10:18:50 - INFO - __main__ -   	EPOCH:  23	MiniBatch:    7
03/05/2021 10:18:51 - INFO - __main__ -   	EPOCH:  23	MiniBatch:    8
03/05/2021 10:18:52 - INFO - __main__ -   	EPOCH:  23	MiniBatch:    9
03/05/2021 10:18:52 - INFO - __main__ -   	EPOCH:  23	MiniBatch:   10
03/05/2021 10:18:53 - INFO - __main__ -   	EPOCH:  23	MiniBatch:   11
03/05/2021 10:18:54 - INFO - __main__ -   	EPOCH:  23	MiniBatch:   12
03/05/2021 10:18:54 - INFO - __main__ -   	EPOCH:  23	MiniBatch:   13
03/05/2021 10:18:55 - INFO - __main__ -   	EPOCH:  23	MiniBatch:   14
03/05/2021 10:18:56 - INFO - __main__ -   	EPOCH:  23	MiniBatch:   15
03/05/2021 10:18:56 - INFO - __main__ -   	EPOCH:  23	MiniBatch:   16
03/05/2021 10:18:57 - INFO - __main__ -   	EPOCH:  23	MiniBatch:   17
03/05/2021 10:18:58 - INFO - __main__ -   	EPOCH:  23	MiniBatch:   18
03/05/2021 10:18:58 - INFO - __main__ -   	EPOCH:  23	MiniBatch:   19
03/05/2021 10:18:59 - INFO - __main__ -   	EPOCH:  23	MiniBatch:   20
03/05/2021 10:19:00 - INFO - __main__ -   	Testing dev Minibatch:    0
03/05/2021 10:19:01 - INFO - __main__ -   	Testing dev Minibatch:    1
03/05/2021 10:19:01 - INFO - __main__ -   	Testing dev Minibatch:    2
03/05/2021 10:19:02 - INFO - __main__ -   
============ Predict Tweet Stance ============
Labels 	Prec. 	Recall	F1    	Supp  
Denial 	0.6703	0.6850	0.6775	273
Support	0.4859	0.5931	0.5342	204
Comment	0.5417	0.4062	0.4643	192
Queries	0.4737	0.4091	0.4390	22
MacroF1	0.5288
F1w_avg	0.5684
Acc    	57.2

============ Predict Viral Tweets ============
Labels 	Prec. 	Recall	F1    	Supp  
N_viral	0.8535	0.9168	0.8840	553
Viral  	0.5258	0.3696	0.4340	138
MacroF1	0.6590
F1w_avg	0.7942
Acc    	80.8

03/05/2021 10:19:02 - INFO - __main__ -   	EPOCH:  24	MiniBatch:    0
03/05/2021 10:19:02 - INFO - __main__ -   	EPOCH:  24	MiniBatch:    1
03/05/2021 10:19:03 - INFO - __main__ -   	EPOCH:  24	MiniBatch:    2
03/05/2021 10:19:04 - INFO - __main__ -   	EPOCH:  24	MiniBatch:    3
03/05/2021 10:19:05 - INFO - __main__ -   	EPOCH:  24	MiniBatch:    4
03/05/2021 10:19:05 - INFO - __main__ -   	EPOCH:  24	MiniBatch:    5
03/05/2021 10:19:06 - INFO - __main__ -   	EPOCH:  24	MiniBatch:    6
03/05/2021 10:19:07 - INFO - __main__ -   	EPOCH:  24	MiniBatch:    7
03/05/2021 10:19:07 - INFO - __main__ -   	EPOCH:  24	MiniBatch:    8
03/05/2021 10:19:08 - INFO - __main__ -   	EPOCH:  24	MiniBatch:    9
03/05/2021 10:19:09 - INFO - __main__ -   	EPOCH:  24	MiniBatch:   10
03/05/2021 10:19:09 - INFO - __main__ -   	EPOCH:  24	MiniBatch:   11
03/05/2021 10:19:10 - INFO - __main__ -   	EPOCH:  24	MiniBatch:   12
03/05/2021 10:19:11 - INFO - __main__ -   	EPOCH:  24	MiniBatch:   13
03/05/2021 10:19:11 - INFO - __main__ -   	EPOCH:  24	MiniBatch:   14
03/05/2021 10:19:12 - INFO - __main__ -   	EPOCH:  24	MiniBatch:   15
03/05/2021 10:19:13 - INFO - __main__ -   	EPOCH:  24	MiniBatch:   16
03/05/2021 10:19:14 - INFO - __main__ -   	EPOCH:  24	MiniBatch:   17
03/05/2021 10:19:14 - INFO - __main__ -   	EPOCH:  24	MiniBatch:   18
03/05/2021 10:19:15 - INFO - __main__ -   	EPOCH:  24	MiniBatch:   19
03/05/2021 10:19:16 - INFO - __main__ -   	EPOCH:  24	MiniBatch:   20
03/05/2021 10:19:16 - INFO - __main__ -   	Testing dev Minibatch:    0
03/05/2021 10:19:17 - INFO - __main__ -   	Testing dev Minibatch:    1
03/05/2021 10:19:18 - INFO - __main__ -   	Testing dev Minibatch:    2
03/05/2021 10:19:18 - INFO - __main__ -   
============ Predict Tweet Stance ============
Labels 	Prec. 	Recall	F1    	Supp  
Denial 	0.6507	0.6960	0.6726	273
Support	0.5020	0.6176	0.5538	204
Comment	0.5512	0.3646	0.4389	192
Queries	0.5238	0.5000	0.5116	22
MacroF1	0.5442
F1w_avg	0.5675
Acc    	57.5

============ Predict Viral Tweets ============
Labels 	Prec. 	Recall	F1    	Supp  
N_viral	0.8700	0.8716	0.8708	553
Viral  	0.4818	0.4783	0.4800	138
MacroF1	0.6754
F1w_avg	0.7928
Acc    	79.3

03/05/2021 10:19:18 - INFO - __main__ -   	EPOCH:  25	MiniBatch:    0
03/05/2021 10:19:19 - INFO - __main__ -   	EPOCH:  25	MiniBatch:    1
03/05/2021 10:19:20 - INFO - __main__ -   	EPOCH:  25	MiniBatch:    2
03/05/2021 10:19:20 - INFO - __main__ -   	EPOCH:  25	MiniBatch:    3
03/05/2021 10:19:21 - INFO - __main__ -   	EPOCH:  25	MiniBatch:    4
03/05/2021 10:19:22 - INFO - __main__ -   	EPOCH:  25	MiniBatch:    5
03/05/2021 10:19:22 - INFO - __main__ -   	EPOCH:  25	MiniBatch:    6
03/05/2021 10:19:23 - INFO - __main__ -   	EPOCH:  25	MiniBatch:    7
03/05/2021 10:19:24 - INFO - __main__ -   	EPOCH:  25	MiniBatch:    8
03/05/2021 10:19:24 - INFO - __main__ -   	EPOCH:  25	MiniBatch:    9
03/05/2021 10:19:25 - INFO - __main__ -   	EPOCH:  25	MiniBatch:   10
03/05/2021 10:19:26 - INFO - __main__ -   	EPOCH:  25	MiniBatch:   11
03/05/2021 10:19:27 - INFO - __main__ -   	EPOCH:  25	MiniBatch:   12
03/05/2021 10:19:27 - INFO - __main__ -   	EPOCH:  25	MiniBatch:   13
03/05/2021 10:19:28 - INFO - __main__ -   	EPOCH:  25	MiniBatch:   14
03/05/2021 10:19:29 - INFO - __main__ -   	EPOCH:  25	MiniBatch:   15
03/05/2021 10:19:29 - INFO - __main__ -   	EPOCH:  25	MiniBatch:   16
03/05/2021 10:19:30 - INFO - __main__ -   	EPOCH:  25	MiniBatch:   17
03/05/2021 10:19:31 - INFO - __main__ -   	EPOCH:  25	MiniBatch:   18
03/05/2021 10:19:31 - INFO - __main__ -   	EPOCH:  25	MiniBatch:   19
03/05/2021 10:19:32 - INFO - __main__ -   	EPOCH:  25	MiniBatch:   20
03/05/2021 10:19:33 - INFO - __main__ -   	Testing dev Minibatch:    0
03/05/2021 10:19:34 - INFO - __main__ -   	Testing dev Minibatch:    1
03/05/2021 10:19:34 - INFO - __main__ -   	Testing dev Minibatch:    2
03/05/2021 10:19:34 - INFO - __main__ -   
============ Predict Tweet Stance ============
Labels 	Prec. 	Recall	F1    	Supp  
Denial 	0.6056	0.7985	0.6888	273
Support	0.5915	0.4118	0.4855	204
Comment	0.5086	0.4635	0.4850	192
Queries	0.5714	0.3636	0.4444	22
MacroF1	0.5259
F1w_avg	0.5644
Acc    	57.7

============ Predict Viral Tweets ============
Labels 	Prec. 	Recall	F1    	Supp  
N_viral	0.8696	0.8445	0.8569	553
Viral  	0.4416	0.4928	0.4658	138
MacroF1	0.6613
F1w_avg	0.7788
Acc    	77.4

03/05/2021 10:19:35 - INFO - __main__ -   	EPOCH:  26	MiniBatch:    0
03/05/2021 10:19:35 - INFO - __main__ -   	EPOCH:  26	MiniBatch:    1
03/05/2021 10:19:36 - INFO - __main__ -   	EPOCH:  26	MiniBatch:    2
03/05/2021 10:19:37 - INFO - __main__ -   	EPOCH:  26	MiniBatch:    3
03/05/2021 10:19:37 - INFO - __main__ -   	EPOCH:  26	MiniBatch:    4
03/05/2021 10:19:38 - INFO - __main__ -   	EPOCH:  26	MiniBatch:    5
03/05/2021 10:19:39 - INFO - __main__ -   	EPOCH:  26	MiniBatch:    6
03/05/2021 10:19:40 - INFO - __main__ -   	EPOCH:  26	MiniBatch:    7
03/05/2021 10:19:40 - INFO - __main__ -   	EPOCH:  26	MiniBatch:    8
03/05/2021 10:19:41 - INFO - __main__ -   	EPOCH:  26	MiniBatch:    9
03/05/2021 10:19:42 - INFO - __main__ -   	EPOCH:  26	MiniBatch:   10
03/05/2021 10:19:42 - INFO - __main__ -   	EPOCH:  26	MiniBatch:   11
03/05/2021 10:19:43 - INFO - __main__ -   	EPOCH:  26	MiniBatch:   12
03/05/2021 10:19:44 - INFO - __main__ -   	EPOCH:  26	MiniBatch:   13
03/05/2021 10:19:44 - INFO - __main__ -   	EPOCH:  26	MiniBatch:   14
03/05/2021 10:19:45 - INFO - __main__ -   	EPOCH:  26	MiniBatch:   15
03/05/2021 10:19:46 - INFO - __main__ -   	EPOCH:  26	MiniBatch:   16
03/05/2021 10:19:46 - INFO - __main__ -   	EPOCH:  26	MiniBatch:   17
03/05/2021 10:19:47 - INFO - __main__ -   	EPOCH:  26	MiniBatch:   18
03/05/2021 10:19:48 - INFO - __main__ -   	EPOCH:  26	MiniBatch:   19
03/05/2021 10:19:49 - INFO - __main__ -   	EPOCH:  26	MiniBatch:   20
03/05/2021 10:19:49 - INFO - __main__ -   	Testing dev Minibatch:    0
03/05/2021 10:19:50 - INFO - __main__ -   	Testing dev Minibatch:    1
03/05/2021 10:19:51 - INFO - __main__ -   	Testing dev Minibatch:    2
03/05/2021 10:19:51 - INFO - __main__ -   
============ Predict Tweet Stance ============
Labels 	Prec. 	Recall	F1    	Supp  
Denial 	0.6643	0.6960	0.6798	273
Support	0.5111	0.6765	0.5823	204
Comment	0.5847	0.3594	0.4452	192
Queries	0.4706	0.3636	0.4103	22
MacroF1	0.5294
F1w_avg	0.5772
Acc    	58.6

============ Predict Viral Tweets ============
Labels 	Prec. 	Recall	F1    	Supp  
N_viral	0.8517	0.8933	0.8720	553
Viral  	0.4685	0.3768	0.4177	138
MacroF1	0.6448
F1w_avg	0.7813
Acc    	79.0

03/05/2021 10:19:51 - INFO - __main__ -   	EPOCH:  27	MiniBatch:    0
03/05/2021 10:19:52 - INFO - __main__ -   	EPOCH:  27	MiniBatch:    1
03/05/2021 10:19:53 - INFO - __main__ -   	EPOCH:  27	MiniBatch:    2
03/05/2021 10:19:53 - INFO - __main__ -   	EPOCH:  27	MiniBatch:    3
03/05/2021 10:19:54 - INFO - __main__ -   	EPOCH:  27	MiniBatch:    4
03/05/2021 10:19:55 - INFO - __main__ -   	EPOCH:  27	MiniBatch:    5
03/05/2021 10:19:55 - INFO - __main__ -   	EPOCH:  27	MiniBatch:    6
03/05/2021 10:19:56 - INFO - __main__ -   	EPOCH:  27	MiniBatch:    7
03/05/2021 10:19:57 - INFO - __main__ -   	EPOCH:  27	MiniBatch:    8
03/05/2021 10:19:57 - INFO - __main__ -   	EPOCH:  27	MiniBatch:    9
03/05/2021 10:19:58 - INFO - __main__ -   	EPOCH:  27	MiniBatch:   10
03/05/2021 10:19:59 - INFO - __main__ -   	EPOCH:  27	MiniBatch:   11
03/05/2021 10:19:59 - INFO - __main__ -   	EPOCH:  27	MiniBatch:   12
03/05/2021 10:20:00 - INFO - __main__ -   	EPOCH:  27	MiniBatch:   13
03/05/2021 10:20:01 - INFO - __main__ -   	EPOCH:  27	MiniBatch:   14
03/05/2021 10:20:02 - INFO - __main__ -   	EPOCH:  27	MiniBatch:   15
03/05/2021 10:20:02 - INFO - __main__ -   	EPOCH:  27	MiniBatch:   16
03/05/2021 10:20:03 - INFO - __main__ -   	EPOCH:  27	MiniBatch:   17
03/05/2021 10:20:04 - INFO - __main__ -   	EPOCH:  27	MiniBatch:   18
03/05/2021 10:20:04 - INFO - __main__ -   	EPOCH:  27	MiniBatch:   19
03/05/2021 10:20:05 - INFO - __main__ -   	EPOCH:  27	MiniBatch:   20
03/05/2021 10:20:06 - INFO - __main__ -   	Testing dev Minibatch:    0
03/05/2021 10:20:06 - INFO - __main__ -   	Testing dev Minibatch:    1
03/05/2021 10:20:07 - INFO - __main__ -   	Testing dev Minibatch:    2
03/05/2021 10:20:07 - INFO - __main__ -   
============ Predict Tweet Stance ============
Labels 	Prec. 	Recall	F1    	Supp  
Denial 	0.6500	0.6190	0.6341	273
Support	0.6415	0.3333	0.4387	204
Comment	0.4362	0.6771	0.5306	192
Queries	0.2963	0.3636	0.3265	22
MacroF1	0.4825
F1w_avg	0.5379
Acc    	54.3

============ Predict Viral Tweets ============
Labels 	Prec. 	Recall	F1    	Supp  
N_viral	0.8579	0.8626	0.8602	553
Viral  	0.4370	0.4275	0.4322	138
MacroF1	0.6462
F1w_avg	0.7748
Acc    	77.6

03/05/2021 10:20:08 - INFO - __main__ -   	EPOCH:  28	MiniBatch:    0
03/05/2021 10:20:08 - INFO - __main__ -   	EPOCH:  28	MiniBatch:    1
03/05/2021 10:20:09 - INFO - __main__ -   	EPOCH:  28	MiniBatch:    2
03/05/2021 10:20:10 - INFO - __main__ -   	EPOCH:  28	MiniBatch:    3
03/05/2021 10:20:10 - INFO - __main__ -   	EPOCH:  28	MiniBatch:    4
03/05/2021 10:20:11 - INFO - __main__ -   	EPOCH:  28	MiniBatch:    5
03/05/2021 10:20:12 - INFO - __main__ -   	EPOCH:  28	MiniBatch:    6
03/05/2021 10:20:12 - INFO - __main__ -   	EPOCH:  28	MiniBatch:    7
03/05/2021 10:20:13 - INFO - __main__ -   	EPOCH:  28	MiniBatch:    8
03/05/2021 10:20:14 - INFO - __main__ -   	EPOCH:  28	MiniBatch:    9
03/05/2021 10:20:14 - INFO - __main__ -   	EPOCH:  28	MiniBatch:   10
03/05/2021 10:20:15 - INFO - __main__ -   	EPOCH:  28	MiniBatch:   11
03/05/2021 10:20:16 - INFO - __main__ -   	EPOCH:  28	MiniBatch:   12
03/05/2021 10:20:17 - INFO - __main__ -   	EPOCH:  28	MiniBatch:   13
03/05/2021 10:20:17 - INFO - __main__ -   	EPOCH:  28	MiniBatch:   14
03/05/2021 10:20:18 - INFO - __main__ -   	EPOCH:  28	MiniBatch:   15
03/05/2021 10:20:19 - INFO - __main__ -   	EPOCH:  28	MiniBatch:   16
03/05/2021 10:20:19 - INFO - __main__ -   	EPOCH:  28	MiniBatch:   17
03/05/2021 10:20:20 - INFO - __main__ -   	EPOCH:  28	MiniBatch:   18
03/05/2021 10:20:21 - INFO - __main__ -   	EPOCH:  28	MiniBatch:   19
03/05/2021 10:20:21 - INFO - __main__ -   	EPOCH:  28	MiniBatch:   20
03/05/2021 10:20:22 - INFO - __main__ -   	Testing dev Minibatch:    0
03/05/2021 10:20:23 - INFO - __main__ -   	Testing dev Minibatch:    1
03/05/2021 10:20:24 - INFO - __main__ -   	Testing dev Minibatch:    2
03/05/2021 10:20:24 - INFO - __main__ -   
============ Predict Tweet Stance ============
Labels 	Prec. 	Recall	F1    	Supp  
Denial 	0.5529	0.8608	0.6734	273
Support	0.6100	0.2990	0.4013	204
Comment	0.5168	0.4010	0.4516	192
Queries	0.4118	0.3182	0.3590	22
MacroF1	0.4713
F1w_avg	0.5214
Acc    	55.0

============ Predict Viral Tweets ============
Labels 	Prec. 	Recall	F1    	Supp  
N_viral	0.8858	0.7577	0.8168	553
Viral  	0.3853	0.6087	0.4719	138
MacroF1	0.6443
F1w_avg	0.7479
Acc    	72.8

03/05/2021 10:20:24 - INFO - __main__ -   	EPOCH:  29	MiniBatch:    0
03/05/2021 10:20:25 - INFO - __main__ -   	EPOCH:  29	MiniBatch:    1
03/05/2021 10:20:25 - INFO - __main__ -   	EPOCH:  29	MiniBatch:    2
03/05/2021 10:20:26 - INFO - __main__ -   	EPOCH:  29	MiniBatch:    3
03/05/2021 10:20:27 - INFO - __main__ -   	EPOCH:  29	MiniBatch:    4
03/05/2021 10:20:27 - INFO - __main__ -   	EPOCH:  29	MiniBatch:    5
03/05/2021 10:20:28 - INFO - __main__ -   	EPOCH:  29	MiniBatch:    6
03/05/2021 10:20:29 - INFO - __main__ -   	EPOCH:  29	MiniBatch:    7
03/05/2021 10:20:30 - INFO - __main__ -   	EPOCH:  29	MiniBatch:    8
03/05/2021 10:20:30 - INFO - __main__ -   	EPOCH:  29	MiniBatch:    9
03/05/2021 10:20:31 - INFO - __main__ -   	EPOCH:  29	MiniBatch:   10
03/05/2021 10:20:32 - INFO - __main__ -   	EPOCH:  29	MiniBatch:   11
03/05/2021 10:20:32 - INFO - __main__ -   	EPOCH:  29	MiniBatch:   12
03/05/2021 10:20:33 - INFO - __main__ -   	EPOCH:  29	MiniBatch:   13
03/05/2021 10:20:34 - INFO - __main__ -   	EPOCH:  29	MiniBatch:   14
03/05/2021 10:20:34 - INFO - __main__ -   	EPOCH:  29	MiniBatch:   15
03/05/2021 10:20:35 - INFO - __main__ -   	EPOCH:  29	MiniBatch:   16
03/05/2021 10:20:36 - INFO - __main__ -   	EPOCH:  29	MiniBatch:   17
03/05/2021 10:20:36 - INFO - __main__ -   	EPOCH:  29	MiniBatch:   18
03/05/2021 10:20:37 - INFO - __main__ -   	EPOCH:  29	MiniBatch:   19
03/05/2021 10:20:38 - INFO - __main__ -   	EPOCH:  29	MiniBatch:   20
03/05/2021 10:20:39 - INFO - __main__ -   	Testing dev Minibatch:    0
03/05/2021 10:20:39 - INFO - __main__ -   	Testing dev Minibatch:    1
03/05/2021 10:20:40 - INFO - __main__ -   	Testing dev Minibatch:    2
03/05/2021 10:20:40 - INFO - __main__ -   
============ Predict Tweet Stance ============
Labels 	Prec. 	Recall	F1    	Supp  
Denial 	0.7131	0.6557	0.6832	273
Support	0.5000	0.6912	0.5802	204
Comment	0.5299	0.3698	0.4356	192
Queries	0.2917	0.3182	0.3043	22
MacroF1	0.5008
F1w_avg	0.5719
Acc    	57.6

============ Predict Viral Tweets ============
Labels 	Prec. 	Recall	F1    	Supp  
N_viral	0.8512	0.8897	0.8700	553
Viral  	0.4602	0.3768	0.4143	138
MacroF1	0.6422
F1w_avg	0.7790
Acc    	78.7

03/05/2021 10:20:41 - INFO - __main__ -   	EPOCH:  30	MiniBatch:    0
03/05/2021 10:20:41 - INFO - __main__ -   	EPOCH:  30	MiniBatch:    1
03/05/2021 10:20:42 - INFO - __main__ -   	EPOCH:  30	MiniBatch:    2
03/05/2021 10:20:43 - INFO - __main__ -   	EPOCH:  30	MiniBatch:    3
03/05/2021 10:20:43 - INFO - __main__ -   	EPOCH:  30	MiniBatch:    4
03/05/2021 10:20:44 - INFO - __main__ -   	EPOCH:  30	MiniBatch:    5
03/05/2021 10:20:45 - INFO - __main__ -   	EPOCH:  30	MiniBatch:    6
03/05/2021 10:20:45 - INFO - __main__ -   	EPOCH:  30	MiniBatch:    7
03/05/2021 10:20:46 - INFO - __main__ -   	EPOCH:  30	MiniBatch:    8
03/05/2021 10:20:47 - INFO - __main__ -   	EPOCH:  30	MiniBatch:    9
03/05/2021 10:20:47 - INFO - __main__ -   	EPOCH:  30	MiniBatch:   10
03/05/2021 10:20:48 - INFO - __main__ -   	EPOCH:  30	MiniBatch:   11
03/05/2021 10:20:49 - INFO - __main__ -   	EPOCH:  30	MiniBatch:   12
03/05/2021 10:20:50 - INFO - __main__ -   	EPOCH:  30	MiniBatch:   13
03/05/2021 10:20:50 - INFO - __main__ -   	EPOCH:  30	MiniBatch:   14
03/05/2021 10:20:51 - INFO - __main__ -   	EPOCH:  30	MiniBatch:   15
03/05/2021 10:20:52 - INFO - __main__ -   	EPOCH:  30	MiniBatch:   16
03/05/2021 10:20:52 - INFO - __main__ -   	EPOCH:  30	MiniBatch:   17
03/05/2021 10:20:53 - INFO - __main__ -   	EPOCH:  30	MiniBatch:   18
03/05/2021 10:20:54 - INFO - __main__ -   	EPOCH:  30	MiniBatch:   19
03/05/2021 10:20:54 - INFO - __main__ -   	EPOCH:  30	MiniBatch:   20
03/05/2021 10:20:55 - INFO - __main__ -   	Testing dev Minibatch:    0
03/05/2021 10:20:56 - INFO - __main__ -   	Testing dev Minibatch:    1
03/05/2021 10:20:56 - INFO - __main__ -   	Testing dev Minibatch:    2
03/05/2021 10:20:57 - INFO - __main__ -   
============ Predict Tweet Stance ============
Labels 	Prec. 	Recall	F1    	Supp  
Denial 	0.6164	0.6593	0.6372	273
Support	0.5975	0.4657	0.5234	204
Comment	0.4585	0.4896	0.4736	192
Queries	0.2571	0.4091	0.3158	22
MacroF1	0.4875
F1w_avg	0.5479
Acc    	54.7

============ Predict Viral Tweets ============
Labels 	Prec. 	Recall	F1    	Supp  
N_viral	0.8508	0.9078	0.8784	553
Viral  	0.4950	0.3623	0.4184	138
MacroF1	0.6484
F1w_avg	0.7865
Acc    	79.9

03/05/2021 10:20:57 - INFO - __main__ -   	EPOCH:  31	MiniBatch:    0
03/05/2021 10:20:58 - INFO - __main__ -   	EPOCH:  31	MiniBatch:    1
03/05/2021 10:20:58 - INFO - __main__ -   	EPOCH:  31	MiniBatch:    2
03/05/2021 10:20:59 - INFO - __main__ -   	EPOCH:  31	MiniBatch:    3
03/05/2021 10:21:00 - INFO - __main__ -   	EPOCH:  31	MiniBatch:    4
03/05/2021 10:21:00 - INFO - __main__ -   	EPOCH:  31	MiniBatch:    5
03/05/2021 10:21:01 - INFO - __main__ -   	EPOCH:  31	MiniBatch:    6
03/05/2021 10:21:02 - INFO - __main__ -   	EPOCH:  31	MiniBatch:    7
03/05/2021 10:21:03 - INFO - __main__ -   	EPOCH:  31	MiniBatch:    8
03/05/2021 10:21:03 - INFO - __main__ -   	EPOCH:  31	MiniBatch:    9
03/05/2021 10:21:04 - INFO - __main__ -   	EPOCH:  31	MiniBatch:   10
03/05/2021 10:21:05 - INFO - __main__ -   	EPOCH:  31	MiniBatch:   11
03/05/2021 10:21:05 - INFO - __main__ -   	EPOCH:  31	MiniBatch:   12
03/05/2021 10:21:06 - INFO - __main__ -   	EPOCH:  31	MiniBatch:   13
03/05/2021 10:21:07 - INFO - __main__ -   	EPOCH:  31	MiniBatch:   14
03/05/2021 10:21:07 - INFO - __main__ -   	EPOCH:  31	MiniBatch:   15
03/05/2021 10:21:08 - INFO - __main__ -   	EPOCH:  31	MiniBatch:   16
03/05/2021 10:21:09 - INFO - __main__ -   	EPOCH:  31	MiniBatch:   17
03/05/2021 10:21:09 - INFO - __main__ -   	EPOCH:  31	MiniBatch:   18
03/05/2021 10:21:10 - INFO - __main__ -   	EPOCH:  31	MiniBatch:   19
03/05/2021 10:21:11 - INFO - __main__ -   	EPOCH:  31	MiniBatch:   20
03/05/2021 10:21:12 - INFO - __main__ -   	Testing dev Minibatch:    0
03/05/2021 10:21:12 - INFO - __main__ -   	Testing dev Minibatch:    1
03/05/2021 10:21:13 - INFO - __main__ -   	Testing dev Minibatch:    2
03/05/2021 10:21:13 - INFO - __main__ -   
============ Predict Tweet Stance ============
Labels 	Prec. 	Recall	F1    	Supp  
Denial 	0.7198	0.6117	0.6614	273
Support	0.6031	0.5735	0.5879	204
Comment	0.4807	0.5833	0.5271	192
Queries	0.2500	0.3636	0.2963	22
MacroF1	0.5182
F1w_avg	0.5908
Acc    	58.5

============ Predict Viral Tweets ============
Labels 	Prec. 	Recall	F1    	Supp  
N_viral	0.8471	0.8915	0.8687	553
Viral  	0.4495	0.3551	0.3968	138
MacroF1	0.6327
F1w_avg	0.7745
Acc    	78.4

03/05/2021 10:21:13 - INFO - __main__ -   	EPOCH:  32	MiniBatch:    0
03/05/2021 10:21:14 - INFO - __main__ -   	EPOCH:  32	MiniBatch:    1
03/05/2021 10:21:15 - INFO - __main__ -   	EPOCH:  32	MiniBatch:    2
03/05/2021 10:21:15 - INFO - __main__ -   	EPOCH:  32	MiniBatch:    3
03/05/2021 10:21:16 - INFO - __main__ -   	EPOCH:  32	MiniBatch:    4
03/05/2021 10:21:17 - INFO - __main__ -   	EPOCH:  32	MiniBatch:    5
03/05/2021 10:21:18 - INFO - __main__ -   	EPOCH:  32	MiniBatch:    6
03/05/2021 10:21:18 - INFO - __main__ -   	EPOCH:  32	MiniBatch:    7
03/05/2021 10:21:19 - INFO - __main__ -   	EPOCH:  32	MiniBatch:    8
03/05/2021 10:21:20 - INFO - __main__ -   	EPOCH:  32	MiniBatch:    9
03/05/2021 10:21:20 - INFO - __main__ -   	EPOCH:  32	MiniBatch:   10
03/05/2021 10:21:21 - INFO - __main__ -   	EPOCH:  32	MiniBatch:   11
03/05/2021 10:21:22 - INFO - __main__ -   	EPOCH:  32	MiniBatch:   12
03/05/2021 10:21:22 - INFO - __main__ -   	EPOCH:  32	MiniBatch:   13
03/05/2021 10:21:23 - INFO - __main__ -   	EPOCH:  32	MiniBatch:   14
03/05/2021 10:21:24 - INFO - __main__ -   	EPOCH:  32	MiniBatch:   15
03/05/2021 10:21:24 - INFO - __main__ -   	EPOCH:  32	MiniBatch:   16
03/05/2021 10:21:25 - INFO - __main__ -   	EPOCH:  32	MiniBatch:   17
03/05/2021 10:21:26 - INFO - __main__ -   	EPOCH:  32	MiniBatch:   18
03/05/2021 10:21:27 - INFO - __main__ -   	EPOCH:  32	MiniBatch:   19
03/05/2021 10:21:27 - INFO - __main__ -   	EPOCH:  32	MiniBatch:   20
03/05/2021 10:21:28 - INFO - __main__ -   	Testing dev Minibatch:    0
03/05/2021 10:21:29 - INFO - __main__ -   	Testing dev Minibatch:    1
03/05/2021 10:21:29 - INFO - __main__ -   	Testing dev Minibatch:    2
03/05/2021 10:21:30 - INFO - __main__ -   
============ Predict Tweet Stance ============
Labels 	Prec. 	Recall	F1    	Supp  
Denial 	0.6342	0.6923	0.6620	273
Support	0.6087	0.4804	0.5370	204
Comment	0.4709	0.5052	0.4874	192
Queries	0.3462	0.4091	0.3750	22
MacroF1	0.5154
F1w_avg	0.5675
Acc    	56.9

============ Predict Viral Tweets ============
Labels 	Prec. 	Recall	F1    	Supp  
N_viral	0.8471	0.8915	0.8687	553
Viral  	0.4495	0.3551	0.3968	138
MacroF1	0.6327
F1w_avg	0.7745
Acc    	78.4

03/05/2021 10:21:30 - INFO - __main__ -   	EPOCH:  33	MiniBatch:    0
03/05/2021 10:21:31 - INFO - __main__ -   	EPOCH:  33	MiniBatch:    1
03/05/2021 10:21:31 - INFO - __main__ -   	EPOCH:  33	MiniBatch:    2
03/05/2021 10:21:32 - INFO - __main__ -   	EPOCH:  33	MiniBatch:    3
03/05/2021 10:21:33 - INFO - __main__ -   	EPOCH:  33	MiniBatch:    4
03/05/2021 10:21:33 - INFO - __main__ -   	EPOCH:  33	MiniBatch:    5
03/05/2021 10:21:34 - INFO - __main__ -   	EPOCH:  33	MiniBatch:    6
03/05/2021 10:21:35 - INFO - __main__ -   	EPOCH:  33	MiniBatch:    7
03/05/2021 10:21:35 - INFO - __main__ -   	EPOCH:  33	MiniBatch:    8
03/05/2021 10:21:36 - INFO - __main__ -   	EPOCH:  33	MiniBatch:    9
03/05/2021 10:21:37 - INFO - __main__ -   	EPOCH:  33	MiniBatch:   10
03/05/2021 10:21:37 - INFO - __main__ -   	EPOCH:  33	MiniBatch:   11
03/05/2021 10:21:38 - INFO - __main__ -   	EPOCH:  33	MiniBatch:   12
03/05/2021 10:21:39 - INFO - __main__ -   	EPOCH:  33	MiniBatch:   13
03/05/2021 10:21:39 - INFO - __main__ -   	EPOCH:  33	MiniBatch:   14
03/05/2021 10:21:40 - INFO - __main__ -   	EPOCH:  33	MiniBatch:   15
03/05/2021 10:21:41 - INFO - __main__ -   	EPOCH:  33	MiniBatch:   16
03/05/2021 10:21:42 - INFO - __main__ -   	EPOCH:  33	MiniBatch:   17
03/05/2021 10:21:42 - INFO - __main__ -   	EPOCH:  33	MiniBatch:   18
03/05/2021 10:21:43 - INFO - __main__ -   	EPOCH:  33	MiniBatch:   19
03/05/2021 10:21:44 - INFO - __main__ -   	EPOCH:  33	MiniBatch:   20
03/05/2021 10:21:44 - INFO - __main__ -   	Testing dev Minibatch:    0
03/05/2021 10:21:45 - INFO - __main__ -   	Testing dev Minibatch:    1
03/05/2021 10:21:46 - INFO - __main__ -   	Testing dev Minibatch:    2
03/05/2021 10:21:46 - INFO - __main__ -   
============ Predict Tweet Stance ============
Labels 	Prec. 	Recall	F1    	Supp  
Denial 	0.6436	0.6813	0.6619	273
Support	0.5521	0.5196	0.5354	204
Comment	0.4831	0.4479	0.4649	192
Queries	0.3438	0.5000	0.4074	22
MacroF1	0.5174
F1w_avg	0.5617
Acc    	56.3

============ Predict Viral Tweets ============
Labels 	Prec. 	Recall	F1    	Supp  
N_viral	0.8456	0.9114	0.8773	553
Viral  	0.4842	0.3333	0.3948	138
MacroF1	0.6361
F1w_avg	0.7809
Acc    	79.6

03/05/2021 10:21:46 - INFO - __main__ -   	EPOCH:  34	MiniBatch:    0
03/05/2021 10:21:47 - INFO - __main__ -   	EPOCH:  34	MiniBatch:    1
03/05/2021 10:21:48 - INFO - __main__ -   	EPOCH:  34	MiniBatch:    2
03/05/2021 10:21:48 - INFO - __main__ -   	EPOCH:  34	MiniBatch:    3
03/05/2021 10:21:49 - INFO - __main__ -   	EPOCH:  34	MiniBatch:    4
03/05/2021 10:21:50 - INFO - __main__ -   	EPOCH:  34	MiniBatch:    5
03/05/2021 10:21:50 - INFO - __main__ -   	EPOCH:  34	MiniBatch:    6
03/05/2021 10:21:51 - INFO - __main__ -   	EPOCH:  34	MiniBatch:    7
03/05/2021 10:21:52 - INFO - __main__ -   	EPOCH:  34	MiniBatch:    8
03/05/2021 10:21:52 - INFO - __main__ -   	EPOCH:  34	MiniBatch:    9
03/05/2021 10:21:53 - INFO - __main__ -   	EPOCH:  34	MiniBatch:   10
03/05/2021 10:21:54 - INFO - __main__ -   	EPOCH:  34	MiniBatch:   11
03/05/2021 10:21:55 - INFO - __main__ -   	EPOCH:  34	MiniBatch:   12
03/05/2021 10:21:55 - INFO - __main__ -   	EPOCH:  34	MiniBatch:   13
03/05/2021 10:21:56 - INFO - __main__ -   	EPOCH:  34	MiniBatch:   14
03/05/2021 10:21:57 - INFO - __main__ -   	EPOCH:  34	MiniBatch:   15
03/05/2021 10:21:57 - INFO - __main__ -   	EPOCH:  34	MiniBatch:   16
03/05/2021 10:21:58 - INFO - __main__ -   	EPOCH:  34	MiniBatch:   17
03/05/2021 10:21:59 - INFO - __main__ -   	EPOCH:  34	MiniBatch:   18
03/05/2021 10:21:59 - INFO - __main__ -   	EPOCH:  34	MiniBatch:   19
03/05/2021 10:22:00 - INFO - __main__ -   	EPOCH:  34	MiniBatch:   20
03/05/2021 10:22:01 - INFO - __main__ -   	Testing dev Minibatch:    0
03/05/2021 10:22:02 - INFO - __main__ -   	Testing dev Minibatch:    1
03/05/2021 10:22:02 - INFO - __main__ -   	Testing dev Minibatch:    2
03/05/2021 10:22:03 - INFO - __main__ -   
============ Predict Tweet Stance ============
Labels 	Prec. 	Recall	F1    	Supp  
Denial 	0.6431	0.6996	0.6702	273
Support	0.5434	0.5833	0.5626	204
Comment	0.5064	0.4115	0.4540	192
Queries	0.3684	0.3182	0.3415	22
MacroF1	0.5071
F1w_avg	0.5679
Acc    	57.3

============ Predict Viral Tweets ============
Labels 	Prec. 	Recall	F1    	Supp  
N_viral	0.8472	0.9024	0.8739	553
Viral  	0.4706	0.3478	0.4000	138
MacroF1	0.6370
F1w_avg	0.7793
Acc    	79.2

03/05/2021 10:22:03 - INFO - __main__ -   	EPOCH:  35	MiniBatch:    0
03/05/2021 10:22:03 - INFO - __main__ -   	EPOCH:  35	MiniBatch:    1
03/05/2021 10:22:04 - INFO - __main__ -   	EPOCH:  35	MiniBatch:    2
03/05/2021 10:22:05 - INFO - __main__ -   	EPOCH:  35	MiniBatch:    3
03/05/2021 10:22:06 - INFO - __main__ -   	EPOCH:  35	MiniBatch:    4
03/05/2021 10:22:06 - INFO - __main__ -   	EPOCH:  35	MiniBatch:    5
03/05/2021 10:22:07 - INFO - __main__ -   	EPOCH:  35	MiniBatch:    6
03/05/2021 10:22:08 - INFO - __main__ -   	EPOCH:  35	MiniBatch:    7
03/05/2021 10:22:08 - INFO - __main__ -   	EPOCH:  35	MiniBatch:    8
03/05/2021 10:22:09 - INFO - __main__ -   	EPOCH:  35	MiniBatch:    9
03/05/2021 10:22:10 - INFO - __main__ -   	EPOCH:  35	MiniBatch:   10
03/05/2021 10:22:10 - INFO - __main__ -   	EPOCH:  35	MiniBatch:   11
03/05/2021 10:22:11 - INFO - __main__ -   	EPOCH:  35	MiniBatch:   12
03/05/2021 10:22:12 - INFO - __main__ -   	EPOCH:  35	MiniBatch:   13
03/05/2021 10:22:12 - INFO - __main__ -   	EPOCH:  35	MiniBatch:   14
03/05/2021 10:22:13 - INFO - __main__ -   	EPOCH:  35	MiniBatch:   15
03/05/2021 10:22:14 - INFO - __main__ -   	EPOCH:  35	MiniBatch:   16
03/05/2021 10:22:15 - INFO - __main__ -   	EPOCH:  35	MiniBatch:   17
03/05/2021 10:22:15 - INFO - __main__ -   	EPOCH:  35	MiniBatch:   18
03/05/2021 10:22:16 - INFO - __main__ -   	EPOCH:  35	MiniBatch:   19
03/05/2021 10:22:17 - INFO - __main__ -   	EPOCH:  35	MiniBatch:   20
03/05/2021 10:22:17 - INFO - __main__ -   	Testing dev Minibatch:    0
03/05/2021 10:22:18 - INFO - __main__ -   	Testing dev Minibatch:    1
03/05/2021 10:22:19 - INFO - __main__ -   	Testing dev Minibatch:    2
03/05/2021 10:22:19 - INFO - __main__ -   
============ Predict Tweet Stance ============
Labels 	Prec. 	Recall	F1    	Supp  
Denial 	0.6642	0.6520	0.6580	273
Support	0.5860	0.5343	0.5590	204
Comment	0.4931	0.5573	0.5232	192
Queries	0.3500	0.3182	0.3333	22
MacroF1	0.5184
F1w_avg	0.5810
Acc    	58.0

============ Predict Viral Tweets ============
Labels 	Prec. 	Recall	F1    	Supp  
N_viral	0.8515	0.9024	0.8762	553
Viral  	0.4857	0.3696	0.4198	138
MacroF1	0.6480
F1w_avg	0.7850
Acc    	79.6

03/05/2021 10:22:19 - INFO - __main__ -   	EPOCH:  36	MiniBatch:    0
03/05/2021 10:22:20 - INFO - __main__ -   	EPOCH:  36	MiniBatch:    1
03/05/2021 10:22:21 - INFO - __main__ -   	EPOCH:  36	MiniBatch:    2
03/05/2021 10:22:21 - INFO - __main__ -   	EPOCH:  36	MiniBatch:    3
03/05/2021 10:22:22 - INFO - __main__ -   	EPOCH:  36	MiniBatch:    4
03/05/2021 10:22:23 - INFO - __main__ -   	EPOCH:  36	MiniBatch:    5
03/05/2021 10:22:23 - INFO - __main__ -   	EPOCH:  36	MiniBatch:    6
03/05/2021 10:22:24 - INFO - __main__ -   	EPOCH:  36	MiniBatch:    7
03/05/2021 10:22:25 - INFO - __main__ -   	EPOCH:  36	MiniBatch:    8
03/05/2021 10:22:25 - INFO - __main__ -   	EPOCH:  36	MiniBatch:    9
03/05/2021 10:22:26 - INFO - __main__ -   	EPOCH:  36	MiniBatch:   10
03/05/2021 10:22:27 - INFO - __main__ -   	EPOCH:  36	MiniBatch:   11
03/05/2021 10:22:28 - INFO - __main__ -   	EPOCH:  36	MiniBatch:   12
03/05/2021 10:22:28 - INFO - __main__ -   	EPOCH:  36	MiniBatch:   13
03/05/2021 10:22:29 - INFO - __main__ -   	EPOCH:  36	MiniBatch:   14
03/05/2021 10:22:30 - INFO - __main__ -   	EPOCH:  36	MiniBatch:   15
03/05/2021 10:22:30 - INFO - __main__ -   	EPOCH:  36	MiniBatch:   16
03/05/2021 10:22:31 - INFO - __main__ -   	EPOCH:  36	MiniBatch:   17
03/05/2021 10:22:32 - INFO - __main__ -   	EPOCH:  36	MiniBatch:   18
03/05/2021 10:22:32 - INFO - __main__ -   	EPOCH:  36	MiniBatch:   19
03/05/2021 10:22:33 - INFO - __main__ -   	EPOCH:  36	MiniBatch:   20
03/05/2021 10:22:34 - INFO - __main__ -   	Testing dev Minibatch:    0
03/05/2021 10:22:35 - INFO - __main__ -   	Testing dev Minibatch:    1
03/05/2021 10:22:35 - INFO - __main__ -   	Testing dev Minibatch:    2
03/05/2021 10:22:35 - INFO - __main__ -   
============ Predict Tweet Stance ============
Labels 	Prec. 	Recall	F1    	Supp  
Denial 	0.6462	0.6557	0.6509	273
Support	0.5691	0.5049	0.5351	204
Comment	0.4755	0.5052	0.4899	192
Queries	0.2759	0.3636	0.3137	22
MacroF1	0.4974
F1w_avg	0.5612
Acc    	56.0

============ Predict Viral Tweets ============
Labels 	Prec. 	Recall	F1    	Supp  
N_viral	0.8440	0.9096	0.8755	553
Viral  	0.4737	0.3261	0.3863	138
MacroF1	0.6309
F1w_avg	0.7778
Acc    	79.3

03/05/2021 10:22:35 - INFO - __main__ -   No improvements in F1 for 20 epochs
03/05/2021 10:22:38 - INFO - __main__ -   	Testing test Minibatch:    0
03/05/2021 10:22:38 - INFO - __main__ -   	Testing test Minibatch:    1
03/05/2021 10:22:39 - INFO - __main__ -   	Testing test Minibatch:    2
03/05/2021 10:22:39 - INFO - __main__ -   
============ Predict Tweet Stance ============
Labels 	Prec. 	Recall	F1    	Supp  
Denial 	0.6766	0.7054	0.6907	258
Support	0.5667	0.5312	0.5484	224
Comment	0.5000	0.5134	0.5066	187
Queries	0.5238	0.4783	0.5000	23
MacroF1	0.5614
F1w_avg	0.5885
Acc    	59.0

============ Predict Viral Tweets ============
Labels 	Prec. 	Recall	F1    	Supp  
N_viral	0.8816	0.8481	0.8645	553
Viral  	0.4750	0.5468	0.5084	139
MacroF1	0.6864
F1w_avg	0.7930
Acc    	78.8

03/05/2021 10:22:39 - INFO - __main__ -   Time taken: 0h 10m 32s
