03/05/2021 10:37:28 - INFO - __main__ -   ----------------- Hyperparameters ------------------
03/05/2021 10:37:28 - INFO - __main__ -   ======== mtt_Bertweet =========
03/05/2021 10:37:28 - INFO - __main__ -   ===== Hyperparameters ======
03/05/2021 10:37:28 - INFO - __main__ -   ('batch_train', 100)
03/05/2021 10:37:28 - INFO - __main__ -   ('batch_test', 300)
03/05/2021 10:37:28 - INFO - __main__ -   ('epochs', 200)
03/05/2021 10:37:28 - INFO - __main__ -   ('learning_rate', 4e-05)
03/05/2021 10:37:28 - INFO - __main__ -   ('optimizer', 'adam')
03/05/2021 10:37:28 - INFO - __main__ -   ('do_train', True)
03/05/2021 10:37:28 - INFO - __main__ -   ('do_test', True)
03/05/2021 10:37:28 - INFO - __main__ -   ('model_name', 'mtt_Bertweet')
03/05/2021 10:37:28 - INFO - __main__ -   ('exp_name', 'exp9')
03/05/2021 10:37:28 - INFO - __main__ -   ('train_data', './data/train_set_128_w_length_bertweet.bin')
03/05/2021 10:37:28 - INFO - __main__ -   ('test_data', './data/test_set_128_w_length_bertweet.bin')
03/05/2021 10:37:28 - INFO - __main__ -   ('k_folds', 4)
03/05/2021 10:37:28 - INFO - __main__ -   ('folds2run', 1)
03/05/2021 10:37:28 - INFO - __main__ -   ('debug', False)
03/05/2021 10:37:28 - INFO - __main__ -   ('log_interval', 1)
03/05/2021 10:37:28 - INFO - __main__ -   ('loss_fn', 'ce_loss')
03/05/2021 10:37:28 - INFO - __main__ -   ('w_sample', True)
03/05/2021 10:37:28 - INFO - __main__ -   ('pretrain_model', '')
03/05/2021 10:37:28 - INFO - __main__ -   ('epochs2giveup', 20)
03/05/2021 10:37:28 - INFO - __main__ -   ('dropout', 0.1)
03/05/2021 10:37:28 - INFO - __main__ -   ('viral_attr', 'likes')
03/05/2021 10:37:28 - INFO - __main__ -   ('viral_threshold', 80.0)
03/05/2021 10:37:28 - INFO - __main__ -   ('weight_attr', 'viral')
03/05/2021 10:37:28 - INFO - __main__ -   ('task', 'viral')
03/05/2021 10:37:28 - INFO - __main__ -   ('mtt_weight', 1.0)
03/05/2021 10:37:28 - INFO - __main__ -   ------------------ Getting model -------------------
03/05/2021 10:37:34 - INFO - __main__ -   --------------- Getting dataframes -----------------
03/05/2021 10:37:35 - INFO - __main__ -   ------- Setting loss function and optimizer --------
03/05/2021 10:37:35 - INFO - __main__ -   ------------ Converting to dataloaders -------------
03/05/2021 10:37:35 - INFO - __main__ -   class:    0 	count: 1660
03/05/2021 10:37:35 - INFO - __main__ -   class:    1 	count:  415
03/05/2021 10:37:35 - INFO - __main__ -   ---------------- Starting training -----------------
03/05/2021 10:37:35 - INFO - __main__ -   	EPOCH:   0	MiniBatch:    0
03/05/2021 10:37:36 - INFO - __main__ -   	EPOCH:   0	MiniBatch:    1
03/05/2021 10:37:36 - INFO - __main__ -   	EPOCH:   0	MiniBatch:    2
03/05/2021 10:37:37 - INFO - __main__ -   	EPOCH:   0	MiniBatch:    3
03/05/2021 10:37:38 - INFO - __main__ -   	EPOCH:   0	MiniBatch:    4
03/05/2021 10:37:38 - INFO - __main__ -   	EPOCH:   0	MiniBatch:    5
03/05/2021 10:37:39 - INFO - __main__ -   	EPOCH:   0	MiniBatch:    6
03/05/2021 10:37:40 - INFO - __main__ -   	EPOCH:   0	MiniBatch:    7
03/05/2021 10:37:40 - INFO - __main__ -   	EPOCH:   0	MiniBatch:    8
03/05/2021 10:37:41 - INFO - __main__ -   	EPOCH:   0	MiniBatch:    9
03/05/2021 10:37:42 - INFO - __main__ -   	EPOCH:   0	MiniBatch:   10
03/05/2021 10:37:42 - INFO - __main__ -   	EPOCH:   0	MiniBatch:   11
03/05/2021 10:37:43 - INFO - __main__ -   	EPOCH:   0	MiniBatch:   12
03/05/2021 10:37:44 - INFO - __main__ -   	EPOCH:   0	MiniBatch:   13
03/05/2021 10:37:45 - INFO - __main__ -   	EPOCH:   0	MiniBatch:   14
03/05/2021 10:37:45 - INFO - __main__ -   	EPOCH:   0	MiniBatch:   15
03/05/2021 10:37:46 - INFO - __main__ -   	EPOCH:   0	MiniBatch:   16
03/05/2021 10:37:47 - INFO - __main__ -   	EPOCH:   0	MiniBatch:   17
03/05/2021 10:37:47 - INFO - __main__ -   	EPOCH:   0	MiniBatch:   18
03/05/2021 10:37:48 - INFO - __main__ -   	EPOCH:   0	MiniBatch:   19
03/05/2021 10:37:49 - INFO - __main__ -   	EPOCH:   0	MiniBatch:   20
03/05/2021 10:37:49 - INFO - __main__ -   	Testing dev Minibatch:    0
03/05/2021 10:37:50 - INFO - __main__ -   	Testing dev Minibatch:    1
03/05/2021 10:37:51 - INFO - __main__ -   	Testing dev Minibatch:    2
03/05/2021 10:37:51 - INFO - __main__ -   
============ Predict Tweet Stance ============
Labels 	Prec. 	Recall	F1    	Supp  
Denial 	0.3725	0.7656	0.5012	273
Support	0.4000	0.0196	0.0374	204
Comment	0.1125	0.0469	0.0662	192
Queries	0.0250	0.0455	0.0323	22
MacroF1	0.1593
F1w_avg	0.2285
Acc    	32.3

============ Predict Viral Tweets ============
Labels 	Prec. 	Recall	F1    	Supp  
N_viral	0.8457	0.8626	0.8541	553
Viral  	0.4016	0.3696	0.3849	138
MacroF1	0.6195
F1w_avg	0.7604
Acc    	76.4

03/05/2021 10:37:51 - INFO - __main__ -   Best results so far. Saving model...
03/05/2021 10:37:53 - INFO - __main__ -   	EPOCH:   1	MiniBatch:    0
03/05/2021 10:37:53 - INFO - __main__ -   	EPOCH:   1	MiniBatch:    1
03/05/2021 10:37:54 - INFO - __main__ -   	EPOCH:   1	MiniBatch:    2
03/05/2021 10:37:55 - INFO - __main__ -   	EPOCH:   1	MiniBatch:    3
03/05/2021 10:37:56 - INFO - __main__ -   	EPOCH:   1	MiniBatch:    4
03/05/2021 10:37:56 - INFO - __main__ -   	EPOCH:   1	MiniBatch:    5
03/05/2021 10:37:57 - INFO - __main__ -   	EPOCH:   1	MiniBatch:    6
03/05/2021 10:37:58 - INFO - __main__ -   	EPOCH:   1	MiniBatch:    7
03/05/2021 10:37:58 - INFO - __main__ -   	EPOCH:   1	MiniBatch:    8
03/05/2021 10:37:59 - INFO - __main__ -   	EPOCH:   1	MiniBatch:    9
03/05/2021 10:38:00 - INFO - __main__ -   	EPOCH:   1	MiniBatch:   10
03/05/2021 10:38:00 - INFO - __main__ -   	EPOCH:   1	MiniBatch:   11
03/05/2021 10:38:01 - INFO - __main__ -   	EPOCH:   1	MiniBatch:   12
03/05/2021 10:38:02 - INFO - __main__ -   	EPOCH:   1	MiniBatch:   13
03/05/2021 10:38:02 - INFO - __main__ -   	EPOCH:   1	MiniBatch:   14
03/05/2021 10:38:03 - INFO - __main__ -   	EPOCH:   1	MiniBatch:   15
03/05/2021 10:38:04 - INFO - __main__ -   	EPOCH:   1	MiniBatch:   16
03/05/2021 10:38:05 - INFO - __main__ -   	EPOCH:   1	MiniBatch:   17
03/05/2021 10:38:05 - INFO - __main__ -   	EPOCH:   1	MiniBatch:   18
03/05/2021 10:38:06 - INFO - __main__ -   	EPOCH:   1	MiniBatch:   19
03/05/2021 10:38:07 - INFO - __main__ -   	EPOCH:   1	MiniBatch:   20
03/05/2021 10:38:07 - INFO - __main__ -   	Testing dev Minibatch:    0
03/05/2021 10:38:08 - INFO - __main__ -   	Testing dev Minibatch:    1
03/05/2021 10:38:09 - INFO - __main__ -   	Testing dev Minibatch:    2
03/05/2021 10:38:09 - INFO - __main__ -   
============ Predict Tweet Stance ============
Labels 	Prec. 	Recall	F1    	Supp  
Denial 	0.3788	0.6813	0.4869	273
Support	0.0000	0.0000	0.0000	204
Comment	0.2105	0.0208	0.0379	192
Queries	0.0335	0.2727	0.0597	22
MacroF1	0.1461
F1w_avg	0.2048
Acc    	28.4

============ Predict Viral Tweets ============
Labels 	Prec. 	Recall	F1    	Supp  
N_viral	0.8875	0.7703	0.8248	553
Viral  	0.3981	0.6087	0.4814	138
MacroF1	0.6531
F1w_avg	0.7562
Acc    	73.8

03/05/2021 10:38:09 - INFO - __main__ -   Best results so far. Saving model...
03/05/2021 10:38:11 - INFO - __main__ -   	EPOCH:   2	MiniBatch:    0
03/05/2021 10:38:12 - INFO - __main__ -   	EPOCH:   2	MiniBatch:    1
03/05/2021 10:38:13 - INFO - __main__ -   	EPOCH:   2	MiniBatch:    2
03/05/2021 10:38:13 - INFO - __main__ -   	EPOCH:   2	MiniBatch:    3
03/05/2021 10:38:14 - INFO - __main__ -   	EPOCH:   2	MiniBatch:    4
03/05/2021 10:38:15 - INFO - __main__ -   	EPOCH:   2	MiniBatch:    5
03/05/2021 10:38:15 - INFO - __main__ -   	EPOCH:   2	MiniBatch:    6
03/05/2021 10:38:16 - INFO - __main__ -   	EPOCH:   2	MiniBatch:    7
03/05/2021 10:38:17 - INFO - __main__ -   	EPOCH:   2	MiniBatch:    8
03/05/2021 10:38:17 - INFO - __main__ -   	EPOCH:   2	MiniBatch:    9
03/05/2021 10:38:18 - INFO - __main__ -   	EPOCH:   2	MiniBatch:   10
03/05/2021 10:38:19 - INFO - __main__ -   	EPOCH:   2	MiniBatch:   11
03/05/2021 10:38:19 - INFO - __main__ -   	EPOCH:   2	MiniBatch:   12
03/05/2021 10:38:20 - INFO - __main__ -   	EPOCH:   2	MiniBatch:   13
03/05/2021 10:38:21 - INFO - __main__ -   	EPOCH:   2	MiniBatch:   14
03/05/2021 10:38:22 - INFO - __main__ -   	EPOCH:   2	MiniBatch:   15
03/05/2021 10:38:22 - INFO - __main__ -   	EPOCH:   2	MiniBatch:   16
03/05/2021 10:38:23 - INFO - __main__ -   	EPOCH:   2	MiniBatch:   17
03/05/2021 10:38:24 - INFO - __main__ -   	EPOCH:   2	MiniBatch:   18
03/05/2021 10:38:24 - INFO - __main__ -   	EPOCH:   2	MiniBatch:   19
03/05/2021 10:38:25 - INFO - __main__ -   	EPOCH:   2	MiniBatch:   20
03/05/2021 10:38:26 - INFO - __main__ -   	Testing dev Minibatch:    0
03/05/2021 10:38:26 - INFO - __main__ -   	Testing dev Minibatch:    1
03/05/2021 10:38:27 - INFO - __main__ -   	Testing dev Minibatch:    2
03/05/2021 10:38:27 - INFO - __main__ -   
============ Predict Tweet Stance ============
Labels 	Prec. 	Recall	F1    	Supp  
Denial 	0.3690	0.6190	0.4624	273
Support	0.1250	0.0049	0.0094	204
Comment	0.2093	0.0469	0.0766	192
Queries	0.0330	0.2727	0.0588	22
MacroF1	0.1518
F1w_avg	0.2086
Acc    	26.8

============ Predict Viral Tweets ============
Labels 	Prec. 	Recall	F1    	Supp  
N_viral	0.8896	0.7288	0.8012	553
Viral  	0.3697	0.6377	0.4681	138
MacroF1	0.6346
F1w_avg	0.7347
Acc    	71.1

03/05/2021 10:38:28 - INFO - __main__ -   	EPOCH:   3	MiniBatch:    0
03/05/2021 10:38:28 - INFO - __main__ -   	EPOCH:   3	MiniBatch:    1
03/05/2021 10:38:29 - INFO - __main__ -   	EPOCH:   3	MiniBatch:    2
03/05/2021 10:38:30 - INFO - __main__ -   	EPOCH:   3	MiniBatch:    3
03/05/2021 10:38:30 - INFO - __main__ -   	EPOCH:   3	MiniBatch:    4
03/05/2021 10:38:31 - INFO - __main__ -   	EPOCH:   3	MiniBatch:    5
03/05/2021 10:38:32 - INFO - __main__ -   	EPOCH:   3	MiniBatch:    6
03/05/2021 10:38:32 - INFO - __main__ -   	EPOCH:   3	MiniBatch:    7
03/05/2021 10:38:33 - INFO - __main__ -   	EPOCH:   3	MiniBatch:    8
03/05/2021 10:38:34 - INFO - __main__ -   	EPOCH:   3	MiniBatch:    9
03/05/2021 10:38:34 - INFO - __main__ -   	EPOCH:   3	MiniBatch:   10
03/05/2021 10:38:35 - INFO - __main__ -   	EPOCH:   3	MiniBatch:   11
03/05/2021 10:38:36 - INFO - __main__ -   	EPOCH:   3	MiniBatch:   12
03/05/2021 10:38:37 - INFO - __main__ -   	EPOCH:   3	MiniBatch:   13
03/05/2021 10:38:37 - INFO - __main__ -   	EPOCH:   3	MiniBatch:   14
03/05/2021 10:38:38 - INFO - __main__ -   	EPOCH:   3	MiniBatch:   15
03/05/2021 10:38:39 - INFO - __main__ -   	EPOCH:   3	MiniBatch:   16
03/05/2021 10:38:39 - INFO - __main__ -   	EPOCH:   3	MiniBatch:   17
03/05/2021 10:38:40 - INFO - __main__ -   	EPOCH:   3	MiniBatch:   18
03/05/2021 10:38:41 - INFO - __main__ -   	EPOCH:   3	MiniBatch:   19
03/05/2021 10:38:41 - INFO - __main__ -   	EPOCH:   3	MiniBatch:   20
03/05/2021 10:38:42 - INFO - __main__ -   	Testing dev Minibatch:    0
03/05/2021 10:38:43 - INFO - __main__ -   	Testing dev Minibatch:    1
03/05/2021 10:38:44 - INFO - __main__ -   	Testing dev Minibatch:    2
03/05/2021 10:38:44 - INFO - __main__ -   
============ Predict Tweet Stance ============
Labels 	Prec. 	Recall	F1    	Supp  
Denial 	0.3910	0.7619	0.5168	273
Support	0.2500	0.0049	0.0096	204
Comment	0.2029	0.0729	0.1073	192
Queries	0.0349	0.1364	0.0556	22
MacroF1	0.1723
F1w_avg	0.2386
Acc    	32.7

============ Predict Viral Tweets ============
Labels 	Prec. 	Recall	F1    	Supp  
N_viral	0.8627	0.8861	0.8742	553
Viral  	0.4878	0.4348	0.4598	138
MacroF1	0.6670
F1w_avg	0.7914
Acc    	79.6

03/05/2021 10:38:44 - INFO - __main__ -   Best results so far. Saving model...
03/05/2021 10:38:48 - INFO - __main__ -   	EPOCH:   4	MiniBatch:    0
03/05/2021 10:38:49 - INFO - __main__ -   	EPOCH:   4	MiniBatch:    1
03/05/2021 10:38:49 - INFO - __main__ -   	EPOCH:   4	MiniBatch:    2
03/05/2021 10:38:50 - INFO - __main__ -   	EPOCH:   4	MiniBatch:    3
03/05/2021 10:38:51 - INFO - __main__ -   	EPOCH:   4	MiniBatch:    4
03/05/2021 10:38:52 - INFO - __main__ -   	EPOCH:   4	MiniBatch:    5
03/05/2021 10:38:52 - INFO - __main__ -   	EPOCH:   4	MiniBatch:    6
03/05/2021 10:38:53 - INFO - __main__ -   	EPOCH:   4	MiniBatch:    7
03/05/2021 10:38:54 - INFO - __main__ -   	EPOCH:   4	MiniBatch:    8
03/05/2021 10:38:54 - INFO - __main__ -   	EPOCH:   4	MiniBatch:    9
03/05/2021 10:38:55 - INFO - __main__ -   	EPOCH:   4	MiniBatch:   10
03/05/2021 10:38:56 - INFO - __main__ -   	EPOCH:   4	MiniBatch:   11
03/05/2021 10:38:56 - INFO - __main__ -   	EPOCH:   4	MiniBatch:   12
03/05/2021 10:38:57 - INFO - __main__ -   	EPOCH:   4	MiniBatch:   13
03/05/2021 10:38:58 - INFO - __main__ -   	EPOCH:   4	MiniBatch:   14
03/05/2021 10:38:58 - INFO - __main__ -   	EPOCH:   4	MiniBatch:   15
03/05/2021 10:38:59 - INFO - __main__ -   	EPOCH:   4	MiniBatch:   16
03/05/2021 10:39:00 - INFO - __main__ -   	EPOCH:   4	MiniBatch:   17
03/05/2021 10:39:01 - INFO - __main__ -   	EPOCH:   4	MiniBatch:   18
03/05/2021 10:39:01 - INFO - __main__ -   	EPOCH:   4	MiniBatch:   19
03/05/2021 10:39:02 - INFO - __main__ -   	EPOCH:   4	MiniBatch:   20
03/05/2021 10:39:03 - INFO - __main__ -   	Testing dev Minibatch:    0
03/05/2021 10:39:03 - INFO - __main__ -   	Testing dev Minibatch:    1
03/05/2021 10:39:04 - INFO - __main__ -   	Testing dev Minibatch:    2
03/05/2021 10:39:04 - INFO - __main__ -   
============ Predict Tweet Stance ============
Labels 	Prec. 	Recall	F1    	Supp  
Denial 	0.3801	0.5751	0.4577	273
Support	0.1250	0.0147	0.0263	204
Comment	0.2923	0.1979	0.2360	192
Queries	0.0242	0.1364	0.0411	22
MacroF1	0.1903
F1w_avg	0.2555
Acc    	29.1

============ Predict Viral Tweets ============
Labels 	Prec. 	Recall	F1    	Supp  
N_viral	0.8779	0.8192	0.8475	553
Viral  	0.4286	0.5435	0.4792	138
MacroF1	0.6634
F1w_avg	0.7740
Acc    	76.4

03/05/2021 10:39:04 - INFO - __main__ -   	EPOCH:   5	MiniBatch:    0
03/05/2021 10:39:05 - INFO - __main__ -   	EPOCH:   5	MiniBatch:    1
03/05/2021 10:39:06 - INFO - __main__ -   	EPOCH:   5	MiniBatch:    2
03/05/2021 10:39:06 - INFO - __main__ -   	EPOCH:   5	MiniBatch:    3
03/05/2021 10:39:07 - INFO - __main__ -   	EPOCH:   5	MiniBatch:    4
03/05/2021 10:39:08 - INFO - __main__ -   	EPOCH:   5	MiniBatch:    5
03/05/2021 10:39:09 - INFO - __main__ -   	EPOCH:   5	MiniBatch:    6
03/05/2021 10:39:09 - INFO - __main__ -   	EPOCH:   5	MiniBatch:    7
03/05/2021 10:39:10 - INFO - __main__ -   	EPOCH:   5	MiniBatch:    8
03/05/2021 10:39:11 - INFO - __main__ -   	EPOCH:   5	MiniBatch:    9
03/05/2021 10:39:11 - INFO - __main__ -   	EPOCH:   5	MiniBatch:   10
03/05/2021 10:39:12 - INFO - __main__ -   	EPOCH:   5	MiniBatch:   11
03/05/2021 10:39:13 - INFO - __main__ -   	EPOCH:   5	MiniBatch:   12
03/05/2021 10:39:13 - INFO - __main__ -   	EPOCH:   5	MiniBatch:   13
03/05/2021 10:39:14 - INFO - __main__ -   	EPOCH:   5	MiniBatch:   14
03/05/2021 10:39:15 - INFO - __main__ -   	EPOCH:   5	MiniBatch:   15
03/05/2021 10:39:15 - INFO - __main__ -   	EPOCH:   5	MiniBatch:   16
03/05/2021 10:39:16 - INFO - __main__ -   	EPOCH:   5	MiniBatch:   17
03/05/2021 10:39:17 - INFO - __main__ -   	EPOCH:   5	MiniBatch:   18
03/05/2021 10:39:18 - INFO - __main__ -   	EPOCH:   5	MiniBatch:   19
03/05/2021 10:39:18 - INFO - __main__ -   	EPOCH:   5	MiniBatch:   20
03/05/2021 10:39:19 - INFO - __main__ -   	Testing dev Minibatch:    0
03/05/2021 10:39:20 - INFO - __main__ -   	Testing dev Minibatch:    1
03/05/2021 10:39:20 - INFO - __main__ -   	Testing dev Minibatch:    2
03/05/2021 10:39:21 - INFO - __main__ -   
============ Predict Tweet Stance ============
Labels 	Prec. 	Recall	F1    	Supp  
Denial 	0.3955	0.8462	0.5391	273
Support	0.1818	0.0098	0.0186	204
Comment	0.2000	0.0156	0.0290	192
Queries	0.0247	0.0909	0.0388	22
MacroF1	0.1564
F1w_avg	0.2278
Acc    	34.4

============ Predict Viral Tweets ============
Labels 	Prec. 	Recall	F1    	Supp  
N_viral	0.8554	0.8879	0.8713	553
Viral  	0.4701	0.3986	0.4314	138
MacroF1	0.6514
F1w_avg	0.7835
Acc    	79.0

03/05/2021 10:39:21 - INFO - __main__ -   	EPOCH:   6	MiniBatch:    0
03/05/2021 10:39:21 - INFO - __main__ -   	EPOCH:   6	MiniBatch:    1
03/05/2021 10:39:22 - INFO - __main__ -   	EPOCH:   6	MiniBatch:    2
03/05/2021 10:39:23 - INFO - __main__ -   	EPOCH:   6	MiniBatch:    3
03/05/2021 10:39:24 - INFO - __main__ -   	EPOCH:   6	MiniBatch:    4
03/05/2021 10:39:24 - INFO - __main__ -   	EPOCH:   6	MiniBatch:    5
03/05/2021 10:39:25 - INFO - __main__ -   	EPOCH:   6	MiniBatch:    6
03/05/2021 10:39:26 - INFO - __main__ -   	EPOCH:   6	MiniBatch:    7
03/05/2021 10:39:26 - INFO - __main__ -   	EPOCH:   6	MiniBatch:    8
03/05/2021 10:39:27 - INFO - __main__ -   	EPOCH:   6	MiniBatch:    9
03/05/2021 10:39:28 - INFO - __main__ -   	EPOCH:   6	MiniBatch:   10
03/05/2021 10:39:28 - INFO - __main__ -   	EPOCH:   6	MiniBatch:   11
03/05/2021 10:39:29 - INFO - __main__ -   	EPOCH:   6	MiniBatch:   12
03/05/2021 10:39:30 - INFO - __main__ -   	EPOCH:   6	MiniBatch:   13
03/05/2021 10:39:30 - INFO - __main__ -   	EPOCH:   6	MiniBatch:   14
03/05/2021 10:39:31 - INFO - __main__ -   	EPOCH:   6	MiniBatch:   15
03/05/2021 10:39:32 - INFO - __main__ -   	EPOCH:   6	MiniBatch:   16
03/05/2021 10:39:33 - INFO - __main__ -   	EPOCH:   6	MiniBatch:   17
03/05/2021 10:39:33 - INFO - __main__ -   	EPOCH:   6	MiniBatch:   18
03/05/2021 10:39:34 - INFO - __main__ -   	EPOCH:   6	MiniBatch:   19
03/05/2021 10:39:35 - INFO - __main__ -   	EPOCH:   6	MiniBatch:   20
03/05/2021 10:39:35 - INFO - __main__ -   	Testing dev Minibatch:    0
03/05/2021 10:39:36 - INFO - __main__ -   	Testing dev Minibatch:    1
03/05/2021 10:39:37 - INFO - __main__ -   	Testing dev Minibatch:    2
03/05/2021 10:39:37 - INFO - __main__ -   
============ Predict Tweet Stance ============
Labels 	Prec. 	Recall	F1    	Supp  
Denial 	0.3973	0.8645	0.5444	273
Support	0.0000	0.0000	0.0000	204
Comment	0.1905	0.0208	0.0376	192
Queries	0.0270	0.0909	0.0417	22
MacroF1	0.1559
F1w_avg	0.2268
Acc    	35.0

============ Predict Viral Tweets ============
Labels 	Prec. 	Recall	F1    	Supp  
N_viral	0.8629	0.8879	0.8752	553
Viral  	0.4918	0.4348	0.4615	138
MacroF1	0.6684
F1w_avg	0.7926
Acc    	79.7

03/05/2021 10:39:37 - INFO - __main__ -   Best results so far. Saving model...
03/05/2021 10:39:39 - INFO - __main__ -   	EPOCH:   7	MiniBatch:    0
03/05/2021 10:39:40 - INFO - __main__ -   	EPOCH:   7	MiniBatch:    1
03/05/2021 10:39:40 - INFO - __main__ -   	EPOCH:   7	MiniBatch:    2
03/05/2021 10:39:41 - INFO - __main__ -   	EPOCH:   7	MiniBatch:    3
03/05/2021 10:39:42 - INFO - __main__ -   	EPOCH:   7	MiniBatch:    4
03/05/2021 10:39:42 - INFO - __main__ -   	EPOCH:   7	MiniBatch:    5
03/05/2021 10:39:43 - INFO - __main__ -   	EPOCH:   7	MiniBatch:    6
03/05/2021 10:39:44 - INFO - __main__ -   	EPOCH:   7	MiniBatch:    7
03/05/2021 10:39:44 - INFO - __main__ -   	EPOCH:   7	MiniBatch:    8
03/05/2021 10:39:45 - INFO - __main__ -   	EPOCH:   7	MiniBatch:    9
03/05/2021 10:39:46 - INFO - __main__ -   	EPOCH:   7	MiniBatch:   10
03/05/2021 10:39:46 - INFO - __main__ -   	EPOCH:   7	MiniBatch:   11
03/05/2021 10:39:47 - INFO - __main__ -   	EPOCH:   7	MiniBatch:   12
03/05/2021 10:39:48 - INFO - __main__ -   	EPOCH:   7	MiniBatch:   13
03/05/2021 10:39:49 - INFO - __main__ -   	EPOCH:   7	MiniBatch:   14
03/05/2021 10:39:49 - INFO - __main__ -   	EPOCH:   7	MiniBatch:   15
03/05/2021 10:39:50 - INFO - __main__ -   	EPOCH:   7	MiniBatch:   16
03/05/2021 10:39:51 - INFO - __main__ -   	EPOCH:   7	MiniBatch:   17
03/05/2021 10:39:51 - INFO - __main__ -   	EPOCH:   7	MiniBatch:   18
03/05/2021 10:39:52 - INFO - __main__ -   	EPOCH:   7	MiniBatch:   19
03/05/2021 10:39:53 - INFO - __main__ -   	EPOCH:   7	MiniBatch:   20
03/05/2021 10:39:53 - INFO - __main__ -   	Testing dev Minibatch:    0
03/05/2021 10:39:54 - INFO - __main__ -   	Testing dev Minibatch:    1
03/05/2021 10:39:55 - INFO - __main__ -   	Testing dev Minibatch:    2
03/05/2021 10:39:55 - INFO - __main__ -   
============ Predict Tweet Stance ============
Labels 	Prec. 	Recall	F1    	Supp  
Denial 	0.4043	0.8352	0.5448	273
Support	0.0000	0.0000	0.0000	204
Comment	0.1765	0.0312	0.0531	192
Queries	0.0326	0.1364	0.0526	22
MacroF1	0.1626
F1w_avg	0.2317
Acc    	34.3

============ Predict Viral Tweets ============
Labels 	Prec. 	Recall	F1    	Supp  
N_viral	0.8692	0.8535	0.8613	553
Viral  	0.4527	0.4855	0.4685	138
MacroF1	0.6649
F1w_avg	0.7829
Acc    	78.0

03/05/2021 10:39:55 - INFO - __main__ -   	EPOCH:   8	MiniBatch:    0
03/05/2021 10:39:56 - INFO - __main__ -   	EPOCH:   8	MiniBatch:    1
03/05/2021 10:39:57 - INFO - __main__ -   	EPOCH:   8	MiniBatch:    2
03/05/2021 10:39:57 - INFO - __main__ -   	EPOCH:   8	MiniBatch:    3
03/05/2021 10:39:58 - INFO - __main__ -   	EPOCH:   8	MiniBatch:    4
03/05/2021 10:39:59 - INFO - __main__ -   	EPOCH:   8	MiniBatch:    5
03/05/2021 10:39:59 - INFO - __main__ -   	EPOCH:   8	MiniBatch:    6
03/05/2021 10:40:00 - INFO - __main__ -   	EPOCH:   8	MiniBatch:    7
03/05/2021 10:40:01 - INFO - __main__ -   	EPOCH:   8	MiniBatch:    8
03/05/2021 10:40:02 - INFO - __main__ -   	EPOCH:   8	MiniBatch:    9
03/05/2021 10:40:02 - INFO - __main__ -   	EPOCH:   8	MiniBatch:   10
03/05/2021 10:40:03 - INFO - __main__ -   	EPOCH:   8	MiniBatch:   11
03/05/2021 10:40:04 - INFO - __main__ -   	EPOCH:   8	MiniBatch:   12
03/05/2021 10:40:04 - INFO - __main__ -   	EPOCH:   8	MiniBatch:   13
03/05/2021 10:40:05 - INFO - __main__ -   	EPOCH:   8	MiniBatch:   14
03/05/2021 10:40:06 - INFO - __main__ -   	EPOCH:   8	MiniBatch:   15
03/05/2021 10:40:06 - INFO - __main__ -   	EPOCH:   8	MiniBatch:   16
03/05/2021 10:40:07 - INFO - __main__ -   	EPOCH:   8	MiniBatch:   17
03/05/2021 10:40:08 - INFO - __main__ -   	EPOCH:   8	MiniBatch:   18
03/05/2021 10:40:08 - INFO - __main__ -   	EPOCH:   8	MiniBatch:   19
03/05/2021 10:40:09 - INFO - __main__ -   	EPOCH:   8	MiniBatch:   20
03/05/2021 10:40:10 - INFO - __main__ -   	Testing dev Minibatch:    0
03/05/2021 10:40:11 - INFO - __main__ -   	Testing dev Minibatch:    1
03/05/2021 10:40:11 - INFO - __main__ -   	Testing dev Minibatch:    2
03/05/2021 10:40:12 - INFO - __main__ -   
============ Predict Tweet Stance ============
Labels 	Prec. 	Recall	F1    	Supp  
Denial 	0.3982	0.8315	0.5386	273
Support	0.2381	0.0245	0.0444	204
Comment	0.1481	0.0208	0.0365	192
Queries	0.0137	0.0455	0.0211	22
MacroF1	0.1601
F1w_avg	0.2367
Acc    	34.3

============ Predict Viral Tweets ============
Labels 	Prec. 	Recall	F1    	Supp  
N_viral	0.8549	0.9060	0.8797	553
Viral  	0.5048	0.3841	0.4362	138
MacroF1	0.6580
F1w_avg	0.7911
Acc    	80.2

03/05/2021 10:40:12 - INFO - __main__ -   	EPOCH:   9	MiniBatch:    0
03/05/2021 10:40:12 - INFO - __main__ -   	EPOCH:   9	MiniBatch:    1
03/05/2021 10:40:13 - INFO - __main__ -   	EPOCH:   9	MiniBatch:    2
03/05/2021 10:40:14 - INFO - __main__ -   	EPOCH:   9	MiniBatch:    3
03/05/2021 10:40:14 - INFO - __main__ -   	EPOCH:   9	MiniBatch:    4
03/05/2021 10:40:15 - INFO - __main__ -   	EPOCH:   9	MiniBatch:    5
03/05/2021 10:40:16 - INFO - __main__ -   	EPOCH:   9	MiniBatch:    6
03/05/2021 10:40:17 - INFO - __main__ -   	EPOCH:   9	MiniBatch:    7
03/05/2021 10:40:17 - INFO - __main__ -   	EPOCH:   9	MiniBatch:    8
03/05/2021 10:40:18 - INFO - __main__ -   	EPOCH:   9	MiniBatch:    9
03/05/2021 10:40:19 - INFO - __main__ -   	EPOCH:   9	MiniBatch:   10
03/05/2021 10:40:19 - INFO - __main__ -   	EPOCH:   9	MiniBatch:   11
03/05/2021 10:40:20 - INFO - __main__ -   	EPOCH:   9	MiniBatch:   12
03/05/2021 10:40:21 - INFO - __main__ -   	EPOCH:   9	MiniBatch:   13
03/05/2021 10:40:21 - INFO - __main__ -   	EPOCH:   9	MiniBatch:   14
03/05/2021 10:40:22 - INFO - __main__ -   	EPOCH:   9	MiniBatch:   15
03/05/2021 10:40:23 - INFO - __main__ -   	EPOCH:   9	MiniBatch:   16
03/05/2021 10:40:23 - INFO - __main__ -   	EPOCH:   9	MiniBatch:   17
03/05/2021 10:40:24 - INFO - __main__ -   	EPOCH:   9	MiniBatch:   18
03/05/2021 10:40:25 - INFO - __main__ -   	EPOCH:   9	MiniBatch:   19
03/05/2021 10:40:26 - INFO - __main__ -   	EPOCH:   9	MiniBatch:   20
03/05/2021 10:40:26 - INFO - __main__ -   	Testing dev Minibatch:    0
03/05/2021 10:40:27 - INFO - __main__ -   	Testing dev Minibatch:    1
03/05/2021 10:40:28 - INFO - __main__ -   	Testing dev Minibatch:    2
03/05/2021 10:40:28 - INFO - __main__ -   
============ Predict Tweet Stance ============
Labels 	Prec. 	Recall	F1    	Supp  
Denial 	0.3908	0.7802	0.5208	273
Support	0.2800	0.0343	0.0611	204
Comment	0.2857	0.0312	0.0563	192
Queries	0.0300	0.1364	0.0492	22
MacroF1	0.1719
F1w_avg	0.2410
Acc    	33.1

============ Predict Viral Tweets ============
Labels 	Prec. 	Recall	F1    	Supp  
N_viral	0.8725	0.8662	0.8693	553
Viral  	0.4789	0.4928	0.4857	138
MacroF1	0.6775
F1w_avg	0.7927
Acc    	79.2

03/05/2021 10:40:28 - INFO - __main__ -   Best results so far. Saving model...
03/05/2021 10:40:30 - INFO - __main__ -   	EPOCH:  10	MiniBatch:    0
03/05/2021 10:40:31 - INFO - __main__ -   	EPOCH:  10	MiniBatch:    1
03/05/2021 10:40:31 - INFO - __main__ -   	EPOCH:  10	MiniBatch:    2
03/05/2021 10:40:32 - INFO - __main__ -   	EPOCH:  10	MiniBatch:    3
03/05/2021 10:40:33 - INFO - __main__ -   	EPOCH:  10	MiniBatch:    4
03/05/2021 10:40:33 - INFO - __main__ -   	EPOCH:  10	MiniBatch:    5
03/05/2021 10:40:34 - INFO - __main__ -   	EPOCH:  10	MiniBatch:    6
03/05/2021 10:40:35 - INFO - __main__ -   	EPOCH:  10	MiniBatch:    7
03/05/2021 10:40:35 - INFO - __main__ -   	EPOCH:  10	MiniBatch:    8
03/05/2021 10:40:36 - INFO - __main__ -   	EPOCH:  10	MiniBatch:    9
03/05/2021 10:40:37 - INFO - __main__ -   	EPOCH:  10	MiniBatch:   10
03/05/2021 10:40:37 - INFO - __main__ -   	EPOCH:  10	MiniBatch:   11
03/05/2021 10:40:38 - INFO - __main__ -   	EPOCH:  10	MiniBatch:   12
03/05/2021 10:40:39 - INFO - __main__ -   	EPOCH:  10	MiniBatch:   13
03/05/2021 10:40:39 - INFO - __main__ -   	EPOCH:  10	MiniBatch:   14
03/05/2021 10:40:40 - INFO - __main__ -   	EPOCH:  10	MiniBatch:   15
03/05/2021 10:40:41 - INFO - __main__ -   	EPOCH:  10	MiniBatch:   16
03/05/2021 10:40:42 - INFO - __main__ -   	EPOCH:  10	MiniBatch:   17
03/05/2021 10:40:42 - INFO - __main__ -   	EPOCH:  10	MiniBatch:   18
03/05/2021 10:40:43 - INFO - __main__ -   	EPOCH:  10	MiniBatch:   19
03/05/2021 10:40:44 - INFO - __main__ -   	EPOCH:  10	MiniBatch:   20
03/05/2021 10:40:44 - INFO - __main__ -   	Testing dev Minibatch:    0
03/05/2021 10:40:45 - INFO - __main__ -   	Testing dev Minibatch:    1
03/05/2021 10:40:46 - INFO - __main__ -   	Testing dev Minibatch:    2
03/05/2021 10:40:46 - INFO - __main__ -   
============ Predict Tweet Stance ============
Labels 	Prec. 	Recall	F1    	Supp  
Denial 	0.4011	0.8315	0.5411	273
Support	0.2222	0.0098	0.0188	204
Comment	0.6000	0.0312	0.0594	192
Queries	0.0377	0.1818	0.0625	22
MacroF1	0.1705
F1w_avg	0.2378
Acc    	34.6

============ Predict Viral Tweets ============
Labels 	Prec. 	Recall	F1    	Supp  
N_viral	0.8848	0.8192	0.8507	553
Viral  	0.4413	0.5725	0.4984	138
MacroF1	0.6746
F1w_avg	0.7803
Acc    	77.0

03/05/2021 10:40:46 - INFO - __main__ -   	EPOCH:  11	MiniBatch:    0
03/05/2021 10:40:47 - INFO - __main__ -   	EPOCH:  11	MiniBatch:    1
03/05/2021 10:40:48 - INFO - __main__ -   	EPOCH:  11	MiniBatch:    2
03/05/2021 10:40:48 - INFO - __main__ -   	EPOCH:  11	MiniBatch:    3
03/05/2021 10:40:49 - INFO - __main__ -   	EPOCH:  11	MiniBatch:    4
03/05/2021 10:40:50 - INFO - __main__ -   	EPOCH:  11	MiniBatch:    5
03/05/2021 10:40:50 - INFO - __main__ -   	EPOCH:  11	MiniBatch:    6
03/05/2021 10:40:51 - INFO - __main__ -   	EPOCH:  11	MiniBatch:    7
03/05/2021 10:40:52 - INFO - __main__ -   	EPOCH:  11	MiniBatch:    8
03/05/2021 10:40:52 - INFO - __main__ -   	EPOCH:  11	MiniBatch:    9
03/05/2021 10:40:53 - INFO - __main__ -   	EPOCH:  11	MiniBatch:   10
03/05/2021 10:40:54 - INFO - __main__ -   	EPOCH:  11	MiniBatch:   11
03/05/2021 10:40:55 - INFO - __main__ -   	EPOCH:  11	MiniBatch:   12
03/05/2021 10:40:55 - INFO - __main__ -   	EPOCH:  11	MiniBatch:   13
03/05/2021 10:40:56 - INFO - __main__ -   	EPOCH:  11	MiniBatch:   14
03/05/2021 10:40:57 - INFO - __main__ -   	EPOCH:  11	MiniBatch:   15
03/05/2021 10:40:57 - INFO - __main__ -   	EPOCH:  11	MiniBatch:   16
03/05/2021 10:40:58 - INFO - __main__ -   	EPOCH:  11	MiniBatch:   17
03/05/2021 10:40:59 - INFO - __main__ -   	EPOCH:  11	MiniBatch:   18
03/05/2021 10:40:59 - INFO - __main__ -   	EPOCH:  11	MiniBatch:   19
03/05/2021 10:41:00 - INFO - __main__ -   	EPOCH:  11	MiniBatch:   20
03/05/2021 10:41:01 - INFO - __main__ -   	Testing dev Minibatch:    0
03/05/2021 10:41:02 - INFO - __main__ -   	Testing dev Minibatch:    1
03/05/2021 10:41:02 - INFO - __main__ -   	Testing dev Minibatch:    2
03/05/2021 10:41:03 - INFO - __main__ -   
============ Predict Tweet Stance ============
Labels 	Prec. 	Recall	F1    	Supp  
Denial 	0.4022	0.8059	0.5366	273
Support	0.3333	0.0098	0.0190	204
Comment	0.3125	0.0260	0.0481	192
Queries	0.0328	0.1818	0.0556	22
MacroF1	0.1648
F1w_avg	0.2327
Acc    	33.4

============ Predict Viral Tweets ============
Labels 	Prec. 	Recall	F1    	Supp  
N_viral	0.8738	0.8137	0.8427	553
Viral  	0.4148	0.5290	0.4650	138
MacroF1	0.6538
F1w_avg	0.7673
Acc    	75.7

03/05/2021 10:41:03 - INFO - __main__ -   	EPOCH:  12	MiniBatch:    0
03/05/2021 10:41:03 - INFO - __main__ -   	EPOCH:  12	MiniBatch:    1
03/05/2021 10:41:04 - INFO - __main__ -   	EPOCH:  12	MiniBatch:    2
03/05/2021 10:41:05 - INFO - __main__ -   	EPOCH:  12	MiniBatch:    3
03/05/2021 10:41:05 - INFO - __main__ -   	EPOCH:  12	MiniBatch:    4
03/05/2021 10:41:06 - INFO - __main__ -   	EPOCH:  12	MiniBatch:    5
03/05/2021 10:41:07 - INFO - __main__ -   	EPOCH:  12	MiniBatch:    6
03/05/2021 10:41:08 - INFO - __main__ -   	EPOCH:  12	MiniBatch:    7
03/05/2021 10:41:08 - INFO - __main__ -   	EPOCH:  12	MiniBatch:    8
03/05/2021 10:41:09 - INFO - __main__ -   	EPOCH:  12	MiniBatch:    9
03/05/2021 10:41:10 - INFO - __main__ -   	EPOCH:  12	MiniBatch:   10
03/05/2021 10:41:10 - INFO - __main__ -   	EPOCH:  12	MiniBatch:   11
03/05/2021 10:41:11 - INFO - __main__ -   	EPOCH:  12	MiniBatch:   12
03/05/2021 10:41:12 - INFO - __main__ -   	EPOCH:  12	MiniBatch:   13
03/05/2021 10:41:12 - INFO - __main__ -   	EPOCH:  12	MiniBatch:   14
03/05/2021 10:41:13 - INFO - __main__ -   	EPOCH:  12	MiniBatch:   15
03/05/2021 10:41:14 - INFO - __main__ -   	EPOCH:  12	MiniBatch:   16
03/05/2021 10:41:14 - INFO - __main__ -   	EPOCH:  12	MiniBatch:   17
03/05/2021 10:41:15 - INFO - __main__ -   	EPOCH:  12	MiniBatch:   18
03/05/2021 10:41:16 - INFO - __main__ -   	EPOCH:  12	MiniBatch:   19
03/05/2021 10:41:17 - INFO - __main__ -   	EPOCH:  12	MiniBatch:   20
03/05/2021 10:41:17 - INFO - __main__ -   	Testing dev Minibatch:    0
03/05/2021 10:41:18 - INFO - __main__ -   	Testing dev Minibatch:    1
03/05/2021 10:41:19 - INFO - __main__ -   	Testing dev Minibatch:    2
03/05/2021 10:41:19 - INFO - __main__ -   
============ Predict Tweet Stance ============
Labels 	Prec. 	Recall	F1    	Supp  
Denial 	0.3867	0.7436	0.5088	273
Support	0.3333	0.0294	0.0541	204
Comment	0.2500	0.0104	0.0200	192
Queries	0.0214	0.1364	0.0370	22
MacroF1	0.1550
F1w_avg	0.2237
Acc    	31.0

============ Predict Viral Tweets ============
Labels 	Prec. 	Recall	F1    	Supp  
N_viral	0.8789	0.8137	0.8451	553
Viral  	0.4246	0.5507	0.4795	138
MacroF1	0.6623
F1w_avg	0.7721
Acc    	76.1

03/05/2021 10:41:19 - INFO - __main__ -   	EPOCH:  13	MiniBatch:    0
03/05/2021 10:41:20 - INFO - __main__ -   	EPOCH:  13	MiniBatch:    1
03/05/2021 10:41:21 - INFO - __main__ -   	EPOCH:  13	MiniBatch:    2
03/05/2021 10:41:21 - INFO - __main__ -   	EPOCH:  13	MiniBatch:    3
03/05/2021 10:41:22 - INFO - __main__ -   	EPOCH:  13	MiniBatch:    4
03/05/2021 10:41:23 - INFO - __main__ -   	EPOCH:  13	MiniBatch:    5
03/05/2021 10:41:23 - INFO - __main__ -   	EPOCH:  13	MiniBatch:    6
03/05/2021 10:41:24 - INFO - __main__ -   	EPOCH:  13	MiniBatch:    7
03/05/2021 10:41:25 - INFO - __main__ -   	EPOCH:  13	MiniBatch:    8
03/05/2021 10:41:25 - INFO - __main__ -   	EPOCH:  13	MiniBatch:    9
03/05/2021 10:41:26 - INFO - __main__ -   	EPOCH:  13	MiniBatch:   10
03/05/2021 10:41:27 - INFO - __main__ -   	EPOCH:  13	MiniBatch:   11
03/05/2021 10:41:27 - INFO - __main__ -   	EPOCH:  13	MiniBatch:   12
03/05/2021 10:41:28 - INFO - __main__ -   	EPOCH:  13	MiniBatch:   13
03/05/2021 10:41:29 - INFO - __main__ -   	EPOCH:  13	MiniBatch:   14
03/05/2021 10:41:30 - INFO - __main__ -   	EPOCH:  13	MiniBatch:   15
03/05/2021 10:41:30 - INFO - __main__ -   	EPOCH:  13	MiniBatch:   16
03/05/2021 10:41:31 - INFO - __main__ -   	EPOCH:  13	MiniBatch:   17
03/05/2021 10:41:32 - INFO - __main__ -   	EPOCH:  13	MiniBatch:   18
03/05/2021 10:41:32 - INFO - __main__ -   	EPOCH:  13	MiniBatch:   19
03/05/2021 10:41:33 - INFO - __main__ -   	EPOCH:  13	MiniBatch:   20
03/05/2021 10:41:34 - INFO - __main__ -   	Testing dev Minibatch:    0
03/05/2021 10:41:34 - INFO - __main__ -   	Testing dev Minibatch:    1
03/05/2021 10:41:35 - INFO - __main__ -   	Testing dev Minibatch:    2
03/05/2021 10:41:35 - INFO - __main__ -   
============ Predict Tweet Stance ============
Labels 	Prec. 	Recall	F1    	Supp  
Denial 	0.3933	0.8645	0.5407	273
Support	0.1000	0.0049	0.0093	204
Comment	0.2727	0.0156	0.0296	192
Queries	0.0143	0.0455	0.0217	22
MacroF1	0.1503
F1w_avg	0.2253
Acc    	34.9

============ Predict Viral Tweets ============
Labels 	Prec. 	Recall	F1    	Supp  
N_viral	0.8608	0.9168	0.8879	553
Viral  	0.5490	0.4058	0.4667	138
MacroF1	0.6773
F1w_avg	0.8038
Acc    	81.5

03/05/2021 10:41:36 - INFO - __main__ -   	EPOCH:  14	MiniBatch:    0
03/05/2021 10:41:36 - INFO - __main__ -   	EPOCH:  14	MiniBatch:    1
03/05/2021 10:41:37 - INFO - __main__ -   	EPOCH:  14	MiniBatch:    2
03/05/2021 10:41:38 - INFO - __main__ -   	EPOCH:  14	MiniBatch:    3
03/05/2021 10:41:38 - INFO - __main__ -   	EPOCH:  14	MiniBatch:    4
03/05/2021 10:41:39 - INFO - __main__ -   	EPOCH:  14	MiniBatch:    5
03/05/2021 10:41:40 - INFO - __main__ -   	EPOCH:  14	MiniBatch:    6
03/05/2021 10:41:40 - INFO - __main__ -   	EPOCH:  14	MiniBatch:    7
03/05/2021 10:41:41 - INFO - __main__ -   	EPOCH:  14	MiniBatch:    8
03/05/2021 10:41:42 - INFO - __main__ -   	EPOCH:  14	MiniBatch:    9
03/05/2021 10:41:43 - INFO - __main__ -   	EPOCH:  14	MiniBatch:   10
03/05/2021 10:41:43 - INFO - __main__ -   	EPOCH:  14	MiniBatch:   11
03/05/2021 10:41:44 - INFO - __main__ -   	EPOCH:  14	MiniBatch:   12
03/05/2021 10:41:45 - INFO - __main__ -   	EPOCH:  14	MiniBatch:   13
03/05/2021 10:41:45 - INFO - __main__ -   	EPOCH:  14	MiniBatch:   14
03/05/2021 10:41:46 - INFO - __main__ -   	EPOCH:  14	MiniBatch:   15
03/05/2021 10:41:47 - INFO - __main__ -   	EPOCH:  14	MiniBatch:   16
03/05/2021 10:41:47 - INFO - __main__ -   	EPOCH:  14	MiniBatch:   17
03/05/2021 10:41:48 - INFO - __main__ -   	EPOCH:  14	MiniBatch:   18
03/05/2021 10:41:49 - INFO - __main__ -   	EPOCH:  14	MiniBatch:   19
03/05/2021 10:41:49 - INFO - __main__ -   	EPOCH:  14	MiniBatch:   20
03/05/2021 10:41:50 - INFO - __main__ -   	Testing dev Minibatch:    0
03/05/2021 10:41:51 - INFO - __main__ -   	Testing dev Minibatch:    1
03/05/2021 10:41:52 - INFO - __main__ -   	Testing dev Minibatch:    2
03/05/2021 10:41:52 - INFO - __main__ -   
============ Predict Tweet Stance ============
Labels 	Prec. 	Recall	F1    	Supp  
Denial 	0.3868	0.8132	0.5242	273
Support	0.1250	0.0049	0.0094	204
Comment	0.2667	0.0208	0.0386	192
Queries	0.0213	0.0909	0.0345	22
MacroF1	0.1517
F1w_avg	0.2217
Acc    	33.1

============ Predict Viral Tweets ============
Labels 	Prec. 	Recall	F1    	Supp  
N_viral	0.8655	0.8843	0.8748	553
Viral  	0.4921	0.4493	0.4697	138
MacroF1	0.6722
F1w_avg	0.7939
Acc    	79.7

03/05/2021 10:41:52 - INFO - __main__ -   	EPOCH:  15	MiniBatch:    0
03/05/2021 10:41:53 - INFO - __main__ -   	EPOCH:  15	MiniBatch:    1
03/05/2021 10:41:53 - INFO - __main__ -   	EPOCH:  15	MiniBatch:    2
03/05/2021 10:41:54 - INFO - __main__ -   	EPOCH:  15	MiniBatch:    3
03/05/2021 10:41:55 - INFO - __main__ -   	EPOCH:  15	MiniBatch:    4
03/05/2021 10:41:56 - INFO - __main__ -   	EPOCH:  15	MiniBatch:    5
03/05/2021 10:41:56 - INFO - __main__ -   	EPOCH:  15	MiniBatch:    6
03/05/2021 10:41:57 - INFO - __main__ -   	EPOCH:  15	MiniBatch:    7
03/05/2021 10:41:58 - INFO - __main__ -   	EPOCH:  15	MiniBatch:    8
03/05/2021 10:41:58 - INFO - __main__ -   	EPOCH:  15	MiniBatch:    9
03/05/2021 10:41:59 - INFO - __main__ -   	EPOCH:  15	MiniBatch:   10
03/05/2021 10:42:00 - INFO - __main__ -   	EPOCH:  15	MiniBatch:   11
03/05/2021 10:42:00 - INFO - __main__ -   	EPOCH:  15	MiniBatch:   12
03/05/2021 10:42:01 - INFO - __main__ -   	EPOCH:  15	MiniBatch:   13
03/05/2021 10:42:02 - INFO - __main__ -   	EPOCH:  15	MiniBatch:   14
03/05/2021 10:42:02 - INFO - __main__ -   	EPOCH:  15	MiniBatch:   15
03/05/2021 10:42:03 - INFO - __main__ -   	EPOCH:  15	MiniBatch:   16
03/05/2021 10:42:04 - INFO - __main__ -   	EPOCH:  15	MiniBatch:   17
03/05/2021 10:42:05 - INFO - __main__ -   	EPOCH:  15	MiniBatch:   18
03/05/2021 10:42:05 - INFO - __main__ -   	EPOCH:  15	MiniBatch:   19
03/05/2021 10:42:06 - INFO - __main__ -   	EPOCH:  15	MiniBatch:   20
03/05/2021 10:42:07 - INFO - __main__ -   	Testing dev Minibatch:    0
03/05/2021 10:42:07 - INFO - __main__ -   	Testing dev Minibatch:    1
03/05/2021 10:42:08 - INFO - __main__ -   	Testing dev Minibatch:    2
03/05/2021 10:42:08 - INFO - __main__ -   
============ Predict Tweet Stance ============
Labels 	Prec. 	Recall	F1    	Supp  
Denial 	0.3812	0.7875	0.5137	273
Support	0.1429	0.0049	0.0095	204
Comment	0.2000	0.0156	0.0290	192
Queries	0.0190	0.0909	0.0315	22
MacroF1	0.1459
F1w_avg	0.2148
Acc    	32.0

============ Predict Viral Tweets ============
Labels 	Prec. 	Recall	F1    	Supp  
N_viral	0.8679	0.8788	0.8733	553
Viral  	0.4885	0.4638	0.4758	138
MacroF1	0.6746
F1w_avg	0.7939
Acc    	79.6

03/05/2021 10:42:09 - INFO - __main__ -   	EPOCH:  16	MiniBatch:    0
03/05/2021 10:42:09 - INFO - __main__ -   	EPOCH:  16	MiniBatch:    1
03/05/2021 10:42:10 - INFO - __main__ -   	EPOCH:  16	MiniBatch:    2
03/05/2021 10:42:11 - INFO - __main__ -   	EPOCH:  16	MiniBatch:    3
03/05/2021 10:42:11 - INFO - __main__ -   	EPOCH:  16	MiniBatch:    4
03/05/2021 10:42:12 - INFO - __main__ -   	EPOCH:  16	MiniBatch:    5
03/05/2021 10:42:13 - INFO - __main__ -   	EPOCH:  16	MiniBatch:    6
03/05/2021 10:42:13 - INFO - __main__ -   	EPOCH:  16	MiniBatch:    7
03/05/2021 10:42:14 - INFO - __main__ -   	EPOCH:  16	MiniBatch:    8
03/05/2021 10:42:15 - INFO - __main__ -   	EPOCH:  16	MiniBatch:    9
03/05/2021 10:42:15 - INFO - __main__ -   	EPOCH:  16	MiniBatch:   10
03/05/2021 10:42:16 - INFO - __main__ -   	EPOCH:  16	MiniBatch:   11
03/05/2021 10:42:17 - INFO - __main__ -   	EPOCH:  16	MiniBatch:   12
03/05/2021 10:42:18 - INFO - __main__ -   	EPOCH:  16	MiniBatch:   13
03/05/2021 10:42:18 - INFO - __main__ -   	EPOCH:  16	MiniBatch:   14
03/05/2021 10:42:19 - INFO - __main__ -   	EPOCH:  16	MiniBatch:   15
03/05/2021 10:42:20 - INFO - __main__ -   	EPOCH:  16	MiniBatch:   16
03/05/2021 10:42:20 - INFO - __main__ -   	EPOCH:  16	MiniBatch:   17
03/05/2021 10:42:21 - INFO - __main__ -   	EPOCH:  16	MiniBatch:   18
03/05/2021 10:42:22 - INFO - __main__ -   	EPOCH:  16	MiniBatch:   19
03/05/2021 10:42:22 - INFO - __main__ -   	EPOCH:  16	MiniBatch:   20
03/05/2021 10:42:23 - INFO - __main__ -   	Testing dev Minibatch:    0
03/05/2021 10:42:24 - INFO - __main__ -   	Testing dev Minibatch:    1
03/05/2021 10:42:24 - INFO - __main__ -   	Testing dev Minibatch:    2
03/05/2021 10:42:25 - INFO - __main__ -   
============ Predict Tweet Stance ============
Labels 	Prec. 	Recall	F1    	Supp  
Denial 	0.3835	0.7839	0.5150	273
Support	0.1667	0.0049	0.0095	204
Comment	0.1818	0.0208	0.0374	192
Queries	0.0190	0.0909	0.0315	22
MacroF1	0.1484
F1w_avg	0.2177
Acc    	32.0

============ Predict Viral Tweets ============
Labels 	Prec. 	Recall	F1    	Supp  
N_viral	0.8688	0.8861	0.8774	553
Viral  	0.5039	0.4638	0.4830	138
MacroF1	0.6802
F1w_avg	0.7986
Acc    	80.2

03/05/2021 10:42:25 - INFO - __main__ -   Best results so far. Saving model...
03/05/2021 10:42:27 - INFO - __main__ -   	EPOCH:  17	MiniBatch:    0
03/05/2021 10:42:27 - INFO - __main__ -   	EPOCH:  17	MiniBatch:    1
03/05/2021 10:42:28 - INFO - __main__ -   	EPOCH:  17	MiniBatch:    2
03/05/2021 10:42:29 - INFO - __main__ -   	EPOCH:  17	MiniBatch:    3
03/05/2021 10:42:29 - INFO - __main__ -   	EPOCH:  17	MiniBatch:    4
03/05/2021 10:42:30 - INFO - __main__ -   	EPOCH:  17	MiniBatch:    5
03/05/2021 10:42:31 - INFO - __main__ -   	EPOCH:  17	MiniBatch:    6
03/05/2021 10:42:31 - INFO - __main__ -   	EPOCH:  17	MiniBatch:    7
03/05/2021 10:42:32 - INFO - __main__ -   	EPOCH:  17	MiniBatch:    8
03/05/2021 10:42:33 - INFO - __main__ -   	EPOCH:  17	MiniBatch:    9
03/05/2021 10:42:34 - INFO - __main__ -   	EPOCH:  17	MiniBatch:   10
03/05/2021 10:42:34 - INFO - __main__ -   	EPOCH:  17	MiniBatch:   11
03/05/2021 10:42:35 - INFO - __main__ -   	EPOCH:  17	MiniBatch:   12
03/05/2021 10:42:36 - INFO - __main__ -   	EPOCH:  17	MiniBatch:   13
03/05/2021 10:42:36 - INFO - __main__ -   	EPOCH:  17	MiniBatch:   14
03/05/2021 10:42:37 - INFO - __main__ -   	EPOCH:  17	MiniBatch:   15
03/05/2021 10:42:38 - INFO - __main__ -   	EPOCH:  17	MiniBatch:   16
03/05/2021 10:42:38 - INFO - __main__ -   	EPOCH:  17	MiniBatch:   17
03/05/2021 10:42:39 - INFO - __main__ -   	EPOCH:  17	MiniBatch:   18
03/05/2021 10:42:40 - INFO - __main__ -   	EPOCH:  17	MiniBatch:   19
03/05/2021 10:42:40 - INFO - __main__ -   	EPOCH:  17	MiniBatch:   20
03/05/2021 10:42:41 - INFO - __main__ -   	Testing dev Minibatch:    0
03/05/2021 10:42:42 - INFO - __main__ -   	Testing dev Minibatch:    1
03/05/2021 10:42:43 - INFO - __main__ -   	Testing dev Minibatch:    2
03/05/2021 10:42:43 - INFO - __main__ -   
============ Predict Tweet Stance ============
Labels 	Prec. 	Recall	F1    	Supp  
Denial 	0.3945	0.8425	0.5374	273
Support	0.1429	0.0049	0.0095	204
Comment	0.2353	0.0208	0.0383	192
Queries	0.0357	0.1364	0.0566	22
MacroF1	0.1604
F1w_avg	0.2275
Acc    	34.4

============ Predict Viral Tweets ============
Labels 	Prec. 	Recall	F1    	Supp  
N_viral	0.8545	0.9132	0.8829	553
Viral  	0.5200	0.3768	0.4370	138
MacroF1	0.6599
F1w_avg	0.7938
Acc    	80.6

03/05/2021 10:42:43 - INFO - __main__ -   	EPOCH:  18	MiniBatch:    0
03/05/2021 10:42:44 - INFO - __main__ -   	EPOCH:  18	MiniBatch:    1
03/05/2021 10:42:44 - INFO - __main__ -   	EPOCH:  18	MiniBatch:    2
03/05/2021 10:42:45 - INFO - __main__ -   	EPOCH:  18	MiniBatch:    3
03/05/2021 10:42:46 - INFO - __main__ -   	EPOCH:  18	MiniBatch:    4
03/05/2021 10:42:46 - INFO - __main__ -   	EPOCH:  18	MiniBatch:    5
03/05/2021 10:42:47 - INFO - __main__ -   	EPOCH:  18	MiniBatch:    6
03/05/2021 10:42:48 - INFO - __main__ -   	EPOCH:  18	MiniBatch:    7
03/05/2021 10:42:49 - INFO - __main__ -   	EPOCH:  18	MiniBatch:    8
03/05/2021 10:42:49 - INFO - __main__ -   	EPOCH:  18	MiniBatch:    9
03/05/2021 10:42:50 - INFO - __main__ -   	EPOCH:  18	MiniBatch:   10
03/05/2021 10:42:51 - INFO - __main__ -   	EPOCH:  18	MiniBatch:   11
03/05/2021 10:42:51 - INFO - __main__ -   	EPOCH:  18	MiniBatch:   12
03/05/2021 10:42:52 - INFO - __main__ -   	EPOCH:  18	MiniBatch:   13
03/05/2021 10:42:53 - INFO - __main__ -   	EPOCH:  18	MiniBatch:   14
03/05/2021 10:42:53 - INFO - __main__ -   	EPOCH:  18	MiniBatch:   15
03/05/2021 10:42:54 - INFO - __main__ -   	EPOCH:  18	MiniBatch:   16
03/05/2021 10:42:55 - INFO - __main__ -   	EPOCH:  18	MiniBatch:   17
03/05/2021 10:42:55 - INFO - __main__ -   	EPOCH:  18	MiniBatch:   18
03/05/2021 10:42:56 - INFO - __main__ -   	EPOCH:  18	MiniBatch:   19
03/05/2021 10:42:57 - INFO - __main__ -   	EPOCH:  18	MiniBatch:   20
03/05/2021 10:42:58 - INFO - __main__ -   	Testing dev Minibatch:    0
03/05/2021 10:42:58 - INFO - __main__ -   	Testing dev Minibatch:    1
03/05/2021 10:42:59 - INFO - __main__ -   	Testing dev Minibatch:    2
03/05/2021 10:42:59 - INFO - __main__ -   
============ Predict Tweet Stance ============
Labels 	Prec. 	Recall	F1    	Supp  
Denial 	0.3858	0.8168	0.5241	273
Support	0.2500	0.0049	0.0096	204
Comment	0.2000	0.0156	0.0290	192
Queries	0.0319	0.1364	0.0517	22
MacroF1	0.1536
F1w_avg	0.2196
Acc    	33.3

============ Predict Viral Tweets ============
Labels 	Prec. 	Recall	F1    	Supp  
N_viral	0.8530	0.9132	0.8821	553
Viral  	0.5152	0.3696	0.4304	138
MacroF1	0.6562
F1w_avg	0.7919
Acc    	80.5

03/05/2021 10:43:00 - INFO - __main__ -   	EPOCH:  19	MiniBatch:    0
03/05/2021 10:43:00 - INFO - __main__ -   	EPOCH:  19	MiniBatch:    1
03/05/2021 10:43:01 - INFO - __main__ -   	EPOCH:  19	MiniBatch:    2
03/05/2021 10:43:02 - INFO - __main__ -   	EPOCH:  19	MiniBatch:    3
03/05/2021 10:43:02 - INFO - __main__ -   	EPOCH:  19	MiniBatch:    4
03/05/2021 10:43:03 - INFO - __main__ -   	EPOCH:  19	MiniBatch:    5
03/05/2021 10:43:04 - INFO - __main__ -   	EPOCH:  19	MiniBatch:    6
03/05/2021 10:43:04 - INFO - __main__ -   	EPOCH:  19	MiniBatch:    7
03/05/2021 10:43:05 - INFO - __main__ -   	EPOCH:  19	MiniBatch:    8
03/05/2021 10:43:06 - INFO - __main__ -   	EPOCH:  19	MiniBatch:    9
03/05/2021 10:43:06 - INFO - __main__ -   	EPOCH:  19	MiniBatch:   10
03/05/2021 10:43:07 - INFO - __main__ -   	EPOCH:  19	MiniBatch:   11
03/05/2021 10:43:08 - INFO - __main__ -   	EPOCH:  19	MiniBatch:   12
03/05/2021 10:43:09 - INFO - __main__ -   	EPOCH:  19	MiniBatch:   13
03/05/2021 10:43:09 - INFO - __main__ -   	EPOCH:  19	MiniBatch:   14
03/05/2021 10:43:10 - INFO - __main__ -   	EPOCH:  19	MiniBatch:   15
03/05/2021 10:43:11 - INFO - __main__ -   	EPOCH:  19	MiniBatch:   16
03/05/2021 10:43:11 - INFO - __main__ -   	EPOCH:  19	MiniBatch:   17
03/05/2021 10:43:12 - INFO - __main__ -   	EPOCH:  19	MiniBatch:   18
03/05/2021 10:43:13 - INFO - __main__ -   	EPOCH:  19	MiniBatch:   19
03/05/2021 10:43:13 - INFO - __main__ -   	EPOCH:  19	MiniBatch:   20
03/05/2021 10:43:14 - INFO - __main__ -   	Testing dev Minibatch:    0
03/05/2021 10:43:15 - INFO - __main__ -   	Testing dev Minibatch:    1
03/05/2021 10:43:16 - INFO - __main__ -   	Testing dev Minibatch:    2
03/05/2021 10:43:16 - INFO - __main__ -   
============ Predict Tweet Stance ============
Labels 	Prec. 	Recall	F1    	Supp  
Denial 	0.3868	0.8132	0.5242	273
Support	0.5000	0.0098	0.0192	204
Comment	0.1765	0.0156	0.0287	192
Queries	0.0312	0.1364	0.0508	22
MacroF1	0.1557
F1w_avg	0.2224
Acc    	33.3

============ Predict Viral Tweets ============
Labels 	Prec. 	Recall	F1    	Supp  
N_viral	0.8552	0.9078	0.8807	553
Viral  	0.5096	0.3841	0.4380	138
MacroF1	0.6594
F1w_avg	0.7923
Acc    	80.3

03/05/2021 10:43:16 - INFO - __main__ -   	EPOCH:  20	MiniBatch:    0
03/05/2021 10:43:17 - INFO - __main__ -   	EPOCH:  20	MiniBatch:    1
03/05/2021 10:43:17 - INFO - __main__ -   	EPOCH:  20	MiniBatch:    2
03/05/2021 10:43:18 - INFO - __main__ -   	EPOCH:  20	MiniBatch:    3
03/05/2021 10:43:19 - INFO - __main__ -   	EPOCH:  20	MiniBatch:    4
03/05/2021 10:43:20 - INFO - __main__ -   	EPOCH:  20	MiniBatch:    5
03/05/2021 10:43:20 - INFO - __main__ -   	EPOCH:  20	MiniBatch:    6
03/05/2021 10:43:21 - INFO - __main__ -   	EPOCH:  20	MiniBatch:    7
03/05/2021 10:43:22 - INFO - __main__ -   	EPOCH:  20	MiniBatch:    8
03/05/2021 10:43:22 - INFO - __main__ -   	EPOCH:  20	MiniBatch:    9
03/05/2021 10:43:23 - INFO - __main__ -   	EPOCH:  20	MiniBatch:   10
03/05/2021 10:43:24 - INFO - __main__ -   	EPOCH:  20	MiniBatch:   11
03/05/2021 10:43:24 - INFO - __main__ -   	EPOCH:  20	MiniBatch:   12
03/05/2021 10:43:25 - INFO - __main__ -   	EPOCH:  20	MiniBatch:   13
03/05/2021 10:43:26 - INFO - __main__ -   	EPOCH:  20	MiniBatch:   14
03/05/2021 10:43:26 - INFO - __main__ -   	EPOCH:  20	MiniBatch:   15
03/05/2021 10:43:27 - INFO - __main__ -   	EPOCH:  20	MiniBatch:   16
03/05/2021 10:43:28 - INFO - __main__ -   	EPOCH:  20	MiniBatch:   17
03/05/2021 10:43:29 - INFO - __main__ -   	EPOCH:  20	MiniBatch:   18
03/05/2021 10:43:29 - INFO - __main__ -   	EPOCH:  20	MiniBatch:   19
03/05/2021 10:43:30 - INFO - __main__ -   	EPOCH:  20	MiniBatch:   20
03/05/2021 10:43:31 - INFO - __main__ -   	Testing dev Minibatch:    0
03/05/2021 10:43:31 - INFO - __main__ -   	Testing dev Minibatch:    1
03/05/2021 10:43:32 - INFO - __main__ -   	Testing dev Minibatch:    2
03/05/2021 10:43:32 - INFO - __main__ -   
============ Predict Tweet Stance ============
Labels 	Prec. 	Recall	F1    	Supp  
Denial 	0.3889	0.7949	0.5223	273
Support	0.6000	0.0147	0.0287	204
Comment	0.1304	0.0156	0.0279	192
Queries	0.0381	0.1818	0.0630	22
MacroF1	0.1605
F1w_avg	0.2246
Acc    	32.9

============ Predict Viral Tweets ============
Labels 	Prec. 	Recall	F1    	Supp  
N_viral	0.8569	0.8987	0.8773	553
Viral  	0.4955	0.3986	0.4418	138
MacroF1	0.6595
F1w_avg	0.7903
Acc    	79.9

03/05/2021 10:43:33 - INFO - __main__ -   	EPOCH:  21	MiniBatch:    0
03/05/2021 10:43:33 - INFO - __main__ -   	EPOCH:  21	MiniBatch:    1
03/05/2021 10:43:34 - INFO - __main__ -   	EPOCH:  21	MiniBatch:    2
03/05/2021 10:43:35 - INFO - __main__ -   	EPOCH:  21	MiniBatch:    3
03/05/2021 10:43:35 - INFO - __main__ -   	EPOCH:  21	MiniBatch:    4
03/05/2021 10:43:36 - INFO - __main__ -   	EPOCH:  21	MiniBatch:    5
03/05/2021 10:43:37 - INFO - __main__ -   	EPOCH:  21	MiniBatch:    6
03/05/2021 10:43:37 - INFO - __main__ -   	EPOCH:  21	MiniBatch:    7
03/05/2021 10:43:38 - INFO - __main__ -   	EPOCH:  21	MiniBatch:    8
03/05/2021 10:43:39 - INFO - __main__ -   	EPOCH:  21	MiniBatch:    9
03/05/2021 10:43:39 - INFO - __main__ -   	EPOCH:  21	MiniBatch:   10
03/05/2021 10:43:40 - INFO - __main__ -   	EPOCH:  21	MiniBatch:   11
03/05/2021 10:43:41 - INFO - __main__ -   	EPOCH:  21	MiniBatch:   12
03/05/2021 10:43:42 - INFO - __main__ -   	EPOCH:  21	MiniBatch:   13
03/05/2021 10:43:42 - INFO - __main__ -   	EPOCH:  21	MiniBatch:   14
03/05/2021 10:43:43 - INFO - __main__ -   	EPOCH:  21	MiniBatch:   15
03/05/2021 10:43:44 - INFO - __main__ -   	EPOCH:  21	MiniBatch:   16
03/05/2021 10:43:44 - INFO - __main__ -   	EPOCH:  21	MiniBatch:   17
03/05/2021 10:43:45 - INFO - __main__ -   	EPOCH:  21	MiniBatch:   18
03/05/2021 10:43:46 - INFO - __main__ -   	EPOCH:  21	MiniBatch:   19
03/05/2021 10:43:46 - INFO - __main__ -   	EPOCH:  21	MiniBatch:   20
03/05/2021 10:43:47 - INFO - __main__ -   	Testing dev Minibatch:    0
03/05/2021 10:43:48 - INFO - __main__ -   	Testing dev Minibatch:    1
03/05/2021 10:43:48 - INFO - __main__ -   	Testing dev Minibatch:    2
03/05/2021 10:43:49 - INFO - __main__ -   
============ Predict Tweet Stance ============
Labels 	Prec. 	Recall	F1    	Supp  
Denial 	0.3881	0.7875	0.5200	273
Support	0.6000	0.0147	0.0287	204
Comment	0.1364	0.0156	0.0280	192
Queries	0.0364	0.1818	0.0606	22
MacroF1	0.1593
F1w_avg	0.2236
Acc    	32.6

============ Predict Viral Tweets ============
Labels 	Prec. 	Recall	F1    	Supp  
N_viral	0.8604	0.8915	0.8757	553
Viral  	0.4915	0.4203	0.4531	138
MacroF1	0.6644
F1w_avg	0.7913
Acc    	79.7

03/05/2021 10:43:49 - INFO - __main__ -   	EPOCH:  22	MiniBatch:    0
03/05/2021 10:43:50 - INFO - __main__ -   	EPOCH:  22	MiniBatch:    1
03/05/2021 10:43:50 - INFO - __main__ -   	EPOCH:  22	MiniBatch:    2
03/05/2021 10:43:51 - INFO - __main__ -   	EPOCH:  22	MiniBatch:    3
03/05/2021 10:43:52 - INFO - __main__ -   	EPOCH:  22	MiniBatch:    4
03/05/2021 10:43:52 - INFO - __main__ -   	EPOCH:  22	MiniBatch:    5
03/05/2021 10:43:53 - INFO - __main__ -   	EPOCH:  22	MiniBatch:    6
03/05/2021 10:43:54 - INFO - __main__ -   	EPOCH:  22	MiniBatch:    7
03/05/2021 10:43:55 - INFO - __main__ -   	EPOCH:  22	MiniBatch:    8
03/05/2021 10:43:55 - INFO - __main__ -   	EPOCH:  22	MiniBatch:    9
03/05/2021 10:43:56 - INFO - __main__ -   	EPOCH:  22	MiniBatch:   10
03/05/2021 10:43:57 - INFO - __main__ -   	EPOCH:  22	MiniBatch:   11
03/05/2021 10:43:57 - INFO - __main__ -   	EPOCH:  22	MiniBatch:   12
03/05/2021 10:43:58 - INFO - __main__ -   	EPOCH:  22	MiniBatch:   13
03/05/2021 10:43:59 - INFO - __main__ -   	EPOCH:  22	MiniBatch:   14
03/05/2021 10:43:59 - INFO - __main__ -   	EPOCH:  22	MiniBatch:   15
03/05/2021 10:44:00 - INFO - __main__ -   	EPOCH:  22	MiniBatch:   16
03/05/2021 10:44:01 - INFO - __main__ -   	EPOCH:  22	MiniBatch:   17
03/05/2021 10:44:01 - INFO - __main__ -   	EPOCH:  22	MiniBatch:   18
03/05/2021 10:44:02 - INFO - __main__ -   	EPOCH:  22	MiniBatch:   19
03/05/2021 10:44:03 - INFO - __main__ -   	EPOCH:  22	MiniBatch:   20
03/05/2021 10:44:04 - INFO - __main__ -   	Testing dev Minibatch:    0
03/05/2021 10:44:04 - INFO - __main__ -   	Testing dev Minibatch:    1
03/05/2021 10:44:05 - INFO - __main__ -   	Testing dev Minibatch:    2
03/05/2021 10:44:05 - INFO - __main__ -   
============ Predict Tweet Stance ============
Labels 	Prec. 	Recall	F1    	Supp  
Denial 	0.3895	0.8132	0.5267	273
Support	0.5000	0.0098	0.0192	204
Comment	0.1500	0.0156	0.0283	192
Queries	0.0309	0.1364	0.0504	22
MacroF1	0.1562
F1w_avg	0.2232
Acc    	33.3

============ Predict Viral Tweets ============
Labels 	Prec. 	Recall	F1    	Supp  
N_viral	0.8569	0.9096	0.8825	553
Viral  	0.5192	0.3913	0.4463	138
MacroF1	0.6644
F1w_avg	0.7953
Acc    	80.6

03/05/2021 10:44:06 - INFO - __main__ -   	EPOCH:  23	MiniBatch:    0
03/05/2021 10:44:06 - INFO - __main__ -   	EPOCH:  23	MiniBatch:    1
03/05/2021 10:44:07 - INFO - __main__ -   	EPOCH:  23	MiniBatch:    2
03/05/2021 10:44:08 - INFO - __main__ -   	EPOCH:  23	MiniBatch:    3
03/05/2021 10:44:08 - INFO - __main__ -   	EPOCH:  23	MiniBatch:    4
03/05/2021 10:44:09 - INFO - __main__ -   	EPOCH:  23	MiniBatch:    5
03/05/2021 10:44:10 - INFO - __main__ -   	EPOCH:  23	MiniBatch:    6
03/05/2021 10:44:10 - INFO - __main__ -   	EPOCH:  23	MiniBatch:    7
03/05/2021 10:44:11 - INFO - __main__ -   	EPOCH:  23	MiniBatch:    8
03/05/2021 10:44:12 - INFO - __main__ -   	EPOCH:  23	MiniBatch:    9
03/05/2021 10:44:12 - INFO - __main__ -   	EPOCH:  23	MiniBatch:   10
03/05/2021 10:44:13 - INFO - __main__ -   	EPOCH:  23	MiniBatch:   11
03/05/2021 10:44:14 - INFO - __main__ -   	EPOCH:  23	MiniBatch:   12
03/05/2021 10:44:15 - INFO - __main__ -   	EPOCH:  23	MiniBatch:   13
03/05/2021 10:44:15 - INFO - __main__ -   	EPOCH:  23	MiniBatch:   14
03/05/2021 10:44:16 - INFO - __main__ -   	EPOCH:  23	MiniBatch:   15
03/05/2021 10:44:17 - INFO - __main__ -   	EPOCH:  23	MiniBatch:   16
03/05/2021 10:44:17 - INFO - __main__ -   	EPOCH:  23	MiniBatch:   17
03/05/2021 10:44:18 - INFO - __main__ -   	EPOCH:  23	MiniBatch:   18
03/05/2021 10:44:19 - INFO - __main__ -   	EPOCH:  23	MiniBatch:   19
03/05/2021 10:44:19 - INFO - __main__ -   	EPOCH:  23	MiniBatch:   20
03/05/2021 10:44:20 - INFO - __main__ -   	Testing dev Minibatch:    0
03/05/2021 10:44:21 - INFO - __main__ -   	Testing dev Minibatch:    1
03/05/2021 10:44:22 - INFO - __main__ -   	Testing dev Minibatch:    2
03/05/2021 10:44:22 - INFO - __main__ -   
============ Predict Tweet Stance ============
Labels 	Prec. 	Recall	F1    	Supp  
Denial 	0.3893	0.8498	0.5339	273
Support	0.0000	0.0000	0.0000	204
Comment	0.1765	0.0156	0.0287	192
Queries	0.0267	0.0909	0.0412	22
MacroF1	0.1510
F1w_avg	0.2202
Acc    	34.3

============ Predict Viral Tweets ============
Labels 	Prec. 	Recall	F1    	Supp  
N_viral	0.8472	0.9222	0.8831	553
Viral  	0.5169	0.3333	0.4053	138
MacroF1	0.6442
F1w_avg	0.7877
Acc    	80.5

03/05/2021 10:44:22 - INFO - __main__ -   	EPOCH:  24	MiniBatch:    0
03/05/2021 10:44:23 - INFO - __main__ -   	EPOCH:  24	MiniBatch:    1
03/05/2021 10:44:23 - INFO - __main__ -   	EPOCH:  24	MiniBatch:    2
03/05/2021 10:44:24 - INFO - __main__ -   	EPOCH:  24	MiniBatch:    3
03/05/2021 10:44:25 - INFO - __main__ -   	EPOCH:  24	MiniBatch:    4
03/05/2021 10:44:25 - INFO - __main__ -   	EPOCH:  24	MiniBatch:    5
03/05/2021 10:44:26 - INFO - __main__ -   	EPOCH:  24	MiniBatch:    6
03/05/2021 10:44:27 - INFO - __main__ -   	EPOCH:  24	MiniBatch:    7
03/05/2021 10:44:27 - INFO - __main__ -   	EPOCH:  24	MiniBatch:    8
03/05/2021 10:44:28 - INFO - __main__ -   	EPOCH:  24	MiniBatch:    9
03/05/2021 10:44:29 - INFO - __main__ -   	EPOCH:  24	MiniBatch:   10
03/05/2021 10:44:30 - INFO - __main__ -   	EPOCH:  24	MiniBatch:   11
03/05/2021 10:44:30 - INFO - __main__ -   	EPOCH:  24	MiniBatch:   12
03/05/2021 10:44:31 - INFO - __main__ -   	EPOCH:  24	MiniBatch:   13
03/05/2021 10:44:32 - INFO - __main__ -   	EPOCH:  24	MiniBatch:   14
03/05/2021 10:44:32 - INFO - __main__ -   	EPOCH:  24	MiniBatch:   15
03/05/2021 10:44:33 - INFO - __main__ -   	EPOCH:  24	MiniBatch:   16
03/05/2021 10:44:34 - INFO - __main__ -   	EPOCH:  24	MiniBatch:   17
03/05/2021 10:44:34 - INFO - __main__ -   	EPOCH:  24	MiniBatch:   18
03/05/2021 10:44:35 - INFO - __main__ -   	EPOCH:  24	MiniBatch:   19
03/05/2021 10:44:36 - INFO - __main__ -   	EPOCH:  24	MiniBatch:   20
03/05/2021 10:44:37 - INFO - __main__ -   	Testing dev Minibatch:    0
03/05/2021 10:44:37 - INFO - __main__ -   	Testing dev Minibatch:    1
03/05/2021 10:44:38 - INFO - __main__ -   	Testing dev Minibatch:    2
03/05/2021 10:44:38 - INFO - __main__ -   
============ Predict Tweet Stance ============
Labels 	Prec. 	Recall	F1    	Supp  
Denial 	0.3916	0.8205	0.5302	273
Support	0.5000	0.0098	0.0192	204
Comment	0.1818	0.0208	0.0374	192
Queries	0.0323	0.1364	0.0522	22
MacroF1	0.1597
F1w_avg	0.2272
Acc    	33.7

============ Predict Viral Tweets ============
Labels 	Prec. 	Recall	F1    	Supp  
N_viral	0.8552	0.9078	0.8807	553
Viral  	0.5096	0.3841	0.4380	138
MacroF1	0.6594
F1w_avg	0.7923
Acc    	80.3

03/05/2021 10:44:39 - INFO - __main__ -   	EPOCH:  25	MiniBatch:    0
03/05/2021 10:44:39 - INFO - __main__ -   	EPOCH:  25	MiniBatch:    1
03/05/2021 10:44:40 - INFO - __main__ -   	EPOCH:  25	MiniBatch:    2
03/05/2021 10:44:41 - INFO - __main__ -   	EPOCH:  25	MiniBatch:    3
03/05/2021 10:44:41 - INFO - __main__ -   	EPOCH:  25	MiniBatch:    4
03/05/2021 10:44:42 - INFO - __main__ -   	EPOCH:  25	MiniBatch:    5
03/05/2021 10:44:43 - INFO - __main__ -   	EPOCH:  25	MiniBatch:    6
03/05/2021 10:44:43 - INFO - __main__ -   	EPOCH:  25	MiniBatch:    7
03/05/2021 10:44:44 - INFO - __main__ -   	EPOCH:  25	MiniBatch:    8
03/05/2021 10:44:45 - INFO - __main__ -   	EPOCH:  25	MiniBatch:    9
03/05/2021 10:44:45 - INFO - __main__ -   	EPOCH:  25	MiniBatch:   10
03/05/2021 10:44:46 - INFO - __main__ -   	EPOCH:  25	MiniBatch:   11
03/05/2021 10:44:47 - INFO - __main__ -   	EPOCH:  25	MiniBatch:   12
03/05/2021 10:44:48 - INFO - __main__ -   	EPOCH:  25	MiniBatch:   13
03/05/2021 10:44:48 - INFO - __main__ -   	EPOCH:  25	MiniBatch:   14
03/05/2021 10:44:49 - INFO - __main__ -   	EPOCH:  25	MiniBatch:   15
03/05/2021 10:44:50 - INFO - __main__ -   	EPOCH:  25	MiniBatch:   16
03/05/2021 10:44:50 - INFO - __main__ -   	EPOCH:  25	MiniBatch:   17
03/05/2021 10:44:51 - INFO - __main__ -   	EPOCH:  25	MiniBatch:   18
03/05/2021 10:44:52 - INFO - __main__ -   	EPOCH:  25	MiniBatch:   19
03/05/2021 10:44:52 - INFO - __main__ -   	EPOCH:  25	MiniBatch:   20
03/05/2021 10:44:53 - INFO - __main__ -   	Testing dev Minibatch:    0
03/05/2021 10:44:54 - INFO - __main__ -   	Testing dev Minibatch:    1
03/05/2021 10:44:55 - INFO - __main__ -   	Testing dev Minibatch:    2
03/05/2021 10:44:55 - INFO - __main__ -   
============ Predict Tweet Stance ============
Labels 	Prec. 	Recall	F1    	Supp  
Denial 	0.3792	0.6154	0.4693	273
Support	0.1538	0.0098	0.0184	204
Comment	0.3333	0.0052	0.0103	192
Queries	0.0302	0.3182	0.0551	22
MacroF1	0.1383
F1w_avg	0.1954
Acc    	25.8

============ Predict Viral Tweets ============
Labels 	Prec. 	Recall	F1    	Supp  
N_viral	0.8969	0.7233	0.8008	553
Viral  	0.3755	0.6667	0.4804	138
MacroF1	0.6406
F1w_avg	0.7368
Acc    	71.2

03/05/2021 10:44:55 - INFO - __main__ -   	EPOCH:  26	MiniBatch:    0
03/05/2021 10:44:56 - INFO - __main__ -   	EPOCH:  26	MiniBatch:    1
03/05/2021 10:44:56 - INFO - __main__ -   	EPOCH:  26	MiniBatch:    2
03/05/2021 10:44:57 - INFO - __main__ -   	EPOCH:  26	MiniBatch:    3
03/05/2021 10:44:58 - INFO - __main__ -   	EPOCH:  26	MiniBatch:    4
03/05/2021 10:44:59 - INFO - __main__ -   	EPOCH:  26	MiniBatch:    5
03/05/2021 10:44:59 - INFO - __main__ -   	EPOCH:  26	MiniBatch:    6
03/05/2021 10:45:00 - INFO - __main__ -   	EPOCH:  26	MiniBatch:    7
03/05/2021 10:45:01 - INFO - __main__ -   	EPOCH:  26	MiniBatch:    8
03/05/2021 10:45:01 - INFO - __main__ -   	EPOCH:  26	MiniBatch:    9
03/05/2021 10:45:02 - INFO - __main__ -   	EPOCH:  26	MiniBatch:   10
03/05/2021 10:45:03 - INFO - __main__ -   	EPOCH:  26	MiniBatch:   11
03/05/2021 10:45:03 - INFO - __main__ -   	EPOCH:  26	MiniBatch:   12
03/05/2021 10:45:04 - INFO - __main__ -   	EPOCH:  26	MiniBatch:   13
03/05/2021 10:45:05 - INFO - __main__ -   	EPOCH:  26	MiniBatch:   14
03/05/2021 10:45:05 - INFO - __main__ -   	EPOCH:  26	MiniBatch:   15
03/05/2021 10:45:06 - INFO - __main__ -   	EPOCH:  26	MiniBatch:   16
03/05/2021 10:45:07 - INFO - __main__ -   	EPOCH:  26	MiniBatch:   17
03/05/2021 10:45:08 - INFO - __main__ -   	EPOCH:  26	MiniBatch:   18
03/05/2021 10:45:08 - INFO - __main__ -   	EPOCH:  26	MiniBatch:   19
03/05/2021 10:45:09 - INFO - __main__ -   	EPOCH:  26	MiniBatch:   20
03/05/2021 10:45:10 - INFO - __main__ -   	Testing dev Minibatch:    0
03/05/2021 10:45:10 - INFO - __main__ -   	Testing dev Minibatch:    1
03/05/2021 10:45:11 - INFO - __main__ -   	Testing dev Minibatch:    2
03/05/2021 10:45:11 - INFO - __main__ -   
============ Predict Tweet Stance ============
Labels 	Prec. 	Recall	F1    	Supp  
Denial 	0.3868	0.7509	0.5106	273
Support	0.4286	0.0147	0.0284	204
Comment	0.3333	0.0052	0.0103	192
Queries	0.0331	0.2273	0.0578	22
MacroF1	0.1518
F1w_avg	0.2148
Acc    	31.0

============ Predict Viral Tweets ============
Labels 	Prec. 	Recall	F1    	Supp  
N_viral	0.8599	0.8770	0.8684	553
Viral  	0.4646	0.4275	0.4453	138
MacroF1	0.6568
F1w_avg	0.7839
Acc    	78.7

03/05/2021 10:45:12 - INFO - __main__ -   	EPOCH:  27	MiniBatch:    0
03/05/2021 10:45:12 - INFO - __main__ -   	EPOCH:  27	MiniBatch:    1
03/05/2021 10:45:13 - INFO - __main__ -   	EPOCH:  27	MiniBatch:    2
03/05/2021 10:45:14 - INFO - __main__ -   	EPOCH:  27	MiniBatch:    3
03/05/2021 10:45:14 - INFO - __main__ -   	EPOCH:  27	MiniBatch:    4
03/05/2021 10:45:15 - INFO - __main__ -   	EPOCH:  27	MiniBatch:    5
03/05/2021 10:45:16 - INFO - __main__ -   	EPOCH:  27	MiniBatch:    6
03/05/2021 10:45:16 - INFO - __main__ -   	EPOCH:  27	MiniBatch:    7
03/05/2021 10:45:17 - INFO - __main__ -   	EPOCH:  27	MiniBatch:    8
03/05/2021 10:45:18 - INFO - __main__ -   	EPOCH:  27	MiniBatch:    9
03/05/2021 10:45:18 - INFO - __main__ -   	EPOCH:  27	MiniBatch:   10
03/05/2021 10:45:19 - INFO - __main__ -   	EPOCH:  27	MiniBatch:   11
03/05/2021 10:45:20 - INFO - __main__ -   	EPOCH:  27	MiniBatch:   12
03/05/2021 10:45:21 - INFO - __main__ -   	EPOCH:  27	MiniBatch:   13
03/05/2021 10:45:21 - INFO - __main__ -   	EPOCH:  27	MiniBatch:   14
03/05/2021 10:45:22 - INFO - __main__ -   	EPOCH:  27	MiniBatch:   15
03/05/2021 10:45:23 - INFO - __main__ -   	EPOCH:  27	MiniBatch:   16
03/05/2021 10:45:23 - INFO - __main__ -   	EPOCH:  27	MiniBatch:   17
03/05/2021 10:45:24 - INFO - __main__ -   	EPOCH:  27	MiniBatch:   18
03/05/2021 10:45:25 - INFO - __main__ -   	EPOCH:  27	MiniBatch:   19
03/05/2021 10:45:25 - INFO - __main__ -   	EPOCH:  27	MiniBatch:   20
03/05/2021 10:45:26 - INFO - __main__ -   	Testing dev Minibatch:    0
03/05/2021 10:45:27 - INFO - __main__ -   	Testing dev Minibatch:    1
03/05/2021 10:45:28 - INFO - __main__ -   	Testing dev Minibatch:    2
03/05/2021 10:45:28 - INFO - __main__ -   
============ Predict Tweet Stance ============
Labels 	Prec. 	Recall	F1    	Supp  
Denial 	0.3888	0.7106	0.5026	273
Support	0.1000	0.0049	0.0093	204
Comment	0.3333	0.0052	0.0103	192
Queries	0.0279	0.2273	0.0498	22
MacroF1	0.1430
F1w_avg	0.2058
Acc    	29.1

============ Predict Viral Tweets ============
Labels 	Prec. 	Recall	F1    	Supp  
N_viral	0.8707	0.8156	0.8422	553
Viral  	0.4104	0.5145	0.4566	138
MacroF1	0.6494
F1w_avg	0.7652
Acc    	75.5

03/05/2021 10:45:28 - INFO - __main__ -   	EPOCH:  28	MiniBatch:    0
03/05/2021 10:45:29 - INFO - __main__ -   	EPOCH:  28	MiniBatch:    1
03/05/2021 10:45:29 - INFO - __main__ -   	EPOCH:  28	MiniBatch:    2
03/05/2021 10:45:30 - INFO - __main__ -   	EPOCH:  28	MiniBatch:    3
03/05/2021 10:45:31 - INFO - __main__ -   	EPOCH:  28	MiniBatch:    4
03/05/2021 10:45:31 - INFO - __main__ -   	EPOCH:  28	MiniBatch:    5
03/05/2021 10:45:32 - INFO - __main__ -   	EPOCH:  28	MiniBatch:    6
03/05/2021 10:45:33 - INFO - __main__ -   	EPOCH:  28	MiniBatch:    7
03/05/2021 10:45:34 - INFO - __main__ -   	EPOCH:  28	MiniBatch:    8
03/05/2021 10:45:34 - INFO - __main__ -   	EPOCH:  28	MiniBatch:    9
03/05/2021 10:45:35 - INFO - __main__ -   	EPOCH:  28	MiniBatch:   10
03/05/2021 10:45:36 - INFO - __main__ -   	EPOCH:  28	MiniBatch:   11
03/05/2021 10:45:36 - INFO - __main__ -   	EPOCH:  28	MiniBatch:   12
03/05/2021 10:45:37 - INFO - __main__ -   	EPOCH:  28	MiniBatch:   13
03/05/2021 10:45:38 - INFO - __main__ -   	EPOCH:  28	MiniBatch:   14
03/05/2021 10:45:38 - INFO - __main__ -   	EPOCH:  28	MiniBatch:   15
03/05/2021 10:45:39 - INFO - __main__ -   	EPOCH:  28	MiniBatch:   16
03/05/2021 10:45:40 - INFO - __main__ -   	EPOCH:  28	MiniBatch:   17
03/05/2021 10:45:40 - INFO - __main__ -   	EPOCH:  28	MiniBatch:   18
03/05/2021 10:45:41 - INFO - __main__ -   	EPOCH:  28	MiniBatch:   19
03/05/2021 10:45:42 - INFO - __main__ -   	EPOCH:  28	MiniBatch:   20
03/05/2021 10:45:43 - INFO - __main__ -   	Testing dev Minibatch:    0
03/05/2021 10:45:43 - INFO - __main__ -   	Testing dev Minibatch:    1
03/05/2021 10:45:44 - INFO - __main__ -   	Testing dev Minibatch:    2
03/05/2021 10:45:44 - INFO - __main__ -   
============ Predict Tweet Stance ============
Labels 	Prec. 	Recall	F1    	Supp  
Denial 	0.3917	0.7619	0.5174	273
Support	0.2857	0.0098	0.0190	204
Comment	0.5556	0.0260	0.0498	192
Queries	0.0278	0.1818	0.0482	22
MacroF1	0.1586
F1w_avg	0.2254
Acc    	31.7

============ Predict Viral Tweets ============
Labels 	Prec. 	Recall	F1    	Supp  
N_viral	0.8623	0.8608	0.8615	553
Viral  	0.4460	0.4493	0.4477	138
MacroF1	0.6546
F1w_avg	0.7789
Acc    	77.9

03/05/2021 10:45:44 - INFO - __main__ -   	EPOCH:  29	MiniBatch:    0
03/05/2021 10:45:45 - INFO - __main__ -   	EPOCH:  29	MiniBatch:    1
03/05/2021 10:45:46 - INFO - __main__ -   	EPOCH:  29	MiniBatch:    2
03/05/2021 10:45:47 - INFO - __main__ -   	EPOCH:  29	MiniBatch:    3
03/05/2021 10:45:47 - INFO - __main__ -   	EPOCH:  29	MiniBatch:    4
03/05/2021 10:45:48 - INFO - __main__ -   	EPOCH:  29	MiniBatch:    5
03/05/2021 10:45:49 - INFO - __main__ -   	EPOCH:  29	MiniBatch:    6
03/05/2021 10:45:49 - INFO - __main__ -   	EPOCH:  29	MiniBatch:    7
03/05/2021 10:45:50 - INFO - __main__ -   	EPOCH:  29	MiniBatch:    8
03/05/2021 10:45:51 - INFO - __main__ -   	EPOCH:  29	MiniBatch:    9
03/05/2021 10:45:51 - INFO - __main__ -   	EPOCH:  29	MiniBatch:   10
03/05/2021 10:45:52 - INFO - __main__ -   	EPOCH:  29	MiniBatch:   11
03/05/2021 10:45:53 - INFO - __main__ -   	EPOCH:  29	MiniBatch:   12
03/05/2021 10:45:53 - INFO - __main__ -   	EPOCH:  29	MiniBatch:   13
03/05/2021 10:45:54 - INFO - __main__ -   	EPOCH:  29	MiniBatch:   14
03/05/2021 10:45:55 - INFO - __main__ -   	EPOCH:  29	MiniBatch:   15
03/05/2021 10:45:56 - INFO - __main__ -   	EPOCH:  29	MiniBatch:   16
03/05/2021 10:45:56 - INFO - __main__ -   	EPOCH:  29	MiniBatch:   17
03/05/2021 10:45:57 - INFO - __main__ -   	EPOCH:  29	MiniBatch:   18
03/05/2021 10:45:58 - INFO - __main__ -   	EPOCH:  29	MiniBatch:   19
03/05/2021 10:45:58 - INFO - __main__ -   	EPOCH:  29	MiniBatch:   20
03/05/2021 10:45:59 - INFO - __main__ -   	Testing dev Minibatch:    0
03/05/2021 10:46:00 - INFO - __main__ -   	Testing dev Minibatch:    1
03/05/2021 10:46:00 - INFO - __main__ -   	Testing dev Minibatch:    2
03/05/2021 10:46:01 - INFO - __main__ -   
============ Predict Tweet Stance ============
Labels 	Prec. 	Recall	F1    	Supp  
Denial 	0.3975	0.8242	0.5364	273
Support	0.1000	0.0049	0.0093	204
Comment	0.1579	0.0156	0.0284	192
Queries	0.0208	0.0909	0.0339	22
MacroF1	0.1520
F1w_avg	0.2236
Acc    	33.4

============ Predict Viral Tweets ============
Labels 	Prec. 	Recall	F1    	Supp  
N_viral	0.8392	0.9060	0.8713	553
Viral  	0.4468	0.3043	0.3621	138
MacroF1	0.6167
F1w_avg	0.7696
Acc    	78.6

03/05/2021 10:46:01 - INFO - __main__ -   	EPOCH:  30	MiniBatch:    0
03/05/2021 10:46:02 - INFO - __main__ -   	EPOCH:  30	MiniBatch:    1
03/05/2021 10:46:02 - INFO - __main__ -   	EPOCH:  30	MiniBatch:    2
03/05/2021 10:46:03 - INFO - __main__ -   	EPOCH:  30	MiniBatch:    3
03/05/2021 10:46:04 - INFO - __main__ -   	EPOCH:  30	MiniBatch:    4
03/05/2021 10:46:04 - INFO - __main__ -   	EPOCH:  30	MiniBatch:    5
03/05/2021 10:46:05 - INFO - __main__ -   	EPOCH:  30	MiniBatch:    6
03/05/2021 10:46:06 - INFO - __main__ -   	EPOCH:  30	MiniBatch:    7
03/05/2021 10:46:06 - INFO - __main__ -   	EPOCH:  30	MiniBatch:    8
03/05/2021 10:46:07 - INFO - __main__ -   	EPOCH:  30	MiniBatch:    9
03/05/2021 10:46:08 - INFO - __main__ -   	EPOCH:  30	MiniBatch:   10
03/05/2021 10:46:08 - INFO - __main__ -   	EPOCH:  30	MiniBatch:   11
03/05/2021 10:46:09 - INFO - __main__ -   	EPOCH:  30	MiniBatch:   12
03/05/2021 10:46:10 - INFO - __main__ -   	EPOCH:  30	MiniBatch:   13
03/05/2021 10:46:11 - INFO - __main__ -   	EPOCH:  30	MiniBatch:   14
03/05/2021 10:46:11 - INFO - __main__ -   	EPOCH:  30	MiniBatch:   15
03/05/2021 10:46:12 - INFO - __main__ -   	EPOCH:  30	MiniBatch:   16
03/05/2021 10:46:13 - INFO - __main__ -   	EPOCH:  30	MiniBatch:   17
03/05/2021 10:46:13 - INFO - __main__ -   	EPOCH:  30	MiniBatch:   18
03/05/2021 10:46:14 - INFO - __main__ -   	EPOCH:  30	MiniBatch:   19
03/05/2021 10:46:15 - INFO - __main__ -   	EPOCH:  30	MiniBatch:   20
03/05/2021 10:46:15 - INFO - __main__ -   	Testing dev Minibatch:    0
03/05/2021 10:46:16 - INFO - __main__ -   	Testing dev Minibatch:    1
03/05/2021 10:46:17 - INFO - __main__ -   	Testing dev Minibatch:    2
03/05/2021 10:46:17 - INFO - __main__ -   
============ Predict Tweet Stance ============
Labels 	Prec. 	Recall	F1    	Supp  
Denial 	0.3824	0.6667	0.4860	273
Support	0.1429	0.0049	0.0095	204
Comment	0.1765	0.0156	0.0287	192
Queries	0.0209	0.1818	0.0376	22
MacroF1	0.1404
F1w_avg	0.2040
Acc    	27.5

============ Predict Viral Tweets ============
Labels 	Prec. 	Recall	F1    	Supp  
N_viral	0.8841	0.8137	0.8475	553
Viral  	0.4341	0.5725	0.4937	138
MacroF1	0.6706
F1w_avg	0.7768
Acc    	76.6

03/05/2021 10:46:17 - INFO - __main__ -   	EPOCH:  31	MiniBatch:    0
03/05/2021 10:46:18 - INFO - __main__ -   	EPOCH:  31	MiniBatch:    1
03/05/2021 10:46:19 - INFO - __main__ -   	EPOCH:  31	MiniBatch:    2
03/05/2021 10:46:19 - INFO - __main__ -   	EPOCH:  31	MiniBatch:    3
03/05/2021 10:46:20 - INFO - __main__ -   	EPOCH:  31	MiniBatch:    4
03/05/2021 10:46:21 - INFO - __main__ -   	EPOCH:  31	MiniBatch:    5
03/05/2021 10:46:21 - INFO - __main__ -   	EPOCH:  31	MiniBatch:    6
03/05/2021 10:46:22 - INFO - __main__ -   	EPOCH:  31	MiniBatch:    7
03/05/2021 10:46:23 - INFO - __main__ -   	EPOCH:  31	MiniBatch:    8
03/05/2021 10:46:23 - INFO - __main__ -   	EPOCH:  31	MiniBatch:    9
03/05/2021 10:46:24 - INFO - __main__ -   	EPOCH:  31	MiniBatch:   10
03/05/2021 10:46:25 - INFO - __main__ -   	EPOCH:  31	MiniBatch:   11
03/05/2021 10:46:26 - INFO - __main__ -   	EPOCH:  31	MiniBatch:   12
03/05/2021 10:46:26 - INFO - __main__ -   	EPOCH:  31	MiniBatch:   13
03/05/2021 10:46:27 - INFO - __main__ -   	EPOCH:  31	MiniBatch:   14
03/05/2021 10:46:28 - INFO - __main__ -   	EPOCH:  31	MiniBatch:   15
03/05/2021 10:46:28 - INFO - __main__ -   	EPOCH:  31	MiniBatch:   16
03/05/2021 10:46:29 - INFO - __main__ -   	EPOCH:  31	MiniBatch:   17
03/05/2021 10:46:30 - INFO - __main__ -   	EPOCH:  31	MiniBatch:   18
03/05/2021 10:46:30 - INFO - __main__ -   	EPOCH:  31	MiniBatch:   19
03/05/2021 10:46:31 - INFO - __main__ -   	EPOCH:  31	MiniBatch:   20
03/05/2021 10:46:32 - INFO - __main__ -   	Testing dev Minibatch:    0
03/05/2021 10:46:32 - INFO - __main__ -   	Testing dev Minibatch:    1
03/05/2021 10:46:33 - INFO - __main__ -   	Testing dev Minibatch:    2
03/05/2021 10:46:33 - INFO - __main__ -   
============ Predict Tweet Stance ============
Labels 	Prec. 	Recall	F1    	Supp  
Denial 	0.3788	0.6923	0.4896	273
Support	0.2222	0.0098	0.0188	204
Comment	0.2581	0.0417	0.0717	192
Queries	0.0329	0.2273	0.0575	22
MacroF1	0.1594
F1w_avg	0.2208
Acc    	29.5

============ Predict Viral Tweets ============
Labels 	Prec. 	Recall	F1    	Supp  
N_viral	0.8582	0.8644	0.8613	553
Viral  	0.4403	0.4275	0.4338	138
MacroF1	0.6475
F1w_avg	0.7759
Acc    	77.7

03/05/2021 10:46:34 - INFO - __main__ -   	EPOCH:  32	MiniBatch:    0
03/05/2021 10:46:34 - INFO - __main__ -   	EPOCH:  32	MiniBatch:    1
03/05/2021 10:46:35 - INFO - __main__ -   	EPOCH:  32	MiniBatch:    2
03/05/2021 10:46:36 - INFO - __main__ -   	EPOCH:  32	MiniBatch:    3
03/05/2021 10:46:36 - INFO - __main__ -   	EPOCH:  32	MiniBatch:    4
03/05/2021 10:46:37 - INFO - __main__ -   	EPOCH:  32	MiniBatch:    5
03/05/2021 10:46:38 - INFO - __main__ -   	EPOCH:  32	MiniBatch:    6
03/05/2021 10:46:39 - INFO - __main__ -   	EPOCH:  32	MiniBatch:    7
03/05/2021 10:46:39 - INFO - __main__ -   	EPOCH:  32	MiniBatch:    8
03/05/2021 10:46:40 - INFO - __main__ -   	EPOCH:  32	MiniBatch:    9
03/05/2021 10:46:41 - INFO - __main__ -   	EPOCH:  32	MiniBatch:   10
03/05/2021 10:46:41 - INFO - __main__ -   	EPOCH:  32	MiniBatch:   11
03/05/2021 10:46:42 - INFO - __main__ -   	EPOCH:  32	MiniBatch:   12
03/05/2021 10:46:43 - INFO - __main__ -   	EPOCH:  32	MiniBatch:   13
03/05/2021 10:46:43 - INFO - __main__ -   	EPOCH:  32	MiniBatch:   14
03/05/2021 10:46:44 - INFO - __main__ -   	EPOCH:  32	MiniBatch:   15
03/05/2021 10:46:45 - INFO - __main__ -   	EPOCH:  32	MiniBatch:   16
03/05/2021 10:46:45 - INFO - __main__ -   	EPOCH:  32	MiniBatch:   17
03/05/2021 10:46:46 - INFO - __main__ -   	EPOCH:  32	MiniBatch:   18
03/05/2021 10:46:47 - INFO - __main__ -   	EPOCH:  32	MiniBatch:   19
03/05/2021 10:46:48 - INFO - __main__ -   	EPOCH:  32	MiniBatch:   20
03/05/2021 10:46:48 - INFO - __main__ -   	Testing dev Minibatch:    0
03/05/2021 10:46:49 - INFO - __main__ -   	Testing dev Minibatch:    1
03/05/2021 10:46:50 - INFO - __main__ -   	Testing dev Minibatch:    2
03/05/2021 10:46:50 - INFO - __main__ -   
============ Predict Tweet Stance ============
Labels 	Prec. 	Recall	F1    	Supp  
Denial 	0.3943	0.6630	0.4945	273
Support	0.2083	0.0245	0.0439	204
Comment	0.2414	0.0729	0.1120	192
Queries	0.0333	0.2273	0.0581	22
MacroF1	0.1771
F1w_avg	0.2413
Acc    	29.7

============ Predict Viral Tweets ============
Labels 	Prec. 	Recall	F1    	Supp  
N_viral	0.8626	0.8626	0.8626	553
Viral  	0.4493	0.4493	0.4493	138
MacroF1	0.6559
F1w_avg	0.7800
Acc    	78.0

03/05/2021 10:46:50 - INFO - __main__ -   	EPOCH:  33	MiniBatch:    0
03/05/2021 10:46:51 - INFO - __main__ -   	EPOCH:  33	MiniBatch:    1
03/05/2021 10:46:52 - INFO - __main__ -   	EPOCH:  33	MiniBatch:    2
03/05/2021 10:46:52 - INFO - __main__ -   	EPOCH:  33	MiniBatch:    3
03/05/2021 10:46:53 - INFO - __main__ -   	EPOCH:  33	MiniBatch:    4
03/05/2021 10:46:54 - INFO - __main__ -   	EPOCH:  33	MiniBatch:    5
03/05/2021 10:46:54 - INFO - __main__ -   	EPOCH:  33	MiniBatch:    6
03/05/2021 10:46:55 - INFO - __main__ -   	EPOCH:  33	MiniBatch:    7
03/05/2021 10:46:56 - INFO - __main__ -   	EPOCH:  33	MiniBatch:    8
03/05/2021 10:46:56 - INFO - __main__ -   	EPOCH:  33	MiniBatch:    9
03/05/2021 10:46:57 - INFO - __main__ -   	EPOCH:  33	MiniBatch:   10
03/05/2021 10:46:58 - INFO - __main__ -   	EPOCH:  33	MiniBatch:   11
03/05/2021 10:46:59 - INFO - __main__ -   	EPOCH:  33	MiniBatch:   12
03/05/2021 10:46:59 - INFO - __main__ -   	EPOCH:  33	MiniBatch:   13
03/05/2021 10:47:00 - INFO - __main__ -   	EPOCH:  33	MiniBatch:   14
03/05/2021 10:47:01 - INFO - __main__ -   	EPOCH:  33	MiniBatch:   15
03/05/2021 10:47:01 - INFO - __main__ -   	EPOCH:  33	MiniBatch:   16
03/05/2021 10:47:02 - INFO - __main__ -   	EPOCH:  33	MiniBatch:   17
03/05/2021 10:47:03 - INFO - __main__ -   	EPOCH:  33	MiniBatch:   18
03/05/2021 10:47:03 - INFO - __main__ -   	EPOCH:  33	MiniBatch:   19
03/05/2021 10:47:04 - INFO - __main__ -   	EPOCH:  33	MiniBatch:   20
03/05/2021 10:47:05 - INFO - __main__ -   	Testing dev Minibatch:    0
03/05/2021 10:47:06 - INFO - __main__ -   	Testing dev Minibatch:    1
03/05/2021 10:47:06 - INFO - __main__ -   	Testing dev Minibatch:    2
03/05/2021 10:47:06 - INFO - __main__ -   
============ Predict Tweet Stance ============
Labels 	Prec. 	Recall	F1    	Supp  
Denial 	0.3924	0.7546	0.5163	273
Support	0.4444	0.0196	0.0376	204
Comment	0.2903	0.0469	0.0807	192
Queries	0.0317	0.1818	0.0541	22
MacroF1	0.1722
F1w_avg	0.2392
Acc    	32.3

============ Predict Viral Tweets ============
Labels 	Prec. 	Recall	F1    	Supp  
N_viral	0.8586	0.8897	0.8739	553
Viral  	0.4831	0.4130	0.4453	138
MacroF1	0.6596
F1w_avg	0.7883
Acc    	79.5

03/05/2021 10:47:07 - INFO - __main__ -   	EPOCH:  34	MiniBatch:    0
03/05/2021 10:47:07 - INFO - __main__ -   	EPOCH:  34	MiniBatch:    1
03/05/2021 10:47:08 - INFO - __main__ -   	EPOCH:  34	MiniBatch:    2
03/05/2021 10:47:09 - INFO - __main__ -   	EPOCH:  34	MiniBatch:    3
03/05/2021 10:47:09 - INFO - __main__ -   	EPOCH:  34	MiniBatch:    4
03/05/2021 10:47:10 - INFO - __main__ -   	EPOCH:  34	MiniBatch:    5
03/05/2021 10:47:11 - INFO - __main__ -   	EPOCH:  34	MiniBatch:    6
03/05/2021 10:47:12 - INFO - __main__ -   	EPOCH:  34	MiniBatch:    7
03/05/2021 10:47:12 - INFO - __main__ -   	EPOCH:  34	MiniBatch:    8
03/05/2021 10:47:13 - INFO - __main__ -   	EPOCH:  34	MiniBatch:    9
03/05/2021 10:47:14 - INFO - __main__ -   	EPOCH:  34	MiniBatch:   10
03/05/2021 10:47:14 - INFO - __main__ -   	EPOCH:  34	MiniBatch:   11
03/05/2021 10:47:15 - INFO - __main__ -   	EPOCH:  34	MiniBatch:   12
03/05/2021 10:47:16 - INFO - __main__ -   	EPOCH:  34	MiniBatch:   13
03/05/2021 10:47:16 - INFO - __main__ -   	EPOCH:  34	MiniBatch:   14
03/05/2021 10:47:17 - INFO - __main__ -   	EPOCH:  34	MiniBatch:   15
03/05/2021 10:47:18 - INFO - __main__ -   	EPOCH:  34	MiniBatch:   16
03/05/2021 10:47:18 - INFO - __main__ -   	EPOCH:  34	MiniBatch:   17
03/05/2021 10:47:19 - INFO - __main__ -   	EPOCH:  34	MiniBatch:   18
03/05/2021 10:47:20 - INFO - __main__ -   	EPOCH:  34	MiniBatch:   19
03/05/2021 10:47:21 - INFO - __main__ -   	EPOCH:  34	MiniBatch:   20
03/05/2021 10:47:21 - INFO - __main__ -   	Testing dev Minibatch:    0
03/05/2021 10:47:22 - INFO - __main__ -   	Testing dev Minibatch:    1
03/05/2021 10:47:23 - INFO - __main__ -   	Testing dev Minibatch:    2
03/05/2021 10:47:23 - INFO - __main__ -   
============ Predict Tweet Stance ============
Labels 	Prec. 	Recall	F1    	Supp  
Denial 	0.3860	0.7070	0.4994	273
Support	0.3000	0.0147	0.0280	204
Comment	0.2308	0.0469	0.0779	192
Queries	0.0282	0.1818	0.0488	22
MacroF1	0.1635
F1w_avg	0.2288
Acc    	30.2

============ Predict Viral Tweets ============
Labels 	Prec. 	Recall	F1    	Supp  
N_viral	0.8574	0.8807	0.8689	553
Viral  	0.4634	0.4130	0.4368	138
MacroF1	0.6528
F1w_avg	0.7826
Acc    	78.7

03/05/2021 10:47:23 - INFO - __main__ -   	EPOCH:  35	MiniBatch:    0
03/05/2021 10:47:24 - INFO - __main__ -   	EPOCH:  35	MiniBatch:    1
03/05/2021 10:47:25 - INFO - __main__ -   	EPOCH:  35	MiniBatch:    2
03/05/2021 10:47:25 - INFO - __main__ -   	EPOCH:  35	MiniBatch:    3
03/05/2021 10:47:26 - INFO - __main__ -   	EPOCH:  35	MiniBatch:    4
03/05/2021 10:47:27 - INFO - __main__ -   	EPOCH:  35	MiniBatch:    5
03/05/2021 10:47:27 - INFO - __main__ -   	EPOCH:  35	MiniBatch:    6
03/05/2021 10:47:28 - INFO - __main__ -   	EPOCH:  35	MiniBatch:    7
03/05/2021 10:47:29 - INFO - __main__ -   	EPOCH:  35	MiniBatch:    8
03/05/2021 10:47:29 - INFO - __main__ -   	EPOCH:  35	MiniBatch:    9
03/05/2021 10:47:30 - INFO - __main__ -   	EPOCH:  35	MiniBatch:   10
03/05/2021 10:47:31 - INFO - __main__ -   	EPOCH:  35	MiniBatch:   11
03/05/2021 10:47:31 - INFO - __main__ -   	EPOCH:  35	MiniBatch:   12
03/05/2021 10:47:32 - INFO - __main__ -   	EPOCH:  35	MiniBatch:   13
03/05/2021 10:47:33 - INFO - __main__ -   	EPOCH:  35	MiniBatch:   14
03/05/2021 10:47:34 - INFO - __main__ -   	EPOCH:  35	MiniBatch:   15
03/05/2021 10:47:34 - INFO - __main__ -   	EPOCH:  35	MiniBatch:   16
03/05/2021 10:47:35 - INFO - __main__ -   	EPOCH:  35	MiniBatch:   17
03/05/2021 10:47:36 - INFO - __main__ -   	EPOCH:  35	MiniBatch:   18
03/05/2021 10:47:36 - INFO - __main__ -   	EPOCH:  35	MiniBatch:   19
03/05/2021 10:47:37 - INFO - __main__ -   	EPOCH:  35	MiniBatch:   20
03/05/2021 10:47:38 - INFO - __main__ -   	Testing dev Minibatch:    0
03/05/2021 10:47:38 - INFO - __main__ -   	Testing dev Minibatch:    1
03/05/2021 10:47:39 - INFO - __main__ -   	Testing dev Minibatch:    2
03/05/2021 10:47:39 - INFO - __main__ -   
============ Predict Tweet Stance ============
Labels 	Prec. 	Recall	F1    	Supp  
Denial 	0.3830	0.5934	0.4655	273
Support	0.2222	0.0098	0.0188	204
Comment	0.4000	0.0833	0.1379	192
Queries	0.0274	0.2727	0.0498	22
MacroF1	0.1680
F1w_avg	0.2294
Acc    	26.9

============ Predict Viral Tweets ============
Labels 	Prec. 	Recall	F1    	Supp  
N_viral	0.8882	0.7902	0.8364	553
Viral  	0.4171	0.6014	0.4926	138
MacroF1	0.6645
F1w_avg	0.7677
Acc    	75.3

03/05/2021 10:47:40 - INFO - __main__ -   	EPOCH:  36	MiniBatch:    0
03/05/2021 10:47:40 - INFO - __main__ -   	EPOCH:  36	MiniBatch:    1
03/05/2021 10:47:41 - INFO - __main__ -   	EPOCH:  36	MiniBatch:    2
03/05/2021 10:47:42 - INFO - __main__ -   	EPOCH:  36	MiniBatch:    3
03/05/2021 10:47:42 - INFO - __main__ -   	EPOCH:  36	MiniBatch:    4
03/05/2021 10:47:43 - INFO - __main__ -   	EPOCH:  36	MiniBatch:    5
03/05/2021 10:47:44 - INFO - __main__ -   	EPOCH:  36	MiniBatch:    6
03/05/2021 10:47:44 - INFO - __main__ -   	EPOCH:  36	MiniBatch:    7
03/05/2021 10:47:45 - INFO - __main__ -   	EPOCH:  36	MiniBatch:    8
03/05/2021 10:47:46 - INFO - __main__ -   	EPOCH:  36	MiniBatch:    9
03/05/2021 10:47:47 - INFO - __main__ -   	EPOCH:  36	MiniBatch:   10
03/05/2021 10:47:47 - INFO - __main__ -   	EPOCH:  36	MiniBatch:   11
03/05/2021 10:47:48 - INFO - __main__ -   	EPOCH:  36	MiniBatch:   12
03/05/2021 10:47:49 - INFO - __main__ -   	EPOCH:  36	MiniBatch:   13
03/05/2021 10:47:49 - INFO - __main__ -   	EPOCH:  36	MiniBatch:   14
03/05/2021 10:47:50 - INFO - __main__ -   	EPOCH:  36	MiniBatch:   15
03/05/2021 10:47:51 - INFO - __main__ -   	EPOCH:  36	MiniBatch:   16
03/05/2021 10:47:51 - INFO - __main__ -   	EPOCH:  36	MiniBatch:   17
03/05/2021 10:47:52 - INFO - __main__ -   	EPOCH:  36	MiniBatch:   18
03/05/2021 10:47:53 - INFO - __main__ -   	EPOCH:  36	MiniBatch:   19
03/05/2021 10:47:53 - INFO - __main__ -   	EPOCH:  36	MiniBatch:   20
03/05/2021 10:47:54 - INFO - __main__ -   	Testing dev Minibatch:    0
03/05/2021 10:47:55 - INFO - __main__ -   	Testing dev Minibatch:    1
03/05/2021 10:47:56 - INFO - __main__ -   	Testing dev Minibatch:    2
03/05/2021 10:47:56 - INFO - __main__ -   
============ Predict Tweet Stance ============
Labels 	Prec. 	Recall	F1    	Supp  
Denial 	0.3897	0.6923	0.4987	273
Support	0.4000	0.0098	0.0191	204
Comment	0.3243	0.0625	0.1048	192
Queries	0.0305	0.2273	0.0538	22
MacroF1	0.1691
F1w_avg	0.2335
Acc    	30.1

============ Predict Viral Tweets ============
Labels 	Prec. 	Recall	F1    	Supp  
N_viral	0.8658	0.8517	0.8587	553
Viral  	0.4422	0.4710	0.4561	138
MacroF1	0.6574
F1w_avg	0.7783
Acc    	77.6

03/05/2021 10:47:56 - INFO - __main__ -   No improvements in F1 for 20 epochs
03/05/2021 10:47:58 - INFO - __main__ -   	Testing test Minibatch:    0
03/05/2021 10:47:59 - INFO - __main__ -   	Testing test Minibatch:    1
03/05/2021 10:47:59 - INFO - __main__ -   	Testing test Minibatch:    2
03/05/2021 10:47:59 - INFO - __main__ -   
============ Predict Tweet Stance ============
Labels 	Prec. 	Recall	F1    	Supp  
Denial 	0.3472	0.7132	0.4670	258
Support	0.2000	0.0045	0.0087	224
Comment	0.2727	0.0321	0.0574	187
Queries	0.0370	0.2174	0.0633	23
MacroF1	0.1491
F1w_avg	0.1946
Acc    	28.3

============ Predict Viral Tweets ============
Labels 	Prec. 	Recall	F1    	Supp  
N_viral	0.8851	0.8499	0.8672	553
Viral  	0.4845	0.5612	0.5200	139
MacroF1	0.6936
F1w_avg	0.7974
Acc    	79.2

03/05/2021 10:47:59 - INFO - __main__ -   Time taken: 0h 10m 31s
