02/09/2021 09:34:41 - INFO - __main__ -   ----------------- Hyperparameters ------------------
02/09/2021 09:34:41 - INFO - __main__ -   ======== my_modelA0 =========
02/09/2021 09:34:41 - INFO - __main__ -   ===== Hyperparameters ======
02/09/2021 09:34:41 - INFO - __main__ -   batch_train: 64
02/09/2021 09:34:41 - INFO - __main__ -   batch_test:  64
02/09/2021 09:34:41 - INFO - __main__ -   epochs: 40 
02/09/2021 09:34:41 - INFO - __main__ -   learning_rate: 0.000020
02/09/2021 09:34:41 - INFO - __main__ -   optimizer: adam
02/09/2021 09:34:41 - INFO - __main__ -   debug: False
02/09/2021 09:34:41 - INFO - __main__ -   ------------------ Getting model -------------------
02/09/2021 09:34:47 - INFO - __main__ -   --------------- Getting dataframes -----------------
02/09/2021 09:34:48 - INFO - __main__ -   ------- Setting loss function and optimizer --------
02/09/2021 09:34:48 - INFO - __main__ -   ------------ Converting to dataloaders -------------
02/09/2021 09:34:48 - INFO - __main__ -   919
02/09/2021 09:34:48 - INFO - __main__ -   812
02/09/2021 09:34:48 - INFO - __main__ -   740
02/09/2021 09:34:48 - INFO - __main__ -   92
02/09/2021 09:34:48 - INFO - __main__ -   ---------------- Starting training -----------------
02/09/2021 09:34:48 - INFO - __main__ -   	EPOCH:   0	MiniBatch:    0
02/09/2021 09:34:58 - INFO - __main__ -   	EPOCH:   0	MiniBatch:   10
02/09/2021 09:35:07 - INFO - __main__ -   	EPOCH:   0	MiniBatch:   20
02/09/2021 09:35:16 - INFO - __main__ -   	EPOCH:   0	MiniBatch:   30
02/09/2021 09:35:26 - INFO - __main__ -   	EPOCH:   0	MiniBatch:   40
02/09/2021 09:35:26 - INFO - __main__ -   	Testing dev Minibatch:    0
02/09/2021 09:35:30 - INFO - __main__ -   	Testing dev Minibatch:   10
02/09/2021 09:35:31 - INFO - __main__ -   
Labels 	Prec. 	Recall	F1    	Supp  
Denial 	0.3910	0.1640	0.2311	317
Support	0.3333	0.0181	0.0344	276
Comment	0.3987	0.2739	0.3247	230
Queries	0.0365	0.6452	0.0691	31
MacroF1	0.1648
F1w_avg	0.1869
Acc    	16.4

02/09/2021 09:35:31 - INFO - __main__ -   	EPOCH:   1	MiniBatch:    0
02/09/2021 09:35:41 - INFO - __main__ -   	EPOCH:   1	MiniBatch:   10
02/09/2021 09:35:50 - INFO - __main__ -   	EPOCH:   1	MiniBatch:   20
02/09/2021 09:36:00 - INFO - __main__ -   	EPOCH:   1	MiniBatch:   30
02/09/2021 09:36:09 - INFO - __main__ -   	EPOCH:   1	MiniBatch:   40
02/09/2021 09:36:09 - INFO - __main__ -   	Testing dev Minibatch:    0
02/09/2021 09:36:13 - INFO - __main__ -   	Testing dev Minibatch:   10
02/09/2021 09:36:14 - INFO - __main__ -   
Labels 	Prec. 	Recall	F1    	Supp  
Denial 	0.3975	0.2019	0.2678	317
Support	0.0000	0.0000	0.0000	276
Comment	0.3001	0.9043	0.4507	230
Queries	0.0000	0.0000	0.0000	31
MacroF1	0.1796
F1w_avg	0.2208
Acc    	31.9

02/09/2021 09:36:15 - INFO - __main__ -   	EPOCH:   2	MiniBatch:    0
02/09/2021 09:36:25 - INFO - __main__ -   	EPOCH:   2	MiniBatch:   10
02/09/2021 09:36:34 - INFO - __main__ -   	EPOCH:   2	MiniBatch:   20
02/09/2021 09:36:44 - INFO - __main__ -   	EPOCH:   2	MiniBatch:   30
02/09/2021 09:36:53 - INFO - __main__ -   	EPOCH:   2	MiniBatch:   40
02/09/2021 09:36:53 - INFO - __main__ -   	Testing dev Minibatch:    0
02/09/2021 09:36:57 - INFO - __main__ -   	Testing dev Minibatch:   10
02/09/2021 09:36:58 - INFO - __main__ -   
Labels 	Prec. 	Recall	F1    	Supp  
Denial 	0.4351	0.2114	0.2845	317
Support	0.3679	0.6812	0.4778	276
Comment	0.3758	0.2435	0.2955	230
Queries	0.2250	0.2903	0.2535	31
MacroF1	0.3278
F1w_avg	0.3488
Acc    	37.5

02/09/2021 09:36:59 - INFO - __main__ -   	EPOCH:   3	MiniBatch:    0
02/09/2021 09:37:09 - INFO - __main__ -   	EPOCH:   3	MiniBatch:   10
02/09/2021 09:37:18 - INFO - __main__ -   	EPOCH:   3	MiniBatch:   20
02/09/2021 09:37:28 - INFO - __main__ -   	EPOCH:   3	MiniBatch:   30
02/09/2021 09:37:37 - INFO - __main__ -   	EPOCH:   3	MiniBatch:   40
02/09/2021 09:37:37 - INFO - __main__ -   	Testing dev Minibatch:    0
02/09/2021 09:37:41 - INFO - __main__ -   	Testing dev Minibatch:   10
02/09/2021 09:37:42 - INFO - __main__ -   
Labels 	Prec. 	Recall	F1    	Supp  
Denial 	0.3720	0.5457	0.4425	317
Support	0.3991	0.3080	0.3476	276
Comment	0.3741	0.2391	0.2918	230
Queries	0.2069	0.1935	0.2000	31
MacroF1	0.3205
F1w_avg	0.3624
Acc    	37.4

02/09/2021 09:37:42 - INFO - __main__ -   	EPOCH:   4	MiniBatch:    0
02/09/2021 09:37:52 - INFO - __main__ -   	EPOCH:   4	MiniBatch:   10
02/09/2021 09:38:01 - INFO - __main__ -   	EPOCH:   4	MiniBatch:   20
02/09/2021 09:38:11 - INFO - __main__ -   	EPOCH:   4	MiniBatch:   30
02/09/2021 09:38:20 - INFO - __main__ -   	EPOCH:   4	MiniBatch:   40
02/09/2021 09:38:20 - INFO - __main__ -   	Testing dev Minibatch:    0
02/09/2021 09:38:24 - INFO - __main__ -   	Testing dev Minibatch:   10
02/09/2021 09:38:25 - INFO - __main__ -   
Labels 	Prec. 	Recall	F1    	Supp  
Denial 	0.3786	0.6246	0.4714	317
Support	0.5000	0.0399	0.0738	276
Comment	0.3320	0.3652	0.3478	230
Queries	0.2321	0.4194	0.2989	31
MacroF1	0.2980
F1w_avg	0.3034
Acc    	35.8

02/09/2021 09:38:25 - INFO - __main__ -   	EPOCH:   5	MiniBatch:    0
02/09/2021 09:38:35 - INFO - __main__ -   	EPOCH:   5	MiniBatch:   10
02/09/2021 09:38:44 - INFO - __main__ -   	EPOCH:   5	MiniBatch:   20
02/09/2021 09:38:54 - INFO - __main__ -   	EPOCH:   5	MiniBatch:   30
02/09/2021 09:39:03 - INFO - __main__ -   	EPOCH:   5	MiniBatch:   40
02/09/2021 09:39:03 - INFO - __main__ -   	Testing dev Minibatch:    0
02/09/2021 09:39:07 - INFO - __main__ -   	Testing dev Minibatch:   10
02/09/2021 09:39:08 - INFO - __main__ -   
Labels 	Prec. 	Recall	F1    	Supp  
Denial 	0.0000	0.0000	0.0000	317
Support	0.3531	0.9058	0.5081	276
Comment	0.4348	0.2174	0.2899	230
Queries	0.2581	0.2581	0.2581	31
MacroF1	0.2640
F1w_avg	0.2517
Acc    	36.1

02/09/2021 09:39:08 - INFO - __main__ -   	EPOCH:   6	MiniBatch:    0
02/09/2021 09:39:17 - INFO - __main__ -   	EPOCH:   6	MiniBatch:   10
02/09/2021 09:39:27 - INFO - __main__ -   	EPOCH:   6	MiniBatch:   20
02/09/2021 09:39:36 - INFO - __main__ -   	EPOCH:   6	MiniBatch:   30
02/09/2021 09:39:46 - INFO - __main__ -   	EPOCH:   6	MiniBatch:   40
02/09/2021 09:39:46 - INFO - __main__ -   	Testing dev Minibatch:    0
02/09/2021 09:39:49 - INFO - __main__ -   	Testing dev Minibatch:   10
02/09/2021 09:39:51 - INFO - __main__ -   
Labels 	Prec. 	Recall	F1    	Supp  
Denial 	0.3895	0.4448	0.4153	317
Support	0.4000	0.0072	0.0142	276
Comment	0.3468	0.5217	0.4167	230
Queries	0.1418	0.6452	0.2326	31
MacroF1	0.2697
F1w_avg	0.2794
Acc    	33.1

02/09/2021 09:39:51 - INFO - __main__ -   	EPOCH:   7	MiniBatch:    0
02/09/2021 09:40:00 - INFO - __main__ -   	EPOCH:   7	MiniBatch:   10
02/09/2021 09:40:10 - INFO - __main__ -   	EPOCH:   7	MiniBatch:   20
02/09/2021 09:40:19 - INFO - __main__ -   	EPOCH:   7	MiniBatch:   30
02/09/2021 09:40:29 - INFO - __main__ -   	EPOCH:   7	MiniBatch:   40
02/09/2021 09:40:29 - INFO - __main__ -   	Testing dev Minibatch:    0
02/09/2021 09:40:32 - INFO - __main__ -   	Testing dev Minibatch:   10
02/09/2021 09:40:34 - INFO - __main__ -   
Labels 	Prec. 	Recall	F1    	Supp  
Denial 	0.3962	0.0662	0.1135	317
Support	0.3766	0.8514	0.5222	276
Comment	0.4113	0.2522	0.3127	230
Queries	0.2500	0.2903	0.2687	31
MacroF1	0.3043
F1w_avg	0.3049
Acc    	37.8

02/09/2021 09:40:34 - INFO - __main__ -   	EPOCH:   8	MiniBatch:    0
02/09/2021 09:40:43 - INFO - __main__ -   	EPOCH:   8	MiniBatch:   10
02/09/2021 09:40:53 - INFO - __main__ -   	EPOCH:   8	MiniBatch:   20
02/09/2021 09:41:02 - INFO - __main__ -   	EPOCH:   8	MiniBatch:   30
02/09/2021 09:41:12 - INFO - __main__ -   	EPOCH:   8	MiniBatch:   40
02/09/2021 09:41:12 - INFO - __main__ -   	Testing dev Minibatch:    0
02/09/2021 09:41:15 - INFO - __main__ -   	Testing dev Minibatch:   10
02/09/2021 09:41:16 - INFO - __main__ -   
Labels 	Prec. 	Recall	F1    	Supp  
Denial 	0.4127	0.0820	0.1368	317
Support	0.3938	0.6449	0.4890	276
Comment	0.3947	0.5217	0.4494	230
Queries	0.2857	0.3226	0.3030	31
MacroF1	0.3446
F1w_avg	0.3409
Acc    	39.1

02/09/2021 09:41:18 - INFO - __main__ -   	EPOCH:   9	MiniBatch:    0
02/09/2021 09:41:27 - INFO - __main__ -   	EPOCH:   9	MiniBatch:   10
02/09/2021 09:41:37 - INFO - __main__ -   	EPOCH:   9	MiniBatch:   20
02/09/2021 09:41:46 - INFO - __main__ -   	EPOCH:   9	MiniBatch:   30
02/09/2021 09:41:56 - INFO - __main__ -   	EPOCH:   9	MiniBatch:   40
02/09/2021 09:41:56 - INFO - __main__ -   	Testing dev Minibatch:    0
02/09/2021 09:41:59 - INFO - __main__ -   	Testing dev Minibatch:   10
02/09/2021 09:42:01 - INFO - __main__ -   
Labels 	Prec. 	Recall	F1    	Supp  
Denial 	0.4331	0.3880	0.4093	317
Support	0.4047	0.7536	0.5266	276
Comment	0.4412	0.0652	0.1136	230
Queries	0.3182	0.2258	0.2642	31
MacroF1	0.3284
F1w_avg	0.3623
Acc    	41.3

02/09/2021 09:42:01 - INFO - __main__ -   	EPOCH:  10	MiniBatch:    0
02/09/2021 09:42:10 - INFO - __main__ -   	EPOCH:  10	MiniBatch:   10
02/09/2021 09:42:20 - INFO - __main__ -   	EPOCH:  10	MiniBatch:   20
02/09/2021 09:42:29 - INFO - __main__ -   	EPOCH:  10	MiniBatch:   30
02/09/2021 09:42:39 - INFO - __main__ -   	EPOCH:  10	MiniBatch:   40
02/09/2021 09:42:39 - INFO - __main__ -   	Testing dev Minibatch:    0
02/09/2021 09:42:42 - INFO - __main__ -   	Testing dev Minibatch:   10
02/09/2021 09:42:43 - INFO - __main__ -   
Labels 	Prec. 	Recall	F1    	Supp  
Denial 	0.3814	0.8265	0.5219	317
Support	0.3704	0.0362	0.0660	276
Comment	0.4390	0.2348	0.3059	230
Queries	0.3529	0.1935	0.2500	31
MacroF1	0.2860
F1w_avg	0.3065
Acc    	38.9

02/09/2021 09:42:44 - INFO - __main__ -   	EPOCH:  11	MiniBatch:    0
02/09/2021 09:42:53 - INFO - __main__ -   	EPOCH:  11	MiniBatch:   10
02/09/2021 09:43:03 - INFO - __main__ -   	EPOCH:  11	MiniBatch:   20
02/09/2021 09:43:12 - INFO - __main__ -   	EPOCH:  11	MiniBatch:   30
02/09/2021 09:43:21 - INFO - __main__ -   	EPOCH:  11	MiniBatch:   40
02/09/2021 09:43:22 - INFO - __main__ -   	Testing dev Minibatch:    0
02/09/2021 09:43:25 - INFO - __main__ -   	Testing dev Minibatch:   10
02/09/2021 09:43:26 - INFO - __main__ -   
Labels 	Prec. 	Recall	F1    	Supp  
Denial 	0.3859	0.8486	0.5306	317
Support	0.4554	0.1667	0.2440	276
Comment	0.3778	0.0739	0.1236	230
Queries	0.2727	0.0968	0.1429	31
MacroF1	0.2603
F1w_avg	0.3143
Acc    	39.2

02/09/2021 09:43:26 - INFO - __main__ -   	EPOCH:  12	MiniBatch:    0
02/09/2021 09:43:36 - INFO - __main__ -   	EPOCH:  12	MiniBatch:   10
02/09/2021 09:43:45 - INFO - __main__ -   	EPOCH:  12	MiniBatch:   20
02/09/2021 09:43:55 - INFO - __main__ -   	EPOCH:  12	MiniBatch:   30
02/09/2021 09:44:04 - INFO - __main__ -   	EPOCH:  12	MiniBatch:   40
02/09/2021 09:44:04 - INFO - __main__ -   	Testing dev Minibatch:    0
02/09/2021 09:44:08 - INFO - __main__ -   	Testing dev Minibatch:   10
02/09/2021 09:44:09 - INFO - __main__ -   
Labels 	Prec. 	Recall	F1    	Supp  
Denial 	0.3979	0.7192	0.5124	317
Support	0.4167	0.0543	0.0962	276
Comment	0.4000	0.3913	0.3956	230
Queries	0.2500	0.1613	0.1961	31
MacroF1	0.3000
F1w_avg	0.3349
Acc    	39.6

02/09/2021 09:44:09 - INFO - __main__ -   	EPOCH:  13	MiniBatch:    0
02/09/2021 09:44:18 - INFO - __main__ -   	EPOCH:  13	MiniBatch:   10
02/09/2021 09:44:28 - INFO - __main__ -   	EPOCH:  13	MiniBatch:   20
02/09/2021 09:44:37 - INFO - __main__ -   	EPOCH:  13	MiniBatch:   30
02/09/2021 09:44:47 - INFO - __main__ -   	EPOCH:  13	MiniBatch:   40
02/09/2021 09:44:47 - INFO - __main__ -   	Testing dev Minibatch:    0
02/09/2021 09:44:50 - INFO - __main__ -   	Testing dev Minibatch:   10
02/09/2021 09:44:52 - INFO - __main__ -   
Labels 	Prec. 	Recall	F1    	Supp  
Denial 	0.3896	0.6404	0.4845	317
Support	0.4706	0.0580	0.1032	276
Comment	0.3721	0.4174	0.3934	230
Queries	0.2195	0.2903	0.2500	31
MacroF1	0.3078
F1w_avg	0.3282
Acc    	37.9

02/09/2021 09:44:52 - INFO - __main__ -   	EPOCH:  14	MiniBatch:    0
02/09/2021 09:45:01 - INFO - __main__ -   	EPOCH:  14	MiniBatch:   10
02/09/2021 09:45:11 - INFO - __main__ -   	EPOCH:  14	MiniBatch:   20
02/09/2021 09:45:20 - INFO - __main__ -   	EPOCH:  14	MiniBatch:   30
02/09/2021 09:45:30 - INFO - __main__ -   	EPOCH:  14	MiniBatch:   40
02/09/2021 09:45:30 - INFO - __main__ -   	Testing dev Minibatch:    0
02/09/2021 09:45:33 - INFO - __main__ -   	Testing dev Minibatch:   10
02/09/2021 09:45:34 - INFO - __main__ -   
Labels 	Prec. 	Recall	F1    	Supp  
Denial 	0.4268	0.2114	0.2827	317
Support	0.4069	0.6884	0.5114	276
Comment	0.4143	0.3783	0.3955	230
Queries	0.2000	0.1290	0.1569	31
MacroF1	0.3366
F1w_avg	0.3824
Acc    	40.7

02/09/2021 09:45:35 - INFO - __main__ -   	EPOCH:  15	MiniBatch:    0
02/09/2021 09:45:44 - INFO - __main__ -   	EPOCH:  15	MiniBatch:   10
02/09/2021 09:45:54 - INFO - __main__ -   	EPOCH:  15	MiniBatch:   20
02/09/2021 09:46:03 - INFO - __main__ -   	EPOCH:  15	MiniBatch:   30
02/09/2021 09:46:13 - INFO - __main__ -   	EPOCH:  15	MiniBatch:   40
02/09/2021 09:46:13 - INFO - __main__ -   	Testing dev Minibatch:    0
02/09/2021 09:46:16 - INFO - __main__ -   	Testing dev Minibatch:   10
02/09/2021 09:46:17 - INFO - __main__ -   
Labels 	Prec. 	Recall	F1    	Supp  
Denial 	0.4435	0.1609	0.2361	317
Support	0.3937	0.6775	0.4980	276
Comment	0.3651	0.3826	0.3737	230
Queries	0.2174	0.1613	0.1852	31
MacroF1	0.3232
F1w_avg	0.3560
Acc    	38.8

02/09/2021 09:46:17 - INFO - __main__ -   	EPOCH:  16	MiniBatch:    0
02/09/2021 09:46:27 - INFO - __main__ -   	EPOCH:  16	MiniBatch:   10
02/09/2021 09:46:36 - INFO - __main__ -   	EPOCH:  16	MiniBatch:   20
02/09/2021 09:46:46 - INFO - __main__ -   	EPOCH:  16	MiniBatch:   30
02/09/2021 09:46:55 - INFO - __main__ -   	EPOCH:  16	MiniBatch:   40
02/09/2021 09:46:56 - INFO - __main__ -   	Testing dev Minibatch:    0
02/09/2021 09:46:59 - INFO - __main__ -   	Testing dev Minibatch:   10
02/09/2021 09:47:00 - INFO - __main__ -   
Labels 	Prec. 	Recall	F1    	Supp  
Denial 	0.3932	0.6972	0.5028	317
Support	0.4592	0.1630	0.2406	276
Comment	0.3405	0.2739	0.3036	230
Queries	0.1111	0.0323	0.0500	31
MacroF1	0.2743
F1w_avg	0.3480
Acc    	38.6

02/09/2021 09:47:00 - INFO - __main__ -   	EPOCH:  17	MiniBatch:    0
02/09/2021 09:47:10 - INFO - __main__ -   	EPOCH:  17	MiniBatch:   10
02/09/2021 09:47:19 - INFO - __main__ -   	EPOCH:  17	MiniBatch:   20
02/09/2021 09:47:29 - INFO - __main__ -   	EPOCH:  17	MiniBatch:   30
02/09/2021 09:47:38 - INFO - __main__ -   	EPOCH:  17	MiniBatch:   40
02/09/2021 09:47:39 - INFO - __main__ -   	Testing dev Minibatch:    0
02/09/2021 09:47:42 - INFO - __main__ -   	Testing dev Minibatch:   10
02/09/2021 09:47:43 - INFO - __main__ -   
Labels 	Prec. 	Recall	F1    	Supp  
Denial 	0.4034	0.2240	0.2880	317
Support	0.5405	0.0725	0.1278	276
Comment	0.2850	0.7609	0.4147	230
Queries	0.2593	0.2258	0.2414	31
MacroF1	0.2680
F1w_avg	0.2687
Acc    	32.0

02/09/2021 09:47:43 - INFO - __main__ -   	EPOCH:  18	MiniBatch:    0
02/09/2021 09:47:53 - INFO - __main__ -   	EPOCH:  18	MiniBatch:   10
02/09/2021 09:48:02 - INFO - __main__ -   	EPOCH:  18	MiniBatch:   20
02/09/2021 09:48:12 - INFO - __main__ -   	EPOCH:  18	MiniBatch:   30
02/09/2021 09:48:21 - INFO - __main__ -   	EPOCH:  18	MiniBatch:   40
02/09/2021 09:48:21 - INFO - __main__ -   	Testing dev Minibatch:    0
02/09/2021 09:48:25 - INFO - __main__ -   	Testing dev Minibatch:   10
02/09/2021 09:48:26 - INFO - __main__ -   
Labels 	Prec. 	Recall	F1    	Supp  
Denial 	0.4289	0.5142	0.4677	317
Support	0.4368	0.5761	0.4969	276
Comment	0.4157	0.1609	0.2320	230
Queries	0.1905	0.1290	0.1538	31
MacroF1	0.3376
F1w_avg	0.4023
Acc    	42.5

02/09/2021 09:48:26 - INFO - __main__ -   	EPOCH:  19	MiniBatch:    0
02/09/2021 09:48:36 - INFO - __main__ -   	EPOCH:  19	MiniBatch:   10
02/09/2021 09:48:45 - INFO - __main__ -   	EPOCH:  19	MiniBatch:   20
02/09/2021 09:48:55 - INFO - __main__ -   	EPOCH:  19	MiniBatch:   30
02/09/2021 09:49:04 - INFO - __main__ -   	EPOCH:  19	MiniBatch:   40
02/09/2021 09:49:04 - INFO - __main__ -   	Testing dev Minibatch:    0
02/09/2021 09:49:08 - INFO - __main__ -   	Testing dev Minibatch:   10
02/09/2021 09:49:09 - INFO - __main__ -   
Labels 	Prec. 	Recall	F1    	Supp  
Denial 	0.4749	0.5678	0.5172	317
Support	0.4743	0.6014	0.5304	276
Comment	0.3814	0.1957	0.2586	230
Queries	0.1429	0.0323	0.0526	31
MacroF1	0.3397
F1w_avg	0.4350
Acc    	45.9

02/09/2021 09:49:09 - INFO - __main__ -   	EPOCH:  20	MiniBatch:    0
02/09/2021 09:49:18 - INFO - __main__ -   	EPOCH:  20	MiniBatch:   10
02/09/2021 09:49:28 - INFO - __main__ -   	EPOCH:  20	MiniBatch:   20
02/09/2021 09:49:37 - INFO - __main__ -   	EPOCH:  20	MiniBatch:   30
02/09/2021 09:49:47 - INFO - __main__ -   	EPOCH:  20	MiniBatch:   40
02/09/2021 09:49:47 - INFO - __main__ -   	Testing dev Minibatch:    0
02/09/2021 09:49:51 - INFO - __main__ -   	Testing dev Minibatch:   10
02/09/2021 09:49:52 - INFO - __main__ -   
Labels 	Prec. 	Recall	F1    	Supp  
Denial 	0.3802	0.6309	0.4745	317
Support	0.3333	0.0036	0.0072	276
Comment	0.3387	0.4565	0.3889	230
Queries	0.3333	0.1613	0.2174	31
MacroF1	0.2720
F1w_avg	0.2911
Acc    	36.4

02/09/2021 09:49:52 - INFO - __main__ -   	EPOCH:  21	MiniBatch:    0
02/09/2021 09:50:01 - INFO - __main__ -   	EPOCH:  21	MiniBatch:   10
02/09/2021 09:50:11 - INFO - __main__ -   	EPOCH:  21	MiniBatch:   20
02/09/2021 09:50:20 - INFO - __main__ -   	EPOCH:  21	MiniBatch:   30
02/09/2021 09:50:30 - INFO - __main__ -   	EPOCH:  21	MiniBatch:   40
02/09/2021 09:50:30 - INFO - __main__ -   	Testing dev Minibatch:    0
02/09/2021 09:50:33 - INFO - __main__ -   	Testing dev Minibatch:   10
02/09/2021 09:50:35 - INFO - __main__ -   
Labels 	Prec. 	Recall	F1    	Supp  
Denial 	0.4335	0.7192	0.5409	317
Support	0.4444	0.3188	0.3713	276
Comment	0.4228	0.2261	0.2946	230
Queries	0.1429	0.0323	0.0526	31
MacroF1	0.3149
F1w_avg	0.4020
Acc    	43.2

02/09/2021 09:50:35 - INFO - __main__ -   	EPOCH:  22	MiniBatch:    0
02/09/2021 09:50:44 - INFO - __main__ -   	EPOCH:  22	MiniBatch:   10
02/09/2021 09:50:54 - INFO - __main__ -   	EPOCH:  22	MiniBatch:   20
02/09/2021 09:51:03 - INFO - __main__ -   	EPOCH:  22	MiniBatch:   30
02/09/2021 09:51:13 - INFO - __main__ -   	EPOCH:  22	MiniBatch:   40
02/09/2021 09:51:13 - INFO - __main__ -   	Testing dev Minibatch:    0
02/09/2021 09:51:16 - INFO - __main__ -   	Testing dev Minibatch:   10
02/09/2021 09:51:18 - INFO - __main__ -   
Labels 	Prec. 	Recall	F1    	Supp  
Denial 	0.4254	0.2429	0.3092	317
Support	0.3787	0.8370	0.5214	276
Comment	0.4074	0.0957	0.1549	230
Queries	0.1111	0.0323	0.0500	31
MacroF1	0.2589
F1w_avg	0.3269
Acc    	38.8

02/09/2021 09:51:18 - INFO - __main__ -   	EPOCH:  23	MiniBatch:    0
02/09/2021 09:51:27 - INFO - __main__ -   	EPOCH:  23	MiniBatch:   10
02/09/2021 09:51:37 - INFO - __main__ -   	EPOCH:  23	MiniBatch:   20
02/09/2021 09:51:46 - INFO - __main__ -   	EPOCH:  23	MiniBatch:   30
02/09/2021 09:51:56 - INFO - __main__ -   	EPOCH:  23	MiniBatch:   40
02/09/2021 09:51:56 - INFO - __main__ -   	Testing dev Minibatch:    0
02/09/2021 09:51:59 - INFO - __main__ -   	Testing dev Minibatch:   10
02/09/2021 09:52:00 - INFO - __main__ -   
Labels 	Prec. 	Recall	F1    	Supp  
Denial 	0.3750	0.4448	0.4069	317
Support	0.3750	0.0543	0.0949	276
Comment	0.3177	0.5609	0.4057	230
Queries	0.2188	0.2258	0.2222	31
MacroF1	0.2824
F1w_avg	0.2991
Acc    	34.2

02/09/2021 09:52:01 - INFO - __main__ -   	EPOCH:  24	MiniBatch:    0
02/09/2021 09:52:10 - INFO - __main__ -   	EPOCH:  24	MiniBatch:   10
02/09/2021 09:52:20 - INFO - __main__ -   	EPOCH:  24	MiniBatch:   20
02/09/2021 09:52:29 - INFO - __main__ -   	EPOCH:  24	MiniBatch:   30
02/09/2021 09:52:39 - INFO - __main__ -   	EPOCH:  24	MiniBatch:   40
02/09/2021 09:52:39 - INFO - __main__ -   	Testing dev Minibatch:    0
02/09/2021 09:52:42 - INFO - __main__ -   	Testing dev Minibatch:   10
02/09/2021 09:52:43 - INFO - __main__ -   
Labels 	Prec. 	Recall	F1    	Supp  
Denial 	0.3908	0.6940	0.5000	317
Support	0.5000	0.0036	0.0072	276
Comment	0.3519	0.4130	0.3800	230
Queries	0.2105	0.1290	0.1600	31
MacroF1	0.2618
F1w_avg	0.2961
Acc    	37.5

02/09/2021 09:52:44 - INFO - __main__ -   	EPOCH:  25	MiniBatch:    0
02/09/2021 09:52:53 - INFO - __main__ -   	EPOCH:  25	MiniBatch:   10
02/09/2021 09:53:03 - INFO - __main__ -   	EPOCH:  25	MiniBatch:   20
02/09/2021 09:53:12 - INFO - __main__ -   	EPOCH:  25	MiniBatch:   30
02/09/2021 09:53:22 - INFO - __main__ -   	EPOCH:  25	MiniBatch:   40
02/09/2021 09:53:22 - INFO - __main__ -   	Testing dev Minibatch:    0
02/09/2021 09:53:25 - INFO - __main__ -   	Testing dev Minibatch:   10
02/09/2021 09:53:27 - INFO - __main__ -   
Labels 	Prec. 	Recall	F1    	Supp  
Denial 	0.4504	0.5868	0.5096	317
Support	0.4371	0.5543	0.4888	276
Comment	0.3902	0.1391	0.2051	230
Queries	0.1111	0.0323	0.0500	31
MacroF1	0.3134
F1w_avg	0.4042
Acc    	43.6

02/09/2021 09:53:27 - INFO - __main__ -   	EPOCH:  26	MiniBatch:    0
02/09/2021 09:53:36 - INFO - __main__ -   	EPOCH:  26	MiniBatch:   10
02/09/2021 09:53:46 - INFO - __main__ -   	EPOCH:  26	MiniBatch:   20
02/09/2021 09:53:55 - INFO - __main__ -   	EPOCH:  26	MiniBatch:   30
02/09/2021 09:54:05 - INFO - __main__ -   	EPOCH:  26	MiniBatch:   40
02/09/2021 09:54:05 - INFO - __main__ -   	Testing dev Minibatch:    0
02/09/2021 09:54:08 - INFO - __main__ -   	Testing dev Minibatch:   10
02/09/2021 09:54:09 - INFO - __main__ -   
Labels 	Prec. 	Recall	F1    	Supp  
Denial 	0.4298	0.3186	0.3659	317
Support	0.3916	0.7065	0.5039	276
Comment	0.4018	0.1957	0.2632	230
Queries	0.1111	0.0323	0.0500	31
MacroF1	0.2957
F1w_avg	0.3714
Acc    	40.0

02/09/2021 09:54:10 - INFO - __main__ -   	EPOCH:  27	MiniBatch:    0
02/09/2021 09:54:19 - INFO - __main__ -   	EPOCH:  27	MiniBatch:   10
02/09/2021 09:54:29 - INFO - __main__ -   	EPOCH:  27	MiniBatch:   20
02/09/2021 09:54:38 - INFO - __main__ -   	EPOCH:  27	MiniBatch:   30
02/09/2021 09:54:48 - INFO - __main__ -   	EPOCH:  27	MiniBatch:   40
02/09/2021 09:54:48 - INFO - __main__ -   	Testing dev Minibatch:    0
02/09/2021 09:54:51 - INFO - __main__ -   	Testing dev Minibatch:   10
02/09/2021 09:54:52 - INFO - __main__ -   
Labels 	Prec. 	Recall	F1    	Supp  
Denial 	0.3785	0.7224	0.4967	317
Support	0.4194	0.0942	0.1538	276
Comment	0.3647	0.2696	0.3100	230
Queries	0.1176	0.0645	0.0833	31
MacroF1	0.2610
F1w_avg	0.3206
Acc    	37.4

02/09/2021 09:54:53 - INFO - __main__ -   	EPOCH:  28	MiniBatch:    0
02/09/2021 09:55:02 - INFO - __main__ -   	EPOCH:  28	MiniBatch:   10
02/09/2021 09:55:11 - INFO - __main__ -   	EPOCH:  28	MiniBatch:   20
02/09/2021 09:55:21 - INFO - __main__ -   	EPOCH:  28	MiniBatch:   30
02/09/2021 09:55:30 - INFO - __main__ -   	EPOCH:  28	MiniBatch:   40
02/09/2021 09:55:31 - INFO - __main__ -   	Testing dev Minibatch:    0
02/09/2021 09:55:34 - INFO - __main__ -   	Testing dev Minibatch:   10
02/09/2021 09:55:35 - INFO - __main__ -   
Labels 	Prec. 	Recall	F1    	Supp  
Denial 	0.4070	0.6278	0.4938	317
Support	0.5000	0.1377	0.2159	276
Comment	0.3556	0.4391	0.3930	230
Queries	0.2000	0.0323	0.0556	31
MacroF1	0.2896
F1w_avg	0.3609
Acc    	39.7

02/09/2021 09:55:35 - INFO - __main__ -   	EPOCH:  29	MiniBatch:    0
02/09/2021 09:55:45 - INFO - __main__ -   	EPOCH:  29	MiniBatch:   10
02/09/2021 09:55:54 - INFO - __main__ -   	EPOCH:  29	MiniBatch:   20
02/09/2021 09:56:04 - INFO - __main__ -   	EPOCH:  29	MiniBatch:   30
02/09/2021 09:56:13 - INFO - __main__ -   	EPOCH:  29	MiniBatch:   40
02/09/2021 09:56:14 - INFO - __main__ -   	Testing dev Minibatch:    0
02/09/2021 09:56:17 - INFO - __main__ -   	Testing dev Minibatch:   10
02/09/2021 09:56:18 - INFO - __main__ -   
Labels 	Prec. 	Recall	F1    	Supp  
Denial 	0.4482	0.4227	0.4351	317
Support	0.4115	0.6232	0.4957	276
Comment	0.4275	0.2435	0.3102	230
Queries	0.0000	0.0000	0.0000	31
MacroF1	0.3102
F1w_avg	0.4052
Acc    	42.4

02/09/2021 09:56:18 - INFO - __main__ -   	EPOCH:  30	MiniBatch:    0
02/09/2021 09:56:28 - INFO - __main__ -   	EPOCH:  30	MiniBatch:   10
02/09/2021 09:56:37 - INFO - __main__ -   	EPOCH:  30	MiniBatch:   20
02/09/2021 09:56:46 - INFO - __main__ -   	EPOCH:  30	MiniBatch:   30
02/09/2021 09:56:56 - INFO - __main__ -   	EPOCH:  30	MiniBatch:   40
02/09/2021 09:56:56 - INFO - __main__ -   	Testing dev Minibatch:    0
02/09/2021 09:56:59 - INFO - __main__ -   	Testing dev Minibatch:   10
02/09/2021 09:57:01 - INFO - __main__ -   
Labels 	Prec. 	Recall	F1    	Supp  
Denial 	0.4110	0.6625	0.5072	317
Support	0.4158	0.3043	0.3515	276
Comment	0.3488	0.1957	0.2507	230
Queries	0.0833	0.0323	0.0465	31
MacroF1	0.2890
F1w_avg	0.3711
Acc    	39.8

02/09/2021 09:57:01 - INFO - __main__ -   	EPOCH:  31	MiniBatch:    0
02/09/2021 09:57:10 - INFO - __main__ -   	EPOCH:  31	MiniBatch:   10
02/09/2021 09:57:20 - INFO - __main__ -   	EPOCH:  31	MiniBatch:   20
02/09/2021 09:57:29 - INFO - __main__ -   	EPOCH:  31	MiniBatch:   30
02/09/2021 09:57:39 - INFO - __main__ -   	EPOCH:  31	MiniBatch:   40
02/09/2021 09:57:39 - INFO - __main__ -   	Testing dev Minibatch:    0
02/09/2021 09:57:42 - INFO - __main__ -   	Testing dev Minibatch:   10
02/09/2021 09:57:43 - INFO - __main__ -   
Labels 	Prec. 	Recall	F1    	Supp  
Denial 	0.4502	0.4416	0.4459	317
Support	0.4135	0.4674	0.4388	276
Comment	0.3915	0.3609	0.3756	230
Queries	0.1579	0.0968	0.1200	31
MacroF1	0.3451
F1w_avg	0.4128
Acc    	41.6

02/09/2021 09:57:45 - INFO - __main__ -   	EPOCH:  32	MiniBatch:    0
02/09/2021 09:57:54 - INFO - __main__ -   	EPOCH:  32	MiniBatch:   10
02/09/2021 09:58:04 - INFO - __main__ -   	EPOCH:  32	MiniBatch:   20
02/09/2021 09:58:13 - INFO - __main__ -   	EPOCH:  32	MiniBatch:   30
02/09/2021 09:58:23 - INFO - __main__ -   	EPOCH:  32	MiniBatch:   40
02/09/2021 09:58:23 - INFO - __main__ -   	Testing dev Minibatch:    0
02/09/2021 09:58:26 - INFO - __main__ -   	Testing dev Minibatch:   10
02/09/2021 09:58:28 - INFO - __main__ -   
Labels 	Prec. 	Recall	F1    	Supp  
Denial 	0.3807	0.8360	0.5232	317
Support	1.0000	0.0036	0.0072	276
Comment	0.3767	0.2391	0.2926	230
Queries	0.1818	0.0645	0.0952	31
MacroF1	0.2296
F1w_avg	0.2788
Acc    	37.8

02/09/2021 09:58:28 - INFO - __main__ -   	EPOCH:  33	MiniBatch:    0
02/09/2021 09:58:37 - INFO - __main__ -   	EPOCH:  33	MiniBatch:   10
02/09/2021 09:58:47 - INFO - __main__ -   	EPOCH:  33	MiniBatch:   20
02/09/2021 09:58:56 - INFO - __main__ -   	EPOCH:  33	MiniBatch:   30
02/09/2021 09:59:06 - INFO - __main__ -   	EPOCH:  33	MiniBatch:   40
02/09/2021 09:59:06 - INFO - __main__ -   	Testing dev Minibatch:    0
02/09/2021 09:59:09 - INFO - __main__ -   	Testing dev Minibatch:   10
02/09/2021 09:59:10 - INFO - __main__ -   
Labels 	Prec. 	Recall	F1    	Supp  
Denial 	0.4315	0.3281	0.3728	317
Support	0.4538	0.2138	0.2906	276
Comment	0.3072	0.6130	0.4093	230
Queries	0.2917	0.2258	0.2545	31
MacroF1	0.3318
F1w_avg	0.3518
Acc    	36.4

02/09/2021 09:59:11 - INFO - __main__ -   	EPOCH:  34	MiniBatch:    0
02/09/2021 09:59:20 - INFO - __main__ -   	EPOCH:  34	MiniBatch:   10
02/09/2021 09:59:30 - INFO - __main__ -   	EPOCH:  34	MiniBatch:   20
02/09/2021 09:59:39 - INFO - __main__ -   	EPOCH:  34	MiniBatch:   30
02/09/2021 09:59:49 - INFO - __main__ -   	EPOCH:  34	MiniBatch:   40
02/09/2021 09:59:49 - INFO - __main__ -   	Testing dev Minibatch:    0
02/09/2021 09:59:52 - INFO - __main__ -   	Testing dev Minibatch:   10
02/09/2021 09:59:53 - INFO - __main__ -   
Labels 	Prec. 	Recall	F1    	Supp  
Denial 	0.4221	0.4101	0.4160	317
Support	0.4085	0.7283	0.5234	276
Comment	0.4468	0.0913	0.1516	230
Queries	0.1429	0.0323	0.0526	31
MacroF1	0.2859
F1w_avg	0.3663
Acc    	41.3

02/09/2021 09:59:53 - INFO - __main__ -   	EPOCH:  35	MiniBatch:    0
02/09/2021 10:00:03 - INFO - __main__ -   	EPOCH:  35	MiniBatch:   10
02/09/2021 10:00:12 - INFO - __main__ -   	EPOCH:  35	MiniBatch:   20
02/09/2021 10:00:22 - INFO - __main__ -   	EPOCH:  35	MiniBatch:   30
02/09/2021 10:00:31 - INFO - __main__ -   	EPOCH:  35	MiniBatch:   40
02/09/2021 10:00:32 - INFO - __main__ -   	Testing dev Minibatch:    0
02/09/2021 10:00:35 - INFO - __main__ -   	Testing dev Minibatch:   10
02/09/2021 10:00:36 - INFO - __main__ -   
Labels 	Prec. 	Recall	F1    	Supp  
Denial 	0.3843	0.7855	0.5161	317
Support	0.3976	0.1196	0.1838	276
Comment	0.3333	0.1609	0.2170	230
Queries	0.2500	0.0968	0.1395	31
MacroF1	0.2641
F1w_avg	0.3145
Acc    	37.7

02/09/2021 10:00:36 - INFO - __main__ -   	EPOCH:  36	MiniBatch:    0
02/09/2021 10:00:46 - INFO - __main__ -   	EPOCH:  36	MiniBatch:   10
02/09/2021 10:00:55 - INFO - __main__ -   	EPOCH:  36	MiniBatch:   20
02/09/2021 10:01:05 - INFO - __main__ -   	EPOCH:  36	MiniBatch:   30
02/09/2021 10:01:14 - INFO - __main__ -   	EPOCH:  36	MiniBatch:   40
02/09/2021 10:01:15 - INFO - __main__ -   	Testing dev Minibatch:    0
02/09/2021 10:01:18 - INFO - __main__ -   	Testing dev Minibatch:   10
02/09/2021 10:01:19 - INFO - __main__ -   
Labels 	Prec. 	Recall	F1    	Supp  
Denial 	0.4094	0.2208	0.2869	317
Support	0.3869	0.5145	0.4417	276
Comment	0.3569	0.4609	0.4023	230
Queries	0.1579	0.0968	0.1200	31
MacroF1	0.3127
F1w_avg	0.3619
Acc    	37.6

02/09/2021 10:01:19 - INFO - __main__ -   	EPOCH:  37	MiniBatch:    0
02/09/2021 10:01:29 - INFO - __main__ -   	EPOCH:  37	MiniBatch:   10
02/09/2021 10:01:38 - INFO - __main__ -   	EPOCH:  37	MiniBatch:   20
02/09/2021 10:01:48 - INFO - __main__ -   	EPOCH:  37	MiniBatch:   30
02/09/2021 10:01:57 - INFO - __main__ -   	EPOCH:  37	MiniBatch:   40
02/09/2021 10:01:57 - INFO - __main__ -   	Testing dev Minibatch:    0
02/09/2021 10:02:01 - INFO - __main__ -   	Testing dev Minibatch:   10
02/09/2021 10:02:02 - INFO - __main__ -   
Labels 	Prec. 	Recall	F1    	Supp  
Denial 	0.3895	0.5394	0.4524	317
Support	0.3485	0.0833	0.1345	276
Comment	0.3483	0.5043	0.4121	230
Queries	0.1250	0.0645	0.0851	31
MacroF1	0.2710
F1w_avg	0.3255
Acc    	36.5

02/09/2021 10:02:02 - INFO - __main__ -   	EPOCH:  38	MiniBatch:    0
02/09/2021 10:02:11 - INFO - __main__ -   	EPOCH:  38	MiniBatch:   10
02/09/2021 10:02:21 - INFO - __main__ -   	EPOCH:  38	MiniBatch:   20
02/09/2021 10:02:30 - INFO - __main__ -   	EPOCH:  38	MiniBatch:   30
02/09/2021 10:02:40 - INFO - __main__ -   	EPOCH:  38	MiniBatch:   40
02/09/2021 10:02:40 - INFO - __main__ -   	Testing dev Minibatch:    0
02/09/2021 10:02:44 - INFO - __main__ -   	Testing dev Minibatch:   10
02/09/2021 10:02:45 - INFO - __main__ -   
Labels 	Prec. 	Recall	F1    	Supp  
Denial 	0.3944	0.6656	0.4953	317
Support	0.3671	0.1051	0.1634	276
Comment	0.3696	0.3696	0.3696	230
Queries	0.1000	0.0323	0.0488	31
MacroF1	0.2693
F1w_avg	0.3380
Acc    	38.2

02/09/2021 10:02:45 - INFO - __main__ -   	EPOCH:  39	MiniBatch:    0
02/09/2021 10:02:54 - INFO - __main__ -   	EPOCH:  39	MiniBatch:   10
02/09/2021 10:03:04 - INFO - __main__ -   	EPOCH:  39	MiniBatch:   20
02/09/2021 10:03:13 - INFO - __main__ -   	EPOCH:  39	MiniBatch:   30
02/09/2021 10:03:23 - INFO - __main__ -   	EPOCH:  39	MiniBatch:   40
02/09/2021 10:03:23 - INFO - __main__ -   	Testing dev Minibatch:    0
02/09/2021 10:03:26 - INFO - __main__ -   	Testing dev Minibatch:   10
02/09/2021 10:03:28 - INFO - __main__ -   
Labels 	Prec. 	Recall	F1    	Supp  
Denial 	0.4019	0.7823	0.5310	317
Support	0.4207	0.2210	0.2898	276
Comment	0.3291	0.1130	0.1683	230
Queries	0.0769	0.0323	0.0455	31
MacroF1	0.2586
F1w_avg	0.3377
Acc    	39.3

02/09/2021 10:03:28 - INFO - __main__ -   	Testing test Minibatch:    0
02/09/2021 10:03:32 - INFO - __main__ -   	Testing test Minibatch:   10
02/09/2021 10:03:33 - INFO - __main__ -   
Labels 	Prec. 	Recall	F1    	Supp  
Denial 	0.4050	0.3622	0.3824	312
Support	0.4058	0.4982	0.4473	281
Comment	0.3519	0.3248	0.3378	234
Queries	0.1429	0.0741	0.0976	27
MacroF1	0.3163
F1w_avg	0.3825
Acc    	38.8

02/09/2021 10:03:33 - INFO - __main__ -   Time taken: 0h 28m 51s
