02/09/2021 08:07:45 - INFO - __main__ -   ----------------- Hyperparameters ------------------
02/09/2021 08:07:45 - INFO - __main__ -   ======== my_modelA0 =========
02/09/2021 08:07:45 - INFO - __main__ -   ===== Hyperparameters ======
02/09/2021 08:07:45 - INFO - __main__ -   batch_train: 64
02/09/2021 08:07:45 - INFO - __main__ -   batch_test:  64
02/09/2021 08:07:45 - INFO - __main__ -   epochs: 40 
02/09/2021 08:07:45 - INFO - __main__ -   learning_rate: 0.000020
02/09/2021 08:07:45 - INFO - __main__ -   optimizer: adam
02/09/2021 08:07:45 - INFO - __main__ -   debug: False
02/09/2021 08:07:45 - INFO - __main__ -   ------------------ Getting model -------------------
02/09/2021 08:07:51 - INFO - __main__ -   --------------- Getting dataframes -----------------
02/09/2021 08:07:51 - INFO - __main__ -   ------- Setting loss function and optimizer --------
02/09/2021 08:07:51 - INFO - __main__ -   ------------ Converting to dataloaders -------------
02/09/2021 08:07:51 - INFO - __main__ -   919
02/09/2021 08:07:51 - INFO - __main__ -   812
02/09/2021 08:07:51 - INFO - __main__ -   740
02/09/2021 08:07:51 - INFO - __main__ -   92
02/09/2021 08:07:51 - INFO - __main__ -   ---------------- Starting training -----------------
02/09/2021 08:07:51 - INFO - __main__ -   	EPOCH:   0	MiniBatch:    0
02/09/2021 08:08:01 - INFO - __main__ -   	EPOCH:   0	MiniBatch:   10
02/09/2021 08:08:11 - INFO - __main__ -   	EPOCH:   0	MiniBatch:   20
02/09/2021 08:08:20 - INFO - __main__ -   	EPOCH:   0	MiniBatch:   30
02/09/2021 08:08:30 - INFO - __main__ -   	EPOCH:   0	MiniBatch:   40
02/09/2021 08:08:30 - INFO - __main__ -   	Testing dev Minibatch:    0
02/09/2021 08:08:33 - INFO - __main__ -   	Testing dev Minibatch:   10
02/09/2021 08:08:35 - INFO - __main__ -   
Labels 	Prec. 	Recall	F1    	Supp  
Denial 	0.3829	0.2681	0.3154	317
Support	0.3226	0.0362	0.0651	276
Comment	0.8333	0.0435	0.0826	230
Queries	0.0374	0.7097	0.0710	31
MacroF1	0.1335
F1w_avg	0.1630
Acc    	14.9

02/09/2021 08:08:35 - INFO - __main__ -   	EPOCH:   1	MiniBatch:    0
02/09/2021 08:08:45 - INFO - __main__ -   	EPOCH:   1	MiniBatch:   10
02/09/2021 08:08:54 - INFO - __main__ -   	EPOCH:   1	MiniBatch:   20
02/09/2021 08:09:04 - INFO - __main__ -   	EPOCH:   1	MiniBatch:   30
02/09/2021 08:09:13 - INFO - __main__ -   	EPOCH:   1	MiniBatch:   40
02/09/2021 08:09:14 - INFO - __main__ -   	Testing dev Minibatch:    0
02/09/2021 08:09:17 - INFO - __main__ -   	Testing dev Minibatch:   10
02/09/2021 08:09:18 - INFO - __main__ -   
Labels 	Prec. 	Recall	F1    	Supp  
Denial 	0.4093	0.2492	0.3098	317
Support	0.0000	0.0000	0.0000	276
Comment	0.3071	0.8826	0.4557	230
Queries	0.0000	0.0000	0.0000	31
MacroF1	0.1914
F1w_avg	0.2377
Acc    	33.0

02/09/2021 08:09:20 - INFO - __main__ -   	EPOCH:   2	MiniBatch:    0
02/09/2021 08:09:29 - INFO - __main__ -   	EPOCH:   2	MiniBatch:   10
02/09/2021 08:09:39 - INFO - __main__ -   	EPOCH:   2	MiniBatch:   20
02/09/2021 08:09:48 - INFO - __main__ -   	EPOCH:   2	MiniBatch:   30
02/09/2021 08:09:58 - INFO - __main__ -   	EPOCH:   2	MiniBatch:   40
02/09/2021 08:09:58 - INFO - __main__ -   	Testing dev Minibatch:    0
02/09/2021 08:10:01 - INFO - __main__ -   	Testing dev Minibatch:   10
02/09/2021 08:10:03 - INFO - __main__ -   
Labels 	Prec. 	Recall	F1    	Supp  
Denial 	0.3757	0.8580	0.5226	317
Support	0.0000	0.0000	0.0000	276
Comment	0.3750	0.0652	0.1111	230
Queries	0.1889	0.5484	0.2810	31
MacroF1	0.2287
F1w_avg	0.2341
Acc    	35.6

02/09/2021 08:10:04 - INFO - __main__ -   	EPOCH:   3	MiniBatch:    0
02/09/2021 08:10:14 - INFO - __main__ -   	EPOCH:   3	MiniBatch:   10
02/09/2021 08:10:23 - INFO - __main__ -   	EPOCH:   3	MiniBatch:   20
02/09/2021 08:10:33 - INFO - __main__ -   	EPOCH:   3	MiniBatch:   30
02/09/2021 08:10:42 - INFO - __main__ -   	EPOCH:   3	MiniBatch:   40
02/09/2021 08:10:43 - INFO - __main__ -   	Testing dev Minibatch:    0
02/09/2021 08:10:46 - INFO - __main__ -   	Testing dev Minibatch:   10
02/09/2021 08:10:47 - INFO - __main__ -   
Labels 	Prec. 	Recall	F1    	Supp  
Denial 	0.3712	0.3817	0.3764	317
Support	0.4405	0.3623	0.3976	276
Comment	0.3744	0.3565	0.3653	230
Queries	0.2073	0.5484	0.3009	31
MacroF1	0.3600
F1w_avg	0.3775
Acc    	37.5

02/09/2021 08:10:49 - INFO - __main__ -   	EPOCH:   4	MiniBatch:    0
02/09/2021 08:10:58 - INFO - __main__ -   	EPOCH:   4	MiniBatch:   10
02/09/2021 08:11:08 - INFO - __main__ -   	EPOCH:   4	MiniBatch:   20
02/09/2021 08:11:17 - INFO - __main__ -   	EPOCH:   4	MiniBatch:   30
02/09/2021 08:11:27 - INFO - __main__ -   	EPOCH:   4	MiniBatch:   40
02/09/2021 08:11:27 - INFO - __main__ -   	Testing dev Minibatch:    0
02/09/2021 08:11:30 - INFO - __main__ -   	Testing dev Minibatch:   10
02/09/2021 08:11:32 - INFO - __main__ -   
Labels 	Prec. 	Recall	F1    	Supp  
Denial 	0.3671	0.8580	0.5142	317
Support	0.5250	0.0761	0.1329	276
Comment	0.3243	0.0522	0.0899	230
Queries	0.3056	0.3548	0.3284	31
MacroF1	0.2663
F1w_avg	0.2699
Acc    	37.0

02/09/2021 08:11:32 - INFO - __main__ -   	EPOCH:   5	MiniBatch:    0
02/09/2021 08:11:41 - INFO - __main__ -   	EPOCH:   5	MiniBatch:   10
02/09/2021 08:11:51 - INFO - __main__ -   	EPOCH:   5	MiniBatch:   20
02/09/2021 08:12:01 - INFO - __main__ -   	EPOCH:   5	MiniBatch:   30
02/09/2021 08:12:10 - INFO - __main__ -   	EPOCH:   5	MiniBatch:   40
02/09/2021 08:12:10 - INFO - __main__ -   	Testing dev Minibatch:    0
02/09/2021 08:12:14 - INFO - __main__ -   	Testing dev Minibatch:   10
02/09/2021 08:12:15 - INFO - __main__ -   
Labels 	Prec. 	Recall	F1    	Supp  
Denial 	0.0000	0.0000	0.0000	317
Support	0.3285	0.9819	0.4923	276
Comment	0.3704	0.0435	0.0778	230
Queries	0.0000	0.0000	0.0000	31
MacroF1	0.1425
F1w_avg	0.1801
Acc    	32.9

02/09/2021 08:12:15 - INFO - __main__ -   	EPOCH:   6	MiniBatch:    0
02/09/2021 08:12:25 - INFO - __main__ -   	EPOCH:   6	MiniBatch:   10
02/09/2021 08:12:34 - INFO - __main__ -   	EPOCH:   6	MiniBatch:   20
02/09/2021 08:12:44 - INFO - __main__ -   	EPOCH:   6	MiniBatch:   30
02/09/2021 08:12:53 - INFO - __main__ -   	EPOCH:   6	MiniBatch:   40
02/09/2021 08:12:54 - INFO - __main__ -   	Testing dev Minibatch:    0
02/09/2021 08:12:57 - INFO - __main__ -   	Testing dev Minibatch:   10
02/09/2021 08:12:58 - INFO - __main__ -   
Labels 	Prec. 	Recall	F1    	Supp  
Denial 	0.3705	0.8486	0.5158	317
Support	0.0000	0.0000	0.0000	276
Comment	0.4245	0.1957	0.2679	230
Queries	0.3182	0.2258	0.2642	31
MacroF1	0.2620
F1w_avg	0.2732
Acc    	37.6

02/09/2021 08:12:58 - INFO - __main__ -   	EPOCH:   7	MiniBatch:    0
02/09/2021 08:13:08 - INFO - __main__ -   	EPOCH:   7	MiniBatch:   10
02/09/2021 08:13:18 - INFO - __main__ -   	EPOCH:   7	MiniBatch:   20
02/09/2021 08:13:27 - INFO - __main__ -   	EPOCH:   7	MiniBatch:   30
02/09/2021 08:13:37 - INFO - __main__ -   	EPOCH:   7	MiniBatch:   40
02/09/2021 08:13:37 - INFO - __main__ -   	Testing dev Minibatch:    0
02/09/2021 08:13:40 - INFO - __main__ -   	Testing dev Minibatch:   10
02/09/2021 08:13:41 - INFO - __main__ -   
Labels 	Prec. 	Recall	F1    	Supp  
Denial 	0.0000	0.0000	0.0000	317
Support	0.3991	0.6232	0.4866	276
Comment	0.3622	0.5826	0.4467	230
Queries	0.2264	0.3871	0.2857	31
MacroF1	0.3047
F1w_avg	0.2879
Acc    	37.2

02/09/2021 08:13:42 - INFO - __main__ -   	EPOCH:   8	MiniBatch:    0
02/09/2021 08:13:51 - INFO - __main__ -   	EPOCH:   8	MiniBatch:   10
02/09/2021 08:14:01 - INFO - __main__ -   	EPOCH:   8	MiniBatch:   20
02/09/2021 08:14:10 - INFO - __main__ -   	EPOCH:   8	MiniBatch:   30
02/09/2021 08:14:20 - INFO - __main__ -   	EPOCH:   8	MiniBatch:   40
02/09/2021 08:14:20 - INFO - __main__ -   	Testing dev Minibatch:    0
02/09/2021 08:14:24 - INFO - __main__ -   	Testing dev Minibatch:   10
02/09/2021 08:14:25 - INFO - __main__ -   
Labels 	Prec. 	Recall	F1    	Supp  
Denial 	0.4262	0.0820	0.1376	317
Support	0.4887	0.2355	0.3178	276
Comment	0.2985	0.7826	0.4322	230
Queries	0.2456	0.4516	0.3182	31
MacroF1	0.3014
F1w_avg	0.2817
Acc    	33.4

02/09/2021 08:14:25 - INFO - __main__ -   	EPOCH:   9	MiniBatch:    0
02/09/2021 08:14:34 - INFO - __main__ -   	EPOCH:   9	MiniBatch:   10
02/09/2021 08:14:44 - INFO - __main__ -   	EPOCH:   9	MiniBatch:   20
02/09/2021 08:14:54 - INFO - __main__ -   	EPOCH:   9	MiniBatch:   30
02/09/2021 08:15:04 - INFO - __main__ -   	EPOCH:   9	MiniBatch:   40
02/09/2021 08:15:04 - INFO - __main__ -   	Testing dev Minibatch:    0
02/09/2021 08:15:07 - INFO - __main__ -   	Testing dev Minibatch:   10
02/09/2021 08:15:08 - INFO - __main__ -   
Labels 	Prec. 	Recall	F1    	Supp  
Denial 	0.4516	0.0442	0.0805	317
Support	0.3676	0.8804	0.5187	276
Comment	0.4759	0.3000	0.3680	230
Queries	0.2353	0.1290	0.1667	31
MacroF1	0.2835
F1w_avg	0.3027
Acc    	38.6

02/09/2021 08:15:08 - INFO - __main__ -   	EPOCH:  10	MiniBatch:    0
02/09/2021 08:15:18 - INFO - __main__ -   	EPOCH:  10	MiniBatch:   10
02/09/2021 08:15:28 - INFO - __main__ -   	EPOCH:  10	MiniBatch:   20
02/09/2021 08:15:37 - INFO - __main__ -   	EPOCH:  10	MiniBatch:   30
02/09/2021 08:15:47 - INFO - __main__ -   	EPOCH:  10	MiniBatch:   40
02/09/2021 08:15:47 - INFO - __main__ -   	Testing dev Minibatch:    0
02/09/2021 08:15:50 - INFO - __main__ -   	Testing dev Minibatch:   10
02/09/2021 08:15:51 - INFO - __main__ -   
Labels 	Prec. 	Recall	F1    	Supp  
Denial 	0.3824	0.5899	0.4640	317
Support	0.2931	0.0616	0.1018	276
Comment	0.4078	0.5000	0.4492	230
Queries	0.2800	0.2258	0.2500	31
MacroF1	0.3163
F1w_avg	0.3352
Acc    	38.2

02/09/2021 08:15:52 - INFO - __main__ -   	EPOCH:  11	MiniBatch:    0
02/09/2021 08:16:01 - INFO - __main__ -   	EPOCH:  11	MiniBatch:   10
02/09/2021 08:16:11 - INFO - __main__ -   	EPOCH:  11	MiniBatch:   20
02/09/2021 08:16:20 - INFO - __main__ -   	EPOCH:  11	MiniBatch:   30
02/09/2021 08:16:30 - INFO - __main__ -   	EPOCH:  11	MiniBatch:   40
02/09/2021 08:16:30 - INFO - __main__ -   	Testing dev Minibatch:    0
02/09/2021 08:16:33 - INFO - __main__ -   	Testing dev Minibatch:   10
02/09/2021 08:16:35 - INFO - __main__ -   
Labels 	Prec. 	Recall	F1    	Supp  
Denial 	0.5000	0.0379	0.0704	317
Support	0.3515	0.9348	0.5109	276
Comment	0.4000	0.1565	0.2250	230
Queries	0.1667	0.0323	0.0541	31
MacroF1	0.2151
F1w_avg	0.2538
Acc    	35.9

02/09/2021 08:16:35 - INFO - __main__ -   	EPOCH:  12	MiniBatch:    0
02/09/2021 08:16:44 - INFO - __main__ -   	EPOCH:  12	MiniBatch:   10
02/09/2021 08:16:54 - INFO - __main__ -   	EPOCH:  12	MiniBatch:   20
02/09/2021 08:17:04 - INFO - __main__ -   	EPOCH:  12	MiniBatch:   30
02/09/2021 08:17:13 - INFO - __main__ -   	EPOCH:  12	MiniBatch:   40
02/09/2021 08:17:13 - INFO - __main__ -   	Testing dev Minibatch:    0
02/09/2021 08:17:17 - INFO - __main__ -   	Testing dev Minibatch:   10
02/09/2021 08:17:18 - INFO - __main__ -   
Labels 	Prec. 	Recall	F1    	Supp  
Denial 	0.3771	0.6246	0.4703	317
Support	0.0000	0.0000	0.0000	276
Comment	0.3649	0.4696	0.4106	230
Queries	0.3333	0.3548	0.3438	31
MacroF1	0.3062
F1w_avg	0.2976
Acc    	37.1

02/09/2021 08:17:18 - INFO - __main__ -   	EPOCH:  13	MiniBatch:    0
02/09/2021 08:17:28 - INFO - __main__ -   	EPOCH:  13	MiniBatch:   10
02/09/2021 08:17:37 - INFO - __main__ -   	EPOCH:  13	MiniBatch:   20
02/09/2021 08:17:47 - INFO - __main__ -   	EPOCH:  13	MiniBatch:   30
02/09/2021 08:17:57 - INFO - __main__ -   	EPOCH:  13	MiniBatch:   40
02/09/2021 08:17:57 - INFO - __main__ -   	Testing dev Minibatch:    0
02/09/2021 08:18:00 - INFO - __main__ -   	Testing dev Minibatch:   10
02/09/2021 08:18:01 - INFO - __main__ -   
Labels 	Prec. 	Recall	F1    	Supp  
Denial 	0.4030	0.5110	0.4506	317
Support	0.4563	0.3406	0.3900	276
Comment	0.3691	0.3739	0.3715	230
Queries	0.2308	0.0968	0.1364	31
MacroF1	0.3371
F1w_avg	0.3983
Acc    	40.4

02/09/2021 08:18:02 - INFO - __main__ -   	EPOCH:  14	MiniBatch:    0
02/09/2021 08:18:11 - INFO - __main__ -   	EPOCH:  14	MiniBatch:   10
02/09/2021 08:18:21 - INFO - __main__ -   	EPOCH:  14	MiniBatch:   20
02/09/2021 08:18:31 - INFO - __main__ -   	EPOCH:  14	MiniBatch:   30
02/09/2021 08:18:40 - INFO - __main__ -   	EPOCH:  14	MiniBatch:   40
02/09/2021 08:18:41 - INFO - __main__ -   	Testing dev Minibatch:    0
02/09/2021 08:18:44 - INFO - __main__ -   	Testing dev Minibatch:   10
02/09/2021 08:18:45 - INFO - __main__ -   
Labels 	Prec. 	Recall	F1    	Supp  
Denial 	0.4141	0.5016	0.4536	317
Support	0.4427	0.3080	0.3632	276
Comment	0.3831	0.4348	0.4073	230
Queries	0.2353	0.1290	0.1667	31
MacroF1	0.3477
F1w_avg	0.4015
Acc    	40.7

02/09/2021 08:18:45 - INFO - __main__ -   	EPOCH:  15	MiniBatch:    0
02/09/2021 08:18:55 - INFO - __main__ -   	EPOCH:  15	MiniBatch:   10
02/09/2021 08:19:04 - INFO - __main__ -   	EPOCH:  15	MiniBatch:   20
02/09/2021 08:19:14 - INFO - __main__ -   	EPOCH:  15	MiniBatch:   30
02/09/2021 08:19:24 - INFO - __main__ -   	EPOCH:  15	MiniBatch:   40
02/09/2021 08:19:24 - INFO - __main__ -   	Testing dev Minibatch:    0
02/09/2021 08:19:27 - INFO - __main__ -   	Testing dev Minibatch:   10
02/09/2021 08:19:29 - INFO - __main__ -   
Labels 	Prec. 	Recall	F1    	Supp  
Denial 	0.4153	0.4101	0.4127	317
Support	0.4384	0.5290	0.4795	276
Comment	0.3663	0.3217	0.3426	230
Queries	0.1667	0.0323	0.0541	31
MacroF1	0.3222
F1w_avg	0.4024
Acc    	41.1

02/09/2021 08:19:29 - INFO - __main__ -   	EPOCH:  16	MiniBatch:    0
02/09/2021 08:19:38 - INFO - __main__ -   	EPOCH:  16	MiniBatch:   10
02/09/2021 08:19:48 - INFO - __main__ -   	EPOCH:  16	MiniBatch:   20
02/09/2021 08:19:57 - INFO - __main__ -   	EPOCH:  16	MiniBatch:   30
02/09/2021 08:20:07 - INFO - __main__ -   	EPOCH:  16	MiniBatch:   40
02/09/2021 08:20:07 - INFO - __main__ -   	Testing dev Minibatch:    0
02/09/2021 08:20:11 - INFO - __main__ -   	Testing dev Minibatch:   10
02/09/2021 08:20:12 - INFO - __main__ -   
Labels 	Prec. 	Recall	F1    	Supp  
Denial 	0.4195	0.2303	0.2974	317
Support	0.3726	0.7681	0.5018	276
Comment	0.3725	0.1652	0.2289	230
Queries	0.2222	0.0645	0.1000	31
MacroF1	0.2820
F1w_avg	0.3378
Acc    	38.1

02/09/2021 08:20:12 - INFO - __main__ -   	EPOCH:  17	MiniBatch:    0
02/09/2021 08:20:22 - INFO - __main__ -   	EPOCH:  17	MiniBatch:   10
02/09/2021 08:20:31 - INFO - __main__ -   	EPOCH:  17	MiniBatch:   20
02/09/2021 08:20:41 - INFO - __main__ -   	EPOCH:  17	MiniBatch:   30
02/09/2021 08:20:50 - INFO - __main__ -   	EPOCH:  17	MiniBatch:   40
02/09/2021 08:20:51 - INFO - __main__ -   	Testing dev Minibatch:    0
02/09/2021 08:20:54 - INFO - __main__ -   	Testing dev Minibatch:   10
02/09/2021 08:20:55 - INFO - __main__ -   
Labels 	Prec. 	Recall	F1    	Supp  
Denial 	0.3727	0.6278	0.4677	317
Support	0.4600	0.1667	0.2447	276
Comment	0.3254	0.2957	0.3098	230
Queries	0.2727	0.0968	0.1429	31
MacroF1	0.2913
F1w_avg	0.3413
Acc    	37.0

02/09/2021 08:20:55 - INFO - __main__ -   	EPOCH:  18	MiniBatch:    0
02/09/2021 08:21:05 - INFO - __main__ -   	EPOCH:  18	MiniBatch:   10
02/09/2021 08:21:14 - INFO - __main__ -   	EPOCH:  18	MiniBatch:   20
02/09/2021 08:21:24 - INFO - __main__ -   	EPOCH:  18	MiniBatch:   30
02/09/2021 08:21:33 - INFO - __main__ -   	EPOCH:  18	MiniBatch:   40
02/09/2021 08:21:34 - INFO - __main__ -   	Testing dev Minibatch:    0
02/09/2021 08:21:37 - INFO - __main__ -   	Testing dev Minibatch:   10
02/09/2021 08:21:38 - INFO - __main__ -   
Labels 	Prec. 	Recall	F1    	Supp  
Denial 	0.4128	0.2240	0.2904	317
Support	0.3878	0.8080	0.5241	276
Comment	0.3542	0.1478	0.2086	230
Queries	0.1818	0.0645	0.0952	31
MacroF1	0.2796
F1w_avg	0.3368
Acc    	38.6

02/09/2021 08:21:38 - INFO - __main__ -   	EPOCH:  19	MiniBatch:    0
02/09/2021 08:21:48 - INFO - __main__ -   	EPOCH:  19	MiniBatch:   10
02/09/2021 08:21:57 - INFO - __main__ -   	EPOCH:  19	MiniBatch:   20
02/09/2021 08:22:07 - INFO - __main__ -   	EPOCH:  19	MiniBatch:   30
02/09/2021 08:22:17 - INFO - __main__ -   	EPOCH:  19	MiniBatch:   40
02/09/2021 08:22:17 - INFO - __main__ -   	Testing dev Minibatch:    0
02/09/2021 08:22:20 - INFO - __main__ -   	Testing dev Minibatch:   10
02/09/2021 08:22:21 - INFO - __main__ -   
Labels 	Prec. 	Recall	F1    	Supp  
Denial 	0.4091	0.0568	0.0997	317
Support	0.3502	0.9275	0.5084	276
Comment	0.3194	0.1000	0.1523	230
Queries	0.1429	0.0323	0.0526	31
MacroF1	0.2033
F1w_avg	0.2443
Acc    	34.9

02/09/2021 08:22:22 - INFO - __main__ -   	EPOCH:  20	MiniBatch:    0
02/09/2021 08:22:31 - INFO - __main__ -   	EPOCH:  20	MiniBatch:   10
02/09/2021 08:22:41 - INFO - __main__ -   	EPOCH:  20	MiniBatch:   20
02/09/2021 08:22:50 - INFO - __main__ -   	EPOCH:  20	MiniBatch:   30
02/09/2021 08:23:00 - INFO - __main__ -   	EPOCH:  20	MiniBatch:   40
02/09/2021 08:23:00 - INFO - __main__ -   	Testing dev Minibatch:    0
02/09/2021 08:23:03 - INFO - __main__ -   	Testing dev Minibatch:   10
02/09/2021 08:23:05 - INFO - __main__ -   
Labels 	Prec. 	Recall	F1    	Supp  
Denial 	0.3917	0.3880	0.3899	317
Support	0.3925	0.6486	0.4891	276
Comment	0.3529	0.1043	0.1611	230
Queries	0.1875	0.0968	0.1277	31
MacroF1	0.2919
F1w_avg	0.3508
Acc    	38.5

02/09/2021 08:23:05 - INFO - __main__ -   	EPOCH:  21	MiniBatch:    0
02/09/2021 08:23:14 - INFO - __main__ -   	EPOCH:  21	MiniBatch:   10
02/09/2021 08:23:24 - INFO - __main__ -   	EPOCH:  21	MiniBatch:   20
02/09/2021 08:23:33 - INFO - __main__ -   	EPOCH:  21	MiniBatch:   30
02/09/2021 08:23:43 - INFO - __main__ -   	EPOCH:  21	MiniBatch:   40
02/09/2021 08:23:43 - INFO - __main__ -   	Testing dev Minibatch:    0
02/09/2021 08:23:46 - INFO - __main__ -   	Testing dev Minibatch:   10
02/09/2021 08:23:48 - INFO - __main__ -   
Labels 	Prec. 	Recall	F1    	Supp  
Denial 	0.3867	0.3659	0.3760	317
Support	0.5125	0.1486	0.2303	276
Comment	0.3187	0.6304	0.4234	230
Queries	0.3684	0.2258	0.2800	31
MacroF1	0.3274
F1w_avg	0.3382
Acc    	36.2

02/09/2021 08:23:48 - INFO - __main__ -   	EPOCH:  22	MiniBatch:    0
02/09/2021 08:23:57 - INFO - __main__ -   	EPOCH:  22	MiniBatch:   10
02/09/2021 08:24:07 - INFO - __main__ -   	EPOCH:  22	MiniBatch:   20
02/09/2021 08:24:17 - INFO - __main__ -   	EPOCH:  22	MiniBatch:   30
02/09/2021 08:24:26 - INFO - __main__ -   	EPOCH:  22	MiniBatch:   40
02/09/2021 08:24:26 - INFO - __main__ -   	Testing dev Minibatch:    0
02/09/2021 08:24:30 - INFO - __main__ -   	Testing dev Minibatch:   10
02/09/2021 08:24:31 - INFO - __main__ -   
Labels 	Prec. 	Recall	F1    	Supp  
Denial 	0.4015	0.6625	0.5000	317
Support	0.4689	0.3007	0.3664	276
Comment	0.3630	0.2304	0.2819	230
Queries	0.1250	0.0323	0.0513	31
MacroF1	0.2999
F1w_avg	0.3818
Acc    	40.6

02/09/2021 08:24:31 - INFO - __main__ -   	EPOCH:  23	MiniBatch:    0
02/09/2021 08:24:41 - INFO - __main__ -   	EPOCH:  23	MiniBatch:   10
02/09/2021 08:24:50 - INFO - __main__ -   	EPOCH:  23	MiniBatch:   20
02/09/2021 08:25:00 - INFO - __main__ -   	EPOCH:  23	MiniBatch:   30
02/09/2021 08:25:10 - INFO - __main__ -   	EPOCH:  23	MiniBatch:   40
02/09/2021 08:25:10 - INFO - __main__ -   	Testing dev Minibatch:    0
02/09/2021 08:25:13 - INFO - __main__ -   	Testing dev Minibatch:   10
02/09/2021 08:25:15 - INFO - __main__ -   
Labels 	Prec. 	Recall	F1    	Supp  
Denial 	0.3964	0.5489	0.4603	317
Support	0.4925	0.2391	0.3220	276
Comment	0.3008	0.3478	0.3226	230
Queries	0.2000	0.0968	0.1304	31
MacroF1	0.3088
F1w_avg	0.3665
Acc    	37.8

02/09/2021 08:25:15 - INFO - __main__ -   	EPOCH:  24	MiniBatch:    0
02/09/2021 08:25:24 - INFO - __main__ -   	EPOCH:  24	MiniBatch:   10
02/09/2021 08:25:34 - INFO - __main__ -   	EPOCH:  24	MiniBatch:   20
02/09/2021 08:25:43 - INFO - __main__ -   	EPOCH:  24	MiniBatch:   30
02/09/2021 08:25:53 - INFO - __main__ -   	EPOCH:  24	MiniBatch:   40
02/09/2021 08:25:53 - INFO - __main__ -   	Testing dev Minibatch:    0
02/09/2021 08:25:57 - INFO - __main__ -   	Testing dev Minibatch:   10
02/09/2021 08:25:58 - INFO - __main__ -   
Labels 	Prec. 	Recall	F1    	Supp  
Denial 	0.3761	0.6467	0.4756	317
Support	0.4643	0.1413	0.2167	276
Comment	0.3317	0.2957	0.3126	230
Queries	0.2000	0.1290	0.1569	31
MacroF1	0.2905
F1w_avg	0.3365
Acc    	37.0

02/09/2021 08:25:58 - INFO - __main__ -   	EPOCH:  25	MiniBatch:    0
02/09/2021 08:26:08 - INFO - __main__ -   	EPOCH:  25	MiniBatch:   10
02/09/2021 08:26:17 - INFO - __main__ -   	EPOCH:  25	MiniBatch:   20
02/09/2021 08:26:27 - INFO - __main__ -   	EPOCH:  25	MiniBatch:   30
02/09/2021 08:26:37 - INFO - __main__ -   	EPOCH:  25	MiniBatch:   40
02/09/2021 08:26:37 - INFO - __main__ -   	Testing dev Minibatch:    0
02/09/2021 08:26:40 - INFO - __main__ -   	Testing dev Minibatch:   10
02/09/2021 08:26:41 - INFO - __main__ -   
Labels 	Prec. 	Recall	F1    	Supp  
Denial 	0.4119	0.5457	0.4695	317
Support	0.4625	0.4022	0.4302	276
Comment	0.3481	0.2739	0.3066	230
Queries	0.1538	0.0645	0.0909	31
MacroF1	0.3243
F1w_avg	0.3992
Acc    	40.9

02/09/2021 08:26:41 - INFO - __main__ -   	EPOCH:  26	MiniBatch:    0
02/09/2021 08:26:51 - INFO - __main__ -   	EPOCH:  26	MiniBatch:   10
02/09/2021 08:27:01 - INFO - __main__ -   	EPOCH:  26	MiniBatch:   20
02/09/2021 08:27:10 - INFO - __main__ -   	EPOCH:  26	MiniBatch:   30
02/09/2021 08:27:20 - INFO - __main__ -   	EPOCH:  26	MiniBatch:   40
02/09/2021 08:27:20 - INFO - __main__ -   	Testing dev Minibatch:    0
02/09/2021 08:27:23 - INFO - __main__ -   	Testing dev Minibatch:   10
02/09/2021 08:27:25 - INFO - __main__ -   
Labels 	Prec. 	Recall	F1    	Supp  
Denial 	0.3793	0.5899	0.4617	317
Support	0.5324	0.2681	0.3566	276
Comment	0.3350	0.2913	0.3116	230
Queries	0.2273	0.1613	0.1887	31
MacroF1	0.3297
F1w_avg	0.3774
Acc    	39.0

02/09/2021 08:27:25 - INFO - __main__ -   	EPOCH:  27	MiniBatch:    0
02/09/2021 08:27:34 - INFO - __main__ -   	EPOCH:  27	MiniBatch:   10
02/09/2021 08:27:44 - INFO - __main__ -   	EPOCH:  27	MiniBatch:   20
02/09/2021 08:27:54 - INFO - __main__ -   	EPOCH:  27	MiniBatch:   30
02/09/2021 08:28:03 - INFO - __main__ -   	EPOCH:  27	MiniBatch:   40
02/09/2021 08:28:03 - INFO - __main__ -   	Testing dev Minibatch:    0
02/09/2021 08:28:07 - INFO - __main__ -   	Testing dev Minibatch:   10
02/09/2021 08:28:08 - INFO - __main__ -   
Labels 	Prec. 	Recall	F1    	Supp  
Denial 	0.3868	0.6467	0.4841	317
Support	0.4709	0.3514	0.4025	276
Comment	0.3905	0.1783	0.2448	230
Queries	0.0769	0.0323	0.0455	31
MacroF1	0.2942
F1w_avg	0.3773
Acc    	40.3

02/09/2021 08:28:08 - INFO - __main__ -   	EPOCH:  28	MiniBatch:    0
02/09/2021 08:28:18 - INFO - __main__ -   	EPOCH:  28	MiniBatch:   10
02/09/2021 08:28:27 - INFO - __main__ -   	EPOCH:  28	MiniBatch:   20
02/09/2021 08:28:37 - INFO - __main__ -   	EPOCH:  28	MiniBatch:   30
02/09/2021 08:28:46 - INFO - __main__ -   	EPOCH:  28	MiniBatch:   40
02/09/2021 08:28:47 - INFO - __main__ -   	Testing dev Minibatch:    0
02/09/2021 08:28:50 - INFO - __main__ -   	Testing dev Minibatch:   10
02/09/2021 08:28:51 - INFO - __main__ -   
Labels 	Prec. 	Recall	F1    	Supp  
Denial 	0.4208	0.5363	0.4716	317
Support	0.4459	0.4928	0.4682	276
Comment	0.3881	0.2261	0.2857	230
Queries	0.0909	0.0323	0.0476	31
MacroF1	0.3183
F1w_avg	0.4050
Acc    	42.0

02/09/2021 08:28:51 - INFO - __main__ -   	EPOCH:  29	MiniBatch:    0
02/09/2021 08:29:01 - INFO - __main__ -   	EPOCH:  29	MiniBatch:   10
02/09/2021 08:29:10 - INFO - __main__ -   	EPOCH:  29	MiniBatch:   20
02/09/2021 08:29:20 - INFO - __main__ -   	EPOCH:  29	MiniBatch:   30
02/09/2021 08:29:30 - INFO - __main__ -   	EPOCH:  29	MiniBatch:   40
02/09/2021 08:29:30 - INFO - __main__ -   	Testing dev Minibatch:    0
02/09/2021 08:29:33 - INFO - __main__ -   	Testing dev Minibatch:   10
02/09/2021 08:29:34 - INFO - __main__ -   
Labels 	Prec. 	Recall	F1    	Supp  
Denial 	0.3867	0.6404	0.4822	317
Support	0.5042	0.2174	0.3038	276
Comment	0.3300	0.2870	0.3070	230
Queries	0.1000	0.0323	0.0488	31
MacroF1	0.2854
F1w_avg	0.3616
Acc    	38.6

02/09/2021 08:29:34 - INFO - __main__ -   	EPOCH:  30	MiniBatch:    0
02/09/2021 08:29:44 - INFO - __main__ -   	EPOCH:  30	MiniBatch:   10
02/09/2021 08:29:54 - INFO - __main__ -   	EPOCH:  30	MiniBatch:   20
02/09/2021 08:30:03 - INFO - __main__ -   	EPOCH:  30	MiniBatch:   30
02/09/2021 08:30:13 - INFO - __main__ -   	EPOCH:  30	MiniBatch:   40
02/09/2021 08:30:13 - INFO - __main__ -   	Testing dev Minibatch:    0
02/09/2021 08:30:16 - INFO - __main__ -   	Testing dev Minibatch:   10
02/09/2021 08:30:18 - INFO - __main__ -   
Labels 	Prec. 	Recall	F1    	Supp  
Denial 	0.4097	0.5079	0.4535	317
Support	0.4263	0.4928	0.4571	276
Comment	0.3514	0.1696	0.2287	230
Queries	0.1613	0.1613	0.1613	31
MacroF1	0.3252
F1w_avg	0.3835
Acc    	39.9

02/09/2021 08:30:18 - INFO - __main__ -   	EPOCH:  31	MiniBatch:    0
02/09/2021 08:30:27 - INFO - __main__ -   	EPOCH:  31	MiniBatch:   10
02/09/2021 08:30:37 - INFO - __main__ -   	EPOCH:  31	MiniBatch:   20
02/09/2021 08:30:46 - INFO - __main__ -   	EPOCH:  31	MiniBatch:   30
02/09/2021 08:30:56 - INFO - __main__ -   	EPOCH:  31	MiniBatch:   40
02/09/2021 08:30:56 - INFO - __main__ -   	Testing dev Minibatch:    0
02/09/2021 08:31:00 - INFO - __main__ -   	Testing dev Minibatch:   10
02/09/2021 08:31:01 - INFO - __main__ -   
Labels 	Prec. 	Recall	F1    	Supp  
Denial 	0.4158	0.5994	0.4910	317
Support	0.5098	0.1884	0.2751	276
Comment	0.3380	0.4217	0.3752	230
Queries	0.1250	0.0323	0.0513	31
MacroF1	0.2982
F1w_avg	0.3741
Acc    	39.8

02/09/2021 08:31:01 - INFO - __main__ -   	EPOCH:  32	MiniBatch:    0
02/09/2021 08:31:11 - INFO - __main__ -   	EPOCH:  32	MiniBatch:   10
02/09/2021 08:31:20 - INFO - __main__ -   	EPOCH:  32	MiniBatch:   20
02/09/2021 08:31:30 - INFO - __main__ -   	EPOCH:  32	MiniBatch:   30
02/09/2021 08:31:39 - INFO - __main__ -   	EPOCH:  32	MiniBatch:   40
02/09/2021 08:31:40 - INFO - __main__ -   	Testing dev Minibatch:    0
02/09/2021 08:31:43 - INFO - __main__ -   	Testing dev Minibatch:   10
02/09/2021 08:31:44 - INFO - __main__ -   
Labels 	Prec. 	Recall	F1    	Supp  
Denial 	0.3992	0.6246	0.4871	317
Support	0.4744	0.4022	0.4353	276
Comment	0.3571	0.1739	0.2339	230
Queries	0.0833	0.0323	0.0465	31
MacroF1	0.3007
F1w_avg	0.3862
Acc    	41.0

02/09/2021 08:31:44 - INFO - __main__ -   	EPOCH:  33	MiniBatch:    0
02/09/2021 08:31:54 - INFO - __main__ -   	EPOCH:  33	MiniBatch:   10
02/09/2021 08:32:03 - INFO - __main__ -   	EPOCH:  33	MiniBatch:   20
02/09/2021 08:32:13 - INFO - __main__ -   	EPOCH:  33	MiniBatch:   30
02/09/2021 08:32:23 - INFO - __main__ -   	EPOCH:  33	MiniBatch:   40
02/09/2021 08:32:23 - INFO - __main__ -   	Testing dev Minibatch:    0
02/09/2021 08:32:26 - INFO - __main__ -   	Testing dev Minibatch:   10
02/09/2021 08:32:27 - INFO - __main__ -   
Labels 	Prec. 	Recall	F1    	Supp  
Denial 	0.4126	0.5363	0.4664	317
Support	0.4796	0.3841	0.4266	276
Comment	0.3302	0.3043	0.3167	230
Queries	0.1111	0.0323	0.0500	31
MacroF1	0.3149
F1w_avg	0.3981
Acc    	40.6

02/09/2021 08:32:27 - INFO - __main__ -   	EPOCH:  34	MiniBatch:    0
02/09/2021 08:32:37 - INFO - __main__ -   	EPOCH:  34	MiniBatch:   10
02/09/2021 08:32:47 - INFO - __main__ -   	EPOCH:  34	MiniBatch:   20
02/09/2021 08:32:56 - INFO - __main__ -   	EPOCH:  34	MiniBatch:   30
02/09/2021 08:33:06 - INFO - __main__ -   	EPOCH:  34	MiniBatch:   40
02/09/2021 08:33:06 - INFO - __main__ -   	Testing dev Minibatch:    0
02/09/2021 08:33:09 - INFO - __main__ -   	Testing dev Minibatch:   10
02/09/2021 08:33:11 - INFO - __main__ -   
Labels 	Prec. 	Recall	F1    	Supp  
Denial 	0.3925	0.5300	0.4510	317
Support	0.4686	0.2971	0.3636	276
Comment	0.3185	0.3435	0.3305	230
Queries	0.0000	0.0000	0.0000	31
MacroF1	0.2863
F1w_avg	0.3740
Acc    	38.5

02/09/2021 08:33:11 - INFO - __main__ -   	EPOCH:  35	MiniBatch:    0
02/09/2021 08:33:20 - INFO - __main__ -   	EPOCH:  35	MiniBatch:   10
02/09/2021 08:33:30 - INFO - __main__ -   	EPOCH:  35	MiniBatch:   20
02/09/2021 08:33:40 - INFO - __main__ -   	EPOCH:  35	MiniBatch:   30
02/09/2021 08:33:49 - INFO - __main__ -   	EPOCH:  35	MiniBatch:   40
02/09/2021 08:33:49 - INFO - __main__ -   	Testing dev Minibatch:    0
02/09/2021 08:33:53 - INFO - __main__ -   	Testing dev Minibatch:   10
02/09/2021 08:33:54 - INFO - __main__ -   
Labels 	Prec. 	Recall	F1    	Supp  
Denial 	0.4074	0.6246	0.4932	317
Support	0.4882	0.3007	0.3722	276
Comment	0.3698	0.3087	0.3365	230
Queries	0.0000	0.0000	0.0000	31
MacroF1	0.3005
F1w_avg	0.3940
Acc    	41.2

02/09/2021 08:33:54 - INFO - __main__ -   	EPOCH:  36	MiniBatch:    0
02/09/2021 08:34:04 - INFO - __main__ -   	EPOCH:  36	MiniBatch:   10
02/09/2021 08:34:13 - INFO - __main__ -   	EPOCH:  36	MiniBatch:   20
02/09/2021 08:34:23 - INFO - __main__ -   	EPOCH:  36	MiniBatch:   30
02/09/2021 08:34:32 - INFO - __main__ -   	EPOCH:  36	MiniBatch:   40
02/09/2021 08:34:33 - INFO - __main__ -   	Testing dev Minibatch:    0
02/09/2021 08:34:36 - INFO - __main__ -   	Testing dev Minibatch:   10
02/09/2021 08:34:37 - INFO - __main__ -   
Labels 	Prec. 	Recall	F1    	Supp  
Denial 	0.3978	0.6814	0.5023	317
Support	0.4615	0.3261	0.3822	276
Comment	0.3889	0.1826	0.2485	230
Queries	0.1250	0.0323	0.0513	31
MacroF1	0.2961
F1w_avg	0.3788
Acc    	40.9

02/09/2021 08:34:37 - INFO - __main__ -   	EPOCH:  37	MiniBatch:    0
02/09/2021 08:34:47 - INFO - __main__ -   	EPOCH:  37	MiniBatch:   10
02/09/2021 08:34:57 - INFO - __main__ -   	EPOCH:  37	MiniBatch:   20
02/09/2021 08:35:06 - INFO - __main__ -   	EPOCH:  37	MiniBatch:   30
02/09/2021 08:35:16 - INFO - __main__ -   	EPOCH:  37	MiniBatch:   40
02/09/2021 08:35:16 - INFO - __main__ -   	Testing dev Minibatch:    0
02/09/2021 08:35:19 - INFO - __main__ -   	Testing dev Minibatch:   10
02/09/2021 08:35:20 - INFO - __main__ -   
Labels 	Prec. 	Recall	F1    	Supp  
Denial 	0.4043	0.5868	0.4788	317
Support	0.4744	0.3696	0.4155	276
Comment	0.3488	0.2609	0.2985	230
Queries	0.1429	0.0323	0.0526	31
MacroF1	0.3113
F1w_avg	0.3943
Acc    	40.9

02/09/2021 08:35:21 - INFO - __main__ -   	EPOCH:  38	MiniBatch:    0
02/09/2021 08:35:30 - INFO - __main__ -   	EPOCH:  38	MiniBatch:   10
02/09/2021 08:35:40 - INFO - __main__ -   	EPOCH:  38	MiniBatch:   20
02/09/2021 08:35:49 - INFO - __main__ -   	EPOCH:  38	MiniBatch:   30
02/09/2021 08:35:59 - INFO - __main__ -   	EPOCH:  38	MiniBatch:   40
02/09/2021 08:35:59 - INFO - __main__ -   	Testing dev Minibatch:    0
02/09/2021 08:36:02 - INFO - __main__ -   	Testing dev Minibatch:   10
02/09/2021 08:36:04 - INFO - __main__ -   
Labels 	Prec. 	Recall	F1    	Supp  
Denial 	0.4226	0.5426	0.4751	317
Support	0.4626	0.3804	0.4175	276
Comment	0.3689	0.3304	0.3486	230
Queries	0.0714	0.0323	0.0444	31
MacroF1	0.3214
F1w_avg	0.4068
Acc    	41.5

02/09/2021 08:36:04 - INFO - __main__ -   	EPOCH:  39	MiniBatch:    0
02/09/2021 08:36:13 - INFO - __main__ -   	EPOCH:  39	MiniBatch:   10
02/09/2021 08:36:23 - INFO - __main__ -   	EPOCH:  39	MiniBatch:   20
02/09/2021 08:36:33 - INFO - __main__ -   	EPOCH:  39	MiniBatch:   30
02/09/2021 08:36:42 - INFO - __main__ -   	EPOCH:  39	MiniBatch:   40
02/09/2021 08:36:42 - INFO - __main__ -   	Testing dev Minibatch:    0
02/09/2021 08:36:46 - INFO - __main__ -   	Testing dev Minibatch:   10
02/09/2021 08:36:47 - INFO - __main__ -   
Labels 	Prec. 	Recall	F1    	Supp  
Denial 	0.4109	0.6183	0.4937	317
Support	0.4607	0.2971	0.3612	276
Comment	0.3402	0.2870	0.3113	230
Queries	0.0000	0.0000	0.0000	31
MacroF1	0.2916
F1w_avg	0.3839
Acc    	40.3

02/09/2021 08:36:48 - INFO - __main__ -   	Testing test Minibatch:    0
02/09/2021 08:36:51 - INFO - __main__ -   	Testing test Minibatch:   10
02/09/2021 08:36:52 - INFO - __main__ -   
Labels 	Prec. 	Recall	F1    	Supp  
Denial 	0.4305	0.4071	0.4185	312
Support	0.4852	0.4093	0.4440	281
Comment	0.3708	0.3803	0.3755	234
Queries	0.2073	0.6296	0.3119	27
MacroF1	0.3875
F1w_avg	0.4117
Acc    	40.7

02/09/2021 08:36:52 - INFO - __main__ -   Time taken: 0h 29m  7s
