02/23/2021 07:28:50 - INFO - __main__ -   ----------------- Hyperparameters ------------------
02/23/2021 07:28:50 - INFO - __main__ -   ======== my_modelE0 =========
02/23/2021 07:28:50 - INFO - __main__ -   ===== Hyperparameters ======
02/23/2021 07:28:50 - INFO - __main__ -   batch_train: 128
02/23/2021 07:28:50 - INFO - __main__ -   batch_test:  128
02/23/2021 07:28:50 - INFO - __main__ -   epochs: 40 
02/23/2021 07:28:50 - INFO - __main__ -   learning_rate: 0.000010
02/23/2021 07:28:50 - INFO - __main__ -   optimizer: adam
02/23/2021 07:28:50 - INFO - __main__ -   debug: False
02/23/2021 07:28:50 - INFO - __main__ -   ------------------ Getting model -------------------
02/23/2021 07:28:56 - INFO - __main__ -   loading pretrained model file ./log_files/saved_models/pretrain02_my_modelE0.bin
02/23/2021 07:28:56 - INFO - __main__ -   --------------- Getting dataframes -----------------
02/23/2021 07:28:56 - INFO - __main__ -   ------- Setting loss function and optimizer --------
02/23/2021 07:28:56 - INFO - __main__ -   ------------ Converting to dataloaders -------------
02/23/2021 07:28:56 - INFO - __main__ -   ---------------- Starting training -----------------
02/23/2021 07:28:57 - INFO - __main__ -   	EPOCH:   0	MiniBatch:    0
02/23/2021 07:29:09 - INFO - __main__ -   	EPOCH:   0	MiniBatch:   10
02/23/2021 07:29:19 - INFO - __main__ -   	EPOCH:   0	MiniBatch:   20
02/23/2021 07:29:20 - INFO - __main__ -   	Testing dev Minibatch:    0
02/23/2021 07:29:22 - INFO - __main__ -   
Labels 	Prec. 	Recall	F1    	Supp  
Denial 	0.3578	0.9542	0.5205	306
Support	0.4474	0.0609	0.1073	279
Comment	0.0000	0.0000	0.0000	238
Queries	0.0000	0.0000	0.0000	31
MacroF1	0.1569
F1w_avg	0.2215
Acc    	36.2

02/23/2021 07:29:23 - INFO - __main__ -   	EPOCH:   1	MiniBatch:    0
02/23/2021 07:29:33 - INFO - __main__ -   	EPOCH:   1	MiniBatch:   10
02/23/2021 07:29:44 - INFO - __main__ -   	EPOCH:   1	MiniBatch:   20
02/23/2021 07:29:44 - INFO - __main__ -   	Testing dev Minibatch:    0
02/23/2021 07:29:47 - INFO - __main__ -   
Labels 	Prec. 	Recall	F1    	Supp  
Denial 	0.3705	0.3039	0.3339	306
Support	0.3411	0.2616	0.2961	279
Comment	0.3239	0.5294	0.4019	238
Queries	0.0000	0.0000	0.0000	31
MacroF1	0.2580
F1w_avg	0.3284
Acc    	34.2

02/23/2021 07:29:48 - INFO - __main__ -   	EPOCH:   2	MiniBatch:    0
02/23/2021 07:29:59 - INFO - __main__ -   	EPOCH:   2	MiniBatch:   10
02/23/2021 07:30:09 - INFO - __main__ -   	EPOCH:   2	MiniBatch:   20
02/23/2021 07:30:09 - INFO - __main__ -   	Testing dev Minibatch:    0
02/23/2021 07:30:12 - INFO - __main__ -   
Labels 	Prec. 	Recall	F1    	Supp  
Denial 	0.3525	0.7222	0.4737	306
Support	0.3524	0.2867	0.3162	279
Comment	0.0000	0.0000	0.0000	238
Queries	0.0000	0.0000	0.0000	31
MacroF1	0.1975
F1w_avg	0.2731
Acc    	35.2

02/23/2021 07:30:12 - INFO - __main__ -   	EPOCH:   3	MiniBatch:    0
02/23/2021 07:30:23 - INFO - __main__ -   	EPOCH:   3	MiniBatch:   10
02/23/2021 07:30:33 - INFO - __main__ -   	EPOCH:   3	MiniBatch:   20
02/23/2021 07:30:33 - INFO - __main__ -   	Testing dev Minibatch:    0
02/23/2021 07:30:36 - INFO - __main__ -   
Labels 	Prec. 	Recall	F1    	Supp  
Denial 	0.3498	0.6928	0.4649	306
Support	0.3750	0.3333	0.3529	279
Comment	0.0000	0.0000	0.0000	238
Queries	0.0000	0.0000	0.0000	31
MacroF1	0.2045
F1w_avg	0.2819
Acc    	35.7

02/23/2021 07:30:36 - INFO - __main__ -   	EPOCH:   4	MiniBatch:    0
02/23/2021 07:30:46 - INFO - __main__ -   	EPOCH:   4	MiniBatch:   10
02/23/2021 07:30:57 - INFO - __main__ -   	EPOCH:   4	MiniBatch:   20
02/23/2021 07:30:57 - INFO - __main__ -   	Testing dev Minibatch:    0
02/23/2021 07:31:00 - INFO - __main__ -   
Labels 	Prec. 	Recall	F1    	Supp  
Denial 	0.3782	0.2386	0.2926	306
Support	0.3457	0.3333	0.3394	279
Comment	0.3240	0.5336	0.4032	238
Queries	0.0000	0.0000	0.0000	31
MacroF1	0.2588
F1w_avg	0.3281
Acc    	34.3

02/23/2021 07:31:01 - INFO - __main__ -   	EPOCH:   5	MiniBatch:    0
02/23/2021 07:31:12 - INFO - __main__ -   	EPOCH:   5	MiniBatch:   10
02/23/2021 07:31:22 - INFO - __main__ -   	EPOCH:   5	MiniBatch:   20
02/23/2021 07:31:22 - INFO - __main__ -   	Testing dev Minibatch:    0
02/23/2021 07:31:25 - INFO - __main__ -   
Labels 	Prec. 	Recall	F1    	Supp  
Denial 	0.3679	0.6144	0.4602	306
Support	0.3693	0.2330	0.2857	279
Comment	0.3353	0.2353	0.2765	238
Queries	0.0000	0.0000	0.0000	31
MacroF1	0.2556
F1w_avg	0.3353
Acc    	36.2

02/23/2021 07:31:25 - INFO - __main__ -   	EPOCH:   6	MiniBatch:    0
02/23/2021 07:31:36 - INFO - __main__ -   	EPOCH:   6	MiniBatch:   10
02/23/2021 07:31:46 - INFO - __main__ -   	EPOCH:   6	MiniBatch:   20
02/23/2021 07:31:46 - INFO - __main__ -   	Testing dev Minibatch:    0
02/23/2021 07:31:49 - INFO - __main__ -   
Labels 	Prec. 	Recall	F1    	Supp  
Denial 	0.3617	0.6111	0.4544	306
Support	0.3740	0.3297	0.3505	279
Comment	0.3846	0.1471	0.2128	238
Queries	0.0000	0.0000	0.0000	31
MacroF1	0.2544
F1w_avg	0.3366
Acc    	36.8

02/23/2021 07:31:49 - INFO - __main__ -   	EPOCH:   7	MiniBatch:    0
02/23/2021 07:32:00 - INFO - __main__ -   	EPOCH:   7	MiniBatch:   10
02/23/2021 07:32:10 - INFO - __main__ -   	EPOCH:   7	MiniBatch:   20
02/23/2021 07:32:10 - INFO - __main__ -   	Testing dev Minibatch:    0
02/23/2021 07:32:13 - INFO - __main__ -   
Labels 	Prec. 	Recall	F1    	Supp  
Denial 	0.4183	0.4183	0.4183	306
Support	0.3717	0.2545	0.3021	279
Comment	0.3389	0.5084	0.4067	238
Queries	0.0000	0.0000	0.0000	31
MacroF1	0.2818
F1w_avg	0.3619
Acc    	37.5

02/23/2021 07:32:14 - INFO - __main__ -   	EPOCH:   8	MiniBatch:    0
02/23/2021 07:32:25 - INFO - __main__ -   	EPOCH:   8	MiniBatch:   10
02/23/2021 07:32:35 - INFO - __main__ -   	EPOCH:   8	MiniBatch:   20
02/23/2021 07:32:35 - INFO - __main__ -   	Testing dev Minibatch:    0
02/23/2021 07:32:38 - INFO - __main__ -   
Labels 	Prec. 	Recall	F1    	Supp  
Denial 	0.4115	0.2810	0.3340	306
Support	0.3724	0.1935	0.2547	279
Comment	0.3120	0.6555	0.4228	238
Queries	0.0000	0.0000	0.0000	31
MacroF1	0.2529
F1w_avg	0.3207
Acc    	34.7

02/23/2021 07:32:38 - INFO - __main__ -   	EPOCH:   9	MiniBatch:    0
02/23/2021 07:32:49 - INFO - __main__ -   	EPOCH:   9	MiniBatch:   10
02/23/2021 07:32:59 - INFO - __main__ -   	EPOCH:   9	MiniBatch:   20
02/23/2021 07:32:59 - INFO - __main__ -   	Testing dev Minibatch:    0
02/23/2021 07:33:02 - INFO - __main__ -   
Labels 	Prec. 	Recall	F1    	Supp  
Denial 	0.4122	0.3529	0.3803	306
Support	0.3621	0.3154	0.3372	279
Comment	0.3123	0.4580	0.3714	238
Queries	0.0000	0.0000	0.0000	31
MacroF1	0.2722
F1w_avg	0.3499
Acc    	35.7

02/23/2021 07:33:02 - INFO - __main__ -   	EPOCH:  10	MiniBatch:    0
02/23/2021 07:33:13 - INFO - __main__ -   	EPOCH:  10	MiniBatch:   10
02/23/2021 07:33:23 - INFO - __main__ -   	EPOCH:  10	MiniBatch:   20
02/23/2021 07:33:23 - INFO - __main__ -   	Testing dev Minibatch:    0
02/23/2021 07:33:26 - INFO - __main__ -   
Labels 	Prec. 	Recall	F1    	Supp  
Denial 	0.3805	0.5359	0.4450	306
Support	0.3667	0.2760	0.3149	279
Comment	0.3239	0.2899	0.3060	238
Queries	0.0000	0.0000	0.0000	31
MacroF1	0.2665
F1w_avg	0.3476
Acc    	36.3

02/23/2021 07:33:26 - INFO - __main__ -   	EPOCH:  11	MiniBatch:    0
02/23/2021 07:33:37 - INFO - __main__ -   	EPOCH:  11	MiniBatch:   10
02/23/2021 07:33:47 - INFO - __main__ -   	EPOCH:  11	MiniBatch:   20
02/23/2021 07:33:47 - INFO - __main__ -   	Testing dev Minibatch:    0
02/23/2021 07:33:50 - INFO - __main__ -   
Labels 	Prec. 	Recall	F1    	Supp  
Denial 	0.3864	0.7059	0.4994	306
Support	0.3701	0.1685	0.2315	279
Comment	0.2976	0.2101	0.2463	238
Queries	0.0000	0.0000	0.0000	31
MacroF1	0.2443
F1w_avg	0.3232
Acc    	36.7

02/23/2021 07:33:50 - INFO - __main__ -   	EPOCH:  12	MiniBatch:    0
02/23/2021 07:34:01 - INFO - __main__ -   	EPOCH:  12	MiniBatch:   10
02/23/2021 07:34:11 - INFO - __main__ -   	EPOCH:  12	MiniBatch:   20
02/23/2021 07:34:11 - INFO - __main__ -   	Testing dev Minibatch:    0
02/23/2021 07:34:14 - INFO - __main__ -   
Labels 	Prec. 	Recall	F1    	Supp  
Denial 	0.4021	0.6242	0.4891	306
Support	0.4310	0.1792	0.2532	279
Comment	0.3194	0.3529	0.3353	238
Queries	0.0000	0.0000	0.0000	31
MacroF1	0.2694
F1w_avg	0.3514
Acc    	38.1

02/23/2021 07:34:14 - INFO - __main__ -   	EPOCH:  13	MiniBatch:    0
02/23/2021 07:34:24 - INFO - __main__ -   	EPOCH:  13	MiniBatch:   10
02/23/2021 07:34:35 - INFO - __main__ -   	EPOCH:  13	MiniBatch:   20
02/23/2021 07:34:35 - INFO - __main__ -   	Testing dev Minibatch:    0
02/23/2021 07:34:38 - INFO - __main__ -   
Labels 	Prec. 	Recall	F1    	Supp  
Denial 	0.4018	0.5752	0.4731	306
Support	0.3742	0.2186	0.2760	279
Comment	0.3281	0.3487	0.3381	238
Queries	0.0000	0.0000	0.0000	31
MacroF1	0.2718
F1w_avg	0.3539
Acc    	37.5

02/23/2021 07:34:38 - INFO - __main__ -   	EPOCH:  14	MiniBatch:    0
02/23/2021 07:34:48 - INFO - __main__ -   	EPOCH:  14	MiniBatch:   10
02/23/2021 07:34:59 - INFO - __main__ -   	EPOCH:  14	MiniBatch:   20
02/23/2021 07:34:59 - INFO - __main__ -   	Testing dev Minibatch:    0
02/23/2021 07:35:02 - INFO - __main__ -   
Labels 	Prec. 	Recall	F1    	Supp  
Denial 	0.4430	0.4314	0.4371	306
Support	0.3646	0.2366	0.2870	279
Comment	0.3253	0.5126	0.3980	238
Queries	0.0000	0.0000	0.0000	31
MacroF1	0.2805
F1w_avg	0.3613
Acc    	37.5

02/23/2021 07:35:02 - INFO - __main__ -   	EPOCH:  15	MiniBatch:    0
02/23/2021 07:35:12 - INFO - __main__ -   	EPOCH:  15	MiniBatch:   10
02/23/2021 07:35:23 - INFO - __main__ -   	EPOCH:  15	MiniBatch:   20
02/23/2021 07:35:23 - INFO - __main__ -   	Testing dev Minibatch:    0
02/23/2021 07:35:26 - INFO - __main__ -   
Labels 	Prec. 	Recall	F1    	Supp  
Denial 	0.4331	0.5392	0.4803	306
Support	0.4231	0.1971	0.2689	279
Comment	0.3236	0.4664	0.3821	238
Queries	0.0000	0.0000	0.0000	31
MacroF1	0.2828
F1w_avg	0.3665
Acc    	38.8

02/23/2021 07:35:27 - INFO - __main__ -   	EPOCH:  16	MiniBatch:    0
02/23/2021 07:35:38 - INFO - __main__ -   	EPOCH:  16	MiniBatch:   10
02/23/2021 07:35:48 - INFO - __main__ -   	EPOCH:  16	MiniBatch:   20
02/23/2021 07:35:48 - INFO - __main__ -   	Testing dev Minibatch:    0
02/23/2021 07:35:51 - INFO - __main__ -   
Labels 	Prec. 	Recall	F1    	Supp  
Denial 	0.4398	0.4771	0.4577	306
Support	0.4043	0.2043	0.2714	279
Comment	0.3386	0.5420	0.4168	238
Queries	0.0000	0.0000	0.0000	31
MacroF1	0.2865
F1w_avg	0.3688
Acc    	38.9

02/23/2021 07:35:53 - INFO - __main__ -   	EPOCH:  17	MiniBatch:    0
02/23/2021 07:36:03 - INFO - __main__ -   	EPOCH:  17	MiniBatch:   10
02/23/2021 07:36:13 - INFO - __main__ -   	EPOCH:  17	MiniBatch:   20
02/23/2021 07:36:14 - INFO - __main__ -   	Testing dev Minibatch:    0
02/23/2021 07:36:16 - INFO - __main__ -   
Labels 	Prec. 	Recall	F1    	Supp  
Denial 	0.4270	0.5163	0.4675	306
Support	0.3971	0.2903	0.3354	279
Comment	0.3250	0.3824	0.3514	238
Queries	0.0000	0.0000	0.0000	31
MacroF1	0.2886
F1w_avg	0.3750
Acc    	38.6

02/23/2021 07:36:18 - INFO - __main__ -   	EPOCH:  18	MiniBatch:    0
02/23/2021 07:36:28 - INFO - __main__ -   	EPOCH:  18	MiniBatch:   10
02/23/2021 07:36:39 - INFO - __main__ -   	EPOCH:  18	MiniBatch:   20
02/23/2021 07:36:39 - INFO - __main__ -   	Testing dev Minibatch:    0
02/23/2021 07:36:41 - INFO - __main__ -   
Labels 	Prec. 	Recall	F1    	Supp  
Denial 	0.4350	0.4706	0.4521	306
Support	0.3853	0.3011	0.3380	279
Comment	0.3246	0.4160	0.3646	238
Queries	0.0000	0.0000	0.0000	31
MacroF1	0.2887
F1w_avg	0.3741
Acc    	38.3

02/23/2021 07:36:43 - INFO - __main__ -   	EPOCH:  19	MiniBatch:    0
02/23/2021 07:36:53 - INFO - __main__ -   	EPOCH:  19	MiniBatch:   10
02/23/2021 07:37:04 - INFO - __main__ -   	EPOCH:  19	MiniBatch:   20
02/23/2021 07:37:04 - INFO - __main__ -   	Testing dev Minibatch:    0
02/23/2021 07:37:07 - INFO - __main__ -   
Labels 	Prec. 	Recall	F1    	Supp  
Denial 	0.4484	0.4542	0.4513	306
Support	0.4303	0.2545	0.3198	279
Comment	0.3166	0.5042	0.3890	238
Queries	0.0000	0.0000	0.0000	31
MacroF1	0.2900
F1w_avg	0.3746
Acc    	38.6

02/23/2021 07:37:08 - INFO - __main__ -   	EPOCH:  20	MiniBatch:    0
02/23/2021 07:37:19 - INFO - __main__ -   	EPOCH:  20	MiniBatch:   10
02/23/2021 07:37:29 - INFO - __main__ -   	EPOCH:  20	MiniBatch:   20
02/23/2021 07:37:29 - INFO - __main__ -   	Testing dev Minibatch:    0
02/23/2021 07:37:32 - INFO - __main__ -   
Labels 	Prec. 	Recall	F1    	Supp  
Denial 	0.4372	0.5229	0.4762	306
Support	0.3679	0.2545	0.3008	279
Comment	0.3288	0.4076	0.3640	238
Queries	0.0000	0.0000	0.0000	31
MacroF1	0.2853
F1w_avg	0.3703
Acc    	38.4

02/23/2021 07:37:32 - INFO - __main__ -   	EPOCH:  21	MiniBatch:    0
02/23/2021 07:37:43 - INFO - __main__ -   	EPOCH:  21	MiniBatch:   10
02/23/2021 07:37:53 - INFO - __main__ -   	EPOCH:  21	MiniBatch:   20
02/23/2021 07:37:53 - INFO - __main__ -   	Testing dev Minibatch:    0
02/23/2021 07:37:56 - INFO - __main__ -   
Labels 	Prec. 	Recall	F1    	Supp  
Denial 	0.4444	0.4052	0.4239	306
Support	0.3884	0.3369	0.3608	279
Comment	0.3333	0.4664	0.3888	238
Queries	0.0000	0.0000	0.0000	31
MacroF1	0.2934
F1w_avg	0.3781
Acc    	38.5

02/23/2021 07:37:57 - INFO - __main__ -   	EPOCH:  22	MiniBatch:    0
02/23/2021 07:38:08 - INFO - __main__ -   	EPOCH:  22	MiniBatch:   10
02/23/2021 07:38:18 - INFO - __main__ -   	EPOCH:  22	MiniBatch:   20
02/23/2021 07:38:18 - INFO - __main__ -   	Testing dev Minibatch:    0
02/23/2021 07:38:21 - INFO - __main__ -   
Labels 	Prec. 	Recall	F1    	Supp  
Denial 	0.4693	0.3497	0.4007	306
Support	0.3668	0.4982	0.4225	279
Comment	0.3239	0.3361	0.3299	238
Queries	0.0000	0.0000	0.0000	31
MacroF1	0.2883
F1w_avg	0.3736
Acc    	38.2

02/23/2021 07:38:21 - INFO - __main__ -   	EPOCH:  23	MiniBatch:    0
02/23/2021 07:38:32 - INFO - __main__ -   	EPOCH:  23	MiniBatch:   10
02/23/2021 07:38:42 - INFO - __main__ -   	EPOCH:  23	MiniBatch:   20
02/23/2021 07:38:42 - INFO - __main__ -   	Testing dev Minibatch:    0
02/23/2021 07:38:45 - INFO - __main__ -   
Labels 	Prec. 	Recall	F1    	Supp  
Denial 	0.4455	0.3072	0.3636	306
Support	0.3916	0.2330	0.2921	279
Comment	0.3082	0.6176	0.4112	238
Queries	0.0000	0.0000	0.0000	31
MacroF1	0.2667
F1w_avg	0.3403
Acc    	35.8

02/23/2021 07:38:45 - INFO - __main__ -   	EPOCH:  24	MiniBatch:    0
02/23/2021 07:38:56 - INFO - __main__ -   	EPOCH:  24	MiniBatch:   10
02/23/2021 07:39:06 - INFO - __main__ -   	EPOCH:  24	MiniBatch:   20
02/23/2021 07:39:06 - INFO - __main__ -   	Testing dev Minibatch:    0
02/23/2021 07:39:09 - INFO - __main__ -   
Labels 	Prec. 	Recall	F1    	Supp  
Denial 	0.4350	0.5033	0.4667	306
Support	0.3831	0.3405	0.3605	279
Comment	0.3254	0.3445	0.3347	238
Queries	0.0000	0.0000	0.0000	31
MacroF1	0.2905
F1w_avg	0.3783
Acc    	38.8

02/23/2021 07:39:09 - INFO - __main__ -   	EPOCH:  25	MiniBatch:    0
02/23/2021 07:39:20 - INFO - __main__ -   	EPOCH:  25	MiniBatch:   10
02/23/2021 07:39:30 - INFO - __main__ -   	EPOCH:  25	MiniBatch:   20
02/23/2021 07:39:30 - INFO - __main__ -   	Testing dev Minibatch:    0
02/23/2021 07:39:33 - INFO - __main__ -   
Labels 	Prec. 	Recall	F1    	Supp  
Denial 	0.4601	0.4150	0.4364	306
Support	0.3527	0.3477	0.3502	279
Comment	0.3168	0.4034	0.3549	238
Queries	0.0000	0.0000	0.0000	31
MacroF1	0.2854
F1w_avg	0.3697
Acc    	37.5

02/23/2021 07:39:33 - INFO - __main__ -   	EPOCH:  26	MiniBatch:    0
02/23/2021 07:39:44 - INFO - __main__ -   	EPOCH:  26	MiniBatch:   10
02/23/2021 07:39:54 - INFO - __main__ -   	EPOCH:  26	MiniBatch:   20
02/23/2021 07:39:54 - INFO - __main__ -   	Testing dev Minibatch:    0
02/23/2021 07:39:57 - INFO - __main__ -   
Labels 	Prec. 	Recall	F1    	Supp  
Denial 	0.4643	0.4673	0.4658	306
Support	0.3861	0.2796	0.3243	279
Comment	0.3256	0.4706	0.3849	238
Queries	0.0000	0.0000	0.0000	31
MacroF1	0.2938
F1w_avg	0.3801
Acc    	39.0

02/23/2021 07:39:58 - INFO - __main__ -   	EPOCH:  27	MiniBatch:    0
02/23/2021 07:40:09 - INFO - __main__ -   	EPOCH:  27	MiniBatch:   10
02/23/2021 07:40:19 - INFO - __main__ -   	EPOCH:  27	MiniBatch:   20
02/23/2021 07:40:19 - INFO - __main__ -   	Testing dev Minibatch:    0
02/23/2021 07:40:22 - INFO - __main__ -   
Labels 	Prec. 	Recall	F1    	Supp  
Denial 	0.4259	0.6765	0.5227	306
Support	0.4805	0.1326	0.2079	279
Comment	0.3114	0.3782	0.3416	238
Queries	0.0000	0.0000	0.0000	31
MacroF1	0.2680
F1w_avg	0.3504
Acc    	39.1

02/23/2021 07:40:22 - INFO - __main__ -   	EPOCH:  28	MiniBatch:    0
02/23/2021 07:40:33 - INFO - __main__ -   	EPOCH:  28	MiniBatch:   10
02/23/2021 07:40:43 - INFO - __main__ -   	EPOCH:  28	MiniBatch:   20
02/23/2021 07:40:44 - INFO - __main__ -   	Testing dev Minibatch:    0
02/23/2021 07:40:46 - INFO - __main__ -   
Labels 	Prec. 	Recall	F1    	Supp  
Denial 	0.4324	0.5752	0.4937	306
Support	0.3765	0.3441	0.3596	279
Comment	0.3542	0.2857	0.3163	238
Queries	0.0000	0.0000	0.0000	31
MacroF1	0.2924
F1w_avg	0.3825
Acc    	39.8

02/23/2021 07:40:46 - INFO - __main__ -   	EPOCH:  29	MiniBatch:    0
02/23/2021 07:40:57 - INFO - __main__ -   	EPOCH:  29	MiniBatch:   10
02/23/2021 07:41:07 - INFO - __main__ -   	EPOCH:  29	MiniBatch:   20
02/23/2021 07:41:08 - INFO - __main__ -   	Testing dev Minibatch:    0
02/23/2021 07:41:10 - INFO - __main__ -   
Labels 	Prec. 	Recall	F1    	Supp  
Denial 	0.4317	0.4444	0.4380	306
Support	0.3974	0.2222	0.2851	279
Comment	0.3133	0.5042	0.3865	238
Queries	0.0000	0.0000	0.0000	31
MacroF1	0.2774
F1w_avg	0.3578
Acc    	37.2

02/23/2021 07:41:10 - INFO - __main__ -   	EPOCH:  30	MiniBatch:    0
02/23/2021 07:41:21 - INFO - __main__ -   	EPOCH:  30	MiniBatch:   10
02/23/2021 07:41:31 - INFO - __main__ -   	EPOCH:  30	MiniBatch:   20
02/23/2021 07:41:32 - INFO - __main__ -   	Testing dev Minibatch:    0
02/23/2021 07:41:34 - INFO - __main__ -   
Labels 	Prec. 	Recall	F1    	Supp  
Denial 	0.4496	0.4085	0.4281	306
Support	0.3737	0.4982	0.4270	279
Comment	0.3186	0.2731	0.2941	238
Queries	0.0000	0.0000	0.0000	31
MacroF1	0.2873
F1w_avg	0.3749
Acc    	38.5

02/23/2021 07:41:34 - INFO - __main__ -   	EPOCH:  31	MiniBatch:    0
02/23/2021 07:41:45 - INFO - __main__ -   	EPOCH:  31	MiniBatch:   10
02/23/2021 07:41:55 - INFO - __main__ -   	EPOCH:  31	MiniBatch:   20
02/23/2021 07:41:55 - INFO - __main__ -   	Testing dev Minibatch:    0
02/23/2021 07:41:58 - INFO - __main__ -   
Labels 	Prec. 	Recall	F1    	Supp  
Denial 	0.4337	0.5131	0.4701	306
Support	0.3980	0.1398	0.2069	279
Comment	0.3155	0.5210	0.3930	238
Queries	0.0000	0.0000	0.0000	31
MacroF1	0.2675
F1w_avg	0.3456
Acc    	37.5

02/23/2021 07:41:58 - INFO - __main__ -   	EPOCH:  32	MiniBatch:    0
02/23/2021 07:42:09 - INFO - __main__ -   	EPOCH:  32	MiniBatch:   10
02/23/2021 07:42:19 - INFO - __main__ -   	EPOCH:  32	MiniBatch:   20
02/23/2021 07:42:19 - INFO - __main__ -   	Testing dev Minibatch:    0
02/23/2021 07:42:22 - INFO - __main__ -   
Labels 	Prec. 	Recall	F1    	Supp  
Denial 	0.4526	0.4052	0.4276	306
Support	0.3789	0.3082	0.3399	279
Comment	0.3068	0.4538	0.3661	238
Queries	0.0000	0.0000	0.0000	31
MacroF1	0.2834
F1w_avg	0.3663
Acc    	37.2

02/23/2021 07:42:22 - INFO - __main__ -   	EPOCH:  33	MiniBatch:    0
02/23/2021 07:42:33 - INFO - __main__ -   	EPOCH:  33	MiniBatch:   10
02/23/2021 07:42:43 - INFO - __main__ -   	EPOCH:  33	MiniBatch:   20
02/23/2021 07:42:43 - INFO - __main__ -   	Testing dev Minibatch:    0
02/23/2021 07:42:46 - INFO - __main__ -   
Labels 	Prec. 	Recall	F1    	Supp  
Denial 	0.4741	0.3595	0.4089	306
Support	0.3875	0.2222	0.2825	279
Comment	0.3172	0.6050	0.4162	238
Queries	0.1250	0.0323	0.0513	31
MacroF1	0.2897
F1w_avg	0.3566
Acc    	37.1

02/23/2021 07:42:46 - INFO - __main__ -   	EPOCH:  34	MiniBatch:    0
02/23/2021 07:42:57 - INFO - __main__ -   	EPOCH:  34	MiniBatch:   10
02/23/2021 07:43:07 - INFO - __main__ -   	EPOCH:  34	MiniBatch:   20
02/23/2021 07:43:07 - INFO - __main__ -   	Testing dev Minibatch:    0
02/23/2021 07:43:10 - INFO - __main__ -   
Labels 	Prec. 	Recall	F1    	Supp  
Denial 	0.4578	0.4967	0.4765	306
Support	0.3924	0.3333	0.3605	279
Comment	0.3610	0.4202	0.3883	238
Queries	0.2500	0.0645	0.1026	31
MacroF1	0.3320
F1w_avg	0.4004
Acc    	40.6

02/23/2021 07:43:11 - INFO - __main__ -   	EPOCH:  35	MiniBatch:    0
02/23/2021 07:43:22 - INFO - __main__ -   	EPOCH:  35	MiniBatch:   10
02/23/2021 07:43:32 - INFO - __main__ -   	EPOCH:  35	MiniBatch:   20
02/23/2021 07:43:33 - INFO - __main__ -   	Testing dev Minibatch:    0
02/23/2021 07:43:35 - INFO - __main__ -   
Labels 	Prec. 	Recall	F1    	Supp  
Denial 	0.4549	0.4281	0.4411	306
Support	0.3896	0.2151	0.2771	279
Comment	0.3247	0.5294	0.4026	238
Queries	0.1667	0.1290	0.1455	31
MacroF1	0.3166
F1w_avg	0.3661
Acc    	37.6

02/23/2021 07:43:35 - INFO - __main__ -   	EPOCH:  36	MiniBatch:    0
02/23/2021 07:43:46 - INFO - __main__ -   	EPOCH:  36	MiniBatch:   10
02/23/2021 07:43:56 - INFO - __main__ -   	EPOCH:  36	MiniBatch:   20
02/23/2021 07:43:56 - INFO - __main__ -   	Testing dev Minibatch:    0
02/23/2021 07:43:59 - INFO - __main__ -   
Labels 	Prec. 	Recall	F1    	Supp  
Denial 	0.4341	0.5817	0.4972	306
Support	0.4037	0.2330	0.2955	279
Comment	0.3542	0.4034	0.3772	238
Queries	0.2500	0.0968	0.1395	31
MacroF1	0.3274
F1w_avg	0.3849
Acc    	40.0

02/23/2021 07:43:59 - INFO - __main__ -   	EPOCH:  37	MiniBatch:    0
02/23/2021 07:44:10 - INFO - __main__ -   	EPOCH:  37	MiniBatch:   10
02/23/2021 07:44:20 - INFO - __main__ -   	EPOCH:  37	MiniBatch:   20
02/23/2021 07:44:20 - INFO - __main__ -   	Testing dev Minibatch:    0
02/23/2021 07:44:23 - INFO - __main__ -   
Labels 	Prec. 	Recall	F1    	Supp  
Denial 	0.4447	0.5654	0.4978	306
Support	0.4104	0.2545	0.3142	279
Comment	0.3345	0.3908	0.3605	238
Queries	0.2143	0.0968	0.1333	31
MacroF1	0.3264
F1w_avg	0.3863
Acc    	39.8

02/23/2021 07:44:23 - INFO - __main__ -   	EPOCH:  38	MiniBatch:    0
02/23/2021 07:44:34 - INFO - __main__ -   	EPOCH:  38	MiniBatch:   10
02/23/2021 07:44:44 - INFO - __main__ -   	EPOCH:  38	MiniBatch:   20
02/23/2021 07:44:44 - INFO - __main__ -   	Testing dev Minibatch:    0
02/23/2021 07:44:47 - INFO - __main__ -   
Labels 	Prec. 	Recall	F1    	Supp  
Denial 	0.4437	0.4510	0.4473	306
Support	0.3952	0.2975	0.3395	279
Comment	0.3289	0.4160	0.3673	238
Queries	0.0938	0.0968	0.0952	31
MacroF1	0.3123
F1w_avg	0.3770
Acc    	37.8

02/23/2021 07:44:47 - INFO - __main__ -   	EPOCH:  39	MiniBatch:    0
02/23/2021 07:44:58 - INFO - __main__ -   	EPOCH:  39	MiniBatch:   10
02/23/2021 07:45:08 - INFO - __main__ -   	EPOCH:  39	MiniBatch:   20
02/23/2021 07:45:08 - INFO - __main__ -   	Testing dev Minibatch:    0
02/23/2021 07:45:11 - INFO - __main__ -   
Labels 	Prec. 	Recall	F1    	Supp  
Denial 	0.4815	0.4673	0.4743	306
Support	0.3944	0.4014	0.3979	279
Comment	0.3457	0.3529	0.3493	238
Queries	0.0667	0.0645	0.0656	31
MacroF1	0.3218
F1w_avg	0.3996
Acc    	39.9

02/23/2021 07:45:12 - INFO - __main__ -   	Testing test Minibatch:    0
02/23/2021 07:45:14 - INFO - __main__ -   
Labels 	Prec. 	Recall	F1    	Supp  
Denial 	0.4251	0.4542	0.4392	306
Support	0.3895	0.3852	0.3873	270
Comment	0.3333	0.3399	0.3366	253
Queries	0.5000	0.0400	0.0741	25
MacroF1	0.3093
F1w_avg	0.3817
Acc    	38.6

02/23/2021 07:45:14 - INFO - __main__ -   Time taken: 0h 16m 24s
