02/23/2021 07:45:17 - INFO - __main__ -   ----------------- Hyperparameters ------------------
02/23/2021 07:45:17 - INFO - __main__ -   ======== my_modelE0 =========
02/23/2021 07:45:17 - INFO - __main__ -   ===== Hyperparameters ======
02/23/2021 07:45:17 - INFO - __main__ -   batch_train: 128
02/23/2021 07:45:17 - INFO - __main__ -   batch_test:  128
02/23/2021 07:45:17 - INFO - __main__ -   epochs: 40 
02/23/2021 07:45:17 - INFO - __main__ -   learning_rate: 0.000010
02/23/2021 07:45:17 - INFO - __main__ -   optimizer: adam
02/23/2021 07:45:17 - INFO - __main__ -   debug: False
02/23/2021 07:45:17 - INFO - __main__ -   ------------------ Getting model -------------------
02/23/2021 07:45:23 - INFO - __main__ -   loading pretrained model file ./log_files/saved_models/pretrain02_my_modelE0.bin
02/23/2021 07:45:24 - INFO - __main__ -   --------------- Getting dataframes -----------------
02/23/2021 07:45:24 - INFO - __main__ -   ------- Setting loss function and optimizer --------
02/23/2021 07:45:24 - INFO - __main__ -   ------------ Converting to dataloaders -------------
02/23/2021 07:45:24 - INFO - __main__ -   ---------------- Starting training -----------------
02/23/2021 07:45:24 - INFO - __main__ -   	EPOCH:   0	MiniBatch:    0
02/23/2021 07:45:36 - INFO - __main__ -   	EPOCH:   0	MiniBatch:   10
02/23/2021 07:45:47 - INFO - __main__ -   	EPOCH:   0	MiniBatch:   20
02/23/2021 07:45:47 - INFO - __main__ -   	Testing dev Minibatch:    0
02/23/2021 07:45:50 - INFO - __main__ -   
Labels 	Prec. 	Recall	F1    	Supp  
Denial 	0.3584	0.9967	0.5272	306
Support	0.6667	0.0072	0.0142	279
Comment	0.0000	0.0000	0.0000	238
Queries	0.0000	0.0000	0.0000	31
MacroF1	0.1354
F1w_avg	0.1935
Acc    	35.9

02/23/2021 07:45:50 - INFO - __main__ -   	EPOCH:   1	MiniBatch:    0
02/23/2021 07:46:01 - INFO - __main__ -   	EPOCH:   1	MiniBatch:   10
02/23/2021 07:46:11 - INFO - __main__ -   	EPOCH:   1	MiniBatch:   20
02/23/2021 07:46:11 - INFO - __main__ -   	Testing dev Minibatch:    0
02/23/2021 07:46:14 - INFO - __main__ -   
Labels 	Prec. 	Recall	F1    	Supp  
Denial 	0.3587	1.0000	0.5280	306
Support	1.0000	0.0036	0.0071	279
Comment	0.0000	0.0000	0.0000	238
Queries	0.0000	0.0000	0.0000	31
MacroF1	0.1338
F1w_avg	0.1915
Acc    	35.9

02/23/2021 07:46:14 - INFO - __main__ -   	EPOCH:   2	MiniBatch:    0
02/23/2021 07:46:25 - INFO - __main__ -   	EPOCH:   2	MiniBatch:   10
02/23/2021 07:46:35 - INFO - __main__ -   	EPOCH:   2	MiniBatch:   20
02/23/2021 07:46:35 - INFO - __main__ -   	Testing dev Minibatch:    0
02/23/2021 07:46:38 - INFO - __main__ -   
Labels 	Prec. 	Recall	F1    	Supp  
Denial 	0.3666	0.8889	0.5191	306
Support	0.4717	0.1792	0.2597	279
Comment	0.1667	0.0042	0.0082	238
Queries	0.0000	0.0000	0.0000	31
MacroF1	0.1968
F1w_avg	0.2731
Acc    	37.8

02/23/2021 07:46:39 - INFO - __main__ -   	EPOCH:   3	MiniBatch:    0
02/23/2021 07:46:50 - INFO - __main__ -   	EPOCH:   3	MiniBatch:   10
02/23/2021 07:47:00 - INFO - __main__ -   	EPOCH:   3	MiniBatch:   20
02/23/2021 07:47:00 - INFO - __main__ -   	Testing dev Minibatch:    0
02/23/2021 07:47:03 - INFO - __main__ -   
Labels 	Prec. 	Recall	F1    	Supp  
Denial 	0.3676	0.8889	0.5201	306
Support	0.4386	0.1792	0.2545	279
Comment	0.0000	0.0000	0.0000	238
Queries	0.0000	0.0000	0.0000	31
MacroF1	0.1936
F1w_avg	0.2695
Acc    	37.7

02/23/2021 07:47:03 - INFO - __main__ -   	EPOCH:   4	MiniBatch:    0
02/23/2021 07:47:14 - INFO - __main__ -   	EPOCH:   4	MiniBatch:   10
02/23/2021 07:47:24 - INFO - __main__ -   	EPOCH:   4	MiniBatch:   20
02/23/2021 07:47:24 - INFO - __main__ -   	Testing dev Minibatch:    0
02/23/2021 07:47:27 - INFO - __main__ -   
Labels 	Prec. 	Recall	F1    	Supp  
Denial 	0.3857	0.2647	0.3140	306
Support	0.3877	0.3835	0.3856	279
Comment	0.3288	0.5084	0.3993	238
Queries	0.0000	0.0000	0.0000	31
MacroF1	0.2747
F1w_avg	0.3498
Acc    	36.2

02/23/2021 07:47:29 - INFO - __main__ -   	EPOCH:   5	MiniBatch:    0
02/23/2021 07:47:39 - INFO - __main__ -   	EPOCH:   5	MiniBatch:   10
02/23/2021 07:47:49 - INFO - __main__ -   	EPOCH:   5	MiniBatch:   20
02/23/2021 07:47:50 - INFO - __main__ -   	Testing dev Minibatch:    0
02/23/2021 07:47:52 - INFO - __main__ -   
Labels 	Prec. 	Recall	F1    	Supp  
Denial 	0.3556	0.6078	0.4487	306
Support	0.3822	0.3082	0.3413	279
Comment	0.3774	0.1681	0.2326	238
Queries	0.0000	0.0000	0.0000	31
MacroF1	0.2556
F1w_avg	0.3371
Acc    	36.5

02/23/2021 07:47:53 - INFO - __main__ -   	EPOCH:   6	MiniBatch:    0
02/23/2021 07:48:03 - INFO - __main__ -   	EPOCH:   6	MiniBatch:   10
02/23/2021 07:48:13 - INFO - __main__ -   	EPOCH:   6	MiniBatch:   20
02/23/2021 07:48:14 - INFO - __main__ -   	Testing dev Minibatch:    0
02/23/2021 07:48:17 - INFO - __main__ -   
Labels 	Prec. 	Recall	F1    	Supp  
Denial 	0.4286	0.2647	0.3273	306
Support	0.3961	0.2939	0.3374	279
Comment	0.3275	0.6303	0.4310	238
Queries	0.0000	0.0000	0.0000	31
MacroF1	0.2739
F1w_avg	0.3476
Acc    	36.7

02/23/2021 07:48:17 - INFO - __main__ -   	EPOCH:   7	MiniBatch:    0
02/23/2021 07:48:27 - INFO - __main__ -   	EPOCH:   7	MiniBatch:   10
02/23/2021 07:48:38 - INFO - __main__ -   	EPOCH:   7	MiniBatch:   20
02/23/2021 07:48:38 - INFO - __main__ -   	Testing dev Minibatch:    0
02/23/2021 07:48:41 - INFO - __main__ -   
Labels 	Prec. 	Recall	F1    	Supp  
Denial 	0.3545	0.6765	0.4652	306
Support	0.3916	0.2007	0.2654	279
Comment	0.3150	0.1681	0.2192	238
Queries	0.0000	0.0000	0.0000	31
MacroF1	0.2374
F1w_avg	0.3145
Acc    	35.5

02/23/2021 07:48:41 - INFO - __main__ -   	EPOCH:   8	MiniBatch:    0
02/23/2021 07:48:51 - INFO - __main__ -   	EPOCH:   8	MiniBatch:   10
02/23/2021 07:49:02 - INFO - __main__ -   	EPOCH:   8	MiniBatch:   20
02/23/2021 07:49:02 - INFO - __main__ -   	Testing dev Minibatch:    0
02/23/2021 07:49:05 - INFO - __main__ -   
Labels 	Prec. 	Recall	F1    	Supp  
Denial 	0.4178	0.3072	0.3540	306
Support	0.4224	0.2437	0.3091	279
Comment	0.3184	0.6261	0.4221	238
Queries	0.0000	0.0000	0.0000	31
MacroF1	0.2713
F1w_avg	0.3455
Acc    	36.4

02/23/2021 07:49:05 - INFO - __main__ -   	EPOCH:   9	MiniBatch:    0
02/23/2021 07:49:15 - INFO - __main__ -   	EPOCH:   9	MiniBatch:   10
02/23/2021 07:49:26 - INFO - __main__ -   	EPOCH:   9	MiniBatch:   20
02/23/2021 07:49:26 - INFO - __main__ -   	Testing dev Minibatch:    0
02/23/2021 07:49:29 - INFO - __main__ -   
Labels 	Prec. 	Recall	F1    	Supp  
Denial 	0.4516	0.2745	0.3415	306
Support	0.3784	0.3513	0.3643	279
Comment	0.3325	0.5714	0.4204	238
Queries	0.0000	0.0000	0.0000	31
MacroF1	0.2815
F1w_avg	0.3585
Acc    	37.2

02/23/2021 07:49:30 - INFO - __main__ -   	EPOCH:  10	MiniBatch:    0
02/23/2021 07:49:41 - INFO - __main__ -   	EPOCH:  10	MiniBatch:   10
02/23/2021 07:49:51 - INFO - __main__ -   	EPOCH:  10	MiniBatch:   20
02/23/2021 07:49:51 - INFO - __main__ -   	Testing dev Minibatch:    0
02/23/2021 07:49:54 - INFO - __main__ -   
Labels 	Prec. 	Recall	F1    	Supp  
Denial 	0.4116	0.3954	0.4033	306
Support	0.3718	0.3692	0.3705	279
Comment	0.3322	0.3950	0.3608	238
Queries	0.0000	0.0000	0.0000	31
MacroF1	0.2837
F1w_avg	0.3661
Acc    	37.2

02/23/2021 07:49:55 - INFO - __main__ -   	EPOCH:  11	MiniBatch:    0
02/23/2021 07:50:06 - INFO - __main__ -   	EPOCH:  11	MiniBatch:   10
02/23/2021 07:50:16 - INFO - __main__ -   	EPOCH:  11	MiniBatch:   20
02/23/2021 07:50:17 - INFO - __main__ -   	Testing dev Minibatch:    0
02/23/2021 07:50:19 - INFO - __main__ -   
Labels 	Prec. 	Recall	F1    	Supp  
Denial 	0.3846	0.8007	0.5196	306
Support	0.4444	0.1434	0.2168	279
Comment	0.3622	0.1933	0.2521	238
Queries	0.0000	0.0000	0.0000	31
MacroF1	0.2471
F1w_avg	0.3273
Acc    	38.8

02/23/2021 07:50:19 - INFO - __main__ -   	EPOCH:  12	MiniBatch:    0
02/23/2021 07:50:30 - INFO - __main__ -   	EPOCH:  12	MiniBatch:   10
02/23/2021 07:50:40 - INFO - __main__ -   	EPOCH:  12	MiniBatch:   20
02/23/2021 07:50:40 - INFO - __main__ -   	Testing dev Minibatch:    0
02/23/2021 07:50:43 - INFO - __main__ -   
Labels 	Prec. 	Recall	F1    	Supp  
Denial 	0.3617	0.7908	0.4964	306
Support	0.3782	0.1613	0.2261	279
Comment	0.2576	0.0714	0.1118	238
Queries	0.0000	0.0000	0.0000	31
MacroF1	0.2086
F1w_avg	0.2829
Acc    	35.6

02/23/2021 07:50:43 - INFO - __main__ -   	EPOCH:  13	MiniBatch:    0
02/23/2021 07:50:54 - INFO - __main__ -   	EPOCH:  13	MiniBatch:   10
02/23/2021 07:51:04 - INFO - __main__ -   	EPOCH:  13	MiniBatch:   20
02/23/2021 07:51:04 - INFO - __main__ -   	Testing dev Minibatch:    0
02/23/2021 07:51:07 - INFO - __main__ -   
Labels 	Prec. 	Recall	F1    	Supp  
Denial 	0.4101	0.5588	0.4730	306
Support	0.3762	0.2724	0.3160	279
Comment	0.3447	0.3403	0.3425	238
Queries	0.0000	0.0000	0.0000	31
MacroF1	0.2829
F1w_avg	0.3682
Acc    	38.4

02/23/2021 07:51:07 - INFO - __main__ -   	EPOCH:  14	MiniBatch:    0
02/23/2021 07:51:18 - INFO - __main__ -   	EPOCH:  14	MiniBatch:   10
02/23/2021 07:51:28 - INFO - __main__ -   	EPOCH:  14	MiniBatch:   20
02/23/2021 07:51:28 - INFO - __main__ -   	Testing dev Minibatch:    0
02/23/2021 07:51:31 - INFO - __main__ -   
Labels 	Prec. 	Recall	F1    	Supp  
Denial 	0.4286	0.2451	0.3119	306
Support	0.3681	0.3799	0.3739	279
Comment	0.3427	0.5630	0.4261	238
Queries	0.0000	0.0000	0.0000	31
MacroF1	0.2780
F1w_avg	0.3526
Acc    	36.9

02/23/2021 07:51:31 - INFO - __main__ -   	EPOCH:  15	MiniBatch:    0
02/23/2021 07:51:42 - INFO - __main__ -   	EPOCH:  15	MiniBatch:   10
02/23/2021 07:51:52 - INFO - __main__ -   	EPOCH:  15	MiniBatch:   20
02/23/2021 07:51:52 - INFO - __main__ -   	Testing dev Minibatch:    0
02/23/2021 07:51:55 - INFO - __main__ -   
Labels 	Prec. 	Recall	F1    	Supp  
Denial 	0.3840	0.8007	0.5191	306
Support	0.4725	0.1541	0.2324	279
Comment	0.3577	0.1849	0.2438	238
Queries	0.0000	0.0000	0.0000	31
MacroF1	0.2488
F1w_avg	0.3299
Acc    	38.9

02/23/2021 07:51:55 - INFO - __main__ -   	EPOCH:  16	MiniBatch:    0
02/23/2021 07:52:06 - INFO - __main__ -   	EPOCH:  16	MiniBatch:   10
02/23/2021 07:52:16 - INFO - __main__ -   	EPOCH:  16	MiniBatch:   20
02/23/2021 07:52:16 - INFO - __main__ -   	Testing dev Minibatch:    0
02/23/2021 07:52:19 - INFO - __main__ -   
Labels 	Prec. 	Recall	F1    	Supp  
Denial 	0.4167	0.4248	0.4207	306
Support	0.4014	0.2043	0.2708	279
Comment	0.3400	0.5714	0.4263	238
Queries	0.0000	0.0000	0.0000	31
MacroF1	0.2795
F1w_avg	0.3580
Acc    	37.8

02/23/2021 07:52:19 - INFO - __main__ -   	EPOCH:  17	MiniBatch:    0
02/23/2021 07:52:29 - INFO - __main__ -   	EPOCH:  17	MiniBatch:   10
02/23/2021 07:52:40 - INFO - __main__ -   	EPOCH:  17	MiniBatch:   20
02/23/2021 07:52:40 - INFO - __main__ -   	Testing dev Minibatch:    0
02/23/2021 07:52:43 - INFO - __main__ -   
Labels 	Prec. 	Recall	F1    	Supp  
Denial 	0.4217	0.4314	0.4265	306
Support	0.3781	0.4337	0.4040	279
Comment	0.3258	0.3025	0.3137	238
Queries	0.0000	0.0000	0.0000	31
MacroF1	0.2861
F1w_avg	0.3722
Acc    	38.1

02/23/2021 07:52:44 - INFO - __main__ -   	EPOCH:  18	MiniBatch:    0
02/23/2021 07:52:55 - INFO - __main__ -   	EPOCH:  18	MiniBatch:   10
02/23/2021 07:53:05 - INFO - __main__ -   	EPOCH:  18	MiniBatch:   20
02/23/2021 07:53:05 - INFO - __main__ -   	Testing dev Minibatch:    0
02/23/2021 07:53:08 - INFO - __main__ -   
Labels 	Prec. 	Recall	F1    	Supp  
Denial 	0.4231	0.3595	0.3887	306
Support	0.3694	0.5627	0.4460	279
Comment	0.3512	0.2479	0.2906	238
Queries	0.0000	0.0000	0.0000	31
MacroF1	0.2813
F1w_avg	0.3660
Acc    	38.2

02/23/2021 07:53:08 - INFO - __main__ -   	EPOCH:  19	MiniBatch:    0
02/23/2021 07:53:19 - INFO - __main__ -   	EPOCH:  19	MiniBatch:   10
02/23/2021 07:53:29 - INFO - __main__ -   	EPOCH:  19	MiniBatch:   20
02/23/2021 07:53:29 - INFO - __main__ -   	Testing dev Minibatch:    0
02/23/2021 07:53:32 - INFO - __main__ -   
Labels 	Prec. 	Recall	F1    	Supp  
Denial 	0.4242	0.5033	0.4604	306
Support	0.3742	0.2079	0.2673	279
Comment	0.3423	0.4832	0.4007	238
Queries	0.0000	0.0000	0.0000	31
MacroF1	0.2821
F1w_avg	0.3640
Acc    	38.3

02/23/2021 07:53:32 - INFO - __main__ -   	EPOCH:  20	MiniBatch:    0
02/23/2021 07:53:43 - INFO - __main__ -   	EPOCH:  20	MiniBatch:   10
02/23/2021 07:53:53 - INFO - __main__ -   	EPOCH:  20	MiniBatch:   20
02/23/2021 07:53:53 - INFO - __main__ -   	Testing dev Minibatch:    0
02/23/2021 07:53:56 - INFO - __main__ -   
Labels 	Prec. 	Recall	F1    	Supp  
Denial 	0.4328	0.5261	0.4749	306
Support	0.4075	0.3871	0.3971	279
Comment	0.3209	0.2899	0.3046	238
Queries	0.0000	0.0000	0.0000	31
MacroF1	0.2942
F1w_avg	0.3848
Acc    	39.6

02/23/2021 07:53:57 - INFO - __main__ -   	EPOCH:  21	MiniBatch:    0
02/23/2021 07:54:08 - INFO - __main__ -   	EPOCH:  21	MiniBatch:   10
02/23/2021 07:54:18 - INFO - __main__ -   	EPOCH:  21	MiniBatch:   20
02/23/2021 07:54:18 - INFO - __main__ -   	Testing dev Minibatch:    0
02/23/2021 07:54:21 - INFO - __main__ -   
Labels 	Prec. 	Recall	F1    	Supp  
Denial 	0.4375	0.3203	0.3698	306
Support	0.3725	0.4659	0.4140	279
Comment	0.3452	0.4076	0.3738	238
Queries	0.0000	0.0000	0.0000	31
MacroF1	0.2894
F1w_avg	0.3719
Acc    	38.1

02/23/2021 07:54:21 - INFO - __main__ -   	EPOCH:  22	MiniBatch:    0
02/23/2021 07:54:32 - INFO - __main__ -   	EPOCH:  22	MiniBatch:   10
02/23/2021 07:54:42 - INFO - __main__ -   	EPOCH:  22	MiniBatch:   20
02/23/2021 07:54:43 - INFO - __main__ -   	Testing dev Minibatch:    0
02/23/2021 07:54:45 - INFO - __main__ -   
Labels 	Prec. 	Recall	F1    	Supp  
Denial 	0.4274	0.3464	0.3827	306
Support	0.3657	0.4731	0.4125	279
Comment	0.3102	0.3193	0.3147	238
Queries	0.0000	0.0000	0.0000	31
MacroF1	0.2775
F1w_avg	0.3596
Acc    	36.8

02/23/2021 07:54:46 - INFO - __main__ -   	EPOCH:  23	MiniBatch:    0
02/23/2021 07:54:56 - INFO - __main__ -   	EPOCH:  23	MiniBatch:   10
02/23/2021 07:55:06 - INFO - __main__ -   	EPOCH:  23	MiniBatch:   20
02/23/2021 07:55:07 - INFO - __main__ -   	Testing dev Minibatch:    0
02/23/2021 07:55:09 - INFO - __main__ -   
Labels 	Prec. 	Recall	F1    	Supp  
Denial 	0.4392	0.4837	0.4603	306
Support	0.3818	0.4803	0.4254	279
Comment	0.2952	0.2059	0.2426	238
Queries	0.0000	0.0000	0.0000	31
MacroF1	0.2821
F1w_avg	0.3715
Acc    	38.8

02/23/2021 07:55:10 - INFO - __main__ -   	EPOCH:  24	MiniBatch:    0
02/23/2021 07:55:20 - INFO - __main__ -   	EPOCH:  24	MiniBatch:   10
02/23/2021 07:55:30 - INFO - __main__ -   	EPOCH:  24	MiniBatch:   20
02/23/2021 07:55:31 - INFO - __main__ -   	Testing dev Minibatch:    0
02/23/2021 07:55:33 - INFO - __main__ -   
Labels 	Prec. 	Recall	F1    	Supp  
Denial 	0.4102	0.4477	0.4281	306
Support	0.3747	0.5197	0.4354	279
Comment	0.3150	0.1681	0.2192	238
Queries	0.1667	0.0323	0.0541	31
MacroF1	0.2842
F1w_avg	0.3587
Acc    	37.8

02/23/2021 07:55:34 - INFO - __main__ -   	EPOCH:  25	MiniBatch:    0
02/23/2021 07:55:44 - INFO - __main__ -   	EPOCH:  25	MiniBatch:   10
02/23/2021 07:55:54 - INFO - __main__ -   	EPOCH:  25	MiniBatch:   20
02/23/2021 07:55:55 - INFO - __main__ -   	Testing dev Minibatch:    0
02/23/2021 07:55:57 - INFO - __main__ -   
Labels 	Prec. 	Recall	F1    	Supp  
Denial 	0.4341	0.3660	0.3972	306
Support	0.3636	0.6738	0.4724	279
Comment	0.4342	0.1387	0.2102	238
Queries	0.3333	0.0323	0.0588	31
MacroF1	0.2846
F1w_avg	0.3573
Acc    	39.1

02/23/2021 07:55:58 - INFO - __main__ -   	EPOCH:  26	MiniBatch:    0
02/23/2021 07:56:08 - INFO - __main__ -   	EPOCH:  26	MiniBatch:   10
02/23/2021 07:56:18 - INFO - __main__ -   	EPOCH:  26	MiniBatch:   20
02/23/2021 07:56:19 - INFO - __main__ -   	Testing dev Minibatch:    0
02/23/2021 07:56:22 - INFO - __main__ -   
Labels 	Prec. 	Recall	F1    	Supp  
Denial 	0.4316	0.4020	0.4162	306
Support	0.3564	0.2401	0.2869	279
Comment	0.3377	0.5378	0.4149	238
Queries	0.5000	0.0323	0.0606	31
MacroF1	0.2947
F1w_avg	0.3607
Acc    	37.4

02/23/2021 07:56:23 - INFO - __main__ -   	EPOCH:  27	MiniBatch:    0
02/23/2021 07:56:33 - INFO - __main__ -   	EPOCH:  27	MiniBatch:   10
02/23/2021 07:56:44 - INFO - __main__ -   	EPOCH:  27	MiniBatch:   20
02/23/2021 07:56:44 - INFO - __main__ -   	Testing dev Minibatch:    0
02/23/2021 07:56:47 - INFO - __main__ -   
Labels 	Prec. 	Recall	F1    	Supp  
Denial 	0.4012	0.4444	0.4217	306
Support	0.3669	0.4050	0.3850	279
Comment	0.3300	0.2773	0.3014	238
Queries	0.1429	0.0323	0.0526	31
MacroF1	0.2902
F1w_avg	0.3628
Acc    	37.0

02/23/2021 07:56:47 - INFO - __main__ -   	EPOCH:  28	MiniBatch:    0
02/23/2021 07:56:57 - INFO - __main__ -   	EPOCH:  28	MiniBatch:   10
02/23/2021 07:57:08 - INFO - __main__ -   	EPOCH:  28	MiniBatch:   20
02/23/2021 07:57:08 - INFO - __main__ -   	Testing dev Minibatch:    0
02/23/2021 07:57:11 - INFO - __main__ -   
Labels 	Prec. 	Recall	F1    	Supp  
Denial 	0.4752	0.3137	0.3780	306
Support	0.3514	0.6738	0.4619	279
Comment	0.3652	0.1765	0.2380	238
Queries	0.5000	0.0323	0.0606	31
MacroF1	0.2846
F1w_avg	0.3548
Acc    	38.3

02/23/2021 07:57:11 - INFO - __main__ -   	EPOCH:  29	MiniBatch:    0
02/23/2021 07:57:21 - INFO - __main__ -   	EPOCH:  29	MiniBatch:   10
02/23/2021 07:57:32 - INFO - __main__ -   	EPOCH:  29	MiniBatch:   20
02/23/2021 07:57:32 - INFO - __main__ -   	Testing dev Minibatch:    0
02/23/2021 07:57:35 - INFO - __main__ -   
Labels 	Prec. 	Recall	F1    	Supp  
Denial 	0.4164	0.3987	0.4073	306
Support	0.3520	0.2473	0.2905	279
Comment	0.3492	0.5252	0.4195	238
Queries	0.1429	0.0323	0.0526	31
MacroF1	0.2925
F1w_avg	0.3597
Acc    	37.1

02/23/2021 07:57:35 - INFO - __main__ -   	EPOCH:  30	MiniBatch:    0
02/23/2021 07:57:45 - INFO - __main__ -   	EPOCH:  30	MiniBatch:   10
02/23/2021 07:57:56 - INFO - __main__ -   	EPOCH:  30	MiniBatch:   20
02/23/2021 07:57:56 - INFO - __main__ -   	Testing dev Minibatch:    0
02/23/2021 07:57:59 - INFO - __main__ -   
Labels 	Prec. 	Recall	F1    	Supp  
Denial 	0.4845	0.1536	0.2333	306
Support	0.3494	0.5986	0.4412	279
Comment	0.3430	0.3992	0.3689	238
Queries	0.5000	0.0323	0.0606	31
MacroF1	0.2760
F1w_avg	0.3327
Acc    	36.3

02/23/2021 07:57:59 - INFO - __main__ -   	EPOCH:  31	MiniBatch:    0
02/23/2021 07:58:09 - INFO - __main__ -   	EPOCH:  31	MiniBatch:   10
02/23/2021 07:58:20 - INFO - __main__ -   	EPOCH:  31	MiniBatch:   20
02/23/2021 07:58:20 - INFO - __main__ -   	Testing dev Minibatch:    0
02/23/2021 07:58:23 - INFO - __main__ -   
Labels 	Prec. 	Recall	F1    	Supp  
Denial 	0.4320	0.3529	0.3885	306
Support	0.3784	0.5018	0.4314	279
Comment	0.3318	0.3109	0.3210	238
Queries	0.0909	0.0323	0.0476	31
MacroF1	0.2971
F1w_avg	0.3713
Acc    	37.8

02/23/2021 07:58:24 - INFO - __main__ -   	EPOCH:  32	MiniBatch:    0
02/23/2021 07:58:35 - INFO - __main__ -   	EPOCH:  32	MiniBatch:   10
02/23/2021 07:58:45 - INFO - __main__ -   	EPOCH:  32	MiniBatch:   20
02/23/2021 07:58:46 - INFO - __main__ -   	Testing dev Minibatch:    0
02/23/2021 07:58:48 - INFO - __main__ -   
Labels 	Prec. 	Recall	F1    	Supp  
Denial 	0.4217	0.4575	0.4389	306
Support	0.3165	0.2473	0.2777	279
Comment	0.3231	0.3992	0.3571	238
Queries	0.2000	0.0645	0.0976	31
MacroF1	0.2928
F1w_avg	0.3510
Acc    	35.8

02/23/2021 07:58:48 - INFO - __main__ -   	EPOCH:  33	MiniBatch:    0
02/23/2021 07:58:59 - INFO - __main__ -   	EPOCH:  33	MiniBatch:   10
02/23/2021 07:59:09 - INFO - __main__ -   	EPOCH:  33	MiniBatch:   20
02/23/2021 07:59:09 - INFO - __main__ -   	Testing dev Minibatch:    0
02/23/2021 07:59:12 - INFO - __main__ -   
Labels 	Prec. 	Recall	F1    	Supp  
Denial 	0.4367	0.3268	0.3738	306
Support	0.3498	0.6093	0.4444	279
Comment	0.3750	0.2143	0.2727	238
Queries	0.3333	0.0323	0.0588	31
MacroF1	0.2875
F1w_avg	0.3573
Acc    	37.7

02/23/2021 07:59:12 - INFO - __main__ -   	EPOCH:  34	MiniBatch:    0
02/23/2021 07:59:23 - INFO - __main__ -   	EPOCH:  34	MiniBatch:   10
02/23/2021 07:59:33 - INFO - __main__ -   	EPOCH:  34	MiniBatch:   20
02/23/2021 07:59:33 - INFO - __main__ -   	Testing dev Minibatch:    0
02/23/2021 07:59:36 - INFO - __main__ -   
Labels 	Prec. 	Recall	F1    	Supp  
Denial 	0.4134	0.5458	0.4704	306
Support	0.3368	0.2330	0.2754	279
Comment	0.3278	0.3319	0.3299	238
Queries	0.1250	0.0645	0.0851	31
MacroF1	0.2902
F1w_avg	0.3536
Acc    	36.7

02/23/2021 07:59:36 - INFO - __main__ -   	EPOCH:  35	MiniBatch:    0
02/23/2021 07:59:47 - INFO - __main__ -   	EPOCH:  35	MiniBatch:   10
02/23/2021 07:59:57 - INFO - __main__ -   	EPOCH:  35	MiniBatch:   20
02/23/2021 07:59:57 - INFO - __main__ -   	Testing dev Minibatch:    0
02/23/2021 08:00:00 - INFO - __main__ -   
Labels 	Prec. 	Recall	F1    	Supp  
Denial 	0.4393	0.3072	0.3615	306
Support	0.3512	0.6344	0.4521	279
Comment	0.3411	0.1849	0.2398	238
Queries	0.1429	0.0323	0.0526	31
MacroF1	0.2765
F1w_avg	0.3460
Acc    	37.0

02/23/2021 08:00:00 - INFO - __main__ -   	EPOCH:  36	MiniBatch:    0
02/23/2021 08:00:11 - INFO - __main__ -   	EPOCH:  36	MiniBatch:   10
02/23/2021 08:00:21 - INFO - __main__ -   	EPOCH:  36	MiniBatch:   20
02/23/2021 08:00:21 - INFO - __main__ -   	Testing dev Minibatch:    0
02/23/2021 08:00:24 - INFO - __main__ -   
Labels 	Prec. 	Recall	F1    	Supp  
Denial 	0.4222	0.4346	0.4283	306
Support	0.3511	0.4014	0.3746	279
Comment	0.3410	0.3109	0.3253	238
Queries	0.3333	0.0323	0.0588	31
MacroF1	0.2968
F1w_avg	0.3686
Acc    	37.5

02/23/2021 08:00:24 - INFO - __main__ -   	EPOCH:  37	MiniBatch:    0
02/23/2021 08:00:35 - INFO - __main__ -   	EPOCH:  37	MiniBatch:   10
02/23/2021 08:00:45 - INFO - __main__ -   	EPOCH:  37	MiniBatch:   20
02/23/2021 08:00:45 - INFO - __main__ -   	Testing dev Minibatch:    0
02/23/2021 08:00:48 - INFO - __main__ -   
Labels 	Prec. 	Recall	F1    	Supp  
Denial 	0.4300	0.4118	0.4207	306
Support	0.3521	0.5376	0.4255	279
Comment	0.3333	0.1807	0.2343	238
Queries	0.1667	0.0323	0.0541	31
MacroF1	0.2837
F1w_avg	0.3570
Acc    	37.5

02/23/2021 08:00:48 - INFO - __main__ -   	EPOCH:  38	MiniBatch:    0
02/23/2021 08:00:59 - INFO - __main__ -   	EPOCH:  38	MiniBatch:   10
02/23/2021 08:01:09 - INFO - __main__ -   	EPOCH:  38	MiniBatch:   20
02/23/2021 08:01:09 - INFO - __main__ -   	Testing dev Minibatch:    0
02/23/2021 08:01:12 - INFO - __main__ -   
Labels 	Prec. 	Recall	F1    	Supp  
Denial 	0.4756	0.2549	0.3319	306
Support	0.3516	0.7814	0.4850	279
Comment	0.4000	0.1092	0.1716	238
Queries	0.2000	0.0323	0.0556	31
MacroF1	0.2610
F1w_avg	0.3272
Acc    	37.8

02/23/2021 08:01:12 - INFO - __main__ -   	EPOCH:  39	MiniBatch:    0
02/23/2021 08:01:23 - INFO - __main__ -   	EPOCH:  39	MiniBatch:   10
02/23/2021 08:01:33 - INFO - __main__ -   	EPOCH:  39	MiniBatch:   20
02/23/2021 08:01:33 - INFO - __main__ -   	Testing dev Minibatch:    0
02/23/2021 08:01:36 - INFO - __main__ -   
Labels 	Prec. 	Recall	F1    	Supp  
Denial 	0.4207	0.4510	0.4353	306
Support	0.3646	0.4731	0.4119	279
Comment	0.3438	0.2311	0.2764	238
Queries	0.2500	0.0323	0.0571	31
MacroF1	0.2952
F1w_avg	0.3696
Acc    	38.2

02/23/2021 08:01:37 - INFO - __main__ -   	Testing test Minibatch:    0
02/23/2021 08:01:39 - INFO - __main__ -   
Labels 	Prec. 	Recall	F1    	Supp  
Denial 	0.3846	0.3431	0.3627	306
Support	0.3536	0.4741	0.4051	270
Comment	0.3527	0.2885	0.3174	253
Queries	0.1667	0.0800	0.1081	25
MacroF1	0.2983
F1w_avg	0.3552
Acc    	36.1

02/23/2021 08:01:39 - INFO - __main__ -   Time taken: 0h 16m 21s
