02/25/2021 05:36:09 - INFO - __main__ -   ----------------- Hyperparameters ------------------
02/25/2021 05:36:09 - INFO - __main__ -   ======== my_Bertweet =========
02/25/2021 05:36:09 - INFO - __main__ -   ===== Hyperparameters ======
02/25/2021 05:36:09 - INFO - __main__ -   batch_train: 256
02/25/2021 05:36:09 - INFO - __main__ -   batch_test:  256
02/25/2021 05:36:09 - INFO - __main__ -   epochs: 40 
02/25/2021 05:36:09 - INFO - __main__ -   learning_rate: 0.000010
02/25/2021 05:36:09 - INFO - __main__ -   optimizer: adam
02/25/2021 05:36:09 - INFO - __main__ -   debug: False
02/25/2021 05:36:09 - INFO - __main__ -   ------------------ Getting model -------------------
02/25/2021 05:36:16 - INFO - __main__ -   --------------- Getting dataframes -----------------
02/25/2021 05:36:16 - INFO - __main__ -   ------- Setting loss function and optimizer --------
02/25/2021 05:36:16 - INFO - __main__ -   ------------ Converting to dataloaders -------------
02/25/2021 05:36:16 - INFO - __main__ -   956
02/25/2021 05:36:16 - INFO - __main__ -   816
02/25/2021 05:36:16 - INFO - __main__ -   706
02/25/2021 05:36:16 - INFO - __main__ -   85
02/25/2021 05:36:16 - INFO - __main__ -   ---------------- Starting training -----------------
02/25/2021 05:36:16 - INFO - __main__ -   	EPOCH:   0	MiniBatch:    0
02/25/2021 05:36:20 - INFO - __main__ -   	EPOCH:   0	MiniBatch:    1
02/25/2021 05:36:21 - INFO - __main__ -   	EPOCH:   0	MiniBatch:    2
02/25/2021 05:36:22 - INFO - __main__ -   	EPOCH:   0	MiniBatch:    3
02/25/2021 05:36:23 - INFO - __main__ -   	EPOCH:   0	MiniBatch:    4
02/25/2021 05:36:24 - INFO - __main__ -   	EPOCH:   0	MiniBatch:    5
02/25/2021 05:36:25 - INFO - __main__ -   	EPOCH:   0	MiniBatch:    6
02/25/2021 05:36:26 - INFO - __main__ -   	EPOCH:   0	MiniBatch:    7
02/25/2021 05:36:27 - INFO - __main__ -   	EPOCH:   0	MiniBatch:    8
02/25/2021 05:36:28 - INFO - __main__ -   	EPOCH:   0	MiniBatch:    9
02/25/2021 05:36:29 - INFO - __main__ -   	EPOCH:   0	MiniBatch:   10
02/25/2021 05:36:29 - INFO - __main__ -   	Testing dev Minibatch:    0
02/25/2021 05:36:30 - INFO - __main__ -   	Testing dev Minibatch:    1
02/25/2021 05:36:30 - INFO - __main__ -   	Testing dev Minibatch:    2
02/25/2021 05:36:30 - INFO - __main__ -   	Testing dev Minibatch:    3
02/25/2021 05:36:31 - INFO - __main__ -   
Labels 	Prec. 	Recall	F1    	Supp  
Denial 	0.3000	0.2043	0.2431	279
Support	0.3821	0.7682	0.5103	289
Comment	0.0000	0.0000	0.0000	249
Queries	0.0241	0.0541	0.0333	37
MacroF1	0.1967
F1w_avg	0.2536
Acc    	32.9

02/25/2021 05:36:31 - INFO - __main__ -   	EPOCH:   1	MiniBatch:    0
02/25/2021 05:36:32 - INFO - __main__ -   	EPOCH:   1	MiniBatch:    1
02/25/2021 05:36:33 - INFO - __main__ -   	EPOCH:   1	MiniBatch:    2
02/25/2021 05:36:34 - INFO - __main__ -   	EPOCH:   1	MiniBatch:    3
02/25/2021 05:36:35 - INFO - __main__ -   	EPOCH:   1	MiniBatch:    4
02/25/2021 05:36:36 - INFO - __main__ -   	EPOCH:   1	MiniBatch:    5
02/25/2021 05:36:37 - INFO - __main__ -   	EPOCH:   1	MiniBatch:    6
02/25/2021 05:36:38 - INFO - __main__ -   	EPOCH:   1	MiniBatch:    7
02/25/2021 05:36:39 - INFO - __main__ -   	EPOCH:   1	MiniBatch:    8
02/25/2021 05:36:40 - INFO - __main__ -   	EPOCH:   1	MiniBatch:    9
02/25/2021 05:36:41 - INFO - __main__ -   	EPOCH:   1	MiniBatch:   10
02/25/2021 05:36:42 - INFO - __main__ -   	Testing dev Minibatch:    0
02/25/2021 05:36:42 - INFO - __main__ -   	Testing dev Minibatch:    1
02/25/2021 05:36:43 - INFO - __main__ -   	Testing dev Minibatch:    2
02/25/2021 05:36:43 - INFO - __main__ -   	Testing dev Minibatch:    3
02/25/2021 05:36:43 - INFO - __main__ -   
Labels 	Prec. 	Recall	F1    	Supp  
Denial 	0.3282	0.9964	0.4938	279
Support	0.0000	0.0000	0.0000	289
Comment	0.0000	0.0000	0.0000	249
Queries	0.0000	0.0000	0.0000	37
MacroF1	0.1234
F1w_avg	0.1613
Acc    	32.6

02/25/2021 05:36:43 - INFO - __main__ -   	EPOCH:   2	MiniBatch:    0
02/25/2021 05:36:44 - INFO - __main__ -   	EPOCH:   2	MiniBatch:    1
02/25/2021 05:36:45 - INFO - __main__ -   	EPOCH:   2	MiniBatch:    2
02/25/2021 05:36:46 - INFO - __main__ -   	EPOCH:   2	MiniBatch:    3
02/25/2021 05:36:47 - INFO - __main__ -   	EPOCH:   2	MiniBatch:    4
02/25/2021 05:36:48 - INFO - __main__ -   	EPOCH:   2	MiniBatch:    5
02/25/2021 05:36:49 - INFO - __main__ -   	EPOCH:   2	MiniBatch:    6
02/25/2021 05:36:50 - INFO - __main__ -   	EPOCH:   2	MiniBatch:    7
02/25/2021 05:36:51 - INFO - __main__ -   	EPOCH:   2	MiniBatch:    8
02/25/2021 05:36:52 - INFO - __main__ -   	EPOCH:   2	MiniBatch:    9
02/25/2021 05:36:54 - INFO - __main__ -   	EPOCH:   2	MiniBatch:   10
02/25/2021 05:36:54 - INFO - __main__ -   	Testing dev Minibatch:    0
02/25/2021 05:36:54 - INFO - __main__ -   	Testing dev Minibatch:    1
02/25/2021 05:36:55 - INFO - __main__ -   	Testing dev Minibatch:    2
02/25/2021 05:36:55 - INFO - __main__ -   	Testing dev Minibatch:    3
02/25/2021 05:36:55 - INFO - __main__ -   
Labels 	Prec. 	Recall	F1    	Supp  
Denial 	0.3111	0.0502	0.0864	279
Support	0.3968	0.8581	0.5427	289
Comment	0.6301	0.1847	0.2857	249
Queries	0.0631	0.1892	0.0946	37
MacroF1	0.2523
F1w_avg	0.2993
Acc    	36.9

02/25/2021 05:36:57 - INFO - __main__ -   	EPOCH:   3	MiniBatch:    0
02/25/2021 05:36:58 - INFO - __main__ -   	EPOCH:   3	MiniBatch:    1
02/25/2021 05:36:59 - INFO - __main__ -   	EPOCH:   3	MiniBatch:    2
02/25/2021 05:37:00 - INFO - __main__ -   	EPOCH:   3	MiniBatch:    3
02/25/2021 05:37:01 - INFO - __main__ -   	EPOCH:   3	MiniBatch:    4
02/25/2021 05:37:02 - INFO - __main__ -   	EPOCH:   3	MiniBatch:    5
02/25/2021 05:37:03 - INFO - __main__ -   	EPOCH:   3	MiniBatch:    6
02/25/2021 05:37:04 - INFO - __main__ -   	EPOCH:   3	MiniBatch:    7
02/25/2021 05:37:05 - INFO - __main__ -   	EPOCH:   3	MiniBatch:    8
02/25/2021 05:37:06 - INFO - __main__ -   	EPOCH:   3	MiniBatch:    9
02/25/2021 05:37:07 - INFO - __main__ -   	EPOCH:   3	MiniBatch:   10
02/25/2021 05:37:08 - INFO - __main__ -   	Testing dev Minibatch:    0
02/25/2021 05:37:08 - INFO - __main__ -   	Testing dev Minibatch:    1
02/25/2021 05:37:08 - INFO - __main__ -   	Testing dev Minibatch:    2
02/25/2021 05:37:09 - INFO - __main__ -   	Testing dev Minibatch:    3
02/25/2021 05:37:09 - INFO - __main__ -   
Labels 	Prec. 	Recall	F1    	Supp  
Denial 	0.0000	0.0000	0.0000	279
Support	0.4415	0.7578	0.5580	289
Comment	0.4576	0.3253	0.3803	249
Queries	0.0722	0.3514	0.1198	37
MacroF1	0.2645
F1w_avg	0.3049
Acc    	36.7

02/25/2021 05:37:11 - INFO - __main__ -   	EPOCH:   4	MiniBatch:    0
02/25/2021 05:37:12 - INFO - __main__ -   	EPOCH:   4	MiniBatch:    1
02/25/2021 05:37:13 - INFO - __main__ -   	EPOCH:   4	MiniBatch:    2
02/25/2021 05:37:14 - INFO - __main__ -   	EPOCH:   4	MiniBatch:    3
02/25/2021 05:37:15 - INFO - __main__ -   	EPOCH:   4	MiniBatch:    4
02/25/2021 05:37:16 - INFO - __main__ -   	EPOCH:   4	MiniBatch:    5
02/25/2021 05:37:17 - INFO - __main__ -   	EPOCH:   4	MiniBatch:    6
02/25/2021 05:37:18 - INFO - __main__ -   	EPOCH:   4	MiniBatch:    7
02/25/2021 05:37:19 - INFO - __main__ -   	EPOCH:   4	MiniBatch:    8
02/25/2021 05:37:20 - INFO - __main__ -   	EPOCH:   4	MiniBatch:    9
02/25/2021 05:37:21 - INFO - __main__ -   	EPOCH:   4	MiniBatch:   10
02/25/2021 05:37:21 - INFO - __main__ -   	Testing dev Minibatch:    0
02/25/2021 05:37:22 - INFO - __main__ -   	Testing dev Minibatch:    1
02/25/2021 05:37:22 - INFO - __main__ -   	Testing dev Minibatch:    2
02/25/2021 05:37:23 - INFO - __main__ -   	Testing dev Minibatch:    3
02/25/2021 05:37:23 - INFO - __main__ -   
Labels 	Prec. 	Recall	F1    	Supp  
Denial 	0.4022	0.2581	0.3144	279
Support	0.4645	0.6574	0.5444	289
Comment	0.5882	0.0402	0.0752	249
Queries	0.0723	0.4865	0.1259	37
MacroF1	0.2650
F1w_avg	0.3143
Acc    	34.0

02/25/2021 05:37:25 - INFO - __main__ -   	EPOCH:   5	MiniBatch:    0
02/25/2021 05:37:26 - INFO - __main__ -   	EPOCH:   5	MiniBatch:    1
02/25/2021 05:37:27 - INFO - __main__ -   	EPOCH:   5	MiniBatch:    2
02/25/2021 05:37:28 - INFO - __main__ -   	EPOCH:   5	MiniBatch:    3
02/25/2021 05:37:29 - INFO - __main__ -   	EPOCH:   5	MiniBatch:    4
02/25/2021 05:37:30 - INFO - __main__ -   	EPOCH:   5	MiniBatch:    5
02/25/2021 05:37:31 - INFO - __main__ -   	EPOCH:   5	MiniBatch:    6
02/25/2021 05:37:32 - INFO - __main__ -   	EPOCH:   5	MiniBatch:    7
02/25/2021 05:37:33 - INFO - __main__ -   	EPOCH:   5	MiniBatch:    8
02/25/2021 05:37:34 - INFO - __main__ -   	EPOCH:   5	MiniBatch:    9
02/25/2021 05:37:35 - INFO - __main__ -   	EPOCH:   5	MiniBatch:   10
02/25/2021 05:37:35 - INFO - __main__ -   	Testing dev Minibatch:    0
02/25/2021 05:37:36 - INFO - __main__ -   	Testing dev Minibatch:    1
02/25/2021 05:37:36 - INFO - __main__ -   	Testing dev Minibatch:    2
02/25/2021 05:37:36 - INFO - __main__ -   	Testing dev Minibatch:    3
02/25/2021 05:37:37 - INFO - __main__ -   
Labels 	Prec. 	Recall	F1    	Supp  
Denial 	0.4057	0.2545	0.3128	279
Support	0.4632	0.6747	0.5493	289
Comment	0.4793	0.2329	0.3135	249
Queries	0.0876	0.3243	0.1379	37
MacroF1	0.3284
F1w_avg	0.3855
Acc    	39.3

02/25/2021 05:37:38 - INFO - __main__ -   	EPOCH:   6	MiniBatch:    0
02/25/2021 05:37:39 - INFO - __main__ -   	EPOCH:   6	MiniBatch:    1
02/25/2021 05:37:40 - INFO - __main__ -   	EPOCH:   6	MiniBatch:    2
02/25/2021 05:37:41 - INFO - __main__ -   	EPOCH:   6	MiniBatch:    3
02/25/2021 05:37:42 - INFO - __main__ -   	EPOCH:   6	MiniBatch:    4
02/25/2021 05:37:43 - INFO - __main__ -   	EPOCH:   6	MiniBatch:    5
02/25/2021 05:37:44 - INFO - __main__ -   	EPOCH:   6	MiniBatch:    6
02/25/2021 05:37:45 - INFO - __main__ -   	EPOCH:   6	MiniBatch:    7
02/25/2021 05:37:46 - INFO - __main__ -   	EPOCH:   6	MiniBatch:    8
02/25/2021 05:37:47 - INFO - __main__ -   	EPOCH:   6	MiniBatch:    9
02/25/2021 05:37:48 - INFO - __main__ -   	EPOCH:   6	MiniBatch:   10
02/25/2021 05:37:49 - INFO - __main__ -   	Testing dev Minibatch:    0
02/25/2021 05:37:49 - INFO - __main__ -   	Testing dev Minibatch:    1
02/25/2021 05:37:50 - INFO - __main__ -   	Testing dev Minibatch:    2
02/25/2021 05:37:50 - INFO - __main__ -   	Testing dev Minibatch:    3
02/25/2021 05:37:50 - INFO - __main__ -   
Labels 	Prec. 	Recall	F1    	Supp  
Denial 	0.4486	0.2975	0.3578	279
Support	0.4838	0.6713	0.5623	289
Comment	0.4444	0.2731	0.3383	249
Queries	0.0957	0.2973	0.1447	37
MacroF1	0.3508
F1w_avg	0.4121
Acc    	41.7

02/25/2021 05:37:52 - INFO - __main__ -   	EPOCH:   7	MiniBatch:    0
02/25/2021 05:37:53 - INFO - __main__ -   	EPOCH:   7	MiniBatch:    1
02/25/2021 05:37:54 - INFO - __main__ -   	EPOCH:   7	MiniBatch:    2
02/25/2021 05:37:55 - INFO - __main__ -   	EPOCH:   7	MiniBatch:    3
02/25/2021 05:37:56 - INFO - __main__ -   	EPOCH:   7	MiniBatch:    4
02/25/2021 05:37:57 - INFO - __main__ -   	EPOCH:   7	MiniBatch:    5
02/25/2021 05:37:58 - INFO - __main__ -   	EPOCH:   7	MiniBatch:    6
02/25/2021 05:37:59 - INFO - __main__ -   	EPOCH:   7	MiniBatch:    7
02/25/2021 05:38:00 - INFO - __main__ -   	EPOCH:   7	MiniBatch:    8
02/25/2021 05:38:01 - INFO - __main__ -   	EPOCH:   7	MiniBatch:    9
02/25/2021 05:38:02 - INFO - __main__ -   	EPOCH:   7	MiniBatch:   10
02/25/2021 05:38:03 - INFO - __main__ -   	Testing dev Minibatch:    0
02/25/2021 05:38:03 - INFO - __main__ -   	Testing dev Minibatch:    1
02/25/2021 05:38:03 - INFO - __main__ -   	Testing dev Minibatch:    2
02/25/2021 05:38:04 - INFO - __main__ -   	Testing dev Minibatch:    3
02/25/2021 05:38:04 - INFO - __main__ -   
Labels 	Prec. 	Recall	F1    	Supp  
Denial 	0.3909	0.4946	0.4367	279
Support	0.5779	0.3080	0.4018	289
Comment	0.3991	0.3655	0.3816	249
Queries	0.0924	0.2973	0.1410	37
MacroF1	0.3403
F1w_avg	0.3960
Acc    	38.5

02/25/2021 05:38:04 - INFO - __main__ -   	EPOCH:   8	MiniBatch:    0
02/25/2021 05:38:05 - INFO - __main__ -   	EPOCH:   8	MiniBatch:    1
02/25/2021 05:38:06 - INFO - __main__ -   	EPOCH:   8	MiniBatch:    2
02/25/2021 05:38:07 - INFO - __main__ -   	EPOCH:   8	MiniBatch:    3
02/25/2021 05:38:08 - INFO - __main__ -   	EPOCH:   8	MiniBatch:    4
02/25/2021 05:38:09 - INFO - __main__ -   	EPOCH:   8	MiniBatch:    5
02/25/2021 05:38:10 - INFO - __main__ -   	EPOCH:   8	MiniBatch:    6
02/25/2021 05:38:11 - INFO - __main__ -   	EPOCH:   8	MiniBatch:    7
02/25/2021 05:38:12 - INFO - __main__ -   	EPOCH:   8	MiniBatch:    8
02/25/2021 05:38:13 - INFO - __main__ -   	EPOCH:   8	MiniBatch:    9
02/25/2021 05:38:14 - INFO - __main__ -   	EPOCH:   8	MiniBatch:   10
02/25/2021 05:38:15 - INFO - __main__ -   	Testing dev Minibatch:    0
02/25/2021 05:38:15 - INFO - __main__ -   	Testing dev Minibatch:    1
02/25/2021 05:38:15 - INFO - __main__ -   	Testing dev Minibatch:    2
02/25/2021 05:38:16 - INFO - __main__ -   	Testing dev Minibatch:    3
02/25/2021 05:38:16 - INFO - __main__ -   
Labels 	Prec. 	Recall	F1    	Supp  
Denial 	0.4080	0.6595	0.5041	279
Support	0.5612	0.3806	0.4536	289
Comment	0.4771	0.2932	0.3632	249
Queries	0.1481	0.2162	0.1758	37
MacroF1	0.3742
F1w_avg	0.4317
Acc    	43.9

02/25/2021 05:38:18 - INFO - __main__ -   	EPOCH:   9	MiniBatch:    0
02/25/2021 05:38:19 - INFO - __main__ -   	EPOCH:   9	MiniBatch:    1
02/25/2021 05:38:20 - INFO - __main__ -   	EPOCH:   9	MiniBatch:    2
02/25/2021 05:38:21 - INFO - __main__ -   	EPOCH:   9	MiniBatch:    3
02/25/2021 05:38:22 - INFO - __main__ -   	EPOCH:   9	MiniBatch:    4
02/25/2021 05:38:23 - INFO - __main__ -   	EPOCH:   9	MiniBatch:    5
02/25/2021 05:38:24 - INFO - __main__ -   	EPOCH:   9	MiniBatch:    6
02/25/2021 05:38:25 - INFO - __main__ -   	EPOCH:   9	MiniBatch:    7
02/25/2021 05:38:26 - INFO - __main__ -   	EPOCH:   9	MiniBatch:    8
02/25/2021 05:38:27 - INFO - __main__ -   	EPOCH:   9	MiniBatch:    9
02/25/2021 05:38:28 - INFO - __main__ -   	EPOCH:   9	MiniBatch:   10
02/25/2021 05:38:28 - INFO - __main__ -   	Testing dev Minibatch:    0
02/25/2021 05:38:29 - INFO - __main__ -   	Testing dev Minibatch:    1
02/25/2021 05:38:29 - INFO - __main__ -   	Testing dev Minibatch:    2
02/25/2021 05:38:30 - INFO - __main__ -   	Testing dev Minibatch:    3
02/25/2021 05:38:30 - INFO - __main__ -   
Labels 	Prec. 	Recall	F1    	Supp  
Denial 	0.4868	0.3297	0.3932	279
Support	0.4668	0.7785	0.5837	289
Comment	0.4899	0.2932	0.3668	249
Queries	0.2059	0.1892	0.1972	37
MacroF1	0.3852
F1w_avg	0.4415
Acc    	46.5

02/25/2021 05:38:32 - INFO - __main__ -   	EPOCH:  10	MiniBatch:    0
02/25/2021 05:38:33 - INFO - __main__ -   	EPOCH:  10	MiniBatch:    1
02/25/2021 05:38:34 - INFO - __main__ -   	EPOCH:  10	MiniBatch:    2
02/25/2021 05:38:35 - INFO - __main__ -   	EPOCH:  10	MiniBatch:    3
02/25/2021 05:38:36 - INFO - __main__ -   	EPOCH:  10	MiniBatch:    4
02/25/2021 05:38:37 - INFO - __main__ -   	EPOCH:  10	MiniBatch:    5
02/25/2021 05:38:38 - INFO - __main__ -   	EPOCH:  10	MiniBatch:    6
02/25/2021 05:38:39 - INFO - __main__ -   	EPOCH:  10	MiniBatch:    7
02/25/2021 05:38:40 - INFO - __main__ -   	EPOCH:  10	MiniBatch:    8
02/25/2021 05:38:41 - INFO - __main__ -   	EPOCH:  10	MiniBatch:    9
02/25/2021 05:38:42 - INFO - __main__ -   	EPOCH:  10	MiniBatch:   10
02/25/2021 05:38:42 - INFO - __main__ -   	Testing dev Minibatch:    0
02/25/2021 05:38:43 - INFO - __main__ -   	Testing dev Minibatch:    1
02/25/2021 05:38:43 - INFO - __main__ -   	Testing dev Minibatch:    2
02/25/2021 05:38:43 - INFO - __main__ -   	Testing dev Minibatch:    3
02/25/2021 05:38:44 - INFO - __main__ -   
Labels 	Prec. 	Recall	F1    	Supp  
Denial 	0.4665	0.5735	0.5145	279
Support	0.5692	0.5121	0.5392	289
Comment	0.4558	0.4137	0.4337	249
Queries	0.2000	0.1351	0.1613	37
MacroF1	0.4122
F1w_avg	0.4840
Acc    	48.7

02/25/2021 05:38:46 - INFO - __main__ -   	EPOCH:  11	MiniBatch:    0
02/25/2021 05:38:47 - INFO - __main__ -   	EPOCH:  11	MiniBatch:    1
02/25/2021 05:38:48 - INFO - __main__ -   	EPOCH:  11	MiniBatch:    2
02/25/2021 05:38:49 - INFO - __main__ -   	EPOCH:  11	MiniBatch:    3
02/25/2021 05:38:50 - INFO - __main__ -   	EPOCH:  11	MiniBatch:    4
02/25/2021 05:38:51 - INFO - __main__ -   	EPOCH:  11	MiniBatch:    5
02/25/2021 05:38:52 - INFO - __main__ -   	EPOCH:  11	MiniBatch:    6
02/25/2021 05:38:53 - INFO - __main__ -   	EPOCH:  11	MiniBatch:    7
02/25/2021 05:38:54 - INFO - __main__ -   	EPOCH:  11	MiniBatch:    8
02/25/2021 05:38:55 - INFO - __main__ -   	EPOCH:  11	MiniBatch:    9
02/25/2021 05:38:56 - INFO - __main__ -   	EPOCH:  11	MiniBatch:   10
02/25/2021 05:38:56 - INFO - __main__ -   	Testing dev Minibatch:    0
02/25/2021 05:38:57 - INFO - __main__ -   	Testing dev Minibatch:    1
02/25/2021 05:38:57 - INFO - __main__ -   	Testing dev Minibatch:    2
02/25/2021 05:38:57 - INFO - __main__ -   	Testing dev Minibatch:    3
02/25/2021 05:38:57 - INFO - __main__ -   
Labels 	Prec. 	Recall	F1    	Supp  
Denial 	0.4201	0.6882	0.5217	279
Support	0.5762	0.4187	0.4850	289
Comment	0.4819	0.3213	0.3855	249
Queries	0.3333	0.1892	0.2414	37
MacroF1	0.4084
F1w_avg	0.4574
Acc    	46.8

02/25/2021 05:38:58 - INFO - __main__ -   	EPOCH:  12	MiniBatch:    0
02/25/2021 05:38:59 - INFO - __main__ -   	EPOCH:  12	MiniBatch:    1
02/25/2021 05:39:00 - INFO - __main__ -   	EPOCH:  12	MiniBatch:    2
02/25/2021 05:39:01 - INFO - __main__ -   	EPOCH:  12	MiniBatch:    3
02/25/2021 05:39:02 - INFO - __main__ -   	EPOCH:  12	MiniBatch:    4
02/25/2021 05:39:03 - INFO - __main__ -   	EPOCH:  12	MiniBatch:    5
02/25/2021 05:39:04 - INFO - __main__ -   	EPOCH:  12	MiniBatch:    6
02/25/2021 05:39:05 - INFO - __main__ -   	EPOCH:  12	MiniBatch:    7
02/25/2021 05:39:06 - INFO - __main__ -   	EPOCH:  12	MiniBatch:    8
02/25/2021 05:39:07 - INFO - __main__ -   	EPOCH:  12	MiniBatch:    9
02/25/2021 05:39:08 - INFO - __main__ -   	EPOCH:  12	MiniBatch:   10
02/25/2021 05:39:08 - INFO - __main__ -   	Testing dev Minibatch:    0
02/25/2021 05:39:09 - INFO - __main__ -   	Testing dev Minibatch:    1
02/25/2021 05:39:09 - INFO - __main__ -   	Testing dev Minibatch:    2
02/25/2021 05:39:09 - INFO - __main__ -   	Testing dev Minibatch:    3
02/25/2021 05:39:09 - INFO - __main__ -   
Labels 	Prec. 	Recall	F1    	Supp  
Denial 	0.5455	0.4946	0.5188	279
Support	0.5308	0.6263	0.5746	289
Comment	0.4792	0.4618	0.4703	249
Queries	0.3000	0.1622	0.2105	37
MacroF1	0.4436
F1w_avg	0.5102
Acc    	51.5

02/25/2021 05:39:11 - INFO - __main__ -   	EPOCH:  13	MiniBatch:    0
02/25/2021 05:39:12 - INFO - __main__ -   	EPOCH:  13	MiniBatch:    1
02/25/2021 05:39:13 - INFO - __main__ -   	EPOCH:  13	MiniBatch:    2
02/25/2021 05:39:14 - INFO - __main__ -   	EPOCH:  13	MiniBatch:    3
02/25/2021 05:39:15 - INFO - __main__ -   	EPOCH:  13	MiniBatch:    4
02/25/2021 05:39:16 - INFO - __main__ -   	EPOCH:  13	MiniBatch:    5
02/25/2021 05:39:17 - INFO - __main__ -   	EPOCH:  13	MiniBatch:    6
02/25/2021 05:39:18 - INFO - __main__ -   	EPOCH:  13	MiniBatch:    7
02/25/2021 05:39:19 - INFO - __main__ -   	EPOCH:  13	MiniBatch:    8
02/25/2021 05:39:20 - INFO - __main__ -   	EPOCH:  13	MiniBatch:    9
02/25/2021 05:39:21 - INFO - __main__ -   	EPOCH:  13	MiniBatch:   10
02/25/2021 05:39:22 - INFO - __main__ -   	Testing dev Minibatch:    0
02/25/2021 05:39:22 - INFO - __main__ -   	Testing dev Minibatch:    1
02/25/2021 05:39:23 - INFO - __main__ -   	Testing dev Minibatch:    2
02/25/2021 05:39:23 - INFO - __main__ -   	Testing dev Minibatch:    3
02/25/2021 05:39:23 - INFO - __main__ -   
Labels 	Prec. 	Recall	F1    	Supp  
Denial 	0.4898	0.6918	0.5736	279
Support	0.5743	0.4948	0.5316	289
Comment	0.5026	0.3855	0.4364	249
Queries	0.3000	0.1622	0.2105	37
MacroF1	0.4380
F1w_avg	0.5036
Acc    	51.3

02/25/2021 05:39:23 - INFO - __main__ -   	EPOCH:  14	MiniBatch:    0
02/25/2021 05:39:24 - INFO - __main__ -   	EPOCH:  14	MiniBatch:    1
02/25/2021 05:39:25 - INFO - __main__ -   	EPOCH:  14	MiniBatch:    2
02/25/2021 05:39:26 - INFO - __main__ -   	EPOCH:  14	MiniBatch:    3
02/25/2021 05:39:27 - INFO - __main__ -   	EPOCH:  14	MiniBatch:    4
02/25/2021 05:39:28 - INFO - __main__ -   	EPOCH:  14	MiniBatch:    5
02/25/2021 05:39:29 - INFO - __main__ -   	EPOCH:  14	MiniBatch:    6
02/25/2021 05:39:30 - INFO - __main__ -   	EPOCH:  14	MiniBatch:    7
02/25/2021 05:39:31 - INFO - __main__ -   	EPOCH:  14	MiniBatch:    8
02/25/2021 05:39:32 - INFO - __main__ -   	EPOCH:  14	MiniBatch:    9
02/25/2021 05:39:34 - INFO - __main__ -   	EPOCH:  14	MiniBatch:   10
02/25/2021 05:39:34 - INFO - __main__ -   	Testing dev Minibatch:    0
02/25/2021 05:39:34 - INFO - __main__ -   	Testing dev Minibatch:    1
02/25/2021 05:39:35 - INFO - __main__ -   	Testing dev Minibatch:    2
02/25/2021 05:39:35 - INFO - __main__ -   	Testing dev Minibatch:    3
02/25/2021 05:39:35 - INFO - __main__ -   
Labels 	Prec. 	Recall	F1    	Supp  
Denial 	0.6201	0.5090	0.5591	279
Support	0.5531	0.6851	0.6121	289
Comment	0.4720	0.4739	0.4729	249
Queries	0.2941	0.1351	0.1852	37
MacroF1	0.4573
F1w_avg	0.5357
Acc    	54.2

02/25/2021 05:39:37 - INFO - __main__ -   	EPOCH:  15	MiniBatch:    0
02/25/2021 05:39:38 - INFO - __main__ -   	EPOCH:  15	MiniBatch:    1
02/25/2021 05:39:39 - INFO - __main__ -   	EPOCH:  15	MiniBatch:    2
02/25/2021 05:39:40 - INFO - __main__ -   	EPOCH:  15	MiniBatch:    3
02/25/2021 05:39:41 - INFO - __main__ -   	EPOCH:  15	MiniBatch:    4
02/25/2021 05:39:42 - INFO - __main__ -   	EPOCH:  15	MiniBatch:    5
02/25/2021 05:39:43 - INFO - __main__ -   	EPOCH:  15	MiniBatch:    6
02/25/2021 05:39:44 - INFO - __main__ -   	EPOCH:  15	MiniBatch:    7
02/25/2021 05:39:45 - INFO - __main__ -   	EPOCH:  15	MiniBatch:    8
02/25/2021 05:39:46 - INFO - __main__ -   	EPOCH:  15	MiniBatch:    9
02/25/2021 05:39:47 - INFO - __main__ -   	EPOCH:  15	MiniBatch:   10
02/25/2021 05:39:48 - INFO - __main__ -   	Testing dev Minibatch:    0
02/25/2021 05:39:48 - INFO - __main__ -   	Testing dev Minibatch:    1
02/25/2021 05:39:48 - INFO - __main__ -   	Testing dev Minibatch:    2
02/25/2021 05:39:49 - INFO - __main__ -   	Testing dev Minibatch:    3
02/25/2021 05:39:49 - INFO - __main__ -   
Labels 	Prec. 	Recall	F1    	Supp  
Denial 	0.4283	0.8351	0.5662	279
Support	0.6402	0.3633	0.4636	289
Comment	0.5704	0.3092	0.4010	249
Queries	0.2727	0.0811	0.1250	37
MacroF1	0.3890
F1w_avg	0.4642
Acc    	48.9

02/25/2021 05:39:49 - INFO - __main__ -   	EPOCH:  16	MiniBatch:    0
02/25/2021 05:39:50 - INFO - __main__ -   	EPOCH:  16	MiniBatch:    1
02/25/2021 05:39:51 - INFO - __main__ -   	EPOCH:  16	MiniBatch:    2
02/25/2021 05:39:52 - INFO - __main__ -   	EPOCH:  16	MiniBatch:    3
02/25/2021 05:39:53 - INFO - __main__ -   	EPOCH:  16	MiniBatch:    4
02/25/2021 05:39:54 - INFO - __main__ -   	EPOCH:  16	MiniBatch:    5
02/25/2021 05:39:55 - INFO - __main__ -   	EPOCH:  16	MiniBatch:    6
02/25/2021 05:39:56 - INFO - __main__ -   	EPOCH:  16	MiniBatch:    7
02/25/2021 05:39:57 - INFO - __main__ -   	EPOCH:  16	MiniBatch:    8
02/25/2021 05:39:58 - INFO - __main__ -   	EPOCH:  16	MiniBatch:    9
02/25/2021 05:39:59 - INFO - __main__ -   	EPOCH:  16	MiniBatch:   10
02/25/2021 05:40:00 - INFO - __main__ -   	Testing dev Minibatch:    0
02/25/2021 05:40:00 - INFO - __main__ -   	Testing dev Minibatch:    1
02/25/2021 05:40:00 - INFO - __main__ -   	Testing dev Minibatch:    2
02/25/2021 05:40:01 - INFO - __main__ -   	Testing dev Minibatch:    3
02/25/2021 05:40:01 - INFO - __main__ -   
Labels 	Prec. 	Recall	F1    	Supp  
Denial 	0.6022	0.5806	0.5912	279
Support	0.5641	0.6851	0.6187	289
Comment	0.5066	0.4659	0.4854	249
Queries	0.4000	0.0541	0.0952	37
MacroF1	0.4476
F1w_avg	0.5482
Acc    	56.0

02/25/2021 05:40:01 - INFO - __main__ -   	EPOCH:  17	MiniBatch:    0
02/25/2021 05:40:02 - INFO - __main__ -   	EPOCH:  17	MiniBatch:    1
02/25/2021 05:40:03 - INFO - __main__ -   	EPOCH:  17	MiniBatch:    2
02/25/2021 05:40:04 - INFO - __main__ -   	EPOCH:  17	MiniBatch:    3
02/25/2021 05:40:05 - INFO - __main__ -   	EPOCH:  17	MiniBatch:    4
02/25/2021 05:40:06 - INFO - __main__ -   	EPOCH:  17	MiniBatch:    5
02/25/2021 05:40:07 - INFO - __main__ -   	EPOCH:  17	MiniBatch:    6
02/25/2021 05:40:08 - INFO - __main__ -   	EPOCH:  17	MiniBatch:    7
02/25/2021 05:40:09 - INFO - __main__ -   	EPOCH:  17	MiniBatch:    8
02/25/2021 05:40:10 - INFO - __main__ -   	EPOCH:  17	MiniBatch:    9
02/25/2021 05:40:11 - INFO - __main__ -   	EPOCH:  17	MiniBatch:   10
02/25/2021 05:40:12 - INFO - __main__ -   	Testing dev Minibatch:    0
02/25/2021 05:40:12 - INFO - __main__ -   	Testing dev Minibatch:    1
02/25/2021 05:40:12 - INFO - __main__ -   	Testing dev Minibatch:    2
02/25/2021 05:40:13 - INFO - __main__ -   	Testing dev Minibatch:    3
02/25/2021 05:40:13 - INFO - __main__ -   
Labels 	Prec. 	Recall	F1    	Supp  
Denial 	0.5346	0.7204	0.6137	279
Support	0.5890	0.6644	0.6244	289
Comment	0.5956	0.3253	0.4208	249
Queries	0.3125	0.1351	0.1887	37
MacroF1	0.4619
F1w_avg	0.5427
Acc    	56.1

02/25/2021 05:40:15 - INFO - __main__ -   	EPOCH:  18	MiniBatch:    0
02/25/2021 05:40:16 - INFO - __main__ -   	EPOCH:  18	MiniBatch:    1
02/25/2021 05:40:17 - INFO - __main__ -   	EPOCH:  18	MiniBatch:    2
02/25/2021 05:40:18 - INFO - __main__ -   	EPOCH:  18	MiniBatch:    3
02/25/2021 05:40:19 - INFO - __main__ -   	EPOCH:  18	MiniBatch:    4
02/25/2021 05:40:20 - INFO - __main__ -   	EPOCH:  18	MiniBatch:    5
02/25/2021 05:40:21 - INFO - __main__ -   	EPOCH:  18	MiniBatch:    6
02/25/2021 05:40:22 - INFO - __main__ -   	EPOCH:  18	MiniBatch:    7
02/25/2021 05:40:23 - INFO - __main__ -   	EPOCH:  18	MiniBatch:    8
02/25/2021 05:40:24 - INFO - __main__ -   	EPOCH:  18	MiniBatch:    9
02/25/2021 05:40:25 - INFO - __main__ -   	EPOCH:  18	MiniBatch:   10
02/25/2021 05:40:25 - INFO - __main__ -   	Testing dev Minibatch:    0
02/25/2021 05:40:26 - INFO - __main__ -   	Testing dev Minibatch:    1
02/25/2021 05:40:26 - INFO - __main__ -   	Testing dev Minibatch:    2
02/25/2021 05:40:27 - INFO - __main__ -   	Testing dev Minibatch:    3
02/25/2021 05:40:27 - INFO - __main__ -   
Labels 	Prec. 	Recall	F1    	Supp  
Denial 	0.5871	0.6523	0.6180	279
Support	0.6164	0.4948	0.5489	289
Comment	0.4719	0.5743	0.5181	249
Queries	0.4444	0.1081	0.1739	37
MacroF1	0.4647
F1w_avg	0.5463
Acc    	55.3

02/25/2021 05:40:29 - INFO - __main__ -   	EPOCH:  19	MiniBatch:    0
02/25/2021 05:40:30 - INFO - __main__ -   	EPOCH:  19	MiniBatch:    1
02/25/2021 05:40:31 - INFO - __main__ -   	EPOCH:  19	MiniBatch:    2
02/25/2021 05:40:32 - INFO - __main__ -   	EPOCH:  19	MiniBatch:    3
02/25/2021 05:40:33 - INFO - __main__ -   	EPOCH:  19	MiniBatch:    4
02/25/2021 05:40:34 - INFO - __main__ -   	EPOCH:  19	MiniBatch:    5
02/25/2021 05:40:35 - INFO - __main__ -   	EPOCH:  19	MiniBatch:    6
02/25/2021 05:40:36 - INFO - __main__ -   	EPOCH:  19	MiniBatch:    7
02/25/2021 05:40:37 - INFO - __main__ -   	EPOCH:  19	MiniBatch:    8
02/25/2021 05:40:38 - INFO - __main__ -   	EPOCH:  19	MiniBatch:    9
02/25/2021 05:40:39 - INFO - __main__ -   	EPOCH:  19	MiniBatch:   10
02/25/2021 05:40:39 - INFO - __main__ -   	Testing dev Minibatch:    0
02/25/2021 05:40:40 - INFO - __main__ -   	Testing dev Minibatch:    1
02/25/2021 05:40:40 - INFO - __main__ -   	Testing dev Minibatch:    2
02/25/2021 05:40:40 - INFO - __main__ -   	Testing dev Minibatch:    3
02/25/2021 05:40:41 - INFO - __main__ -   
Labels 	Prec. 	Recall	F1    	Supp  
Denial 	0.5397	0.7312	0.6210	279
Support	0.5931	0.6505	0.6205	289
Comment	0.5705	0.3414	0.4271	249
Queries	0.3000	0.0811	0.1277	37
MacroF1	0.4491
F1w_avg	0.5429
Acc    	56.2

02/25/2021 05:40:41 - INFO - __main__ -   	EPOCH:  20	MiniBatch:    0
02/25/2021 05:40:42 - INFO - __main__ -   	EPOCH:  20	MiniBatch:    1
02/25/2021 05:40:43 - INFO - __main__ -   	EPOCH:  20	MiniBatch:    2
02/25/2021 05:40:44 - INFO - __main__ -   	EPOCH:  20	MiniBatch:    3
02/25/2021 05:40:45 - INFO - __main__ -   	EPOCH:  20	MiniBatch:    4
02/25/2021 05:40:46 - INFO - __main__ -   	EPOCH:  20	MiniBatch:    5
02/25/2021 05:40:47 - INFO - __main__ -   	EPOCH:  20	MiniBatch:    6
02/25/2021 05:40:48 - INFO - __main__ -   	EPOCH:  20	MiniBatch:    7
02/25/2021 05:40:49 - INFO - __main__ -   	EPOCH:  20	MiniBatch:    8
02/25/2021 05:40:50 - INFO - __main__ -   	EPOCH:  20	MiniBatch:    9
02/25/2021 05:40:51 - INFO - __main__ -   	EPOCH:  20	MiniBatch:   10
02/25/2021 05:40:51 - INFO - __main__ -   	Testing dev Minibatch:    0
02/25/2021 05:40:52 - INFO - __main__ -   	Testing dev Minibatch:    1
02/25/2021 05:40:52 - INFO - __main__ -   	Testing dev Minibatch:    2
02/25/2021 05:40:52 - INFO - __main__ -   	Testing dev Minibatch:    3
02/25/2021 05:40:53 - INFO - __main__ -   
Labels 	Prec. 	Recall	F1    	Supp  
Denial 	0.5411	0.7312	0.6220	279
Support	0.5979	0.6021	0.6000	289
Comment	0.5531	0.3976	0.4626	249
Queries	0.4286	0.0811	0.1364	37
MacroF1	0.4552
F1w_avg	0.5470
Acc    	56.2

02/25/2021 05:40:53 - INFO - __main__ -   	EPOCH:  21	MiniBatch:    0
02/25/2021 05:40:54 - INFO - __main__ -   	EPOCH:  21	MiniBatch:    1
02/25/2021 05:40:55 - INFO - __main__ -   	EPOCH:  21	MiniBatch:    2
02/25/2021 05:40:56 - INFO - __main__ -   	EPOCH:  21	MiniBatch:    3
02/25/2021 05:40:57 - INFO - __main__ -   	EPOCH:  21	MiniBatch:    4
02/25/2021 05:40:58 - INFO - __main__ -   	EPOCH:  21	MiniBatch:    5
02/25/2021 05:40:59 - INFO - __main__ -   	EPOCH:  21	MiniBatch:    6
02/25/2021 05:41:00 - INFO - __main__ -   	EPOCH:  21	MiniBatch:    7
02/25/2021 05:41:01 - INFO - __main__ -   	EPOCH:  21	MiniBatch:    8
02/25/2021 05:41:02 - INFO - __main__ -   	EPOCH:  21	MiniBatch:    9
02/25/2021 05:41:03 - INFO - __main__ -   	EPOCH:  21	MiniBatch:   10
02/25/2021 05:41:03 - INFO - __main__ -   	Testing dev Minibatch:    0
02/25/2021 05:41:04 - INFO - __main__ -   	Testing dev Minibatch:    1
02/25/2021 05:41:04 - INFO - __main__ -   	Testing dev Minibatch:    2
02/25/2021 05:41:04 - INFO - __main__ -   	Testing dev Minibatch:    3
02/25/2021 05:41:05 - INFO - __main__ -   
Labels 	Prec. 	Recall	F1    	Supp  
Denial 	0.6195	0.6595	0.6389	279
Support	0.5668	0.6609	0.6102	289
Comment	0.5385	0.4498	0.4902	249
Queries	0.4167	0.1351	0.2041	37
MacroF1	0.4858
F1w_avg	0.5670
Acc    	57.6

02/25/2021 05:41:09 - INFO - __main__ -   	EPOCH:  22	MiniBatch:    0
02/25/2021 05:41:10 - INFO - __main__ -   	EPOCH:  22	MiniBatch:    1
02/25/2021 05:41:11 - INFO - __main__ -   	EPOCH:  22	MiniBatch:    2
02/25/2021 05:41:12 - INFO - __main__ -   	EPOCH:  22	MiniBatch:    3
02/25/2021 05:41:13 - INFO - __main__ -   	EPOCH:  22	MiniBatch:    4
02/25/2021 05:41:14 - INFO - __main__ -   	EPOCH:  22	MiniBatch:    5
02/25/2021 05:41:15 - INFO - __main__ -   	EPOCH:  22	MiniBatch:    6
02/25/2021 05:41:16 - INFO - __main__ -   	EPOCH:  22	MiniBatch:    7
02/25/2021 05:41:17 - INFO - __main__ -   	EPOCH:  22	MiniBatch:    8
02/25/2021 05:41:18 - INFO - __main__ -   	EPOCH:  22	MiniBatch:    9
02/25/2021 05:41:19 - INFO - __main__ -   	EPOCH:  22	MiniBatch:   10
02/25/2021 05:41:20 - INFO - __main__ -   	Testing dev Minibatch:    0
02/25/2021 05:41:20 - INFO - __main__ -   	Testing dev Minibatch:    1
02/25/2021 05:41:20 - INFO - __main__ -   	Testing dev Minibatch:    2
02/25/2021 05:41:21 - INFO - __main__ -   	Testing dev Minibatch:    3
02/25/2021 05:41:21 - INFO - __main__ -   
Labels 	Prec. 	Recall	F1    	Supp  
Denial 	0.5022	0.8172	0.6221	279
Support	0.6068	0.4325	0.5051	289
Comment	0.5464	0.4016	0.4630	249
Queries	0.2727	0.0811	0.1250	37
MacroF1	0.4288
F1w_avg	0.5146
Acc    	53.4

02/25/2021 05:41:21 - INFO - __main__ -   	EPOCH:  23	MiniBatch:    0
02/25/2021 05:41:22 - INFO - __main__ -   	EPOCH:  23	MiniBatch:    1
02/25/2021 05:41:23 - INFO - __main__ -   	EPOCH:  23	MiniBatch:    2
02/25/2021 05:41:24 - INFO - __main__ -   	EPOCH:  23	MiniBatch:    3
02/25/2021 05:41:25 - INFO - __main__ -   	EPOCH:  23	MiniBatch:    4
02/25/2021 05:41:26 - INFO - __main__ -   	EPOCH:  23	MiniBatch:    5
02/25/2021 05:41:27 - INFO - __main__ -   	EPOCH:  23	MiniBatch:    6
02/25/2021 05:41:28 - INFO - __main__ -   	EPOCH:  23	MiniBatch:    7
02/25/2021 05:41:29 - INFO - __main__ -   	EPOCH:  23	MiniBatch:    8
02/25/2021 05:41:30 - INFO - __main__ -   	EPOCH:  23	MiniBatch:    9
02/25/2021 05:41:31 - INFO - __main__ -   	EPOCH:  23	MiniBatch:   10
02/25/2021 05:41:32 - INFO - __main__ -   	Testing dev Minibatch:    0
02/25/2021 05:41:32 - INFO - __main__ -   	Testing dev Minibatch:    1
02/25/2021 05:41:32 - INFO - __main__ -   	Testing dev Minibatch:    2
02/25/2021 05:41:33 - INFO - __main__ -   	Testing dev Minibatch:    3
02/25/2021 05:41:33 - INFO - __main__ -   
Labels 	Prec. 	Recall	F1    	Supp  
Denial 	0.5908	0.6882	0.6358	279
Support	0.6085	0.4948	0.5458	289
Comment	0.4894	0.5542	0.5198	249
Queries	0.3333	0.1081	0.1633	37
MacroF1	0.4662
F1w_avg	0.5510
Acc    	55.9

02/25/2021 05:41:33 - INFO - __main__ -   	EPOCH:  24	MiniBatch:    0
02/25/2021 05:41:34 - INFO - __main__ -   	EPOCH:  24	MiniBatch:    1
02/25/2021 05:41:35 - INFO - __main__ -   	EPOCH:  24	MiniBatch:    2
02/25/2021 05:41:36 - INFO - __main__ -   	EPOCH:  24	MiniBatch:    3
02/25/2021 05:41:37 - INFO - __main__ -   	EPOCH:  24	MiniBatch:    4
02/25/2021 05:41:38 - INFO - __main__ -   	EPOCH:  24	MiniBatch:    5
02/25/2021 05:41:39 - INFO - __main__ -   	EPOCH:  24	MiniBatch:    6
02/25/2021 05:41:40 - INFO - __main__ -   	EPOCH:  24	MiniBatch:    7
02/25/2021 05:41:41 - INFO - __main__ -   	EPOCH:  24	MiniBatch:    8
02/25/2021 05:41:42 - INFO - __main__ -   	EPOCH:  24	MiniBatch:    9
02/25/2021 05:41:43 - INFO - __main__ -   	EPOCH:  24	MiniBatch:   10
02/25/2021 05:41:44 - INFO - __main__ -   	Testing dev Minibatch:    0
02/25/2021 05:41:44 - INFO - __main__ -   	Testing dev Minibatch:    1
02/25/2021 05:41:45 - INFO - __main__ -   	Testing dev Minibatch:    2
02/25/2021 05:41:45 - INFO - __main__ -   	Testing dev Minibatch:    3
02/25/2021 05:41:45 - INFO - __main__ -   
Labels 	Prec. 	Recall	F1    	Supp  
Denial 	0.6259	0.6237	0.6248	279
Support	0.6007	0.5571	0.5781	289
Comment	0.4626	0.5221	0.4906	249
Queries	0.2222	0.1622	0.1875	37
MacroF1	0.4702
F1w_avg	0.5509
Acc    	55.2

02/25/2021 05:41:45 - INFO - __main__ -   	EPOCH:  25	MiniBatch:    0
02/25/2021 05:41:46 - INFO - __main__ -   	EPOCH:  25	MiniBatch:    1
02/25/2021 05:41:47 - INFO - __main__ -   	EPOCH:  25	MiniBatch:    2
02/25/2021 05:41:48 - INFO - __main__ -   	EPOCH:  25	MiniBatch:    3
02/25/2021 05:41:49 - INFO - __main__ -   	EPOCH:  25	MiniBatch:    4
02/25/2021 05:41:50 - INFO - __main__ -   	EPOCH:  25	MiniBatch:    5
02/25/2021 05:41:51 - INFO - __main__ -   	EPOCH:  25	MiniBatch:    6
02/25/2021 05:41:52 - INFO - __main__ -   	EPOCH:  25	MiniBatch:    7
02/25/2021 05:41:53 - INFO - __main__ -   	EPOCH:  25	MiniBatch:    8
02/25/2021 05:41:54 - INFO - __main__ -   	EPOCH:  25	MiniBatch:    9
02/25/2021 05:41:55 - INFO - __main__ -   	EPOCH:  25	MiniBatch:   10
02/25/2021 05:41:56 - INFO - __main__ -   	Testing dev Minibatch:    0
02/25/2021 05:41:56 - INFO - __main__ -   	Testing dev Minibatch:    1
02/25/2021 05:41:57 - INFO - __main__ -   	Testing dev Minibatch:    2
02/25/2021 05:41:57 - INFO - __main__ -   	Testing dev Minibatch:    3
02/25/2021 05:41:57 - INFO - __main__ -   
Labels 	Prec. 	Recall	F1    	Supp  
Denial 	0.5532	0.7634	0.6416	279
Support	0.6384	0.4948	0.5575	289
Comment	0.5378	0.4859	0.5105	249
Queries	0.3500	0.1892	0.2456	37
MacroF1	0.4888
F1w_avg	0.5578
Acc    	56.7

02/25/2021 05:41:59 - INFO - __main__ -   	EPOCH:  26	MiniBatch:    0
02/25/2021 05:42:00 - INFO - __main__ -   	EPOCH:  26	MiniBatch:    1
02/25/2021 05:42:01 - INFO - __main__ -   	EPOCH:  26	MiniBatch:    2
02/25/2021 05:42:02 - INFO - __main__ -   	EPOCH:  26	MiniBatch:    3
02/25/2021 05:42:03 - INFO - __main__ -   	EPOCH:  26	MiniBatch:    4
02/25/2021 05:42:04 - INFO - __main__ -   	EPOCH:  26	MiniBatch:    5
02/25/2021 05:42:05 - INFO - __main__ -   	EPOCH:  26	MiniBatch:    6
02/25/2021 05:42:06 - INFO - __main__ -   	EPOCH:  26	MiniBatch:    7
02/25/2021 05:42:07 - INFO - __main__ -   	EPOCH:  26	MiniBatch:    8
02/25/2021 05:42:08 - INFO - __main__ -   	EPOCH:  26	MiniBatch:    9
02/25/2021 05:42:09 - INFO - __main__ -   	EPOCH:  26	MiniBatch:   10
02/25/2021 05:42:10 - INFO - __main__ -   	Testing dev Minibatch:    0
02/25/2021 05:42:10 - INFO - __main__ -   	Testing dev Minibatch:    1
02/25/2021 05:42:10 - INFO - __main__ -   	Testing dev Minibatch:    2
02/25/2021 05:42:11 - INFO - __main__ -   	Testing dev Minibatch:    3
02/25/2021 05:42:11 - INFO - __main__ -   
Labels 	Prec. 	Recall	F1    	Supp  
Denial 	0.6583	0.6559	0.6571	279
Support	0.5859	0.6021	0.5939	289
Comment	0.5038	0.5382	0.5204	249
Queries	0.3846	0.1351	0.2000	37
MacroF1	0.4928
F1w_avg	0.5760
Acc    	58.1

02/25/2021 05:42:13 - INFO - __main__ -   	EPOCH:  27	MiniBatch:    0
02/25/2021 05:42:14 - INFO - __main__ -   	EPOCH:  27	MiniBatch:    1
02/25/2021 05:42:15 - INFO - __main__ -   	EPOCH:  27	MiniBatch:    2
02/25/2021 05:42:16 - INFO - __main__ -   	EPOCH:  27	MiniBatch:    3
02/25/2021 05:42:17 - INFO - __main__ -   	EPOCH:  27	MiniBatch:    4
02/25/2021 05:42:18 - INFO - __main__ -   	EPOCH:  27	MiniBatch:    5
02/25/2021 05:42:19 - INFO - __main__ -   	EPOCH:  27	MiniBatch:    6
02/25/2021 05:42:20 - INFO - __main__ -   	EPOCH:  27	MiniBatch:    7
02/25/2021 05:42:21 - INFO - __main__ -   	EPOCH:  27	MiniBatch:    8
02/25/2021 05:42:22 - INFO - __main__ -   	EPOCH:  27	MiniBatch:    9
02/25/2021 05:42:23 - INFO - __main__ -   	EPOCH:  27	MiniBatch:   10
02/25/2021 05:42:24 - INFO - __main__ -   	Testing dev Minibatch:    0
02/25/2021 05:42:24 - INFO - __main__ -   	Testing dev Minibatch:    1
02/25/2021 05:42:24 - INFO - __main__ -   	Testing dev Minibatch:    2
02/25/2021 05:42:25 - INFO - __main__ -   	Testing dev Minibatch:    3
02/25/2021 05:42:25 - INFO - __main__ -   
Labels 	Prec. 	Recall	F1    	Supp  
Denial 	0.5441	0.7957	0.6463	279
Support	0.6456	0.4602	0.5374	289
Comment	0.5357	0.4819	0.5074	249
Queries	0.3125	0.1351	0.1887	37
MacroF1	0.4699
F1w_avg	0.5491
Acc    	56.2

02/25/2021 05:42:25 - INFO - __main__ -   	EPOCH:  28	MiniBatch:    0
02/25/2021 05:42:26 - INFO - __main__ -   	EPOCH:  28	MiniBatch:    1
02/25/2021 05:42:27 - INFO - __main__ -   	EPOCH:  28	MiniBatch:    2
02/25/2021 05:42:28 - INFO - __main__ -   	EPOCH:  28	MiniBatch:    3
02/25/2021 05:42:29 - INFO - __main__ -   	EPOCH:  28	MiniBatch:    4
02/25/2021 05:42:30 - INFO - __main__ -   	EPOCH:  28	MiniBatch:    5
02/25/2021 05:42:31 - INFO - __main__ -   	EPOCH:  28	MiniBatch:    6
02/25/2021 05:42:32 - INFO - __main__ -   	EPOCH:  28	MiniBatch:    7
02/25/2021 05:42:33 - INFO - __main__ -   	EPOCH:  28	MiniBatch:    8
02/25/2021 05:42:34 - INFO - __main__ -   	EPOCH:  28	MiniBatch:    9
02/25/2021 05:42:35 - INFO - __main__ -   	EPOCH:  28	MiniBatch:   10
02/25/2021 05:42:36 - INFO - __main__ -   	Testing dev Minibatch:    0
02/25/2021 05:42:36 - INFO - __main__ -   	Testing dev Minibatch:    1
02/25/2021 05:42:36 - INFO - __main__ -   	Testing dev Minibatch:    2
02/25/2021 05:42:37 - INFO - __main__ -   	Testing dev Minibatch:    3
02/25/2021 05:42:37 - INFO - __main__ -   
Labels 	Prec. 	Recall	F1    	Supp  
Denial 	0.6373	0.6738	0.6551	279
Support	0.6101	0.5848	0.5972	289
Comment	0.5019	0.5422	0.5212	249
Queries	0.3846	0.1351	0.2000	37
MacroF1	0.4934
F1w_avg	0.5767
Acc    	58.2

02/25/2021 05:42:39 - INFO - __main__ -   	EPOCH:  29	MiniBatch:    0
02/25/2021 05:42:40 - INFO - __main__ -   	EPOCH:  29	MiniBatch:    1
02/25/2021 05:42:41 - INFO - __main__ -   	EPOCH:  29	MiniBatch:    2
02/25/2021 05:42:42 - INFO - __main__ -   	EPOCH:  29	MiniBatch:    3
02/25/2021 05:42:43 - INFO - __main__ -   	EPOCH:  29	MiniBatch:    4
02/25/2021 05:42:44 - INFO - __main__ -   	EPOCH:  29	MiniBatch:    5
02/25/2021 05:42:45 - INFO - __main__ -   	EPOCH:  29	MiniBatch:    6
02/25/2021 05:42:46 - INFO - __main__ -   	EPOCH:  29	MiniBatch:    7
02/25/2021 05:42:47 - INFO - __main__ -   	EPOCH:  29	MiniBatch:    8
02/25/2021 05:42:48 - INFO - __main__ -   	EPOCH:  29	MiniBatch:    9
02/25/2021 05:42:49 - INFO - __main__ -   	EPOCH:  29	MiniBatch:   10
02/25/2021 05:42:49 - INFO - __main__ -   	Testing dev Minibatch:    0
02/25/2021 05:42:50 - INFO - __main__ -   	Testing dev Minibatch:    1
02/25/2021 05:42:50 - INFO - __main__ -   	Testing dev Minibatch:    2
02/25/2021 05:42:51 - INFO - __main__ -   	Testing dev Minibatch:    3
02/25/2021 05:42:51 - INFO - __main__ -   
Labels 	Prec. 	Recall	F1    	Supp  
Denial 	0.5884	0.7276	0.6506	279
Support	0.6225	0.5363	0.5762	289
Comment	0.5062	0.4940	0.5000	249
Queries	0.2941	0.1351	0.1852	37
MacroF1	0.4780
F1w_avg	0.5614
Acc    	56.9

02/25/2021 05:42:51 - INFO - __main__ -   	EPOCH:  30	MiniBatch:    0
02/25/2021 05:42:52 - INFO - __main__ -   	EPOCH:  30	MiniBatch:    1
02/25/2021 05:42:53 - INFO - __main__ -   	EPOCH:  30	MiniBatch:    2
02/25/2021 05:42:54 - INFO - __main__ -   	EPOCH:  30	MiniBatch:    3
02/25/2021 05:42:55 - INFO - __main__ -   	EPOCH:  30	MiniBatch:    4
02/25/2021 05:42:56 - INFO - __main__ -   	EPOCH:  30	MiniBatch:    5
02/25/2021 05:42:57 - INFO - __main__ -   	EPOCH:  30	MiniBatch:    6
02/25/2021 05:42:58 - INFO - __main__ -   	EPOCH:  30	MiniBatch:    7
02/25/2021 05:42:59 - INFO - __main__ -   	EPOCH:  30	MiniBatch:    8
02/25/2021 05:43:00 - INFO - __main__ -   	EPOCH:  30	MiniBatch:    9
02/25/2021 05:43:01 - INFO - __main__ -   	EPOCH:  30	MiniBatch:   10
02/25/2021 05:43:02 - INFO - __main__ -   	Testing dev Minibatch:    0
02/25/2021 05:43:02 - INFO - __main__ -   	Testing dev Minibatch:    1
02/25/2021 05:43:02 - INFO - __main__ -   	Testing dev Minibatch:    2
02/25/2021 05:43:03 - INFO - __main__ -   	Testing dev Minibatch:    3
02/25/2021 05:43:03 - INFO - __main__ -   
Labels 	Prec. 	Recall	F1    	Supp  
Denial 	0.5789	0.7491	0.6531	279
Support	0.6287	0.5156	0.5665	289
Comment	0.5353	0.5181	0.5265	249
Queries	0.4000	0.1622	0.2308	37
MacroF1	0.4942
F1w_avg	0.5686
Acc    	57.7

02/25/2021 05:43:05 - INFO - __main__ -   	EPOCH:  31	MiniBatch:    0
02/25/2021 05:43:06 - INFO - __main__ -   	EPOCH:  31	MiniBatch:    1
02/25/2021 05:43:07 - INFO - __main__ -   	EPOCH:  31	MiniBatch:    2
02/25/2021 05:43:08 - INFO - __main__ -   	EPOCH:  31	MiniBatch:    3
02/25/2021 05:43:09 - INFO - __main__ -   	EPOCH:  31	MiniBatch:    4
02/25/2021 05:43:10 - INFO - __main__ -   	EPOCH:  31	MiniBatch:    5
02/25/2021 05:43:11 - INFO - __main__ -   	EPOCH:  31	MiniBatch:    6
02/25/2021 05:43:12 - INFO - __main__ -   	EPOCH:  31	MiniBatch:    7
02/25/2021 05:43:13 - INFO - __main__ -   	EPOCH:  31	MiniBatch:    8
02/25/2021 05:43:14 - INFO - __main__ -   	EPOCH:  31	MiniBatch:    9
02/25/2021 05:43:15 - INFO - __main__ -   	EPOCH:  31	MiniBatch:   10
02/25/2021 05:43:15 - INFO - __main__ -   	Testing dev Minibatch:    0
02/25/2021 05:43:16 - INFO - __main__ -   	Testing dev Minibatch:    1
02/25/2021 05:43:16 - INFO - __main__ -   	Testing dev Minibatch:    2
02/25/2021 05:43:16 - INFO - __main__ -   	Testing dev Minibatch:    3
02/25/2021 05:43:17 - INFO - __main__ -   
Labels 	Prec. 	Recall	F1    	Supp  
Denial 	0.5687	0.7419	0.6439	279
Support	0.6379	0.3841	0.4795	289
Comment	0.4589	0.5382	0.4954	249
Queries	0.3333	0.2162	0.2623	37
MacroF1	0.4703
F1w_avg	0.5284
Acc    	53.9

02/25/2021 05:43:17 - INFO - __main__ -   	EPOCH:  32	MiniBatch:    0
02/25/2021 05:43:18 - INFO - __main__ -   	EPOCH:  32	MiniBatch:    1
02/25/2021 05:43:19 - INFO - __main__ -   	EPOCH:  32	MiniBatch:    2
02/25/2021 05:43:20 - INFO - __main__ -   	EPOCH:  32	MiniBatch:    3
02/25/2021 05:43:21 - INFO - __main__ -   	EPOCH:  32	MiniBatch:    4
02/25/2021 05:43:22 - INFO - __main__ -   	EPOCH:  32	MiniBatch:    5
02/25/2021 05:43:23 - INFO - __main__ -   	EPOCH:  32	MiniBatch:    6
02/25/2021 05:43:24 - INFO - __main__ -   	EPOCH:  32	MiniBatch:    7
02/25/2021 05:43:25 - INFO - __main__ -   	EPOCH:  32	MiniBatch:    8
02/25/2021 05:43:26 - INFO - __main__ -   	EPOCH:  32	MiniBatch:    9
02/25/2021 05:43:27 - INFO - __main__ -   	EPOCH:  32	MiniBatch:   10
02/25/2021 05:43:27 - INFO - __main__ -   	Testing dev Minibatch:    0
02/25/2021 05:43:28 - INFO - __main__ -   	Testing dev Minibatch:    1
02/25/2021 05:43:28 - INFO - __main__ -   	Testing dev Minibatch:    2
02/25/2021 05:43:29 - INFO - __main__ -   	Testing dev Minibatch:    3
02/25/2021 05:43:29 - INFO - __main__ -   
Labels 	Prec. 	Recall	F1    	Supp  
Denial 	0.5867	0.7276	0.6496	279
Support	0.6497	0.4429	0.5267	289
Comment	0.4829	0.5663	0.5213	249
Queries	0.3158	0.1622	0.2143	37
MacroF1	0.4780
F1w_avg	0.5517
Acc    	56.0

02/25/2021 05:43:29 - INFO - __main__ -   	EPOCH:  33	MiniBatch:    0
02/25/2021 05:43:30 - INFO - __main__ -   	EPOCH:  33	MiniBatch:    1
02/25/2021 05:43:31 - INFO - __main__ -   	EPOCH:  33	MiniBatch:    2
02/25/2021 05:43:32 - INFO - __main__ -   	EPOCH:  33	MiniBatch:    3
02/25/2021 05:43:33 - INFO - __main__ -   	EPOCH:  33	MiniBatch:    4
02/25/2021 05:43:34 - INFO - __main__ -   	EPOCH:  33	MiniBatch:    5
02/25/2021 05:43:35 - INFO - __main__ -   	EPOCH:  33	MiniBatch:    6
02/25/2021 05:43:36 - INFO - __main__ -   	EPOCH:  33	MiniBatch:    7
02/25/2021 05:43:37 - INFO - __main__ -   	EPOCH:  33	MiniBatch:    8
02/25/2021 05:43:38 - INFO - __main__ -   	EPOCH:  33	MiniBatch:    9
02/25/2021 05:43:39 - INFO - __main__ -   	EPOCH:  33	MiniBatch:   10
02/25/2021 05:43:40 - INFO - __main__ -   	Testing dev Minibatch:    0
02/25/2021 05:43:40 - INFO - __main__ -   	Testing dev Minibatch:    1
02/25/2021 05:43:40 - INFO - __main__ -   	Testing dev Minibatch:    2
02/25/2021 05:43:41 - INFO - __main__ -   	Testing dev Minibatch:    3
02/25/2021 05:43:41 - INFO - __main__ -   
Labels 	Prec. 	Recall	F1    	Supp  
Denial 	0.6522	0.6452	0.6486	279
Support	0.6449	0.4775	0.5487	289
Comment	0.4461	0.5984	0.5111	249
Queries	0.3000	0.2432	0.2687	37
MacroF1	0.4943
F1w_avg	0.5583
Acc    	55.7

02/25/2021 05:43:43 - INFO - __main__ -   	EPOCH:  34	MiniBatch:    0
02/25/2021 05:43:44 - INFO - __main__ -   	EPOCH:  34	MiniBatch:    1
02/25/2021 05:43:45 - INFO - __main__ -   	EPOCH:  34	MiniBatch:    2
02/25/2021 05:43:46 - INFO - __main__ -   	EPOCH:  34	MiniBatch:    3
02/25/2021 05:43:47 - INFO - __main__ -   	EPOCH:  34	MiniBatch:    4
02/25/2021 05:43:48 - INFO - __main__ -   	EPOCH:  34	MiniBatch:    5
02/25/2021 05:43:49 - INFO - __main__ -   	EPOCH:  34	MiniBatch:    6
02/25/2021 05:43:50 - INFO - __main__ -   	EPOCH:  34	MiniBatch:    7
02/25/2021 05:43:51 - INFO - __main__ -   	EPOCH:  34	MiniBatch:    8
02/25/2021 05:43:52 - INFO - __main__ -   	EPOCH:  34	MiniBatch:    9
02/25/2021 05:43:53 - INFO - __main__ -   	EPOCH:  34	MiniBatch:   10
02/25/2021 05:43:53 - INFO - __main__ -   	Testing dev Minibatch:    0
02/25/2021 05:43:54 - INFO - __main__ -   	Testing dev Minibatch:    1
02/25/2021 05:43:54 - INFO - __main__ -   	Testing dev Minibatch:    2
02/25/2021 05:43:54 - INFO - __main__ -   	Testing dev Minibatch:    3
02/25/2021 05:43:55 - INFO - __main__ -   
Labels 	Prec. 	Recall	F1    	Supp  
Denial 	0.6254	0.7061	0.6633	279
Support	0.6052	0.5675	0.5857	289
Comment	0.5000	0.5181	0.5089	249
Queries	0.3000	0.0811	0.1277	37
MacroF1	0.4714
F1w_avg	0.5688
Acc    	57.7

02/25/2021 05:43:55 - INFO - __main__ -   	EPOCH:  35	MiniBatch:    0
02/25/2021 05:43:56 - INFO - __main__ -   	EPOCH:  35	MiniBatch:    1
02/25/2021 05:43:57 - INFO - __main__ -   	EPOCH:  35	MiniBatch:    2
02/25/2021 05:43:58 - INFO - __main__ -   	EPOCH:  35	MiniBatch:    3
02/25/2021 05:43:59 - INFO - __main__ -   	EPOCH:  35	MiniBatch:    4
02/25/2021 05:44:00 - INFO - __main__ -   	EPOCH:  35	MiniBatch:    5
02/25/2021 05:44:01 - INFO - __main__ -   	EPOCH:  35	MiniBatch:    6
02/25/2021 05:44:02 - INFO - __main__ -   	EPOCH:  35	MiniBatch:    7
02/25/2021 05:44:03 - INFO - __main__ -   	EPOCH:  35	MiniBatch:    8
02/25/2021 05:44:04 - INFO - __main__ -   	EPOCH:  35	MiniBatch:    9
02/25/2021 05:44:05 - INFO - __main__ -   	EPOCH:  35	MiniBatch:   10
02/25/2021 05:44:05 - INFO - __main__ -   	Testing dev Minibatch:    0
02/25/2021 05:44:06 - INFO - __main__ -   	Testing dev Minibatch:    1
02/25/2021 05:44:06 - INFO - __main__ -   	Testing dev Minibatch:    2
02/25/2021 05:44:06 - INFO - __main__ -   	Testing dev Minibatch:    3
02/25/2021 05:44:07 - INFO - __main__ -   
Labels 	Prec. 	Recall	F1    	Supp  
Denial 	0.6052	0.7527	0.6709	279
Support	0.6345	0.5467	0.5874	289
Comment	0.5041	0.4940	0.4990	249
Queries	0.3571	0.1351	0.1961	37
MacroF1	0.4883
F1w_avg	0.5719
Acc    	58.1

02/25/2021 05:44:07 - INFO - __main__ -   	EPOCH:  36	MiniBatch:    0
02/25/2021 05:44:08 - INFO - __main__ -   	EPOCH:  36	MiniBatch:    1
02/25/2021 05:44:09 - INFO - __main__ -   	EPOCH:  36	MiniBatch:    2
02/25/2021 05:44:10 - INFO - __main__ -   	EPOCH:  36	MiniBatch:    3
02/25/2021 05:44:11 - INFO - __main__ -   	EPOCH:  36	MiniBatch:    4
02/25/2021 05:44:12 - INFO - __main__ -   	EPOCH:  36	MiniBatch:    5
02/25/2021 05:44:13 - INFO - __main__ -   	EPOCH:  36	MiniBatch:    6
02/25/2021 05:44:14 - INFO - __main__ -   	EPOCH:  36	MiniBatch:    7
02/25/2021 05:44:15 - INFO - __main__ -   	EPOCH:  36	MiniBatch:    8
02/25/2021 05:44:16 - INFO - __main__ -   	EPOCH:  36	MiniBatch:    9
02/25/2021 05:44:17 - INFO - __main__ -   	EPOCH:  36	MiniBatch:   10
02/25/2021 05:44:17 - INFO - __main__ -   	Testing dev Minibatch:    0
02/25/2021 05:44:18 - INFO - __main__ -   	Testing dev Minibatch:    1
02/25/2021 05:44:18 - INFO - __main__ -   	Testing dev Minibatch:    2
02/25/2021 05:44:19 - INFO - __main__ -   	Testing dev Minibatch:    3
02/25/2021 05:44:19 - INFO - __main__ -   
Labels 	Prec. 	Recall	F1    	Supp  
Denial 	0.6406	0.7348	0.6845	279
Support	0.5823	0.6609	0.6191	289
Comment	0.5510	0.4337	0.4854	249
Queries	0.3000	0.0811	0.1277	37
MacroF1	0.4792
F1w_avg	0.5802
Acc    	59.4

02/25/2021 05:44:19 - INFO - __main__ -   	EPOCH:  37	MiniBatch:    0
02/25/2021 05:44:20 - INFO - __main__ -   	EPOCH:  37	MiniBatch:    1
02/25/2021 05:44:21 - INFO - __main__ -   	EPOCH:  37	MiniBatch:    2
02/25/2021 05:44:22 - INFO - __main__ -   	EPOCH:  37	MiniBatch:    3
02/25/2021 05:44:23 - INFO - __main__ -   	EPOCH:  37	MiniBatch:    4
02/25/2021 05:44:24 - INFO - __main__ -   	EPOCH:  37	MiniBatch:    5
02/25/2021 05:44:25 - INFO - __main__ -   	EPOCH:  37	MiniBatch:    6
02/25/2021 05:44:26 - INFO - __main__ -   	EPOCH:  37	MiniBatch:    7
02/25/2021 05:44:27 - INFO - __main__ -   	EPOCH:  37	MiniBatch:    8
02/25/2021 05:44:28 - INFO - __main__ -   	EPOCH:  37	MiniBatch:    9
02/25/2021 05:44:29 - INFO - __main__ -   	EPOCH:  37	MiniBatch:   10
02/25/2021 05:44:30 - INFO - __main__ -   	Testing dev Minibatch:    0
02/25/2021 05:44:30 - INFO - __main__ -   	Testing dev Minibatch:    1
02/25/2021 05:44:30 - INFO - __main__ -   	Testing dev Minibatch:    2
02/25/2021 05:44:31 - INFO - __main__ -   	Testing dev Minibatch:    3
02/25/2021 05:44:31 - INFO - __main__ -   
Labels 	Prec. 	Recall	F1    	Supp  
Denial 	0.5424	0.8029	0.6474	279
Support	0.6340	0.5156	0.5687	289
Comment	0.5500	0.4418	0.4900	249
Queries	0.5000	0.0811	0.1395	37
MacroF1	0.4614
F1w_avg	0.5529
Acc    	56.9

02/25/2021 05:44:31 - INFO - __main__ -   	EPOCH:  38	MiniBatch:    0
02/25/2021 05:44:32 - INFO - __main__ -   	EPOCH:  38	MiniBatch:    1
02/25/2021 05:44:33 - INFO - __main__ -   	EPOCH:  38	MiniBatch:    2
02/25/2021 05:44:34 - INFO - __main__ -   	EPOCH:  38	MiniBatch:    3
02/25/2021 05:44:35 - INFO - __main__ -   	EPOCH:  38	MiniBatch:    4
02/25/2021 05:44:36 - INFO - __main__ -   	EPOCH:  38	MiniBatch:    5
02/25/2021 05:44:37 - INFO - __main__ -   	EPOCH:  38	MiniBatch:    6
02/25/2021 05:44:38 - INFO - __main__ -   	EPOCH:  38	MiniBatch:    7
02/25/2021 05:44:39 - INFO - __main__ -   	EPOCH:  38	MiniBatch:    8
02/25/2021 05:44:40 - INFO - __main__ -   	EPOCH:  38	MiniBatch:    9
02/25/2021 05:44:41 - INFO - __main__ -   	EPOCH:  38	MiniBatch:   10
02/25/2021 05:44:42 - INFO - __main__ -   	Testing dev Minibatch:    0
02/25/2021 05:44:42 - INFO - __main__ -   	Testing dev Minibatch:    1
02/25/2021 05:44:42 - INFO - __main__ -   	Testing dev Minibatch:    2
02/25/2021 05:44:43 - INFO - __main__ -   	Testing dev Minibatch:    3
02/25/2021 05:44:43 - INFO - __main__ -   
Labels 	Prec. 	Recall	F1    	Supp  
Denial 	0.5783	0.7276	0.6444	279
Support	0.5486	0.6644	0.6009	289
Comment	0.5541	0.3293	0.4131	249
Queries	0.6000	0.0811	0.1429	37
MacroF1	0.4503
F1w_avg	0.5405
Acc    	56.2

02/25/2021 05:44:43 - INFO - __main__ -   	EPOCH:  39	MiniBatch:    0
02/25/2021 05:44:44 - INFO - __main__ -   	EPOCH:  39	MiniBatch:    1
02/25/2021 05:44:45 - INFO - __main__ -   	EPOCH:  39	MiniBatch:    2
02/25/2021 05:44:46 - INFO - __main__ -   	EPOCH:  39	MiniBatch:    3
02/25/2021 05:44:47 - INFO - __main__ -   	EPOCH:  39	MiniBatch:    4
02/25/2021 05:44:48 - INFO - __main__ -   	EPOCH:  39	MiniBatch:    5
02/25/2021 05:44:49 - INFO - __main__ -   	EPOCH:  39	MiniBatch:    6
02/25/2021 05:44:50 - INFO - __main__ -   	EPOCH:  39	MiniBatch:    7
02/25/2021 05:44:51 - INFO - __main__ -   	EPOCH:  39	MiniBatch:    8
02/25/2021 05:44:52 - INFO - __main__ -   	EPOCH:  39	MiniBatch:    9
02/25/2021 05:44:53 - INFO - __main__ -   	EPOCH:  39	MiniBatch:   10
02/25/2021 05:44:54 - INFO - __main__ -   	Testing dev Minibatch:    0
02/25/2021 05:44:54 - INFO - __main__ -   	Testing dev Minibatch:    1
02/25/2021 05:44:55 - INFO - __main__ -   	Testing dev Minibatch:    2
02/25/2021 05:44:55 - INFO - __main__ -   	Testing dev Minibatch:    3
02/25/2021 05:44:55 - INFO - __main__ -   
Labels 	Prec. 	Recall	F1    	Supp  
Denial 	0.5341	0.8136	0.6449	279
Support	0.5789	0.5709	0.5749	289
Comment	0.6014	0.3333	0.4289	249
Queries	0.5000	0.0811	0.1395	37
MacroF1	0.4471
F1w_avg	0.5363
Acc    	56.0

02/25/2021 05:44:56 - INFO - __main__ -   	Testing test Minibatch:    0
02/25/2021 05:44:56 - INFO - __main__ -   	Testing test Minibatch:    1
02/25/2021 05:44:57 - INFO - __main__ -   	Testing test Minibatch:    2
02/25/2021 05:44:57 - INFO - __main__ -   	Testing test Minibatch:    3
02/25/2021 05:44:57 - INFO - __main__ -   
Labels 	Prec. 	Recall	F1    	Supp  
Denial 	0.6619	0.5942	0.6263	313
Support	0.5877	0.4697	0.5221	264
Comment	0.4545	0.6024	0.5181	249
Queries	0.2188	0.2500	0.2333	28
MacroF1	0.4750
F1w_avg	0.5497
Acc    	54.7

02/25/2021 05:44:57 - INFO - __main__ -   Time taken: 0h 8m 48s
