02/25/2021 05:45:00 - INFO - __main__ -   ----------------- Hyperparameters ------------------
02/25/2021 05:45:00 - INFO - __main__ -   ======== my_Bertweet =========
02/25/2021 05:45:00 - INFO - __main__ -   ===== Hyperparameters ======
02/25/2021 05:45:00 - INFO - __main__ -   batch_train: 256
02/25/2021 05:45:00 - INFO - __main__ -   batch_test:  256
02/25/2021 05:45:00 - INFO - __main__ -   epochs: 40 
02/25/2021 05:45:00 - INFO - __main__ -   learning_rate: 0.000010
02/25/2021 05:45:00 - INFO - __main__ -   optimizer: adam
02/25/2021 05:45:00 - INFO - __main__ -   debug: False
02/25/2021 05:45:00 - INFO - __main__ -   ------------------ Getting model -------------------
02/25/2021 05:45:07 - INFO - __main__ -   --------------- Getting dataframes -----------------
02/25/2021 05:45:07 - INFO - __main__ -   ------- Setting loss function and optimizer --------
02/25/2021 05:45:07 - INFO - __main__ -   ------------ Converting to dataloaders -------------
02/25/2021 05:45:07 - INFO - __main__ -   ---------------- Starting training -----------------
02/25/2021 05:45:07 - INFO - __main__ -   	EPOCH:   0	MiniBatch:    0
02/25/2021 05:45:11 - INFO - __main__ -   	EPOCH:   0	MiniBatch:    1
02/25/2021 05:45:12 - INFO - __main__ -   	EPOCH:   0	MiniBatch:    2
02/25/2021 05:45:13 - INFO - __main__ -   	EPOCH:   0	MiniBatch:    3
02/25/2021 05:45:14 - INFO - __main__ -   	EPOCH:   0	MiniBatch:    4
02/25/2021 05:45:15 - INFO - __main__ -   	EPOCH:   0	MiniBatch:    5
02/25/2021 05:45:16 - INFO - __main__ -   	EPOCH:   0	MiniBatch:    6
02/25/2021 05:45:17 - INFO - __main__ -   	EPOCH:   0	MiniBatch:    7
02/25/2021 05:45:18 - INFO - __main__ -   	EPOCH:   0	MiniBatch:    8
02/25/2021 05:45:19 - INFO - __main__ -   	EPOCH:   0	MiniBatch:    9
02/25/2021 05:45:20 - INFO - __main__ -   	EPOCH:   0	MiniBatch:   10
02/25/2021 05:45:20 - INFO - __main__ -   	Testing dev Minibatch:    0
02/25/2021 05:45:21 - INFO - __main__ -   	Testing dev Minibatch:    1
02/25/2021 05:45:21 - INFO - __main__ -   	Testing dev Minibatch:    2
02/25/2021 05:45:21 - INFO - __main__ -   	Testing dev Minibatch:    3
02/25/2021 05:45:21 - INFO - __main__ -   
Labels 	Prec. 	Recall	F1    	Supp  
Denial 	0.3267	1.0000	0.4925	279
Support	0.0000	0.0000	0.0000	289
Comment	0.0000	0.0000	0.0000	249
Queries	0.0000	0.0000	0.0000	37
MacroF1	0.1231
F1w_avg	0.1609
Acc    	32.7

02/25/2021 05:45:22 - INFO - __main__ -   	EPOCH:   1	MiniBatch:    0
02/25/2021 05:45:23 - INFO - __main__ -   	EPOCH:   1	MiniBatch:    1
02/25/2021 05:45:24 - INFO - __main__ -   	EPOCH:   1	MiniBatch:    2
02/25/2021 05:45:25 - INFO - __main__ -   	EPOCH:   1	MiniBatch:    3
02/25/2021 05:45:26 - INFO - __main__ -   	EPOCH:   1	MiniBatch:    4
02/25/2021 05:45:27 - INFO - __main__ -   	EPOCH:   1	MiniBatch:    5
02/25/2021 05:45:28 - INFO - __main__ -   	EPOCH:   1	MiniBatch:    6
02/25/2021 05:45:29 - INFO - __main__ -   	EPOCH:   1	MiniBatch:    7
02/25/2021 05:45:30 - INFO - __main__ -   	EPOCH:   1	MiniBatch:    8
02/25/2021 05:45:31 - INFO - __main__ -   	EPOCH:   1	MiniBatch:    9
02/25/2021 05:45:32 - INFO - __main__ -   	EPOCH:   1	MiniBatch:   10
02/25/2021 05:45:33 - INFO - __main__ -   	Testing dev Minibatch:    0
02/25/2021 05:45:33 - INFO - __main__ -   	Testing dev Minibatch:    1
02/25/2021 05:45:33 - INFO - __main__ -   	Testing dev Minibatch:    2
02/25/2021 05:45:34 - INFO - __main__ -   	Testing dev Minibatch:    3
02/25/2021 05:45:34 - INFO - __main__ -   
Labels 	Prec. 	Recall	F1    	Supp  
Denial 	0.3271	1.0000	0.4929	279
Support	0.0000	0.0000	0.0000	289
Comment	1.0000	0.0040	0.0080	249
Queries	0.0000	0.0000	0.0000	37
MacroF1	0.1252
F1w_avg	0.1634
Acc    	32.8

02/25/2021 05:45:36 - INFO - __main__ -   	EPOCH:   2	MiniBatch:    0
02/25/2021 05:45:37 - INFO - __main__ -   	EPOCH:   2	MiniBatch:    1
02/25/2021 05:45:38 - INFO - __main__ -   	EPOCH:   2	MiniBatch:    2
02/25/2021 05:45:39 - INFO - __main__ -   	EPOCH:   2	MiniBatch:    3
02/25/2021 05:45:40 - INFO - __main__ -   	EPOCH:   2	MiniBatch:    4
02/25/2021 05:45:41 - INFO - __main__ -   	EPOCH:   2	MiniBatch:    5
02/25/2021 05:45:42 - INFO - __main__ -   	EPOCH:   2	MiniBatch:    6
02/25/2021 05:45:43 - INFO - __main__ -   	EPOCH:   2	MiniBatch:    7
02/25/2021 05:45:44 - INFO - __main__ -   	EPOCH:   2	MiniBatch:    8
02/25/2021 05:45:45 - INFO - __main__ -   	EPOCH:   2	MiniBatch:    9
02/25/2021 05:45:46 - INFO - __main__ -   	EPOCH:   2	MiniBatch:   10
02/25/2021 05:45:46 - INFO - __main__ -   	Testing dev Minibatch:    0
02/25/2021 05:45:47 - INFO - __main__ -   	Testing dev Minibatch:    1
02/25/2021 05:45:47 - INFO - __main__ -   	Testing dev Minibatch:    2
02/25/2021 05:45:47 - INFO - __main__ -   	Testing dev Minibatch:    3
02/25/2021 05:45:48 - INFO - __main__ -   
Labels 	Prec. 	Recall	F1    	Supp  
Denial 	0.3269	0.9642	0.4882	279
Support	0.6000	0.0623	0.1129	289
Comment	1.0000	0.0040	0.0080	249
Queries	0.0000	0.0000	0.0000	37
MacroF1	0.1523
F1w_avg	0.2000
Acc    	33.7

02/25/2021 05:45:49 - INFO - __main__ -   	EPOCH:   3	MiniBatch:    0
02/25/2021 05:45:50 - INFO - __main__ -   	EPOCH:   3	MiniBatch:    1
02/25/2021 05:45:51 - INFO - __main__ -   	EPOCH:   3	MiniBatch:    2
02/25/2021 05:45:52 - INFO - __main__ -   	EPOCH:   3	MiniBatch:    3
02/25/2021 05:45:53 - INFO - __main__ -   	EPOCH:   3	MiniBatch:    4
02/25/2021 05:45:54 - INFO - __main__ -   	EPOCH:   3	MiniBatch:    5
02/25/2021 05:45:55 - INFO - __main__ -   	EPOCH:   3	MiniBatch:    6
02/25/2021 05:45:56 - INFO - __main__ -   	EPOCH:   3	MiniBatch:    7
02/25/2021 05:45:57 - INFO - __main__ -   	EPOCH:   3	MiniBatch:    8
02/25/2021 05:45:58 - INFO - __main__ -   	EPOCH:   3	MiniBatch:    9
02/25/2021 05:45:59 - INFO - __main__ -   	EPOCH:   3	MiniBatch:   10
02/25/2021 05:46:00 - INFO - __main__ -   	Testing dev Minibatch:    0
02/25/2021 05:46:00 - INFO - __main__ -   	Testing dev Minibatch:    1
02/25/2021 05:46:01 - INFO - __main__ -   	Testing dev Minibatch:    2
02/25/2021 05:46:01 - INFO - __main__ -   	Testing dev Minibatch:    3
02/25/2021 05:46:01 - INFO - __main__ -   
Labels 	Prec. 	Recall	F1    	Supp  
Denial 	0.3268	0.9534	0.4867	279
Support	0.5263	0.0692	0.1223	289
Comment	1.0000	0.0080	0.0159	249
Queries	0.0000	0.0000	0.0000	37
MacroF1	0.1562
F1w_avg	0.2051
Acc    	33.7

02/25/2021 05:46:03 - INFO - __main__ -   	EPOCH:   4	MiniBatch:    0
02/25/2021 05:46:04 - INFO - __main__ -   	EPOCH:   4	MiniBatch:    1
02/25/2021 05:46:05 - INFO - __main__ -   	EPOCH:   4	MiniBatch:    2
02/25/2021 05:46:06 - INFO - __main__ -   	EPOCH:   4	MiniBatch:    3
02/25/2021 05:46:07 - INFO - __main__ -   	EPOCH:   4	MiniBatch:    4
02/25/2021 05:46:08 - INFO - __main__ -   	EPOCH:   4	MiniBatch:    5
02/25/2021 05:46:09 - INFO - __main__ -   	EPOCH:   4	MiniBatch:    6
02/25/2021 05:46:10 - INFO - __main__ -   	EPOCH:   4	MiniBatch:    7
02/25/2021 05:46:11 - INFO - __main__ -   	EPOCH:   4	MiniBatch:    8
02/25/2021 05:46:12 - INFO - __main__ -   	EPOCH:   4	MiniBatch:    9
02/25/2021 05:46:13 - INFO - __main__ -   	EPOCH:   4	MiniBatch:   10
02/25/2021 05:46:14 - INFO - __main__ -   	Testing dev Minibatch:    0
02/25/2021 05:46:14 - INFO - __main__ -   	Testing dev Minibatch:    1
02/25/2021 05:46:14 - INFO - __main__ -   	Testing dev Minibatch:    2
02/25/2021 05:46:15 - INFO - __main__ -   	Testing dev Minibatch:    3
02/25/2021 05:46:15 - INFO - __main__ -   
Labels 	Prec. 	Recall	F1    	Supp  
Denial 	0.3348	0.8244	0.4762	279
Support	0.4914	0.1972	0.2815	289
Comment	0.5490	0.1124	0.1867	249
Queries	0.0000	0.0000	0.0000	37
MacroF1	0.2361
F1w_avg	0.3053
Acc    	36.9

02/25/2021 05:46:17 - INFO - __main__ -   	EPOCH:   5	MiniBatch:    0
02/25/2021 05:46:18 - INFO - __main__ -   	EPOCH:   5	MiniBatch:    1
02/25/2021 05:46:19 - INFO - __main__ -   	EPOCH:   5	MiniBatch:    2
02/25/2021 05:46:20 - INFO - __main__ -   	EPOCH:   5	MiniBatch:    3
02/25/2021 05:46:21 - INFO - __main__ -   	EPOCH:   5	MiniBatch:    4
02/25/2021 05:46:22 - INFO - __main__ -   	EPOCH:   5	MiniBatch:    5
02/25/2021 05:46:23 - INFO - __main__ -   	EPOCH:   5	MiniBatch:    6
02/25/2021 05:46:24 - INFO - __main__ -   	EPOCH:   5	MiniBatch:    7
02/25/2021 05:46:25 - INFO - __main__ -   	EPOCH:   5	MiniBatch:    8
02/25/2021 05:46:26 - INFO - __main__ -   	EPOCH:   5	MiniBatch:    9
02/25/2021 05:46:27 - INFO - __main__ -   	EPOCH:   5	MiniBatch:   10
02/25/2021 05:46:27 - INFO - __main__ -   	Testing dev Minibatch:    0
02/25/2021 05:46:28 - INFO - __main__ -   	Testing dev Minibatch:    1
02/25/2021 05:46:28 - INFO - __main__ -   	Testing dev Minibatch:    2
02/25/2021 05:46:28 - INFO - __main__ -   	Testing dev Minibatch:    3
02/25/2021 05:46:28 - INFO - __main__ -   
Labels 	Prec. 	Recall	F1    	Supp  
Denial 	0.3627	0.6631	0.4689	279
Support	0.5000	0.3149	0.3864	289
Comment	0.5123	0.3333	0.4039	249
Queries	0.0000	0.0000	0.0000	37
MacroF1	0.3148
F1w_avg	0.4017
Acc    	42.0

02/25/2021 05:46:30 - INFO - __main__ -   	EPOCH:   6	MiniBatch:    0
02/25/2021 05:46:31 - INFO - __main__ -   	EPOCH:   6	MiniBatch:    1
02/25/2021 05:46:32 - INFO - __main__ -   	EPOCH:   6	MiniBatch:    2
02/25/2021 05:46:33 - INFO - __main__ -   	EPOCH:   6	MiniBatch:    3
02/25/2021 05:46:34 - INFO - __main__ -   	EPOCH:   6	MiniBatch:    4
02/25/2021 05:46:35 - INFO - __main__ -   	EPOCH:   6	MiniBatch:    5
02/25/2021 05:46:36 - INFO - __main__ -   	EPOCH:   6	MiniBatch:    6
02/25/2021 05:46:37 - INFO - __main__ -   	EPOCH:   6	MiniBatch:    7
02/25/2021 05:46:38 - INFO - __main__ -   	EPOCH:   6	MiniBatch:    8
02/25/2021 05:46:39 - INFO - __main__ -   	EPOCH:   6	MiniBatch:    9
02/25/2021 05:46:40 - INFO - __main__ -   	EPOCH:   6	MiniBatch:   10
02/25/2021 05:46:41 - INFO - __main__ -   	Testing dev Minibatch:    0
02/25/2021 05:46:41 - INFO - __main__ -   	Testing dev Minibatch:    1
02/25/2021 05:46:42 - INFO - __main__ -   	Testing dev Minibatch:    2
02/25/2021 05:46:42 - INFO - __main__ -   	Testing dev Minibatch:    3
02/25/2021 05:46:42 - INFO - __main__ -   
Labels 	Prec. 	Recall	F1    	Supp  
Denial 	0.3328	0.7706	0.4649	279
Support	0.4815	0.0900	0.1516	289
Comment	0.5260	0.3253	0.4020	249
Queries	0.0000	0.0000	0.0000	37
MacroF1	0.2546
F1w_avg	0.3204
Acc    	37.7

02/25/2021 05:46:42 - INFO - __main__ -   	EPOCH:   7	MiniBatch:    0
02/25/2021 05:46:43 - INFO - __main__ -   	EPOCH:   7	MiniBatch:    1
02/25/2021 05:46:44 - INFO - __main__ -   	EPOCH:   7	MiniBatch:    2
02/25/2021 05:46:45 - INFO - __main__ -   	EPOCH:   7	MiniBatch:    3
02/25/2021 05:46:46 - INFO - __main__ -   	EPOCH:   7	MiniBatch:    4
02/25/2021 05:46:47 - INFO - __main__ -   	EPOCH:   7	MiniBatch:    5
02/25/2021 05:46:48 - INFO - __main__ -   	EPOCH:   7	MiniBatch:    6
02/25/2021 05:46:49 - INFO - __main__ -   	EPOCH:   7	MiniBatch:    7
02/25/2021 05:46:50 - INFO - __main__ -   	EPOCH:   7	MiniBatch:    8
02/25/2021 05:46:51 - INFO - __main__ -   	EPOCH:   7	MiniBatch:    9
02/25/2021 05:46:52 - INFO - __main__ -   	EPOCH:   7	MiniBatch:   10
02/25/2021 05:46:53 - INFO - __main__ -   	Testing dev Minibatch:    0
02/25/2021 05:46:53 - INFO - __main__ -   	Testing dev Minibatch:    1
02/25/2021 05:46:53 - INFO - __main__ -   	Testing dev Minibatch:    2
02/25/2021 05:46:54 - INFO - __main__ -   	Testing dev Minibatch:    3
02/25/2021 05:46:54 - INFO - __main__ -   
Labels 	Prec. 	Recall	F1    	Supp  
Denial 	0.4511	0.2151	0.2913	279
Support	0.4699	0.7301	0.5718	289
Comment	0.4522	0.4940	0.4722	249
Queries	0.0000	0.0000	0.0000	37
MacroF1	0.3338
F1w_avg	0.4263
Acc    	46.1

02/25/2021 05:46:56 - INFO - __main__ -   	EPOCH:   8	MiniBatch:    0
02/25/2021 05:46:57 - INFO - __main__ -   	EPOCH:   8	MiniBatch:    1
02/25/2021 05:46:58 - INFO - __main__ -   	EPOCH:   8	MiniBatch:    2
02/25/2021 05:46:59 - INFO - __main__ -   	EPOCH:   8	MiniBatch:    3
02/25/2021 05:47:00 - INFO - __main__ -   	EPOCH:   8	MiniBatch:    4
02/25/2021 05:47:01 - INFO - __main__ -   	EPOCH:   8	MiniBatch:    5
02/25/2021 05:47:02 - INFO - __main__ -   	EPOCH:   8	MiniBatch:    6
02/25/2021 05:47:03 - INFO - __main__ -   	EPOCH:   8	MiniBatch:    7
02/25/2021 05:47:04 - INFO - __main__ -   	EPOCH:   8	MiniBatch:    8
02/25/2021 05:47:05 - INFO - __main__ -   	EPOCH:   8	MiniBatch:    9
02/25/2021 05:47:06 - INFO - __main__ -   	EPOCH:   8	MiniBatch:   10
02/25/2021 05:47:06 - INFO - __main__ -   	Testing dev Minibatch:    0
02/25/2021 05:47:07 - INFO - __main__ -   	Testing dev Minibatch:    1
02/25/2021 05:47:07 - INFO - __main__ -   	Testing dev Minibatch:    2
02/25/2021 05:47:07 - INFO - __main__ -   	Testing dev Minibatch:    3
02/25/2021 05:47:08 - INFO - __main__ -   
Labels 	Prec. 	Recall	F1    	Supp  
Denial 	0.3836	0.5197	0.4414	279
Support	0.4945	0.6228	0.5513	289
Comment	0.5446	0.2450	0.3380	249
Queries	0.0000	0.0000	0.0000	37
MacroF1	0.3327
F1w_avg	0.4293
Acc    	45.2

02/25/2021 05:47:08 - INFO - __main__ -   	EPOCH:   9	MiniBatch:    0
02/25/2021 05:47:09 - INFO - __main__ -   	EPOCH:   9	MiniBatch:    1
02/25/2021 05:47:10 - INFO - __main__ -   	EPOCH:   9	MiniBatch:    2
02/25/2021 05:47:11 - INFO - __main__ -   	EPOCH:   9	MiniBatch:    3
02/25/2021 05:47:12 - INFO - __main__ -   	EPOCH:   9	MiniBatch:    4
02/25/2021 05:47:13 - INFO - __main__ -   	EPOCH:   9	MiniBatch:    5
02/25/2021 05:47:14 - INFO - __main__ -   	EPOCH:   9	MiniBatch:    6
02/25/2021 05:47:15 - INFO - __main__ -   	EPOCH:   9	MiniBatch:    7
02/25/2021 05:47:16 - INFO - __main__ -   	EPOCH:   9	MiniBatch:    8
02/25/2021 05:47:17 - INFO - __main__ -   	EPOCH:   9	MiniBatch:    9
02/25/2021 05:47:18 - INFO - __main__ -   	EPOCH:   9	MiniBatch:   10
02/25/2021 05:47:18 - INFO - __main__ -   	Testing dev Minibatch:    0
02/25/2021 05:47:19 - INFO - __main__ -   	Testing dev Minibatch:    1
02/25/2021 05:47:19 - INFO - __main__ -   	Testing dev Minibatch:    2
02/25/2021 05:47:19 - INFO - __main__ -   	Testing dev Minibatch:    3
02/25/2021 05:47:20 - INFO - __main__ -   
Labels 	Prec. 	Recall	F1    	Supp  
Denial 	0.3692	0.7384	0.4922	279
Support	0.5951	0.3356	0.4292	289
Comment	0.5338	0.2851	0.3717	249
Queries	0.0000	0.0000	0.0000	37
MacroF1	0.3233
F1w_avg	0.4144
Acc    	43.8

02/25/2021 05:47:20 - INFO - __main__ -   	EPOCH:  10	MiniBatch:    0
02/25/2021 05:47:21 - INFO - __main__ -   	EPOCH:  10	MiniBatch:    1
02/25/2021 05:47:22 - INFO - __main__ -   	EPOCH:  10	MiniBatch:    2
02/25/2021 05:47:23 - INFO - __main__ -   	EPOCH:  10	MiniBatch:    3
02/25/2021 05:47:24 - INFO - __main__ -   	EPOCH:  10	MiniBatch:    4
02/25/2021 05:47:25 - INFO - __main__ -   	EPOCH:  10	MiniBatch:    5
02/25/2021 05:47:26 - INFO - __main__ -   	EPOCH:  10	MiniBatch:    6
02/25/2021 05:47:27 - INFO - __main__ -   	EPOCH:  10	MiniBatch:    7
02/25/2021 05:47:28 - INFO - __main__ -   	EPOCH:  10	MiniBatch:    8
02/25/2021 05:47:29 - INFO - __main__ -   	EPOCH:  10	MiniBatch:    9
02/25/2021 05:47:30 - INFO - __main__ -   	EPOCH:  10	MiniBatch:   10
02/25/2021 05:47:30 - INFO - __main__ -   	Testing dev Minibatch:    0
02/25/2021 05:47:31 - INFO - __main__ -   	Testing dev Minibatch:    1
02/25/2021 05:47:31 - INFO - __main__ -   	Testing dev Minibatch:    2
02/25/2021 05:47:31 - INFO - __main__ -   	Testing dev Minibatch:    3
02/25/2021 05:47:32 - INFO - __main__ -   
Labels 	Prec. 	Recall	F1    	Supp  
Denial 	0.4471	0.4695	0.4580	279
Support	0.5132	0.6055	0.5556	289
Comment	0.4909	0.4337	0.4606	249
Queries	0.0000	0.0000	0.0000	37
MacroF1	0.3685
F1w_avg	0.4719
Acc    	48.5

02/25/2021 05:47:33 - INFO - __main__ -   	EPOCH:  11	MiniBatch:    0
02/25/2021 05:47:35 - INFO - __main__ -   	EPOCH:  11	MiniBatch:    1
02/25/2021 05:47:36 - INFO - __main__ -   	EPOCH:  11	MiniBatch:    2
02/25/2021 05:47:37 - INFO - __main__ -   	EPOCH:  11	MiniBatch:    3
02/25/2021 05:47:38 - INFO - __main__ -   	EPOCH:  11	MiniBatch:    4
02/25/2021 05:47:39 - INFO - __main__ -   	EPOCH:  11	MiniBatch:    5
02/25/2021 05:47:40 - INFO - __main__ -   	EPOCH:  11	MiniBatch:    6
02/25/2021 05:47:41 - INFO - __main__ -   	EPOCH:  11	MiniBatch:    7
02/25/2021 05:47:42 - INFO - __main__ -   	EPOCH:  11	MiniBatch:    8
02/25/2021 05:47:43 - INFO - __main__ -   	EPOCH:  11	MiniBatch:    9
02/25/2021 05:47:44 - INFO - __main__ -   	EPOCH:  11	MiniBatch:   10
02/25/2021 05:47:44 - INFO - __main__ -   	Testing dev Minibatch:    0
02/25/2021 05:47:44 - INFO - __main__ -   	Testing dev Minibatch:    1
02/25/2021 05:47:45 - INFO - __main__ -   	Testing dev Minibatch:    2
02/25/2021 05:47:45 - INFO - __main__ -   	Testing dev Minibatch:    3
02/25/2021 05:47:45 - INFO - __main__ -   
Labels 	Prec. 	Recall	F1    	Supp  
Denial 	0.4642	0.4409	0.4522	279
Support	0.4721	0.7612	0.5828	289
Comment	0.5528	0.2731	0.3656	249
Queries	0.0000	0.0000	0.0000	37
MacroF1	0.3501
F1w_avg	0.4515
Acc    	48.1

02/25/2021 05:47:46 - INFO - __main__ -   	EPOCH:  12	MiniBatch:    0
02/25/2021 05:47:47 - INFO - __main__ -   	EPOCH:  12	MiniBatch:    1
02/25/2021 05:47:48 - INFO - __main__ -   	EPOCH:  12	MiniBatch:    2
02/25/2021 05:47:49 - INFO - __main__ -   	EPOCH:  12	MiniBatch:    3
02/25/2021 05:47:50 - INFO - __main__ -   	EPOCH:  12	MiniBatch:    4
02/25/2021 05:47:51 - INFO - __main__ -   	EPOCH:  12	MiniBatch:    5
02/25/2021 05:47:52 - INFO - __main__ -   	EPOCH:  12	MiniBatch:    6
02/25/2021 05:47:53 - INFO - __main__ -   	EPOCH:  12	MiniBatch:    7
02/25/2021 05:47:54 - INFO - __main__ -   	EPOCH:  12	MiniBatch:    8
02/25/2021 05:47:55 - INFO - __main__ -   	EPOCH:  12	MiniBatch:    9
02/25/2021 05:47:56 - INFO - __main__ -   	EPOCH:  12	MiniBatch:   10
02/25/2021 05:47:56 - INFO - __main__ -   	Testing dev Minibatch:    0
02/25/2021 05:47:56 - INFO - __main__ -   	Testing dev Minibatch:    1
02/25/2021 05:47:57 - INFO - __main__ -   	Testing dev Minibatch:    2
02/25/2021 05:47:57 - INFO - __main__ -   	Testing dev Minibatch:    3
02/25/2021 05:47:57 - INFO - __main__ -   
Labels 	Prec. 	Recall	F1    	Supp  
Denial 	0.4234	0.5842	0.4910	279
Support	0.5606	0.5606	0.5606	289
Comment	0.5222	0.3775	0.4382	249
Queries	0.0000	0.0000	0.0000	37
MacroF1	0.3724
F1w_avg	0.4779
Acc    	49.1

02/25/2021 05:47:59 - INFO - __main__ -   	EPOCH:  13	MiniBatch:    0
02/25/2021 05:48:00 - INFO - __main__ -   	EPOCH:  13	MiniBatch:    1
02/25/2021 05:48:01 - INFO - __main__ -   	EPOCH:  13	MiniBatch:    2
02/25/2021 05:48:02 - INFO - __main__ -   	EPOCH:  13	MiniBatch:    3
02/25/2021 05:48:03 - INFO - __main__ -   	EPOCH:  13	MiniBatch:    4
02/25/2021 05:48:04 - INFO - __main__ -   	EPOCH:  13	MiniBatch:    5
02/25/2021 05:48:05 - INFO - __main__ -   	EPOCH:  13	MiniBatch:    6
02/25/2021 05:48:06 - INFO - __main__ -   	EPOCH:  13	MiniBatch:    7
02/25/2021 05:48:07 - INFO - __main__ -   	EPOCH:  13	MiniBatch:    8
02/25/2021 05:48:08 - INFO - __main__ -   	EPOCH:  13	MiniBatch:    9
02/25/2021 05:48:09 - INFO - __main__ -   	EPOCH:  13	MiniBatch:   10
02/25/2021 05:48:10 - INFO - __main__ -   	Testing dev Minibatch:    0
02/25/2021 05:48:10 - INFO - __main__ -   	Testing dev Minibatch:    1
02/25/2021 05:48:10 - INFO - __main__ -   	Testing dev Minibatch:    2
02/25/2021 05:48:11 - INFO - __main__ -   	Testing dev Minibatch:    3
02/25/2021 05:48:11 - INFO - __main__ -   
Labels 	Prec. 	Recall	F1    	Supp  
Denial 	0.4167	0.5376	0.4695	279
Support	0.6111	0.3806	0.4691	289
Comment	0.4586	0.5783	0.5115	249
Queries	0.0000	0.0000	0.0000	37
MacroF1	0.3625
F1w_avg	0.4613
Acc    	47.3

02/25/2021 05:48:11 - INFO - __main__ -   	EPOCH:  14	MiniBatch:    0
02/25/2021 05:48:12 - INFO - __main__ -   	EPOCH:  14	MiniBatch:    1
02/25/2021 05:48:13 - INFO - __main__ -   	EPOCH:  14	MiniBatch:    2
02/25/2021 05:48:14 - INFO - __main__ -   	EPOCH:  14	MiniBatch:    3
02/25/2021 05:48:15 - INFO - __main__ -   	EPOCH:  14	MiniBatch:    4
02/25/2021 05:48:16 - INFO - __main__ -   	EPOCH:  14	MiniBatch:    5
02/25/2021 05:48:17 - INFO - __main__ -   	EPOCH:  14	MiniBatch:    6
02/25/2021 05:48:18 - INFO - __main__ -   	EPOCH:  14	MiniBatch:    7
02/25/2021 05:48:19 - INFO - __main__ -   	EPOCH:  14	MiniBatch:    8
02/25/2021 05:48:20 - INFO - __main__ -   	EPOCH:  14	MiniBatch:    9
02/25/2021 05:48:21 - INFO - __main__ -   	EPOCH:  14	MiniBatch:   10
02/25/2021 05:48:22 - INFO - __main__ -   	Testing dev Minibatch:    0
02/25/2021 05:48:22 - INFO - __main__ -   	Testing dev Minibatch:    1
02/25/2021 05:48:22 - INFO - __main__ -   	Testing dev Minibatch:    2
02/25/2021 05:48:23 - INFO - __main__ -   	Testing dev Minibatch:    3
02/25/2021 05:48:23 - INFO - __main__ -   
Labels 	Prec. 	Recall	F1    	Supp  
Denial 	0.4786	0.4409	0.4590	279
Support	0.4664	0.8166	0.5937	289
Comment	0.5824	0.2129	0.3118	249
Queries	0.0000	0.0000	0.0000	37
MacroF1	0.3411
F1w_avg	0.4418
Acc    	48.2

02/25/2021 05:48:23 - INFO - __main__ -   	EPOCH:  15	MiniBatch:    0
02/25/2021 05:48:24 - INFO - __main__ -   	EPOCH:  15	MiniBatch:    1
02/25/2021 05:48:25 - INFO - __main__ -   	EPOCH:  15	MiniBatch:    2
02/25/2021 05:48:26 - INFO - __main__ -   	EPOCH:  15	MiniBatch:    3
02/25/2021 05:48:27 - INFO - __main__ -   	EPOCH:  15	MiniBatch:    4
02/25/2021 05:48:28 - INFO - __main__ -   	EPOCH:  15	MiniBatch:    5
02/25/2021 05:48:29 - INFO - __main__ -   	EPOCH:  15	MiniBatch:    6
02/25/2021 05:48:30 - INFO - __main__ -   	EPOCH:  15	MiniBatch:    7
02/25/2021 05:48:31 - INFO - __main__ -   	EPOCH:  15	MiniBatch:    8
02/25/2021 05:48:32 - INFO - __main__ -   	EPOCH:  15	MiniBatch:    9
02/25/2021 05:48:33 - INFO - __main__ -   	EPOCH:  15	MiniBatch:   10
02/25/2021 05:48:34 - INFO - __main__ -   	Testing dev Minibatch:    0
02/25/2021 05:48:34 - INFO - __main__ -   	Testing dev Minibatch:    1
02/25/2021 05:48:34 - INFO - __main__ -   	Testing dev Minibatch:    2
02/25/2021 05:48:35 - INFO - __main__ -   	Testing dev Minibatch:    3
02/25/2021 05:48:35 - INFO - __main__ -   
Labels 	Prec. 	Recall	F1    	Supp  
Denial 	0.4545	0.5914	0.5140	279
Support	0.5725	0.5190	0.5445	289
Comment	0.4847	0.4458	0.4644	249
Queries	0.0000	0.0000	0.0000	37
MacroF1	0.3807
F1w_avg	0.4876
Acc    	49.9

02/25/2021 05:48:37 - INFO - __main__ -   	EPOCH:  16	MiniBatch:    0
02/25/2021 05:48:38 - INFO - __main__ -   	EPOCH:  16	MiniBatch:    1
02/25/2021 05:48:39 - INFO - __main__ -   	EPOCH:  16	MiniBatch:    2
02/25/2021 05:48:40 - INFO - __main__ -   	EPOCH:  16	MiniBatch:    3
02/25/2021 05:48:41 - INFO - __main__ -   	EPOCH:  16	MiniBatch:    4
02/25/2021 05:48:42 - INFO - __main__ -   	EPOCH:  16	MiniBatch:    5
02/25/2021 05:48:43 - INFO - __main__ -   	EPOCH:  16	MiniBatch:    6
02/25/2021 05:48:44 - INFO - __main__ -   	EPOCH:  16	MiniBatch:    7
02/25/2021 05:48:45 - INFO - __main__ -   	EPOCH:  16	MiniBatch:    8
02/25/2021 05:48:46 - INFO - __main__ -   	EPOCH:  16	MiniBatch:    9
02/25/2021 05:48:47 - INFO - __main__ -   	EPOCH:  16	MiniBatch:   10
02/25/2021 05:48:47 - INFO - __main__ -   	Testing dev Minibatch:    0
02/25/2021 05:48:48 - INFO - __main__ -   	Testing dev Minibatch:    1
02/25/2021 05:48:48 - INFO - __main__ -   	Testing dev Minibatch:    2
02/25/2021 05:48:48 - INFO - __main__ -   	Testing dev Minibatch:    3
02/25/2021 05:48:49 - INFO - __main__ -   
Labels 	Prec. 	Recall	F1    	Supp  
Denial 	0.4363	0.7491	0.5515	279
Support	0.5844	0.4671	0.5192	289
Comment	0.5625	0.3253	0.4122	249
Queries	0.0000	0.0000	0.0000	37
MacroF1	0.3707
F1w_avg	0.4761
Acc    	49.8

02/25/2021 05:48:49 - INFO - __main__ -   	EPOCH:  17	MiniBatch:    0
02/25/2021 05:48:50 - INFO - __main__ -   	EPOCH:  17	MiniBatch:    1
02/25/2021 05:48:51 - INFO - __main__ -   	EPOCH:  17	MiniBatch:    2
02/25/2021 05:48:52 - INFO - __main__ -   	EPOCH:  17	MiniBatch:    3
02/25/2021 05:48:53 - INFO - __main__ -   	EPOCH:  17	MiniBatch:    4
02/25/2021 05:48:54 - INFO - __main__ -   	EPOCH:  17	MiniBatch:    5
02/25/2021 05:48:55 - INFO - __main__ -   	EPOCH:  17	MiniBatch:    6
02/25/2021 05:48:56 - INFO - __main__ -   	EPOCH:  17	MiniBatch:    7
02/25/2021 05:48:57 - INFO - __main__ -   	EPOCH:  17	MiniBatch:    8
02/25/2021 05:48:58 - INFO - __main__ -   	EPOCH:  17	MiniBatch:    9
02/25/2021 05:48:59 - INFO - __main__ -   	EPOCH:  17	MiniBatch:   10
02/25/2021 05:48:59 - INFO - __main__ -   	Testing dev Minibatch:    0
02/25/2021 05:49:00 - INFO - __main__ -   	Testing dev Minibatch:    1
02/25/2021 05:49:00 - INFO - __main__ -   	Testing dev Minibatch:    2
02/25/2021 05:49:00 - INFO - __main__ -   	Testing dev Minibatch:    3
02/25/2021 05:49:01 - INFO - __main__ -   
Labels 	Prec. 	Recall	F1    	Supp  
Denial 	0.5081	0.5591	0.5324	279
Support	0.5714	0.5675	0.5694	289
Comment	0.4962	0.5181	0.5069	249
Queries	0.0000	0.0000	0.0000	37
MacroF1	0.4022
F1w_avg	0.5144
Acc    	52.6

02/25/2021 05:49:02 - INFO - __main__ -   	EPOCH:  18	MiniBatch:    0
02/25/2021 05:49:03 - INFO - __main__ -   	EPOCH:  18	MiniBatch:    1
02/25/2021 05:49:04 - INFO - __main__ -   	EPOCH:  18	MiniBatch:    2
02/25/2021 05:49:05 - INFO - __main__ -   	EPOCH:  18	MiniBatch:    3
02/25/2021 05:49:06 - INFO - __main__ -   	EPOCH:  18	MiniBatch:    4
02/25/2021 05:49:07 - INFO - __main__ -   	EPOCH:  18	MiniBatch:    5
02/25/2021 05:49:08 - INFO - __main__ -   	EPOCH:  18	MiniBatch:    6
02/25/2021 05:49:09 - INFO - __main__ -   	EPOCH:  18	MiniBatch:    7
02/25/2021 05:49:10 - INFO - __main__ -   	EPOCH:  18	MiniBatch:    8
02/25/2021 05:49:11 - INFO - __main__ -   	EPOCH:  18	MiniBatch:    9
02/25/2021 05:49:12 - INFO - __main__ -   	EPOCH:  18	MiniBatch:   10
02/25/2021 05:49:13 - INFO - __main__ -   	Testing dev Minibatch:    0
02/25/2021 05:49:13 - INFO - __main__ -   	Testing dev Minibatch:    1
02/25/2021 05:49:14 - INFO - __main__ -   	Testing dev Minibatch:    2
02/25/2021 05:49:14 - INFO - __main__ -   	Testing dev Minibatch:    3
02/25/2021 05:49:14 - INFO - __main__ -   
Labels 	Prec. 	Recall	F1    	Supp  
Denial 	0.4325	0.7814	0.5568	279
Support	0.6044	0.4706	0.5292	289
Comment	0.5360	0.2691	0.3583	249
Queries	0.0000	0.0000	0.0000	37
MacroF1	0.3611
F1w_avg	0.4655
Acc    	49.3

02/25/2021 05:49:14 - INFO - __main__ -   	EPOCH:  19	MiniBatch:    0
02/25/2021 05:49:15 - INFO - __main__ -   	EPOCH:  19	MiniBatch:    1
02/25/2021 05:49:16 - INFO - __main__ -   	EPOCH:  19	MiniBatch:    2
02/25/2021 05:49:17 - INFO - __main__ -   	EPOCH:  19	MiniBatch:    3
02/25/2021 05:49:18 - INFO - __main__ -   	EPOCH:  19	MiniBatch:    4
02/25/2021 05:49:19 - INFO - __main__ -   	EPOCH:  19	MiniBatch:    5
02/25/2021 05:49:20 - INFO - __main__ -   	EPOCH:  19	MiniBatch:    6
02/25/2021 05:49:21 - INFO - __main__ -   	EPOCH:  19	MiniBatch:    7
02/25/2021 05:49:22 - INFO - __main__ -   	EPOCH:  19	MiniBatch:    8
02/25/2021 05:49:23 - INFO - __main__ -   	EPOCH:  19	MiniBatch:    9
02/25/2021 05:49:24 - INFO - __main__ -   	EPOCH:  19	MiniBatch:   10
02/25/2021 05:49:25 - INFO - __main__ -   	Testing dev Minibatch:    0
02/25/2021 05:49:25 - INFO - __main__ -   	Testing dev Minibatch:    1
02/25/2021 05:49:26 - INFO - __main__ -   	Testing dev Minibatch:    2
02/25/2021 05:49:26 - INFO - __main__ -   	Testing dev Minibatch:    3
02/25/2021 05:49:26 - INFO - __main__ -   
Labels 	Prec. 	Recall	F1    	Supp  
Denial 	0.5577	0.5197	0.5380	279
Support	0.5840	0.4810	0.5275	289
Comment	0.4438	0.6345	0.5223	249
Queries	0.0000	0.0000	0.0000	37
MacroF1	0.3970
F1w_avg	0.5066
Acc    	51.8

02/25/2021 05:49:26 - INFO - __main__ -   	EPOCH:  20	MiniBatch:    0
02/25/2021 05:49:27 - INFO - __main__ -   	EPOCH:  20	MiniBatch:    1
02/25/2021 05:49:28 - INFO - __main__ -   	EPOCH:  20	MiniBatch:    2
02/25/2021 05:49:29 - INFO - __main__ -   	EPOCH:  20	MiniBatch:    3
02/25/2021 05:49:30 - INFO - __main__ -   	EPOCH:  20	MiniBatch:    4
02/25/2021 05:49:31 - INFO - __main__ -   	EPOCH:  20	MiniBatch:    5
02/25/2021 05:49:32 - INFO - __main__ -   	EPOCH:  20	MiniBatch:    6
02/25/2021 05:49:33 - INFO - __main__ -   	EPOCH:  20	MiniBatch:    7
02/25/2021 05:49:34 - INFO - __main__ -   	EPOCH:  20	MiniBatch:    8
02/25/2021 05:49:35 - INFO - __main__ -   	EPOCH:  20	MiniBatch:    9
02/25/2021 05:49:36 - INFO - __main__ -   	EPOCH:  20	MiniBatch:   10
02/25/2021 05:49:37 - INFO - __main__ -   	Testing dev Minibatch:    0
02/25/2021 05:49:37 - INFO - __main__ -   	Testing dev Minibatch:    1
02/25/2021 05:49:38 - INFO - __main__ -   	Testing dev Minibatch:    2
02/25/2021 05:49:38 - INFO - __main__ -   	Testing dev Minibatch:    3
02/25/2021 05:49:38 - INFO - __main__ -   
Labels 	Prec. 	Recall	F1    	Supp  
Denial 	0.5694	0.7061	0.6304	279
Support	0.5389	0.6955	0.6073	289
Comment	0.5926	0.3213	0.4167	249
Queries	0.0000	0.0000	0.0000	37
MacroF1	0.4136
F1w_avg	0.5329
Acc    	56.0

02/25/2021 05:49:40 - INFO - __main__ -   	EPOCH:  21	MiniBatch:    0
02/25/2021 05:49:41 - INFO - __main__ -   	EPOCH:  21	MiniBatch:    1
02/25/2021 05:49:42 - INFO - __main__ -   	EPOCH:  21	MiniBatch:    2
02/25/2021 05:49:43 - INFO - __main__ -   	EPOCH:  21	MiniBatch:    3
02/25/2021 05:49:44 - INFO - __main__ -   	EPOCH:  21	MiniBatch:    4
02/25/2021 05:49:45 - INFO - __main__ -   	EPOCH:  21	MiniBatch:    5
02/25/2021 05:49:46 - INFO - __main__ -   	EPOCH:  21	MiniBatch:    6
02/25/2021 05:49:47 - INFO - __main__ -   	EPOCH:  21	MiniBatch:    7
02/25/2021 05:49:48 - INFO - __main__ -   	EPOCH:  21	MiniBatch:    8
02/25/2021 05:49:49 - INFO - __main__ -   	EPOCH:  21	MiniBatch:    9
02/25/2021 05:49:50 - INFO - __main__ -   	EPOCH:  21	MiniBatch:   10
02/25/2021 05:49:50 - INFO - __main__ -   	Testing dev Minibatch:    0
02/25/2021 05:49:51 - INFO - __main__ -   	Testing dev Minibatch:    1
02/25/2021 05:49:51 - INFO - __main__ -   	Testing dev Minibatch:    2
02/25/2021 05:49:51 - INFO - __main__ -   	Testing dev Minibatch:    3
02/25/2021 05:49:52 - INFO - __main__ -   
Labels 	Prec. 	Recall	F1    	Supp  
Denial 	0.5034	0.7849	0.6134	279
Support	0.5627	0.5744	0.5685	289
Comment	0.6452	0.3213	0.4290	249
Queries	0.0000	0.0000	0.0000	37
MacroF1	0.4027
F1w_avg	0.5179
Acc    	54.4

02/25/2021 05:49:52 - INFO - __main__ -   	EPOCH:  22	MiniBatch:    0
02/25/2021 05:49:53 - INFO - __main__ -   	EPOCH:  22	MiniBatch:    1
02/25/2021 05:49:54 - INFO - __main__ -   	EPOCH:  22	MiniBatch:    2
02/25/2021 05:49:55 - INFO - __main__ -   	EPOCH:  22	MiniBatch:    3
02/25/2021 05:49:56 - INFO - __main__ -   	EPOCH:  22	MiniBatch:    4
02/25/2021 05:49:57 - INFO - __main__ -   	EPOCH:  22	MiniBatch:    5
02/25/2021 05:49:58 - INFO - __main__ -   	EPOCH:  22	MiniBatch:    6
02/25/2021 05:49:59 - INFO - __main__ -   	EPOCH:  22	MiniBatch:    7
02/25/2021 05:50:00 - INFO - __main__ -   	EPOCH:  22	MiniBatch:    8
02/25/2021 05:50:01 - INFO - __main__ -   	EPOCH:  22	MiniBatch:    9
02/25/2021 05:50:02 - INFO - __main__ -   	EPOCH:  22	MiniBatch:   10
02/25/2021 05:50:02 - INFO - __main__ -   	Testing dev Minibatch:    0
02/25/2021 05:50:03 - INFO - __main__ -   	Testing dev Minibatch:    1
02/25/2021 05:50:03 - INFO - __main__ -   	Testing dev Minibatch:    2
02/25/2021 05:50:04 - INFO - __main__ -   	Testing dev Minibatch:    3
02/25/2021 05:50:04 - INFO - __main__ -   
Labels 	Prec. 	Recall	F1    	Supp  
Denial 	0.6006	0.7276	0.6580	279
Support	0.5887	0.5744	0.5814	289
Comment	0.5342	0.5020	0.5176	249
Queries	0.0000	0.0000	0.0000	37
MacroF1	0.4393
F1w_avg	0.5627
Acc    	57.8

02/25/2021 05:50:06 - INFO - __main__ -   	EPOCH:  23	MiniBatch:    0
02/25/2021 05:50:07 - INFO - __main__ -   	EPOCH:  23	MiniBatch:    1
02/25/2021 05:50:08 - INFO - __main__ -   	EPOCH:  23	MiniBatch:    2
02/25/2021 05:50:09 - INFO - __main__ -   	EPOCH:  23	MiniBatch:    3
02/25/2021 05:50:10 - INFO - __main__ -   	EPOCH:  23	MiniBatch:    4
02/25/2021 05:50:11 - INFO - __main__ -   	EPOCH:  23	MiniBatch:    5
02/25/2021 05:50:12 - INFO - __main__ -   	EPOCH:  23	MiniBatch:    6
02/25/2021 05:50:13 - INFO - __main__ -   	EPOCH:  23	MiniBatch:    7
02/25/2021 05:50:14 - INFO - __main__ -   	EPOCH:  23	MiniBatch:    8
02/25/2021 05:50:15 - INFO - __main__ -   	EPOCH:  23	MiniBatch:    9
02/25/2021 05:50:16 - INFO - __main__ -   	EPOCH:  23	MiniBatch:   10
02/25/2021 05:50:16 - INFO - __main__ -   	Testing dev Minibatch:    0
02/25/2021 05:50:17 - INFO - __main__ -   	Testing dev Minibatch:    1
02/25/2021 05:50:17 - INFO - __main__ -   	Testing dev Minibatch:    2
02/25/2021 05:50:17 - INFO - __main__ -   	Testing dev Minibatch:    3
02/25/2021 05:50:17 - INFO - __main__ -   
Labels 	Prec. 	Recall	F1    	Supp  
Denial 	0.5838	0.7742	0.6656	279
Support	0.5922	0.5779	0.5849	289
Comment	0.5693	0.4618	0.5100	249
Queries	0.0000	0.0000	0.0000	37
MacroF1	0.4401
F1w_avg	0.5641
Acc    	58.3

02/25/2021 05:50:19 - INFO - __main__ -   	EPOCH:  24	MiniBatch:    0
02/25/2021 05:50:20 - INFO - __main__ -   	EPOCH:  24	MiniBatch:    1
02/25/2021 05:50:21 - INFO - __main__ -   	EPOCH:  24	MiniBatch:    2
02/25/2021 05:50:22 - INFO - __main__ -   	EPOCH:  24	MiniBatch:    3
02/25/2021 05:50:23 - INFO - __main__ -   	EPOCH:  24	MiniBatch:    4
02/25/2021 05:50:24 - INFO - __main__ -   	EPOCH:  24	MiniBatch:    5
02/25/2021 05:50:25 - INFO - __main__ -   	EPOCH:  24	MiniBatch:    6
02/25/2021 05:50:26 - INFO - __main__ -   	EPOCH:  24	MiniBatch:    7
02/25/2021 05:50:27 - INFO - __main__ -   	EPOCH:  24	MiniBatch:    8
02/25/2021 05:50:28 - INFO - __main__ -   	EPOCH:  24	MiniBatch:    9
02/25/2021 05:50:29 - INFO - __main__ -   	EPOCH:  24	MiniBatch:   10
02/25/2021 05:50:30 - INFO - __main__ -   	Testing dev Minibatch:    0
02/25/2021 05:50:30 - INFO - __main__ -   	Testing dev Minibatch:    1
02/25/2021 05:50:30 - INFO - __main__ -   	Testing dev Minibatch:    2
02/25/2021 05:50:31 - INFO - __main__ -   	Testing dev Minibatch:    3
02/25/2021 05:50:31 - INFO - __main__ -   
Labels 	Prec. 	Recall	F1    	Supp  
Denial 	0.5031	0.8781	0.6397	279
Support	0.5972	0.4464	0.5109	289
Comment	0.6159	0.3735	0.4650	249
Queries	0.0000	0.0000	0.0000	37
MacroF1	0.4039
F1w_avg	0.5175
Acc    	54.7

02/25/2021 05:50:31 - INFO - __main__ -   	EPOCH:  25	MiniBatch:    0
02/25/2021 05:50:32 - INFO - __main__ -   	EPOCH:  25	MiniBatch:    1
02/25/2021 05:50:33 - INFO - __main__ -   	EPOCH:  25	MiniBatch:    2
02/25/2021 05:50:34 - INFO - __main__ -   	EPOCH:  25	MiniBatch:    3
02/25/2021 05:50:35 - INFO - __main__ -   	EPOCH:  25	MiniBatch:    4
02/25/2021 05:50:36 - INFO - __main__ -   	EPOCH:  25	MiniBatch:    5
02/25/2021 05:50:37 - INFO - __main__ -   	EPOCH:  25	MiniBatch:    6
02/25/2021 05:50:38 - INFO - __main__ -   	EPOCH:  25	MiniBatch:    7
02/25/2021 05:50:39 - INFO - __main__ -   	EPOCH:  25	MiniBatch:    8
02/25/2021 05:50:40 - INFO - __main__ -   	EPOCH:  25	MiniBatch:    9
02/25/2021 05:50:41 - INFO - __main__ -   	EPOCH:  25	MiniBatch:   10
02/25/2021 05:50:42 - INFO - __main__ -   	Testing dev Minibatch:    0
02/25/2021 05:50:42 - INFO - __main__ -   	Testing dev Minibatch:    1
02/25/2021 05:50:43 - INFO - __main__ -   	Testing dev Minibatch:    2
02/25/2021 05:50:43 - INFO - __main__ -   	Testing dev Minibatch:    3
02/25/2021 05:50:43 - INFO - __main__ -   
Labels 	Prec. 	Recall	F1    	Supp  
Denial 	0.5490	0.8029	0.6521	279
Support	0.5714	0.5536	0.5624	289
Comment	0.5904	0.3936	0.4723	249
Queries	0.0000	0.0000	0.0000	37
MacroF1	0.4217
F1w_avg	0.5411
Acc    	56.4

02/25/2021 05:50:43 - INFO - __main__ -   	EPOCH:  26	MiniBatch:    0
02/25/2021 05:50:44 - INFO - __main__ -   	EPOCH:  26	MiniBatch:    1
02/25/2021 05:50:45 - INFO - __main__ -   	EPOCH:  26	MiniBatch:    2
02/25/2021 05:50:46 - INFO - __main__ -   	EPOCH:  26	MiniBatch:    3
02/25/2021 05:50:47 - INFO - __main__ -   	EPOCH:  26	MiniBatch:    4
02/25/2021 05:50:48 - INFO - __main__ -   	EPOCH:  26	MiniBatch:    5
02/25/2021 05:50:49 - INFO - __main__ -   	EPOCH:  26	MiniBatch:    6
02/25/2021 05:50:50 - INFO - __main__ -   	EPOCH:  26	MiniBatch:    7
02/25/2021 05:50:51 - INFO - __main__ -   	EPOCH:  26	MiniBatch:    8
02/25/2021 05:50:52 - INFO - __main__ -   	EPOCH:  26	MiniBatch:    9
02/25/2021 05:50:53 - INFO - __main__ -   	EPOCH:  26	MiniBatch:   10
02/25/2021 05:50:54 - INFO - __main__ -   	Testing dev Minibatch:    0
02/25/2021 05:50:54 - INFO - __main__ -   	Testing dev Minibatch:    1
02/25/2021 05:50:55 - INFO - __main__ -   	Testing dev Minibatch:    2
02/25/2021 05:50:55 - INFO - __main__ -   	Testing dev Minibatch:    3
02/25/2021 05:50:55 - INFO - __main__ -   
Labels 	Prec. 	Recall	F1    	Supp  
Denial 	0.6473	0.6774	0.6620	279
Support	0.5519	0.6436	0.5942	289
Comment	0.5467	0.4940	0.5190	249
Queries	0.0000	0.0000	0.0000	37
MacroF1	0.4438
F1w_avg	0.5687
Acc    	58.3

02/25/2021 05:50:57 - INFO - __main__ -   	EPOCH:  27	MiniBatch:    0
02/25/2021 05:50:58 - INFO - __main__ -   	EPOCH:  27	MiniBatch:    1
02/25/2021 05:50:59 - INFO - __main__ -   	EPOCH:  27	MiniBatch:    2
02/25/2021 05:51:00 - INFO - __main__ -   	EPOCH:  27	MiniBatch:    3
02/25/2021 05:51:01 - INFO - __main__ -   	EPOCH:  27	MiniBatch:    4
02/25/2021 05:51:02 - INFO - __main__ -   	EPOCH:  27	MiniBatch:    5
02/25/2021 05:51:03 - INFO - __main__ -   	EPOCH:  27	MiniBatch:    6
02/25/2021 05:51:04 - INFO - __main__ -   	EPOCH:  27	MiniBatch:    7
02/25/2021 05:51:05 - INFO - __main__ -   	EPOCH:  27	MiniBatch:    8
02/25/2021 05:51:06 - INFO - __main__ -   	EPOCH:  27	MiniBatch:    9
02/25/2021 05:51:07 - INFO - __main__ -   	EPOCH:  27	MiniBatch:   10
02/25/2021 05:51:07 - INFO - __main__ -   	Testing dev Minibatch:    0
02/25/2021 05:51:08 - INFO - __main__ -   	Testing dev Minibatch:    1
02/25/2021 05:51:08 - INFO - __main__ -   	Testing dev Minibatch:    2
02/25/2021 05:51:09 - INFO - __main__ -   	Testing dev Minibatch:    3
02/25/2021 05:51:09 - INFO - __main__ -   
Labels 	Prec. 	Recall	F1    	Supp  
Denial 	0.5011	0.8459	0.6293	279
Support	0.5936	0.4498	0.5118	289
Comment	0.5915	0.3896	0.4697	249
Queries	0.0000	0.0000	0.0000	37
MacroF1	0.4027
F1w_avg	0.5158
Acc    	54.2

02/25/2021 05:51:09 - INFO - __main__ -   	EPOCH:  28	MiniBatch:    0
02/25/2021 05:51:10 - INFO - __main__ -   	EPOCH:  28	MiniBatch:    1
02/25/2021 05:51:11 - INFO - __main__ -   	EPOCH:  28	MiniBatch:    2
02/25/2021 05:51:12 - INFO - __main__ -   	EPOCH:  28	MiniBatch:    3
02/25/2021 05:51:13 - INFO - __main__ -   	EPOCH:  28	MiniBatch:    4
02/25/2021 05:51:14 - INFO - __main__ -   	EPOCH:  28	MiniBatch:    5
02/25/2021 05:51:15 - INFO - __main__ -   	EPOCH:  28	MiniBatch:    6
02/25/2021 05:51:16 - INFO - __main__ -   	EPOCH:  28	MiniBatch:    7
02/25/2021 05:51:17 - INFO - __main__ -   	EPOCH:  28	MiniBatch:    8
02/25/2021 05:51:18 - INFO - __main__ -   	EPOCH:  28	MiniBatch:    9
02/25/2021 05:51:19 - INFO - __main__ -   	EPOCH:  28	MiniBatch:   10
02/25/2021 05:51:19 - INFO - __main__ -   	Testing dev Minibatch:    0
02/25/2021 05:51:20 - INFO - __main__ -   	Testing dev Minibatch:    1
02/25/2021 05:51:20 - INFO - __main__ -   	Testing dev Minibatch:    2
02/25/2021 05:51:21 - INFO - __main__ -   	Testing dev Minibatch:    3
02/25/2021 05:51:21 - INFO - __main__ -   
Labels 	Prec. 	Recall	F1    	Supp  
Denial 	0.6050	0.7742	0.6792	279
Support	0.5914	0.6159	0.6034	289
Comment	0.5612	0.4418	0.4944	249
Queries	0.0000	0.0000	0.0000	37
MacroF1	0.4443
F1w_avg	0.5702
Acc    	59.0

02/25/2021 05:51:23 - INFO - __main__ -   	EPOCH:  29	MiniBatch:    0
02/25/2021 05:51:24 - INFO - __main__ -   	EPOCH:  29	MiniBatch:    1
02/25/2021 05:51:25 - INFO - __main__ -   	EPOCH:  29	MiniBatch:    2
02/25/2021 05:51:26 - INFO - __main__ -   	EPOCH:  29	MiniBatch:    3
02/25/2021 05:51:27 - INFO - __main__ -   	EPOCH:  29	MiniBatch:    4
02/25/2021 05:51:28 - INFO - __main__ -   	EPOCH:  29	MiniBatch:    5
02/25/2021 05:51:29 - INFO - __main__ -   	EPOCH:  29	MiniBatch:    6
02/25/2021 05:51:30 - INFO - __main__ -   	EPOCH:  29	MiniBatch:    7
02/25/2021 05:51:31 - INFO - __main__ -   	EPOCH:  29	MiniBatch:    8
02/25/2021 05:51:32 - INFO - __main__ -   	EPOCH:  29	MiniBatch:    9
02/25/2021 05:51:33 - INFO - __main__ -   	EPOCH:  29	MiniBatch:   10
02/25/2021 05:51:33 - INFO - __main__ -   	Testing dev Minibatch:    0
02/25/2021 05:51:33 - INFO - __main__ -   	Testing dev Minibatch:    1
02/25/2021 05:51:34 - INFO - __main__ -   	Testing dev Minibatch:    2
02/25/2021 05:51:34 - INFO - __main__ -   	Testing dev Minibatch:    3
02/25/2021 05:51:34 - INFO - __main__ -   
Labels 	Prec. 	Recall	F1    	Supp  
Denial 	0.5730	0.7455	0.6480	279
Support	0.5960	0.5156	0.5529	289
Comment	0.5311	0.5141	0.5224	249
Queries	0.0000	0.0000	0.0000	37
MacroF1	0.4308
F1w_avg	0.5511
Acc    	56.8

02/25/2021 05:51:35 - INFO - __main__ -   	EPOCH:  30	MiniBatch:    0
02/25/2021 05:51:36 - INFO - __main__ -   	EPOCH:  30	MiniBatch:    1
02/25/2021 05:51:37 - INFO - __main__ -   	EPOCH:  30	MiniBatch:    2
02/25/2021 05:51:38 - INFO - __main__ -   	EPOCH:  30	MiniBatch:    3
02/25/2021 05:51:39 - INFO - __main__ -   	EPOCH:  30	MiniBatch:    4
02/25/2021 05:51:40 - INFO - __main__ -   	EPOCH:  30	MiniBatch:    5
02/25/2021 05:51:41 - INFO - __main__ -   	EPOCH:  30	MiniBatch:    6
02/25/2021 05:51:42 - INFO - __main__ -   	EPOCH:  30	MiniBatch:    7
02/25/2021 05:51:43 - INFO - __main__ -   	EPOCH:  30	MiniBatch:    8
02/25/2021 05:51:44 - INFO - __main__ -   	EPOCH:  30	MiniBatch:    9
02/25/2021 05:51:45 - INFO - __main__ -   	EPOCH:  30	MiniBatch:   10
02/25/2021 05:51:45 - INFO - __main__ -   	Testing dev Minibatch:    0
02/25/2021 05:51:46 - INFO - __main__ -   	Testing dev Minibatch:    1
02/25/2021 05:51:46 - INFO - __main__ -   	Testing dev Minibatch:    2
02/25/2021 05:51:46 - INFO - __main__ -   	Testing dev Minibatch:    3
02/25/2021 05:51:46 - INFO - __main__ -   
Labels 	Prec. 	Recall	F1    	Supp  
Denial 	0.5973	0.7921	0.6810	279
Support	0.6035	0.5952	0.5993	289
Comment	0.5528	0.4418	0.4911	249
Queries	0.0000	0.0000	0.0000	37
MacroF1	0.4429
F1w_avg	0.5685
Acc    	58.9

02/25/2021 05:51:47 - INFO - __main__ -   	EPOCH:  31	MiniBatch:    0
02/25/2021 05:51:48 - INFO - __main__ -   	EPOCH:  31	MiniBatch:    1
02/25/2021 05:51:49 - INFO - __main__ -   	EPOCH:  31	MiniBatch:    2
02/25/2021 05:51:50 - INFO - __main__ -   	EPOCH:  31	MiniBatch:    3
02/25/2021 05:51:51 - INFO - __main__ -   	EPOCH:  31	MiniBatch:    4
02/25/2021 05:51:52 - INFO - __main__ -   	EPOCH:  31	MiniBatch:    5
02/25/2021 05:51:53 - INFO - __main__ -   	EPOCH:  31	MiniBatch:    6
02/25/2021 05:51:54 - INFO - __main__ -   	EPOCH:  31	MiniBatch:    7
02/25/2021 05:51:55 - INFO - __main__ -   	EPOCH:  31	MiniBatch:    8
02/25/2021 05:51:56 - INFO - __main__ -   	EPOCH:  31	MiniBatch:    9
02/25/2021 05:51:57 - INFO - __main__ -   	EPOCH:  31	MiniBatch:   10
02/25/2021 05:51:57 - INFO - __main__ -   	Testing dev Minibatch:    0
02/25/2021 05:51:58 - INFO - __main__ -   	Testing dev Minibatch:    1
02/25/2021 05:51:58 - INFO - __main__ -   	Testing dev Minibatch:    2
02/25/2021 05:51:58 - INFO - __main__ -   	Testing dev Minibatch:    3
02/25/2021 05:51:58 - INFO - __main__ -   
Labels 	Prec. 	Recall	F1    	Supp  
Denial 	0.5231	0.8530	0.6485	279
Support	0.6188	0.4775	0.5391	289
Comment	0.5739	0.4056	0.4753	249
Queries	0.0000	0.0000	0.0000	37
MacroF1	0.4157
F1w_avg	0.5329
Acc    	55.9

02/25/2021 05:51:59 - INFO - __main__ -   	EPOCH:  32	MiniBatch:    0
02/25/2021 05:52:00 - INFO - __main__ -   	EPOCH:  32	MiniBatch:    1
02/25/2021 05:52:01 - INFO - __main__ -   	EPOCH:  32	MiniBatch:    2
02/25/2021 05:52:02 - INFO - __main__ -   	EPOCH:  32	MiniBatch:    3
02/25/2021 05:52:03 - INFO - __main__ -   	EPOCH:  32	MiniBatch:    4
02/25/2021 05:52:04 - INFO - __main__ -   	EPOCH:  32	MiniBatch:    5
02/25/2021 05:52:05 - INFO - __main__ -   	EPOCH:  32	MiniBatch:    6
02/25/2021 05:52:06 - INFO - __main__ -   	EPOCH:  32	MiniBatch:    7
02/25/2021 05:52:07 - INFO - __main__ -   	EPOCH:  32	MiniBatch:    8
02/25/2021 05:52:08 - INFO - __main__ -   	EPOCH:  32	MiniBatch:    9
02/25/2021 05:52:09 - INFO - __main__ -   	EPOCH:  32	MiniBatch:   10
02/25/2021 05:52:09 - INFO - __main__ -   	Testing dev Minibatch:    0
02/25/2021 05:52:10 - INFO - __main__ -   	Testing dev Minibatch:    1
02/25/2021 05:52:10 - INFO - __main__ -   	Testing dev Minibatch:    2
02/25/2021 05:52:10 - INFO - __main__ -   	Testing dev Minibatch:    3
02/25/2021 05:52:11 - INFO - __main__ -   
Labels 	Prec. 	Recall	F1    	Supp  
Denial 	0.5282	0.8387	0.6482	279
Support	0.6087	0.4844	0.5395	289
Comment	0.5525	0.4016	0.4651	249
Queries	0.0000	0.0000	0.0000	37
MacroF1	0.4132
F1w_avg	0.5299
Acc    	55.5

02/25/2021 05:52:11 - INFO - __main__ -   	EPOCH:  33	MiniBatch:    0
02/25/2021 05:52:12 - INFO - __main__ -   	EPOCH:  33	MiniBatch:    1
02/25/2021 05:52:13 - INFO - __main__ -   	EPOCH:  33	MiniBatch:    2
02/25/2021 05:52:14 - INFO - __main__ -   	EPOCH:  33	MiniBatch:    3
02/25/2021 05:52:15 - INFO - __main__ -   	EPOCH:  33	MiniBatch:    4
02/25/2021 05:52:16 - INFO - __main__ -   	EPOCH:  33	MiniBatch:    5
02/25/2021 05:52:17 - INFO - __main__ -   	EPOCH:  33	MiniBatch:    6
02/25/2021 05:52:18 - INFO - __main__ -   	EPOCH:  33	MiniBatch:    7
02/25/2021 05:52:19 - INFO - __main__ -   	EPOCH:  33	MiniBatch:    8
02/25/2021 05:52:20 - INFO - __main__ -   	EPOCH:  33	MiniBatch:    9
02/25/2021 05:52:21 - INFO - __main__ -   	EPOCH:  33	MiniBatch:   10
02/25/2021 05:52:21 - INFO - __main__ -   	Testing dev Minibatch:    0
02/25/2021 05:52:22 - INFO - __main__ -   	Testing dev Minibatch:    1
02/25/2021 05:52:22 - INFO - __main__ -   	Testing dev Minibatch:    2
02/25/2021 05:52:22 - INFO - __main__ -   	Testing dev Minibatch:    3
02/25/2021 05:52:23 - INFO - __main__ -   
Labels 	Prec. 	Recall	F1    	Supp  
Denial 	0.4990	0.8853	0.6382	279
Support	0.6440	0.4256	0.5125	289
Comment	0.5893	0.3976	0.4748	249
Queries	0.0000	0.0000	0.0000	37
MacroF1	0.4064
F1w_avg	0.5204
Acc    	54.9

02/25/2021 05:52:23 - INFO - __main__ -   	EPOCH:  34	MiniBatch:    0
02/25/2021 05:52:24 - INFO - __main__ -   	EPOCH:  34	MiniBatch:    1
02/25/2021 05:52:25 - INFO - __main__ -   	EPOCH:  34	MiniBatch:    2
02/25/2021 05:52:26 - INFO - __main__ -   	EPOCH:  34	MiniBatch:    3
02/25/2021 05:52:27 - INFO - __main__ -   	EPOCH:  34	MiniBatch:    4
02/25/2021 05:52:28 - INFO - __main__ -   	EPOCH:  34	MiniBatch:    5
02/25/2021 05:52:29 - INFO - __main__ -   	EPOCH:  34	MiniBatch:    6
02/25/2021 05:52:30 - INFO - __main__ -   	EPOCH:  34	MiniBatch:    7
02/25/2021 05:52:31 - INFO - __main__ -   	EPOCH:  34	MiniBatch:    8
02/25/2021 05:52:32 - INFO - __main__ -   	EPOCH:  34	MiniBatch:    9
02/25/2021 05:52:33 - INFO - __main__ -   	EPOCH:  34	MiniBatch:   10
02/25/2021 05:52:33 - INFO - __main__ -   	Testing dev Minibatch:    0
02/25/2021 05:52:34 - INFO - __main__ -   	Testing dev Minibatch:    1
02/25/2021 05:52:34 - INFO - __main__ -   	Testing dev Minibatch:    2
02/25/2021 05:52:34 - INFO - __main__ -   	Testing dev Minibatch:    3
02/25/2021 05:52:35 - INFO - __main__ -   
Labels 	Prec. 	Recall	F1    	Supp  
Denial 	0.5487	0.7670	0.6398	279
Support	0.5685	0.4879	0.5251	289
Comment	0.5139	0.4458	0.4774	249
Queries	0.0000	0.0000	0.0000	37
MacroF1	0.4106
F1w_avg	0.5259
Acc    	54.6

02/25/2021 05:52:35 - INFO - __main__ -   	EPOCH:  35	MiniBatch:    0
02/25/2021 05:52:36 - INFO - __main__ -   	EPOCH:  35	MiniBatch:    1
02/25/2021 05:52:37 - INFO - __main__ -   	EPOCH:  35	MiniBatch:    2
02/25/2021 05:52:38 - INFO - __main__ -   	EPOCH:  35	MiniBatch:    3
02/25/2021 05:52:39 - INFO - __main__ -   	EPOCH:  35	MiniBatch:    4
02/25/2021 05:52:40 - INFO - __main__ -   	EPOCH:  35	MiniBatch:    5
02/25/2021 05:52:41 - INFO - __main__ -   	EPOCH:  35	MiniBatch:    6
02/25/2021 05:52:42 - INFO - __main__ -   	EPOCH:  35	MiniBatch:    7
02/25/2021 05:52:43 - INFO - __main__ -   	EPOCH:  35	MiniBatch:    8
02/25/2021 05:52:44 - INFO - __main__ -   	EPOCH:  35	MiniBatch:    9
02/25/2021 05:52:45 - INFO - __main__ -   	EPOCH:  35	MiniBatch:   10
02/25/2021 05:52:45 - INFO - __main__ -   	Testing dev Minibatch:    0
02/25/2021 05:52:46 - INFO - __main__ -   	Testing dev Minibatch:    1
02/25/2021 05:52:46 - INFO - __main__ -   	Testing dev Minibatch:    2
02/25/2021 05:52:46 - INFO - __main__ -   	Testing dev Minibatch:    3
02/25/2021 05:52:47 - INFO - __main__ -   
Labels 	Prec. 	Recall	F1    	Supp  
Denial 	0.5983	0.7527	0.6667	279
Support	0.6042	0.5017	0.5482	289
Comment	0.5095	0.5382	0.5234	249
Queries	0.0000	0.0000	0.0000	37
MacroF1	0.4346
F1w_avg	0.5559
Acc    	57.3

02/25/2021 05:52:47 - INFO - __main__ -   	EPOCH:  36	MiniBatch:    0
02/25/2021 05:52:48 - INFO - __main__ -   	EPOCH:  36	MiniBatch:    1
02/25/2021 05:52:49 - INFO - __main__ -   	EPOCH:  36	MiniBatch:    2
02/25/2021 05:52:50 - INFO - __main__ -   	EPOCH:  36	MiniBatch:    3
02/25/2021 05:52:51 - INFO - __main__ -   	EPOCH:  36	MiniBatch:    4
02/25/2021 05:52:52 - INFO - __main__ -   	EPOCH:  36	MiniBatch:    5
02/25/2021 05:52:53 - INFO - __main__ -   	EPOCH:  36	MiniBatch:    6
02/25/2021 05:52:54 - INFO - __main__ -   	EPOCH:  36	MiniBatch:    7
02/25/2021 05:52:55 - INFO - __main__ -   	EPOCH:  36	MiniBatch:    8
02/25/2021 05:52:56 - INFO - __main__ -   	EPOCH:  36	MiniBatch:    9
02/25/2021 05:52:57 - INFO - __main__ -   	EPOCH:  36	MiniBatch:   10
02/25/2021 05:52:57 - INFO - __main__ -   	Testing dev Minibatch:    0
02/25/2021 05:52:58 - INFO - __main__ -   	Testing dev Minibatch:    1
02/25/2021 05:52:58 - INFO - __main__ -   	Testing dev Minibatch:    2
02/25/2021 05:52:58 - INFO - __main__ -   	Testing dev Minibatch:    3
02/25/2021 05:52:59 - INFO - __main__ -   
Labels 	Prec. 	Recall	F1    	Supp  
Denial 	0.5619	0.7814	0.6537	279
Support	0.6243	0.3910	0.4809	289
Comment	0.4912	0.5622	0.5243	249
Queries	0.0000	0.0000	0.0000	37
MacroF1	0.4147
F1w_avg	0.5292
Acc    	55.2

02/25/2021 05:52:59 - INFO - __main__ -   	EPOCH:  37	MiniBatch:    0
02/25/2021 05:53:00 - INFO - __main__ -   	EPOCH:  37	MiniBatch:    1
02/25/2021 05:53:01 - INFO - __main__ -   	EPOCH:  37	MiniBatch:    2
02/25/2021 05:53:02 - INFO - __main__ -   	EPOCH:  37	MiniBatch:    3
02/25/2021 05:53:03 - INFO - __main__ -   	EPOCH:  37	MiniBatch:    4
02/25/2021 05:53:04 - INFO - __main__ -   	EPOCH:  37	MiniBatch:    5
02/25/2021 05:53:05 - INFO - __main__ -   	EPOCH:  37	MiniBatch:    6
02/25/2021 05:53:06 - INFO - __main__ -   	EPOCH:  37	MiniBatch:    7
02/25/2021 05:53:07 - INFO - __main__ -   	EPOCH:  37	MiniBatch:    8
02/25/2021 05:53:08 - INFO - __main__ -   	EPOCH:  37	MiniBatch:    9
02/25/2021 05:53:09 - INFO - __main__ -   	EPOCH:  37	MiniBatch:   10
02/25/2021 05:53:09 - INFO - __main__ -   	Testing dev Minibatch:    0
02/25/2021 05:53:10 - INFO - __main__ -   	Testing dev Minibatch:    1
02/25/2021 05:53:10 - INFO - __main__ -   	Testing dev Minibatch:    2
02/25/2021 05:53:10 - INFO - __main__ -   	Testing dev Minibatch:    3
02/25/2021 05:53:11 - INFO - __main__ -   
Labels 	Prec. 	Recall	F1    	Supp  
Denial 	0.5461	0.8495	0.6648	279
Support	0.6135	0.4394	0.5121	289
Comment	0.5634	0.4819	0.5195	249
Queries	0.0000	0.0000	0.0000	37
MacroF1	0.4241
F1w_avg	0.5419
Acc    	56.7

02/25/2021 05:53:11 - INFO - __main__ -   	EPOCH:  38	MiniBatch:    0
02/25/2021 05:53:12 - INFO - __main__ -   	EPOCH:  38	MiniBatch:    1
02/25/2021 05:53:13 - INFO - __main__ -   	EPOCH:  38	MiniBatch:    2
02/25/2021 05:53:14 - INFO - __main__ -   	EPOCH:  38	MiniBatch:    3
02/25/2021 05:53:15 - INFO - __main__ -   	EPOCH:  38	MiniBatch:    4
02/25/2021 05:53:16 - INFO - __main__ -   	EPOCH:  38	MiniBatch:    5
02/25/2021 05:53:17 - INFO - __main__ -   	EPOCH:  38	MiniBatch:    6
02/25/2021 05:53:18 - INFO - __main__ -   	EPOCH:  38	MiniBatch:    7
02/25/2021 05:53:19 - INFO - __main__ -   	EPOCH:  38	MiniBatch:    8
02/25/2021 05:53:20 - INFO - __main__ -   	EPOCH:  38	MiniBatch:    9
02/25/2021 05:53:21 - INFO - __main__ -   	EPOCH:  38	MiniBatch:   10
02/25/2021 05:53:21 - INFO - __main__ -   	Testing dev Minibatch:    0
02/25/2021 05:53:22 - INFO - __main__ -   	Testing dev Minibatch:    1
02/25/2021 05:53:22 - INFO - __main__ -   	Testing dev Minibatch:    2
02/25/2021 05:53:22 - INFO - __main__ -   	Testing dev Minibatch:    3
02/25/2021 05:53:23 - INFO - __main__ -   
Labels 	Prec. 	Recall	F1    	Supp  
Denial 	0.4800	0.9032	0.6269	279
Support	0.6294	0.4291	0.5103	289
Comment	0.6439	0.3414	0.4462	249
Queries	0.0000	0.0000	0.0000	37
MacroF1	0.3958
F1w_avg	0.5076
Acc    	54.0

02/25/2021 05:53:23 - INFO - __main__ -   	EPOCH:  39	MiniBatch:    0
02/25/2021 05:53:24 - INFO - __main__ -   	EPOCH:  39	MiniBatch:    1
02/25/2021 05:53:25 - INFO - __main__ -   	EPOCH:  39	MiniBatch:    2
02/25/2021 05:53:26 - INFO - __main__ -   	EPOCH:  39	MiniBatch:    3
02/25/2021 05:53:27 - INFO - __main__ -   	EPOCH:  39	MiniBatch:    4
02/25/2021 05:53:28 - INFO - __main__ -   	EPOCH:  39	MiniBatch:    5
02/25/2021 05:53:29 - INFO - __main__ -   	EPOCH:  39	MiniBatch:    6
02/25/2021 05:53:30 - INFO - __main__ -   	EPOCH:  39	MiniBatch:    7
02/25/2021 05:53:31 - INFO - __main__ -   	EPOCH:  39	MiniBatch:    8
02/25/2021 05:53:32 - INFO - __main__ -   	EPOCH:  39	MiniBatch:    9
02/25/2021 05:53:33 - INFO - __main__ -   	EPOCH:  39	MiniBatch:   10
02/25/2021 05:53:33 - INFO - __main__ -   	Testing dev Minibatch:    0
02/25/2021 05:53:34 - INFO - __main__ -   	Testing dev Minibatch:    1
02/25/2021 05:53:34 - INFO - __main__ -   	Testing dev Minibatch:    2
02/25/2021 05:53:34 - INFO - __main__ -   	Testing dev Minibatch:    3
02/25/2021 05:53:35 - INFO - __main__ -   
Labels 	Prec. 	Recall	F1    	Supp  
Denial 	0.5597	0.7563	0.6433	279
Support	0.5875	0.4879	0.5331	289
Comment	0.5232	0.4980	0.5103	249
Queries	0.0000	0.0000	0.0000	37
MacroF1	0.4217
F1w_avg	0.5393
Acc    	55.7

02/25/2021 05:53:36 - INFO - __main__ -   	Testing test Minibatch:    0
02/25/2021 05:53:36 - INFO - __main__ -   	Testing test Minibatch:    1
02/25/2021 05:53:36 - INFO - __main__ -   	Testing test Minibatch:    2
02/25/2021 05:53:37 - INFO - __main__ -   	Testing test Minibatch:    3
02/25/2021 05:53:37 - INFO - __main__ -   
Labels 	Prec. 	Recall	F1    	Supp  
Denial 	0.6243	0.6901	0.6555	313
Support	0.5442	0.6061	0.5735	264
Comment	0.5841	0.5020	0.5400	249
Queries	0.0000	0.0000	0.0000	28
MacroF1	0.4422
F1w_avg	0.5750
Acc    	58.7

02/25/2021 05:53:37 - INFO - __main__ -   Time taken: 0h 8m 36s
