02/24/2021 14:23:31 - INFO - __main__ -   ----------------- Hyperparameters ------------------
02/24/2021 14:23:31 - INFO - __main__ -   ======== my_Bertweet =========
02/24/2021 14:23:31 - INFO - __main__ -   ===== Hyperparameters ======
02/24/2021 14:23:31 - INFO - __main__ -   batch_train: 128
02/24/2021 14:23:31 - INFO - __main__ -   batch_test:  128
02/24/2021 14:23:31 - INFO - __main__ -   epochs: 40 
02/24/2021 14:23:31 - INFO - __main__ -   learning_rate: 0.000010
02/24/2021 14:23:31 - INFO - __main__ -   optimizer: adam
02/24/2021 14:23:31 - INFO - __main__ -   debug: False
02/24/2021 14:23:31 - INFO - __main__ -   ------------------ Getting model -------------------
02/24/2021 14:23:38 - INFO - __main__ -   --------------- Getting dataframes -----------------
02/24/2021 14:23:38 - INFO - __main__ -   ------- Setting loss function and optimizer --------
02/24/2021 14:23:38 - INFO - __main__ -   ------------ Converting to dataloaders -------------
02/24/2021 14:23:38 - INFO - __main__ -   956
02/24/2021 14:23:38 - INFO - __main__ -   816
02/24/2021 14:23:38 - INFO - __main__ -   706
02/24/2021 14:23:38 - INFO - __main__ -   85
02/24/2021 14:23:38 - INFO - __main__ -   ---------------- Starting training -----------------
02/24/2021 14:23:38 - INFO - __main__ -   	EPOCH:   0	MiniBatch:    0
02/24/2021 14:23:46 - INFO - __main__ -   	EPOCH:   0	MiniBatch:   10
02/24/2021 14:23:52 - INFO - __main__ -   	EPOCH:   0	MiniBatch:   20
02/24/2021 14:23:53 - INFO - __main__ -   	Testing dev Minibatch:    0
02/24/2021 14:23:54 - INFO - __main__ -   
Labels 	Prec. 	Recall	F1    	Supp  
Denial 	0.3247	0.8530	0.4704	279
Support	0.6667	0.0554	0.1022	289
Comment	1.0000	0.0040	0.0080	249
Queries	0.0417	0.1081	0.0602	37
MacroF1	0.1602
F1w_avg	0.1932
Acc    	30.3

02/24/2021 14:23:55 - INFO - __main__ -   	EPOCH:   1	MiniBatch:    0
02/24/2021 14:24:01 - INFO - __main__ -   	EPOCH:   1	MiniBatch:   10
02/24/2021 14:24:06 - INFO - __main__ -   	EPOCH:   1	MiniBatch:   20
02/24/2021 14:24:07 - INFO - __main__ -   	Testing dev Minibatch:    0
02/24/2021 14:24:08 - INFO - __main__ -   
Labels 	Prec. 	Recall	F1    	Supp  
Denial 	0.3333	0.0573	0.0979	279
Support	0.4197	0.7509	0.5385	289
Comment	0.4909	0.1084	0.1776	249
Queries	0.0726	0.4595	0.1255	37
MacroF1	0.2349
F1w_avg	0.2714
Acc    	32.4

02/24/2021 14:24:10 - INFO - __main__ -   	EPOCH:   2	MiniBatch:    0
02/24/2021 14:24:16 - INFO - __main__ -   	EPOCH:   2	MiniBatch:   10
02/24/2021 14:24:22 - INFO - __main__ -   	EPOCH:   2	MiniBatch:   20
02/24/2021 14:24:22 - INFO - __main__ -   	Testing dev Minibatch:    0
02/24/2021 14:24:24 - INFO - __main__ -   
Labels 	Prec. 	Recall	F1    	Supp  
Denial 	0.3983	0.5054	0.4455	279
Support	0.5212	0.4671	0.4927	289
Comment	0.5000	0.2731	0.3532	249
Queries	0.1143	0.3243	0.1690	37
MacroF1	0.3651
F1w_avg	0.4226
Acc    	41.7

02/24/2021 14:24:26 - INFO - __main__ -   	EPOCH:   3	MiniBatch:    0
02/24/2021 14:24:31 - INFO - __main__ -   	EPOCH:   3	MiniBatch:   10
02/24/2021 14:24:37 - INFO - __main__ -   	EPOCH:   3	MiniBatch:   20
02/24/2021 14:24:38 - INFO - __main__ -   	Testing dev Minibatch:    0
02/24/2021 14:24:39 - INFO - __main__ -   
Labels 	Prec. 	Recall	F1    	Supp  
Denial 	0.4218	0.5125	0.4628	279
Support	0.4964	0.4810	0.4886	289
Comment	0.4802	0.3414	0.3991	249
Queries	0.1724	0.2703	0.2105	37
MacroF1	0.3902
F1w_avg	0.4420
Acc    	44.1

02/24/2021 14:24:41 - INFO - __main__ -   	EPOCH:   4	MiniBatch:    0
02/24/2021 14:24:47 - INFO - __main__ -   	EPOCH:   4	MiniBatch:   10
02/24/2021 14:24:53 - INFO - __main__ -   	EPOCH:   4	MiniBatch:   20
02/24/2021 14:24:53 - INFO - __main__ -   	Testing dev Minibatch:    0
02/24/2021 14:24:55 - INFO - __main__ -   
Labels 	Prec. 	Recall	F1    	Supp  
Denial 	0.4934	0.2688	0.3480	279
Support	0.4447	0.6955	0.5425	289
Comment	0.4581	0.4177	0.4370	249
Queries	0.2609	0.1622	0.2000	37
MacroF1	0.3819
F1w_avg	0.4334
Acc    	45.2

02/24/2021 14:24:55 - INFO - __main__ -   	EPOCH:   5	MiniBatch:    0
02/24/2021 14:25:01 - INFO - __main__ -   	EPOCH:   5	MiniBatch:   10
02/24/2021 14:25:07 - INFO - __main__ -   	EPOCH:   5	MiniBatch:   20
02/24/2021 14:25:07 - INFO - __main__ -   	Testing dev Minibatch:    0
02/24/2021 14:25:09 - INFO - __main__ -   
Labels 	Prec. 	Recall	F1    	Supp  
Denial 	0.4826	0.5484	0.5134	279
Support	0.4972	0.6055	0.5460	289
Comment	0.5148	0.3494	0.4163	249
Queries	0.3125	0.1351	0.1887	37
MacroF1	0.4161
F1w_avg	0.4821
Acc    	49.2

02/24/2021 14:25:11 - INFO - __main__ -   	EPOCH:   6	MiniBatch:    0
02/24/2021 14:25:17 - INFO - __main__ -   	EPOCH:   6	MiniBatch:   10
02/24/2021 14:25:22 - INFO - __main__ -   	EPOCH:   6	MiniBatch:   20
02/24/2021 14:25:23 - INFO - __main__ -   	Testing dev Minibatch:    0
02/24/2021 14:25:24 - INFO - __main__ -   
Labels 	Prec. 	Recall	F1    	Supp  
Denial 	0.5880	0.4552	0.5131	279
Support	0.4867	0.7612	0.5938	289
Comment	0.5284	0.3735	0.4376	249
Queries	0.5000	0.1351	0.2128	37
MacroF1	0.4393
F1w_avg	0.5054
Acc    	52.1

02/24/2021 14:25:26 - INFO - __main__ -   	EPOCH:   7	MiniBatch:    0
02/24/2021 14:25:32 - INFO - __main__ -   	EPOCH:   7	MiniBatch:   10
02/24/2021 14:25:38 - INFO - __main__ -   	EPOCH:   7	MiniBatch:   20
02/24/2021 14:25:38 - INFO - __main__ -   	Testing dev Minibatch:    0
02/24/2021 14:25:40 - INFO - __main__ -   
Labels 	Prec. 	Recall	F1    	Supp  
Denial 	0.5226	0.6631	0.5845	279
Support	0.6079	0.4775	0.5349	289
Comment	0.4864	0.5020	0.4941	249
Queries	0.3750	0.1622	0.2264	37
MacroF1	0.4600
F1w_avg	0.5258
Acc    	53.2

02/24/2021 14:25:42 - INFO - __main__ -   	EPOCH:   8	MiniBatch:    0
02/24/2021 14:25:48 - INFO - __main__ -   	EPOCH:   8	MiniBatch:   10
02/24/2021 14:25:54 - INFO - __main__ -   	EPOCH:   8	MiniBatch:   20
02/24/2021 14:25:54 - INFO - __main__ -   	Testing dev Minibatch:    0
02/24/2021 14:25:55 - INFO - __main__ -   
Labels 	Prec. 	Recall	F1    	Supp  
Denial 	0.5247	0.7240	0.6084	279
Support	0.6033	0.5052	0.5499	289
Comment	0.5294	0.4337	0.4768	249
Queries	0.3478	0.2162	0.2667	37
MacroF1	0.4755
F1w_avg	0.5354
Acc    	54.3

02/24/2021 14:25:57 - INFO - __main__ -   	EPOCH:   9	MiniBatch:    0
02/24/2021 14:26:03 - INFO - __main__ -   	EPOCH:   9	MiniBatch:   10
02/24/2021 14:26:09 - INFO - __main__ -   	EPOCH:   9	MiniBatch:   20
02/24/2021 14:26:09 - INFO - __main__ -   	Testing dev Minibatch:    0
02/24/2021 14:26:11 - INFO - __main__ -   
Labels 	Prec. 	Recall	F1    	Supp  
Denial 	0.5273	0.7957	0.6343	279
Support	0.6162	0.5779	0.5964	289
Comment	0.6267	0.3775	0.4712	249
Queries	0.4167	0.1351	0.2041	37
MacroF1	0.4765
F1w_avg	0.5553
Acc    	57.1

02/24/2021 14:26:13 - INFO - __main__ -   	EPOCH:  10	MiniBatch:    0
02/24/2021 14:26:19 - INFO - __main__ -   	EPOCH:  10	MiniBatch:   10
02/24/2021 14:26:24 - INFO - __main__ -   	EPOCH:  10	MiniBatch:   20
02/24/2021 14:26:25 - INFO - __main__ -   	Testing dev Minibatch:    0
02/24/2021 14:26:26 - INFO - __main__ -   
Labels 	Prec. 	Recall	F1    	Supp  
Denial 	0.5446	0.7885	0.6442	279
Support	0.5945	0.5986	0.5966	289
Comment	0.6190	0.3655	0.4596	249
Queries	0.4167	0.1351	0.2041	37
MacroF1	0.4761
F1w_avg	0.5552
Acc    	57.3

02/24/2021 14:26:27 - INFO - __main__ -   	EPOCH:  11	MiniBatch:    0
02/24/2021 14:26:33 - INFO - __main__ -   	EPOCH:  11	MiniBatch:   10
02/24/2021 14:26:38 - INFO - __main__ -   	EPOCH:  11	MiniBatch:   20
02/24/2021 14:26:39 - INFO - __main__ -   	Testing dev Minibatch:    0
02/24/2021 14:26:40 - INFO - __main__ -   
Labels 	Prec. 	Recall	F1    	Supp  
Denial 	0.5889	0.7599	0.6635	279
Support	0.5927	0.6194	0.6058	289
Comment	0.5792	0.4257	0.4907	249
Queries	0.4444	0.1081	0.1739	37
MacroF1	0.4835
F1w_avg	0.5724
Acc    	58.7

02/24/2021 14:26:42 - INFO - __main__ -   	EPOCH:  12	MiniBatch:    0
02/24/2021 14:26:48 - INFO - __main__ -   	EPOCH:  12	MiniBatch:   10
02/24/2021 14:26:54 - INFO - __main__ -   	EPOCH:  12	MiniBatch:   20
02/24/2021 14:26:54 - INFO - __main__ -   	Testing dev Minibatch:    0
02/24/2021 14:26:56 - INFO - __main__ -   
Labels 	Prec. 	Recall	F1    	Supp  
Denial 	0.6060	0.7276	0.6612	279
Support	0.6041	0.6125	0.6082	289
Comment	0.5327	0.4578	0.4924	249
Queries	0.4167	0.1351	0.2041	37
MacroF1	0.4915
F1w_avg	0.5743
Acc    	58.4

02/24/2021 14:26:58 - INFO - __main__ -   	EPOCH:  13	MiniBatch:    0
02/24/2021 14:27:04 - INFO - __main__ -   	EPOCH:  13	MiniBatch:   10
02/24/2021 14:27:09 - INFO - __main__ -   	EPOCH:  13	MiniBatch:   20
02/24/2021 14:27:10 - INFO - __main__ -   	Testing dev Minibatch:    0
02/24/2021 14:27:11 - INFO - __main__ -   
Labels 	Prec. 	Recall	F1    	Supp  
Denial 	0.6177	0.7240	0.6667	279
Support	0.5693	0.6540	0.6087	289
Comment	0.5753	0.4297	0.4920	249
Queries	0.5556	0.1351	0.2174	37
MacroF1	0.4962
F1w_avg	0.5766
Acc    	58.9

02/24/2021 14:27:13 - INFO - __main__ -   	EPOCH:  14	MiniBatch:    0
02/24/2021 14:27:19 - INFO - __main__ -   	EPOCH:  14	MiniBatch:   10
02/24/2021 14:27:25 - INFO - __main__ -   	EPOCH:  14	MiniBatch:   20
02/24/2021 14:27:25 - INFO - __main__ -   	Testing dev Minibatch:    0
02/24/2021 14:27:27 - INFO - __main__ -   
Labels 	Prec. 	Recall	F1    	Supp  
Denial 	0.5783	0.7276	0.6444	279
Support	0.6138	0.5225	0.5645	289
Comment	0.5041	0.4980	0.5010	249
Queries	0.4545	0.1351	0.2083	37
MacroF1	0.4796
F1w_avg	0.5567
Acc    	56.6

02/24/2021 14:27:27 - INFO - __main__ -   	EPOCH:  15	MiniBatch:    0
02/24/2021 14:27:33 - INFO - __main__ -   	EPOCH:  15	MiniBatch:   10
02/24/2021 14:27:39 - INFO - __main__ -   	EPOCH:  15	MiniBatch:   20
02/24/2021 14:27:39 - INFO - __main__ -   	Testing dev Minibatch:    0
02/24/2021 14:27:41 - INFO - __main__ -   
Labels 	Prec. 	Recall	F1    	Supp  
Denial 	0.5170	0.8172	0.6333	279
Support	0.5971	0.4256	0.4970	289
Comment	0.5736	0.4538	0.5067	249
Queries	0.5000	0.1351	0.2128	37
MacroF1	0.4624
F1w_avg	0.5321
Acc    	54.9

02/24/2021 14:27:41 - INFO - __main__ -   	EPOCH:  16	MiniBatch:    0
02/24/2021 14:27:47 - INFO - __main__ -   	EPOCH:  16	MiniBatch:   10
02/24/2021 14:27:53 - INFO - __main__ -   	EPOCH:  16	MiniBatch:   20
02/24/2021 14:27:53 - INFO - __main__ -   	Testing dev Minibatch:    0
02/24/2021 14:27:55 - INFO - __main__ -   
Labels 	Prec. 	Recall	F1    	Supp  
Denial 	0.5884	0.7634	0.6646	279
Support	0.5909	0.5848	0.5878	289
Comment	0.5510	0.4337	0.4854	249
Queries	0.5000	0.1351	0.2128	37
MacroF1	0.4876
F1w_avg	0.5668
Acc    	58.0

02/24/2021 14:27:55 - INFO - __main__ -   	EPOCH:  17	MiniBatch:    0
02/24/2021 14:28:01 - INFO - __main__ -   	EPOCH:  17	MiniBatch:   10
02/24/2021 14:28:07 - INFO - __main__ -   	EPOCH:  17	MiniBatch:   20
02/24/2021 14:28:07 - INFO - __main__ -   	Testing dev Minibatch:    0
02/24/2021 14:28:08 - INFO - __main__ -   
Labels 	Prec. 	Recall	F1    	Supp  
Denial 	0.5726	0.7778	0.6596	279
Support	0.6329	0.5190	0.5703	289
Comment	0.5156	0.4659	0.4895	249
Queries	0.5385	0.1892	0.2800	37
MacroF1	0.4998
F1w_avg	0.5633
Acc    	57.4

02/24/2021 14:28:10 - INFO - __main__ -   	EPOCH:  18	MiniBatch:    0
02/24/2021 14:28:16 - INFO - __main__ -   	EPOCH:  18	MiniBatch:   10
02/24/2021 14:28:22 - INFO - __main__ -   	EPOCH:  18	MiniBatch:   20
02/24/2021 14:28:22 - INFO - __main__ -   	Testing dev Minibatch:    0
02/24/2021 14:28:24 - INFO - __main__ -   
Labels 	Prec. 	Recall	F1    	Supp  
Denial 	0.6130	0.7097	0.6578	279
Support	0.5631	0.6021	0.5819	289
Comment	0.5377	0.4578	0.4946	249
Queries	0.5000	0.1351	0.2128	37
MacroF1	0.4868
F1w_avg	0.5653
Acc    	57.5

02/24/2021 14:28:24 - INFO - __main__ -   	EPOCH:  19	MiniBatch:    0
02/24/2021 14:28:30 - INFO - __main__ -   	EPOCH:  19	MiniBatch:   10
02/24/2021 14:28:36 - INFO - __main__ -   	EPOCH:  19	MiniBatch:   20
02/24/2021 14:28:36 - INFO - __main__ -   	Testing dev Minibatch:    0
02/24/2021 14:28:38 - INFO - __main__ -   
Labels 	Prec. 	Recall	F1    	Supp  
Denial 	0.5269	0.8065	0.6374	279
Support	0.5795	0.5294	0.5533	289
Comment	0.5844	0.3614	0.4467	249
Queries	0.5556	0.1351	0.2174	37
MacroF1	0.4637
F1w_avg	0.5351
Acc    	55.4

02/24/2021 14:28:38 - INFO - __main__ -   	EPOCH:  20	MiniBatch:    0
02/24/2021 14:28:44 - INFO - __main__ -   	EPOCH:  20	MiniBatch:   10
02/24/2021 14:28:50 - INFO - __main__ -   	EPOCH:  20	MiniBatch:   20
02/24/2021 14:28:50 - INFO - __main__ -   	Testing dev Minibatch:    0
02/24/2021 14:28:52 - INFO - __main__ -   
Labels 	Prec. 	Recall	F1    	Supp  
Denial 	0.6426	0.7348	0.6856	279
Support	0.5533	0.7543	0.6384	289
Comment	0.6391	0.3414	0.4450	249
Queries	0.3750	0.0811	0.1333	37
MacroF1	0.4756
F1w_avg	0.5755
Acc    	59.8

02/24/2021 14:28:52 - INFO - __main__ -   	EPOCH:  21	MiniBatch:    0
02/24/2021 14:28:58 - INFO - __main__ -   	EPOCH:  21	MiniBatch:   10
02/24/2021 14:29:04 - INFO - __main__ -   	EPOCH:  21	MiniBatch:   20
02/24/2021 14:29:04 - INFO - __main__ -   	Testing dev Minibatch:    0
02/24/2021 14:29:05 - INFO - __main__ -   
Labels 	Prec. 	Recall	F1    	Supp  
Denial 	0.6073	0.7204	0.6590	279
Support	0.5914	0.5709	0.5810	289
Comment	0.5302	0.4940	0.5114	249
Queries	0.5000	0.1622	0.2449	37
MacroF1	0.4991
F1w_avg	0.5716
Acc    	58.0

02/24/2021 14:29:06 - INFO - __main__ -   	EPOCH:  22	MiniBatch:    0
02/24/2021 14:29:12 - INFO - __main__ -   	EPOCH:  22	MiniBatch:   10
02/24/2021 14:29:17 - INFO - __main__ -   	EPOCH:  22	MiniBatch:   20
02/24/2021 14:29:18 - INFO - __main__ -   	Testing dev Minibatch:    0
02/24/2021 14:29:19 - INFO - __main__ -   
Labels 	Prec. 	Recall	F1    	Supp  
Denial 	0.5672	0.7563	0.6482	279
Support	0.5677	0.6090	0.5876	289
Comment	0.5843	0.3896	0.4675	249
Queries	0.5000	0.0811	0.1395	37
MacroF1	0.4607
F1w_avg	0.5530
Acc    	57.0

02/24/2021 14:29:20 - INFO - __main__ -   	EPOCH:  23	MiniBatch:    0
02/24/2021 14:29:25 - INFO - __main__ -   	EPOCH:  23	MiniBatch:   10
02/24/2021 14:29:31 - INFO - __main__ -   	EPOCH:  23	MiniBatch:   20
02/24/2021 14:29:32 - INFO - __main__ -   	Testing dev Minibatch:    0
02/24/2021 14:29:33 - INFO - __main__ -   
Labels 	Prec. 	Recall	F1    	Supp  
Denial 	0.5637	0.7455	0.6420	279
Support	0.6758	0.4256	0.5223	289
Comment	0.4932	0.5783	0.5323	249
Queries	0.4545	0.1351	0.2083	37
MacroF1	0.4762
F1w_avg	0.5507
Acc    	56.2

02/24/2021 14:29:33 - INFO - __main__ -   	EPOCH:  24	MiniBatch:    0
02/24/2021 14:29:39 - INFO - __main__ -   	EPOCH:  24	MiniBatch:   10
02/24/2021 14:29:45 - INFO - __main__ -   	EPOCH:  24	MiniBatch:   20
02/24/2021 14:29:45 - INFO - __main__ -   	Testing dev Minibatch:    0
02/24/2021 14:29:47 - INFO - __main__ -   
Labels 	Prec. 	Recall	F1    	Supp  
Denial 	0.5897	0.7419	0.6571	279
Support	0.6459	0.4671	0.5422	289
Comment	0.4965	0.5622	0.5273	249
Queries	0.4167	0.1351	0.2041	37
MacroF1	0.4827
F1w_avg	0.5607
Acc    	57.0

02/24/2021 14:29:47 - INFO - __main__ -   	EPOCH:  25	MiniBatch:    0
02/24/2021 14:29:53 - INFO - __main__ -   	EPOCH:  25	MiniBatch:   10
02/24/2021 14:29:59 - INFO - __main__ -   	EPOCH:  25	MiniBatch:   20
02/24/2021 14:29:59 - INFO - __main__ -   	Testing dev Minibatch:    0
02/24/2021 14:30:01 - INFO - __main__ -   
Labels 	Prec. 	Recall	F1    	Supp  
Denial 	0.5524	0.7742	0.6448	279
Support	0.5863	0.5640	0.5750	289
Comment	0.5543	0.3896	0.4575	249
Queries	0.4000	0.1081	0.1702	37
MacroF1	0.4619
F1w_avg	0.5460
Acc    	56.2

02/24/2021 14:30:01 - INFO - __main__ -   	EPOCH:  26	MiniBatch:    0
02/24/2021 14:30:07 - INFO - __main__ -   	EPOCH:  26	MiniBatch:   10
02/24/2021 14:30:13 - INFO - __main__ -   	EPOCH:  26	MiniBatch:   20
02/24/2021 14:30:13 - INFO - __main__ -   	Testing dev Minibatch:    0
02/24/2021 14:30:15 - INFO - __main__ -   
Labels 	Prec. 	Recall	F1    	Supp  
Denial 	0.5714	0.7599	0.6523	279
Support	0.5724	0.5744	0.5734	289
Comment	0.5359	0.3896	0.4512	249
Queries	0.4167	0.1351	0.2041	37
MacroF1	0.4702
F1w_avg	0.5475
Acc    	56.2

02/24/2021 14:30:15 - INFO - __main__ -   	EPOCH:  27	MiniBatch:    0
02/24/2021 14:30:21 - INFO - __main__ -   	EPOCH:  27	MiniBatch:   10
02/24/2021 14:30:27 - INFO - __main__ -   	EPOCH:  27	MiniBatch:   20
02/24/2021 14:30:27 - INFO - __main__ -   	Testing dev Minibatch:    0
02/24/2021 14:30:29 - INFO - __main__ -   
Labels 	Prec. 	Recall	F1    	Supp  
Denial 	0.5361	0.7993	0.6417	279
Support	0.6277	0.5017	0.5577	289
Comment	0.5455	0.4337	0.4832	249
Queries	0.4444	0.1081	0.1739	37
MacroF1	0.4641
F1w_avg	0.5468
Acc    	56.2

02/24/2021 14:30:29 - INFO - __main__ -   	EPOCH:  28	MiniBatch:    0
02/24/2021 14:30:35 - INFO - __main__ -   	EPOCH:  28	MiniBatch:   10
02/24/2021 14:30:40 - INFO - __main__ -   	EPOCH:  28	MiniBatch:   20
02/24/2021 14:30:41 - INFO - __main__ -   	Testing dev Minibatch:    0
02/24/2021 14:30:42 - INFO - __main__ -   
Labels 	Prec. 	Recall	F1    	Supp  
Denial 	0.6281	0.7204	0.6711	279
Support	0.5493	0.7128	0.6205	289
Comment	0.5742	0.3574	0.4406	249
Queries	0.5000	0.0541	0.0976	37
MacroF1	0.4574
F1w_avg	0.5619
Acc    	58.3

02/24/2021 14:30:43 - INFO - __main__ -   	EPOCH:  29	MiniBatch:    0
02/24/2021 14:30:49 - INFO - __main__ -   	EPOCH:  29	MiniBatch:   10
02/24/2021 14:30:54 - INFO - __main__ -   	EPOCH:  29	MiniBatch:   20
02/24/2021 14:30:55 - INFO - __main__ -   	Testing dev Minibatch:    0
02/24/2021 14:30:56 - INFO - __main__ -   
Labels 	Prec. 	Recall	F1    	Supp  
Denial 	0.5351	0.7921	0.6387	279
Support	0.6161	0.4775	0.5380	289
Comment	0.5317	0.4378	0.4802	249
Queries	0.4167	0.1351	0.2041	37
MacroF1	0.4652
F1w_avg	0.5396
Acc    	55.4

02/24/2021 14:30:57 - INFO - __main__ -   	EPOCH:  30	MiniBatch:    0
02/24/2021 14:31:02 - INFO - __main__ -   	EPOCH:  30	MiniBatch:   10
02/24/2021 14:31:08 - INFO - __main__ -   	EPOCH:  30	MiniBatch:   20
02/24/2021 14:31:09 - INFO - __main__ -   	Testing dev Minibatch:    0
02/24/2021 14:31:10 - INFO - __main__ -   
Labels 	Prec. 	Recall	F1    	Supp  
Denial 	0.5701	0.6703	0.6161	279
Support	0.6835	0.3737	0.4832	289
Comment	0.4558	0.6426	0.5333	249
Queries	0.4706	0.2162	0.2963	37
MacroF1	0.4822
F1w_avg	0.5332
Acc    	54.2

02/24/2021 14:31:10 - INFO - __main__ -   	EPOCH:  31	MiniBatch:    0
02/24/2021 14:31:16 - INFO - __main__ -   	EPOCH:  31	MiniBatch:   10
02/24/2021 14:31:22 - INFO - __main__ -   	EPOCH:  31	MiniBatch:   20
02/24/2021 14:31:23 - INFO - __main__ -   	Testing dev Minibatch:    0
02/24/2021 14:31:24 - INFO - __main__ -   
Labels 	Prec. 	Recall	F1    	Supp  
Denial 	0.5664	0.7491	0.6451	279
Support	0.5679	0.6367	0.6003	289
Comment	0.5987	0.3655	0.4539	249
Queries	0.4444	0.1081	0.1739	37
MacroF1	0.4683
F1w_avg	0.5538
Acc    	57.1

02/24/2021 14:31:24 - INFO - __main__ -   	EPOCH:  32	MiniBatch:    0
02/24/2021 14:31:30 - INFO - __main__ -   	EPOCH:  32	MiniBatch:   10
02/24/2021 14:31:36 - INFO - __main__ -   	EPOCH:  32	MiniBatch:   20
02/24/2021 14:31:36 - INFO - __main__ -   	Testing dev Minibatch:    0
02/24/2021 14:31:38 - INFO - __main__ -   
Labels 	Prec. 	Recall	F1    	Supp  
Denial 	0.5158	0.8208	0.6335	279
Support	0.5962	0.4291	0.4990	289
Comment	0.5625	0.4337	0.4898	249
Queries	0.6000	0.1622	0.2553	37
MacroF1	0.4694
F1w_avg	0.5297
Acc    	54.7

02/24/2021 14:31:38 - INFO - __main__ -   	EPOCH:  33	MiniBatch:    0
02/24/2021 14:31:44 - INFO - __main__ -   	EPOCH:  33	MiniBatch:   10
02/24/2021 14:31:50 - INFO - __main__ -   	EPOCH:  33	MiniBatch:   20
02/24/2021 14:31:50 - INFO - __main__ -   	Testing dev Minibatch:    0
02/24/2021 14:31:52 - INFO - __main__ -   
Labels 	Prec. 	Recall	F1    	Supp  
Denial 	0.6312	0.7240	0.6745	279
Support	0.5586	0.6436	0.5981	289
Comment	0.5602	0.4297	0.4864	249
Queries	0.5000	0.1351	0.2128	37
MacroF1	0.4929
F1w_avg	0.5738
Acc    	58.5

02/24/2021 14:31:52 - INFO - __main__ -   	EPOCH:  34	MiniBatch:    0
02/24/2021 14:31:58 - INFO - __main__ -   	EPOCH:  34	MiniBatch:   10
02/24/2021 14:32:04 - INFO - __main__ -   	EPOCH:  34	MiniBatch:   20
02/24/2021 14:32:04 - INFO - __main__ -   	Testing dev Minibatch:    0
02/24/2021 14:32:06 - INFO - __main__ -   
Labels 	Prec. 	Recall	F1    	Supp  
Denial 	0.5714	0.7742	0.6575	279
Support	0.5690	0.5709	0.5699	289
Comment	0.5587	0.4016	0.4673	249
Queries	0.4286	0.0811	0.1364	37
MacroF1	0.4578
F1w_avg	0.5498
Acc    	56.7

02/24/2021 14:32:06 - INFO - __main__ -   	EPOCH:  35	MiniBatch:    0
02/24/2021 14:32:12 - INFO - __main__ -   	EPOCH:  35	MiniBatch:   10
02/24/2021 14:32:18 - INFO - __main__ -   	EPOCH:  35	MiniBatch:   20
02/24/2021 14:32:18 - INFO - __main__ -   	Testing dev Minibatch:    0
02/24/2021 14:32:20 - INFO - __main__ -   
Labels 	Prec. 	Recall	F1    	Supp  
Denial 	0.5799	0.7670	0.6605	279
Support	0.5836	0.5433	0.5627	289
Comment	0.5385	0.4498	0.4902	249
Queries	0.3750	0.0811	0.1333	37
MacroF1	0.4617
F1w_avg	0.5549
Acc    	56.9

02/24/2021 14:32:20 - INFO - __main__ -   	EPOCH:  36	MiniBatch:    0
02/24/2021 14:32:26 - INFO - __main__ -   	EPOCH:  36	MiniBatch:   10
02/24/2021 14:32:32 - INFO - __main__ -   	EPOCH:  36	MiniBatch:   20
02/24/2021 14:32:32 - INFO - __main__ -   	Testing dev Minibatch:    0
02/24/2021 14:32:33 - INFO - __main__ -   
Labels 	Prec. 	Recall	F1    	Supp  
Denial 	0.5843	0.7455	0.6551	279
Support	0.5647	0.6194	0.5908	289
Comment	0.5814	0.4016	0.4751	249
Queries	0.4444	0.1081	0.1739	37
MacroF1	0.4737
F1w_avg	0.5600
Acc    	57.5

02/24/2021 14:32:34 - INFO - __main__ -   	EPOCH:  37	MiniBatch:    0
02/24/2021 14:32:40 - INFO - __main__ -   	EPOCH:  37	MiniBatch:   10
02/24/2021 14:32:45 - INFO - __main__ -   	EPOCH:  37	MiniBatch:   20
02/24/2021 14:32:46 - INFO - __main__ -   	Testing dev Minibatch:    0
02/24/2021 14:32:47 - INFO - __main__ -   
Labels 	Prec. 	Recall	F1    	Supp  
Denial 	0.6287	0.6918	0.6587	279
Support	0.5600	0.6298	0.5928	289
Comment	0.5377	0.4578	0.4946	249
Queries	0.5000	0.1351	0.2128	37
MacroF1	0.4897
F1w_avg	0.5692
Acc    	57.8

02/24/2021 14:32:48 - INFO - __main__ -   	EPOCH:  38	MiniBatch:    0
02/24/2021 14:32:53 - INFO - __main__ -   	EPOCH:  38	MiniBatch:   10
02/24/2021 14:32:59 - INFO - __main__ -   	EPOCH:  38	MiniBatch:   20
02/24/2021 14:33:00 - INFO - __main__ -   	Testing dev Minibatch:    0
02/24/2021 14:33:01 - INFO - __main__ -   
Labels 	Prec. 	Recall	F1    	Supp  
Denial 	0.5714	0.7312	0.6415	279
Support	0.6009	0.4740	0.5300	289
Comment	0.4710	0.4900	0.4803	249
Queries	0.5000	0.1351	0.2128	37
MacroF1	0.4661
F1w_avg	0.5382
Acc    	54.8

02/24/2021 14:33:01 - INFO - __main__ -   	EPOCH:  39	MiniBatch:    0
02/24/2021 14:33:07 - INFO - __main__ -   	EPOCH:  39	MiniBatch:   10
02/24/2021 14:33:13 - INFO - __main__ -   	EPOCH:  39	MiniBatch:   20
02/24/2021 14:33:13 - INFO - __main__ -   	Testing dev Minibatch:    0
02/24/2021 14:33:15 - INFO - __main__ -   
Labels 	Prec. 	Recall	F1    	Supp  
Denial 	0.5718	0.7706	0.6565	279
Support	0.5691	0.5986	0.5835	289
Comment	0.5629	0.3775	0.4519	249
Queries	0.4286	0.0811	0.1364	37
MacroF1	0.4571
F1w_avg	0.5496
Acc    	56.8

02/24/2021 14:33:16 - INFO - __main__ -   	Testing test Minibatch:    0
02/24/2021 14:33:17 - INFO - __main__ -   
Labels 	Prec. 	Recall	F1    	Supp  
Denial 	0.6160	0.7125	0.6607	313
Support	0.5652	0.5417	0.5532	264
Comment	0.5541	0.4940	0.5223	249
Queries	0.4118	0.2500	0.3111	28
MacroF1	0.5118
F1w_avg	0.5757
Acc    	58.1

02/24/2021 14:33:17 - INFO - __main__ -   Time taken: 0h 9m 46s
