02/24/2021 14:33:20 - INFO - __main__ -   ----------------- Hyperparameters ------------------
02/24/2021 14:33:20 - INFO - __main__ -   ======== my_Bertweet =========
02/24/2021 14:33:20 - INFO - __main__ -   ===== Hyperparameters ======
02/24/2021 14:33:20 - INFO - __main__ -   batch_train: 128
02/24/2021 14:33:20 - INFO - __main__ -   batch_test:  128
02/24/2021 14:33:20 - INFO - __main__ -   epochs: 40 
02/24/2021 14:33:20 - INFO - __main__ -   learning_rate: 0.000010
02/24/2021 14:33:20 - INFO - __main__ -   optimizer: adam
02/24/2021 14:33:20 - INFO - __main__ -   debug: False
02/24/2021 14:33:20 - INFO - __main__ -   ------------------ Getting model -------------------
02/24/2021 14:33:27 - INFO - __main__ -   --------------- Getting dataframes -----------------
02/24/2021 14:33:28 - INFO - __main__ -   ------- Setting loss function and optimizer --------
02/24/2021 14:33:28 - INFO - __main__ -   ------------ Converting to dataloaders -------------
02/24/2021 14:33:28 - INFO - __main__ -   ---------------- Starting training -----------------
02/24/2021 14:33:28 - INFO - __main__ -   	EPOCH:   0	MiniBatch:    0
02/24/2021 14:33:36 - INFO - __main__ -   	EPOCH:   0	MiniBatch:   10
02/24/2021 14:33:41 - INFO - __main__ -   	EPOCH:   0	MiniBatch:   20
02/24/2021 14:33:42 - INFO - __main__ -   	Testing dev Minibatch:    0
02/24/2021 14:33:43 - INFO - __main__ -   
Labels 	Prec. 	Recall	F1    	Supp  
Denial 	0.3267	1.0000	0.4925	279
Support	0.0000	0.0000	0.0000	289
Comment	0.0000	0.0000	0.0000	249
Queries	0.0000	0.0000	0.0000	37
MacroF1	0.1231
F1w_avg	0.1609
Acc    	32.7

02/24/2021 14:33:44 - INFO - __main__ -   	EPOCH:   1	MiniBatch:    0
02/24/2021 14:33:50 - INFO - __main__ -   	EPOCH:   1	MiniBatch:   10
02/24/2021 14:33:56 - INFO - __main__ -   	EPOCH:   1	MiniBatch:   20
02/24/2021 14:33:56 - INFO - __main__ -   	Testing dev Minibatch:    0
02/24/2021 14:33:58 - INFO - __main__ -   
Labels 	Prec. 	Recall	F1    	Supp  
Denial 	0.3325	0.9355	0.4906	279
Support	0.5238	0.0761	0.1329	289
Comment	0.7037	0.0763	0.1377	249
Queries	0.0000	0.0000	0.0000	37
MacroF1	0.1903
F1w_avg	0.2454
Acc    	35.4

02/24/2021 14:33:59 - INFO - __main__ -   	EPOCH:   2	MiniBatch:    0
02/24/2021 14:34:05 - INFO - __main__ -   	EPOCH:   2	MiniBatch:   10
02/24/2021 14:34:11 - INFO - __main__ -   	EPOCH:   2	MiniBatch:   20
02/24/2021 14:34:12 - INFO - __main__ -   	Testing dev Minibatch:    0
02/24/2021 14:34:13 - INFO - __main__ -   
Labels 	Prec. 	Recall	F1    	Supp  
Denial 	0.3849	0.4373	0.4094	279
Support	0.5100	0.6194	0.5594	289
Comment	0.4839	0.3614	0.4138	249
Queries	0.0000	0.0000	0.0000	37
MacroF1	0.3456
F1w_avg	0.4437
Acc    	45.8

02/24/2021 14:34:15 - INFO - __main__ -   	EPOCH:   3	MiniBatch:    0
02/24/2021 14:34:21 - INFO - __main__ -   	EPOCH:   3	MiniBatch:   10
02/24/2021 14:34:27 - INFO - __main__ -   	EPOCH:   3	MiniBatch:   20
02/24/2021 14:34:27 - INFO - __main__ -   	Testing dev Minibatch:    0
02/24/2021 14:34:29 - INFO - __main__ -   
Labels 	Prec. 	Recall	F1    	Supp  
Denial 	0.3384	0.8781	0.4885	279
Support	0.6667	0.0415	0.0782	289
Comment	0.5446	0.2450	0.3380	249
Queries	0.0000	0.0000	0.0000	37
MacroF1	0.2262
F1w_avg	0.2846
Acc    	37.2

02/24/2021 14:34:29 - INFO - __main__ -   	EPOCH:   4	MiniBatch:    0
02/24/2021 14:34:35 - INFO - __main__ -   	EPOCH:   4	MiniBatch:   10
02/24/2021 14:34:41 - INFO - __main__ -   	EPOCH:   4	MiniBatch:   20
02/24/2021 14:34:41 - INFO - __main__ -   	Testing dev Minibatch:    0
02/24/2021 14:34:43 - INFO - __main__ -   
Labels 	Prec. 	Recall	F1    	Supp  
Denial 	0.4123	0.5986	0.4883	279
Support	0.5500	0.4948	0.5209	289
Comment	0.5291	0.4016	0.4566	249
Queries	0.0000	0.0000	0.0000	37
MacroF1	0.3665
F1w_avg	0.4690
Acc    	48.0

02/24/2021 14:34:44 - INFO - __main__ -   	EPOCH:   5	MiniBatch:    0
02/24/2021 14:34:50 - INFO - __main__ -   	EPOCH:   5	MiniBatch:   10
02/24/2021 14:34:56 - INFO - __main__ -   	EPOCH:   5	MiniBatch:   20
02/24/2021 14:34:57 - INFO - __main__ -   	Testing dev Minibatch:    0
02/24/2021 14:34:58 - INFO - __main__ -   
Labels 	Prec. 	Recall	F1    	Supp  
Denial 	0.4214	0.6344	0.5064	279
Support	0.5377	0.5675	0.5522	289
Comment	0.5814	0.3012	0.3968	249
Queries	0.0000	0.0000	0.0000	37
MacroF1	0.3639
F1w_avg	0.4680
Acc    	48.7

02/24/2021 14:34:58 - INFO - __main__ -   	EPOCH:   6	MiniBatch:    0
02/24/2021 14:35:04 - INFO - __main__ -   	EPOCH:   6	MiniBatch:   10
02/24/2021 14:35:10 - INFO - __main__ -   	EPOCH:   6	MiniBatch:   20
02/24/2021 14:35:11 - INFO - __main__ -   	Testing dev Minibatch:    0
02/24/2021 14:35:12 - INFO - __main__ -   
Labels 	Prec. 	Recall	F1    	Supp  
Denial 	0.4658	0.4875	0.4764	279
Support	0.5817	0.5052	0.5407	289
Comment	0.4791	0.5984	0.5321	249
Queries	0.0000	0.0000	0.0000	37
MacroF1	0.3873
F1w_avg	0.4938
Acc    	50.5

02/24/2021 14:35:14 - INFO - __main__ -   	EPOCH:   7	MiniBatch:    0
02/24/2021 14:35:20 - INFO - __main__ -   	EPOCH:   7	MiniBatch:   10
02/24/2021 14:35:26 - INFO - __main__ -   	EPOCH:   7	MiniBatch:   20
02/24/2021 14:35:26 - INFO - __main__ -   	Testing dev Minibatch:    0
02/24/2021 14:35:28 - INFO - __main__ -   
Labels 	Prec. 	Recall	F1    	Supp  
Denial 	0.5228	0.5341	0.5284	279
Support	0.5323	0.7128	0.6095	289
Comment	0.5714	0.4177	0.4826	249
Queries	0.0000	0.0000	0.0000	37
MacroF1	0.4051
F1w_avg	0.5196
Acc    	53.7

02/24/2021 14:35:29 - INFO - __main__ -   	EPOCH:   8	MiniBatch:    0
02/24/2021 14:35:35 - INFO - __main__ -   	EPOCH:   8	MiniBatch:   10
02/24/2021 14:35:41 - INFO - __main__ -   	EPOCH:   8	MiniBatch:   20
02/24/2021 14:35:42 - INFO - __main__ -   	Testing dev Minibatch:    0
02/24/2021 14:35:43 - INFO - __main__ -   
Labels 	Prec. 	Recall	F1    	Supp  
Denial 	0.4797	0.7634	0.5892	279
Support	0.5930	0.5294	0.5594	289
Comment	0.6184	0.3775	0.4688	249
Queries	0.0000	0.0000	0.0000	37
MacroF1	0.4044
F1w_avg	0.5185
Acc    	53.9

02/24/2021 14:35:43 - INFO - __main__ -   	EPOCH:   9	MiniBatch:    0
02/24/2021 14:35:49 - INFO - __main__ -   	EPOCH:   9	MiniBatch:   10
02/24/2021 14:35:55 - INFO - __main__ -   	EPOCH:   9	MiniBatch:   20
02/24/2021 14:35:55 - INFO - __main__ -   	Testing dev Minibatch:    0
02/24/2021 14:35:57 - INFO - __main__ -   
Labels 	Prec. 	Recall	F1    	Supp  
Denial 	0.5567	0.7563	0.6413	279
Support	0.6187	0.5502	0.5824	289
Comment	0.5780	0.5060	0.5396	249
Queries	0.0000	0.0000	0.0000	37
MacroF1	0.4408
F1w_avg	0.5640
Acc    	58.1

02/24/2021 14:35:59 - INFO - __main__ -   	EPOCH:  10	MiniBatch:    0
02/24/2021 14:36:05 - INFO - __main__ -   	EPOCH:  10	MiniBatch:   10
02/24/2021 14:36:11 - INFO - __main__ -   	EPOCH:  10	MiniBatch:   20
02/24/2021 14:36:11 - INFO - __main__ -   	Testing dev Minibatch:    0
02/24/2021 14:36:12 - INFO - __main__ -   
Labels 	Prec. 	Recall	F1    	Supp  
Denial 	0.5112	0.8172	0.6290	279
Support	0.6134	0.5052	0.5541	289
Comment	0.6176	0.4217	0.5012	249
Queries	0.0000	0.0000	0.0000	37
MacroF1	0.4211
F1w_avg	0.5391
Acc    	56.1

02/24/2021 14:36:13 - INFO - __main__ -   	EPOCH:  11	MiniBatch:    0
02/24/2021 14:36:18 - INFO - __main__ -   	EPOCH:  11	MiniBatch:   10
02/24/2021 14:36:24 - INFO - __main__ -   	EPOCH:  11	MiniBatch:   20
02/24/2021 14:36:25 - INFO - __main__ -   	Testing dev Minibatch:    0
02/24/2021 14:36:26 - INFO - __main__ -   
Labels 	Prec. 	Recall	F1    	Supp  
Denial 	0.6231	0.7527	0.6818	279
Support	0.6020	0.6332	0.6172	289
Comment	0.5775	0.4940	0.5325	249
Queries	0.0000	0.0000	0.0000	37
MacroF1	0.4579
F1w_avg	0.5869
Acc    	60.4

02/24/2021 14:36:28 - INFO - __main__ -   	EPOCH:  12	MiniBatch:    0
02/24/2021 14:36:34 - INFO - __main__ -   	EPOCH:  12	MiniBatch:   10
02/24/2021 14:36:40 - INFO - __main__ -   	EPOCH:  12	MiniBatch:   20
02/24/2021 14:36:40 - INFO - __main__ -   	Testing dev Minibatch:    0
02/24/2021 14:36:42 - INFO - __main__ -   
Labels 	Prec. 	Recall	F1    	Supp  
Denial 	0.5844	0.8065	0.6777	279
Support	0.6015	0.5640	0.5821	289
Comment	0.5909	0.4699	0.5235	249
Queries	0.0000	0.0000	0.0000	37
MacroF1	0.4458
F1w_avg	0.5710
Acc    	59.1

02/24/2021 14:36:42 - INFO - __main__ -   	EPOCH:  13	MiniBatch:    0
02/24/2021 14:36:48 - INFO - __main__ -   	EPOCH:  13	MiniBatch:   10
02/24/2021 14:36:54 - INFO - __main__ -   	EPOCH:  13	MiniBatch:   20
02/24/2021 14:36:54 - INFO - __main__ -   	Testing dev Minibatch:    0
02/24/2021 14:36:56 - INFO - __main__ -   
Labels 	Prec. 	Recall	F1    	Supp  
Denial 	0.6189	0.7742	0.6879	279
Support	0.6368	0.4671	0.5389	289
Comment	0.5154	0.6064	0.5572	249
Queries	0.0000	0.0000	0.0000	37
MacroF1	0.4460
F1w_avg	0.5696
Acc    	58.8

02/24/2021 14:36:56 - INFO - __main__ -   	EPOCH:  14	MiniBatch:    0
02/24/2021 14:37:02 - INFO - __main__ -   	EPOCH:  14	MiniBatch:   10
02/24/2021 14:37:08 - INFO - __main__ -   	EPOCH:  14	MiniBatch:   20
02/24/2021 14:37:08 - INFO - __main__ -   	Testing dev Minibatch:    0
02/24/2021 14:37:10 - INFO - __main__ -   
Labels 	Prec. 	Recall	F1    	Supp  
Denial 	0.6335	0.7993	0.7068	279
Support	0.5828	0.6817	0.6284	289
Comment	0.6037	0.3976	0.4794	249
Queries	0.0000	0.0000	0.0000	37
MacroF1	0.4537
F1w_avg	0.5834
Acc    	60.8

02/24/2021 14:37:10 - INFO - __main__ -   	EPOCH:  15	MiniBatch:    0
02/24/2021 14:37:16 - INFO - __main__ -   	EPOCH:  15	MiniBatch:   10
02/24/2021 14:37:22 - INFO - __main__ -   	EPOCH:  15	MiniBatch:   20
02/24/2021 14:37:22 - INFO - __main__ -   	Testing dev Minibatch:    0
02/24/2021 14:37:23 - INFO - __main__ -   
Labels 	Prec. 	Recall	F1    	Supp  
Denial 	0.6089	0.7814	0.6845	279
Support	0.6014	0.5848	0.5930	289
Comment	0.5442	0.4699	0.5043	249
Queries	0.0000	0.0000	0.0000	37
MacroF1	0.4454
F1w_avg	0.5713
Acc    	59.0

02/24/2021 14:37:24 - INFO - __main__ -   	EPOCH:  16	MiniBatch:    0
02/24/2021 14:37:30 - INFO - __main__ -   	EPOCH:  16	MiniBatch:   10
02/24/2021 14:37:35 - INFO - __main__ -   	EPOCH:  16	MiniBatch:   20
02/24/2021 14:37:36 - INFO - __main__ -   	Testing dev Minibatch:    0
02/24/2021 14:37:37 - INFO - __main__ -   
Labels 	Prec. 	Recall	F1    	Supp  
Denial 	0.5853	0.7993	0.6758	279
Support	0.6463	0.5121	0.5714	289
Comment	0.5451	0.5341	0.5396	249
Queries	0.0000	0.0000	0.0000	37
MacroF1	0.4467
F1w_avg	0.5715
Acc    	59.0

02/24/2021 14:37:38 - INFO - __main__ -   	EPOCH:  17	MiniBatch:    0
02/24/2021 14:37:43 - INFO - __main__ -   	EPOCH:  17	MiniBatch:   10
02/24/2021 14:37:49 - INFO - __main__ -   	EPOCH:  17	MiniBatch:   20
02/24/2021 14:37:50 - INFO - __main__ -   	Testing dev Minibatch:    0
02/24/2021 14:37:51 - INFO - __main__ -   
Labels 	Prec. 	Recall	F1    	Supp  
Denial 	0.5074	0.8566	0.6373	279
Support	0.6648	0.4187	0.5138	289
Comment	0.5672	0.4578	0.5067	249
Queries	0.0000	0.0000	0.0000	37
MacroF1	0.4145
F1w_avg	0.5298
Acc    	55.5

02/24/2021 14:37:51 - INFO - __main__ -   	EPOCH:  18	MiniBatch:    0
02/24/2021 14:37:57 - INFO - __main__ -   	EPOCH:  18	MiniBatch:   10
02/24/2021 14:38:03 - INFO - __main__ -   	EPOCH:  18	MiniBatch:   20
02/24/2021 14:38:04 - INFO - __main__ -   	Testing dev Minibatch:    0
02/24/2021 14:38:05 - INFO - __main__ -   
Labels 	Prec. 	Recall	F1    	Supp  
Denial 	0.5395	0.8566	0.6620	279
Support	0.6435	0.4810	0.5505	289
Comment	0.5795	0.4538	0.5090	249
Queries	0.0000	0.0000	0.0000	37
MacroF1	0.4304
F1w_avg	0.5510
Acc    	57.5

02/24/2021 14:38:05 - INFO - __main__ -   	EPOCH:  19	MiniBatch:    0
02/24/2021 14:38:11 - INFO - __main__ -   	EPOCH:  19	MiniBatch:   10
02/24/2021 14:38:17 - INFO - __main__ -   	EPOCH:  19	MiniBatch:   20
02/24/2021 14:38:18 - INFO - __main__ -   	Testing dev Minibatch:    0
02/24/2021 14:38:19 - INFO - __main__ -   
Labels 	Prec. 	Recall	F1    	Supp  
Denial 	0.5867	0.7885	0.6728	279
Support	0.6035	0.5952	0.5993	289
Comment	0.5825	0.4538	0.5102	249
Queries	0.0000	0.0000	0.0000	37
MacroF1	0.4456
F1w_avg	0.5714
Acc    	59.1

02/24/2021 14:38:19 - INFO - __main__ -   	EPOCH:  20	MiniBatch:    0
02/24/2021 14:38:25 - INFO - __main__ -   	EPOCH:  20	MiniBatch:   10
02/24/2021 14:38:31 - INFO - __main__ -   	EPOCH:  20	MiniBatch:   20
02/24/2021 14:38:31 - INFO - __main__ -   	Testing dev Minibatch:    0
02/24/2021 14:38:33 - INFO - __main__ -   
Labels 	Prec. 	Recall	F1    	Supp  
Denial 	0.6119	0.7742	0.6835	279
Support	0.5661	0.6817	0.6185	289
Comment	0.5686	0.3494	0.4328	249
Queries	0.0000	0.0000	0.0000	37
MacroF1	0.4337
F1w_avg	0.5588
Acc    	58.5

02/24/2021 14:38:33 - INFO - __main__ -   	EPOCH:  21	MiniBatch:    0
02/24/2021 14:38:39 - INFO - __main__ -   	EPOCH:  21	MiniBatch:   10
02/24/2021 14:38:45 - INFO - __main__ -   	EPOCH:  21	MiniBatch:   20
02/24/2021 14:38:45 - INFO - __main__ -   	Testing dev Minibatch:    0
02/24/2021 14:38:47 - INFO - __main__ -   
Labels 	Prec. 	Recall	F1    	Supp  
Denial 	0.6152	0.7849	0.6898	279
Support	0.6356	0.5190	0.5714	289
Comment	0.5115	0.5382	0.5245	249
Queries	0.0000	0.0000	0.0000	37
MacroF1	0.4464
F1w_avg	0.5716
Acc    	58.9

02/24/2021 14:38:47 - INFO - __main__ -   	EPOCH:  22	MiniBatch:    0
02/24/2021 14:38:53 - INFO - __main__ -   	EPOCH:  22	MiniBatch:   10
02/24/2021 14:38:59 - INFO - __main__ -   	EPOCH:  22	MiniBatch:   20
02/24/2021 14:38:59 - INFO - __main__ -   	Testing dev Minibatch:    0
02/24/2021 14:39:01 - INFO - __main__ -   
Labels 	Prec. 	Recall	F1    	Supp  
Denial 	0.5240	0.8602	0.6513	279
Support	0.6650	0.4533	0.5391	289
Comment	0.5879	0.4699	0.5223	249
Queries	0.0000	0.0000	0.0000	37
MacroF1	0.4282
F1w_avg	0.5475
Acc    	57.1

02/24/2021 14:39:01 - INFO - __main__ -   	EPOCH:  23	MiniBatch:    0
02/24/2021 14:39:07 - INFO - __main__ -   	EPOCH:  23	MiniBatch:   10
02/24/2021 14:39:13 - INFO - __main__ -   	EPOCH:  23	MiniBatch:   20
02/24/2021 14:39:13 - INFO - __main__ -   	Testing dev Minibatch:    0
02/24/2021 14:39:15 - INFO - __main__ -   
Labels 	Prec. 	Recall	F1    	Supp  
Denial 	0.6006	0.7814	0.6791	279
Support	0.6325	0.5121	0.5660	289
Comment	0.5214	0.5382	0.5296	249
Queries	0.0000	0.0000	0.0000	37
MacroF1	0.4437
F1w_avg	0.5678
Acc    	58.5

02/24/2021 14:39:15 - INFO - __main__ -   	EPOCH:  24	MiniBatch:    0
02/24/2021 14:39:21 - INFO - __main__ -   	EPOCH:  24	MiniBatch:   10
02/24/2021 14:39:27 - INFO - __main__ -   	EPOCH:  24	MiniBatch:   20
02/24/2021 14:39:27 - INFO - __main__ -   	Testing dev Minibatch:    0
02/24/2021 14:39:29 - INFO - __main__ -   
Labels 	Prec. 	Recall	F1    	Supp  
Denial 	0.5388	0.8710	0.6658	279
Support	0.6217	0.4948	0.5511	289
Comment	0.5988	0.4137	0.4893	249
Queries	1.0000	0.0270	0.0526	37
MacroF1	0.4397
F1w_avg	0.5489
Acc    	57.4

02/24/2021 14:39:29 - INFO - __main__ -   	EPOCH:  25	MiniBatch:    0
02/24/2021 14:39:35 - INFO - __main__ -   	EPOCH:  25	MiniBatch:   10
02/24/2021 14:39:41 - INFO - __main__ -   	EPOCH:  25	MiniBatch:   20
02/24/2021 14:39:41 - INFO - __main__ -   	Testing dev Minibatch:    0
02/24/2021 14:39:42 - INFO - __main__ -   
Labels 	Prec. 	Recall	F1    	Supp  
Denial 	0.5963	0.8100	0.6869	279
Support	0.6200	0.5363	0.5751	289
Comment	0.5381	0.4819	0.5085	249
Queries	0.5000	0.0270	0.0513	37
MacroF1	0.4555
F1w_avg	0.5695
Acc    	58.8

02/24/2021 14:39:43 - INFO - __main__ -   	EPOCH:  26	MiniBatch:    0
02/24/2021 14:39:49 - INFO - __main__ -   	EPOCH:  26	MiniBatch:   10
02/24/2021 14:39:54 - INFO - __main__ -   	EPOCH:  26	MiniBatch:   20
02/24/2021 14:39:55 - INFO - __main__ -   	Testing dev Minibatch:    0
02/24/2021 14:39:56 - INFO - __main__ -   
Labels 	Prec. 	Recall	F1    	Supp  
Denial 	0.5984	0.7957	0.6831	279
Support	0.5749	0.5709	0.5729	289
Comment	0.5579	0.4257	0.4829	249
Queries	0.5000	0.0811	0.1395	37
MacroF1	0.4696
F1w_avg	0.5639
Acc    	58.1

02/24/2021 14:39:58 - INFO - __main__ -   	EPOCH:  27	MiniBatch:    0
02/24/2021 14:40:04 - INFO - __main__ -   	EPOCH:  27	MiniBatch:   10
02/24/2021 14:40:10 - INFO - __main__ -   	EPOCH:  27	MiniBatch:   20
02/24/2021 14:40:10 - INFO - __main__ -   	Testing dev Minibatch:    0
02/24/2021 14:40:12 - INFO - __main__ -   
Labels 	Prec. 	Recall	F1    	Supp  
Denial 	0.5601	0.8351	0.6705	279
Support	0.6286	0.4567	0.5291	289
Comment	0.5540	0.4739	0.5108	249
Queries	0.5333	0.2162	0.3077	37
MacroF1	0.5045
F1w_avg	0.5604
Acc    	57.5

02/24/2021 14:40:14 - INFO - __main__ -   	EPOCH:  28	MiniBatch:    0
02/24/2021 14:40:20 - INFO - __main__ -   	EPOCH:  28	MiniBatch:   10
02/24/2021 14:40:25 - INFO - __main__ -   	EPOCH:  28	MiniBatch:   20
02/24/2021 14:40:26 - INFO - __main__ -   	Testing dev Minibatch:    0
02/24/2021 14:40:27 - INFO - __main__ -   
Labels 	Prec. 	Recall	F1    	Supp  
Denial 	0.5678	0.8100	0.6677	279
Support	0.6287	0.5156	0.5665	289
Comment	0.5792	0.4699	0.5188	249
Queries	0.4706	0.2162	0.2963	37
MacroF1	0.5123
F1w_avg	0.5740
Acc    	58.5

02/24/2021 14:40:29 - INFO - __main__ -   	EPOCH:  29	MiniBatch:    0
02/24/2021 14:40:35 - INFO - __main__ -   	EPOCH:  29	MiniBatch:   10
02/24/2021 14:40:41 - INFO - __main__ -   	EPOCH:  29	MiniBatch:   20
02/24/2021 14:40:41 - INFO - __main__ -   	Testing dev Minibatch:    0
02/24/2021 14:40:43 - INFO - __main__ -   
Labels 	Prec. 	Recall	F1    	Supp  
Denial 	0.6754	0.6487	0.6618	279
Support	0.5951	0.4221	0.4939	289
Comment	0.4478	0.6546	0.5318	249
Queries	0.4118	0.1892	0.2593	37
MacroF1	0.4867
F1w_avg	0.5496
Acc    	55.4

02/24/2021 14:40:43 - INFO - __main__ -   	EPOCH:  30	MiniBatch:    0
02/24/2021 14:40:49 - INFO - __main__ -   	EPOCH:  30	MiniBatch:   10
02/24/2021 14:40:55 - INFO - __main__ -   	EPOCH:  30	MiniBatch:   20
02/24/2021 14:40:55 - INFO - __main__ -   	Testing dev Minibatch:    0
02/24/2021 14:40:57 - INFO - __main__ -   
Labels 	Prec. 	Recall	F1    	Supp  
Denial 	0.5722	0.7814	0.6606	279
Support	0.6062	0.6125	0.6093	289
Comment	0.6607	0.4458	0.5324	249
Queries	0.6154	0.2162	0.3200	37
MacroF1	0.5306
F1w_avg	0.5911
Acc    	60.2

02/24/2021 14:40:59 - INFO - __main__ -   	EPOCH:  31	MiniBatch:    0
02/24/2021 14:41:05 - INFO - __main__ -   	EPOCH:  31	MiniBatch:   10
02/24/2021 14:41:10 - INFO - __main__ -   	EPOCH:  31	MiniBatch:   20
02/24/2021 14:41:11 - INFO - __main__ -   	Testing dev Minibatch:    0
02/24/2021 14:41:12 - INFO - __main__ -   
Labels 	Prec. 	Recall	F1    	Supp  
Denial 	0.5978	0.7778	0.6760	279
Support	0.6382	0.5433	0.5869	289
Comment	0.5815	0.5301	0.5546	249
Queries	0.5556	0.2703	0.3636	37
MacroF1	0.5453
F1w_avg	0.5969
Acc    	60.4

02/24/2021 14:41:14 - INFO - __main__ -   	EPOCH:  32	MiniBatch:    0
02/24/2021 14:41:20 - INFO - __main__ -   	EPOCH:  32	MiniBatch:   10
02/24/2021 14:41:26 - INFO - __main__ -   	EPOCH:  32	MiniBatch:   20
02/24/2021 14:41:26 - INFO - __main__ -   	Testing dev Minibatch:    0
02/24/2021 14:41:28 - INFO - __main__ -   
Labels 	Prec. 	Recall	F1    	Supp  
Denial 	0.5855	0.8100	0.6797	279
Support	0.6322	0.5294	0.5763	289
Comment	0.5797	0.4819	0.5263	249
Queries	0.5789	0.2973	0.3929	37
MacroF1	0.5438
F1w_avg	0.5875
Acc    	59.7

02/24/2021 14:41:28 - INFO - __main__ -   	EPOCH:  33	MiniBatch:    0
02/24/2021 14:41:34 - INFO - __main__ -   	EPOCH:  33	MiniBatch:   10
02/24/2021 14:41:40 - INFO - __main__ -   	EPOCH:  33	MiniBatch:   20
02/24/2021 14:41:40 - INFO - __main__ -   	Testing dev Minibatch:    0
02/24/2021 14:41:42 - INFO - __main__ -   
Labels 	Prec. 	Recall	F1    	Supp  
Denial 	0.5280	0.8459	0.6501	279
Support	0.6559	0.4221	0.5137	289
Comment	0.5951	0.4900	0.5374	249
Queries	0.5625	0.2432	0.3396	37
MacroF1	0.5102
F1w_avg	0.5576
Acc    	57.3

02/24/2021 14:41:42 - INFO - __main__ -   	EPOCH:  34	MiniBatch:    0
02/24/2021 14:41:48 - INFO - __main__ -   	EPOCH:  34	MiniBatch:   10
02/24/2021 14:41:54 - INFO - __main__ -   	EPOCH:  34	MiniBatch:   20
02/24/2021 14:41:54 - INFO - __main__ -   	Testing dev Minibatch:    0
02/24/2021 14:41:56 - INFO - __main__ -   
Labels 	Prec. 	Recall	F1    	Supp  
Denial 	0.5840	0.8100	0.6787	279
Support	0.6093	0.5882	0.5986	289
Comment	0.5943	0.4177	0.4906	249
Queries	0.5385	0.1892	0.2800	37
MacroF1	0.5120
F1w_avg	0.5795
Acc    	59.4

02/24/2021 14:41:56 - INFO - __main__ -   	EPOCH:  35	MiniBatch:    0
02/24/2021 14:42:02 - INFO - __main__ -   	EPOCH:  35	MiniBatch:   10
02/24/2021 14:42:08 - INFO - __main__ -   	EPOCH:  35	MiniBatch:   20
02/24/2021 14:42:08 - INFO - __main__ -   	Testing dev Minibatch:    0
02/24/2021 14:42:10 - INFO - __main__ -   
Labels 	Prec. 	Recall	F1    	Supp  
Denial 	0.5754	0.8208	0.6765	279
Support	0.6208	0.5156	0.5633	289
Comment	0.5789	0.4859	0.5284	249
Queries	0.5714	0.1081	0.1818	37
MacroF1	0.4875
F1w_avg	0.5736
Acc    	58.9

02/24/2021 14:42:10 - INFO - __main__ -   	EPOCH:  36	MiniBatch:    0
02/24/2021 14:42:16 - INFO - __main__ -   	EPOCH:  36	MiniBatch:   10
02/24/2021 14:42:22 - INFO - __main__ -   	EPOCH:  36	MiniBatch:   20
02/24/2021 14:42:22 - INFO - __main__ -   	Testing dev Minibatch:    0
02/24/2021 14:42:24 - INFO - __main__ -   
Labels 	Prec. 	Recall	F1    	Supp  
Denial 	0.5785	0.7921	0.6687	279
Support	0.5811	0.5952	0.5880	289
Comment	0.6352	0.4056	0.4951	249
Queries	0.5294	0.2432	0.3333	37
MacroF1	0.5213
F1w_avg	0.5762
Acc    	58.9

02/24/2021 14:42:24 - INFO - __main__ -   	EPOCH:  37	MiniBatch:    0
02/24/2021 14:42:30 - INFO - __main__ -   	EPOCH:  37	MiniBatch:   10
02/24/2021 14:42:36 - INFO - __main__ -   	EPOCH:  37	MiniBatch:   20
02/24/2021 14:42:36 - INFO - __main__ -   	Testing dev Minibatch:    0
02/24/2021 14:42:38 - INFO - __main__ -   
Labels 	Prec. 	Recall	F1    	Supp  
Denial 	0.5704	0.8280	0.6754	279
Support	0.6416	0.5017	0.5631	289
Comment	0.5896	0.5020	0.5423	249
Queries	0.6364	0.1892	0.2917	37
MacroF1	0.5181
F1w_avg	0.5820
Acc    	59.5

02/24/2021 14:42:38 - INFO - __main__ -   	EPOCH:  38	MiniBatch:    0
02/24/2021 14:42:44 - INFO - __main__ -   	EPOCH:  38	MiniBatch:   10
02/24/2021 14:42:50 - INFO - __main__ -   	EPOCH:  38	MiniBatch:   20
02/24/2021 14:42:50 - INFO - __main__ -   	Testing dev Minibatch:    0
02/24/2021 14:42:51 - INFO - __main__ -   
Labels 	Prec. 	Recall	F1    	Supp  
Denial 	0.5491	0.8423	0.6648	279
Support	0.6736	0.4498	0.5394	289
Comment	0.5727	0.5060	0.5373	249
Queries	0.6154	0.2162	0.3200	37
MacroF1	0.5154
F1w_avg	0.5703
Acc    	58.4

02/24/2021 14:42:52 - INFO - __main__ -   	EPOCH:  39	MiniBatch:    0
02/24/2021 14:42:58 - INFO - __main__ -   	EPOCH:  39	MiniBatch:   10
02/24/2021 14:43:03 - INFO - __main__ -   	EPOCH:  39	MiniBatch:   20
02/24/2021 14:43:04 - INFO - __main__ -   	Testing dev Minibatch:    0
02/24/2021 14:43:05 - INFO - __main__ -   
Labels 	Prec. 	Recall	F1    	Supp  
Denial 	0.5558	0.8387	0.6686	279
Support	0.6552	0.5260	0.5835	289
Comment	0.6085	0.4618	0.5251	249
Queries	0.5833	0.1892	0.2857	37
MacroF1	0.5157
F1w_avg	0.5814
Acc    	59.5

02/24/2021 14:43:06 - INFO - __main__ -   	Testing test Minibatch:    0
02/24/2021 14:43:08 - INFO - __main__ -   
Labels 	Prec. 	Recall	F1    	Supp  
Denial 	0.6240	0.7316	0.6735	313
Support	0.5333	0.5152	0.5241	264
Comment	0.5748	0.4940	0.5313	249
Queries	0.6111	0.3929	0.4783	28
MacroF1	0.5518
F1w_avg	0.5795
Acc    	58.4

02/24/2021 14:43:08 - INFO - __main__ -   Time taken: 0h 9m 47s
