02/25/2021 05:01:20 - INFO - __main__ -   ----------------- Hyperparameters ------------------
02/25/2021 05:01:20 - INFO - __main__ -   ======== my_Bertweet =========
02/25/2021 05:01:20 - INFO - __main__ -   ===== Hyperparameters ======
02/25/2021 05:01:20 - INFO - __main__ -   batch_train: 256
02/25/2021 05:01:20 - INFO - __main__ -   batch_test:  256
02/25/2021 05:01:20 - INFO - __main__ -   epochs: 40 
02/25/2021 05:01:20 - INFO - __main__ -   learning_rate: 0.000010
02/25/2021 05:01:20 - INFO - __main__ -   optimizer: adam
02/25/2021 05:01:20 - INFO - __main__ -   debug: False
02/25/2021 05:01:20 - INFO - __main__ -   ------------------ Getting model -------------------
02/25/2021 05:01:27 - INFO - __main__ -   --------------- Getting dataframes -----------------
02/25/2021 05:01:27 - INFO - __main__ -   ------- Setting loss function and optimizer --------
02/25/2021 05:01:27 - INFO - __main__ -   ------------ Converting to dataloaders -------------
02/25/2021 05:01:27 - INFO - __main__ -   956
02/25/2021 05:01:27 - INFO - __main__ -   816
02/25/2021 05:01:27 - INFO - __main__ -   706
02/25/2021 05:01:27 - INFO - __main__ -   85
02/25/2021 05:01:27 - INFO - __main__ -   ---------------- Starting training -----------------
02/25/2021 05:01:27 - INFO - __main__ -   	EPOCH:   0	MiniBatch:    0
02/25/2021 05:01:30 - INFO - __main__ -   	EPOCH:   0	MiniBatch:    1
02/25/2021 05:01:31 - INFO - __main__ -   	EPOCH:   0	MiniBatch:    2
02/25/2021 05:01:32 - INFO - __main__ -   	EPOCH:   0	MiniBatch:    3
02/25/2021 05:01:33 - INFO - __main__ -   	EPOCH:   0	MiniBatch:    4
02/25/2021 05:01:34 - INFO - __main__ -   	EPOCH:   0	MiniBatch:    5
02/25/2021 05:01:35 - INFO - __main__ -   	EPOCH:   0	MiniBatch:    6
02/25/2021 05:01:36 - INFO - __main__ -   	EPOCH:   0	MiniBatch:    7
02/25/2021 05:01:37 - INFO - __main__ -   	EPOCH:   0	MiniBatch:    8
02/25/2021 05:01:38 - INFO - __main__ -   	EPOCH:   0	MiniBatch:    9
02/25/2021 05:01:39 - INFO - __main__ -   	EPOCH:   0	MiniBatch:   10
02/25/2021 05:01:40 - INFO - __main__ -   	Testing dev Minibatch:    0
02/25/2021 05:01:40 - INFO - __main__ -   	Testing dev Minibatch:    1
02/25/2021 05:01:41 - INFO - __main__ -   	Testing dev Minibatch:    2
02/25/2021 05:01:41 - INFO - __main__ -   	Testing dev Minibatch:    3
02/25/2021 05:01:41 - INFO - __main__ -   
Labels 	Prec. 	Recall	F1    	Supp  
Denial 	0.3000	0.2043	0.2431	279
Support	0.3821	0.7682	0.5103	289
Comment	0.0000	0.0000	0.0000	249
Queries	0.0241	0.0541	0.0333	37
MacroF1	0.1967
F1w_avg	0.2536
Acc    	32.9

02/25/2021 05:01:42 - INFO - __main__ -   	EPOCH:   1	MiniBatch:    0
02/25/2021 05:01:43 - INFO - __main__ -   	EPOCH:   1	MiniBatch:    1
02/25/2021 05:01:44 - INFO - __main__ -   	EPOCH:   1	MiniBatch:    2
02/25/2021 05:01:45 - INFO - __main__ -   	EPOCH:   1	MiniBatch:    3
02/25/2021 05:01:46 - INFO - __main__ -   	EPOCH:   1	MiniBatch:    4
02/25/2021 05:01:47 - INFO - __main__ -   	EPOCH:   1	MiniBatch:    5
02/25/2021 05:01:48 - INFO - __main__ -   	EPOCH:   1	MiniBatch:    6
02/25/2021 05:01:49 - INFO - __main__ -   	EPOCH:   1	MiniBatch:    7
02/25/2021 05:01:50 - INFO - __main__ -   	EPOCH:   1	MiniBatch:    8
02/25/2021 05:01:51 - INFO - __main__ -   	EPOCH:   1	MiniBatch:    9
02/25/2021 05:01:52 - INFO - __main__ -   	EPOCH:   1	MiniBatch:   10
02/25/2021 05:01:52 - INFO - __main__ -   	Testing dev Minibatch:    0
02/25/2021 05:01:53 - INFO - __main__ -   	Testing dev Minibatch:    1
02/25/2021 05:01:53 - INFO - __main__ -   	Testing dev Minibatch:    2
02/25/2021 05:01:53 - INFO - __main__ -   	Testing dev Minibatch:    3
02/25/2021 05:01:54 - INFO - __main__ -   
Labels 	Prec. 	Recall	F1    	Supp  
Denial 	0.3282	0.9964	0.4938	279
Support	0.0000	0.0000	0.0000	289
Comment	0.0000	0.0000	0.0000	249
Queries	0.0000	0.0000	0.0000	37
MacroF1	0.1234
F1w_avg	0.1613
Acc    	32.6

02/25/2021 05:01:54 - INFO - __main__ -   	EPOCH:   2	MiniBatch:    0
02/25/2021 05:01:55 - INFO - __main__ -   	EPOCH:   2	MiniBatch:    1
02/25/2021 05:01:56 - INFO - __main__ -   	EPOCH:   2	MiniBatch:    2
02/25/2021 05:01:57 - INFO - __main__ -   	EPOCH:   2	MiniBatch:    3
02/25/2021 05:01:58 - INFO - __main__ -   	EPOCH:   2	MiniBatch:    4
02/25/2021 05:01:59 - INFO - __main__ -   	EPOCH:   2	MiniBatch:    5
02/25/2021 05:02:00 - INFO - __main__ -   	EPOCH:   2	MiniBatch:    6
02/25/2021 05:02:01 - INFO - __main__ -   	EPOCH:   2	MiniBatch:    7
02/25/2021 05:02:02 - INFO - __main__ -   	EPOCH:   2	MiniBatch:    8
02/25/2021 05:02:03 - INFO - __main__ -   	EPOCH:   2	MiniBatch:    9
02/25/2021 05:02:04 - INFO - __main__ -   	EPOCH:   2	MiniBatch:   10
02/25/2021 05:02:04 - INFO - __main__ -   	Testing dev Minibatch:    0
02/25/2021 05:02:05 - INFO - __main__ -   	Testing dev Minibatch:    1
02/25/2021 05:02:05 - INFO - __main__ -   	Testing dev Minibatch:    2
02/25/2021 05:02:05 - INFO - __main__ -   	Testing dev Minibatch:    3
02/25/2021 05:02:06 - INFO - __main__ -   
Labels 	Prec. 	Recall	F1    	Supp  
Denial 	0.3111	0.0502	0.0864	279
Support	0.3968	0.8581	0.5427	289
Comment	0.6301	0.1847	0.2857	249
Queries	0.0631	0.1892	0.0946	37
MacroF1	0.2523
F1w_avg	0.2993
Acc    	36.9

02/25/2021 05:02:07 - INFO - __main__ -   	EPOCH:   3	MiniBatch:    0
02/25/2021 05:02:08 - INFO - __main__ -   	EPOCH:   3	MiniBatch:    1
02/25/2021 05:02:10 - INFO - __main__ -   	EPOCH:   3	MiniBatch:    2
02/25/2021 05:02:11 - INFO - __main__ -   	EPOCH:   3	MiniBatch:    3
02/25/2021 05:02:12 - INFO - __main__ -   	EPOCH:   3	MiniBatch:    4
02/25/2021 05:02:13 - INFO - __main__ -   	EPOCH:   3	MiniBatch:    5
02/25/2021 05:02:14 - INFO - __main__ -   	EPOCH:   3	MiniBatch:    6
02/25/2021 05:02:15 - INFO - __main__ -   	EPOCH:   3	MiniBatch:    7
02/25/2021 05:02:16 - INFO - __main__ -   	EPOCH:   3	MiniBatch:    8
02/25/2021 05:02:17 - INFO - __main__ -   	EPOCH:   3	MiniBatch:    9
02/25/2021 05:02:18 - INFO - __main__ -   	EPOCH:   3	MiniBatch:   10
02/25/2021 05:02:18 - INFO - __main__ -   	Testing dev Minibatch:    0
02/25/2021 05:02:18 - INFO - __main__ -   	Testing dev Minibatch:    1
02/25/2021 05:02:19 - INFO - __main__ -   	Testing dev Minibatch:    2
02/25/2021 05:02:19 - INFO - __main__ -   	Testing dev Minibatch:    3
02/25/2021 05:02:19 - INFO - __main__ -   
Labels 	Prec. 	Recall	F1    	Supp  
Denial 	0.0000	0.0000	0.0000	279
Support	0.4415	0.7578	0.5580	289
Comment	0.4576	0.3253	0.3803	249
Queries	0.0722	0.3514	0.1198	37
MacroF1	0.2645
F1w_avg	0.3049
Acc    	36.7

02/25/2021 05:02:21 - INFO - __main__ -   	EPOCH:   4	MiniBatch:    0
02/25/2021 05:02:22 - INFO - __main__ -   	EPOCH:   4	MiniBatch:    1
02/25/2021 05:02:23 - INFO - __main__ -   	EPOCH:   4	MiniBatch:    2
02/25/2021 05:02:24 - INFO - __main__ -   	EPOCH:   4	MiniBatch:    3
02/25/2021 05:02:25 - INFO - __main__ -   	EPOCH:   4	MiniBatch:    4
02/25/2021 05:02:26 - INFO - __main__ -   	EPOCH:   4	MiniBatch:    5
02/25/2021 05:02:27 - INFO - __main__ -   	EPOCH:   4	MiniBatch:    6
02/25/2021 05:02:28 - INFO - __main__ -   	EPOCH:   4	MiniBatch:    7
02/25/2021 05:02:29 - INFO - __main__ -   	EPOCH:   4	MiniBatch:    8
02/25/2021 05:02:30 - INFO - __main__ -   	EPOCH:   4	MiniBatch:    9
02/25/2021 05:02:31 - INFO - __main__ -   	EPOCH:   4	MiniBatch:   10
02/25/2021 05:02:32 - INFO - __main__ -   	Testing dev Minibatch:    0
02/25/2021 05:02:32 - INFO - __main__ -   	Testing dev Minibatch:    1
02/25/2021 05:02:33 - INFO - __main__ -   	Testing dev Minibatch:    2
02/25/2021 05:02:33 - INFO - __main__ -   	Testing dev Minibatch:    3
02/25/2021 05:02:33 - INFO - __main__ -   
Labels 	Prec. 	Recall	F1    	Supp  
Denial 	0.4022	0.2581	0.3144	279
Support	0.4645	0.6574	0.5444	289
Comment	0.5882	0.0402	0.0752	249
Queries	0.0723	0.4865	0.1259	37
MacroF1	0.2650
F1w_avg	0.3143
Acc    	34.0

02/25/2021 05:02:35 - INFO - __main__ -   	EPOCH:   5	MiniBatch:    0
02/25/2021 05:02:36 - INFO - __main__ -   	EPOCH:   5	MiniBatch:    1
02/25/2021 05:02:37 - INFO - __main__ -   	EPOCH:   5	MiniBatch:    2
02/25/2021 05:02:38 - INFO - __main__ -   	EPOCH:   5	MiniBatch:    3
02/25/2021 05:02:39 - INFO - __main__ -   	EPOCH:   5	MiniBatch:    4
02/25/2021 05:02:40 - INFO - __main__ -   	EPOCH:   5	MiniBatch:    5
02/25/2021 05:02:41 - INFO - __main__ -   	EPOCH:   5	MiniBatch:    6
02/25/2021 05:02:42 - INFO - __main__ -   	EPOCH:   5	MiniBatch:    7
02/25/2021 05:02:43 - INFO - __main__ -   	EPOCH:   5	MiniBatch:    8
02/25/2021 05:02:44 - INFO - __main__ -   	EPOCH:   5	MiniBatch:    9
02/25/2021 05:02:45 - INFO - __main__ -   	EPOCH:   5	MiniBatch:   10
02/25/2021 05:02:45 - INFO - __main__ -   	Testing dev Minibatch:    0
02/25/2021 05:02:46 - INFO - __main__ -   	Testing dev Minibatch:    1
02/25/2021 05:02:46 - INFO - __main__ -   	Testing dev Minibatch:    2
02/25/2021 05:02:47 - INFO - __main__ -   	Testing dev Minibatch:    3
02/25/2021 05:02:47 - INFO - __main__ -   
Labels 	Prec. 	Recall	F1    	Supp  
Denial 	0.4057	0.2545	0.3128	279
Support	0.4632	0.6747	0.5493	289
Comment	0.4793	0.2329	0.3135	249
Queries	0.0876	0.3243	0.1379	37
MacroF1	0.3284
F1w_avg	0.3855
Acc    	39.3

02/25/2021 05:02:49 - INFO - __main__ -   	EPOCH:   6	MiniBatch:    0
02/25/2021 05:02:50 - INFO - __main__ -   	EPOCH:   6	MiniBatch:    1
02/25/2021 05:02:51 - INFO - __main__ -   	EPOCH:   6	MiniBatch:    2
02/25/2021 05:02:52 - INFO - __main__ -   	EPOCH:   6	MiniBatch:    3
02/25/2021 05:02:53 - INFO - __main__ -   	EPOCH:   6	MiniBatch:    4
02/25/2021 05:02:54 - INFO - __main__ -   	EPOCH:   6	MiniBatch:    5
02/25/2021 05:02:55 - INFO - __main__ -   	EPOCH:   6	MiniBatch:    6
02/25/2021 05:02:56 - INFO - __main__ -   	EPOCH:   6	MiniBatch:    7
02/25/2021 05:02:57 - INFO - __main__ -   	EPOCH:   6	MiniBatch:    8
02/25/2021 05:02:58 - INFO - __main__ -   	EPOCH:   6	MiniBatch:    9
02/25/2021 05:02:59 - INFO - __main__ -   	EPOCH:   6	MiniBatch:   10
02/25/2021 05:02:59 - INFO - __main__ -   	Testing dev Minibatch:    0
02/25/2021 05:02:59 - INFO - __main__ -   	Testing dev Minibatch:    1
02/25/2021 05:03:00 - INFO - __main__ -   	Testing dev Minibatch:    2
02/25/2021 05:03:00 - INFO - __main__ -   	Testing dev Minibatch:    3
02/25/2021 05:03:00 - INFO - __main__ -   
Labels 	Prec. 	Recall	F1    	Supp  
Denial 	0.4486	0.2975	0.3578	279
Support	0.4838	0.6713	0.5623	289
Comment	0.4444	0.2731	0.3383	249
Queries	0.0957	0.2973	0.1447	37
MacroF1	0.3508
F1w_avg	0.4121
Acc    	41.7

02/25/2021 05:03:02 - INFO - __main__ -   	EPOCH:   7	MiniBatch:    0
02/25/2021 05:03:03 - INFO - __main__ -   	EPOCH:   7	MiniBatch:    1
02/25/2021 05:03:04 - INFO - __main__ -   	EPOCH:   7	MiniBatch:    2
02/25/2021 05:03:05 - INFO - __main__ -   	EPOCH:   7	MiniBatch:    3
02/25/2021 05:03:06 - INFO - __main__ -   	EPOCH:   7	MiniBatch:    4
02/25/2021 05:03:07 - INFO - __main__ -   	EPOCH:   7	MiniBatch:    5
02/25/2021 05:03:08 - INFO - __main__ -   	EPOCH:   7	MiniBatch:    6
02/25/2021 05:03:09 - INFO - __main__ -   	EPOCH:   7	MiniBatch:    7
02/25/2021 05:03:10 - INFO - __main__ -   	EPOCH:   7	MiniBatch:    8
02/25/2021 05:03:11 - INFO - __main__ -   	EPOCH:   7	MiniBatch:    9
02/25/2021 05:03:12 - INFO - __main__ -   	EPOCH:   7	MiniBatch:   10
02/25/2021 05:03:13 - INFO - __main__ -   	Testing dev Minibatch:    0
02/25/2021 05:03:13 - INFO - __main__ -   	Testing dev Minibatch:    1
02/25/2021 05:03:13 - INFO - __main__ -   	Testing dev Minibatch:    2
02/25/2021 05:03:14 - INFO - __main__ -   	Testing dev Minibatch:    3
02/25/2021 05:03:14 - INFO - __main__ -   
Labels 	Prec. 	Recall	F1    	Supp  
Denial 	0.3909	0.4946	0.4367	279
Support	0.5779	0.3080	0.4018	289
Comment	0.3991	0.3655	0.3816	249
Queries	0.0924	0.2973	0.1410	37
MacroF1	0.3403
F1w_avg	0.3960
Acc    	38.5

02/25/2021 05:03:14 - INFO - __main__ -   	EPOCH:   8	MiniBatch:    0
02/25/2021 05:03:15 - INFO - __main__ -   	EPOCH:   8	MiniBatch:    1
02/25/2021 05:03:16 - INFO - __main__ -   	EPOCH:   8	MiniBatch:    2
02/25/2021 05:03:17 - INFO - __main__ -   	EPOCH:   8	MiniBatch:    3
02/25/2021 05:03:18 - INFO - __main__ -   	EPOCH:   8	MiniBatch:    4
02/25/2021 05:03:19 - INFO - __main__ -   	EPOCH:   8	MiniBatch:    5
02/25/2021 05:03:20 - INFO - __main__ -   	EPOCH:   8	MiniBatch:    6
02/25/2021 05:03:21 - INFO - __main__ -   	EPOCH:   8	MiniBatch:    7
02/25/2021 05:03:22 - INFO - __main__ -   	EPOCH:   8	MiniBatch:    8
02/25/2021 05:03:23 - INFO - __main__ -   	EPOCH:   8	MiniBatch:    9
02/25/2021 05:03:24 - INFO - __main__ -   	EPOCH:   8	MiniBatch:   10
02/25/2021 05:03:25 - INFO - __main__ -   	Testing dev Minibatch:    0
02/25/2021 05:03:25 - INFO - __main__ -   	Testing dev Minibatch:    1
02/25/2021 05:03:26 - INFO - __main__ -   	Testing dev Minibatch:    2
02/25/2021 05:03:26 - INFO - __main__ -   	Testing dev Minibatch:    3
02/25/2021 05:03:26 - INFO - __main__ -   
Labels 	Prec. 	Recall	F1    	Supp  
Denial 	0.4080	0.6595	0.5041	279
Support	0.5612	0.3806	0.4536	289
Comment	0.4771	0.2932	0.3632	249
Queries	0.1481	0.2162	0.1758	37
MacroF1	0.3742
F1w_avg	0.4317
Acc    	43.9

02/25/2021 05:03:28 - INFO - __main__ -   	EPOCH:   9	MiniBatch:    0
02/25/2021 05:03:29 - INFO - __main__ -   	EPOCH:   9	MiniBatch:    1
02/25/2021 05:03:30 - INFO - __main__ -   	EPOCH:   9	MiniBatch:    2
02/25/2021 05:03:31 - INFO - __main__ -   	EPOCH:   9	MiniBatch:    3
02/25/2021 05:03:32 - INFO - __main__ -   	EPOCH:   9	MiniBatch:    4
02/25/2021 05:03:33 - INFO - __main__ -   	EPOCH:   9	MiniBatch:    5
02/25/2021 05:03:34 - INFO - __main__ -   	EPOCH:   9	MiniBatch:    6
02/25/2021 05:03:35 - INFO - __main__ -   	EPOCH:   9	MiniBatch:    7
02/25/2021 05:03:36 - INFO - __main__ -   	EPOCH:   9	MiniBatch:    8
02/25/2021 05:03:37 - INFO - __main__ -   	EPOCH:   9	MiniBatch:    9
02/25/2021 05:03:38 - INFO - __main__ -   	EPOCH:   9	MiniBatch:   10
02/25/2021 05:03:38 - INFO - __main__ -   	Testing dev Minibatch:    0
02/25/2021 05:03:39 - INFO - __main__ -   	Testing dev Minibatch:    1
02/25/2021 05:03:39 - INFO - __main__ -   	Testing dev Minibatch:    2
02/25/2021 05:03:40 - INFO - __main__ -   	Testing dev Minibatch:    3
02/25/2021 05:03:40 - INFO - __main__ -   
Labels 	Prec. 	Recall	F1    	Supp  
Denial 	0.4868	0.3297	0.3932	279
Support	0.4668	0.7785	0.5837	289
Comment	0.4899	0.2932	0.3668	249
Queries	0.2059	0.1892	0.1972	37
MacroF1	0.3852
F1w_avg	0.4415
Acc    	46.5

02/25/2021 05:03:42 - INFO - __main__ -   	EPOCH:  10	MiniBatch:    0
02/25/2021 05:03:43 - INFO - __main__ -   	EPOCH:  10	MiniBatch:    1
02/25/2021 05:03:44 - INFO - __main__ -   	EPOCH:  10	MiniBatch:    2
02/25/2021 05:03:45 - INFO - __main__ -   	EPOCH:  10	MiniBatch:    3
02/25/2021 05:03:46 - INFO - __main__ -   	EPOCH:  10	MiniBatch:    4
02/25/2021 05:03:47 - INFO - __main__ -   	EPOCH:  10	MiniBatch:    5
02/25/2021 05:03:48 - INFO - __main__ -   	EPOCH:  10	MiniBatch:    6
02/25/2021 05:03:49 - INFO - __main__ -   	EPOCH:  10	MiniBatch:    7
02/25/2021 05:03:50 - INFO - __main__ -   	EPOCH:  10	MiniBatch:    8
02/25/2021 05:03:51 - INFO - __main__ -   	EPOCH:  10	MiniBatch:    9
02/25/2021 05:03:52 - INFO - __main__ -   	EPOCH:  10	MiniBatch:   10
02/25/2021 05:03:52 - INFO - __main__ -   	Testing dev Minibatch:    0
02/25/2021 05:03:52 - INFO - __main__ -   	Testing dev Minibatch:    1
02/25/2021 05:03:53 - INFO - __main__ -   	Testing dev Minibatch:    2
02/25/2021 05:03:53 - INFO - __main__ -   	Testing dev Minibatch:    3
02/25/2021 05:03:53 - INFO - __main__ -   
Labels 	Prec. 	Recall	F1    	Supp  
Denial 	0.4665	0.5735	0.5145	279
Support	0.5692	0.5121	0.5392	289
Comment	0.4558	0.4137	0.4337	249
Queries	0.2000	0.1351	0.1613	37
MacroF1	0.4122
F1w_avg	0.4840
Acc    	48.7

02/25/2021 05:03:55 - INFO - __main__ -   	EPOCH:  11	MiniBatch:    0
02/25/2021 05:03:56 - INFO - __main__ -   	EPOCH:  11	MiniBatch:    1
02/25/2021 05:03:57 - INFO - __main__ -   	EPOCH:  11	MiniBatch:    2
02/25/2021 05:03:58 - INFO - __main__ -   	EPOCH:  11	MiniBatch:    3
02/25/2021 05:03:59 - INFO - __main__ -   	EPOCH:  11	MiniBatch:    4
02/25/2021 05:04:00 - INFO - __main__ -   	EPOCH:  11	MiniBatch:    5
02/25/2021 05:04:01 - INFO - __main__ -   	EPOCH:  11	MiniBatch:    6
02/25/2021 05:04:02 - INFO - __main__ -   	EPOCH:  11	MiniBatch:    7
02/25/2021 05:04:03 - INFO - __main__ -   	EPOCH:  11	MiniBatch:    8
02/25/2021 05:04:04 - INFO - __main__ -   	EPOCH:  11	MiniBatch:    9
02/25/2021 05:04:05 - INFO - __main__ -   	EPOCH:  11	MiniBatch:   10
02/25/2021 05:04:06 - INFO - __main__ -   	Testing dev Minibatch:    0
02/25/2021 05:04:06 - INFO - __main__ -   	Testing dev Minibatch:    1
02/25/2021 05:04:07 - INFO - __main__ -   	Testing dev Minibatch:    2
02/25/2021 05:04:07 - INFO - __main__ -   	Testing dev Minibatch:    3
02/25/2021 05:04:07 - INFO - __main__ -   
Labels 	Prec. 	Recall	F1    	Supp  
Denial 	0.4201	0.6882	0.5217	279
Support	0.5762	0.4187	0.4850	289
Comment	0.4819	0.3213	0.3855	249
Queries	0.3333	0.1892	0.2414	37
MacroF1	0.4084
F1w_avg	0.4574
Acc    	46.8

02/25/2021 05:04:07 - INFO - __main__ -   	EPOCH:  12	MiniBatch:    0
02/25/2021 05:04:08 - INFO - __main__ -   	EPOCH:  12	MiniBatch:    1
02/25/2021 05:04:09 - INFO - __main__ -   	EPOCH:  12	MiniBatch:    2
02/25/2021 05:04:10 - INFO - __main__ -   	EPOCH:  12	MiniBatch:    3
02/25/2021 05:04:11 - INFO - __main__ -   	EPOCH:  12	MiniBatch:    4
02/25/2021 05:04:12 - INFO - __main__ -   	EPOCH:  12	MiniBatch:    5
02/25/2021 05:04:13 - INFO - __main__ -   	EPOCH:  12	MiniBatch:    6
02/25/2021 05:04:14 - INFO - __main__ -   	EPOCH:  12	MiniBatch:    7
02/25/2021 05:04:15 - INFO - __main__ -   	EPOCH:  12	MiniBatch:    8
02/25/2021 05:04:16 - INFO - __main__ -   	EPOCH:  12	MiniBatch:    9
02/25/2021 05:04:18 - INFO - __main__ -   	EPOCH:  12	MiniBatch:   10
02/25/2021 05:04:18 - INFO - __main__ -   	Testing dev Minibatch:    0
02/25/2021 05:04:18 - INFO - __main__ -   	Testing dev Minibatch:    1
02/25/2021 05:04:19 - INFO - __main__ -   	Testing dev Minibatch:    2
02/25/2021 05:04:19 - INFO - __main__ -   	Testing dev Minibatch:    3
02/25/2021 05:04:19 - INFO - __main__ -   
Labels 	Prec. 	Recall	F1    	Supp  
Denial 	0.5455	0.4946	0.5188	279
Support	0.5308	0.6263	0.5746	289
Comment	0.4792	0.4618	0.4703	249
Queries	0.3000	0.1622	0.2105	37
MacroF1	0.4436
F1w_avg	0.5102
Acc    	51.5

02/25/2021 05:04:21 - INFO - __main__ -   	EPOCH:  13	MiniBatch:    0
02/25/2021 05:04:22 - INFO - __main__ -   	EPOCH:  13	MiniBatch:    1
02/25/2021 05:04:23 - INFO - __main__ -   	EPOCH:  13	MiniBatch:    2
02/25/2021 05:04:24 - INFO - __main__ -   	EPOCH:  13	MiniBatch:    3
02/25/2021 05:04:25 - INFO - __main__ -   	EPOCH:  13	MiniBatch:    4
02/25/2021 05:04:26 - INFO - __main__ -   	EPOCH:  13	MiniBatch:    5
02/25/2021 05:04:27 - INFO - __main__ -   	EPOCH:  13	MiniBatch:    6
02/25/2021 05:04:28 - INFO - __main__ -   	EPOCH:  13	MiniBatch:    7
02/25/2021 05:04:29 - INFO - __main__ -   	EPOCH:  13	MiniBatch:    8
02/25/2021 05:04:30 - INFO - __main__ -   	EPOCH:  13	MiniBatch:    9
02/25/2021 05:04:31 - INFO - __main__ -   	EPOCH:  13	MiniBatch:   10
02/25/2021 05:04:32 - INFO - __main__ -   	Testing dev Minibatch:    0
02/25/2021 05:04:32 - INFO - __main__ -   	Testing dev Minibatch:    1
02/25/2021 05:04:32 - INFO - __main__ -   	Testing dev Minibatch:    2
02/25/2021 05:04:33 - INFO - __main__ -   	Testing dev Minibatch:    3
02/25/2021 05:04:33 - INFO - __main__ -   
Labels 	Prec. 	Recall	F1    	Supp  
Denial 	0.4898	0.6918	0.5736	279
Support	0.5743	0.4948	0.5316	289
Comment	0.5026	0.3855	0.4364	249
Queries	0.3000	0.1622	0.2105	37
MacroF1	0.4380
F1w_avg	0.5036
Acc    	51.3

02/25/2021 05:04:33 - INFO - __main__ -   	EPOCH:  14	MiniBatch:    0
02/25/2021 05:04:34 - INFO - __main__ -   	EPOCH:  14	MiniBatch:    1
02/25/2021 05:04:35 - INFO - __main__ -   	EPOCH:  14	MiniBatch:    2
02/25/2021 05:04:36 - INFO - __main__ -   	EPOCH:  14	MiniBatch:    3
02/25/2021 05:04:37 - INFO - __main__ -   	EPOCH:  14	MiniBatch:    4
02/25/2021 05:04:38 - INFO - __main__ -   	EPOCH:  14	MiniBatch:    5
02/25/2021 05:04:39 - INFO - __main__ -   	EPOCH:  14	MiniBatch:    6
02/25/2021 05:04:40 - INFO - __main__ -   	EPOCH:  14	MiniBatch:    7
02/25/2021 05:04:41 - INFO - __main__ -   	EPOCH:  14	MiniBatch:    8
02/25/2021 05:04:42 - INFO - __main__ -   	EPOCH:  14	MiniBatch:    9
02/25/2021 05:04:43 - INFO - __main__ -   	EPOCH:  14	MiniBatch:   10
02/25/2021 05:04:44 - INFO - __main__ -   	Testing dev Minibatch:    0
02/25/2021 05:04:44 - INFO - __main__ -   	Testing dev Minibatch:    1
02/25/2021 05:04:44 - INFO - __main__ -   	Testing dev Minibatch:    2
02/25/2021 05:04:45 - INFO - __main__ -   	Testing dev Minibatch:    3
02/25/2021 05:04:45 - INFO - __main__ -   
Labels 	Prec. 	Recall	F1    	Supp  
Denial 	0.6201	0.5090	0.5591	279
Support	0.5531	0.6851	0.6121	289
Comment	0.4720	0.4739	0.4729	249
Queries	0.2941	0.1351	0.1852	37
MacroF1	0.4573
F1w_avg	0.5357
Acc    	54.2

02/25/2021 05:04:47 - INFO - __main__ -   	EPOCH:  15	MiniBatch:    0
02/25/2021 05:04:48 - INFO - __main__ -   	EPOCH:  15	MiniBatch:    1
02/25/2021 05:04:49 - INFO - __main__ -   	EPOCH:  15	MiniBatch:    2
02/25/2021 05:04:50 - INFO - __main__ -   	EPOCH:  15	MiniBatch:    3
02/25/2021 05:04:51 - INFO - __main__ -   	EPOCH:  15	MiniBatch:    4
02/25/2021 05:04:52 - INFO - __main__ -   	EPOCH:  15	MiniBatch:    5
02/25/2021 05:04:53 - INFO - __main__ -   	EPOCH:  15	MiniBatch:    6
02/25/2021 05:04:54 - INFO - __main__ -   	EPOCH:  15	MiniBatch:    7
02/25/2021 05:04:55 - INFO - __main__ -   	EPOCH:  15	MiniBatch:    8
02/25/2021 05:04:56 - INFO - __main__ -   	EPOCH:  15	MiniBatch:    9
02/25/2021 05:04:57 - INFO - __main__ -   	EPOCH:  15	MiniBatch:   10
02/25/2021 05:04:57 - INFO - __main__ -   	Testing dev Minibatch:    0
02/25/2021 05:04:58 - INFO - __main__ -   	Testing dev Minibatch:    1
02/25/2021 05:04:58 - INFO - __main__ -   	Testing dev Minibatch:    2
02/25/2021 05:04:58 - INFO - __main__ -   	Testing dev Minibatch:    3
02/25/2021 05:04:58 - INFO - __main__ -   
Labels 	Prec. 	Recall	F1    	Supp  
Denial 	0.4283	0.8351	0.5662	279
Support	0.6402	0.3633	0.4636	289
Comment	0.5704	0.3092	0.4010	249
Queries	0.2727	0.0811	0.1250	37
MacroF1	0.3890
F1w_avg	0.4642
Acc    	48.9

02/25/2021 05:04:59 - INFO - __main__ -   	EPOCH:  16	MiniBatch:    0
02/25/2021 05:05:00 - INFO - __main__ -   	EPOCH:  16	MiniBatch:    1
02/25/2021 05:05:01 - INFO - __main__ -   	EPOCH:  16	MiniBatch:    2
02/25/2021 05:05:02 - INFO - __main__ -   	EPOCH:  16	MiniBatch:    3
02/25/2021 05:05:03 - INFO - __main__ -   	EPOCH:  16	MiniBatch:    4
02/25/2021 05:05:04 - INFO - __main__ -   	EPOCH:  16	MiniBatch:    5
02/25/2021 05:05:05 - INFO - __main__ -   	EPOCH:  16	MiniBatch:    6
02/25/2021 05:05:06 - INFO - __main__ -   	EPOCH:  16	MiniBatch:    7
02/25/2021 05:05:07 - INFO - __main__ -   	EPOCH:  16	MiniBatch:    8
02/25/2021 05:05:08 - INFO - __main__ -   	EPOCH:  16	MiniBatch:    9
02/25/2021 05:05:09 - INFO - __main__ -   	EPOCH:  16	MiniBatch:   10
02/25/2021 05:05:09 - INFO - __main__ -   	Testing dev Minibatch:    0
02/25/2021 05:05:10 - INFO - __main__ -   	Testing dev Minibatch:    1
02/25/2021 05:05:10 - INFO - __main__ -   	Testing dev Minibatch:    2
02/25/2021 05:05:10 - INFO - __main__ -   	Testing dev Minibatch:    3
02/25/2021 05:05:11 - INFO - __main__ -   
Labels 	Prec. 	Recall	F1    	Supp  
Denial 	0.6022	0.5806	0.5912	279
Support	0.5641	0.6851	0.6187	289
Comment	0.5066	0.4659	0.4854	249
Queries	0.4000	0.0541	0.0952	37
MacroF1	0.4476
F1w_avg	0.5482
Acc    	56.0

02/25/2021 05:05:11 - INFO - __main__ -   	EPOCH:  17	MiniBatch:    0
02/25/2021 05:05:12 - INFO - __main__ -   	EPOCH:  17	MiniBatch:    1
02/25/2021 05:05:13 - INFO - __main__ -   	EPOCH:  17	MiniBatch:    2
02/25/2021 05:05:14 - INFO - __main__ -   	EPOCH:  17	MiniBatch:    3
02/25/2021 05:05:15 - INFO - __main__ -   	EPOCH:  17	MiniBatch:    4
02/25/2021 05:05:16 - INFO - __main__ -   	EPOCH:  17	MiniBatch:    5
02/25/2021 05:05:17 - INFO - __main__ -   	EPOCH:  17	MiniBatch:    6
02/25/2021 05:05:18 - INFO - __main__ -   	EPOCH:  17	MiniBatch:    7
02/25/2021 05:05:19 - INFO - __main__ -   	EPOCH:  17	MiniBatch:    8
02/25/2021 05:05:20 - INFO - __main__ -   	EPOCH:  17	MiniBatch:    9
02/25/2021 05:05:21 - INFO - __main__ -   	EPOCH:  17	MiniBatch:   10
02/25/2021 05:05:21 - INFO - __main__ -   	Testing dev Minibatch:    0
02/25/2021 05:05:22 - INFO - __main__ -   	Testing dev Minibatch:    1
02/25/2021 05:05:22 - INFO - __main__ -   	Testing dev Minibatch:    2
02/25/2021 05:05:22 - INFO - __main__ -   	Testing dev Minibatch:    3
02/25/2021 05:05:23 - INFO - __main__ -   
Labels 	Prec. 	Recall	F1    	Supp  
Denial 	0.5346	0.7204	0.6137	279
Support	0.5890	0.6644	0.6244	289
Comment	0.5956	0.3253	0.4208	249
Queries	0.3125	0.1351	0.1887	37
MacroF1	0.4619
F1w_avg	0.5427
Acc    	56.1

02/25/2021 05:05:24 - INFO - __main__ -   	EPOCH:  18	MiniBatch:    0
02/25/2021 05:05:25 - INFO - __main__ -   	EPOCH:  18	MiniBatch:    1
02/25/2021 05:05:26 - INFO - __main__ -   	EPOCH:  18	MiniBatch:    2
02/25/2021 05:05:27 - INFO - __main__ -   	EPOCH:  18	MiniBatch:    3
02/25/2021 05:05:28 - INFO - __main__ -   	EPOCH:  18	MiniBatch:    4
02/25/2021 05:05:29 - INFO - __main__ -   	EPOCH:  18	MiniBatch:    5
02/25/2021 05:05:30 - INFO - __main__ -   	EPOCH:  18	MiniBatch:    6
02/25/2021 05:05:31 - INFO - __main__ -   	EPOCH:  18	MiniBatch:    7
02/25/2021 05:05:32 - INFO - __main__ -   	EPOCH:  18	MiniBatch:    8
02/25/2021 05:05:33 - INFO - __main__ -   	EPOCH:  18	MiniBatch:    9
02/25/2021 05:05:35 - INFO - __main__ -   	EPOCH:  18	MiniBatch:   10
02/25/2021 05:05:35 - INFO - __main__ -   	Testing dev Minibatch:    0
02/25/2021 05:05:35 - INFO - __main__ -   	Testing dev Minibatch:    1
02/25/2021 05:05:36 - INFO - __main__ -   	Testing dev Minibatch:    2
02/25/2021 05:05:36 - INFO - __main__ -   	Testing dev Minibatch:    3
02/25/2021 05:05:36 - INFO - __main__ -   
Labels 	Prec. 	Recall	F1    	Supp  
Denial 	0.5871	0.6523	0.6180	279
Support	0.6164	0.4948	0.5489	289
Comment	0.4719	0.5743	0.5181	249
Queries	0.4444	0.1081	0.1739	37
MacroF1	0.4647
F1w_avg	0.5463
Acc    	55.3

02/25/2021 05:05:38 - INFO - __main__ -   	EPOCH:  19	MiniBatch:    0
02/25/2021 05:05:39 - INFO - __main__ -   	EPOCH:  19	MiniBatch:    1
02/25/2021 05:05:40 - INFO - __main__ -   	EPOCH:  19	MiniBatch:    2
02/25/2021 05:05:41 - INFO - __main__ -   	EPOCH:  19	MiniBatch:    3
02/25/2021 05:05:42 - INFO - __main__ -   	EPOCH:  19	MiniBatch:    4
02/25/2021 05:05:43 - INFO - __main__ -   	EPOCH:  19	MiniBatch:    5
02/25/2021 05:05:44 - INFO - __main__ -   	EPOCH:  19	MiniBatch:    6
02/25/2021 05:05:45 - INFO - __main__ -   	EPOCH:  19	MiniBatch:    7
02/25/2021 05:05:46 - INFO - __main__ -   	EPOCH:  19	MiniBatch:    8
02/25/2021 05:05:47 - INFO - __main__ -   	EPOCH:  19	MiniBatch:    9
02/25/2021 05:05:48 - INFO - __main__ -   	EPOCH:  19	MiniBatch:   10
02/25/2021 05:05:49 - INFO - __main__ -   	Testing dev Minibatch:    0
02/25/2021 05:05:49 - INFO - __main__ -   	Testing dev Minibatch:    1
02/25/2021 05:05:49 - INFO - __main__ -   	Testing dev Minibatch:    2
02/25/2021 05:05:50 - INFO - __main__ -   	Testing dev Minibatch:    3
02/25/2021 05:05:50 - INFO - __main__ -   
Labels 	Prec. 	Recall	F1    	Supp  
Denial 	0.5397	0.7312	0.6210	279
Support	0.5931	0.6505	0.6205	289
Comment	0.5705	0.3414	0.4271	249
Queries	0.3000	0.0811	0.1277	37
MacroF1	0.4491
F1w_avg	0.5429
Acc    	56.2

02/25/2021 05:05:50 - INFO - __main__ -   	EPOCH:  20	MiniBatch:    0
02/25/2021 05:05:51 - INFO - __main__ -   	EPOCH:  20	MiniBatch:    1
02/25/2021 05:05:52 - INFO - __main__ -   	EPOCH:  20	MiniBatch:    2
02/25/2021 05:05:53 - INFO - __main__ -   	EPOCH:  20	MiniBatch:    3
02/25/2021 05:05:54 - INFO - __main__ -   	EPOCH:  20	MiniBatch:    4
02/25/2021 05:05:55 - INFO - __main__ -   	EPOCH:  20	MiniBatch:    5
02/25/2021 05:05:56 - INFO - __main__ -   	EPOCH:  20	MiniBatch:    6
02/25/2021 05:05:57 - INFO - __main__ -   	EPOCH:  20	MiniBatch:    7
02/25/2021 05:05:58 - INFO - __main__ -   	EPOCH:  20	MiniBatch:    8
02/25/2021 05:05:59 - INFO - __main__ -   	EPOCH:  20	MiniBatch:    9
02/25/2021 05:06:00 - INFO - __main__ -   	EPOCH:  20	MiniBatch:   10
02/25/2021 05:06:01 - INFO - __main__ -   	Testing dev Minibatch:    0
02/25/2021 05:06:01 - INFO - __main__ -   	Testing dev Minibatch:    1
02/25/2021 05:06:01 - INFO - __main__ -   	Testing dev Minibatch:    2
02/25/2021 05:06:02 - INFO - __main__ -   	Testing dev Minibatch:    3
02/25/2021 05:06:02 - INFO - __main__ -   
Labels 	Prec. 	Recall	F1    	Supp  
Denial 	0.5411	0.7312	0.6220	279
Support	0.5979	0.6021	0.6000	289
Comment	0.5531	0.3976	0.4626	249
Queries	0.4286	0.0811	0.1364	37
MacroF1	0.4552
F1w_avg	0.5470
Acc    	56.2

02/25/2021 05:06:02 - INFO - __main__ -   	EPOCH:  21	MiniBatch:    0
02/25/2021 05:06:03 - INFO - __main__ -   	EPOCH:  21	MiniBatch:    1
02/25/2021 05:06:04 - INFO - __main__ -   	EPOCH:  21	MiniBatch:    2
02/25/2021 05:06:05 - INFO - __main__ -   	EPOCH:  21	MiniBatch:    3
02/25/2021 05:06:06 - INFO - __main__ -   	EPOCH:  21	MiniBatch:    4
02/25/2021 05:06:07 - INFO - __main__ -   	EPOCH:  21	MiniBatch:    5
02/25/2021 05:06:08 - INFO - __main__ -   	EPOCH:  21	MiniBatch:    6
02/25/2021 05:06:09 - INFO - __main__ -   	EPOCH:  21	MiniBatch:    7
02/25/2021 05:06:10 - INFO - __main__ -   	EPOCH:  21	MiniBatch:    8
02/25/2021 05:06:11 - INFO - __main__ -   	EPOCH:  21	MiniBatch:    9
02/25/2021 05:06:12 - INFO - __main__ -   	EPOCH:  21	MiniBatch:   10
02/25/2021 05:06:13 - INFO - __main__ -   	Testing dev Minibatch:    0
02/25/2021 05:06:13 - INFO - __main__ -   	Testing dev Minibatch:    1
02/25/2021 05:06:14 - INFO - __main__ -   	Testing dev Minibatch:    2
02/25/2021 05:06:14 - INFO - __main__ -   	Testing dev Minibatch:    3
02/25/2021 05:06:14 - INFO - __main__ -   
Labels 	Prec. 	Recall	F1    	Supp  
Denial 	0.6195	0.6595	0.6389	279
Support	0.5668	0.6609	0.6102	289
Comment	0.5385	0.4498	0.4902	249
Queries	0.4167	0.1351	0.2041	37
MacroF1	0.4858
F1w_avg	0.5670
Acc    	57.6

02/25/2021 05:06:16 - INFO - __main__ -   	EPOCH:  22	MiniBatch:    0
02/25/2021 05:06:17 - INFO - __main__ -   	EPOCH:  22	MiniBatch:    1
02/25/2021 05:06:18 - INFO - __main__ -   	EPOCH:  22	MiniBatch:    2
02/25/2021 05:06:19 - INFO - __main__ -   	EPOCH:  22	MiniBatch:    3
02/25/2021 05:06:20 - INFO - __main__ -   	EPOCH:  22	MiniBatch:    4
02/25/2021 05:06:21 - INFO - __main__ -   	EPOCH:  22	MiniBatch:    5
02/25/2021 05:06:22 - INFO - __main__ -   	EPOCH:  22	MiniBatch:    6
02/25/2021 05:06:23 - INFO - __main__ -   	EPOCH:  22	MiniBatch:    7
02/25/2021 05:06:24 - INFO - __main__ -   	EPOCH:  22	MiniBatch:    8
02/25/2021 05:06:25 - INFO - __main__ -   	EPOCH:  22	MiniBatch:    9
02/25/2021 05:06:26 - INFO - __main__ -   	EPOCH:  22	MiniBatch:   10
02/25/2021 05:06:26 - INFO - __main__ -   	Testing dev Minibatch:    0
02/25/2021 05:06:27 - INFO - __main__ -   	Testing dev Minibatch:    1
02/25/2021 05:06:27 - INFO - __main__ -   	Testing dev Minibatch:    2
02/25/2021 05:06:28 - INFO - __main__ -   	Testing dev Minibatch:    3
02/25/2021 05:06:28 - INFO - __main__ -   
Labels 	Prec. 	Recall	F1    	Supp  
Denial 	0.5022	0.8172	0.6221	279
Support	0.6068	0.4325	0.5051	289
Comment	0.5464	0.4016	0.4630	249
Queries	0.2727	0.0811	0.1250	37
MacroF1	0.4288
F1w_avg	0.5146
Acc    	53.4

02/25/2021 05:06:28 - INFO - __main__ -   	EPOCH:  23	MiniBatch:    0
02/25/2021 05:06:29 - INFO - __main__ -   	EPOCH:  23	MiniBatch:    1
02/25/2021 05:06:30 - INFO - __main__ -   	EPOCH:  23	MiniBatch:    2
02/25/2021 05:06:31 - INFO - __main__ -   	EPOCH:  23	MiniBatch:    3
02/25/2021 05:06:32 - INFO - __main__ -   	EPOCH:  23	MiniBatch:    4
02/25/2021 05:06:33 - INFO - __main__ -   	EPOCH:  23	MiniBatch:    5
02/25/2021 05:06:34 - INFO - __main__ -   	EPOCH:  23	MiniBatch:    6
02/25/2021 05:06:35 - INFO - __main__ -   	EPOCH:  23	MiniBatch:    7
02/25/2021 05:06:36 - INFO - __main__ -   	EPOCH:  23	MiniBatch:    8
02/25/2021 05:06:37 - INFO - __main__ -   	EPOCH:  23	MiniBatch:    9
02/25/2021 05:06:38 - INFO - __main__ -   	EPOCH:  23	MiniBatch:   10
02/25/2021 05:06:39 - INFO - __main__ -   	Testing dev Minibatch:    0
02/25/2021 05:06:39 - INFO - __main__ -   	Testing dev Minibatch:    1
02/25/2021 05:06:39 - INFO - __main__ -   	Testing dev Minibatch:    2
02/25/2021 05:06:40 - INFO - __main__ -   	Testing dev Minibatch:    3
02/25/2021 05:06:40 - INFO - __main__ -   
Labels 	Prec. 	Recall	F1    	Supp  
Denial 	0.5908	0.6882	0.6358	279
Support	0.6085	0.4948	0.5458	289
Comment	0.4894	0.5542	0.5198	249
Queries	0.3333	0.1081	0.1633	37
MacroF1	0.4662
F1w_avg	0.5510
Acc    	55.9

02/25/2021 05:06:40 - INFO - __main__ -   	EPOCH:  24	MiniBatch:    0
02/25/2021 05:06:41 - INFO - __main__ -   	EPOCH:  24	MiniBatch:    1
02/25/2021 05:06:42 - INFO - __main__ -   	EPOCH:  24	MiniBatch:    2
02/25/2021 05:06:43 - INFO - __main__ -   	EPOCH:  24	MiniBatch:    3
02/25/2021 05:06:44 - INFO - __main__ -   	EPOCH:  24	MiniBatch:    4
02/25/2021 05:06:45 - INFO - __main__ -   	EPOCH:  24	MiniBatch:    5
02/25/2021 05:06:46 - INFO - __main__ -   	EPOCH:  24	MiniBatch:    6
02/25/2021 05:06:47 - INFO - __main__ -   	EPOCH:  24	MiniBatch:    7
02/25/2021 05:06:48 - INFO - __main__ -   	EPOCH:  24	MiniBatch:    8
02/25/2021 05:06:49 - INFO - __main__ -   	EPOCH:  24	MiniBatch:    9
02/25/2021 05:06:50 - INFO - __main__ -   	EPOCH:  24	MiniBatch:   10
02/25/2021 05:06:51 - INFO - __main__ -   	Testing dev Minibatch:    0
02/25/2021 05:06:51 - INFO - __main__ -   	Testing dev Minibatch:    1
02/25/2021 05:06:51 - INFO - __main__ -   	Testing dev Minibatch:    2
02/25/2021 05:06:52 - INFO - __main__ -   	Testing dev Minibatch:    3
02/25/2021 05:06:52 - INFO - __main__ -   
Labels 	Prec. 	Recall	F1    	Supp  
Denial 	0.6259	0.6237	0.6248	279
Support	0.6007	0.5571	0.5781	289
Comment	0.4626	0.5221	0.4906	249
Queries	0.2222	0.1622	0.1875	37
MacroF1	0.4702
F1w_avg	0.5509
Acc    	55.2

02/25/2021 05:06:52 - INFO - __main__ -   	EPOCH:  25	MiniBatch:    0
02/25/2021 05:06:53 - INFO - __main__ -   	EPOCH:  25	MiniBatch:    1
02/25/2021 05:06:54 - INFO - __main__ -   	EPOCH:  25	MiniBatch:    2
02/25/2021 05:06:55 - INFO - __main__ -   	EPOCH:  25	MiniBatch:    3
02/25/2021 05:06:56 - INFO - __main__ -   	EPOCH:  25	MiniBatch:    4
02/25/2021 05:06:57 - INFO - __main__ -   	EPOCH:  25	MiniBatch:    5
02/25/2021 05:06:58 - INFO - __main__ -   	EPOCH:  25	MiniBatch:    6
02/25/2021 05:06:59 - INFO - __main__ -   	EPOCH:  25	MiniBatch:    7
02/25/2021 05:07:00 - INFO - __main__ -   	EPOCH:  25	MiniBatch:    8
02/25/2021 05:07:01 - INFO - __main__ -   	EPOCH:  25	MiniBatch:    9
02/25/2021 05:07:02 - INFO - __main__ -   	EPOCH:  25	MiniBatch:   10
02/25/2021 05:07:03 - INFO - __main__ -   	Testing dev Minibatch:    0
02/25/2021 05:07:03 - INFO - __main__ -   	Testing dev Minibatch:    1
02/25/2021 05:07:03 - INFO - __main__ -   	Testing dev Minibatch:    2
02/25/2021 05:07:04 - INFO - __main__ -   	Testing dev Minibatch:    3
02/25/2021 05:07:04 - INFO - __main__ -   
Labels 	Prec. 	Recall	F1    	Supp  
Denial 	0.5532	0.7634	0.6416	279
Support	0.6384	0.4948	0.5575	289
Comment	0.5378	0.4859	0.5105	249
Queries	0.3500	0.1892	0.2456	37
MacroF1	0.4888
F1w_avg	0.5578
Acc    	56.7

02/25/2021 05:07:06 - INFO - __main__ -   	EPOCH:  26	MiniBatch:    0
02/25/2021 05:07:07 - INFO - __main__ -   	EPOCH:  26	MiniBatch:    1
02/25/2021 05:07:08 - INFO - __main__ -   	EPOCH:  26	MiniBatch:    2
02/25/2021 05:07:09 - INFO - __main__ -   	EPOCH:  26	MiniBatch:    3
02/25/2021 05:07:10 - INFO - __main__ -   	EPOCH:  26	MiniBatch:    4
02/25/2021 05:07:11 - INFO - __main__ -   	EPOCH:  26	MiniBatch:    5
02/25/2021 05:07:12 - INFO - __main__ -   	EPOCH:  26	MiniBatch:    6
02/25/2021 05:07:13 - INFO - __main__ -   	EPOCH:  26	MiniBatch:    7
02/25/2021 05:07:14 - INFO - __main__ -   	EPOCH:  26	MiniBatch:    8
02/25/2021 05:07:15 - INFO - __main__ -   	EPOCH:  26	MiniBatch:    9
02/25/2021 05:07:16 - INFO - __main__ -   	EPOCH:  26	MiniBatch:   10
02/25/2021 05:07:16 - INFO - __main__ -   	Testing dev Minibatch:    0
02/25/2021 05:07:17 - INFO - __main__ -   	Testing dev Minibatch:    1
02/25/2021 05:07:17 - INFO - __main__ -   	Testing dev Minibatch:    2
02/25/2021 05:07:17 - INFO - __main__ -   	Testing dev Minibatch:    3
02/25/2021 05:07:18 - INFO - __main__ -   
Labels 	Prec. 	Recall	F1    	Supp  
Denial 	0.6583	0.6559	0.6571	279
Support	0.5859	0.6021	0.5939	289
Comment	0.5038	0.5382	0.5204	249
Queries	0.3846	0.1351	0.2000	37
MacroF1	0.4928
F1w_avg	0.5760
Acc    	58.1

02/25/2021 05:07:19 - INFO - __main__ -   	EPOCH:  27	MiniBatch:    0
02/25/2021 05:07:20 - INFO - __main__ -   	EPOCH:  27	MiniBatch:    1
02/25/2021 05:07:21 - INFO - __main__ -   	EPOCH:  27	MiniBatch:    2
02/25/2021 05:07:22 - INFO - __main__ -   	EPOCH:  27	MiniBatch:    3
02/25/2021 05:07:23 - INFO - __main__ -   	EPOCH:  27	MiniBatch:    4
02/25/2021 05:07:24 - INFO - __main__ -   	EPOCH:  27	MiniBatch:    5
02/25/2021 05:07:25 - INFO - __main__ -   	EPOCH:  27	MiniBatch:    6
02/25/2021 05:07:26 - INFO - __main__ -   	EPOCH:  27	MiniBatch:    7
02/25/2021 05:07:28 - INFO - __main__ -   	EPOCH:  27	MiniBatch:    8
02/25/2021 05:07:29 - INFO - __main__ -   	EPOCH:  27	MiniBatch:    9
02/25/2021 05:07:30 - INFO - __main__ -   	EPOCH:  27	MiniBatch:   10
02/25/2021 05:07:30 - INFO - __main__ -   	Testing dev Minibatch:    0
02/25/2021 05:07:30 - INFO - __main__ -   	Testing dev Minibatch:    1
02/25/2021 05:07:31 - INFO - __main__ -   	Testing dev Minibatch:    2
02/25/2021 05:07:31 - INFO - __main__ -   	Testing dev Minibatch:    3
02/25/2021 05:07:31 - INFO - __main__ -   
Labels 	Prec. 	Recall	F1    	Supp  
Denial 	0.5441	0.7957	0.6463	279
Support	0.6456	0.4602	0.5374	289
Comment	0.5357	0.4819	0.5074	249
Queries	0.3125	0.1351	0.1887	37
MacroF1	0.4699
F1w_avg	0.5491
Acc    	56.2

02/25/2021 05:07:31 - INFO - __main__ -   	EPOCH:  28	MiniBatch:    0
02/25/2021 05:07:32 - INFO - __main__ -   	EPOCH:  28	MiniBatch:    1
02/25/2021 05:07:33 - INFO - __main__ -   	EPOCH:  28	MiniBatch:    2
02/25/2021 05:07:35 - INFO - __main__ -   	EPOCH:  28	MiniBatch:    3
02/25/2021 05:07:36 - INFO - __main__ -   	EPOCH:  28	MiniBatch:    4
02/25/2021 05:07:37 - INFO - __main__ -   	EPOCH:  28	MiniBatch:    5
02/25/2021 05:07:38 - INFO - __main__ -   	EPOCH:  28	MiniBatch:    6
02/25/2021 05:07:39 - INFO - __main__ -   	EPOCH:  28	MiniBatch:    7
02/25/2021 05:07:40 - INFO - __main__ -   	EPOCH:  28	MiniBatch:    8
02/25/2021 05:07:41 - INFO - __main__ -   	EPOCH:  28	MiniBatch:    9
02/25/2021 05:07:42 - INFO - __main__ -   	EPOCH:  28	MiniBatch:   10
02/25/2021 05:07:42 - INFO - __main__ -   	Testing dev Minibatch:    0
02/25/2021 05:07:42 - INFO - __main__ -   	Testing dev Minibatch:    1
02/25/2021 05:07:43 - INFO - __main__ -   	Testing dev Minibatch:    2
02/25/2021 05:07:43 - INFO - __main__ -   	Testing dev Minibatch:    3
02/25/2021 05:07:43 - INFO - __main__ -   
Labels 	Prec. 	Recall	F1    	Supp  
Denial 	0.6373	0.6738	0.6551	279
Support	0.6101	0.5848	0.5972	289
Comment	0.5019	0.5422	0.5212	249
Queries	0.3846	0.1351	0.2000	37
MacroF1	0.4934
F1w_avg	0.5767
Acc    	58.2

02/25/2021 05:07:45 - INFO - __main__ -   	EPOCH:  29	MiniBatch:    0
02/25/2021 05:07:46 - INFO - __main__ -   	EPOCH:  29	MiniBatch:    1
02/25/2021 05:07:47 - INFO - __main__ -   	EPOCH:  29	MiniBatch:    2
02/25/2021 05:07:48 - INFO - __main__ -   	EPOCH:  29	MiniBatch:    3
02/25/2021 05:07:49 - INFO - __main__ -   	EPOCH:  29	MiniBatch:    4
02/25/2021 05:07:50 - INFO - __main__ -   	EPOCH:  29	MiniBatch:    5
02/25/2021 05:07:51 - INFO - __main__ -   	EPOCH:  29	MiniBatch:    6
02/25/2021 05:07:52 - INFO - __main__ -   	EPOCH:  29	MiniBatch:    7
02/25/2021 05:07:53 - INFO - __main__ -   	EPOCH:  29	MiniBatch:    8
02/25/2021 05:07:54 - INFO - __main__ -   	EPOCH:  29	MiniBatch:    9
02/25/2021 05:07:55 - INFO - __main__ -   	EPOCH:  29	MiniBatch:   10
02/25/2021 05:07:56 - INFO - __main__ -   	Testing dev Minibatch:    0
02/25/2021 05:07:56 - INFO - __main__ -   	Testing dev Minibatch:    1
02/25/2021 05:07:56 - INFO - __main__ -   	Testing dev Minibatch:    2
02/25/2021 05:07:57 - INFO - __main__ -   	Testing dev Minibatch:    3
02/25/2021 05:07:57 - INFO - __main__ -   
Labels 	Prec. 	Recall	F1    	Supp  
Denial 	0.5884	0.7276	0.6506	279
Support	0.6225	0.5363	0.5762	289
Comment	0.5062	0.4940	0.5000	249
Queries	0.2941	0.1351	0.1852	37
MacroF1	0.4780
F1w_avg	0.5614
Acc    	56.9

02/25/2021 05:07:57 - INFO - __main__ -   	EPOCH:  30	MiniBatch:    0
02/25/2021 05:07:58 - INFO - __main__ -   	EPOCH:  30	MiniBatch:    1
02/25/2021 05:07:59 - INFO - __main__ -   	EPOCH:  30	MiniBatch:    2
02/25/2021 05:08:00 - INFO - __main__ -   	EPOCH:  30	MiniBatch:    3
02/25/2021 05:08:01 - INFO - __main__ -   	EPOCH:  30	MiniBatch:    4
02/25/2021 05:08:02 - INFO - __main__ -   	EPOCH:  30	MiniBatch:    5
02/25/2021 05:08:03 - INFO - __main__ -   	EPOCH:  30	MiniBatch:    6
02/25/2021 05:08:04 - INFO - __main__ -   	EPOCH:  30	MiniBatch:    7
02/25/2021 05:08:05 - INFO - __main__ -   	EPOCH:  30	MiniBatch:    8
02/25/2021 05:08:06 - INFO - __main__ -   	EPOCH:  30	MiniBatch:    9
02/25/2021 05:08:07 - INFO - __main__ -   	EPOCH:  30	MiniBatch:   10
02/25/2021 05:08:08 - INFO - __main__ -   	Testing dev Minibatch:    0
02/25/2021 05:08:08 - INFO - __main__ -   	Testing dev Minibatch:    1
02/25/2021 05:08:08 - INFO - __main__ -   	Testing dev Minibatch:    2
02/25/2021 05:08:09 - INFO - __main__ -   	Testing dev Minibatch:    3
02/25/2021 05:08:09 - INFO - __main__ -   
Labels 	Prec. 	Recall	F1    	Supp  
Denial 	0.5789	0.7491	0.6531	279
Support	0.6287	0.5156	0.5665	289
Comment	0.5353	0.5181	0.5265	249
Queries	0.4000	0.1622	0.2308	37
MacroF1	0.4942
F1w_avg	0.5686
Acc    	57.7

02/25/2021 05:08:11 - INFO - __main__ -   	EPOCH:  31	MiniBatch:    0
02/25/2021 05:08:12 - INFO - __main__ -   	EPOCH:  31	MiniBatch:    1
02/25/2021 05:08:13 - INFO - __main__ -   	EPOCH:  31	MiniBatch:    2
02/25/2021 05:08:14 - INFO - __main__ -   	EPOCH:  31	MiniBatch:    3
02/25/2021 05:08:15 - INFO - __main__ -   	EPOCH:  31	MiniBatch:    4
02/25/2021 05:08:16 - INFO - __main__ -   	EPOCH:  31	MiniBatch:    5
02/25/2021 05:08:17 - INFO - __main__ -   	EPOCH:  31	MiniBatch:    6
02/25/2021 05:08:18 - INFO - __main__ -   	EPOCH:  31	MiniBatch:    7
02/25/2021 05:08:19 - INFO - __main__ -   	EPOCH:  31	MiniBatch:    8
02/25/2021 05:08:20 - INFO - __main__ -   	EPOCH:  31	MiniBatch:    9
02/25/2021 05:08:21 - INFO - __main__ -   	EPOCH:  31	MiniBatch:   10
02/25/2021 05:08:21 - INFO - __main__ -   	Testing dev Minibatch:    0
02/25/2021 05:08:22 - INFO - __main__ -   	Testing dev Minibatch:    1
02/25/2021 05:08:22 - INFO - __main__ -   	Testing dev Minibatch:    2
02/25/2021 05:08:22 - INFO - __main__ -   	Testing dev Minibatch:    3
02/25/2021 05:08:23 - INFO - __main__ -   
Labels 	Prec. 	Recall	F1    	Supp  
Denial 	0.5687	0.7419	0.6439	279
Support	0.6379	0.3841	0.4795	289
Comment	0.4589	0.5382	0.4954	249
Queries	0.3333	0.2162	0.2623	37
MacroF1	0.4703
F1w_avg	0.5284
Acc    	53.9

02/25/2021 05:08:23 - INFO - __main__ -   	EPOCH:  32	MiniBatch:    0
02/25/2021 05:08:24 - INFO - __main__ -   	EPOCH:  32	MiniBatch:    1
02/25/2021 05:08:25 - INFO - __main__ -   	EPOCH:  32	MiniBatch:    2
02/25/2021 05:08:26 - INFO - __main__ -   	EPOCH:  32	MiniBatch:    3
02/25/2021 05:08:27 - INFO - __main__ -   	EPOCH:  32	MiniBatch:    4
02/25/2021 05:08:28 - INFO - __main__ -   	EPOCH:  32	MiniBatch:    5
02/25/2021 05:08:29 - INFO - __main__ -   	EPOCH:  32	MiniBatch:    6
02/25/2021 05:08:30 - INFO - __main__ -   	EPOCH:  32	MiniBatch:    7
02/25/2021 05:08:31 - INFO - __main__ -   	EPOCH:  32	MiniBatch:    8
02/25/2021 05:08:32 - INFO - __main__ -   	EPOCH:  32	MiniBatch:    9
02/25/2021 05:08:33 - INFO - __main__ -   	EPOCH:  32	MiniBatch:   10
02/25/2021 05:08:33 - INFO - __main__ -   	Testing dev Minibatch:    0
02/25/2021 05:08:34 - INFO - __main__ -   	Testing dev Minibatch:    1
02/25/2021 05:08:34 - INFO - __main__ -   	Testing dev Minibatch:    2
02/25/2021 05:08:35 - INFO - __main__ -   	Testing dev Minibatch:    3
02/25/2021 05:08:35 - INFO - __main__ -   
Labels 	Prec. 	Recall	F1    	Supp  
Denial 	0.5867	0.7276	0.6496	279
Support	0.6497	0.4429	0.5267	289
Comment	0.4829	0.5663	0.5213	249
Queries	0.3158	0.1622	0.2143	37
MacroF1	0.4780
F1w_avg	0.5517
Acc    	56.0

02/25/2021 05:08:35 - INFO - __main__ -   	EPOCH:  33	MiniBatch:    0
02/25/2021 05:08:36 - INFO - __main__ -   	EPOCH:  33	MiniBatch:    1
02/25/2021 05:08:37 - INFO - __main__ -   	EPOCH:  33	MiniBatch:    2
02/25/2021 05:08:38 - INFO - __main__ -   	EPOCH:  33	MiniBatch:    3
02/25/2021 05:08:39 - INFO - __main__ -   	EPOCH:  33	MiniBatch:    4
02/25/2021 05:08:40 - INFO - __main__ -   	EPOCH:  33	MiniBatch:    5
02/25/2021 05:08:41 - INFO - __main__ -   	EPOCH:  33	MiniBatch:    6
02/25/2021 05:08:42 - INFO - __main__ -   	EPOCH:  33	MiniBatch:    7
02/25/2021 05:08:43 - INFO - __main__ -   	EPOCH:  33	MiniBatch:    8
02/25/2021 05:08:44 - INFO - __main__ -   	EPOCH:  33	MiniBatch:    9
02/25/2021 05:08:45 - INFO - __main__ -   	EPOCH:  33	MiniBatch:   10
02/25/2021 05:08:45 - INFO - __main__ -   	Testing dev Minibatch:    0
02/25/2021 05:08:46 - INFO - __main__ -   	Testing dev Minibatch:    1
02/25/2021 05:08:46 - INFO - __main__ -   	Testing dev Minibatch:    2
02/25/2021 05:08:47 - INFO - __main__ -   	Testing dev Minibatch:    3
02/25/2021 05:08:47 - INFO - __main__ -   
Labels 	Prec. 	Recall	F1    	Supp  
Denial 	0.6522	0.6452	0.6486	279
Support	0.6449	0.4775	0.5487	289
Comment	0.4461	0.5984	0.5111	249
Queries	0.3000	0.2432	0.2687	37
MacroF1	0.4943
F1w_avg	0.5583
Acc    	55.7

02/25/2021 05:08:49 - INFO - __main__ -   	EPOCH:  34	MiniBatch:    0
02/25/2021 05:08:50 - INFO - __main__ -   	EPOCH:  34	MiniBatch:    1
02/25/2021 05:08:51 - INFO - __main__ -   	EPOCH:  34	MiniBatch:    2
02/25/2021 05:08:52 - INFO - __main__ -   	EPOCH:  34	MiniBatch:    3
02/25/2021 05:08:53 - INFO - __main__ -   	EPOCH:  34	MiniBatch:    4
02/25/2021 05:08:54 - INFO - __main__ -   	EPOCH:  34	MiniBatch:    5
02/25/2021 05:08:55 - INFO - __main__ -   	EPOCH:  34	MiniBatch:    6
02/25/2021 05:08:56 - INFO - __main__ -   	EPOCH:  34	MiniBatch:    7
02/25/2021 05:08:57 - INFO - __main__ -   	EPOCH:  34	MiniBatch:    8
02/25/2021 05:08:58 - INFO - __main__ -   	EPOCH:  34	MiniBatch:    9
02/25/2021 05:08:59 - INFO - __main__ -   	EPOCH:  34	MiniBatch:   10
02/25/2021 05:08:59 - INFO - __main__ -   	Testing dev Minibatch:    0
02/25/2021 05:08:59 - INFO - __main__ -   	Testing dev Minibatch:    1
02/25/2021 05:09:00 - INFO - __main__ -   	Testing dev Minibatch:    2
02/25/2021 05:09:00 - INFO - __main__ -   	Testing dev Minibatch:    3
02/25/2021 05:09:00 - INFO - __main__ -   
Labels 	Prec. 	Recall	F1    	Supp  
Denial 	0.6254	0.7061	0.6633	279
Support	0.6052	0.5675	0.5857	289
Comment	0.5000	0.5181	0.5089	249
Queries	0.3000	0.0811	0.1277	37
MacroF1	0.4714
F1w_avg	0.5688
Acc    	57.7

02/25/2021 05:09:01 - INFO - __main__ -   	EPOCH:  35	MiniBatch:    0
02/25/2021 05:09:02 - INFO - __main__ -   	EPOCH:  35	MiniBatch:    1
02/25/2021 05:09:03 - INFO - __main__ -   	EPOCH:  35	MiniBatch:    2
02/25/2021 05:09:04 - INFO - __main__ -   	EPOCH:  35	MiniBatch:    3
02/25/2021 05:09:05 - INFO - __main__ -   	EPOCH:  35	MiniBatch:    4
02/25/2021 05:09:06 - INFO - __main__ -   	EPOCH:  35	MiniBatch:    5
02/25/2021 05:09:07 - INFO - __main__ -   	EPOCH:  35	MiniBatch:    6
02/25/2021 05:09:08 - INFO - __main__ -   	EPOCH:  35	MiniBatch:    7
02/25/2021 05:09:09 - INFO - __main__ -   	EPOCH:  35	MiniBatch:    8
02/25/2021 05:09:10 - INFO - __main__ -   	EPOCH:  35	MiniBatch:    9
02/25/2021 05:09:11 - INFO - __main__ -   	EPOCH:  35	MiniBatch:   10
02/25/2021 05:09:11 - INFO - __main__ -   	Testing dev Minibatch:    0
02/25/2021 05:09:12 - INFO - __main__ -   	Testing dev Minibatch:    1
02/25/2021 05:09:12 - INFO - __main__ -   	Testing dev Minibatch:    2
02/25/2021 05:09:12 - INFO - __main__ -   	Testing dev Minibatch:    3
02/25/2021 05:09:12 - INFO - __main__ -   
Labels 	Prec. 	Recall	F1    	Supp  
Denial 	0.6052	0.7527	0.6709	279
Support	0.6345	0.5467	0.5874	289
Comment	0.5041	0.4940	0.4990	249
Queries	0.3571	0.1351	0.1961	37
MacroF1	0.4883
F1w_avg	0.5719
Acc    	58.1

02/25/2021 05:09:13 - INFO - __main__ -   	EPOCH:  36	MiniBatch:    0
02/25/2021 05:09:14 - INFO - __main__ -   	EPOCH:  36	MiniBatch:    1
02/25/2021 05:09:15 - INFO - __main__ -   	EPOCH:  36	MiniBatch:    2
02/25/2021 05:09:16 - INFO - __main__ -   	EPOCH:  36	MiniBatch:    3
02/25/2021 05:09:17 - INFO - __main__ -   	EPOCH:  36	MiniBatch:    4
02/25/2021 05:09:18 - INFO - __main__ -   	EPOCH:  36	MiniBatch:    5
02/25/2021 05:09:19 - INFO - __main__ -   	EPOCH:  36	MiniBatch:    6
02/25/2021 05:09:20 - INFO - __main__ -   	EPOCH:  36	MiniBatch:    7
02/25/2021 05:09:21 - INFO - __main__ -   	EPOCH:  36	MiniBatch:    8
02/25/2021 05:09:22 - INFO - __main__ -   	EPOCH:  36	MiniBatch:    9
02/25/2021 05:09:23 - INFO - __main__ -   	EPOCH:  36	MiniBatch:   10
02/25/2021 05:09:23 - INFO - __main__ -   	Testing dev Minibatch:    0
02/25/2021 05:09:24 - INFO - __main__ -   	Testing dev Minibatch:    1
02/25/2021 05:09:24 - INFO - __main__ -   	Testing dev Minibatch:    2
02/25/2021 05:09:24 - INFO - __main__ -   	Testing dev Minibatch:    3
02/25/2021 05:09:25 - INFO - __main__ -   
Labels 	Prec. 	Recall	F1    	Supp  
Denial 	0.6406	0.7348	0.6845	279
Support	0.5823	0.6609	0.6191	289
Comment	0.5510	0.4337	0.4854	249
Queries	0.3000	0.0811	0.1277	37
MacroF1	0.4792
F1w_avg	0.5802
Acc    	59.4

02/25/2021 05:09:25 - INFO - __main__ -   	EPOCH:  37	MiniBatch:    0
02/25/2021 05:09:26 - INFO - __main__ -   	EPOCH:  37	MiniBatch:    1
02/25/2021 05:09:27 - INFO - __main__ -   	EPOCH:  37	MiniBatch:    2
02/25/2021 05:09:28 - INFO - __main__ -   	EPOCH:  37	MiniBatch:    3
02/25/2021 05:09:29 - INFO - __main__ -   	EPOCH:  37	MiniBatch:    4
02/25/2021 05:09:30 - INFO - __main__ -   	EPOCH:  37	MiniBatch:    5
02/25/2021 05:09:31 - INFO - __main__ -   	EPOCH:  37	MiniBatch:    6
02/25/2021 05:09:32 - INFO - __main__ -   	EPOCH:  37	MiniBatch:    7
02/25/2021 05:09:33 - INFO - __main__ -   	EPOCH:  37	MiniBatch:    8
02/25/2021 05:09:34 - INFO - __main__ -   	EPOCH:  37	MiniBatch:    9
02/25/2021 05:09:35 - INFO - __main__ -   	EPOCH:  37	MiniBatch:   10
02/25/2021 05:09:35 - INFO - __main__ -   	Testing dev Minibatch:    0
02/25/2021 05:09:36 - INFO - __main__ -   	Testing dev Minibatch:    1
02/25/2021 05:09:36 - INFO - __main__ -   	Testing dev Minibatch:    2
02/25/2021 05:09:36 - INFO - __main__ -   	Testing dev Minibatch:    3
02/25/2021 05:09:37 - INFO - __main__ -   
Labels 	Prec. 	Recall	F1    	Supp  
Denial 	0.5424	0.8029	0.6474	279
Support	0.6340	0.5156	0.5687	289
Comment	0.5500	0.4418	0.4900	249
Queries	0.5000	0.0811	0.1395	37
MacroF1	0.4614
F1w_avg	0.5529
Acc    	56.9

02/25/2021 05:09:37 - INFO - __main__ -   	EPOCH:  38	MiniBatch:    0
02/25/2021 05:09:38 - INFO - __main__ -   	EPOCH:  38	MiniBatch:    1
02/25/2021 05:09:39 - INFO - __main__ -   	EPOCH:  38	MiniBatch:    2
02/25/2021 05:09:40 - INFO - __main__ -   	EPOCH:  38	MiniBatch:    3
02/25/2021 05:09:41 - INFO - __main__ -   	EPOCH:  38	MiniBatch:    4
02/25/2021 05:09:42 - INFO - __main__ -   	EPOCH:  38	MiniBatch:    5
02/25/2021 05:09:43 - INFO - __main__ -   	EPOCH:  38	MiniBatch:    6
02/25/2021 05:09:44 - INFO - __main__ -   	EPOCH:  38	MiniBatch:    7
02/25/2021 05:09:45 - INFO - __main__ -   	EPOCH:  38	MiniBatch:    8
02/25/2021 05:09:46 - INFO - __main__ -   	EPOCH:  38	MiniBatch:    9
02/25/2021 05:09:47 - INFO - __main__ -   	EPOCH:  38	MiniBatch:   10
02/25/2021 05:09:47 - INFO - __main__ -   	Testing dev Minibatch:    0
02/25/2021 05:09:48 - INFO - __main__ -   	Testing dev Minibatch:    1
02/25/2021 05:09:48 - INFO - __main__ -   	Testing dev Minibatch:    2
02/25/2021 05:09:48 - INFO - __main__ -   	Testing dev Minibatch:    3
02/25/2021 05:09:49 - INFO - __main__ -   
Labels 	Prec. 	Recall	F1    	Supp  
Denial 	0.5783	0.7276	0.6444	279
Support	0.5486	0.6644	0.6009	289
Comment	0.5541	0.3293	0.4131	249
Queries	0.6000	0.0811	0.1429	37
MacroF1	0.4503
F1w_avg	0.5405
Acc    	56.2

02/25/2021 05:09:49 - INFO - __main__ -   	EPOCH:  39	MiniBatch:    0
02/25/2021 05:09:50 - INFO - __main__ -   	EPOCH:  39	MiniBatch:    1
02/25/2021 05:09:51 - INFO - __main__ -   	EPOCH:  39	MiniBatch:    2
02/25/2021 05:09:52 - INFO - __main__ -   	EPOCH:  39	MiniBatch:    3
02/25/2021 05:09:53 - INFO - __main__ -   	EPOCH:  39	MiniBatch:    4
02/25/2021 05:09:54 - INFO - __main__ -   	EPOCH:  39	MiniBatch:    5
02/25/2021 05:09:55 - INFO - __main__ -   	EPOCH:  39	MiniBatch:    6
02/25/2021 05:09:56 - INFO - __main__ -   	EPOCH:  39	MiniBatch:    7
02/25/2021 05:09:57 - INFO - __main__ -   	EPOCH:  39	MiniBatch:    8
02/25/2021 05:09:58 - INFO - __main__ -   	EPOCH:  39	MiniBatch:    9
02/25/2021 05:09:59 - INFO - __main__ -   	EPOCH:  39	MiniBatch:   10
02/25/2021 05:09:59 - INFO - __main__ -   	Testing dev Minibatch:    0
02/25/2021 05:10:00 - INFO - __main__ -   	Testing dev Minibatch:    1
02/25/2021 05:10:00 - INFO - __main__ -   	Testing dev Minibatch:    2
02/25/2021 05:10:01 - INFO - __main__ -   	Testing dev Minibatch:    3
02/25/2021 05:10:01 - INFO - __main__ -   
Labels 	Prec. 	Recall	F1    	Supp  
Denial 	0.5341	0.8136	0.6449	279
Support	0.5789	0.5709	0.5749	289
Comment	0.6014	0.3333	0.4289	249
Queries	0.5000	0.0811	0.1395	37
MacroF1	0.4471
F1w_avg	0.5363
Acc    	56.0

02/25/2021 05:10:02 - INFO - __main__ -   	Testing test Minibatch:    0
02/25/2021 05:10:02 - INFO - __main__ -   	Testing test Minibatch:    1
02/25/2021 05:10:02 - INFO - __main__ -   	Testing test Minibatch:    2
02/25/2021 05:10:03 - INFO - __main__ -   	Testing test Minibatch:    3
02/25/2021 05:10:03 - INFO - __main__ -   
Labels 	Prec. 	Recall	F1    	Supp  
Denial 	0.6619	0.5942	0.6263	313
Support	0.5877	0.4697	0.5221	264
Comment	0.4545	0.6024	0.5181	249
Queries	0.2188	0.2500	0.2333	28
MacroF1	0.4750
F1w_avg	0.5497
Acc    	54.7

02/25/2021 05:10:03 - INFO - __main__ -   Time taken: 0h 8m 42s
