02/25/2021 14:16:41 - INFO - __main__ -   ----------------- Hyperparameters ------------------
02/25/2021 14:16:41 - INFO - __main__ -   ======== my_Bertweet =========
02/25/2021 14:16:41 - INFO - __main__ -   ===== Hyperparameters ======
02/25/2021 14:16:41 - INFO - __main__ -   ('batch_train', 300)
02/25/2021 14:16:41 - INFO - __main__ -   ('batch_test', 300)
02/25/2021 14:16:41 - INFO - __main__ -   ('epochs', 100)
02/25/2021 14:16:41 - INFO - __main__ -   ('learning_rate', 4e-05)
02/25/2021 14:16:41 - INFO - __main__ -   ('optimizer', 'adam')
02/25/2021 14:16:41 - INFO - __main__ -   ('do_train', True)
02/25/2021 14:16:41 - INFO - __main__ -   ('do_test', True)
02/25/2021 14:16:41 - INFO - __main__ -   ('model_name', 'my_Bertweet')
02/25/2021 14:16:41 - INFO - __main__ -   ('exp_name', 'exp37')
02/25/2021 14:16:41 - INFO - __main__ -   ('train_data', './data/train_set_128_bertweet.bin')
02/25/2021 14:16:41 - INFO - __main__ -   ('test_data', './data/test_set_128_bertweet.bin')
02/25/2021 14:16:41 - INFO - __main__ -   ('k_folds', 4)
02/25/2021 14:16:41 - INFO - __main__ -   ('folds2run', 1)
02/25/2021 14:16:41 - INFO - __main__ -   ('debug', False)
02/25/2021 14:16:41 - INFO - __main__ -   ('log_interval', 1)
02/25/2021 14:16:41 - INFO - __main__ -   ('loss_fn', 'ce_loss')
02/25/2021 14:16:41 - INFO - __main__ -   ('w_sample', True)
02/25/2021 14:16:41 - INFO - __main__ -   ('pretrain_model', '')
02/25/2021 14:16:41 - INFO - __main__ -   ('epochs2giveup', 20)
02/25/2021 14:16:41 - INFO - __main__ -   batch_train: 300
02/25/2021 14:16:41 - INFO - __main__ -   batch_test:  300
02/25/2021 14:16:41 - INFO - __main__ -   epochs: 100 
02/25/2021 14:16:41 - INFO - __main__ -   learning_rate: 0.000040
02/25/2021 14:16:41 - INFO - __main__ -   optimizer: adam
02/25/2021 14:16:41 - INFO - __main__ -   debug: False
02/25/2021 14:16:41 - INFO - __main__ -   ------------------ Getting model -------------------
02/25/2021 14:16:48 - INFO - __main__ -   --------------- Getting dataframes -----------------
02/25/2021 14:16:48 - INFO - __main__ -   ------- Setting loss function and optimizer --------
02/25/2021 14:16:48 - INFO - __main__ -   ------------ Converting to dataloaders -------------
02/25/2021 14:16:48 - INFO - __main__ -   956
02/25/2021 14:16:48 - INFO - __main__ -   816
02/25/2021 14:16:48 - INFO - __main__ -   706
02/25/2021 14:16:48 - INFO - __main__ -   85
02/25/2021 14:16:48 - INFO - __main__ -   ---------------- Starting training -----------------
02/25/2021 14:16:48 - INFO - __main__ -   	EPOCH:   0	MiniBatch:    0
02/25/2021 14:16:52 - INFO - __main__ -   	EPOCH:   0	MiniBatch:    1
02/25/2021 14:16:53 - INFO - __main__ -   	EPOCH:   0	MiniBatch:    2
02/25/2021 14:16:54 - INFO - __main__ -   	EPOCH:   0	MiniBatch:    3
02/25/2021 14:16:55 - INFO - __main__ -   	EPOCH:   0	MiniBatch:    4
02/25/2021 14:16:57 - INFO - __main__ -   	EPOCH:   0	MiniBatch:    5
02/25/2021 14:16:58 - INFO - __main__ -   	EPOCH:   0	MiniBatch:    6
02/25/2021 14:16:59 - INFO - __main__ -   	EPOCH:   0	MiniBatch:    7
02/25/2021 14:17:00 - INFO - __main__ -   	EPOCH:   0	MiniBatch:    8
02/25/2021 14:17:01 - INFO - __main__ -   	Testing dev Minibatch:    0
02/25/2021 14:17:02 - INFO - __main__ -   	Testing dev Minibatch:    1
02/25/2021 14:17:02 - INFO - __main__ -   	Testing dev Minibatch:    2
02/25/2021 14:17:02 - INFO - __main__ -   
Labels 	Prec. 	Recall	F1    	Supp  
Denial 	0.3499	0.6308	0.4501	279
Support	0.7200	0.0623	0.1146	289
Comment	0.5476	0.0924	0.1581	249
Queries	0.0634	0.4865	0.1121	37
MacroF1	0.2088
F1w_avg	0.2368
Acc    	27.5

02/25/2021 14:17:03 - INFO - __main__ -   	EPOCH:   1	MiniBatch:    0
02/25/2021 14:17:04 - INFO - __main__ -   	EPOCH:   1	MiniBatch:    1
02/25/2021 14:17:05 - INFO - __main__ -   	EPOCH:   1	MiniBatch:    2
02/25/2021 14:17:07 - INFO - __main__ -   	EPOCH:   1	MiniBatch:    3
02/25/2021 14:17:08 - INFO - __main__ -   	EPOCH:   1	MiniBatch:    4
02/25/2021 14:17:09 - INFO - __main__ -   	EPOCH:   1	MiniBatch:    5
02/25/2021 14:17:10 - INFO - __main__ -   	EPOCH:   1	MiniBatch:    6
02/25/2021 14:17:11 - INFO - __main__ -   	EPOCH:   1	MiniBatch:    7
02/25/2021 14:17:12 - INFO - __main__ -   	EPOCH:   1	MiniBatch:    8
02/25/2021 14:17:13 - INFO - __main__ -   	Testing dev Minibatch:    0
02/25/2021 14:17:14 - INFO - __main__ -   	Testing dev Minibatch:    1
02/25/2021 14:17:14 - INFO - __main__ -   	Testing dev Minibatch:    2
02/25/2021 14:17:15 - INFO - __main__ -   
Labels 	Prec. 	Recall	F1    	Supp  
Denial 	0.4156	0.4767	0.4441	279
Support	0.4568	0.5675	0.5062	289
Comment	0.5111	0.0924	0.1565	249
Queries	0.1308	0.4595	0.2036	37
MacroF1	0.3276
F1w_avg	0.3708
Acc    	39.5

02/25/2021 14:17:17 - INFO - __main__ -   	EPOCH:   2	MiniBatch:    0
02/25/2021 14:17:18 - INFO - __main__ -   	EPOCH:   2	MiniBatch:    1
02/25/2021 14:17:19 - INFO - __main__ -   	EPOCH:   2	MiniBatch:    2
02/25/2021 14:17:20 - INFO - __main__ -   	EPOCH:   2	MiniBatch:    3
02/25/2021 14:17:21 - INFO - __main__ -   	EPOCH:   2	MiniBatch:    4
02/25/2021 14:17:22 - INFO - __main__ -   	EPOCH:   2	MiniBatch:    5
02/25/2021 14:17:24 - INFO - __main__ -   	EPOCH:   2	MiniBatch:    6
02/25/2021 14:17:25 - INFO - __main__ -   	EPOCH:   2	MiniBatch:    7
02/25/2021 14:17:26 - INFO - __main__ -   	EPOCH:   2	MiniBatch:    8
02/25/2021 14:17:27 - INFO - __main__ -   	Testing dev Minibatch:    0
02/25/2021 14:17:27 - INFO - __main__ -   	Testing dev Minibatch:    1
02/25/2021 14:17:28 - INFO - __main__ -   	Testing dev Minibatch:    2
02/25/2021 14:17:28 - INFO - __main__ -   
Labels 	Prec. 	Recall	F1    	Supp  
Denial 	0.4608	0.6953	0.5543	279
Support	0.5399	0.4913	0.5145	289
Comment	0.5089	0.2289	0.3158	249
Queries	0.2759	0.4324	0.3368	37
MacroF1	0.4304
F1w_avg	0.4619
Acc    	47.9

02/25/2021 14:17:30 - INFO - __main__ -   	EPOCH:   3	MiniBatch:    0
02/25/2021 14:17:31 - INFO - __main__ -   	EPOCH:   3	MiniBatch:    1
02/25/2021 14:17:32 - INFO - __main__ -   	EPOCH:   3	MiniBatch:    2
02/25/2021 14:17:34 - INFO - __main__ -   	EPOCH:   3	MiniBatch:    3
02/25/2021 14:17:35 - INFO - __main__ -   	EPOCH:   3	MiniBatch:    4
02/25/2021 14:17:36 - INFO - __main__ -   	EPOCH:   3	MiniBatch:    5
02/25/2021 14:17:37 - INFO - __main__ -   	EPOCH:   3	MiniBatch:    6
02/25/2021 14:17:38 - INFO - __main__ -   	EPOCH:   3	MiniBatch:    7
02/25/2021 14:17:39 - INFO - __main__ -   	EPOCH:   3	MiniBatch:    8
02/25/2021 14:17:40 - INFO - __main__ -   	Testing dev Minibatch:    0
02/25/2021 14:17:41 - INFO - __main__ -   	Testing dev Minibatch:    1
02/25/2021 14:17:41 - INFO - __main__ -   	Testing dev Minibatch:    2
02/25/2021 14:17:42 - INFO - __main__ -   
Labels 	Prec. 	Recall	F1    	Supp  
Denial 	0.5463	0.6344	0.5871	279
Support	0.5203	0.6194	0.5656	289
Comment	0.5584	0.3454	0.4268	249
Queries	0.3125	0.2703	0.2899	37
MacroF1	0.4673
F1w_avg	0.5202
Acc    	52.9

02/25/2021 14:17:44 - INFO - __main__ -   	EPOCH:   4	MiniBatch:    0
02/25/2021 14:17:45 - INFO - __main__ -   	EPOCH:   4	MiniBatch:    1
02/25/2021 14:17:46 - INFO - __main__ -   	EPOCH:   4	MiniBatch:    2
02/25/2021 14:17:47 - INFO - __main__ -   	EPOCH:   4	MiniBatch:    3
02/25/2021 14:17:48 - INFO - __main__ -   	EPOCH:   4	MiniBatch:    4
02/25/2021 14:17:49 - INFO - __main__ -   	EPOCH:   4	MiniBatch:    5
02/25/2021 14:17:51 - INFO - __main__ -   	EPOCH:   4	MiniBatch:    6
02/25/2021 14:17:52 - INFO - __main__ -   	EPOCH:   4	MiniBatch:    7
02/25/2021 14:17:53 - INFO - __main__ -   	EPOCH:   4	MiniBatch:    8
02/25/2021 14:17:54 - INFO - __main__ -   	Testing dev Minibatch:    0
02/25/2021 14:17:54 - INFO - __main__ -   	Testing dev Minibatch:    1
02/25/2021 14:17:55 - INFO - __main__ -   	Testing dev Minibatch:    2
02/25/2021 14:17:55 - INFO - __main__ -   
Labels 	Prec. 	Recall	F1    	Supp  
Denial 	0.5170	0.7634	0.6165	279
Support	0.5849	0.5363	0.5596	289
Comment	0.5901	0.3815	0.4634	249
Queries	0.5625	0.2432	0.3396	37
MacroF1	0.4948
F1w_avg	0.5406
Acc    	55.3

02/25/2021 14:17:57 - INFO - __main__ -   	EPOCH:   5	MiniBatch:    0
02/25/2021 14:17:58 - INFO - __main__ -   	EPOCH:   5	MiniBatch:    1
02/25/2021 14:17:59 - INFO - __main__ -   	EPOCH:   5	MiniBatch:    2
02/25/2021 14:18:01 - INFO - __main__ -   	EPOCH:   5	MiniBatch:    3
02/25/2021 14:18:02 - INFO - __main__ -   	EPOCH:   5	MiniBatch:    4
02/25/2021 14:18:03 - INFO - __main__ -   	EPOCH:   5	MiniBatch:    5
02/25/2021 14:18:04 - INFO - __main__ -   	EPOCH:   5	MiniBatch:    6
02/25/2021 14:18:05 - INFO - __main__ -   	EPOCH:   5	MiniBatch:    7
02/25/2021 14:18:06 - INFO - __main__ -   	EPOCH:   5	MiniBatch:    8
02/25/2021 14:18:07 - INFO - __main__ -   	Testing dev Minibatch:    0
02/25/2021 14:18:08 - INFO - __main__ -   	Testing dev Minibatch:    1
02/25/2021 14:18:08 - INFO - __main__ -   	Testing dev Minibatch:    2
02/25/2021 14:18:09 - INFO - __main__ -   
Labels 	Prec. 	Recall	F1    	Supp  
Denial 	0.5000	0.7921	0.6130	279
Support	0.6606	0.3772	0.4802	289
Comment	0.5289	0.4779	0.5021	249
Queries	0.5909	0.3514	0.4407	37
MacroF1	0.5090
F1w_avg	0.5283
Acc    	54.1

02/25/2021 14:18:11 - INFO - __main__ -   	EPOCH:   6	MiniBatch:    0
02/25/2021 14:18:12 - INFO - __main__ -   	EPOCH:   6	MiniBatch:    1
02/25/2021 14:18:13 - INFO - __main__ -   	EPOCH:   6	MiniBatch:    2
02/25/2021 14:18:14 - INFO - __main__ -   	EPOCH:   6	MiniBatch:    3
02/25/2021 14:18:15 - INFO - __main__ -   	EPOCH:   6	MiniBatch:    4
02/25/2021 14:18:17 - INFO - __main__ -   	EPOCH:   6	MiniBatch:    5
02/25/2021 14:18:18 - INFO - __main__ -   	EPOCH:   6	MiniBatch:    6
02/25/2021 14:18:19 - INFO - __main__ -   	EPOCH:   6	MiniBatch:    7
02/25/2021 14:18:20 - INFO - __main__ -   	EPOCH:   6	MiniBatch:    8
02/25/2021 14:18:21 - INFO - __main__ -   	Testing dev Minibatch:    0
02/25/2021 14:18:21 - INFO - __main__ -   	Testing dev Minibatch:    1
02/25/2021 14:18:22 - INFO - __main__ -   	Testing dev Minibatch:    2
02/25/2021 14:18:22 - INFO - __main__ -   
Labels 	Prec. 	Recall	F1    	Supp  
Denial 	0.5792	0.7599	0.6574	279
Support	0.6502	0.5017	0.5664	289
Comment	0.5500	0.5301	0.5399	249
Queries	0.5200	0.3514	0.4194	37
MacroF1	0.5458
F1w_avg	0.5820
Acc    	58.8

02/25/2021 14:18:24 - INFO - __main__ -   	EPOCH:   7	MiniBatch:    0
02/25/2021 14:18:25 - INFO - __main__ -   	EPOCH:   7	MiniBatch:    1
02/25/2021 14:18:27 - INFO - __main__ -   	EPOCH:   7	MiniBatch:    2
02/25/2021 14:18:28 - INFO - __main__ -   	EPOCH:   7	MiniBatch:    3
02/25/2021 14:18:29 - INFO - __main__ -   	EPOCH:   7	MiniBatch:    4
02/25/2021 14:18:30 - INFO - __main__ -   	EPOCH:   7	MiniBatch:    5
02/25/2021 14:18:31 - INFO - __main__ -   	EPOCH:   7	MiniBatch:    6
02/25/2021 14:18:32 - INFO - __main__ -   	EPOCH:   7	MiniBatch:    7
02/25/2021 14:18:34 - INFO - __main__ -   	EPOCH:   7	MiniBatch:    8
02/25/2021 14:18:35 - INFO - __main__ -   	Testing dev Minibatch:    0
02/25/2021 14:18:35 - INFO - __main__ -   	Testing dev Minibatch:    1
02/25/2021 14:18:35 - INFO - __main__ -   	Testing dev Minibatch:    2
02/25/2021 14:18:36 - INFO - __main__ -   
Labels 	Prec. 	Recall	F1    	Supp  
Denial 	0.5098	0.8387	0.6341	279
Support	0.6326	0.4706	0.5397	289
Comment	0.6478	0.4137	0.5049	249
Queries	0.5238	0.2973	0.3793	37
MacroF1	0.5145
F1w_avg	0.5535
Acc    	56.7

02/25/2021 14:18:36 - INFO - __main__ -   	EPOCH:   8	MiniBatch:    0
02/25/2021 14:18:37 - INFO - __main__ -   	EPOCH:   8	MiniBatch:    1
02/25/2021 14:18:38 - INFO - __main__ -   	EPOCH:   8	MiniBatch:    2
02/25/2021 14:18:40 - INFO - __main__ -   	EPOCH:   8	MiniBatch:    3
02/25/2021 14:18:41 - INFO - __main__ -   	EPOCH:   8	MiniBatch:    4
02/25/2021 14:18:42 - INFO - __main__ -   	EPOCH:   8	MiniBatch:    5
02/25/2021 14:18:43 - INFO - __main__ -   	EPOCH:   8	MiniBatch:    6
02/25/2021 14:18:44 - INFO - __main__ -   	EPOCH:   8	MiniBatch:    7
02/25/2021 14:18:45 - INFO - __main__ -   	EPOCH:   8	MiniBatch:    8
02/25/2021 14:18:46 - INFO - __main__ -   	Testing dev Minibatch:    0
02/25/2021 14:18:47 - INFO - __main__ -   	Testing dev Minibatch:    1
02/25/2021 14:18:47 - INFO - __main__ -   	Testing dev Minibatch:    2
02/25/2021 14:18:48 - INFO - __main__ -   
Labels 	Prec. 	Recall	F1    	Supp  
Denial 	0.6632	0.6918	0.6772	279
Support	0.5591	0.7370	0.6358	289
Comment	0.6322	0.4418	0.5201	249
Queries	0.6250	0.1351	0.2222	37
MacroF1	0.5138
F1w_avg	0.5977
Acc    	61.0

02/25/2021 14:18:48 - INFO - __main__ -   	EPOCH:   9	MiniBatch:    0
02/25/2021 14:18:49 - INFO - __main__ -   	EPOCH:   9	MiniBatch:    1
02/25/2021 14:18:50 - INFO - __main__ -   	EPOCH:   9	MiniBatch:    2
02/25/2021 14:18:52 - INFO - __main__ -   	EPOCH:   9	MiniBatch:    3
02/25/2021 14:18:53 - INFO - __main__ -   	EPOCH:   9	MiniBatch:    4
02/25/2021 14:18:54 - INFO - __main__ -   	EPOCH:   9	MiniBatch:    5
02/25/2021 14:18:55 - INFO - __main__ -   	EPOCH:   9	MiniBatch:    6
02/25/2021 14:18:56 - INFO - __main__ -   	EPOCH:   9	MiniBatch:    7
02/25/2021 14:18:57 - INFO - __main__ -   	EPOCH:   9	MiniBatch:    8
02/25/2021 14:18:58 - INFO - __main__ -   	Testing dev Minibatch:    0
02/25/2021 14:18:59 - INFO - __main__ -   	Testing dev Minibatch:    1
02/25/2021 14:18:59 - INFO - __main__ -   	Testing dev Minibatch:    2
02/25/2021 14:19:00 - INFO - __main__ -   
Labels 	Prec. 	Recall	F1    	Supp  
Denial 	0.5696	0.7921	0.6627	279
Support	0.6340	0.4256	0.5093	289
Comment	0.5294	0.5422	0.5357	249
Queries	0.7059	0.3243	0.4444	37
MacroF1	0.5380
F1w_avg	0.5643
Acc    	57.5

02/25/2021 14:19:00 - INFO - __main__ -   	EPOCH:  10	MiniBatch:    0
02/25/2021 14:19:01 - INFO - __main__ -   	EPOCH:  10	MiniBatch:    1
02/25/2021 14:19:02 - INFO - __main__ -   	EPOCH:  10	MiniBatch:    2
02/25/2021 14:19:03 - INFO - __main__ -   	EPOCH:  10	MiniBatch:    3
02/25/2021 14:19:05 - INFO - __main__ -   	EPOCH:  10	MiniBatch:    4
02/25/2021 14:19:06 - INFO - __main__ -   	EPOCH:  10	MiniBatch:    5
02/25/2021 14:19:07 - INFO - __main__ -   	EPOCH:  10	MiniBatch:    6
02/25/2021 14:19:08 - INFO - __main__ -   	EPOCH:  10	MiniBatch:    7
02/25/2021 14:19:09 - INFO - __main__ -   	EPOCH:  10	MiniBatch:    8
02/25/2021 14:19:10 - INFO - __main__ -   	Testing dev Minibatch:    0
02/25/2021 14:19:11 - INFO - __main__ -   	Testing dev Minibatch:    1
02/25/2021 14:19:11 - INFO - __main__ -   	Testing dev Minibatch:    2
02/25/2021 14:19:11 - INFO - __main__ -   
Labels 	Prec. 	Recall	F1    	Supp  
Denial 	0.5943	0.7455	0.6614	279
Support	0.5862	0.4706	0.5221	289
Comment	0.5236	0.5341	0.5288	249
Queries	0.6111	0.2973	0.4000	37
MacroF1	0.5281
F1w_avg	0.5643
Acc    	57.1

02/25/2021 14:19:12 - INFO - __main__ -   	EPOCH:  11	MiniBatch:    0
02/25/2021 14:19:13 - INFO - __main__ -   	EPOCH:  11	MiniBatch:    1
02/25/2021 14:19:14 - INFO - __main__ -   	EPOCH:  11	MiniBatch:    2
02/25/2021 14:19:15 - INFO - __main__ -   	EPOCH:  11	MiniBatch:    3
02/25/2021 14:19:16 - INFO - __main__ -   	EPOCH:  11	MiniBatch:    4
02/25/2021 14:19:18 - INFO - __main__ -   	EPOCH:  11	MiniBatch:    5
02/25/2021 14:19:19 - INFO - __main__ -   	EPOCH:  11	MiniBatch:    6
02/25/2021 14:19:20 - INFO - __main__ -   	EPOCH:  11	MiniBatch:    7
02/25/2021 14:19:21 - INFO - __main__ -   	EPOCH:  11	MiniBatch:    8
02/25/2021 14:19:22 - INFO - __main__ -   	Testing dev Minibatch:    0
02/25/2021 14:19:23 - INFO - __main__ -   	Testing dev Minibatch:    1
02/25/2021 14:19:23 - INFO - __main__ -   	Testing dev Minibatch:    2
02/25/2021 14:19:24 - INFO - __main__ -   
Labels 	Prec. 	Recall	F1    	Supp  
Denial 	0.5854	0.7491	0.6572	279
Support	0.5694	0.5536	0.5614	289
Comment	0.5686	0.4659	0.5121	249
Queries	0.5833	0.1892	0.2857	37
MacroF1	0.5041
F1w_avg	0.5664
Acc    	57.6

02/25/2021 14:19:24 - INFO - __main__ -   	EPOCH:  12	MiniBatch:    0
02/25/2021 14:19:25 - INFO - __main__ -   	EPOCH:  12	MiniBatch:    1
02/25/2021 14:19:26 - INFO - __main__ -   	EPOCH:  12	MiniBatch:    2
02/25/2021 14:19:27 - INFO - __main__ -   	EPOCH:  12	MiniBatch:    3
02/25/2021 14:19:28 - INFO - __main__ -   	EPOCH:  12	MiniBatch:    4
02/25/2021 14:19:30 - INFO - __main__ -   	EPOCH:  12	MiniBatch:    5
02/25/2021 14:19:31 - INFO - __main__ -   	EPOCH:  12	MiniBatch:    6
02/25/2021 14:19:32 - INFO - __main__ -   	EPOCH:  12	MiniBatch:    7
02/25/2021 14:19:33 - INFO - __main__ -   	EPOCH:  12	MiniBatch:    8
02/25/2021 14:19:34 - INFO - __main__ -   	Testing dev Minibatch:    0
02/25/2021 14:19:35 - INFO - __main__ -   	Testing dev Minibatch:    1
02/25/2021 14:19:35 - INFO - __main__ -   	Testing dev Minibatch:    2
02/25/2021 14:19:35 - INFO - __main__ -   
Labels 	Prec. 	Recall	F1    	Supp  
Denial 	0.5722	0.7670	0.6554	279
Support	0.5992	0.5433	0.5699	289
Comment	0.5707	0.4699	0.5154	249
Queries	0.6154	0.2162	0.3200	37
MacroF1	0.5152
F1w_avg	0.5711
Acc    	58.1

02/25/2021 14:19:36 - INFO - __main__ -   	EPOCH:  13	MiniBatch:    0
02/25/2021 14:19:37 - INFO - __main__ -   	EPOCH:  13	MiniBatch:    1
02/25/2021 14:19:38 - INFO - __main__ -   	EPOCH:  13	MiniBatch:    2
02/25/2021 14:19:39 - INFO - __main__ -   	EPOCH:  13	MiniBatch:    3
02/25/2021 14:19:40 - INFO - __main__ -   	EPOCH:  13	MiniBatch:    4
02/25/2021 14:19:41 - INFO - __main__ -   	EPOCH:  13	MiniBatch:    5
02/25/2021 14:19:43 - INFO - __main__ -   	EPOCH:  13	MiniBatch:    6
02/25/2021 14:19:44 - INFO - __main__ -   	EPOCH:  13	MiniBatch:    7
02/25/2021 14:19:45 - INFO - __main__ -   	EPOCH:  13	MiniBatch:    8
02/25/2021 14:19:46 - INFO - __main__ -   	Testing dev Minibatch:    0
02/25/2021 14:19:46 - INFO - __main__ -   	Testing dev Minibatch:    1
02/25/2021 14:19:47 - INFO - __main__ -   	Testing dev Minibatch:    2
02/25/2021 14:19:47 - INFO - __main__ -   
Labels 	Prec. 	Recall	F1    	Supp  
Denial 	0.6166	0.6918	0.6520	279
Support	0.5662	0.5329	0.5490	289
Comment	0.5119	0.5181	0.5150	249
Queries	0.5294	0.2432	0.3333	37
MacroF1	0.5123
F1w_avg	0.5634
Acc    	56.8

02/25/2021 14:19:47 - INFO - __main__ -   	EPOCH:  14	MiniBatch:    0
02/25/2021 14:19:49 - INFO - __main__ -   	EPOCH:  14	MiniBatch:    1
02/25/2021 14:19:50 - INFO - __main__ -   	EPOCH:  14	MiniBatch:    2
02/25/2021 14:19:51 - INFO - __main__ -   	EPOCH:  14	MiniBatch:    3
02/25/2021 14:19:52 - INFO - __main__ -   	EPOCH:  14	MiniBatch:    4
02/25/2021 14:19:53 - INFO - __main__ -   	EPOCH:  14	MiniBatch:    5
02/25/2021 14:19:55 - INFO - __main__ -   	EPOCH:  14	MiniBatch:    6
02/25/2021 14:19:56 - INFO - __main__ -   	EPOCH:  14	MiniBatch:    7
02/25/2021 14:19:57 - INFO - __main__ -   	EPOCH:  14	MiniBatch:    8
02/25/2021 14:19:58 - INFO - __main__ -   	Testing dev Minibatch:    0
02/25/2021 14:19:58 - INFO - __main__ -   	Testing dev Minibatch:    1
02/25/2021 14:19:59 - INFO - __main__ -   	Testing dev Minibatch:    2
02/25/2021 14:19:59 - INFO - __main__ -   
Labels 	Prec. 	Recall	F1    	Supp  
Denial 	0.4947	0.8387	0.6223	279
Support	0.6392	0.4291	0.5135	289
Comment	0.5829	0.4096	0.4811	249
Queries	0.5000	0.1622	0.2449	37
MacroF1	0.4655
F1w_avg	0.5280
Acc    	54.6

02/25/2021 14:19:59 - INFO - __main__ -   	EPOCH:  15	MiniBatch:    0
02/25/2021 14:20:01 - INFO - __main__ -   	EPOCH:  15	MiniBatch:    1
02/25/2021 14:20:02 - INFO - __main__ -   	EPOCH:  15	MiniBatch:    2
02/25/2021 14:20:03 - INFO - __main__ -   	EPOCH:  15	MiniBatch:    3
02/25/2021 14:20:04 - INFO - __main__ -   	EPOCH:  15	MiniBatch:    4
02/25/2021 14:20:05 - INFO - __main__ -   	EPOCH:  15	MiniBatch:    5
02/25/2021 14:20:06 - INFO - __main__ -   	EPOCH:  15	MiniBatch:    6
02/25/2021 14:20:08 - INFO - __main__ -   	EPOCH:  15	MiniBatch:    7
02/25/2021 14:20:09 - INFO - __main__ -   	EPOCH:  15	MiniBatch:    8
02/25/2021 14:20:10 - INFO - __main__ -   	Testing dev Minibatch:    0
02/25/2021 14:20:10 - INFO - __main__ -   	Testing dev Minibatch:    1
02/25/2021 14:20:11 - INFO - __main__ -   	Testing dev Minibatch:    2
02/25/2021 14:20:11 - INFO - __main__ -   
Labels 	Prec. 	Recall	F1    	Supp  
Denial 	0.5575	0.7993	0.6568	279
Support	0.5496	0.6713	0.6044	289
Comment	0.7473	0.2731	0.4000	249
Queries	0.7000	0.1892	0.2979	37
MacroF1	0.4898
F1w_avg	0.5486
Acc    	57.6

02/25/2021 14:20:11 - INFO - __main__ -   	EPOCH:  16	MiniBatch:    0
02/25/2021 14:20:12 - INFO - __main__ -   	EPOCH:  16	MiniBatch:    1
02/25/2021 14:20:14 - INFO - __main__ -   	EPOCH:  16	MiniBatch:    2
02/25/2021 14:20:15 - INFO - __main__ -   	EPOCH:  16	MiniBatch:    3
02/25/2021 14:20:16 - INFO - __main__ -   	EPOCH:  16	MiniBatch:    4
02/25/2021 14:20:17 - INFO - __main__ -   	EPOCH:  16	MiniBatch:    5
02/25/2021 14:20:18 - INFO - __main__ -   	EPOCH:  16	MiniBatch:    6
02/25/2021 14:20:19 - INFO - __main__ -   	EPOCH:  16	MiniBatch:    7
02/25/2021 14:20:21 - INFO - __main__ -   	EPOCH:  16	MiniBatch:    8
02/25/2021 14:20:22 - INFO - __main__ -   	Testing dev Minibatch:    0
02/25/2021 14:20:22 - INFO - __main__ -   	Testing dev Minibatch:    1
02/25/2021 14:20:23 - INFO - __main__ -   	Testing dev Minibatch:    2
02/25/2021 14:20:23 - INFO - __main__ -   
Labels 	Prec. 	Recall	F1    	Supp  
Denial 	0.6198	0.7419	0.6754	279
Support	0.6544	0.4913	0.5613	289
Comment	0.5035	0.5743	0.5366	249
Queries	0.4737	0.2432	0.3214	37
MacroF1	0.5237
F1w_avg	0.5810
Acc    	58.7

02/25/2021 14:20:23 - INFO - __main__ -   	EPOCH:  17	MiniBatch:    0
02/25/2021 14:20:24 - INFO - __main__ -   	EPOCH:  17	MiniBatch:    1
02/25/2021 14:20:26 - INFO - __main__ -   	EPOCH:  17	MiniBatch:    2
02/25/2021 14:20:27 - INFO - __main__ -   	EPOCH:  17	MiniBatch:    3
02/25/2021 14:20:28 - INFO - __main__ -   	EPOCH:  17	MiniBatch:    4
02/25/2021 14:20:29 - INFO - __main__ -   	EPOCH:  17	MiniBatch:    5
02/25/2021 14:20:30 - INFO - __main__ -   	EPOCH:  17	MiniBatch:    6
02/25/2021 14:20:31 - INFO - __main__ -   	EPOCH:  17	MiniBatch:    7
02/25/2021 14:20:33 - INFO - __main__ -   	EPOCH:  17	MiniBatch:    8
02/25/2021 14:20:34 - INFO - __main__ -   	Testing dev Minibatch:    0
02/25/2021 14:20:34 - INFO - __main__ -   	Testing dev Minibatch:    1
02/25/2021 14:20:34 - INFO - __main__ -   	Testing dev Minibatch:    2
02/25/2021 14:20:35 - INFO - __main__ -   
Labels 	Prec. 	Recall	F1    	Supp  
Denial 	0.6170	0.7563	0.6795	279
Support	0.5731	0.6782	0.6212	289
Comment	0.6211	0.4016	0.4878	249
Queries	0.7778	0.1892	0.3043	37
MacroF1	0.5232
F1w_avg	0.5877
Acc    	60.2

02/25/2021 14:20:35 - INFO - __main__ -   	EPOCH:  18	MiniBatch:    0
02/25/2021 14:20:36 - INFO - __main__ -   	EPOCH:  18	MiniBatch:    1
02/25/2021 14:20:37 - INFO - __main__ -   	EPOCH:  18	MiniBatch:    2
02/25/2021 14:20:39 - INFO - __main__ -   	EPOCH:  18	MiniBatch:    3
02/25/2021 14:20:40 - INFO - __main__ -   	EPOCH:  18	MiniBatch:    4
02/25/2021 14:20:41 - INFO - __main__ -   	EPOCH:  18	MiniBatch:    5
02/25/2021 14:20:42 - INFO - __main__ -   	EPOCH:  18	MiniBatch:    6
02/25/2021 14:20:43 - INFO - __main__ -   	EPOCH:  18	MiniBatch:    7
02/25/2021 14:20:44 - INFO - __main__ -   	EPOCH:  18	MiniBatch:    8
02/25/2021 14:20:45 - INFO - __main__ -   	Testing dev Minibatch:    0
02/25/2021 14:20:46 - INFO - __main__ -   	Testing dev Minibatch:    1
02/25/2021 14:20:46 - INFO - __main__ -   	Testing dev Minibatch:    2
02/25/2021 14:20:47 - INFO - __main__ -   
Labels 	Prec. 	Recall	F1    	Supp  
Denial 	0.5243	0.8495	0.6484	279
Support	0.6550	0.4533	0.5358	289
Comment	0.5870	0.4337	0.4988	249
Queries	0.5000	0.2432	0.3273	37
MacroF1	0.5026
F1w_avg	0.5528
Acc    	56.8

02/25/2021 14:20:47 - INFO - __main__ -   	EPOCH:  19	MiniBatch:    0
02/25/2021 14:20:48 - INFO - __main__ -   	EPOCH:  19	MiniBatch:    1
02/25/2021 14:20:49 - INFO - __main__ -   	EPOCH:  19	MiniBatch:    2
02/25/2021 14:20:50 - INFO - __main__ -   	EPOCH:  19	MiniBatch:    3
02/25/2021 14:20:52 - INFO - __main__ -   	EPOCH:  19	MiniBatch:    4
02/25/2021 14:20:53 - INFO - __main__ -   	EPOCH:  19	MiniBatch:    5
02/25/2021 14:20:54 - INFO - __main__ -   	EPOCH:  19	MiniBatch:    6
02/25/2021 14:20:55 - INFO - __main__ -   	EPOCH:  19	MiniBatch:    7
02/25/2021 14:20:56 - INFO - __main__ -   	EPOCH:  19	MiniBatch:    8
02/25/2021 14:20:57 - INFO - __main__ -   	Testing dev Minibatch:    0
02/25/2021 14:20:58 - INFO - __main__ -   	Testing dev Minibatch:    1
02/25/2021 14:20:58 - INFO - __main__ -   	Testing dev Minibatch:    2
02/25/2021 14:20:59 - INFO - __main__ -   
Labels 	Prec. 	Recall	F1    	Supp  
Denial 	0.6667	0.6523	0.6594	279
Support	0.5395	0.6851	0.6037	289
Comment	0.5441	0.4458	0.4901	249
Queries	0.6000	0.1622	0.2553	37
MacroF1	0.5021
F1w_avg	0.5737
Acc    	58.2

02/25/2021 14:20:59 - INFO - __main__ -   	EPOCH:  20	MiniBatch:    0
02/25/2021 14:21:00 - INFO - __main__ -   	EPOCH:  20	MiniBatch:    1
02/25/2021 14:21:01 - INFO - __main__ -   	EPOCH:  20	MiniBatch:    2
02/25/2021 14:21:02 - INFO - __main__ -   	EPOCH:  20	MiniBatch:    3
02/25/2021 14:21:04 - INFO - __main__ -   	EPOCH:  20	MiniBatch:    4
02/25/2021 14:21:05 - INFO - __main__ -   	EPOCH:  20	MiniBatch:    5
02/25/2021 14:21:06 - INFO - __main__ -   	EPOCH:  20	MiniBatch:    6
02/25/2021 14:21:07 - INFO - __main__ -   	EPOCH:  20	MiniBatch:    7
02/25/2021 14:21:08 - INFO - __main__ -   	EPOCH:  20	MiniBatch:    8
02/25/2021 14:21:09 - INFO - __main__ -   	Testing dev Minibatch:    0
02/25/2021 14:21:10 - INFO - __main__ -   	Testing dev Minibatch:    1
02/25/2021 14:21:10 - INFO - __main__ -   	Testing dev Minibatch:    2
02/25/2021 14:21:11 - INFO - __main__ -   
Labels 	Prec. 	Recall	F1    	Supp  
Denial 	0.6041	0.7384	0.6645	279
Support	0.5552	0.6436	0.5962	289
Comment	0.5860	0.3695	0.4532	249
Queries	0.4762	0.2703	0.3448	37
MacroF1	0.5147
F1w_avg	0.5659
Acc    	57.8

02/25/2021 14:21:11 - INFO - __main__ -   	EPOCH:  21	MiniBatch:    0
02/25/2021 14:21:12 - INFO - __main__ -   	EPOCH:  21	MiniBatch:    1
02/25/2021 14:21:13 - INFO - __main__ -   	EPOCH:  21	MiniBatch:    2
02/25/2021 14:21:14 - INFO - __main__ -   	EPOCH:  21	MiniBatch:    3
02/25/2021 14:21:16 - INFO - __main__ -   	EPOCH:  21	MiniBatch:    4
02/25/2021 14:21:17 - INFO - __main__ -   	EPOCH:  21	MiniBatch:    5
02/25/2021 14:21:18 - INFO - __main__ -   	EPOCH:  21	MiniBatch:    6
02/25/2021 14:21:19 - INFO - __main__ -   	EPOCH:  21	MiniBatch:    7
02/25/2021 14:21:20 - INFO - __main__ -   	EPOCH:  21	MiniBatch:    8
02/25/2021 14:21:21 - INFO - __main__ -   	Testing dev Minibatch:    0
02/25/2021 14:21:22 - INFO - __main__ -   	Testing dev Minibatch:    1
02/25/2021 14:21:22 - INFO - __main__ -   	Testing dev Minibatch:    2
02/25/2021 14:21:23 - INFO - __main__ -   
Labels 	Prec. 	Recall	F1    	Supp  
Denial 	0.5994	0.7670	0.6730	279
Support	0.5985	0.5467	0.5714	289
Comment	0.5236	0.4458	0.4816	249
Queries	0.4762	0.2703	0.3448	37
MacroF1	0.5177
F1w_avg	0.5686
Acc    	57.7

02/25/2021 14:21:23 - INFO - __main__ -   	EPOCH:  22	MiniBatch:    0
02/25/2021 14:21:24 - INFO - __main__ -   	EPOCH:  22	MiniBatch:    1
02/25/2021 14:21:25 - INFO - __main__ -   	EPOCH:  22	MiniBatch:    2
02/25/2021 14:21:26 - INFO - __main__ -   	EPOCH:  22	MiniBatch:    3
02/25/2021 14:21:27 - INFO - __main__ -   	EPOCH:  22	MiniBatch:    4
02/25/2021 14:21:29 - INFO - __main__ -   	EPOCH:  22	MiniBatch:    5
02/25/2021 14:21:30 - INFO - __main__ -   	EPOCH:  22	MiniBatch:    6
02/25/2021 14:21:31 - INFO - __main__ -   	EPOCH:  22	MiniBatch:    7
02/25/2021 14:21:32 - INFO - __main__ -   	EPOCH:  22	MiniBatch:    8
02/25/2021 14:21:33 - INFO - __main__ -   	Testing dev Minibatch:    0
02/25/2021 14:21:34 - INFO - __main__ -   	Testing dev Minibatch:    1
02/25/2021 14:21:34 - INFO - __main__ -   	Testing dev Minibatch:    2
02/25/2021 14:21:34 - INFO - __main__ -   
Labels 	Prec. 	Recall	F1    	Supp  
Denial 	0.5398	0.7778	0.6373	279
Support	0.6421	0.4221	0.5094	289
Comment	0.4815	0.4699	0.4756	249
Queries	0.5263	0.2703	0.3571	37
MacroF1	0.4949
F1w_avg	0.5347
Acc    	54.6

02/25/2021 14:21:35 - INFO - __main__ -   	EPOCH:  23	MiniBatch:    0
02/25/2021 14:21:36 - INFO - __main__ -   	EPOCH:  23	MiniBatch:    1
02/25/2021 14:21:37 - INFO - __main__ -   	EPOCH:  23	MiniBatch:    2
02/25/2021 14:21:38 - INFO - __main__ -   	EPOCH:  23	MiniBatch:    3
02/25/2021 14:21:40 - INFO - __main__ -   	EPOCH:  23	MiniBatch:    4
02/25/2021 14:21:41 - INFO - __main__ -   	EPOCH:  23	MiniBatch:    5
02/25/2021 14:21:42 - INFO - __main__ -   	EPOCH:  23	MiniBatch:    6
02/25/2021 14:21:43 - INFO - __main__ -   	EPOCH:  23	MiniBatch:    7
02/25/2021 14:21:44 - INFO - __main__ -   	EPOCH:  23	MiniBatch:    8
02/25/2021 14:21:45 - INFO - __main__ -   	Testing dev Minibatch:    0
02/25/2021 14:21:46 - INFO - __main__ -   	Testing dev Minibatch:    1
02/25/2021 14:21:46 - INFO - __main__ -   	Testing dev Minibatch:    2
02/25/2021 14:21:46 - INFO - __main__ -   
Labels 	Prec. 	Recall	F1    	Supp  
Denial 	0.5648	0.8280	0.6715	279
Support	0.6538	0.4706	0.5473	289
Comment	0.5160	0.4538	0.4829	249
Queries	0.5000	0.2432	0.3273	37
MacroF1	0.5072
F1w_avg	0.5596
Acc    	57.3

02/25/2021 14:21:47 - INFO - __main__ -   	EPOCH:  24	MiniBatch:    0
02/25/2021 14:21:48 - INFO - __main__ -   	EPOCH:  24	MiniBatch:    1
02/25/2021 14:21:49 - INFO - __main__ -   	EPOCH:  24	MiniBatch:    2
02/25/2021 14:21:50 - INFO - __main__ -   	EPOCH:  24	MiniBatch:    3
02/25/2021 14:21:51 - INFO - __main__ -   	EPOCH:  24	MiniBatch:    4
02/25/2021 14:21:53 - INFO - __main__ -   	EPOCH:  24	MiniBatch:    5
02/25/2021 14:21:54 - INFO - __main__ -   	EPOCH:  24	MiniBatch:    6
02/25/2021 14:21:55 - INFO - __main__ -   	EPOCH:  24	MiniBatch:    7
02/25/2021 14:21:56 - INFO - __main__ -   	EPOCH:  24	MiniBatch:    8
02/25/2021 14:21:57 - INFO - __main__ -   	Testing dev Minibatch:    0
02/25/2021 14:21:57 - INFO - __main__ -   	Testing dev Minibatch:    1
02/25/2021 14:21:58 - INFO - __main__ -   	Testing dev Minibatch:    2
02/25/2021 14:21:58 - INFO - __main__ -   
Labels 	Prec. 	Recall	F1    	Supp  
Denial 	0.5637	0.8244	0.6696	279
Support	0.6419	0.4775	0.5476	289
Comment	0.5278	0.4578	0.4903	249
Queries	0.6000	0.2432	0.3462	37
MacroF1	0.5134
F1w_avg	0.5620
Acc    	57.5

02/25/2021 14:21:59 - INFO - __main__ -   	EPOCH:  25	MiniBatch:    0
02/25/2021 14:22:00 - INFO - __main__ -   	EPOCH:  25	MiniBatch:    1
02/25/2021 14:22:01 - INFO - __main__ -   	EPOCH:  25	MiniBatch:    2
02/25/2021 14:22:02 - INFO - __main__ -   	EPOCH:  25	MiniBatch:    3
02/25/2021 14:22:03 - INFO - __main__ -   	EPOCH:  25	MiniBatch:    4
02/25/2021 14:22:04 - INFO - __main__ -   	EPOCH:  25	MiniBatch:    5
02/25/2021 14:22:06 - INFO - __main__ -   	EPOCH:  25	MiniBatch:    6
02/25/2021 14:22:07 - INFO - __main__ -   	EPOCH:  25	MiniBatch:    7
02/25/2021 14:22:08 - INFO - __main__ -   	EPOCH:  25	MiniBatch:    8
02/25/2021 14:22:09 - INFO - __main__ -   	Testing dev Minibatch:    0
02/25/2021 14:22:09 - INFO - __main__ -   	Testing dev Minibatch:    1
02/25/2021 14:22:10 - INFO - __main__ -   	Testing dev Minibatch:    2
02/25/2021 14:22:10 - INFO - __main__ -   
Labels 	Prec. 	Recall	F1    	Supp  
Denial 	0.6277	0.7312	0.6755	279
Support	0.6007	0.5986	0.5997	289
Comment	0.5180	0.4618	0.4883	249
Queries	0.4737	0.2432	0.3214	37
MacroF1	0.5212
F1w_avg	0.5799
Acc    	58.7

02/25/2021 14:22:10 - INFO - __main__ -   	EPOCH:  26	MiniBatch:    0
02/25/2021 14:22:12 - INFO - __main__ -   	EPOCH:  26	MiniBatch:    1
02/25/2021 14:22:13 - INFO - __main__ -   	EPOCH:  26	MiniBatch:    2
02/25/2021 14:22:14 - INFO - __main__ -   	EPOCH:  26	MiniBatch:    3
02/25/2021 14:22:15 - INFO - __main__ -   	EPOCH:  26	MiniBatch:    4
02/25/2021 14:22:16 - INFO - __main__ -   	EPOCH:  26	MiniBatch:    5
02/25/2021 14:22:17 - INFO - __main__ -   	EPOCH:  26	MiniBatch:    6
02/25/2021 14:22:19 - INFO - __main__ -   	EPOCH:  26	MiniBatch:    7
02/25/2021 14:22:20 - INFO - __main__ -   	EPOCH:  26	MiniBatch:    8
02/25/2021 14:22:21 - INFO - __main__ -   	Testing dev Minibatch:    0
02/25/2021 14:22:21 - INFO - __main__ -   	Testing dev Minibatch:    1
02/25/2021 14:22:22 - INFO - __main__ -   	Testing dev Minibatch:    2
02/25/2021 14:22:22 - INFO - __main__ -   
Labels 	Prec. 	Recall	F1    	Supp  
Denial 	0.5769	0.8065	0.6726	279
Support	0.6194	0.5744	0.5961	289
Comment	0.5876	0.4177	0.4883	249
Queries	0.5263	0.2703	0.3571	37
MacroF1	0.5285
F1w_avg	0.5793
Acc    	59.1

02/25/2021 14:22:22 - INFO - __main__ -   No improvements in F1 for 20 epochs
02/25/2021 14:22:23 - INFO - __main__ -   	Testing test Minibatch:    0
02/25/2021 14:22:23 - INFO - __main__ -   	Testing test Minibatch:    1
02/25/2021 14:22:24 - INFO - __main__ -   	Testing test Minibatch:    2
02/25/2021 14:22:24 - INFO - __main__ -   
Labels 	Prec. 	Recall	F1    	Supp  
Denial 	0.6082	0.7540	0.6733	313
Support	0.5817	0.4583	0.5127	264
Comment	0.5489	0.5181	0.5331	249
Queries	0.4783	0.3929	0.4314	28
MacroF1	0.5376
F1w_avg	0.5748
Acc    	58.2

02/25/2021 14:22:24 - INFO - __main__ -   Time taken: 0h 5m 43s
