02/25/2021 14:07:11 - INFO - __main__ -   ----------------- Hyperparameters ------------------
02/25/2021 14:07:11 - INFO - __main__ -   ======== my_Bertweet =========
02/25/2021 14:07:11 - INFO - __main__ -   ===== Hyperparameters ======
02/25/2021 14:07:11 - INFO - __main__ -   ('batch_train', 200)
02/25/2021 14:07:11 - INFO - __main__ -   ('batch_test', 200)
02/25/2021 14:07:11 - INFO - __main__ -   ('epochs', 100)
02/25/2021 14:07:11 - INFO - __main__ -   ('learning_rate', 5e-06)
02/25/2021 14:07:11 - INFO - __main__ -   ('optimizer', 'adam')
02/25/2021 14:07:11 - INFO - __main__ -   ('do_train', True)
02/25/2021 14:07:11 - INFO - __main__ -   ('do_test', True)
02/25/2021 14:07:11 - INFO - __main__ -   ('model_name', 'my_Bertweet')
02/25/2021 14:07:11 - INFO - __main__ -   ('exp_name', 'exp38')
02/25/2021 14:07:11 - INFO - __main__ -   ('train_data', './data/train_set_128_bertweet.bin')
02/25/2021 14:07:11 - INFO - __main__ -   ('test_data', './data/test_set_128_bertweet.bin')
02/25/2021 14:07:11 - INFO - __main__ -   ('k_folds', 4)
02/25/2021 14:07:11 - INFO - __main__ -   ('folds2run', 1)
02/25/2021 14:07:11 - INFO - __main__ -   ('debug', False)
02/25/2021 14:07:11 - INFO - __main__ -   ('log_interval', 1)
02/25/2021 14:07:11 - INFO - __main__ -   ('loss_fn', 'ce_loss')
02/25/2021 14:07:11 - INFO - __main__ -   ('w_sample', True)
02/25/2021 14:07:11 - INFO - __main__ -   ('pretrain_model', '')
02/25/2021 14:07:11 - INFO - __main__ -   ('epochs2giveup', 20)
02/25/2021 14:07:11 - INFO - __main__ -   batch_train: 200
02/25/2021 14:07:11 - INFO - __main__ -   batch_test:  200
02/25/2021 14:07:11 - INFO - __main__ -   epochs: 100 
02/25/2021 14:07:11 - INFO - __main__ -   learning_rate: 0.000005
02/25/2021 14:07:11 - INFO - __main__ -   optimizer: adam
02/25/2021 14:07:11 - INFO - __main__ -   debug: False
02/25/2021 14:07:11 - INFO - __main__ -   ------------------ Getting model -------------------
02/25/2021 14:07:18 - INFO - __main__ -   --------------- Getting dataframes -----------------
02/25/2021 14:07:18 - INFO - __main__ -   ------- Setting loss function and optimizer --------
02/25/2021 14:07:18 - INFO - __main__ -   ------------ Converting to dataloaders -------------
02/25/2021 14:07:18 - INFO - __main__ -   956
02/25/2021 14:07:18 - INFO - __main__ -   816
02/25/2021 14:07:18 - INFO - __main__ -   706
02/25/2021 14:07:18 - INFO - __main__ -   85
02/25/2021 14:07:18 - INFO - __main__ -   ---------------- Starting training -----------------
02/25/2021 14:07:18 - INFO - __main__ -   	EPOCH:   0	MiniBatch:    0
02/25/2021 14:07:21 - INFO - __main__ -   	EPOCH:   0	MiniBatch:    1
02/25/2021 14:07:22 - INFO - __main__ -   	EPOCH:   0	MiniBatch:    2
02/25/2021 14:07:23 - INFO - __main__ -   	EPOCH:   0	MiniBatch:    3
02/25/2021 14:07:24 - INFO - __main__ -   	EPOCH:   0	MiniBatch:    4
02/25/2021 14:07:25 - INFO - __main__ -   	EPOCH:   0	MiniBatch:    5
02/25/2021 14:07:25 - INFO - __main__ -   	EPOCH:   0	MiniBatch:    6
02/25/2021 14:07:26 - INFO - __main__ -   	EPOCH:   0	MiniBatch:    7
02/25/2021 14:07:27 - INFO - __main__ -   	EPOCH:   0	MiniBatch:    8
02/25/2021 14:07:28 - INFO - __main__ -   	EPOCH:   0	MiniBatch:    9
02/25/2021 14:07:29 - INFO - __main__ -   	EPOCH:   0	MiniBatch:   10
02/25/2021 14:07:29 - INFO - __main__ -   	EPOCH:   0	MiniBatch:   11
02/25/2021 14:07:30 - INFO - __main__ -   	EPOCH:   0	MiniBatch:   12
02/25/2021 14:07:31 - INFO - __main__ -   	Testing dev Minibatch:    0
02/25/2021 14:07:31 - INFO - __main__ -   	Testing dev Minibatch:    1
02/25/2021 14:07:32 - INFO - __main__ -   	Testing dev Minibatch:    2
02/25/2021 14:07:32 - INFO - __main__ -   	Testing dev Minibatch:    3
02/25/2021 14:07:32 - INFO - __main__ -   	Testing dev Minibatch:    4
02/25/2021 14:07:33 - INFO - __main__ -   
Labels 	Prec. 	Recall	F1    	Supp  
Denial 	0.3391	0.1398	0.1980	279
Support	0.3725	0.8547	0.5189	289
Comment	0.0000	0.0000	0.0000	249
Queries	0.0526	0.1081	0.0708	37
MacroF1	0.1969
F1w_avg	0.2433
Acc    	34.0

02/25/2021 14:07:33 - INFO - __main__ -   	EPOCH:   1	MiniBatch:    0
02/25/2021 14:07:34 - INFO - __main__ -   	EPOCH:   1	MiniBatch:    1
02/25/2021 14:07:35 - INFO - __main__ -   	EPOCH:   1	MiniBatch:    2
02/25/2021 14:07:36 - INFO - __main__ -   	EPOCH:   1	MiniBatch:    3
02/25/2021 14:07:37 - INFO - __main__ -   	EPOCH:   1	MiniBatch:    4
02/25/2021 14:07:37 - INFO - __main__ -   	EPOCH:   1	MiniBatch:    5
02/25/2021 14:07:38 - INFO - __main__ -   	EPOCH:   1	MiniBatch:    6
02/25/2021 14:07:39 - INFO - __main__ -   	EPOCH:   1	MiniBatch:    7
02/25/2021 14:07:40 - INFO - __main__ -   	EPOCH:   1	MiniBatch:    8
02/25/2021 14:07:41 - INFO - __main__ -   	EPOCH:   1	MiniBatch:    9
02/25/2021 14:07:41 - INFO - __main__ -   	EPOCH:   1	MiniBatch:   10
02/25/2021 14:07:42 - INFO - __main__ -   	EPOCH:   1	MiniBatch:   11
02/25/2021 14:07:43 - INFO - __main__ -   	EPOCH:   1	MiniBatch:   12
02/25/2021 14:07:44 - INFO - __main__ -   	Testing dev Minibatch:    0
02/25/2021 14:07:44 - INFO - __main__ -   	Testing dev Minibatch:    1
02/25/2021 14:07:45 - INFO - __main__ -   	Testing dev Minibatch:    2
02/25/2021 14:07:45 - INFO - __main__ -   	Testing dev Minibatch:    3
02/25/2021 14:07:45 - INFO - __main__ -   	Testing dev Minibatch:    4
02/25/2021 14:07:45 - INFO - __main__ -   
Labels 	Prec. 	Recall	F1    	Supp  
Denial 	0.3889	0.0502	0.0889	279
Support	0.4129	0.6886	0.5162	289
Comment	0.5250	0.0843	0.1453	249
Queries	0.0608	0.4865	0.1081	37
MacroF1	0.2146
F1w_avg	0.2508
Acc    	29.5

02/25/2021 14:07:47 - INFO - __main__ -   	EPOCH:   2	MiniBatch:    0
02/25/2021 14:07:48 - INFO - __main__ -   	EPOCH:   2	MiniBatch:    1
02/25/2021 14:07:49 - INFO - __main__ -   	EPOCH:   2	MiniBatch:    2
02/25/2021 14:07:50 - INFO - __main__ -   	EPOCH:   2	MiniBatch:    3
02/25/2021 14:07:51 - INFO - __main__ -   	EPOCH:   2	MiniBatch:    4
02/25/2021 14:07:51 - INFO - __main__ -   	EPOCH:   2	MiniBatch:    5
02/25/2021 14:07:52 - INFO - __main__ -   	EPOCH:   2	MiniBatch:    6
02/25/2021 14:07:53 - INFO - __main__ -   	EPOCH:   2	MiniBatch:    7
02/25/2021 14:07:54 - INFO - __main__ -   	EPOCH:   2	MiniBatch:    8
02/25/2021 14:07:55 - INFO - __main__ -   	EPOCH:   2	MiniBatch:    9
02/25/2021 14:07:56 - INFO - __main__ -   	EPOCH:   2	MiniBatch:   10
02/25/2021 14:07:56 - INFO - __main__ -   	EPOCH:   2	MiniBatch:   11
02/25/2021 14:07:57 - INFO - __main__ -   	EPOCH:   2	MiniBatch:   12
02/25/2021 14:07:58 - INFO - __main__ -   	Testing dev Minibatch:    0
02/25/2021 14:07:58 - INFO - __main__ -   	Testing dev Minibatch:    1
02/25/2021 14:07:59 - INFO - __main__ -   	Testing dev Minibatch:    2
02/25/2021 14:07:59 - INFO - __main__ -   	Testing dev Minibatch:    3
02/25/2021 14:07:59 - INFO - __main__ -   	Testing dev Minibatch:    4
02/25/2021 14:08:00 - INFO - __main__ -   
Labels 	Prec. 	Recall	F1    	Supp  
Denial 	0.3817	0.1792	0.2439	279
Support	0.4105	0.6747	0.5105	289
Comment	1.0000	0.0201	0.0394	249
Queries	0.0617	0.4054	0.1071	37
MacroF1	0.2252
F1w_avg	0.2686
Acc    	31.0

02/25/2021 14:08:01 - INFO - __main__ -   	EPOCH:   3	MiniBatch:    0
02/25/2021 14:08:02 - INFO - __main__ -   	EPOCH:   3	MiniBatch:    1
02/25/2021 14:08:03 - INFO - __main__ -   	EPOCH:   3	MiniBatch:    2
02/25/2021 14:08:04 - INFO - __main__ -   	EPOCH:   3	MiniBatch:    3
02/25/2021 14:08:05 - INFO - __main__ -   	EPOCH:   3	MiniBatch:    4
02/25/2021 14:08:06 - INFO - __main__ -   	EPOCH:   3	MiniBatch:    5
02/25/2021 14:08:06 - INFO - __main__ -   	EPOCH:   3	MiniBatch:    6
02/25/2021 14:08:07 - INFO - __main__ -   	EPOCH:   3	MiniBatch:    7
02/25/2021 14:08:08 - INFO - __main__ -   	EPOCH:   3	MiniBatch:    8
02/25/2021 14:08:09 - INFO - __main__ -   	EPOCH:   3	MiniBatch:    9
02/25/2021 14:08:10 - INFO - __main__ -   	EPOCH:   3	MiniBatch:   10
02/25/2021 14:08:10 - INFO - __main__ -   	EPOCH:   3	MiniBatch:   11
02/25/2021 14:08:11 - INFO - __main__ -   	EPOCH:   3	MiniBatch:   12
02/25/2021 14:08:12 - INFO - __main__ -   	Testing dev Minibatch:    0
02/25/2021 14:08:13 - INFO - __main__ -   	Testing dev Minibatch:    1
02/25/2021 14:08:13 - INFO - __main__ -   	Testing dev Minibatch:    2
02/25/2021 14:08:13 - INFO - __main__ -   	Testing dev Minibatch:    3
02/25/2021 14:08:13 - INFO - __main__ -   	Testing dev Minibatch:    4
02/25/2021 14:08:14 - INFO - __main__ -   
Labels 	Prec. 	Recall	F1    	Supp  
Denial 	0.4118	0.0753	0.1273	279
Support	0.4257	0.7336	0.5388	289
Comment	0.4321	0.2811	0.3406	249
Queries	0.0839	0.3243	0.1333	37
MacroF1	0.2850
F1w_avg	0.3290
Acc    	36.9

02/25/2021 14:08:15 - INFO - __main__ -   	EPOCH:   4	MiniBatch:    0
02/25/2021 14:08:16 - INFO - __main__ -   	EPOCH:   4	MiniBatch:    1
02/25/2021 14:08:17 - INFO - __main__ -   	EPOCH:   4	MiniBatch:    2
02/25/2021 14:08:18 - INFO - __main__ -   	EPOCH:   4	MiniBatch:    3
02/25/2021 14:08:19 - INFO - __main__ -   	EPOCH:   4	MiniBatch:    4
02/25/2021 14:08:20 - INFO - __main__ -   	EPOCH:   4	MiniBatch:    5
02/25/2021 14:08:20 - INFO - __main__ -   	EPOCH:   4	MiniBatch:    6
02/25/2021 14:08:21 - INFO - __main__ -   	EPOCH:   4	MiniBatch:    7
02/25/2021 14:08:22 - INFO - __main__ -   	EPOCH:   4	MiniBatch:    8
02/25/2021 14:08:23 - INFO - __main__ -   	EPOCH:   4	MiniBatch:    9
02/25/2021 14:08:24 - INFO - __main__ -   	EPOCH:   4	MiniBatch:   10
02/25/2021 14:08:25 - INFO - __main__ -   	EPOCH:   4	MiniBatch:   11
02/25/2021 14:08:25 - INFO - __main__ -   	EPOCH:   4	MiniBatch:   12
02/25/2021 14:08:26 - INFO - __main__ -   	Testing dev Minibatch:    0
02/25/2021 14:08:27 - INFO - __main__ -   	Testing dev Minibatch:    1
02/25/2021 14:08:27 - INFO - __main__ -   	Testing dev Minibatch:    2
02/25/2021 14:08:27 - INFO - __main__ -   	Testing dev Minibatch:    3
02/25/2021 14:08:28 - INFO - __main__ -   	Testing dev Minibatch:    4
02/25/2021 14:08:28 - INFO - __main__ -   
Labels 	Prec. 	Recall	F1    	Supp  
Denial 	0.4595	0.1828	0.2615	279
Support	0.4720	0.6990	0.5635	289
Comment	0.5185	0.0562	0.1014	249
Queries	0.0660	0.5135	0.1169	37
MacroF1	0.2608
F1w_avg	0.3108
Acc    	33.5

02/25/2021 14:08:28 - INFO - __main__ -   	EPOCH:   5	MiniBatch:    0
02/25/2021 14:08:29 - INFO - __main__ -   	EPOCH:   5	MiniBatch:    1
02/25/2021 14:08:30 - INFO - __main__ -   	EPOCH:   5	MiniBatch:    2
02/25/2021 14:08:30 - INFO - __main__ -   	EPOCH:   5	MiniBatch:    3
02/25/2021 14:08:31 - INFO - __main__ -   	EPOCH:   5	MiniBatch:    4
02/25/2021 14:08:32 - INFO - __main__ -   	EPOCH:   5	MiniBatch:    5
02/25/2021 14:08:33 - INFO - __main__ -   	EPOCH:   5	MiniBatch:    6
02/25/2021 14:08:34 - INFO - __main__ -   	EPOCH:   5	MiniBatch:    7
02/25/2021 14:08:35 - INFO - __main__ -   	EPOCH:   5	MiniBatch:    8
02/25/2021 14:08:35 - INFO - __main__ -   	EPOCH:   5	MiniBatch:    9
02/25/2021 14:08:36 - INFO - __main__ -   	EPOCH:   5	MiniBatch:   10
02/25/2021 14:08:37 - INFO - __main__ -   	EPOCH:   5	MiniBatch:   11
02/25/2021 14:08:38 - INFO - __main__ -   	EPOCH:   5	MiniBatch:   12
02/25/2021 14:08:39 - INFO - __main__ -   	Testing dev Minibatch:    0
02/25/2021 14:08:39 - INFO - __main__ -   	Testing dev Minibatch:    1
02/25/2021 14:08:39 - INFO - __main__ -   	Testing dev Minibatch:    2
02/25/2021 14:08:40 - INFO - __main__ -   	Testing dev Minibatch:    3
02/25/2021 14:08:40 - INFO - __main__ -   	Testing dev Minibatch:    4
02/25/2021 14:08:40 - INFO - __main__ -   
Labels 	Prec. 	Recall	F1    	Supp  
Denial 	0.4524	0.2043	0.2815	279
Support	0.4606	0.7474	0.5699	289
Comment	0.5882	0.0402	0.0752	249
Queries	0.0785	0.5135	0.1362	37
MacroF1	0.2657
F1w_avg	0.3126
Acc    	35.4

02/25/2021 14:08:40 - INFO - __main__ -   	EPOCH:   6	MiniBatch:    0
02/25/2021 14:08:41 - INFO - __main__ -   	EPOCH:   6	MiniBatch:    1
02/25/2021 14:08:42 - INFO - __main__ -   	EPOCH:   6	MiniBatch:    2
02/25/2021 14:08:43 - INFO - __main__ -   	EPOCH:   6	MiniBatch:    3
02/25/2021 14:08:44 - INFO - __main__ -   	EPOCH:   6	MiniBatch:    4
02/25/2021 14:08:44 - INFO - __main__ -   	EPOCH:   6	MiniBatch:    5
02/25/2021 14:08:45 - INFO - __main__ -   	EPOCH:   6	MiniBatch:    6
02/25/2021 14:08:46 - INFO - __main__ -   	EPOCH:   6	MiniBatch:    7
02/25/2021 14:08:47 - INFO - __main__ -   	EPOCH:   6	MiniBatch:    8
02/25/2021 14:08:48 - INFO - __main__ -   	EPOCH:   6	MiniBatch:    9
02/25/2021 14:08:49 - INFO - __main__ -   	EPOCH:   6	MiniBatch:   10
02/25/2021 14:08:49 - INFO - __main__ -   	EPOCH:   6	MiniBatch:   11
02/25/2021 14:08:50 - INFO - __main__ -   	EPOCH:   6	MiniBatch:   12
02/25/2021 14:08:51 - INFO - __main__ -   	Testing dev Minibatch:    0
02/25/2021 14:08:52 - INFO - __main__ -   	Testing dev Minibatch:    1
02/25/2021 14:08:52 - INFO - __main__ -   	Testing dev Minibatch:    2
02/25/2021 14:08:52 - INFO - __main__ -   	Testing dev Minibatch:    3
02/25/2021 14:08:52 - INFO - __main__ -   	Testing dev Minibatch:    4
02/25/2021 14:08:53 - INFO - __main__ -   
Labels 	Prec. 	Recall	F1    	Supp  
Denial 	0.4321	0.3763	0.4023	279
Support	0.5063	0.5536	0.5289	289
Comment	0.4154	0.2169	0.2850	249
Queries	0.1030	0.4595	0.1683	37
MacroF1	0.3461
F1w_avg	0.4008
Acc    	39.3

02/25/2021 14:08:54 - INFO - __main__ -   	EPOCH:   7	MiniBatch:    0
02/25/2021 14:08:55 - INFO - __main__ -   	EPOCH:   7	MiniBatch:    1
02/25/2021 14:08:56 - INFO - __main__ -   	EPOCH:   7	MiniBatch:    2
02/25/2021 14:08:57 - INFO - __main__ -   	EPOCH:   7	MiniBatch:    3
02/25/2021 14:08:58 - INFO - __main__ -   	EPOCH:   7	MiniBatch:    4
02/25/2021 14:08:59 - INFO - __main__ -   	EPOCH:   7	MiniBatch:    5
02/25/2021 14:08:59 - INFO - __main__ -   	EPOCH:   7	MiniBatch:    6
02/25/2021 14:09:00 - INFO - __main__ -   	EPOCH:   7	MiniBatch:    7
02/25/2021 14:09:01 - INFO - __main__ -   	EPOCH:   7	MiniBatch:    8
02/25/2021 14:09:02 - INFO - __main__ -   	EPOCH:   7	MiniBatch:    9
02/25/2021 14:09:03 - INFO - __main__ -   	EPOCH:   7	MiniBatch:   10
02/25/2021 14:09:03 - INFO - __main__ -   	EPOCH:   7	MiniBatch:   11
02/25/2021 14:09:04 - INFO - __main__ -   	EPOCH:   7	MiniBatch:   12
02/25/2021 14:09:05 - INFO - __main__ -   	Testing dev Minibatch:    0
02/25/2021 14:09:06 - INFO - __main__ -   	Testing dev Minibatch:    1
02/25/2021 14:09:06 - INFO - __main__ -   	Testing dev Minibatch:    2
02/25/2021 14:09:06 - INFO - __main__ -   	Testing dev Minibatch:    3
02/25/2021 14:09:06 - INFO - __main__ -   	Testing dev Minibatch:    4
02/25/2021 14:09:07 - INFO - __main__ -   
Labels 	Prec. 	Recall	F1    	Supp  
Denial 	0.4377	0.5161	0.4737	279
Support	0.5344	0.4567	0.4925	289
Comment	0.4127	0.2088	0.2773	249
Queries	0.0921	0.3784	0.1481	37
MacroF1	0.3479
F1w_avg	0.4087
Acc    	40.0

02/25/2021 14:09:09 - INFO - __main__ -   	EPOCH:   8	MiniBatch:    0
02/25/2021 14:09:09 - INFO - __main__ -   	EPOCH:   8	MiniBatch:    1
02/25/2021 14:09:10 - INFO - __main__ -   	EPOCH:   8	MiniBatch:    2
02/25/2021 14:09:11 - INFO - __main__ -   	EPOCH:   8	MiniBatch:    3
02/25/2021 14:09:12 - INFO - __main__ -   	EPOCH:   8	MiniBatch:    4
02/25/2021 14:09:13 - INFO - __main__ -   	EPOCH:   8	MiniBatch:    5
02/25/2021 14:09:13 - INFO - __main__ -   	EPOCH:   8	MiniBatch:    6
02/25/2021 14:09:14 - INFO - __main__ -   	EPOCH:   8	MiniBatch:    7
02/25/2021 14:09:15 - INFO - __main__ -   	EPOCH:   8	MiniBatch:    8
02/25/2021 14:09:16 - INFO - __main__ -   	EPOCH:   8	MiniBatch:    9
02/25/2021 14:09:17 - INFO - __main__ -   	EPOCH:   8	MiniBatch:   10
02/25/2021 14:09:18 - INFO - __main__ -   	EPOCH:   8	MiniBatch:   11
02/25/2021 14:09:18 - INFO - __main__ -   	EPOCH:   8	MiniBatch:   12
02/25/2021 14:09:19 - INFO - __main__ -   	Testing dev Minibatch:    0
02/25/2021 14:09:20 - INFO - __main__ -   	Testing dev Minibatch:    1
02/25/2021 14:09:20 - INFO - __main__ -   	Testing dev Minibatch:    2
02/25/2021 14:09:20 - INFO - __main__ -   	Testing dev Minibatch:    3
02/25/2021 14:09:21 - INFO - __main__ -   	Testing dev Minibatch:    4
02/25/2021 14:09:21 - INFO - __main__ -   
Labels 	Prec. 	Recall	F1    	Supp  
Denial 	0.4216	0.5878	0.4910	279
Support	0.5163	0.5467	0.5311	289
Comment	0.4872	0.1526	0.2324	249
Queries	0.1235	0.2703	0.1695	37
MacroF1	0.3560
F1w_avg	0.4152
Acc    	43.3

02/25/2021 14:09:23 - INFO - __main__ -   	EPOCH:   9	MiniBatch:    0
02/25/2021 14:09:23 - INFO - __main__ -   	EPOCH:   9	MiniBatch:    1
02/25/2021 14:09:24 - INFO - __main__ -   	EPOCH:   9	MiniBatch:    2
02/25/2021 14:09:25 - INFO - __main__ -   	EPOCH:   9	MiniBatch:    3
02/25/2021 14:09:26 - INFO - __main__ -   	EPOCH:   9	MiniBatch:    4
02/25/2021 14:09:27 - INFO - __main__ -   	EPOCH:   9	MiniBatch:    5
02/25/2021 14:09:28 - INFO - __main__ -   	EPOCH:   9	MiniBatch:    6
02/25/2021 14:09:28 - INFO - __main__ -   	EPOCH:   9	MiniBatch:    7
02/25/2021 14:09:29 - INFO - __main__ -   	EPOCH:   9	MiniBatch:    8
02/25/2021 14:09:30 - INFO - __main__ -   	EPOCH:   9	MiniBatch:    9
02/25/2021 14:09:31 - INFO - __main__ -   	EPOCH:   9	MiniBatch:   10
02/25/2021 14:09:32 - INFO - __main__ -   	EPOCH:   9	MiniBatch:   11
02/25/2021 14:09:33 - INFO - __main__ -   	EPOCH:   9	MiniBatch:   12
02/25/2021 14:09:33 - INFO - __main__ -   	Testing dev Minibatch:    0
02/25/2021 14:09:34 - INFO - __main__ -   	Testing dev Minibatch:    1
02/25/2021 14:09:34 - INFO - __main__ -   	Testing dev Minibatch:    2
02/25/2021 14:09:34 - INFO - __main__ -   	Testing dev Minibatch:    3
02/25/2021 14:09:35 - INFO - __main__ -   	Testing dev Minibatch:    4
02/25/2021 14:09:35 - INFO - __main__ -   
Labels 	Prec. 	Recall	F1    	Supp  
Denial 	0.4630	0.5161	0.4881	279
Support	0.4884	0.6574	0.5605	289
Comment	0.5306	0.2088	0.2997	249
Queries	0.1607	0.2432	0.1935	37
MacroF1	0.3855
F1w_avg	0.4449
Acc    	46.3

02/25/2021 14:09:37 - INFO - __main__ -   	EPOCH:  10	MiniBatch:    0
02/25/2021 14:09:37 - INFO - __main__ -   	EPOCH:  10	MiniBatch:    1
02/25/2021 14:09:38 - INFO - __main__ -   	EPOCH:  10	MiniBatch:    2
02/25/2021 14:09:39 - INFO - __main__ -   	EPOCH:  10	MiniBatch:    3
02/25/2021 14:09:40 - INFO - __main__ -   	EPOCH:  10	MiniBatch:    4
02/25/2021 14:09:41 - INFO - __main__ -   	EPOCH:  10	MiniBatch:    5
02/25/2021 14:09:42 - INFO - __main__ -   	EPOCH:  10	MiniBatch:    6
02/25/2021 14:09:42 - INFO - __main__ -   	EPOCH:  10	MiniBatch:    7
02/25/2021 14:09:43 - INFO - __main__ -   	EPOCH:  10	MiniBatch:    8
02/25/2021 14:09:44 - INFO - __main__ -   	EPOCH:  10	MiniBatch:    9
02/25/2021 14:09:45 - INFO - __main__ -   	EPOCH:  10	MiniBatch:   10
02/25/2021 14:09:46 - INFO - __main__ -   	EPOCH:  10	MiniBatch:   11
02/25/2021 14:09:47 - INFO - __main__ -   	EPOCH:  10	MiniBatch:   12
02/25/2021 14:09:47 - INFO - __main__ -   	Testing dev Minibatch:    0
02/25/2021 14:09:48 - INFO - __main__ -   	Testing dev Minibatch:    1
02/25/2021 14:09:48 - INFO - __main__ -   	Testing dev Minibatch:    2
02/25/2021 14:09:48 - INFO - __main__ -   	Testing dev Minibatch:    3
02/25/2021 14:09:49 - INFO - __main__ -   	Testing dev Minibatch:    4
02/25/2021 14:09:49 - INFO - __main__ -   
Labels 	Prec. 	Recall	F1    	Supp  
Denial 	0.5155	0.5376	0.5263	279
Support	0.5122	0.6540	0.5745	289
Comment	0.5270	0.3133	0.3929	249
Queries	0.1957	0.2432	0.2169	37
MacroF1	0.4276
F1w_avg	0.4903
Acc    	49.9

02/25/2021 14:09:51 - INFO - __main__ -   	EPOCH:  11	MiniBatch:    0
02/25/2021 14:09:52 - INFO - __main__ -   	EPOCH:  11	MiniBatch:    1
02/25/2021 14:09:52 - INFO - __main__ -   	EPOCH:  11	MiniBatch:    2
02/25/2021 14:09:53 - INFO - __main__ -   	EPOCH:  11	MiniBatch:    3
02/25/2021 14:09:54 - INFO - __main__ -   	EPOCH:  11	MiniBatch:    4
02/25/2021 14:09:55 - INFO - __main__ -   	EPOCH:  11	MiniBatch:    5
02/25/2021 14:09:56 - INFO - __main__ -   	EPOCH:  11	MiniBatch:    6
02/25/2021 14:09:56 - INFO - __main__ -   	EPOCH:  11	MiniBatch:    7
02/25/2021 14:09:57 - INFO - __main__ -   	EPOCH:  11	MiniBatch:    8
02/25/2021 14:09:58 - INFO - __main__ -   	EPOCH:  11	MiniBatch:    9
02/25/2021 14:09:59 - INFO - __main__ -   	EPOCH:  11	MiniBatch:   10
02/25/2021 14:10:00 - INFO - __main__ -   	EPOCH:  11	MiniBatch:   11
02/25/2021 14:10:01 - INFO - __main__ -   	EPOCH:  11	MiniBatch:   12
02/25/2021 14:10:02 - INFO - __main__ -   	Testing dev Minibatch:    0
02/25/2021 14:10:02 - INFO - __main__ -   	Testing dev Minibatch:    1
02/25/2021 14:10:02 - INFO - __main__ -   	Testing dev Minibatch:    2
02/25/2021 14:10:03 - INFO - __main__ -   	Testing dev Minibatch:    3
02/25/2021 14:10:03 - INFO - __main__ -   	Testing dev Minibatch:    4
02/25/2021 14:10:03 - INFO - __main__ -   
Labels 	Prec. 	Recall	F1    	Supp  
Denial 	0.4549	0.7599	0.5691	279
Support	0.5981	0.4325	0.5020	289
Comment	0.5435	0.3012	0.3876	249
Queries	0.2195	0.2432	0.2308	37
MacroF1	0.4224
F1w_avg	0.4788
Acc    	49.3

02/25/2021 14:10:03 - INFO - __main__ -   	EPOCH:  12	MiniBatch:    0
02/25/2021 14:10:04 - INFO - __main__ -   	EPOCH:  12	MiniBatch:    1
02/25/2021 14:10:05 - INFO - __main__ -   	EPOCH:  12	MiniBatch:    2
02/25/2021 14:10:06 - INFO - __main__ -   	EPOCH:  12	MiniBatch:    3
02/25/2021 14:10:06 - INFO - __main__ -   	EPOCH:  12	MiniBatch:    4
02/25/2021 14:10:07 - INFO - __main__ -   	EPOCH:  12	MiniBatch:    5
02/25/2021 14:10:08 - INFO - __main__ -   	EPOCH:  12	MiniBatch:    6
02/25/2021 14:10:09 - INFO - __main__ -   	EPOCH:  12	MiniBatch:    7
02/25/2021 14:10:10 - INFO - __main__ -   	EPOCH:  12	MiniBatch:    8
02/25/2021 14:10:11 - INFO - __main__ -   	EPOCH:  12	MiniBatch:    9
02/25/2021 14:10:11 - INFO - __main__ -   	EPOCH:  12	MiniBatch:   10
02/25/2021 14:10:12 - INFO - __main__ -   	EPOCH:  12	MiniBatch:   11
02/25/2021 14:10:13 - INFO - __main__ -   	EPOCH:  12	MiniBatch:   12
02/25/2021 14:10:14 - INFO - __main__ -   	Testing dev Minibatch:    0
02/25/2021 14:10:14 - INFO - __main__ -   	Testing dev Minibatch:    1
02/25/2021 14:10:15 - INFO - __main__ -   	Testing dev Minibatch:    2
02/25/2021 14:10:15 - INFO - __main__ -   	Testing dev Minibatch:    3
02/25/2021 14:10:15 - INFO - __main__ -   	Testing dev Minibatch:    4
02/25/2021 14:10:15 - INFO - __main__ -   
Labels 	Prec. 	Recall	F1    	Supp  
Denial 	0.6073	0.4158	0.4936	279
Support	0.5063	0.6990	0.5872	289
Comment	0.4894	0.4618	0.4752	249
Queries	0.2759	0.2162	0.2424	37
MacroF1	0.4496
F1w_avg	0.5090
Acc    	51.6

02/25/2021 14:10:17 - INFO - __main__ -   	EPOCH:  13	MiniBatch:    0
02/25/2021 14:10:18 - INFO - __main__ -   	EPOCH:  13	MiniBatch:    1
02/25/2021 14:10:19 - INFO - __main__ -   	EPOCH:  13	MiniBatch:    2
02/25/2021 14:10:20 - INFO - __main__ -   	EPOCH:  13	MiniBatch:    3
02/25/2021 14:10:21 - INFO - __main__ -   	EPOCH:  13	MiniBatch:    4
02/25/2021 14:10:21 - INFO - __main__ -   	EPOCH:  13	MiniBatch:    5
02/25/2021 14:10:22 - INFO - __main__ -   	EPOCH:  13	MiniBatch:    6
02/25/2021 14:10:23 - INFO - __main__ -   	EPOCH:  13	MiniBatch:    7
02/25/2021 14:10:24 - INFO - __main__ -   	EPOCH:  13	MiniBatch:    8
02/25/2021 14:10:25 - INFO - __main__ -   	EPOCH:  13	MiniBatch:    9
02/25/2021 14:10:26 - INFO - __main__ -   	EPOCH:  13	MiniBatch:   10
02/25/2021 14:10:26 - INFO - __main__ -   	EPOCH:  13	MiniBatch:   11
02/25/2021 14:10:27 - INFO - __main__ -   	EPOCH:  13	MiniBatch:   12
02/25/2021 14:10:28 - INFO - __main__ -   	Testing dev Minibatch:    0
02/25/2021 14:10:28 - INFO - __main__ -   	Testing dev Minibatch:    1
02/25/2021 14:10:29 - INFO - __main__ -   	Testing dev Minibatch:    2
02/25/2021 14:10:29 - INFO - __main__ -   	Testing dev Minibatch:    3
02/25/2021 14:10:29 - INFO - __main__ -   	Testing dev Minibatch:    4
02/25/2021 14:10:30 - INFO - __main__ -   
Labels 	Prec. 	Recall	F1    	Supp  
Denial 	0.5062	0.7348	0.5994	279
Support	0.5915	0.4810	0.5305	289
Comment	0.5367	0.3815	0.4460	249
Queries	0.2703	0.2703	0.2703	37
MacroF1	0.4616
F1w_avg	0.5171
Acc    	52.6

02/25/2021 14:10:31 - INFO - __main__ -   	EPOCH:  14	MiniBatch:    0
02/25/2021 14:10:32 - INFO - __main__ -   	EPOCH:  14	MiniBatch:    1
02/25/2021 14:10:33 - INFO - __main__ -   	EPOCH:  14	MiniBatch:    2
02/25/2021 14:10:34 - INFO - __main__ -   	EPOCH:  14	MiniBatch:    3
02/25/2021 14:10:35 - INFO - __main__ -   	EPOCH:  14	MiniBatch:    4
02/25/2021 14:10:35 - INFO - __main__ -   	EPOCH:  14	MiniBatch:    5
02/25/2021 14:10:36 - INFO - __main__ -   	EPOCH:  14	MiniBatch:    6
02/25/2021 14:10:37 - INFO - __main__ -   	EPOCH:  14	MiniBatch:    7
02/25/2021 14:10:38 - INFO - __main__ -   	EPOCH:  14	MiniBatch:    8
02/25/2021 14:10:39 - INFO - __main__ -   	EPOCH:  14	MiniBatch:    9
02/25/2021 14:10:40 - INFO - __main__ -   	EPOCH:  14	MiniBatch:   10
02/25/2021 14:10:40 - INFO - __main__ -   	EPOCH:  14	MiniBatch:   11
02/25/2021 14:10:41 - INFO - __main__ -   	EPOCH:  14	MiniBatch:   12
02/25/2021 14:10:42 - INFO - __main__ -   	Testing dev Minibatch:    0
02/25/2021 14:10:42 - INFO - __main__ -   	Testing dev Minibatch:    1
02/25/2021 14:10:43 - INFO - __main__ -   	Testing dev Minibatch:    2
02/25/2021 14:10:43 - INFO - __main__ -   	Testing dev Minibatch:    3
02/25/2021 14:10:43 - INFO - __main__ -   	Testing dev Minibatch:    4
02/25/2021 14:10:44 - INFO - __main__ -   
Labels 	Prec. 	Recall	F1    	Supp  
Denial 	0.6579	0.5376	0.5917	279
Support	0.5475	0.6782	0.6059	289
Comment	0.4979	0.4739	0.4856	249
Queries	0.3871	0.3243	0.3529	37
MacroF1	0.5090
F1w_avg	0.5552
Acc    	55.7

02/25/2021 14:10:45 - INFO - __main__ -   	EPOCH:  15	MiniBatch:    0
02/25/2021 14:10:46 - INFO - __main__ -   	EPOCH:  15	MiniBatch:    1
02/25/2021 14:10:47 - INFO - __main__ -   	EPOCH:  15	MiniBatch:    2
02/25/2021 14:10:48 - INFO - __main__ -   	EPOCH:  15	MiniBatch:    3
02/25/2021 14:10:49 - INFO - __main__ -   	EPOCH:  15	MiniBatch:    4
02/25/2021 14:10:50 - INFO - __main__ -   	EPOCH:  15	MiniBatch:    5
02/25/2021 14:10:50 - INFO - __main__ -   	EPOCH:  15	MiniBatch:    6
02/25/2021 14:10:51 - INFO - __main__ -   	EPOCH:  15	MiniBatch:    7
02/25/2021 14:10:52 - INFO - __main__ -   	EPOCH:  15	MiniBatch:    8
02/25/2021 14:10:53 - INFO - __main__ -   	EPOCH:  15	MiniBatch:    9
02/25/2021 14:10:54 - INFO - __main__ -   	EPOCH:  15	MiniBatch:   10
02/25/2021 14:10:55 - INFO - __main__ -   	EPOCH:  15	MiniBatch:   11
02/25/2021 14:10:55 - INFO - __main__ -   	EPOCH:  15	MiniBatch:   12
02/25/2021 14:10:56 - INFO - __main__ -   	Testing dev Minibatch:    0
02/25/2021 14:10:57 - INFO - __main__ -   	Testing dev Minibatch:    1
02/25/2021 14:10:57 - INFO - __main__ -   	Testing dev Minibatch:    2
02/25/2021 14:10:57 - INFO - __main__ -   	Testing dev Minibatch:    3
02/25/2021 14:10:57 - INFO - __main__ -   	Testing dev Minibatch:    4
02/25/2021 14:10:58 - INFO - __main__ -   
Labels 	Prec. 	Recall	F1    	Supp  
Denial 	0.6006	0.6631	0.6303	279
Support	0.5505	0.7163	0.6226	289
Comment	0.5871	0.3655	0.4505	249
Queries	0.3333	0.1351	0.1923	37
MacroF1	0.4739
F1w_avg	0.5563
Acc    	57.1

02/25/2021 14:10:58 - INFO - __main__ -   	EPOCH:  16	MiniBatch:    0
02/25/2021 14:10:59 - INFO - __main__ -   	EPOCH:  16	MiniBatch:    1
02/25/2021 14:11:00 - INFO - __main__ -   	EPOCH:  16	MiniBatch:    2
02/25/2021 14:11:00 - INFO - __main__ -   	EPOCH:  16	MiniBatch:    3
02/25/2021 14:11:01 - INFO - __main__ -   	EPOCH:  16	MiniBatch:    4
02/25/2021 14:11:02 - INFO - __main__ -   	EPOCH:  16	MiniBatch:    5
02/25/2021 14:11:03 - INFO - __main__ -   	EPOCH:  16	MiniBatch:    6
02/25/2021 14:11:04 - INFO - __main__ -   	EPOCH:  16	MiniBatch:    7
02/25/2021 14:11:05 - INFO - __main__ -   	EPOCH:  16	MiniBatch:    8
02/25/2021 14:11:05 - INFO - __main__ -   	EPOCH:  16	MiniBatch:    9
02/25/2021 14:11:06 - INFO - __main__ -   	EPOCH:  16	MiniBatch:   10
02/25/2021 14:11:07 - INFO - __main__ -   	EPOCH:  16	MiniBatch:   11
02/25/2021 14:11:08 - INFO - __main__ -   	EPOCH:  16	MiniBatch:   12
02/25/2021 14:11:09 - INFO - __main__ -   	Testing dev Minibatch:    0
02/25/2021 14:11:09 - INFO - __main__ -   	Testing dev Minibatch:    1
02/25/2021 14:11:09 - INFO - __main__ -   	Testing dev Minibatch:    2
02/25/2021 14:11:10 - INFO - __main__ -   	Testing dev Minibatch:    3
02/25/2021 14:11:10 - INFO - __main__ -   	Testing dev Minibatch:    4
02/25/2021 14:11:10 - INFO - __main__ -   
Labels 	Prec. 	Recall	F1    	Supp  
Denial 	0.5618	0.7168	0.6299	279
Support	0.6204	0.5260	0.5693	289
Comment	0.5259	0.4900	0.5073	249
Queries	0.3333	0.1892	0.2414	37
MacroF1	0.4870
F1w_avg	0.5568
Acc    	56.3

02/25/2021 14:11:10 - INFO - __main__ -   	EPOCH:  17	MiniBatch:    0
02/25/2021 14:11:11 - INFO - __main__ -   	EPOCH:  17	MiniBatch:    1
02/25/2021 14:11:12 - INFO - __main__ -   	EPOCH:  17	MiniBatch:    2
02/25/2021 14:11:13 - INFO - __main__ -   	EPOCH:  17	MiniBatch:    3
02/25/2021 14:11:14 - INFO - __main__ -   	EPOCH:  17	MiniBatch:    4
02/25/2021 14:11:14 - INFO - __main__ -   	EPOCH:  17	MiniBatch:    5
02/25/2021 14:11:15 - INFO - __main__ -   	EPOCH:  17	MiniBatch:    6
02/25/2021 14:11:16 - INFO - __main__ -   	EPOCH:  17	MiniBatch:    7
02/25/2021 14:11:17 - INFO - __main__ -   	EPOCH:  17	MiniBatch:    8
02/25/2021 14:11:18 - INFO - __main__ -   	EPOCH:  17	MiniBatch:    9
02/25/2021 14:11:19 - INFO - __main__ -   	EPOCH:  17	MiniBatch:   10
02/25/2021 14:11:19 - INFO - __main__ -   	EPOCH:  17	MiniBatch:   11
02/25/2021 14:11:20 - INFO - __main__ -   	EPOCH:  17	MiniBatch:   12
02/25/2021 14:11:21 - INFO - __main__ -   	Testing dev Minibatch:    0
02/25/2021 14:11:21 - INFO - __main__ -   	Testing dev Minibatch:    1
02/25/2021 14:11:22 - INFO - __main__ -   	Testing dev Minibatch:    2
02/25/2021 14:11:22 - INFO - __main__ -   	Testing dev Minibatch:    3
02/25/2021 14:11:22 - INFO - __main__ -   	Testing dev Minibatch:    4
02/25/2021 14:11:23 - INFO - __main__ -   
Labels 	Prec. 	Recall	F1    	Supp  
Denial 	0.6012	0.6918	0.6433	279
Support	0.5897	0.5917	0.5907	289
Comment	0.5455	0.4819	0.5117	249
Queries	0.3478	0.2162	0.2667	37
MacroF1	0.5031
F1w_avg	0.5708
Acc    	57.6

02/25/2021 14:11:23 - INFO - __main__ -   	EPOCH:  18	MiniBatch:    0
02/25/2021 14:11:24 - INFO - __main__ -   	EPOCH:  18	MiniBatch:    1
02/25/2021 14:11:24 - INFO - __main__ -   	EPOCH:  18	MiniBatch:    2
02/25/2021 14:11:25 - INFO - __main__ -   	EPOCH:  18	MiniBatch:    3
02/25/2021 14:11:26 - INFO - __main__ -   	EPOCH:  18	MiniBatch:    4
02/25/2021 14:11:27 - INFO - __main__ -   	EPOCH:  18	MiniBatch:    5
02/25/2021 14:11:28 - INFO - __main__ -   	EPOCH:  18	MiniBatch:    6
02/25/2021 14:11:29 - INFO - __main__ -   	EPOCH:  18	MiniBatch:    7
02/25/2021 14:11:29 - INFO - __main__ -   	EPOCH:  18	MiniBatch:    8
02/25/2021 14:11:30 - INFO - __main__ -   	EPOCH:  18	MiniBatch:    9
02/25/2021 14:11:31 - INFO - __main__ -   	EPOCH:  18	MiniBatch:   10
02/25/2021 14:11:32 - INFO - __main__ -   	EPOCH:  18	MiniBatch:   11
02/25/2021 14:11:33 - INFO - __main__ -   	EPOCH:  18	MiniBatch:   12
02/25/2021 14:11:34 - INFO - __main__ -   	Testing dev Minibatch:    0
02/25/2021 14:11:34 - INFO - __main__ -   	Testing dev Minibatch:    1
02/25/2021 14:11:34 - INFO - __main__ -   	Testing dev Minibatch:    2
02/25/2021 14:11:34 - INFO - __main__ -   	Testing dev Minibatch:    3
02/25/2021 14:11:35 - INFO - __main__ -   	Testing dev Minibatch:    4
02/25/2021 14:11:35 - INFO - __main__ -   
Labels 	Prec. 	Recall	F1    	Supp  
Denial 	0.5875	0.7097	0.6429	279
Support	0.6278	0.4844	0.5469	289
Comment	0.5057	0.5301	0.5176	249
Queries	0.3333	0.2973	0.3143	37
MacroF1	0.5054
F1w_avg	0.5596
Acc    	56.3

02/25/2021 14:11:35 - INFO - __main__ -   	EPOCH:  19	MiniBatch:    0
02/25/2021 14:11:36 - INFO - __main__ -   	EPOCH:  19	MiniBatch:    1
02/25/2021 14:11:37 - INFO - __main__ -   	EPOCH:  19	MiniBatch:    2
02/25/2021 14:11:38 - INFO - __main__ -   	EPOCH:  19	MiniBatch:    3
02/25/2021 14:11:38 - INFO - __main__ -   	EPOCH:  19	MiniBatch:    4
02/25/2021 14:11:39 - INFO - __main__ -   	EPOCH:  19	MiniBatch:    5
02/25/2021 14:11:40 - INFO - __main__ -   	EPOCH:  19	MiniBatch:    6
02/25/2021 14:11:41 - INFO - __main__ -   	EPOCH:  19	MiniBatch:    7
02/25/2021 14:11:42 - INFO - __main__ -   	EPOCH:  19	MiniBatch:    8
02/25/2021 14:11:43 - INFO - __main__ -   	EPOCH:  19	MiniBatch:    9
02/25/2021 14:11:43 - INFO - __main__ -   	EPOCH:  19	MiniBatch:   10
02/25/2021 14:11:44 - INFO - __main__ -   	EPOCH:  19	MiniBatch:   11
02/25/2021 14:11:45 - INFO - __main__ -   	EPOCH:  19	MiniBatch:   12
02/25/2021 14:11:46 - INFO - __main__ -   	Testing dev Minibatch:    0
02/25/2021 14:11:46 - INFO - __main__ -   	Testing dev Minibatch:    1
02/25/2021 14:11:47 - INFO - __main__ -   	Testing dev Minibatch:    2
02/25/2021 14:11:47 - INFO - __main__ -   	Testing dev Minibatch:    3
02/25/2021 14:11:47 - INFO - __main__ -   	Testing dev Minibatch:    4
02/25/2021 14:11:48 - INFO - __main__ -   
Labels 	Prec. 	Recall	F1    	Supp  
Denial 	0.6269	0.7348	0.6766	279
Support	0.5629	0.6505	0.6035	289
Comment	0.5754	0.4137	0.4813	249
Queries	0.4286	0.1622	0.2353	37
MacroF1	0.4992
F1w_avg	0.5758
Acc    	58.8

02/25/2021 14:11:48 - INFO - __main__ -   	EPOCH:  20	MiniBatch:    0
02/25/2021 14:11:49 - INFO - __main__ -   	EPOCH:  20	MiniBatch:    1
02/25/2021 14:11:49 - INFO - __main__ -   	EPOCH:  20	MiniBatch:    2
02/25/2021 14:11:50 - INFO - __main__ -   	EPOCH:  20	MiniBatch:    3
02/25/2021 14:11:51 - INFO - __main__ -   	EPOCH:  20	MiniBatch:    4
02/25/2021 14:11:52 - INFO - __main__ -   	EPOCH:  20	MiniBatch:    5
02/25/2021 14:11:53 - INFO - __main__ -   	EPOCH:  20	MiniBatch:    6
02/25/2021 14:11:53 - INFO - __main__ -   	EPOCH:  20	MiniBatch:    7
02/25/2021 14:11:54 - INFO - __main__ -   	EPOCH:  20	MiniBatch:    8
02/25/2021 14:11:55 - INFO - __main__ -   	EPOCH:  20	MiniBatch:    9
02/25/2021 14:11:56 - INFO - __main__ -   	EPOCH:  20	MiniBatch:   10
02/25/2021 14:11:57 - INFO - __main__ -   	EPOCH:  20	MiniBatch:   11
02/25/2021 14:11:58 - INFO - __main__ -   	EPOCH:  20	MiniBatch:   12
02/25/2021 14:11:59 - INFO - __main__ -   	Testing dev Minibatch:    0
02/25/2021 14:11:59 - INFO - __main__ -   	Testing dev Minibatch:    1
02/25/2021 14:11:59 - INFO - __main__ -   	Testing dev Minibatch:    2
02/25/2021 14:11:59 - INFO - __main__ -   	Testing dev Minibatch:    3
02/25/2021 14:12:00 - INFO - __main__ -   	Testing dev Minibatch:    4
02/25/2021 14:12:00 - INFO - __main__ -   
Labels 	Prec. 	Recall	F1    	Supp  
Denial 	0.6142	0.7133	0.6600	279
Support	0.6167	0.5121	0.5595	289
Comment	0.5076	0.5382	0.5224	249
Queries	0.3462	0.2432	0.2857	37
MacroF1	0.5069
F1w_avg	0.5697
Acc    	57.4

02/25/2021 14:12:00 - INFO - __main__ -   	EPOCH:  21	MiniBatch:    0
02/25/2021 14:12:01 - INFO - __main__ -   	EPOCH:  21	MiniBatch:    1
02/25/2021 14:12:02 - INFO - __main__ -   	EPOCH:  21	MiniBatch:    2
02/25/2021 14:12:03 - INFO - __main__ -   	EPOCH:  21	MiniBatch:    3
02/25/2021 14:12:03 - INFO - __main__ -   	EPOCH:  21	MiniBatch:    4
02/25/2021 14:12:04 - INFO - __main__ -   	EPOCH:  21	MiniBatch:    5
02/25/2021 14:12:05 - INFO - __main__ -   	EPOCH:  21	MiniBatch:    6
02/25/2021 14:12:06 - INFO - __main__ -   	EPOCH:  21	MiniBatch:    7
02/25/2021 14:12:07 - INFO - __main__ -   	EPOCH:  21	MiniBatch:    8
02/25/2021 14:12:08 - INFO - __main__ -   	EPOCH:  21	MiniBatch:    9
02/25/2021 14:12:08 - INFO - __main__ -   	EPOCH:  21	MiniBatch:   10
02/25/2021 14:12:09 - INFO - __main__ -   	EPOCH:  21	MiniBatch:   11
02/25/2021 14:12:10 - INFO - __main__ -   	EPOCH:  21	MiniBatch:   12
02/25/2021 14:12:11 - INFO - __main__ -   	Testing dev Minibatch:    0
02/25/2021 14:12:11 - INFO - __main__ -   	Testing dev Minibatch:    1
02/25/2021 14:12:12 - INFO - __main__ -   	Testing dev Minibatch:    2
02/25/2021 14:12:12 - INFO - __main__ -   	Testing dev Minibatch:    3
02/25/2021 14:12:12 - INFO - __main__ -   	Testing dev Minibatch:    4
02/25/2021 14:12:12 - INFO - __main__ -   
Labels 	Prec. 	Recall	F1    	Supp  
Denial 	0.6059	0.7384	0.6656	279
Support	0.5745	0.5606	0.5674	289
Comment	0.5302	0.4578	0.4914	249
Queries	0.3529	0.1622	0.2222	37
MacroF1	0.4867
F1w_avg	0.5624
Acc    	57.1

02/25/2021 14:12:13 - INFO - __main__ -   	EPOCH:  22	MiniBatch:    0
02/25/2021 14:12:13 - INFO - __main__ -   	EPOCH:  22	MiniBatch:    1
02/25/2021 14:12:14 - INFO - __main__ -   	EPOCH:  22	MiniBatch:    2
02/25/2021 14:12:15 - INFO - __main__ -   	EPOCH:  22	MiniBatch:    3
02/25/2021 14:12:16 - INFO - __main__ -   	EPOCH:  22	MiniBatch:    4
02/25/2021 14:12:17 - INFO - __main__ -   	EPOCH:  22	MiniBatch:    5
02/25/2021 14:12:18 - INFO - __main__ -   	EPOCH:  22	MiniBatch:    6
02/25/2021 14:12:18 - INFO - __main__ -   	EPOCH:  22	MiniBatch:    7
02/25/2021 14:12:19 - INFO - __main__ -   	EPOCH:  22	MiniBatch:    8
02/25/2021 14:12:20 - INFO - __main__ -   	EPOCH:  22	MiniBatch:    9
02/25/2021 14:12:21 - INFO - __main__ -   	EPOCH:  22	MiniBatch:   10
02/25/2021 14:12:22 - INFO - __main__ -   	EPOCH:  22	MiniBatch:   11
02/25/2021 14:12:22 - INFO - __main__ -   	EPOCH:  22	MiniBatch:   12
02/25/2021 14:12:23 - INFO - __main__ -   	Testing dev Minibatch:    0
02/25/2021 14:12:24 - INFO - __main__ -   	Testing dev Minibatch:    1
02/25/2021 14:12:24 - INFO - __main__ -   	Testing dev Minibatch:    2
02/25/2021 14:12:24 - INFO - __main__ -   	Testing dev Minibatch:    3
02/25/2021 14:12:25 - INFO - __main__ -   	Testing dev Minibatch:    4
02/25/2021 14:12:25 - INFO - __main__ -   
Labels 	Prec. 	Recall	F1    	Supp  
Denial 	0.6144	0.7025	0.6555	279
Support	0.5802	0.5882	0.5842	289
Comment	0.5471	0.4900	0.5169	249
Queries	0.4211	0.2162	0.2857	37
MacroF1	0.5106
F1w_avg	0.5750
Acc    	58.1

02/25/2021 14:12:27 - INFO - __main__ -   	EPOCH:  23	MiniBatch:    0
02/25/2021 14:12:27 - INFO - __main__ -   	EPOCH:  23	MiniBatch:    1
02/25/2021 14:12:28 - INFO - __main__ -   	EPOCH:  23	MiniBatch:    2
02/25/2021 14:12:29 - INFO - __main__ -   	EPOCH:  23	MiniBatch:    3
02/25/2021 14:12:30 - INFO - __main__ -   	EPOCH:  23	MiniBatch:    4
02/25/2021 14:12:31 - INFO - __main__ -   	EPOCH:  23	MiniBatch:    5
02/25/2021 14:12:32 - INFO - __main__ -   	EPOCH:  23	MiniBatch:    6
02/25/2021 14:12:32 - INFO - __main__ -   	EPOCH:  23	MiniBatch:    7
02/25/2021 14:12:33 - INFO - __main__ -   	EPOCH:  23	MiniBatch:    8
02/25/2021 14:12:34 - INFO - __main__ -   	EPOCH:  23	MiniBatch:    9
02/25/2021 14:12:35 - INFO - __main__ -   	EPOCH:  23	MiniBatch:   10
02/25/2021 14:12:36 - INFO - __main__ -   	EPOCH:  23	MiniBatch:   11
02/25/2021 14:12:37 - INFO - __main__ -   	EPOCH:  23	MiniBatch:   12
02/25/2021 14:12:37 - INFO - __main__ -   	Testing dev Minibatch:    0
02/25/2021 14:12:38 - INFO - __main__ -   	Testing dev Minibatch:    1
02/25/2021 14:12:38 - INFO - __main__ -   	Testing dev Minibatch:    2
02/25/2021 14:12:38 - INFO - __main__ -   	Testing dev Minibatch:    3
02/25/2021 14:12:39 - INFO - __main__ -   	Testing dev Minibatch:    4
02/25/2021 14:12:39 - INFO - __main__ -   
Labels 	Prec. 	Recall	F1    	Supp  
Denial 	0.5196	0.8065	0.6320	279
Support	0.6829	0.3875	0.4945	289
Comment	0.5171	0.4859	0.5010	249
Queries	0.3478	0.2162	0.2667	37
MacroF1	0.4736
F1w_avg	0.5315
Acc    	54.6

02/25/2021 14:12:39 - INFO - __main__ -   	EPOCH:  24	MiniBatch:    0
02/25/2021 14:12:40 - INFO - __main__ -   	EPOCH:  24	MiniBatch:    1
02/25/2021 14:12:41 - INFO - __main__ -   	EPOCH:  24	MiniBatch:    2
02/25/2021 14:12:42 - INFO - __main__ -   	EPOCH:  24	MiniBatch:    3
02/25/2021 14:12:42 - INFO - __main__ -   	EPOCH:  24	MiniBatch:    4
02/25/2021 14:12:43 - INFO - __main__ -   	EPOCH:  24	MiniBatch:    5
02/25/2021 14:12:44 - INFO - __main__ -   	EPOCH:  24	MiniBatch:    6
02/25/2021 14:12:45 - INFO - __main__ -   	EPOCH:  24	MiniBatch:    7
02/25/2021 14:12:46 - INFO - __main__ -   	EPOCH:  24	MiniBatch:    8
02/25/2021 14:12:47 - INFO - __main__ -   	EPOCH:  24	MiniBatch:    9
02/25/2021 14:12:47 - INFO - __main__ -   	EPOCH:  24	MiniBatch:   10
02/25/2021 14:12:48 - INFO - __main__ -   	EPOCH:  24	MiniBatch:   11
02/25/2021 14:12:49 - INFO - __main__ -   	EPOCH:  24	MiniBatch:   12
02/25/2021 14:12:50 - INFO - __main__ -   	Testing dev Minibatch:    0
02/25/2021 14:12:50 - INFO - __main__ -   	Testing dev Minibatch:    1
02/25/2021 14:12:51 - INFO - __main__ -   	Testing dev Minibatch:    2
02/25/2021 14:12:51 - INFO - __main__ -   	Testing dev Minibatch:    3
02/25/2021 14:12:51 - INFO - __main__ -   	Testing dev Minibatch:    4
02/25/2021 14:12:51 - INFO - __main__ -   
Labels 	Prec. 	Recall	F1    	Supp  
Denial 	0.5871	0.7491	0.6583	279
Support	0.5694	0.5536	0.5614	289
Comment	0.5226	0.4177	0.4643	249
Queries	0.3889	0.1892	0.2545	37
MacroF1	0.4846
F1w_avg	0.5514
Acc    	56.2

02/25/2021 14:12:51 - INFO - __main__ -   	EPOCH:  25	MiniBatch:    0
02/25/2021 14:12:52 - INFO - __main__ -   	EPOCH:  25	MiniBatch:    1
02/25/2021 14:12:53 - INFO - __main__ -   	EPOCH:  25	MiniBatch:    2
02/25/2021 14:12:54 - INFO - __main__ -   	EPOCH:  25	MiniBatch:    3
02/25/2021 14:12:55 - INFO - __main__ -   	EPOCH:  25	MiniBatch:    4
02/25/2021 14:12:56 - INFO - __main__ -   	EPOCH:  25	MiniBatch:    5
02/25/2021 14:12:56 - INFO - __main__ -   	EPOCH:  25	MiniBatch:    6
02/25/2021 14:12:57 - INFO - __main__ -   	EPOCH:  25	MiniBatch:    7
02/25/2021 14:12:58 - INFO - __main__ -   	EPOCH:  25	MiniBatch:    8
02/25/2021 14:12:59 - INFO - __main__ -   	EPOCH:  25	MiniBatch:    9
02/25/2021 14:13:00 - INFO - __main__ -   	EPOCH:  25	MiniBatch:   10
02/25/2021 14:13:01 - INFO - __main__ -   	EPOCH:  25	MiniBatch:   11
02/25/2021 14:13:01 - INFO - __main__ -   	EPOCH:  25	MiniBatch:   12
02/25/2021 14:13:02 - INFO - __main__ -   	Testing dev Minibatch:    0
02/25/2021 14:13:03 - INFO - __main__ -   	Testing dev Minibatch:    1
02/25/2021 14:13:03 - INFO - __main__ -   	Testing dev Minibatch:    2
02/25/2021 14:13:03 - INFO - __main__ -   	Testing dev Minibatch:    3
02/25/2021 14:13:04 - INFO - __main__ -   	Testing dev Minibatch:    4
02/25/2021 14:13:04 - INFO - __main__ -   
Labels 	Prec. 	Recall	F1    	Supp  
Denial 	0.5485	0.7706	0.6408	279
Support	0.5766	0.4948	0.5326	289
Comment	0.5404	0.4297	0.4787	249
Queries	0.4375	0.1892	0.2642	37
MacroF1	0.4791
F1w_avg	0.5406
Acc    	55.3

02/25/2021 14:13:04 - INFO - __main__ -   	EPOCH:  26	MiniBatch:    0
02/25/2021 14:13:05 - INFO - __main__ -   	EPOCH:  26	MiniBatch:    1
02/25/2021 14:13:06 - INFO - __main__ -   	EPOCH:  26	MiniBatch:    2
02/25/2021 14:13:06 - INFO - __main__ -   	EPOCH:  26	MiniBatch:    3
02/25/2021 14:13:07 - INFO - __main__ -   	EPOCH:  26	MiniBatch:    4
02/25/2021 14:13:08 - INFO - __main__ -   	EPOCH:  26	MiniBatch:    5
02/25/2021 14:13:09 - INFO - __main__ -   	EPOCH:  26	MiniBatch:    6
02/25/2021 14:13:10 - INFO - __main__ -   	EPOCH:  26	MiniBatch:    7
02/25/2021 14:13:11 - INFO - __main__ -   	EPOCH:  26	MiniBatch:    8
02/25/2021 14:13:11 - INFO - __main__ -   	EPOCH:  26	MiniBatch:    9
02/25/2021 14:13:12 - INFO - __main__ -   	EPOCH:  26	MiniBatch:   10
02/25/2021 14:13:13 - INFO - __main__ -   	EPOCH:  26	MiniBatch:   11
02/25/2021 14:13:14 - INFO - __main__ -   	EPOCH:  26	MiniBatch:   12
02/25/2021 14:13:15 - INFO - __main__ -   	Testing dev Minibatch:    0
02/25/2021 14:13:15 - INFO - __main__ -   	Testing dev Minibatch:    1
02/25/2021 14:13:15 - INFO - __main__ -   	Testing dev Minibatch:    2
02/25/2021 14:13:16 - INFO - __main__ -   	Testing dev Minibatch:    3
02/25/2021 14:13:16 - INFO - __main__ -   	Testing dev Minibatch:    4
02/25/2021 14:13:16 - INFO - __main__ -   
Labels 	Prec. 	Recall	F1    	Supp  
Denial 	0.4904	0.8244	0.6150	279
Support	0.6417	0.4152	0.5042	289
Comment	0.5611	0.4056	0.4709	249
Queries	0.3333	0.1622	0.2182	37
MacroF1	0.4521
F1w_avg	0.5183
Acc    	53.5

02/25/2021 14:13:16 - INFO - __main__ -   	EPOCH:  27	MiniBatch:    0
02/25/2021 14:13:17 - INFO - __main__ -   	EPOCH:  27	MiniBatch:    1
02/25/2021 14:13:18 - INFO - __main__ -   	EPOCH:  27	MiniBatch:    2
02/25/2021 14:13:19 - INFO - __main__ -   	EPOCH:  27	MiniBatch:    3
02/25/2021 14:13:20 - INFO - __main__ -   	EPOCH:  27	MiniBatch:    4
02/25/2021 14:13:21 - INFO - __main__ -   	EPOCH:  27	MiniBatch:    5
02/25/2021 14:13:21 - INFO - __main__ -   	EPOCH:  27	MiniBatch:    6
02/25/2021 14:13:22 - INFO - __main__ -   	EPOCH:  27	MiniBatch:    7
02/25/2021 14:13:23 - INFO - __main__ -   	EPOCH:  27	MiniBatch:    8
02/25/2021 14:13:24 - INFO - __main__ -   	EPOCH:  27	MiniBatch:    9
02/25/2021 14:13:25 - INFO - __main__ -   	EPOCH:  27	MiniBatch:   10
02/25/2021 14:13:25 - INFO - __main__ -   	EPOCH:  27	MiniBatch:   11
02/25/2021 14:13:26 - INFO - __main__ -   	EPOCH:  27	MiniBatch:   12
02/25/2021 14:13:27 - INFO - __main__ -   	Testing dev Minibatch:    0
02/25/2021 14:13:28 - INFO - __main__ -   	Testing dev Minibatch:    1
02/25/2021 14:13:28 - INFO - __main__ -   	Testing dev Minibatch:    2
02/25/2021 14:13:28 - INFO - __main__ -   	Testing dev Minibatch:    3
02/25/2021 14:13:28 - INFO - __main__ -   	Testing dev Minibatch:    4
02/25/2021 14:13:29 - INFO - __main__ -   
Labels 	Prec. 	Recall	F1    	Supp  
Denial 	0.5599	0.7706	0.6486	279
Support	0.6074	0.5087	0.5537	289
Comment	0.5258	0.4498	0.4848	249
Queries	0.4667	0.1892	0.2692	37
MacroF1	0.4891
F1w_avg	0.5523
Acc    	56.3

02/25/2021 14:13:29 - INFO - __main__ -   	EPOCH:  28	MiniBatch:    0
02/25/2021 14:13:30 - INFO - __main__ -   	EPOCH:  28	MiniBatch:    1
02/25/2021 14:13:31 - INFO - __main__ -   	EPOCH:  28	MiniBatch:    2
02/25/2021 14:13:31 - INFO - __main__ -   	EPOCH:  28	MiniBatch:    3
02/25/2021 14:13:32 - INFO - __main__ -   	EPOCH:  28	MiniBatch:    4
02/25/2021 14:13:33 - INFO - __main__ -   	EPOCH:  28	MiniBatch:    5
02/25/2021 14:13:34 - INFO - __main__ -   	EPOCH:  28	MiniBatch:    6
02/25/2021 14:13:35 - INFO - __main__ -   	EPOCH:  28	MiniBatch:    7
02/25/2021 14:13:36 - INFO - __main__ -   	EPOCH:  28	MiniBatch:    8
02/25/2021 14:13:36 - INFO - __main__ -   	EPOCH:  28	MiniBatch:    9
02/25/2021 14:13:37 - INFO - __main__ -   	EPOCH:  28	MiniBatch:   10
02/25/2021 14:13:38 - INFO - __main__ -   	EPOCH:  28	MiniBatch:   11
02/25/2021 14:13:39 - INFO - __main__ -   	EPOCH:  28	MiniBatch:   12
02/25/2021 14:13:40 - INFO - __main__ -   	Testing dev Minibatch:    0
02/25/2021 14:13:40 - INFO - __main__ -   	Testing dev Minibatch:    1
02/25/2021 14:13:40 - INFO - __main__ -   	Testing dev Minibatch:    2
02/25/2021 14:13:41 - INFO - __main__ -   	Testing dev Minibatch:    3
02/25/2021 14:13:41 - INFO - __main__ -   	Testing dev Minibatch:    4
02/25/2021 14:13:41 - INFO - __main__ -   
Labels 	Prec. 	Recall	F1    	Supp  
Denial 	0.6101	0.7348	0.6667	279
Support	0.5970	0.5433	0.5688	289
Comment	0.5254	0.4980	0.5113	249
Queries	0.4211	0.2162	0.2857	37
MacroF1	0.5081
F1w_avg	0.5718
Acc    	57.8

02/25/2021 14:13:41 - INFO - __main__ -   	EPOCH:  29	MiniBatch:    0
02/25/2021 14:13:42 - INFO - __main__ -   	EPOCH:  29	MiniBatch:    1
02/25/2021 14:13:43 - INFO - __main__ -   	EPOCH:  29	MiniBatch:    2
02/25/2021 14:13:44 - INFO - __main__ -   	EPOCH:  29	MiniBatch:    3
02/25/2021 14:13:45 - INFO - __main__ -   	EPOCH:  29	MiniBatch:    4
02/25/2021 14:13:46 - INFO - __main__ -   	EPOCH:  29	MiniBatch:    5
02/25/2021 14:13:46 - INFO - __main__ -   	EPOCH:  29	MiniBatch:    6
02/25/2021 14:13:47 - INFO - __main__ -   	EPOCH:  29	MiniBatch:    7
02/25/2021 14:13:48 - INFO - __main__ -   	EPOCH:  29	MiniBatch:    8
02/25/2021 14:13:49 - INFO - __main__ -   	EPOCH:  29	MiniBatch:    9
02/25/2021 14:13:50 - INFO - __main__ -   	EPOCH:  29	MiniBatch:   10
02/25/2021 14:13:50 - INFO - __main__ -   	EPOCH:  29	MiniBatch:   11
02/25/2021 14:13:51 - INFO - __main__ -   	EPOCH:  29	MiniBatch:   12
02/25/2021 14:13:52 - INFO - __main__ -   	Testing dev Minibatch:    0
02/25/2021 14:13:53 - INFO - __main__ -   	Testing dev Minibatch:    1
02/25/2021 14:13:53 - INFO - __main__ -   	Testing dev Minibatch:    2
02/25/2021 14:13:53 - INFO - __main__ -   	Testing dev Minibatch:    3
02/25/2021 14:13:53 - INFO - __main__ -   	Testing dev Minibatch:    4
02/25/2021 14:13:54 - INFO - __main__ -   
Labels 	Prec. 	Recall	F1    	Supp  
Denial 	0.5612	0.7563	0.6443	279
Support	0.5756	0.4740	0.5199	289
Comment	0.5135	0.4578	0.4841	249
Queries	0.4444	0.2162	0.2909	37
MacroF1	0.4848
F1w_avg	0.5402
Acc    	55.0

02/25/2021 14:13:54 - INFO - __main__ -   	EPOCH:  30	MiniBatch:    0
02/25/2021 14:13:55 - INFO - __main__ -   	EPOCH:  30	MiniBatch:    1
02/25/2021 14:13:56 - INFO - __main__ -   	EPOCH:  30	MiniBatch:    2
02/25/2021 14:13:56 - INFO - __main__ -   	EPOCH:  30	MiniBatch:    3
02/25/2021 14:13:57 - INFO - __main__ -   	EPOCH:  30	MiniBatch:    4
02/25/2021 14:13:58 - INFO - __main__ -   	EPOCH:  30	MiniBatch:    5
02/25/2021 14:13:59 - INFO - __main__ -   	EPOCH:  30	MiniBatch:    6
02/25/2021 14:14:00 - INFO - __main__ -   	EPOCH:  30	MiniBatch:    7
02/25/2021 14:14:00 - INFO - __main__ -   	EPOCH:  30	MiniBatch:    8
02/25/2021 14:14:01 - INFO - __main__ -   	EPOCH:  30	MiniBatch:    9
02/25/2021 14:14:02 - INFO - __main__ -   	EPOCH:  30	MiniBatch:   10
02/25/2021 14:14:03 - INFO - __main__ -   	EPOCH:  30	MiniBatch:   11
02/25/2021 14:14:04 - INFO - __main__ -   	EPOCH:  30	MiniBatch:   12
02/25/2021 14:14:05 - INFO - __main__ -   	Testing dev Minibatch:    0
02/25/2021 14:14:05 - INFO - __main__ -   	Testing dev Minibatch:    1
02/25/2021 14:14:05 - INFO - __main__ -   	Testing dev Minibatch:    2
02/25/2021 14:14:06 - INFO - __main__ -   	Testing dev Minibatch:    3
02/25/2021 14:14:06 - INFO - __main__ -   	Testing dev Minibatch:    4
02/25/2021 14:14:06 - INFO - __main__ -   
Labels 	Prec. 	Recall	F1    	Supp  
Denial 	0.5530	0.7670	0.6426	279
Support	0.6061	0.4844	0.5385	289
Comment	0.5405	0.4819	0.5096	249
Queries	0.5000	0.1892	0.2745	37
MacroF1	0.4913
F1w_avg	0.5526
Acc    	56.3

02/25/2021 14:14:06 - INFO - __main__ -   	EPOCH:  31	MiniBatch:    0
02/25/2021 14:14:07 - INFO - __main__ -   	EPOCH:  31	MiniBatch:    1
02/25/2021 14:14:08 - INFO - __main__ -   	EPOCH:  31	MiniBatch:    2
02/25/2021 14:14:09 - INFO - __main__ -   	EPOCH:  31	MiniBatch:    3
02/25/2021 14:14:10 - INFO - __main__ -   	EPOCH:  31	MiniBatch:    4
02/25/2021 14:14:10 - INFO - __main__ -   	EPOCH:  31	MiniBatch:    5
02/25/2021 14:14:11 - INFO - __main__ -   	EPOCH:  31	MiniBatch:    6
02/25/2021 14:14:12 - INFO - __main__ -   	EPOCH:  31	MiniBatch:    7
02/25/2021 14:14:13 - INFO - __main__ -   	EPOCH:  31	MiniBatch:    8
02/25/2021 14:14:14 - INFO - __main__ -   	EPOCH:  31	MiniBatch:    9
02/25/2021 14:14:15 - INFO - __main__ -   	EPOCH:  31	MiniBatch:   10
02/25/2021 14:14:15 - INFO - __main__ -   	EPOCH:  31	MiniBatch:   11
02/25/2021 14:14:16 - INFO - __main__ -   	EPOCH:  31	MiniBatch:   12
02/25/2021 14:14:17 - INFO - __main__ -   	Testing dev Minibatch:    0
02/25/2021 14:14:18 - INFO - __main__ -   	Testing dev Minibatch:    1
02/25/2021 14:14:18 - INFO - __main__ -   	Testing dev Minibatch:    2
02/25/2021 14:14:18 - INFO - __main__ -   	Testing dev Minibatch:    3
02/25/2021 14:14:18 - INFO - __main__ -   	Testing dev Minibatch:    4
02/25/2021 14:14:19 - INFO - __main__ -   
Labels 	Prec. 	Recall	F1    	Supp  
Denial 	0.5439	0.7993	0.6473	279
Support	0.5827	0.5363	0.5586	289
Comment	0.5879	0.3896	0.4686	249
Queries	0.5385	0.1892	0.2800	37
MacroF1	0.4886
F1w_avg	0.5493
Acc    	56.4

02/25/2021 14:14:19 - INFO - __main__ -   	EPOCH:  32	MiniBatch:    0
02/25/2021 14:14:20 - INFO - __main__ -   	EPOCH:  32	MiniBatch:    1
02/25/2021 14:14:20 - INFO - __main__ -   	EPOCH:  32	MiniBatch:    2
02/25/2021 14:14:21 - INFO - __main__ -   	EPOCH:  32	MiniBatch:    3
02/25/2021 14:14:22 - INFO - __main__ -   	EPOCH:  32	MiniBatch:    4
02/25/2021 14:14:23 - INFO - __main__ -   	EPOCH:  32	MiniBatch:    5
02/25/2021 14:14:24 - INFO - __main__ -   	EPOCH:  32	MiniBatch:    6
02/25/2021 14:14:25 - INFO - __main__ -   	EPOCH:  32	MiniBatch:    7
02/25/2021 14:14:25 - INFO - __main__ -   	EPOCH:  32	MiniBatch:    8
02/25/2021 14:14:26 - INFO - __main__ -   	EPOCH:  32	MiniBatch:    9
02/25/2021 14:14:27 - INFO - __main__ -   	EPOCH:  32	MiniBatch:   10
02/25/2021 14:14:28 - INFO - __main__ -   	EPOCH:  32	MiniBatch:   11
02/25/2021 14:14:29 - INFO - __main__ -   	EPOCH:  32	MiniBatch:   12
02/25/2021 14:14:30 - INFO - __main__ -   	Testing dev Minibatch:    0
02/25/2021 14:14:30 - INFO - __main__ -   	Testing dev Minibatch:    1
02/25/2021 14:14:30 - INFO - __main__ -   	Testing dev Minibatch:    2
02/25/2021 14:14:31 - INFO - __main__ -   	Testing dev Minibatch:    3
02/25/2021 14:14:31 - INFO - __main__ -   	Testing dev Minibatch:    4
02/25/2021 14:14:31 - INFO - __main__ -   
Labels 	Prec. 	Recall	F1    	Supp  
Denial 	0.5234	0.8029	0.6337	279
Support	0.6166	0.4118	0.4938	289
Comment	0.5297	0.4659	0.4957	249
Queries	0.5000	0.1892	0.2745	37
MacroF1	0.4744
F1w_avg	0.5305
Acc    	54.6

02/25/2021 14:14:31 - INFO - __main__ -   	EPOCH:  33	MiniBatch:    0
02/25/2021 14:14:32 - INFO - __main__ -   	EPOCH:  33	MiniBatch:    1
02/25/2021 14:14:33 - INFO - __main__ -   	EPOCH:  33	MiniBatch:    2
02/25/2021 14:14:34 - INFO - __main__ -   	EPOCH:  33	MiniBatch:    3
02/25/2021 14:14:35 - INFO - __main__ -   	EPOCH:  33	MiniBatch:    4
02/25/2021 14:14:35 - INFO - __main__ -   	EPOCH:  33	MiniBatch:    5
02/25/2021 14:14:36 - INFO - __main__ -   	EPOCH:  33	MiniBatch:    6
02/25/2021 14:14:37 - INFO - __main__ -   	EPOCH:  33	MiniBatch:    7
02/25/2021 14:14:38 - INFO - __main__ -   	EPOCH:  33	MiniBatch:    8
02/25/2021 14:14:39 - INFO - __main__ -   	EPOCH:  33	MiniBatch:    9
02/25/2021 14:14:40 - INFO - __main__ -   	EPOCH:  33	MiniBatch:   10
02/25/2021 14:14:40 - INFO - __main__ -   	EPOCH:  33	MiniBatch:   11
02/25/2021 14:14:41 - INFO - __main__ -   	EPOCH:  33	MiniBatch:   12
02/25/2021 14:14:42 - INFO - __main__ -   	Testing dev Minibatch:    0
02/25/2021 14:14:42 - INFO - __main__ -   	Testing dev Minibatch:    1
02/25/2021 14:14:43 - INFO - __main__ -   	Testing dev Minibatch:    2
02/25/2021 14:14:43 - INFO - __main__ -   	Testing dev Minibatch:    3
02/25/2021 14:14:43 - INFO - __main__ -   	Testing dev Minibatch:    4
02/25/2021 14:14:44 - INFO - __main__ -   
Labels 	Prec. 	Recall	F1    	Supp  
Denial 	0.6188	0.7097	0.6611	279
Support	0.5465	0.6505	0.5940	289
Comment	0.5568	0.3936	0.4612	249
Queries	0.5000	0.1892	0.2745	37
MacroF1	0.4977
F1w_avg	0.5634
Acc    	57.5

02/25/2021 14:14:44 - INFO - __main__ -   	EPOCH:  34	MiniBatch:    0
02/25/2021 14:14:45 - INFO - __main__ -   	EPOCH:  34	MiniBatch:    1
02/25/2021 14:14:45 - INFO - __main__ -   	EPOCH:  34	MiniBatch:    2
02/25/2021 14:14:46 - INFO - __main__ -   	EPOCH:  34	MiniBatch:    3
02/25/2021 14:14:47 - INFO - __main__ -   	EPOCH:  34	MiniBatch:    4
02/25/2021 14:14:48 - INFO - __main__ -   	EPOCH:  34	MiniBatch:    5
02/25/2021 14:14:49 - INFO - __main__ -   	EPOCH:  34	MiniBatch:    6
02/25/2021 14:14:50 - INFO - __main__ -   	EPOCH:  34	MiniBatch:    7
02/25/2021 14:14:50 - INFO - __main__ -   	EPOCH:  34	MiniBatch:    8
02/25/2021 14:14:51 - INFO - __main__ -   	EPOCH:  34	MiniBatch:    9
02/25/2021 14:14:52 - INFO - __main__ -   	EPOCH:  34	MiniBatch:   10
02/25/2021 14:14:53 - INFO - __main__ -   	EPOCH:  34	MiniBatch:   11
02/25/2021 14:14:54 - INFO - __main__ -   	EPOCH:  34	MiniBatch:   12
02/25/2021 14:14:55 - INFO - __main__ -   	Testing dev Minibatch:    0
02/25/2021 14:14:55 - INFO - __main__ -   	Testing dev Minibatch:    1
02/25/2021 14:14:55 - INFO - __main__ -   	Testing dev Minibatch:    2
02/25/2021 14:14:56 - INFO - __main__ -   	Testing dev Minibatch:    3
02/25/2021 14:14:56 - INFO - __main__ -   	Testing dev Minibatch:    4
02/25/2021 14:14:56 - INFO - __main__ -   
Labels 	Prec. 	Recall	F1    	Supp  
Denial 	0.5536	0.7957	0.6529	279
Support	0.6000	0.4671	0.5253	289
Comment	0.5305	0.4538	0.4892	249
Queries	0.5333	0.2162	0.3077	37
MacroF1	0.4938
F1w_avg	0.5470
Acc    	56.0

02/25/2021 14:14:56 - INFO - __main__ -   	EPOCH:  35	MiniBatch:    0
02/25/2021 14:14:57 - INFO - __main__ -   	EPOCH:  35	MiniBatch:    1
02/25/2021 14:14:58 - INFO - __main__ -   	EPOCH:  35	MiniBatch:    2
02/25/2021 14:14:59 - INFO - __main__ -   	EPOCH:  35	MiniBatch:    3
02/25/2021 14:15:00 - INFO - __main__ -   	EPOCH:  35	MiniBatch:    4
02/25/2021 14:15:00 - INFO - __main__ -   	EPOCH:  35	MiniBatch:    5
02/25/2021 14:15:01 - INFO - __main__ -   	EPOCH:  35	MiniBatch:    6
02/25/2021 14:15:02 - INFO - __main__ -   	EPOCH:  35	MiniBatch:    7
02/25/2021 14:15:03 - INFO - __main__ -   	EPOCH:  35	MiniBatch:    8
02/25/2021 14:15:04 - INFO - __main__ -   	EPOCH:  35	MiniBatch:    9
02/25/2021 14:15:04 - INFO - __main__ -   	EPOCH:  35	MiniBatch:   10
02/25/2021 14:15:05 - INFO - __main__ -   	EPOCH:  35	MiniBatch:   11
02/25/2021 14:15:06 - INFO - __main__ -   	EPOCH:  35	MiniBatch:   12
02/25/2021 14:15:07 - INFO - __main__ -   	Testing dev Minibatch:    0
02/25/2021 14:15:07 - INFO - __main__ -   	Testing dev Minibatch:    1
02/25/2021 14:15:08 - INFO - __main__ -   	Testing dev Minibatch:    2
02/25/2021 14:15:08 - INFO - __main__ -   	Testing dev Minibatch:    3
02/25/2021 14:15:08 - INFO - __main__ -   	Testing dev Minibatch:    4
02/25/2021 14:15:08 - INFO - __main__ -   
Labels 	Prec. 	Recall	F1    	Supp  
Denial 	0.5286	0.7957	0.6352	279
Support	0.6055	0.4567	0.5207	289
Comment	0.5450	0.4378	0.4855	249
Queries	0.5000	0.2162	0.3019	37
MacroF1	0.4858
F1w_avg	0.5384
Acc    	55.2

02/25/2021 14:15:09 - INFO - __main__ -   	EPOCH:  36	MiniBatch:    0
02/25/2021 14:15:10 - INFO - __main__ -   	EPOCH:  36	MiniBatch:    1
02/25/2021 14:15:10 - INFO - __main__ -   	EPOCH:  36	MiniBatch:    2
02/25/2021 14:15:11 - INFO - __main__ -   	EPOCH:  36	MiniBatch:    3
02/25/2021 14:15:12 - INFO - __main__ -   	EPOCH:  36	MiniBatch:    4
02/25/2021 14:15:13 - INFO - __main__ -   	EPOCH:  36	MiniBatch:    5
02/25/2021 14:15:14 - INFO - __main__ -   	EPOCH:  36	MiniBatch:    6
02/25/2021 14:15:14 - INFO - __main__ -   	EPOCH:  36	MiniBatch:    7
02/25/2021 14:15:15 - INFO - __main__ -   	EPOCH:  36	MiniBatch:    8
02/25/2021 14:15:16 - INFO - __main__ -   	EPOCH:  36	MiniBatch:    9
02/25/2021 14:15:17 - INFO - __main__ -   	EPOCH:  36	MiniBatch:   10
02/25/2021 14:15:18 - INFO - __main__ -   	EPOCH:  36	MiniBatch:   11
02/25/2021 14:15:19 - INFO - __main__ -   	EPOCH:  36	MiniBatch:   12
02/25/2021 14:15:20 - INFO - __main__ -   	Testing dev Minibatch:    0
02/25/2021 14:15:20 - INFO - __main__ -   	Testing dev Minibatch:    1
02/25/2021 14:15:20 - INFO - __main__ -   	Testing dev Minibatch:    2
02/25/2021 14:15:20 - INFO - __main__ -   	Testing dev Minibatch:    3
02/25/2021 14:15:21 - INFO - __main__ -   	Testing dev Minibatch:    4
02/25/2021 14:15:21 - INFO - __main__ -   
Labels 	Prec. 	Recall	F1    	Supp  
Denial 	0.5861	0.7563	0.6604	279
Support	0.5731	0.5156	0.5428	289
Comment	0.5349	0.4618	0.4957	249
Queries	0.4211	0.2162	0.2857	37
MacroF1	0.4962
F1w_avg	0.5563
Acc    	56.6

02/25/2021 14:15:21 - INFO - __main__ -   	EPOCH:  37	MiniBatch:    0
02/25/2021 14:15:22 - INFO - __main__ -   	EPOCH:  37	MiniBatch:    1
02/25/2021 14:15:23 - INFO - __main__ -   	EPOCH:  37	MiniBatch:    2
02/25/2021 14:15:24 - INFO - __main__ -   	EPOCH:  37	MiniBatch:    3
02/25/2021 14:15:25 - INFO - __main__ -   	EPOCH:  37	MiniBatch:    4
02/25/2021 14:15:25 - INFO - __main__ -   	EPOCH:  37	MiniBatch:    5
02/25/2021 14:15:26 - INFO - __main__ -   	EPOCH:  37	MiniBatch:    6
02/25/2021 14:15:27 - INFO - __main__ -   	EPOCH:  37	MiniBatch:    7
02/25/2021 14:15:28 - INFO - __main__ -   	EPOCH:  37	MiniBatch:    8
02/25/2021 14:15:29 - INFO - __main__ -   	EPOCH:  37	MiniBatch:    9
02/25/2021 14:15:29 - INFO - __main__ -   	EPOCH:  37	MiniBatch:   10
02/25/2021 14:15:30 - INFO - __main__ -   	EPOCH:  37	MiniBatch:   11
02/25/2021 14:15:31 - INFO - __main__ -   	EPOCH:  37	MiniBatch:   12
02/25/2021 14:15:32 - INFO - __main__ -   	Testing dev Minibatch:    0
02/25/2021 14:15:32 - INFO - __main__ -   	Testing dev Minibatch:    1
02/25/2021 14:15:33 - INFO - __main__ -   	Testing dev Minibatch:    2
02/25/2021 14:15:33 - INFO - __main__ -   	Testing dev Minibatch:    3
02/25/2021 14:15:33 - INFO - __main__ -   	Testing dev Minibatch:    4
02/25/2021 14:15:33 - INFO - __main__ -   
Labels 	Prec. 	Recall	F1    	Supp  
Denial 	0.5436	0.7814	0.6412	279
Support	0.5915	0.4810	0.5305	289
Comment	0.5362	0.4458	0.4868	249
Queries	0.4545	0.1351	0.2083	37
MacroF1	0.4667
F1w_avg	0.5400
Acc    	55.4

02/25/2021 14:15:34 - INFO - __main__ -   	EPOCH:  38	MiniBatch:    0
02/25/2021 14:15:34 - INFO - __main__ -   	EPOCH:  38	MiniBatch:    1
02/25/2021 14:15:35 - INFO - __main__ -   	EPOCH:  38	MiniBatch:    2
02/25/2021 14:15:36 - INFO - __main__ -   	EPOCH:  38	MiniBatch:    3
02/25/2021 14:15:37 - INFO - __main__ -   	EPOCH:  38	MiniBatch:    4
02/25/2021 14:15:38 - INFO - __main__ -   	EPOCH:  38	MiniBatch:    5
02/25/2021 14:15:39 - INFO - __main__ -   	EPOCH:  38	MiniBatch:    6
02/25/2021 14:15:39 - INFO - __main__ -   	EPOCH:  38	MiniBatch:    7
02/25/2021 14:15:40 - INFO - __main__ -   	EPOCH:  38	MiniBatch:    8
02/25/2021 14:15:41 - INFO - __main__ -   	EPOCH:  38	MiniBatch:    9
02/25/2021 14:15:42 - INFO - __main__ -   	EPOCH:  38	MiniBatch:   10
02/25/2021 14:15:43 - INFO - __main__ -   	EPOCH:  38	MiniBatch:   11
02/25/2021 14:15:44 - INFO - __main__ -   	EPOCH:  38	MiniBatch:   12
02/25/2021 14:15:45 - INFO - __main__ -   	Testing dev Minibatch:    0
02/25/2021 14:15:45 - INFO - __main__ -   	Testing dev Minibatch:    1
02/25/2021 14:15:45 - INFO - __main__ -   	Testing dev Minibatch:    2
02/25/2021 14:15:45 - INFO - __main__ -   	Testing dev Minibatch:    3
02/25/2021 14:15:46 - INFO - __main__ -   	Testing dev Minibatch:    4
02/25/2021 14:15:46 - INFO - __main__ -   
Labels 	Prec. 	Recall	F1    	Supp  
Denial 	0.5687	0.7563	0.6492	279
Support	0.5637	0.5052	0.5328	289
Comment	0.5333	0.4498	0.4880	249
Queries	0.5000	0.1892	0.2745	37
MacroF1	0.4862
F1w_avg	0.5466
Acc    	55.7

02/25/2021 14:15:46 - INFO - __main__ -   	EPOCH:  39	MiniBatch:    0
02/25/2021 14:15:47 - INFO - __main__ -   	EPOCH:  39	MiniBatch:    1
02/25/2021 14:15:48 - INFO - __main__ -   	EPOCH:  39	MiniBatch:    2
02/25/2021 14:15:49 - INFO - __main__ -   	EPOCH:  39	MiniBatch:    3
02/25/2021 14:15:49 - INFO - __main__ -   	EPOCH:  39	MiniBatch:    4
02/25/2021 14:15:50 - INFO - __main__ -   	EPOCH:  39	MiniBatch:    5
02/25/2021 14:15:51 - INFO - __main__ -   	EPOCH:  39	MiniBatch:    6
02/25/2021 14:15:52 - INFO - __main__ -   	EPOCH:  39	MiniBatch:    7
02/25/2021 14:15:53 - INFO - __main__ -   	EPOCH:  39	MiniBatch:    8
02/25/2021 14:15:54 - INFO - __main__ -   	EPOCH:  39	MiniBatch:    9
02/25/2021 14:15:54 - INFO - __main__ -   	EPOCH:  39	MiniBatch:   10
02/25/2021 14:15:55 - INFO - __main__ -   	EPOCH:  39	MiniBatch:   11
02/25/2021 14:15:56 - INFO - __main__ -   	EPOCH:  39	MiniBatch:   12
02/25/2021 14:15:57 - INFO - __main__ -   	Testing dev Minibatch:    0
02/25/2021 14:15:57 - INFO - __main__ -   	Testing dev Minibatch:    1
02/25/2021 14:15:58 - INFO - __main__ -   	Testing dev Minibatch:    2
02/25/2021 14:15:58 - INFO - __main__ -   	Testing dev Minibatch:    3
02/25/2021 14:15:58 - INFO - __main__ -   	Testing dev Minibatch:    4
02/25/2021 14:15:58 - INFO - __main__ -   
Labels 	Prec. 	Recall	F1    	Supp  
Denial 	0.5377	0.7921	0.6406	279
Support	0.6045	0.4602	0.5226	289
Comment	0.5407	0.4538	0.4934	249
Queries	0.5714	0.2162	0.3137	37
MacroF1	0.4926
F1w_avg	0.5436
Acc    	55.6

02/25/2021 14:15:59 - INFO - __main__ -   	EPOCH:  40	MiniBatch:    0
02/25/2021 14:15:59 - INFO - __main__ -   	EPOCH:  40	MiniBatch:    1
02/25/2021 14:16:00 - INFO - __main__ -   	EPOCH:  40	MiniBatch:    2
02/25/2021 14:16:01 - INFO - __main__ -   	EPOCH:  40	MiniBatch:    3
02/25/2021 14:16:02 - INFO - __main__ -   	EPOCH:  40	MiniBatch:    4
02/25/2021 14:16:03 - INFO - __main__ -   	EPOCH:  40	MiniBatch:    5
02/25/2021 14:16:04 - INFO - __main__ -   	EPOCH:  40	MiniBatch:    6
02/25/2021 14:16:04 - INFO - __main__ -   	EPOCH:  40	MiniBatch:    7
02/25/2021 14:16:05 - INFO - __main__ -   	EPOCH:  40	MiniBatch:    8
02/25/2021 14:16:06 - INFO - __main__ -   	EPOCH:  40	MiniBatch:    9
02/25/2021 14:16:07 - INFO - __main__ -   	EPOCH:  40	MiniBatch:   10
02/25/2021 14:16:08 - INFO - __main__ -   	EPOCH:  40	MiniBatch:   11
02/25/2021 14:16:09 - INFO - __main__ -   	EPOCH:  40	MiniBatch:   12
02/25/2021 14:16:09 - INFO - __main__ -   	Testing dev Minibatch:    0
02/25/2021 14:16:10 - INFO - __main__ -   	Testing dev Minibatch:    1
02/25/2021 14:16:10 - INFO - __main__ -   	Testing dev Minibatch:    2
02/25/2021 14:16:10 - INFO - __main__ -   	Testing dev Minibatch:    3
02/25/2021 14:16:11 - INFO - __main__ -   	Testing dev Minibatch:    4
02/25/2021 14:16:11 - INFO - __main__ -   
Labels 	Prec. 	Recall	F1    	Supp  
Denial 	0.6060	0.7276	0.6612	279
Support	0.5765	0.5606	0.5684	289
Comment	0.5336	0.4779	0.5042	249
Queries	0.5333	0.2162	0.3077	37
MacroF1	0.5104
F1w_avg	0.5687
Acc    	57.6

02/25/2021 14:16:11 - INFO - __main__ -   	EPOCH:  41	MiniBatch:    0
02/25/2021 14:16:12 - INFO - __main__ -   	EPOCH:  41	MiniBatch:    1
02/25/2021 14:16:13 - INFO - __main__ -   	EPOCH:  41	MiniBatch:    2
02/25/2021 14:16:14 - INFO - __main__ -   	EPOCH:  41	MiniBatch:    3
02/25/2021 14:16:14 - INFO - __main__ -   	EPOCH:  41	MiniBatch:    4
02/25/2021 14:16:15 - INFO - __main__ -   	EPOCH:  41	MiniBatch:    5
02/25/2021 14:16:16 - INFO - __main__ -   	EPOCH:  41	MiniBatch:    6
02/25/2021 14:16:17 - INFO - __main__ -   	EPOCH:  41	MiniBatch:    7
02/25/2021 14:16:18 - INFO - __main__ -   	EPOCH:  41	MiniBatch:    8
02/25/2021 14:16:19 - INFO - __main__ -   	EPOCH:  41	MiniBatch:    9
02/25/2021 14:16:19 - INFO - __main__ -   	EPOCH:  41	MiniBatch:   10
02/25/2021 14:16:20 - INFO - __main__ -   	EPOCH:  41	MiniBatch:   11
02/25/2021 14:16:21 - INFO - __main__ -   	EPOCH:  41	MiniBatch:   12
02/25/2021 14:16:22 - INFO - __main__ -   	Testing dev Minibatch:    0
02/25/2021 14:16:22 - INFO - __main__ -   	Testing dev Minibatch:    1
02/25/2021 14:16:23 - INFO - __main__ -   	Testing dev Minibatch:    2
02/25/2021 14:16:23 - INFO - __main__ -   	Testing dev Minibatch:    3
02/25/2021 14:16:23 - INFO - __main__ -   	Testing dev Minibatch:    4
02/25/2021 14:16:23 - INFO - __main__ -   
Labels 	Prec. 	Recall	F1    	Supp  
Denial 	0.5368	0.7849	0.6376	279
Support	0.6378	0.4083	0.4979	289
Comment	0.5121	0.5100	0.5111	249
Queries	0.4615	0.1622	0.2400	37
MacroF1	0.4716
F1w_avg	0.5362
Acc    	55.0

02/25/2021 14:16:24 - INFO - __main__ -   	EPOCH:  42	MiniBatch:    0
02/25/2021 14:16:24 - INFO - __main__ -   	EPOCH:  42	MiniBatch:    1
02/25/2021 14:16:25 - INFO - __main__ -   	EPOCH:  42	MiniBatch:    2
02/25/2021 14:16:26 - INFO - __main__ -   	EPOCH:  42	MiniBatch:    3
02/25/2021 14:16:27 - INFO - __main__ -   	EPOCH:  42	MiniBatch:    4
02/25/2021 14:16:28 - INFO - __main__ -   	EPOCH:  42	MiniBatch:    5
02/25/2021 14:16:28 - INFO - __main__ -   	EPOCH:  42	MiniBatch:    6
02/25/2021 14:16:29 - INFO - __main__ -   	EPOCH:  42	MiniBatch:    7
02/25/2021 14:16:30 - INFO - __main__ -   	EPOCH:  42	MiniBatch:    8
02/25/2021 14:16:31 - INFO - __main__ -   	EPOCH:  42	MiniBatch:    9
02/25/2021 14:16:32 - INFO - __main__ -   	EPOCH:  42	MiniBatch:   10
02/25/2021 14:16:33 - INFO - __main__ -   	EPOCH:  42	MiniBatch:   11
02/25/2021 14:16:33 - INFO - __main__ -   	EPOCH:  42	MiniBatch:   12
02/25/2021 14:16:34 - INFO - __main__ -   	Testing dev Minibatch:    0
02/25/2021 14:16:35 - INFO - __main__ -   	Testing dev Minibatch:    1
02/25/2021 14:16:35 - INFO - __main__ -   	Testing dev Minibatch:    2
02/25/2021 14:16:35 - INFO - __main__ -   	Testing dev Minibatch:    3
02/25/2021 14:16:36 - INFO - __main__ -   	Testing dev Minibatch:    4
02/25/2021 14:16:36 - INFO - __main__ -   
Labels 	Prec. 	Recall	F1    	Supp  
Denial 	0.5484	0.7921	0.6481	279
Support	0.5939	0.5363	0.5636	289
Comment	0.5714	0.4016	0.4717	249
Queries	0.4667	0.1892	0.2692	37
MacroF1	0.4882
F1w_avg	0.5517
Acc    	56.6

02/25/2021 14:16:36 - INFO - __main__ -   No improvements in F1 for 20 epochs
02/25/2021 14:16:37 - INFO - __main__ -   	Testing test Minibatch:    0
02/25/2021 14:16:37 - INFO - __main__ -   	Testing test Minibatch:    1
02/25/2021 14:16:37 - INFO - __main__ -   	Testing test Minibatch:    2
02/25/2021 14:16:38 - INFO - __main__ -   	Testing test Minibatch:    3
02/25/2021 14:16:38 - INFO - __main__ -   	Testing test Minibatch:    4
02/25/2021 14:16:38 - INFO - __main__ -   
Labels 	Prec. 	Recall	F1    	Supp  
Denial 	0.6495	0.6869	0.6677	313
Support	0.5385	0.5833	0.5600	264
Comment	0.5841	0.5020	0.5400	249
Queries	0.3043	0.2500	0.2745	28
MacroF1	0.5105
F1w_avg	0.5843
Acc    	58.7

02/25/2021 14:16:38 - INFO - __main__ -   Time taken: 0h 9m 27s
