02/25/2021 05:10:06 - INFO - __main__ -   ----------------- Hyperparameters ------------------
02/25/2021 05:10:06 - INFO - __main__ -   ======== my_Bertweet =========
02/25/2021 05:10:06 - INFO - __main__ -   ===== Hyperparameters ======
02/25/2021 05:10:06 - INFO - __main__ -   batch_train: 256
02/25/2021 05:10:06 - INFO - __main__ -   batch_test:  256
02/25/2021 05:10:06 - INFO - __main__ -   epochs: 40 
02/25/2021 05:10:06 - INFO - __main__ -   learning_rate: 0.000010
02/25/2021 05:10:06 - INFO - __main__ -   optimizer: adam
02/25/2021 05:10:06 - INFO - __main__ -   debug: False
02/25/2021 05:10:06 - INFO - __main__ -   ------------------ Getting model -------------------
02/25/2021 05:10:13 - INFO - __main__ -   --------------- Getting dataframes -----------------
02/25/2021 05:10:13 - INFO - __main__ -   ------- Setting loss function and optimizer --------
02/25/2021 05:10:13 - INFO - __main__ -   ------------ Converting to dataloaders -------------
02/25/2021 05:10:13 - INFO - __main__ -   ---------------- Starting training -----------------
02/25/2021 05:10:13 - INFO - __main__ -   	EPOCH:   0	MiniBatch:    0
02/25/2021 05:10:17 - INFO - __main__ -   	EPOCH:   0	MiniBatch:    1
02/25/2021 05:10:18 - INFO - __main__ -   	EPOCH:   0	MiniBatch:    2
02/25/2021 05:10:19 - INFO - __main__ -   	EPOCH:   0	MiniBatch:    3
02/25/2021 05:10:20 - INFO - __main__ -   	EPOCH:   0	MiniBatch:    4
02/25/2021 05:10:21 - INFO - __main__ -   	EPOCH:   0	MiniBatch:    5
02/25/2021 05:10:22 - INFO - __main__ -   	EPOCH:   0	MiniBatch:    6
02/25/2021 05:10:23 - INFO - __main__ -   	EPOCH:   0	MiniBatch:    7
02/25/2021 05:10:24 - INFO - __main__ -   	EPOCH:   0	MiniBatch:    8
02/25/2021 05:10:25 - INFO - __main__ -   	EPOCH:   0	MiniBatch:    9
02/25/2021 05:10:26 - INFO - __main__ -   	EPOCH:   0	MiniBatch:   10
02/25/2021 05:10:26 - INFO - __main__ -   	Testing dev Minibatch:    0
02/25/2021 05:10:27 - INFO - __main__ -   	Testing dev Minibatch:    1
02/25/2021 05:10:27 - INFO - __main__ -   	Testing dev Minibatch:    2
02/25/2021 05:10:27 - INFO - __main__ -   	Testing dev Minibatch:    3
02/25/2021 05:10:28 - INFO - __main__ -   
Labels 	Prec. 	Recall	F1    	Supp  
Denial 	0.3267	1.0000	0.4925	279
Support	0.0000	0.0000	0.0000	289
Comment	0.0000	0.0000	0.0000	249
Queries	0.0000	0.0000	0.0000	37
MacroF1	0.1231
F1w_avg	0.1609
Acc    	32.7

02/25/2021 05:10:28 - INFO - __main__ -   	EPOCH:   1	MiniBatch:    0
02/25/2021 05:10:29 - INFO - __main__ -   	EPOCH:   1	MiniBatch:    1
02/25/2021 05:10:30 - INFO - __main__ -   	EPOCH:   1	MiniBatch:    2
02/25/2021 05:10:31 - INFO - __main__ -   	EPOCH:   1	MiniBatch:    3
02/25/2021 05:10:32 - INFO - __main__ -   	EPOCH:   1	MiniBatch:    4
02/25/2021 05:10:33 - INFO - __main__ -   	EPOCH:   1	MiniBatch:    5
02/25/2021 05:10:34 - INFO - __main__ -   	EPOCH:   1	MiniBatch:    6
02/25/2021 05:10:35 - INFO - __main__ -   	EPOCH:   1	MiniBatch:    7
02/25/2021 05:10:36 - INFO - __main__ -   	EPOCH:   1	MiniBatch:    8
02/25/2021 05:10:37 - INFO - __main__ -   	EPOCH:   1	MiniBatch:    9
02/25/2021 05:10:38 - INFO - __main__ -   	EPOCH:   1	MiniBatch:   10
02/25/2021 05:10:39 - INFO - __main__ -   	Testing dev Minibatch:    0
02/25/2021 05:10:39 - INFO - __main__ -   	Testing dev Minibatch:    1
02/25/2021 05:10:40 - INFO - __main__ -   	Testing dev Minibatch:    2
02/25/2021 05:10:40 - INFO - __main__ -   	Testing dev Minibatch:    3
02/25/2021 05:10:40 - INFO - __main__ -   
Labels 	Prec. 	Recall	F1    	Supp  
Denial 	0.3271	1.0000	0.4929	279
Support	0.0000	0.0000	0.0000	289
Comment	1.0000	0.0040	0.0080	249
Queries	0.0000	0.0000	0.0000	37
MacroF1	0.1252
F1w_avg	0.1634
Acc    	32.8

02/25/2021 05:10:42 - INFO - __main__ -   	EPOCH:   2	MiniBatch:    0
02/25/2021 05:10:43 - INFO - __main__ -   	EPOCH:   2	MiniBatch:    1
02/25/2021 05:10:44 - INFO - __main__ -   	EPOCH:   2	MiniBatch:    2
02/25/2021 05:10:45 - INFO - __main__ -   	EPOCH:   2	MiniBatch:    3
02/25/2021 05:10:46 - INFO - __main__ -   	EPOCH:   2	MiniBatch:    4
02/25/2021 05:10:47 - INFO - __main__ -   	EPOCH:   2	MiniBatch:    5
02/25/2021 05:10:48 - INFO - __main__ -   	EPOCH:   2	MiniBatch:    6
02/25/2021 05:10:49 - INFO - __main__ -   	EPOCH:   2	MiniBatch:    7
02/25/2021 05:10:50 - INFO - __main__ -   	EPOCH:   2	MiniBatch:    8
02/25/2021 05:10:51 - INFO - __main__ -   	EPOCH:   2	MiniBatch:    9
02/25/2021 05:10:52 - INFO - __main__ -   	EPOCH:   2	MiniBatch:   10
02/25/2021 05:10:52 - INFO - __main__ -   	Testing dev Minibatch:    0
02/25/2021 05:10:53 - INFO - __main__ -   	Testing dev Minibatch:    1
02/25/2021 05:10:53 - INFO - __main__ -   	Testing dev Minibatch:    2
02/25/2021 05:10:54 - INFO - __main__ -   	Testing dev Minibatch:    3
02/25/2021 05:10:54 - INFO - __main__ -   
Labels 	Prec. 	Recall	F1    	Supp  
Denial 	0.3269	0.9642	0.4882	279
Support	0.6000	0.0623	0.1129	289
Comment	1.0000	0.0040	0.0080	249
Queries	0.0000	0.0000	0.0000	37
MacroF1	0.1523
F1w_avg	0.2000
Acc    	33.7

02/25/2021 05:10:56 - INFO - __main__ -   	EPOCH:   3	MiniBatch:    0
02/25/2021 05:10:57 - INFO - __main__ -   	EPOCH:   3	MiniBatch:    1
02/25/2021 05:10:58 - INFO - __main__ -   	EPOCH:   3	MiniBatch:    2
02/25/2021 05:10:59 - INFO - __main__ -   	EPOCH:   3	MiniBatch:    3
02/25/2021 05:11:00 - INFO - __main__ -   	EPOCH:   3	MiniBatch:    4
02/25/2021 05:11:01 - INFO - __main__ -   	EPOCH:   3	MiniBatch:    5
02/25/2021 05:11:02 - INFO - __main__ -   	EPOCH:   3	MiniBatch:    6
02/25/2021 05:11:03 - INFO - __main__ -   	EPOCH:   3	MiniBatch:    7
02/25/2021 05:11:04 - INFO - __main__ -   	EPOCH:   3	MiniBatch:    8
02/25/2021 05:11:05 - INFO - __main__ -   	EPOCH:   3	MiniBatch:    9
02/25/2021 05:11:06 - INFO - __main__ -   	EPOCH:   3	MiniBatch:   10
02/25/2021 05:11:06 - INFO - __main__ -   	Testing dev Minibatch:    0
02/25/2021 05:11:06 - INFO - __main__ -   	Testing dev Minibatch:    1
02/25/2021 05:11:07 - INFO - __main__ -   	Testing dev Minibatch:    2
02/25/2021 05:11:07 - INFO - __main__ -   	Testing dev Minibatch:    3
02/25/2021 05:11:07 - INFO - __main__ -   
Labels 	Prec. 	Recall	F1    	Supp  
Denial 	0.3268	0.9534	0.4867	279
Support	0.5263	0.0692	0.1223	289
Comment	1.0000	0.0080	0.0159	249
Queries	0.0000	0.0000	0.0000	37
MacroF1	0.1562
F1w_avg	0.2051
Acc    	33.7

02/25/2021 05:11:09 - INFO - __main__ -   	EPOCH:   4	MiniBatch:    0
02/25/2021 05:11:10 - INFO - __main__ -   	EPOCH:   4	MiniBatch:    1
02/25/2021 05:11:11 - INFO - __main__ -   	EPOCH:   4	MiniBatch:    2
02/25/2021 05:11:12 - INFO - __main__ -   	EPOCH:   4	MiniBatch:    3
02/25/2021 05:11:13 - INFO - __main__ -   	EPOCH:   4	MiniBatch:    4
02/25/2021 05:11:14 - INFO - __main__ -   	EPOCH:   4	MiniBatch:    5
02/25/2021 05:11:15 - INFO - __main__ -   	EPOCH:   4	MiniBatch:    6
02/25/2021 05:11:16 - INFO - __main__ -   	EPOCH:   4	MiniBatch:    7
02/25/2021 05:11:17 - INFO - __main__ -   	EPOCH:   4	MiniBatch:    8
02/25/2021 05:11:18 - INFO - __main__ -   	EPOCH:   4	MiniBatch:    9
02/25/2021 05:11:19 - INFO - __main__ -   	EPOCH:   4	MiniBatch:   10
02/25/2021 05:11:20 - INFO - __main__ -   	Testing dev Minibatch:    0
02/25/2021 05:11:20 - INFO - __main__ -   	Testing dev Minibatch:    1
02/25/2021 05:11:21 - INFO - __main__ -   	Testing dev Minibatch:    2
02/25/2021 05:11:21 - INFO - __main__ -   	Testing dev Minibatch:    3
02/25/2021 05:11:21 - INFO - __main__ -   
Labels 	Prec. 	Recall	F1    	Supp  
Denial 	0.3348	0.8244	0.4762	279
Support	0.4914	0.1972	0.2815	289
Comment	0.5490	0.1124	0.1867	249
Queries	0.0000	0.0000	0.0000	37
MacroF1	0.2361
F1w_avg	0.3053
Acc    	36.9

02/25/2021 05:11:23 - INFO - __main__ -   	EPOCH:   5	MiniBatch:    0
02/25/2021 05:11:24 - INFO - __main__ -   	EPOCH:   5	MiniBatch:    1
02/25/2021 05:11:25 - INFO - __main__ -   	EPOCH:   5	MiniBatch:    2
02/25/2021 05:11:26 - INFO - __main__ -   	EPOCH:   5	MiniBatch:    3
02/25/2021 05:11:27 - INFO - __main__ -   	EPOCH:   5	MiniBatch:    4
02/25/2021 05:11:28 - INFO - __main__ -   	EPOCH:   5	MiniBatch:    5
02/25/2021 05:11:29 - INFO - __main__ -   	EPOCH:   5	MiniBatch:    6
02/25/2021 05:11:30 - INFO - __main__ -   	EPOCH:   5	MiniBatch:    7
02/25/2021 05:11:31 - INFO - __main__ -   	EPOCH:   5	MiniBatch:    8
02/25/2021 05:11:32 - INFO - __main__ -   	EPOCH:   5	MiniBatch:    9
02/25/2021 05:11:33 - INFO - __main__ -   	EPOCH:   5	MiniBatch:   10
02/25/2021 05:11:33 - INFO - __main__ -   	Testing dev Minibatch:    0
02/25/2021 05:11:34 - INFO - __main__ -   	Testing dev Minibatch:    1
02/25/2021 05:11:34 - INFO - __main__ -   	Testing dev Minibatch:    2
02/25/2021 05:11:34 - INFO - __main__ -   	Testing dev Minibatch:    3
02/25/2021 05:11:35 - INFO - __main__ -   
Labels 	Prec. 	Recall	F1    	Supp  
Denial 	0.3627	0.6631	0.4689	279
Support	0.5000	0.3149	0.3864	289
Comment	0.5123	0.3333	0.4039	249
Queries	0.0000	0.0000	0.0000	37
MacroF1	0.3148
F1w_avg	0.4017
Acc    	42.0

02/25/2021 05:11:37 - INFO - __main__ -   	EPOCH:   6	MiniBatch:    0
02/25/2021 05:11:38 - INFO - __main__ -   	EPOCH:   6	MiniBatch:    1
02/25/2021 05:11:39 - INFO - __main__ -   	EPOCH:   6	MiniBatch:    2
02/25/2021 05:11:40 - INFO - __main__ -   	EPOCH:   6	MiniBatch:    3
02/25/2021 05:11:41 - INFO - __main__ -   	EPOCH:   6	MiniBatch:    4
02/25/2021 05:11:42 - INFO - __main__ -   	EPOCH:   6	MiniBatch:    5
02/25/2021 05:11:43 - INFO - __main__ -   	EPOCH:   6	MiniBatch:    6
02/25/2021 05:11:44 - INFO - __main__ -   	EPOCH:   6	MiniBatch:    7
02/25/2021 05:11:45 - INFO - __main__ -   	EPOCH:   6	MiniBatch:    8
02/25/2021 05:11:46 - INFO - __main__ -   	EPOCH:   6	MiniBatch:    9
02/25/2021 05:11:47 - INFO - __main__ -   	EPOCH:   6	MiniBatch:   10
02/25/2021 05:11:47 - INFO - __main__ -   	Testing dev Minibatch:    0
02/25/2021 05:11:47 - INFO - __main__ -   	Testing dev Minibatch:    1
02/25/2021 05:11:48 - INFO - __main__ -   	Testing dev Minibatch:    2
02/25/2021 05:11:48 - INFO - __main__ -   	Testing dev Minibatch:    3
02/25/2021 05:11:48 - INFO - __main__ -   
Labels 	Prec. 	Recall	F1    	Supp  
Denial 	0.3328	0.7706	0.4649	279
Support	0.4815	0.0900	0.1516	289
Comment	0.5260	0.3253	0.4020	249
Queries	0.0000	0.0000	0.0000	37
MacroF1	0.2546
F1w_avg	0.3204
Acc    	37.7

02/25/2021 05:11:49 - INFO - __main__ -   	EPOCH:   7	MiniBatch:    0
02/25/2021 05:11:50 - INFO - __main__ -   	EPOCH:   7	MiniBatch:    1
02/25/2021 05:11:51 - INFO - __main__ -   	EPOCH:   7	MiniBatch:    2
02/25/2021 05:11:52 - INFO - __main__ -   	EPOCH:   7	MiniBatch:    3
02/25/2021 05:11:53 - INFO - __main__ -   	EPOCH:   7	MiniBatch:    4
02/25/2021 05:11:54 - INFO - __main__ -   	EPOCH:   7	MiniBatch:    5
02/25/2021 05:11:55 - INFO - __main__ -   	EPOCH:   7	MiniBatch:    6
02/25/2021 05:11:56 - INFO - __main__ -   	EPOCH:   7	MiniBatch:    7
02/25/2021 05:11:57 - INFO - __main__ -   	EPOCH:   7	MiniBatch:    8
02/25/2021 05:11:58 - INFO - __main__ -   	EPOCH:   7	MiniBatch:    9
02/25/2021 05:11:59 - INFO - __main__ -   	EPOCH:   7	MiniBatch:   10
02/25/2021 05:11:59 - INFO - __main__ -   	Testing dev Minibatch:    0
02/25/2021 05:12:00 - INFO - __main__ -   	Testing dev Minibatch:    1
02/25/2021 05:12:00 - INFO - __main__ -   	Testing dev Minibatch:    2
02/25/2021 05:12:00 - INFO - __main__ -   	Testing dev Minibatch:    3
02/25/2021 05:12:00 - INFO - __main__ -   
Labels 	Prec. 	Recall	F1    	Supp  
Denial 	0.4511	0.2151	0.2913	279
Support	0.4699	0.7301	0.5718	289
Comment	0.4522	0.4940	0.4722	249
Queries	0.0000	0.0000	0.0000	37
MacroF1	0.3338
F1w_avg	0.4263
Acc    	46.1

02/25/2021 05:12:02 - INFO - __main__ -   	EPOCH:   8	MiniBatch:    0
02/25/2021 05:12:03 - INFO - __main__ -   	EPOCH:   8	MiniBatch:    1
02/25/2021 05:12:04 - INFO - __main__ -   	EPOCH:   8	MiniBatch:    2
02/25/2021 05:12:05 - INFO - __main__ -   	EPOCH:   8	MiniBatch:    3
02/25/2021 05:12:06 - INFO - __main__ -   	EPOCH:   8	MiniBatch:    4
02/25/2021 05:12:07 - INFO - __main__ -   	EPOCH:   8	MiniBatch:    5
02/25/2021 05:12:08 - INFO - __main__ -   	EPOCH:   8	MiniBatch:    6
02/25/2021 05:12:09 - INFO - __main__ -   	EPOCH:   8	MiniBatch:    7
02/25/2021 05:12:10 - INFO - __main__ -   	EPOCH:   8	MiniBatch:    8
02/25/2021 05:12:11 - INFO - __main__ -   	EPOCH:   8	MiniBatch:    9
02/25/2021 05:12:12 - INFO - __main__ -   	EPOCH:   8	MiniBatch:   10
02/25/2021 05:12:13 - INFO - __main__ -   	Testing dev Minibatch:    0
02/25/2021 05:12:13 - INFO - __main__ -   	Testing dev Minibatch:    1
02/25/2021 05:12:14 - INFO - __main__ -   	Testing dev Minibatch:    2
02/25/2021 05:12:14 - INFO - __main__ -   	Testing dev Minibatch:    3
02/25/2021 05:12:14 - INFO - __main__ -   
Labels 	Prec. 	Recall	F1    	Supp  
Denial 	0.3836	0.5197	0.4414	279
Support	0.4945	0.6228	0.5513	289
Comment	0.5446	0.2450	0.3380	249
Queries	0.0000	0.0000	0.0000	37
MacroF1	0.3327
F1w_avg	0.4293
Acc    	45.2

02/25/2021 05:12:14 - INFO - __main__ -   	EPOCH:   9	MiniBatch:    0
02/25/2021 05:12:15 - INFO - __main__ -   	EPOCH:   9	MiniBatch:    1
02/25/2021 05:12:16 - INFO - __main__ -   	EPOCH:   9	MiniBatch:    2
02/25/2021 05:12:17 - INFO - __main__ -   	EPOCH:   9	MiniBatch:    3
02/25/2021 05:12:18 - INFO - __main__ -   	EPOCH:   9	MiniBatch:    4
02/25/2021 05:12:19 - INFO - __main__ -   	EPOCH:   9	MiniBatch:    5
02/25/2021 05:12:20 - INFO - __main__ -   	EPOCH:   9	MiniBatch:    6
02/25/2021 05:12:21 - INFO - __main__ -   	EPOCH:   9	MiniBatch:    7
02/25/2021 05:12:22 - INFO - __main__ -   	EPOCH:   9	MiniBatch:    8
02/25/2021 05:12:23 - INFO - __main__ -   	EPOCH:   9	MiniBatch:    9
02/25/2021 05:12:24 - INFO - __main__ -   	EPOCH:   9	MiniBatch:   10
02/25/2021 05:12:25 - INFO - __main__ -   	Testing dev Minibatch:    0
02/25/2021 05:12:25 - INFO - __main__ -   	Testing dev Minibatch:    1
02/25/2021 05:12:26 - INFO - __main__ -   	Testing dev Minibatch:    2
02/25/2021 05:12:26 - INFO - __main__ -   	Testing dev Minibatch:    3
02/25/2021 05:12:26 - INFO - __main__ -   
Labels 	Prec. 	Recall	F1    	Supp  
Denial 	0.3692	0.7384	0.4922	279
Support	0.5951	0.3356	0.4292	289
Comment	0.5338	0.2851	0.3717	249
Queries	0.0000	0.0000	0.0000	37
MacroF1	0.3233
F1w_avg	0.4144
Acc    	43.8

02/25/2021 05:12:27 - INFO - __main__ -   	EPOCH:  10	MiniBatch:    0
02/25/2021 05:12:28 - INFO - __main__ -   	EPOCH:  10	MiniBatch:    1
02/25/2021 05:12:29 - INFO - __main__ -   	EPOCH:  10	MiniBatch:    2
02/25/2021 05:12:30 - INFO - __main__ -   	EPOCH:  10	MiniBatch:    3
02/25/2021 05:12:31 - INFO - __main__ -   	EPOCH:  10	MiniBatch:    4
02/25/2021 05:12:32 - INFO - __main__ -   	EPOCH:  10	MiniBatch:    5
02/25/2021 05:12:33 - INFO - __main__ -   	EPOCH:  10	MiniBatch:    6
02/25/2021 05:12:34 - INFO - __main__ -   	EPOCH:  10	MiniBatch:    7
02/25/2021 05:12:35 - INFO - __main__ -   	EPOCH:  10	MiniBatch:    8
02/25/2021 05:12:36 - INFO - __main__ -   	EPOCH:  10	MiniBatch:    9
02/25/2021 05:12:37 - INFO - __main__ -   	EPOCH:  10	MiniBatch:   10
02/25/2021 05:12:37 - INFO - __main__ -   	Testing dev Minibatch:    0
02/25/2021 05:12:37 - INFO - __main__ -   	Testing dev Minibatch:    1
02/25/2021 05:12:38 - INFO - __main__ -   	Testing dev Minibatch:    2
02/25/2021 05:12:38 - INFO - __main__ -   	Testing dev Minibatch:    3
02/25/2021 05:12:38 - INFO - __main__ -   
Labels 	Prec. 	Recall	F1    	Supp  
Denial 	0.4471	0.4695	0.4580	279
Support	0.5132	0.6055	0.5556	289
Comment	0.4909	0.4337	0.4606	249
Queries	0.0000	0.0000	0.0000	37
MacroF1	0.3685
F1w_avg	0.4719
Acc    	48.5

02/25/2021 05:12:40 - INFO - __main__ -   	EPOCH:  11	MiniBatch:    0
02/25/2021 05:12:41 - INFO - __main__ -   	EPOCH:  11	MiniBatch:    1
02/25/2021 05:12:42 - INFO - __main__ -   	EPOCH:  11	MiniBatch:    2
02/25/2021 05:12:43 - INFO - __main__ -   	EPOCH:  11	MiniBatch:    3
02/25/2021 05:12:44 - INFO - __main__ -   	EPOCH:  11	MiniBatch:    4
02/25/2021 05:12:45 - INFO - __main__ -   	EPOCH:  11	MiniBatch:    5
02/25/2021 05:12:46 - INFO - __main__ -   	EPOCH:  11	MiniBatch:    6
02/25/2021 05:12:47 - INFO - __main__ -   	EPOCH:  11	MiniBatch:    7
02/25/2021 05:12:48 - INFO - __main__ -   	EPOCH:  11	MiniBatch:    8
02/25/2021 05:12:49 - INFO - __main__ -   	EPOCH:  11	MiniBatch:    9
02/25/2021 05:12:50 - INFO - __main__ -   	EPOCH:  11	MiniBatch:   10
02/25/2021 05:12:51 - INFO - __main__ -   	Testing dev Minibatch:    0
02/25/2021 05:12:51 - INFO - __main__ -   	Testing dev Minibatch:    1
02/25/2021 05:12:51 - INFO - __main__ -   	Testing dev Minibatch:    2
02/25/2021 05:12:52 - INFO - __main__ -   	Testing dev Minibatch:    3
02/25/2021 05:12:52 - INFO - __main__ -   
Labels 	Prec. 	Recall	F1    	Supp  
Denial 	0.4642	0.4409	0.4522	279
Support	0.4721	0.7612	0.5828	289
Comment	0.5528	0.2731	0.3656	249
Queries	0.0000	0.0000	0.0000	37
MacroF1	0.3501
F1w_avg	0.4515
Acc    	48.1

02/25/2021 05:12:52 - INFO - __main__ -   	EPOCH:  12	MiniBatch:    0
02/25/2021 05:12:53 - INFO - __main__ -   	EPOCH:  12	MiniBatch:    1
02/25/2021 05:12:54 - INFO - __main__ -   	EPOCH:  12	MiniBatch:    2
02/25/2021 05:12:55 - INFO - __main__ -   	EPOCH:  12	MiniBatch:    3
02/25/2021 05:12:56 - INFO - __main__ -   	EPOCH:  12	MiniBatch:    4
02/25/2021 05:12:57 - INFO - __main__ -   	EPOCH:  12	MiniBatch:    5
02/25/2021 05:12:58 - INFO - __main__ -   	EPOCH:  12	MiniBatch:    6
02/25/2021 05:12:59 - INFO - __main__ -   	EPOCH:  12	MiniBatch:    7
02/25/2021 05:13:00 - INFO - __main__ -   	EPOCH:  12	MiniBatch:    8
02/25/2021 05:13:01 - INFO - __main__ -   	EPOCH:  12	MiniBatch:    9
02/25/2021 05:13:02 - INFO - __main__ -   	EPOCH:  12	MiniBatch:   10
02/25/2021 05:13:03 - INFO - __main__ -   	Testing dev Minibatch:    0
02/25/2021 05:13:03 - INFO - __main__ -   	Testing dev Minibatch:    1
02/25/2021 05:13:03 - INFO - __main__ -   	Testing dev Minibatch:    2
02/25/2021 05:13:04 - INFO - __main__ -   	Testing dev Minibatch:    3
02/25/2021 05:13:04 - INFO - __main__ -   
Labels 	Prec. 	Recall	F1    	Supp  
Denial 	0.4234	0.5842	0.4910	279
Support	0.5606	0.5606	0.5606	289
Comment	0.5222	0.3775	0.4382	249
Queries	0.0000	0.0000	0.0000	37
MacroF1	0.3724
F1w_avg	0.4779
Acc    	49.1

02/25/2021 05:13:06 - INFO - __main__ -   	EPOCH:  13	MiniBatch:    0
02/25/2021 05:13:07 - INFO - __main__ -   	EPOCH:  13	MiniBatch:    1
02/25/2021 05:13:08 - INFO - __main__ -   	EPOCH:  13	MiniBatch:    2
02/25/2021 05:13:09 - INFO - __main__ -   	EPOCH:  13	MiniBatch:    3
02/25/2021 05:13:10 - INFO - __main__ -   	EPOCH:  13	MiniBatch:    4
02/25/2021 05:13:11 - INFO - __main__ -   	EPOCH:  13	MiniBatch:    5
02/25/2021 05:13:12 - INFO - __main__ -   	EPOCH:  13	MiniBatch:    6
02/25/2021 05:13:13 - INFO - __main__ -   	EPOCH:  13	MiniBatch:    7
02/25/2021 05:13:14 - INFO - __main__ -   	EPOCH:  13	MiniBatch:    8
02/25/2021 05:13:15 - INFO - __main__ -   	EPOCH:  13	MiniBatch:    9
02/25/2021 05:13:16 - INFO - __main__ -   	EPOCH:  13	MiniBatch:   10
02/25/2021 05:13:16 - INFO - __main__ -   	Testing dev Minibatch:    0
02/25/2021 05:13:17 - INFO - __main__ -   	Testing dev Minibatch:    1
02/25/2021 05:13:17 - INFO - __main__ -   	Testing dev Minibatch:    2
02/25/2021 05:13:18 - INFO - __main__ -   	Testing dev Minibatch:    3
02/25/2021 05:13:18 - INFO - __main__ -   
Labels 	Prec. 	Recall	F1    	Supp  
Denial 	0.4167	0.5376	0.4695	279
Support	0.6111	0.3806	0.4691	289
Comment	0.4586	0.5783	0.5115	249
Queries	0.0000	0.0000	0.0000	37
MacroF1	0.3625
F1w_avg	0.4613
Acc    	47.3

02/25/2021 05:13:18 - INFO - __main__ -   	EPOCH:  14	MiniBatch:    0
02/25/2021 05:13:19 - INFO - __main__ -   	EPOCH:  14	MiniBatch:    1
02/25/2021 05:13:20 - INFO - __main__ -   	EPOCH:  14	MiniBatch:    2
02/25/2021 05:13:21 - INFO - __main__ -   	EPOCH:  14	MiniBatch:    3
02/25/2021 05:13:22 - INFO - __main__ -   	EPOCH:  14	MiniBatch:    4
02/25/2021 05:13:23 - INFO - __main__ -   	EPOCH:  14	MiniBatch:    5
02/25/2021 05:13:24 - INFO - __main__ -   	EPOCH:  14	MiniBatch:    6
02/25/2021 05:13:25 - INFO - __main__ -   	EPOCH:  14	MiniBatch:    7
02/25/2021 05:13:26 - INFO - __main__ -   	EPOCH:  14	MiniBatch:    8
02/25/2021 05:13:27 - INFO - __main__ -   	EPOCH:  14	MiniBatch:    9
02/25/2021 05:13:28 - INFO - __main__ -   	EPOCH:  14	MiniBatch:   10
02/25/2021 05:13:28 - INFO - __main__ -   	Testing dev Minibatch:    0
02/25/2021 05:13:29 - INFO - __main__ -   	Testing dev Minibatch:    1
02/25/2021 05:13:29 - INFO - __main__ -   	Testing dev Minibatch:    2
02/25/2021 05:13:30 - INFO - __main__ -   	Testing dev Minibatch:    3
02/25/2021 05:13:30 - INFO - __main__ -   
Labels 	Prec. 	Recall	F1    	Supp  
Denial 	0.4786	0.4409	0.4590	279
Support	0.4664	0.8166	0.5937	289
Comment	0.5824	0.2129	0.3118	249
Queries	0.0000	0.0000	0.0000	37
MacroF1	0.3411
F1w_avg	0.4418
Acc    	48.2

02/25/2021 05:13:30 - INFO - __main__ -   	EPOCH:  15	MiniBatch:    0
02/25/2021 05:13:31 - INFO - __main__ -   	EPOCH:  15	MiniBatch:    1
02/25/2021 05:13:32 - INFO - __main__ -   	EPOCH:  15	MiniBatch:    2
02/25/2021 05:13:33 - INFO - __main__ -   	EPOCH:  15	MiniBatch:    3
02/25/2021 05:13:34 - INFO - __main__ -   	EPOCH:  15	MiniBatch:    4
02/25/2021 05:13:35 - INFO - __main__ -   	EPOCH:  15	MiniBatch:    5
02/25/2021 05:13:36 - INFO - __main__ -   	EPOCH:  15	MiniBatch:    6
02/25/2021 05:13:37 - INFO - __main__ -   	EPOCH:  15	MiniBatch:    7
02/25/2021 05:13:38 - INFO - __main__ -   	EPOCH:  15	MiniBatch:    8
02/25/2021 05:13:39 - INFO - __main__ -   	EPOCH:  15	MiniBatch:    9
02/25/2021 05:13:40 - INFO - __main__ -   	EPOCH:  15	MiniBatch:   10
02/25/2021 05:13:40 - INFO - __main__ -   	Testing dev Minibatch:    0
02/25/2021 05:13:41 - INFO - __main__ -   	Testing dev Minibatch:    1
02/25/2021 05:13:41 - INFO - __main__ -   	Testing dev Minibatch:    2
02/25/2021 05:13:42 - INFO - __main__ -   	Testing dev Minibatch:    3
02/25/2021 05:13:42 - INFO - __main__ -   
Labels 	Prec. 	Recall	F1    	Supp  
Denial 	0.4545	0.5914	0.5140	279
Support	0.5725	0.5190	0.5445	289
Comment	0.4847	0.4458	0.4644	249
Queries	0.0000	0.0000	0.0000	37
MacroF1	0.3807
F1w_avg	0.4876
Acc    	49.9

02/25/2021 05:13:44 - INFO - __main__ -   	EPOCH:  16	MiniBatch:    0
02/25/2021 05:13:45 - INFO - __main__ -   	EPOCH:  16	MiniBatch:    1
02/25/2021 05:13:46 - INFO - __main__ -   	EPOCH:  16	MiniBatch:    2
02/25/2021 05:13:47 - INFO - __main__ -   	EPOCH:  16	MiniBatch:    3
02/25/2021 05:13:48 - INFO - __main__ -   	EPOCH:  16	MiniBatch:    4
02/25/2021 05:13:49 - INFO - __main__ -   	EPOCH:  16	MiniBatch:    5
02/25/2021 05:13:50 - INFO - __main__ -   	EPOCH:  16	MiniBatch:    6
02/25/2021 05:13:51 - INFO - __main__ -   	EPOCH:  16	MiniBatch:    7
02/25/2021 05:13:52 - INFO - __main__ -   	EPOCH:  16	MiniBatch:    8
02/25/2021 05:13:53 - INFO - __main__ -   	EPOCH:  16	MiniBatch:    9
02/25/2021 05:13:54 - INFO - __main__ -   	EPOCH:  16	MiniBatch:   10
02/25/2021 05:13:54 - INFO - __main__ -   	Testing dev Minibatch:    0
02/25/2021 05:13:55 - INFO - __main__ -   	Testing dev Minibatch:    1
02/25/2021 05:13:55 - INFO - __main__ -   	Testing dev Minibatch:    2
02/25/2021 05:13:55 - INFO - __main__ -   	Testing dev Minibatch:    3
02/25/2021 05:13:56 - INFO - __main__ -   
Labels 	Prec. 	Recall	F1    	Supp  
Denial 	0.4363	0.7491	0.5515	279
Support	0.5844	0.4671	0.5192	289
Comment	0.5625	0.3253	0.4122	249
Queries	0.0000	0.0000	0.0000	37
MacroF1	0.3707
F1w_avg	0.4761
Acc    	49.8

02/25/2021 05:13:56 - INFO - __main__ -   	EPOCH:  17	MiniBatch:    0
02/25/2021 05:13:57 - INFO - __main__ -   	EPOCH:  17	MiniBatch:    1
02/25/2021 05:13:58 - INFO - __main__ -   	EPOCH:  17	MiniBatch:    2
02/25/2021 05:13:59 - INFO - __main__ -   	EPOCH:  17	MiniBatch:    3
02/25/2021 05:14:00 - INFO - __main__ -   	EPOCH:  17	MiniBatch:    4
02/25/2021 05:14:01 - INFO - __main__ -   	EPOCH:  17	MiniBatch:    5
02/25/2021 05:14:02 - INFO - __main__ -   	EPOCH:  17	MiniBatch:    6
02/25/2021 05:14:03 - INFO - __main__ -   	EPOCH:  17	MiniBatch:    7
02/25/2021 05:14:04 - INFO - __main__ -   	EPOCH:  17	MiniBatch:    8
02/25/2021 05:14:05 - INFO - __main__ -   	EPOCH:  17	MiniBatch:    9
02/25/2021 05:14:06 - INFO - __main__ -   	EPOCH:  17	MiniBatch:   10
02/25/2021 05:14:06 - INFO - __main__ -   	Testing dev Minibatch:    0
02/25/2021 05:14:07 - INFO - __main__ -   	Testing dev Minibatch:    1
02/25/2021 05:14:07 - INFO - __main__ -   	Testing dev Minibatch:    2
02/25/2021 05:14:07 - INFO - __main__ -   	Testing dev Minibatch:    3
02/25/2021 05:14:08 - INFO - __main__ -   
Labels 	Prec. 	Recall	F1    	Supp  
Denial 	0.5081	0.5591	0.5324	279
Support	0.5714	0.5675	0.5694	289
Comment	0.4962	0.5181	0.5069	249
Queries	0.0000	0.0000	0.0000	37
MacroF1	0.4022
F1w_avg	0.5144
Acc    	52.6

02/25/2021 05:14:09 - INFO - __main__ -   	EPOCH:  18	MiniBatch:    0
02/25/2021 05:14:11 - INFO - __main__ -   	EPOCH:  18	MiniBatch:    1
02/25/2021 05:14:12 - INFO - __main__ -   	EPOCH:  18	MiniBatch:    2
02/25/2021 05:14:13 - INFO - __main__ -   	EPOCH:  18	MiniBatch:    3
02/25/2021 05:14:14 - INFO - __main__ -   	EPOCH:  18	MiniBatch:    4
02/25/2021 05:14:15 - INFO - __main__ -   	EPOCH:  18	MiniBatch:    5
02/25/2021 05:14:16 - INFO - __main__ -   	EPOCH:  18	MiniBatch:    6
02/25/2021 05:14:17 - INFO - __main__ -   	EPOCH:  18	MiniBatch:    7
02/25/2021 05:14:18 - INFO - __main__ -   	EPOCH:  18	MiniBatch:    8
02/25/2021 05:14:19 - INFO - __main__ -   	EPOCH:  18	MiniBatch:    9
02/25/2021 05:14:20 - INFO - __main__ -   	EPOCH:  18	MiniBatch:   10
02/25/2021 05:14:20 - INFO - __main__ -   	Testing dev Minibatch:    0
02/25/2021 05:14:20 - INFO - __main__ -   	Testing dev Minibatch:    1
02/25/2021 05:14:21 - INFO - __main__ -   	Testing dev Minibatch:    2
02/25/2021 05:14:21 - INFO - __main__ -   	Testing dev Minibatch:    3
02/25/2021 05:14:21 - INFO - __main__ -   
Labels 	Prec. 	Recall	F1    	Supp  
Denial 	0.4325	0.7814	0.5568	279
Support	0.6044	0.4706	0.5292	289
Comment	0.5360	0.2691	0.3583	249
Queries	0.0000	0.0000	0.0000	37
MacroF1	0.3611
F1w_avg	0.4655
Acc    	49.3

02/25/2021 05:14:22 - INFO - __main__ -   	EPOCH:  19	MiniBatch:    0
02/25/2021 05:14:23 - INFO - __main__ -   	EPOCH:  19	MiniBatch:    1
02/25/2021 05:14:24 - INFO - __main__ -   	EPOCH:  19	MiniBatch:    2
02/25/2021 05:14:25 - INFO - __main__ -   	EPOCH:  19	MiniBatch:    3
02/25/2021 05:14:26 - INFO - __main__ -   	EPOCH:  19	MiniBatch:    4
02/25/2021 05:14:27 - INFO - __main__ -   	EPOCH:  19	MiniBatch:    5
02/25/2021 05:14:28 - INFO - __main__ -   	EPOCH:  19	MiniBatch:    6
02/25/2021 05:14:29 - INFO - __main__ -   	EPOCH:  19	MiniBatch:    7
02/25/2021 05:14:30 - INFO - __main__ -   	EPOCH:  19	MiniBatch:    8
02/25/2021 05:14:31 - INFO - __main__ -   	EPOCH:  19	MiniBatch:    9
02/25/2021 05:14:32 - INFO - __main__ -   	EPOCH:  19	MiniBatch:   10
02/25/2021 05:14:32 - INFO - __main__ -   	Testing dev Minibatch:    0
02/25/2021 05:14:33 - INFO - __main__ -   	Testing dev Minibatch:    1
02/25/2021 05:14:33 - INFO - __main__ -   	Testing dev Minibatch:    2
02/25/2021 05:14:33 - INFO - __main__ -   	Testing dev Minibatch:    3
02/25/2021 05:14:33 - INFO - __main__ -   
Labels 	Prec. 	Recall	F1    	Supp  
Denial 	0.5577	0.5197	0.5380	279
Support	0.5840	0.4810	0.5275	289
Comment	0.4438	0.6345	0.5223	249
Queries	0.0000	0.0000	0.0000	37
MacroF1	0.3970
F1w_avg	0.5066
Acc    	51.8

02/25/2021 05:14:34 - INFO - __main__ -   	EPOCH:  20	MiniBatch:    0
02/25/2021 05:14:35 - INFO - __main__ -   	EPOCH:  20	MiniBatch:    1
02/25/2021 05:14:36 - INFO - __main__ -   	EPOCH:  20	MiniBatch:    2
02/25/2021 05:14:37 - INFO - __main__ -   	EPOCH:  20	MiniBatch:    3
02/25/2021 05:14:38 - INFO - __main__ -   	EPOCH:  20	MiniBatch:    4
02/25/2021 05:14:39 - INFO - __main__ -   	EPOCH:  20	MiniBatch:    5
02/25/2021 05:14:40 - INFO - __main__ -   	EPOCH:  20	MiniBatch:    6
02/25/2021 05:14:41 - INFO - __main__ -   	EPOCH:  20	MiniBatch:    7
02/25/2021 05:14:42 - INFO - __main__ -   	EPOCH:  20	MiniBatch:    8
02/25/2021 05:14:43 - INFO - __main__ -   	EPOCH:  20	MiniBatch:    9
02/25/2021 05:14:44 - INFO - __main__ -   	EPOCH:  20	MiniBatch:   10
02/25/2021 05:14:44 - INFO - __main__ -   	Testing dev Minibatch:    0
02/25/2021 05:14:45 - INFO - __main__ -   	Testing dev Minibatch:    1
02/25/2021 05:14:45 - INFO - __main__ -   	Testing dev Minibatch:    2
02/25/2021 05:14:45 - INFO - __main__ -   	Testing dev Minibatch:    3
02/25/2021 05:14:46 - INFO - __main__ -   
Labels 	Prec. 	Recall	F1    	Supp  
Denial 	0.5694	0.7061	0.6304	279
Support	0.5389	0.6955	0.6073	289
Comment	0.5926	0.3213	0.4167	249
Queries	0.0000	0.0000	0.0000	37
MacroF1	0.4136
F1w_avg	0.5329
Acc    	56.0

02/25/2021 05:14:47 - INFO - __main__ -   	EPOCH:  21	MiniBatch:    0
02/25/2021 05:14:48 - INFO - __main__ -   	EPOCH:  21	MiniBatch:    1
02/25/2021 05:14:49 - INFO - __main__ -   	EPOCH:  21	MiniBatch:    2
02/25/2021 05:14:50 - INFO - __main__ -   	EPOCH:  21	MiniBatch:    3
02/25/2021 05:14:52 - INFO - __main__ -   	EPOCH:  21	MiniBatch:    4
02/25/2021 05:14:53 - INFO - __main__ -   	EPOCH:  21	MiniBatch:    5
02/25/2021 05:14:54 - INFO - __main__ -   	EPOCH:  21	MiniBatch:    6
02/25/2021 05:14:55 - INFO - __main__ -   	EPOCH:  21	MiniBatch:    7
02/25/2021 05:14:56 - INFO - __main__ -   	EPOCH:  21	MiniBatch:    8
02/25/2021 05:14:57 - INFO - __main__ -   	EPOCH:  21	MiniBatch:    9
02/25/2021 05:14:58 - INFO - __main__ -   	EPOCH:  21	MiniBatch:   10
02/25/2021 05:14:58 - INFO - __main__ -   	Testing dev Minibatch:    0
02/25/2021 05:14:58 - INFO - __main__ -   	Testing dev Minibatch:    1
02/25/2021 05:14:59 - INFO - __main__ -   	Testing dev Minibatch:    2
02/25/2021 05:14:59 - INFO - __main__ -   	Testing dev Minibatch:    3
02/25/2021 05:14:59 - INFO - __main__ -   
Labels 	Prec. 	Recall	F1    	Supp  
Denial 	0.5034	0.7849	0.6134	279
Support	0.5627	0.5744	0.5685	289
Comment	0.6452	0.3213	0.4290	249
Queries	0.0000	0.0000	0.0000	37
MacroF1	0.4027
F1w_avg	0.5179
Acc    	54.4

02/25/2021 05:15:00 - INFO - __main__ -   	EPOCH:  22	MiniBatch:    0
02/25/2021 05:15:01 - INFO - __main__ -   	EPOCH:  22	MiniBatch:    1
02/25/2021 05:15:02 - INFO - __main__ -   	EPOCH:  22	MiniBatch:    2
02/25/2021 05:15:03 - INFO - __main__ -   	EPOCH:  22	MiniBatch:    3
02/25/2021 05:15:04 - INFO - __main__ -   	EPOCH:  22	MiniBatch:    4
02/25/2021 05:15:05 - INFO - __main__ -   	EPOCH:  22	MiniBatch:    5
02/25/2021 05:15:06 - INFO - __main__ -   	EPOCH:  22	MiniBatch:    6
02/25/2021 05:15:07 - INFO - __main__ -   	EPOCH:  22	MiniBatch:    7
02/25/2021 05:15:08 - INFO - __main__ -   	EPOCH:  22	MiniBatch:    8
02/25/2021 05:15:09 - INFO - __main__ -   	EPOCH:  22	MiniBatch:    9
02/25/2021 05:15:10 - INFO - __main__ -   	EPOCH:  22	MiniBatch:   10
02/25/2021 05:15:10 - INFO - __main__ -   	Testing dev Minibatch:    0
02/25/2021 05:15:10 - INFO - __main__ -   	Testing dev Minibatch:    1
02/25/2021 05:15:11 - INFO - __main__ -   	Testing dev Minibatch:    2
02/25/2021 05:15:11 - INFO - __main__ -   	Testing dev Minibatch:    3
02/25/2021 05:15:11 - INFO - __main__ -   
Labels 	Prec. 	Recall	F1    	Supp  
Denial 	0.6006	0.7276	0.6580	279
Support	0.5887	0.5744	0.5814	289
Comment	0.5342	0.5020	0.5176	249
Queries	0.0000	0.0000	0.0000	37
MacroF1	0.4393
F1w_avg	0.5627
Acc    	57.8

02/25/2021 05:15:13 - INFO - __main__ -   	EPOCH:  23	MiniBatch:    0
02/25/2021 05:15:14 - INFO - __main__ -   	EPOCH:  23	MiniBatch:    1
02/25/2021 05:15:15 - INFO - __main__ -   	EPOCH:  23	MiniBatch:    2
02/25/2021 05:15:16 - INFO - __main__ -   	EPOCH:  23	MiniBatch:    3
02/25/2021 05:15:17 - INFO - __main__ -   	EPOCH:  23	MiniBatch:    4
02/25/2021 05:15:18 - INFO - __main__ -   	EPOCH:  23	MiniBatch:    5
02/25/2021 05:15:19 - INFO - __main__ -   	EPOCH:  23	MiniBatch:    6
02/25/2021 05:15:20 - INFO - __main__ -   	EPOCH:  23	MiniBatch:    7
02/25/2021 05:15:21 - INFO - __main__ -   	EPOCH:  23	MiniBatch:    8
02/25/2021 05:15:22 - INFO - __main__ -   	EPOCH:  23	MiniBatch:    9
02/25/2021 05:15:23 - INFO - __main__ -   	EPOCH:  23	MiniBatch:   10
02/25/2021 05:15:24 - INFO - __main__ -   	Testing dev Minibatch:    0
02/25/2021 05:15:24 - INFO - __main__ -   	Testing dev Minibatch:    1
02/25/2021 05:15:24 - INFO - __main__ -   	Testing dev Minibatch:    2
02/25/2021 05:15:25 - INFO - __main__ -   	Testing dev Minibatch:    3
02/25/2021 05:15:25 - INFO - __main__ -   
Labels 	Prec. 	Recall	F1    	Supp  
Denial 	0.5838	0.7742	0.6656	279
Support	0.5922	0.5779	0.5849	289
Comment	0.5693	0.4618	0.5100	249
Queries	0.0000	0.0000	0.0000	37
MacroF1	0.4401
F1w_avg	0.5641
Acc    	58.3

02/25/2021 05:15:27 - INFO - __main__ -   	EPOCH:  24	MiniBatch:    0
02/25/2021 05:15:28 - INFO - __main__ -   	EPOCH:  24	MiniBatch:    1
02/25/2021 05:15:29 - INFO - __main__ -   	EPOCH:  24	MiniBatch:    2
02/25/2021 05:15:30 - INFO - __main__ -   	EPOCH:  24	MiniBatch:    3
02/25/2021 05:15:31 - INFO - __main__ -   	EPOCH:  24	MiniBatch:    4
02/25/2021 05:15:32 - INFO - __main__ -   	EPOCH:  24	MiniBatch:    5
02/25/2021 05:15:33 - INFO - __main__ -   	EPOCH:  24	MiniBatch:    6
02/25/2021 05:15:34 - INFO - __main__ -   	EPOCH:  24	MiniBatch:    7
02/25/2021 05:15:35 - INFO - __main__ -   	EPOCH:  24	MiniBatch:    8
02/25/2021 05:15:36 - INFO - __main__ -   	EPOCH:  24	MiniBatch:    9
02/25/2021 05:15:37 - INFO - __main__ -   	EPOCH:  24	MiniBatch:   10
02/25/2021 05:15:37 - INFO - __main__ -   	Testing dev Minibatch:    0
02/25/2021 05:15:38 - INFO - __main__ -   	Testing dev Minibatch:    1
02/25/2021 05:15:38 - INFO - __main__ -   	Testing dev Minibatch:    2
02/25/2021 05:15:39 - INFO - __main__ -   	Testing dev Minibatch:    3
02/25/2021 05:15:39 - INFO - __main__ -   
Labels 	Prec. 	Recall	F1    	Supp  
Denial 	0.5031	0.8781	0.6397	279
Support	0.5972	0.4464	0.5109	289
Comment	0.6159	0.3735	0.4650	249
Queries	0.0000	0.0000	0.0000	37
MacroF1	0.4039
F1w_avg	0.5175
Acc    	54.7

02/25/2021 05:15:39 - INFO - __main__ -   	EPOCH:  25	MiniBatch:    0
02/25/2021 05:15:40 - INFO - __main__ -   	EPOCH:  25	MiniBatch:    1
02/25/2021 05:15:41 - INFO - __main__ -   	EPOCH:  25	MiniBatch:    2
02/25/2021 05:15:42 - INFO - __main__ -   	EPOCH:  25	MiniBatch:    3
02/25/2021 05:15:43 - INFO - __main__ -   	EPOCH:  25	MiniBatch:    4
02/25/2021 05:15:44 - INFO - __main__ -   	EPOCH:  25	MiniBatch:    5
02/25/2021 05:15:45 - INFO - __main__ -   	EPOCH:  25	MiniBatch:    6
02/25/2021 05:15:46 - INFO - __main__ -   	EPOCH:  25	MiniBatch:    7
02/25/2021 05:15:47 - INFO - __main__ -   	EPOCH:  25	MiniBatch:    8
02/25/2021 05:15:48 - INFO - __main__ -   	EPOCH:  25	MiniBatch:    9
02/25/2021 05:15:49 - INFO - __main__ -   	EPOCH:  25	MiniBatch:   10
02/25/2021 05:15:50 - INFO - __main__ -   	Testing dev Minibatch:    0
02/25/2021 05:15:50 - INFO - __main__ -   	Testing dev Minibatch:    1
02/25/2021 05:15:50 - INFO - __main__ -   	Testing dev Minibatch:    2
02/25/2021 05:15:51 - INFO - __main__ -   	Testing dev Minibatch:    3
02/25/2021 05:15:51 - INFO - __main__ -   
Labels 	Prec. 	Recall	F1    	Supp  
Denial 	0.5490	0.8029	0.6521	279
Support	0.5714	0.5536	0.5624	289
Comment	0.5904	0.3936	0.4723	249
Queries	0.0000	0.0000	0.0000	37
MacroF1	0.4217
F1w_avg	0.5411
Acc    	56.4

02/25/2021 05:15:51 - INFO - __main__ -   	EPOCH:  26	MiniBatch:    0
02/25/2021 05:15:52 - INFO - __main__ -   	EPOCH:  26	MiniBatch:    1
02/25/2021 05:15:53 - INFO - __main__ -   	EPOCH:  26	MiniBatch:    2
02/25/2021 05:15:54 - INFO - __main__ -   	EPOCH:  26	MiniBatch:    3
02/25/2021 05:15:55 - INFO - __main__ -   	EPOCH:  26	MiniBatch:    4
02/25/2021 05:15:56 - INFO - __main__ -   	EPOCH:  26	MiniBatch:    5
02/25/2021 05:15:57 - INFO - __main__ -   	EPOCH:  26	MiniBatch:    6
02/25/2021 05:15:58 - INFO - __main__ -   	EPOCH:  26	MiniBatch:    7
02/25/2021 05:15:59 - INFO - __main__ -   	EPOCH:  26	MiniBatch:    8
02/25/2021 05:16:00 - INFO - __main__ -   	EPOCH:  26	MiniBatch:    9
02/25/2021 05:16:01 - INFO - __main__ -   	EPOCH:  26	MiniBatch:   10
02/25/2021 05:16:02 - INFO - __main__ -   	Testing dev Minibatch:    0
02/25/2021 05:16:02 - INFO - __main__ -   	Testing dev Minibatch:    1
02/25/2021 05:16:02 - INFO - __main__ -   	Testing dev Minibatch:    2
02/25/2021 05:16:03 - INFO - __main__ -   	Testing dev Minibatch:    3
02/25/2021 05:16:03 - INFO - __main__ -   
Labels 	Prec. 	Recall	F1    	Supp  
Denial 	0.6473	0.6774	0.6620	279
Support	0.5519	0.6436	0.5942	289
Comment	0.5467	0.4940	0.5190	249
Queries	0.0000	0.0000	0.0000	37
MacroF1	0.4438
F1w_avg	0.5687
Acc    	58.3

02/25/2021 05:16:05 - INFO - __main__ -   	EPOCH:  27	MiniBatch:    0
02/25/2021 05:16:06 - INFO - __main__ -   	EPOCH:  27	MiniBatch:    1
02/25/2021 05:16:07 - INFO - __main__ -   	EPOCH:  27	MiniBatch:    2
02/25/2021 05:16:08 - INFO - __main__ -   	EPOCH:  27	MiniBatch:    3
02/25/2021 05:16:09 - INFO - __main__ -   	EPOCH:  27	MiniBatch:    4
02/25/2021 05:16:10 - INFO - __main__ -   	EPOCH:  27	MiniBatch:    5
02/25/2021 05:16:11 - INFO - __main__ -   	EPOCH:  27	MiniBatch:    6
02/25/2021 05:16:12 - INFO - __main__ -   	EPOCH:  27	MiniBatch:    7
02/25/2021 05:16:13 - INFO - __main__ -   	EPOCH:  27	MiniBatch:    8
02/25/2021 05:16:14 - INFO - __main__ -   	EPOCH:  27	MiniBatch:    9
02/25/2021 05:16:15 - INFO - __main__ -   	EPOCH:  27	MiniBatch:   10
02/25/2021 05:16:15 - INFO - __main__ -   	Testing dev Minibatch:    0
02/25/2021 05:16:16 - INFO - __main__ -   	Testing dev Minibatch:    1
02/25/2021 05:16:16 - INFO - __main__ -   	Testing dev Minibatch:    2
02/25/2021 05:16:16 - INFO - __main__ -   	Testing dev Minibatch:    3
02/25/2021 05:16:17 - INFO - __main__ -   
Labels 	Prec. 	Recall	F1    	Supp  
Denial 	0.5011	0.8459	0.6293	279
Support	0.5936	0.4498	0.5118	289
Comment	0.5915	0.3896	0.4697	249
Queries	0.0000	0.0000	0.0000	37
MacroF1	0.4027
F1w_avg	0.5158
Acc    	54.2

02/25/2021 05:16:17 - INFO - __main__ -   	EPOCH:  28	MiniBatch:    0
02/25/2021 05:16:18 - INFO - __main__ -   	EPOCH:  28	MiniBatch:    1
02/25/2021 05:16:19 - INFO - __main__ -   	EPOCH:  28	MiniBatch:    2
02/25/2021 05:16:20 - INFO - __main__ -   	EPOCH:  28	MiniBatch:    3
02/25/2021 05:16:21 - INFO - __main__ -   	EPOCH:  28	MiniBatch:    4
02/25/2021 05:16:22 - INFO - __main__ -   	EPOCH:  28	MiniBatch:    5
02/25/2021 05:16:23 - INFO - __main__ -   	EPOCH:  28	MiniBatch:    6
02/25/2021 05:16:24 - INFO - __main__ -   	EPOCH:  28	MiniBatch:    7
02/25/2021 05:16:25 - INFO - __main__ -   	EPOCH:  28	MiniBatch:    8
02/25/2021 05:16:26 - INFO - __main__ -   	EPOCH:  28	MiniBatch:    9
02/25/2021 05:16:27 - INFO - __main__ -   	EPOCH:  28	MiniBatch:   10
02/25/2021 05:16:27 - INFO - __main__ -   	Testing dev Minibatch:    0
02/25/2021 05:16:28 - INFO - __main__ -   	Testing dev Minibatch:    1
02/25/2021 05:16:28 - INFO - __main__ -   	Testing dev Minibatch:    2
02/25/2021 05:16:28 - INFO - __main__ -   	Testing dev Minibatch:    3
02/25/2021 05:16:29 - INFO - __main__ -   
Labels 	Prec. 	Recall	F1    	Supp  
Denial 	0.6050	0.7742	0.6792	279
Support	0.5914	0.6159	0.6034	289
Comment	0.5612	0.4418	0.4944	249
Queries	0.0000	0.0000	0.0000	37
MacroF1	0.4443
F1w_avg	0.5702
Acc    	59.0

02/25/2021 05:16:30 - INFO - __main__ -   	EPOCH:  29	MiniBatch:    0
02/25/2021 05:16:32 - INFO - __main__ -   	EPOCH:  29	MiniBatch:    1
02/25/2021 05:16:33 - INFO - __main__ -   	EPOCH:  29	MiniBatch:    2
02/25/2021 05:16:34 - INFO - __main__ -   	EPOCH:  29	MiniBatch:    3
02/25/2021 05:16:35 - INFO - __main__ -   	EPOCH:  29	MiniBatch:    4
02/25/2021 05:16:36 - INFO - __main__ -   	EPOCH:  29	MiniBatch:    5
02/25/2021 05:16:37 - INFO - __main__ -   	EPOCH:  29	MiniBatch:    6
02/25/2021 05:16:38 - INFO - __main__ -   	EPOCH:  29	MiniBatch:    7
02/25/2021 05:16:39 - INFO - __main__ -   	EPOCH:  29	MiniBatch:    8
02/25/2021 05:16:40 - INFO - __main__ -   	EPOCH:  29	MiniBatch:    9
02/25/2021 05:16:41 - INFO - __main__ -   	EPOCH:  29	MiniBatch:   10
02/25/2021 05:16:41 - INFO - __main__ -   	Testing dev Minibatch:    0
02/25/2021 05:16:41 - INFO - __main__ -   	Testing dev Minibatch:    1
02/25/2021 05:16:42 - INFO - __main__ -   	Testing dev Minibatch:    2
02/25/2021 05:16:42 - INFO - __main__ -   	Testing dev Minibatch:    3
02/25/2021 05:16:42 - INFO - __main__ -   
Labels 	Prec. 	Recall	F1    	Supp  
Denial 	0.5730	0.7455	0.6480	279
Support	0.5960	0.5156	0.5529	289
Comment	0.5311	0.5141	0.5224	249
Queries	0.0000	0.0000	0.0000	37
MacroF1	0.4308
F1w_avg	0.5511
Acc    	56.8

02/25/2021 05:16:43 - INFO - __main__ -   	EPOCH:  30	MiniBatch:    0
02/25/2021 05:16:44 - INFO - __main__ -   	EPOCH:  30	MiniBatch:    1
02/25/2021 05:16:45 - INFO - __main__ -   	EPOCH:  30	MiniBatch:    2
02/25/2021 05:16:46 - INFO - __main__ -   	EPOCH:  30	MiniBatch:    3
02/25/2021 05:16:47 - INFO - __main__ -   	EPOCH:  30	MiniBatch:    4
02/25/2021 05:16:48 - INFO - __main__ -   	EPOCH:  30	MiniBatch:    5
02/25/2021 05:16:49 - INFO - __main__ -   	EPOCH:  30	MiniBatch:    6
02/25/2021 05:16:50 - INFO - __main__ -   	EPOCH:  30	MiniBatch:    7
02/25/2021 05:16:51 - INFO - __main__ -   	EPOCH:  30	MiniBatch:    8
02/25/2021 05:16:52 - INFO - __main__ -   	EPOCH:  30	MiniBatch:    9
02/25/2021 05:16:53 - INFO - __main__ -   	EPOCH:  30	MiniBatch:   10
02/25/2021 05:16:53 - INFO - __main__ -   	Testing dev Minibatch:    0
02/25/2021 05:16:53 - INFO - __main__ -   	Testing dev Minibatch:    1
02/25/2021 05:16:54 - INFO - __main__ -   	Testing dev Minibatch:    2
02/25/2021 05:16:54 - INFO - __main__ -   	Testing dev Minibatch:    3
02/25/2021 05:16:54 - INFO - __main__ -   
Labels 	Prec. 	Recall	F1    	Supp  
Denial 	0.5973	0.7921	0.6810	279
Support	0.6035	0.5952	0.5993	289
Comment	0.5528	0.4418	0.4911	249
Queries	0.0000	0.0000	0.0000	37
MacroF1	0.4429
F1w_avg	0.5685
Acc    	58.9

02/25/2021 05:16:55 - INFO - __main__ -   	EPOCH:  31	MiniBatch:    0
02/25/2021 05:16:56 - INFO - __main__ -   	EPOCH:  31	MiniBatch:    1
02/25/2021 05:16:57 - INFO - __main__ -   	EPOCH:  31	MiniBatch:    2
02/25/2021 05:16:58 - INFO - __main__ -   	EPOCH:  31	MiniBatch:    3
02/25/2021 05:16:59 - INFO - __main__ -   	EPOCH:  31	MiniBatch:    4
02/25/2021 05:17:00 - INFO - __main__ -   	EPOCH:  31	MiniBatch:    5
02/25/2021 05:17:01 - INFO - __main__ -   	EPOCH:  31	MiniBatch:    6
02/25/2021 05:17:02 - INFO - __main__ -   	EPOCH:  31	MiniBatch:    7
02/25/2021 05:17:03 - INFO - __main__ -   	EPOCH:  31	MiniBatch:    8
02/25/2021 05:17:04 - INFO - __main__ -   	EPOCH:  31	MiniBatch:    9
02/25/2021 05:17:05 - INFO - __main__ -   	EPOCH:  31	MiniBatch:   10
02/25/2021 05:17:05 - INFO - __main__ -   	Testing dev Minibatch:    0
02/25/2021 05:17:05 - INFO - __main__ -   	Testing dev Minibatch:    1
02/25/2021 05:17:06 - INFO - __main__ -   	Testing dev Minibatch:    2
02/25/2021 05:17:06 - INFO - __main__ -   	Testing dev Minibatch:    3
02/25/2021 05:17:06 - INFO - __main__ -   
Labels 	Prec. 	Recall	F1    	Supp  
Denial 	0.5231	0.8530	0.6485	279
Support	0.6188	0.4775	0.5391	289
Comment	0.5739	0.4056	0.4753	249
Queries	0.0000	0.0000	0.0000	37
MacroF1	0.4157
F1w_avg	0.5329
Acc    	55.9

02/25/2021 05:17:07 - INFO - __main__ -   	EPOCH:  32	MiniBatch:    0
02/25/2021 05:17:08 - INFO - __main__ -   	EPOCH:  32	MiniBatch:    1
02/25/2021 05:17:09 - INFO - __main__ -   	EPOCH:  32	MiniBatch:    2
02/25/2021 05:17:10 - INFO - __main__ -   	EPOCH:  32	MiniBatch:    3
02/25/2021 05:17:11 - INFO - __main__ -   	EPOCH:  32	MiniBatch:    4
02/25/2021 05:17:12 - INFO - __main__ -   	EPOCH:  32	MiniBatch:    5
02/25/2021 05:17:13 - INFO - __main__ -   	EPOCH:  32	MiniBatch:    6
02/25/2021 05:17:14 - INFO - __main__ -   	EPOCH:  32	MiniBatch:    7
02/25/2021 05:17:15 - INFO - __main__ -   	EPOCH:  32	MiniBatch:    8
02/25/2021 05:17:16 - INFO - __main__ -   	EPOCH:  32	MiniBatch:    9
02/25/2021 05:17:17 - INFO - __main__ -   	EPOCH:  32	MiniBatch:   10
02/25/2021 05:17:17 - INFO - __main__ -   	Testing dev Minibatch:    0
02/25/2021 05:17:17 - INFO - __main__ -   	Testing dev Minibatch:    1
02/25/2021 05:17:18 - INFO - __main__ -   	Testing dev Minibatch:    2
02/25/2021 05:17:18 - INFO - __main__ -   	Testing dev Minibatch:    3
02/25/2021 05:17:18 - INFO - __main__ -   
Labels 	Prec. 	Recall	F1    	Supp  
Denial 	0.5282	0.8387	0.6482	279
Support	0.6087	0.4844	0.5395	289
Comment	0.5525	0.4016	0.4651	249
Queries	0.0000	0.0000	0.0000	37
MacroF1	0.4132
F1w_avg	0.5299
Acc    	55.5

02/25/2021 05:17:19 - INFO - __main__ -   	EPOCH:  33	MiniBatch:    0
02/25/2021 05:17:20 - INFO - __main__ -   	EPOCH:  33	MiniBatch:    1
02/25/2021 05:17:21 - INFO - __main__ -   	EPOCH:  33	MiniBatch:    2
02/25/2021 05:17:22 - INFO - __main__ -   	EPOCH:  33	MiniBatch:    3
02/25/2021 05:17:23 - INFO - __main__ -   	EPOCH:  33	MiniBatch:    4
02/25/2021 05:17:24 - INFO - __main__ -   	EPOCH:  33	MiniBatch:    5
02/25/2021 05:17:25 - INFO - __main__ -   	EPOCH:  33	MiniBatch:    6
02/25/2021 05:17:26 - INFO - __main__ -   	EPOCH:  33	MiniBatch:    7
02/25/2021 05:17:27 - INFO - __main__ -   	EPOCH:  33	MiniBatch:    8
02/25/2021 05:17:28 - INFO - __main__ -   	EPOCH:  33	MiniBatch:    9
02/25/2021 05:17:29 - INFO - __main__ -   	EPOCH:  33	MiniBatch:   10
02/25/2021 05:17:29 - INFO - __main__ -   	Testing dev Minibatch:    0
02/25/2021 05:17:29 - INFO - __main__ -   	Testing dev Minibatch:    1
02/25/2021 05:17:30 - INFO - __main__ -   	Testing dev Minibatch:    2
02/25/2021 05:17:30 - INFO - __main__ -   	Testing dev Minibatch:    3
02/25/2021 05:17:30 - INFO - __main__ -   
Labels 	Prec. 	Recall	F1    	Supp  
Denial 	0.4990	0.8853	0.6382	279
Support	0.6440	0.4256	0.5125	289
Comment	0.5893	0.3976	0.4748	249
Queries	0.0000	0.0000	0.0000	37
MacroF1	0.4064
F1w_avg	0.5204
Acc    	54.9

02/25/2021 05:17:31 - INFO - __main__ -   	EPOCH:  34	MiniBatch:    0
02/25/2021 05:17:32 - INFO - __main__ -   	EPOCH:  34	MiniBatch:    1
02/25/2021 05:17:33 - INFO - __main__ -   	EPOCH:  34	MiniBatch:    2
02/25/2021 05:17:34 - INFO - __main__ -   	EPOCH:  34	MiniBatch:    3
02/25/2021 05:17:35 - INFO - __main__ -   	EPOCH:  34	MiniBatch:    4
02/25/2021 05:17:36 - INFO - __main__ -   	EPOCH:  34	MiniBatch:    5
02/25/2021 05:17:37 - INFO - __main__ -   	EPOCH:  34	MiniBatch:    6
02/25/2021 05:17:38 - INFO - __main__ -   	EPOCH:  34	MiniBatch:    7
02/25/2021 05:17:39 - INFO - __main__ -   	EPOCH:  34	MiniBatch:    8
02/25/2021 05:17:40 - INFO - __main__ -   	EPOCH:  34	MiniBatch:    9
02/25/2021 05:17:41 - INFO - __main__ -   	EPOCH:  34	MiniBatch:   10
02/25/2021 05:17:41 - INFO - __main__ -   	Testing dev Minibatch:    0
02/25/2021 05:17:41 - INFO - __main__ -   	Testing dev Minibatch:    1
02/25/2021 05:17:42 - INFO - __main__ -   	Testing dev Minibatch:    2
02/25/2021 05:17:42 - INFO - __main__ -   	Testing dev Minibatch:    3
02/25/2021 05:17:42 - INFO - __main__ -   
Labels 	Prec. 	Recall	F1    	Supp  
Denial 	0.5487	0.7670	0.6398	279
Support	0.5685	0.4879	0.5251	289
Comment	0.5139	0.4458	0.4774	249
Queries	0.0000	0.0000	0.0000	37
MacroF1	0.4106
F1w_avg	0.5259
Acc    	54.6

02/25/2021 05:17:43 - INFO - __main__ -   	EPOCH:  35	MiniBatch:    0
02/25/2021 05:17:44 - INFO - __main__ -   	EPOCH:  35	MiniBatch:    1
02/25/2021 05:17:45 - INFO - __main__ -   	EPOCH:  35	MiniBatch:    2
02/25/2021 05:17:46 - INFO - __main__ -   	EPOCH:  35	MiniBatch:    3
02/25/2021 05:17:47 - INFO - __main__ -   	EPOCH:  35	MiniBatch:    4
02/25/2021 05:17:48 - INFO - __main__ -   	EPOCH:  35	MiniBatch:    5
02/25/2021 05:17:49 - INFO - __main__ -   	EPOCH:  35	MiniBatch:    6
02/25/2021 05:17:50 - INFO - __main__ -   	EPOCH:  35	MiniBatch:    7
02/25/2021 05:17:51 - INFO - __main__ -   	EPOCH:  35	MiniBatch:    8
02/25/2021 05:17:52 - INFO - __main__ -   	EPOCH:  35	MiniBatch:    9
02/25/2021 05:17:53 - INFO - __main__ -   	EPOCH:  35	MiniBatch:   10
02/25/2021 05:17:53 - INFO - __main__ -   	Testing dev Minibatch:    0
02/25/2021 05:17:54 - INFO - __main__ -   	Testing dev Minibatch:    1
02/25/2021 05:17:54 - INFO - __main__ -   	Testing dev Minibatch:    2
02/25/2021 05:17:54 - INFO - __main__ -   	Testing dev Minibatch:    3
02/25/2021 05:17:54 - INFO - __main__ -   
Labels 	Prec. 	Recall	F1    	Supp  
Denial 	0.5983	0.7527	0.6667	279
Support	0.6042	0.5017	0.5482	289
Comment	0.5095	0.5382	0.5234	249
Queries	0.0000	0.0000	0.0000	37
MacroF1	0.4346
F1w_avg	0.5559
Acc    	57.3

02/25/2021 05:17:55 - INFO - __main__ -   	EPOCH:  36	MiniBatch:    0
02/25/2021 05:17:56 - INFO - __main__ -   	EPOCH:  36	MiniBatch:    1
02/25/2021 05:17:57 - INFO - __main__ -   	EPOCH:  36	MiniBatch:    2
02/25/2021 05:17:58 - INFO - __main__ -   	EPOCH:  36	MiniBatch:    3
02/25/2021 05:17:59 - INFO - __main__ -   	EPOCH:  36	MiniBatch:    4
02/25/2021 05:18:00 - INFO - __main__ -   	EPOCH:  36	MiniBatch:    5
02/25/2021 05:18:01 - INFO - __main__ -   	EPOCH:  36	MiniBatch:    6
02/25/2021 05:18:02 - INFO - __main__ -   	EPOCH:  36	MiniBatch:    7
02/25/2021 05:18:03 - INFO - __main__ -   	EPOCH:  36	MiniBatch:    8
02/25/2021 05:18:04 - INFO - __main__ -   	EPOCH:  36	MiniBatch:    9
02/25/2021 05:18:05 - INFO - __main__ -   	EPOCH:  36	MiniBatch:   10
02/25/2021 05:18:05 - INFO - __main__ -   	Testing dev Minibatch:    0
02/25/2021 05:18:06 - INFO - __main__ -   	Testing dev Minibatch:    1
02/25/2021 05:18:06 - INFO - __main__ -   	Testing dev Minibatch:    2
02/25/2021 05:18:06 - INFO - __main__ -   	Testing dev Minibatch:    3
02/25/2021 05:18:07 - INFO - __main__ -   
Labels 	Prec. 	Recall	F1    	Supp  
Denial 	0.5619	0.7814	0.6537	279
Support	0.6243	0.3910	0.4809	289
Comment	0.4912	0.5622	0.5243	249
Queries	0.0000	0.0000	0.0000	37
MacroF1	0.4147
F1w_avg	0.5292
Acc    	55.2

02/25/2021 05:18:07 - INFO - __main__ -   	EPOCH:  37	MiniBatch:    0
02/25/2021 05:18:08 - INFO - __main__ -   	EPOCH:  37	MiniBatch:    1
02/25/2021 05:18:09 - INFO - __main__ -   	EPOCH:  37	MiniBatch:    2
02/25/2021 05:18:10 - INFO - __main__ -   	EPOCH:  37	MiniBatch:    3
02/25/2021 05:18:11 - INFO - __main__ -   	EPOCH:  37	MiniBatch:    4
02/25/2021 05:18:12 - INFO - __main__ -   	EPOCH:  37	MiniBatch:    5
02/25/2021 05:18:13 - INFO - __main__ -   	EPOCH:  37	MiniBatch:    6
02/25/2021 05:18:14 - INFO - __main__ -   	EPOCH:  37	MiniBatch:    7
02/25/2021 05:18:15 - INFO - __main__ -   	EPOCH:  37	MiniBatch:    8
02/25/2021 05:18:16 - INFO - __main__ -   	EPOCH:  37	MiniBatch:    9
02/25/2021 05:18:17 - INFO - __main__ -   	EPOCH:  37	MiniBatch:   10
02/25/2021 05:18:17 - INFO - __main__ -   	Testing dev Minibatch:    0
02/25/2021 05:18:18 - INFO - __main__ -   	Testing dev Minibatch:    1
02/25/2021 05:18:18 - INFO - __main__ -   	Testing dev Minibatch:    2
02/25/2021 05:18:18 - INFO - __main__ -   	Testing dev Minibatch:    3
02/25/2021 05:18:19 - INFO - __main__ -   
Labels 	Prec. 	Recall	F1    	Supp  
Denial 	0.5461	0.8495	0.6648	279
Support	0.6135	0.4394	0.5121	289
Comment	0.5634	0.4819	0.5195	249
Queries	0.0000	0.0000	0.0000	37
MacroF1	0.4241
F1w_avg	0.5419
Acc    	56.7

02/25/2021 05:18:19 - INFO - __main__ -   	EPOCH:  38	MiniBatch:    0
02/25/2021 05:18:20 - INFO - __main__ -   	EPOCH:  38	MiniBatch:    1
02/25/2021 05:18:21 - INFO - __main__ -   	EPOCH:  38	MiniBatch:    2
02/25/2021 05:18:22 - INFO - __main__ -   	EPOCH:  38	MiniBatch:    3
02/25/2021 05:18:23 - INFO - __main__ -   	EPOCH:  38	MiniBatch:    4
02/25/2021 05:18:24 - INFO - __main__ -   	EPOCH:  38	MiniBatch:    5
02/25/2021 05:18:25 - INFO - __main__ -   	EPOCH:  38	MiniBatch:    6
02/25/2021 05:18:26 - INFO - __main__ -   	EPOCH:  38	MiniBatch:    7
02/25/2021 05:18:27 - INFO - __main__ -   	EPOCH:  38	MiniBatch:    8
02/25/2021 05:18:28 - INFO - __main__ -   	EPOCH:  38	MiniBatch:    9
02/25/2021 05:18:29 - INFO - __main__ -   	EPOCH:  38	MiniBatch:   10
02/25/2021 05:18:29 - INFO - __main__ -   	Testing dev Minibatch:    0
02/25/2021 05:18:30 - INFO - __main__ -   	Testing dev Minibatch:    1
02/25/2021 05:18:30 - INFO - __main__ -   	Testing dev Minibatch:    2
02/25/2021 05:18:30 - INFO - __main__ -   	Testing dev Minibatch:    3
02/25/2021 05:18:31 - INFO - __main__ -   
Labels 	Prec. 	Recall	F1    	Supp  
Denial 	0.4800	0.9032	0.6269	279
Support	0.6294	0.4291	0.5103	289
Comment	0.6439	0.3414	0.4462	249
Queries	0.0000	0.0000	0.0000	37
MacroF1	0.3958
F1w_avg	0.5076
Acc    	54.0

02/25/2021 05:18:31 - INFO - __main__ -   	EPOCH:  39	MiniBatch:    0
02/25/2021 05:18:32 - INFO - __main__ -   	EPOCH:  39	MiniBatch:    1
02/25/2021 05:18:33 - INFO - __main__ -   	EPOCH:  39	MiniBatch:    2
02/25/2021 05:18:34 - INFO - __main__ -   	EPOCH:  39	MiniBatch:    3
02/25/2021 05:18:35 - INFO - __main__ -   	EPOCH:  39	MiniBatch:    4
02/25/2021 05:18:36 - INFO - __main__ -   	EPOCH:  39	MiniBatch:    5
02/25/2021 05:18:37 - INFO - __main__ -   	EPOCH:  39	MiniBatch:    6
02/25/2021 05:18:38 - INFO - __main__ -   	EPOCH:  39	MiniBatch:    7
02/25/2021 05:18:39 - INFO - __main__ -   	EPOCH:  39	MiniBatch:    8
02/25/2021 05:18:40 - INFO - __main__ -   	EPOCH:  39	MiniBatch:    9
02/25/2021 05:18:41 - INFO - __main__ -   	EPOCH:  39	MiniBatch:   10
02/25/2021 05:18:41 - INFO - __main__ -   	Testing dev Minibatch:    0
02/25/2021 05:18:42 - INFO - __main__ -   	Testing dev Minibatch:    1
02/25/2021 05:18:42 - INFO - __main__ -   	Testing dev Minibatch:    2
02/25/2021 05:18:43 - INFO - __main__ -   	Testing dev Minibatch:    3
02/25/2021 05:18:43 - INFO - __main__ -   
Labels 	Prec. 	Recall	F1    	Supp  
Denial 	0.5597	0.7563	0.6433	279
Support	0.5875	0.4879	0.5331	289
Comment	0.5232	0.4980	0.5103	249
Queries	0.0000	0.0000	0.0000	37
MacroF1	0.4217
F1w_avg	0.5393
Acc    	55.7

02/25/2021 05:18:44 - INFO - __main__ -   	Testing test Minibatch:    0
02/25/2021 05:18:44 - INFO - __main__ -   	Testing test Minibatch:    1
02/25/2021 05:18:44 - INFO - __main__ -   	Testing test Minibatch:    2
02/25/2021 05:18:45 - INFO - __main__ -   	Testing test Minibatch:    3
02/25/2021 05:18:45 - INFO - __main__ -   
Labels 	Prec. 	Recall	F1    	Supp  
Denial 	0.6243	0.6901	0.6555	313
Support	0.5442	0.6061	0.5735	264
Comment	0.5841	0.5020	0.5400	249
Queries	0.0000	0.0000	0.0000	28
MacroF1	0.4422
F1w_avg	0.5750
Acc    	58.7

02/25/2021 05:18:45 - INFO - __main__ -   Time taken: 0h 8m 38s
