02/25/2021 13:59:44 - INFO - __main__ -   ----------------- Hyperparameters ------------------
02/25/2021 13:59:44 - INFO - __main__ -   ======== my_Bertweet =========
02/25/2021 13:59:44 - INFO - __main__ -   ===== Hyperparameters ======
02/25/2021 13:59:44 - INFO - __main__ -   ('batch_train', 200)
02/25/2021 13:59:44 - INFO - __main__ -   ('batch_test', 200)
02/25/2021 13:59:44 - INFO - __main__ -   ('epochs', 100)
02/25/2021 13:59:44 - INFO - __main__ -   ('learning_rate', 1e-05)
02/25/2021 13:59:44 - INFO - __main__ -   ('optimizer', 'adam')
02/25/2021 13:59:44 - INFO - __main__ -   ('do_train', True)
02/25/2021 13:59:44 - INFO - __main__ -   ('do_test', True)
02/25/2021 13:59:44 - INFO - __main__ -   ('model_name', 'my_Bertweet')
02/25/2021 13:59:44 - INFO - __main__ -   ('exp_name', 'exp39')
02/25/2021 13:59:44 - INFO - __main__ -   ('train_data', './data/train_set_128_bertweet.bin')
02/25/2021 13:59:44 - INFO - __main__ -   ('test_data', './data/test_set_128_bertweet.bin')
02/25/2021 13:59:44 - INFO - __main__ -   ('k_folds', 4)
02/25/2021 13:59:44 - INFO - __main__ -   ('folds2run', 1)
02/25/2021 13:59:44 - INFO - __main__ -   ('debug', False)
02/25/2021 13:59:44 - INFO - __main__ -   ('log_interval', 1)
02/25/2021 13:59:44 - INFO - __main__ -   ('loss_fn', 'ce_loss')
02/25/2021 13:59:44 - INFO - __main__ -   ('w_sample', True)
02/25/2021 13:59:44 - INFO - __main__ -   ('pretrain_model', '')
02/25/2021 13:59:44 - INFO - __main__ -   ('epochs2giveup', 20)
02/25/2021 13:59:44 - INFO - __main__ -   batch_train: 200
02/25/2021 13:59:44 - INFO - __main__ -   batch_test:  200
02/25/2021 13:59:44 - INFO - __main__ -   epochs: 100 
02/25/2021 13:59:44 - INFO - __main__ -   learning_rate: 0.000010
02/25/2021 13:59:44 - INFO - __main__ -   optimizer: adam
02/25/2021 13:59:44 - INFO - __main__ -   debug: False
02/25/2021 13:59:44 - INFO - __main__ -   ------------------ Getting model -------------------
02/25/2021 13:59:51 - INFO - __main__ -   --------------- Getting dataframes -----------------
02/25/2021 13:59:51 - INFO - __main__ -   ------- Setting loss function and optimizer --------
02/25/2021 13:59:51 - INFO - __main__ -   ------------ Converting to dataloaders -------------
02/25/2021 13:59:51 - INFO - __main__ -   956
02/25/2021 13:59:51 - INFO - __main__ -   816
02/25/2021 13:59:51 - INFO - __main__ -   706
02/25/2021 13:59:51 - INFO - __main__ -   85
02/25/2021 13:59:51 - INFO - __main__ -   ---------------- Starting training -----------------
02/25/2021 13:59:51 - INFO - __main__ -   	EPOCH:   0	MiniBatch:    0
02/25/2021 13:59:55 - INFO - __main__ -   	EPOCH:   0	MiniBatch:    1
02/25/2021 13:59:55 - INFO - __main__ -   	EPOCH:   0	MiniBatch:    2
02/25/2021 13:59:56 - INFO - __main__ -   	EPOCH:   0	MiniBatch:    3
02/25/2021 13:59:57 - INFO - __main__ -   	EPOCH:   0	MiniBatch:    4
02/25/2021 13:59:58 - INFO - __main__ -   	EPOCH:   0	MiniBatch:    5
02/25/2021 13:59:59 - INFO - __main__ -   	EPOCH:   0	MiniBatch:    6
02/25/2021 13:59:59 - INFO - __main__ -   	EPOCH:   0	MiniBatch:    7
02/25/2021 14:00:00 - INFO - __main__ -   	EPOCH:   0	MiniBatch:    8
02/25/2021 14:00:01 - INFO - __main__ -   	EPOCH:   0	MiniBatch:    9
02/25/2021 14:00:02 - INFO - __main__ -   	EPOCH:   0	MiniBatch:   10
02/25/2021 14:00:03 - INFO - __main__ -   	EPOCH:   0	MiniBatch:   11
02/25/2021 14:00:04 - INFO - __main__ -   	EPOCH:   0	MiniBatch:   12
02/25/2021 14:00:04 - INFO - __main__ -   	Testing dev Minibatch:    0
02/25/2021 14:00:05 - INFO - __main__ -   	Testing dev Minibatch:    1
02/25/2021 14:00:05 - INFO - __main__ -   	Testing dev Minibatch:    2
02/25/2021 14:00:05 - INFO - __main__ -   	Testing dev Minibatch:    3
02/25/2021 14:00:06 - INFO - __main__ -   	Testing dev Minibatch:    4
02/25/2021 14:00:06 - INFO - __main__ -   
Labels 	Prec. 	Recall	F1    	Supp  
Denial 	0.3519	0.0681	0.1141	279
Support	0.3867	0.8028	0.5219	289
Comment	0.0000	0.0000	0.0000	249
Queries	0.0650	0.3514	0.1097	37
MacroF1	0.1864
F1w_avg	0.2187
Acc    	30.9

02/25/2021 14:00:06 - INFO - __main__ -   	EPOCH:   1	MiniBatch:    0
02/25/2021 14:00:07 - INFO - __main__ -   	EPOCH:   1	MiniBatch:    1
02/25/2021 14:00:08 - INFO - __main__ -   	EPOCH:   1	MiniBatch:    2
02/25/2021 14:00:09 - INFO - __main__ -   	EPOCH:   1	MiniBatch:    3
02/25/2021 14:00:10 - INFO - __main__ -   	EPOCH:   1	MiniBatch:    4
02/25/2021 14:00:11 - INFO - __main__ -   	EPOCH:   1	MiniBatch:    5
02/25/2021 14:00:11 - INFO - __main__ -   	EPOCH:   1	MiniBatch:    6
02/25/2021 14:00:12 - INFO - __main__ -   	EPOCH:   1	MiniBatch:    7
02/25/2021 14:00:13 - INFO - __main__ -   	EPOCH:   1	MiniBatch:    8
02/25/2021 14:00:14 - INFO - __main__ -   	EPOCH:   1	MiniBatch:    9
02/25/2021 14:00:15 - INFO - __main__ -   	EPOCH:   1	MiniBatch:   10
02/25/2021 14:00:16 - INFO - __main__ -   	EPOCH:   1	MiniBatch:   11
02/25/2021 14:00:16 - INFO - __main__ -   	EPOCH:   1	MiniBatch:   12
02/25/2021 14:00:17 - INFO - __main__ -   	Testing dev Minibatch:    0
02/25/2021 14:00:18 - INFO - __main__ -   	Testing dev Minibatch:    1
02/25/2021 14:00:18 - INFO - __main__ -   	Testing dev Minibatch:    2
02/25/2021 14:00:18 - INFO - __main__ -   	Testing dev Minibatch:    3
02/25/2021 14:00:18 - INFO - __main__ -   	Testing dev Minibatch:    4
02/25/2021 14:00:19 - INFO - __main__ -   
Labels 	Prec. 	Recall	F1    	Supp  
Denial 	0.4608	0.1685	0.2467	279
Support	0.4635	0.5709	0.5116	289
Comment	0.4266	0.3735	0.3983	249
Queries	0.0730	0.3514	0.1209	37
MacroF1	0.3194
F1w_avg	0.3751
Acc    	37.2

02/25/2021 14:00:20 - INFO - __main__ -   	EPOCH:   2	MiniBatch:    0
02/25/2021 14:00:21 - INFO - __main__ -   	EPOCH:   2	MiniBatch:    1
02/25/2021 14:00:22 - INFO - __main__ -   	EPOCH:   2	MiniBatch:    2
02/25/2021 14:00:23 - INFO - __main__ -   	EPOCH:   2	MiniBatch:    3
02/25/2021 14:00:24 - INFO - __main__ -   	EPOCH:   2	MiniBatch:    4
02/25/2021 14:00:25 - INFO - __main__ -   	EPOCH:   2	MiniBatch:    5
02/25/2021 14:00:25 - INFO - __main__ -   	EPOCH:   2	MiniBatch:    6
02/25/2021 14:00:26 - INFO - __main__ -   	EPOCH:   2	MiniBatch:    7
02/25/2021 14:00:27 - INFO - __main__ -   	EPOCH:   2	MiniBatch:    8
02/25/2021 14:00:28 - INFO - __main__ -   	EPOCH:   2	MiniBatch:    9
02/25/2021 14:00:29 - INFO - __main__ -   	EPOCH:   2	MiniBatch:   10
02/25/2021 14:00:30 - INFO - __main__ -   	EPOCH:   2	MiniBatch:   11
02/25/2021 14:00:30 - INFO - __main__ -   	EPOCH:   2	MiniBatch:   12
02/25/2021 14:00:31 - INFO - __main__ -   	Testing dev Minibatch:    0
02/25/2021 14:00:32 - INFO - __main__ -   	Testing dev Minibatch:    1
02/25/2021 14:00:32 - INFO - __main__ -   	Testing dev Minibatch:    2
02/25/2021 14:00:32 - INFO - __main__ -   	Testing dev Minibatch:    3
02/25/2021 14:00:32 - INFO - __main__ -   	Testing dev Minibatch:    4
02/25/2021 14:00:33 - INFO - __main__ -   
Labels 	Prec. 	Recall	F1    	Supp  
Denial 	0.4099	0.2366	0.3000	279
Support	0.4734	0.6471	0.5468	289
Comment	0.6667	0.0080	0.0159	249
Queries	0.0678	0.5405	0.1205	37
MacroF1	0.2458
F1w_avg	0.2929
Acc    	32.2

02/25/2021 14:00:33 - INFO - __main__ -   	EPOCH:   3	MiniBatch:    0
02/25/2021 14:00:34 - INFO - __main__ -   	EPOCH:   3	MiniBatch:    1
02/25/2021 14:00:35 - INFO - __main__ -   	EPOCH:   3	MiniBatch:    2
02/25/2021 14:00:35 - INFO - __main__ -   	EPOCH:   3	MiniBatch:    3
02/25/2021 14:00:36 - INFO - __main__ -   	EPOCH:   3	MiniBatch:    4
02/25/2021 14:00:37 - INFO - __main__ -   	EPOCH:   3	MiniBatch:    5
02/25/2021 14:00:38 - INFO - __main__ -   	EPOCH:   3	MiniBatch:    6
02/25/2021 14:00:39 - INFO - __main__ -   	EPOCH:   3	MiniBatch:    7
02/25/2021 14:00:39 - INFO - __main__ -   	EPOCH:   3	MiniBatch:    8
02/25/2021 14:00:40 - INFO - __main__ -   	EPOCH:   3	MiniBatch:    9
02/25/2021 14:00:41 - INFO - __main__ -   	EPOCH:   3	MiniBatch:   10
02/25/2021 14:00:42 - INFO - __main__ -   	EPOCH:   3	MiniBatch:   11
02/25/2021 14:00:43 - INFO - __main__ -   	EPOCH:   3	MiniBatch:   12
02/25/2021 14:00:44 - INFO - __main__ -   	Testing dev Minibatch:    0
02/25/2021 14:00:44 - INFO - __main__ -   	Testing dev Minibatch:    1
02/25/2021 14:00:44 - INFO - __main__ -   	Testing dev Minibatch:    2
02/25/2021 14:00:44 - INFO - __main__ -   	Testing dev Minibatch:    3
02/25/2021 14:00:45 - INFO - __main__ -   	Testing dev Minibatch:    4
02/25/2021 14:00:45 - INFO - __main__ -   
Labels 	Prec. 	Recall	F1    	Supp  
Denial 	0.4740	0.2939	0.3628	279
Support	0.4685	0.6955	0.5599	289
Comment	0.4959	0.2450	0.3280	249
Queries	0.1008	0.3514	0.1566	37
MacroF1	0.3518
F1w_avg	0.4104
Acc    	41.8

02/25/2021 14:00:47 - INFO - __main__ -   	EPOCH:   4	MiniBatch:    0
02/25/2021 14:00:48 - INFO - __main__ -   	EPOCH:   4	MiniBatch:    1
02/25/2021 14:00:48 - INFO - __main__ -   	EPOCH:   4	MiniBatch:    2
02/25/2021 14:00:49 - INFO - __main__ -   	EPOCH:   4	MiniBatch:    3
02/25/2021 14:00:50 - INFO - __main__ -   	EPOCH:   4	MiniBatch:    4
02/25/2021 14:00:51 - INFO - __main__ -   	EPOCH:   4	MiniBatch:    5
02/25/2021 14:00:52 - INFO - __main__ -   	EPOCH:   4	MiniBatch:    6
02/25/2021 14:00:53 - INFO - __main__ -   	EPOCH:   4	MiniBatch:    7
02/25/2021 14:00:53 - INFO - __main__ -   	EPOCH:   4	MiniBatch:    8
02/25/2021 14:00:54 - INFO - __main__ -   	EPOCH:   4	MiniBatch:    9
02/25/2021 14:00:55 - INFO - __main__ -   	EPOCH:   4	MiniBatch:   10
02/25/2021 14:00:56 - INFO - __main__ -   	EPOCH:   4	MiniBatch:   11
02/25/2021 14:00:57 - INFO - __main__ -   	EPOCH:   4	MiniBatch:   12
02/25/2021 14:00:58 - INFO - __main__ -   	Testing dev Minibatch:    0
02/25/2021 14:00:58 - INFO - __main__ -   	Testing dev Minibatch:    1
02/25/2021 14:00:58 - INFO - __main__ -   	Testing dev Minibatch:    2
02/25/2021 14:00:58 - INFO - __main__ -   	Testing dev Minibatch:    3
02/25/2021 14:00:59 - INFO - __main__ -   	Testing dev Minibatch:    4
02/25/2021 14:00:59 - INFO - __main__ -   
Labels 	Prec. 	Recall	F1    	Supp  
Denial 	0.4970	0.2939	0.3694	279
Support	0.4503	0.7059	0.5499	289
Comment	0.4778	0.1727	0.2537	249
Queries	0.1301	0.5135	0.2077	37
MacroF1	0.3451
F1w_avg	0.3897
Acc    	40.7

02/25/2021 14:00:59 - INFO - __main__ -   	EPOCH:   5	MiniBatch:    0
02/25/2021 14:01:00 - INFO - __main__ -   	EPOCH:   5	MiniBatch:    1
02/25/2021 14:01:01 - INFO - __main__ -   	EPOCH:   5	MiniBatch:    2
02/25/2021 14:01:02 - INFO - __main__ -   	EPOCH:   5	MiniBatch:    3
02/25/2021 14:01:02 - INFO - __main__ -   	EPOCH:   5	MiniBatch:    4
02/25/2021 14:01:03 - INFO - __main__ -   	EPOCH:   5	MiniBatch:    5
02/25/2021 14:01:04 - INFO - __main__ -   	EPOCH:   5	MiniBatch:    6
02/25/2021 14:01:05 - INFO - __main__ -   	EPOCH:   5	MiniBatch:    7
02/25/2021 14:01:06 - INFO - __main__ -   	EPOCH:   5	MiniBatch:    8
02/25/2021 14:01:07 - INFO - __main__ -   	EPOCH:   5	MiniBatch:    9
02/25/2021 14:01:07 - INFO - __main__ -   	EPOCH:   5	MiniBatch:   10
02/25/2021 14:01:08 - INFO - __main__ -   	EPOCH:   5	MiniBatch:   11
02/25/2021 14:01:09 - INFO - __main__ -   	EPOCH:   5	MiniBatch:   12
02/25/2021 14:01:10 - INFO - __main__ -   	Testing dev Minibatch:    0
02/25/2021 14:01:10 - INFO - __main__ -   	Testing dev Minibatch:    1
02/25/2021 14:01:11 - INFO - __main__ -   	Testing dev Minibatch:    2
02/25/2021 14:01:11 - INFO - __main__ -   	Testing dev Minibatch:    3
02/25/2021 14:01:11 - INFO - __main__ -   	Testing dev Minibatch:    4
02/25/2021 14:01:11 - INFO - __main__ -   
Labels 	Prec. 	Recall	F1    	Supp  
Denial 	0.4534	0.6631	0.5386	279
Support	0.5322	0.5433	0.5377	289
Comment	0.5952	0.2008	0.3003	249
Queries	0.2687	0.4865	0.3462	37
MacroF1	0.4307
F1w_avg	0.4605
Acc    	48.0

02/25/2021 14:01:13 - INFO - __main__ -   	EPOCH:   6	MiniBatch:    0
02/25/2021 14:01:14 - INFO - __main__ -   	EPOCH:   6	MiniBatch:    1
02/25/2021 14:01:15 - INFO - __main__ -   	EPOCH:   6	MiniBatch:    2
02/25/2021 14:01:16 - INFO - __main__ -   	EPOCH:   6	MiniBatch:    3
02/25/2021 14:01:16 - INFO - __main__ -   	EPOCH:   6	MiniBatch:    4
02/25/2021 14:01:17 - INFO - __main__ -   	EPOCH:   6	MiniBatch:    5
02/25/2021 14:01:18 - INFO - __main__ -   	EPOCH:   6	MiniBatch:    6
02/25/2021 14:01:19 - INFO - __main__ -   	EPOCH:   6	MiniBatch:    7
02/25/2021 14:01:20 - INFO - __main__ -   	EPOCH:   6	MiniBatch:    8
02/25/2021 14:01:21 - INFO - __main__ -   	EPOCH:   6	MiniBatch:    9
02/25/2021 14:01:21 - INFO - __main__ -   	EPOCH:   6	MiniBatch:   10
02/25/2021 14:01:22 - INFO - __main__ -   	EPOCH:   6	MiniBatch:   11
02/25/2021 14:01:23 - INFO - __main__ -   	EPOCH:   6	MiniBatch:   12
02/25/2021 14:01:24 - INFO - __main__ -   	Testing dev Minibatch:    0
02/25/2021 14:01:24 - INFO - __main__ -   	Testing dev Minibatch:    1
02/25/2021 14:01:25 - INFO - __main__ -   	Testing dev Minibatch:    2
02/25/2021 14:01:25 - INFO - __main__ -   	Testing dev Minibatch:    3
02/25/2021 14:01:25 - INFO - __main__ -   	Testing dev Minibatch:    4
02/25/2021 14:01:25 - INFO - __main__ -   
Labels 	Prec. 	Recall	F1    	Supp  
Denial 	0.6327	0.3333	0.4366	279
Support	0.4822	0.7024	0.5718	289
Comment	0.4488	0.4578	0.4533	249
Queries	0.2500	0.2162	0.2319	37
MacroF1	0.4234
F1w_avg	0.4784
Acc    	48.9

02/25/2021 14:01:26 - INFO - __main__ -   	EPOCH:   7	MiniBatch:    0
02/25/2021 14:01:26 - INFO - __main__ -   	EPOCH:   7	MiniBatch:    1
02/25/2021 14:01:27 - INFO - __main__ -   	EPOCH:   7	MiniBatch:    2
02/25/2021 14:01:28 - INFO - __main__ -   	EPOCH:   7	MiniBatch:    3
02/25/2021 14:01:29 - INFO - __main__ -   	EPOCH:   7	MiniBatch:    4
02/25/2021 14:01:30 - INFO - __main__ -   	EPOCH:   7	MiniBatch:    5
02/25/2021 14:01:30 - INFO - __main__ -   	EPOCH:   7	MiniBatch:    6
02/25/2021 14:01:31 - INFO - __main__ -   	EPOCH:   7	MiniBatch:    7
02/25/2021 14:01:32 - INFO - __main__ -   	EPOCH:   7	MiniBatch:    8
02/25/2021 14:01:33 - INFO - __main__ -   	EPOCH:   7	MiniBatch:    9
02/25/2021 14:01:34 - INFO - __main__ -   	EPOCH:   7	MiniBatch:   10
02/25/2021 14:01:35 - INFO - __main__ -   	EPOCH:   7	MiniBatch:   11
02/25/2021 14:01:35 - INFO - __main__ -   	EPOCH:   7	MiniBatch:   12
02/25/2021 14:01:36 - INFO - __main__ -   	Testing dev Minibatch:    0
02/25/2021 14:01:37 - INFO - __main__ -   	Testing dev Minibatch:    1
02/25/2021 14:01:37 - INFO - __main__ -   	Testing dev Minibatch:    2
02/25/2021 14:01:37 - INFO - __main__ -   	Testing dev Minibatch:    3
02/25/2021 14:01:37 - INFO - __main__ -   	Testing dev Minibatch:    4
02/25/2021 14:01:38 - INFO - __main__ -   
Labels 	Prec. 	Recall	F1    	Supp  
Denial 	0.4938	0.7133	0.5836	279
Support	0.5837	0.4706	0.5211	289
Comment	0.5161	0.3855	0.4414	249
Queries	0.2812	0.2432	0.2609	37
MacroF1	0.4517
F1w_avg	0.5070
Acc    	51.5

02/25/2021 14:01:39 - INFO - __main__ -   	EPOCH:   8	MiniBatch:    0
02/25/2021 14:01:40 - INFO - __main__ -   	EPOCH:   8	MiniBatch:    1
02/25/2021 14:01:41 - INFO - __main__ -   	EPOCH:   8	MiniBatch:    2
02/25/2021 14:01:42 - INFO - __main__ -   	EPOCH:   8	MiniBatch:    3
02/25/2021 14:01:43 - INFO - __main__ -   	EPOCH:   8	MiniBatch:    4
02/25/2021 14:01:44 - INFO - __main__ -   	EPOCH:   8	MiniBatch:    5
02/25/2021 14:01:44 - INFO - __main__ -   	EPOCH:   8	MiniBatch:    6
02/25/2021 14:01:45 - INFO - __main__ -   	EPOCH:   8	MiniBatch:    7
02/25/2021 14:01:46 - INFO - __main__ -   	EPOCH:   8	MiniBatch:    8
02/25/2021 14:01:47 - INFO - __main__ -   	EPOCH:   8	MiniBatch:    9
02/25/2021 14:01:48 - INFO - __main__ -   	EPOCH:   8	MiniBatch:   10
02/25/2021 14:01:49 - INFO - __main__ -   	EPOCH:   8	MiniBatch:   11
02/25/2021 14:01:49 - INFO - __main__ -   	EPOCH:   8	MiniBatch:   12
02/25/2021 14:01:50 - INFO - __main__ -   	Testing dev Minibatch:    0
02/25/2021 14:01:51 - INFO - __main__ -   	Testing dev Minibatch:    1
02/25/2021 14:01:51 - INFO - __main__ -   	Testing dev Minibatch:    2
02/25/2021 14:01:51 - INFO - __main__ -   	Testing dev Minibatch:    3
02/25/2021 14:01:51 - INFO - __main__ -   	Testing dev Minibatch:    4
02/25/2021 14:01:52 - INFO - __main__ -   
Labels 	Prec. 	Recall	F1    	Supp  
Denial 	0.5279	0.6774	0.5934	279
Support	0.5788	0.5467	0.5623	289
Comment	0.5279	0.4177	0.4664	249
Queries	0.3462	0.2432	0.2857	37
MacroF1	0.4769
F1w_avg	0.5325
Acc    	53.9

02/25/2021 14:01:53 - INFO - __main__ -   	EPOCH:   9	MiniBatch:    0
02/25/2021 14:01:54 - INFO - __main__ -   	EPOCH:   9	MiniBatch:    1
02/25/2021 14:01:55 - INFO - __main__ -   	EPOCH:   9	MiniBatch:    2
02/25/2021 14:01:56 - INFO - __main__ -   	EPOCH:   9	MiniBatch:    3
02/25/2021 14:01:57 - INFO - __main__ -   	EPOCH:   9	MiniBatch:    4
02/25/2021 14:01:58 - INFO - __main__ -   	EPOCH:   9	MiniBatch:    5
02/25/2021 14:01:58 - INFO - __main__ -   	EPOCH:   9	MiniBatch:    6
02/25/2021 14:01:59 - INFO - __main__ -   	EPOCH:   9	MiniBatch:    7
02/25/2021 14:02:00 - INFO - __main__ -   	EPOCH:   9	MiniBatch:    8
02/25/2021 14:02:01 - INFO - __main__ -   	EPOCH:   9	MiniBatch:    9
02/25/2021 14:02:02 - INFO - __main__ -   	EPOCH:   9	MiniBatch:   10
02/25/2021 14:02:02 - INFO - __main__ -   	EPOCH:   9	MiniBatch:   11
02/25/2021 14:02:03 - INFO - __main__ -   	EPOCH:   9	MiniBatch:   12
02/25/2021 14:02:04 - INFO - __main__ -   	Testing dev Minibatch:    0
02/25/2021 14:02:05 - INFO - __main__ -   	Testing dev Minibatch:    1
02/25/2021 14:02:05 - INFO - __main__ -   	Testing dev Minibatch:    2
02/25/2021 14:02:05 - INFO - __main__ -   	Testing dev Minibatch:    3
02/25/2021 14:02:05 - INFO - __main__ -   	Testing dev Minibatch:    4
02/25/2021 14:02:06 - INFO - __main__ -   
Labels 	Prec. 	Recall	F1    	Supp  
Denial 	0.4812	0.8244	0.6077	279
Support	0.6390	0.4533	0.5304	289
Comment	0.6268	0.3574	0.4552	249
Queries	0.3448	0.2703	0.3030	37
MacroF1	0.4741
F1w_avg	0.5239
Acc    	53.9

02/25/2021 14:02:06 - INFO - __main__ -   	EPOCH:  10	MiniBatch:    0
02/25/2021 14:02:07 - INFO - __main__ -   	EPOCH:  10	MiniBatch:    1
02/25/2021 14:02:07 - INFO - __main__ -   	EPOCH:  10	MiniBatch:    2
02/25/2021 14:02:08 - INFO - __main__ -   	EPOCH:  10	MiniBatch:    3
02/25/2021 14:02:09 - INFO - __main__ -   	EPOCH:  10	MiniBatch:    4
02/25/2021 14:02:10 - INFO - __main__ -   	EPOCH:  10	MiniBatch:    5
02/25/2021 14:02:11 - INFO - __main__ -   	EPOCH:  10	MiniBatch:    6
02/25/2021 14:02:12 - INFO - __main__ -   	EPOCH:  10	MiniBatch:    7
02/25/2021 14:02:12 - INFO - __main__ -   	EPOCH:  10	MiniBatch:    8
02/25/2021 14:02:13 - INFO - __main__ -   	EPOCH:  10	MiniBatch:    9
02/25/2021 14:02:14 - INFO - __main__ -   	EPOCH:  10	MiniBatch:   10
02/25/2021 14:02:15 - INFO - __main__ -   	EPOCH:  10	MiniBatch:   11
02/25/2021 14:02:16 - INFO - __main__ -   	EPOCH:  10	MiniBatch:   12
02/25/2021 14:02:17 - INFO - __main__ -   	Testing dev Minibatch:    0
02/25/2021 14:02:17 - INFO - __main__ -   	Testing dev Minibatch:    1
02/25/2021 14:02:17 - INFO - __main__ -   	Testing dev Minibatch:    2
02/25/2021 14:02:17 - INFO - __main__ -   	Testing dev Minibatch:    3
02/25/2021 14:02:18 - INFO - __main__ -   	Testing dev Minibatch:    4
02/25/2021 14:02:18 - INFO - __main__ -   
Labels 	Prec. 	Recall	F1    	Supp  
Denial 	0.5800	0.7276	0.6455	279
Support	0.6303	0.5190	0.5693	289
Comment	0.5395	0.4940	0.5157	249
Queries	0.3421	0.3514	0.3467	37
MacroF1	0.5193
F1w_avg	0.5689
Acc    	57.3

02/25/2021 14:02:20 - INFO - __main__ -   	EPOCH:  11	MiniBatch:    0
02/25/2021 14:02:21 - INFO - __main__ -   	EPOCH:  11	MiniBatch:    1
02/25/2021 14:02:21 - INFO - __main__ -   	EPOCH:  11	MiniBatch:    2
02/25/2021 14:02:22 - INFO - __main__ -   	EPOCH:  11	MiniBatch:    3
02/25/2021 14:02:23 - INFO - __main__ -   	EPOCH:  11	MiniBatch:    4
02/25/2021 14:02:24 - INFO - __main__ -   	EPOCH:  11	MiniBatch:    5
02/25/2021 14:02:25 - INFO - __main__ -   	EPOCH:  11	MiniBatch:    6
02/25/2021 14:02:26 - INFO - __main__ -   	EPOCH:  11	MiniBatch:    7
02/25/2021 14:02:26 - INFO - __main__ -   	EPOCH:  11	MiniBatch:    8
02/25/2021 14:02:27 - INFO - __main__ -   	EPOCH:  11	MiniBatch:    9
02/25/2021 14:02:28 - INFO - __main__ -   	EPOCH:  11	MiniBatch:   10
02/25/2021 14:02:29 - INFO - __main__ -   	EPOCH:  11	MiniBatch:   11
02/25/2021 14:02:30 - INFO - __main__ -   	EPOCH:  11	MiniBatch:   12
02/25/2021 14:02:31 - INFO - __main__ -   	Testing dev Minibatch:    0
02/25/2021 14:02:31 - INFO - __main__ -   	Testing dev Minibatch:    1
02/25/2021 14:02:31 - INFO - __main__ -   	Testing dev Minibatch:    2
02/25/2021 14:02:31 - INFO - __main__ -   	Testing dev Minibatch:    3
02/25/2021 14:02:32 - INFO - __main__ -   	Testing dev Minibatch:    4
02/25/2021 14:02:32 - INFO - __main__ -   
Labels 	Prec. 	Recall	F1    	Supp  
Denial 	0.5799	0.7670	0.6605	279
Support	0.6064	0.5917	0.5989	289
Comment	0.5838	0.4337	0.4977	249
Queries	0.3889	0.1892	0.2545	37
MacroF1	0.5029
F1w_avg	0.5746
Acc    	58.5

02/25/2021 14:02:32 - INFO - __main__ -   	EPOCH:  12	MiniBatch:    0
02/25/2021 14:02:33 - INFO - __main__ -   	EPOCH:  12	MiniBatch:    1
02/25/2021 14:02:34 - INFO - __main__ -   	EPOCH:  12	MiniBatch:    2
02/25/2021 14:02:35 - INFO - __main__ -   	EPOCH:  12	MiniBatch:    3
02/25/2021 14:02:35 - INFO - __main__ -   	EPOCH:  12	MiniBatch:    4
02/25/2021 14:02:36 - INFO - __main__ -   	EPOCH:  12	MiniBatch:    5
02/25/2021 14:02:37 - INFO - __main__ -   	EPOCH:  12	MiniBatch:    6
02/25/2021 14:02:38 - INFO - __main__ -   	EPOCH:  12	MiniBatch:    7
02/25/2021 14:02:39 - INFO - __main__ -   	EPOCH:  12	MiniBatch:    8
02/25/2021 14:02:40 - INFO - __main__ -   	EPOCH:  12	MiniBatch:    9
02/25/2021 14:02:40 - INFO - __main__ -   	EPOCH:  12	MiniBatch:   10
02/25/2021 14:02:41 - INFO - __main__ -   	EPOCH:  12	MiniBatch:   11
02/25/2021 14:02:42 - INFO - __main__ -   	EPOCH:  12	MiniBatch:   12
02/25/2021 14:02:43 - INFO - __main__ -   	Testing dev Minibatch:    0
02/25/2021 14:02:43 - INFO - __main__ -   	Testing dev Minibatch:    1
02/25/2021 14:02:43 - INFO - __main__ -   	Testing dev Minibatch:    2
02/25/2021 14:02:44 - INFO - __main__ -   	Testing dev Minibatch:    3
02/25/2021 14:02:44 - INFO - __main__ -   	Testing dev Minibatch:    4
02/25/2021 14:02:44 - INFO - __main__ -   
Labels 	Prec. 	Recall	F1    	Supp  
Denial 	0.6265	0.7276	0.6733	279
Support	0.6092	0.5986	0.6038	289
Comment	0.5522	0.5100	0.5303	249
Queries	0.4375	0.1892	0.2642	37
MacroF1	0.5179
F1w_avg	0.5904
Acc    	59.7

02/25/2021 14:02:44 - INFO - __main__ -   	EPOCH:  13	MiniBatch:    0
02/25/2021 14:02:45 - INFO - __main__ -   	EPOCH:  13	MiniBatch:    1
02/25/2021 14:02:46 - INFO - __main__ -   	EPOCH:  13	MiniBatch:    2
02/25/2021 14:02:47 - INFO - __main__ -   	EPOCH:  13	MiniBatch:    3
02/25/2021 14:02:48 - INFO - __main__ -   	EPOCH:  13	MiniBatch:    4
02/25/2021 14:02:49 - INFO - __main__ -   	EPOCH:  13	MiniBatch:    5
02/25/2021 14:02:49 - INFO - __main__ -   	EPOCH:  13	MiniBatch:    6
02/25/2021 14:02:50 - INFO - __main__ -   	EPOCH:  13	MiniBatch:    7
02/25/2021 14:02:51 - INFO - __main__ -   	EPOCH:  13	MiniBatch:    8
02/25/2021 14:02:52 - INFO - __main__ -   	EPOCH:  13	MiniBatch:    9
02/25/2021 14:02:53 - INFO - __main__ -   	EPOCH:  13	MiniBatch:   10
02/25/2021 14:02:54 - INFO - __main__ -   	EPOCH:  13	MiniBatch:   11
02/25/2021 14:02:54 - INFO - __main__ -   	EPOCH:  13	MiniBatch:   12
02/25/2021 14:02:55 - INFO - __main__ -   	Testing dev Minibatch:    0
02/25/2021 14:02:56 - INFO - __main__ -   	Testing dev Minibatch:    1
02/25/2021 14:02:56 - INFO - __main__ -   	Testing dev Minibatch:    2
02/25/2021 14:02:56 - INFO - __main__ -   	Testing dev Minibatch:    3
02/25/2021 14:02:56 - INFO - __main__ -   	Testing dev Minibatch:    4
02/25/2021 14:02:57 - INFO - __main__ -   
Labels 	Prec. 	Recall	F1    	Supp  
Denial 	0.6836	0.6738	0.6787	279
Support	0.5865	0.6332	0.6090	289
Comment	0.5341	0.5341	0.5341	249
Queries	0.4444	0.2162	0.2909	37
MacroF1	0.5282
F1w_avg	0.5962
Acc    	60.0

02/25/2021 14:02:58 - INFO - __main__ -   	EPOCH:  14	MiniBatch:    0
02/25/2021 14:02:59 - INFO - __main__ -   	EPOCH:  14	MiniBatch:    1
02/25/2021 14:03:00 - INFO - __main__ -   	EPOCH:  14	MiniBatch:    2
02/25/2021 14:03:01 - INFO - __main__ -   	EPOCH:  14	MiniBatch:    3
02/25/2021 14:03:02 - INFO - __main__ -   	EPOCH:  14	MiniBatch:    4
02/25/2021 14:03:03 - INFO - __main__ -   	EPOCH:  14	MiniBatch:    5
02/25/2021 14:03:03 - INFO - __main__ -   	EPOCH:  14	MiniBatch:    6
02/25/2021 14:03:04 - INFO - __main__ -   	EPOCH:  14	MiniBatch:    7
02/25/2021 14:03:05 - INFO - __main__ -   	EPOCH:  14	MiniBatch:    8
02/25/2021 14:03:06 - INFO - __main__ -   	EPOCH:  14	MiniBatch:    9
02/25/2021 14:03:07 - INFO - __main__ -   	EPOCH:  14	MiniBatch:   10
02/25/2021 14:03:08 - INFO - __main__ -   	EPOCH:  14	MiniBatch:   11
02/25/2021 14:03:08 - INFO - __main__ -   	EPOCH:  14	MiniBatch:   12
02/25/2021 14:03:09 - INFO - __main__ -   	Testing dev Minibatch:    0
02/25/2021 14:03:10 - INFO - __main__ -   	Testing dev Minibatch:    1
02/25/2021 14:03:10 - INFO - __main__ -   	Testing dev Minibatch:    2
02/25/2021 14:03:10 - INFO - __main__ -   	Testing dev Minibatch:    3
02/25/2021 14:03:10 - INFO - __main__ -   	Testing dev Minibatch:    4
02/25/2021 14:03:11 - INFO - __main__ -   
Labels 	Prec. 	Recall	F1    	Supp  
Denial 	0.6092	0.7097	0.6556	279
Support	0.6336	0.5087	0.5643	289
Comment	0.5179	0.5823	0.5482	249
Queries	0.5294	0.2432	0.3333	37
MacroF1	0.5254
F1w_avg	0.5794
Acc    	58.4

02/25/2021 14:03:11 - INFO - __main__ -   	EPOCH:  15	MiniBatch:    0
02/25/2021 14:03:12 - INFO - __main__ -   	EPOCH:  15	MiniBatch:    1
02/25/2021 14:03:13 - INFO - __main__ -   	EPOCH:  15	MiniBatch:    2
02/25/2021 14:03:13 - INFO - __main__ -   	EPOCH:  15	MiniBatch:    3
02/25/2021 14:03:14 - INFO - __main__ -   	EPOCH:  15	MiniBatch:    4
02/25/2021 14:03:15 - INFO - __main__ -   	EPOCH:  15	MiniBatch:    5
02/25/2021 14:03:16 - INFO - __main__ -   	EPOCH:  15	MiniBatch:    6
02/25/2021 14:03:17 - INFO - __main__ -   	EPOCH:  15	MiniBatch:    7
02/25/2021 14:03:17 - INFO - __main__ -   	EPOCH:  15	MiniBatch:    8
02/25/2021 14:03:18 - INFO - __main__ -   	EPOCH:  15	MiniBatch:    9
02/25/2021 14:03:19 - INFO - __main__ -   	EPOCH:  15	MiniBatch:   10
02/25/2021 14:03:20 - INFO - __main__ -   	EPOCH:  15	MiniBatch:   11
02/25/2021 14:03:21 - INFO - __main__ -   	EPOCH:  15	MiniBatch:   12
02/25/2021 14:03:22 - INFO - __main__ -   	Testing dev Minibatch:    0
02/25/2021 14:03:22 - INFO - __main__ -   	Testing dev Minibatch:    1
02/25/2021 14:03:22 - INFO - __main__ -   	Testing dev Minibatch:    2
02/25/2021 14:03:23 - INFO - __main__ -   	Testing dev Minibatch:    3
02/25/2021 14:03:23 - INFO - __main__ -   	Testing dev Minibatch:    4
02/25/2021 14:03:23 - INFO - __main__ -   
Labels 	Prec. 	Recall	F1    	Supp  
Denial 	0.5512	0.8100	0.6560	279
Support	0.5822	0.5882	0.5852	289
Comment	0.6197	0.3534	0.4501	249
Queries	0.5000	0.1351	0.2128	37
MacroF1	0.4760
F1w_avg	0.5528
Acc    	57.3

02/25/2021 14:03:23 - INFO - __main__ -   	EPOCH:  16	MiniBatch:    0
02/25/2021 14:03:24 - INFO - __main__ -   	EPOCH:  16	MiniBatch:    1
02/25/2021 14:03:25 - INFO - __main__ -   	EPOCH:  16	MiniBatch:    2
02/25/2021 14:03:26 - INFO - __main__ -   	EPOCH:  16	MiniBatch:    3
02/25/2021 14:03:27 - INFO - __main__ -   	EPOCH:  16	MiniBatch:    4
02/25/2021 14:03:27 - INFO - __main__ -   	EPOCH:  16	MiniBatch:    5
02/25/2021 14:03:28 - INFO - __main__ -   	EPOCH:  16	MiniBatch:    6
02/25/2021 14:03:29 - INFO - __main__ -   	EPOCH:  16	MiniBatch:    7
02/25/2021 14:03:30 - INFO - __main__ -   	EPOCH:  16	MiniBatch:    8
02/25/2021 14:03:31 - INFO - __main__ -   	EPOCH:  16	MiniBatch:    9
02/25/2021 14:03:32 - INFO - __main__ -   	EPOCH:  16	MiniBatch:   10
02/25/2021 14:03:32 - INFO - __main__ -   	EPOCH:  16	MiniBatch:   11
02/25/2021 14:03:33 - INFO - __main__ -   	EPOCH:  16	MiniBatch:   12
02/25/2021 14:03:34 - INFO - __main__ -   	Testing dev Minibatch:    0
02/25/2021 14:03:34 - INFO - __main__ -   	Testing dev Minibatch:    1
02/25/2021 14:03:35 - INFO - __main__ -   	Testing dev Minibatch:    2
02/25/2021 14:03:35 - INFO - __main__ -   	Testing dev Minibatch:    3
02/25/2021 14:03:35 - INFO - __main__ -   	Testing dev Minibatch:    4
02/25/2021 14:03:35 - INFO - __main__ -   
Labels 	Prec. 	Recall	F1    	Supp  
Denial 	0.5674	0.7993	0.6637	279
Support	0.6067	0.5606	0.5827	289
Comment	0.5934	0.4337	0.5012	249
Queries	0.5000	0.1622	0.2449	37
MacroF1	0.4981
F1w_avg	0.5708
Acc    	58.4

02/25/2021 14:03:36 - INFO - __main__ -   	EPOCH:  17	MiniBatch:    0
02/25/2021 14:03:37 - INFO - __main__ -   	EPOCH:  17	MiniBatch:    1
02/25/2021 14:03:37 - INFO - __main__ -   	EPOCH:  17	MiniBatch:    2
02/25/2021 14:03:38 - INFO - __main__ -   	EPOCH:  17	MiniBatch:    3
02/25/2021 14:03:39 - INFO - __main__ -   	EPOCH:  17	MiniBatch:    4
02/25/2021 14:03:40 - INFO - __main__ -   	EPOCH:  17	MiniBatch:    5
02/25/2021 14:03:41 - INFO - __main__ -   	EPOCH:  17	MiniBatch:    6
02/25/2021 14:03:41 - INFO - __main__ -   	EPOCH:  17	MiniBatch:    7
02/25/2021 14:03:42 - INFO - __main__ -   	EPOCH:  17	MiniBatch:    8
02/25/2021 14:03:43 - INFO - __main__ -   	EPOCH:  17	MiniBatch:    9
02/25/2021 14:03:44 - INFO - __main__ -   	EPOCH:  17	MiniBatch:   10
02/25/2021 14:03:45 - INFO - __main__ -   	EPOCH:  17	MiniBatch:   11
02/25/2021 14:03:46 - INFO - __main__ -   	EPOCH:  17	MiniBatch:   12
02/25/2021 14:03:47 - INFO - __main__ -   	Testing dev Minibatch:    0
02/25/2021 14:03:47 - INFO - __main__ -   	Testing dev Minibatch:    1
02/25/2021 14:03:47 - INFO - __main__ -   	Testing dev Minibatch:    2
02/25/2021 14:03:47 - INFO - __main__ -   	Testing dev Minibatch:    3
02/25/2021 14:03:48 - INFO - __main__ -   	Testing dev Minibatch:    4
02/25/2021 14:03:48 - INFO - __main__ -   
Labels 	Prec. 	Recall	F1    	Supp  
Denial 	0.6064	0.7455	0.6688	279
Support	0.5880	0.5433	0.5647	289
Comment	0.5395	0.4940	0.5157	249
Queries	0.4375	0.1892	0.2642	37
MacroF1	0.5034
F1w_avg	0.5714
Acc    	58.0

02/25/2021 14:03:48 - INFO - __main__ -   	EPOCH:  18	MiniBatch:    0
02/25/2021 14:03:49 - INFO - __main__ -   	EPOCH:  18	MiniBatch:    1
02/25/2021 14:03:50 - INFO - __main__ -   	EPOCH:  18	MiniBatch:    2
02/25/2021 14:03:51 - INFO - __main__ -   	EPOCH:  18	MiniBatch:    3
02/25/2021 14:03:51 - INFO - __main__ -   	EPOCH:  18	MiniBatch:    4
02/25/2021 14:03:52 - INFO - __main__ -   	EPOCH:  18	MiniBatch:    5
02/25/2021 14:03:53 - INFO - __main__ -   	EPOCH:  18	MiniBatch:    6
02/25/2021 14:03:54 - INFO - __main__ -   	EPOCH:  18	MiniBatch:    7
02/25/2021 14:03:55 - INFO - __main__ -   	EPOCH:  18	MiniBatch:    8
02/25/2021 14:03:56 - INFO - __main__ -   	EPOCH:  18	MiniBatch:    9
02/25/2021 14:03:56 - INFO - __main__ -   	EPOCH:  18	MiniBatch:   10
02/25/2021 14:03:57 - INFO - __main__ -   	EPOCH:  18	MiniBatch:   11
02/25/2021 14:03:58 - INFO - __main__ -   	EPOCH:  18	MiniBatch:   12
02/25/2021 14:03:59 - INFO - __main__ -   	Testing dev Minibatch:    0
02/25/2021 14:03:59 - INFO - __main__ -   	Testing dev Minibatch:    1
02/25/2021 14:04:00 - INFO - __main__ -   	Testing dev Minibatch:    2
02/25/2021 14:04:00 - INFO - __main__ -   	Testing dev Minibatch:    3
02/25/2021 14:04:00 - INFO - __main__ -   	Testing dev Minibatch:    4
02/25/2021 14:04:00 - INFO - __main__ -   
Labels 	Prec. 	Recall	F1    	Supp  
Denial 	0.6077	0.7384	0.6667	279
Support	0.5660	0.6228	0.5931	289
Comment	0.5806	0.4337	0.4966	249
Queries	0.4545	0.1351	0.2083	37
MacroF1	0.4912
F1w_avg	0.5723
Acc    	58.4

02/25/2021 14:04:01 - INFO - __main__ -   	EPOCH:  19	MiniBatch:    0
02/25/2021 14:04:01 - INFO - __main__ -   	EPOCH:  19	MiniBatch:    1
02/25/2021 14:04:02 - INFO - __main__ -   	EPOCH:  19	MiniBatch:    2
02/25/2021 14:04:03 - INFO - __main__ -   	EPOCH:  19	MiniBatch:    3
02/25/2021 14:04:04 - INFO - __main__ -   	EPOCH:  19	MiniBatch:    4
02/25/2021 14:04:05 - INFO - __main__ -   	EPOCH:  19	MiniBatch:    5
02/25/2021 14:04:05 - INFO - __main__ -   	EPOCH:  19	MiniBatch:    6
02/25/2021 14:04:06 - INFO - __main__ -   	EPOCH:  19	MiniBatch:    7
02/25/2021 14:04:07 - INFO - __main__ -   	EPOCH:  19	MiniBatch:    8
02/25/2021 14:04:08 - INFO - __main__ -   	EPOCH:  19	MiniBatch:    9
02/25/2021 14:04:09 - INFO - __main__ -   	EPOCH:  19	MiniBatch:   10
02/25/2021 14:04:10 - INFO - __main__ -   	EPOCH:  19	MiniBatch:   11
02/25/2021 14:04:10 - INFO - __main__ -   	EPOCH:  19	MiniBatch:   12
02/25/2021 14:04:11 - INFO - __main__ -   	Testing dev Minibatch:    0
02/25/2021 14:04:12 - INFO - __main__ -   	Testing dev Minibatch:    1
02/25/2021 14:04:12 - INFO - __main__ -   	Testing dev Minibatch:    2
02/25/2021 14:04:12 - INFO - __main__ -   	Testing dev Minibatch:    3
02/25/2021 14:04:12 - INFO - __main__ -   	Testing dev Minibatch:    4
02/25/2021 14:04:13 - INFO - __main__ -   
Labels 	Prec. 	Recall	F1    	Supp  
Denial 	0.6250	0.6989	0.6599	279
Support	0.5856	0.5917	0.5886	289
Comment	0.5339	0.5060	0.5196	249
Queries	0.4286	0.1622	0.2353	37
MacroF1	0.5009
F1w_avg	0.5765
Acc    	58.3

02/25/2021 14:04:13 - INFO - __main__ -   	EPOCH:  20	MiniBatch:    0
02/25/2021 14:04:14 - INFO - __main__ -   	EPOCH:  20	MiniBatch:    1
02/25/2021 14:04:15 - INFO - __main__ -   	EPOCH:  20	MiniBatch:    2
02/25/2021 14:04:15 - INFO - __main__ -   	EPOCH:  20	MiniBatch:    3
02/25/2021 14:04:16 - INFO - __main__ -   	EPOCH:  20	MiniBatch:    4
02/25/2021 14:04:17 - INFO - __main__ -   	EPOCH:  20	MiniBatch:    5
02/25/2021 14:04:18 - INFO - __main__ -   	EPOCH:  20	MiniBatch:    6
02/25/2021 14:04:19 - INFO - __main__ -   	EPOCH:  20	MiniBatch:    7
02/25/2021 14:04:19 - INFO - __main__ -   	EPOCH:  20	MiniBatch:    8
02/25/2021 14:04:20 - INFO - __main__ -   	EPOCH:  20	MiniBatch:    9
02/25/2021 14:04:21 - INFO - __main__ -   	EPOCH:  20	MiniBatch:   10
02/25/2021 14:04:22 - INFO - __main__ -   	EPOCH:  20	MiniBatch:   11
02/25/2021 14:04:23 - INFO - __main__ -   	EPOCH:  20	MiniBatch:   12
02/25/2021 14:04:24 - INFO - __main__ -   	Testing dev Minibatch:    0
02/25/2021 14:04:24 - INFO - __main__ -   	Testing dev Minibatch:    1
02/25/2021 14:04:24 - INFO - __main__ -   	Testing dev Minibatch:    2
02/25/2021 14:04:25 - INFO - __main__ -   	Testing dev Minibatch:    3
02/25/2021 14:04:25 - INFO - __main__ -   	Testing dev Minibatch:    4
02/25/2021 14:04:25 - INFO - __main__ -   
Labels 	Prec. 	Recall	F1    	Supp  
Denial 	0.6235	0.7240	0.6700	279
Support	0.5637	0.6125	0.5871	289
Comment	0.5707	0.4699	0.5154	249
Queries	0.4545	0.1351	0.2083	37
MacroF1	0.4952
F1w_avg	0.5769
Acc    	58.7

02/25/2021 14:04:25 - INFO - __main__ -   	EPOCH:  21	MiniBatch:    0
02/25/2021 14:04:26 - INFO - __main__ -   	EPOCH:  21	MiniBatch:    1
02/25/2021 14:04:27 - INFO - __main__ -   	EPOCH:  21	MiniBatch:    2
02/25/2021 14:04:28 - INFO - __main__ -   	EPOCH:  21	MiniBatch:    3
02/25/2021 14:04:29 - INFO - __main__ -   	EPOCH:  21	MiniBatch:    4
02/25/2021 14:04:29 - INFO - __main__ -   	EPOCH:  21	MiniBatch:    5
02/25/2021 14:04:30 - INFO - __main__ -   	EPOCH:  21	MiniBatch:    6
02/25/2021 14:04:31 - INFO - __main__ -   	EPOCH:  21	MiniBatch:    7
02/25/2021 14:04:32 - INFO - __main__ -   	EPOCH:  21	MiniBatch:    8
02/25/2021 14:04:33 - INFO - __main__ -   	EPOCH:  21	MiniBatch:    9
02/25/2021 14:04:33 - INFO - __main__ -   	EPOCH:  21	MiniBatch:   10
02/25/2021 14:04:34 - INFO - __main__ -   	EPOCH:  21	MiniBatch:   11
02/25/2021 14:04:35 - INFO - __main__ -   	EPOCH:  21	MiniBatch:   12
02/25/2021 14:04:36 - INFO - __main__ -   	Testing dev Minibatch:    0
02/25/2021 14:04:36 - INFO - __main__ -   	Testing dev Minibatch:    1
02/25/2021 14:04:37 - INFO - __main__ -   	Testing dev Minibatch:    2
02/25/2021 14:04:37 - INFO - __main__ -   	Testing dev Minibatch:    3
02/25/2021 14:04:37 - INFO - __main__ -   	Testing dev Minibatch:    4
02/25/2021 14:04:37 - INFO - __main__ -   
Labels 	Prec. 	Recall	F1    	Supp  
Denial 	0.5021	0.8495	0.6312	279
Support	0.5941	0.4913	0.5379	289
Comment	0.6794	0.3574	0.4684	249
Queries	0.4167	0.1351	0.2041	37
MacroF1	0.4604
F1w_avg	0.5336
Acc    	55.4

02/25/2021 14:04:38 - INFO - __main__ -   	EPOCH:  22	MiniBatch:    0
02/25/2021 14:04:38 - INFO - __main__ -   	EPOCH:  22	MiniBatch:    1
02/25/2021 14:04:39 - INFO - __main__ -   	EPOCH:  22	MiniBatch:    2
02/25/2021 14:04:40 - INFO - __main__ -   	EPOCH:  22	MiniBatch:    3
02/25/2021 14:04:41 - INFO - __main__ -   	EPOCH:  22	MiniBatch:    4
02/25/2021 14:04:42 - INFO - __main__ -   	EPOCH:  22	MiniBatch:    5
02/25/2021 14:04:43 - INFO - __main__ -   	EPOCH:  22	MiniBatch:    6
02/25/2021 14:04:43 - INFO - __main__ -   	EPOCH:  22	MiniBatch:    7
02/25/2021 14:04:44 - INFO - __main__ -   	EPOCH:  22	MiniBatch:    8
02/25/2021 14:04:45 - INFO - __main__ -   	EPOCH:  22	MiniBatch:    9
02/25/2021 14:04:46 - INFO - __main__ -   	EPOCH:  22	MiniBatch:   10
02/25/2021 14:04:47 - INFO - __main__ -   	EPOCH:  22	MiniBatch:   11
02/25/2021 14:04:48 - INFO - __main__ -   	EPOCH:  22	MiniBatch:   12
02/25/2021 14:04:48 - INFO - __main__ -   	Testing dev Minibatch:    0
02/25/2021 14:04:49 - INFO - __main__ -   	Testing dev Minibatch:    1
02/25/2021 14:04:49 - INFO - __main__ -   	Testing dev Minibatch:    2
02/25/2021 14:04:49 - INFO - __main__ -   	Testing dev Minibatch:    3
02/25/2021 14:04:50 - INFO - __main__ -   	Testing dev Minibatch:    4
02/25/2021 14:04:50 - INFO - __main__ -   
Labels 	Prec. 	Recall	F1    	Supp  
Denial 	0.6490	0.7025	0.6747	279
Support	0.5467	0.7093	0.6175	289
Comment	0.6024	0.4016	0.4819	249
Queries	0.5455	0.1622	0.2500	37
MacroF1	0.5060
F1w_avg	0.5807
Acc    	59.4

02/25/2021 14:04:50 - INFO - __main__ -   	EPOCH:  23	MiniBatch:    0
02/25/2021 14:04:51 - INFO - __main__ -   	EPOCH:  23	MiniBatch:    1
02/25/2021 14:04:52 - INFO - __main__ -   	EPOCH:  23	MiniBatch:    2
02/25/2021 14:04:52 - INFO - __main__ -   	EPOCH:  23	MiniBatch:    3
02/25/2021 14:04:53 - INFO - __main__ -   	EPOCH:  23	MiniBatch:    4
02/25/2021 14:04:54 - INFO - __main__ -   	EPOCH:  23	MiniBatch:    5
02/25/2021 14:04:55 - INFO - __main__ -   	EPOCH:  23	MiniBatch:    6
02/25/2021 14:04:56 - INFO - __main__ -   	EPOCH:  23	MiniBatch:    7
02/25/2021 14:04:57 - INFO - __main__ -   	EPOCH:  23	MiniBatch:    8
02/25/2021 14:04:57 - INFO - __main__ -   	EPOCH:  23	MiniBatch:    9
02/25/2021 14:04:58 - INFO - __main__ -   	EPOCH:  23	MiniBatch:   10
02/25/2021 14:04:59 - INFO - __main__ -   	EPOCH:  23	MiniBatch:   11
02/25/2021 14:05:00 - INFO - __main__ -   	EPOCH:  23	MiniBatch:   12
02/25/2021 14:05:01 - INFO - __main__ -   	Testing dev Minibatch:    0
02/25/2021 14:05:01 - INFO - __main__ -   	Testing dev Minibatch:    1
02/25/2021 14:05:01 - INFO - __main__ -   	Testing dev Minibatch:    2
02/25/2021 14:05:02 - INFO - __main__ -   	Testing dev Minibatch:    3
02/25/2021 14:05:02 - INFO - __main__ -   	Testing dev Minibatch:    4
02/25/2021 14:05:02 - INFO - __main__ -   
Labels 	Prec. 	Recall	F1    	Supp  
Denial 	0.5361	0.7993	0.6417	279
Support	0.6443	0.4325	0.5176	289
Comment	0.5498	0.5100	0.5292	249
Queries	0.5385	0.1892	0.2800	37
MacroF1	0.4921
F1w_avg	0.5512
Acc    	56.4

02/25/2021 14:05:02 - INFO - __main__ -   	EPOCH:  24	MiniBatch:    0
02/25/2021 14:05:03 - INFO - __main__ -   	EPOCH:  24	MiniBatch:    1
02/25/2021 14:05:04 - INFO - __main__ -   	EPOCH:  24	MiniBatch:    2
02/25/2021 14:05:05 - INFO - __main__ -   	EPOCH:  24	MiniBatch:    3
02/25/2021 14:05:06 - INFO - __main__ -   	EPOCH:  24	MiniBatch:    4
02/25/2021 14:05:06 - INFO - __main__ -   	EPOCH:  24	MiniBatch:    5
02/25/2021 14:05:07 - INFO - __main__ -   	EPOCH:  24	MiniBatch:    6
02/25/2021 14:05:08 - INFO - __main__ -   	EPOCH:  24	MiniBatch:    7
02/25/2021 14:05:09 - INFO - __main__ -   	EPOCH:  24	MiniBatch:    8
02/25/2021 14:05:10 - INFO - __main__ -   	EPOCH:  24	MiniBatch:    9
02/25/2021 14:05:11 - INFO - __main__ -   	EPOCH:  24	MiniBatch:   10
02/25/2021 14:05:11 - INFO - __main__ -   	EPOCH:  24	MiniBatch:   11
02/25/2021 14:05:12 - INFO - __main__ -   	EPOCH:  24	MiniBatch:   12
02/25/2021 14:05:13 - INFO - __main__ -   	Testing dev Minibatch:    0
02/25/2021 14:05:13 - INFO - __main__ -   	Testing dev Minibatch:    1
02/25/2021 14:05:14 - INFO - __main__ -   	Testing dev Minibatch:    2
02/25/2021 14:05:14 - INFO - __main__ -   	Testing dev Minibatch:    3
02/25/2021 14:05:14 - INFO - __main__ -   	Testing dev Minibatch:    4
02/25/2021 14:05:15 - INFO - __main__ -   
Labels 	Prec. 	Recall	F1    	Supp  
Denial 	0.6224	0.7384	0.6754	279
Support	0.6044	0.5709	0.5872	289
Comment	0.5522	0.5100	0.5303	249
Queries	0.4000	0.2162	0.2807	37
MacroF1	0.5184
F1w_avg	0.5861
Acc    	59.3

02/25/2021 14:05:15 - INFO - __main__ -   	EPOCH:  25	MiniBatch:    0
02/25/2021 14:05:16 - INFO - __main__ -   	EPOCH:  25	MiniBatch:    1
02/25/2021 14:05:16 - INFO - __main__ -   	EPOCH:  25	MiniBatch:    2
02/25/2021 14:05:17 - INFO - __main__ -   	EPOCH:  25	MiniBatch:    3
02/25/2021 14:05:18 - INFO - __main__ -   	EPOCH:  25	MiniBatch:    4
02/25/2021 14:05:19 - INFO - __main__ -   	EPOCH:  25	MiniBatch:    5
02/25/2021 14:05:20 - INFO - __main__ -   	EPOCH:  25	MiniBatch:    6
02/25/2021 14:05:21 - INFO - __main__ -   	EPOCH:  25	MiniBatch:    7
02/25/2021 14:05:21 - INFO - __main__ -   	EPOCH:  25	MiniBatch:    8
02/25/2021 14:05:22 - INFO - __main__ -   	EPOCH:  25	MiniBatch:    9
02/25/2021 14:05:23 - INFO - __main__ -   	EPOCH:  25	MiniBatch:   10
02/25/2021 14:05:24 - INFO - __main__ -   	EPOCH:  25	MiniBatch:   11
02/25/2021 14:05:25 - INFO - __main__ -   	EPOCH:  25	MiniBatch:   12
02/25/2021 14:05:26 - INFO - __main__ -   	Testing dev Minibatch:    0
02/25/2021 14:05:26 - INFO - __main__ -   	Testing dev Minibatch:    1
02/25/2021 14:05:26 - INFO - __main__ -   	Testing dev Minibatch:    2
02/25/2021 14:05:26 - INFO - __main__ -   	Testing dev Minibatch:    3
02/25/2021 14:05:27 - INFO - __main__ -   	Testing dev Minibatch:    4
02/25/2021 14:05:27 - INFO - __main__ -   
Labels 	Prec. 	Recall	F1    	Supp  
Denial 	0.5246	0.8029	0.6346	279
Support	0.6026	0.4879	0.5392	289
Comment	0.5833	0.4217	0.4895	249
Queries	0.6154	0.2162	0.3200	37
MacroF1	0.4958
F1w_avg	0.5464
Acc    	56.0

02/25/2021 14:05:27 - INFO - __main__ -   	EPOCH:  26	MiniBatch:    0
02/25/2021 14:05:28 - INFO - __main__ -   	EPOCH:  26	MiniBatch:    1
02/25/2021 14:05:29 - INFO - __main__ -   	EPOCH:  26	MiniBatch:    2
02/25/2021 14:05:30 - INFO - __main__ -   	EPOCH:  26	MiniBatch:    3
02/25/2021 14:05:30 - INFO - __main__ -   	EPOCH:  26	MiniBatch:    4
02/25/2021 14:05:31 - INFO - __main__ -   	EPOCH:  26	MiniBatch:    5
02/25/2021 14:05:32 - INFO - __main__ -   	EPOCH:  26	MiniBatch:    6
02/25/2021 14:05:33 - INFO - __main__ -   	EPOCH:  26	MiniBatch:    7
02/25/2021 14:05:34 - INFO - __main__ -   	EPOCH:  26	MiniBatch:    8
02/25/2021 14:05:35 - INFO - __main__ -   	EPOCH:  26	MiniBatch:    9
02/25/2021 14:05:35 - INFO - __main__ -   	EPOCH:  26	MiniBatch:   10
02/25/2021 14:05:36 - INFO - __main__ -   	EPOCH:  26	MiniBatch:   11
02/25/2021 14:05:37 - INFO - __main__ -   	EPOCH:  26	MiniBatch:   12
02/25/2021 14:05:38 - INFO - __main__ -   	Testing dev Minibatch:    0
02/25/2021 14:05:38 - INFO - __main__ -   	Testing dev Minibatch:    1
02/25/2021 14:05:38 - INFO - __main__ -   	Testing dev Minibatch:    2
02/25/2021 14:05:39 - INFO - __main__ -   	Testing dev Minibatch:    3
02/25/2021 14:05:39 - INFO - __main__ -   	Testing dev Minibatch:    4
02/25/2021 14:05:39 - INFO - __main__ -   
Labels 	Prec. 	Recall	F1    	Supp  
Denial 	0.5304	0.8136	0.6421	279
Support	0.6341	0.4498	0.5263	289
Comment	0.5631	0.4659	0.5099	249
Queries	0.5333	0.2162	0.3077	37
MacroF1	0.4965
F1w_avg	0.5499
Acc    	56.3

02/25/2021 14:05:39 - INFO - __main__ -   	EPOCH:  27	MiniBatch:    0
02/25/2021 14:05:40 - INFO - __main__ -   	EPOCH:  27	MiniBatch:    1
02/25/2021 14:05:41 - INFO - __main__ -   	EPOCH:  27	MiniBatch:    2
02/25/2021 14:05:42 - INFO - __main__ -   	EPOCH:  27	MiniBatch:    3
02/25/2021 14:05:43 - INFO - __main__ -   	EPOCH:  27	MiniBatch:    4
02/25/2021 14:05:44 - INFO - __main__ -   	EPOCH:  27	MiniBatch:    5
02/25/2021 14:05:44 - INFO - __main__ -   	EPOCH:  27	MiniBatch:    6
02/25/2021 14:05:45 - INFO - __main__ -   	EPOCH:  27	MiniBatch:    7
02/25/2021 14:05:46 - INFO - __main__ -   	EPOCH:  27	MiniBatch:    8
02/25/2021 14:05:47 - INFO - __main__ -   	EPOCH:  27	MiniBatch:    9
02/25/2021 14:05:48 - INFO - __main__ -   	EPOCH:  27	MiniBatch:   10
02/25/2021 14:05:49 - INFO - __main__ -   	EPOCH:  27	MiniBatch:   11
02/25/2021 14:05:49 - INFO - __main__ -   	EPOCH:  27	MiniBatch:   12
02/25/2021 14:05:50 - INFO - __main__ -   	Testing dev Minibatch:    0
02/25/2021 14:05:51 - INFO - __main__ -   	Testing dev Minibatch:    1
02/25/2021 14:05:51 - INFO - __main__ -   	Testing dev Minibatch:    2
02/25/2021 14:05:51 - INFO - __main__ -   	Testing dev Minibatch:    3
02/25/2021 14:05:51 - INFO - __main__ -   	Testing dev Minibatch:    4
02/25/2021 14:05:52 - INFO - __main__ -   
Labels 	Prec. 	Recall	F1    	Supp  
Denial 	0.6201	0.7312	0.6711	279
Support	0.6286	0.4567	0.5291	289
Comment	0.4949	0.5823	0.5351	249
Queries	0.4091	0.2432	0.3051	37
MacroF1	0.5101
F1w_avg	0.5675
Acc    	57.4

02/25/2021 14:05:52 - INFO - __main__ -   	EPOCH:  28	MiniBatch:    0
02/25/2021 14:05:53 - INFO - __main__ -   	EPOCH:  28	MiniBatch:    1
02/25/2021 14:05:53 - INFO - __main__ -   	EPOCH:  28	MiniBatch:    2
02/25/2021 14:05:54 - INFO - __main__ -   	EPOCH:  28	MiniBatch:    3
02/25/2021 14:05:55 - INFO - __main__ -   	EPOCH:  28	MiniBatch:    4
02/25/2021 14:05:56 - INFO - __main__ -   	EPOCH:  28	MiniBatch:    5
02/25/2021 14:05:57 - INFO - __main__ -   	EPOCH:  28	MiniBatch:    6
02/25/2021 14:05:58 - INFO - __main__ -   	EPOCH:  28	MiniBatch:    7
02/25/2021 14:05:58 - INFO - __main__ -   	EPOCH:  28	MiniBatch:    8
02/25/2021 14:05:59 - INFO - __main__ -   	EPOCH:  28	MiniBatch:    9
02/25/2021 14:06:00 - INFO - __main__ -   	EPOCH:  28	MiniBatch:   10
02/25/2021 14:06:01 - INFO - __main__ -   	EPOCH:  28	MiniBatch:   11
02/25/2021 14:06:02 - INFO - __main__ -   	EPOCH:  28	MiniBatch:   12
02/25/2021 14:06:03 - INFO - __main__ -   	Testing dev Minibatch:    0
02/25/2021 14:06:03 - INFO - __main__ -   	Testing dev Minibatch:    1
02/25/2021 14:06:03 - INFO - __main__ -   	Testing dev Minibatch:    2
02/25/2021 14:06:04 - INFO - __main__ -   	Testing dev Minibatch:    3
02/25/2021 14:06:04 - INFO - __main__ -   	Testing dev Minibatch:    4
02/25/2021 14:06:04 - INFO - __main__ -   
Labels 	Prec. 	Recall	F1    	Supp  
Denial 	0.5556	0.7885	0.6519	279
Support	0.5705	0.6159	0.5923	289
Comment	0.6569	0.3614	0.4663	249
Queries	0.5556	0.1351	0.2174	37
MacroF1	0.4820
F1w_avg	0.5588
Acc    	57.7

02/25/2021 14:06:04 - INFO - __main__ -   	EPOCH:  29	MiniBatch:    0
02/25/2021 14:06:05 - INFO - __main__ -   	EPOCH:  29	MiniBatch:    1
02/25/2021 14:06:06 - INFO - __main__ -   	EPOCH:  29	MiniBatch:    2
02/25/2021 14:06:07 - INFO - __main__ -   	EPOCH:  29	MiniBatch:    3
02/25/2021 14:06:07 - INFO - __main__ -   	EPOCH:  29	MiniBatch:    4
02/25/2021 14:06:08 - INFO - __main__ -   	EPOCH:  29	MiniBatch:    5
02/25/2021 14:06:09 - INFO - __main__ -   	EPOCH:  29	MiniBatch:    6
02/25/2021 14:06:10 - INFO - __main__ -   	EPOCH:  29	MiniBatch:    7
02/25/2021 14:06:11 - INFO - __main__ -   	EPOCH:  29	MiniBatch:    8
02/25/2021 14:06:12 - INFO - __main__ -   	EPOCH:  29	MiniBatch:    9
02/25/2021 14:06:12 - INFO - __main__ -   	EPOCH:  29	MiniBatch:   10
02/25/2021 14:06:13 - INFO - __main__ -   	EPOCH:  29	MiniBatch:   11
02/25/2021 14:06:14 - INFO - __main__ -   	EPOCH:  29	MiniBatch:   12
02/25/2021 14:06:15 - INFO - __main__ -   	Testing dev Minibatch:    0
02/25/2021 14:06:15 - INFO - __main__ -   	Testing dev Minibatch:    1
02/25/2021 14:06:16 - INFO - __main__ -   	Testing dev Minibatch:    2
02/25/2021 14:06:16 - INFO - __main__ -   	Testing dev Minibatch:    3
02/25/2021 14:06:16 - INFO - __main__ -   	Testing dev Minibatch:    4
02/25/2021 14:06:16 - INFO - __main__ -   
Labels 	Prec. 	Recall	F1    	Supp  
Denial 	0.5455	0.7957	0.6472	279
Support	0.5923	0.5329	0.5610	289
Comment	0.5920	0.4137	0.4870	249
Queries	0.5385	0.1892	0.2800	37
MacroF1	0.4938
F1w_avg	0.5554
Acc    	56.9

02/25/2021 14:06:17 - INFO - __main__ -   	EPOCH:  30	MiniBatch:    0
02/25/2021 14:06:17 - INFO - __main__ -   	EPOCH:  30	MiniBatch:    1
02/25/2021 14:06:18 - INFO - __main__ -   	EPOCH:  30	MiniBatch:    2
02/25/2021 14:06:19 - INFO - __main__ -   	EPOCH:  30	MiniBatch:    3
02/25/2021 14:06:20 - INFO - __main__ -   	EPOCH:  30	MiniBatch:    4
02/25/2021 14:06:21 - INFO - __main__ -   	EPOCH:  30	MiniBatch:    5
02/25/2021 14:06:21 - INFO - __main__ -   	EPOCH:  30	MiniBatch:    6
02/25/2021 14:06:22 - INFO - __main__ -   	EPOCH:  30	MiniBatch:    7
02/25/2021 14:06:23 - INFO - __main__ -   	EPOCH:  30	MiniBatch:    8
02/25/2021 14:06:24 - INFO - __main__ -   	EPOCH:  30	MiniBatch:    9
02/25/2021 14:06:25 - INFO - __main__ -   	EPOCH:  30	MiniBatch:   10
02/25/2021 14:06:26 - INFO - __main__ -   	EPOCH:  30	MiniBatch:   11
02/25/2021 14:06:26 - INFO - __main__ -   	EPOCH:  30	MiniBatch:   12
02/25/2021 14:06:27 - INFO - __main__ -   	Testing dev Minibatch:    0
02/25/2021 14:06:28 - INFO - __main__ -   	Testing dev Minibatch:    1
02/25/2021 14:06:28 - INFO - __main__ -   	Testing dev Minibatch:    2
02/25/2021 14:06:28 - INFO - __main__ -   	Testing dev Minibatch:    3
02/25/2021 14:06:29 - INFO - __main__ -   	Testing dev Minibatch:    4
02/25/2021 14:06:29 - INFO - __main__ -   
Labels 	Prec. 	Recall	F1    	Supp  
Denial 	0.5810	0.7455	0.6531	279
Support	0.5904	0.5536	0.5714	289
Comment	0.5450	0.4618	0.5000	249
Queries	0.5714	0.2162	0.3137	37
MacroF1	0.5096
F1w_avg	0.5661
Acc    	57.5

02/25/2021 14:06:29 - INFO - __main__ -   	EPOCH:  31	MiniBatch:    0
02/25/2021 14:06:30 - INFO - __main__ -   	EPOCH:  31	MiniBatch:    1
02/25/2021 14:06:31 - INFO - __main__ -   	EPOCH:  31	MiniBatch:    2
02/25/2021 14:06:31 - INFO - __main__ -   	EPOCH:  31	MiniBatch:    3
02/25/2021 14:06:32 - INFO - __main__ -   	EPOCH:  31	MiniBatch:    4
02/25/2021 14:06:33 - INFO - __main__ -   	EPOCH:  31	MiniBatch:    5
02/25/2021 14:06:34 - INFO - __main__ -   	EPOCH:  31	MiniBatch:    6
02/25/2021 14:06:35 - INFO - __main__ -   	EPOCH:  31	MiniBatch:    7
02/25/2021 14:06:35 - INFO - __main__ -   	EPOCH:  31	MiniBatch:    8
02/25/2021 14:06:36 - INFO - __main__ -   	EPOCH:  31	MiniBatch:    9
02/25/2021 14:06:37 - INFO - __main__ -   	EPOCH:  31	MiniBatch:   10
02/25/2021 14:06:38 - INFO - __main__ -   	EPOCH:  31	MiniBatch:   11
02/25/2021 14:06:39 - INFO - __main__ -   	EPOCH:  31	MiniBatch:   12
02/25/2021 14:06:40 - INFO - __main__ -   	Testing dev Minibatch:    0
02/25/2021 14:06:40 - INFO - __main__ -   	Testing dev Minibatch:    1
02/25/2021 14:06:40 - INFO - __main__ -   	Testing dev Minibatch:    2
02/25/2021 14:06:41 - INFO - __main__ -   	Testing dev Minibatch:    3
02/25/2021 14:06:41 - INFO - __main__ -   	Testing dev Minibatch:    4
02/25/2021 14:06:41 - INFO - __main__ -   
Labels 	Prec. 	Recall	F1    	Supp  
Denial 	0.5691	0.7670	0.6534	279
Support	0.5714	0.5813	0.5763	289
Comment	0.5896	0.4096	0.4834	249
Queries	0.4545	0.1351	0.2083	37
MacroF1	0.4804
F1w_avg	0.5585
Acc    	57.3

02/25/2021 14:06:41 - INFO - __main__ -   	EPOCH:  32	MiniBatch:    0
02/25/2021 14:06:42 - INFO - __main__ -   	EPOCH:  32	MiniBatch:    1
02/25/2021 14:06:43 - INFO - __main__ -   	EPOCH:  32	MiniBatch:    2
02/25/2021 14:06:44 - INFO - __main__ -   	EPOCH:  32	MiniBatch:    3
02/25/2021 14:06:45 - INFO - __main__ -   	EPOCH:  32	MiniBatch:    4
02/25/2021 14:06:45 - INFO - __main__ -   	EPOCH:  32	MiniBatch:    5
02/25/2021 14:06:46 - INFO - __main__ -   	EPOCH:  32	MiniBatch:    6
02/25/2021 14:06:47 - INFO - __main__ -   	EPOCH:  32	MiniBatch:    7
02/25/2021 14:06:48 - INFO - __main__ -   	EPOCH:  32	MiniBatch:    8
02/25/2021 14:06:49 - INFO - __main__ -   	EPOCH:  32	MiniBatch:    9
02/25/2021 14:06:50 - INFO - __main__ -   	EPOCH:  32	MiniBatch:   10
02/25/2021 14:06:50 - INFO - __main__ -   	EPOCH:  32	MiniBatch:   11
02/25/2021 14:06:51 - INFO - __main__ -   	EPOCH:  32	MiniBatch:   12
02/25/2021 14:06:52 - INFO - __main__ -   	Testing dev Minibatch:    0
02/25/2021 14:06:52 - INFO - __main__ -   	Testing dev Minibatch:    1
02/25/2021 14:06:53 - INFO - __main__ -   	Testing dev Minibatch:    2
02/25/2021 14:06:53 - INFO - __main__ -   	Testing dev Minibatch:    3
02/25/2021 14:06:53 - INFO - __main__ -   	Testing dev Minibatch:    4
02/25/2021 14:06:53 - INFO - __main__ -   
Labels 	Prec. 	Recall	F1    	Supp  
Denial 	0.5707	0.7957	0.6647	279
Support	0.6228	0.4913	0.5493	289
Comment	0.5339	0.4739	0.5021	249
Queries	0.5625	0.2432	0.3396	37
MacroF1	0.5139
F1w_avg	0.5642
Acc    	57.5

02/25/2021 14:06:54 - INFO - __main__ -   	EPOCH:  33	MiniBatch:    0
02/25/2021 14:06:54 - INFO - __main__ -   	EPOCH:  33	MiniBatch:    1
02/25/2021 14:06:55 - INFO - __main__ -   	EPOCH:  33	MiniBatch:    2
02/25/2021 14:06:56 - INFO - __main__ -   	EPOCH:  33	MiniBatch:    3
02/25/2021 14:06:57 - INFO - __main__ -   	EPOCH:  33	MiniBatch:    4
02/25/2021 14:06:58 - INFO - __main__ -   	EPOCH:  33	MiniBatch:    5
02/25/2021 14:06:59 - INFO - __main__ -   	EPOCH:  33	MiniBatch:    6
02/25/2021 14:06:59 - INFO - __main__ -   	EPOCH:  33	MiniBatch:    7
02/25/2021 14:07:00 - INFO - __main__ -   	EPOCH:  33	MiniBatch:    8
02/25/2021 14:07:01 - INFO - __main__ -   	EPOCH:  33	MiniBatch:    9
02/25/2021 14:07:02 - INFO - __main__ -   	EPOCH:  33	MiniBatch:   10
02/25/2021 14:07:03 - INFO - __main__ -   	EPOCH:  33	MiniBatch:   11
02/25/2021 14:07:04 - INFO - __main__ -   	EPOCH:  33	MiniBatch:   12
02/25/2021 14:07:04 - INFO - __main__ -   	Testing dev Minibatch:    0
02/25/2021 14:07:05 - INFO - __main__ -   	Testing dev Minibatch:    1
02/25/2021 14:07:05 - INFO - __main__ -   	Testing dev Minibatch:    2
02/25/2021 14:07:05 - INFO - __main__ -   	Testing dev Minibatch:    3
02/25/2021 14:07:06 - INFO - __main__ -   	Testing dev Minibatch:    4
02/25/2021 14:07:06 - INFO - __main__ -   
Labels 	Prec. 	Recall	F1    	Supp  
Denial 	0.5523	0.8136	0.6580	279
Support	0.5967	0.5017	0.5451	289
Comment	0.5722	0.4297	0.4908	249
Queries	0.6154	0.2162	0.3200	37
MacroF1	0.5035
F1w_avg	0.5564
Acc    	57.0

02/25/2021 14:07:06 - INFO - __main__ -   No improvements in F1 for 20 epochs
02/25/2021 14:07:07 - INFO - __main__ -   	Testing test Minibatch:    0
02/25/2021 14:07:07 - INFO - __main__ -   	Testing test Minibatch:    1
02/25/2021 14:07:07 - INFO - __main__ -   	Testing test Minibatch:    2
02/25/2021 14:07:08 - INFO - __main__ -   	Testing test Minibatch:    3
02/25/2021 14:07:08 - INFO - __main__ -   	Testing test Minibatch:    4
02/25/2021 14:07:08 - INFO - __main__ -   
Labels 	Prec. 	Recall	F1    	Supp  
Denial 	0.6993	0.6166	0.6553	313
Support	0.5305	0.6250	0.5739	264
Comment	0.5779	0.5663	0.5720	249
Queries	0.4348	0.3571	0.3922	28
MacroF1	0.5484
F1w_avg	0.5972
Acc    	59.6

02/25/2021 14:07:08 - INFO - __main__ -   Time taken: 0h 7m 24s
