02/26/2021 11:16:27 - INFO - __main__ -   ----------------- Hyperparameters ------------------
02/26/2021 11:16:27 - INFO - __main__ -   ======== my_Bertweet =========
02/26/2021 11:16:27 - INFO - __main__ -   ===== Hyperparameters ======
02/26/2021 11:16:27 - INFO - __main__ -   ('batch_train', 300)
02/26/2021 11:16:27 - INFO - __main__ -   ('batch_test', 300)
02/26/2021 11:16:27 - INFO - __main__ -   ('epochs', 100)
02/26/2021 11:16:27 - INFO - __main__ -   ('learning_rate', 0.0001)
02/26/2021 11:16:27 - INFO - __main__ -   ('optimizer', 'adam')
02/26/2021 11:16:27 - INFO - __main__ -   ('do_train', True)
02/26/2021 11:16:27 - INFO - __main__ -   ('do_test', True)
02/26/2021 11:16:27 - INFO - __main__ -   ('model_name', 'my_Bertweet')
02/26/2021 11:16:27 - INFO - __main__ -   ('exp_name', 'exp49')
02/26/2021 11:16:27 - INFO - __main__ -   ('train_data', './data/train_set_128_bertweet.bin')
02/26/2021 11:16:27 - INFO - __main__ -   ('test_data', './data/test_set_128_bertweet.bin')
02/26/2021 11:16:27 - INFO - __main__ -   ('k_folds', 4)
02/26/2021 11:16:27 - INFO - __main__ -   ('folds2run', 1)
02/26/2021 11:16:27 - INFO - __main__ -   ('debug', False)
02/26/2021 11:16:27 - INFO - __main__ -   ('log_interval', 1)
02/26/2021 11:16:27 - INFO - __main__ -   ('loss_fn', 'ce_loss')
02/26/2021 11:16:27 - INFO - __main__ -   ('w_sample', True)
02/26/2021 11:16:27 - INFO - __main__ -   ('pretrain_model', '')
02/26/2021 11:16:27 - INFO - __main__ -   ('epochs2giveup', 20)
02/26/2021 11:16:27 - INFO - __main__ -   ('dropout', 0.25)
02/26/2021 11:16:27 - INFO - __main__ -   ------------------ Getting model -------------------
02/26/2021 11:16:33 - INFO - __main__ -   --------------- Getting dataframes -----------------
02/26/2021 11:16:33 - INFO - __main__ -   ------- Setting loss function and optimizer --------
02/26/2021 11:16:33 - INFO - __main__ -   ------------ Converting to dataloaders -------------
02/26/2021 11:16:33 - INFO - __main__ -   939
02/26/2021 11:16:33 - INFO - __main__ -   810
02/26/2021 11:16:33 - INFO - __main__ -   722
02/26/2021 11:16:33 - INFO - __main__ -   92
02/26/2021 11:16:33 - INFO - __main__ -   ---------------- Starting training -----------------
02/26/2021 11:16:34 - INFO - __main__ -   	EPOCH:   0	MiniBatch:    0
02/26/2021 11:16:37 - INFO - __main__ -   	EPOCH:   0	MiniBatch:    1
02/26/2021 11:16:38 - INFO - __main__ -   	EPOCH:   0	MiniBatch:    2
02/26/2021 11:16:39 - INFO - __main__ -   	EPOCH:   0	MiniBatch:    3
02/26/2021 11:16:40 - INFO - __main__ -   	EPOCH:   0	MiniBatch:    4
02/26/2021 11:16:42 - INFO - __main__ -   	EPOCH:   0	MiniBatch:    5
02/26/2021 11:16:43 - INFO - __main__ -   	EPOCH:   0	MiniBatch:    6
02/26/2021 11:16:44 - INFO - __main__ -   	EPOCH:   0	MiniBatch:    7
02/26/2021 11:16:45 - INFO - __main__ -   	EPOCH:   0	MiniBatch:    8
02/26/2021 11:16:46 - INFO - __main__ -   	Testing dev Minibatch:    0
02/26/2021 11:16:46 - INFO - __main__ -   	Testing dev Minibatch:    1
02/26/2021 11:16:47 - INFO - __main__ -   	Testing dev Minibatch:    2
02/26/2021 11:16:47 - INFO - __main__ -   
Labels 	Prec. 	Recall	F1    	Supp  
Denial 	0.5385	0.3003	0.3856	303
Support	0.3905	0.7482	0.5131	274
Comment	1.0000	0.0040	0.0080	248
Queries	0.1006	0.5517	0.1702	29
MacroF1	0.2692
F1w_avg	0.3096
Acc    	36.7

02/26/2021 11:16:48 - INFO - __main__ -   	EPOCH:   1	MiniBatch:    0
02/26/2021 11:16:49 - INFO - __main__ -   	EPOCH:   1	MiniBatch:    1
02/26/2021 11:16:50 - INFO - __main__ -   	EPOCH:   1	MiniBatch:    2
02/26/2021 11:16:51 - INFO - __main__ -   	EPOCH:   1	MiniBatch:    3
02/26/2021 11:16:52 - INFO - __main__ -   	EPOCH:   1	MiniBatch:    4
02/26/2021 11:16:54 - INFO - __main__ -   	EPOCH:   1	MiniBatch:    5
02/26/2021 11:16:55 - INFO - __main__ -   	EPOCH:   1	MiniBatch:    6
02/26/2021 11:16:56 - INFO - __main__ -   	EPOCH:   1	MiniBatch:    7
02/26/2021 11:16:57 - INFO - __main__ -   	EPOCH:   1	MiniBatch:    8
02/26/2021 11:16:58 - INFO - __main__ -   	Testing dev Minibatch:    0
02/26/2021 11:16:58 - INFO - __main__ -   	Testing dev Minibatch:    1
02/26/2021 11:16:59 - INFO - __main__ -   	Testing dev Minibatch:    2
02/26/2021 11:16:59 - INFO - __main__ -   
Labels 	Prec. 	Recall	F1    	Supp  
Denial 	0.4255	0.8581	0.5689	303
Support	0.5217	0.0438	0.0808	274
Comment	0.4518	0.3024	0.3623	248
Queries	0.2963	0.5517	0.3855	29
MacroF1	0.3494
F1w_avg	0.3461
Acc    	42.5

02/26/2021 11:17:01 - INFO - __main__ -   	EPOCH:   2	MiniBatch:    0
02/26/2021 11:17:02 - INFO - __main__ -   	EPOCH:   2	MiniBatch:    1
02/26/2021 11:17:03 - INFO - __main__ -   	EPOCH:   2	MiniBatch:    2
02/26/2021 11:17:04 - INFO - __main__ -   	EPOCH:   2	MiniBatch:    3
02/26/2021 11:17:06 - INFO - __main__ -   	EPOCH:   2	MiniBatch:    4
02/26/2021 11:17:07 - INFO - __main__ -   	EPOCH:   2	MiniBatch:    5
02/26/2021 11:17:08 - INFO - __main__ -   	EPOCH:   2	MiniBatch:    6
02/26/2021 11:17:09 - INFO - __main__ -   	EPOCH:   2	MiniBatch:    7
02/26/2021 11:17:10 - INFO - __main__ -   	EPOCH:   2	MiniBatch:    8
02/26/2021 11:17:11 - INFO - __main__ -   	Testing dev Minibatch:    0
02/26/2021 11:17:12 - INFO - __main__ -   	Testing dev Minibatch:    1
02/26/2021 11:17:12 - INFO - __main__ -   	Testing dev Minibatch:    2
02/26/2021 11:17:12 - INFO - __main__ -   
Labels 	Prec. 	Recall	F1    	Supp  
Denial 	0.5614	0.7393	0.6382	303
Support	0.4592	0.6168	0.5265	274
Comment	0.6111	0.1774	0.2750	248
Queries	0.4667	0.2414	0.3182	29
MacroF1	0.4395
F1w_avg	0.4860
Acc    	52.0

02/26/2021 11:17:14 - INFO - __main__ -   	EPOCH:   3	MiniBatch:    0
02/26/2021 11:17:15 - INFO - __main__ -   	EPOCH:   3	MiniBatch:    1
02/26/2021 11:17:16 - INFO - __main__ -   	EPOCH:   3	MiniBatch:    2
02/26/2021 11:17:18 - INFO - __main__ -   	EPOCH:   3	MiniBatch:    3
02/26/2021 11:17:19 - INFO - __main__ -   	EPOCH:   3	MiniBatch:    4
02/26/2021 11:17:20 - INFO - __main__ -   	EPOCH:   3	MiniBatch:    5
02/26/2021 11:17:21 - INFO - __main__ -   	EPOCH:   3	MiniBatch:    6
02/26/2021 11:17:22 - INFO - __main__ -   	EPOCH:   3	MiniBatch:    7
02/26/2021 11:17:23 - INFO - __main__ -   	EPOCH:   3	MiniBatch:    8
02/26/2021 11:17:24 - INFO - __main__ -   	Testing dev Minibatch:    0
02/26/2021 11:17:25 - INFO - __main__ -   	Testing dev Minibatch:    1
02/26/2021 11:17:25 - INFO - __main__ -   	Testing dev Minibatch:    2
02/26/2021 11:17:26 - INFO - __main__ -   
Labels 	Prec. 	Recall	F1    	Supp  
Denial 	0.7568	0.5545	0.6400	303
Support	0.4660	0.7263	0.5678	274
Comment	0.5291	0.4032	0.4577	248
Queries	0.4375	0.2414	0.3111	29
MacroF1	0.4941
F1w_avg	0.5527
Acc    	55.5

02/26/2021 11:17:27 - INFO - __main__ -   	EPOCH:   4	MiniBatch:    0
02/26/2021 11:17:28 - INFO - __main__ -   	EPOCH:   4	MiniBatch:    1
02/26/2021 11:17:30 - INFO - __main__ -   	EPOCH:   4	MiniBatch:    2
02/26/2021 11:17:31 - INFO - __main__ -   	EPOCH:   4	MiniBatch:    3
02/26/2021 11:17:32 - INFO - __main__ -   	EPOCH:   4	MiniBatch:    4
02/26/2021 11:17:33 - INFO - __main__ -   	EPOCH:   4	MiniBatch:    5
02/26/2021 11:17:34 - INFO - __main__ -   	EPOCH:   4	MiniBatch:    6
02/26/2021 11:17:35 - INFO - __main__ -   	EPOCH:   4	MiniBatch:    7
02/26/2021 11:17:37 - INFO - __main__ -   	EPOCH:   4	MiniBatch:    8
02/26/2021 11:17:37 - INFO - __main__ -   	Testing dev Minibatch:    0
02/26/2021 11:17:38 - INFO - __main__ -   	Testing dev Minibatch:    1
02/26/2021 11:17:38 - INFO - __main__ -   	Testing dev Minibatch:    2
02/26/2021 11:17:39 - INFO - __main__ -   
Labels 	Prec. 	Recall	F1    	Supp  
Denial 	0.6621	0.6403	0.6510	303
Support	0.5182	0.6752	0.5864	274
Comment	0.5053	0.3871	0.4384	248
Queries	0.3571	0.1724	0.2326	29
MacroF1	0.4771
F1w_avg	0.5543
Acc    	56.2

02/26/2021 11:17:39 - INFO - __main__ -   	EPOCH:   5	MiniBatch:    0
02/26/2021 11:17:40 - INFO - __main__ -   	EPOCH:   5	MiniBatch:    1
02/26/2021 11:17:41 - INFO - __main__ -   	EPOCH:   5	MiniBatch:    2
02/26/2021 11:17:42 - INFO - __main__ -   	EPOCH:   5	MiniBatch:    3
02/26/2021 11:17:44 - INFO - __main__ -   	EPOCH:   5	MiniBatch:    4
02/26/2021 11:17:45 - INFO - __main__ -   	EPOCH:   5	MiniBatch:    5
02/26/2021 11:17:46 - INFO - __main__ -   	EPOCH:   5	MiniBatch:    6
02/26/2021 11:17:47 - INFO - __main__ -   	EPOCH:   5	MiniBatch:    7
02/26/2021 11:17:48 - INFO - __main__ -   	EPOCH:   5	MiniBatch:    8
02/26/2021 11:17:49 - INFO - __main__ -   	Testing dev Minibatch:    0
02/26/2021 11:17:49 - INFO - __main__ -   	Testing dev Minibatch:    1
02/26/2021 11:17:50 - INFO - __main__ -   	Testing dev Minibatch:    2
02/26/2021 11:17:50 - INFO - __main__ -   
Labels 	Prec. 	Recall	F1    	Supp  
Denial 	0.6453	0.6964	0.6698	303
Support	0.6597	0.4599	0.5419	274
Comment	0.4852	0.5968	0.5353	248
Queries	0.3226	0.3448	0.3333	29
MacroF1	0.5201
F1w_avg	0.5783
Acc    	58.0

02/26/2021 11:17:52 - INFO - __main__ -   	EPOCH:   6	MiniBatch:    0
02/26/2021 11:17:53 - INFO - __main__ -   	EPOCH:   6	MiniBatch:    1
02/26/2021 11:17:54 - INFO - __main__ -   	EPOCH:   6	MiniBatch:    2
02/26/2021 11:17:56 - INFO - __main__ -   	EPOCH:   6	MiniBatch:    3
02/26/2021 11:17:57 - INFO - __main__ -   	EPOCH:   6	MiniBatch:    4
02/26/2021 11:17:58 - INFO - __main__ -   	EPOCH:   6	MiniBatch:    5
02/26/2021 11:17:59 - INFO - __main__ -   	EPOCH:   6	MiniBatch:    6
02/26/2021 11:18:00 - INFO - __main__ -   	EPOCH:   6	MiniBatch:    7
02/26/2021 11:18:01 - INFO - __main__ -   	EPOCH:   6	MiniBatch:    8
02/26/2021 11:18:02 - INFO - __main__ -   	Testing dev Minibatch:    0
02/26/2021 11:18:03 - INFO - __main__ -   	Testing dev Minibatch:    1
02/26/2021 11:18:03 - INFO - __main__ -   	Testing dev Minibatch:    2
02/26/2021 11:18:03 - INFO - __main__ -   
Labels 	Prec. 	Recall	F1    	Supp  
Denial 	0.6937	0.6502	0.6712	303
Support	0.5399	0.5438	0.5418	274
Comment	0.4652	0.5121	0.4875	248
Queries	0.3810	0.2759	0.3200	29
MacroF1	0.5051
F1w_avg	0.5644
Acc    	56.3

02/26/2021 11:18:04 - INFO - __main__ -   	EPOCH:   7	MiniBatch:    0
02/26/2021 11:18:05 - INFO - __main__ -   	EPOCH:   7	MiniBatch:    1
02/26/2021 11:18:06 - INFO - __main__ -   	EPOCH:   7	MiniBatch:    2
02/26/2021 11:18:07 - INFO - __main__ -   	EPOCH:   7	MiniBatch:    3
02/26/2021 11:18:08 - INFO - __main__ -   	EPOCH:   7	MiniBatch:    4
02/26/2021 11:18:09 - INFO - __main__ -   	EPOCH:   7	MiniBatch:    5
02/26/2021 11:18:11 - INFO - __main__ -   	EPOCH:   7	MiniBatch:    6
02/26/2021 11:18:12 - INFO - __main__ -   	EPOCH:   7	MiniBatch:    7
02/26/2021 11:18:13 - INFO - __main__ -   	EPOCH:   7	MiniBatch:    8
02/26/2021 11:18:14 - INFO - __main__ -   	Testing dev Minibatch:    0
02/26/2021 11:18:14 - INFO - __main__ -   	Testing dev Minibatch:    1
02/26/2021 11:18:15 - INFO - __main__ -   	Testing dev Minibatch:    2
02/26/2021 11:18:15 - INFO - __main__ -   
Labels 	Prec. 	Recall	F1    	Supp  
Denial 	0.7565	0.5743	0.6529	303
Support	0.5256	0.5620	0.5432	274
Comment	0.4654	0.5968	0.5230	248
Queries	0.3846	0.1724	0.2381	29
MacroF1	0.4893
F1w_avg	0.5659
Acc    	56.3

02/26/2021 11:18:15 - INFO - __main__ -   	EPOCH:   8	MiniBatch:    0
02/26/2021 11:18:16 - INFO - __main__ -   	EPOCH:   8	MiniBatch:    1
02/26/2021 11:18:18 - INFO - __main__ -   	EPOCH:   8	MiniBatch:    2
02/26/2021 11:18:19 - INFO - __main__ -   	EPOCH:   8	MiniBatch:    3
02/26/2021 11:18:20 - INFO - __main__ -   	EPOCH:   8	MiniBatch:    4
02/26/2021 11:18:21 - INFO - __main__ -   	EPOCH:   8	MiniBatch:    5
02/26/2021 11:18:22 - INFO - __main__ -   	EPOCH:   8	MiniBatch:    6
02/26/2021 11:18:23 - INFO - __main__ -   	EPOCH:   8	MiniBatch:    7
02/26/2021 11:18:25 - INFO - __main__ -   	EPOCH:   8	MiniBatch:    8
02/26/2021 11:18:25 - INFO - __main__ -   	Testing dev Minibatch:    0
02/26/2021 11:18:26 - INFO - __main__ -   	Testing dev Minibatch:    1
02/26/2021 11:18:26 - INFO - __main__ -   	Testing dev Minibatch:    2
02/26/2021 11:18:27 - INFO - __main__ -   
Labels 	Prec. 	Recall	F1    	Supp  
Denial 	0.6481	0.6931	0.6699	303
Support	0.5512	0.5693	0.5601	274
Comment	0.5000	0.4677	0.4833	248
Queries	0.3333	0.1724	0.2273	29
MacroF1	0.4852
F1w_avg	0.5655
Acc    	57.0

02/26/2021 11:18:27 - INFO - __main__ -   	EPOCH:   9	MiniBatch:    0
02/26/2021 11:18:28 - INFO - __main__ -   	EPOCH:   9	MiniBatch:    1
02/26/2021 11:18:29 - INFO - __main__ -   	EPOCH:   9	MiniBatch:    2
02/26/2021 11:18:30 - INFO - __main__ -   	EPOCH:   9	MiniBatch:    3
02/26/2021 11:18:32 - INFO - __main__ -   	EPOCH:   9	MiniBatch:    4
02/26/2021 11:18:33 - INFO - __main__ -   	EPOCH:   9	MiniBatch:    5
02/26/2021 11:18:34 - INFO - __main__ -   	EPOCH:   9	MiniBatch:    6
02/26/2021 11:18:35 - INFO - __main__ -   	EPOCH:   9	MiniBatch:    7
02/26/2021 11:18:36 - INFO - __main__ -   	EPOCH:   9	MiniBatch:    8
02/26/2021 11:18:37 - INFO - __main__ -   	Testing dev Minibatch:    0
02/26/2021 11:18:37 - INFO - __main__ -   	Testing dev Minibatch:    1
02/26/2021 11:18:38 - INFO - __main__ -   	Testing dev Minibatch:    2
02/26/2021 11:18:38 - INFO - __main__ -   
Labels 	Prec. 	Recall	F1    	Supp  
Denial 	0.6168	0.6799	0.6468	303
Support	0.5639	0.5474	0.5556	274
Comment	0.5000	0.4476	0.4723	248
Queries	0.3125	0.3448	0.3279	29
MacroF1	0.5006
F1w_avg	0.5560
Acc    	55.9

02/26/2021 11:18:39 - INFO - __main__ -   	EPOCH:  10	MiniBatch:    0
02/26/2021 11:18:40 - INFO - __main__ -   	EPOCH:  10	MiniBatch:    1
02/26/2021 11:18:41 - INFO - __main__ -   	EPOCH:  10	MiniBatch:    2
02/26/2021 11:18:42 - INFO - __main__ -   	EPOCH:  10	MiniBatch:    3
02/26/2021 11:18:43 - INFO - __main__ -   	EPOCH:  10	MiniBatch:    4
02/26/2021 11:18:44 - INFO - __main__ -   	EPOCH:  10	MiniBatch:    5
02/26/2021 11:18:46 - INFO - __main__ -   	EPOCH:  10	MiniBatch:    6
02/26/2021 11:18:47 - INFO - __main__ -   	EPOCH:  10	MiniBatch:    7
02/26/2021 11:18:48 - INFO - __main__ -   	EPOCH:  10	MiniBatch:    8
02/26/2021 11:18:49 - INFO - __main__ -   	Testing dev Minibatch:    0
02/26/2021 11:18:49 - INFO - __main__ -   	Testing dev Minibatch:    1
02/26/2021 11:18:50 - INFO - __main__ -   	Testing dev Minibatch:    2
02/26/2021 11:18:50 - INFO - __main__ -   
Labels 	Prec. 	Recall	F1    	Supp  
Denial 	0.6055	0.7294	0.6617	303
Support	0.5328	0.6825	0.5984	274
Comment	0.5276	0.2702	0.3573	248
Queries	0.5455	0.2069	0.3000	29
MacroF1	0.4794
F1w_avg	0.5407
Acc    	56.3

02/26/2021 11:18:50 - INFO - __main__ -   	EPOCH:  11	MiniBatch:    0
02/26/2021 11:18:51 - INFO - __main__ -   	EPOCH:  11	MiniBatch:    1
02/26/2021 11:18:53 - INFO - __main__ -   	EPOCH:  11	MiniBatch:    2
02/26/2021 11:18:54 - INFO - __main__ -   	EPOCH:  11	MiniBatch:    3
02/26/2021 11:18:55 - INFO - __main__ -   	EPOCH:  11	MiniBatch:    4
02/26/2021 11:18:56 - INFO - __main__ -   	EPOCH:  11	MiniBatch:    5
02/26/2021 11:18:57 - INFO - __main__ -   	EPOCH:  11	MiniBatch:    6
02/26/2021 11:18:58 - INFO - __main__ -   	EPOCH:  11	MiniBatch:    7
02/26/2021 11:18:59 - INFO - __main__ -   	EPOCH:  11	MiniBatch:    8
02/26/2021 11:19:00 - INFO - __main__ -   	Testing dev Minibatch:    0
02/26/2021 11:19:01 - INFO - __main__ -   	Testing dev Minibatch:    1
02/26/2021 11:19:01 - INFO - __main__ -   	Testing dev Minibatch:    2
02/26/2021 11:19:02 - INFO - __main__ -   
Labels 	Prec. 	Recall	F1    	Supp  
Denial 	0.6325	0.6931	0.6614	303
Support	0.5000	0.7007	0.5836	274
Comment	0.5440	0.2742	0.3646	248
Queries	0.3846	0.1724	0.2381	29
MacroF1	0.4619
F1w_avg	0.5359
Acc    	55.6

02/26/2021 11:19:02 - INFO - __main__ -   	EPOCH:  12	MiniBatch:    0
02/26/2021 11:19:03 - INFO - __main__ -   	EPOCH:  12	MiniBatch:    1
02/26/2021 11:19:04 - INFO - __main__ -   	EPOCH:  12	MiniBatch:    2
02/26/2021 11:19:05 - INFO - __main__ -   	EPOCH:  12	MiniBatch:    3
02/26/2021 11:19:06 - INFO - __main__ -   	EPOCH:  12	MiniBatch:    4
02/26/2021 11:19:08 - INFO - __main__ -   	EPOCH:  12	MiniBatch:    5
02/26/2021 11:19:09 - INFO - __main__ -   	EPOCH:  12	MiniBatch:    6
02/26/2021 11:19:10 - INFO - __main__ -   	EPOCH:  12	MiniBatch:    7
02/26/2021 11:19:11 - INFO - __main__ -   	EPOCH:  12	MiniBatch:    8
02/26/2021 11:19:12 - INFO - __main__ -   	Testing dev Minibatch:    0
02/26/2021 11:19:12 - INFO - __main__ -   	Testing dev Minibatch:    1
02/26/2021 11:19:13 - INFO - __main__ -   	Testing dev Minibatch:    2
02/26/2021 11:19:13 - INFO - __main__ -   
Labels 	Prec. 	Recall	F1    	Supp  
Denial 	0.6235	0.6667	0.6443	303
Support	0.5375	0.4964	0.5161	274
Comment	0.4570	0.4718	0.4643	248
Queries	0.2857	0.2069	0.2400	29
MacroF1	0.4662
F1w_avg	0.5372
Acc    	54.0

02/26/2021 11:19:13 - INFO - __main__ -   	EPOCH:  13	MiniBatch:    0
02/26/2021 11:19:15 - INFO - __main__ -   	EPOCH:  13	MiniBatch:    1
02/26/2021 11:19:16 - INFO - __main__ -   	EPOCH:  13	MiniBatch:    2
02/26/2021 11:19:17 - INFO - __main__ -   	EPOCH:  13	MiniBatch:    3
02/26/2021 11:19:18 - INFO - __main__ -   	EPOCH:  13	MiniBatch:    4
02/26/2021 11:19:19 - INFO - __main__ -   	EPOCH:  13	MiniBatch:    5
02/26/2021 11:19:20 - INFO - __main__ -   	EPOCH:  13	MiniBatch:    6
02/26/2021 11:19:22 - INFO - __main__ -   	EPOCH:  13	MiniBatch:    7
02/26/2021 11:19:23 - INFO - __main__ -   	EPOCH:  13	MiniBatch:    8
02/26/2021 11:19:24 - INFO - __main__ -   	Testing dev Minibatch:    0
02/26/2021 11:19:24 - INFO - __main__ -   	Testing dev Minibatch:    1
02/26/2021 11:19:24 - INFO - __main__ -   	Testing dev Minibatch:    2
02/26/2021 11:19:25 - INFO - __main__ -   
Labels 	Prec. 	Recall	F1    	Supp  
Denial 	0.6735	0.6469	0.6599	303
Support	0.4987	0.6752	0.5736	274
Comment	0.5000	0.3629	0.4206	248
Queries	0.4167	0.1724	0.2439	29
MacroF1	0.4745
F1w_avg	0.5486
Acc    	55.7

02/26/2021 11:19:25 - INFO - __main__ -   	EPOCH:  14	MiniBatch:    0
02/26/2021 11:19:26 - INFO - __main__ -   	EPOCH:  14	MiniBatch:    1
02/26/2021 11:19:27 - INFO - __main__ -   	EPOCH:  14	MiniBatch:    2
02/26/2021 11:19:28 - INFO - __main__ -   	EPOCH:  14	MiniBatch:    3
02/26/2021 11:19:30 - INFO - __main__ -   	EPOCH:  14	MiniBatch:    4
02/26/2021 11:19:31 - INFO - __main__ -   	EPOCH:  14	MiniBatch:    5
02/26/2021 11:19:32 - INFO - __main__ -   	EPOCH:  14	MiniBatch:    6
02/26/2021 11:19:33 - INFO - __main__ -   	EPOCH:  14	MiniBatch:    7
02/26/2021 11:19:34 - INFO - __main__ -   	EPOCH:  14	MiniBatch:    8
02/26/2021 11:19:35 - INFO - __main__ -   	Testing dev Minibatch:    0
02/26/2021 11:19:36 - INFO - __main__ -   	Testing dev Minibatch:    1
02/26/2021 11:19:36 - INFO - __main__ -   	Testing dev Minibatch:    2
02/26/2021 11:19:36 - INFO - __main__ -   
Labels 	Prec. 	Recall	F1    	Supp  
Denial 	0.5944	0.6964	0.6413	303
Support	0.5120	0.6241	0.5625	274
Comment	0.5168	0.3105	0.3879	248
Queries	0.3125	0.1724	0.2222	29
MacroF1	0.4535
F1w_avg	0.5282
Acc    	54.3

02/26/2021 11:19:37 - INFO - __main__ -   	EPOCH:  15	MiniBatch:    0
02/26/2021 11:19:38 - INFO - __main__ -   	EPOCH:  15	MiniBatch:    1
02/26/2021 11:19:39 - INFO - __main__ -   	EPOCH:  15	MiniBatch:    2
02/26/2021 11:19:40 - INFO - __main__ -   	EPOCH:  15	MiniBatch:    3
02/26/2021 11:19:41 - INFO - __main__ -   	EPOCH:  15	MiniBatch:    4
02/26/2021 11:19:42 - INFO - __main__ -   	EPOCH:  15	MiniBatch:    5
02/26/2021 11:19:44 - INFO - __main__ -   	EPOCH:  15	MiniBatch:    6
02/26/2021 11:19:45 - INFO - __main__ -   	EPOCH:  15	MiniBatch:    7
02/26/2021 11:19:46 - INFO - __main__ -   	EPOCH:  15	MiniBatch:    8
02/26/2021 11:19:47 - INFO - __main__ -   	Testing dev Minibatch:    0
02/26/2021 11:19:47 - INFO - __main__ -   	Testing dev Minibatch:    1
02/26/2021 11:19:48 - INFO - __main__ -   	Testing dev Minibatch:    2
02/26/2021 11:19:48 - INFO - __main__ -   
Labels 	Prec. 	Recall	F1    	Supp  
Denial 	0.5930	0.6733	0.6306	303
Support	0.5333	0.6715	0.5945	274
Comment	0.5260	0.3266	0.4030	248
Queries	0.3636	0.1379	0.2000	29
MacroF1	0.4570
F1w_avg	0.5383
Acc    	55.4

02/26/2021 11:19:48 - INFO - __main__ -   	EPOCH:  16	MiniBatch:    0
02/26/2021 11:19:49 - INFO - __main__ -   	EPOCH:  16	MiniBatch:    1
02/26/2021 11:19:51 - INFO - __main__ -   	EPOCH:  16	MiniBatch:    2
02/26/2021 11:19:52 - INFO - __main__ -   	EPOCH:  16	MiniBatch:    3
02/26/2021 11:19:53 - INFO - __main__ -   	EPOCH:  16	MiniBatch:    4
02/26/2021 11:19:54 - INFO - __main__ -   	EPOCH:  16	MiniBatch:    5
02/26/2021 11:19:55 - INFO - __main__ -   	EPOCH:  16	MiniBatch:    6
02/26/2021 11:19:56 - INFO - __main__ -   	EPOCH:  16	MiniBatch:    7
02/26/2021 11:19:57 - INFO - __main__ -   	EPOCH:  16	MiniBatch:    8
02/26/2021 11:19:58 - INFO - __main__ -   	Testing dev Minibatch:    0
02/26/2021 11:19:59 - INFO - __main__ -   	Testing dev Minibatch:    1
02/26/2021 11:19:59 - INFO - __main__ -   	Testing dev Minibatch:    2
02/26/2021 11:20:00 - INFO - __main__ -   
Labels 	Prec. 	Recall	F1    	Supp  
Denial 	0.6752	0.6106	0.6412	303
Support	0.5187	0.7591	0.6163	274
Comment	0.5868	0.3952	0.4723	248
Queries	0.4167	0.1724	0.2439	29
MacroF1	0.4934
F1w_avg	0.5707
Acc    	58.1

02/26/2021 11:20:00 - INFO - __main__ -   	EPOCH:  17	MiniBatch:    0
02/26/2021 11:20:01 - INFO - __main__ -   	EPOCH:  17	MiniBatch:    1
02/26/2021 11:20:02 - INFO - __main__ -   	EPOCH:  17	MiniBatch:    2
02/26/2021 11:20:03 - INFO - __main__ -   	EPOCH:  17	MiniBatch:    3
02/26/2021 11:20:05 - INFO - __main__ -   	EPOCH:  17	MiniBatch:    4
02/26/2021 11:20:06 - INFO - __main__ -   	EPOCH:  17	MiniBatch:    5
02/26/2021 11:20:07 - INFO - __main__ -   	EPOCH:  17	MiniBatch:    6
02/26/2021 11:20:08 - INFO - __main__ -   	EPOCH:  17	MiniBatch:    7
02/26/2021 11:20:09 - INFO - __main__ -   	EPOCH:  17	MiniBatch:    8
02/26/2021 11:20:10 - INFO - __main__ -   	Testing dev Minibatch:    0
02/26/2021 11:20:10 - INFO - __main__ -   	Testing dev Minibatch:    1
02/26/2021 11:20:11 - INFO - __main__ -   	Testing dev Minibatch:    2
02/26/2021 11:20:11 - INFO - __main__ -   
Labels 	Prec. 	Recall	F1    	Supp  
Denial 	0.6544	0.6436	0.6489	303
Support	0.5195	0.7299	0.6070	274
Comment	0.5871	0.3669	0.4516	248
Queries	0.3750	0.2069	0.2667	29
MacroF1	0.4935
F1w_avg	0.5652
Acc    	57.6

02/26/2021 11:20:11 - INFO - __main__ -   	EPOCH:  18	MiniBatch:    0
02/26/2021 11:20:13 - INFO - __main__ -   	EPOCH:  18	MiniBatch:    1
02/26/2021 11:20:14 - INFO - __main__ -   	EPOCH:  18	MiniBatch:    2
02/26/2021 11:20:15 - INFO - __main__ -   	EPOCH:  18	MiniBatch:    3
02/26/2021 11:20:16 - INFO - __main__ -   	EPOCH:  18	MiniBatch:    4
02/26/2021 11:20:17 - INFO - __main__ -   	EPOCH:  18	MiniBatch:    5
02/26/2021 11:20:18 - INFO - __main__ -   	EPOCH:  18	MiniBatch:    6
02/26/2021 11:20:20 - INFO - __main__ -   	EPOCH:  18	MiniBatch:    7
02/26/2021 11:20:21 - INFO - __main__ -   	EPOCH:  18	MiniBatch:    8
02/26/2021 11:20:22 - INFO - __main__ -   	Testing dev Minibatch:    0
02/26/2021 11:20:22 - INFO - __main__ -   	Testing dev Minibatch:    1
02/26/2021 11:20:22 - INFO - __main__ -   	Testing dev Minibatch:    2
02/26/2021 11:20:23 - INFO - __main__ -   
Labels 	Prec. 	Recall	F1    	Supp  
Denial 	0.6757	0.6601	0.6678	303
Support	0.6182	0.3723	0.4647	274
Comment	0.4392	0.6694	0.5304	248
Queries	0.4000	0.2069	0.2727	29
MacroF1	0.4839
F1w_avg	0.5493
Acc    	55.5

02/26/2021 11:20:23 - INFO - __main__ -   	EPOCH:  19	MiniBatch:    0
02/26/2021 11:20:24 - INFO - __main__ -   	EPOCH:  19	MiniBatch:    1
02/26/2021 11:20:25 - INFO - __main__ -   	EPOCH:  19	MiniBatch:    2
02/26/2021 11:20:27 - INFO - __main__ -   	EPOCH:  19	MiniBatch:    3
02/26/2021 11:20:28 - INFO - __main__ -   	EPOCH:  19	MiniBatch:    4
02/26/2021 11:20:29 - INFO - __main__ -   	EPOCH:  19	MiniBatch:    5
02/26/2021 11:20:30 - INFO - __main__ -   	EPOCH:  19	MiniBatch:    6
02/26/2021 11:20:31 - INFO - __main__ -   	EPOCH:  19	MiniBatch:    7
02/26/2021 11:20:32 - INFO - __main__ -   	EPOCH:  19	MiniBatch:    8
02/26/2021 11:20:33 - INFO - __main__ -   	Testing dev Minibatch:    0
02/26/2021 11:20:34 - INFO - __main__ -   	Testing dev Minibatch:    1
02/26/2021 11:20:34 - INFO - __main__ -   	Testing dev Minibatch:    2
02/26/2021 11:20:34 - INFO - __main__ -   
Labels 	Prec. 	Recall	F1    	Supp  
Denial 	0.7103	0.5908	0.6450	303
Support	0.4958	0.6423	0.5596	274
Comment	0.4937	0.4718	0.4825	248
Queries	0.5000	0.1724	0.2564	29
MacroF1	0.4859
F1w_avg	0.5572
Acc    	55.9

02/26/2021 11:20:35 - INFO - __main__ -   	EPOCH:  20	MiniBatch:    0
02/26/2021 11:20:36 - INFO - __main__ -   	EPOCH:  20	MiniBatch:    1
02/26/2021 11:20:37 - INFO - __main__ -   	EPOCH:  20	MiniBatch:    2
02/26/2021 11:20:38 - INFO - __main__ -   	EPOCH:  20	MiniBatch:    3
02/26/2021 11:20:39 - INFO - __main__ -   	EPOCH:  20	MiniBatch:    4
02/26/2021 11:20:40 - INFO - __main__ -   	EPOCH:  20	MiniBatch:    5
02/26/2021 11:20:42 - INFO - __main__ -   	EPOCH:  20	MiniBatch:    6
02/26/2021 11:20:43 - INFO - __main__ -   	EPOCH:  20	MiniBatch:    7
02/26/2021 11:20:44 - INFO - __main__ -   	EPOCH:  20	MiniBatch:    8
02/26/2021 11:20:45 - INFO - __main__ -   	Testing dev Minibatch:    0
02/26/2021 11:20:45 - INFO - __main__ -   	Testing dev Minibatch:    1
02/26/2021 11:20:46 - INFO - __main__ -   	Testing dev Minibatch:    2
02/26/2021 11:20:46 - INFO - __main__ -   
Labels 	Prec. 	Recall	F1    	Supp  
Denial 	0.6469	0.6469	0.6469	303
Support	0.4971	0.6241	0.5534	274
Comment	0.5079	0.3871	0.4394	248
Queries	0.3889	0.2414	0.2979	29
MacroF1	0.4844
F1w_avg	0.5448
Acc    	55.0

02/26/2021 11:20:46 - INFO - __main__ -   	EPOCH:  21	MiniBatch:    0
02/26/2021 11:20:47 - INFO - __main__ -   	EPOCH:  21	MiniBatch:    1
02/26/2021 11:20:49 - INFO - __main__ -   	EPOCH:  21	MiniBatch:    2
02/26/2021 11:20:50 - INFO - __main__ -   	EPOCH:  21	MiniBatch:    3
02/26/2021 11:20:51 - INFO - __main__ -   	EPOCH:  21	MiniBatch:    4
02/26/2021 11:20:52 - INFO - __main__ -   	EPOCH:  21	MiniBatch:    5
02/26/2021 11:20:53 - INFO - __main__ -   	EPOCH:  21	MiniBatch:    6
02/26/2021 11:20:54 - INFO - __main__ -   	EPOCH:  21	MiniBatch:    7
02/26/2021 11:20:56 - INFO - __main__ -   	EPOCH:  21	MiniBatch:    8
02/26/2021 11:20:56 - INFO - __main__ -   	Testing dev Minibatch:    0
02/26/2021 11:20:57 - INFO - __main__ -   	Testing dev Minibatch:    1
02/26/2021 11:20:57 - INFO - __main__ -   	Testing dev Minibatch:    2
02/26/2021 11:20:58 - INFO - __main__ -   
Labels 	Prec. 	Recall	F1    	Supp  
Denial 	0.6726	0.6238	0.6473	303
Support	0.5014	0.6314	0.5590	274
Comment	0.4930	0.4274	0.4579	248
Queries	0.4615	0.2069	0.2857	29
MacroF1	0.4875
F1w_avg	0.5517
Acc    	55.5

02/26/2021 11:20:58 - INFO - __main__ -   	EPOCH:  22	MiniBatch:    0
02/26/2021 11:20:59 - INFO - __main__ -   	EPOCH:  22	MiniBatch:    1
02/26/2021 11:21:00 - INFO - __main__ -   	EPOCH:  22	MiniBatch:    2
02/26/2021 11:21:01 - INFO - __main__ -   	EPOCH:  22	MiniBatch:    3
02/26/2021 11:21:03 - INFO - __main__ -   	EPOCH:  22	MiniBatch:    4
02/26/2021 11:21:04 - INFO - __main__ -   	EPOCH:  22	MiniBatch:    5
02/26/2021 11:21:05 - INFO - __main__ -   	EPOCH:  22	MiniBatch:    6
02/26/2021 11:21:06 - INFO - __main__ -   	EPOCH:  22	MiniBatch:    7
02/26/2021 11:21:07 - INFO - __main__ -   	EPOCH:  22	MiniBatch:    8
02/26/2021 11:21:08 - INFO - __main__ -   	Testing dev Minibatch:    0
02/26/2021 11:21:09 - INFO - __main__ -   	Testing dev Minibatch:    1
02/26/2021 11:21:09 - INFO - __main__ -   	Testing dev Minibatch:    2
02/26/2021 11:21:09 - INFO - __main__ -   
Labels 	Prec. 	Recall	F1    	Supp  
Denial 	0.6667	0.5743	0.6170	303
Support	0.5108	0.6934	0.5882	274
Comment	0.5167	0.3750	0.4346	248
Queries	0.3415	0.4828	0.4000	29
MacroF1	0.5100
F1w_avg	0.5474
Acc    	55.2

02/26/2021 11:21:10 - INFO - __main__ -   	EPOCH:  23	MiniBatch:    0
02/26/2021 11:21:11 - INFO - __main__ -   	EPOCH:  23	MiniBatch:    1
02/26/2021 11:21:12 - INFO - __main__ -   	EPOCH:  23	MiniBatch:    2
02/26/2021 11:21:13 - INFO - __main__ -   	EPOCH:  23	MiniBatch:    3
02/26/2021 11:21:14 - INFO - __main__ -   	EPOCH:  23	MiniBatch:    4
02/26/2021 11:21:15 - INFO - __main__ -   	EPOCH:  23	MiniBatch:    5
02/26/2021 11:21:16 - INFO - __main__ -   	EPOCH:  23	MiniBatch:    6
02/26/2021 11:21:18 - INFO - __main__ -   	EPOCH:  23	MiniBatch:    7
02/26/2021 11:21:19 - INFO - __main__ -   	EPOCH:  23	MiniBatch:    8
02/26/2021 11:21:20 - INFO - __main__ -   	Testing dev Minibatch:    0
02/26/2021 11:21:20 - INFO - __main__ -   	Testing dev Minibatch:    1
02/26/2021 11:21:21 - INFO - __main__ -   	Testing dev Minibatch:    2
02/26/2021 11:21:21 - INFO - __main__ -   
Labels 	Prec. 	Recall	F1    	Supp  
Denial 	0.5942	0.7492	0.6628	303
Support	0.5978	0.4015	0.4803	274
Comment	0.4753	0.5040	0.4892	248
Queries	0.4400	0.3793	0.4074	29
MacroF1	0.5099
F1w_avg	0.5452
Acc    	55.4

02/26/2021 11:21:21 - INFO - __main__ -   	EPOCH:  24	MiniBatch:    0
02/26/2021 11:21:22 - INFO - __main__ -   	EPOCH:  24	MiniBatch:    1
02/26/2021 11:21:23 - INFO - __main__ -   	EPOCH:  24	MiniBatch:    2
02/26/2021 11:21:25 - INFO - __main__ -   	EPOCH:  24	MiniBatch:    3
02/26/2021 11:21:26 - INFO - __main__ -   	EPOCH:  24	MiniBatch:    4
02/26/2021 11:21:27 - INFO - __main__ -   	EPOCH:  24	MiniBatch:    5
02/26/2021 11:21:28 - INFO - __main__ -   	EPOCH:  24	MiniBatch:    6
02/26/2021 11:21:29 - INFO - __main__ -   	EPOCH:  24	MiniBatch:    7
02/26/2021 11:21:30 - INFO - __main__ -   	EPOCH:  24	MiniBatch:    8
02/26/2021 11:21:31 - INFO - __main__ -   	Testing dev Minibatch:    0
02/26/2021 11:21:32 - INFO - __main__ -   	Testing dev Minibatch:    1
02/26/2021 11:21:32 - INFO - __main__ -   	Testing dev Minibatch:    2
02/26/2021 11:21:33 - INFO - __main__ -   
Labels 	Prec. 	Recall	F1    	Supp  
Denial 	0.7178	0.5710	0.6360	303
Support	0.5251	0.5730	0.5480	274
Comment	0.4518	0.5484	0.4954	248
Queries	0.5385	0.2414	0.3333	29
MacroF1	0.5032
F1w_avg	0.5567
Acc    	55.4

02/26/2021 11:21:33 - INFO - __main__ -   	EPOCH:  25	MiniBatch:    0
02/26/2021 11:21:34 - INFO - __main__ -   	EPOCH:  25	MiniBatch:    1
02/26/2021 11:21:35 - INFO - __main__ -   	EPOCH:  25	MiniBatch:    2
02/26/2021 11:21:36 - INFO - __main__ -   	EPOCH:  25	MiniBatch:    3
02/26/2021 11:21:37 - INFO - __main__ -   	EPOCH:  25	MiniBatch:    4
02/26/2021 11:21:39 - INFO - __main__ -   	EPOCH:  25	MiniBatch:    5
02/26/2021 11:21:40 - INFO - __main__ -   	EPOCH:  25	MiniBatch:    6
02/26/2021 11:21:41 - INFO - __main__ -   	EPOCH:  25	MiniBatch:    7
02/26/2021 11:21:42 - INFO - __main__ -   	EPOCH:  25	MiniBatch:    8
02/26/2021 11:21:43 - INFO - __main__ -   	Testing dev Minibatch:    0
02/26/2021 11:21:43 - INFO - __main__ -   	Testing dev Minibatch:    1
02/26/2021 11:21:44 - INFO - __main__ -   	Testing dev Minibatch:    2
02/26/2021 11:21:44 - INFO - __main__ -   
Labels 	Prec. 	Recall	F1    	Supp  
Denial 	0.6396	0.6502	0.6448	303
Support	0.5682	0.5474	0.5576	274
Comment	0.4749	0.4960	0.4852	248
Queries	0.3913	0.3103	0.3462	29
MacroF1	0.5085
F1w_avg	0.5604
Acc    	56.1

02/26/2021 11:21:44 - INFO - __main__ -   No improvements in F1 for 20 epochs
02/26/2021 11:21:45 - INFO - __main__ -   	Testing test Minibatch:    0
02/26/2021 11:21:45 - INFO - __main__ -   	Testing test Minibatch:    1
02/26/2021 11:21:46 - INFO - __main__ -   	Testing test Minibatch:    2
02/26/2021 11:21:46 - INFO - __main__ -   
Labels 	Prec. 	Recall	F1    	Supp  
Denial 	0.5863	0.6993	0.6379	306
Support	0.6250	0.3684	0.4636	285
Comment	0.4104	0.4701	0.4382	234
Queries	0.3585	0.6552	0.4634	29
MacroF1	0.5008
F1w_avg	0.5191
Acc    	52.5

02/26/2021 11:21:46 - INFO - __main__ -   Time taken: 0h 5m 19s
