02/25/2021 13:30:36 - INFO - __main__ -   ----------------- Hyperparameters ------------------
02/25/2021 13:30:36 - INFO - __main__ -   ======== my_Bertweet =========
02/25/2021 13:30:36 - INFO - __main__ -   ===== Hyperparameters ======
02/25/2021 13:30:36 - INFO - __main__ -   ('batch_train', 100)
02/25/2021 13:30:36 - INFO - __main__ -   ('batch_test', 100)
02/25/2021 13:30:36 - INFO - __main__ -   ('epochs', 100)
02/25/2021 13:30:36 - INFO - __main__ -   ('learning_rate', 1e-05)
02/25/2021 13:30:36 - INFO - __main__ -   ('optimizer', 'adam')
02/25/2021 13:30:36 - INFO - __main__ -   ('do_train', True)
02/25/2021 13:30:36 - INFO - __main__ -   ('do_test', True)
02/25/2021 13:30:36 - INFO - __main__ -   ('model_name', 'my_Bertweet')
02/25/2021 13:30:36 - INFO - __main__ -   ('exp_name', 'exp43')
02/25/2021 13:30:36 - INFO - __main__ -   ('train_data', './data/train_set_128_bertweet.bin')
02/25/2021 13:30:36 - INFO - __main__ -   ('test_data', './data/test_set_128_bertweet.bin')
02/25/2021 13:30:36 - INFO - __main__ -   ('k_folds', 4)
02/25/2021 13:30:36 - INFO - __main__ -   ('folds2run', 1)
02/25/2021 13:30:36 - INFO - __main__ -   ('debug', False)
02/25/2021 13:30:36 - INFO - __main__ -   ('log_interval', 1)
02/25/2021 13:30:36 - INFO - __main__ -   ('loss_fn', 'ce_loss')
02/25/2021 13:30:36 - INFO - __main__ -   ('w_sample', True)
02/25/2021 13:30:36 - INFO - __main__ -   ('pretrain_model', '')
02/25/2021 13:30:36 - INFO - __main__ -   ('epochs2giveup', 20)
02/25/2021 13:30:36 - INFO - __main__ -   batch_train: 100
02/25/2021 13:30:36 - INFO - __main__ -   batch_test:  100
02/25/2021 13:30:36 - INFO - __main__ -   epochs: 100 
02/25/2021 13:30:36 - INFO - __main__ -   learning_rate: 0.000010
02/25/2021 13:30:36 - INFO - __main__ -   optimizer: adam
02/25/2021 13:30:36 - INFO - __main__ -   debug: False
02/25/2021 13:30:36 - INFO - __main__ -   ------------------ Getting model -------------------
02/25/2021 13:30:43 - INFO - __main__ -   --------------- Getting dataframes -----------------
02/25/2021 13:30:43 - INFO - __main__ -   ------- Setting loss function and optimizer --------
02/25/2021 13:30:43 - INFO - __main__ -   ------------ Converting to dataloaders -------------
02/25/2021 13:30:43 - INFO - __main__ -   956
02/25/2021 13:30:43 - INFO - __main__ -   816
02/25/2021 13:30:43 - INFO - __main__ -   706
02/25/2021 13:30:43 - INFO - __main__ -   85
02/25/2021 13:30:43 - INFO - __main__ -   ---------------- Starting training -----------------
02/25/2021 13:30:43 - INFO - __main__ -   	EPOCH:   0	MiniBatch:    0
02/25/2021 13:30:46 - INFO - __main__ -   	EPOCH:   0	MiniBatch:    1
02/25/2021 13:30:47 - INFO - __main__ -   	EPOCH:   0	MiniBatch:    2
02/25/2021 13:30:47 - INFO - __main__ -   	EPOCH:   0	MiniBatch:    3
02/25/2021 13:30:48 - INFO - __main__ -   	EPOCH:   0	MiniBatch:    4
02/25/2021 13:30:48 - INFO - __main__ -   	EPOCH:   0	MiniBatch:    5
02/25/2021 13:30:49 - INFO - __main__ -   	EPOCH:   0	MiniBatch:    6
02/25/2021 13:30:49 - INFO - __main__ -   	EPOCH:   0	MiniBatch:    7
02/25/2021 13:30:50 - INFO - __main__ -   	EPOCH:   0	MiniBatch:    8
02/25/2021 13:30:50 - INFO - __main__ -   	EPOCH:   0	MiniBatch:    9
02/25/2021 13:30:51 - INFO - __main__ -   	EPOCH:   0	MiniBatch:   10
02/25/2021 13:30:51 - INFO - __main__ -   	EPOCH:   0	MiniBatch:   11
02/25/2021 13:30:52 - INFO - __main__ -   	EPOCH:   0	MiniBatch:   12
02/25/2021 13:30:52 - INFO - __main__ -   	EPOCH:   0	MiniBatch:   13
02/25/2021 13:30:53 - INFO - __main__ -   	EPOCH:   0	MiniBatch:   14
02/25/2021 13:30:53 - INFO - __main__ -   	EPOCH:   0	MiniBatch:   15
02/25/2021 13:30:54 - INFO - __main__ -   	EPOCH:   0	MiniBatch:   16
02/25/2021 13:30:54 - INFO - __main__ -   	EPOCH:   0	MiniBatch:   17
02/25/2021 13:30:55 - INFO - __main__ -   	EPOCH:   0	MiniBatch:   18
02/25/2021 13:30:55 - INFO - __main__ -   	EPOCH:   0	MiniBatch:   19
02/25/2021 13:30:56 - INFO - __main__ -   	EPOCH:   0	MiniBatch:   20
02/25/2021 13:30:56 - INFO - __main__ -   	EPOCH:   0	MiniBatch:   21
02/25/2021 13:30:56 - INFO - __main__ -   	EPOCH:   0	MiniBatch:   22
02/25/2021 13:30:57 - INFO - __main__ -   	EPOCH:   0	MiniBatch:   23
02/25/2021 13:30:57 - INFO - __main__ -   	EPOCH:   0	MiniBatch:   24
02/25/2021 13:30:58 - INFO - __main__ -   	EPOCH:   0	MiniBatch:   25
02/25/2021 13:30:59 - INFO - __main__ -   	Testing dev Minibatch:    0
02/25/2021 13:30:59 - INFO - __main__ -   	Testing dev Minibatch:    1
02/25/2021 13:30:59 - INFO - __main__ -   	Testing dev Minibatch:    2
02/25/2021 13:30:59 - INFO - __main__ -   	Testing dev Minibatch:    3
02/25/2021 13:30:59 - INFO - __main__ -   	Testing dev Minibatch:    4
02/25/2021 13:30:59 - INFO - __main__ -   	Testing dev Minibatch:    5
02/25/2021 13:31:00 - INFO - __main__ -   	Testing dev Minibatch:    6
02/25/2021 13:31:00 - INFO - __main__ -   	Testing dev Minibatch:    7
02/25/2021 13:31:00 - INFO - __main__ -   	Testing dev Minibatch:    8
02/25/2021 13:31:00 - INFO - __main__ -   
Labels 	Prec. 	Recall	F1    	Supp  
Denial 	0.3322	0.6882	0.4481	279
Support	0.4591	0.2526	0.3259	289
Comment	0.0000	0.0000	0.0000	249
Queries	0.0513	0.1622	0.0779	37
MacroF1	0.2130
F1w_avg	0.2600
Acc    	31.7

02/25/2021 13:31:01 - INFO - __main__ -   	EPOCH:   1	MiniBatch:    0
02/25/2021 13:31:01 - INFO - __main__ -   	EPOCH:   1	MiniBatch:    1
02/25/2021 13:31:02 - INFO - __main__ -   	EPOCH:   1	MiniBatch:    2
02/25/2021 13:31:02 - INFO - __main__ -   	EPOCH:   1	MiniBatch:    3
02/25/2021 13:31:03 - INFO - __main__ -   	EPOCH:   1	MiniBatch:    4
02/25/2021 13:31:03 - INFO - __main__ -   	EPOCH:   1	MiniBatch:    5
02/25/2021 13:31:04 - INFO - __main__ -   	EPOCH:   1	MiniBatch:    6
02/25/2021 13:31:04 - INFO - __main__ -   	EPOCH:   1	MiniBatch:    7
02/25/2021 13:31:05 - INFO - __main__ -   	EPOCH:   1	MiniBatch:    8
02/25/2021 13:31:05 - INFO - __main__ -   	EPOCH:   1	MiniBatch:    9
02/25/2021 13:31:06 - INFO - __main__ -   	EPOCH:   1	MiniBatch:   10
02/25/2021 13:31:06 - INFO - __main__ -   	EPOCH:   1	MiniBatch:   11
02/25/2021 13:31:07 - INFO - __main__ -   	EPOCH:   1	MiniBatch:   12
02/25/2021 13:31:07 - INFO - __main__ -   	EPOCH:   1	MiniBatch:   13
02/25/2021 13:31:08 - INFO - __main__ -   	EPOCH:   1	MiniBatch:   14
02/25/2021 13:31:08 - INFO - __main__ -   	EPOCH:   1	MiniBatch:   15
02/25/2021 13:31:09 - INFO - __main__ -   	EPOCH:   1	MiniBatch:   16
02/25/2021 13:31:09 - INFO - __main__ -   	EPOCH:   1	MiniBatch:   17
02/25/2021 13:31:10 - INFO - __main__ -   	EPOCH:   1	MiniBatch:   18
02/25/2021 13:31:10 - INFO - __main__ -   	EPOCH:   1	MiniBatch:   19
02/25/2021 13:31:11 - INFO - __main__ -   	EPOCH:   1	MiniBatch:   20
02/25/2021 13:31:11 - INFO - __main__ -   	EPOCH:   1	MiniBatch:   21
02/25/2021 13:31:12 - INFO - __main__ -   	EPOCH:   1	MiniBatch:   22
02/25/2021 13:31:12 - INFO - __main__ -   	EPOCH:   1	MiniBatch:   23
02/25/2021 13:31:13 - INFO - __main__ -   	EPOCH:   1	MiniBatch:   24
02/25/2021 13:31:13 - INFO - __main__ -   	EPOCH:   1	MiniBatch:   25
02/25/2021 13:31:14 - INFO - __main__ -   	Testing dev Minibatch:    0
02/25/2021 13:31:14 - INFO - __main__ -   	Testing dev Minibatch:    1
02/25/2021 13:31:14 - INFO - __main__ -   	Testing dev Minibatch:    2
02/25/2021 13:31:14 - INFO - __main__ -   	Testing dev Minibatch:    3
02/25/2021 13:31:15 - INFO - __main__ -   	Testing dev Minibatch:    4
02/25/2021 13:31:15 - INFO - __main__ -   	Testing dev Minibatch:    5
02/25/2021 13:31:15 - INFO - __main__ -   	Testing dev Minibatch:    6
02/25/2021 13:31:15 - INFO - __main__ -   	Testing dev Minibatch:    7
02/25/2021 13:31:15 - INFO - __main__ -   	Testing dev Minibatch:    8
02/25/2021 13:31:15 - INFO - __main__ -   
Labels 	Prec. 	Recall	F1    	Supp  
Denial 	0.4110	0.1075	0.1705	279
Support	0.4311	0.7682	0.5522	289
Comment	0.0000	0.0000	0.0000	249
Queries	0.0714	0.5135	0.1254	37
MacroF1	0.2120
F1w_avg	0.2480
Acc    	31.7

02/25/2021 13:31:16 - INFO - __main__ -   	EPOCH:   2	MiniBatch:    0
02/25/2021 13:31:16 - INFO - __main__ -   	EPOCH:   2	MiniBatch:    1
02/25/2021 13:31:17 - INFO - __main__ -   	EPOCH:   2	MiniBatch:    2
02/25/2021 13:31:17 - INFO - __main__ -   	EPOCH:   2	MiniBatch:    3
02/25/2021 13:31:18 - INFO - __main__ -   	EPOCH:   2	MiniBatch:    4
02/25/2021 13:31:18 - INFO - __main__ -   	EPOCH:   2	MiniBatch:    5
02/25/2021 13:31:19 - INFO - __main__ -   	EPOCH:   2	MiniBatch:    6
02/25/2021 13:31:19 - INFO - __main__ -   	EPOCH:   2	MiniBatch:    7
02/25/2021 13:31:20 - INFO - __main__ -   	EPOCH:   2	MiniBatch:    8
02/25/2021 13:31:20 - INFO - __main__ -   	EPOCH:   2	MiniBatch:    9
02/25/2021 13:31:21 - INFO - __main__ -   	EPOCH:   2	MiniBatch:   10
02/25/2021 13:31:21 - INFO - __main__ -   	EPOCH:   2	MiniBatch:   11
02/25/2021 13:31:22 - INFO - __main__ -   	EPOCH:   2	MiniBatch:   12
02/25/2021 13:31:22 - INFO - __main__ -   	EPOCH:   2	MiniBatch:   13
02/25/2021 13:31:23 - INFO - __main__ -   	EPOCH:   2	MiniBatch:   14
02/25/2021 13:31:23 - INFO - __main__ -   	EPOCH:   2	MiniBatch:   15
02/25/2021 13:31:24 - INFO - __main__ -   	EPOCH:   2	MiniBatch:   16
02/25/2021 13:31:24 - INFO - __main__ -   	EPOCH:   2	MiniBatch:   17
02/25/2021 13:31:25 - INFO - __main__ -   	EPOCH:   2	MiniBatch:   18
02/25/2021 13:31:25 - INFO - __main__ -   	EPOCH:   2	MiniBatch:   19
02/25/2021 13:31:26 - INFO - __main__ -   	EPOCH:   2	MiniBatch:   20
02/25/2021 13:31:26 - INFO - __main__ -   	EPOCH:   2	MiniBatch:   21
02/25/2021 13:31:26 - INFO - __main__ -   	EPOCH:   2	MiniBatch:   22
02/25/2021 13:31:27 - INFO - __main__ -   	EPOCH:   2	MiniBatch:   23
02/25/2021 13:31:27 - INFO - __main__ -   	EPOCH:   2	MiniBatch:   24
02/25/2021 13:31:28 - INFO - __main__ -   	EPOCH:   2	MiniBatch:   25
02/25/2021 13:31:29 - INFO - __main__ -   	Testing dev Minibatch:    0
02/25/2021 13:31:29 - INFO - __main__ -   	Testing dev Minibatch:    1
02/25/2021 13:31:29 - INFO - __main__ -   	Testing dev Minibatch:    2
02/25/2021 13:31:29 - INFO - __main__ -   	Testing dev Minibatch:    3
02/25/2021 13:31:29 - INFO - __main__ -   	Testing dev Minibatch:    4
02/25/2021 13:31:29 - INFO - __main__ -   	Testing dev Minibatch:    5
02/25/2021 13:31:30 - INFO - __main__ -   	Testing dev Minibatch:    6
02/25/2021 13:31:30 - INFO - __main__ -   	Testing dev Minibatch:    7
02/25/2021 13:31:30 - INFO - __main__ -   	Testing dev Minibatch:    8
02/25/2021 13:31:30 - INFO - __main__ -   
Labels 	Prec. 	Recall	F1    	Supp  
Denial 	0.3995	0.6057	0.4815	279
Support	0.4858	0.3564	0.4112	289
Comment	0.4242	0.1687	0.2414	249
Queries	0.1750	0.5676	0.2675	37
MacroF1	0.3504
F1w_avg	0.3784
Acc    	39.2

02/25/2021 13:31:32 - INFO - __main__ -   	EPOCH:   3	MiniBatch:    0
02/25/2021 13:31:33 - INFO - __main__ -   	EPOCH:   3	MiniBatch:    1
02/25/2021 13:31:33 - INFO - __main__ -   	EPOCH:   3	MiniBatch:    2
02/25/2021 13:31:34 - INFO - __main__ -   	EPOCH:   3	MiniBatch:    3
02/25/2021 13:31:34 - INFO - __main__ -   	EPOCH:   3	MiniBatch:    4
02/25/2021 13:31:34 - INFO - __main__ -   	EPOCH:   3	MiniBatch:    5
02/25/2021 13:31:35 - INFO - __main__ -   	EPOCH:   3	MiniBatch:    6
02/25/2021 13:31:35 - INFO - __main__ -   	EPOCH:   3	MiniBatch:    7
02/25/2021 13:31:36 - INFO - __main__ -   	EPOCH:   3	MiniBatch:    8
02/25/2021 13:31:36 - INFO - __main__ -   	EPOCH:   3	MiniBatch:    9
02/25/2021 13:31:37 - INFO - __main__ -   	EPOCH:   3	MiniBatch:   10
02/25/2021 13:31:37 - INFO - __main__ -   	EPOCH:   3	MiniBatch:   11
02/25/2021 13:31:38 - INFO - __main__ -   	EPOCH:   3	MiniBatch:   12
02/25/2021 13:31:38 - INFO - __main__ -   	EPOCH:   3	MiniBatch:   13
02/25/2021 13:31:39 - INFO - __main__ -   	EPOCH:   3	MiniBatch:   14
02/25/2021 13:31:39 - INFO - __main__ -   	EPOCH:   3	MiniBatch:   15
02/25/2021 13:31:40 - INFO - __main__ -   	EPOCH:   3	MiniBatch:   16
02/25/2021 13:31:40 - INFO - __main__ -   	EPOCH:   3	MiniBatch:   17
02/25/2021 13:31:41 - INFO - __main__ -   	EPOCH:   3	MiniBatch:   18
02/25/2021 13:31:41 - INFO - __main__ -   	EPOCH:   3	MiniBatch:   19
02/25/2021 13:31:42 - INFO - __main__ -   	EPOCH:   3	MiniBatch:   20
02/25/2021 13:31:42 - INFO - __main__ -   	EPOCH:   3	MiniBatch:   21
02/25/2021 13:31:43 - INFO - __main__ -   	EPOCH:   3	MiniBatch:   22
02/25/2021 13:31:43 - INFO - __main__ -   	EPOCH:   3	MiniBatch:   23
02/25/2021 13:31:44 - INFO - __main__ -   	EPOCH:   3	MiniBatch:   24
02/25/2021 13:31:44 - INFO - __main__ -   	EPOCH:   3	MiniBatch:   25
02/25/2021 13:31:45 - INFO - __main__ -   	Testing dev Minibatch:    0
02/25/2021 13:31:45 - INFO - __main__ -   	Testing dev Minibatch:    1
02/25/2021 13:31:45 - INFO - __main__ -   	Testing dev Minibatch:    2
02/25/2021 13:31:45 - INFO - __main__ -   	Testing dev Minibatch:    3
02/25/2021 13:31:46 - INFO - __main__ -   	Testing dev Minibatch:    4
02/25/2021 13:31:46 - INFO - __main__ -   	Testing dev Minibatch:    5
02/25/2021 13:31:46 - INFO - __main__ -   	Testing dev Minibatch:    6
02/25/2021 13:31:46 - INFO - __main__ -   	Testing dev Minibatch:    7
02/25/2021 13:31:46 - INFO - __main__ -   	Testing dev Minibatch:    8
02/25/2021 13:31:46 - INFO - __main__ -   
Labels 	Prec. 	Recall	F1    	Supp  
Denial 	0.4906	0.1864	0.2701	279
Support	0.4409	0.7751	0.5621	289
Comment	0.4656	0.3534	0.4018	249
Queries	0.2157	0.2973	0.2500	37
MacroF1	0.3710
F1w_avg	0.4065
Acc    	43.9

02/25/2021 13:31:48 - INFO - __main__ -   	EPOCH:   4	MiniBatch:    0
02/25/2021 13:31:49 - INFO - __main__ -   	EPOCH:   4	MiniBatch:    1
02/25/2021 13:31:49 - INFO - __main__ -   	EPOCH:   4	MiniBatch:    2
02/25/2021 13:31:50 - INFO - __main__ -   	EPOCH:   4	MiniBatch:    3
02/25/2021 13:31:50 - INFO - __main__ -   	EPOCH:   4	MiniBatch:    4
02/25/2021 13:31:51 - INFO - __main__ -   	EPOCH:   4	MiniBatch:    5
02/25/2021 13:31:51 - INFO - __main__ -   	EPOCH:   4	MiniBatch:    6
02/25/2021 13:31:52 - INFO - __main__ -   	EPOCH:   4	MiniBatch:    7
02/25/2021 13:31:52 - INFO - __main__ -   	EPOCH:   4	MiniBatch:    8
02/25/2021 13:31:53 - INFO - __main__ -   	EPOCH:   4	MiniBatch:    9
02/25/2021 13:31:53 - INFO - __main__ -   	EPOCH:   4	MiniBatch:   10
02/25/2021 13:31:54 - INFO - __main__ -   	EPOCH:   4	MiniBatch:   11
02/25/2021 13:31:54 - INFO - __main__ -   	EPOCH:   4	MiniBatch:   12
02/25/2021 13:31:55 - INFO - __main__ -   	EPOCH:   4	MiniBatch:   13
02/25/2021 13:31:55 - INFO - __main__ -   	EPOCH:   4	MiniBatch:   14
02/25/2021 13:31:56 - INFO - __main__ -   	EPOCH:   4	MiniBatch:   15
02/25/2021 13:31:56 - INFO - __main__ -   	EPOCH:   4	MiniBatch:   16
02/25/2021 13:31:57 - INFO - __main__ -   	EPOCH:   4	MiniBatch:   17
02/25/2021 13:31:57 - INFO - __main__ -   	EPOCH:   4	MiniBatch:   18
02/25/2021 13:31:58 - INFO - __main__ -   	EPOCH:   4	MiniBatch:   19
02/25/2021 13:31:58 - INFO - __main__ -   	EPOCH:   4	MiniBatch:   20
02/25/2021 13:31:59 - INFO - __main__ -   	EPOCH:   4	MiniBatch:   21
02/25/2021 13:31:59 - INFO - __main__ -   	EPOCH:   4	MiniBatch:   22
02/25/2021 13:32:00 - INFO - __main__ -   	EPOCH:   4	MiniBatch:   23
02/25/2021 13:32:00 - INFO - __main__ -   	EPOCH:   4	MiniBatch:   24
02/25/2021 13:32:01 - INFO - __main__ -   	EPOCH:   4	MiniBatch:   25
02/25/2021 13:32:01 - INFO - __main__ -   	Testing dev Minibatch:    0
02/25/2021 13:32:01 - INFO - __main__ -   	Testing dev Minibatch:    1
02/25/2021 13:32:02 - INFO - __main__ -   	Testing dev Minibatch:    2
02/25/2021 13:32:02 - INFO - __main__ -   	Testing dev Minibatch:    3
02/25/2021 13:32:02 - INFO - __main__ -   	Testing dev Minibatch:    4
02/25/2021 13:32:02 - INFO - __main__ -   	Testing dev Minibatch:    5
02/25/2021 13:32:02 - INFO - __main__ -   	Testing dev Minibatch:    6
02/25/2021 13:32:03 - INFO - __main__ -   	Testing dev Minibatch:    7
02/25/2021 13:32:03 - INFO - __main__ -   	Testing dev Minibatch:    8
02/25/2021 13:32:03 - INFO - __main__ -   
Labels 	Prec. 	Recall	F1    	Supp  
Denial 	0.5485	0.5269	0.5375	279
Support	0.5145	0.6125	0.5592	289
Comment	0.5224	0.4217	0.4667	249
Queries	0.2683	0.2973	0.2821	37
MacroF1	0.4614
F1w_avg	0.5131
Acc    	51.5

02/25/2021 13:32:05 - INFO - __main__ -   	EPOCH:   5	MiniBatch:    0
02/25/2021 13:32:05 - INFO - __main__ -   	EPOCH:   5	MiniBatch:    1
02/25/2021 13:32:06 - INFO - __main__ -   	EPOCH:   5	MiniBatch:    2
02/25/2021 13:32:06 - INFO - __main__ -   	EPOCH:   5	MiniBatch:    3
02/25/2021 13:32:07 - INFO - __main__ -   	EPOCH:   5	MiniBatch:    4
02/25/2021 13:32:07 - INFO - __main__ -   	EPOCH:   5	MiniBatch:    5
02/25/2021 13:32:08 - INFO - __main__ -   	EPOCH:   5	MiniBatch:    6
02/25/2021 13:32:08 - INFO - __main__ -   	EPOCH:   5	MiniBatch:    7
02/25/2021 13:32:09 - INFO - __main__ -   	EPOCH:   5	MiniBatch:    8
02/25/2021 13:32:09 - INFO - __main__ -   	EPOCH:   5	MiniBatch:    9
02/25/2021 13:32:10 - INFO - __main__ -   	EPOCH:   5	MiniBatch:   10
02/25/2021 13:32:10 - INFO - __main__ -   	EPOCH:   5	MiniBatch:   11
02/25/2021 13:32:11 - INFO - __main__ -   	EPOCH:   5	MiniBatch:   12
02/25/2021 13:32:11 - INFO - __main__ -   	EPOCH:   5	MiniBatch:   13
02/25/2021 13:32:12 - INFO - __main__ -   	EPOCH:   5	MiniBatch:   14
02/25/2021 13:32:12 - INFO - __main__ -   	EPOCH:   5	MiniBatch:   15
02/25/2021 13:32:13 - INFO - __main__ -   	EPOCH:   5	MiniBatch:   16
02/25/2021 13:32:13 - INFO - __main__ -   	EPOCH:   5	MiniBatch:   17
02/25/2021 13:32:14 - INFO - __main__ -   	EPOCH:   5	MiniBatch:   18
02/25/2021 13:32:14 - INFO - __main__ -   	EPOCH:   5	MiniBatch:   19
02/25/2021 13:32:15 - INFO - __main__ -   	EPOCH:   5	MiniBatch:   20
02/25/2021 13:32:15 - INFO - __main__ -   	EPOCH:   5	MiniBatch:   21
02/25/2021 13:32:16 - INFO - __main__ -   	EPOCH:   5	MiniBatch:   22
02/25/2021 13:32:16 - INFO - __main__ -   	EPOCH:   5	MiniBatch:   23
02/25/2021 13:32:17 - INFO - __main__ -   	EPOCH:   5	MiniBatch:   24
02/25/2021 13:32:17 - INFO - __main__ -   	EPOCH:   5	MiniBatch:   25
02/25/2021 13:32:18 - INFO - __main__ -   	Testing dev Minibatch:    0
02/25/2021 13:32:18 - INFO - __main__ -   	Testing dev Minibatch:    1
02/25/2021 13:32:18 - INFO - __main__ -   	Testing dev Minibatch:    2
02/25/2021 13:32:18 - INFO - __main__ -   	Testing dev Minibatch:    3
02/25/2021 13:32:18 - INFO - __main__ -   	Testing dev Minibatch:    4
02/25/2021 13:32:19 - INFO - __main__ -   	Testing dev Minibatch:    5
02/25/2021 13:32:19 - INFO - __main__ -   	Testing dev Minibatch:    6
02/25/2021 13:32:19 - INFO - __main__ -   	Testing dev Minibatch:    7
02/25/2021 13:32:19 - INFO - __main__ -   	Testing dev Minibatch:    8
02/25/2021 13:32:19 - INFO - __main__ -   
Labels 	Prec. 	Recall	F1    	Supp  
Denial 	0.4788	0.8100	0.6019	279
Support	0.6020	0.4083	0.4866	289
Comment	0.6053	0.3695	0.4589	249
Queries	0.3529	0.3243	0.3380	37
MacroF1	0.4713
F1w_avg	0.5097
Acc    	52.5

02/25/2021 13:32:21 - INFO - __main__ -   	EPOCH:   6	MiniBatch:    0
02/25/2021 13:32:22 - INFO - __main__ -   	EPOCH:   6	MiniBatch:    1
02/25/2021 13:32:22 - INFO - __main__ -   	EPOCH:   6	MiniBatch:    2
02/25/2021 13:32:23 - INFO - __main__ -   	EPOCH:   6	MiniBatch:    3
02/25/2021 13:32:23 - INFO - __main__ -   	EPOCH:   6	MiniBatch:    4
02/25/2021 13:32:24 - INFO - __main__ -   	EPOCH:   6	MiniBatch:    5
02/25/2021 13:32:24 - INFO - __main__ -   	EPOCH:   6	MiniBatch:    6
02/25/2021 13:32:25 - INFO - __main__ -   	EPOCH:   6	MiniBatch:    7
02/25/2021 13:32:25 - INFO - __main__ -   	EPOCH:   6	MiniBatch:    8
02/25/2021 13:32:25 - INFO - __main__ -   	EPOCH:   6	MiniBatch:    9
02/25/2021 13:32:26 - INFO - __main__ -   	EPOCH:   6	MiniBatch:   10
02/25/2021 13:32:26 - INFO - __main__ -   	EPOCH:   6	MiniBatch:   11
02/25/2021 13:32:27 - INFO - __main__ -   	EPOCH:   6	MiniBatch:   12
02/25/2021 13:32:27 - INFO - __main__ -   	EPOCH:   6	MiniBatch:   13
02/25/2021 13:32:28 - INFO - __main__ -   	EPOCH:   6	MiniBatch:   14
02/25/2021 13:32:28 - INFO - __main__ -   	EPOCH:   6	MiniBatch:   15
02/25/2021 13:32:29 - INFO - __main__ -   	EPOCH:   6	MiniBatch:   16
02/25/2021 13:32:29 - INFO - __main__ -   	EPOCH:   6	MiniBatch:   17
02/25/2021 13:32:30 - INFO - __main__ -   	EPOCH:   6	MiniBatch:   18
02/25/2021 13:32:30 - INFO - __main__ -   	EPOCH:   6	MiniBatch:   19
02/25/2021 13:32:31 - INFO - __main__ -   	EPOCH:   6	MiniBatch:   20
02/25/2021 13:32:31 - INFO - __main__ -   	EPOCH:   6	MiniBatch:   21
02/25/2021 13:32:32 - INFO - __main__ -   	EPOCH:   6	MiniBatch:   22
02/25/2021 13:32:32 - INFO - __main__ -   	EPOCH:   6	MiniBatch:   23
02/25/2021 13:32:33 - INFO - __main__ -   	EPOCH:   6	MiniBatch:   24
02/25/2021 13:32:33 - INFO - __main__ -   	EPOCH:   6	MiniBatch:   25
02/25/2021 13:32:34 - INFO - __main__ -   	Testing dev Minibatch:    0
02/25/2021 13:32:34 - INFO - __main__ -   	Testing dev Minibatch:    1
02/25/2021 13:32:34 - INFO - __main__ -   	Testing dev Minibatch:    2
02/25/2021 13:32:35 - INFO - __main__ -   	Testing dev Minibatch:    3
02/25/2021 13:32:35 - INFO - __main__ -   	Testing dev Minibatch:    4
02/25/2021 13:32:35 - INFO - __main__ -   	Testing dev Minibatch:    5
02/25/2021 13:32:35 - INFO - __main__ -   	Testing dev Minibatch:    6
02/25/2021 13:32:35 - INFO - __main__ -   	Testing dev Minibatch:    7
02/25/2021 13:32:35 - INFO - __main__ -   	Testing dev Minibatch:    8
02/25/2021 13:32:36 - INFO - __main__ -   
Labels 	Prec. 	Recall	F1    	Supp  
Denial 	0.5184	0.8065	0.6311	279
Support	0.5966	0.6090	0.6027	289
Comment	0.6667	0.3052	0.4187	249
Queries	0.6364	0.1892	0.2917	37
MacroF1	0.4861
F1w_avg	0.5449
Acc    	56.7

02/25/2021 13:32:37 - INFO - __main__ -   	EPOCH:   7	MiniBatch:    0
02/25/2021 13:32:38 - INFO - __main__ -   	EPOCH:   7	MiniBatch:    1
02/25/2021 13:32:38 - INFO - __main__ -   	EPOCH:   7	MiniBatch:    2
02/25/2021 13:32:39 - INFO - __main__ -   	EPOCH:   7	MiniBatch:    3
02/25/2021 13:32:39 - INFO - __main__ -   	EPOCH:   7	MiniBatch:    4
02/25/2021 13:32:40 - INFO - __main__ -   	EPOCH:   7	MiniBatch:    5
02/25/2021 13:32:40 - INFO - __main__ -   	EPOCH:   7	MiniBatch:    6
02/25/2021 13:32:41 - INFO - __main__ -   	EPOCH:   7	MiniBatch:    7
02/25/2021 13:32:41 - INFO - __main__ -   	EPOCH:   7	MiniBatch:    8
02/25/2021 13:32:42 - INFO - __main__ -   	EPOCH:   7	MiniBatch:    9
02/25/2021 13:32:42 - INFO - __main__ -   	EPOCH:   7	MiniBatch:   10
02/25/2021 13:32:43 - INFO - __main__ -   	EPOCH:   7	MiniBatch:   11
02/25/2021 13:32:43 - INFO - __main__ -   	EPOCH:   7	MiniBatch:   12
02/25/2021 13:32:44 - INFO - __main__ -   	EPOCH:   7	MiniBatch:   13
02/25/2021 13:32:44 - INFO - __main__ -   	EPOCH:   7	MiniBatch:   14
02/25/2021 13:32:45 - INFO - __main__ -   	EPOCH:   7	MiniBatch:   15
02/25/2021 13:32:45 - INFO - __main__ -   	EPOCH:   7	MiniBatch:   16
02/25/2021 13:32:46 - INFO - __main__ -   	EPOCH:   7	MiniBatch:   17
02/25/2021 13:32:46 - INFO - __main__ -   	EPOCH:   7	MiniBatch:   18
02/25/2021 13:32:47 - INFO - __main__ -   	EPOCH:   7	MiniBatch:   19
02/25/2021 13:32:47 - INFO - __main__ -   	EPOCH:   7	MiniBatch:   20
02/25/2021 13:32:48 - INFO - __main__ -   	EPOCH:   7	MiniBatch:   21
02/25/2021 13:32:48 - INFO - __main__ -   	EPOCH:   7	MiniBatch:   22
02/25/2021 13:32:49 - INFO - __main__ -   	EPOCH:   7	MiniBatch:   23
02/25/2021 13:32:49 - INFO - __main__ -   	EPOCH:   7	MiniBatch:   24
02/25/2021 13:32:50 - INFO - __main__ -   	EPOCH:   7	MiniBatch:   25
02/25/2021 13:32:50 - INFO - __main__ -   	Testing dev Minibatch:    0
02/25/2021 13:32:51 - INFO - __main__ -   	Testing dev Minibatch:    1
02/25/2021 13:32:51 - INFO - __main__ -   	Testing dev Minibatch:    2
02/25/2021 13:32:51 - INFO - __main__ -   	Testing dev Minibatch:    3
02/25/2021 13:32:51 - INFO - __main__ -   	Testing dev Minibatch:    4
02/25/2021 13:32:51 - INFO - __main__ -   	Testing dev Minibatch:    5
02/25/2021 13:32:51 - INFO - __main__ -   	Testing dev Minibatch:    6
02/25/2021 13:32:52 - INFO - __main__ -   	Testing dev Minibatch:    7
02/25/2021 13:32:52 - INFO - __main__ -   	Testing dev Minibatch:    8
02/25/2021 13:32:52 - INFO - __main__ -   
Labels 	Prec. 	Recall	F1    	Supp  
Denial 	0.4968	0.8459	0.6260	279
Support	0.6316	0.4983	0.5571	289
Comment	0.6479	0.3695	0.4706	249
Queries	0.6667	0.1622	0.2609	37
MacroF1	0.4786
F1w_avg	0.5415
Acc    	56.0

02/25/2021 13:32:52 - INFO - __main__ -   	EPOCH:   8	MiniBatch:    0
02/25/2021 13:32:53 - INFO - __main__ -   	EPOCH:   8	MiniBatch:    1
02/25/2021 13:32:53 - INFO - __main__ -   	EPOCH:   8	MiniBatch:    2
02/25/2021 13:32:54 - INFO - __main__ -   	EPOCH:   8	MiniBatch:    3
02/25/2021 13:32:54 - INFO - __main__ -   	EPOCH:   8	MiniBatch:    4
02/25/2021 13:32:55 - INFO - __main__ -   	EPOCH:   8	MiniBatch:    5
02/25/2021 13:32:55 - INFO - __main__ -   	EPOCH:   8	MiniBatch:    6
02/25/2021 13:32:56 - INFO - __main__ -   	EPOCH:   8	MiniBatch:    7
02/25/2021 13:32:56 - INFO - __main__ -   	EPOCH:   8	MiniBatch:    8
02/25/2021 13:32:57 - INFO - __main__ -   	EPOCH:   8	MiniBatch:    9
02/25/2021 13:32:57 - INFO - __main__ -   	EPOCH:   8	MiniBatch:   10
02/25/2021 13:32:58 - INFO - __main__ -   	EPOCH:   8	MiniBatch:   11
02/25/2021 13:32:58 - INFO - __main__ -   	EPOCH:   8	MiniBatch:   12
02/25/2021 13:32:59 - INFO - __main__ -   	EPOCH:   8	MiniBatch:   13
02/25/2021 13:32:59 - INFO - __main__ -   	EPOCH:   8	MiniBatch:   14
02/25/2021 13:33:00 - INFO - __main__ -   	EPOCH:   8	MiniBatch:   15
02/25/2021 13:33:00 - INFO - __main__ -   	EPOCH:   8	MiniBatch:   16
02/25/2021 13:33:01 - INFO - __main__ -   	EPOCH:   8	MiniBatch:   17
02/25/2021 13:33:01 - INFO - __main__ -   	EPOCH:   8	MiniBatch:   18
02/25/2021 13:33:02 - INFO - __main__ -   	EPOCH:   8	MiniBatch:   19
02/25/2021 13:33:02 - INFO - __main__ -   	EPOCH:   8	MiniBatch:   20
02/25/2021 13:33:03 - INFO - __main__ -   	EPOCH:   8	MiniBatch:   21
02/25/2021 13:33:03 - INFO - __main__ -   	EPOCH:   8	MiniBatch:   22
02/25/2021 13:33:04 - INFO - __main__ -   	EPOCH:   8	MiniBatch:   23
02/25/2021 13:33:04 - INFO - __main__ -   	EPOCH:   8	MiniBatch:   24
02/25/2021 13:33:05 - INFO - __main__ -   	EPOCH:   8	MiniBatch:   25
02/25/2021 13:33:05 - INFO - __main__ -   	Testing dev Minibatch:    0
02/25/2021 13:33:05 - INFO - __main__ -   	Testing dev Minibatch:    1
02/25/2021 13:33:05 - INFO - __main__ -   	Testing dev Minibatch:    2
02/25/2021 13:33:06 - INFO - __main__ -   	Testing dev Minibatch:    3
02/25/2021 13:33:06 - INFO - __main__ -   	Testing dev Minibatch:    4
02/25/2021 13:33:06 - INFO - __main__ -   	Testing dev Minibatch:    5
02/25/2021 13:33:06 - INFO - __main__ -   	Testing dev Minibatch:    6
02/25/2021 13:33:06 - INFO - __main__ -   	Testing dev Minibatch:    7
02/25/2021 13:33:07 - INFO - __main__ -   	Testing dev Minibatch:    8
02/25/2021 13:33:07 - INFO - __main__ -   
Labels 	Prec. 	Recall	F1    	Supp  
Denial 	0.6323	0.7025	0.6655	279
Support	0.5972	0.5952	0.5962	289
Comment	0.5316	0.5060	0.5185	249
Queries	0.5263	0.2703	0.3571	37
MacroF1	0.5343
F1w_avg	0.5858
Acc    	59.0

02/25/2021 13:33:09 - INFO - __main__ -   	EPOCH:   9	MiniBatch:    0
02/25/2021 13:33:09 - INFO - __main__ -   	EPOCH:   9	MiniBatch:    1
02/25/2021 13:33:10 - INFO - __main__ -   	EPOCH:   9	MiniBatch:    2
02/25/2021 13:33:10 - INFO - __main__ -   	EPOCH:   9	MiniBatch:    3
02/25/2021 13:33:11 - INFO - __main__ -   	EPOCH:   9	MiniBatch:    4
02/25/2021 13:33:11 - INFO - __main__ -   	EPOCH:   9	MiniBatch:    5
02/25/2021 13:33:12 - INFO - __main__ -   	EPOCH:   9	MiniBatch:    6
02/25/2021 13:33:12 - INFO - __main__ -   	EPOCH:   9	MiniBatch:    7
02/25/2021 13:33:12 - INFO - __main__ -   	EPOCH:   9	MiniBatch:    8
02/25/2021 13:33:13 - INFO - __main__ -   	EPOCH:   9	MiniBatch:    9
02/25/2021 13:33:13 - INFO - __main__ -   	EPOCH:   9	MiniBatch:   10
02/25/2021 13:33:14 - INFO - __main__ -   	EPOCH:   9	MiniBatch:   11
02/25/2021 13:33:14 - INFO - __main__ -   	EPOCH:   9	MiniBatch:   12
02/25/2021 13:33:15 - INFO - __main__ -   	EPOCH:   9	MiniBatch:   13
02/25/2021 13:33:15 - INFO - __main__ -   	EPOCH:   9	MiniBatch:   14
02/25/2021 13:33:16 - INFO - __main__ -   	EPOCH:   9	MiniBatch:   15
02/25/2021 13:33:16 - INFO - __main__ -   	EPOCH:   9	MiniBatch:   16
02/25/2021 13:33:17 - INFO - __main__ -   	EPOCH:   9	MiniBatch:   17
02/25/2021 13:33:17 - INFO - __main__ -   	EPOCH:   9	MiniBatch:   18
02/25/2021 13:33:18 - INFO - __main__ -   	EPOCH:   9	MiniBatch:   19
02/25/2021 13:33:18 - INFO - __main__ -   	EPOCH:   9	MiniBatch:   20
02/25/2021 13:33:19 - INFO - __main__ -   	EPOCH:   9	MiniBatch:   21
02/25/2021 13:33:19 - INFO - __main__ -   	EPOCH:   9	MiniBatch:   22
02/25/2021 13:33:20 - INFO - __main__ -   	EPOCH:   9	MiniBatch:   23
02/25/2021 13:33:20 - INFO - __main__ -   	EPOCH:   9	MiniBatch:   24
02/25/2021 13:33:21 - INFO - __main__ -   	EPOCH:   9	MiniBatch:   25
02/25/2021 13:33:21 - INFO - __main__ -   	Testing dev Minibatch:    0
02/25/2021 13:33:22 - INFO - __main__ -   	Testing dev Minibatch:    1
02/25/2021 13:33:22 - INFO - __main__ -   	Testing dev Minibatch:    2
02/25/2021 13:33:22 - INFO - __main__ -   	Testing dev Minibatch:    3
02/25/2021 13:33:22 - INFO - __main__ -   	Testing dev Minibatch:    4
02/25/2021 13:33:22 - INFO - __main__ -   	Testing dev Minibatch:    5
02/25/2021 13:33:23 - INFO - __main__ -   	Testing dev Minibatch:    6
02/25/2021 13:33:23 - INFO - __main__ -   	Testing dev Minibatch:    7
02/25/2021 13:33:23 - INFO - __main__ -   	Testing dev Minibatch:    8
02/25/2021 13:33:23 - INFO - __main__ -   
Labels 	Prec. 	Recall	F1    	Supp  
Denial 	0.5547	0.7634	0.6425	279
Support	0.5945	0.5225	0.5562	289
Comment	0.5584	0.4418	0.4933	249
Queries	0.4737	0.2432	0.3214	37
MacroF1	0.5034
F1w_avg	0.5559
Acc    	56.6

02/25/2021 13:33:23 - INFO - __main__ -   	EPOCH:  10	MiniBatch:    0
02/25/2021 13:33:24 - INFO - __main__ -   	EPOCH:  10	MiniBatch:    1
02/25/2021 13:33:24 - INFO - __main__ -   	EPOCH:  10	MiniBatch:    2
02/25/2021 13:33:25 - INFO - __main__ -   	EPOCH:  10	MiniBatch:    3
02/25/2021 13:33:25 - INFO - __main__ -   	EPOCH:  10	MiniBatch:    4
02/25/2021 13:33:26 - INFO - __main__ -   	EPOCH:  10	MiniBatch:    5
02/25/2021 13:33:26 - INFO - __main__ -   	EPOCH:  10	MiniBatch:    6
02/25/2021 13:33:27 - INFO - __main__ -   	EPOCH:  10	MiniBatch:    7
02/25/2021 13:33:27 - INFO - __main__ -   	EPOCH:  10	MiniBatch:    8
02/25/2021 13:33:28 - INFO - __main__ -   	EPOCH:  10	MiniBatch:    9
02/25/2021 13:33:28 - INFO - __main__ -   	EPOCH:  10	MiniBatch:   10
02/25/2021 13:33:29 - INFO - __main__ -   	EPOCH:  10	MiniBatch:   11
02/25/2021 13:33:29 - INFO - __main__ -   	EPOCH:  10	MiniBatch:   12
02/25/2021 13:33:30 - INFO - __main__ -   	EPOCH:  10	MiniBatch:   13
02/25/2021 13:33:30 - INFO - __main__ -   	EPOCH:  10	MiniBatch:   14
02/25/2021 13:33:31 - INFO - __main__ -   	EPOCH:  10	MiniBatch:   15
02/25/2021 13:33:31 - INFO - __main__ -   	EPOCH:  10	MiniBatch:   16
02/25/2021 13:33:32 - INFO - __main__ -   	EPOCH:  10	MiniBatch:   17
02/25/2021 13:33:32 - INFO - __main__ -   	EPOCH:  10	MiniBatch:   18
02/25/2021 13:33:33 - INFO - __main__ -   	EPOCH:  10	MiniBatch:   19
02/25/2021 13:33:33 - INFO - __main__ -   	EPOCH:  10	MiniBatch:   20
02/25/2021 13:33:34 - INFO - __main__ -   	EPOCH:  10	MiniBatch:   21
02/25/2021 13:33:34 - INFO - __main__ -   	EPOCH:  10	MiniBatch:   22
02/25/2021 13:33:35 - INFO - __main__ -   	EPOCH:  10	MiniBatch:   23
02/25/2021 13:33:35 - INFO - __main__ -   	EPOCH:  10	MiniBatch:   24
02/25/2021 13:33:36 - INFO - __main__ -   	EPOCH:  10	MiniBatch:   25
02/25/2021 13:33:36 - INFO - __main__ -   	Testing dev Minibatch:    0
02/25/2021 13:33:36 - INFO - __main__ -   	Testing dev Minibatch:    1
02/25/2021 13:33:37 - INFO - __main__ -   	Testing dev Minibatch:    2
02/25/2021 13:33:37 - INFO - __main__ -   	Testing dev Minibatch:    3
02/25/2021 13:33:37 - INFO - __main__ -   	Testing dev Minibatch:    4
02/25/2021 13:33:37 - INFO - __main__ -   	Testing dev Minibatch:    5
02/25/2021 13:33:37 - INFO - __main__ -   	Testing dev Minibatch:    6
02/25/2021 13:33:38 - INFO - __main__ -   	Testing dev Minibatch:    7
02/25/2021 13:33:38 - INFO - __main__ -   	Testing dev Minibatch:    8
02/25/2021 13:33:38 - INFO - __main__ -   
Labels 	Prec. 	Recall	F1    	Supp  
Denial 	0.5108	0.8495	0.6380	279
Support	0.6486	0.4152	0.5063	289
Comment	0.5608	0.4257	0.4840	249
Queries	0.5625	0.2432	0.3396	37
MacroF1	0.4920
F1w_avg	0.5356
Acc    	55.3

02/25/2021 13:33:38 - INFO - __main__ -   	EPOCH:  11	MiniBatch:    0
02/25/2021 13:33:39 - INFO - __main__ -   	EPOCH:  11	MiniBatch:    1
02/25/2021 13:33:39 - INFO - __main__ -   	EPOCH:  11	MiniBatch:    2
02/25/2021 13:33:40 - INFO - __main__ -   	EPOCH:  11	MiniBatch:    3
02/25/2021 13:33:40 - INFO - __main__ -   	EPOCH:  11	MiniBatch:    4
02/25/2021 13:33:41 - INFO - __main__ -   	EPOCH:  11	MiniBatch:    5
02/25/2021 13:33:41 - INFO - __main__ -   	EPOCH:  11	MiniBatch:    6
02/25/2021 13:33:42 - INFO - __main__ -   	EPOCH:  11	MiniBatch:    7
02/25/2021 13:33:42 - INFO - __main__ -   	EPOCH:  11	MiniBatch:    8
02/25/2021 13:33:43 - INFO - __main__ -   	EPOCH:  11	MiniBatch:    9
02/25/2021 13:33:43 - INFO - __main__ -   	EPOCH:  11	MiniBatch:   10
02/25/2021 13:33:44 - INFO - __main__ -   	EPOCH:  11	MiniBatch:   11
02/25/2021 13:33:44 - INFO - __main__ -   	EPOCH:  11	MiniBatch:   12
02/25/2021 13:33:44 - INFO - __main__ -   	EPOCH:  11	MiniBatch:   13
02/25/2021 13:33:45 - INFO - __main__ -   	EPOCH:  11	MiniBatch:   14
02/25/2021 13:33:45 - INFO - __main__ -   	EPOCH:  11	MiniBatch:   15
02/25/2021 13:33:46 - INFO - __main__ -   	EPOCH:  11	MiniBatch:   16
02/25/2021 13:33:46 - INFO - __main__ -   	EPOCH:  11	MiniBatch:   17
02/25/2021 13:33:47 - INFO - __main__ -   	EPOCH:  11	MiniBatch:   18
02/25/2021 13:33:47 - INFO - __main__ -   	EPOCH:  11	MiniBatch:   19
02/25/2021 13:33:48 - INFO - __main__ -   	EPOCH:  11	MiniBatch:   20
02/25/2021 13:33:48 - INFO - __main__ -   	EPOCH:  11	MiniBatch:   21
02/25/2021 13:33:49 - INFO - __main__ -   	EPOCH:  11	MiniBatch:   22
02/25/2021 13:33:49 - INFO - __main__ -   	EPOCH:  11	MiniBatch:   23
02/25/2021 13:33:50 - INFO - __main__ -   	EPOCH:  11	MiniBatch:   24
02/25/2021 13:33:50 - INFO - __main__ -   	EPOCH:  11	MiniBatch:   25
02/25/2021 13:33:51 - INFO - __main__ -   	Testing dev Minibatch:    0
02/25/2021 13:33:51 - INFO - __main__ -   	Testing dev Minibatch:    1
02/25/2021 13:33:51 - INFO - __main__ -   	Testing dev Minibatch:    2
02/25/2021 13:33:52 - INFO - __main__ -   	Testing dev Minibatch:    3
02/25/2021 13:33:52 - INFO - __main__ -   	Testing dev Minibatch:    4
02/25/2021 13:33:52 - INFO - __main__ -   	Testing dev Minibatch:    5
02/25/2021 13:33:52 - INFO - __main__ -   	Testing dev Minibatch:    6
02/25/2021 13:33:52 - INFO - __main__ -   	Testing dev Minibatch:    7
02/25/2021 13:33:52 - INFO - __main__ -   	Testing dev Minibatch:    8
02/25/2021 13:33:53 - INFO - __main__ -   
Labels 	Prec. 	Recall	F1    	Supp  
Denial 	0.6012	0.7348	0.6613	279
Support	0.5965	0.5882	0.5923	289
Comment	0.5472	0.4659	0.5033	249
Queries	0.5625	0.2432	0.3396	37
MacroF1	0.5241
F1w_avg	0.5779
Acc    	58.5

02/25/2021 13:33:53 - INFO - __main__ -   	EPOCH:  12	MiniBatch:    0
02/25/2021 13:33:53 - INFO - __main__ -   	EPOCH:  12	MiniBatch:    1
02/25/2021 13:33:54 - INFO - __main__ -   	EPOCH:  12	MiniBatch:    2
02/25/2021 13:33:54 - INFO - __main__ -   	EPOCH:  12	MiniBatch:    3
02/25/2021 13:33:55 - INFO - __main__ -   	EPOCH:  12	MiniBatch:    4
02/25/2021 13:33:55 - INFO - __main__ -   	EPOCH:  12	MiniBatch:    5
02/25/2021 13:33:56 - INFO - __main__ -   	EPOCH:  12	MiniBatch:    6
02/25/2021 13:33:56 - INFO - __main__ -   	EPOCH:  12	MiniBatch:    7
02/25/2021 13:33:57 - INFO - __main__ -   	EPOCH:  12	MiniBatch:    8
02/25/2021 13:33:57 - INFO - __main__ -   	EPOCH:  12	MiniBatch:    9
02/25/2021 13:33:58 - INFO - __main__ -   	EPOCH:  12	MiniBatch:   10
02/25/2021 13:33:58 - INFO - __main__ -   	EPOCH:  12	MiniBatch:   11
02/25/2021 13:33:59 - INFO - __main__ -   	EPOCH:  12	MiniBatch:   12
02/25/2021 13:33:59 - INFO - __main__ -   	EPOCH:  12	MiniBatch:   13
02/25/2021 13:34:00 - INFO - __main__ -   	EPOCH:  12	MiniBatch:   14
02/25/2021 13:34:00 - INFO - __main__ -   	EPOCH:  12	MiniBatch:   15
02/25/2021 13:34:01 - INFO - __main__ -   	EPOCH:  12	MiniBatch:   16
02/25/2021 13:34:01 - INFO - __main__ -   	EPOCH:  12	MiniBatch:   17
02/25/2021 13:34:02 - INFO - __main__ -   	EPOCH:  12	MiniBatch:   18
02/25/2021 13:34:02 - INFO - __main__ -   	EPOCH:  12	MiniBatch:   19
02/25/2021 13:34:03 - INFO - __main__ -   	EPOCH:  12	MiniBatch:   20
02/25/2021 13:34:03 - INFO - __main__ -   	EPOCH:  12	MiniBatch:   21
02/25/2021 13:34:04 - INFO - __main__ -   	EPOCH:  12	MiniBatch:   22
02/25/2021 13:34:04 - INFO - __main__ -   	EPOCH:  12	MiniBatch:   23
02/25/2021 13:34:05 - INFO - __main__ -   	EPOCH:  12	MiniBatch:   24
02/25/2021 13:34:05 - INFO - __main__ -   	EPOCH:  12	MiniBatch:   25
02/25/2021 13:34:06 - INFO - __main__ -   	Testing dev Minibatch:    0
02/25/2021 13:34:06 - INFO - __main__ -   	Testing dev Minibatch:    1
02/25/2021 13:34:06 - INFO - __main__ -   	Testing dev Minibatch:    2
02/25/2021 13:34:06 - INFO - __main__ -   	Testing dev Minibatch:    3
02/25/2021 13:34:06 - INFO - __main__ -   	Testing dev Minibatch:    4
02/25/2021 13:34:07 - INFO - __main__ -   	Testing dev Minibatch:    5
02/25/2021 13:34:07 - INFO - __main__ -   	Testing dev Minibatch:    6
02/25/2021 13:34:07 - INFO - __main__ -   	Testing dev Minibatch:    7
02/25/2021 13:34:07 - INFO - __main__ -   	Testing dev Minibatch:    8
02/25/2021 13:34:07 - INFO - __main__ -   
Labels 	Prec. 	Recall	F1    	Supp  
Denial 	0.5593	0.7778	0.6507	279
Support	0.6111	0.4948	0.5468	289
Comment	0.5253	0.4578	0.4893	249
Queries	0.6000	0.2432	0.3462	37
MacroF1	0.5082
F1w_avg	0.5553
Acc    	56.6

02/25/2021 13:34:08 - INFO - __main__ -   	EPOCH:  13	MiniBatch:    0
02/25/2021 13:34:08 - INFO - __main__ -   	EPOCH:  13	MiniBatch:    1
02/25/2021 13:34:09 - INFO - __main__ -   	EPOCH:  13	MiniBatch:    2
02/25/2021 13:34:09 - INFO - __main__ -   	EPOCH:  13	MiniBatch:    3
02/25/2021 13:34:10 - INFO - __main__ -   	EPOCH:  13	MiniBatch:    4
02/25/2021 13:34:10 - INFO - __main__ -   	EPOCH:  13	MiniBatch:    5
02/25/2021 13:34:11 - INFO - __main__ -   	EPOCH:  13	MiniBatch:    6
02/25/2021 13:34:11 - INFO - __main__ -   	EPOCH:  13	MiniBatch:    7
02/25/2021 13:34:12 - INFO - __main__ -   	EPOCH:  13	MiniBatch:    8
02/25/2021 13:34:12 - INFO - __main__ -   	EPOCH:  13	MiniBatch:    9
02/25/2021 13:34:13 - INFO - __main__ -   	EPOCH:  13	MiniBatch:   10
02/25/2021 13:34:13 - INFO - __main__ -   	EPOCH:  13	MiniBatch:   11
02/25/2021 13:34:14 - INFO - __main__ -   	EPOCH:  13	MiniBatch:   12
02/25/2021 13:34:14 - INFO - __main__ -   	EPOCH:  13	MiniBatch:   13
02/25/2021 13:34:15 - INFO - __main__ -   	EPOCH:  13	MiniBatch:   14
02/25/2021 13:34:15 - INFO - __main__ -   	EPOCH:  13	MiniBatch:   15
02/25/2021 13:34:16 - INFO - __main__ -   	EPOCH:  13	MiniBatch:   16
02/25/2021 13:34:16 - INFO - __main__ -   	EPOCH:  13	MiniBatch:   17
02/25/2021 13:34:17 - INFO - __main__ -   	EPOCH:  13	MiniBatch:   18
02/25/2021 13:34:17 - INFO - __main__ -   	EPOCH:  13	MiniBatch:   19
02/25/2021 13:34:17 - INFO - __main__ -   	EPOCH:  13	MiniBatch:   20
02/25/2021 13:34:18 - INFO - __main__ -   	EPOCH:  13	MiniBatch:   21
02/25/2021 13:34:18 - INFO - __main__ -   	EPOCH:  13	MiniBatch:   22
02/25/2021 13:34:19 - INFO - __main__ -   	EPOCH:  13	MiniBatch:   23
02/25/2021 13:34:19 - INFO - __main__ -   	EPOCH:  13	MiniBatch:   24
02/25/2021 13:34:20 - INFO - __main__ -   	EPOCH:  13	MiniBatch:   25
02/25/2021 13:34:21 - INFO - __main__ -   	Testing dev Minibatch:    0
02/25/2021 13:34:21 - INFO - __main__ -   	Testing dev Minibatch:    1
02/25/2021 13:34:21 - INFO - __main__ -   	Testing dev Minibatch:    2
02/25/2021 13:34:21 - INFO - __main__ -   	Testing dev Minibatch:    3
02/25/2021 13:34:21 - INFO - __main__ -   	Testing dev Minibatch:    4
02/25/2021 13:34:21 - INFO - __main__ -   	Testing dev Minibatch:    5
02/25/2021 13:34:22 - INFO - __main__ -   	Testing dev Minibatch:    6
02/25/2021 13:34:22 - INFO - __main__ -   	Testing dev Minibatch:    7
02/25/2021 13:34:22 - INFO - __main__ -   	Testing dev Minibatch:    8
02/25/2021 13:34:22 - INFO - __main__ -   
Labels 	Prec. 	Recall	F1    	Supp  
Denial 	0.5641	0.7885	0.6577	279
Support	0.5868	0.5848	0.5858	289
Comment	0.5802	0.3775	0.4574	249
Queries	0.5714	0.2162	0.3137	37
MacroF1	0.5037
F1w_avg	0.5601
Acc    	57.5

02/25/2021 13:34:22 - INFO - __main__ -   	EPOCH:  14	MiniBatch:    0
02/25/2021 13:34:23 - INFO - __main__ -   	EPOCH:  14	MiniBatch:    1
02/25/2021 13:34:23 - INFO - __main__ -   	EPOCH:  14	MiniBatch:    2
02/25/2021 13:34:24 - INFO - __main__ -   	EPOCH:  14	MiniBatch:    3
02/25/2021 13:34:24 - INFO - __main__ -   	EPOCH:  14	MiniBatch:    4
02/25/2021 13:34:25 - INFO - __main__ -   	EPOCH:  14	MiniBatch:    5
02/25/2021 13:34:25 - INFO - __main__ -   	EPOCH:  14	MiniBatch:    6
02/25/2021 13:34:26 - INFO - __main__ -   	EPOCH:  14	MiniBatch:    7
02/25/2021 13:34:26 - INFO - __main__ -   	EPOCH:  14	MiniBatch:    8
02/25/2021 13:34:27 - INFO - __main__ -   	EPOCH:  14	MiniBatch:    9
02/25/2021 13:34:27 - INFO - __main__ -   	EPOCH:  14	MiniBatch:   10
02/25/2021 13:34:28 - INFO - __main__ -   	EPOCH:  14	MiniBatch:   11
02/25/2021 13:34:28 - INFO - __main__ -   	EPOCH:  14	MiniBatch:   12
02/25/2021 13:34:29 - INFO - __main__ -   	EPOCH:  14	MiniBatch:   13
02/25/2021 13:34:29 - INFO - __main__ -   	EPOCH:  14	MiniBatch:   14
02/25/2021 13:34:30 - INFO - __main__ -   	EPOCH:  14	MiniBatch:   15
02/25/2021 13:34:30 - INFO - __main__ -   	EPOCH:  14	MiniBatch:   16
02/25/2021 13:34:31 - INFO - __main__ -   	EPOCH:  14	MiniBatch:   17
02/25/2021 13:34:31 - INFO - __main__ -   	EPOCH:  14	MiniBatch:   18
02/25/2021 13:34:32 - INFO - __main__ -   	EPOCH:  14	MiniBatch:   19
02/25/2021 13:34:32 - INFO - __main__ -   	EPOCH:  14	MiniBatch:   20
02/25/2021 13:34:33 - INFO - __main__ -   	EPOCH:  14	MiniBatch:   21
02/25/2021 13:34:33 - INFO - __main__ -   	EPOCH:  14	MiniBatch:   22
02/25/2021 13:34:34 - INFO - __main__ -   	EPOCH:  14	MiniBatch:   23
02/25/2021 13:34:34 - INFO - __main__ -   	EPOCH:  14	MiniBatch:   24
02/25/2021 13:34:35 - INFO - __main__ -   	EPOCH:  14	MiniBatch:   25
02/25/2021 13:34:35 - INFO - __main__ -   	Testing dev Minibatch:    0
02/25/2021 13:34:36 - INFO - __main__ -   	Testing dev Minibatch:    1
02/25/2021 13:34:36 - INFO - __main__ -   	Testing dev Minibatch:    2
02/25/2021 13:34:36 - INFO - __main__ -   	Testing dev Minibatch:    3
02/25/2021 13:34:36 - INFO - __main__ -   	Testing dev Minibatch:    4
02/25/2021 13:34:36 - INFO - __main__ -   	Testing dev Minibatch:    5
02/25/2021 13:34:36 - INFO - __main__ -   	Testing dev Minibatch:    6
02/25/2021 13:34:37 - INFO - __main__ -   	Testing dev Minibatch:    7
02/25/2021 13:34:37 - INFO - __main__ -   	Testing dev Minibatch:    8
02/25/2021 13:34:37 - INFO - __main__ -   
Labels 	Prec. 	Recall	F1    	Supp  
Denial 	0.5237	0.8315	0.6427	279
Support	0.6189	0.5225	0.5666	289
Comment	0.6410	0.4016	0.4938	249
Queries	0.6364	0.1892	0.2917	37
MacroF1	0.4987
F1w_avg	0.5583
Acc    	57.4

02/25/2021 13:34:37 - INFO - __main__ -   	EPOCH:  15	MiniBatch:    0
02/25/2021 13:34:38 - INFO - __main__ -   	EPOCH:  15	MiniBatch:    1
02/25/2021 13:34:38 - INFO - __main__ -   	EPOCH:  15	MiniBatch:    2
02/25/2021 13:34:39 - INFO - __main__ -   	EPOCH:  15	MiniBatch:    3
02/25/2021 13:34:39 - INFO - __main__ -   	EPOCH:  15	MiniBatch:    4
02/25/2021 13:34:40 - INFO - __main__ -   	EPOCH:  15	MiniBatch:    5
02/25/2021 13:34:40 - INFO - __main__ -   	EPOCH:  15	MiniBatch:    6
02/25/2021 13:34:41 - INFO - __main__ -   	EPOCH:  15	MiniBatch:    7
02/25/2021 13:34:41 - INFO - __main__ -   	EPOCH:  15	MiniBatch:    8
02/25/2021 13:34:42 - INFO - __main__ -   	EPOCH:  15	MiniBatch:    9
02/25/2021 13:34:42 - INFO - __main__ -   	EPOCH:  15	MiniBatch:   10
02/25/2021 13:34:43 - INFO - __main__ -   	EPOCH:  15	MiniBatch:   11
02/25/2021 13:34:43 - INFO - __main__ -   	EPOCH:  15	MiniBatch:   12
02/25/2021 13:34:44 - INFO - __main__ -   	EPOCH:  15	MiniBatch:   13
02/25/2021 13:34:44 - INFO - __main__ -   	EPOCH:  15	MiniBatch:   14
02/25/2021 13:34:45 - INFO - __main__ -   	EPOCH:  15	MiniBatch:   15
02/25/2021 13:34:45 - INFO - __main__ -   	EPOCH:  15	MiniBatch:   16
02/25/2021 13:34:46 - INFO - __main__ -   	EPOCH:  15	MiniBatch:   17
02/25/2021 13:34:46 - INFO - __main__ -   	EPOCH:  15	MiniBatch:   18
02/25/2021 13:34:47 - INFO - __main__ -   	EPOCH:  15	MiniBatch:   19
02/25/2021 13:34:47 - INFO - __main__ -   	EPOCH:  15	MiniBatch:   20
02/25/2021 13:34:48 - INFO - __main__ -   	EPOCH:  15	MiniBatch:   21
02/25/2021 13:34:48 - INFO - __main__ -   	EPOCH:  15	MiniBatch:   22
02/25/2021 13:34:49 - INFO - __main__ -   	EPOCH:  15	MiniBatch:   23
02/25/2021 13:34:49 - INFO - __main__ -   	EPOCH:  15	MiniBatch:   24
02/25/2021 13:34:50 - INFO - __main__ -   	EPOCH:  15	MiniBatch:   25
02/25/2021 13:34:50 - INFO - __main__ -   	Testing dev Minibatch:    0
02/25/2021 13:34:50 - INFO - __main__ -   	Testing dev Minibatch:    1
02/25/2021 13:34:51 - INFO - __main__ -   	Testing dev Minibatch:    2
02/25/2021 13:34:51 - INFO - __main__ -   	Testing dev Minibatch:    3
02/25/2021 13:34:51 - INFO - __main__ -   	Testing dev Minibatch:    4
02/25/2021 13:34:51 - INFO - __main__ -   	Testing dev Minibatch:    5
02/25/2021 13:34:51 - INFO - __main__ -   	Testing dev Minibatch:    6
02/25/2021 13:34:51 - INFO - __main__ -   	Testing dev Minibatch:    7
02/25/2021 13:34:52 - INFO - __main__ -   	Testing dev Minibatch:    8
02/25/2021 13:34:52 - INFO - __main__ -   
Labels 	Prec. 	Recall	F1    	Supp  
Denial 	0.5792	0.7599	0.6574	279
Support	0.5405	0.7163	0.6161	289
Comment	0.7634	0.2851	0.4152	249
Queries	0.6667	0.2162	0.3265	37
MacroF1	0.5038
F1w_avg	0.5585
Acc    	58.3

02/25/2021 13:34:52 - INFO - __main__ -   	EPOCH:  16	MiniBatch:    0
02/25/2021 13:34:53 - INFO - __main__ -   	EPOCH:  16	MiniBatch:    1
02/25/2021 13:34:53 - INFO - __main__ -   	EPOCH:  16	MiniBatch:    2
02/25/2021 13:34:54 - INFO - __main__ -   	EPOCH:  16	MiniBatch:    3
02/25/2021 13:34:54 - INFO - __main__ -   	EPOCH:  16	MiniBatch:    4
02/25/2021 13:34:54 - INFO - __main__ -   	EPOCH:  16	MiniBatch:    5
02/25/2021 13:34:55 - INFO - __main__ -   	EPOCH:  16	MiniBatch:    6
02/25/2021 13:34:55 - INFO - __main__ -   	EPOCH:  16	MiniBatch:    7
02/25/2021 13:34:56 - INFO - __main__ -   	EPOCH:  16	MiniBatch:    8
02/25/2021 13:34:56 - INFO - __main__ -   	EPOCH:  16	MiniBatch:    9
02/25/2021 13:34:57 - INFO - __main__ -   	EPOCH:  16	MiniBatch:   10
02/25/2021 13:34:57 - INFO - __main__ -   	EPOCH:  16	MiniBatch:   11
02/25/2021 13:34:58 - INFO - __main__ -   	EPOCH:  16	MiniBatch:   12
02/25/2021 13:34:58 - INFO - __main__ -   	EPOCH:  16	MiniBatch:   13
02/25/2021 13:34:59 - INFO - __main__ -   	EPOCH:  16	MiniBatch:   14
02/25/2021 13:34:59 - INFO - __main__ -   	EPOCH:  16	MiniBatch:   15
02/25/2021 13:35:00 - INFO - __main__ -   	EPOCH:  16	MiniBatch:   16
02/25/2021 13:35:00 - INFO - __main__ -   	EPOCH:  16	MiniBatch:   17
02/25/2021 13:35:01 - INFO - __main__ -   	EPOCH:  16	MiniBatch:   18
02/25/2021 13:35:01 - INFO - __main__ -   	EPOCH:  16	MiniBatch:   19
02/25/2021 13:35:02 - INFO - __main__ -   	EPOCH:  16	MiniBatch:   20
02/25/2021 13:35:02 - INFO - __main__ -   	EPOCH:  16	MiniBatch:   21
02/25/2021 13:35:03 - INFO - __main__ -   	EPOCH:  16	MiniBatch:   22
02/25/2021 13:35:03 - INFO - __main__ -   	EPOCH:  16	MiniBatch:   23
02/25/2021 13:35:04 - INFO - __main__ -   	EPOCH:  16	MiniBatch:   24
02/25/2021 13:35:04 - INFO - __main__ -   	EPOCH:  16	MiniBatch:   25
02/25/2021 13:35:05 - INFO - __main__ -   	Testing dev Minibatch:    0
02/25/2021 13:35:05 - INFO - __main__ -   	Testing dev Minibatch:    1
02/25/2021 13:35:05 - INFO - __main__ -   	Testing dev Minibatch:    2
02/25/2021 13:35:06 - INFO - __main__ -   	Testing dev Minibatch:    3
02/25/2021 13:35:06 - INFO - __main__ -   	Testing dev Minibatch:    4
02/25/2021 13:35:06 - INFO - __main__ -   	Testing dev Minibatch:    5
02/25/2021 13:35:06 - INFO - __main__ -   	Testing dev Minibatch:    6
02/25/2021 13:35:06 - INFO - __main__ -   	Testing dev Minibatch:    7
02/25/2021 13:35:06 - INFO - __main__ -   	Testing dev Minibatch:    8
02/25/2021 13:35:07 - INFO - __main__ -   
Labels 	Prec. 	Recall	F1    	Supp  
Denial 	0.5505	0.7814	0.6459	279
Support	0.6233	0.4637	0.5317	289
Comment	0.5175	0.4739	0.4948	249
Queries	0.6000	0.2432	0.3462	37
MacroF1	0.5046
F1w_avg	0.5502
Acc    	56.1

02/25/2021 13:35:07 - INFO - __main__ -   	EPOCH:  17	MiniBatch:    0
02/25/2021 13:35:07 - INFO - __main__ -   	EPOCH:  17	MiniBatch:    1
02/25/2021 13:35:08 - INFO - __main__ -   	EPOCH:  17	MiniBatch:    2
02/25/2021 13:35:08 - INFO - __main__ -   	EPOCH:  17	MiniBatch:    3
02/25/2021 13:35:09 - INFO - __main__ -   	EPOCH:  17	MiniBatch:    4
02/25/2021 13:35:09 - INFO - __main__ -   	EPOCH:  17	MiniBatch:    5
02/25/2021 13:35:10 - INFO - __main__ -   	EPOCH:  17	MiniBatch:    6
02/25/2021 13:35:10 - INFO - __main__ -   	EPOCH:  17	MiniBatch:    7
02/25/2021 13:35:11 - INFO - __main__ -   	EPOCH:  17	MiniBatch:    8
02/25/2021 13:35:11 - INFO - __main__ -   	EPOCH:  17	MiniBatch:    9
02/25/2021 13:35:12 - INFO - __main__ -   	EPOCH:  17	MiniBatch:   10
02/25/2021 13:35:12 - INFO - __main__ -   	EPOCH:  17	MiniBatch:   11
02/25/2021 13:35:13 - INFO - __main__ -   	EPOCH:  17	MiniBatch:   12
02/25/2021 13:35:13 - INFO - __main__ -   	EPOCH:  17	MiniBatch:   13
02/25/2021 13:35:14 - INFO - __main__ -   	EPOCH:  17	MiniBatch:   14
02/25/2021 13:35:14 - INFO - __main__ -   	EPOCH:  17	MiniBatch:   15
02/25/2021 13:35:15 - INFO - __main__ -   	EPOCH:  17	MiniBatch:   16
02/25/2021 13:35:15 - INFO - __main__ -   	EPOCH:  17	MiniBatch:   17
02/25/2021 13:35:16 - INFO - __main__ -   	EPOCH:  17	MiniBatch:   18
02/25/2021 13:35:16 - INFO - __main__ -   	EPOCH:  17	MiniBatch:   19
02/25/2021 13:35:17 - INFO - __main__ -   	EPOCH:  17	MiniBatch:   20
02/25/2021 13:35:17 - INFO - __main__ -   	EPOCH:  17	MiniBatch:   21
02/25/2021 13:35:18 - INFO - __main__ -   	EPOCH:  17	MiniBatch:   22
02/25/2021 13:35:18 - INFO - __main__ -   	EPOCH:  17	MiniBatch:   23
02/25/2021 13:35:19 - INFO - __main__ -   	EPOCH:  17	MiniBatch:   24
02/25/2021 13:35:19 - INFO - __main__ -   	EPOCH:  17	MiniBatch:   25
02/25/2021 13:35:20 - INFO - __main__ -   	Testing dev Minibatch:    0
02/25/2021 13:35:20 - INFO - __main__ -   	Testing dev Minibatch:    1
02/25/2021 13:35:20 - INFO - __main__ -   	Testing dev Minibatch:    2
02/25/2021 13:35:20 - INFO - __main__ -   	Testing dev Minibatch:    3
02/25/2021 13:35:21 - INFO - __main__ -   	Testing dev Minibatch:    4
02/25/2021 13:35:21 - INFO - __main__ -   	Testing dev Minibatch:    5
02/25/2021 13:35:21 - INFO - __main__ -   	Testing dev Minibatch:    6
02/25/2021 13:35:21 - INFO - __main__ -   	Testing dev Minibatch:    7
02/25/2021 13:35:21 - INFO - __main__ -   	Testing dev Minibatch:    8
02/25/2021 13:35:21 - INFO - __main__ -   
Labels 	Prec. 	Recall	F1    	Supp  
Denial 	0.6294	0.7061	0.6655	279
Support	0.5709	0.5709	0.5709	289
Comment	0.5339	0.5060	0.5196	249
Queries	0.5625	0.2432	0.3396	37
MacroF1	0.5239
F1w_avg	0.5768
Acc    	58.2

02/25/2021 13:35:22 - INFO - __main__ -   	EPOCH:  18	MiniBatch:    0
02/25/2021 13:35:22 - INFO - __main__ -   	EPOCH:  18	MiniBatch:    1
02/25/2021 13:35:23 - INFO - __main__ -   	EPOCH:  18	MiniBatch:    2
02/25/2021 13:35:23 - INFO - __main__ -   	EPOCH:  18	MiniBatch:    3
02/25/2021 13:35:24 - INFO - __main__ -   	EPOCH:  18	MiniBatch:    4
02/25/2021 13:35:24 - INFO - __main__ -   	EPOCH:  18	MiniBatch:    5
02/25/2021 13:35:25 - INFO - __main__ -   	EPOCH:  18	MiniBatch:    6
02/25/2021 13:35:25 - INFO - __main__ -   	EPOCH:  18	MiniBatch:    7
02/25/2021 13:35:26 - INFO - __main__ -   	EPOCH:  18	MiniBatch:    8
02/25/2021 13:35:26 - INFO - __main__ -   	EPOCH:  18	MiniBatch:    9
02/25/2021 13:35:27 - INFO - __main__ -   	EPOCH:  18	MiniBatch:   10
02/25/2021 13:35:27 - INFO - __main__ -   	EPOCH:  18	MiniBatch:   11
02/25/2021 13:35:28 - INFO - __main__ -   	EPOCH:  18	MiniBatch:   12
02/25/2021 13:35:28 - INFO - __main__ -   	EPOCH:  18	MiniBatch:   13
02/25/2021 13:35:29 - INFO - __main__ -   	EPOCH:  18	MiniBatch:   14
02/25/2021 13:35:29 - INFO - __main__ -   	EPOCH:  18	MiniBatch:   15
02/25/2021 13:35:30 - INFO - __main__ -   	EPOCH:  18	MiniBatch:   16
02/25/2021 13:35:30 - INFO - __main__ -   	EPOCH:  18	MiniBatch:   17
02/25/2021 13:35:31 - INFO - __main__ -   	EPOCH:  18	MiniBatch:   18
02/25/2021 13:35:31 - INFO - __main__ -   	EPOCH:  18	MiniBatch:   19
02/25/2021 13:35:32 - INFO - __main__ -   	EPOCH:  18	MiniBatch:   20
02/25/2021 13:35:32 - INFO - __main__ -   	EPOCH:  18	MiniBatch:   21
02/25/2021 13:35:32 - INFO - __main__ -   	EPOCH:  18	MiniBatch:   22
02/25/2021 13:35:33 - INFO - __main__ -   	EPOCH:  18	MiniBatch:   23
02/25/2021 13:35:33 - INFO - __main__ -   	EPOCH:  18	MiniBatch:   24
02/25/2021 13:35:34 - INFO - __main__ -   	EPOCH:  18	MiniBatch:   25
02/25/2021 13:35:35 - INFO - __main__ -   	Testing dev Minibatch:    0
02/25/2021 13:35:35 - INFO - __main__ -   	Testing dev Minibatch:    1
02/25/2021 13:35:35 - INFO - __main__ -   	Testing dev Minibatch:    2
02/25/2021 13:35:35 - INFO - __main__ -   	Testing dev Minibatch:    3
02/25/2021 13:35:35 - INFO - __main__ -   	Testing dev Minibatch:    4
02/25/2021 13:35:35 - INFO - __main__ -   	Testing dev Minibatch:    5
02/25/2021 13:35:36 - INFO - __main__ -   	Testing dev Minibatch:    6
02/25/2021 13:35:36 - INFO - __main__ -   	Testing dev Minibatch:    7
02/25/2021 13:35:36 - INFO - __main__ -   	Testing dev Minibatch:    8
02/25/2021 13:35:36 - INFO - __main__ -   
Labels 	Prec. 	Recall	F1    	Supp  
Denial 	0.5521	0.7599	0.6395	279
Support	0.5720	0.5225	0.5461	289
Comment	0.5312	0.4096	0.4626	249
Queries	0.5714	0.2162	0.3137	37
MacroF1	0.4905
F1w_avg	0.5422
Acc    	55.4

02/25/2021 13:35:36 - INFO - __main__ -   	EPOCH:  19	MiniBatch:    0
02/25/2021 13:35:37 - INFO - __main__ -   	EPOCH:  19	MiniBatch:    1
02/25/2021 13:35:37 - INFO - __main__ -   	EPOCH:  19	MiniBatch:    2
02/25/2021 13:35:38 - INFO - __main__ -   	EPOCH:  19	MiniBatch:    3
02/25/2021 13:35:38 - INFO - __main__ -   	EPOCH:  19	MiniBatch:    4
02/25/2021 13:35:39 - INFO - __main__ -   	EPOCH:  19	MiniBatch:    5
02/25/2021 13:35:39 - INFO - __main__ -   	EPOCH:  19	MiniBatch:    6
02/25/2021 13:35:40 - INFO - __main__ -   	EPOCH:  19	MiniBatch:    7
02/25/2021 13:35:40 - INFO - __main__ -   	EPOCH:  19	MiniBatch:    8
02/25/2021 13:35:41 - INFO - __main__ -   	EPOCH:  19	MiniBatch:    9
02/25/2021 13:35:41 - INFO - __main__ -   	EPOCH:  19	MiniBatch:   10
02/25/2021 13:35:42 - INFO - __main__ -   	EPOCH:  19	MiniBatch:   11
02/25/2021 13:35:42 - INFO - __main__ -   	EPOCH:  19	MiniBatch:   12
02/25/2021 13:35:43 - INFO - __main__ -   	EPOCH:  19	MiniBatch:   13
02/25/2021 13:35:43 - INFO - __main__ -   	EPOCH:  19	MiniBatch:   14
02/25/2021 13:35:44 - INFO - __main__ -   	EPOCH:  19	MiniBatch:   15
02/25/2021 13:35:44 - INFO - __main__ -   	EPOCH:  19	MiniBatch:   16
02/25/2021 13:35:45 - INFO - __main__ -   	EPOCH:  19	MiniBatch:   17
02/25/2021 13:35:45 - INFO - __main__ -   	EPOCH:  19	MiniBatch:   18
02/25/2021 13:35:46 - INFO - __main__ -   	EPOCH:  19	MiniBatch:   19
02/25/2021 13:35:46 - INFO - __main__ -   	EPOCH:  19	MiniBatch:   20
02/25/2021 13:35:47 - INFO - __main__ -   	EPOCH:  19	MiniBatch:   21
02/25/2021 13:35:47 - INFO - __main__ -   	EPOCH:  19	MiniBatch:   22
02/25/2021 13:35:48 - INFO - __main__ -   	EPOCH:  19	MiniBatch:   23
02/25/2021 13:35:48 - INFO - __main__ -   	EPOCH:  19	MiniBatch:   24
02/25/2021 13:35:49 - INFO - __main__ -   	EPOCH:  19	MiniBatch:   25
02/25/2021 13:35:49 - INFO - __main__ -   	Testing dev Minibatch:    0
02/25/2021 13:35:50 - INFO - __main__ -   	Testing dev Minibatch:    1
02/25/2021 13:35:50 - INFO - __main__ -   	Testing dev Minibatch:    2
02/25/2021 13:35:50 - INFO - __main__ -   	Testing dev Minibatch:    3
02/25/2021 13:35:50 - INFO - __main__ -   	Testing dev Minibatch:    4
02/25/2021 13:35:50 - INFO - __main__ -   	Testing dev Minibatch:    5
02/25/2021 13:35:50 - INFO - __main__ -   	Testing dev Minibatch:    6
02/25/2021 13:35:51 - INFO - __main__ -   	Testing dev Minibatch:    7
02/25/2021 13:35:51 - INFO - __main__ -   	Testing dev Minibatch:    8
02/25/2021 13:35:51 - INFO - __main__ -   
Labels 	Prec. 	Recall	F1    	Supp  
Denial 	0.5753	0.7670	0.6575	279
Support	0.6273	0.4775	0.5422	289
Comment	0.5242	0.5221	0.5231	249
Queries	0.5714	0.2162	0.3137	37
MacroF1	0.5091
F1w_avg	0.5644
Acc    	57.4

02/25/2021 13:35:51 - INFO - __main__ -   	EPOCH:  20	MiniBatch:    0
02/25/2021 13:35:52 - INFO - __main__ -   	EPOCH:  20	MiniBatch:    1
02/25/2021 13:35:52 - INFO - __main__ -   	EPOCH:  20	MiniBatch:    2
02/25/2021 13:35:53 - INFO - __main__ -   	EPOCH:  20	MiniBatch:    3
02/25/2021 13:35:53 - INFO - __main__ -   	EPOCH:  20	MiniBatch:    4
02/25/2021 13:35:54 - INFO - __main__ -   	EPOCH:  20	MiniBatch:    5
02/25/2021 13:35:54 - INFO - __main__ -   	EPOCH:  20	MiniBatch:    6
02/25/2021 13:35:55 - INFO - __main__ -   	EPOCH:  20	MiniBatch:    7
02/25/2021 13:35:55 - INFO - __main__ -   	EPOCH:  20	MiniBatch:    8
02/25/2021 13:35:56 - INFO - __main__ -   	EPOCH:  20	MiniBatch:    9
02/25/2021 13:35:56 - INFO - __main__ -   	EPOCH:  20	MiniBatch:   10
02/25/2021 13:35:57 - INFO - __main__ -   	EPOCH:  20	MiniBatch:   11
02/25/2021 13:35:57 - INFO - __main__ -   	EPOCH:  20	MiniBatch:   12
02/25/2021 13:35:58 - INFO - __main__ -   	EPOCH:  20	MiniBatch:   13
02/25/2021 13:35:58 - INFO - __main__ -   	EPOCH:  20	MiniBatch:   14
02/25/2021 13:35:59 - INFO - __main__ -   	EPOCH:  20	MiniBatch:   15
02/25/2021 13:35:59 - INFO - __main__ -   	EPOCH:  20	MiniBatch:   16
02/25/2021 13:36:00 - INFO - __main__ -   	EPOCH:  20	MiniBatch:   17
02/25/2021 13:36:00 - INFO - __main__ -   	EPOCH:  20	MiniBatch:   18
02/25/2021 13:36:01 - INFO - __main__ -   	EPOCH:  20	MiniBatch:   19
02/25/2021 13:36:01 - INFO - __main__ -   	EPOCH:  20	MiniBatch:   20
02/25/2021 13:36:02 - INFO - __main__ -   	EPOCH:  20	MiniBatch:   21
02/25/2021 13:36:02 - INFO - __main__ -   	EPOCH:  20	MiniBatch:   22
02/25/2021 13:36:03 - INFO - __main__ -   	EPOCH:  20	MiniBatch:   23
02/25/2021 13:36:03 - INFO - __main__ -   	EPOCH:  20	MiniBatch:   24
02/25/2021 13:36:04 - INFO - __main__ -   	EPOCH:  20	MiniBatch:   25
02/25/2021 13:36:04 - INFO - __main__ -   	Testing dev Minibatch:    0
02/25/2021 13:36:04 - INFO - __main__ -   	Testing dev Minibatch:    1
02/25/2021 13:36:05 - INFO - __main__ -   	Testing dev Minibatch:    2
02/25/2021 13:36:05 - INFO - __main__ -   	Testing dev Minibatch:    3
02/25/2021 13:36:05 - INFO - __main__ -   	Testing dev Minibatch:    4
02/25/2021 13:36:05 - INFO - __main__ -   	Testing dev Minibatch:    5
02/25/2021 13:36:05 - INFO - __main__ -   	Testing dev Minibatch:    6
02/25/2021 13:36:05 - INFO - __main__ -   	Testing dev Minibatch:    7
02/25/2021 13:36:06 - INFO - __main__ -   	Testing dev Minibatch:    8
02/25/2021 13:36:06 - INFO - __main__ -   
Labels 	Prec. 	Recall	F1    	Supp  
Denial 	0.5989	0.7599	0.6698	279
Support	0.6309	0.5087	0.5632	289
Comment	0.5217	0.5301	0.5259	249
Queries	0.5714	0.2162	0.3137	37
MacroF1	0.5182
F1w_avg	0.5764
Acc    	58.4

02/25/2021 13:36:06 - INFO - __main__ -   	EPOCH:  21	MiniBatch:    0
02/25/2021 13:36:07 - INFO - __main__ -   	EPOCH:  21	MiniBatch:    1
02/25/2021 13:36:07 - INFO - __main__ -   	EPOCH:  21	MiniBatch:    2
02/25/2021 13:36:08 - INFO - __main__ -   	EPOCH:  21	MiniBatch:    3
02/25/2021 13:36:08 - INFO - __main__ -   	EPOCH:  21	MiniBatch:    4
02/25/2021 13:36:09 - INFO - __main__ -   	EPOCH:  21	MiniBatch:    5
02/25/2021 13:36:09 - INFO - __main__ -   	EPOCH:  21	MiniBatch:    6
02/25/2021 13:36:10 - INFO - __main__ -   	EPOCH:  21	MiniBatch:    7
02/25/2021 13:36:10 - INFO - __main__ -   	EPOCH:  21	MiniBatch:    8
02/25/2021 13:36:11 - INFO - __main__ -   	EPOCH:  21	MiniBatch:    9
02/25/2021 13:36:11 - INFO - __main__ -   	EPOCH:  21	MiniBatch:   10
02/25/2021 13:36:11 - INFO - __main__ -   	EPOCH:  21	MiniBatch:   11
02/25/2021 13:36:12 - INFO - __main__ -   	EPOCH:  21	MiniBatch:   12
02/25/2021 13:36:12 - INFO - __main__ -   	EPOCH:  21	MiniBatch:   13
02/25/2021 13:36:13 - INFO - __main__ -   	EPOCH:  21	MiniBatch:   14
02/25/2021 13:36:13 - INFO - __main__ -   	EPOCH:  21	MiniBatch:   15
02/25/2021 13:36:14 - INFO - __main__ -   	EPOCH:  21	MiniBatch:   16
02/25/2021 13:36:14 - INFO - __main__ -   	EPOCH:  21	MiniBatch:   17
02/25/2021 13:36:15 - INFO - __main__ -   	EPOCH:  21	MiniBatch:   18
02/25/2021 13:36:15 - INFO - __main__ -   	EPOCH:  21	MiniBatch:   19
02/25/2021 13:36:16 - INFO - __main__ -   	EPOCH:  21	MiniBatch:   20
02/25/2021 13:36:16 - INFO - __main__ -   	EPOCH:  21	MiniBatch:   21
02/25/2021 13:36:17 - INFO - __main__ -   	EPOCH:  21	MiniBatch:   22
02/25/2021 13:36:17 - INFO - __main__ -   	EPOCH:  21	MiniBatch:   23
02/25/2021 13:36:18 - INFO - __main__ -   	EPOCH:  21	MiniBatch:   24
02/25/2021 13:36:18 - INFO - __main__ -   	EPOCH:  21	MiniBatch:   25
02/25/2021 13:36:19 - INFO - __main__ -   	Testing dev Minibatch:    0
02/25/2021 13:36:19 - INFO - __main__ -   	Testing dev Minibatch:    1
02/25/2021 13:36:19 - INFO - __main__ -   	Testing dev Minibatch:    2
02/25/2021 13:36:20 - INFO - __main__ -   	Testing dev Minibatch:    3
02/25/2021 13:36:20 - INFO - __main__ -   	Testing dev Minibatch:    4
02/25/2021 13:36:20 - INFO - __main__ -   	Testing dev Minibatch:    5
02/25/2021 13:36:20 - INFO - __main__ -   	Testing dev Minibatch:    6
02/25/2021 13:36:20 - INFO - __main__ -   	Testing dev Minibatch:    7
02/25/2021 13:36:20 - INFO - __main__ -   	Testing dev Minibatch:    8
02/25/2021 13:36:21 - INFO - __main__ -   
Labels 	Prec. 	Recall	F1    	Supp  
Denial 	0.5938	0.7599	0.6667	279
Support	0.5815	0.6298	0.6047	289
Comment	0.5843	0.3896	0.4675	249
Queries	0.5000	0.2432	0.3273	37
MacroF1	0.5165
F1w_avg	0.5729
Acc    	58.5

02/25/2021 13:36:21 - INFO - __main__ -   	EPOCH:  22	MiniBatch:    0
02/25/2021 13:36:21 - INFO - __main__ -   	EPOCH:  22	MiniBatch:    1
02/25/2021 13:36:22 - INFO - __main__ -   	EPOCH:  22	MiniBatch:    2
02/25/2021 13:36:22 - INFO - __main__ -   	EPOCH:  22	MiniBatch:    3
02/25/2021 13:36:23 - INFO - __main__ -   	EPOCH:  22	MiniBatch:    4
02/25/2021 13:36:23 - INFO - __main__ -   	EPOCH:  22	MiniBatch:    5
02/25/2021 13:36:24 - INFO - __main__ -   	EPOCH:  22	MiniBatch:    6
02/25/2021 13:36:24 - INFO - __main__ -   	EPOCH:  22	MiniBatch:    7
02/25/2021 13:36:25 - INFO - __main__ -   	EPOCH:  22	MiniBatch:    8
02/25/2021 13:36:25 - INFO - __main__ -   	EPOCH:  22	MiniBatch:    9
02/25/2021 13:36:26 - INFO - __main__ -   	EPOCH:  22	MiniBatch:   10
02/25/2021 13:36:26 - INFO - __main__ -   	EPOCH:  22	MiniBatch:   11
02/25/2021 13:36:27 - INFO - __main__ -   	EPOCH:  22	MiniBatch:   12
02/25/2021 13:36:27 - INFO - __main__ -   	EPOCH:  22	MiniBatch:   13
02/25/2021 13:36:28 - INFO - __main__ -   	EPOCH:  22	MiniBatch:   14
02/25/2021 13:36:28 - INFO - __main__ -   	EPOCH:  22	MiniBatch:   15
02/25/2021 13:36:29 - INFO - __main__ -   	EPOCH:  22	MiniBatch:   16
02/25/2021 13:36:29 - INFO - __main__ -   	EPOCH:  22	MiniBatch:   17
02/25/2021 13:36:30 - INFO - __main__ -   	EPOCH:  22	MiniBatch:   18
02/25/2021 13:36:30 - INFO - __main__ -   	EPOCH:  22	MiniBatch:   19
02/25/2021 13:36:31 - INFO - __main__ -   	EPOCH:  22	MiniBatch:   20
02/25/2021 13:36:31 - INFO - __main__ -   	EPOCH:  22	MiniBatch:   21
02/25/2021 13:36:32 - INFO - __main__ -   	EPOCH:  22	MiniBatch:   22
02/25/2021 13:36:32 - INFO - __main__ -   	EPOCH:  22	MiniBatch:   23
02/25/2021 13:36:33 - INFO - __main__ -   	EPOCH:  22	MiniBatch:   24
02/25/2021 13:36:33 - INFO - __main__ -   	EPOCH:  22	MiniBatch:   25
02/25/2021 13:36:34 - INFO - __main__ -   	Testing dev Minibatch:    0
02/25/2021 13:36:34 - INFO - __main__ -   	Testing dev Minibatch:    1
02/25/2021 13:36:34 - INFO - __main__ -   	Testing dev Minibatch:    2
02/25/2021 13:36:34 - INFO - __main__ -   	Testing dev Minibatch:    3
02/25/2021 13:36:35 - INFO - __main__ -   	Testing dev Minibatch:    4
02/25/2021 13:36:35 - INFO - __main__ -   	Testing dev Minibatch:    5
02/25/2021 13:36:35 - INFO - __main__ -   	Testing dev Minibatch:    6
02/25/2021 13:36:35 - INFO - __main__ -   	Testing dev Minibatch:    7
02/25/2021 13:36:35 - INFO - __main__ -   	Testing dev Minibatch:    8
02/25/2021 13:36:35 - INFO - __main__ -   
Labels 	Prec. 	Recall	F1    	Supp  
Denial 	0.5604	0.7814	0.6527	279
Support	0.5724	0.5606	0.5664	289
Comment	0.5868	0.3936	0.4712	249
Queries	0.6000	0.2432	0.3462	37
MacroF1	0.5091
F1w_avg	0.5573
Acc    	57.0

02/25/2021 13:36:36 - INFO - __main__ -   	EPOCH:  23	MiniBatch:    0
02/25/2021 13:36:36 - INFO - __main__ -   	EPOCH:  23	MiniBatch:    1
02/25/2021 13:36:37 - INFO - __main__ -   	EPOCH:  23	MiniBatch:    2
02/25/2021 13:36:37 - INFO - __main__ -   	EPOCH:  23	MiniBatch:    3
02/25/2021 13:36:38 - INFO - __main__ -   	EPOCH:  23	MiniBatch:    4
02/25/2021 13:36:38 - INFO - __main__ -   	EPOCH:  23	MiniBatch:    5
02/25/2021 13:36:39 - INFO - __main__ -   	EPOCH:  23	MiniBatch:    6
02/25/2021 13:36:39 - INFO - __main__ -   	EPOCH:  23	MiniBatch:    7
02/25/2021 13:36:40 - INFO - __main__ -   	EPOCH:  23	MiniBatch:    8
02/25/2021 13:36:40 - INFO - __main__ -   	EPOCH:  23	MiniBatch:    9
02/25/2021 13:36:41 - INFO - __main__ -   	EPOCH:  23	MiniBatch:   10
02/25/2021 13:36:41 - INFO - __main__ -   	EPOCH:  23	MiniBatch:   11
02/25/2021 13:36:42 - INFO - __main__ -   	EPOCH:  23	MiniBatch:   12
02/25/2021 13:36:42 - INFO - __main__ -   	EPOCH:  23	MiniBatch:   13
02/25/2021 13:36:43 - INFO - __main__ -   	EPOCH:  23	MiniBatch:   14
02/25/2021 13:36:43 - INFO - __main__ -   	EPOCH:  23	MiniBatch:   15
02/25/2021 13:36:44 - INFO - __main__ -   	EPOCH:  23	MiniBatch:   16
02/25/2021 13:36:44 - INFO - __main__ -   	EPOCH:  23	MiniBatch:   17
02/25/2021 13:36:45 - INFO - __main__ -   	EPOCH:  23	MiniBatch:   18
02/25/2021 13:36:45 - INFO - __main__ -   	EPOCH:  23	MiniBatch:   19
02/25/2021 13:36:46 - INFO - __main__ -   	EPOCH:  23	MiniBatch:   20
02/25/2021 13:36:46 - INFO - __main__ -   	EPOCH:  23	MiniBatch:   21
02/25/2021 13:36:47 - INFO - __main__ -   	EPOCH:  23	MiniBatch:   22
02/25/2021 13:36:47 - INFO - __main__ -   	EPOCH:  23	MiniBatch:   23
02/25/2021 13:36:48 - INFO - __main__ -   	EPOCH:  23	MiniBatch:   24
02/25/2021 13:36:48 - INFO - __main__ -   	EPOCH:  23	MiniBatch:   25
02/25/2021 13:36:49 - INFO - __main__ -   	Testing dev Minibatch:    0
02/25/2021 13:36:49 - INFO - __main__ -   	Testing dev Minibatch:    1
02/25/2021 13:36:49 - INFO - __main__ -   	Testing dev Minibatch:    2
02/25/2021 13:36:49 - INFO - __main__ -   	Testing dev Minibatch:    3
02/25/2021 13:36:49 - INFO - __main__ -   	Testing dev Minibatch:    4
02/25/2021 13:36:50 - INFO - __main__ -   	Testing dev Minibatch:    5
02/25/2021 13:36:50 - INFO - __main__ -   	Testing dev Minibatch:    6
02/25/2021 13:36:50 - INFO - __main__ -   	Testing dev Minibatch:    7
02/25/2021 13:36:50 - INFO - __main__ -   	Testing dev Minibatch:    8
02/25/2021 13:36:50 - INFO - __main__ -   
Labels 	Prec. 	Recall	F1    	Supp  
Denial 	0.5609	0.7921	0.6568	279
Support	0.5889	0.5502	0.5689	289
Comment	0.5714	0.4016	0.4717	249
Queries	0.6000	0.2432	0.3462	37
MacroF1	0.5109
F1w_avg	0.5596
Acc    	57.3

02/25/2021 13:36:50 - INFO - __main__ -   	EPOCH:  24	MiniBatch:    0
02/25/2021 13:36:51 - INFO - __main__ -   	EPOCH:  24	MiniBatch:    1
02/25/2021 13:36:51 - INFO - __main__ -   	EPOCH:  24	MiniBatch:    2
02/25/2021 13:36:52 - INFO - __main__ -   	EPOCH:  24	MiniBatch:    3
02/25/2021 13:36:52 - INFO - __main__ -   	EPOCH:  24	MiniBatch:    4
02/25/2021 13:36:53 - INFO - __main__ -   	EPOCH:  24	MiniBatch:    5
02/25/2021 13:36:53 - INFO - __main__ -   	EPOCH:  24	MiniBatch:    6
02/25/2021 13:36:54 - INFO - __main__ -   	EPOCH:  24	MiniBatch:    7
02/25/2021 13:36:54 - INFO - __main__ -   	EPOCH:  24	MiniBatch:    8
02/25/2021 13:36:55 - INFO - __main__ -   	EPOCH:  24	MiniBatch:    9
02/25/2021 13:36:55 - INFO - __main__ -   	EPOCH:  24	MiniBatch:   10
02/25/2021 13:36:56 - INFO - __main__ -   	EPOCH:  24	MiniBatch:   11
02/25/2021 13:36:56 - INFO - __main__ -   	EPOCH:  24	MiniBatch:   12
02/25/2021 13:36:57 - INFO - __main__ -   	EPOCH:  24	MiniBatch:   13
02/25/2021 13:36:57 - INFO - __main__ -   	EPOCH:  24	MiniBatch:   14
02/25/2021 13:36:58 - INFO - __main__ -   	EPOCH:  24	MiniBatch:   15
02/25/2021 13:36:58 - INFO - __main__ -   	EPOCH:  24	MiniBatch:   16
02/25/2021 13:36:59 - INFO - __main__ -   	EPOCH:  24	MiniBatch:   17
02/25/2021 13:36:59 - INFO - __main__ -   	EPOCH:  24	MiniBatch:   18
02/25/2021 13:37:00 - INFO - __main__ -   	EPOCH:  24	MiniBatch:   19
02/25/2021 13:37:00 - INFO - __main__ -   	EPOCH:  24	MiniBatch:   20
02/25/2021 13:37:01 - INFO - __main__ -   	EPOCH:  24	MiniBatch:   21
02/25/2021 13:37:01 - INFO - __main__ -   	EPOCH:  24	MiniBatch:   22
02/25/2021 13:37:02 - INFO - __main__ -   	EPOCH:  24	MiniBatch:   23
02/25/2021 13:37:02 - INFO - __main__ -   	EPOCH:  24	MiniBatch:   24
02/25/2021 13:37:03 - INFO - __main__ -   	EPOCH:  24	MiniBatch:   25
02/25/2021 13:37:03 - INFO - __main__ -   	Testing dev Minibatch:    0
02/25/2021 13:37:04 - INFO - __main__ -   	Testing dev Minibatch:    1
02/25/2021 13:37:04 - INFO - __main__ -   	Testing dev Minibatch:    2
02/25/2021 13:37:04 - INFO - __main__ -   	Testing dev Minibatch:    3
02/25/2021 13:37:04 - INFO - __main__ -   	Testing dev Minibatch:    4
02/25/2021 13:37:04 - INFO - __main__ -   	Testing dev Minibatch:    5
02/25/2021 13:37:04 - INFO - __main__ -   	Testing dev Minibatch:    6
02/25/2021 13:37:05 - INFO - __main__ -   	Testing dev Minibatch:    7
02/25/2021 13:37:05 - INFO - __main__ -   	Testing dev Minibatch:    8
02/25/2021 13:37:05 - INFO - __main__ -   
Labels 	Prec. 	Recall	F1    	Supp  
Denial 	0.6202	0.7491	0.6786	279
Support	0.6016	0.5329	0.5651	289
Comment	0.5126	0.4900	0.5010	249
Queries	0.4348	0.2703	0.3333	37
MacroF1	0.5195
F1w_avg	0.5735
Acc    	58.0

02/25/2021 13:37:05 - INFO - __main__ -   	EPOCH:  25	MiniBatch:    0
02/25/2021 13:37:06 - INFO - __main__ -   	EPOCH:  25	MiniBatch:    1
02/25/2021 13:37:06 - INFO - __main__ -   	EPOCH:  25	MiniBatch:    2
02/25/2021 13:37:07 - INFO - __main__ -   	EPOCH:  25	MiniBatch:    3
02/25/2021 13:37:07 - INFO - __main__ -   	EPOCH:  25	MiniBatch:    4
02/25/2021 13:37:08 - INFO - __main__ -   	EPOCH:  25	MiniBatch:    5
02/25/2021 13:37:08 - INFO - __main__ -   	EPOCH:  25	MiniBatch:    6
02/25/2021 13:37:09 - INFO - __main__ -   	EPOCH:  25	MiniBatch:    7
02/25/2021 13:37:09 - INFO - __main__ -   	EPOCH:  25	MiniBatch:    8
02/25/2021 13:37:10 - INFO - __main__ -   	EPOCH:  25	MiniBatch:    9
02/25/2021 13:37:10 - INFO - __main__ -   	EPOCH:  25	MiniBatch:   10
02/25/2021 13:37:11 - INFO - __main__ -   	EPOCH:  25	MiniBatch:   11
02/25/2021 13:37:11 - INFO - __main__ -   	EPOCH:  25	MiniBatch:   12
02/25/2021 13:37:12 - INFO - __main__ -   	EPOCH:  25	MiniBatch:   13
02/25/2021 13:37:12 - INFO - __main__ -   	EPOCH:  25	MiniBatch:   14
02/25/2021 13:37:13 - INFO - __main__ -   	EPOCH:  25	MiniBatch:   15
02/25/2021 13:37:13 - INFO - __main__ -   	EPOCH:  25	MiniBatch:   16
02/25/2021 13:37:14 - INFO - __main__ -   	EPOCH:  25	MiniBatch:   17
02/25/2021 13:37:14 - INFO - __main__ -   	EPOCH:  25	MiniBatch:   18
02/25/2021 13:37:15 - INFO - __main__ -   	EPOCH:  25	MiniBatch:   19
02/25/2021 13:37:15 - INFO - __main__ -   	EPOCH:  25	MiniBatch:   20
02/25/2021 13:37:16 - INFO - __main__ -   	EPOCH:  25	MiniBatch:   21
02/25/2021 13:37:16 - INFO - __main__ -   	EPOCH:  25	MiniBatch:   22
02/25/2021 13:37:17 - INFO - __main__ -   	EPOCH:  25	MiniBatch:   23
02/25/2021 13:37:17 - INFO - __main__ -   	EPOCH:  25	MiniBatch:   24
02/25/2021 13:37:18 - INFO - __main__ -   	EPOCH:  25	MiniBatch:   25
02/25/2021 13:37:18 - INFO - __main__ -   	Testing dev Minibatch:    0
02/25/2021 13:37:18 - INFO - __main__ -   	Testing dev Minibatch:    1
02/25/2021 13:37:19 - INFO - __main__ -   	Testing dev Minibatch:    2
02/25/2021 13:37:19 - INFO - __main__ -   	Testing dev Minibatch:    3
02/25/2021 13:37:19 - INFO - __main__ -   	Testing dev Minibatch:    4
02/25/2021 13:37:19 - INFO - __main__ -   	Testing dev Minibatch:    5
02/25/2021 13:37:19 - INFO - __main__ -   	Testing dev Minibatch:    6
02/25/2021 13:37:19 - INFO - __main__ -   	Testing dev Minibatch:    7
02/25/2021 13:37:20 - INFO - __main__ -   	Testing dev Minibatch:    8
02/25/2021 13:37:20 - INFO - __main__ -   
Labels 	Prec. 	Recall	F1    	Supp  
Denial 	0.5511	0.7921	0.6500	279
Support	0.6034	0.4844	0.5374	289
Comment	0.5485	0.4538	0.4967	249
Queries	0.5333	0.2162	0.3077	37
MacroF1	0.4980
F1w_avg	0.5524
Acc    	56.4

02/25/2021 13:37:20 - INFO - __main__ -   	EPOCH:  26	MiniBatch:    0
02/25/2021 13:37:21 - INFO - __main__ -   	EPOCH:  26	MiniBatch:    1
02/25/2021 13:37:21 - INFO - __main__ -   	EPOCH:  26	MiniBatch:    2
02/25/2021 13:37:22 - INFO - __main__ -   	EPOCH:  26	MiniBatch:    3
02/25/2021 13:37:22 - INFO - __main__ -   	EPOCH:  26	MiniBatch:    4
02/25/2021 13:37:23 - INFO - __main__ -   	EPOCH:  26	MiniBatch:    5
02/25/2021 13:37:23 - INFO - __main__ -   	EPOCH:  26	MiniBatch:    6
02/25/2021 13:37:24 - INFO - __main__ -   	EPOCH:  26	MiniBatch:    7
02/25/2021 13:37:24 - INFO - __main__ -   	EPOCH:  26	MiniBatch:    8
02/25/2021 13:37:24 - INFO - __main__ -   	EPOCH:  26	MiniBatch:    9
02/25/2021 13:37:25 - INFO - __main__ -   	EPOCH:  26	MiniBatch:   10
02/25/2021 13:37:25 - INFO - __main__ -   	EPOCH:  26	MiniBatch:   11
02/25/2021 13:37:26 - INFO - __main__ -   	EPOCH:  26	MiniBatch:   12
02/25/2021 13:37:26 - INFO - __main__ -   	EPOCH:  26	MiniBatch:   13
02/25/2021 13:37:27 - INFO - __main__ -   	EPOCH:  26	MiniBatch:   14
02/25/2021 13:37:27 - INFO - __main__ -   	EPOCH:  26	MiniBatch:   15
02/25/2021 13:37:28 - INFO - __main__ -   	EPOCH:  26	MiniBatch:   16
02/25/2021 13:37:28 - INFO - __main__ -   	EPOCH:  26	MiniBatch:   17
02/25/2021 13:37:29 - INFO - __main__ -   	EPOCH:  26	MiniBatch:   18
02/25/2021 13:37:29 - INFO - __main__ -   	EPOCH:  26	MiniBatch:   19
02/25/2021 13:37:30 - INFO - __main__ -   	EPOCH:  26	MiniBatch:   20
02/25/2021 13:37:30 - INFO - __main__ -   	EPOCH:  26	MiniBatch:   21
02/25/2021 13:37:31 - INFO - __main__ -   	EPOCH:  26	MiniBatch:   22
02/25/2021 13:37:31 - INFO - __main__ -   	EPOCH:  26	MiniBatch:   23
02/25/2021 13:37:32 - INFO - __main__ -   	EPOCH:  26	MiniBatch:   24
02/25/2021 13:37:32 - INFO - __main__ -   	EPOCH:  26	MiniBatch:   25
02/25/2021 13:37:33 - INFO - __main__ -   	Testing dev Minibatch:    0
02/25/2021 13:37:33 - INFO - __main__ -   	Testing dev Minibatch:    1
02/25/2021 13:37:33 - INFO - __main__ -   	Testing dev Minibatch:    2
02/25/2021 13:37:34 - INFO - __main__ -   	Testing dev Minibatch:    3
02/25/2021 13:37:34 - INFO - __main__ -   	Testing dev Minibatch:    4
02/25/2021 13:37:34 - INFO - __main__ -   	Testing dev Minibatch:    5
02/25/2021 13:37:34 - INFO - __main__ -   	Testing dev Minibatch:    6
02/25/2021 13:37:34 - INFO - __main__ -   	Testing dev Minibatch:    7
02/25/2021 13:37:34 - INFO - __main__ -   	Testing dev Minibatch:    8
02/25/2021 13:37:35 - INFO - __main__ -   
Labels 	Prec. 	Recall	F1    	Supp  
Denial 	0.5622	0.7778	0.6526	279
Support	0.6216	0.4775	0.5401	289
Comment	0.5263	0.4819	0.5031	249
Queries	0.4444	0.2162	0.2909	37
MacroF1	0.4967
F1w_avg	0.5553
Acc    	56.6

02/25/2021 13:37:35 - INFO - __main__ -   	EPOCH:  27	MiniBatch:    0
02/25/2021 13:37:35 - INFO - __main__ -   	EPOCH:  27	MiniBatch:    1
02/25/2021 13:37:36 - INFO - __main__ -   	EPOCH:  27	MiniBatch:    2
02/25/2021 13:37:36 - INFO - __main__ -   	EPOCH:  27	MiniBatch:    3
02/25/2021 13:37:37 - INFO - __main__ -   	EPOCH:  27	MiniBatch:    4
02/25/2021 13:37:37 - INFO - __main__ -   	EPOCH:  27	MiniBatch:    5
02/25/2021 13:37:38 - INFO - __main__ -   	EPOCH:  27	MiniBatch:    6
02/25/2021 13:37:38 - INFO - __main__ -   	EPOCH:  27	MiniBatch:    7
02/25/2021 13:37:39 - INFO - __main__ -   	EPOCH:  27	MiniBatch:    8
02/25/2021 13:37:39 - INFO - __main__ -   	EPOCH:  27	MiniBatch:    9
02/25/2021 13:37:40 - INFO - __main__ -   	EPOCH:  27	MiniBatch:   10
02/25/2021 13:37:40 - INFO - __main__ -   	EPOCH:  27	MiniBatch:   11
02/25/2021 13:37:41 - INFO - __main__ -   	EPOCH:  27	MiniBatch:   12
02/25/2021 13:37:41 - INFO - __main__ -   	EPOCH:  27	MiniBatch:   13
02/25/2021 13:37:42 - INFO - __main__ -   	EPOCH:  27	MiniBatch:   14
02/25/2021 13:37:42 - INFO - __main__ -   	EPOCH:  27	MiniBatch:   15
02/25/2021 13:37:43 - INFO - __main__ -   	EPOCH:  27	MiniBatch:   16
02/25/2021 13:37:43 - INFO - __main__ -   	EPOCH:  27	MiniBatch:   17
02/25/2021 13:37:44 - INFO - __main__ -   	EPOCH:  27	MiniBatch:   18
02/25/2021 13:37:44 - INFO - __main__ -   	EPOCH:  27	MiniBatch:   19
02/25/2021 13:37:45 - INFO - __main__ -   	EPOCH:  27	MiniBatch:   20
02/25/2021 13:37:45 - INFO - __main__ -   	EPOCH:  27	MiniBatch:   21
02/25/2021 13:37:46 - INFO - __main__ -   	EPOCH:  27	MiniBatch:   22
02/25/2021 13:37:46 - INFO - __main__ -   	EPOCH:  27	MiniBatch:   23
02/25/2021 13:37:47 - INFO - __main__ -   	EPOCH:  27	MiniBatch:   24
02/25/2021 13:37:47 - INFO - __main__ -   	EPOCH:  27	MiniBatch:   25
02/25/2021 13:37:48 - INFO - __main__ -   	Testing dev Minibatch:    0
02/25/2021 13:37:48 - INFO - __main__ -   	Testing dev Minibatch:    1
02/25/2021 13:37:48 - INFO - __main__ -   	Testing dev Minibatch:    2
02/25/2021 13:37:48 - INFO - __main__ -   	Testing dev Minibatch:    3
02/25/2021 13:37:49 - INFO - __main__ -   	Testing dev Minibatch:    4
02/25/2021 13:37:49 - INFO - __main__ -   	Testing dev Minibatch:    5
02/25/2021 13:37:49 - INFO - __main__ -   	Testing dev Minibatch:    6
02/25/2021 13:37:49 - INFO - __main__ -   	Testing dev Minibatch:    7
02/25/2021 13:37:49 - INFO - __main__ -   	Testing dev Minibatch:    8
02/25/2021 13:37:49 - INFO - __main__ -   
Labels 	Prec. 	Recall	F1    	Supp  
Denial 	0.5593	0.7778	0.6507	279
Support	0.6232	0.4464	0.5202	289
Comment	0.5165	0.5020	0.5092	249
Queries	0.5294	0.2432	0.3333	37
MacroF1	0.5033
F1w_avg	0.5515
Acc    	56.2

02/25/2021 13:37:50 - INFO - __main__ -   	EPOCH:  28	MiniBatch:    0
02/25/2021 13:37:50 - INFO - __main__ -   	EPOCH:  28	MiniBatch:    1
02/25/2021 13:37:51 - INFO - __main__ -   	EPOCH:  28	MiniBatch:    2
02/25/2021 13:37:51 - INFO - __main__ -   	EPOCH:  28	MiniBatch:    3
02/25/2021 13:37:52 - INFO - __main__ -   	EPOCH:  28	MiniBatch:    4
02/25/2021 13:37:52 - INFO - __main__ -   	EPOCH:  28	MiniBatch:    5
02/25/2021 13:37:53 - INFO - __main__ -   	EPOCH:  28	MiniBatch:    6
02/25/2021 13:37:53 - INFO - __main__ -   	EPOCH:  28	MiniBatch:    7
02/25/2021 13:37:54 - INFO - __main__ -   	EPOCH:  28	MiniBatch:    8
02/25/2021 13:37:54 - INFO - __main__ -   	EPOCH:  28	MiniBatch:    9
02/25/2021 13:37:55 - INFO - __main__ -   	EPOCH:  28	MiniBatch:   10
02/25/2021 13:37:55 - INFO - __main__ -   	EPOCH:  28	MiniBatch:   11
02/25/2021 13:37:56 - INFO - __main__ -   	EPOCH:  28	MiniBatch:   12
02/25/2021 13:37:56 - INFO - __main__ -   	EPOCH:  28	MiniBatch:   13
02/25/2021 13:37:57 - INFO - __main__ -   	EPOCH:  28	MiniBatch:   14
02/25/2021 13:37:57 - INFO - __main__ -   	EPOCH:  28	MiniBatch:   15
02/25/2021 13:37:58 - INFO - __main__ -   	EPOCH:  28	MiniBatch:   16
02/25/2021 13:37:58 - INFO - __main__ -   	EPOCH:  28	MiniBatch:   17
02/25/2021 13:37:59 - INFO - __main__ -   	EPOCH:  28	MiniBatch:   18
02/25/2021 13:37:59 - INFO - __main__ -   	EPOCH:  28	MiniBatch:   19
02/25/2021 13:38:00 - INFO - __main__ -   	EPOCH:  28	MiniBatch:   20
02/25/2021 13:38:00 - INFO - __main__ -   	EPOCH:  28	MiniBatch:   21
02/25/2021 13:38:01 - INFO - __main__ -   	EPOCH:  28	MiniBatch:   22
02/25/2021 13:38:01 - INFO - __main__ -   	EPOCH:  28	MiniBatch:   23
02/25/2021 13:38:02 - INFO - __main__ -   	EPOCH:  28	MiniBatch:   24
02/25/2021 13:38:02 - INFO - __main__ -   	EPOCH:  28	MiniBatch:   25
02/25/2021 13:38:03 - INFO - __main__ -   	Testing dev Minibatch:    0
02/25/2021 13:38:03 - INFO - __main__ -   	Testing dev Minibatch:    1
02/25/2021 13:38:03 - INFO - __main__ -   	Testing dev Minibatch:    2
02/25/2021 13:38:03 - INFO - __main__ -   	Testing dev Minibatch:    3
02/25/2021 13:38:03 - INFO - __main__ -   	Testing dev Minibatch:    4
02/25/2021 13:38:04 - INFO - __main__ -   	Testing dev Minibatch:    5
02/25/2021 13:38:04 - INFO - __main__ -   	Testing dev Minibatch:    6
02/25/2021 13:38:04 - INFO - __main__ -   	Testing dev Minibatch:    7
02/25/2021 13:38:04 - INFO - __main__ -   	Testing dev Minibatch:    8
02/25/2021 13:38:04 - INFO - __main__ -   
Labels 	Prec. 	Recall	F1    	Supp  
Denial 	0.5302	0.8172	0.6432	279
Support	0.6077	0.4394	0.5100	289
Comment	0.5482	0.4337	0.4843	249
Queries	0.5000	0.2432	0.3273	37
MacroF1	0.4912
F1w_avg	0.5381
Acc    	55.3

02/25/2021 13:38:04 - INFO - __main__ -   No improvements in F1 for 20 epochs
02/25/2021 13:38:05 - INFO - __main__ -   	Testing test Minibatch:    0
02/25/2021 13:38:05 - INFO - __main__ -   	Testing test Minibatch:    1
02/25/2021 13:38:05 - INFO - __main__ -   	Testing test Minibatch:    2
02/25/2021 13:38:06 - INFO - __main__ -   	Testing test Minibatch:    3
02/25/2021 13:38:06 - INFO - __main__ -   	Testing test Minibatch:    4
02/25/2021 13:38:06 - INFO - __main__ -   	Testing test Minibatch:    5
02/25/2021 13:38:06 - INFO - __main__ -   	Testing test Minibatch:    6
02/25/2021 13:38:06 - INFO - __main__ -   	Testing test Minibatch:    7
02/25/2021 13:38:07 - INFO - __main__ -   	Testing test Minibatch:    8
02/25/2021 13:38:07 - INFO - __main__ -   
Labels 	Prec. 	Recall	F1    	Supp  
Denial 	0.6574	0.6805	0.6688	313
Support	0.5424	0.5568	0.5495	264
Comment	0.5394	0.5221	0.5306	249
Queries	0.4444	0.2857	0.3478	28
MacroF1	0.5242
F1w_avg	0.5811
Acc    	58.3

02/25/2021 13:38:07 - INFO - __main__ -   Time taken: 0h 7m 30s
