02/26/2021 11:43:37 - INFO - __main__ -   ----------------- Hyperparameters ------------------
02/26/2021 11:43:37 - INFO - __main__ -   ======== my_Bertweet =========
02/26/2021 11:43:37 - INFO - __main__ -   ===== Hyperparameters ======
02/26/2021 11:43:37 - INFO - __main__ -   ('batch_train', 300)
02/26/2021 11:43:37 - INFO - __main__ -   ('batch_test', 300)
02/26/2021 11:43:37 - INFO - __main__ -   ('epochs', 100)
02/26/2021 11:43:37 - INFO - __main__ -   ('learning_rate', 0.0001)
02/26/2021 11:43:37 - INFO - __main__ -   ('optimizer', 'adam')
02/26/2021 11:43:37 - INFO - __main__ -   ('do_train', True)
02/26/2021 11:43:37 - INFO - __main__ -   ('do_test', True)
02/26/2021 11:43:37 - INFO - __main__ -   ('model_name', 'my_Bertweet')
02/26/2021 11:43:37 - INFO - __main__ -   ('exp_name', 'exp46')
02/26/2021 11:43:37 - INFO - __main__ -   ('train_data', './data/train_set_128_bertweet.bin')
02/26/2021 11:43:37 - INFO - __main__ -   ('test_data', './data/test_set_128_bertweet.bin')
02/26/2021 11:43:37 - INFO - __main__ -   ('k_folds', 4)
02/26/2021 11:43:37 - INFO - __main__ -   ('folds2run', 1)
02/26/2021 11:43:37 - INFO - __main__ -   ('debug', False)
02/26/2021 11:43:37 - INFO - __main__ -   ('log_interval', 1)
02/26/2021 11:43:37 - INFO - __main__ -   ('loss_fn', 'ce_loss')
02/26/2021 11:43:37 - INFO - __main__ -   ('w_sample', True)
02/26/2021 11:43:37 - INFO - __main__ -   ('pretrain_model', '')
02/26/2021 11:43:37 - INFO - __main__ -   ('epochs2giveup', 20)
02/26/2021 11:43:37 - INFO - __main__ -   ('dropout', 0.1)
02/26/2021 11:43:37 - INFO - __main__ -   ------------------ Getting model -------------------
02/26/2021 11:43:44 - INFO - __main__ -   --------------- Getting dataframes -----------------
02/26/2021 11:43:44 - INFO - __main__ -   ------- Setting loss function and optimizer --------
02/26/2021 11:43:44 - INFO - __main__ -   ------------ Converting to dataloaders -------------
02/26/2021 11:43:44 - INFO - __main__ -   939
02/26/2021 11:43:44 - INFO - __main__ -   810
02/26/2021 11:43:44 - INFO - __main__ -   722
02/26/2021 11:43:44 - INFO - __main__ -   92
02/26/2021 11:43:44 - INFO - __main__ -   ---------------- Starting training -----------------
02/26/2021 11:43:44 - INFO - __main__ -   	EPOCH:   0	MiniBatch:    0
02/26/2021 11:43:48 - INFO - __main__ -   	EPOCH:   0	MiniBatch:    1
02/26/2021 11:43:49 - INFO - __main__ -   	EPOCH:   0	MiniBatch:    2
02/26/2021 11:43:50 - INFO - __main__ -   	EPOCH:   0	MiniBatch:    3
02/26/2021 11:43:51 - INFO - __main__ -   	EPOCH:   0	MiniBatch:    4
02/26/2021 11:43:52 - INFO - __main__ -   	EPOCH:   0	MiniBatch:    5
02/26/2021 11:43:54 - INFO - __main__ -   	EPOCH:   0	MiniBatch:    6
02/26/2021 11:43:55 - INFO - __main__ -   	EPOCH:   0	MiniBatch:    7
02/26/2021 11:43:56 - INFO - __main__ -   	EPOCH:   0	MiniBatch:    8
02/26/2021 11:43:57 - INFO - __main__ -   	Testing dev Minibatch:    0
02/26/2021 11:43:57 - INFO - __main__ -   	Testing dev Minibatch:    1
02/26/2021 11:43:58 - INFO - __main__ -   	Testing dev Minibatch:    2
02/26/2021 11:43:58 - INFO - __main__ -   
Labels 	Prec. 	Recall	F1    	Supp  
Denial 	0.5165	0.3102	0.3876	303
Support	0.3980	0.7263	0.5142	274
Comment	1.0000	0.0040	0.0080	248
Queries	0.1053	0.6207	0.1800	29
MacroF1	0.2725
F1w_avg	0.3110
Acc    	36.5

02/26/2021 11:43:59 - INFO - __main__ -   	EPOCH:   1	MiniBatch:    0
02/26/2021 11:44:00 - INFO - __main__ -   	EPOCH:   1	MiniBatch:    1
02/26/2021 11:44:01 - INFO - __main__ -   	EPOCH:   1	MiniBatch:    2
02/26/2021 11:44:02 - INFO - __main__ -   	EPOCH:   1	MiniBatch:    3
02/26/2021 11:44:03 - INFO - __main__ -   	EPOCH:   1	MiniBatch:    4
02/26/2021 11:44:04 - INFO - __main__ -   	EPOCH:   1	MiniBatch:    5
02/26/2021 11:44:06 - INFO - __main__ -   	EPOCH:   1	MiniBatch:    6
02/26/2021 11:44:07 - INFO - __main__ -   	EPOCH:   1	MiniBatch:    7
02/26/2021 11:44:08 - INFO - __main__ -   	EPOCH:   1	MiniBatch:    8
02/26/2021 11:44:09 - INFO - __main__ -   	Testing dev Minibatch:    0
02/26/2021 11:44:09 - INFO - __main__ -   	Testing dev Minibatch:    1
02/26/2021 11:44:10 - INFO - __main__ -   	Testing dev Minibatch:    2
02/26/2021 11:44:10 - INFO - __main__ -   
Labels 	Prec. 	Recall	F1    	Supp  
Denial 	0.4505	0.8251	0.5828	303
Support	0.4000	0.0073	0.0143	274
Comment	0.4430	0.4073	0.4244	248
Queries	0.3333	0.7586	0.4632	29
MacroF1	0.3712
F1w_avg	0.3503
Acc    	43.9

02/26/2021 11:44:12 - INFO - __main__ -   	EPOCH:   2	MiniBatch:    0
02/26/2021 11:44:13 - INFO - __main__ -   	EPOCH:   2	MiniBatch:    1
02/26/2021 11:44:14 - INFO - __main__ -   	EPOCH:   2	MiniBatch:    2
02/26/2021 11:44:15 - INFO - __main__ -   	EPOCH:   2	MiniBatch:    3
02/26/2021 11:44:16 - INFO - __main__ -   	EPOCH:   2	MiniBatch:    4
02/26/2021 11:44:18 - INFO - __main__ -   	EPOCH:   2	MiniBatch:    5
02/26/2021 11:44:19 - INFO - __main__ -   	EPOCH:   2	MiniBatch:    6
02/26/2021 11:44:20 - INFO - __main__ -   	EPOCH:   2	MiniBatch:    7
02/26/2021 11:44:21 - INFO - __main__ -   	EPOCH:   2	MiniBatch:    8
02/26/2021 11:44:22 - INFO - __main__ -   	Testing dev Minibatch:    0
02/26/2021 11:44:22 - INFO - __main__ -   	Testing dev Minibatch:    1
02/26/2021 11:44:23 - INFO - __main__ -   	Testing dev Minibatch:    2
02/26/2021 11:44:23 - INFO - __main__ -   
Labels 	Prec. 	Recall	F1    	Supp  
Denial 	0.7593	0.5413	0.6320	303
Support	0.4847	0.4051	0.4414	274
Comment	0.4056	0.5887	0.4803	248
Queries	0.3265	0.5517	0.4103	29
MacroF1	0.4910
F1w_avg	0.5192
Acc    	51.2

02/26/2021 11:44:25 - INFO - __main__ -   	EPOCH:   3	MiniBatch:    0
02/26/2021 11:44:26 - INFO - __main__ -   	EPOCH:   3	MiniBatch:    1
02/26/2021 11:44:27 - INFO - __main__ -   	EPOCH:   3	MiniBatch:    2
02/26/2021 11:44:28 - INFO - __main__ -   	EPOCH:   3	MiniBatch:    3
02/26/2021 11:44:30 - INFO - __main__ -   	EPOCH:   3	MiniBatch:    4
02/26/2021 11:44:31 - INFO - __main__ -   	EPOCH:   3	MiniBatch:    5
02/26/2021 11:44:32 - INFO - __main__ -   	EPOCH:   3	MiniBatch:    6
02/26/2021 11:44:33 - INFO - __main__ -   	EPOCH:   3	MiniBatch:    7
02/26/2021 11:44:34 - INFO - __main__ -   	EPOCH:   3	MiniBatch:    8
02/26/2021 11:44:35 - INFO - __main__ -   	Testing dev Minibatch:    0
02/26/2021 11:44:35 - INFO - __main__ -   	Testing dev Minibatch:    1
02/26/2021 11:44:36 - INFO - __main__ -   	Testing dev Minibatch:    2
02/26/2021 11:44:36 - INFO - __main__ -   
Labels 	Prec. 	Recall	F1    	Supp  
Denial 	0.6546	0.6568	0.6557	303
Support	0.5057	0.6423	0.5659	274
Comment	0.5172	0.3629	0.4265	248
Queries	0.3571	0.3448	0.3509	29
MacroF1	0.4998
F1w_avg	0.5500
Acc    	55.6

02/26/2021 11:44:38 - INFO - __main__ -   	EPOCH:   4	MiniBatch:    0
02/26/2021 11:44:39 - INFO - __main__ -   	EPOCH:   4	MiniBatch:    1
02/26/2021 11:44:40 - INFO - __main__ -   	EPOCH:   4	MiniBatch:    2
02/26/2021 11:44:42 - INFO - __main__ -   	EPOCH:   4	MiniBatch:    3
02/26/2021 11:44:43 - INFO - __main__ -   	EPOCH:   4	MiniBatch:    4
02/26/2021 11:44:44 - INFO - __main__ -   	EPOCH:   4	MiniBatch:    5
02/26/2021 11:44:45 - INFO - __main__ -   	EPOCH:   4	MiniBatch:    6
02/26/2021 11:44:46 - INFO - __main__ -   	EPOCH:   4	MiniBatch:    7
02/26/2021 11:44:47 - INFO - __main__ -   	EPOCH:   4	MiniBatch:    8
02/26/2021 11:44:48 - INFO - __main__ -   	Testing dev Minibatch:    0
02/26/2021 11:44:49 - INFO - __main__ -   	Testing dev Minibatch:    1
02/26/2021 11:44:49 - INFO - __main__ -   	Testing dev Minibatch:    2
02/26/2021 11:44:49 - INFO - __main__ -   
Labels 	Prec. 	Recall	F1    	Supp  
Denial 	0.6750	0.6238	0.6484	303
Support	0.4888	0.7190	0.5820	274
Comment	0.5437	0.3508	0.4265	248
Queries	0.5455	0.2069	0.3000	29
MacroF1	0.4892
F1w_avg	0.5508
Acc    	56.1

02/26/2021 11:44:50 - INFO - __main__ -   	EPOCH:   5	MiniBatch:    0
02/26/2021 11:44:51 - INFO - __main__ -   	EPOCH:   5	MiniBatch:    1
02/26/2021 11:44:52 - INFO - __main__ -   	EPOCH:   5	MiniBatch:    2
02/26/2021 11:44:53 - INFO - __main__ -   	EPOCH:   5	MiniBatch:    3
02/26/2021 11:44:54 - INFO - __main__ -   	EPOCH:   5	MiniBatch:    4
02/26/2021 11:44:55 - INFO - __main__ -   	EPOCH:   5	MiniBatch:    5
02/26/2021 11:44:57 - INFO - __main__ -   	EPOCH:   5	MiniBatch:    6
02/26/2021 11:44:58 - INFO - __main__ -   	EPOCH:   5	MiniBatch:    7
02/26/2021 11:44:59 - INFO - __main__ -   	EPOCH:   5	MiniBatch:    8
02/26/2021 11:45:00 - INFO - __main__ -   	Testing dev Minibatch:    0
02/26/2021 11:45:00 - INFO - __main__ -   	Testing dev Minibatch:    1
02/26/2021 11:45:01 - INFO - __main__ -   	Testing dev Minibatch:    2
02/26/2021 11:45:01 - INFO - __main__ -   
Labels 	Prec. 	Recall	F1    	Supp  
Denial 	0.6283	0.7030	0.6636	303
Support	0.5411	0.6241	0.5797	274
Comment	0.5479	0.4153	0.4725	248
Queries	0.5455	0.2069	0.3000	29
MacroF1	0.5039
F1w_avg	0.5688
Acc    	57.7

02/26/2021 11:45:03 - INFO - __main__ -   	EPOCH:   6	MiniBatch:    0
02/26/2021 11:45:04 - INFO - __main__ -   	EPOCH:   6	MiniBatch:    1
02/26/2021 11:45:05 - INFO - __main__ -   	EPOCH:   6	MiniBatch:    2
02/26/2021 11:45:06 - INFO - __main__ -   	EPOCH:   6	MiniBatch:    3
02/26/2021 11:45:07 - INFO - __main__ -   	EPOCH:   6	MiniBatch:    4
02/26/2021 11:45:09 - INFO - __main__ -   	EPOCH:   6	MiniBatch:    5
02/26/2021 11:45:10 - INFO - __main__ -   	EPOCH:   6	MiniBatch:    6
02/26/2021 11:45:11 - INFO - __main__ -   	EPOCH:   6	MiniBatch:    7
02/26/2021 11:45:12 - INFO - __main__ -   	EPOCH:   6	MiniBatch:    8
02/26/2021 11:45:13 - INFO - __main__ -   	Testing dev Minibatch:    0
02/26/2021 11:45:13 - INFO - __main__ -   	Testing dev Minibatch:    1
02/26/2021 11:45:14 - INFO - __main__ -   	Testing dev Minibatch:    2
02/26/2021 11:45:14 - INFO - __main__ -   
Labels 	Prec. 	Recall	F1    	Supp  
Denial 	0.6744	0.6700	0.6722	303
Support	0.6358	0.3759	0.4725	274
Comment	0.4415	0.6089	0.5119	248
Queries	0.3469	0.5862	0.4359	29
MacroF1	0.5231
F1w_avg	0.5535
Acc    	55.5

02/26/2021 11:45:16 - INFO - __main__ -   	EPOCH:   7	MiniBatch:    0
02/26/2021 11:45:17 - INFO - __main__ -   	EPOCH:   7	MiniBatch:    1
02/26/2021 11:45:18 - INFO - __main__ -   	EPOCH:   7	MiniBatch:    2
02/26/2021 11:45:19 - INFO - __main__ -   	EPOCH:   7	MiniBatch:    3
02/26/2021 11:45:21 - INFO - __main__ -   	EPOCH:   7	MiniBatch:    4
02/26/2021 11:45:22 - INFO - __main__ -   	EPOCH:   7	MiniBatch:    5
02/26/2021 11:45:23 - INFO - __main__ -   	EPOCH:   7	MiniBatch:    6
02/26/2021 11:45:24 - INFO - __main__ -   	EPOCH:   7	MiniBatch:    7
02/26/2021 11:45:25 - INFO - __main__ -   	EPOCH:   7	MiniBatch:    8
02/26/2021 11:45:26 - INFO - __main__ -   	Testing dev Minibatch:    0
02/26/2021 11:45:27 - INFO - __main__ -   	Testing dev Minibatch:    1
02/26/2021 11:45:27 - INFO - __main__ -   	Testing dev Minibatch:    2
02/26/2021 11:45:27 - INFO - __main__ -   
Labels 	Prec. 	Recall	F1    	Supp  
Denial 	0.7470	0.6139	0.6739	303
Support	0.4940	0.7518	0.5962	274
Comment	0.5543	0.3911	0.4586	248
Queries	0.4615	0.2069	0.2857	29
MacroF1	0.5036
F1w_avg	0.5733
Acc    	58.0

02/26/2021 11:45:28 - INFO - __main__ -   	EPOCH:   8	MiniBatch:    0
02/26/2021 11:45:29 - INFO - __main__ -   	EPOCH:   8	MiniBatch:    1
02/26/2021 11:45:30 - INFO - __main__ -   	EPOCH:   8	MiniBatch:    2
02/26/2021 11:45:31 - INFO - __main__ -   	EPOCH:   8	MiniBatch:    3
02/26/2021 11:45:32 - INFO - __main__ -   	EPOCH:   8	MiniBatch:    4
02/26/2021 11:45:33 - INFO - __main__ -   	EPOCH:   8	MiniBatch:    5
02/26/2021 11:45:34 - INFO - __main__ -   	EPOCH:   8	MiniBatch:    6
02/26/2021 11:45:36 - INFO - __main__ -   	EPOCH:   8	MiniBatch:    7
02/26/2021 11:45:37 - INFO - __main__ -   	EPOCH:   8	MiniBatch:    8
02/26/2021 11:45:38 - INFO - __main__ -   	Testing dev Minibatch:    0
02/26/2021 11:45:38 - INFO - __main__ -   	Testing dev Minibatch:    1
02/26/2021 11:45:39 - INFO - __main__ -   	Testing dev Minibatch:    2
02/26/2021 11:45:39 - INFO - __main__ -   
Labels 	Prec. 	Recall	F1    	Supp  
Denial 	0.5936	0.7327	0.6558	303
Support	0.5361	0.6496	0.5875	274
Comment	0.5540	0.3105	0.3979	248
Queries	0.5556	0.1724	0.2632	29
MacroF1	0.4761
F1w_avg	0.5457
Acc    	56.4

02/26/2021 11:45:39 - INFO - __main__ -   	EPOCH:   9	MiniBatch:    0
02/26/2021 11:45:40 - INFO - __main__ -   	EPOCH:   9	MiniBatch:    1
02/26/2021 11:45:41 - INFO - __main__ -   	EPOCH:   9	MiniBatch:    2
02/26/2021 11:45:43 - INFO - __main__ -   	EPOCH:   9	MiniBatch:    3
02/26/2021 11:45:44 - INFO - __main__ -   	EPOCH:   9	MiniBatch:    4
02/26/2021 11:45:45 - INFO - __main__ -   	EPOCH:   9	MiniBatch:    5
02/26/2021 11:45:46 - INFO - __main__ -   	EPOCH:   9	MiniBatch:    6
02/26/2021 11:45:47 - INFO - __main__ -   	EPOCH:   9	MiniBatch:    7
02/26/2021 11:45:48 - INFO - __main__ -   	EPOCH:   9	MiniBatch:    8
02/26/2021 11:45:49 - INFO - __main__ -   	Testing dev Minibatch:    0
02/26/2021 11:45:50 - INFO - __main__ -   	Testing dev Minibatch:    1
02/26/2021 11:45:50 - INFO - __main__ -   	Testing dev Minibatch:    2
02/26/2021 11:45:51 - INFO - __main__ -   
Labels 	Prec. 	Recall	F1    	Supp  
Denial 	0.7500	0.5644	0.6441	303
Support	0.5000	0.7883	0.6119	274
Comment	0.5667	0.4113	0.4766	248
Queries	0.5000	0.2414	0.3256	29
MacroF1	0.5145
F1w_avg	0.5743
Acc    	58.1

02/26/2021 11:45:51 - INFO - __main__ -   	EPOCH:  10	MiniBatch:    0
02/26/2021 11:45:52 - INFO - __main__ -   	EPOCH:  10	MiniBatch:    1
02/26/2021 11:45:53 - INFO - __main__ -   	EPOCH:  10	MiniBatch:    2
02/26/2021 11:45:54 - INFO - __main__ -   	EPOCH:  10	MiniBatch:    3
02/26/2021 11:45:55 - INFO - __main__ -   	EPOCH:  10	MiniBatch:    4
02/26/2021 11:45:57 - INFO - __main__ -   	EPOCH:  10	MiniBatch:    5
02/26/2021 11:45:58 - INFO - __main__ -   	EPOCH:  10	MiniBatch:    6
02/26/2021 11:45:59 - INFO - __main__ -   	EPOCH:  10	MiniBatch:    7
02/26/2021 11:46:00 - INFO - __main__ -   	EPOCH:  10	MiniBatch:    8
02/26/2021 11:46:01 - INFO - __main__ -   	Testing dev Minibatch:    0
02/26/2021 11:46:01 - INFO - __main__ -   	Testing dev Minibatch:    1
02/26/2021 11:46:02 - INFO - __main__ -   	Testing dev Minibatch:    2
02/26/2021 11:46:02 - INFO - __main__ -   
Labels 	Prec. 	Recall	F1    	Supp  
Denial 	0.6818	0.6436	0.6621	303
Support	0.5434	0.6861	0.6065	274
Comment	0.5385	0.4516	0.4912	248
Queries	0.5000	0.2414	0.3256	29
MacroF1	0.5214
F1w_avg	0.5832
Acc    	58.8

02/26/2021 11:46:02 - INFO - __main__ -   	EPOCH:  11	MiniBatch:    0
02/26/2021 11:46:04 - INFO - __main__ -   	EPOCH:  11	MiniBatch:    1
02/26/2021 11:46:05 - INFO - __main__ -   	EPOCH:  11	MiniBatch:    2
02/26/2021 11:46:06 - INFO - __main__ -   	EPOCH:  11	MiniBatch:    3
02/26/2021 11:46:07 - INFO - __main__ -   	EPOCH:  11	MiniBatch:    4
02/26/2021 11:46:08 - INFO - __main__ -   	EPOCH:  11	MiniBatch:    5
02/26/2021 11:46:09 - INFO - __main__ -   	EPOCH:  11	MiniBatch:    6
02/26/2021 11:46:11 - INFO - __main__ -   	EPOCH:  11	MiniBatch:    7
02/26/2021 11:46:12 - INFO - __main__ -   	EPOCH:  11	MiniBatch:    8
02/26/2021 11:46:13 - INFO - __main__ -   	Testing dev Minibatch:    0
02/26/2021 11:46:13 - INFO - __main__ -   	Testing dev Minibatch:    1
02/26/2021 11:46:13 - INFO - __main__ -   	Testing dev Minibatch:    2
02/26/2021 11:46:14 - INFO - __main__ -   
Labels 	Prec. 	Recall	F1    	Supp  
Denial 	0.6039	0.7195	0.6566	303
Support	0.5693	0.5693	0.5693	274
Comment	0.5388	0.4476	0.4890	248
Queries	0.4615	0.2069	0.2857	29
MacroF1	0.5002
F1w_avg	0.5673
Acc    	57.5

02/26/2021 11:46:14 - INFO - __main__ -   	EPOCH:  12	MiniBatch:    0
02/26/2021 11:46:15 - INFO - __main__ -   	EPOCH:  12	MiniBatch:    1
02/26/2021 11:46:16 - INFO - __main__ -   	EPOCH:  12	MiniBatch:    2
02/26/2021 11:46:17 - INFO - __main__ -   	EPOCH:  12	MiniBatch:    3
02/26/2021 11:46:19 - INFO - __main__ -   	EPOCH:  12	MiniBatch:    4
02/26/2021 11:46:20 - INFO - __main__ -   	EPOCH:  12	MiniBatch:    5
02/26/2021 11:46:21 - INFO - __main__ -   	EPOCH:  12	MiniBatch:    6
02/26/2021 11:46:22 - INFO - __main__ -   	EPOCH:  12	MiniBatch:    7
02/26/2021 11:46:23 - INFO - __main__ -   	EPOCH:  12	MiniBatch:    8
02/26/2021 11:46:24 - INFO - __main__ -   	Testing dev Minibatch:    0
02/26/2021 11:46:25 - INFO - __main__ -   	Testing dev Minibatch:    1
02/26/2021 11:46:25 - INFO - __main__ -   	Testing dev Minibatch:    2
02/26/2021 11:46:25 - INFO - __main__ -   
Labels 	Prec. 	Recall	F1    	Supp  
Denial 	0.6154	0.6865	0.6490	303
Support	0.5479	0.3759	0.4459	274
Comment	0.4399	0.5605	0.4929	248
Queries	0.5833	0.2414	0.3415	29
MacroF1	0.4823
F1w_avg	0.5281
Acc    	53.5

02/26/2021 11:46:26 - INFO - __main__ -   	EPOCH:  13	MiniBatch:    0
02/26/2021 11:46:27 - INFO - __main__ -   	EPOCH:  13	MiniBatch:    1
02/26/2021 11:46:28 - INFO - __main__ -   	EPOCH:  13	MiniBatch:    2
02/26/2021 11:46:29 - INFO - __main__ -   	EPOCH:  13	MiniBatch:    3
02/26/2021 11:46:30 - INFO - __main__ -   	EPOCH:  13	MiniBatch:    4
02/26/2021 11:46:31 - INFO - __main__ -   	EPOCH:  13	MiniBatch:    5
02/26/2021 11:46:33 - INFO - __main__ -   	EPOCH:  13	MiniBatch:    6
02/26/2021 11:46:34 - INFO - __main__ -   	EPOCH:  13	MiniBatch:    7
02/26/2021 11:46:35 - INFO - __main__ -   	EPOCH:  13	MiniBatch:    8
02/26/2021 11:46:36 - INFO - __main__ -   	Testing dev Minibatch:    0
02/26/2021 11:46:36 - INFO - __main__ -   	Testing dev Minibatch:    1
02/26/2021 11:46:37 - INFO - __main__ -   	Testing dev Minibatch:    2
02/26/2021 11:46:37 - INFO - __main__ -   
Labels 	Prec. 	Recall	F1    	Supp  
Denial 	0.5477	0.7393	0.6292	303
Support	0.5027	0.6715	0.5750	274
Comment	0.5882	0.1613	0.2532	248
Queries	0.5455	0.2069	0.3000	29
MacroF1	0.4393
F1w_avg	0.4914
Acc    	53.2

02/26/2021 11:46:37 - INFO - __main__ -   	EPOCH:  14	MiniBatch:    0
02/26/2021 11:46:38 - INFO - __main__ -   	EPOCH:  14	MiniBatch:    1
02/26/2021 11:46:40 - INFO - __main__ -   	EPOCH:  14	MiniBatch:    2
02/26/2021 11:46:41 - INFO - __main__ -   	EPOCH:  14	MiniBatch:    3
02/26/2021 11:46:42 - INFO - __main__ -   	EPOCH:  14	MiniBatch:    4
02/26/2021 11:46:43 - INFO - __main__ -   	EPOCH:  14	MiniBatch:    5
02/26/2021 11:46:44 - INFO - __main__ -   	EPOCH:  14	MiniBatch:    6
02/26/2021 11:46:45 - INFO - __main__ -   	EPOCH:  14	MiniBatch:    7
02/26/2021 11:46:47 - INFO - __main__ -   	EPOCH:  14	MiniBatch:    8
02/26/2021 11:46:47 - INFO - __main__ -   	Testing dev Minibatch:    0
02/26/2021 11:46:48 - INFO - __main__ -   	Testing dev Minibatch:    1
02/26/2021 11:46:48 - INFO - __main__ -   	Testing dev Minibatch:    2
02/26/2021 11:46:49 - INFO - __main__ -   
Labels 	Prec. 	Recall	F1    	Supp  
Denial 	0.5684	0.6997	0.6272	303
Support	0.5771	0.4234	0.4884	274
Comment	0.4779	0.5242	0.5000	248
Queries	0.3750	0.1034	0.1622	29
MacroF1	0.4445
F1w_avg	0.5300
Acc    	54.0

02/26/2021 11:46:49 - INFO - __main__ -   	EPOCH:  15	MiniBatch:    0
02/26/2021 11:46:50 - INFO - __main__ -   	EPOCH:  15	MiniBatch:    1
02/26/2021 11:46:51 - INFO - __main__ -   	EPOCH:  15	MiniBatch:    2
02/26/2021 11:46:52 - INFO - __main__ -   	EPOCH:  15	MiniBatch:    3
02/26/2021 11:46:53 - INFO - __main__ -   	EPOCH:  15	MiniBatch:    4
02/26/2021 11:46:55 - INFO - __main__ -   	EPOCH:  15	MiniBatch:    5
02/26/2021 11:46:56 - INFO - __main__ -   	EPOCH:  15	MiniBatch:    6
02/26/2021 11:46:57 - INFO - __main__ -   	EPOCH:  15	MiniBatch:    7
02/26/2021 11:46:58 - INFO - __main__ -   	EPOCH:  15	MiniBatch:    8
02/26/2021 11:46:59 - INFO - __main__ -   	Testing dev Minibatch:    0
02/26/2021 11:46:59 - INFO - __main__ -   	Testing dev Minibatch:    1
02/26/2021 11:47:00 - INFO - __main__ -   	Testing dev Minibatch:    2
02/26/2021 11:47:00 - INFO - __main__ -   
Labels 	Prec. 	Recall	F1    	Supp  
Denial 	0.6038	0.7294	0.6607	303
Support	0.5817	0.5328	0.5562	274
Comment	0.5291	0.4758	0.5011	248
Queries	0.4286	0.2069	0.2791	29
MacroF1	0.4993
F1w_avg	0.5678
Acc    	57.5

02/26/2021 11:47:00 - INFO - __main__ -   	EPOCH:  16	MiniBatch:    0
02/26/2021 11:47:02 - INFO - __main__ -   	EPOCH:  16	MiniBatch:    1
02/26/2021 11:47:03 - INFO - __main__ -   	EPOCH:  16	MiniBatch:    2
02/26/2021 11:47:04 - INFO - __main__ -   	EPOCH:  16	MiniBatch:    3
02/26/2021 11:47:05 - INFO - __main__ -   	EPOCH:  16	MiniBatch:    4
02/26/2021 11:47:06 - INFO - __main__ -   	EPOCH:  16	MiniBatch:    5
02/26/2021 11:47:07 - INFO - __main__ -   	EPOCH:  16	MiniBatch:    6
02/26/2021 11:47:09 - INFO - __main__ -   	EPOCH:  16	MiniBatch:    7
02/26/2021 11:47:10 - INFO - __main__ -   	EPOCH:  16	MiniBatch:    8
02/26/2021 11:47:11 - INFO - __main__ -   	Testing dev Minibatch:    0
02/26/2021 11:47:11 - INFO - __main__ -   	Testing dev Minibatch:    1
02/26/2021 11:47:11 - INFO - __main__ -   	Testing dev Minibatch:    2
02/26/2021 11:47:12 - INFO - __main__ -   
Labels 	Prec. 	Recall	F1    	Supp  
Denial 	0.6314	0.6898	0.6593	303
Support	0.5599	0.5803	0.5699	274
Comment	0.5268	0.4758	0.5000	248
Queries	0.4000	0.2069	0.2727	29
MacroF1	0.5005
F1w_avg	0.5712
Acc    	57.6

02/26/2021 11:47:12 - INFO - __main__ -   	EPOCH:  17	MiniBatch:    0
02/26/2021 11:47:13 - INFO - __main__ -   	EPOCH:  17	MiniBatch:    1
02/26/2021 11:47:15 - INFO - __main__ -   	EPOCH:  17	MiniBatch:    2
02/26/2021 11:47:16 - INFO - __main__ -   	EPOCH:  17	MiniBatch:    3
02/26/2021 11:47:17 - INFO - __main__ -   	EPOCH:  17	MiniBatch:    4
02/26/2021 11:47:18 - INFO - __main__ -   	EPOCH:  17	MiniBatch:    5
02/26/2021 11:47:19 - INFO - __main__ -   	EPOCH:  17	MiniBatch:    6
02/26/2021 11:47:20 - INFO - __main__ -   	EPOCH:  17	MiniBatch:    7
02/26/2021 11:47:21 - INFO - __main__ -   	EPOCH:  17	MiniBatch:    8
02/26/2021 11:47:22 - INFO - __main__ -   	Testing dev Minibatch:    0
02/26/2021 11:47:23 - INFO - __main__ -   	Testing dev Minibatch:    1
02/26/2021 11:47:23 - INFO - __main__ -   	Testing dev Minibatch:    2
02/26/2021 11:47:24 - INFO - __main__ -   
Labels 	Prec. 	Recall	F1    	Supp  
Denial 	0.6701	0.6502	0.6600	303
Support	0.5429	0.6241	0.5806	274
Comment	0.5238	0.4879	0.5052	248
Queries	0.4286	0.2069	0.2791	29
MacroF1	0.5062
F1w_avg	0.5766
Acc    	58.0

02/26/2021 11:47:24 - INFO - __main__ -   	EPOCH:  18	MiniBatch:    0
02/26/2021 11:47:25 - INFO - __main__ -   	EPOCH:  18	MiniBatch:    1
02/26/2021 11:47:26 - INFO - __main__ -   	EPOCH:  18	MiniBatch:    2
02/26/2021 11:47:27 - INFO - __main__ -   	EPOCH:  18	MiniBatch:    3
02/26/2021 11:47:28 - INFO - __main__ -   	EPOCH:  18	MiniBatch:    4
02/26/2021 11:47:30 - INFO - __main__ -   	EPOCH:  18	MiniBatch:    5
02/26/2021 11:47:31 - INFO - __main__ -   	EPOCH:  18	MiniBatch:    6
02/26/2021 11:47:32 - INFO - __main__ -   	EPOCH:  18	MiniBatch:    7
02/26/2021 11:47:33 - INFO - __main__ -   	EPOCH:  18	MiniBatch:    8
02/26/2021 11:47:34 - INFO - __main__ -   	Testing dev Minibatch:    0
02/26/2021 11:47:34 - INFO - __main__ -   	Testing dev Minibatch:    1
02/26/2021 11:47:35 - INFO - __main__ -   	Testing dev Minibatch:    2
02/26/2021 11:47:35 - INFO - __main__ -   
Labels 	Prec. 	Recall	F1    	Supp  
Denial 	0.6621	0.6337	0.6476	303
Support	0.5509	0.5730	0.5617	274
Comment	0.5000	0.5121	0.5060	248
Queries	0.4800	0.4138	0.4444	29
MacroF1	0.5399
F1w_avg	0.5720
Acc    	57.1

02/26/2021 11:47:37 - INFO - __main__ -   	EPOCH:  19	MiniBatch:    0
02/26/2021 11:47:38 - INFO - __main__ -   	EPOCH:  19	MiniBatch:    1
02/26/2021 11:47:39 - INFO - __main__ -   	EPOCH:  19	MiniBatch:    2
02/26/2021 11:47:41 - INFO - __main__ -   	EPOCH:  19	MiniBatch:    3
02/26/2021 11:47:42 - INFO - __main__ -   	EPOCH:  19	MiniBatch:    4
02/26/2021 11:47:43 - INFO - __main__ -   	EPOCH:  19	MiniBatch:    5
02/26/2021 11:47:44 - INFO - __main__ -   	EPOCH:  19	MiniBatch:    6
02/26/2021 11:47:45 - INFO - __main__ -   	EPOCH:  19	MiniBatch:    7
02/26/2021 11:47:46 - INFO - __main__ -   	EPOCH:  19	MiniBatch:    8
02/26/2021 11:47:47 - INFO - __main__ -   	Testing dev Minibatch:    0
02/26/2021 11:47:48 - INFO - __main__ -   	Testing dev Minibatch:    1
02/26/2021 11:47:48 - INFO - __main__ -   	Testing dev Minibatch:    2
02/26/2021 11:47:48 - INFO - __main__ -   
Labels 	Prec. 	Recall	F1    	Supp  
Denial 	0.6350	0.6832	0.6582	303
Support	0.5514	0.5876	0.5689	274
Comment	0.5090	0.4556	0.4809	248
Queries	0.4286	0.2069	0.2791	29
MacroF1	0.4968
F1w_avg	0.5652
Acc    	57.0

02/26/2021 11:47:49 - INFO - __main__ -   	EPOCH:  20	MiniBatch:    0
02/26/2021 11:47:50 - INFO - __main__ -   	EPOCH:  20	MiniBatch:    1
02/26/2021 11:47:51 - INFO - __main__ -   	EPOCH:  20	MiniBatch:    2
02/26/2021 11:47:52 - INFO - __main__ -   	EPOCH:  20	MiniBatch:    3
02/26/2021 11:47:53 - INFO - __main__ -   	EPOCH:  20	MiniBatch:    4
02/26/2021 11:47:55 - INFO - __main__ -   	EPOCH:  20	MiniBatch:    5
02/26/2021 11:47:56 - INFO - __main__ -   	EPOCH:  20	MiniBatch:    6
02/26/2021 11:47:57 - INFO - __main__ -   	EPOCH:  20	MiniBatch:    7
02/26/2021 11:47:58 - INFO - __main__ -   	EPOCH:  20	MiniBatch:    8
02/26/2021 11:47:59 - INFO - __main__ -   	Testing dev Minibatch:    0
02/26/2021 11:47:59 - INFO - __main__ -   	Testing dev Minibatch:    1
02/26/2021 11:48:00 - INFO - __main__ -   	Testing dev Minibatch:    2
02/26/2021 11:48:00 - INFO - __main__ -   
Labels 	Prec. 	Recall	F1    	Supp  
Denial 	0.6353	0.6898	0.6614	303
Support	0.5364	0.5912	0.5625	274
Comment	0.5095	0.4315	0.4672	248
Queries	0.3846	0.1724	0.2381	29
MacroF1	0.4823
F1w_avg	0.5589
Acc    	56.6

02/26/2021 11:48:00 - INFO - __main__ -   	EPOCH:  21	MiniBatch:    0
02/26/2021 11:48:01 - INFO - __main__ -   	EPOCH:  21	MiniBatch:    1
02/26/2021 11:48:03 - INFO - __main__ -   	EPOCH:  21	MiniBatch:    2
02/26/2021 11:48:04 - INFO - __main__ -   	EPOCH:  21	MiniBatch:    3
02/26/2021 11:48:05 - INFO - __main__ -   	EPOCH:  21	MiniBatch:    4
02/26/2021 11:48:06 - INFO - __main__ -   	EPOCH:  21	MiniBatch:    5
02/26/2021 11:48:07 - INFO - __main__ -   	EPOCH:  21	MiniBatch:    6
02/26/2021 11:48:08 - INFO - __main__ -   	EPOCH:  21	MiniBatch:    7
02/26/2021 11:48:10 - INFO - __main__ -   	EPOCH:  21	MiniBatch:    8
02/26/2021 11:48:10 - INFO - __main__ -   	Testing dev Minibatch:    0
02/26/2021 11:48:11 - INFO - __main__ -   	Testing dev Minibatch:    1
02/26/2021 11:48:11 - INFO - __main__ -   	Testing dev Minibatch:    2
02/26/2021 11:48:12 - INFO - __main__ -   
Labels 	Prec. 	Recall	F1    	Supp  
Denial 	0.6159	0.6667	0.6403	303
Support	0.5445	0.5584	0.5514	274
Comment	0.5022	0.4637	0.4822	248
Queries	0.5000	0.2759	0.3556	29
MacroF1	0.5073
F1w_avg	0.5562
Acc    	56.0

02/26/2021 11:48:12 - INFO - __main__ -   	EPOCH:  22	MiniBatch:    0
02/26/2021 11:48:13 - INFO - __main__ -   	EPOCH:  22	MiniBatch:    1
02/26/2021 11:48:14 - INFO - __main__ -   	EPOCH:  22	MiniBatch:    2
02/26/2021 11:48:15 - INFO - __main__ -   	EPOCH:  22	MiniBatch:    3
02/26/2021 11:48:17 - INFO - __main__ -   	EPOCH:  22	MiniBatch:    4
02/26/2021 11:48:18 - INFO - __main__ -   	EPOCH:  22	MiniBatch:    5
02/26/2021 11:48:19 - INFO - __main__ -   	EPOCH:  22	MiniBatch:    6
02/26/2021 11:48:20 - INFO - __main__ -   	EPOCH:  22	MiniBatch:    7
02/26/2021 11:48:21 - INFO - __main__ -   	EPOCH:  22	MiniBatch:    8
02/26/2021 11:48:22 - INFO - __main__ -   	Testing dev Minibatch:    0
02/26/2021 11:48:23 - INFO - __main__ -   	Testing dev Minibatch:    1
02/26/2021 11:48:23 - INFO - __main__ -   	Testing dev Minibatch:    2
02/26/2021 11:48:23 - INFO - __main__ -   
Labels 	Prec. 	Recall	F1    	Supp  
Denial 	0.6667	0.6337	0.6497	303
Support	0.5248	0.6569	0.5835	274
Comment	0.5164	0.4435	0.4772	248
Queries	0.5000	0.1724	0.2564	29
MacroF1	0.4917
F1w_avg	0.5650
Acc    	57.0

02/26/2021 11:48:24 - INFO - __main__ -   	EPOCH:  23	MiniBatch:    0
02/26/2021 11:48:25 - INFO - __main__ -   	EPOCH:  23	MiniBatch:    1
02/26/2021 11:48:26 - INFO - __main__ -   	EPOCH:  23	MiniBatch:    2
02/26/2021 11:48:27 - INFO - __main__ -   	EPOCH:  23	MiniBatch:    3
02/26/2021 11:48:28 - INFO - __main__ -   	EPOCH:  23	MiniBatch:    4
02/26/2021 11:48:29 - INFO - __main__ -   	EPOCH:  23	MiniBatch:    5
02/26/2021 11:48:31 - INFO - __main__ -   	EPOCH:  23	MiniBatch:    6
02/26/2021 11:48:32 - INFO - __main__ -   	EPOCH:  23	MiniBatch:    7
02/26/2021 11:48:33 - INFO - __main__ -   	EPOCH:  23	MiniBatch:    8
02/26/2021 11:48:34 - INFO - __main__ -   	Testing dev Minibatch:    0
02/26/2021 11:48:34 - INFO - __main__ -   	Testing dev Minibatch:    1
02/26/2021 11:48:35 - INFO - __main__ -   	Testing dev Minibatch:    2
02/26/2021 11:48:35 - INFO - __main__ -   
Labels 	Prec. 	Recall	F1    	Supp  
Denial 	0.6480	0.6502	0.6491	303
Support	0.5523	0.6168	0.5828	274
Comment	0.5238	0.4879	0.5052	248
Queries	0.5385	0.2414	0.3333	29
MacroF1	0.5176
F1w_avg	0.5753
Acc    	57.8

02/26/2021 11:48:35 - INFO - __main__ -   	EPOCH:  24	MiniBatch:    0
02/26/2021 11:48:36 - INFO - __main__ -   	EPOCH:  24	MiniBatch:    1
02/26/2021 11:48:38 - INFO - __main__ -   	EPOCH:  24	MiniBatch:    2
02/26/2021 11:48:39 - INFO - __main__ -   	EPOCH:  24	MiniBatch:    3
02/26/2021 11:48:40 - INFO - __main__ -   	EPOCH:  24	MiniBatch:    4
02/26/2021 11:48:41 - INFO - __main__ -   	EPOCH:  24	MiniBatch:    5
02/26/2021 11:48:42 - INFO - __main__ -   	EPOCH:  24	MiniBatch:    6
02/26/2021 11:48:43 - INFO - __main__ -   	EPOCH:  24	MiniBatch:    7
02/26/2021 11:48:44 - INFO - __main__ -   	EPOCH:  24	MiniBatch:    8
02/26/2021 11:48:45 - INFO - __main__ -   	Testing dev Minibatch:    0
02/26/2021 11:48:46 - INFO - __main__ -   	Testing dev Minibatch:    1
02/26/2021 11:48:46 - INFO - __main__ -   	Testing dev Minibatch:    2
02/26/2021 11:48:47 - INFO - __main__ -   
Labels 	Prec. 	Recall	F1    	Supp  
Denial 	0.6840	0.6073	0.6434	303
Support	0.5370	0.6095	0.5709	274
Comment	0.4981	0.5161	0.5069	248
Queries	0.5294	0.3103	0.3913	29
MacroF1	0.5281
F1w_avg	0.5719
Acc    	57.1

02/26/2021 11:48:47 - INFO - __main__ -   	EPOCH:  25	MiniBatch:    0
02/26/2021 11:48:48 - INFO - __main__ -   	EPOCH:  25	MiniBatch:    1
02/26/2021 11:48:49 - INFO - __main__ -   	EPOCH:  25	MiniBatch:    2
02/26/2021 11:48:50 - INFO - __main__ -   	EPOCH:  25	MiniBatch:    3
02/26/2021 11:48:51 - INFO - __main__ -   	EPOCH:  25	MiniBatch:    4
02/26/2021 11:48:53 - INFO - __main__ -   	EPOCH:  25	MiniBatch:    5
02/26/2021 11:48:54 - INFO - __main__ -   	EPOCH:  25	MiniBatch:    6
02/26/2021 11:48:55 - INFO - __main__ -   	EPOCH:  25	MiniBatch:    7
02/26/2021 11:48:56 - INFO - __main__ -   	EPOCH:  25	MiniBatch:    8
02/26/2021 11:48:57 - INFO - __main__ -   	Testing dev Minibatch:    0
02/26/2021 11:48:57 - INFO - __main__ -   	Testing dev Minibatch:    1
02/26/2021 11:48:58 - INFO - __main__ -   	Testing dev Minibatch:    2
02/26/2021 11:48:58 - INFO - __main__ -   
Labels 	Prec. 	Recall	F1    	Supp  
Denial 	0.7045	0.5743	0.6327	303
Support	0.5174	0.7044	0.5966	274
Comment	0.5249	0.4677	0.4947	248
Queries	0.5385	0.2414	0.3333	29
MacroF1	0.5143
F1w_avg	0.5709
Acc    	57.4

02/26/2021 11:48:58 - INFO - __main__ -   	EPOCH:  26	MiniBatch:    0
02/26/2021 11:49:00 - INFO - __main__ -   	EPOCH:  26	MiniBatch:    1
02/26/2021 11:49:01 - INFO - __main__ -   	EPOCH:  26	MiniBatch:    2
02/26/2021 11:49:02 - INFO - __main__ -   	EPOCH:  26	MiniBatch:    3
02/26/2021 11:49:03 - INFO - __main__ -   	EPOCH:  26	MiniBatch:    4
02/26/2021 11:49:04 - INFO - __main__ -   	EPOCH:  26	MiniBatch:    5
02/26/2021 11:49:05 - INFO - __main__ -   	EPOCH:  26	MiniBatch:    6
02/26/2021 11:49:07 - INFO - __main__ -   	EPOCH:  26	MiniBatch:    7
02/26/2021 11:49:08 - INFO - __main__ -   	EPOCH:  26	MiniBatch:    8
02/26/2021 11:49:09 - INFO - __main__ -   	Testing dev Minibatch:    0
02/26/2021 11:49:09 - INFO - __main__ -   	Testing dev Minibatch:    1
02/26/2021 11:49:09 - INFO - __main__ -   	Testing dev Minibatch:    2
02/26/2021 11:49:10 - INFO - __main__ -   
Labels 	Prec. 	Recall	F1    	Supp  
Denial 	0.6262	0.6304	0.6283	303
Support	0.4964	0.7518	0.5980	274
Comment	0.5403	0.2702	0.3602	248
Queries	0.5000	0.1724	0.2564	29
MacroF1	0.4607
F1w_avg	0.5281
Acc    	54.9

02/26/2021 11:49:10 - INFO - __main__ -   	EPOCH:  27	MiniBatch:    0
02/26/2021 11:49:11 - INFO - __main__ -   	EPOCH:  27	MiniBatch:    1
02/26/2021 11:49:12 - INFO - __main__ -   	EPOCH:  27	MiniBatch:    2
02/26/2021 11:49:14 - INFO - __main__ -   	EPOCH:  27	MiniBatch:    3
02/26/2021 11:49:15 - INFO - __main__ -   	EPOCH:  27	MiniBatch:    4
02/26/2021 11:49:16 - INFO - __main__ -   	EPOCH:  27	MiniBatch:    5
02/26/2021 11:49:17 - INFO - __main__ -   	EPOCH:  27	MiniBatch:    6
02/26/2021 11:49:18 - INFO - __main__ -   	EPOCH:  27	MiniBatch:    7
02/26/2021 11:49:19 - INFO - __main__ -   	EPOCH:  27	MiniBatch:    8
02/26/2021 11:49:20 - INFO - __main__ -   	Testing dev Minibatch:    0
02/26/2021 11:49:21 - INFO - __main__ -   	Testing dev Minibatch:    1
02/26/2021 11:49:21 - INFO - __main__ -   	Testing dev Minibatch:    2
02/26/2021 11:49:21 - INFO - __main__ -   
Labels 	Prec. 	Recall	F1    	Supp  
Denial 	0.6296	0.6733	0.6507	303
Support	0.5311	0.6861	0.5987	274
Comment	0.5466	0.3548	0.4303	248
Queries	0.5333	0.2759	0.3636	29
MacroF1	0.5108
F1w_avg	0.5603
Acc    	57.1

02/26/2021 11:49:22 - INFO - __main__ -   	EPOCH:  28	MiniBatch:    0
02/26/2021 11:49:23 - INFO - __main__ -   	EPOCH:  28	MiniBatch:    1
02/26/2021 11:49:24 - INFO - __main__ -   	EPOCH:  28	MiniBatch:    2
02/26/2021 11:49:25 - INFO - __main__ -   	EPOCH:  28	MiniBatch:    3
02/26/2021 11:49:26 - INFO - __main__ -   	EPOCH:  28	MiniBatch:    4
02/26/2021 11:49:27 - INFO - __main__ -   	EPOCH:  28	MiniBatch:    5
02/26/2021 11:49:29 - INFO - __main__ -   	EPOCH:  28	MiniBatch:    6
02/26/2021 11:49:30 - INFO - __main__ -   	EPOCH:  28	MiniBatch:    7
02/26/2021 11:49:31 - INFO - __main__ -   	EPOCH:  28	MiniBatch:    8
02/26/2021 11:49:32 - INFO - __main__ -   	Testing dev Minibatch:    0
02/26/2021 11:49:32 - INFO - __main__ -   	Testing dev Minibatch:    1
02/26/2021 11:49:33 - INFO - __main__ -   	Testing dev Minibatch:    2
02/26/2021 11:49:33 - INFO - __main__ -   
Labels 	Prec. 	Recall	F1    	Supp  
Denial 	0.5898	0.7261	0.6509	303
Support	0.5612	0.6022	0.5810	274
Comment	0.5509	0.3710	0.4434	248
Queries	0.4500	0.3103	0.3673	29
MacroF1	0.5106
F1w_avg	0.5586
Acc    	56.9

02/26/2021 11:49:33 - INFO - __main__ -   	EPOCH:  29	MiniBatch:    0
02/26/2021 11:49:34 - INFO - __main__ -   	EPOCH:  29	MiniBatch:    1
02/26/2021 11:49:36 - INFO - __main__ -   	EPOCH:  29	MiniBatch:    2
02/26/2021 11:49:37 - INFO - __main__ -   	EPOCH:  29	MiniBatch:    3
02/26/2021 11:49:38 - INFO - __main__ -   	EPOCH:  29	MiniBatch:    4
02/26/2021 11:49:39 - INFO - __main__ -   	EPOCH:  29	MiniBatch:    5
02/26/2021 11:49:40 - INFO - __main__ -   	EPOCH:  29	MiniBatch:    6
02/26/2021 11:49:41 - INFO - __main__ -   	EPOCH:  29	MiniBatch:    7
02/26/2021 11:49:43 - INFO - __main__ -   	EPOCH:  29	MiniBatch:    8
02/26/2021 11:49:43 - INFO - __main__ -   	Testing dev Minibatch:    0
02/26/2021 11:49:44 - INFO - __main__ -   	Testing dev Minibatch:    1
02/26/2021 11:49:44 - INFO - __main__ -   	Testing dev Minibatch:    2
02/26/2021 11:49:45 - INFO - __main__ -   
Labels 	Prec. 	Recall	F1    	Supp  
Denial 	0.6358	0.6799	0.6571	303
Support	0.5657	0.5657	0.5657	274
Comment	0.5062	0.4960	0.5010	248
Queries	0.4615	0.2069	0.2857	29
MacroF1	0.5024
F1w_avg	0.5698
Acc    	57.4

02/26/2021 11:49:45 - INFO - __main__ -   	EPOCH:  30	MiniBatch:    0
02/26/2021 11:49:46 - INFO - __main__ -   	EPOCH:  30	MiniBatch:    1
02/26/2021 11:49:47 - INFO - __main__ -   	EPOCH:  30	MiniBatch:    2
02/26/2021 11:49:48 - INFO - __main__ -   	EPOCH:  30	MiniBatch:    3
02/26/2021 11:49:50 - INFO - __main__ -   	EPOCH:  30	MiniBatch:    4
02/26/2021 11:49:51 - INFO - __main__ -   	EPOCH:  30	MiniBatch:    5
02/26/2021 11:49:52 - INFO - __main__ -   	EPOCH:  30	MiniBatch:    6
02/26/2021 11:49:53 - INFO - __main__ -   	EPOCH:  30	MiniBatch:    7
02/26/2021 11:49:54 - INFO - __main__ -   	EPOCH:  30	MiniBatch:    8
02/26/2021 11:49:55 - INFO - __main__ -   	Testing dev Minibatch:    0
02/26/2021 11:49:56 - INFO - __main__ -   	Testing dev Minibatch:    1
02/26/2021 11:49:56 - INFO - __main__ -   	Testing dev Minibatch:    2
02/26/2021 11:49:56 - INFO - __main__ -   
Labels 	Prec. 	Recall	F1    	Supp  
Denial 	0.6540	0.6799	0.6667	303
Support	0.5806	0.5255	0.5517	274
Comment	0.4926	0.5363	0.5135	248
Queries	0.4286	0.3103	0.3600	29
MacroF1	0.5230
F1w_avg	0.5749
Acc    	57.6

02/26/2021 11:49:57 - INFO - __main__ -   	EPOCH:  31	MiniBatch:    0
02/26/2021 11:49:58 - INFO - __main__ -   	EPOCH:  31	MiniBatch:    1
02/26/2021 11:49:59 - INFO - __main__ -   	EPOCH:  31	MiniBatch:    2
02/26/2021 11:50:00 - INFO - __main__ -   	EPOCH:  31	MiniBatch:    3
02/26/2021 11:50:01 - INFO - __main__ -   	EPOCH:  31	MiniBatch:    4
02/26/2021 11:50:02 - INFO - __main__ -   	EPOCH:  31	MiniBatch:    5
02/26/2021 11:50:03 - INFO - __main__ -   	EPOCH:  31	MiniBatch:    6
02/26/2021 11:50:05 - INFO - __main__ -   	EPOCH:  31	MiniBatch:    7
02/26/2021 11:50:06 - INFO - __main__ -   	EPOCH:  31	MiniBatch:    8
02/26/2021 11:50:07 - INFO - __main__ -   	Testing dev Minibatch:    0
02/26/2021 11:50:07 - INFO - __main__ -   	Testing dev Minibatch:    1
02/26/2021 11:50:08 - INFO - __main__ -   	Testing dev Minibatch:    2
02/26/2021 11:50:08 - INFO - __main__ -   
Labels 	Prec. 	Recall	F1    	Supp  
Denial 	0.5990	0.7591	0.6696	303
Support	0.5040	0.6861	0.5811	274
Comment	0.5823	0.1855	0.2813	248
Queries	0.4444	0.2759	0.3404	29
MacroF1	0.4681
F1w_avg	0.5173
Acc    	55.3

02/26/2021 11:50:08 - INFO - __main__ -   	EPOCH:  32	MiniBatch:    0
02/26/2021 11:50:09 - INFO - __main__ -   	EPOCH:  32	MiniBatch:    1
02/26/2021 11:50:10 - INFO - __main__ -   	EPOCH:  32	MiniBatch:    2
02/26/2021 11:50:12 - INFO - __main__ -   	EPOCH:  32	MiniBatch:    3
02/26/2021 11:50:13 - INFO - __main__ -   	EPOCH:  32	MiniBatch:    4
02/26/2021 11:50:14 - INFO - __main__ -   	EPOCH:  32	MiniBatch:    5
02/26/2021 11:50:15 - INFO - __main__ -   	EPOCH:  32	MiniBatch:    6
02/26/2021 11:50:16 - INFO - __main__ -   	EPOCH:  32	MiniBatch:    7
02/26/2021 11:50:17 - INFO - __main__ -   	EPOCH:  32	MiniBatch:    8
02/26/2021 11:50:18 - INFO - __main__ -   	Testing dev Minibatch:    0
02/26/2021 11:50:19 - INFO - __main__ -   	Testing dev Minibatch:    1
02/26/2021 11:50:19 - INFO - __main__ -   	Testing dev Minibatch:    2
02/26/2021 11:50:20 - INFO - __main__ -   
Labels 	Prec. 	Recall	F1    	Supp  
Denial 	0.5530	0.7063	0.6203	303
Support	0.5701	0.4599	0.5091	274
Comment	0.4897	0.3831	0.4299	248
Queries	0.2885	0.5172	0.3704	29
MacroF1	0.4824
F1w_avg	0.5208
Acc    	52.7

02/26/2021 11:50:20 - INFO - __main__ -   	EPOCH:  33	MiniBatch:    0
02/26/2021 11:50:21 - INFO - __main__ -   	EPOCH:  33	MiniBatch:    1
02/26/2021 11:50:22 - INFO - __main__ -   	EPOCH:  33	MiniBatch:    2
02/26/2021 11:50:23 - INFO - __main__ -   	EPOCH:  33	MiniBatch:    3
02/26/2021 11:50:24 - INFO - __main__ -   	EPOCH:  33	MiniBatch:    4
02/26/2021 11:50:26 - INFO - __main__ -   	EPOCH:  33	MiniBatch:    5
02/26/2021 11:50:27 - INFO - __main__ -   	EPOCH:  33	MiniBatch:    6
02/26/2021 11:50:28 - INFO - __main__ -   	EPOCH:  33	MiniBatch:    7
02/26/2021 11:50:29 - INFO - __main__ -   	EPOCH:  33	MiniBatch:    8
02/26/2021 11:50:30 - INFO - __main__ -   	Testing dev Minibatch:    0
02/26/2021 11:50:30 - INFO - __main__ -   	Testing dev Minibatch:    1
02/26/2021 11:50:31 - INFO - __main__ -   	Testing dev Minibatch:    2
02/26/2021 11:50:31 - INFO - __main__ -   
Labels 	Prec. 	Recall	F1    	Supp  
Denial 	0.7111	0.6337	0.6702	303
Support	0.5486	0.5766	0.5623	274
Comment	0.4770	0.5444	0.5085	248
Queries	0.3846	0.1724	0.2381	29
MacroF1	0.4948
F1w_avg	0.5739
Acc    	57.4

02/26/2021 11:50:31 - INFO - __main__ -   	EPOCH:  34	MiniBatch:    0
02/26/2021 11:50:33 - INFO - __main__ -   	EPOCH:  34	MiniBatch:    1
02/26/2021 11:50:34 - INFO - __main__ -   	EPOCH:  34	MiniBatch:    2
02/26/2021 11:50:35 - INFO - __main__ -   	EPOCH:  34	MiniBatch:    3
02/26/2021 11:50:36 - INFO - __main__ -   	EPOCH:  34	MiniBatch:    4
02/26/2021 11:50:37 - INFO - __main__ -   	EPOCH:  34	MiniBatch:    5
02/26/2021 11:50:38 - INFO - __main__ -   	EPOCH:  34	MiniBatch:    6
02/26/2021 11:50:40 - INFO - __main__ -   	EPOCH:  34	MiniBatch:    7
02/26/2021 11:50:41 - INFO - __main__ -   	EPOCH:  34	MiniBatch:    8
02/26/2021 11:50:42 - INFO - __main__ -   	Testing dev Minibatch:    0
02/26/2021 11:50:42 - INFO - __main__ -   	Testing dev Minibatch:    1
02/26/2021 11:50:42 - INFO - __main__ -   	Testing dev Minibatch:    2
02/26/2021 11:50:43 - INFO - __main__ -   
Labels 	Prec. 	Recall	F1    	Supp  
Denial 	0.6730	0.5842	0.6254	303
Support	0.5266	0.6131	0.5666	274
Comment	0.5042	0.4879	0.4959	248
Queries	0.4062	0.4483	0.4262	29
MacroF1	0.5285
F1w_avg	0.5622
Acc    	56.1

02/26/2021 11:50:43 - INFO - __main__ -   	EPOCH:  35	MiniBatch:    0
02/26/2021 11:50:44 - INFO - __main__ -   	EPOCH:  35	MiniBatch:    1
02/26/2021 11:50:45 - INFO - __main__ -   	EPOCH:  35	MiniBatch:    2
02/26/2021 11:50:47 - INFO - __main__ -   	EPOCH:  35	MiniBatch:    3
02/26/2021 11:50:48 - INFO - __main__ -   	EPOCH:  35	MiniBatch:    4
02/26/2021 11:50:49 - INFO - __main__ -   	EPOCH:  35	MiniBatch:    5
02/26/2021 11:50:50 - INFO - __main__ -   	EPOCH:  35	MiniBatch:    6
02/26/2021 11:50:51 - INFO - __main__ -   	EPOCH:  35	MiniBatch:    7
02/26/2021 11:50:52 - INFO - __main__ -   	EPOCH:  35	MiniBatch:    8
02/26/2021 11:50:53 - INFO - __main__ -   	Testing dev Minibatch:    0
02/26/2021 11:50:54 - INFO - __main__ -   	Testing dev Minibatch:    1
02/26/2021 11:50:54 - INFO - __main__ -   	Testing dev Minibatch:    2
02/26/2021 11:50:54 - INFO - __main__ -   
Labels 	Prec. 	Recall	F1    	Supp  
Denial 	0.5787	0.7162	0.6401	303
Support	0.5280	0.5511	0.5393	274
Comment	0.5424	0.3871	0.4518	248
Queries	0.6250	0.3448	0.4444	29
MacroF1	0.5189
F1w_avg	0.5464
Acc    	55.5

02/26/2021 11:50:55 - INFO - __main__ -   	EPOCH:  36	MiniBatch:    0
02/26/2021 11:50:56 - INFO - __main__ -   	EPOCH:  36	MiniBatch:    1
02/26/2021 11:50:57 - INFO - __main__ -   	EPOCH:  36	MiniBatch:    2
02/26/2021 11:50:58 - INFO - __main__ -   	EPOCH:  36	MiniBatch:    3
02/26/2021 11:50:59 - INFO - __main__ -   	EPOCH:  36	MiniBatch:    4
02/26/2021 11:51:00 - INFO - __main__ -   	EPOCH:  36	MiniBatch:    5
02/26/2021 11:51:02 - INFO - __main__ -   	EPOCH:  36	MiniBatch:    6
02/26/2021 11:51:03 - INFO - __main__ -   	EPOCH:  36	MiniBatch:    7
02/26/2021 11:51:04 - INFO - __main__ -   	EPOCH:  36	MiniBatch:    8
02/26/2021 11:51:05 - INFO - __main__ -   	Testing dev Minibatch:    0
02/26/2021 11:51:05 - INFO - __main__ -   	Testing dev Minibatch:    1
02/26/2021 11:51:06 - INFO - __main__ -   	Testing dev Minibatch:    2
02/26/2021 11:51:06 - INFO - __main__ -   
Labels 	Prec. 	Recall	F1    	Supp  
Denial 	0.5781	0.7327	0.6463	303
Support	0.5784	0.3905	0.4662	274
Comment	0.4943	0.5242	0.5088	248
Queries	0.5000	0.3793	0.4314	29
MacroF1	0.5132
F1w_avg	0.5413
Acc    	55.0

02/26/2021 11:51:06 - INFO - __main__ -   	EPOCH:  37	MiniBatch:    0
02/26/2021 11:51:07 - INFO - __main__ -   	EPOCH:  37	MiniBatch:    1
02/26/2021 11:51:09 - INFO - __main__ -   	EPOCH:  37	MiniBatch:    2
02/26/2021 11:51:10 - INFO - __main__ -   	EPOCH:  37	MiniBatch:    3
02/26/2021 11:51:11 - INFO - __main__ -   	EPOCH:  37	MiniBatch:    4
02/26/2021 11:51:12 - INFO - __main__ -   	EPOCH:  37	MiniBatch:    5
02/26/2021 11:51:13 - INFO - __main__ -   	EPOCH:  37	MiniBatch:    6
02/26/2021 11:51:14 - INFO - __main__ -   	EPOCH:  37	MiniBatch:    7
02/26/2021 11:51:16 - INFO - __main__ -   	EPOCH:  37	MiniBatch:    8
02/26/2021 11:51:17 - INFO - __main__ -   	Testing dev Minibatch:    0
02/26/2021 11:51:17 - INFO - __main__ -   	Testing dev Minibatch:    1
02/26/2021 11:51:17 - INFO - __main__ -   	Testing dev Minibatch:    2
02/26/2021 11:51:18 - INFO - __main__ -   
Labels 	Prec. 	Recall	F1    	Supp  
Denial 	0.6931	0.6337	0.6621	303
Support	0.5741	0.5511	0.5624	274
Comment	0.4966	0.5847	0.5370	248
Queries	0.5000	0.3793	0.4314	29
MacroF1	0.5482
F1w_avg	0.5859
Acc    	58.4

02/26/2021 11:51:20 - INFO - __main__ -   	EPOCH:  38	MiniBatch:    0
02/26/2021 11:51:21 - INFO - __main__ -   	EPOCH:  38	MiniBatch:    1
02/26/2021 11:51:22 - INFO - __main__ -   	EPOCH:  38	MiniBatch:    2
02/26/2021 11:51:23 - INFO - __main__ -   	EPOCH:  38	MiniBatch:    3
02/26/2021 11:51:24 - INFO - __main__ -   	EPOCH:  38	MiniBatch:    4
02/26/2021 11:51:25 - INFO - __main__ -   	EPOCH:  38	MiniBatch:    5
02/26/2021 11:51:27 - INFO - __main__ -   	EPOCH:  38	MiniBatch:    6
02/26/2021 11:51:28 - INFO - __main__ -   	EPOCH:  38	MiniBatch:    7
02/26/2021 11:51:29 - INFO - __main__ -   	EPOCH:  38	MiniBatch:    8
02/26/2021 11:51:30 - INFO - __main__ -   	Testing dev Minibatch:    0
02/26/2021 11:51:30 - INFO - __main__ -   	Testing dev Minibatch:    1
02/26/2021 11:51:31 - INFO - __main__ -   	Testing dev Minibatch:    2
02/26/2021 11:51:31 - INFO - __main__ -   
Labels 	Prec. 	Recall	F1    	Supp  
Denial 	0.6426	0.6766	0.6592	303
Support	0.5172	0.7153	0.6003	274
Comment	0.5956	0.3266	0.4219	248
Queries	0.5000	0.3448	0.4082	29
MacroF1	0.5224
F1w_avg	0.5628
Acc    	57.6

02/26/2021 11:51:31 - INFO - __main__ -   	EPOCH:  39	MiniBatch:    0
02/26/2021 11:51:32 - INFO - __main__ -   	EPOCH:  39	MiniBatch:    1
02/26/2021 11:51:33 - INFO - __main__ -   	EPOCH:  39	MiniBatch:    2
02/26/2021 11:51:35 - INFO - __main__ -   	EPOCH:  39	MiniBatch:    3
02/26/2021 11:51:36 - INFO - __main__ -   	EPOCH:  39	MiniBatch:    4
02/26/2021 11:51:37 - INFO - __main__ -   	EPOCH:  39	MiniBatch:    5
02/26/2021 11:51:38 - INFO - __main__ -   	EPOCH:  39	MiniBatch:    6
02/26/2021 11:51:39 - INFO - __main__ -   	EPOCH:  39	MiniBatch:    7
02/26/2021 11:51:40 - INFO - __main__ -   	EPOCH:  39	MiniBatch:    8
02/26/2021 11:51:41 - INFO - __main__ -   	Testing dev Minibatch:    0
02/26/2021 11:51:42 - INFO - __main__ -   	Testing dev Minibatch:    1
02/26/2021 11:51:42 - INFO - __main__ -   	Testing dev Minibatch:    2
02/26/2021 11:51:43 - INFO - __main__ -   
Labels 	Prec. 	Recall	F1    	Supp  
Denial 	0.5512	0.7459	0.6339	303
Support	0.6029	0.4599	0.5217	274
Comment	0.5512	0.4556	0.4989	248
Queries	0.4333	0.4483	0.4407	29
MacroF1	0.5238
F1w_avg	0.5522
Acc    	56.0

02/26/2021 11:51:43 - INFO - __main__ -   	EPOCH:  40	MiniBatch:    0
02/26/2021 11:51:44 - INFO - __main__ -   	EPOCH:  40	MiniBatch:    1
02/26/2021 11:51:45 - INFO - __main__ -   	EPOCH:  40	MiniBatch:    2
02/26/2021 11:51:46 - INFO - __main__ -   	EPOCH:  40	MiniBatch:    3
02/26/2021 11:51:47 - INFO - __main__ -   	EPOCH:  40	MiniBatch:    4
02/26/2021 11:51:49 - INFO - __main__ -   	EPOCH:  40	MiniBatch:    5
02/26/2021 11:51:50 - INFO - __main__ -   	EPOCH:  40	MiniBatch:    6
02/26/2021 11:51:51 - INFO - __main__ -   	EPOCH:  40	MiniBatch:    7
02/26/2021 11:51:52 - INFO - __main__ -   	EPOCH:  40	MiniBatch:    8
02/26/2021 11:51:53 - INFO - __main__ -   	Testing dev Minibatch:    0
02/26/2021 11:51:53 - INFO - __main__ -   	Testing dev Minibatch:    1
02/26/2021 11:51:54 - INFO - __main__ -   	Testing dev Minibatch:    2
02/26/2021 11:51:54 - INFO - __main__ -   
Labels 	Prec. 	Recall	F1    	Supp  
Denial 	0.7132	0.6238	0.6655	303
Support	0.5260	0.7007	0.6009	274
Comment	0.5668	0.4274	0.4874	248
Queries	0.4054	0.5172	0.4545	29
MacroF1	0.5521
F1w_avg	0.5859
Acc    	58.8

02/26/2021 11:51:56 - INFO - __main__ -   	EPOCH:  41	MiniBatch:    0
02/26/2021 11:51:57 - INFO - __main__ -   	EPOCH:  41	MiniBatch:    1
02/26/2021 11:51:58 - INFO - __main__ -   	EPOCH:  41	MiniBatch:    2
02/26/2021 11:51:59 - INFO - __main__ -   	EPOCH:  41	MiniBatch:    3
02/26/2021 11:52:01 - INFO - __main__ -   	EPOCH:  41	MiniBatch:    4
02/26/2021 11:52:02 - INFO - __main__ -   	EPOCH:  41	MiniBatch:    5
02/26/2021 11:52:03 - INFO - __main__ -   	EPOCH:  41	MiniBatch:    6
02/26/2021 11:52:04 - INFO - __main__ -   	EPOCH:  41	MiniBatch:    7
02/26/2021 11:52:05 - INFO - __main__ -   	EPOCH:  41	MiniBatch:    8
02/26/2021 11:52:06 - INFO - __main__ -   	Testing dev Minibatch:    0
02/26/2021 11:52:07 - INFO - __main__ -   	Testing dev Minibatch:    1
02/26/2021 11:52:07 - INFO - __main__ -   	Testing dev Minibatch:    2
02/26/2021 11:52:07 - INFO - __main__ -   
Labels 	Prec. 	Recall	F1    	Supp  
Denial 	0.7700	0.5413	0.6357	303
Support	0.5167	0.6788	0.5868	274
Comment	0.4980	0.5081	0.5030	248
Queries	0.3929	0.3793	0.3860	29
MacroF1	0.5278
F1w_avg	0.5730
Acc    	57.0

02/26/2021 11:52:08 - INFO - __main__ -   	EPOCH:  42	MiniBatch:    0
02/26/2021 11:52:09 - INFO - __main__ -   	EPOCH:  42	MiniBatch:    1
02/26/2021 11:52:10 - INFO - __main__ -   	EPOCH:  42	MiniBatch:    2
02/26/2021 11:52:11 - INFO - __main__ -   	EPOCH:  42	MiniBatch:    3
02/26/2021 11:52:12 - INFO - __main__ -   	EPOCH:  42	MiniBatch:    4
02/26/2021 11:52:13 - INFO - __main__ -   	EPOCH:  42	MiniBatch:    5
02/26/2021 11:52:15 - INFO - __main__ -   	EPOCH:  42	MiniBatch:    6
02/26/2021 11:52:16 - INFO - __main__ -   	EPOCH:  42	MiniBatch:    7
02/26/2021 11:52:17 - INFO - __main__ -   	EPOCH:  42	MiniBatch:    8
02/26/2021 11:52:18 - INFO - __main__ -   	Testing dev Minibatch:    0
02/26/2021 11:52:18 - INFO - __main__ -   	Testing dev Minibatch:    1
02/26/2021 11:52:19 - INFO - __main__ -   	Testing dev Minibatch:    2
02/26/2021 11:52:19 - INFO - __main__ -   
Labels 	Prec. 	Recall	F1    	Supp  
Denial 	0.5547	0.7525	0.6387	303
Support	0.5678	0.5657	0.5667	274
Comment	0.5850	0.3468	0.4354	248
Queries	0.4348	0.3448	0.3846	29
MacroF1	0.5064
F1w_avg	0.5479
Acc    	56.1

02/26/2021 11:52:19 - INFO - __main__ -   	EPOCH:  43	MiniBatch:    0
02/26/2021 11:52:20 - INFO - __main__ -   	EPOCH:  43	MiniBatch:    1
02/26/2021 11:52:22 - INFO - __main__ -   	EPOCH:  43	MiniBatch:    2
02/26/2021 11:52:23 - INFO - __main__ -   	EPOCH:  43	MiniBatch:    3
02/26/2021 11:52:24 - INFO - __main__ -   	EPOCH:  43	MiniBatch:    4
02/26/2021 11:52:25 - INFO - __main__ -   	EPOCH:  43	MiniBatch:    5
02/26/2021 11:52:26 - INFO - __main__ -   	EPOCH:  43	MiniBatch:    6
02/26/2021 11:52:27 - INFO - __main__ -   	EPOCH:  43	MiniBatch:    7
02/26/2021 11:52:28 - INFO - __main__ -   	EPOCH:  43	MiniBatch:    8
02/26/2021 11:52:29 - INFO - __main__ -   	Testing dev Minibatch:    0
02/26/2021 11:52:30 - INFO - __main__ -   	Testing dev Minibatch:    1
02/26/2021 11:52:30 - INFO - __main__ -   	Testing dev Minibatch:    2
02/26/2021 11:52:31 - INFO - __main__ -   
Labels 	Prec. 	Recall	F1    	Supp  
Denial 	0.7218	0.6337	0.6749	303
Support	0.5409	0.6752	0.6006	274
Comment	0.5256	0.4960	0.5104	248
Queries	0.5833	0.2414	0.3415	29
MacroF1	0.5318
F1w_avg	0.5920
Acc    	59.4

02/26/2021 11:52:31 - INFO - __main__ -   	EPOCH:  44	MiniBatch:    0
02/26/2021 11:52:32 - INFO - __main__ -   	EPOCH:  44	MiniBatch:    1
02/26/2021 11:52:33 - INFO - __main__ -   	EPOCH:  44	MiniBatch:    2
02/26/2021 11:52:34 - INFO - __main__ -   	EPOCH:  44	MiniBatch:    3
02/26/2021 11:52:36 - INFO - __main__ -   	EPOCH:  44	MiniBatch:    4
02/26/2021 11:52:37 - INFO - __main__ -   	EPOCH:  44	MiniBatch:    5
02/26/2021 11:52:38 - INFO - __main__ -   	EPOCH:  44	MiniBatch:    6
02/26/2021 11:52:39 - INFO - __main__ -   	EPOCH:  44	MiniBatch:    7
02/26/2021 11:52:40 - INFO - __main__ -   	EPOCH:  44	MiniBatch:    8
02/26/2021 11:52:41 - INFO - __main__ -   	Testing dev Minibatch:    0
02/26/2021 11:52:41 - INFO - __main__ -   	Testing dev Minibatch:    1
02/26/2021 11:52:42 - INFO - __main__ -   	Testing dev Minibatch:    2
02/26/2021 11:52:42 - INFO - __main__ -   
Labels 	Prec. 	Recall	F1    	Supp  
Denial 	0.6480	0.6865	0.6667	303
Support	0.5294	0.6569	0.5863	274
Comment	0.5722	0.4153	0.4813	248
Queries	0.5385	0.2414	0.3333	29
MacroF1	0.5169
F1w_avg	0.5757
Acc    	58.3

02/26/2021 11:52:42 - INFO - __main__ -   	EPOCH:  45	MiniBatch:    0
02/26/2021 11:52:44 - INFO - __main__ -   	EPOCH:  45	MiniBatch:    1
02/26/2021 11:52:45 - INFO - __main__ -   	EPOCH:  45	MiniBatch:    2
02/26/2021 11:52:46 - INFO - __main__ -   	EPOCH:  45	MiniBatch:    3
02/26/2021 11:52:47 - INFO - __main__ -   	EPOCH:  45	MiniBatch:    4
02/26/2021 11:52:48 - INFO - __main__ -   	EPOCH:  45	MiniBatch:    5
02/26/2021 11:52:49 - INFO - __main__ -   	EPOCH:  45	MiniBatch:    6
02/26/2021 11:52:51 - INFO - __main__ -   	EPOCH:  45	MiniBatch:    7
02/26/2021 11:52:52 - INFO - __main__ -   	EPOCH:  45	MiniBatch:    8
02/26/2021 11:52:53 - INFO - __main__ -   	Testing dev Minibatch:    0
02/26/2021 11:52:53 - INFO - __main__ -   	Testing dev Minibatch:    1
02/26/2021 11:52:53 - INFO - __main__ -   	Testing dev Minibatch:    2
02/26/2021 11:52:54 - INFO - __main__ -   
Labels 	Prec. 	Recall	F1    	Supp  
Denial 	0.6529	0.6766	0.6645	303
Support	0.5287	0.6387	0.5785	274
Comment	0.5440	0.4234	0.4762	248
Queries	0.5000	0.2759	0.3556	29
MacroF1	0.5187
F1w_avg	0.5717
Acc    	57.7

02/26/2021 11:52:54 - INFO - __main__ -   	EPOCH:  46	MiniBatch:    0
02/26/2021 11:52:55 - INFO - __main__ -   	EPOCH:  46	MiniBatch:    1
02/26/2021 11:52:56 - INFO - __main__ -   	EPOCH:  46	MiniBatch:    2
02/26/2021 11:52:58 - INFO - __main__ -   	EPOCH:  46	MiniBatch:    3
02/26/2021 11:52:59 - INFO - __main__ -   	EPOCH:  46	MiniBatch:    4
02/26/2021 11:53:00 - INFO - __main__ -   	EPOCH:  46	MiniBatch:    5
02/26/2021 11:53:01 - INFO - __main__ -   	EPOCH:  46	MiniBatch:    6
02/26/2021 11:53:02 - INFO - __main__ -   	EPOCH:  46	MiniBatch:    7
02/26/2021 11:53:03 - INFO - __main__ -   	EPOCH:  46	MiniBatch:    8
02/26/2021 11:53:04 - INFO - __main__ -   	Testing dev Minibatch:    0
02/26/2021 11:53:05 - INFO - __main__ -   	Testing dev Minibatch:    1
02/26/2021 11:53:05 - INFO - __main__ -   	Testing dev Minibatch:    2
02/26/2021 11:53:06 - INFO - __main__ -   
Labels 	Prec. 	Recall	F1    	Supp  
Denial 	0.6957	0.6337	0.6632	303
Support	0.5432	0.6423	0.5886	274
Comment	0.5084	0.4879	0.4979	248
Queries	0.5000	0.2759	0.3556	29
MacroF1	0.5263
F1w_avg	0.5808
Acc    	58.2

02/26/2021 11:53:06 - INFO - __main__ -   	EPOCH:  47	MiniBatch:    0
02/26/2021 11:53:07 - INFO - __main__ -   	EPOCH:  47	MiniBatch:    1
02/26/2021 11:53:08 - INFO - __main__ -   	EPOCH:  47	MiniBatch:    2
02/26/2021 11:53:09 - INFO - __main__ -   	EPOCH:  47	MiniBatch:    3
02/26/2021 11:53:10 - INFO - __main__ -   	EPOCH:  47	MiniBatch:    4
02/26/2021 11:53:12 - INFO - __main__ -   	EPOCH:  47	MiniBatch:    5
02/26/2021 11:53:13 - INFO - __main__ -   	EPOCH:  47	MiniBatch:    6
02/26/2021 11:53:14 - INFO - __main__ -   	EPOCH:  47	MiniBatch:    7
02/26/2021 11:53:15 - INFO - __main__ -   	EPOCH:  47	MiniBatch:    8
02/26/2021 11:53:16 - INFO - __main__ -   	Testing dev Minibatch:    0
02/26/2021 11:53:16 - INFO - __main__ -   	Testing dev Minibatch:    1
02/26/2021 11:53:17 - INFO - __main__ -   	Testing dev Minibatch:    2
02/26/2021 11:53:17 - INFO - __main__ -   
Labels 	Prec. 	Recall	F1    	Supp  
Denial 	0.6386	0.6766	0.6571	303
Support	0.5395	0.5985	0.5675	274
Comment	0.5213	0.4435	0.4793	248
Queries	0.5000	0.3103	0.3830	29
MacroF1	0.5217
F1w_avg	0.5674
Acc    	57.1

02/26/2021 11:53:17 - INFO - __main__ -   	EPOCH:  48	MiniBatch:    0
02/26/2021 11:53:18 - INFO - __main__ -   	EPOCH:  48	MiniBatch:    1
02/26/2021 11:53:20 - INFO - __main__ -   	EPOCH:  48	MiniBatch:    2
02/26/2021 11:53:21 - INFO - __main__ -   	EPOCH:  48	MiniBatch:    3
02/26/2021 11:53:22 - INFO - __main__ -   	EPOCH:  48	MiniBatch:    4
02/26/2021 11:53:23 - INFO - __main__ -   	EPOCH:  48	MiniBatch:    5
02/26/2021 11:53:24 - INFO - __main__ -   	EPOCH:  48	MiniBatch:    6
02/26/2021 11:53:25 - INFO - __main__ -   	EPOCH:  48	MiniBatch:    7
02/26/2021 11:53:27 - INFO - __main__ -   	EPOCH:  48	MiniBatch:    8
02/26/2021 11:53:27 - INFO - __main__ -   	Testing dev Minibatch:    0
02/26/2021 11:53:28 - INFO - __main__ -   	Testing dev Minibatch:    1
02/26/2021 11:53:28 - INFO - __main__ -   	Testing dev Minibatch:    2
02/26/2021 11:53:29 - INFO - __main__ -   
Labels 	Prec. 	Recall	F1    	Supp  
Denial 	0.7132	0.6238	0.6655	303
Support	0.5206	0.7372	0.6103	274
Comment	0.5652	0.4194	0.4815	248
Queries	0.5294	0.3103	0.3913	29
MacroF1	0.5371
F1w_avg	0.5850
Acc    	59.0

02/26/2021 11:53:29 - INFO - __main__ -   	EPOCH:  49	MiniBatch:    0
02/26/2021 11:53:30 - INFO - __main__ -   	EPOCH:  49	MiniBatch:    1
02/26/2021 11:53:31 - INFO - __main__ -   	EPOCH:  49	MiniBatch:    2
02/26/2021 11:53:32 - INFO - __main__ -   	EPOCH:  49	MiniBatch:    3
02/26/2021 11:53:34 - INFO - __main__ -   	EPOCH:  49	MiniBatch:    4
02/26/2021 11:53:35 - INFO - __main__ -   	EPOCH:  49	MiniBatch:    5
02/26/2021 11:53:36 - INFO - __main__ -   	EPOCH:  49	MiniBatch:    6
02/26/2021 11:53:37 - INFO - __main__ -   	EPOCH:  49	MiniBatch:    7
02/26/2021 11:53:38 - INFO - __main__ -   	EPOCH:  49	MiniBatch:    8
02/26/2021 11:53:39 - INFO - __main__ -   	Testing dev Minibatch:    0
02/26/2021 11:53:40 - INFO - __main__ -   	Testing dev Minibatch:    1
02/26/2021 11:53:40 - INFO - __main__ -   	Testing dev Minibatch:    2
02/26/2021 11:53:40 - INFO - __main__ -   
Labels 	Prec. 	Recall	F1    	Supp  
Denial 	0.6463	0.6634	0.6547	303
Support	0.5754	0.5292	0.5513	274
Comment	0.4925	0.5323	0.5116	248
Queries	0.4783	0.3793	0.4231	29
MacroF1	0.5352
F1w_avg	0.5721
Acc    	57.3

02/26/2021 11:53:41 - INFO - __main__ -   	EPOCH:  50	MiniBatch:    0
02/26/2021 11:53:42 - INFO - __main__ -   	EPOCH:  50	MiniBatch:    1
02/26/2021 11:53:43 - INFO - __main__ -   	EPOCH:  50	MiniBatch:    2
02/26/2021 11:53:44 - INFO - __main__ -   	EPOCH:  50	MiniBatch:    3
02/26/2021 11:53:45 - INFO - __main__ -   	EPOCH:  50	MiniBatch:    4
02/26/2021 11:53:46 - INFO - __main__ -   	EPOCH:  50	MiniBatch:    5
02/26/2021 11:53:48 - INFO - __main__ -   	EPOCH:  50	MiniBatch:    6
02/26/2021 11:53:49 - INFO - __main__ -   	EPOCH:  50	MiniBatch:    7
02/26/2021 11:53:50 - INFO - __main__ -   	EPOCH:  50	MiniBatch:    8
02/26/2021 11:53:51 - INFO - __main__ -   	Testing dev Minibatch:    0
02/26/2021 11:53:51 - INFO - __main__ -   	Testing dev Minibatch:    1
02/26/2021 11:53:52 - INFO - __main__ -   	Testing dev Minibatch:    2
02/26/2021 11:53:52 - INFO - __main__ -   
Labels 	Prec. 	Recall	F1    	Supp  
Denial 	0.6293	0.6667	0.6474	303
Support	0.5272	0.6715	0.5907	274
Comment	0.5687	0.3669	0.4461	248
Queries	0.5000	0.4138	0.4528	29
MacroF1	0.5343
F1w_avg	0.5641
Acc    	57.3

02/26/2021 11:53:52 - INFO - __main__ -   	EPOCH:  51	MiniBatch:    0
02/26/2021 11:53:53 - INFO - __main__ -   	EPOCH:  51	MiniBatch:    1
02/26/2021 11:53:55 - INFO - __main__ -   	EPOCH:  51	MiniBatch:    2
02/26/2021 11:53:56 - INFO - __main__ -   	EPOCH:  51	MiniBatch:    3
02/26/2021 11:53:57 - INFO - __main__ -   	EPOCH:  51	MiniBatch:    4
02/26/2021 11:53:58 - INFO - __main__ -   	EPOCH:  51	MiniBatch:    5
02/26/2021 11:53:59 - INFO - __main__ -   	EPOCH:  51	MiniBatch:    6
02/26/2021 11:54:00 - INFO - __main__ -   	EPOCH:  51	MiniBatch:    7
02/26/2021 11:54:02 - INFO - __main__ -   	EPOCH:  51	MiniBatch:    8
02/26/2021 11:54:02 - INFO - __main__ -   	Testing dev Minibatch:    0
02/26/2021 11:54:03 - INFO - __main__ -   	Testing dev Minibatch:    1
02/26/2021 11:54:03 - INFO - __main__ -   	Testing dev Minibatch:    2
02/26/2021 11:54:04 - INFO - __main__ -   
Labels 	Prec. 	Recall	F1    	Supp  
Denial 	0.7154	0.5974	0.6511	303
Support	0.5541	0.6350	0.5918	274
Comment	0.5019	0.5363	0.5185	248
Queries	0.5000	0.3793	0.4314	29
MacroF1	0.5482
F1w_avg	0.5861
Acc    	58.4

02/26/2021 11:54:04 - INFO - __main__ -   	EPOCH:  52	MiniBatch:    0
02/26/2021 11:54:05 - INFO - __main__ -   	EPOCH:  52	MiniBatch:    1
02/26/2021 11:54:06 - INFO - __main__ -   	EPOCH:  52	MiniBatch:    2
02/26/2021 11:54:07 - INFO - __main__ -   	EPOCH:  52	MiniBatch:    3
02/26/2021 11:54:09 - INFO - __main__ -   	EPOCH:  52	MiniBatch:    4
02/26/2021 11:54:10 - INFO - __main__ -   	EPOCH:  52	MiniBatch:    5
02/26/2021 11:54:11 - INFO - __main__ -   	EPOCH:  52	MiniBatch:    6
02/26/2021 11:54:12 - INFO - __main__ -   	EPOCH:  52	MiniBatch:    7
02/26/2021 11:54:13 - INFO - __main__ -   	EPOCH:  52	MiniBatch:    8
02/26/2021 11:54:14 - INFO - __main__ -   	Testing dev Minibatch:    0
02/26/2021 11:54:14 - INFO - __main__ -   	Testing dev Minibatch:    1
02/26/2021 11:54:15 - INFO - __main__ -   	Testing dev Minibatch:    2
02/26/2021 11:54:15 - INFO - __main__ -   
Labels 	Prec. 	Recall	F1    	Supp  
Denial 	0.6700	0.6568	0.6633	303
Support	0.5418	0.6861	0.6055	274
Comment	0.5385	0.4234	0.4740	248
Queries	0.6000	0.3103	0.4091	29
MacroF1	0.5380
F1w_avg	0.5812
Acc    	58.7

02/26/2021 11:54:16 - INFO - __main__ -   	EPOCH:  53	MiniBatch:    0
02/26/2021 11:54:17 - INFO - __main__ -   	EPOCH:  53	MiniBatch:    1
02/26/2021 11:54:18 - INFO - __main__ -   	EPOCH:  53	MiniBatch:    2
02/26/2021 11:54:19 - INFO - __main__ -   	EPOCH:  53	MiniBatch:    3
02/26/2021 11:54:20 - INFO - __main__ -   	EPOCH:  53	MiniBatch:    4
02/26/2021 11:54:21 - INFO - __main__ -   	EPOCH:  53	MiniBatch:    5
02/26/2021 11:54:22 - INFO - __main__ -   	EPOCH:  53	MiniBatch:    6
02/26/2021 11:54:24 - INFO - __main__ -   	EPOCH:  53	MiniBatch:    7
02/26/2021 11:54:25 - INFO - __main__ -   	EPOCH:  53	MiniBatch:    8
02/26/2021 11:54:26 - INFO - __main__ -   	Testing dev Minibatch:    0
02/26/2021 11:54:26 - INFO - __main__ -   	Testing dev Minibatch:    1
02/26/2021 11:54:26 - INFO - __main__ -   	Testing dev Minibatch:    2
02/26/2021 11:54:27 - INFO - __main__ -   
Labels 	Prec. 	Recall	F1    	Supp  
Denial 	0.6096	0.6700	0.6384	303
Support	0.5616	0.5985	0.5795	274
Comment	0.5140	0.4435	0.4762	248
Queries	0.5333	0.2759	0.3636	29
MacroF1	0.5144
F1w_avg	0.5631
Acc    	56.8

02/26/2021 11:54:27 - INFO - __main__ -   	EPOCH:  54	MiniBatch:    0
02/26/2021 11:54:28 - INFO - __main__ -   	EPOCH:  54	MiniBatch:    1
02/26/2021 11:54:29 - INFO - __main__ -   	EPOCH:  54	MiniBatch:    2
02/26/2021 11:54:31 - INFO - __main__ -   	EPOCH:  54	MiniBatch:    3
02/26/2021 11:54:32 - INFO - __main__ -   	EPOCH:  54	MiniBatch:    4
02/26/2021 11:54:33 - INFO - __main__ -   	EPOCH:  54	MiniBatch:    5
02/26/2021 11:54:34 - INFO - __main__ -   	EPOCH:  54	MiniBatch:    6
02/26/2021 11:54:35 - INFO - __main__ -   	EPOCH:  54	MiniBatch:    7
02/26/2021 11:54:36 - INFO - __main__ -   	EPOCH:  54	MiniBatch:    8
02/26/2021 11:54:37 - INFO - __main__ -   	Testing dev Minibatch:    0
02/26/2021 11:54:38 - INFO - __main__ -   	Testing dev Minibatch:    1
02/26/2021 11:54:38 - INFO - __main__ -   	Testing dev Minibatch:    2
02/26/2021 11:54:38 - INFO - __main__ -   
Labels 	Prec. 	Recall	F1    	Supp  
Denial 	0.6119	0.6766	0.6426	303
Support	0.5615	0.5328	0.5468	274
Comment	0.5124	0.5000	0.5061	248
Queries	0.4706	0.2759	0.3478	29
MacroF1	0.5108
F1w_avg	0.5622
Acc    	56.6

02/26/2021 11:54:39 - INFO - __main__ -   	EPOCH:  55	MiniBatch:    0
02/26/2021 11:54:40 - INFO - __main__ -   	EPOCH:  55	MiniBatch:    1
02/26/2021 11:54:41 - INFO - __main__ -   	EPOCH:  55	MiniBatch:    2
02/26/2021 11:54:42 - INFO - __main__ -   	EPOCH:  55	MiniBatch:    3
02/26/2021 11:54:43 - INFO - __main__ -   	EPOCH:  55	MiniBatch:    4
02/26/2021 11:54:45 - INFO - __main__ -   	EPOCH:  55	MiniBatch:    5
02/26/2021 11:54:46 - INFO - __main__ -   	EPOCH:  55	MiniBatch:    6
02/26/2021 11:54:47 - INFO - __main__ -   	EPOCH:  55	MiniBatch:    7
02/26/2021 11:54:48 - INFO - __main__ -   	EPOCH:  55	MiniBatch:    8
02/26/2021 11:54:49 - INFO - __main__ -   	Testing dev Minibatch:    0
02/26/2021 11:54:49 - INFO - __main__ -   	Testing dev Minibatch:    1
02/26/2021 11:54:50 - INFO - __main__ -   	Testing dev Minibatch:    2
02/26/2021 11:54:50 - INFO - __main__ -   
Labels 	Prec. 	Recall	F1    	Supp  
Denial 	0.6457	0.6436	0.6446	303
Support	0.5452	0.5949	0.5689	274
Comment	0.5148	0.4919	0.5031	248
Queries	0.5000	0.2759	0.3556	29
MacroF1	0.5181
F1w_avg	0.5694
Acc    	57.1

02/26/2021 11:54:50 - INFO - __main__ -   	EPOCH:  56	MiniBatch:    0
02/26/2021 11:54:52 - INFO - __main__ -   	EPOCH:  56	MiniBatch:    1
02/26/2021 11:54:53 - INFO - __main__ -   	EPOCH:  56	MiniBatch:    2
02/26/2021 11:54:54 - INFO - __main__ -   	EPOCH:  56	MiniBatch:    3
02/26/2021 11:54:55 - INFO - __main__ -   	EPOCH:  56	MiniBatch:    4
02/26/2021 11:54:56 - INFO - __main__ -   	EPOCH:  56	MiniBatch:    5
02/26/2021 11:54:57 - INFO - __main__ -   	EPOCH:  56	MiniBatch:    6
02/26/2021 11:54:59 - INFO - __main__ -   	EPOCH:  56	MiniBatch:    7
02/26/2021 11:55:00 - INFO - __main__ -   	EPOCH:  56	MiniBatch:    8
02/26/2021 11:55:01 - INFO - __main__ -   	Testing dev Minibatch:    0
02/26/2021 11:55:01 - INFO - __main__ -   	Testing dev Minibatch:    1
02/26/2021 11:55:01 - INFO - __main__ -   	Testing dev Minibatch:    2
02/26/2021 11:55:02 - INFO - __main__ -   
Labels 	Prec. 	Recall	F1    	Supp  
Denial 	0.6478	0.6436	0.6457	303
Support	0.5405	0.6569	0.5931	274
Comment	0.5392	0.4435	0.4867	248
Queries	0.5000	0.2759	0.3556	29
MacroF1	0.5203
F1w_avg	0.5728
Acc    	57.7

02/26/2021 11:55:02 - INFO - __main__ -   	EPOCH:  57	MiniBatch:    0
02/26/2021 11:55:03 - INFO - __main__ -   	EPOCH:  57	MiniBatch:    1
02/26/2021 11:55:04 - INFO - __main__ -   	EPOCH:  57	MiniBatch:    2
02/26/2021 11:55:06 - INFO - __main__ -   	EPOCH:  57	MiniBatch:    3
02/26/2021 11:55:07 - INFO - __main__ -   	EPOCH:  57	MiniBatch:    4
02/26/2021 11:55:08 - INFO - __main__ -   	EPOCH:  57	MiniBatch:    5
02/26/2021 11:55:09 - INFO - __main__ -   	EPOCH:  57	MiniBatch:    6
02/26/2021 11:55:10 - INFO - __main__ -   	EPOCH:  57	MiniBatch:    7
02/26/2021 11:55:11 - INFO - __main__ -   	EPOCH:  57	MiniBatch:    8
02/26/2021 11:55:12 - INFO - __main__ -   	Testing dev Minibatch:    0
02/26/2021 11:55:13 - INFO - __main__ -   	Testing dev Minibatch:    1
02/26/2021 11:55:13 - INFO - __main__ -   	Testing dev Minibatch:    2
02/26/2021 11:55:13 - INFO - __main__ -   
Labels 	Prec. 	Recall	F1    	Supp  
Denial 	0.6309	0.6601	0.6452	303
Support	0.5380	0.6715	0.5974	274
Comment	0.5587	0.4032	0.4684	248
Queries	0.5000	0.2759	0.3556	29
MacroF1	0.5166
F1w_avg	0.5687
Acc    	57.6

02/26/2021 11:55:14 - INFO - __main__ -   	EPOCH:  58	MiniBatch:    0
02/26/2021 11:55:15 - INFO - __main__ -   	EPOCH:  58	MiniBatch:    1
02/26/2021 11:55:16 - INFO - __main__ -   	EPOCH:  58	MiniBatch:    2
02/26/2021 11:55:17 - INFO - __main__ -   	EPOCH:  58	MiniBatch:    3
02/26/2021 11:55:18 - INFO - __main__ -   	EPOCH:  58	MiniBatch:    4
02/26/2021 11:55:19 - INFO - __main__ -   	EPOCH:  58	MiniBatch:    5
02/26/2021 11:55:21 - INFO - __main__ -   	EPOCH:  58	MiniBatch:    6
02/26/2021 11:55:22 - INFO - __main__ -   	EPOCH:  58	MiniBatch:    7
02/26/2021 11:55:23 - INFO - __main__ -   	EPOCH:  58	MiniBatch:    8
02/26/2021 11:55:24 - INFO - __main__ -   	Testing dev Minibatch:    0
02/26/2021 11:55:24 - INFO - __main__ -   	Testing dev Minibatch:    1
02/26/2021 11:55:25 - INFO - __main__ -   	Testing dev Minibatch:    2
02/26/2021 11:55:25 - INFO - __main__ -   
Labels 	Prec. 	Recall	F1    	Supp  
Denial 	0.6108	0.6733	0.6405	303
Support	0.5230	0.7044	0.6003	274
Comment	0.5797	0.3226	0.4145	248
Queries	0.5385	0.2414	0.3333	29
MacroF1	0.4972
F1w_avg	0.5515
Acc    	56.7

02/26/2021 11:55:25 - INFO - __main__ -   	EPOCH:  59	MiniBatch:    0
02/26/2021 11:55:26 - INFO - __main__ -   	EPOCH:  59	MiniBatch:    1
02/26/2021 11:55:28 - INFO - __main__ -   	EPOCH:  59	MiniBatch:    2
02/26/2021 11:55:29 - INFO - __main__ -   	EPOCH:  59	MiniBatch:    3
02/26/2021 11:55:30 - INFO - __main__ -   	EPOCH:  59	MiniBatch:    4
02/26/2021 11:55:31 - INFO - __main__ -   	EPOCH:  59	MiniBatch:    5
02/26/2021 11:55:32 - INFO - __main__ -   	EPOCH:  59	MiniBatch:    6
02/26/2021 11:55:33 - INFO - __main__ -   	EPOCH:  59	MiniBatch:    7
02/26/2021 11:55:35 - INFO - __main__ -   	EPOCH:  59	MiniBatch:    8
02/26/2021 11:55:36 - INFO - __main__ -   	Testing dev Minibatch:    0
02/26/2021 11:55:36 - INFO - __main__ -   	Testing dev Minibatch:    1
02/26/2021 11:55:36 - INFO - __main__ -   	Testing dev Minibatch:    2
02/26/2021 11:55:37 - INFO - __main__ -   
Labels 	Prec. 	Recall	F1    	Supp  
Denial 	0.6531	0.6337	0.6432	303
Support	0.5523	0.5584	0.5554	274
Comment	0.4831	0.5202	0.5010	248
Queries	0.5625	0.3103	0.4000	29
MacroF1	0.5249
F1w_avg	0.5655
Acc    	56.6

02/26/2021 11:55:37 - INFO - __main__ -   	EPOCH:  60	MiniBatch:    0
02/26/2021 11:55:38 - INFO - __main__ -   	EPOCH:  60	MiniBatch:    1
02/26/2021 11:55:39 - INFO - __main__ -   	EPOCH:  60	MiniBatch:    2
02/26/2021 11:55:40 - INFO - __main__ -   	EPOCH:  60	MiniBatch:    3
02/26/2021 11:55:42 - INFO - __main__ -   	EPOCH:  60	MiniBatch:    4
02/26/2021 11:55:43 - INFO - __main__ -   	EPOCH:  60	MiniBatch:    5
02/26/2021 11:55:44 - INFO - __main__ -   	EPOCH:  60	MiniBatch:    6
02/26/2021 11:55:45 - INFO - __main__ -   	EPOCH:  60	MiniBatch:    7
02/26/2021 11:55:46 - INFO - __main__ -   	EPOCH:  60	MiniBatch:    8
02/26/2021 11:55:47 - INFO - __main__ -   	Testing dev Minibatch:    0
02/26/2021 11:55:48 - INFO - __main__ -   	Testing dev Minibatch:    1
02/26/2021 11:55:48 - INFO - __main__ -   	Testing dev Minibatch:    2
02/26/2021 11:55:48 - INFO - __main__ -   
Labels 	Prec. 	Recall	F1    	Supp  
Denial 	0.6323	0.6469	0.6395	303
Support	0.5532	0.5693	0.5612	274
Comment	0.5082	0.5000	0.5041	248
Queries	0.5000	0.3103	0.3830	29
MacroF1	0.5219
F1w_avg	0.5663
Acc    	56.8

02/26/2021 11:55:48 - INFO - __main__ -   No improvements in F1 for 20 epochs
02/26/2021 11:55:49 - INFO - __main__ -   	Testing test Minibatch:    0
02/26/2021 11:55:50 - INFO - __main__ -   	Testing test Minibatch:    1
02/26/2021 11:55:50 - INFO - __main__ -   	Testing test Minibatch:    2
02/26/2021 11:55:50 - INFO - __main__ -   
Labels 	Prec. 	Recall	F1    	Supp  
Denial 	0.6412	0.6307	0.6359	306
Support	0.5303	0.6140	0.5691	285
Comment	0.4943	0.3675	0.4216	234
Queries	0.3265	0.5517	0.4103	29
MacroF1	0.5092
F1w_avg	0.5472
Acc    	55.0

02/26/2021 11:55:50 - INFO - __main__ -   Time taken: 0h 12m 13s
