02/26/2021 11:21:49 - INFO - __main__ -   ----------------- Hyperparameters ------------------
02/26/2021 11:21:49 - INFO - __main__ -   ======== my_Bertweet =========
02/26/2021 11:21:49 - INFO - __main__ -   ===== Hyperparameters ======
02/26/2021 11:21:49 - INFO - __main__ -   ('batch_train', 300)
02/26/2021 11:21:49 - INFO - __main__ -   ('batch_test', 300)
02/26/2021 11:21:49 - INFO - __main__ -   ('epochs', 100)
02/26/2021 11:21:49 - INFO - __main__ -   ('learning_rate', 0.0001)
02/26/2021 11:21:49 - INFO - __main__ -   ('optimizer', 'adam')
02/26/2021 11:21:49 - INFO - __main__ -   ('do_train', True)
02/26/2021 11:21:49 - INFO - __main__ -   ('do_test', True)
02/26/2021 11:21:49 - INFO - __main__ -   ('model_name', 'my_Bertweet')
02/26/2021 11:21:49 - INFO - __main__ -   ('exp_name', 'exp48')
02/26/2021 11:21:49 - INFO - __main__ -   ('train_data', './data/train_set_128_bertweet.bin')
02/26/2021 11:21:49 - INFO - __main__ -   ('test_data', './data/test_set_128_bertweet.bin')
02/26/2021 11:21:49 - INFO - __main__ -   ('k_folds', 4)
02/26/2021 11:21:49 - INFO - __main__ -   ('folds2run', 1)
02/26/2021 11:21:49 - INFO - __main__ -   ('debug', False)
02/26/2021 11:21:49 - INFO - __main__ -   ('log_interval', 1)
02/26/2021 11:21:49 - INFO - __main__ -   ('loss_fn', 'ce_loss')
02/26/2021 11:21:49 - INFO - __main__ -   ('w_sample', True)
02/26/2021 11:21:49 - INFO - __main__ -   ('pretrain_model', '')
02/26/2021 11:21:49 - INFO - __main__ -   ('epochs2giveup', 20)
02/26/2021 11:21:49 - INFO - __main__ -   ('dropout', 0.2)
02/26/2021 11:21:49 - INFO - __main__ -   ------------------ Getting model -------------------
02/26/2021 11:21:56 - INFO - __main__ -   --------------- Getting dataframes -----------------
02/26/2021 11:21:56 - INFO - __main__ -   ------- Setting loss function and optimizer --------
02/26/2021 11:21:56 - INFO - __main__ -   ------------ Converting to dataloaders -------------
02/26/2021 11:21:56 - INFO - __main__ -   939
02/26/2021 11:21:56 - INFO - __main__ -   810
02/26/2021 11:21:56 - INFO - __main__ -   722
02/26/2021 11:21:56 - INFO - __main__ -   92
02/26/2021 11:21:56 - INFO - __main__ -   ---------------- Starting training -----------------
02/26/2021 11:21:56 - INFO - __main__ -   	EPOCH:   0	MiniBatch:    0
02/26/2021 11:22:00 - INFO - __main__ -   	EPOCH:   0	MiniBatch:    1
02/26/2021 11:22:01 - INFO - __main__ -   	EPOCH:   0	MiniBatch:    2
02/26/2021 11:22:02 - INFO - __main__ -   	EPOCH:   0	MiniBatch:    3
02/26/2021 11:22:03 - INFO - __main__ -   	EPOCH:   0	MiniBatch:    4
02/26/2021 11:22:04 - INFO - __main__ -   	EPOCH:   0	MiniBatch:    5
02/26/2021 11:22:05 - INFO - __main__ -   	EPOCH:   0	MiniBatch:    6
02/26/2021 11:22:06 - INFO - __main__ -   	EPOCH:   0	MiniBatch:    7
02/26/2021 11:22:08 - INFO - __main__ -   	EPOCH:   0	MiniBatch:    8
02/26/2021 11:22:08 - INFO - __main__ -   	Testing dev Minibatch:    0
02/26/2021 11:22:09 - INFO - __main__ -   	Testing dev Minibatch:    1
02/26/2021 11:22:09 - INFO - __main__ -   	Testing dev Minibatch:    2
02/26/2021 11:22:10 - INFO - __main__ -   
Labels 	Prec. 	Recall	F1    	Supp  
Denial 	0.5399	0.2904	0.3777	303
Support	0.3869	0.7555	0.5117	274
Comment	1.0000	0.0040	0.0080	248
Queries	0.1097	0.5862	0.1848	29
MacroF1	0.2706
F1w_avg	0.3068
Acc    	36.7

02/26/2021 11:22:10 - INFO - __main__ -   	EPOCH:   1	MiniBatch:    0
02/26/2021 11:22:12 - INFO - __main__ -   	EPOCH:   1	MiniBatch:    1
02/26/2021 11:22:13 - INFO - __main__ -   	EPOCH:   1	MiniBatch:    2
02/26/2021 11:22:14 - INFO - __main__ -   	EPOCH:   1	MiniBatch:    3
02/26/2021 11:22:15 - INFO - __main__ -   	EPOCH:   1	MiniBatch:    4
02/26/2021 11:22:16 - INFO - __main__ -   	EPOCH:   1	MiniBatch:    5
02/26/2021 11:22:17 - INFO - __main__ -   	EPOCH:   1	MiniBatch:    6
02/26/2021 11:22:18 - INFO - __main__ -   	EPOCH:   1	MiniBatch:    7
02/26/2021 11:22:20 - INFO - __main__ -   	EPOCH:   1	MiniBatch:    8
02/26/2021 11:22:21 - INFO - __main__ -   	Testing dev Minibatch:    0
02/26/2021 11:22:21 - INFO - __main__ -   	Testing dev Minibatch:    1
02/26/2021 11:22:21 - INFO - __main__ -   	Testing dev Minibatch:    2
02/26/2021 11:22:22 - INFO - __main__ -   
Labels 	Prec. 	Recall	F1    	Supp  
Denial 	0.4035	0.9241	0.5617	303
Support	0.5385	0.0255	0.0488	274
Comment	0.5283	0.2258	0.3164	248
Queries	0.3415	0.4828	0.4000	29
MacroF1	0.3317
F1w_avg	0.3204
Acc    	41.8

02/26/2021 11:22:24 - INFO - __main__ -   	EPOCH:   2	MiniBatch:    0
02/26/2021 11:22:25 - INFO - __main__ -   	EPOCH:   2	MiniBatch:    1
02/26/2021 11:22:26 - INFO - __main__ -   	EPOCH:   2	MiniBatch:    2
02/26/2021 11:22:27 - INFO - __main__ -   	EPOCH:   2	MiniBatch:    3
02/26/2021 11:22:28 - INFO - __main__ -   	EPOCH:   2	MiniBatch:    4
02/26/2021 11:22:29 - INFO - __main__ -   	EPOCH:   2	MiniBatch:    5
02/26/2021 11:22:30 - INFO - __main__ -   	EPOCH:   2	MiniBatch:    6
02/26/2021 11:22:32 - INFO - __main__ -   	EPOCH:   2	MiniBatch:    7
02/26/2021 11:22:33 - INFO - __main__ -   	EPOCH:   2	MiniBatch:    8
02/26/2021 11:22:34 - INFO - __main__ -   	Testing dev Minibatch:    0
02/26/2021 11:22:34 - INFO - __main__ -   	Testing dev Minibatch:    1
02/26/2021 11:22:35 - INFO - __main__ -   	Testing dev Minibatch:    2
02/26/2021 11:22:35 - INFO - __main__ -   
Labels 	Prec. 	Recall	F1    	Supp  
Denial 	0.6737	0.6337	0.6531	303
Support	0.5233	0.6569	0.5825	274
Comment	0.5272	0.3911	0.4491	248
Queries	0.3171	0.4483	0.3714	29
MacroF1	0.5140
F1w_avg	0.5616
Acc    	56.4

02/26/2021 11:22:37 - INFO - __main__ -   	EPOCH:   3	MiniBatch:    0
02/26/2021 11:22:38 - INFO - __main__ -   	EPOCH:   3	MiniBatch:    1
02/26/2021 11:22:39 - INFO - __main__ -   	EPOCH:   3	MiniBatch:    2
02/26/2021 11:22:40 - INFO - __main__ -   	EPOCH:   3	MiniBatch:    3
02/26/2021 11:22:41 - INFO - __main__ -   	EPOCH:   3	MiniBatch:    4
02/26/2021 11:22:43 - INFO - __main__ -   	EPOCH:   3	MiniBatch:    5
02/26/2021 11:22:44 - INFO - __main__ -   	EPOCH:   3	MiniBatch:    6
02/26/2021 11:22:45 - INFO - __main__ -   	EPOCH:   3	MiniBatch:    7
02/26/2021 11:22:46 - INFO - __main__ -   	EPOCH:   3	MiniBatch:    8
02/26/2021 11:22:47 - INFO - __main__ -   	Testing dev Minibatch:    0
02/26/2021 11:22:47 - INFO - __main__ -   	Testing dev Minibatch:    1
02/26/2021 11:22:48 - INFO - __main__ -   	Testing dev Minibatch:    2
02/26/2021 11:22:48 - INFO - __main__ -   
Labels 	Prec. 	Recall	F1    	Supp  
Denial 	0.5816	0.7525	0.6561	303
Support	0.5030	0.6095	0.5512	274
Comment	0.5691	0.2823	0.3774	248
Queries	0.7143	0.1724	0.2778	29
MacroF1	0.4656
F1w_avg	0.5286
Acc    	55.0

02/26/2021 11:22:48 - INFO - __main__ -   	EPOCH:   4	MiniBatch:    0
02/26/2021 11:22:50 - INFO - __main__ -   	EPOCH:   4	MiniBatch:    1
02/26/2021 11:22:51 - INFO - __main__ -   	EPOCH:   4	MiniBatch:    2
02/26/2021 11:22:52 - INFO - __main__ -   	EPOCH:   4	MiniBatch:    3
02/26/2021 11:22:53 - INFO - __main__ -   	EPOCH:   4	MiniBatch:    4
02/26/2021 11:22:54 - INFO - __main__ -   	EPOCH:   4	MiniBatch:    5
02/26/2021 11:22:55 - INFO - __main__ -   	EPOCH:   4	MiniBatch:    6
02/26/2021 11:22:56 - INFO - __main__ -   	EPOCH:   4	MiniBatch:    7
02/26/2021 11:22:58 - INFO - __main__ -   	EPOCH:   4	MiniBatch:    8
02/26/2021 11:22:59 - INFO - __main__ -   	Testing dev Minibatch:    0
02/26/2021 11:22:59 - INFO - __main__ -   	Testing dev Minibatch:    1
02/26/2021 11:22:59 - INFO - __main__ -   	Testing dev Minibatch:    2
02/26/2021 11:23:00 - INFO - __main__ -   
Labels 	Prec. 	Recall	F1    	Supp  
Denial 	0.6424	0.6700	0.6559	303
Support	0.5207	0.6423	0.5752	274
Comment	0.5344	0.4073	0.4622	248
Queries	0.6364	0.2414	0.3500	29
MacroF1	0.5108
F1w_avg	0.5634
Acc    	57.0

02/26/2021 11:23:00 - INFO - __main__ -   	EPOCH:   5	MiniBatch:    0
02/26/2021 11:23:01 - INFO - __main__ -   	EPOCH:   5	MiniBatch:    1
02/26/2021 11:23:02 - INFO - __main__ -   	EPOCH:   5	MiniBatch:    2
02/26/2021 11:23:03 - INFO - __main__ -   	EPOCH:   5	MiniBatch:    3
02/26/2021 11:23:05 - INFO - __main__ -   	EPOCH:   5	MiniBatch:    4
02/26/2021 11:23:06 - INFO - __main__ -   	EPOCH:   5	MiniBatch:    5
02/26/2021 11:23:07 - INFO - __main__ -   	EPOCH:   5	MiniBatch:    6
02/26/2021 11:23:08 - INFO - __main__ -   	EPOCH:   5	MiniBatch:    7
02/26/2021 11:23:09 - INFO - __main__ -   	EPOCH:   5	MiniBatch:    8
02/26/2021 11:23:10 - INFO - __main__ -   	Testing dev Minibatch:    0
02/26/2021 11:23:11 - INFO - __main__ -   	Testing dev Minibatch:    1
02/26/2021 11:23:11 - INFO - __main__ -   	Testing dev Minibatch:    2
02/26/2021 11:23:11 - INFO - __main__ -   
Labels 	Prec. 	Recall	F1    	Supp  
Denial 	0.7280	0.5743	0.6421	303
Support	0.5013	0.7044	0.5857	274
Comment	0.5116	0.4435	0.4752	248
Queries	0.4667	0.2414	0.3182	29
MacroF1	0.5053
F1w_avg	0.5645
Acc    	56.7

02/26/2021 11:23:12 - INFO - __main__ -   	EPOCH:   6	MiniBatch:    0
02/26/2021 11:23:13 - INFO - __main__ -   	EPOCH:   6	MiniBatch:    1
02/26/2021 11:23:14 - INFO - __main__ -   	EPOCH:   6	MiniBatch:    2
02/26/2021 11:23:15 - INFO - __main__ -   	EPOCH:   6	MiniBatch:    3
02/26/2021 11:23:16 - INFO - __main__ -   	EPOCH:   6	MiniBatch:    4
02/26/2021 11:23:17 - INFO - __main__ -   	EPOCH:   6	MiniBatch:    5
02/26/2021 11:23:19 - INFO - __main__ -   	EPOCH:   6	MiniBatch:    6
02/26/2021 11:23:20 - INFO - __main__ -   	EPOCH:   6	MiniBatch:    7
02/26/2021 11:23:21 - INFO - __main__ -   	EPOCH:   6	MiniBatch:    8
02/26/2021 11:23:22 - INFO - __main__ -   	Testing dev Minibatch:    0
02/26/2021 11:23:22 - INFO - __main__ -   	Testing dev Minibatch:    1
02/26/2021 11:23:23 - INFO - __main__ -   	Testing dev Minibatch:    2
02/26/2021 11:23:23 - INFO - __main__ -   
Labels 	Prec. 	Recall	F1    	Supp  
Denial 	0.6279	0.7129	0.6677	303
Support	0.5610	0.5036	0.5308	274
Comment	0.5103	0.5000	0.5051	248
Queries	0.3333	0.2414	0.2800	29
MacroF1	0.4959
F1w_avg	0.5634
Acc    	56.8

02/26/2021 11:23:23 - INFO - __main__ -   	EPOCH:   7	MiniBatch:    0
02/26/2021 11:23:24 - INFO - __main__ -   	EPOCH:   7	MiniBatch:    1
02/26/2021 11:23:25 - INFO - __main__ -   	EPOCH:   7	MiniBatch:    2
02/26/2021 11:23:27 - INFO - __main__ -   	EPOCH:   7	MiniBatch:    3
02/26/2021 11:23:28 - INFO - __main__ -   	EPOCH:   7	MiniBatch:    4
02/26/2021 11:23:29 - INFO - __main__ -   	EPOCH:   7	MiniBatch:    5
02/26/2021 11:23:30 - INFO - __main__ -   	EPOCH:   7	MiniBatch:    6
02/26/2021 11:23:31 - INFO - __main__ -   	EPOCH:   7	MiniBatch:    7
02/26/2021 11:23:32 - INFO - __main__ -   	EPOCH:   7	MiniBatch:    8
02/26/2021 11:23:33 - INFO - __main__ -   	Testing dev Minibatch:    0
02/26/2021 11:23:34 - INFO - __main__ -   	Testing dev Minibatch:    1
02/26/2021 11:23:34 - INFO - __main__ -   	Testing dev Minibatch:    2
02/26/2021 11:23:35 - INFO - __main__ -   
Labels 	Prec. 	Recall	F1    	Supp  
Denial 	0.6308	0.7162	0.6708	303
Support	0.5847	0.5036	0.5412	274
Comment	0.4864	0.5040	0.4950	248
Queries	0.4118	0.2414	0.3043	29
MacroF1	0.5028
F1w_avg	0.5657
Acc    	57.0

02/26/2021 11:23:35 - INFO - __main__ -   	EPOCH:   8	MiniBatch:    0
02/26/2021 11:23:36 - INFO - __main__ -   	EPOCH:   8	MiniBatch:    1
02/26/2021 11:23:37 - INFO - __main__ -   	EPOCH:   8	MiniBatch:    2
02/26/2021 11:23:38 - INFO - __main__ -   	EPOCH:   8	MiniBatch:    3
02/26/2021 11:23:39 - INFO - __main__ -   	EPOCH:   8	MiniBatch:    4
02/26/2021 11:23:41 - INFO - __main__ -   	EPOCH:   8	MiniBatch:    5
02/26/2021 11:23:42 - INFO - __main__ -   	EPOCH:   8	MiniBatch:    6
02/26/2021 11:23:43 - INFO - __main__ -   	EPOCH:   8	MiniBatch:    7
02/26/2021 11:23:44 - INFO - __main__ -   	EPOCH:   8	MiniBatch:    8
02/26/2021 11:23:45 - INFO - __main__ -   	Testing dev Minibatch:    0
02/26/2021 11:23:45 - INFO - __main__ -   	Testing dev Minibatch:    1
02/26/2021 11:23:46 - INFO - __main__ -   	Testing dev Minibatch:    2
02/26/2021 11:23:46 - INFO - __main__ -   
Labels 	Prec. 	Recall	F1    	Supp  
Denial 	0.7004	0.6172	0.6561	303
Support	0.5300	0.6131	0.5685	274
Comment	0.4863	0.5000	0.4930	248
Queries	0.4667	0.2414	0.3182	29
MacroF1	0.5090
F1w_avg	0.5692
Acc    	56.9

02/26/2021 11:23:46 - INFO - __main__ -   	EPOCH:   9	MiniBatch:    0
02/26/2021 11:23:48 - INFO - __main__ -   	EPOCH:   9	MiniBatch:    1
02/26/2021 11:23:49 - INFO - __main__ -   	EPOCH:   9	MiniBatch:    2
02/26/2021 11:23:50 - INFO - __main__ -   	EPOCH:   9	MiniBatch:    3
02/26/2021 11:23:51 - INFO - __main__ -   	EPOCH:   9	MiniBatch:    4
02/26/2021 11:23:52 - INFO - __main__ -   	EPOCH:   9	MiniBatch:    5
02/26/2021 11:23:53 - INFO - __main__ -   	EPOCH:   9	MiniBatch:    6
02/26/2021 11:23:55 - INFO - __main__ -   	EPOCH:   9	MiniBatch:    7
02/26/2021 11:23:56 - INFO - __main__ -   	EPOCH:   9	MiniBatch:    8
02/26/2021 11:23:57 - INFO - __main__ -   	Testing dev Minibatch:    0
02/26/2021 11:23:57 - INFO - __main__ -   	Testing dev Minibatch:    1
02/26/2021 11:23:57 - INFO - __main__ -   	Testing dev Minibatch:    2
02/26/2021 11:23:58 - INFO - __main__ -   
Labels 	Prec. 	Recall	F1    	Supp  
Denial 	0.6143	0.7360	0.6697	303
Support	0.5449	0.5985	0.5704	274
Comment	0.5439	0.3750	0.4439	248
Queries	0.3684	0.2414	0.2917	29
MacroF1	0.4939
F1w_avg	0.5594
Acc    	57.0

02/26/2021 11:23:58 - INFO - __main__ -   	EPOCH:  10	MiniBatch:    0
02/26/2021 11:23:59 - INFO - __main__ -   	EPOCH:  10	MiniBatch:    1
02/26/2021 11:24:00 - INFO - __main__ -   	EPOCH:  10	MiniBatch:    2
02/26/2021 11:24:02 - INFO - __main__ -   	EPOCH:  10	MiniBatch:    3
02/26/2021 11:24:03 - INFO - __main__ -   	EPOCH:  10	MiniBatch:    4
02/26/2021 11:24:04 - INFO - __main__ -   	EPOCH:  10	MiniBatch:    5
02/26/2021 11:24:05 - INFO - __main__ -   	EPOCH:  10	MiniBatch:    6
02/26/2021 11:24:06 - INFO - __main__ -   	EPOCH:  10	MiniBatch:    7
02/26/2021 11:24:07 - INFO - __main__ -   	EPOCH:  10	MiniBatch:    8
02/26/2021 11:24:08 - INFO - __main__ -   	Testing dev Minibatch:    0
02/26/2021 11:24:09 - INFO - __main__ -   	Testing dev Minibatch:    1
02/26/2021 11:24:09 - INFO - __main__ -   	Testing dev Minibatch:    2
02/26/2021 11:24:10 - INFO - __main__ -   
Labels 	Prec. 	Recall	F1    	Supp  
Denial 	0.5857	0.7558	0.6599	303
Support	0.5678	0.4891	0.5255	274
Comment	0.4907	0.4234	0.4545	248
Queries	0.3846	0.1724	0.2381	29
MacroF1	0.4695
F1w_avg	0.5428
Acc    	55.4

02/26/2021 11:24:10 - INFO - __main__ -   	EPOCH:  11	MiniBatch:    0
02/26/2021 11:24:11 - INFO - __main__ -   	EPOCH:  11	MiniBatch:    1
02/26/2021 11:24:12 - INFO - __main__ -   	EPOCH:  11	MiniBatch:    2
02/26/2021 11:24:13 - INFO - __main__ -   	EPOCH:  11	MiniBatch:    3
02/26/2021 11:24:14 - INFO - __main__ -   	EPOCH:  11	MiniBatch:    4
02/26/2021 11:24:16 - INFO - __main__ -   	EPOCH:  11	MiniBatch:    5
02/26/2021 11:24:17 - INFO - __main__ -   	EPOCH:  11	MiniBatch:    6
02/26/2021 11:24:18 - INFO - __main__ -   	EPOCH:  11	MiniBatch:    7
02/26/2021 11:24:19 - INFO - __main__ -   	EPOCH:  11	MiniBatch:    8
02/26/2021 11:24:20 - INFO - __main__ -   	Testing dev Minibatch:    0
02/26/2021 11:24:20 - INFO - __main__ -   	Testing dev Minibatch:    1
02/26/2021 11:24:21 - INFO - __main__ -   	Testing dev Minibatch:    2
02/26/2021 11:24:21 - INFO - __main__ -   
Labels 	Prec. 	Recall	F1    	Supp  
Denial 	0.6700	0.6700	0.6700	303
Support	0.5353	0.6642	0.5928	274
Comment	0.5104	0.3952	0.4455	248
Queries	0.3684	0.2414	0.2917	29
MacroF1	0.5000
F1w_avg	0.5672
Acc    	57.4

02/26/2021 11:24:21 - INFO - __main__ -   	EPOCH:  12	MiniBatch:    0
02/26/2021 11:24:23 - INFO - __main__ -   	EPOCH:  12	MiniBatch:    1
02/26/2021 11:24:24 - INFO - __main__ -   	EPOCH:  12	MiniBatch:    2
02/26/2021 11:24:25 - INFO - __main__ -   	EPOCH:  12	MiniBatch:    3
02/26/2021 11:24:26 - INFO - __main__ -   	EPOCH:  12	MiniBatch:    4
02/26/2021 11:24:27 - INFO - __main__ -   	EPOCH:  12	MiniBatch:    5
02/26/2021 11:24:28 - INFO - __main__ -   	EPOCH:  12	MiniBatch:    6
02/26/2021 11:24:29 - INFO - __main__ -   	EPOCH:  12	MiniBatch:    7
02/26/2021 11:24:31 - INFO - __main__ -   	EPOCH:  12	MiniBatch:    8
02/26/2021 11:24:32 - INFO - __main__ -   	Testing dev Minibatch:    0
02/26/2021 11:24:32 - INFO - __main__ -   	Testing dev Minibatch:    1
02/26/2021 11:24:32 - INFO - __main__ -   	Testing dev Minibatch:    2
02/26/2021 11:24:33 - INFO - __main__ -   
Labels 	Prec. 	Recall	F1    	Supp  
Denial 	0.6747	0.6502	0.6622	303
Support	0.5560	0.5438	0.5498	274
Comment	0.4502	0.4919	0.4701	248
Queries	0.4348	0.3448	0.3846	29
MacroF1	0.5167
F1w_avg	0.5609
Acc    	56.0

02/26/2021 11:24:35 - INFO - __main__ -   	EPOCH:  13	MiniBatch:    0
02/26/2021 11:24:36 - INFO - __main__ -   	EPOCH:  13	MiniBatch:    1
02/26/2021 11:24:37 - INFO - __main__ -   	EPOCH:  13	MiniBatch:    2
02/26/2021 11:24:38 - INFO - __main__ -   	EPOCH:  13	MiniBatch:    3
02/26/2021 11:24:39 - INFO - __main__ -   	EPOCH:  13	MiniBatch:    4
02/26/2021 11:24:40 - INFO - __main__ -   	EPOCH:  13	MiniBatch:    5
02/26/2021 11:24:42 - INFO - __main__ -   	EPOCH:  13	MiniBatch:    6
02/26/2021 11:24:43 - INFO - __main__ -   	EPOCH:  13	MiniBatch:    7
02/26/2021 11:24:44 - INFO - __main__ -   	EPOCH:  13	MiniBatch:    8
02/26/2021 11:24:45 - INFO - __main__ -   	Testing dev Minibatch:    0
02/26/2021 11:24:45 - INFO - __main__ -   	Testing dev Minibatch:    1
02/26/2021 11:24:46 - INFO - __main__ -   	Testing dev Minibatch:    2
02/26/2021 11:24:46 - INFO - __main__ -   
Labels 	Prec. 	Recall	F1    	Supp  
Denial 	0.6581	0.6799	0.6688	303
Support	0.5179	0.7372	0.6084	274
Comment	0.5496	0.2903	0.3799	248
Queries	0.4500	0.3103	0.3673	29
MacroF1	0.5061
F1w_avg	0.5553
Acc    	57.3

02/26/2021 11:24:46 - INFO - __main__ -   	EPOCH:  14	MiniBatch:    0
02/26/2021 11:24:47 - INFO - __main__ -   	EPOCH:  14	MiniBatch:    1
02/26/2021 11:24:49 - INFO - __main__ -   	EPOCH:  14	MiniBatch:    2
02/26/2021 11:24:50 - INFO - __main__ -   	EPOCH:  14	MiniBatch:    3
02/26/2021 11:24:51 - INFO - __main__ -   	EPOCH:  14	MiniBatch:    4
02/26/2021 11:24:52 - INFO - __main__ -   	EPOCH:  14	MiniBatch:    5
02/26/2021 11:24:53 - INFO - __main__ -   	EPOCH:  14	MiniBatch:    6
02/26/2021 11:24:54 - INFO - __main__ -   	EPOCH:  14	MiniBatch:    7
02/26/2021 11:24:55 - INFO - __main__ -   	EPOCH:  14	MiniBatch:    8
02/26/2021 11:24:56 - INFO - __main__ -   	Testing dev Minibatch:    0
02/26/2021 11:24:57 - INFO - __main__ -   	Testing dev Minibatch:    1
02/26/2021 11:24:57 - INFO - __main__ -   	Testing dev Minibatch:    2
02/26/2021 11:24:58 - INFO - __main__ -   
Labels 	Prec. 	Recall	F1    	Supp  
Denial 	0.5977	0.6964	0.6433	303
Support	0.6045	0.4854	0.5385	274
Comment	0.4778	0.5202	0.4981	248
Queries	0.4545	0.1724	0.2500	29
MacroF1	0.4825
F1w_avg	0.5541
Acc    	56.0

02/26/2021 11:24:58 - INFO - __main__ -   	EPOCH:  15	MiniBatch:    0
02/26/2021 11:24:59 - INFO - __main__ -   	EPOCH:  15	MiniBatch:    1
02/26/2021 11:25:00 - INFO - __main__ -   	EPOCH:  15	MiniBatch:    2
02/26/2021 11:25:01 - INFO - __main__ -   	EPOCH:  15	MiniBatch:    3
02/26/2021 11:25:02 - INFO - __main__ -   	EPOCH:  15	MiniBatch:    4
02/26/2021 11:25:04 - INFO - __main__ -   	EPOCH:  15	MiniBatch:    5
02/26/2021 11:25:05 - INFO - __main__ -   	EPOCH:  15	MiniBatch:    6
02/26/2021 11:25:06 - INFO - __main__ -   	EPOCH:  15	MiniBatch:    7
02/26/2021 11:25:07 - INFO - __main__ -   	EPOCH:  15	MiniBatch:    8
02/26/2021 11:25:08 - INFO - __main__ -   	Testing dev Minibatch:    0
02/26/2021 11:25:08 - INFO - __main__ -   	Testing dev Minibatch:    1
02/26/2021 11:25:09 - INFO - __main__ -   	Testing dev Minibatch:    2
02/26/2021 11:25:09 - INFO - __main__ -   
Labels 	Prec. 	Recall	F1    	Supp  
Denial 	0.5890	0.7426	0.6569	303
Support	0.5392	0.6277	0.5801	274
Comment	0.5793	0.3387	0.4275	248
Queries	0.5000	0.1379	0.2162	29
MacroF1	0.4702
F1w_avg	0.5507
Acc    	56.8

02/26/2021 11:25:09 - INFO - __main__ -   	EPOCH:  16	MiniBatch:    0
02/26/2021 11:25:11 - INFO - __main__ -   	EPOCH:  16	MiniBatch:    1
02/26/2021 11:25:12 - INFO - __main__ -   	EPOCH:  16	MiniBatch:    2
02/26/2021 11:25:13 - INFO - __main__ -   	EPOCH:  16	MiniBatch:    3
02/26/2021 11:25:14 - INFO - __main__ -   	EPOCH:  16	MiniBatch:    4
02/26/2021 11:25:15 - INFO - __main__ -   	EPOCH:  16	MiniBatch:    5
02/26/2021 11:25:16 - INFO - __main__ -   	EPOCH:  16	MiniBatch:    6
02/26/2021 11:25:18 - INFO - __main__ -   	EPOCH:  16	MiniBatch:    7
02/26/2021 11:25:19 - INFO - __main__ -   	EPOCH:  16	MiniBatch:    8
02/26/2021 11:25:20 - INFO - __main__ -   	Testing dev Minibatch:    0
02/26/2021 11:25:20 - INFO - __main__ -   	Testing dev Minibatch:    1
02/26/2021 11:25:20 - INFO - __main__ -   	Testing dev Minibatch:    2
02/26/2021 11:25:21 - INFO - __main__ -   
Labels 	Prec. 	Recall	F1    	Supp  
Denial 	0.5984	0.7228	0.6547	303
Support	0.5500	0.6423	0.5926	274
Comment	0.5658	0.3468	0.4300	248
Queries	0.4375	0.2414	0.3111	29
MacroF1	0.4971
F1w_avg	0.5579
Acc    	57.1

02/26/2021 11:25:21 - INFO - __main__ -   	EPOCH:  17	MiniBatch:    0
02/26/2021 11:25:22 - INFO - __main__ -   	EPOCH:  17	MiniBatch:    1
02/26/2021 11:25:23 - INFO - __main__ -   	EPOCH:  17	MiniBatch:    2
02/26/2021 11:25:25 - INFO - __main__ -   	EPOCH:  17	MiniBatch:    3
02/26/2021 11:25:26 - INFO - __main__ -   	EPOCH:  17	MiniBatch:    4
02/26/2021 11:25:27 - INFO - __main__ -   	EPOCH:  17	MiniBatch:    5
02/26/2021 11:25:28 - INFO - __main__ -   	EPOCH:  17	MiniBatch:    6
02/26/2021 11:25:29 - INFO - __main__ -   	EPOCH:  17	MiniBatch:    7
02/26/2021 11:25:30 - INFO - __main__ -   	EPOCH:  17	MiniBatch:    8
02/26/2021 11:25:31 - INFO - __main__ -   	Testing dev Minibatch:    0
02/26/2021 11:25:32 - INFO - __main__ -   	Testing dev Minibatch:    1
02/26/2021 11:25:32 - INFO - __main__ -   	Testing dev Minibatch:    2
02/26/2021 11:25:32 - INFO - __main__ -   
Labels 	Prec. 	Recall	F1    	Supp  
Denial 	0.6308	0.7162	0.6708	303
Support	0.5479	0.5219	0.5346	274
Comment	0.4828	0.4516	0.4667	248
Queries	0.4706	0.2759	0.3478	29
MacroF1	0.5050
F1w_avg	0.5568
Acc    	56.2

02/26/2021 11:25:33 - INFO - __main__ -   	EPOCH:  18	MiniBatch:    0
02/26/2021 11:25:34 - INFO - __main__ -   	EPOCH:  18	MiniBatch:    1
02/26/2021 11:25:35 - INFO - __main__ -   	EPOCH:  18	MiniBatch:    2
02/26/2021 11:25:36 - INFO - __main__ -   	EPOCH:  18	MiniBatch:    3
02/26/2021 11:25:37 - INFO - __main__ -   	EPOCH:  18	MiniBatch:    4
02/26/2021 11:25:38 - INFO - __main__ -   	EPOCH:  18	MiniBatch:    5
02/26/2021 11:25:40 - INFO - __main__ -   	EPOCH:  18	MiniBatch:    6
02/26/2021 11:25:41 - INFO - __main__ -   	EPOCH:  18	MiniBatch:    7
02/26/2021 11:25:42 - INFO - __main__ -   	EPOCH:  18	MiniBatch:    8
02/26/2021 11:25:43 - INFO - __main__ -   	Testing dev Minibatch:    0
02/26/2021 11:25:43 - INFO - __main__ -   	Testing dev Minibatch:    1
02/26/2021 11:25:44 - INFO - __main__ -   	Testing dev Minibatch:    2
02/26/2021 11:25:44 - INFO - __main__ -   
Labels 	Prec. 	Recall	F1    	Supp  
Denial 	0.6801	0.6667	0.6733	303
Support	0.5622	0.4453	0.4969	274
Comment	0.4639	0.5968	0.5220	248
Queries	0.4286	0.3103	0.3600	29
MacroF1	0.5131
F1w_avg	0.5622
Acc    	56.3

02/26/2021 11:25:44 - INFO - __main__ -   	EPOCH:  19	MiniBatch:    0
02/26/2021 11:25:45 - INFO - __main__ -   	EPOCH:  19	MiniBatch:    1
02/26/2021 11:25:47 - INFO - __main__ -   	EPOCH:  19	MiniBatch:    2
02/26/2021 11:25:48 - INFO - __main__ -   	EPOCH:  19	MiniBatch:    3
02/26/2021 11:25:49 - INFO - __main__ -   	EPOCH:  19	MiniBatch:    4
02/26/2021 11:25:50 - INFO - __main__ -   	EPOCH:  19	MiniBatch:    5
02/26/2021 11:25:51 - INFO - __main__ -   	EPOCH:  19	MiniBatch:    6
02/26/2021 11:25:52 - INFO - __main__ -   	EPOCH:  19	MiniBatch:    7
02/26/2021 11:25:54 - INFO - __main__ -   	EPOCH:  19	MiniBatch:    8
02/26/2021 11:25:54 - INFO - __main__ -   	Testing dev Minibatch:    0
02/26/2021 11:25:55 - INFO - __main__ -   	Testing dev Minibatch:    1
02/26/2021 11:25:55 - INFO - __main__ -   	Testing dev Minibatch:    2
02/26/2021 11:25:56 - INFO - __main__ -   
Labels 	Prec. 	Recall	F1    	Supp  
Denial 	0.6926	0.6469	0.6689	303
Support	0.5166	0.6825	0.5881	274
Comment	0.5445	0.4194	0.4738	248
Queries	0.5000	0.3103	0.3830	29
MacroF1	0.5284
F1w_avg	0.5766
Acc    	58.1

02/26/2021 11:25:58 - INFO - __main__ -   	EPOCH:  20	MiniBatch:    0
02/26/2021 11:25:59 - INFO - __main__ -   	EPOCH:  20	MiniBatch:    1
02/26/2021 11:26:00 - INFO - __main__ -   	EPOCH:  20	MiniBatch:    2
02/26/2021 11:26:01 - INFO - __main__ -   	EPOCH:  20	MiniBatch:    3
02/26/2021 11:26:02 - INFO - __main__ -   	EPOCH:  20	MiniBatch:    4
02/26/2021 11:26:03 - INFO - __main__ -   	EPOCH:  20	MiniBatch:    5
02/26/2021 11:26:04 - INFO - __main__ -   	EPOCH:  20	MiniBatch:    6
02/26/2021 11:26:06 - INFO - __main__ -   	EPOCH:  20	MiniBatch:    7
02/26/2021 11:26:07 - INFO - __main__ -   	EPOCH:  20	MiniBatch:    8
02/26/2021 11:26:08 - INFO - __main__ -   	Testing dev Minibatch:    0
02/26/2021 11:26:08 - INFO - __main__ -   	Testing dev Minibatch:    1
02/26/2021 11:26:08 - INFO - __main__ -   	Testing dev Minibatch:    2
02/26/2021 11:26:09 - INFO - __main__ -   
Labels 	Prec. 	Recall	F1    	Supp  
Denial 	0.6450	0.6535	0.6492	303
Support	0.5464	0.5803	0.5628	274
Comment	0.5021	0.4879	0.4949	248
Queries	0.4667	0.2414	0.3182	29
MacroF1	0.5063
F1w_avg	0.5654
Acc    	56.8

02/26/2021 11:26:09 - INFO - __main__ -   	EPOCH:  21	MiniBatch:    0
02/26/2021 11:26:10 - INFO - __main__ -   	EPOCH:  21	MiniBatch:    1
02/26/2021 11:26:11 - INFO - __main__ -   	EPOCH:  21	MiniBatch:    2
02/26/2021 11:26:13 - INFO - __main__ -   	EPOCH:  21	MiniBatch:    3
02/26/2021 11:26:14 - INFO - __main__ -   	EPOCH:  21	MiniBatch:    4
02/26/2021 11:26:15 - INFO - __main__ -   	EPOCH:  21	MiniBatch:    5
02/26/2021 11:26:16 - INFO - __main__ -   	EPOCH:  21	MiniBatch:    6
02/26/2021 11:26:17 - INFO - __main__ -   	EPOCH:  21	MiniBatch:    7
02/26/2021 11:26:18 - INFO - __main__ -   	EPOCH:  21	MiniBatch:    8
02/26/2021 11:26:19 - INFO - __main__ -   	Testing dev Minibatch:    0
02/26/2021 11:26:20 - INFO - __main__ -   	Testing dev Minibatch:    1
02/26/2021 11:26:20 - INFO - __main__ -   	Testing dev Minibatch:    2
02/26/2021 11:26:21 - INFO - __main__ -   
Labels 	Prec. 	Recall	F1    	Supp  
Denial 	0.5922	0.6997	0.6415	303
Support	0.5574	0.6022	0.5789	274
Comment	0.5160	0.3911	0.4450	248
Queries	0.4167	0.1724	0.2439	29
MacroF1	0.4773
F1w_avg	0.5508
Acc    	56.1

02/26/2021 11:26:21 - INFO - __main__ -   	EPOCH:  22	MiniBatch:    0
02/26/2021 11:26:22 - INFO - __main__ -   	EPOCH:  22	MiniBatch:    1
02/26/2021 11:26:23 - INFO - __main__ -   	EPOCH:  22	MiniBatch:    2
02/26/2021 11:26:24 - INFO - __main__ -   	EPOCH:  22	MiniBatch:    3
02/26/2021 11:26:25 - INFO - __main__ -   	EPOCH:  22	MiniBatch:    4
02/26/2021 11:26:27 - INFO - __main__ -   	EPOCH:  22	MiniBatch:    5
02/26/2021 11:26:28 - INFO - __main__ -   	EPOCH:  22	MiniBatch:    6
02/26/2021 11:26:29 - INFO - __main__ -   	EPOCH:  22	MiniBatch:    7
02/26/2021 11:26:30 - INFO - __main__ -   	EPOCH:  22	MiniBatch:    8
02/26/2021 11:26:31 - INFO - __main__ -   	Testing dev Minibatch:    0
02/26/2021 11:26:31 - INFO - __main__ -   	Testing dev Minibatch:    1
02/26/2021 11:26:32 - INFO - __main__ -   	Testing dev Minibatch:    2
02/26/2021 11:26:32 - INFO - __main__ -   
Labels 	Prec. 	Recall	F1    	Supp  
Denial 	0.6314	0.6898	0.6593	303
Support	0.5503	0.6387	0.5912	274
Comment	0.5053	0.3831	0.4358	248
Queries	0.4118	0.2414	0.3043	29
MacroF1	0.4977
F1w_avg	0.5605
Acc    	56.9

02/26/2021 11:26:32 - INFO - __main__ -   	EPOCH:  23	MiniBatch:    0
02/26/2021 11:26:34 - INFO - __main__ -   	EPOCH:  23	MiniBatch:    1
02/26/2021 11:26:35 - INFO - __main__ -   	EPOCH:  23	MiniBatch:    2
02/26/2021 11:26:36 - INFO - __main__ -   	EPOCH:  23	MiniBatch:    3
02/26/2021 11:26:37 - INFO - __main__ -   	EPOCH:  23	MiniBatch:    4
02/26/2021 11:26:38 - INFO - __main__ -   	EPOCH:  23	MiniBatch:    5
02/26/2021 11:26:39 - INFO - __main__ -   	EPOCH:  23	MiniBatch:    6
02/26/2021 11:26:40 - INFO - __main__ -   	EPOCH:  23	MiniBatch:    7
02/26/2021 11:26:42 - INFO - __main__ -   	EPOCH:  23	MiniBatch:    8
02/26/2021 11:26:43 - INFO - __main__ -   	Testing dev Minibatch:    0
02/26/2021 11:26:43 - INFO - __main__ -   	Testing dev Minibatch:    1
02/26/2021 11:26:43 - INFO - __main__ -   	Testing dev Minibatch:    2
02/26/2021 11:26:44 - INFO - __main__ -   
Labels 	Prec. 	Recall	F1    	Supp  
Denial 	0.6536	0.6601	0.6568	303
Support	0.5279	0.6898	0.5981	274
Comment	0.5357	0.3629	0.4327	248
Queries	0.4545	0.3448	0.3922	29
MacroF1	0.5199
F1w_avg	0.5639
Acc    	57.3

02/26/2021 11:26:44 - INFO - __main__ -   	EPOCH:  24	MiniBatch:    0
02/26/2021 11:26:45 - INFO - __main__ -   	EPOCH:  24	MiniBatch:    1
02/26/2021 11:26:46 - INFO - __main__ -   	EPOCH:  24	MiniBatch:    2
02/26/2021 11:26:48 - INFO - __main__ -   	EPOCH:  24	MiniBatch:    3
02/26/2021 11:26:49 - INFO - __main__ -   	EPOCH:  24	MiniBatch:    4
02/26/2021 11:26:50 - INFO - __main__ -   	EPOCH:  24	MiniBatch:    5
02/26/2021 11:26:51 - INFO - __main__ -   	EPOCH:  24	MiniBatch:    6
02/26/2021 11:26:52 - INFO - __main__ -   	EPOCH:  24	MiniBatch:    7
02/26/2021 11:26:53 - INFO - __main__ -   	EPOCH:  24	MiniBatch:    8
02/26/2021 11:26:54 - INFO - __main__ -   	Testing dev Minibatch:    0
02/26/2021 11:26:55 - INFO - __main__ -   	Testing dev Minibatch:    1
02/26/2021 11:26:55 - INFO - __main__ -   	Testing dev Minibatch:    2
02/26/2021 11:26:55 - INFO - __main__ -   
Labels 	Prec. 	Recall	F1    	Supp  
Denial 	0.6495	0.6667	0.6580	303
Support	0.5686	0.5292	0.5482	274
Comment	0.4962	0.5282	0.5117	248
Queries	0.4167	0.3448	0.3774	29
MacroF1	0.5238
F1w_avg	0.5708
Acc    	57.1

02/26/2021 11:26:56 - INFO - __main__ -   	EPOCH:  25	MiniBatch:    0
02/26/2021 11:26:57 - INFO - __main__ -   	EPOCH:  25	MiniBatch:    1
02/26/2021 11:26:58 - INFO - __main__ -   	EPOCH:  25	MiniBatch:    2
02/26/2021 11:26:59 - INFO - __main__ -   	EPOCH:  25	MiniBatch:    3
02/26/2021 11:27:00 - INFO - __main__ -   	EPOCH:  25	MiniBatch:    4
02/26/2021 11:27:01 - INFO - __main__ -   	EPOCH:  25	MiniBatch:    5
02/26/2021 11:27:03 - INFO - __main__ -   	EPOCH:  25	MiniBatch:    6
02/26/2021 11:27:04 - INFO - __main__ -   	EPOCH:  25	MiniBatch:    7
02/26/2021 11:27:05 - INFO - __main__ -   	EPOCH:  25	MiniBatch:    8
02/26/2021 11:27:06 - INFO - __main__ -   	Testing dev Minibatch:    0
02/26/2021 11:27:06 - INFO - __main__ -   	Testing dev Minibatch:    1
02/26/2021 11:27:07 - INFO - __main__ -   	Testing dev Minibatch:    2
02/26/2021 11:27:07 - INFO - __main__ -   
Labels 	Prec. 	Recall	F1    	Supp  
Denial 	0.6317	0.6964	0.6625	303
Support	0.5639	0.5474	0.5556	274
Comment	0.5175	0.4758	0.4958	248
Queries	0.3846	0.3448	0.3636	29
MacroF1	0.5194
F1w_avg	0.5696
Acc    	57.3

02/26/2021 11:27:07 - INFO - __main__ -   	EPOCH:  26	MiniBatch:    0
02/26/2021 11:27:08 - INFO - __main__ -   	EPOCH:  26	MiniBatch:    1
02/26/2021 11:27:10 - INFO - __main__ -   	EPOCH:  26	MiniBatch:    2
02/26/2021 11:27:11 - INFO - __main__ -   	EPOCH:  26	MiniBatch:    3
02/26/2021 11:27:12 - INFO - __main__ -   	EPOCH:  26	MiniBatch:    4
02/26/2021 11:27:13 - INFO - __main__ -   	EPOCH:  26	MiniBatch:    5
02/26/2021 11:27:14 - INFO - __main__ -   	EPOCH:  26	MiniBatch:    6
02/26/2021 11:27:15 - INFO - __main__ -   	EPOCH:  26	MiniBatch:    7
02/26/2021 11:27:17 - INFO - __main__ -   	EPOCH:  26	MiniBatch:    8
02/26/2021 11:27:17 - INFO - __main__ -   	Testing dev Minibatch:    0
02/26/2021 11:27:18 - INFO - __main__ -   	Testing dev Minibatch:    1
02/26/2021 11:27:18 - INFO - __main__ -   	Testing dev Minibatch:    2
02/26/2021 11:27:19 - INFO - __main__ -   
Labels 	Prec. 	Recall	F1    	Supp  
Denial 	0.6485	0.7063	0.6761	303
Support	0.5380	0.6204	0.5763	274
Comment	0.5127	0.4073	0.4539	248
Queries	0.4545	0.1724	0.2500	29
MacroF1	0.4891
F1w_avg	0.5651
Acc    	57.4

02/26/2021 11:27:19 - INFO - __main__ -   	EPOCH:  27	MiniBatch:    0
02/26/2021 11:27:20 - INFO - __main__ -   	EPOCH:  27	MiniBatch:    1
02/26/2021 11:27:21 - INFO - __main__ -   	EPOCH:  27	MiniBatch:    2
02/26/2021 11:27:22 - INFO - __main__ -   	EPOCH:  27	MiniBatch:    3
02/26/2021 11:27:24 - INFO - __main__ -   	EPOCH:  27	MiniBatch:    4
02/26/2021 11:27:25 - INFO - __main__ -   	EPOCH:  27	MiniBatch:    5
02/26/2021 11:27:26 - INFO - __main__ -   	EPOCH:  27	MiniBatch:    6
02/26/2021 11:27:27 - INFO - __main__ -   	EPOCH:  27	MiniBatch:    7
02/26/2021 11:27:28 - INFO - __main__ -   	EPOCH:  27	MiniBatch:    8
02/26/2021 11:27:29 - INFO - __main__ -   	Testing dev Minibatch:    0
02/26/2021 11:27:29 - INFO - __main__ -   	Testing dev Minibatch:    1
02/26/2021 11:27:30 - INFO - __main__ -   	Testing dev Minibatch:    2
02/26/2021 11:27:30 - INFO - __main__ -   
Labels 	Prec. 	Recall	F1    	Supp  
Denial 	0.5968	0.7426	0.6618	303
Support	0.5738	0.4964	0.5323	274
Comment	0.5023	0.4435	0.4711	248
Queries	0.3810	0.2759	0.3200	29
MacroF1	0.4963
F1w_avg	0.5532
Acc    	56.1

02/26/2021 11:27:31 - INFO - __main__ -   	EPOCH:  28	MiniBatch:    0
02/26/2021 11:27:32 - INFO - __main__ -   	EPOCH:  28	MiniBatch:    1
02/26/2021 11:27:33 - INFO - __main__ -   	EPOCH:  28	MiniBatch:    2
02/26/2021 11:27:34 - INFO - __main__ -   	EPOCH:  28	MiniBatch:    3
02/26/2021 11:27:35 - INFO - __main__ -   	EPOCH:  28	MiniBatch:    4
02/26/2021 11:27:36 - INFO - __main__ -   	EPOCH:  28	MiniBatch:    5
02/26/2021 11:27:37 - INFO - __main__ -   	EPOCH:  28	MiniBatch:    6
02/26/2021 11:27:39 - INFO - __main__ -   	EPOCH:  28	MiniBatch:    7
02/26/2021 11:27:40 - INFO - __main__ -   	EPOCH:  28	MiniBatch:    8
02/26/2021 11:27:41 - INFO - __main__ -   	Testing dev Minibatch:    0
02/26/2021 11:27:41 - INFO - __main__ -   	Testing dev Minibatch:    1
02/26/2021 11:27:42 - INFO - __main__ -   	Testing dev Minibatch:    2
02/26/2021 11:27:42 - INFO - __main__ -   
Labels 	Prec. 	Recall	F1    	Supp  
Denial 	0.6690	0.6337	0.6508	303
Support	0.5785	0.5511	0.5645	274
Comment	0.4604	0.5161	0.4867	248
Queries	0.4286	0.4138	0.4211	29
MacroF1	0.5308
F1w_avg	0.5677
Acc    	56.6

02/26/2021 11:27:44 - INFO - __main__ -   	EPOCH:  29	MiniBatch:    0
02/26/2021 11:27:45 - INFO - __main__ -   	EPOCH:  29	MiniBatch:    1
02/26/2021 11:27:46 - INFO - __main__ -   	EPOCH:  29	MiniBatch:    2
02/26/2021 11:27:47 - INFO - __main__ -   	EPOCH:  29	MiniBatch:    3
02/26/2021 11:27:48 - INFO - __main__ -   	EPOCH:  29	MiniBatch:    4
02/26/2021 11:27:50 - INFO - __main__ -   	EPOCH:  29	MiniBatch:    5
02/26/2021 11:27:51 - INFO - __main__ -   	EPOCH:  29	MiniBatch:    6
02/26/2021 11:27:52 - INFO - __main__ -   	EPOCH:  29	MiniBatch:    7
02/26/2021 11:27:53 - INFO - __main__ -   	EPOCH:  29	MiniBatch:    8
02/26/2021 11:27:54 - INFO - __main__ -   	Testing dev Minibatch:    0
02/26/2021 11:27:54 - INFO - __main__ -   	Testing dev Minibatch:    1
02/26/2021 11:27:55 - INFO - __main__ -   	Testing dev Minibatch:    2
02/26/2021 11:27:55 - INFO - __main__ -   
Labels 	Prec. 	Recall	F1    	Supp  
Denial 	0.6701	0.6370	0.6531	303
Support	0.5496	0.5657	0.5576	274
Comment	0.4583	0.4879	0.4727	248
Queries	0.4000	0.2759	0.3265	29
MacroF1	0.5025
F1w_avg	0.5590
Acc    	55.9

02/26/2021 11:27:55 - INFO - __main__ -   	EPOCH:  30	MiniBatch:    0
02/26/2021 11:27:57 - INFO - __main__ -   	EPOCH:  30	MiniBatch:    1
02/26/2021 11:27:58 - INFO - __main__ -   	EPOCH:  30	MiniBatch:    2
02/26/2021 11:27:59 - INFO - __main__ -   	EPOCH:  30	MiniBatch:    3
02/26/2021 11:28:00 - INFO - __main__ -   	EPOCH:  30	MiniBatch:    4
02/26/2021 11:28:01 - INFO - __main__ -   	EPOCH:  30	MiniBatch:    5
02/26/2021 11:28:02 - INFO - __main__ -   	EPOCH:  30	MiniBatch:    6
02/26/2021 11:28:03 - INFO - __main__ -   	EPOCH:  30	MiniBatch:    7
02/26/2021 11:28:05 - INFO - __main__ -   	EPOCH:  30	MiniBatch:    8
02/26/2021 11:28:06 - INFO - __main__ -   	Testing dev Minibatch:    0
02/26/2021 11:28:06 - INFO - __main__ -   	Testing dev Minibatch:    1
02/26/2021 11:28:06 - INFO - __main__ -   	Testing dev Minibatch:    2
02/26/2021 11:28:07 - INFO - __main__ -   
Labels 	Prec. 	Recall	F1    	Supp  
Denial 	0.6433	0.6964	0.6688	303
Support	0.5714	0.5839	0.5776	274
Comment	0.4935	0.4597	0.4760	248
Queries	0.4000	0.2069	0.2727	29
MacroF1	0.4988
F1w_avg	0.5701
Acc    	57.5

02/26/2021 11:28:07 - INFO - __main__ -   	EPOCH:  31	MiniBatch:    0
02/26/2021 11:28:08 - INFO - __main__ -   	EPOCH:  31	MiniBatch:    1
02/26/2021 11:28:09 - INFO - __main__ -   	EPOCH:  31	MiniBatch:    2
02/26/2021 11:28:10 - INFO - __main__ -   	EPOCH:  31	MiniBatch:    3
02/26/2021 11:28:12 - INFO - __main__ -   	EPOCH:  31	MiniBatch:    4
02/26/2021 11:28:13 - INFO - __main__ -   	EPOCH:  31	MiniBatch:    5
02/26/2021 11:28:14 - INFO - __main__ -   	EPOCH:  31	MiniBatch:    6
02/26/2021 11:28:15 - INFO - __main__ -   	EPOCH:  31	MiniBatch:    7
02/26/2021 11:28:16 - INFO - __main__ -   	EPOCH:  31	MiniBatch:    8
02/26/2021 11:28:17 - INFO - __main__ -   	Testing dev Minibatch:    0
02/26/2021 11:28:18 - INFO - __main__ -   	Testing dev Minibatch:    1
02/26/2021 11:28:18 - INFO - __main__ -   	Testing dev Minibatch:    2
02/26/2021 11:28:18 - INFO - __main__ -   
Labels 	Prec. 	Recall	F1    	Supp  
Denial 	0.6712	0.6535	0.6622	303
Support	0.5378	0.6752	0.5987	274
Comment	0.5178	0.4113	0.4584	248
Queries	0.4444	0.2759	0.3404	29
MacroF1	0.5149
F1w_avg	0.5717
Acc    	57.7

02/26/2021 11:28:19 - INFO - __main__ -   	EPOCH:  32	MiniBatch:    0
02/26/2021 11:28:20 - INFO - __main__ -   	EPOCH:  32	MiniBatch:    1
02/26/2021 11:28:21 - INFO - __main__ -   	EPOCH:  32	MiniBatch:    2
02/26/2021 11:28:22 - INFO - __main__ -   	EPOCH:  32	MiniBatch:    3
02/26/2021 11:28:23 - INFO - __main__ -   	EPOCH:  32	MiniBatch:    4
02/26/2021 11:28:25 - INFO - __main__ -   	EPOCH:  32	MiniBatch:    5
02/26/2021 11:28:26 - INFO - __main__ -   	EPOCH:  32	MiniBatch:    6
02/26/2021 11:28:27 - INFO - __main__ -   	EPOCH:  32	MiniBatch:    7
02/26/2021 11:28:28 - INFO - __main__ -   	EPOCH:  32	MiniBatch:    8
02/26/2021 11:28:29 - INFO - __main__ -   	Testing dev Minibatch:    0
02/26/2021 11:28:29 - INFO - __main__ -   	Testing dev Minibatch:    1
02/26/2021 11:28:30 - INFO - __main__ -   	Testing dev Minibatch:    2
02/26/2021 11:28:30 - INFO - __main__ -   
Labels 	Prec. 	Recall	F1    	Supp  
Denial 	0.6490	0.6469	0.6479	303
Support	0.5227	0.7153	0.6040	274
Comment	0.5185	0.3387	0.4098	248
Queries	0.5333	0.2759	0.3636	29
MacroF1	0.5063
F1w_avg	0.5550
Acc    	56.7

02/26/2021 11:28:30 - INFO - __main__ -   	EPOCH:  33	MiniBatch:    0
02/26/2021 11:28:32 - INFO - __main__ -   	EPOCH:  33	MiniBatch:    1
02/26/2021 11:28:33 - INFO - __main__ -   	EPOCH:  33	MiniBatch:    2
02/26/2021 11:28:34 - INFO - __main__ -   	EPOCH:  33	MiniBatch:    3
02/26/2021 11:28:35 - INFO - __main__ -   	EPOCH:  33	MiniBatch:    4
02/26/2021 11:28:36 - INFO - __main__ -   	EPOCH:  33	MiniBatch:    5
02/26/2021 11:28:37 - INFO - __main__ -   	EPOCH:  33	MiniBatch:    6
02/26/2021 11:28:39 - INFO - __main__ -   	EPOCH:  33	MiniBatch:    7
02/26/2021 11:28:40 - INFO - __main__ -   	EPOCH:  33	MiniBatch:    8
02/26/2021 11:28:41 - INFO - __main__ -   	Testing dev Minibatch:    0
02/26/2021 11:28:41 - INFO - __main__ -   	Testing dev Minibatch:    1
02/26/2021 11:28:41 - INFO - __main__ -   	Testing dev Minibatch:    2
02/26/2021 11:28:42 - INFO - __main__ -   
Labels 	Prec. 	Recall	F1    	Supp  
Denial 	0.6873	0.5875	0.6335	303
Support	0.4542	0.8504	0.5921	274
Comment	0.6000	0.1694	0.2642	248
Queries	0.5000	0.2069	0.2927	29
MacroF1	0.4456
F1w_avg	0.5014
Acc    	53.7

02/26/2021 11:28:42 - INFO - __main__ -   	EPOCH:  34	MiniBatch:    0
02/26/2021 11:28:43 - INFO - __main__ -   	EPOCH:  34	MiniBatch:    1
02/26/2021 11:28:44 - INFO - __main__ -   	EPOCH:  34	MiniBatch:    2
02/26/2021 11:28:46 - INFO - __main__ -   	EPOCH:  34	MiniBatch:    3
02/26/2021 11:28:47 - INFO - __main__ -   	EPOCH:  34	MiniBatch:    4
02/26/2021 11:28:48 - INFO - __main__ -   	EPOCH:  34	MiniBatch:    5
02/26/2021 11:28:49 - INFO - __main__ -   	EPOCH:  34	MiniBatch:    6
02/26/2021 11:28:50 - INFO - __main__ -   	EPOCH:  34	MiniBatch:    7
02/26/2021 11:28:51 - INFO - __main__ -   	EPOCH:  34	MiniBatch:    8
02/26/2021 11:28:52 - INFO - __main__ -   	Testing dev Minibatch:    0
02/26/2021 11:28:53 - INFO - __main__ -   	Testing dev Minibatch:    1
02/26/2021 11:28:53 - INFO - __main__ -   	Testing dev Minibatch:    2
02/26/2021 11:28:54 - INFO - __main__ -   
Labels 	Prec. 	Recall	F1    	Supp  
Denial 	0.7237	0.5446	0.6215	303
Support	0.4763	0.6971	0.5659	274
Comment	0.4976	0.4153	0.4527	248
Queries	0.5556	0.3448	0.4255	29
MacroF1	0.5164
F1w_avg	0.5480
Acc    	54.9

02/26/2021 11:28:54 - INFO - __main__ -   	EPOCH:  35	MiniBatch:    0
02/26/2021 11:28:55 - INFO - __main__ -   	EPOCH:  35	MiniBatch:    1
02/26/2021 11:28:56 - INFO - __main__ -   	EPOCH:  35	MiniBatch:    2
02/26/2021 11:28:57 - INFO - __main__ -   	EPOCH:  35	MiniBatch:    3
02/26/2021 11:28:58 - INFO - __main__ -   	EPOCH:  35	MiniBatch:    4
02/26/2021 11:29:00 - INFO - __main__ -   	EPOCH:  35	MiniBatch:    5
02/26/2021 11:29:01 - INFO - __main__ -   	EPOCH:  35	MiniBatch:    6
02/26/2021 11:29:02 - INFO - __main__ -   	EPOCH:  35	MiniBatch:    7
02/26/2021 11:29:03 - INFO - __main__ -   	EPOCH:  35	MiniBatch:    8
02/26/2021 11:29:04 - INFO - __main__ -   	Testing dev Minibatch:    0
02/26/2021 11:29:04 - INFO - __main__ -   	Testing dev Minibatch:    1
02/26/2021 11:29:05 - INFO - __main__ -   	Testing dev Minibatch:    2
02/26/2021 11:29:05 - INFO - __main__ -   
Labels 	Prec. 	Recall	F1    	Supp  
Denial 	0.6862	0.5413	0.6052	303
Support	0.5066	0.7007	0.5881	274
Comment	0.4929	0.4194	0.4532	248
Queries	0.4000	0.3448	0.3704	29
MacroF1	0.5042
F1w_avg	0.5476
Acc    	55.0

02/26/2021 11:29:05 - INFO - __main__ -   	EPOCH:  36	MiniBatch:    0
02/26/2021 11:29:07 - INFO - __main__ -   	EPOCH:  36	MiniBatch:    1
02/26/2021 11:29:08 - INFO - __main__ -   	EPOCH:  36	MiniBatch:    2
02/26/2021 11:29:09 - INFO - __main__ -   	EPOCH:  36	MiniBatch:    3
02/26/2021 11:29:10 - INFO - __main__ -   	EPOCH:  36	MiniBatch:    4
02/26/2021 11:29:11 - INFO - __main__ -   	EPOCH:  36	MiniBatch:    5
02/26/2021 11:29:12 - INFO - __main__ -   	EPOCH:  36	MiniBatch:    6
02/26/2021 11:29:13 - INFO - __main__ -   	EPOCH:  36	MiniBatch:    7
02/26/2021 11:29:15 - INFO - __main__ -   	EPOCH:  36	MiniBatch:    8
02/26/2021 11:29:16 - INFO - __main__ -   	Testing dev Minibatch:    0
02/26/2021 11:29:16 - INFO - __main__ -   	Testing dev Minibatch:    1
02/26/2021 11:29:16 - INFO - __main__ -   	Testing dev Minibatch:    2
02/26/2021 11:29:17 - INFO - __main__ -   
Labels 	Prec. 	Recall	F1    	Supp  
Denial 	0.7126	0.5809	0.6400	303
Support	0.4901	0.7263	0.5853	274
Comment	0.5272	0.3911	0.4491	248
Queries	0.4706	0.2759	0.3478	29
MacroF1	0.5055
F1w_avg	0.5571
Acc    	56.2

02/26/2021 11:29:17 - INFO - __main__ -   	EPOCH:  37	MiniBatch:    0
02/26/2021 11:29:18 - INFO - __main__ -   	EPOCH:  37	MiniBatch:    1
02/26/2021 11:29:19 - INFO - __main__ -   	EPOCH:  37	MiniBatch:    2
02/26/2021 11:29:20 - INFO - __main__ -   	EPOCH:  37	MiniBatch:    3
02/26/2021 11:29:22 - INFO - __main__ -   	EPOCH:  37	MiniBatch:    4
02/26/2021 11:29:23 - INFO - __main__ -   	EPOCH:  37	MiniBatch:    5
02/26/2021 11:29:24 - INFO - __main__ -   	EPOCH:  37	MiniBatch:    6
02/26/2021 11:29:25 - INFO - __main__ -   	EPOCH:  37	MiniBatch:    7
02/26/2021 11:29:26 - INFO - __main__ -   	EPOCH:  37	MiniBatch:    8
02/26/2021 11:29:27 - INFO - __main__ -   	Testing dev Minibatch:    0
02/26/2021 11:29:28 - INFO - __main__ -   	Testing dev Minibatch:    1
02/26/2021 11:29:28 - INFO - __main__ -   	Testing dev Minibatch:    2
02/26/2021 11:29:28 - INFO - __main__ -   
Labels 	Prec. 	Recall	F1    	Supp  
Denial 	0.6254	0.7327	0.6748	303
Support	0.5634	0.5839	0.5735	274
Comment	0.5567	0.4556	0.5011	248
Queries	0.5833	0.2414	0.3415	29
MacroF1	0.5227
F1w_avg	0.5805
Acc    	58.8

02/26/2021 11:29:29 - INFO - __main__ -   	EPOCH:  38	MiniBatch:    0
02/26/2021 11:29:30 - INFO - __main__ -   	EPOCH:  38	MiniBatch:    1
02/26/2021 11:29:31 - INFO - __main__ -   	EPOCH:  38	MiniBatch:    2
02/26/2021 11:29:32 - INFO - __main__ -   	EPOCH:  38	MiniBatch:    3
02/26/2021 11:29:33 - INFO - __main__ -   	EPOCH:  38	MiniBatch:    4
02/26/2021 11:29:34 - INFO - __main__ -   	EPOCH:  38	MiniBatch:    5
02/26/2021 11:29:36 - INFO - __main__ -   	EPOCH:  38	MiniBatch:    6
02/26/2021 11:29:37 - INFO - __main__ -   	EPOCH:  38	MiniBatch:    7
02/26/2021 11:29:38 - INFO - __main__ -   	EPOCH:  38	MiniBatch:    8
02/26/2021 11:29:39 - INFO - __main__ -   	Testing dev Minibatch:    0
02/26/2021 11:29:39 - INFO - __main__ -   	Testing dev Minibatch:    1
02/26/2021 11:29:40 - INFO - __main__ -   	Testing dev Minibatch:    2
02/26/2021 11:29:40 - INFO - __main__ -   
Labels 	Prec. 	Recall	F1    	Supp  
Denial 	0.6132	0.7063	0.6564	303
Support	0.5571	0.5693	0.5632	274
Comment	0.5240	0.4395	0.4781	248
Queries	0.4706	0.2759	0.3478	29
MacroF1	0.5114
F1w_avg	0.5642
Acc    	57.0

02/26/2021 11:29:40 - INFO - __main__ -   	EPOCH:  39	MiniBatch:    0
02/26/2021 11:29:41 - INFO - __main__ -   	EPOCH:  39	MiniBatch:    1
02/26/2021 11:29:43 - INFO - __main__ -   	EPOCH:  39	MiniBatch:    2
02/26/2021 11:29:44 - INFO - __main__ -   	EPOCH:  39	MiniBatch:    3
02/26/2021 11:29:45 - INFO - __main__ -   	EPOCH:  39	MiniBatch:    4
02/26/2021 11:29:46 - INFO - __main__ -   	EPOCH:  39	MiniBatch:    5
02/26/2021 11:29:47 - INFO - __main__ -   	EPOCH:  39	MiniBatch:    6
02/26/2021 11:29:48 - INFO - __main__ -   	EPOCH:  39	MiniBatch:    7
02/26/2021 11:29:49 - INFO - __main__ -   	EPOCH:  39	MiniBatch:    8
02/26/2021 11:29:50 - INFO - __main__ -   	Testing dev Minibatch:    0
02/26/2021 11:29:51 - INFO - __main__ -   	Testing dev Minibatch:    1
02/26/2021 11:29:51 - INFO - __main__ -   	Testing dev Minibatch:    2
02/26/2021 11:29:52 - INFO - __main__ -   
Labels 	Prec. 	Recall	F1    	Supp  
Denial 	0.6593	0.5941	0.6250	303
Support	0.5220	0.5620	0.5413	274
Comment	0.4788	0.5000	0.4892	248
Queries	0.3333	0.3103	0.3214	29
MacroF1	0.4942
F1w_avg	0.5484
Acc    	54.7

02/26/2021 11:29:52 - INFO - __main__ -   	EPOCH:  40	MiniBatch:    0
02/26/2021 11:29:53 - INFO - __main__ -   	EPOCH:  40	MiniBatch:    1
02/26/2021 11:29:54 - INFO - __main__ -   	EPOCH:  40	MiniBatch:    2
02/26/2021 11:29:55 - INFO - __main__ -   	EPOCH:  40	MiniBatch:    3
02/26/2021 11:29:56 - INFO - __main__ -   	EPOCH:  40	MiniBatch:    4
02/26/2021 11:29:58 - INFO - __main__ -   	EPOCH:  40	MiniBatch:    5
02/26/2021 11:29:59 - INFO - __main__ -   	EPOCH:  40	MiniBatch:    6
02/26/2021 11:30:00 - INFO - __main__ -   	EPOCH:  40	MiniBatch:    7
02/26/2021 11:30:01 - INFO - __main__ -   	EPOCH:  40	MiniBatch:    8
02/26/2021 11:30:02 - INFO - __main__ -   	Testing dev Minibatch:    0
02/26/2021 11:30:03 - INFO - __main__ -   	Testing dev Minibatch:    1
02/26/2021 11:30:03 - INFO - __main__ -   	Testing dev Minibatch:    2
02/26/2021 11:30:03 - INFO - __main__ -   
Labels 	Prec. 	Recall	F1    	Supp  
Denial 	0.6503	0.6139	0.6316	303
Support	0.5630	0.5219	0.5417	274
Comment	0.4803	0.5403	0.5085	248
Queries	0.2857	0.3448	0.3125	29
MacroF1	0.4986
F1w_avg	0.5562
Acc    	55.4

02/26/2021 11:30:04 - INFO - __main__ -   	EPOCH:  41	MiniBatch:    0
02/26/2021 11:30:05 - INFO - __main__ -   	EPOCH:  41	MiniBatch:    1
02/26/2021 11:30:06 - INFO - __main__ -   	EPOCH:  41	MiniBatch:    2
02/26/2021 11:30:07 - INFO - __main__ -   	EPOCH:  41	MiniBatch:    3
02/26/2021 11:30:08 - INFO - __main__ -   	EPOCH:  41	MiniBatch:    4
02/26/2021 11:30:09 - INFO - __main__ -   	EPOCH:  41	MiniBatch:    5
02/26/2021 11:30:11 - INFO - __main__ -   	EPOCH:  41	MiniBatch:    6
02/26/2021 11:30:12 - INFO - __main__ -   	EPOCH:  41	MiniBatch:    7
02/26/2021 11:30:13 - INFO - __main__ -   	EPOCH:  41	MiniBatch:    8
02/26/2021 11:30:14 - INFO - __main__ -   	Testing dev Minibatch:    0
02/26/2021 11:30:14 - INFO - __main__ -   	Testing dev Minibatch:    1
02/26/2021 11:30:15 - INFO - __main__ -   	Testing dev Minibatch:    2
02/26/2021 11:30:15 - INFO - __main__ -   
Labels 	Prec. 	Recall	F1    	Supp  
Denial 	0.6992	0.5908	0.6404	303
Support	0.5280	0.6533	0.5840	274
Comment	0.5126	0.4919	0.5021	248
Queries	0.4286	0.3103	0.3600	29
MacroF1	0.5216
F1w_avg	0.5726
Acc    	57.3

02/26/2021 11:30:15 - INFO - __main__ -   	EPOCH:  42	MiniBatch:    0
02/26/2021 11:30:16 - INFO - __main__ -   	EPOCH:  42	MiniBatch:    1
02/26/2021 11:30:18 - INFO - __main__ -   	EPOCH:  42	MiniBatch:    2
02/26/2021 11:30:19 - INFO - __main__ -   	EPOCH:  42	MiniBatch:    3
02/26/2021 11:30:20 - INFO - __main__ -   	EPOCH:  42	MiniBatch:    4
02/26/2021 11:30:21 - INFO - __main__ -   	EPOCH:  42	MiniBatch:    5
02/26/2021 11:30:22 - INFO - __main__ -   	EPOCH:  42	MiniBatch:    6
02/26/2021 11:30:23 - INFO - __main__ -   	EPOCH:  42	MiniBatch:    7
02/26/2021 11:30:25 - INFO - __main__ -   	EPOCH:  42	MiniBatch:    8
02/26/2021 11:30:25 - INFO - __main__ -   	Testing dev Minibatch:    0
02/26/2021 11:30:26 - INFO - __main__ -   	Testing dev Minibatch:    1
02/26/2021 11:30:26 - INFO - __main__ -   	Testing dev Minibatch:    2
02/26/2021 11:30:27 - INFO - __main__ -   
Labels 	Prec. 	Recall	F1    	Supp  
Denial 	0.6228	0.7030	0.6605	303
Support	0.5479	0.5839	0.5654	274
Comment	0.5354	0.4274	0.4753	248
Queries	0.4545	0.3448	0.3922	29
MacroF1	0.5233
F1w_avg	0.5671
Acc    	57.3

02/26/2021 11:30:27 - INFO - __main__ -   	EPOCH:  43	MiniBatch:    0
02/26/2021 11:30:28 - INFO - __main__ -   	EPOCH:  43	MiniBatch:    1
02/26/2021 11:30:29 - INFO - __main__ -   	EPOCH:  43	MiniBatch:    2
02/26/2021 11:30:30 - INFO - __main__ -   	EPOCH:  43	MiniBatch:    3
02/26/2021 11:30:32 - INFO - __main__ -   	EPOCH:  43	MiniBatch:    4
02/26/2021 11:30:33 - INFO - __main__ -   	EPOCH:  43	MiniBatch:    5
02/26/2021 11:30:34 - INFO - __main__ -   	EPOCH:  43	MiniBatch:    6
02/26/2021 11:30:35 - INFO - __main__ -   	EPOCH:  43	MiniBatch:    7
02/26/2021 11:30:36 - INFO - __main__ -   	EPOCH:  43	MiniBatch:    8
02/26/2021 11:30:37 - INFO - __main__ -   	Testing dev Minibatch:    0
02/26/2021 11:30:37 - INFO - __main__ -   	Testing dev Minibatch:    1
02/26/2021 11:30:38 - INFO - __main__ -   	Testing dev Minibatch:    2
02/26/2021 11:30:38 - INFO - __main__ -   
Labels 	Prec. 	Recall	F1    	Supp  
Denial 	0.6372	0.7129	0.6729	303
Support	0.5911	0.5803	0.5856	274
Comment	0.5333	0.4839	0.5074	248
Queries	0.4762	0.3448	0.4000	29
MacroF1	0.5415
F1w_avg	0.5876
Acc    	59.1

02/26/2021 11:30:40 - INFO - __main__ -   	EPOCH:  44	MiniBatch:    0
02/26/2021 11:30:41 - INFO - __main__ -   	EPOCH:  44	MiniBatch:    1
02/26/2021 11:30:42 - INFO - __main__ -   	EPOCH:  44	MiniBatch:    2
02/26/2021 11:30:44 - INFO - __main__ -   	EPOCH:  44	MiniBatch:    3
02/26/2021 11:30:45 - INFO - __main__ -   	EPOCH:  44	MiniBatch:    4
02/26/2021 11:30:46 - INFO - __main__ -   	EPOCH:  44	MiniBatch:    5
02/26/2021 11:30:47 - INFO - __main__ -   	EPOCH:  44	MiniBatch:    6
02/26/2021 11:30:48 - INFO - __main__ -   	EPOCH:  44	MiniBatch:    7
02/26/2021 11:30:49 - INFO - __main__ -   	EPOCH:  44	MiniBatch:    8
02/26/2021 11:30:50 - INFO - __main__ -   	Testing dev Minibatch:    0
02/26/2021 11:30:51 - INFO - __main__ -   	Testing dev Minibatch:    1
02/26/2021 11:30:51 - INFO - __main__ -   	Testing dev Minibatch:    2
02/26/2021 11:30:52 - INFO - __main__ -   
Labels 	Prec. 	Recall	F1    	Supp  
Denial 	0.6127	0.6997	0.6533	303
Support	0.5966	0.5073	0.5483	274
Comment	0.4863	0.5000	0.4930	248
Queries	0.5500	0.3793	0.4490	29
MacroF1	0.5359
F1w_avg	0.5661
Acc    	56.9

02/26/2021 11:30:52 - INFO - __main__ -   	EPOCH:  45	MiniBatch:    0
02/26/2021 11:30:53 - INFO - __main__ -   	EPOCH:  45	MiniBatch:    1
02/26/2021 11:30:54 - INFO - __main__ -   	EPOCH:  45	MiniBatch:    2
02/26/2021 11:30:55 - INFO - __main__ -   	EPOCH:  45	MiniBatch:    3
02/26/2021 11:30:56 - INFO - __main__ -   	EPOCH:  45	MiniBatch:    4
02/26/2021 11:30:58 - INFO - __main__ -   	EPOCH:  45	MiniBatch:    5
02/26/2021 11:30:59 - INFO - __main__ -   	EPOCH:  45	MiniBatch:    6
02/26/2021 11:31:00 - INFO - __main__ -   	EPOCH:  45	MiniBatch:    7
02/26/2021 11:31:01 - INFO - __main__ -   	EPOCH:  45	MiniBatch:    8
02/26/2021 11:31:02 - INFO - __main__ -   	Testing dev Minibatch:    0
02/26/2021 11:31:02 - INFO - __main__ -   	Testing dev Minibatch:    1
02/26/2021 11:31:03 - INFO - __main__ -   	Testing dev Minibatch:    2
02/26/2021 11:31:03 - INFO - __main__ -   
Labels 	Prec. 	Recall	F1    	Supp  
Denial 	0.6276	0.7063	0.6646	303
Support	0.5686	0.6350	0.6000	274
Comment	0.5312	0.4113	0.4636	248
Queries	0.5333	0.2759	0.3636	29
MacroF1	0.5230
F1w_avg	0.5753
Acc    	58.3

02/26/2021 11:31:03 - INFO - __main__ -   	EPOCH:  46	MiniBatch:    0
02/26/2021 11:31:05 - INFO - __main__ -   	EPOCH:  46	MiniBatch:    1
02/26/2021 11:31:06 - INFO - __main__ -   	EPOCH:  46	MiniBatch:    2
02/26/2021 11:31:07 - INFO - __main__ -   	EPOCH:  46	MiniBatch:    3
02/26/2021 11:31:08 - INFO - __main__ -   	EPOCH:  46	MiniBatch:    4
02/26/2021 11:31:09 - INFO - __main__ -   	EPOCH:  46	MiniBatch:    5
02/26/2021 11:31:10 - INFO - __main__ -   	EPOCH:  46	MiniBatch:    6
02/26/2021 11:31:12 - INFO - __main__ -   	EPOCH:  46	MiniBatch:    7
02/26/2021 11:31:13 - INFO - __main__ -   	EPOCH:  46	MiniBatch:    8
02/26/2021 11:31:14 - INFO - __main__ -   	Testing dev Minibatch:    0
02/26/2021 11:31:14 - INFO - __main__ -   	Testing dev Minibatch:    1
02/26/2021 11:31:14 - INFO - __main__ -   	Testing dev Minibatch:    2
02/26/2021 11:31:15 - INFO - __main__ -   
Labels 	Prec. 	Recall	F1    	Supp  
Denial 	0.6047	0.7624	0.6745	303
Support	0.5776	0.5839	0.5808	274
Comment	0.5549	0.4073	0.4698	248
Queries	0.6154	0.2759	0.3810	29
MacroF1	0.5265
F1w_avg	0.5750
Acc    	58.5

02/26/2021 11:31:15 - INFO - __main__ -   	EPOCH:  47	MiniBatch:    0
02/26/2021 11:31:16 - INFO - __main__ -   	EPOCH:  47	MiniBatch:    1
02/26/2021 11:31:17 - INFO - __main__ -   	EPOCH:  47	MiniBatch:    2
02/26/2021 11:31:19 - INFO - __main__ -   	EPOCH:  47	MiniBatch:    3
02/26/2021 11:31:20 - INFO - __main__ -   	EPOCH:  47	MiniBatch:    4
02/26/2021 11:31:21 - INFO - __main__ -   	EPOCH:  47	MiniBatch:    5
02/26/2021 11:31:22 - INFO - __main__ -   	EPOCH:  47	MiniBatch:    6
02/26/2021 11:31:23 - INFO - __main__ -   	EPOCH:  47	MiniBatch:    7
02/26/2021 11:31:24 - INFO - __main__ -   	EPOCH:  47	MiniBatch:    8
02/26/2021 11:31:25 - INFO - __main__ -   	Testing dev Minibatch:    0
02/26/2021 11:31:26 - INFO - __main__ -   	Testing dev Minibatch:    1
02/26/2021 11:31:26 - INFO - __main__ -   	Testing dev Minibatch:    2
02/26/2021 11:31:26 - INFO - __main__ -   
Labels 	Prec. 	Recall	F1    	Supp  
Denial 	0.6796	0.6370	0.6576	303
Support	0.5177	0.6934	0.5928	274
Comment	0.5532	0.4194	0.4771	248
Queries	0.5333	0.2759	0.3636	29
MacroF1	0.5228
F1w_avg	0.5744
Acc    	58.0

02/26/2021 11:31:27 - INFO - __main__ -   	EPOCH:  48	MiniBatch:    0
02/26/2021 11:31:28 - INFO - __main__ -   	EPOCH:  48	MiniBatch:    1
02/26/2021 11:31:29 - INFO - __main__ -   	EPOCH:  48	MiniBatch:    2
02/26/2021 11:31:30 - INFO - __main__ -   	EPOCH:  48	MiniBatch:    3
02/26/2021 11:31:31 - INFO - __main__ -   	EPOCH:  48	MiniBatch:    4
02/26/2021 11:31:32 - INFO - __main__ -   	EPOCH:  48	MiniBatch:    5
02/26/2021 11:31:34 - INFO - __main__ -   	EPOCH:  48	MiniBatch:    6
02/26/2021 11:31:35 - INFO - __main__ -   	EPOCH:  48	MiniBatch:    7
02/26/2021 11:31:36 - INFO - __main__ -   	EPOCH:  48	MiniBatch:    8
02/26/2021 11:31:37 - INFO - __main__ -   	Testing dev Minibatch:    0
02/26/2021 11:31:37 - INFO - __main__ -   	Testing dev Minibatch:    1
02/26/2021 11:31:38 - INFO - __main__ -   	Testing dev Minibatch:    2
02/26/2021 11:31:38 - INFO - __main__ -   
Labels 	Prec. 	Recall	F1    	Supp  
Denial 	0.6623	0.6667	0.6645	303
Support	0.5151	0.6861	0.5884	274
Comment	0.5765	0.3952	0.4689	248
Queries	0.5714	0.2759	0.3721	29
MacroF1	0.5235
F1w_avg	0.5733
Acc    	58.1

02/26/2021 11:31:38 - INFO - __main__ -   	EPOCH:  49	MiniBatch:    0
02/26/2021 11:31:39 - INFO - __main__ -   	EPOCH:  49	MiniBatch:    1
02/26/2021 11:31:41 - INFO - __main__ -   	EPOCH:  49	MiniBatch:    2
02/26/2021 11:31:42 - INFO - __main__ -   	EPOCH:  49	MiniBatch:    3
02/26/2021 11:31:43 - INFO - __main__ -   	EPOCH:  49	MiniBatch:    4
02/26/2021 11:31:44 - INFO - __main__ -   	EPOCH:  49	MiniBatch:    5
02/26/2021 11:31:45 - INFO - __main__ -   	EPOCH:  49	MiniBatch:    6
02/26/2021 11:31:46 - INFO - __main__ -   	EPOCH:  49	MiniBatch:    7
02/26/2021 11:31:48 - INFO - __main__ -   	EPOCH:  49	MiniBatch:    8
02/26/2021 11:31:48 - INFO - __main__ -   	Testing dev Minibatch:    0
02/26/2021 11:31:49 - INFO - __main__ -   	Testing dev Minibatch:    1
02/26/2021 11:31:49 - INFO - __main__ -   	Testing dev Minibatch:    2
02/26/2021 11:31:50 - INFO - __main__ -   
Labels 	Prec. 	Recall	F1    	Supp  
Denial 	0.6448	0.7129	0.6771	303
Support	0.5649	0.5401	0.5522	274
Comment	0.5294	0.5081	0.5185	248
Queries	0.5263	0.3448	0.4167	29
MacroF1	0.5411
F1w_avg	0.5821
Acc    	58.5

02/26/2021 11:31:50 - INFO - __main__ -   	EPOCH:  50	MiniBatch:    0
02/26/2021 11:31:51 - INFO - __main__ -   	EPOCH:  50	MiniBatch:    1
02/26/2021 11:31:52 - INFO - __main__ -   	EPOCH:  50	MiniBatch:    2
02/26/2021 11:31:53 - INFO - __main__ -   	EPOCH:  50	MiniBatch:    3
02/26/2021 11:31:55 - INFO - __main__ -   	EPOCH:  50	MiniBatch:    4
02/26/2021 11:31:56 - INFO - __main__ -   	EPOCH:  50	MiniBatch:    5
02/26/2021 11:31:57 - INFO - __main__ -   	EPOCH:  50	MiniBatch:    6
02/26/2021 11:31:58 - INFO - __main__ -   	EPOCH:  50	MiniBatch:    7
02/26/2021 11:31:59 - INFO - __main__ -   	EPOCH:  50	MiniBatch:    8
02/26/2021 11:32:00 - INFO - __main__ -   	Testing dev Minibatch:    0
02/26/2021 11:32:01 - INFO - __main__ -   	Testing dev Minibatch:    1
02/26/2021 11:32:01 - INFO - __main__ -   	Testing dev Minibatch:    2
02/26/2021 11:32:01 - INFO - __main__ -   
Labels 	Prec. 	Recall	F1    	Supp  
Denial 	0.6386	0.6997	0.6677	303
Support	0.5427	0.6496	0.5914	274
Comment	0.5398	0.3831	0.4481	248
Queries	0.5556	0.3448	0.4255	29
MacroF1	0.5332
F1w_avg	0.5712
Acc    	58.0

02/26/2021 11:32:02 - INFO - __main__ -   	EPOCH:  51	MiniBatch:    0
02/26/2021 11:32:03 - INFO - __main__ -   	EPOCH:  51	MiniBatch:    1
02/26/2021 11:32:04 - INFO - __main__ -   	EPOCH:  51	MiniBatch:    2
02/26/2021 11:32:05 - INFO - __main__ -   	EPOCH:  51	MiniBatch:    3
02/26/2021 11:32:06 - INFO - __main__ -   	EPOCH:  51	MiniBatch:    4
02/26/2021 11:32:07 - INFO - __main__ -   	EPOCH:  51	MiniBatch:    5
02/26/2021 11:32:08 - INFO - __main__ -   	EPOCH:  51	MiniBatch:    6
02/26/2021 11:32:10 - INFO - __main__ -   	EPOCH:  51	MiniBatch:    7
02/26/2021 11:32:11 - INFO - __main__ -   	EPOCH:  51	MiniBatch:    8
02/26/2021 11:32:12 - INFO - __main__ -   	Testing dev Minibatch:    0
02/26/2021 11:32:12 - INFO - __main__ -   	Testing dev Minibatch:    1
02/26/2021 11:32:13 - INFO - __main__ -   	Testing dev Minibatch:    2
02/26/2021 11:32:13 - INFO - __main__ -   
Labels 	Prec. 	Recall	F1    	Supp  
Denial 	0.7240	0.5281	0.6107	303
Support	0.5268	0.5730	0.5490	274
Comment	0.4611	0.5968	0.5202	248
Queries	0.5714	0.2759	0.3721	29
MacroF1	0.5130
F1w_avg	0.5565
Acc    	55.4

02/26/2021 11:32:13 - INFO - __main__ -   	EPOCH:  52	MiniBatch:    0
02/26/2021 11:32:14 - INFO - __main__ -   	EPOCH:  52	MiniBatch:    1
02/26/2021 11:32:15 - INFO - __main__ -   	EPOCH:  52	MiniBatch:    2
02/26/2021 11:32:17 - INFO - __main__ -   	EPOCH:  52	MiniBatch:    3
02/26/2021 11:32:18 - INFO - __main__ -   	EPOCH:  52	MiniBatch:    4
02/26/2021 11:32:19 - INFO - __main__ -   	EPOCH:  52	MiniBatch:    5
02/26/2021 11:32:20 - INFO - __main__ -   	EPOCH:  52	MiniBatch:    6
02/26/2021 11:32:21 - INFO - __main__ -   	EPOCH:  52	MiniBatch:    7
02/26/2021 11:32:22 - INFO - __main__ -   	EPOCH:  52	MiniBatch:    8
02/26/2021 11:32:23 - INFO - __main__ -   	Testing dev Minibatch:    0
02/26/2021 11:32:24 - INFO - __main__ -   	Testing dev Minibatch:    1
02/26/2021 11:32:24 - INFO - __main__ -   	Testing dev Minibatch:    2
02/26/2021 11:32:25 - INFO - __main__ -   
Labels 	Prec. 	Recall	F1    	Supp  
Denial 	0.6596	0.6205	0.6395	303
Support	0.5232	0.7007	0.5991	274
Comment	0.5206	0.4073	0.4570	248
Queries	0.6250	0.1724	0.2703	29
MacroF1	0.4915
F1w_avg	0.5610
Acc    	56.9

02/26/2021 11:32:25 - INFO - __main__ -   	EPOCH:  53	MiniBatch:    0
02/26/2021 11:32:26 - INFO - __main__ -   	EPOCH:  53	MiniBatch:    1
02/26/2021 11:32:27 - INFO - __main__ -   	EPOCH:  53	MiniBatch:    2
02/26/2021 11:32:28 - INFO - __main__ -   	EPOCH:  53	MiniBatch:    3
02/26/2021 11:32:29 - INFO - __main__ -   	EPOCH:  53	MiniBatch:    4
02/26/2021 11:32:31 - INFO - __main__ -   	EPOCH:  53	MiniBatch:    5
02/26/2021 11:32:32 - INFO - __main__ -   	EPOCH:  53	MiniBatch:    6
02/26/2021 11:32:33 - INFO - __main__ -   	EPOCH:  53	MiniBatch:    7
02/26/2021 11:32:34 - INFO - __main__ -   	EPOCH:  53	MiniBatch:    8
02/26/2021 11:32:35 - INFO - __main__ -   	Testing dev Minibatch:    0
02/26/2021 11:32:35 - INFO - __main__ -   	Testing dev Minibatch:    1
02/26/2021 11:32:36 - INFO - __main__ -   	Testing dev Minibatch:    2
02/26/2021 11:32:36 - INFO - __main__ -   
Labels 	Prec. 	Recall	F1    	Supp  
Denial 	0.6771	0.6436	0.6599	303
Support	0.5385	0.6642	0.5948	274
Comment	0.5423	0.4395	0.4855	248
Queries	0.3333	0.3103	0.3214	29
MacroF1	0.5154
F1w_avg	0.5769
Acc    	58.0

02/26/2021 11:32:36 - INFO - __main__ -   	EPOCH:  54	MiniBatch:    0
02/26/2021 11:32:38 - INFO - __main__ -   	EPOCH:  54	MiniBatch:    1
02/26/2021 11:32:39 - INFO - __main__ -   	EPOCH:  54	MiniBatch:    2
02/26/2021 11:32:40 - INFO - __main__ -   	EPOCH:  54	MiniBatch:    3
02/26/2021 11:32:41 - INFO - __main__ -   	EPOCH:  54	MiniBatch:    4
02/26/2021 11:32:42 - INFO - __main__ -   	EPOCH:  54	MiniBatch:    5
02/26/2021 11:32:43 - INFO - __main__ -   	EPOCH:  54	MiniBatch:    6
02/26/2021 11:32:45 - INFO - __main__ -   	EPOCH:  54	MiniBatch:    7
02/26/2021 11:32:46 - INFO - __main__ -   	EPOCH:  54	MiniBatch:    8
02/26/2021 11:32:47 - INFO - __main__ -   	Testing dev Minibatch:    0
02/26/2021 11:32:47 - INFO - __main__ -   	Testing dev Minibatch:    1
02/26/2021 11:32:47 - INFO - __main__ -   	Testing dev Minibatch:    2
02/26/2021 11:32:48 - INFO - __main__ -   
Labels 	Prec. 	Recall	F1    	Supp  
Denial 	0.6458	0.6799	0.6624	303
Support	0.5414	0.6679	0.5980	274
Comment	0.5272	0.3911	0.4491	248
Queries	0.4615	0.2069	0.2857	29
MacroF1	0.4988
F1w_avg	0.5670
Acc    	57.6

02/26/2021 11:32:48 - INFO - __main__ -   	EPOCH:  55	MiniBatch:    0
02/26/2021 11:32:49 - INFO - __main__ -   	EPOCH:  55	MiniBatch:    1
02/26/2021 11:32:50 - INFO - __main__ -   	EPOCH:  55	MiniBatch:    2
02/26/2021 11:32:52 - INFO - __main__ -   	EPOCH:  55	MiniBatch:    3
02/26/2021 11:32:53 - INFO - __main__ -   	EPOCH:  55	MiniBatch:    4
02/26/2021 11:32:54 - INFO - __main__ -   	EPOCH:  55	MiniBatch:    5
02/26/2021 11:32:55 - INFO - __main__ -   	EPOCH:  55	MiniBatch:    6
02/26/2021 11:32:56 - INFO - __main__ -   	EPOCH:  55	MiniBatch:    7
02/26/2021 11:32:57 - INFO - __main__ -   	EPOCH:  55	MiniBatch:    8
02/26/2021 11:32:58 - INFO - __main__ -   	Testing dev Minibatch:    0
02/26/2021 11:32:59 - INFO - __main__ -   	Testing dev Minibatch:    1
02/26/2021 11:32:59 - INFO - __main__ -   	Testing dev Minibatch:    2
02/26/2021 11:32:59 - INFO - __main__ -   
Labels 	Prec. 	Recall	F1    	Supp  
Denial 	0.5897	0.6832	0.6330	303
Support	0.5413	0.5985	0.5685	274
Comment	0.5497	0.3790	0.4487	248
Queries	0.4138	0.4138	0.4138	29
MacroF1	0.5160
F1w_avg	0.5513
Acc    	55.9

02/26/2021 11:33:00 - INFO - __main__ -   	EPOCH:  56	MiniBatch:    0
02/26/2021 11:33:01 - INFO - __main__ -   	EPOCH:  56	MiniBatch:    1
02/26/2021 11:33:02 - INFO - __main__ -   	EPOCH:  56	MiniBatch:    2
02/26/2021 11:33:03 - INFO - __main__ -   	EPOCH:  56	MiniBatch:    3
02/26/2021 11:33:04 - INFO - __main__ -   	EPOCH:  56	MiniBatch:    4
02/26/2021 11:33:05 - INFO - __main__ -   	EPOCH:  56	MiniBatch:    5
02/26/2021 11:33:07 - INFO - __main__ -   	EPOCH:  56	MiniBatch:    6
02/26/2021 11:33:08 - INFO - __main__ -   	EPOCH:  56	MiniBatch:    7
02/26/2021 11:33:09 - INFO - __main__ -   	EPOCH:  56	MiniBatch:    8
02/26/2021 11:33:10 - INFO - __main__ -   	Testing dev Minibatch:    0
02/26/2021 11:33:10 - INFO - __main__ -   	Testing dev Minibatch:    1
02/26/2021 11:33:11 - INFO - __main__ -   	Testing dev Minibatch:    2
02/26/2021 11:33:11 - INFO - __main__ -   
Labels 	Prec. 	Recall	F1    	Supp  
Denial 	0.6347	0.6766	0.6550	303
Support	0.5585	0.5401	0.5492	274
Comment	0.5040	0.5040	0.5040	248
Queries	0.4444	0.2759	0.3404	29
MacroF1	0.5121
F1w_avg	0.5665
Acc    	56.9

02/26/2021 11:33:11 - INFO - __main__ -   	EPOCH:  57	MiniBatch:    0
02/26/2021 11:33:12 - INFO - __main__ -   	EPOCH:  57	MiniBatch:    1
02/26/2021 11:33:14 - INFO - __main__ -   	EPOCH:  57	MiniBatch:    2
02/26/2021 11:33:15 - INFO - __main__ -   	EPOCH:  57	MiniBatch:    3
02/26/2021 11:33:16 - INFO - __main__ -   	EPOCH:  57	MiniBatch:    4
02/26/2021 11:33:17 - INFO - __main__ -   	EPOCH:  57	MiniBatch:    5
02/26/2021 11:33:18 - INFO - __main__ -   	EPOCH:  57	MiniBatch:    6
02/26/2021 11:33:19 - INFO - __main__ -   	EPOCH:  57	MiniBatch:    7
02/26/2021 11:33:21 - INFO - __main__ -   	EPOCH:  57	MiniBatch:    8
02/26/2021 11:33:21 - INFO - __main__ -   	Testing dev Minibatch:    0
02/26/2021 11:33:22 - INFO - __main__ -   	Testing dev Minibatch:    1
02/26/2021 11:33:22 - INFO - __main__ -   	Testing dev Minibatch:    2
02/26/2021 11:33:23 - INFO - __main__ -   
Labels 	Prec. 	Recall	F1    	Supp  
Denial 	0.5685	0.7393	0.6428	303
Support	0.5387	0.6095	0.5719	274
Comment	0.5942	0.3306	0.4249	248
Queries	0.5000	0.2069	0.2927	29
MacroF1	0.4831
F1w_avg	0.5449
Acc    	56.1

02/26/2021 11:33:23 - INFO - __main__ -   	EPOCH:  58	MiniBatch:    0
02/26/2021 11:33:24 - INFO - __main__ -   	EPOCH:  58	MiniBatch:    1
02/26/2021 11:33:25 - INFO - __main__ -   	EPOCH:  58	MiniBatch:    2
02/26/2021 11:33:26 - INFO - __main__ -   	EPOCH:  58	MiniBatch:    3
02/26/2021 11:33:28 - INFO - __main__ -   	EPOCH:  58	MiniBatch:    4
02/26/2021 11:33:29 - INFO - __main__ -   	EPOCH:  58	MiniBatch:    5
02/26/2021 11:33:30 - INFO - __main__ -   	EPOCH:  58	MiniBatch:    6
02/26/2021 11:33:31 - INFO - __main__ -   	EPOCH:  58	MiniBatch:    7
02/26/2021 11:33:32 - INFO - __main__ -   	EPOCH:  58	MiniBatch:    8
02/26/2021 11:33:33 - INFO - __main__ -   	Testing dev Minibatch:    0
02/26/2021 11:33:33 - INFO - __main__ -   	Testing dev Minibatch:    1
02/26/2021 11:33:34 - INFO - __main__ -   	Testing dev Minibatch:    2
02/26/2021 11:33:34 - INFO - __main__ -   
Labels 	Prec. 	Recall	F1    	Supp  
Denial 	0.6632	0.6304	0.6464	303
Support	0.5147	0.6387	0.5700	274
Comment	0.5189	0.4435	0.4783	248
Queries	0.5000	0.2414	0.3256	29
MacroF1	0.5051
F1w_avg	0.5622
Acc    	56.6

02/26/2021 11:33:35 - INFO - __main__ -   	EPOCH:  59	MiniBatch:    0
02/26/2021 11:33:36 - INFO - __main__ -   	EPOCH:  59	MiniBatch:    1
02/26/2021 11:33:37 - INFO - __main__ -   	EPOCH:  59	MiniBatch:    2
02/26/2021 11:33:38 - INFO - __main__ -   	EPOCH:  59	MiniBatch:    3
02/26/2021 11:33:39 - INFO - __main__ -   	EPOCH:  59	MiniBatch:    4
02/26/2021 11:33:40 - INFO - __main__ -   	EPOCH:  59	MiniBatch:    5
02/26/2021 11:33:41 - INFO - __main__ -   	EPOCH:  59	MiniBatch:    6
02/26/2021 11:33:43 - INFO - __main__ -   	EPOCH:  59	MiniBatch:    7
02/26/2021 11:33:44 - INFO - __main__ -   	EPOCH:  59	MiniBatch:    8
02/26/2021 11:33:45 - INFO - __main__ -   	Testing dev Minibatch:    0
02/26/2021 11:33:45 - INFO - __main__ -   	Testing dev Minibatch:    1
02/26/2021 11:33:46 - INFO - __main__ -   	Testing dev Minibatch:    2
02/26/2021 11:33:46 - INFO - __main__ -   
Labels 	Prec. 	Recall	F1    	Supp  
Denial 	0.6288	0.6766	0.6518	303
Support	0.5455	0.5255	0.5353	274
Comment	0.4797	0.4758	0.4777	248
Queries	0.5000	0.3103	0.3830	29
MacroF1	0.5120
F1w_avg	0.5548
Acc    	55.7

02/26/2021 11:33:46 - INFO - __main__ -   	EPOCH:  60	MiniBatch:    0
02/26/2021 11:33:47 - INFO - __main__ -   	EPOCH:  60	MiniBatch:    1
02/26/2021 11:33:48 - INFO - __main__ -   	EPOCH:  60	MiniBatch:    2
02/26/2021 11:33:50 - INFO - __main__ -   	EPOCH:  60	MiniBatch:    3
02/26/2021 11:33:51 - INFO - __main__ -   	EPOCH:  60	MiniBatch:    4
02/26/2021 11:33:52 - INFO - __main__ -   	EPOCH:  60	MiniBatch:    5
02/26/2021 11:33:53 - INFO - __main__ -   	EPOCH:  60	MiniBatch:    6
02/26/2021 11:33:54 - INFO - __main__ -   	EPOCH:  60	MiniBatch:    7
02/26/2021 11:33:55 - INFO - __main__ -   	EPOCH:  60	MiniBatch:    8
02/26/2021 11:33:56 - INFO - __main__ -   	Testing dev Minibatch:    0
02/26/2021 11:33:57 - INFO - __main__ -   	Testing dev Minibatch:    1
02/26/2021 11:33:57 - INFO - __main__ -   	Testing dev Minibatch:    2
02/26/2021 11:33:58 - INFO - __main__ -   
Labels 	Prec. 	Recall	F1    	Supp  
Denial 	0.6656	0.6634	0.6645	303
Support	0.5225	0.6788	0.5905	274
Comment	0.5278	0.3831	0.4439	248
Queries	0.4375	0.2414	0.3111	29
MacroF1	0.5025
F1w_avg	0.5647
Acc    	57.3

02/26/2021 11:33:58 - INFO - __main__ -   	EPOCH:  61	MiniBatch:    0
02/26/2021 11:33:59 - INFO - __main__ -   	EPOCH:  61	MiniBatch:    1
02/26/2021 11:34:00 - INFO - __main__ -   	EPOCH:  61	MiniBatch:    2
02/26/2021 11:34:01 - INFO - __main__ -   	EPOCH:  61	MiniBatch:    3
02/26/2021 11:34:02 - INFO - __main__ -   	EPOCH:  61	MiniBatch:    4
02/26/2021 11:34:04 - INFO - __main__ -   	EPOCH:  61	MiniBatch:    5
02/26/2021 11:34:05 - INFO - __main__ -   	EPOCH:  61	MiniBatch:    6
02/26/2021 11:34:06 - INFO - __main__ -   	EPOCH:  61	MiniBatch:    7
02/26/2021 11:34:07 - INFO - __main__ -   	EPOCH:  61	MiniBatch:    8
02/26/2021 11:34:08 - INFO - __main__ -   	Testing dev Minibatch:    0
02/26/2021 11:34:08 - INFO - __main__ -   	Testing dev Minibatch:    1
02/26/2021 11:34:09 - INFO - __main__ -   	Testing dev Minibatch:    2
02/26/2021 11:34:09 - INFO - __main__ -   
Labels 	Prec. 	Recall	F1    	Supp  
Denial 	0.5944	0.7063	0.6456	303
Support	0.5054	0.6861	0.5820	274
Comment	0.6147	0.2702	0.3754	248
Queries	0.3846	0.1724	0.2381	29
MacroF1	0.4603
F1w_avg	0.5329
Acc    	55.5

02/26/2021 11:34:09 - INFO - __main__ -   	EPOCH:  62	MiniBatch:    0
02/26/2021 11:34:11 - INFO - __main__ -   	EPOCH:  62	MiniBatch:    1
02/26/2021 11:34:12 - INFO - __main__ -   	EPOCH:  62	MiniBatch:    2
02/26/2021 11:34:13 - INFO - __main__ -   	EPOCH:  62	MiniBatch:    3
02/26/2021 11:34:14 - INFO - __main__ -   	EPOCH:  62	MiniBatch:    4
02/26/2021 11:34:15 - INFO - __main__ -   	EPOCH:  62	MiniBatch:    5
02/26/2021 11:34:16 - INFO - __main__ -   	EPOCH:  62	MiniBatch:    6
02/26/2021 11:34:18 - INFO - __main__ -   	EPOCH:  62	MiniBatch:    7
02/26/2021 11:34:19 - INFO - __main__ -   	EPOCH:  62	MiniBatch:    8
02/26/2021 11:34:20 - INFO - __main__ -   	Testing dev Minibatch:    0
02/26/2021 11:34:20 - INFO - __main__ -   	Testing dev Minibatch:    1
02/26/2021 11:34:20 - INFO - __main__ -   	Testing dev Minibatch:    2
02/26/2021 11:34:21 - INFO - __main__ -   
Labels 	Prec. 	Recall	F1    	Supp  
Denial 	0.6894	0.6007	0.6420	303
Support	0.5018	0.5146	0.5081	274
Comment	0.4586	0.5363	0.4944	248
Queries	0.4211	0.2759	0.3333	29
MacroF1	0.4945
F1w_avg	0.5457
Acc    	54.3

02/26/2021 11:34:21 - INFO - __main__ -   	EPOCH:  63	MiniBatch:    0
02/26/2021 11:34:22 - INFO - __main__ -   	EPOCH:  63	MiniBatch:    1
02/26/2021 11:34:23 - INFO - __main__ -   	EPOCH:  63	MiniBatch:    2
02/26/2021 11:34:25 - INFO - __main__ -   	EPOCH:  63	MiniBatch:    3
02/26/2021 11:34:26 - INFO - __main__ -   	EPOCH:  63	MiniBatch:    4
02/26/2021 11:34:27 - INFO - __main__ -   	EPOCH:  63	MiniBatch:    5
02/26/2021 11:34:28 - INFO - __main__ -   	EPOCH:  63	MiniBatch:    6
02/26/2021 11:34:29 - INFO - __main__ -   	EPOCH:  63	MiniBatch:    7
02/26/2021 11:34:30 - INFO - __main__ -   	EPOCH:  63	MiniBatch:    8
02/26/2021 11:34:31 - INFO - __main__ -   	Testing dev Minibatch:    0
02/26/2021 11:34:32 - INFO - __main__ -   	Testing dev Minibatch:    1
02/26/2021 11:34:32 - INFO - __main__ -   	Testing dev Minibatch:    2
02/26/2021 11:34:33 - INFO - __main__ -   
Labels 	Prec. 	Recall	F1    	Supp  
Denial 	0.6163	0.6733	0.6435	303
Support	0.5263	0.6569	0.5844	274
Comment	0.5417	0.3669	0.4375	248
Queries	0.4615	0.2069	0.2857	29
MacroF1	0.4878
F1w_avg	0.5526
Acc    	56.3

02/26/2021 11:34:33 - INFO - __main__ -   No improvements in F1 for 20 epochs
02/26/2021 11:34:33 - INFO - __main__ -   	Testing test Minibatch:    0
02/26/2021 11:34:34 - INFO - __main__ -   	Testing test Minibatch:    1
02/26/2021 11:34:34 - INFO - __main__ -   	Testing test Minibatch:    2
02/26/2021 11:34:35 - INFO - __main__ -   
Labels 	Prec. 	Recall	F1    	Supp  
Denial 	0.5564	0.6928	0.6172	306
Support	0.5430	0.4211	0.4743	285
Comment	0.4286	0.3974	0.4124	234
Queries	0.3143	0.3793	0.3438	29
MacroF1	0.4619
F1w_avg	0.5041
Acc    	51.1

02/26/2021 11:34:35 - INFO - __main__ -   Time taken: 0h 12m 45s
