02/25/2021 13:38:10 - INFO - __main__ -   ----------------- Hyperparameters ------------------
02/25/2021 13:38:10 - INFO - __main__ -   ======== my_Bertweet =========
02/25/2021 13:38:10 - INFO - __main__ -   ===== Hyperparameters ======
02/25/2021 13:38:10 - INFO - __main__ -   ('batch_train', 100)
02/25/2021 13:38:10 - INFO - __main__ -   ('batch_test', 100)
02/25/2021 13:38:10 - INFO - __main__ -   ('epochs', 100)
02/25/2021 13:38:10 - INFO - __main__ -   ('learning_rate', 5e-06)
02/25/2021 13:38:10 - INFO - __main__ -   ('optimizer', 'adam')
02/25/2021 13:38:10 - INFO - __main__ -   ('do_train', True)
02/25/2021 13:38:10 - INFO - __main__ -   ('do_test', True)
02/25/2021 13:38:10 - INFO - __main__ -   ('model_name', 'my_Bertweet')
02/25/2021 13:38:10 - INFO - __main__ -   ('exp_name', 'exp42')
02/25/2021 13:38:10 - INFO - __main__ -   ('train_data', './data/train_set_128_bertweet.bin')
02/25/2021 13:38:10 - INFO - __main__ -   ('test_data', './data/test_set_128_bertweet.bin')
02/25/2021 13:38:10 - INFO - __main__ -   ('k_folds', 4)
02/25/2021 13:38:10 - INFO - __main__ -   ('folds2run', 1)
02/25/2021 13:38:10 - INFO - __main__ -   ('debug', False)
02/25/2021 13:38:10 - INFO - __main__ -   ('log_interval', 1)
02/25/2021 13:38:10 - INFO - __main__ -   ('loss_fn', 'ce_loss')
02/25/2021 13:38:10 - INFO - __main__ -   ('w_sample', True)
02/25/2021 13:38:10 - INFO - __main__ -   ('pretrain_model', '')
02/25/2021 13:38:10 - INFO - __main__ -   ('epochs2giveup', 20)
02/25/2021 13:38:10 - INFO - __main__ -   batch_train: 100
02/25/2021 13:38:10 - INFO - __main__ -   batch_test:  100
02/25/2021 13:38:10 - INFO - __main__ -   epochs: 100 
02/25/2021 13:38:10 - INFO - __main__ -   learning_rate: 0.000005
02/25/2021 13:38:10 - INFO - __main__ -   optimizer: adam
02/25/2021 13:38:10 - INFO - __main__ -   debug: False
02/25/2021 13:38:10 - INFO - __main__ -   ------------------ Getting model -------------------
02/25/2021 13:38:17 - INFO - __main__ -   --------------- Getting dataframes -----------------
02/25/2021 13:38:17 - INFO - __main__ -   ------- Setting loss function and optimizer --------
02/25/2021 13:38:17 - INFO - __main__ -   ------------ Converting to dataloaders -------------
02/25/2021 13:38:17 - INFO - __main__ -   956
02/25/2021 13:38:17 - INFO - __main__ -   816
02/25/2021 13:38:17 - INFO - __main__ -   706
02/25/2021 13:38:17 - INFO - __main__ -   85
02/25/2021 13:38:17 - INFO - __main__ -   ---------------- Starting training -----------------
02/25/2021 13:38:17 - INFO - __main__ -   	EPOCH:   0	MiniBatch:    0
02/25/2021 13:38:20 - INFO - __main__ -   	EPOCH:   0	MiniBatch:    1
02/25/2021 13:38:21 - INFO - __main__ -   	EPOCH:   0	MiniBatch:    2
02/25/2021 13:38:21 - INFO - __main__ -   	EPOCH:   0	MiniBatch:    3
02/25/2021 13:38:22 - INFO - __main__ -   	EPOCH:   0	MiniBatch:    4
02/25/2021 13:38:22 - INFO - __main__ -   	EPOCH:   0	MiniBatch:    5
02/25/2021 13:38:23 - INFO - __main__ -   	EPOCH:   0	MiniBatch:    6
02/25/2021 13:38:23 - INFO - __main__ -   	EPOCH:   0	MiniBatch:    7
02/25/2021 13:38:24 - INFO - __main__ -   	EPOCH:   0	MiniBatch:    8
02/25/2021 13:38:24 - INFO - __main__ -   	EPOCH:   0	MiniBatch:    9
02/25/2021 13:38:25 - INFO - __main__ -   	EPOCH:   0	MiniBatch:   10
02/25/2021 13:38:25 - INFO - __main__ -   	EPOCH:   0	MiniBatch:   11
02/25/2021 13:38:25 - INFO - __main__ -   	EPOCH:   0	MiniBatch:   12
02/25/2021 13:38:26 - INFO - __main__ -   	EPOCH:   0	MiniBatch:   13
02/25/2021 13:38:26 - INFO - __main__ -   	EPOCH:   0	MiniBatch:   14
02/25/2021 13:38:27 - INFO - __main__ -   	EPOCH:   0	MiniBatch:   15
02/25/2021 13:38:27 - INFO - __main__ -   	EPOCH:   0	MiniBatch:   16
02/25/2021 13:38:28 - INFO - __main__ -   	EPOCH:   0	MiniBatch:   17
02/25/2021 13:38:28 - INFO - __main__ -   	EPOCH:   0	MiniBatch:   18
02/25/2021 13:38:29 - INFO - __main__ -   	EPOCH:   0	MiniBatch:   19
02/25/2021 13:38:29 - INFO - __main__ -   	EPOCH:   0	MiniBatch:   20
02/25/2021 13:38:30 - INFO - __main__ -   	EPOCH:   0	MiniBatch:   21
02/25/2021 13:38:30 - INFO - __main__ -   	EPOCH:   0	MiniBatch:   22
02/25/2021 13:38:31 - INFO - __main__ -   	EPOCH:   0	MiniBatch:   23
02/25/2021 13:38:31 - INFO - __main__ -   	EPOCH:   0	MiniBatch:   24
02/25/2021 13:38:32 - INFO - __main__ -   	EPOCH:   0	MiniBatch:   25
02/25/2021 13:38:33 - INFO - __main__ -   	Testing dev Minibatch:    0
02/25/2021 13:38:33 - INFO - __main__ -   	Testing dev Minibatch:    1
02/25/2021 13:38:33 - INFO - __main__ -   	Testing dev Minibatch:    2
02/25/2021 13:38:33 - INFO - __main__ -   	Testing dev Minibatch:    3
02/25/2021 13:38:33 - INFO - __main__ -   	Testing dev Minibatch:    4
02/25/2021 13:38:33 - INFO - __main__ -   	Testing dev Minibatch:    5
02/25/2021 13:38:34 - INFO - __main__ -   	Testing dev Minibatch:    6
02/25/2021 13:38:34 - INFO - __main__ -   	Testing dev Minibatch:    7
02/25/2021 13:38:34 - INFO - __main__ -   	Testing dev Minibatch:    8
02/25/2021 13:38:34 - INFO - __main__ -   
Labels 	Prec. 	Recall	F1    	Supp  
Denial 	0.3237	0.2007	0.2478	279
Support	0.3846	0.7958	0.5186	289
Comment	0.0000	0.0000	0.0000	249
Queries	0.0361	0.0811	0.0500	37
MacroF1	0.2041
F1w_avg	0.2586
Acc    	33.8

02/25/2021 13:38:35 - INFO - __main__ -   	EPOCH:   1	MiniBatch:    0
02/25/2021 13:38:35 - INFO - __main__ -   	EPOCH:   1	MiniBatch:    1
02/25/2021 13:38:36 - INFO - __main__ -   	EPOCH:   1	MiniBatch:    2
02/25/2021 13:38:36 - INFO - __main__ -   	EPOCH:   1	MiniBatch:    3
02/25/2021 13:38:37 - INFO - __main__ -   	EPOCH:   1	MiniBatch:    4
02/25/2021 13:38:37 - INFO - __main__ -   	EPOCH:   1	MiniBatch:    5
02/25/2021 13:38:38 - INFO - __main__ -   	EPOCH:   1	MiniBatch:    6
02/25/2021 13:38:38 - INFO - __main__ -   	EPOCH:   1	MiniBatch:    7
02/25/2021 13:38:39 - INFO - __main__ -   	EPOCH:   1	MiniBatch:    8
02/25/2021 13:38:39 - INFO - __main__ -   	EPOCH:   1	MiniBatch:    9
02/25/2021 13:38:40 - INFO - __main__ -   	EPOCH:   1	MiniBatch:   10
02/25/2021 13:38:40 - INFO - __main__ -   	EPOCH:   1	MiniBatch:   11
02/25/2021 13:38:41 - INFO - __main__ -   	EPOCH:   1	MiniBatch:   12
02/25/2021 13:38:41 - INFO - __main__ -   	EPOCH:   1	MiniBatch:   13
02/25/2021 13:38:42 - INFO - __main__ -   	EPOCH:   1	MiniBatch:   14
02/25/2021 13:38:42 - INFO - __main__ -   	EPOCH:   1	MiniBatch:   15
02/25/2021 13:38:43 - INFO - __main__ -   	EPOCH:   1	MiniBatch:   16
02/25/2021 13:38:43 - INFO - __main__ -   	EPOCH:   1	MiniBatch:   17
02/25/2021 13:38:44 - INFO - __main__ -   	EPOCH:   1	MiniBatch:   18
02/25/2021 13:38:44 - INFO - __main__ -   	EPOCH:   1	MiniBatch:   19
02/25/2021 13:38:45 - INFO - __main__ -   	EPOCH:   1	MiniBatch:   20
02/25/2021 13:38:45 - INFO - __main__ -   	EPOCH:   1	MiniBatch:   21
02/25/2021 13:38:46 - INFO - __main__ -   	EPOCH:   1	MiniBatch:   22
02/25/2021 13:38:46 - INFO - __main__ -   	EPOCH:   1	MiniBatch:   23
02/25/2021 13:38:47 - INFO - __main__ -   	EPOCH:   1	MiniBatch:   24
02/25/2021 13:38:47 - INFO - __main__ -   	EPOCH:   1	MiniBatch:   25
02/25/2021 13:38:48 - INFO - __main__ -   	Testing dev Minibatch:    0
02/25/2021 13:38:48 - INFO - __main__ -   	Testing dev Minibatch:    1
02/25/2021 13:38:48 - INFO - __main__ -   	Testing dev Minibatch:    2
02/25/2021 13:38:48 - INFO - __main__ -   	Testing dev Minibatch:    3
02/25/2021 13:38:48 - INFO - __main__ -   	Testing dev Minibatch:    4
02/25/2021 13:38:49 - INFO - __main__ -   	Testing dev Minibatch:    5
02/25/2021 13:38:49 - INFO - __main__ -   	Testing dev Minibatch:    6
02/25/2021 13:38:49 - INFO - __main__ -   	Testing dev Minibatch:    7
02/25/2021 13:38:49 - INFO - __main__ -   	Testing dev Minibatch:    8
02/25/2021 13:38:49 - INFO - __main__ -   
Labels 	Prec. 	Recall	F1    	Supp  
Denial 	0.4516	0.0502	0.0903	279
Support	0.4279	0.6782	0.5248	289
Comment	0.4362	0.1647	0.2391	249
Queries	0.0590	0.4324	0.1039	37
MacroF1	0.2395
F1w_avg	0.2813
Acc    	31.3

02/25/2021 13:38:51 - INFO - __main__ -   	EPOCH:   2	MiniBatch:    0
02/25/2021 13:38:52 - INFO - __main__ -   	EPOCH:   2	MiniBatch:    1
02/25/2021 13:38:52 - INFO - __main__ -   	EPOCH:   2	MiniBatch:    2
02/25/2021 13:38:53 - INFO - __main__ -   	EPOCH:   2	MiniBatch:    3
02/25/2021 13:38:53 - INFO - __main__ -   	EPOCH:   2	MiniBatch:    4
02/25/2021 13:38:54 - INFO - __main__ -   	EPOCH:   2	MiniBatch:    5
02/25/2021 13:38:54 - INFO - __main__ -   	EPOCH:   2	MiniBatch:    6
02/25/2021 13:38:55 - INFO - __main__ -   	EPOCH:   2	MiniBatch:    7
02/25/2021 13:38:55 - INFO - __main__ -   	EPOCH:   2	MiniBatch:    8
02/25/2021 13:38:56 - INFO - __main__ -   	EPOCH:   2	MiniBatch:    9
02/25/2021 13:38:56 - INFO - __main__ -   	EPOCH:   2	MiniBatch:   10
02/25/2021 13:38:57 - INFO - __main__ -   	EPOCH:   2	MiniBatch:   11
02/25/2021 13:38:57 - INFO - __main__ -   	EPOCH:   2	MiniBatch:   12
02/25/2021 13:38:58 - INFO - __main__ -   	EPOCH:   2	MiniBatch:   13
02/25/2021 13:38:58 - INFO - __main__ -   	EPOCH:   2	MiniBatch:   14
02/25/2021 13:38:59 - INFO - __main__ -   	EPOCH:   2	MiniBatch:   15
02/25/2021 13:38:59 - INFO - __main__ -   	EPOCH:   2	MiniBatch:   16
02/25/2021 13:39:00 - INFO - __main__ -   	EPOCH:   2	MiniBatch:   17
02/25/2021 13:39:00 - INFO - __main__ -   	EPOCH:   2	MiniBatch:   18
02/25/2021 13:39:01 - INFO - __main__ -   	EPOCH:   2	MiniBatch:   19
02/25/2021 13:39:01 - INFO - __main__ -   	EPOCH:   2	MiniBatch:   20
02/25/2021 13:39:02 - INFO - __main__ -   	EPOCH:   2	MiniBatch:   21
02/25/2021 13:39:02 - INFO - __main__ -   	EPOCH:   2	MiniBatch:   22
02/25/2021 13:39:03 - INFO - __main__ -   	EPOCH:   2	MiniBatch:   23
02/25/2021 13:39:03 - INFO - __main__ -   	EPOCH:   2	MiniBatch:   24
02/25/2021 13:39:04 - INFO - __main__ -   	EPOCH:   2	MiniBatch:   25
02/25/2021 13:39:04 - INFO - __main__ -   	Testing dev Minibatch:    0
02/25/2021 13:39:04 - INFO - __main__ -   	Testing dev Minibatch:    1
02/25/2021 13:39:04 - INFO - __main__ -   	Testing dev Minibatch:    2
02/25/2021 13:39:05 - INFO - __main__ -   	Testing dev Minibatch:    3
02/25/2021 13:39:05 - INFO - __main__ -   	Testing dev Minibatch:    4
02/25/2021 13:39:05 - INFO - __main__ -   	Testing dev Minibatch:    5
02/25/2021 13:39:05 - INFO - __main__ -   	Testing dev Minibatch:    6
02/25/2021 13:39:05 - INFO - __main__ -   	Testing dev Minibatch:    7
02/25/2021 13:39:06 - INFO - __main__ -   	Testing dev Minibatch:    8
02/25/2021 13:39:06 - INFO - __main__ -   
Labels 	Prec. 	Recall	F1    	Supp  
Denial 	0.4093	0.3799	0.3941	279
Support	0.4829	0.5363	0.5082	289
Comment	0.9091	0.0402	0.0769	249
Queries	0.0722	0.5135	0.1267	37
MacroF1	0.2765
F1w_avg	0.3286
Acc    	34.0

02/25/2021 13:39:08 - INFO - __main__ -   	EPOCH:   3	MiniBatch:    0
02/25/2021 13:39:08 - INFO - __main__ -   	EPOCH:   3	MiniBatch:    1
02/25/2021 13:39:09 - INFO - __main__ -   	EPOCH:   3	MiniBatch:    2
02/25/2021 13:39:09 - INFO - __main__ -   	EPOCH:   3	MiniBatch:    3
02/25/2021 13:39:09 - INFO - __main__ -   	EPOCH:   3	MiniBatch:    4
02/25/2021 13:39:10 - INFO - __main__ -   	EPOCH:   3	MiniBatch:    5
02/25/2021 13:39:10 - INFO - __main__ -   	EPOCH:   3	MiniBatch:    6
02/25/2021 13:39:11 - INFO - __main__ -   	EPOCH:   3	MiniBatch:    7
02/25/2021 13:39:11 - INFO - __main__ -   	EPOCH:   3	MiniBatch:    8
02/25/2021 13:39:12 - INFO - __main__ -   	EPOCH:   3	MiniBatch:    9
02/25/2021 13:39:12 - INFO - __main__ -   	EPOCH:   3	MiniBatch:   10
02/25/2021 13:39:13 - INFO - __main__ -   	EPOCH:   3	MiniBatch:   11
02/25/2021 13:39:13 - INFO - __main__ -   	EPOCH:   3	MiniBatch:   12
02/25/2021 13:39:14 - INFO - __main__ -   	EPOCH:   3	MiniBatch:   13
02/25/2021 13:39:14 - INFO - __main__ -   	EPOCH:   3	MiniBatch:   14
02/25/2021 13:39:15 - INFO - __main__ -   	EPOCH:   3	MiniBatch:   15
02/25/2021 13:39:15 - INFO - __main__ -   	EPOCH:   3	MiniBatch:   16
02/25/2021 13:39:16 - INFO - __main__ -   	EPOCH:   3	MiniBatch:   17
02/25/2021 13:39:16 - INFO - __main__ -   	EPOCH:   3	MiniBatch:   18
02/25/2021 13:39:17 - INFO - __main__ -   	EPOCH:   3	MiniBatch:   19
02/25/2021 13:39:17 - INFO - __main__ -   	EPOCH:   3	MiniBatch:   20
02/25/2021 13:39:18 - INFO - __main__ -   	EPOCH:   3	MiniBatch:   21
02/25/2021 13:39:18 - INFO - __main__ -   	EPOCH:   3	MiniBatch:   22
02/25/2021 13:39:19 - INFO - __main__ -   	EPOCH:   3	MiniBatch:   23
02/25/2021 13:39:19 - INFO - __main__ -   	EPOCH:   3	MiniBatch:   24
02/25/2021 13:39:20 - INFO - __main__ -   	EPOCH:   3	MiniBatch:   25
02/25/2021 13:39:20 - INFO - __main__ -   	Testing dev Minibatch:    0
02/25/2021 13:39:21 - INFO - __main__ -   	Testing dev Minibatch:    1
02/25/2021 13:39:21 - INFO - __main__ -   	Testing dev Minibatch:    2
02/25/2021 13:39:21 - INFO - __main__ -   	Testing dev Minibatch:    3
02/25/2021 13:39:21 - INFO - __main__ -   	Testing dev Minibatch:    4
02/25/2021 13:39:21 - INFO - __main__ -   	Testing dev Minibatch:    5
02/25/2021 13:39:21 - INFO - __main__ -   	Testing dev Minibatch:    6
02/25/2021 13:39:22 - INFO - __main__ -   	Testing dev Minibatch:    7
02/25/2021 13:39:22 - INFO - __main__ -   	Testing dev Minibatch:    8
02/25/2021 13:39:22 - INFO - __main__ -   
Labels 	Prec. 	Recall	F1    	Supp  
Denial 	0.4737	0.1935	0.2748	279
Support	0.4619	0.7336	0.5668	289
Comment	0.4459	0.2651	0.3325	249
Queries	0.1053	0.3784	0.1647	37
MacroF1	0.3347
F1w_avg	0.3857
Acc    	40.5

02/25/2021 13:39:24 - INFO - __main__ -   	EPOCH:   4	MiniBatch:    0
02/25/2021 13:39:24 - INFO - __main__ -   	EPOCH:   4	MiniBatch:    1
02/25/2021 13:39:25 - INFO - __main__ -   	EPOCH:   4	MiniBatch:    2
02/25/2021 13:39:25 - INFO - __main__ -   	EPOCH:   4	MiniBatch:    3
02/25/2021 13:39:26 - INFO - __main__ -   	EPOCH:   4	MiniBatch:    4
02/25/2021 13:39:26 - INFO - __main__ -   	EPOCH:   4	MiniBatch:    5
02/25/2021 13:39:27 - INFO - __main__ -   	EPOCH:   4	MiniBatch:    6
02/25/2021 13:39:27 - INFO - __main__ -   	EPOCH:   4	MiniBatch:    7
02/25/2021 13:39:28 - INFO - __main__ -   	EPOCH:   4	MiniBatch:    8
02/25/2021 13:39:28 - INFO - __main__ -   	EPOCH:   4	MiniBatch:    9
02/25/2021 13:39:29 - INFO - __main__ -   	EPOCH:   4	MiniBatch:   10
02/25/2021 13:39:29 - INFO - __main__ -   	EPOCH:   4	MiniBatch:   11
02/25/2021 13:39:30 - INFO - __main__ -   	EPOCH:   4	MiniBatch:   12
02/25/2021 13:39:30 - INFO - __main__ -   	EPOCH:   4	MiniBatch:   13
02/25/2021 13:39:31 - INFO - __main__ -   	EPOCH:   4	MiniBatch:   14
02/25/2021 13:39:31 - INFO - __main__ -   	EPOCH:   4	MiniBatch:   15
02/25/2021 13:39:32 - INFO - __main__ -   	EPOCH:   4	MiniBatch:   16
02/25/2021 13:39:32 - INFO - __main__ -   	EPOCH:   4	MiniBatch:   17
02/25/2021 13:39:33 - INFO - __main__ -   	EPOCH:   4	MiniBatch:   18
02/25/2021 13:39:33 - INFO - __main__ -   	EPOCH:   4	MiniBatch:   19
02/25/2021 13:39:34 - INFO - __main__ -   	EPOCH:   4	MiniBatch:   20
02/25/2021 13:39:34 - INFO - __main__ -   	EPOCH:   4	MiniBatch:   21
02/25/2021 13:39:35 - INFO - __main__ -   	EPOCH:   4	MiniBatch:   22
02/25/2021 13:39:35 - INFO - __main__ -   	EPOCH:   4	MiniBatch:   23
02/25/2021 13:39:36 - INFO - __main__ -   	EPOCH:   4	MiniBatch:   24
02/25/2021 13:39:36 - INFO - __main__ -   	EPOCH:   4	MiniBatch:   25
02/25/2021 13:39:37 - INFO - __main__ -   	Testing dev Minibatch:    0
02/25/2021 13:39:37 - INFO - __main__ -   	Testing dev Minibatch:    1
02/25/2021 13:39:37 - INFO - __main__ -   	Testing dev Minibatch:    2
02/25/2021 13:39:37 - INFO - __main__ -   	Testing dev Minibatch:    3
02/25/2021 13:39:38 - INFO - __main__ -   	Testing dev Minibatch:    4
02/25/2021 13:39:38 - INFO - __main__ -   	Testing dev Minibatch:    5
02/25/2021 13:39:38 - INFO - __main__ -   	Testing dev Minibatch:    6
02/25/2021 13:39:38 - INFO - __main__ -   	Testing dev Minibatch:    7
02/25/2021 13:39:38 - INFO - __main__ -   	Testing dev Minibatch:    8
02/25/2021 13:39:38 - INFO - __main__ -   
Labels 	Prec. 	Recall	F1    	Supp  
Denial 	0.4586	0.2186	0.2961	279
Support	0.4462	0.7751	0.5664	289
Comment	0.4658	0.1365	0.2112	249
Queries	0.1233	0.4865	0.1967	37
MacroF1	0.3176
F1w_avg	0.3585
Acc    	39.5

02/25/2021 13:39:39 - INFO - __main__ -   	EPOCH:   5	MiniBatch:    0
02/25/2021 13:39:39 - INFO - __main__ -   	EPOCH:   5	MiniBatch:    1
02/25/2021 13:39:40 - INFO - __main__ -   	EPOCH:   5	MiniBatch:    2
02/25/2021 13:39:40 - INFO - __main__ -   	EPOCH:   5	MiniBatch:    3
02/25/2021 13:39:41 - INFO - __main__ -   	EPOCH:   5	MiniBatch:    4
02/25/2021 13:39:41 - INFO - __main__ -   	EPOCH:   5	MiniBatch:    5
02/25/2021 13:39:42 - INFO - __main__ -   	EPOCH:   5	MiniBatch:    6
02/25/2021 13:39:42 - INFO - __main__ -   	EPOCH:   5	MiniBatch:    7
02/25/2021 13:39:43 - INFO - __main__ -   	EPOCH:   5	MiniBatch:    8
02/25/2021 13:39:43 - INFO - __main__ -   	EPOCH:   5	MiniBatch:    9
02/25/2021 13:39:44 - INFO - __main__ -   	EPOCH:   5	MiniBatch:   10
02/25/2021 13:39:44 - INFO - __main__ -   	EPOCH:   5	MiniBatch:   11
02/25/2021 13:39:45 - INFO - __main__ -   	EPOCH:   5	MiniBatch:   12
02/25/2021 13:39:45 - INFO - __main__ -   	EPOCH:   5	MiniBatch:   13
02/25/2021 13:39:46 - INFO - __main__ -   	EPOCH:   5	MiniBatch:   14
02/25/2021 13:39:46 - INFO - __main__ -   	EPOCH:   5	MiniBatch:   15
02/25/2021 13:39:46 - INFO - __main__ -   	EPOCH:   5	MiniBatch:   16
02/25/2021 13:39:47 - INFO - __main__ -   	EPOCH:   5	MiniBatch:   17
02/25/2021 13:39:47 - INFO - __main__ -   	EPOCH:   5	MiniBatch:   18
02/25/2021 13:39:48 - INFO - __main__ -   	EPOCH:   5	MiniBatch:   19
02/25/2021 13:39:48 - INFO - __main__ -   	EPOCH:   5	MiniBatch:   20
02/25/2021 13:39:49 - INFO - __main__ -   	EPOCH:   5	MiniBatch:   21
02/25/2021 13:39:49 - INFO - __main__ -   	EPOCH:   5	MiniBatch:   22
02/25/2021 13:39:50 - INFO - __main__ -   	EPOCH:   5	MiniBatch:   23
02/25/2021 13:39:50 - INFO - __main__ -   	EPOCH:   5	MiniBatch:   24
02/25/2021 13:39:51 - INFO - __main__ -   	EPOCH:   5	MiniBatch:   25
02/25/2021 13:39:51 - INFO - __main__ -   	Testing dev Minibatch:    0
02/25/2021 13:39:52 - INFO - __main__ -   	Testing dev Minibatch:    1
02/25/2021 13:39:52 - INFO - __main__ -   	Testing dev Minibatch:    2
02/25/2021 13:39:52 - INFO - __main__ -   	Testing dev Minibatch:    3
02/25/2021 13:39:52 - INFO - __main__ -   	Testing dev Minibatch:    4
02/25/2021 13:39:52 - INFO - __main__ -   	Testing dev Minibatch:    5
02/25/2021 13:39:53 - INFO - __main__ -   	Testing dev Minibatch:    6
02/25/2021 13:39:53 - INFO - __main__ -   	Testing dev Minibatch:    7
02/25/2021 13:39:53 - INFO - __main__ -   	Testing dev Minibatch:    8
02/25/2021 13:39:53 - INFO - __main__ -   
Labels 	Prec. 	Recall	F1    	Supp  
Denial 	0.4846	0.5627	0.5207	279
Support	0.4883	0.6471	0.5565	289
Comment	0.5349	0.1847	0.2746	249
Queries	0.2459	0.4054	0.3061	37
MacroF1	0.4145
F1w_avg	0.4518
Acc    	47.4

02/25/2021 13:39:55 - INFO - __main__ -   	EPOCH:   6	MiniBatch:    0
02/25/2021 13:39:55 - INFO - __main__ -   	EPOCH:   6	MiniBatch:    1
02/25/2021 13:39:56 - INFO - __main__ -   	EPOCH:   6	MiniBatch:    2
02/25/2021 13:39:56 - INFO - __main__ -   	EPOCH:   6	MiniBatch:    3
02/25/2021 13:39:57 - INFO - __main__ -   	EPOCH:   6	MiniBatch:    4
02/25/2021 13:39:57 - INFO - __main__ -   	EPOCH:   6	MiniBatch:    5
02/25/2021 13:39:58 - INFO - __main__ -   	EPOCH:   6	MiniBatch:    6
02/25/2021 13:39:58 - INFO - __main__ -   	EPOCH:   6	MiniBatch:    7
02/25/2021 13:39:59 - INFO - __main__ -   	EPOCH:   6	MiniBatch:    8
02/25/2021 13:39:59 - INFO - __main__ -   	EPOCH:   6	MiniBatch:    9
02/25/2021 13:40:00 - INFO - __main__ -   	EPOCH:   6	MiniBatch:   10
02/25/2021 13:40:00 - INFO - __main__ -   	EPOCH:   6	MiniBatch:   11
02/25/2021 13:40:01 - INFO - __main__ -   	EPOCH:   6	MiniBatch:   12
02/25/2021 13:40:01 - INFO - __main__ -   	EPOCH:   6	MiniBatch:   13
02/25/2021 13:40:02 - INFO - __main__ -   	EPOCH:   6	MiniBatch:   14
02/25/2021 13:40:02 - INFO - __main__ -   	EPOCH:   6	MiniBatch:   15
02/25/2021 13:40:03 - INFO - __main__ -   	EPOCH:   6	MiniBatch:   16
02/25/2021 13:40:03 - INFO - __main__ -   	EPOCH:   6	MiniBatch:   17
02/25/2021 13:40:04 - INFO - __main__ -   	EPOCH:   6	MiniBatch:   18
02/25/2021 13:40:04 - INFO - __main__ -   	EPOCH:   6	MiniBatch:   19
02/25/2021 13:40:05 - INFO - __main__ -   	EPOCH:   6	MiniBatch:   20
02/25/2021 13:40:05 - INFO - __main__ -   	EPOCH:   6	MiniBatch:   21
02/25/2021 13:40:06 - INFO - __main__ -   	EPOCH:   6	MiniBatch:   22
02/25/2021 13:40:06 - INFO - __main__ -   	EPOCH:   6	MiniBatch:   23
02/25/2021 13:40:07 - INFO - __main__ -   	EPOCH:   6	MiniBatch:   24
02/25/2021 13:40:07 - INFO - __main__ -   	EPOCH:   6	MiniBatch:   25
02/25/2021 13:40:08 - INFO - __main__ -   	Testing dev Minibatch:    0
02/25/2021 13:40:08 - INFO - __main__ -   	Testing dev Minibatch:    1
02/25/2021 13:40:08 - INFO - __main__ -   	Testing dev Minibatch:    2
02/25/2021 13:40:08 - INFO - __main__ -   	Testing dev Minibatch:    3
02/25/2021 13:40:09 - INFO - __main__ -   	Testing dev Minibatch:    4
02/25/2021 13:40:09 - INFO - __main__ -   	Testing dev Minibatch:    5
02/25/2021 13:40:09 - INFO - __main__ -   	Testing dev Minibatch:    6
02/25/2021 13:40:09 - INFO - __main__ -   	Testing dev Minibatch:    7
02/25/2021 13:40:09 - INFO - __main__ -   	Testing dev Minibatch:    8
02/25/2021 13:40:10 - INFO - __main__ -   
Labels 	Prec. 	Recall	F1    	Supp  
Denial 	0.5644	0.3297	0.4163	279
Support	0.4784	0.6886	0.5645	289
Comment	0.4459	0.4137	0.4292	249
Queries	0.2955	0.3514	0.3210	37
MacroF1	0.4327
F1w_avg	0.4661
Acc    	47.7

02/25/2021 13:40:11 - INFO - __main__ -   	EPOCH:   7	MiniBatch:    0
02/25/2021 13:40:12 - INFO - __main__ -   	EPOCH:   7	MiniBatch:    1
02/25/2021 13:40:12 - INFO - __main__ -   	EPOCH:   7	MiniBatch:    2
02/25/2021 13:40:13 - INFO - __main__ -   	EPOCH:   7	MiniBatch:    3
02/25/2021 13:40:13 - INFO - __main__ -   	EPOCH:   7	MiniBatch:    4
02/25/2021 13:40:14 - INFO - __main__ -   	EPOCH:   7	MiniBatch:    5
02/25/2021 13:40:14 - INFO - __main__ -   	EPOCH:   7	MiniBatch:    6
02/25/2021 13:40:15 - INFO - __main__ -   	EPOCH:   7	MiniBatch:    7
02/25/2021 13:40:15 - INFO - __main__ -   	EPOCH:   7	MiniBatch:    8
02/25/2021 13:40:16 - INFO - __main__ -   	EPOCH:   7	MiniBatch:    9
02/25/2021 13:40:16 - INFO - __main__ -   	EPOCH:   7	MiniBatch:   10
02/25/2021 13:40:17 - INFO - __main__ -   	EPOCH:   7	MiniBatch:   11
02/25/2021 13:40:17 - INFO - __main__ -   	EPOCH:   7	MiniBatch:   12
02/25/2021 13:40:18 - INFO - __main__ -   	EPOCH:   7	MiniBatch:   13
02/25/2021 13:40:18 - INFO - __main__ -   	EPOCH:   7	MiniBatch:   14
02/25/2021 13:40:19 - INFO - __main__ -   	EPOCH:   7	MiniBatch:   15
02/25/2021 13:40:19 - INFO - __main__ -   	EPOCH:   7	MiniBatch:   16
02/25/2021 13:40:20 - INFO - __main__ -   	EPOCH:   7	MiniBatch:   17
02/25/2021 13:40:20 - INFO - __main__ -   	EPOCH:   7	MiniBatch:   18
02/25/2021 13:40:21 - INFO - __main__ -   	EPOCH:   7	MiniBatch:   19
02/25/2021 13:40:21 - INFO - __main__ -   	EPOCH:   7	MiniBatch:   20
02/25/2021 13:40:22 - INFO - __main__ -   	EPOCH:   7	MiniBatch:   21
02/25/2021 13:40:22 - INFO - __main__ -   	EPOCH:   7	MiniBatch:   22
02/25/2021 13:40:23 - INFO - __main__ -   	EPOCH:   7	MiniBatch:   23
02/25/2021 13:40:23 - INFO - __main__ -   	EPOCH:   7	MiniBatch:   24
02/25/2021 13:40:24 - INFO - __main__ -   	EPOCH:   7	MiniBatch:   25
02/25/2021 13:40:24 - INFO - __main__ -   	Testing dev Minibatch:    0
02/25/2021 13:40:24 - INFO - __main__ -   	Testing dev Minibatch:    1
02/25/2021 13:40:25 - INFO - __main__ -   	Testing dev Minibatch:    2
02/25/2021 13:40:25 - INFO - __main__ -   	Testing dev Minibatch:    3
02/25/2021 13:40:25 - INFO - __main__ -   	Testing dev Minibatch:    4
02/25/2021 13:40:25 - INFO - __main__ -   	Testing dev Minibatch:    5
02/25/2021 13:40:25 - INFO - __main__ -   	Testing dev Minibatch:    6
02/25/2021 13:40:25 - INFO - __main__ -   	Testing dev Minibatch:    7
02/25/2021 13:40:26 - INFO - __main__ -   	Testing dev Minibatch:    8
02/25/2021 13:40:26 - INFO - __main__ -   
Labels 	Prec. 	Recall	F1    	Supp  
Denial 	0.4868	0.6631	0.5615	279
Support	0.6071	0.4118	0.4907	289
Comment	0.4741	0.4418	0.4574	249
Queries	0.2826	0.3514	0.3133	37
MacroF1	0.4557
F1w_avg	0.4964
Acc    	50.0

02/25/2021 13:40:28 - INFO - __main__ -   	EPOCH:   8	MiniBatch:    0
02/25/2021 13:40:28 - INFO - __main__ -   	EPOCH:   8	MiniBatch:    1
02/25/2021 13:40:29 - INFO - __main__ -   	EPOCH:   8	MiniBatch:    2
02/25/2021 13:40:29 - INFO - __main__ -   	EPOCH:   8	MiniBatch:    3
02/25/2021 13:40:30 - INFO - __main__ -   	EPOCH:   8	MiniBatch:    4
02/25/2021 13:40:30 - INFO - __main__ -   	EPOCH:   8	MiniBatch:    5
02/25/2021 13:40:31 - INFO - __main__ -   	EPOCH:   8	MiniBatch:    6
02/25/2021 13:40:31 - INFO - __main__ -   	EPOCH:   8	MiniBatch:    7
02/25/2021 13:40:32 - INFO - __main__ -   	EPOCH:   8	MiniBatch:    8
02/25/2021 13:40:32 - INFO - __main__ -   	EPOCH:   8	MiniBatch:    9
02/25/2021 13:40:33 - INFO - __main__ -   	EPOCH:   8	MiniBatch:   10
02/25/2021 13:40:33 - INFO - __main__ -   	EPOCH:   8	MiniBatch:   11
02/25/2021 13:40:34 - INFO - __main__ -   	EPOCH:   8	MiniBatch:   12
02/25/2021 13:40:34 - INFO - __main__ -   	EPOCH:   8	MiniBatch:   13
02/25/2021 13:40:35 - INFO - __main__ -   	EPOCH:   8	MiniBatch:   14
02/25/2021 13:40:35 - INFO - __main__ -   	EPOCH:   8	MiniBatch:   15
02/25/2021 13:40:36 - INFO - __main__ -   	EPOCH:   8	MiniBatch:   16
02/25/2021 13:40:36 - INFO - __main__ -   	EPOCH:   8	MiniBatch:   17
02/25/2021 13:40:37 - INFO - __main__ -   	EPOCH:   8	MiniBatch:   18
02/25/2021 13:40:37 - INFO - __main__ -   	EPOCH:   8	MiniBatch:   19
02/25/2021 13:40:38 - INFO - __main__ -   	EPOCH:   8	MiniBatch:   20
02/25/2021 13:40:38 - INFO - __main__ -   	EPOCH:   8	MiniBatch:   21
02/25/2021 13:40:39 - INFO - __main__ -   	EPOCH:   8	MiniBatch:   22
02/25/2021 13:40:39 - INFO - __main__ -   	EPOCH:   8	MiniBatch:   23
02/25/2021 13:40:40 - INFO - __main__ -   	EPOCH:   8	MiniBatch:   24
02/25/2021 13:40:40 - INFO - __main__ -   	EPOCH:   8	MiniBatch:   25
02/25/2021 13:40:41 - INFO - __main__ -   	Testing dev Minibatch:    0
02/25/2021 13:40:41 - INFO - __main__ -   	Testing dev Minibatch:    1
02/25/2021 13:40:41 - INFO - __main__ -   	Testing dev Minibatch:    2
02/25/2021 13:40:41 - INFO - __main__ -   	Testing dev Minibatch:    3
02/25/2021 13:40:41 - INFO - __main__ -   	Testing dev Minibatch:    4
02/25/2021 13:40:42 - INFO - __main__ -   	Testing dev Minibatch:    5
02/25/2021 13:40:42 - INFO - __main__ -   	Testing dev Minibatch:    6
02/25/2021 13:40:42 - INFO - __main__ -   	Testing dev Minibatch:    7
02/25/2021 13:40:42 - INFO - __main__ -   	Testing dev Minibatch:    8
02/25/2021 13:40:42 - INFO - __main__ -   
Labels 	Prec. 	Recall	F1    	Supp  
Denial 	0.5251	0.6738	0.5903	279
Support	0.6000	0.5087	0.5506	289
Comment	0.5238	0.4418	0.4793	249
Queries	0.2927	0.3243	0.3077	37
MacroF1	0.4820
F1w_avg	0.5322
Acc    	53.5

02/25/2021 13:40:44 - INFO - __main__ -   	EPOCH:   9	MiniBatch:    0
02/25/2021 13:40:45 - INFO - __main__ -   	EPOCH:   9	MiniBatch:    1
02/25/2021 13:40:45 - INFO - __main__ -   	EPOCH:   9	MiniBatch:    2
02/25/2021 13:40:46 - INFO - __main__ -   	EPOCH:   9	MiniBatch:    3
02/25/2021 13:40:46 - INFO - __main__ -   	EPOCH:   9	MiniBatch:    4
02/25/2021 13:40:47 - INFO - __main__ -   	EPOCH:   9	MiniBatch:    5
02/25/2021 13:40:47 - INFO - __main__ -   	EPOCH:   9	MiniBatch:    6
02/25/2021 13:40:48 - INFO - __main__ -   	EPOCH:   9	MiniBatch:    7
02/25/2021 13:40:48 - INFO - __main__ -   	EPOCH:   9	MiniBatch:    8
02/25/2021 13:40:49 - INFO - __main__ -   	EPOCH:   9	MiniBatch:    9
02/25/2021 13:40:49 - INFO - __main__ -   	EPOCH:   9	MiniBatch:   10
02/25/2021 13:40:50 - INFO - __main__ -   	EPOCH:   9	MiniBatch:   11
02/25/2021 13:40:50 - INFO - __main__ -   	EPOCH:   9	MiniBatch:   12
02/25/2021 13:40:51 - INFO - __main__ -   	EPOCH:   9	MiniBatch:   13
02/25/2021 13:40:51 - INFO - __main__ -   	EPOCH:   9	MiniBatch:   14
02/25/2021 13:40:51 - INFO - __main__ -   	EPOCH:   9	MiniBatch:   15
02/25/2021 13:40:52 - INFO - __main__ -   	EPOCH:   9	MiniBatch:   16
02/25/2021 13:40:52 - INFO - __main__ -   	EPOCH:   9	MiniBatch:   17
02/25/2021 13:40:53 - INFO - __main__ -   	EPOCH:   9	MiniBatch:   18
02/25/2021 13:40:53 - INFO - __main__ -   	EPOCH:   9	MiniBatch:   19
02/25/2021 13:40:54 - INFO - __main__ -   	EPOCH:   9	MiniBatch:   20
02/25/2021 13:40:54 - INFO - __main__ -   	EPOCH:   9	MiniBatch:   21
02/25/2021 13:40:55 - INFO - __main__ -   	EPOCH:   9	MiniBatch:   22
02/25/2021 13:40:55 - INFO - __main__ -   	EPOCH:   9	MiniBatch:   23
02/25/2021 13:40:56 - INFO - __main__ -   	EPOCH:   9	MiniBatch:   24
02/25/2021 13:40:56 - INFO - __main__ -   	EPOCH:   9	MiniBatch:   25
02/25/2021 13:40:57 - INFO - __main__ -   	Testing dev Minibatch:    0
02/25/2021 13:40:57 - INFO - __main__ -   	Testing dev Minibatch:    1
02/25/2021 13:40:57 - INFO - __main__ -   	Testing dev Minibatch:    2
02/25/2021 13:40:58 - INFO - __main__ -   	Testing dev Minibatch:    3
02/25/2021 13:40:58 - INFO - __main__ -   	Testing dev Minibatch:    4
02/25/2021 13:40:58 - INFO - __main__ -   	Testing dev Minibatch:    5
02/25/2021 13:40:58 - INFO - __main__ -   	Testing dev Minibatch:    6
02/25/2021 13:40:58 - INFO - __main__ -   	Testing dev Minibatch:    7
02/25/2021 13:40:58 - INFO - __main__ -   	Testing dev Minibatch:    8
02/25/2021 13:40:59 - INFO - __main__ -   
Labels 	Prec. 	Recall	F1    	Supp  
Denial 	0.5058	0.7778	0.6130	279
Support	0.5857	0.5087	0.5444	289
Comment	0.5957	0.3373	0.4308	249
Queries	0.2727	0.2432	0.2571	37
MacroF1	0.4613
F1w_avg	0.5212
Acc    	53.5

02/25/2021 13:40:59 - INFO - __main__ -   	EPOCH:  10	MiniBatch:    0
02/25/2021 13:40:59 - INFO - __main__ -   	EPOCH:  10	MiniBatch:    1
02/25/2021 13:41:00 - INFO - __main__ -   	EPOCH:  10	MiniBatch:    2
02/25/2021 13:41:00 - INFO - __main__ -   	EPOCH:  10	MiniBatch:    3
02/25/2021 13:41:01 - INFO - __main__ -   	EPOCH:  10	MiniBatch:    4
02/25/2021 13:41:01 - INFO - __main__ -   	EPOCH:  10	MiniBatch:    5
02/25/2021 13:41:02 - INFO - __main__ -   	EPOCH:  10	MiniBatch:    6
02/25/2021 13:41:02 - INFO - __main__ -   	EPOCH:  10	MiniBatch:    7
02/25/2021 13:41:03 - INFO - __main__ -   	EPOCH:  10	MiniBatch:    8
02/25/2021 13:41:03 - INFO - __main__ -   	EPOCH:  10	MiniBatch:    9
02/25/2021 13:41:04 - INFO - __main__ -   	EPOCH:  10	MiniBatch:   10
02/25/2021 13:41:04 - INFO - __main__ -   	EPOCH:  10	MiniBatch:   11
02/25/2021 13:41:05 - INFO - __main__ -   	EPOCH:  10	MiniBatch:   12
02/25/2021 13:41:05 - INFO - __main__ -   	EPOCH:  10	MiniBatch:   13
02/25/2021 13:41:06 - INFO - __main__ -   	EPOCH:  10	MiniBatch:   14
02/25/2021 13:41:06 - INFO - __main__ -   	EPOCH:  10	MiniBatch:   15
02/25/2021 13:41:07 - INFO - __main__ -   	EPOCH:  10	MiniBatch:   16
02/25/2021 13:41:07 - INFO - __main__ -   	EPOCH:  10	MiniBatch:   17
02/25/2021 13:41:08 - INFO - __main__ -   	EPOCH:  10	MiniBatch:   18
02/25/2021 13:41:08 - INFO - __main__ -   	EPOCH:  10	MiniBatch:   19
02/25/2021 13:41:09 - INFO - __main__ -   	EPOCH:  10	MiniBatch:   20
02/25/2021 13:41:09 - INFO - __main__ -   	EPOCH:  10	MiniBatch:   21
02/25/2021 13:41:10 - INFO - __main__ -   	EPOCH:  10	MiniBatch:   22
02/25/2021 13:41:10 - INFO - __main__ -   	EPOCH:  10	MiniBatch:   23
02/25/2021 13:41:11 - INFO - __main__ -   	EPOCH:  10	MiniBatch:   24
02/25/2021 13:41:11 - INFO - __main__ -   	EPOCH:  10	MiniBatch:   25
02/25/2021 13:41:12 - INFO - __main__ -   	Testing dev Minibatch:    0
02/25/2021 13:41:12 - INFO - __main__ -   	Testing dev Minibatch:    1
02/25/2021 13:41:12 - INFO - __main__ -   	Testing dev Minibatch:    2
02/25/2021 13:41:12 - INFO - __main__ -   	Testing dev Minibatch:    3
02/25/2021 13:41:13 - INFO - __main__ -   	Testing dev Minibatch:    4
02/25/2021 13:41:13 - INFO - __main__ -   	Testing dev Minibatch:    5
02/25/2021 13:41:13 - INFO - __main__ -   	Testing dev Minibatch:    6
02/25/2021 13:41:13 - INFO - __main__ -   	Testing dev Minibatch:    7
02/25/2021 13:41:13 - INFO - __main__ -   	Testing dev Minibatch:    8
02/25/2021 13:41:13 - INFO - __main__ -   
Labels 	Prec. 	Recall	F1    	Supp  
Denial 	0.5573	0.7670	0.6456	279
Support	0.5892	0.6055	0.5973	289
Comment	0.6067	0.3655	0.4561	249
Queries	0.3478	0.2162	0.2667	37
MacroF1	0.4914
F1w_avg	0.5576
Acc    	57.1

02/25/2021 13:41:15 - INFO - __main__ -   	EPOCH:  11	MiniBatch:    0
02/25/2021 13:41:16 - INFO - __main__ -   	EPOCH:  11	MiniBatch:    1
02/25/2021 13:41:16 - INFO - __main__ -   	EPOCH:  11	MiniBatch:    2
02/25/2021 13:41:17 - INFO - __main__ -   	EPOCH:  11	MiniBatch:    3
02/25/2021 13:41:17 - INFO - __main__ -   	EPOCH:  11	MiniBatch:    4
02/25/2021 13:41:18 - INFO - __main__ -   	EPOCH:  11	MiniBatch:    5
02/25/2021 13:41:18 - INFO - __main__ -   	EPOCH:  11	MiniBatch:    6
02/25/2021 13:41:19 - INFO - __main__ -   	EPOCH:  11	MiniBatch:    7
02/25/2021 13:41:19 - INFO - __main__ -   	EPOCH:  11	MiniBatch:    8
02/25/2021 13:41:20 - INFO - __main__ -   	EPOCH:  11	MiniBatch:    9
02/25/2021 13:41:20 - INFO - __main__ -   	EPOCH:  11	MiniBatch:   10
02/25/2021 13:41:21 - INFO - __main__ -   	EPOCH:  11	MiniBatch:   11
02/25/2021 13:41:21 - INFO - __main__ -   	EPOCH:  11	MiniBatch:   12
02/25/2021 13:41:22 - INFO - __main__ -   	EPOCH:  11	MiniBatch:   13
02/25/2021 13:41:22 - INFO - __main__ -   	EPOCH:  11	MiniBatch:   14
02/25/2021 13:41:23 - INFO - __main__ -   	EPOCH:  11	MiniBatch:   15
02/25/2021 13:41:23 - INFO - __main__ -   	EPOCH:  11	MiniBatch:   16
02/25/2021 13:41:24 - INFO - __main__ -   	EPOCH:  11	MiniBatch:   17
02/25/2021 13:41:24 - INFO - __main__ -   	EPOCH:  11	MiniBatch:   18
02/25/2021 13:41:25 - INFO - __main__ -   	EPOCH:  11	MiniBatch:   19
02/25/2021 13:41:25 - INFO - __main__ -   	EPOCH:  11	MiniBatch:   20
02/25/2021 13:41:26 - INFO - __main__ -   	EPOCH:  11	MiniBatch:   21
02/25/2021 13:41:26 - INFO - __main__ -   	EPOCH:  11	MiniBatch:   22
02/25/2021 13:41:27 - INFO - __main__ -   	EPOCH:  11	MiniBatch:   23
02/25/2021 13:41:27 - INFO - __main__ -   	EPOCH:  11	MiniBatch:   24
02/25/2021 13:41:28 - INFO - __main__ -   	EPOCH:  11	MiniBatch:   25
02/25/2021 13:41:28 - INFO - __main__ -   	Testing dev Minibatch:    0
02/25/2021 13:41:28 - INFO - __main__ -   	Testing dev Minibatch:    1
02/25/2021 13:41:29 - INFO - __main__ -   	Testing dev Minibatch:    2
02/25/2021 13:41:29 - INFO - __main__ -   	Testing dev Minibatch:    3
02/25/2021 13:41:29 - INFO - __main__ -   	Testing dev Minibatch:    4
02/25/2021 13:41:29 - INFO - __main__ -   	Testing dev Minibatch:    5
02/25/2021 13:41:29 - INFO - __main__ -   	Testing dev Minibatch:    6
02/25/2021 13:41:29 - INFO - __main__ -   	Testing dev Minibatch:    7
02/25/2021 13:41:30 - INFO - __main__ -   	Testing dev Minibatch:    8
02/25/2021 13:41:30 - INFO - __main__ -   
Labels 	Prec. 	Recall	F1    	Supp  
Denial 	0.5730	0.7599	0.6533	279
Support	0.6314	0.5571	0.5919	289
Comment	0.5534	0.4578	0.5011	249
Queries	0.3478	0.2162	0.2667	37
MacroF1	0.5032
F1w_avg	0.5714
Acc    	58.0

02/25/2021 13:41:32 - INFO - __main__ -   	EPOCH:  12	MiniBatch:    0
02/25/2021 13:41:32 - INFO - __main__ -   	EPOCH:  12	MiniBatch:    1
02/25/2021 13:41:33 - INFO - __main__ -   	EPOCH:  12	MiniBatch:    2
02/25/2021 13:41:33 - INFO - __main__ -   	EPOCH:  12	MiniBatch:    3
02/25/2021 13:41:34 - INFO - __main__ -   	EPOCH:  12	MiniBatch:    4
02/25/2021 13:41:34 - INFO - __main__ -   	EPOCH:  12	MiniBatch:    5
02/25/2021 13:41:35 - INFO - __main__ -   	EPOCH:  12	MiniBatch:    6
02/25/2021 13:41:35 - INFO - __main__ -   	EPOCH:  12	MiniBatch:    7
02/25/2021 13:41:36 - INFO - __main__ -   	EPOCH:  12	MiniBatch:    8
02/25/2021 13:41:36 - INFO - __main__ -   	EPOCH:  12	MiniBatch:    9
02/25/2021 13:41:37 - INFO - __main__ -   	EPOCH:  12	MiniBatch:   10
02/25/2021 13:41:37 - INFO - __main__ -   	EPOCH:  12	MiniBatch:   11
02/25/2021 13:41:38 - INFO - __main__ -   	EPOCH:  12	MiniBatch:   12
02/25/2021 13:41:38 - INFO - __main__ -   	EPOCH:  12	MiniBatch:   13
02/25/2021 13:41:39 - INFO - __main__ -   	EPOCH:  12	MiniBatch:   14
02/25/2021 13:41:39 - INFO - __main__ -   	EPOCH:  12	MiniBatch:   15
02/25/2021 13:41:40 - INFO - __main__ -   	EPOCH:  12	MiniBatch:   16
02/25/2021 13:41:40 - INFO - __main__ -   	EPOCH:  12	MiniBatch:   17
02/25/2021 13:41:41 - INFO - __main__ -   	EPOCH:  12	MiniBatch:   18
02/25/2021 13:41:41 - INFO - __main__ -   	EPOCH:  12	MiniBatch:   19
02/25/2021 13:41:41 - INFO - __main__ -   	EPOCH:  12	MiniBatch:   20
02/25/2021 13:41:42 - INFO - __main__ -   	EPOCH:  12	MiniBatch:   21
02/25/2021 13:41:42 - INFO - __main__ -   	EPOCH:  12	MiniBatch:   22
02/25/2021 13:41:43 - INFO - __main__ -   	EPOCH:  12	MiniBatch:   23
02/25/2021 13:41:43 - INFO - __main__ -   	EPOCH:  12	MiniBatch:   24
02/25/2021 13:41:44 - INFO - __main__ -   	EPOCH:  12	MiniBatch:   25
02/25/2021 13:41:45 - INFO - __main__ -   	Testing dev Minibatch:    0
02/25/2021 13:41:45 - INFO - __main__ -   	Testing dev Minibatch:    1
02/25/2021 13:41:45 - INFO - __main__ -   	Testing dev Minibatch:    2
02/25/2021 13:41:45 - INFO - __main__ -   	Testing dev Minibatch:    3
02/25/2021 13:41:45 - INFO - __main__ -   	Testing dev Minibatch:    4
02/25/2021 13:41:45 - INFO - __main__ -   	Testing dev Minibatch:    5
02/25/2021 13:41:46 - INFO - __main__ -   	Testing dev Minibatch:    6
02/25/2021 13:41:46 - INFO - __main__ -   	Testing dev Minibatch:    7
02/25/2021 13:41:46 - INFO - __main__ -   	Testing dev Minibatch:    8
02/25/2021 13:41:46 - INFO - __main__ -   
Labels 	Prec. 	Recall	F1    	Supp  
Denial 	0.6278	0.6953	0.6599	279
Support	0.6157	0.5433	0.5772	289
Comment	0.4981	0.5341	0.5155	249
Queries	0.4348	0.2703	0.3333	37
MacroF1	0.5215
F1w_avg	0.5757
Acc    	57.8

02/25/2021 13:41:48 - INFO - __main__ -   	EPOCH:  13	MiniBatch:    0
02/25/2021 13:41:49 - INFO - __main__ -   	EPOCH:  13	MiniBatch:    1
02/25/2021 13:41:49 - INFO - __main__ -   	EPOCH:  13	MiniBatch:    2
02/25/2021 13:41:50 - INFO - __main__ -   	EPOCH:  13	MiniBatch:    3
02/25/2021 13:41:50 - INFO - __main__ -   	EPOCH:  13	MiniBatch:    4
02/25/2021 13:41:51 - INFO - __main__ -   	EPOCH:  13	MiniBatch:    5
02/25/2021 13:41:51 - INFO - __main__ -   	EPOCH:  13	MiniBatch:    6
02/25/2021 13:41:51 - INFO - __main__ -   	EPOCH:  13	MiniBatch:    7
02/25/2021 13:41:52 - INFO - __main__ -   	EPOCH:  13	MiniBatch:    8
02/25/2021 13:41:52 - INFO - __main__ -   	EPOCH:  13	MiniBatch:    9
02/25/2021 13:41:53 - INFO - __main__ -   	EPOCH:  13	MiniBatch:   10
02/25/2021 13:41:53 - INFO - __main__ -   	EPOCH:  13	MiniBatch:   11
02/25/2021 13:41:54 - INFO - __main__ -   	EPOCH:  13	MiniBatch:   12
02/25/2021 13:41:54 - INFO - __main__ -   	EPOCH:  13	MiniBatch:   13
02/25/2021 13:41:55 - INFO - __main__ -   	EPOCH:  13	MiniBatch:   14
02/25/2021 13:41:55 - INFO - __main__ -   	EPOCH:  13	MiniBatch:   15
02/25/2021 13:41:56 - INFO - __main__ -   	EPOCH:  13	MiniBatch:   16
02/25/2021 13:41:56 - INFO - __main__ -   	EPOCH:  13	MiniBatch:   17
02/25/2021 13:41:57 - INFO - __main__ -   	EPOCH:  13	MiniBatch:   18
02/25/2021 13:41:57 - INFO - __main__ -   	EPOCH:  13	MiniBatch:   19
02/25/2021 13:41:58 - INFO - __main__ -   	EPOCH:  13	MiniBatch:   20
02/25/2021 13:41:58 - INFO - __main__ -   	EPOCH:  13	MiniBatch:   21
02/25/2021 13:41:59 - INFO - __main__ -   	EPOCH:  13	MiniBatch:   22
02/25/2021 13:41:59 - INFO - __main__ -   	EPOCH:  13	MiniBatch:   23
02/25/2021 13:42:00 - INFO - __main__ -   	EPOCH:  13	MiniBatch:   24
02/25/2021 13:42:00 - INFO - __main__ -   	EPOCH:  13	MiniBatch:   25
02/25/2021 13:42:01 - INFO - __main__ -   	Testing dev Minibatch:    0
02/25/2021 13:42:01 - INFO - __main__ -   	Testing dev Minibatch:    1
02/25/2021 13:42:01 - INFO - __main__ -   	Testing dev Minibatch:    2
02/25/2021 13:42:01 - INFO - __main__ -   	Testing dev Minibatch:    3
02/25/2021 13:42:02 - INFO - __main__ -   	Testing dev Minibatch:    4
02/25/2021 13:42:02 - INFO - __main__ -   	Testing dev Minibatch:    5
02/25/2021 13:42:02 - INFO - __main__ -   	Testing dev Minibatch:    6
02/25/2021 13:42:02 - INFO - __main__ -   	Testing dev Minibatch:    7
02/25/2021 13:42:02 - INFO - __main__ -   	Testing dev Minibatch:    8
02/25/2021 13:42:03 - INFO - __main__ -   
Labels 	Prec. 	Recall	F1    	Supp  
Denial 	0.6981	0.6631	0.6801	279
Support	0.6020	0.6228	0.6122	289
Comment	0.4982	0.5462	0.5211	249
Queries	0.5294	0.2432	0.3333	37
MacroF1	0.5367
F1w_avg	0.5958
Acc    	59.7

02/25/2021 13:42:04 - INFO - __main__ -   	EPOCH:  14	MiniBatch:    0
02/25/2021 13:42:05 - INFO - __main__ -   	EPOCH:  14	MiniBatch:    1
02/25/2021 13:42:05 - INFO - __main__ -   	EPOCH:  14	MiniBatch:    2
02/25/2021 13:42:06 - INFO - __main__ -   	EPOCH:  14	MiniBatch:    3
02/25/2021 13:42:06 - INFO - __main__ -   	EPOCH:  14	MiniBatch:    4
02/25/2021 13:42:07 - INFO - __main__ -   	EPOCH:  14	MiniBatch:    5
02/25/2021 13:42:07 - INFO - __main__ -   	EPOCH:  14	MiniBatch:    6
02/25/2021 13:42:08 - INFO - __main__ -   	EPOCH:  14	MiniBatch:    7
02/25/2021 13:42:08 - INFO - __main__ -   	EPOCH:  14	MiniBatch:    8
02/25/2021 13:42:09 - INFO - __main__ -   	EPOCH:  14	MiniBatch:    9
02/25/2021 13:42:09 - INFO - __main__ -   	EPOCH:  14	MiniBatch:   10
02/25/2021 13:42:10 - INFO - __main__ -   	EPOCH:  14	MiniBatch:   11
02/25/2021 13:42:10 - INFO - __main__ -   	EPOCH:  14	MiniBatch:   12
02/25/2021 13:42:11 - INFO - __main__ -   	EPOCH:  14	MiniBatch:   13
02/25/2021 13:42:11 - INFO - __main__ -   	EPOCH:  14	MiniBatch:   14
02/25/2021 13:42:12 - INFO - __main__ -   	EPOCH:  14	MiniBatch:   15
02/25/2021 13:42:12 - INFO - __main__ -   	EPOCH:  14	MiniBatch:   16
02/25/2021 13:42:13 - INFO - __main__ -   	EPOCH:  14	MiniBatch:   17
02/25/2021 13:42:13 - INFO - __main__ -   	EPOCH:  14	MiniBatch:   18
02/25/2021 13:42:14 - INFO - __main__ -   	EPOCH:  14	MiniBatch:   19
02/25/2021 13:42:14 - INFO - __main__ -   	EPOCH:  14	MiniBatch:   20
02/25/2021 13:42:15 - INFO - __main__ -   	EPOCH:  14	MiniBatch:   21
02/25/2021 13:42:15 - INFO - __main__ -   	EPOCH:  14	MiniBatch:   22
02/25/2021 13:42:16 - INFO - __main__ -   	EPOCH:  14	MiniBatch:   23
02/25/2021 13:42:16 - INFO - __main__ -   	EPOCH:  14	MiniBatch:   24
02/25/2021 13:42:17 - INFO - __main__ -   	EPOCH:  14	MiniBatch:   25
02/25/2021 13:42:17 - INFO - __main__ -   	Testing dev Minibatch:    0
02/25/2021 13:42:17 - INFO - __main__ -   	Testing dev Minibatch:    1
02/25/2021 13:42:18 - INFO - __main__ -   	Testing dev Minibatch:    2
02/25/2021 13:42:18 - INFO - __main__ -   	Testing dev Minibatch:    3
02/25/2021 13:42:18 - INFO - __main__ -   	Testing dev Minibatch:    4
02/25/2021 13:42:18 - INFO - __main__ -   	Testing dev Minibatch:    5
02/25/2021 13:42:18 - INFO - __main__ -   	Testing dev Minibatch:    6
02/25/2021 13:42:19 - INFO - __main__ -   	Testing dev Minibatch:    7
02/25/2021 13:42:19 - INFO - __main__ -   	Testing dev Minibatch:    8
02/25/2021 13:42:19 - INFO - __main__ -   
Labels 	Prec. 	Recall	F1    	Supp  
Denial 	0.6426	0.7025	0.6712	279
Support	0.6183	0.5606	0.5880	289
Comment	0.5000	0.5382	0.5184	249
Queries	0.5263	0.2703	0.3571	37
MacroF1	0.5337
F1w_avg	0.5849
Acc    	58.8

02/25/2021 13:42:19 - INFO - __main__ -   	EPOCH:  15	MiniBatch:    0
02/25/2021 13:42:20 - INFO - __main__ -   	EPOCH:  15	MiniBatch:    1
02/25/2021 13:42:20 - INFO - __main__ -   	EPOCH:  15	MiniBatch:    2
02/25/2021 13:42:21 - INFO - __main__ -   	EPOCH:  15	MiniBatch:    3
02/25/2021 13:42:21 - INFO - __main__ -   	EPOCH:  15	MiniBatch:    4
02/25/2021 13:42:22 - INFO - __main__ -   	EPOCH:  15	MiniBatch:    5
02/25/2021 13:42:22 - INFO - __main__ -   	EPOCH:  15	MiniBatch:    6
02/25/2021 13:42:23 - INFO - __main__ -   	EPOCH:  15	MiniBatch:    7
02/25/2021 13:42:23 - INFO - __main__ -   	EPOCH:  15	MiniBatch:    8
02/25/2021 13:42:24 - INFO - __main__ -   	EPOCH:  15	MiniBatch:    9
02/25/2021 13:42:24 - INFO - __main__ -   	EPOCH:  15	MiniBatch:   10
02/25/2021 13:42:25 - INFO - __main__ -   	EPOCH:  15	MiniBatch:   11
02/25/2021 13:42:25 - INFO - __main__ -   	EPOCH:  15	MiniBatch:   12
02/25/2021 13:42:26 - INFO - __main__ -   	EPOCH:  15	MiniBatch:   13
02/25/2021 13:42:26 - INFO - __main__ -   	EPOCH:  15	MiniBatch:   14
02/25/2021 13:42:27 - INFO - __main__ -   	EPOCH:  15	MiniBatch:   15
02/25/2021 13:42:27 - INFO - __main__ -   	EPOCH:  15	MiniBatch:   16
02/25/2021 13:42:28 - INFO - __main__ -   	EPOCH:  15	MiniBatch:   17
02/25/2021 13:42:28 - INFO - __main__ -   	EPOCH:  15	MiniBatch:   18
02/25/2021 13:42:28 - INFO - __main__ -   	EPOCH:  15	MiniBatch:   19
02/25/2021 13:42:29 - INFO - __main__ -   	EPOCH:  15	MiniBatch:   20
02/25/2021 13:42:29 - INFO - __main__ -   	EPOCH:  15	MiniBatch:   21
02/25/2021 13:42:30 - INFO - __main__ -   	EPOCH:  15	MiniBatch:   22
02/25/2021 13:42:30 - INFO - __main__ -   	EPOCH:  15	MiniBatch:   23
02/25/2021 13:42:31 - INFO - __main__ -   	EPOCH:  15	MiniBatch:   24
02/25/2021 13:42:31 - INFO - __main__ -   	EPOCH:  15	MiniBatch:   25
02/25/2021 13:42:32 - INFO - __main__ -   	Testing dev Minibatch:    0
02/25/2021 13:42:32 - INFO - __main__ -   	Testing dev Minibatch:    1
02/25/2021 13:42:32 - INFO - __main__ -   	Testing dev Minibatch:    2
02/25/2021 13:42:33 - INFO - __main__ -   	Testing dev Minibatch:    3
02/25/2021 13:42:33 - INFO - __main__ -   	Testing dev Minibatch:    4
02/25/2021 13:42:33 - INFO - __main__ -   	Testing dev Minibatch:    5
02/25/2021 13:42:33 - INFO - __main__ -   	Testing dev Minibatch:    6
02/25/2021 13:42:33 - INFO - __main__ -   	Testing dev Minibatch:    7
02/25/2021 13:42:33 - INFO - __main__ -   	Testing dev Minibatch:    8
02/25/2021 13:42:34 - INFO - __main__ -   
Labels 	Prec. 	Recall	F1    	Supp  
Denial 	0.5925	0.7921	0.6779	279
Support	0.6000	0.5709	0.5851	289
Comment	0.5744	0.4498	0.5045	249
Queries	0.6364	0.1892	0.2917	37
MacroF1	0.5148
F1w_avg	0.5792
Acc    	59.1

02/25/2021 13:42:34 - INFO - __main__ -   	EPOCH:  16	MiniBatch:    0
02/25/2021 13:42:34 - INFO - __main__ -   	EPOCH:  16	MiniBatch:    1
02/25/2021 13:42:35 - INFO - __main__ -   	EPOCH:  16	MiniBatch:    2
02/25/2021 13:42:35 - INFO - __main__ -   	EPOCH:  16	MiniBatch:    3
02/25/2021 13:42:36 - INFO - __main__ -   	EPOCH:  16	MiniBatch:    4
02/25/2021 13:42:36 - INFO - __main__ -   	EPOCH:  16	MiniBatch:    5
02/25/2021 13:42:37 - INFO - __main__ -   	EPOCH:  16	MiniBatch:    6
02/25/2021 13:42:37 - INFO - __main__ -   	EPOCH:  16	MiniBatch:    7
02/25/2021 13:42:38 - INFO - __main__ -   	EPOCH:  16	MiniBatch:    8
02/25/2021 13:42:38 - INFO - __main__ -   	EPOCH:  16	MiniBatch:    9
02/25/2021 13:42:39 - INFO - __main__ -   	EPOCH:  16	MiniBatch:   10
02/25/2021 13:42:39 - INFO - __main__ -   	EPOCH:  16	MiniBatch:   11
02/25/2021 13:42:40 - INFO - __main__ -   	EPOCH:  16	MiniBatch:   12
02/25/2021 13:42:40 - INFO - __main__ -   	EPOCH:  16	MiniBatch:   13
02/25/2021 13:42:41 - INFO - __main__ -   	EPOCH:  16	MiniBatch:   14
02/25/2021 13:42:41 - INFO - __main__ -   	EPOCH:  16	MiniBatch:   15
02/25/2021 13:42:42 - INFO - __main__ -   	EPOCH:  16	MiniBatch:   16
02/25/2021 13:42:42 - INFO - __main__ -   	EPOCH:  16	MiniBatch:   17
02/25/2021 13:42:43 - INFO - __main__ -   	EPOCH:  16	MiniBatch:   18
02/25/2021 13:42:43 - INFO - __main__ -   	EPOCH:  16	MiniBatch:   19
02/25/2021 13:42:44 - INFO - __main__ -   	EPOCH:  16	MiniBatch:   20
02/25/2021 13:42:44 - INFO - __main__ -   	EPOCH:  16	MiniBatch:   21
02/25/2021 13:42:45 - INFO - __main__ -   	EPOCH:  16	MiniBatch:   22
02/25/2021 13:42:45 - INFO - __main__ -   	EPOCH:  16	MiniBatch:   23
02/25/2021 13:42:46 - INFO - __main__ -   	EPOCH:  16	MiniBatch:   24
02/25/2021 13:42:46 - INFO - __main__ -   	EPOCH:  16	MiniBatch:   25
02/25/2021 13:42:47 - INFO - __main__ -   	Testing dev Minibatch:    0
02/25/2021 13:42:47 - INFO - __main__ -   	Testing dev Minibatch:    1
02/25/2021 13:42:47 - INFO - __main__ -   	Testing dev Minibatch:    2
02/25/2021 13:42:47 - INFO - __main__ -   	Testing dev Minibatch:    3
02/25/2021 13:42:48 - INFO - __main__ -   	Testing dev Minibatch:    4
02/25/2021 13:42:48 - INFO - __main__ -   	Testing dev Minibatch:    5
02/25/2021 13:42:48 - INFO - __main__ -   	Testing dev Minibatch:    6
02/25/2021 13:42:48 - INFO - __main__ -   	Testing dev Minibatch:    7
02/25/2021 13:42:48 - INFO - __main__ -   	Testing dev Minibatch:    8
02/25/2021 13:42:48 - INFO - __main__ -   
Labels 	Prec. 	Recall	F1    	Supp  
Denial 	0.5853	0.7993	0.6758	279
Support	0.5932	0.5398	0.5652	289
Comment	0.5842	0.4458	0.5057	249
Queries	0.4500	0.2432	0.3158	37
MacroF1	0.5156
F1w_avg	0.5732
Acc    	58.4

02/25/2021 13:42:49 - INFO - __main__ -   	EPOCH:  17	MiniBatch:    0
02/25/2021 13:42:49 - INFO - __main__ -   	EPOCH:  17	MiniBatch:    1
02/25/2021 13:42:50 - INFO - __main__ -   	EPOCH:  17	MiniBatch:    2
02/25/2021 13:42:50 - INFO - __main__ -   	EPOCH:  17	MiniBatch:    3
02/25/2021 13:42:51 - INFO - __main__ -   	EPOCH:  17	MiniBatch:    4
02/25/2021 13:42:51 - INFO - __main__ -   	EPOCH:  17	MiniBatch:    5
02/25/2021 13:42:52 - INFO - __main__ -   	EPOCH:  17	MiniBatch:    6
02/25/2021 13:42:52 - INFO - __main__ -   	EPOCH:  17	MiniBatch:    7
02/25/2021 13:42:53 - INFO - __main__ -   	EPOCH:  17	MiniBatch:    8
02/25/2021 13:42:53 - INFO - __main__ -   	EPOCH:  17	MiniBatch:    9
02/25/2021 13:42:54 - INFO - __main__ -   	EPOCH:  17	MiniBatch:   10
02/25/2021 13:42:54 - INFO - __main__ -   	EPOCH:  17	MiniBatch:   11
02/25/2021 13:42:55 - INFO - __main__ -   	EPOCH:  17	MiniBatch:   12
02/25/2021 13:42:55 - INFO - __main__ -   	EPOCH:  17	MiniBatch:   13
02/25/2021 13:42:56 - INFO - __main__ -   	EPOCH:  17	MiniBatch:   14
02/25/2021 13:42:56 - INFO - __main__ -   	EPOCH:  17	MiniBatch:   15
02/25/2021 13:42:57 - INFO - __main__ -   	EPOCH:  17	MiniBatch:   16
02/25/2021 13:42:57 - INFO - __main__ -   	EPOCH:  17	MiniBatch:   17
02/25/2021 13:42:58 - INFO - __main__ -   	EPOCH:  17	MiniBatch:   18
02/25/2021 13:42:58 - INFO - __main__ -   	EPOCH:  17	MiniBatch:   19
02/25/2021 13:42:59 - INFO - __main__ -   	EPOCH:  17	MiniBatch:   20
02/25/2021 13:42:59 - INFO - __main__ -   	EPOCH:  17	MiniBatch:   21
02/25/2021 13:42:59 - INFO - __main__ -   	EPOCH:  17	MiniBatch:   22
02/25/2021 13:43:00 - INFO - __main__ -   	EPOCH:  17	MiniBatch:   23
02/25/2021 13:43:00 - INFO - __main__ -   	EPOCH:  17	MiniBatch:   24
02/25/2021 13:43:01 - INFO - __main__ -   	EPOCH:  17	MiniBatch:   25
02/25/2021 13:43:02 - INFO - __main__ -   	Testing dev Minibatch:    0
02/25/2021 13:43:02 - INFO - __main__ -   	Testing dev Minibatch:    1
02/25/2021 13:43:02 - INFO - __main__ -   	Testing dev Minibatch:    2
02/25/2021 13:43:02 - INFO - __main__ -   	Testing dev Minibatch:    3
02/25/2021 13:43:02 - INFO - __main__ -   	Testing dev Minibatch:    4
02/25/2021 13:43:03 - INFO - __main__ -   	Testing dev Minibatch:    5
02/25/2021 13:43:03 - INFO - __main__ -   	Testing dev Minibatch:    6
02/25/2021 13:43:03 - INFO - __main__ -   	Testing dev Minibatch:    7
02/25/2021 13:43:03 - INFO - __main__ -   	Testing dev Minibatch:    8
02/25/2021 13:43:03 - INFO - __main__ -   
Labels 	Prec. 	Recall	F1    	Supp  
Denial 	0.5842	0.7706	0.6646	279
Support	0.6287	0.4394	0.5173	289
Comment	0.4942	0.5141	0.5039	249
Queries	0.4000	0.2703	0.3226	37
MacroF1	0.5021
F1w_avg	0.5531
Acc    	56.2

02/25/2021 13:43:03 - INFO - __main__ -   	EPOCH:  18	MiniBatch:    0
02/25/2021 13:43:04 - INFO - __main__ -   	EPOCH:  18	MiniBatch:    1
02/25/2021 13:43:04 - INFO - __main__ -   	EPOCH:  18	MiniBatch:    2
02/25/2021 13:43:05 - INFO - __main__ -   	EPOCH:  18	MiniBatch:    3
02/25/2021 13:43:05 - INFO - __main__ -   	EPOCH:  18	MiniBatch:    4
02/25/2021 13:43:06 - INFO - __main__ -   	EPOCH:  18	MiniBatch:    5
02/25/2021 13:43:06 - INFO - __main__ -   	EPOCH:  18	MiniBatch:    6
02/25/2021 13:43:07 - INFO - __main__ -   	EPOCH:  18	MiniBatch:    7
02/25/2021 13:43:07 - INFO - __main__ -   	EPOCH:  18	MiniBatch:    8
02/25/2021 13:43:08 - INFO - __main__ -   	EPOCH:  18	MiniBatch:    9
02/25/2021 13:43:08 - INFO - __main__ -   	EPOCH:  18	MiniBatch:   10
02/25/2021 13:43:09 - INFO - __main__ -   	EPOCH:  18	MiniBatch:   11
02/25/2021 13:43:09 - INFO - __main__ -   	EPOCH:  18	MiniBatch:   12
02/25/2021 13:43:10 - INFO - __main__ -   	EPOCH:  18	MiniBatch:   13
02/25/2021 13:43:10 - INFO - __main__ -   	EPOCH:  18	MiniBatch:   14
02/25/2021 13:43:11 - INFO - __main__ -   	EPOCH:  18	MiniBatch:   15
02/25/2021 13:43:11 - INFO - __main__ -   	EPOCH:  18	MiniBatch:   16
02/25/2021 13:43:12 - INFO - __main__ -   	EPOCH:  18	MiniBatch:   17
02/25/2021 13:43:12 - INFO - __main__ -   	EPOCH:  18	MiniBatch:   18
02/25/2021 13:43:13 - INFO - __main__ -   	EPOCH:  18	MiniBatch:   19
02/25/2021 13:43:13 - INFO - __main__ -   	EPOCH:  18	MiniBatch:   20
02/25/2021 13:43:14 - INFO - __main__ -   	EPOCH:  18	MiniBatch:   21
02/25/2021 13:43:14 - INFO - __main__ -   	EPOCH:  18	MiniBatch:   22
02/25/2021 13:43:15 - INFO - __main__ -   	EPOCH:  18	MiniBatch:   23
02/25/2021 13:43:15 - INFO - __main__ -   	EPOCH:  18	MiniBatch:   24
02/25/2021 13:43:16 - INFO - __main__ -   	EPOCH:  18	MiniBatch:   25
02/25/2021 13:43:16 - INFO - __main__ -   	Testing dev Minibatch:    0
02/25/2021 13:43:17 - INFO - __main__ -   	Testing dev Minibatch:    1
02/25/2021 13:43:17 - INFO - __main__ -   	Testing dev Minibatch:    2
02/25/2021 13:43:17 - INFO - __main__ -   	Testing dev Minibatch:    3
02/25/2021 13:43:17 - INFO - __main__ -   	Testing dev Minibatch:    4
02/25/2021 13:43:17 - INFO - __main__ -   	Testing dev Minibatch:    5
02/25/2021 13:43:17 - INFO - __main__ -   	Testing dev Minibatch:    6
02/25/2021 13:43:18 - INFO - __main__ -   	Testing dev Minibatch:    7
02/25/2021 13:43:18 - INFO - __main__ -   	Testing dev Minibatch:    8
02/25/2021 13:43:18 - INFO - __main__ -   
Labels 	Prec. 	Recall	F1    	Supp  
Denial 	0.6213	0.7527	0.6807	279
Support	0.5914	0.6159	0.6034	289
Comment	0.5795	0.4538	0.5090	249
Queries	0.5000	0.2703	0.3509	37
MacroF1	0.5360
F1w_avg	0.5902
Acc    	59.8

02/25/2021 13:43:18 - INFO - __main__ -   	EPOCH:  19	MiniBatch:    0
02/25/2021 13:43:19 - INFO - __main__ -   	EPOCH:  19	MiniBatch:    1
02/25/2021 13:43:19 - INFO - __main__ -   	EPOCH:  19	MiniBatch:    2
02/25/2021 13:43:20 - INFO - __main__ -   	EPOCH:  19	MiniBatch:    3
02/25/2021 13:43:20 - INFO - __main__ -   	EPOCH:  19	MiniBatch:    4
02/25/2021 13:43:21 - INFO - __main__ -   	EPOCH:  19	MiniBatch:    5
02/25/2021 13:43:21 - INFO - __main__ -   	EPOCH:  19	MiniBatch:    6
02/25/2021 13:43:22 - INFO - __main__ -   	EPOCH:  19	MiniBatch:    7
02/25/2021 13:43:22 - INFO - __main__ -   	EPOCH:  19	MiniBatch:    8
02/25/2021 13:43:23 - INFO - __main__ -   	EPOCH:  19	MiniBatch:    9
02/25/2021 13:43:23 - INFO - __main__ -   	EPOCH:  19	MiniBatch:   10
02/25/2021 13:43:24 - INFO - __main__ -   	EPOCH:  19	MiniBatch:   11
02/25/2021 13:43:24 - INFO - __main__ -   	EPOCH:  19	MiniBatch:   12
02/25/2021 13:43:25 - INFO - __main__ -   	EPOCH:  19	MiniBatch:   13
02/25/2021 13:43:25 - INFO - __main__ -   	EPOCH:  19	MiniBatch:   14
02/25/2021 13:43:26 - INFO - __main__ -   	EPOCH:  19	MiniBatch:   15
02/25/2021 13:43:26 - INFO - __main__ -   	EPOCH:  19	MiniBatch:   16
02/25/2021 13:43:27 - INFO - __main__ -   	EPOCH:  19	MiniBatch:   17
02/25/2021 13:43:27 - INFO - __main__ -   	EPOCH:  19	MiniBatch:   18
02/25/2021 13:43:28 - INFO - __main__ -   	EPOCH:  19	MiniBatch:   19
02/25/2021 13:43:28 - INFO - __main__ -   	EPOCH:  19	MiniBatch:   20
02/25/2021 13:43:29 - INFO - __main__ -   	EPOCH:  19	MiniBatch:   21
02/25/2021 13:43:29 - INFO - __main__ -   	EPOCH:  19	MiniBatch:   22
02/25/2021 13:43:30 - INFO - __main__ -   	EPOCH:  19	MiniBatch:   23
02/25/2021 13:43:30 - INFO - __main__ -   	EPOCH:  19	MiniBatch:   24
02/25/2021 13:43:31 - INFO - __main__ -   	EPOCH:  19	MiniBatch:   25
02/25/2021 13:43:31 - INFO - __main__ -   	Testing dev Minibatch:    0
02/25/2021 13:43:31 - INFO - __main__ -   	Testing dev Minibatch:    1
02/25/2021 13:43:31 - INFO - __main__ -   	Testing dev Minibatch:    2
02/25/2021 13:43:32 - INFO - __main__ -   	Testing dev Minibatch:    3
02/25/2021 13:43:32 - INFO - __main__ -   	Testing dev Minibatch:    4
02/25/2021 13:43:32 - INFO - __main__ -   	Testing dev Minibatch:    5
02/25/2021 13:43:32 - INFO - __main__ -   	Testing dev Minibatch:    6
02/25/2021 13:43:32 - INFO - __main__ -   	Testing dev Minibatch:    7
02/25/2021 13:43:33 - INFO - __main__ -   	Testing dev Minibatch:    8
02/25/2021 13:43:33 - INFO - __main__ -   
Labels 	Prec. 	Recall	F1    	Supp  
Denial 	0.5890	0.6882	0.6347	279
Support	0.6532	0.3910	0.4892	289
Comment	0.4532	0.6024	0.5172	249
Queries	0.3750	0.2432	0.2951	37
MacroF1	0.4841
F1w_avg	0.5365
Acc    	54.3

02/25/2021 13:43:33 - INFO - __main__ -   	EPOCH:  20	MiniBatch:    0
02/25/2021 13:43:34 - INFO - __main__ -   	EPOCH:  20	MiniBatch:    1
02/25/2021 13:43:34 - INFO - __main__ -   	EPOCH:  20	MiniBatch:    2
02/25/2021 13:43:34 - INFO - __main__ -   	EPOCH:  20	MiniBatch:    3
02/25/2021 13:43:35 - INFO - __main__ -   	EPOCH:  20	MiniBatch:    4
02/25/2021 13:43:35 - INFO - __main__ -   	EPOCH:  20	MiniBatch:    5
02/25/2021 13:43:36 - INFO - __main__ -   	EPOCH:  20	MiniBatch:    6
02/25/2021 13:43:36 - INFO - __main__ -   	EPOCH:  20	MiniBatch:    7
02/25/2021 13:43:37 - INFO - __main__ -   	EPOCH:  20	MiniBatch:    8
02/25/2021 13:43:37 - INFO - __main__ -   	EPOCH:  20	MiniBatch:    9
02/25/2021 13:43:38 - INFO - __main__ -   	EPOCH:  20	MiniBatch:   10
02/25/2021 13:43:38 - INFO - __main__ -   	EPOCH:  20	MiniBatch:   11
02/25/2021 13:43:39 - INFO - __main__ -   	EPOCH:  20	MiniBatch:   12
02/25/2021 13:43:39 - INFO - __main__ -   	EPOCH:  20	MiniBatch:   13
02/25/2021 13:43:40 - INFO - __main__ -   	EPOCH:  20	MiniBatch:   14
02/25/2021 13:43:40 - INFO - __main__ -   	EPOCH:  20	MiniBatch:   15
02/25/2021 13:43:41 - INFO - __main__ -   	EPOCH:  20	MiniBatch:   16
02/25/2021 13:43:41 - INFO - __main__ -   	EPOCH:  20	MiniBatch:   17
02/25/2021 13:43:42 - INFO - __main__ -   	EPOCH:  20	MiniBatch:   18
02/25/2021 13:43:42 - INFO - __main__ -   	EPOCH:  20	MiniBatch:   19
02/25/2021 13:43:43 - INFO - __main__ -   	EPOCH:  20	MiniBatch:   20
02/25/2021 13:43:43 - INFO - __main__ -   	EPOCH:  20	MiniBatch:   21
02/25/2021 13:43:44 - INFO - __main__ -   	EPOCH:  20	MiniBatch:   22
02/25/2021 13:43:44 - INFO - __main__ -   	EPOCH:  20	MiniBatch:   23
02/25/2021 13:43:45 - INFO - __main__ -   	EPOCH:  20	MiniBatch:   24
02/25/2021 13:43:45 - INFO - __main__ -   	EPOCH:  20	MiniBatch:   25
02/25/2021 13:43:46 - INFO - __main__ -   	Testing dev Minibatch:    0
02/25/2021 13:43:46 - INFO - __main__ -   	Testing dev Minibatch:    1
02/25/2021 13:43:46 - INFO - __main__ -   	Testing dev Minibatch:    2
02/25/2021 13:43:47 - INFO - __main__ -   	Testing dev Minibatch:    3
02/25/2021 13:43:47 - INFO - __main__ -   	Testing dev Minibatch:    4
02/25/2021 13:43:47 - INFO - __main__ -   	Testing dev Minibatch:    5
02/25/2021 13:43:47 - INFO - __main__ -   	Testing dev Minibatch:    6
02/25/2021 13:43:47 - INFO - __main__ -   	Testing dev Minibatch:    7
02/25/2021 13:43:47 - INFO - __main__ -   	Testing dev Minibatch:    8
02/25/2021 13:43:48 - INFO - __main__ -   
Labels 	Prec. 	Recall	F1    	Supp  
Denial 	0.5936	0.7276	0.6538	279
Support	0.6000	0.4567	0.5187	289
Comment	0.4891	0.5422	0.5143	249
Queries	0.5000	0.2162	0.3019	37
MacroF1	0.4972
F1w_avg	0.5521
Acc    	56.0

02/25/2021 13:43:48 - INFO - __main__ -   	EPOCH:  21	MiniBatch:    0
02/25/2021 13:43:48 - INFO - __main__ -   	EPOCH:  21	MiniBatch:    1
02/25/2021 13:43:49 - INFO - __main__ -   	EPOCH:  21	MiniBatch:    2
02/25/2021 13:43:49 - INFO - __main__ -   	EPOCH:  21	MiniBatch:    3
02/25/2021 13:43:50 - INFO - __main__ -   	EPOCH:  21	MiniBatch:    4
02/25/2021 13:43:50 - INFO - __main__ -   	EPOCH:  21	MiniBatch:    5
02/25/2021 13:43:51 - INFO - __main__ -   	EPOCH:  21	MiniBatch:    6
02/25/2021 13:43:51 - INFO - __main__ -   	EPOCH:  21	MiniBatch:    7
02/25/2021 13:43:52 - INFO - __main__ -   	EPOCH:  21	MiniBatch:    8
02/25/2021 13:43:52 - INFO - __main__ -   	EPOCH:  21	MiniBatch:    9
02/25/2021 13:43:53 - INFO - __main__ -   	EPOCH:  21	MiniBatch:   10
02/25/2021 13:43:53 - INFO - __main__ -   	EPOCH:  21	MiniBatch:   11
02/25/2021 13:43:54 - INFO - __main__ -   	EPOCH:  21	MiniBatch:   12
02/25/2021 13:43:54 - INFO - __main__ -   	EPOCH:  21	MiniBatch:   13
02/25/2021 13:43:55 - INFO - __main__ -   	EPOCH:  21	MiniBatch:   14
02/25/2021 13:43:55 - INFO - __main__ -   	EPOCH:  21	MiniBatch:   15
02/25/2021 13:43:56 - INFO - __main__ -   	EPOCH:  21	MiniBatch:   16
02/25/2021 13:43:56 - INFO - __main__ -   	EPOCH:  21	MiniBatch:   17
02/25/2021 13:43:57 - INFO - __main__ -   	EPOCH:  21	MiniBatch:   18
02/25/2021 13:43:57 - INFO - __main__ -   	EPOCH:  21	MiniBatch:   19
02/25/2021 13:43:58 - INFO - __main__ -   	EPOCH:  21	MiniBatch:   20
02/25/2021 13:43:58 - INFO - __main__ -   	EPOCH:  21	MiniBatch:   21
02/25/2021 13:43:59 - INFO - __main__ -   	EPOCH:  21	MiniBatch:   22
02/25/2021 13:43:59 - INFO - __main__ -   	EPOCH:  21	MiniBatch:   23
02/25/2021 13:44:00 - INFO - __main__ -   	EPOCH:  21	MiniBatch:   24
02/25/2021 13:44:00 - INFO - __main__ -   	EPOCH:  21	MiniBatch:   25
02/25/2021 13:44:01 - INFO - __main__ -   	Testing dev Minibatch:    0
02/25/2021 13:44:01 - INFO - __main__ -   	Testing dev Minibatch:    1
02/25/2021 13:44:01 - INFO - __main__ -   	Testing dev Minibatch:    2
02/25/2021 13:44:01 - INFO - __main__ -   	Testing dev Minibatch:    3
02/25/2021 13:44:02 - INFO - __main__ -   	Testing dev Minibatch:    4
02/25/2021 13:44:02 - INFO - __main__ -   	Testing dev Minibatch:    5
02/25/2021 13:44:02 - INFO - __main__ -   	Testing dev Minibatch:    6
02/25/2021 13:44:02 - INFO - __main__ -   	Testing dev Minibatch:    7
02/25/2021 13:44:02 - INFO - __main__ -   	Testing dev Minibatch:    8
02/25/2021 13:44:02 - INFO - __main__ -   
Labels 	Prec. 	Recall	F1    	Supp  
Denial 	0.5650	0.8100	0.6657	279
Support	0.6032	0.5156	0.5560	289
Comment	0.5759	0.4418	0.5000	249
Queries	0.5625	0.2432	0.3396	37
MacroF1	0.5153
F1w_avg	0.5661
Acc    	57.8

02/25/2021 13:44:03 - INFO - __main__ -   	EPOCH:  22	MiniBatch:    0
02/25/2021 13:44:03 - INFO - __main__ -   	EPOCH:  22	MiniBatch:    1
02/25/2021 13:44:04 - INFO - __main__ -   	EPOCH:  22	MiniBatch:    2
02/25/2021 13:44:04 - INFO - __main__ -   	EPOCH:  22	MiniBatch:    3
02/25/2021 13:44:05 - INFO - __main__ -   	EPOCH:  22	MiniBatch:    4
02/25/2021 13:44:05 - INFO - __main__ -   	EPOCH:  22	MiniBatch:    5
02/25/2021 13:44:06 - INFO - __main__ -   	EPOCH:  22	MiniBatch:    6
02/25/2021 13:44:06 - INFO - __main__ -   	EPOCH:  22	MiniBatch:    7
02/25/2021 13:44:07 - INFO - __main__ -   	EPOCH:  22	MiniBatch:    8
02/25/2021 13:44:07 - INFO - __main__ -   	EPOCH:  22	MiniBatch:    9
02/25/2021 13:44:08 - INFO - __main__ -   	EPOCH:  22	MiniBatch:   10
02/25/2021 13:44:08 - INFO - __main__ -   	EPOCH:  22	MiniBatch:   11
02/25/2021 13:44:09 - INFO - __main__ -   	EPOCH:  22	MiniBatch:   12
02/25/2021 13:44:09 - INFO - __main__ -   	EPOCH:  22	MiniBatch:   13
02/25/2021 13:44:10 - INFO - __main__ -   	EPOCH:  22	MiniBatch:   14
02/25/2021 13:44:10 - INFO - __main__ -   	EPOCH:  22	MiniBatch:   15
02/25/2021 13:44:11 - INFO - __main__ -   	EPOCH:  22	MiniBatch:   16
02/25/2021 13:44:11 - INFO - __main__ -   	EPOCH:  22	MiniBatch:   17
02/25/2021 13:44:12 - INFO - __main__ -   	EPOCH:  22	MiniBatch:   18
02/25/2021 13:44:12 - INFO - __main__ -   	EPOCH:  22	MiniBatch:   19
02/25/2021 13:44:13 - INFO - __main__ -   	EPOCH:  22	MiniBatch:   20
02/25/2021 13:44:13 - INFO - __main__ -   	EPOCH:  22	MiniBatch:   21
02/25/2021 13:44:14 - INFO - __main__ -   	EPOCH:  22	MiniBatch:   22
02/25/2021 13:44:14 - INFO - __main__ -   	EPOCH:  22	MiniBatch:   23
02/25/2021 13:44:15 - INFO - __main__ -   	EPOCH:  22	MiniBatch:   24
02/25/2021 13:44:15 - INFO - __main__ -   	EPOCH:  22	MiniBatch:   25
02/25/2021 13:44:16 - INFO - __main__ -   	Testing dev Minibatch:    0
02/25/2021 13:44:16 - INFO - __main__ -   	Testing dev Minibatch:    1
02/25/2021 13:44:16 - INFO - __main__ -   	Testing dev Minibatch:    2
02/25/2021 13:44:16 - INFO - __main__ -   	Testing dev Minibatch:    3
02/25/2021 13:44:16 - INFO - __main__ -   	Testing dev Minibatch:    4
02/25/2021 13:44:17 - INFO - __main__ -   	Testing dev Minibatch:    5
02/25/2021 13:44:17 - INFO - __main__ -   	Testing dev Minibatch:    6
02/25/2021 13:44:17 - INFO - __main__ -   	Testing dev Minibatch:    7
02/25/2021 13:44:17 - INFO - __main__ -   	Testing dev Minibatch:    8
02/25/2021 13:44:17 - INFO - __main__ -   
Labels 	Prec. 	Recall	F1    	Supp  
Denial 	0.5512	0.8100	0.6560	279
Support	0.5766	0.4948	0.5326	289
Comment	0.5944	0.4297	0.4988	249
Queries	0.5625	0.2432	0.3396	37
MacroF1	0.5068
F1w_avg	0.5547
Acc    	56.8

02/25/2021 13:44:18 - INFO - __main__ -   	EPOCH:  23	MiniBatch:    0
02/25/2021 13:44:18 - INFO - __main__ -   	EPOCH:  23	MiniBatch:    1
02/25/2021 13:44:19 - INFO - __main__ -   	EPOCH:  23	MiniBatch:    2
02/25/2021 13:44:19 - INFO - __main__ -   	EPOCH:  23	MiniBatch:    3
02/25/2021 13:44:20 - INFO - __main__ -   	EPOCH:  23	MiniBatch:    4
02/25/2021 13:44:20 - INFO - __main__ -   	EPOCH:  23	MiniBatch:    5
02/25/2021 13:44:21 - INFO - __main__ -   	EPOCH:  23	MiniBatch:    6
02/25/2021 13:44:21 - INFO - __main__ -   	EPOCH:  23	MiniBatch:    7
02/25/2021 13:44:21 - INFO - __main__ -   	EPOCH:  23	MiniBatch:    8
02/25/2021 13:44:22 - INFO - __main__ -   	EPOCH:  23	MiniBatch:    9
02/25/2021 13:44:22 - INFO - __main__ -   	EPOCH:  23	MiniBatch:   10
02/25/2021 13:44:23 - INFO - __main__ -   	EPOCH:  23	MiniBatch:   11
02/25/2021 13:44:23 - INFO - __main__ -   	EPOCH:  23	MiniBatch:   12
02/25/2021 13:44:24 - INFO - __main__ -   	EPOCH:  23	MiniBatch:   13
02/25/2021 13:44:24 - INFO - __main__ -   	EPOCH:  23	MiniBatch:   14
02/25/2021 13:44:25 - INFO - __main__ -   	EPOCH:  23	MiniBatch:   15
02/25/2021 13:44:25 - INFO - __main__ -   	EPOCH:  23	MiniBatch:   16
02/25/2021 13:44:26 - INFO - __main__ -   	EPOCH:  23	MiniBatch:   17
02/25/2021 13:44:26 - INFO - __main__ -   	EPOCH:  23	MiniBatch:   18
02/25/2021 13:44:27 - INFO - __main__ -   	EPOCH:  23	MiniBatch:   19
02/25/2021 13:44:27 - INFO - __main__ -   	EPOCH:  23	MiniBatch:   20
02/25/2021 13:44:28 - INFO - __main__ -   	EPOCH:  23	MiniBatch:   21
02/25/2021 13:44:28 - INFO - __main__ -   	EPOCH:  23	MiniBatch:   22
02/25/2021 13:44:29 - INFO - __main__ -   	EPOCH:  23	MiniBatch:   23
02/25/2021 13:44:29 - INFO - __main__ -   	EPOCH:  23	MiniBatch:   24
02/25/2021 13:44:30 - INFO - __main__ -   	EPOCH:  23	MiniBatch:   25
02/25/2021 13:44:30 - INFO - __main__ -   	Testing dev Minibatch:    0
02/25/2021 13:44:31 - INFO - __main__ -   	Testing dev Minibatch:    1
02/25/2021 13:44:31 - INFO - __main__ -   	Testing dev Minibatch:    2
02/25/2021 13:44:31 - INFO - __main__ -   	Testing dev Minibatch:    3
02/25/2021 13:44:31 - INFO - __main__ -   	Testing dev Minibatch:    4
02/25/2021 13:44:31 - INFO - __main__ -   	Testing dev Minibatch:    5
02/25/2021 13:44:32 - INFO - __main__ -   	Testing dev Minibatch:    6
02/25/2021 13:44:32 - INFO - __main__ -   	Testing dev Minibatch:    7
02/25/2021 13:44:32 - INFO - __main__ -   	Testing dev Minibatch:    8
02/25/2021 13:44:32 - INFO - __main__ -   
Labels 	Prec. 	Recall	F1    	Supp  
Denial 	0.5763	0.7849	0.6646	279
Support	0.5927	0.5087	0.5475	289
Comment	0.5556	0.4618	0.5044	249
Queries	0.4737	0.2432	0.3214	37
MacroF1	0.5095
F1w_avg	0.5634
Acc    	57.4

02/25/2021 13:44:32 - INFO - __main__ -   	EPOCH:  24	MiniBatch:    0
02/25/2021 13:44:33 - INFO - __main__ -   	EPOCH:  24	MiniBatch:    1
02/25/2021 13:44:33 - INFO - __main__ -   	EPOCH:  24	MiniBatch:    2
02/25/2021 13:44:34 - INFO - __main__ -   	EPOCH:  24	MiniBatch:    3
02/25/2021 13:44:34 - INFO - __main__ -   	EPOCH:  24	MiniBatch:    4
02/25/2021 13:44:35 - INFO - __main__ -   	EPOCH:  24	MiniBatch:    5
02/25/2021 13:44:35 - INFO - __main__ -   	EPOCH:  24	MiniBatch:    6
02/25/2021 13:44:36 - INFO - __main__ -   	EPOCH:  24	MiniBatch:    7
02/25/2021 13:44:36 - INFO - __main__ -   	EPOCH:  24	MiniBatch:    8
02/25/2021 13:44:37 - INFO - __main__ -   	EPOCH:  24	MiniBatch:    9
02/25/2021 13:44:37 - INFO - __main__ -   	EPOCH:  24	MiniBatch:   10
02/25/2021 13:44:38 - INFO - __main__ -   	EPOCH:  24	MiniBatch:   11
02/25/2021 13:44:38 - INFO - __main__ -   	EPOCH:  24	MiniBatch:   12
02/25/2021 13:44:39 - INFO - __main__ -   	EPOCH:  24	MiniBatch:   13
02/25/2021 13:44:39 - INFO - __main__ -   	EPOCH:  24	MiniBatch:   14
02/25/2021 13:44:40 - INFO - __main__ -   	EPOCH:  24	MiniBatch:   15
02/25/2021 13:44:40 - INFO - __main__ -   	EPOCH:  24	MiniBatch:   16
02/25/2021 13:44:41 - INFO - __main__ -   	EPOCH:  24	MiniBatch:   17
02/25/2021 13:44:41 - INFO - __main__ -   	EPOCH:  24	MiniBatch:   18
02/25/2021 13:44:42 - INFO - __main__ -   	EPOCH:  24	MiniBatch:   19
02/25/2021 13:44:42 - INFO - __main__ -   	EPOCH:  24	MiniBatch:   20
02/25/2021 13:44:43 - INFO - __main__ -   	EPOCH:  24	MiniBatch:   21
02/25/2021 13:44:43 - INFO - __main__ -   	EPOCH:  24	MiniBatch:   22
02/25/2021 13:44:44 - INFO - __main__ -   	EPOCH:  24	MiniBatch:   23
02/25/2021 13:44:44 - INFO - __main__ -   	EPOCH:  24	MiniBatch:   24
02/25/2021 13:44:45 - INFO - __main__ -   	EPOCH:  24	MiniBatch:   25
02/25/2021 13:44:45 - INFO - __main__ -   	Testing dev Minibatch:    0
02/25/2021 13:44:45 - INFO - __main__ -   	Testing dev Minibatch:    1
02/25/2021 13:44:46 - INFO - __main__ -   	Testing dev Minibatch:    2
02/25/2021 13:44:46 - INFO - __main__ -   	Testing dev Minibatch:    3
02/25/2021 13:44:46 - INFO - __main__ -   	Testing dev Minibatch:    4
02/25/2021 13:44:46 - INFO - __main__ -   	Testing dev Minibatch:    5
02/25/2021 13:44:46 - INFO - __main__ -   	Testing dev Minibatch:    6
02/25/2021 13:44:47 - INFO - __main__ -   	Testing dev Minibatch:    7
02/25/2021 13:44:47 - INFO - __main__ -   	Testing dev Minibatch:    8
02/25/2021 13:44:47 - INFO - __main__ -   
Labels 	Prec. 	Recall	F1    	Supp  
Denial 	0.6176	0.7527	0.6785	279
Support	0.6040	0.5225	0.5603	289
Comment	0.5181	0.5181	0.5181	249
Queries	0.5333	0.2162	0.3077	37
MacroF1	0.5161
F1w_avg	0.5757
Acc    	58.3

02/25/2021 13:44:47 - INFO - __main__ -   	EPOCH:  25	MiniBatch:    0
02/25/2021 13:44:48 - INFO - __main__ -   	EPOCH:  25	MiniBatch:    1
02/25/2021 13:44:48 - INFO - __main__ -   	EPOCH:  25	MiniBatch:    2
02/25/2021 13:44:49 - INFO - __main__ -   	EPOCH:  25	MiniBatch:    3
02/25/2021 13:44:49 - INFO - __main__ -   	EPOCH:  25	MiniBatch:    4
02/25/2021 13:44:50 - INFO - __main__ -   	EPOCH:  25	MiniBatch:    5
02/25/2021 13:44:50 - INFO - __main__ -   	EPOCH:  25	MiniBatch:    6
02/25/2021 13:44:51 - INFO - __main__ -   	EPOCH:  25	MiniBatch:    7
02/25/2021 13:44:51 - INFO - __main__ -   	EPOCH:  25	MiniBatch:    8
02/25/2021 13:44:52 - INFO - __main__ -   	EPOCH:  25	MiniBatch:    9
02/25/2021 13:44:52 - INFO - __main__ -   	EPOCH:  25	MiniBatch:   10
02/25/2021 13:44:53 - INFO - __main__ -   	EPOCH:  25	MiniBatch:   11
02/25/2021 13:44:53 - INFO - __main__ -   	EPOCH:  25	MiniBatch:   12
02/25/2021 13:44:54 - INFO - __main__ -   	EPOCH:  25	MiniBatch:   13
02/25/2021 13:44:54 - INFO - __main__ -   	EPOCH:  25	MiniBatch:   14
02/25/2021 13:44:54 - INFO - __main__ -   	EPOCH:  25	MiniBatch:   15
02/25/2021 13:44:55 - INFO - __main__ -   	EPOCH:  25	MiniBatch:   16
02/25/2021 13:44:55 - INFO - __main__ -   	EPOCH:  25	MiniBatch:   17
02/25/2021 13:44:56 - INFO - __main__ -   	EPOCH:  25	MiniBatch:   18
02/25/2021 13:44:56 - INFO - __main__ -   	EPOCH:  25	MiniBatch:   19
02/25/2021 13:44:57 - INFO - __main__ -   	EPOCH:  25	MiniBatch:   20
02/25/2021 13:44:57 - INFO - __main__ -   	EPOCH:  25	MiniBatch:   21
02/25/2021 13:44:58 - INFO - __main__ -   	EPOCH:  25	MiniBatch:   22
02/25/2021 13:44:58 - INFO - __main__ -   	EPOCH:  25	MiniBatch:   23
02/25/2021 13:44:59 - INFO - __main__ -   	EPOCH:  25	MiniBatch:   24
02/25/2021 13:44:59 - INFO - __main__ -   	EPOCH:  25	MiniBatch:   25
02/25/2021 13:45:00 - INFO - __main__ -   	Testing dev Minibatch:    0
02/25/2021 13:45:00 - INFO - __main__ -   	Testing dev Minibatch:    1
02/25/2021 13:45:00 - INFO - __main__ -   	Testing dev Minibatch:    2
02/25/2021 13:45:01 - INFO - __main__ -   	Testing dev Minibatch:    3
02/25/2021 13:45:01 - INFO - __main__ -   	Testing dev Minibatch:    4
02/25/2021 13:45:01 - INFO - __main__ -   	Testing dev Minibatch:    5
02/25/2021 13:45:01 - INFO - __main__ -   	Testing dev Minibatch:    6
02/25/2021 13:45:01 - INFO - __main__ -   	Testing dev Minibatch:    7
02/25/2021 13:45:02 - INFO - __main__ -   	Testing dev Minibatch:    8
02/25/2021 13:45:02 - INFO - __main__ -   
Labels 	Prec. 	Recall	F1    	Supp  
Denial 	0.5820	0.7885	0.6697	279
Support	0.5914	0.5260	0.5568	289
Comment	0.5495	0.4458	0.4922	249
Queries	0.5294	0.2432	0.3333	37
MacroF1	0.5130
F1w_avg	0.5652
Acc    	57.6

02/25/2021 13:45:02 - INFO - __main__ -   	EPOCH:  26	MiniBatch:    0
02/25/2021 13:45:02 - INFO - __main__ -   	EPOCH:  26	MiniBatch:    1
02/25/2021 13:45:03 - INFO - __main__ -   	EPOCH:  26	MiniBatch:    2
02/25/2021 13:45:03 - INFO - __main__ -   	EPOCH:  26	MiniBatch:    3
02/25/2021 13:45:04 - INFO - __main__ -   	EPOCH:  26	MiniBatch:    4
02/25/2021 13:45:04 - INFO - __main__ -   	EPOCH:  26	MiniBatch:    5
02/25/2021 13:45:05 - INFO - __main__ -   	EPOCH:  26	MiniBatch:    6
02/25/2021 13:45:05 - INFO - __main__ -   	EPOCH:  26	MiniBatch:    7
02/25/2021 13:45:06 - INFO - __main__ -   	EPOCH:  26	MiniBatch:    8
02/25/2021 13:45:06 - INFO - __main__ -   	EPOCH:  26	MiniBatch:    9
02/25/2021 13:45:07 - INFO - __main__ -   	EPOCH:  26	MiniBatch:   10
02/25/2021 13:45:07 - INFO - __main__ -   	EPOCH:  26	MiniBatch:   11
02/25/2021 13:45:08 - INFO - __main__ -   	EPOCH:  26	MiniBatch:   12
02/25/2021 13:45:08 - INFO - __main__ -   	EPOCH:  26	MiniBatch:   13
02/25/2021 13:45:09 - INFO - __main__ -   	EPOCH:  26	MiniBatch:   14
02/25/2021 13:45:09 - INFO - __main__ -   	EPOCH:  26	MiniBatch:   15
02/25/2021 13:45:10 - INFO - __main__ -   	EPOCH:  26	MiniBatch:   16
02/25/2021 13:45:10 - INFO - __main__ -   	EPOCH:  26	MiniBatch:   17
02/25/2021 13:45:11 - INFO - __main__ -   	EPOCH:  26	MiniBatch:   18
02/25/2021 13:45:11 - INFO - __main__ -   	EPOCH:  26	MiniBatch:   19
02/25/2021 13:45:12 - INFO - __main__ -   	EPOCH:  26	MiniBatch:   20
02/25/2021 13:45:12 - INFO - __main__ -   	EPOCH:  26	MiniBatch:   21
02/25/2021 13:45:13 - INFO - __main__ -   	EPOCH:  26	MiniBatch:   22
02/25/2021 13:45:13 - INFO - __main__ -   	EPOCH:  26	MiniBatch:   23
02/25/2021 13:45:14 - INFO - __main__ -   	EPOCH:  26	MiniBatch:   24
02/25/2021 13:45:14 - INFO - __main__ -   	EPOCH:  26	MiniBatch:   25
02/25/2021 13:45:15 - INFO - __main__ -   	Testing dev Minibatch:    0
02/25/2021 13:45:15 - INFO - __main__ -   	Testing dev Minibatch:    1
02/25/2021 13:45:15 - INFO - __main__ -   	Testing dev Minibatch:    2
02/25/2021 13:45:15 - INFO - __main__ -   	Testing dev Minibatch:    3
02/25/2021 13:45:16 - INFO - __main__ -   	Testing dev Minibatch:    4
02/25/2021 13:45:16 - INFO - __main__ -   	Testing dev Minibatch:    5
02/25/2021 13:45:16 - INFO - __main__ -   	Testing dev Minibatch:    6
02/25/2021 13:45:16 - INFO - __main__ -   	Testing dev Minibatch:    7
02/25/2021 13:45:16 - INFO - __main__ -   	Testing dev Minibatch:    8
02/25/2021 13:45:16 - INFO - __main__ -   
Labels 	Prec. 	Recall	F1    	Supp  
Denial 	0.5477	0.8029	0.6512	279
Support	0.5973	0.4567	0.5176	289
Comment	0.5441	0.4458	0.4901	249
Queries	0.4500	0.2432	0.3158	37
MacroF1	0.4937
F1w_avg	0.5445
Acc    	55.7

02/25/2021 13:45:17 - INFO - __main__ -   	EPOCH:  27	MiniBatch:    0
02/25/2021 13:45:17 - INFO - __main__ -   	EPOCH:  27	MiniBatch:    1
02/25/2021 13:45:18 - INFO - __main__ -   	EPOCH:  27	MiniBatch:    2
02/25/2021 13:45:18 - INFO - __main__ -   	EPOCH:  27	MiniBatch:    3
02/25/2021 13:45:19 - INFO - __main__ -   	EPOCH:  27	MiniBatch:    4
02/25/2021 13:45:19 - INFO - __main__ -   	EPOCH:  27	MiniBatch:    5
02/25/2021 13:45:20 - INFO - __main__ -   	EPOCH:  27	MiniBatch:    6
02/25/2021 13:45:20 - INFO - __main__ -   	EPOCH:  27	MiniBatch:    7
02/25/2021 13:45:21 - INFO - __main__ -   	EPOCH:  27	MiniBatch:    8
02/25/2021 13:45:21 - INFO - __main__ -   	EPOCH:  27	MiniBatch:    9
02/25/2021 13:45:22 - INFO - __main__ -   	EPOCH:  27	MiniBatch:   10
02/25/2021 13:45:22 - INFO - __main__ -   	EPOCH:  27	MiniBatch:   11
02/25/2021 13:45:23 - INFO - __main__ -   	EPOCH:  27	MiniBatch:   12
02/25/2021 13:45:23 - INFO - __main__ -   	EPOCH:  27	MiniBatch:   13
02/25/2021 13:45:24 - INFO - __main__ -   	EPOCH:  27	MiniBatch:   14
02/25/2021 13:45:24 - INFO - __main__ -   	EPOCH:  27	MiniBatch:   15
02/25/2021 13:45:25 - INFO - __main__ -   	EPOCH:  27	MiniBatch:   16
02/25/2021 13:45:25 - INFO - __main__ -   	EPOCH:  27	MiniBatch:   17
02/25/2021 13:45:26 - INFO - __main__ -   	EPOCH:  27	MiniBatch:   18
02/25/2021 13:45:26 - INFO - __main__ -   	EPOCH:  27	MiniBatch:   19
02/25/2021 13:45:27 - INFO - __main__ -   	EPOCH:  27	MiniBatch:   20
02/25/2021 13:45:27 - INFO - __main__ -   	EPOCH:  27	MiniBatch:   21
02/25/2021 13:45:28 - INFO - __main__ -   	EPOCH:  27	MiniBatch:   22
02/25/2021 13:45:28 - INFO - __main__ -   	EPOCH:  27	MiniBatch:   23
02/25/2021 13:45:28 - INFO - __main__ -   	EPOCH:  27	MiniBatch:   24
02/25/2021 13:45:29 - INFO - __main__ -   	EPOCH:  27	MiniBatch:   25
02/25/2021 13:45:30 - INFO - __main__ -   	Testing dev Minibatch:    0
02/25/2021 13:45:30 - INFO - __main__ -   	Testing dev Minibatch:    1
02/25/2021 13:45:30 - INFO - __main__ -   	Testing dev Minibatch:    2
02/25/2021 13:45:30 - INFO - __main__ -   	Testing dev Minibatch:    3
02/25/2021 13:45:30 - INFO - __main__ -   	Testing dev Minibatch:    4
02/25/2021 13:45:31 - INFO - __main__ -   	Testing dev Minibatch:    5
02/25/2021 13:45:31 - INFO - __main__ -   	Testing dev Minibatch:    6
02/25/2021 13:45:31 - INFO - __main__ -   	Testing dev Minibatch:    7
02/25/2021 13:45:31 - INFO - __main__ -   	Testing dev Minibatch:    8
02/25/2021 13:45:31 - INFO - __main__ -   
Labels 	Prec. 	Recall	F1    	Supp  
Denial 	0.5569	0.8065	0.6589	279
Support	0.6053	0.4775	0.5338	289
Comment	0.5485	0.4538	0.4967	249
Queries	0.5625	0.2432	0.3396	37
MacroF1	0.5073
F1w_avg	0.5554
Acc    	56.8

02/25/2021 13:45:32 - INFO - __main__ -   	EPOCH:  28	MiniBatch:    0
02/25/2021 13:45:32 - INFO - __main__ -   	EPOCH:  28	MiniBatch:    1
02/25/2021 13:45:33 - INFO - __main__ -   	EPOCH:  28	MiniBatch:    2
02/25/2021 13:45:33 - INFO - __main__ -   	EPOCH:  28	MiniBatch:    3
02/25/2021 13:45:34 - INFO - __main__ -   	EPOCH:  28	MiniBatch:    4
02/25/2021 13:45:34 - INFO - __main__ -   	EPOCH:  28	MiniBatch:    5
02/25/2021 13:45:34 - INFO - __main__ -   	EPOCH:  28	MiniBatch:    6
02/25/2021 13:45:35 - INFO - __main__ -   	EPOCH:  28	MiniBatch:    7
02/25/2021 13:45:35 - INFO - __main__ -   	EPOCH:  28	MiniBatch:    8
02/25/2021 13:45:36 - INFO - __main__ -   	EPOCH:  28	MiniBatch:    9
02/25/2021 13:45:36 - INFO - __main__ -   	EPOCH:  28	MiniBatch:   10
02/25/2021 13:45:37 - INFO - __main__ -   	EPOCH:  28	MiniBatch:   11
02/25/2021 13:45:37 - INFO - __main__ -   	EPOCH:  28	MiniBatch:   12
02/25/2021 13:45:38 - INFO - __main__ -   	EPOCH:  28	MiniBatch:   13
02/25/2021 13:45:38 - INFO - __main__ -   	EPOCH:  28	MiniBatch:   14
02/25/2021 13:45:39 - INFO - __main__ -   	EPOCH:  28	MiniBatch:   15
02/25/2021 13:45:39 - INFO - __main__ -   	EPOCH:  28	MiniBatch:   16
02/25/2021 13:45:40 - INFO - __main__ -   	EPOCH:  28	MiniBatch:   17
02/25/2021 13:45:40 - INFO - __main__ -   	EPOCH:  28	MiniBatch:   18
02/25/2021 13:45:41 - INFO - __main__ -   	EPOCH:  28	MiniBatch:   19
02/25/2021 13:45:41 - INFO - __main__ -   	EPOCH:  28	MiniBatch:   20
02/25/2021 13:45:42 - INFO - __main__ -   	EPOCH:  28	MiniBatch:   21
02/25/2021 13:45:42 - INFO - __main__ -   	EPOCH:  28	MiniBatch:   22
02/25/2021 13:45:43 - INFO - __main__ -   	EPOCH:  28	MiniBatch:   23
02/25/2021 13:45:43 - INFO - __main__ -   	EPOCH:  28	MiniBatch:   24
02/25/2021 13:45:44 - INFO - __main__ -   	EPOCH:  28	MiniBatch:   25
02/25/2021 13:45:44 - INFO - __main__ -   	Testing dev Minibatch:    0
02/25/2021 13:45:45 - INFO - __main__ -   	Testing dev Minibatch:    1
02/25/2021 13:45:45 - INFO - __main__ -   	Testing dev Minibatch:    2
02/25/2021 13:45:45 - INFO - __main__ -   	Testing dev Minibatch:    3
02/25/2021 13:45:45 - INFO - __main__ -   	Testing dev Minibatch:    4
02/25/2021 13:45:45 - INFO - __main__ -   	Testing dev Minibatch:    5
02/25/2021 13:45:46 - INFO - __main__ -   	Testing dev Minibatch:    6
02/25/2021 13:45:46 - INFO - __main__ -   	Testing dev Minibatch:    7
02/25/2021 13:45:46 - INFO - __main__ -   	Testing dev Minibatch:    8
02/25/2021 13:45:46 - INFO - __main__ -   
Labels 	Prec. 	Recall	F1    	Supp  
Denial 	0.5542	0.8244	0.6628	279
Support	0.5929	0.5190	0.5535	289
Comment	0.5789	0.3976	0.4714	249
Queries	0.5333	0.2162	0.3077	37
MacroF1	0.4989
F1w_avg	0.5546
Acc    	57.0

02/25/2021 13:45:46 - INFO - __main__ -   	EPOCH:  29	MiniBatch:    0
02/25/2021 13:45:47 - INFO - __main__ -   	EPOCH:  29	MiniBatch:    1
02/25/2021 13:45:47 - INFO - __main__ -   	EPOCH:  29	MiniBatch:    2
02/25/2021 13:45:48 - INFO - __main__ -   	EPOCH:  29	MiniBatch:    3
02/25/2021 13:45:48 - INFO - __main__ -   	EPOCH:  29	MiniBatch:    4
02/25/2021 13:45:49 - INFO - __main__ -   	EPOCH:  29	MiniBatch:    5
02/25/2021 13:45:49 - INFO - __main__ -   	EPOCH:  29	MiniBatch:    6
02/25/2021 13:45:50 - INFO - __main__ -   	EPOCH:  29	MiniBatch:    7
02/25/2021 13:45:50 - INFO - __main__ -   	EPOCH:  29	MiniBatch:    8
02/25/2021 13:45:51 - INFO - __main__ -   	EPOCH:  29	MiniBatch:    9
02/25/2021 13:45:51 - INFO - __main__ -   	EPOCH:  29	MiniBatch:   10
02/25/2021 13:45:52 - INFO - __main__ -   	EPOCH:  29	MiniBatch:   11
02/25/2021 13:45:52 - INFO - __main__ -   	EPOCH:  29	MiniBatch:   12
02/25/2021 13:45:53 - INFO - __main__ -   	EPOCH:  29	MiniBatch:   13
02/25/2021 13:45:53 - INFO - __main__ -   	EPOCH:  29	MiniBatch:   14
02/25/2021 13:45:54 - INFO - __main__ -   	EPOCH:  29	MiniBatch:   15
02/25/2021 13:45:54 - INFO - __main__ -   	EPOCH:  29	MiniBatch:   16
02/25/2021 13:45:55 - INFO - __main__ -   	EPOCH:  29	MiniBatch:   17
02/25/2021 13:45:55 - INFO - __main__ -   	EPOCH:  29	MiniBatch:   18
02/25/2021 13:45:56 - INFO - __main__ -   	EPOCH:  29	MiniBatch:   19
02/25/2021 13:45:56 - INFO - __main__ -   	EPOCH:  29	MiniBatch:   20
02/25/2021 13:45:57 - INFO - __main__ -   	EPOCH:  29	MiniBatch:   21
02/25/2021 13:45:57 - INFO - __main__ -   	EPOCH:  29	MiniBatch:   22
02/25/2021 13:45:58 - INFO - __main__ -   	EPOCH:  29	MiniBatch:   23
02/25/2021 13:45:58 - INFO - __main__ -   	EPOCH:  29	MiniBatch:   24
02/25/2021 13:45:59 - INFO - __main__ -   	EPOCH:  29	MiniBatch:   25
02/25/2021 13:45:59 - INFO - __main__ -   	Testing dev Minibatch:    0
02/25/2021 13:45:59 - INFO - __main__ -   	Testing dev Minibatch:    1
02/25/2021 13:46:00 - INFO - __main__ -   	Testing dev Minibatch:    2
02/25/2021 13:46:00 - INFO - __main__ -   	Testing dev Minibatch:    3
02/25/2021 13:46:00 - INFO - __main__ -   	Testing dev Minibatch:    4
02/25/2021 13:46:00 - INFO - __main__ -   	Testing dev Minibatch:    5
02/25/2021 13:46:00 - INFO - __main__ -   	Testing dev Minibatch:    6
02/25/2021 13:46:00 - INFO - __main__ -   	Testing dev Minibatch:    7
02/25/2021 13:46:01 - INFO - __main__ -   	Testing dev Minibatch:    8
02/25/2021 13:46:01 - INFO - __main__ -   
Labels 	Prec. 	Recall	F1    	Supp  
Denial 	0.5360	0.8280	0.6507	279
Support	0.6019	0.4498	0.5149	289
Comment	0.5550	0.4257	0.4818	249
Queries	0.5625	0.2432	0.3396	37
MacroF1	0.4967
F1w_avg	0.5420
Acc    	55.7

02/25/2021 13:46:01 - INFO - __main__ -   	EPOCH:  30	MiniBatch:    0
02/25/2021 13:46:02 - INFO - __main__ -   	EPOCH:  30	MiniBatch:    1
02/25/2021 13:46:02 - INFO - __main__ -   	EPOCH:  30	MiniBatch:    2
02/25/2021 13:46:03 - INFO - __main__ -   	EPOCH:  30	MiniBatch:    3
02/25/2021 13:46:03 - INFO - __main__ -   	EPOCH:  30	MiniBatch:    4
02/25/2021 13:46:04 - INFO - __main__ -   	EPOCH:  30	MiniBatch:    5
02/25/2021 13:46:04 - INFO - __main__ -   	EPOCH:  30	MiniBatch:    6
02/25/2021 13:46:05 - INFO - __main__ -   	EPOCH:  30	MiniBatch:    7
02/25/2021 13:46:05 - INFO - __main__ -   	EPOCH:  30	MiniBatch:    8
02/25/2021 13:46:06 - INFO - __main__ -   	EPOCH:  30	MiniBatch:    9
02/25/2021 13:46:06 - INFO - __main__ -   	EPOCH:  30	MiniBatch:   10
02/25/2021 13:46:07 - INFO - __main__ -   	EPOCH:  30	MiniBatch:   11
02/25/2021 13:46:07 - INFO - __main__ -   	EPOCH:  30	MiniBatch:   12
02/25/2021 13:46:08 - INFO - __main__ -   	EPOCH:  30	MiniBatch:   13
02/25/2021 13:46:08 - INFO - __main__ -   	EPOCH:  30	MiniBatch:   14
02/25/2021 13:46:09 - INFO - __main__ -   	EPOCH:  30	MiniBatch:   15
02/25/2021 13:46:09 - INFO - __main__ -   	EPOCH:  30	MiniBatch:   16
02/25/2021 13:46:10 - INFO - __main__ -   	EPOCH:  30	MiniBatch:   17
02/25/2021 13:46:10 - INFO - __main__ -   	EPOCH:  30	MiniBatch:   18
02/25/2021 13:46:11 - INFO - __main__ -   	EPOCH:  30	MiniBatch:   19
02/25/2021 13:46:11 - INFO - __main__ -   	EPOCH:  30	MiniBatch:   20
02/25/2021 13:46:11 - INFO - __main__ -   	EPOCH:  30	MiniBatch:   21
02/25/2021 13:46:12 - INFO - __main__ -   	EPOCH:  30	MiniBatch:   22
02/25/2021 13:46:13 - INFO - __main__ -   	EPOCH:  30	MiniBatch:   23
02/25/2021 13:46:13 - INFO - __main__ -   	EPOCH:  30	MiniBatch:   24
02/25/2021 13:46:14 - INFO - __main__ -   	EPOCH:  30	MiniBatch:   25
02/25/2021 13:46:14 - INFO - __main__ -   	Testing dev Minibatch:    0
02/25/2021 13:46:14 - INFO - __main__ -   	Testing dev Minibatch:    1
02/25/2021 13:46:14 - INFO - __main__ -   	Testing dev Minibatch:    2
02/25/2021 13:46:15 - INFO - __main__ -   	Testing dev Minibatch:    3
02/25/2021 13:46:15 - INFO - __main__ -   	Testing dev Minibatch:    4
02/25/2021 13:46:15 - INFO - __main__ -   	Testing dev Minibatch:    5
02/25/2021 13:46:15 - INFO - __main__ -   	Testing dev Minibatch:    6
02/25/2021 13:46:15 - INFO - __main__ -   	Testing dev Minibatch:    7
02/25/2021 13:46:16 - INFO - __main__ -   	Testing dev Minibatch:    8
02/25/2021 13:46:16 - INFO - __main__ -   
Labels 	Prec. 	Recall	F1    	Supp  
Denial 	0.5166	0.8387	0.6393	279
Support	0.6029	0.4256	0.4990	289
Comment	0.5642	0.4056	0.4720	249
Queries	0.5000	0.2432	0.3273	37
MacroF1	0.4844
F1w_avg	0.5295
Acc    	54.7

02/25/2021 13:46:16 - INFO - __main__ -   	EPOCH:  31	MiniBatch:    0
02/25/2021 13:46:16 - INFO - __main__ -   	EPOCH:  31	MiniBatch:    1
02/25/2021 13:46:17 - INFO - __main__ -   	EPOCH:  31	MiniBatch:    2
02/25/2021 13:46:17 - INFO - __main__ -   	EPOCH:  31	MiniBatch:    3
02/25/2021 13:46:18 - INFO - __main__ -   	EPOCH:  31	MiniBatch:    4
02/25/2021 13:46:18 - INFO - __main__ -   	EPOCH:  31	MiniBatch:    5
02/25/2021 13:46:19 - INFO - __main__ -   	EPOCH:  31	MiniBatch:    6
02/25/2021 13:46:19 - INFO - __main__ -   	EPOCH:  31	MiniBatch:    7
02/25/2021 13:46:20 - INFO - __main__ -   	EPOCH:  31	MiniBatch:    8
02/25/2021 13:46:20 - INFO - __main__ -   	EPOCH:  31	MiniBatch:    9
02/25/2021 13:46:21 - INFO - __main__ -   	EPOCH:  31	MiniBatch:   10
02/25/2021 13:46:21 - INFO - __main__ -   	EPOCH:  31	MiniBatch:   11
02/25/2021 13:46:22 - INFO - __main__ -   	EPOCH:  31	MiniBatch:   12
02/25/2021 13:46:22 - INFO - __main__ -   	EPOCH:  31	MiniBatch:   13
02/25/2021 13:46:23 - INFO - __main__ -   	EPOCH:  31	MiniBatch:   14
02/25/2021 13:46:23 - INFO - __main__ -   	EPOCH:  31	MiniBatch:   15
02/25/2021 13:46:24 - INFO - __main__ -   	EPOCH:  31	MiniBatch:   16
02/25/2021 13:46:24 - INFO - __main__ -   	EPOCH:  31	MiniBatch:   17
02/25/2021 13:46:25 - INFO - __main__ -   	EPOCH:  31	MiniBatch:   18
02/25/2021 13:46:25 - INFO - __main__ -   	EPOCH:  31	MiniBatch:   19
02/25/2021 13:46:26 - INFO - __main__ -   	EPOCH:  31	MiniBatch:   20
02/25/2021 13:46:26 - INFO - __main__ -   	EPOCH:  31	MiniBatch:   21
02/25/2021 13:46:27 - INFO - __main__ -   	EPOCH:  31	MiniBatch:   22
02/25/2021 13:46:27 - INFO - __main__ -   	EPOCH:  31	MiniBatch:   23
02/25/2021 13:46:28 - INFO - __main__ -   	EPOCH:  31	MiniBatch:   24
02/25/2021 13:46:28 - INFO - __main__ -   	EPOCH:  31	MiniBatch:   25
02/25/2021 13:46:29 - INFO - __main__ -   	Testing dev Minibatch:    0
02/25/2021 13:46:29 - INFO - __main__ -   	Testing dev Minibatch:    1
02/25/2021 13:46:29 - INFO - __main__ -   	Testing dev Minibatch:    2
02/25/2021 13:46:29 - INFO - __main__ -   	Testing dev Minibatch:    3
02/25/2021 13:46:30 - INFO - __main__ -   	Testing dev Minibatch:    4
02/25/2021 13:46:30 - INFO - __main__ -   	Testing dev Minibatch:    5
02/25/2021 13:46:30 - INFO - __main__ -   	Testing dev Minibatch:    6
02/25/2021 13:46:30 - INFO - __main__ -   	Testing dev Minibatch:    7
02/25/2021 13:46:30 - INFO - __main__ -   	Testing dev Minibatch:    8
02/25/2021 13:46:30 - INFO - __main__ -   
Labels 	Prec. 	Recall	F1    	Supp  
Denial 	0.5553	0.8100	0.6589	279
Support	0.6094	0.4913	0.5441	289
Comment	0.5594	0.4538	0.5011	249
Queries	0.6667	0.2162	0.3265	37
MacroF1	0.5076
F1w_avg	0.5596
Acc    	57.3

02/25/2021 13:46:31 - INFO - __main__ -   	EPOCH:  32	MiniBatch:    0
02/25/2021 13:46:31 - INFO - __main__ -   	EPOCH:  32	MiniBatch:    1
02/25/2021 13:46:32 - INFO - __main__ -   	EPOCH:  32	MiniBatch:    2
02/25/2021 13:46:32 - INFO - __main__ -   	EPOCH:  32	MiniBatch:    3
02/25/2021 13:46:33 - INFO - __main__ -   	EPOCH:  32	MiniBatch:    4
02/25/2021 13:46:33 - INFO - __main__ -   	EPOCH:  32	MiniBatch:    5
02/25/2021 13:46:34 - INFO - __main__ -   	EPOCH:  32	MiniBatch:    6
02/25/2021 13:46:34 - INFO - __main__ -   	EPOCH:  32	MiniBatch:    7
02/25/2021 13:46:35 - INFO - __main__ -   	EPOCH:  32	MiniBatch:    8
02/25/2021 13:46:35 - INFO - __main__ -   	EPOCH:  32	MiniBatch:    9
02/25/2021 13:46:36 - INFO - __main__ -   	EPOCH:  32	MiniBatch:   10
02/25/2021 13:46:36 - INFO - __main__ -   	EPOCH:  32	MiniBatch:   11
02/25/2021 13:46:37 - INFO - __main__ -   	EPOCH:  32	MiniBatch:   12
02/25/2021 13:46:37 - INFO - __main__ -   	EPOCH:  32	MiniBatch:   13
02/25/2021 13:46:38 - INFO - __main__ -   	EPOCH:  32	MiniBatch:   14
02/25/2021 13:46:38 - INFO - __main__ -   	EPOCH:  32	MiniBatch:   15
02/25/2021 13:46:39 - INFO - __main__ -   	EPOCH:  32	MiniBatch:   16
02/25/2021 13:46:39 - INFO - __main__ -   	EPOCH:  32	MiniBatch:   17
02/25/2021 13:46:40 - INFO - __main__ -   	EPOCH:  32	MiniBatch:   18
02/25/2021 13:46:40 - INFO - __main__ -   	EPOCH:  32	MiniBatch:   19
02/25/2021 13:46:41 - INFO - __main__ -   	EPOCH:  32	MiniBatch:   20
02/25/2021 13:46:41 - INFO - __main__ -   	EPOCH:  32	MiniBatch:   21
02/25/2021 13:46:42 - INFO - __main__ -   	EPOCH:  32	MiniBatch:   22
02/25/2021 13:46:42 - INFO - __main__ -   	EPOCH:  32	MiniBatch:   23
02/25/2021 13:46:43 - INFO - __main__ -   	EPOCH:  32	MiniBatch:   24
02/25/2021 13:46:43 - INFO - __main__ -   	EPOCH:  32	MiniBatch:   25
02/25/2021 13:46:44 - INFO - __main__ -   	Testing dev Minibatch:    0
02/25/2021 13:46:44 - INFO - __main__ -   	Testing dev Minibatch:    1
02/25/2021 13:46:44 - INFO - __main__ -   	Testing dev Minibatch:    2
02/25/2021 13:46:44 - INFO - __main__ -   	Testing dev Minibatch:    3
02/25/2021 13:46:44 - INFO - __main__ -   	Testing dev Minibatch:    4
02/25/2021 13:46:45 - INFO - __main__ -   	Testing dev Minibatch:    5
02/25/2021 13:46:45 - INFO - __main__ -   	Testing dev Minibatch:    6
02/25/2021 13:46:45 - INFO - __main__ -   	Testing dev Minibatch:    7
02/25/2021 13:46:45 - INFO - __main__ -   	Testing dev Minibatch:    8
02/25/2021 13:46:45 - INFO - __main__ -   
Labels 	Prec. 	Recall	F1    	Supp  
Denial 	0.6000	0.7849	0.6801	279
Support	0.6054	0.5467	0.5745	289
Comment	0.5509	0.4779	0.5118	249
Queries	0.6667	0.2162	0.3265	37
MacroF1	0.5233
F1w_avg	0.5800
Acc    	59.0

02/25/2021 13:46:45 - INFO - __main__ -   	EPOCH:  33	MiniBatch:    0
02/25/2021 13:46:46 - INFO - __main__ -   	EPOCH:  33	MiniBatch:    1
02/25/2021 13:46:46 - INFO - __main__ -   	EPOCH:  33	MiniBatch:    2
02/25/2021 13:46:47 - INFO - __main__ -   	EPOCH:  33	MiniBatch:    3
02/25/2021 13:46:47 - INFO - __main__ -   	EPOCH:  33	MiniBatch:    4
02/25/2021 13:46:48 - INFO - __main__ -   	EPOCH:  33	MiniBatch:    5
02/25/2021 13:46:48 - INFO - __main__ -   	EPOCH:  33	MiniBatch:    6
02/25/2021 13:46:49 - INFO - __main__ -   	EPOCH:  33	MiniBatch:    7
02/25/2021 13:46:49 - INFO - __main__ -   	EPOCH:  33	MiniBatch:    8
02/25/2021 13:46:50 - INFO - __main__ -   	EPOCH:  33	MiniBatch:    9
02/25/2021 13:46:50 - INFO - __main__ -   	EPOCH:  33	MiniBatch:   10
02/25/2021 13:46:51 - INFO - __main__ -   	EPOCH:  33	MiniBatch:   11
02/25/2021 13:46:51 - INFO - __main__ -   	EPOCH:  33	MiniBatch:   12
02/25/2021 13:46:52 - INFO - __main__ -   	EPOCH:  33	MiniBatch:   13
02/25/2021 13:46:52 - INFO - __main__ -   	EPOCH:  33	MiniBatch:   14
02/25/2021 13:46:53 - INFO - __main__ -   	EPOCH:  33	MiniBatch:   15
02/25/2021 13:46:53 - INFO - __main__ -   	EPOCH:  33	MiniBatch:   16
02/25/2021 13:46:54 - INFO - __main__ -   	EPOCH:  33	MiniBatch:   17
02/25/2021 13:46:54 - INFO - __main__ -   	EPOCH:  33	MiniBatch:   18
02/25/2021 13:46:55 - INFO - __main__ -   	EPOCH:  33	MiniBatch:   19
02/25/2021 13:46:55 - INFO - __main__ -   	EPOCH:  33	MiniBatch:   20
02/25/2021 13:46:56 - INFO - __main__ -   	EPOCH:  33	MiniBatch:   21
02/25/2021 13:46:56 - INFO - __main__ -   	EPOCH:  33	MiniBatch:   22
02/25/2021 13:46:57 - INFO - __main__ -   	EPOCH:  33	MiniBatch:   23
02/25/2021 13:46:57 - INFO - __main__ -   	EPOCH:  33	MiniBatch:   24
02/25/2021 13:46:58 - INFO - __main__ -   	EPOCH:  33	MiniBatch:   25
02/25/2021 13:46:58 - INFO - __main__ -   	Testing dev Minibatch:    0
02/25/2021 13:46:59 - INFO - __main__ -   	Testing dev Minibatch:    1
02/25/2021 13:46:59 - INFO - __main__ -   	Testing dev Minibatch:    2
02/25/2021 13:46:59 - INFO - __main__ -   	Testing dev Minibatch:    3
02/25/2021 13:46:59 - INFO - __main__ -   	Testing dev Minibatch:    4
02/25/2021 13:46:59 - INFO - __main__ -   	Testing dev Minibatch:    5
02/25/2021 13:46:59 - INFO - __main__ -   	Testing dev Minibatch:    6
02/25/2021 13:47:00 - INFO - __main__ -   	Testing dev Minibatch:    7
02/25/2021 13:47:00 - INFO - __main__ -   	Testing dev Minibatch:    8
02/25/2021 13:47:00 - INFO - __main__ -   
Labels 	Prec. 	Recall	F1    	Supp  
Denial 	0.5578	0.7957	0.6558	279
Support	0.5766	0.5467	0.5613	289
Comment	0.5824	0.3976	0.4726	249
Queries	0.6667	0.2162	0.3265	37
MacroF1	0.5040
F1w_avg	0.5561
Acc    	57.0

02/25/2021 13:47:00 - INFO - __main__ -   No improvements in F1 for 20 epochs
02/25/2021 13:47:01 - INFO - __main__ -   	Testing test Minibatch:    0
02/25/2021 13:47:01 - INFO - __main__ -   	Testing test Minibatch:    1
02/25/2021 13:47:01 - INFO - __main__ -   	Testing test Minibatch:    2
02/25/2021 13:47:02 - INFO - __main__ -   	Testing test Minibatch:    3
02/25/2021 13:47:02 - INFO - __main__ -   	Testing test Minibatch:    4
02/25/2021 13:47:02 - INFO - __main__ -   	Testing test Minibatch:    5
02/25/2021 13:47:02 - INFO - __main__ -   	Testing test Minibatch:    6
02/25/2021 13:47:02 - INFO - __main__ -   	Testing test Minibatch:    7
02/25/2021 13:47:02 - INFO - __main__ -   	Testing test Minibatch:    8
02/25/2021 13:47:03 - INFO - __main__ -   
Labels 	Prec. 	Recall	F1    	Supp  
Denial 	0.7126	0.5942	0.6481	313
Support	0.5331	0.6098	0.5689	264
Comment	0.5438	0.5984	0.5698	249
Queries	0.4706	0.2857	0.3556	28
MacroF1	0.5356
F1w_avg	0.5912
Acc    	59.0

02/25/2021 13:47:03 - INFO - __main__ -   Time taken: 0h 8m 52s
