02/26/2021 11:07:16 - INFO - __main__ -   ----------------- Hyperparameters ------------------
02/26/2021 11:07:16 - INFO - __main__ -   ======== my_Bertweet =========
02/26/2021 11:07:16 - INFO - __main__ -   ===== Hyperparameters ======
02/26/2021 11:07:16 - INFO - __main__ -   ('batch_train', 300)
02/26/2021 11:07:16 - INFO - __main__ -   ('batch_test', 300)
02/26/2021 11:07:16 - INFO - __main__ -   ('epochs', 100)
02/26/2021 11:07:16 - INFO - __main__ -   ('learning_rate', 0.0001)
02/26/2021 11:07:16 - INFO - __main__ -   ('optimizer', 'adam')
02/26/2021 11:07:16 - INFO - __main__ -   ('do_train', True)
02/26/2021 11:07:16 - INFO - __main__ -   ('do_test', True)
02/26/2021 11:07:16 - INFO - __main__ -   ('model_name', 'my_Bertweet')
02/26/2021 11:07:16 - INFO - __main__ -   ('exp_name', 'exp50')
02/26/2021 11:07:16 - INFO - __main__ -   ('train_data', './data/train_set_128_bertweet.bin')
02/26/2021 11:07:16 - INFO - __main__ -   ('test_data', './data/test_set_128_bertweet.bin')
02/26/2021 11:07:16 - INFO - __main__ -   ('k_folds', 4)
02/26/2021 11:07:16 - INFO - __main__ -   ('folds2run', 1)
02/26/2021 11:07:16 - INFO - __main__ -   ('debug', False)
02/26/2021 11:07:16 - INFO - __main__ -   ('log_interval', 1)
02/26/2021 11:07:16 - INFO - __main__ -   ('loss_fn', 'ce_loss')
02/26/2021 11:07:16 - INFO - __main__ -   ('w_sample', True)
02/26/2021 11:07:16 - INFO - __main__ -   ('pretrain_model', '')
02/26/2021 11:07:16 - INFO - __main__ -   ('epochs2giveup', 20)
02/26/2021 11:07:16 - INFO - __main__ -   ('dropout', 0.3)
02/26/2021 11:07:16 - INFO - __main__ -   ------------------ Getting model -------------------
02/26/2021 11:07:23 - INFO - __main__ -   --------------- Getting dataframes -----------------
02/26/2021 11:07:23 - INFO - __main__ -   ------- Setting loss function and optimizer --------
02/26/2021 11:07:23 - INFO - __main__ -   ------------ Converting to dataloaders -------------
02/26/2021 11:07:23 - INFO - __main__ -   939
02/26/2021 11:07:23 - INFO - __main__ -   810
02/26/2021 11:07:23 - INFO - __main__ -   722
02/26/2021 11:07:23 - INFO - __main__ -   92
02/26/2021 11:07:23 - INFO - __main__ -   ---------------- Starting training -----------------
02/26/2021 11:07:23 - INFO - __main__ -   	EPOCH:   0	MiniBatch:    0
02/26/2021 11:07:27 - INFO - __main__ -   	EPOCH:   0	MiniBatch:    1
02/26/2021 11:07:28 - INFO - __main__ -   	EPOCH:   0	MiniBatch:    2
02/26/2021 11:07:29 - INFO - __main__ -   	EPOCH:   0	MiniBatch:    3
02/26/2021 11:07:30 - INFO - __main__ -   	EPOCH:   0	MiniBatch:    4
02/26/2021 11:07:31 - INFO - __main__ -   	EPOCH:   0	MiniBatch:    5
02/26/2021 11:07:32 - INFO - __main__ -   	EPOCH:   0	MiniBatch:    6
02/26/2021 11:07:33 - INFO - __main__ -   	EPOCH:   0	MiniBatch:    7
02/26/2021 11:07:35 - INFO - __main__ -   	EPOCH:   0	MiniBatch:    8
02/26/2021 11:07:35 - INFO - __main__ -   	Testing dev Minibatch:    0
02/26/2021 11:07:36 - INFO - __main__ -   	Testing dev Minibatch:    1
02/26/2021 11:07:36 - INFO - __main__ -   	Testing dev Minibatch:    2
02/26/2021 11:07:37 - INFO - __main__ -   
Labels 	Prec. 	Recall	F1    	Supp  
Denial 	0.5297	0.4125	0.4638	303
Support	0.4203	0.7117	0.5285	274
Comment	0.0000	0.0000	0.0000	248
Queries	0.1169	0.6207	0.1967	29
MacroF1	0.2972
F1w_avg	0.3408
Acc    	39.6

02/26/2021 11:07:37 - INFO - __main__ -   	EPOCH:   1	MiniBatch:    0
02/26/2021 11:07:38 - INFO - __main__ -   	EPOCH:   1	MiniBatch:    1
02/26/2021 11:07:40 - INFO - __main__ -   	EPOCH:   1	MiniBatch:    2
02/26/2021 11:07:41 - INFO - __main__ -   	EPOCH:   1	MiniBatch:    3
02/26/2021 11:07:42 - INFO - __main__ -   	EPOCH:   1	MiniBatch:    4
02/26/2021 11:07:43 - INFO - __main__ -   	EPOCH:   1	MiniBatch:    5
02/26/2021 11:07:44 - INFO - __main__ -   	EPOCH:   1	MiniBatch:    6
02/26/2021 11:07:45 - INFO - __main__ -   	EPOCH:   1	MiniBatch:    7
02/26/2021 11:07:46 - INFO - __main__ -   	EPOCH:   1	MiniBatch:    8
02/26/2021 11:07:47 - INFO - __main__ -   	Testing dev Minibatch:    0
02/26/2021 11:07:48 - INFO - __main__ -   	Testing dev Minibatch:    1
02/26/2021 11:07:48 - INFO - __main__ -   	Testing dev Minibatch:    2
02/26/2021 11:07:49 - INFO - __main__ -   
Labels 	Prec. 	Recall	F1    	Supp  
Denial 	0.4163	0.8944	0.5681	303
Support	0.5938	0.0693	0.1242	274
Comment	0.4922	0.2540	0.3351	248
Queries	0.3256	0.4828	0.3889	29
MacroF1	0.3541
F1w_avg	0.3519
Acc    	43.0

02/26/2021 11:07:50 - INFO - __main__ -   	EPOCH:   2	MiniBatch:    0
02/26/2021 11:07:52 - INFO - __main__ -   	EPOCH:   2	MiniBatch:    1
02/26/2021 11:07:53 - INFO - __main__ -   	EPOCH:   2	MiniBatch:    2
02/26/2021 11:07:54 - INFO - __main__ -   	EPOCH:   2	MiniBatch:    3
02/26/2021 11:07:55 - INFO - __main__ -   	EPOCH:   2	MiniBatch:    4
02/26/2021 11:07:56 - INFO - __main__ -   	EPOCH:   2	MiniBatch:    5
02/26/2021 11:07:57 - INFO - __main__ -   	EPOCH:   2	MiniBatch:    6
02/26/2021 11:07:58 - INFO - __main__ -   	EPOCH:   2	MiniBatch:    7
02/26/2021 11:08:00 - INFO - __main__ -   	EPOCH:   2	MiniBatch:    8
02/26/2021 11:08:00 - INFO - __main__ -   	Testing dev Minibatch:    0
02/26/2021 11:08:01 - INFO - __main__ -   	Testing dev Minibatch:    1
02/26/2021 11:08:01 - INFO - __main__ -   	Testing dev Minibatch:    2
02/26/2021 11:08:02 - INFO - __main__ -   
Labels 	Prec. 	Recall	F1    	Supp  
Denial 	0.6522	0.6436	0.6478	303
Support	0.5027	0.6861	0.5802	274
Comment	0.5435	0.3024	0.3886	248
Queries	0.3023	0.4483	0.3611	29
MacroF1	0.4944
F1w_avg	0.5411
Acc    	55.2

02/26/2021 11:08:03 - INFO - __main__ -   	EPOCH:   3	MiniBatch:    0
02/26/2021 11:08:05 - INFO - __main__ -   	EPOCH:   3	MiniBatch:    1
02/26/2021 11:08:06 - INFO - __main__ -   	EPOCH:   3	MiniBatch:    2
02/26/2021 11:08:07 - INFO - __main__ -   	EPOCH:   3	MiniBatch:    3
02/26/2021 11:08:08 - INFO - __main__ -   	EPOCH:   3	MiniBatch:    4
02/26/2021 11:08:09 - INFO - __main__ -   	EPOCH:   3	MiniBatch:    5
02/26/2021 11:08:10 - INFO - __main__ -   	EPOCH:   3	MiniBatch:    6
02/26/2021 11:08:11 - INFO - __main__ -   	EPOCH:   3	MiniBatch:    7
02/26/2021 11:08:13 - INFO - __main__ -   	EPOCH:   3	MiniBatch:    8
02/26/2021 11:08:14 - INFO - __main__ -   	Testing dev Minibatch:    0
02/26/2021 11:08:14 - INFO - __main__ -   	Testing dev Minibatch:    1
02/26/2021 11:08:14 - INFO - __main__ -   	Testing dev Minibatch:    2
02/26/2021 11:08:15 - INFO - __main__ -   
Labels 	Prec. 	Recall	F1    	Supp  
Denial 	0.5956	0.7195	0.6517	303
Support	0.4914	0.6241	0.5498	274
Comment	0.5952	0.3024	0.4011	248
Queries	0.5000	0.2414	0.3256	29
MacroF1	0.4821
F1w_avg	0.5352
Acc    	55.2

02/26/2021 11:08:15 - INFO - __main__ -   	EPOCH:   4	MiniBatch:    0
02/26/2021 11:08:16 - INFO - __main__ -   	EPOCH:   4	MiniBatch:    1
02/26/2021 11:08:17 - INFO - __main__ -   	EPOCH:   4	MiniBatch:    2
02/26/2021 11:08:18 - INFO - __main__ -   	EPOCH:   4	MiniBatch:    3
02/26/2021 11:08:20 - INFO - __main__ -   	EPOCH:   4	MiniBatch:    4
02/26/2021 11:08:21 - INFO - __main__ -   	EPOCH:   4	MiniBatch:    5
02/26/2021 11:08:22 - INFO - __main__ -   	EPOCH:   4	MiniBatch:    6
02/26/2021 11:08:23 - INFO - __main__ -   	EPOCH:   4	MiniBatch:    7
02/26/2021 11:08:24 - INFO - __main__ -   	EPOCH:   4	MiniBatch:    8
02/26/2021 11:08:25 - INFO - __main__ -   	Testing dev Minibatch:    0
02/26/2021 11:08:25 - INFO - __main__ -   	Testing dev Minibatch:    1
02/26/2021 11:08:26 - INFO - __main__ -   	Testing dev Minibatch:    2
02/26/2021 11:08:26 - INFO - __main__ -   
Labels 	Prec. 	Recall	F1    	Supp  
Denial 	0.7577	0.5677	0.6491	303
Support	0.4661	0.7774	0.5828	274
Comment	0.5478	0.3468	0.4247	248
Queries	0.4615	0.2069	0.2857	29
MacroF1	0.4856
F1w_avg	0.5503
Acc    	55.9

02/26/2021 11:08:26 - INFO - __main__ -   	EPOCH:   5	MiniBatch:    0
02/26/2021 11:08:28 - INFO - __main__ -   	EPOCH:   5	MiniBatch:    1
02/26/2021 11:08:29 - INFO - __main__ -   	EPOCH:   5	MiniBatch:    2
02/26/2021 11:08:30 - INFO - __main__ -   	EPOCH:   5	MiniBatch:    3
02/26/2021 11:08:31 - INFO - __main__ -   	EPOCH:   5	MiniBatch:    4
02/26/2021 11:08:32 - INFO - __main__ -   	EPOCH:   5	MiniBatch:    5
02/26/2021 11:08:33 - INFO - __main__ -   	EPOCH:   5	MiniBatch:    6
02/26/2021 11:08:35 - INFO - __main__ -   	EPOCH:   5	MiniBatch:    7
02/26/2021 11:08:36 - INFO - __main__ -   	EPOCH:   5	MiniBatch:    8
02/26/2021 11:08:37 - INFO - __main__ -   	Testing dev Minibatch:    0
02/26/2021 11:08:37 - INFO - __main__ -   	Testing dev Minibatch:    1
02/26/2021 11:08:37 - INFO - __main__ -   	Testing dev Minibatch:    2
02/26/2021 11:08:38 - INFO - __main__ -   
Labels 	Prec. 	Recall	F1    	Supp  
Denial 	0.4715	0.8449	0.6052	303
Support	0.5783	0.3504	0.4364	274
Comment	0.5492	0.2702	0.3622	248
Queries	0.3043	0.2414	0.2692	29
MacroF1	0.4182
F1w_avg	0.4690
Acc    	49.9

02/26/2021 11:08:38 - INFO - __main__ -   	EPOCH:   6	MiniBatch:    0
02/26/2021 11:08:39 - INFO - __main__ -   	EPOCH:   6	MiniBatch:    1
02/26/2021 11:08:40 - INFO - __main__ -   	EPOCH:   6	MiniBatch:    2
02/26/2021 11:08:41 - INFO - __main__ -   	EPOCH:   6	MiniBatch:    3
02/26/2021 11:08:43 - INFO - __main__ -   	EPOCH:   6	MiniBatch:    4
02/26/2021 11:08:44 - INFO - __main__ -   	EPOCH:   6	MiniBatch:    5
02/26/2021 11:08:45 - INFO - __main__ -   	EPOCH:   6	MiniBatch:    6
02/26/2021 11:08:46 - INFO - __main__ -   	EPOCH:   6	MiniBatch:    7
02/26/2021 11:08:47 - INFO - __main__ -   	EPOCH:   6	MiniBatch:    8
02/26/2021 11:08:48 - INFO - __main__ -   	Testing dev Minibatch:    0
02/26/2021 11:08:49 - INFO - __main__ -   	Testing dev Minibatch:    1
02/26/2021 11:08:49 - INFO - __main__ -   	Testing dev Minibatch:    2
02/26/2021 11:08:49 - INFO - __main__ -   
Labels 	Prec. 	Recall	F1    	Supp  
Denial 	0.5968	0.7327	0.6578	303
Support	0.5865	0.4453	0.5062	274
Comment	0.4840	0.4879	0.4859	248
Queries	0.3750	0.3103	0.3396	29
MacroF1	0.4974
F1w_avg	0.5484
Acc    	55.5

02/26/2021 11:08:51 - INFO - __main__ -   	EPOCH:   7	MiniBatch:    0
02/26/2021 11:08:52 - INFO - __main__ -   	EPOCH:   7	MiniBatch:    1
02/26/2021 11:08:54 - INFO - __main__ -   	EPOCH:   7	MiniBatch:    2
02/26/2021 11:08:55 - INFO - __main__ -   	EPOCH:   7	MiniBatch:    3
02/26/2021 11:08:56 - INFO - __main__ -   	EPOCH:   7	MiniBatch:    4
02/26/2021 11:08:57 - INFO - __main__ -   	EPOCH:   7	MiniBatch:    5
02/26/2021 11:08:58 - INFO - __main__ -   	EPOCH:   7	MiniBatch:    6
02/26/2021 11:08:59 - INFO - __main__ -   	EPOCH:   7	MiniBatch:    7
02/26/2021 11:09:00 - INFO - __main__ -   	EPOCH:   7	MiniBatch:    8
02/26/2021 11:09:01 - INFO - __main__ -   	Testing dev Minibatch:    0
02/26/2021 11:09:02 - INFO - __main__ -   	Testing dev Minibatch:    1
02/26/2021 11:09:02 - INFO - __main__ -   	Testing dev Minibatch:    2
02/26/2021 11:09:03 - INFO - __main__ -   
Labels 	Prec. 	Recall	F1    	Supp  
Denial 	0.6429	0.6832	0.6624	303
Support	0.5799	0.4635	0.5152	274
Comment	0.4658	0.5484	0.5037	248
Queries	0.3810	0.2759	0.3200	29
MacroF1	0.5003
F1w_avg	0.5575
Acc    	56.0

02/26/2021 11:09:04 - INFO - __main__ -   	EPOCH:   8	MiniBatch:    0
02/26/2021 11:09:06 - INFO - __main__ -   	EPOCH:   8	MiniBatch:    1
02/26/2021 11:09:07 - INFO - __main__ -   	EPOCH:   8	MiniBatch:    2
02/26/2021 11:09:08 - INFO - __main__ -   	EPOCH:   8	MiniBatch:    3
02/26/2021 11:09:09 - INFO - __main__ -   	EPOCH:   8	MiniBatch:    4
02/26/2021 11:09:10 - INFO - __main__ -   	EPOCH:   8	MiniBatch:    5
02/26/2021 11:09:11 - INFO - __main__ -   	EPOCH:   8	MiniBatch:    6
02/26/2021 11:09:13 - INFO - __main__ -   	EPOCH:   8	MiniBatch:    7
02/26/2021 11:09:14 - INFO - __main__ -   	EPOCH:   8	MiniBatch:    8
02/26/2021 11:09:15 - INFO - __main__ -   	Testing dev Minibatch:    0
02/26/2021 11:09:15 - INFO - __main__ -   	Testing dev Minibatch:    1
02/26/2021 11:09:15 - INFO - __main__ -   	Testing dev Minibatch:    2
02/26/2021 11:09:16 - INFO - __main__ -   
Labels 	Prec. 	Recall	F1    	Supp  
Denial 	0.7559	0.5314	0.6240	303
Support	0.5269	0.5000	0.5131	274
Comment	0.4540	0.6573	0.5371	248
Queries	0.3636	0.2759	0.3137	29
MacroF1	0.4970
F1w_avg	0.5527
Acc    	54.9

02/26/2021 11:09:16 - INFO - __main__ -   	EPOCH:   9	MiniBatch:    0
02/26/2021 11:09:17 - INFO - __main__ -   	EPOCH:   9	MiniBatch:    1
02/26/2021 11:09:18 - INFO - __main__ -   	EPOCH:   9	MiniBatch:    2
02/26/2021 11:09:20 - INFO - __main__ -   	EPOCH:   9	MiniBatch:    3
02/26/2021 11:09:21 - INFO - __main__ -   	EPOCH:   9	MiniBatch:    4
02/26/2021 11:09:22 - INFO - __main__ -   	EPOCH:   9	MiniBatch:    5
02/26/2021 11:09:23 - INFO - __main__ -   	EPOCH:   9	MiniBatch:    6
02/26/2021 11:09:24 - INFO - __main__ -   	EPOCH:   9	MiniBatch:    7
02/26/2021 11:09:25 - INFO - __main__ -   	EPOCH:   9	MiniBatch:    8
02/26/2021 11:09:26 - INFO - __main__ -   	Testing dev Minibatch:    0
02/26/2021 11:09:27 - INFO - __main__ -   	Testing dev Minibatch:    1
02/26/2021 11:09:27 - INFO - __main__ -   	Testing dev Minibatch:    2
02/26/2021 11:09:27 - INFO - __main__ -   
Labels 	Prec. 	Recall	F1    	Supp  
Denial 	0.7266	0.6139	0.6655	303
Support	0.4942	0.7774	0.6043	274
Comment	0.5405	0.3226	0.4040	248
Queries	0.4211	0.2759	0.3333	29
MacroF1	0.5018
F1w_avg	0.5586
Acc    	57.0

02/26/2021 11:09:29 - INFO - __main__ -   	EPOCH:  10	MiniBatch:    0
02/26/2021 11:09:30 - INFO - __main__ -   	EPOCH:  10	MiniBatch:    1
02/26/2021 11:09:32 - INFO - __main__ -   	EPOCH:  10	MiniBatch:    2
02/26/2021 11:09:33 - INFO - __main__ -   	EPOCH:  10	MiniBatch:    3
02/26/2021 11:09:34 - INFO - __main__ -   	EPOCH:  10	MiniBatch:    4
02/26/2021 11:09:35 - INFO - __main__ -   	EPOCH:  10	MiniBatch:    5
02/26/2021 11:09:36 - INFO - __main__ -   	EPOCH:  10	MiniBatch:    6
02/26/2021 11:09:37 - INFO - __main__ -   	EPOCH:  10	MiniBatch:    7
02/26/2021 11:09:38 - INFO - __main__ -   	EPOCH:  10	MiniBatch:    8
02/26/2021 11:09:39 - INFO - __main__ -   	Testing dev Minibatch:    0
02/26/2021 11:09:40 - INFO - __main__ -   	Testing dev Minibatch:    1
02/26/2021 11:09:40 - INFO - __main__ -   	Testing dev Minibatch:    2
02/26/2021 11:09:41 - INFO - __main__ -   
Labels 	Prec. 	Recall	F1    	Supp  
Denial 	0.6735	0.6535	0.6633	303
Support	0.5732	0.5146	0.5423	274
Comment	0.4639	0.5444	0.5009	248
Queries	0.4348	0.3448	0.3846	29
MacroF1	0.5228
F1w_avg	0.5679
Acc    	56.7

02/26/2021 11:09:42 - INFO - __main__ -   	EPOCH:  11	MiniBatch:    0
02/26/2021 11:09:44 - INFO - __main__ -   	EPOCH:  11	MiniBatch:    1
02/26/2021 11:09:45 - INFO - __main__ -   	EPOCH:  11	MiniBatch:    2
02/26/2021 11:09:46 - INFO - __main__ -   	EPOCH:  11	MiniBatch:    3
02/26/2021 11:09:47 - INFO - __main__ -   	EPOCH:  11	MiniBatch:    4
02/26/2021 11:09:48 - INFO - __main__ -   	EPOCH:  11	MiniBatch:    5
02/26/2021 11:09:49 - INFO - __main__ -   	EPOCH:  11	MiniBatch:    6
02/26/2021 11:09:50 - INFO - __main__ -   	EPOCH:  11	MiniBatch:    7
02/26/2021 11:09:52 - INFO - __main__ -   	EPOCH:  11	MiniBatch:    8
02/26/2021 11:09:53 - INFO - __main__ -   	Testing dev Minibatch:    0
02/26/2021 11:09:53 - INFO - __main__ -   	Testing dev Minibatch:    1
02/26/2021 11:09:53 - INFO - __main__ -   	Testing dev Minibatch:    2
02/26/2021 11:09:54 - INFO - __main__ -   
Labels 	Prec. 	Recall	F1    	Supp  
Denial 	0.6022	0.7195	0.6556	303
Support	0.5532	0.5693	0.5612	274
Comment	0.4974	0.3871	0.4354	248
Queries	0.4118	0.2414	0.3043	29
MacroF1	0.4891
F1w_avg	0.5494
Acc    	55.9

02/26/2021 11:09:54 - INFO - __main__ -   	EPOCH:  12	MiniBatch:    0
02/26/2021 11:09:55 - INFO - __main__ -   	EPOCH:  12	MiniBatch:    1
02/26/2021 11:09:56 - INFO - __main__ -   	EPOCH:  12	MiniBatch:    2
02/26/2021 11:09:57 - INFO - __main__ -   	EPOCH:  12	MiniBatch:    3
02/26/2021 11:09:59 - INFO - __main__ -   	EPOCH:  12	MiniBatch:    4
02/26/2021 11:10:00 - INFO - __main__ -   	EPOCH:  12	MiniBatch:    5
02/26/2021 11:10:01 - INFO - __main__ -   	EPOCH:  12	MiniBatch:    6
02/26/2021 11:10:02 - INFO - __main__ -   	EPOCH:  12	MiniBatch:    7
02/26/2021 11:10:03 - INFO - __main__ -   	EPOCH:  12	MiniBatch:    8
02/26/2021 11:10:04 - INFO - __main__ -   	Testing dev Minibatch:    0
02/26/2021 11:10:05 - INFO - __main__ -   	Testing dev Minibatch:    1
02/26/2021 11:10:05 - INFO - __main__ -   	Testing dev Minibatch:    2
02/26/2021 11:10:05 - INFO - __main__ -   
Labels 	Prec. 	Recall	F1    	Supp  
Denial 	0.6017	0.7129	0.6526	303
Support	0.5590	0.5876	0.5730	274
Comment	0.5082	0.3750	0.4316	248
Queries	0.3750	0.3103	0.3396	29
MacroF1	0.4992
F1w_avg	0.5522
Acc    	56.1

02/26/2021 11:10:06 - INFO - __main__ -   	EPOCH:  13	MiniBatch:    0
02/26/2021 11:10:07 - INFO - __main__ -   	EPOCH:  13	MiniBatch:    1
02/26/2021 11:10:08 - INFO - __main__ -   	EPOCH:  13	MiniBatch:    2
02/26/2021 11:10:09 - INFO - __main__ -   	EPOCH:  13	MiniBatch:    3
02/26/2021 11:10:10 - INFO - __main__ -   	EPOCH:  13	MiniBatch:    4
02/26/2021 11:10:11 - INFO - __main__ -   	EPOCH:  13	MiniBatch:    5
02/26/2021 11:10:12 - INFO - __main__ -   	EPOCH:  13	MiniBatch:    6
02/26/2021 11:10:14 - INFO - __main__ -   	EPOCH:  13	MiniBatch:    7
02/26/2021 11:10:15 - INFO - __main__ -   	EPOCH:  13	MiniBatch:    8
02/26/2021 11:10:16 - INFO - __main__ -   	Testing dev Minibatch:    0
02/26/2021 11:10:16 - INFO - __main__ -   	Testing dev Minibatch:    1
02/26/2021 11:10:16 - INFO - __main__ -   	Testing dev Minibatch:    2
02/26/2021 11:10:17 - INFO - __main__ -   
Labels 	Prec. 	Recall	F1    	Supp  
Denial 	0.6799	0.6238	0.6506	303
Support	0.5252	0.6095	0.5642	274
Comment	0.4772	0.4637	0.4703	248
Queries	0.3529	0.2069	0.2609	29
MacroF1	0.4865
F1w_avg	0.5573
Acc    	55.9

02/26/2021 11:10:17 - INFO - __main__ -   	EPOCH:  14	MiniBatch:    0
02/26/2021 11:10:18 - INFO - __main__ -   	EPOCH:  14	MiniBatch:    1
02/26/2021 11:10:19 - INFO - __main__ -   	EPOCH:  14	MiniBatch:    2
02/26/2021 11:10:21 - INFO - __main__ -   	EPOCH:  14	MiniBatch:    3
02/26/2021 11:10:22 - INFO - __main__ -   	EPOCH:  14	MiniBatch:    4
02/26/2021 11:10:23 - INFO - __main__ -   	EPOCH:  14	MiniBatch:    5
02/26/2021 11:10:24 - INFO - __main__ -   	EPOCH:  14	MiniBatch:    6
02/26/2021 11:10:25 - INFO - __main__ -   	EPOCH:  14	MiniBatch:    7
02/26/2021 11:10:26 - INFO - __main__ -   	EPOCH:  14	MiniBatch:    8
02/26/2021 11:10:27 - INFO - __main__ -   	Testing dev Minibatch:    0
02/26/2021 11:10:28 - INFO - __main__ -   	Testing dev Minibatch:    1
02/26/2021 11:10:28 - INFO - __main__ -   	Testing dev Minibatch:    2
02/26/2021 11:10:29 - INFO - __main__ -   
Labels 	Prec. 	Recall	F1    	Supp  
Denial 	0.6634	0.6700	0.6667	303
Support	0.5606	0.5912	0.5755	274
Comment	0.5105	0.4919	0.5010	248
Queries	0.4000	0.2759	0.3265	29
MacroF1	0.5174
F1w_avg	0.5778
Acc    	58.0

02/26/2021 11:10:29 - INFO - __main__ -   	EPOCH:  15	MiniBatch:    0
02/26/2021 11:10:30 - INFO - __main__ -   	EPOCH:  15	MiniBatch:    1
02/26/2021 11:10:31 - INFO - __main__ -   	EPOCH:  15	MiniBatch:    2
02/26/2021 11:10:32 - INFO - __main__ -   	EPOCH:  15	MiniBatch:    3
02/26/2021 11:10:33 - INFO - __main__ -   	EPOCH:  15	MiniBatch:    4
02/26/2021 11:10:35 - INFO - __main__ -   	EPOCH:  15	MiniBatch:    5
02/26/2021 11:10:36 - INFO - __main__ -   	EPOCH:  15	MiniBatch:    6
02/26/2021 11:10:37 - INFO - __main__ -   	EPOCH:  15	MiniBatch:    7
02/26/2021 11:10:38 - INFO - __main__ -   	EPOCH:  15	MiniBatch:    8
02/26/2021 11:10:39 - INFO - __main__ -   	Testing dev Minibatch:    0
02/26/2021 11:10:39 - INFO - __main__ -   	Testing dev Minibatch:    1
02/26/2021 11:10:40 - INFO - __main__ -   	Testing dev Minibatch:    2
02/26/2021 11:10:40 - INFO - __main__ -   
Labels 	Prec. 	Recall	F1    	Supp  
Denial 	0.6407	0.7063	0.6719	303
Support	0.5373	0.6569	0.5911	274
Comment	0.5357	0.3629	0.4327	248
Queries	0.3529	0.2069	0.2609	29
MacroF1	0.4891
F1w_avg	0.5626
Acc    	57.4

02/26/2021 11:10:40 - INFO - __main__ -   	EPOCH:  16	MiniBatch:    0
02/26/2021 11:10:41 - INFO - __main__ -   	EPOCH:  16	MiniBatch:    1
02/26/2021 11:10:43 - INFO - __main__ -   	EPOCH:  16	MiniBatch:    2
02/26/2021 11:10:44 - INFO - __main__ -   	EPOCH:  16	MiniBatch:    3
02/26/2021 11:10:45 - INFO - __main__ -   	EPOCH:  16	MiniBatch:    4
02/26/2021 11:10:46 - INFO - __main__ -   	EPOCH:  16	MiniBatch:    5
02/26/2021 11:10:47 - INFO - __main__ -   	EPOCH:  16	MiniBatch:    6
02/26/2021 11:10:48 - INFO - __main__ -   	EPOCH:  16	MiniBatch:    7
02/26/2021 11:10:50 - INFO - __main__ -   	EPOCH:  16	MiniBatch:    8
02/26/2021 11:10:51 - INFO - __main__ -   	Testing dev Minibatch:    0
02/26/2021 11:10:51 - INFO - __main__ -   	Testing dev Minibatch:    1
02/26/2021 11:10:51 - INFO - __main__ -   	Testing dev Minibatch:    2
02/26/2021 11:10:52 - INFO - __main__ -   
Labels 	Prec. 	Recall	F1    	Supp  
Denial 	0.5851	0.7261	0.6480	303
Support	0.5826	0.4891	0.5317	274
Comment	0.4913	0.4556	0.4728	248
Queries	0.3333	0.2069	0.2553	29
MacroF1	0.4770
F1w_avg	0.5465
Acc    	55.4

02/26/2021 11:10:52 - INFO - __main__ -   	EPOCH:  17	MiniBatch:    0
02/26/2021 11:10:53 - INFO - __main__ -   	EPOCH:  17	MiniBatch:    1
02/26/2021 11:10:54 - INFO - __main__ -   	EPOCH:  17	MiniBatch:    2
02/26/2021 11:10:56 - INFO - __main__ -   	EPOCH:  17	MiniBatch:    3
02/26/2021 11:10:57 - INFO - __main__ -   	EPOCH:  17	MiniBatch:    4
02/26/2021 11:10:58 - INFO - __main__ -   	EPOCH:  17	MiniBatch:    5
02/26/2021 11:10:59 - INFO - __main__ -   	EPOCH:  17	MiniBatch:    6
02/26/2021 11:11:00 - INFO - __main__ -   	EPOCH:  17	MiniBatch:    7
02/26/2021 11:11:01 - INFO - __main__ -   	EPOCH:  17	MiniBatch:    8
02/26/2021 11:11:02 - INFO - __main__ -   	Testing dev Minibatch:    0
02/26/2021 11:11:03 - INFO - __main__ -   	Testing dev Minibatch:    1
02/26/2021 11:11:03 - INFO - __main__ -   	Testing dev Minibatch:    2
02/26/2021 11:11:03 - INFO - __main__ -   
Labels 	Prec. 	Recall	F1    	Supp  
Denial 	0.6426	0.7063	0.6730	303
Support	0.5880	0.5000	0.5404	274
Comment	0.4851	0.5242	0.5039	248
Queries	0.4000	0.2759	0.3265	29
MacroF1	0.5109
F1w_avg	0.5696
Acc    	57.3

02/26/2021 11:11:04 - INFO - __main__ -   	EPOCH:  18	MiniBatch:    0
02/26/2021 11:11:05 - INFO - __main__ -   	EPOCH:  18	MiniBatch:    1
02/26/2021 11:11:06 - INFO - __main__ -   	EPOCH:  18	MiniBatch:    2
02/26/2021 11:11:07 - INFO - __main__ -   	EPOCH:  18	MiniBatch:    3
02/26/2021 11:11:08 - INFO - __main__ -   	EPOCH:  18	MiniBatch:    4
02/26/2021 11:11:09 - INFO - __main__ -   	EPOCH:  18	MiniBatch:    5
02/26/2021 11:11:11 - INFO - __main__ -   	EPOCH:  18	MiniBatch:    6
02/26/2021 11:11:12 - INFO - __main__ -   	EPOCH:  18	MiniBatch:    7
02/26/2021 11:11:13 - INFO - __main__ -   	EPOCH:  18	MiniBatch:    8
02/26/2021 11:11:14 - INFO - __main__ -   	Testing dev Minibatch:    0
02/26/2021 11:11:14 - INFO - __main__ -   	Testing dev Minibatch:    1
02/26/2021 11:11:15 - INFO - __main__ -   	Testing dev Minibatch:    2
02/26/2021 11:11:15 - INFO - __main__ -   
Labels 	Prec. 	Recall	F1    	Supp  
Denial 	0.6417	0.6799	0.6603	303
Support	0.5577	0.5292	0.5431	274
Comment	0.4917	0.4798	0.4857	248
Queries	0.3871	0.4138	0.4000	29
MacroF1	0.5223
F1w_avg	0.5631
Acc    	56.4

02/26/2021 11:11:15 - INFO - __main__ -   	EPOCH:  19	MiniBatch:    0
02/26/2021 11:11:16 - INFO - __main__ -   	EPOCH:  19	MiniBatch:    1
02/26/2021 11:11:18 - INFO - __main__ -   	EPOCH:  19	MiniBatch:    2
02/26/2021 11:11:19 - INFO - __main__ -   	EPOCH:  19	MiniBatch:    3
02/26/2021 11:11:20 - INFO - __main__ -   	EPOCH:  19	MiniBatch:    4
02/26/2021 11:11:21 - INFO - __main__ -   	EPOCH:  19	MiniBatch:    5
02/26/2021 11:11:22 - INFO - __main__ -   	EPOCH:  19	MiniBatch:    6
02/26/2021 11:11:23 - INFO - __main__ -   	EPOCH:  19	MiniBatch:    7
02/26/2021 11:11:25 - INFO - __main__ -   	EPOCH:  19	MiniBatch:    8
02/26/2021 11:11:25 - INFO - __main__ -   	Testing dev Minibatch:    0
02/26/2021 11:11:26 - INFO - __main__ -   	Testing dev Minibatch:    1
02/26/2021 11:11:26 - INFO - __main__ -   	Testing dev Minibatch:    2
02/26/2021 11:11:27 - INFO - __main__ -   
Labels 	Prec. 	Recall	F1    	Supp  
Denial 	0.6961	0.6502	0.6724	303
Support	0.5573	0.6387	0.5952	274
Comment	0.5021	0.4919	0.4969	248
Queries	0.2857	0.1379	0.1860	29
MacroF1	0.4876
F1w_avg	0.5802
Acc    	58.3

02/26/2021 11:11:27 - INFO - __main__ -   	EPOCH:  20	MiniBatch:    0
02/26/2021 11:11:28 - INFO - __main__ -   	EPOCH:  20	MiniBatch:    1
02/26/2021 11:11:29 - INFO - __main__ -   	EPOCH:  20	MiniBatch:    2
02/26/2021 11:11:30 - INFO - __main__ -   	EPOCH:  20	MiniBatch:    3
02/26/2021 11:11:32 - INFO - __main__ -   	EPOCH:  20	MiniBatch:    4
02/26/2021 11:11:33 - INFO - __main__ -   	EPOCH:  20	MiniBatch:    5
02/26/2021 11:11:34 - INFO - __main__ -   	EPOCH:  20	MiniBatch:    6
02/26/2021 11:11:35 - INFO - __main__ -   	EPOCH:  20	MiniBatch:    7
02/26/2021 11:11:36 - INFO - __main__ -   	EPOCH:  20	MiniBatch:    8
02/26/2021 11:11:37 - INFO - __main__ -   	Testing dev Minibatch:    0
02/26/2021 11:11:37 - INFO - __main__ -   	Testing dev Minibatch:    1
02/26/2021 11:11:38 - INFO - __main__ -   	Testing dev Minibatch:    2
02/26/2021 11:11:38 - INFO - __main__ -   
Labels 	Prec. 	Recall	F1    	Supp  
Denial 	0.6633	0.6502	0.6567	303
Support	0.5253	0.7190	0.6071	274
Comment	0.5590	0.3629	0.4401	248
Queries	0.5238	0.3793	0.4400	29
MacroF1	0.5360
F1w_avg	0.5705
Acc    	58.0

02/26/2021 11:11:40 - INFO - __main__ -   	EPOCH:  21	MiniBatch:    0
02/26/2021 11:11:41 - INFO - __main__ -   	EPOCH:  21	MiniBatch:    1
02/26/2021 11:11:42 - INFO - __main__ -   	EPOCH:  21	MiniBatch:    2
02/26/2021 11:11:44 - INFO - __main__ -   	EPOCH:  21	MiniBatch:    3
02/26/2021 11:11:45 - INFO - __main__ -   	EPOCH:  21	MiniBatch:    4
02/26/2021 11:11:46 - INFO - __main__ -   	EPOCH:  21	MiniBatch:    5
02/26/2021 11:11:47 - INFO - __main__ -   	EPOCH:  21	MiniBatch:    6
02/26/2021 11:11:48 - INFO - __main__ -   	EPOCH:  21	MiniBatch:    7
02/26/2021 11:11:49 - INFO - __main__ -   	EPOCH:  21	MiniBatch:    8
02/26/2021 11:11:50 - INFO - __main__ -   	Testing dev Minibatch:    0
02/26/2021 11:11:51 - INFO - __main__ -   	Testing dev Minibatch:    1
02/26/2021 11:11:51 - INFO - __main__ -   	Testing dev Minibatch:    2
02/26/2021 11:11:52 - INFO - __main__ -   
Labels 	Prec. 	Recall	F1    	Supp  
Denial 	0.6634	0.6700	0.6667	303
Support	0.5460	0.6496	0.5933	274
Comment	0.5169	0.4315	0.4703	248
Queries	0.5333	0.2759	0.3636	29
MacroF1	0.5235
F1w_avg	0.5758
Acc    	58.1

02/26/2021 11:11:52 - INFO - __main__ -   	EPOCH:  22	MiniBatch:    0
02/26/2021 11:11:53 - INFO - __main__ -   	EPOCH:  22	MiniBatch:    1
02/26/2021 11:11:54 - INFO - __main__ -   	EPOCH:  22	MiniBatch:    2
02/26/2021 11:11:55 - INFO - __main__ -   	EPOCH:  22	MiniBatch:    3
02/26/2021 11:11:56 - INFO - __main__ -   	EPOCH:  22	MiniBatch:    4
02/26/2021 11:11:58 - INFO - __main__ -   	EPOCH:  22	MiniBatch:    5
02/26/2021 11:11:59 - INFO - __main__ -   	EPOCH:  22	MiniBatch:    6
02/26/2021 11:12:00 - INFO - __main__ -   	EPOCH:  22	MiniBatch:    7
02/26/2021 11:12:01 - INFO - __main__ -   	EPOCH:  22	MiniBatch:    8
02/26/2021 11:12:02 - INFO - __main__ -   	Testing dev Minibatch:    0
02/26/2021 11:12:02 - INFO - __main__ -   	Testing dev Minibatch:    1
02/26/2021 11:12:03 - INFO - __main__ -   	Testing dev Minibatch:    2
02/26/2021 11:12:03 - INFO - __main__ -   
Labels 	Prec. 	Recall	F1    	Supp  
Denial 	0.7200	0.5941	0.6510	303
Support	0.5070	0.6642	0.5750	274
Comment	0.5045	0.4556	0.4788	248
Queries	0.4762	0.3448	0.4000	29
MacroF1	0.5262
F1w_avg	0.5681
Acc    	56.8

02/26/2021 11:12:03 - INFO - __main__ -   	EPOCH:  23	MiniBatch:    0
02/26/2021 11:12:04 - INFO - __main__ -   	EPOCH:  23	MiniBatch:    1
02/26/2021 11:12:06 - INFO - __main__ -   	EPOCH:  23	MiniBatch:    2
02/26/2021 11:12:07 - INFO - __main__ -   	EPOCH:  23	MiniBatch:    3
02/26/2021 11:12:08 - INFO - __main__ -   	EPOCH:  23	MiniBatch:    4
02/26/2021 11:12:09 - INFO - __main__ -   	EPOCH:  23	MiniBatch:    5
02/26/2021 11:12:10 - INFO - __main__ -   	EPOCH:  23	MiniBatch:    6
02/26/2021 11:12:11 - INFO - __main__ -   	EPOCH:  23	MiniBatch:    7
02/26/2021 11:12:13 - INFO - __main__ -   	EPOCH:  23	MiniBatch:    8
02/26/2021 11:12:13 - INFO - __main__ -   	Testing dev Minibatch:    0
02/26/2021 11:12:14 - INFO - __main__ -   	Testing dev Minibatch:    1
02/26/2021 11:12:14 - INFO - __main__ -   	Testing dev Minibatch:    2
02/26/2021 11:12:15 - INFO - __main__ -   
Labels 	Prec. 	Recall	F1    	Supp  
Denial 	0.7025	0.6469	0.6735	303
Support	0.5227	0.6715	0.5879	274
Comment	0.5317	0.4395	0.4812	248
Queries	0.5556	0.3448	0.4255	29
MacroF1	0.5420
F1w_avg	0.5818
Acc    	58.4

02/26/2021 11:12:16 - INFO - __main__ -   	EPOCH:  24	MiniBatch:    0
02/26/2021 11:12:18 - INFO - __main__ -   	EPOCH:  24	MiniBatch:    1
02/26/2021 11:12:19 - INFO - __main__ -   	EPOCH:  24	MiniBatch:    2
02/26/2021 11:12:20 - INFO - __main__ -   	EPOCH:  24	MiniBatch:    3
02/26/2021 11:12:21 - INFO - __main__ -   	EPOCH:  24	MiniBatch:    4
02/26/2021 11:12:22 - INFO - __main__ -   	EPOCH:  24	MiniBatch:    5
02/26/2021 11:12:23 - INFO - __main__ -   	EPOCH:  24	MiniBatch:    6
02/26/2021 11:12:25 - INFO - __main__ -   	EPOCH:  24	MiniBatch:    7
02/26/2021 11:12:26 - INFO - __main__ -   	EPOCH:  24	MiniBatch:    8
02/26/2021 11:12:27 - INFO - __main__ -   	Testing dev Minibatch:    0
02/26/2021 11:12:27 - INFO - __main__ -   	Testing dev Minibatch:    1
02/26/2021 11:12:27 - INFO - __main__ -   	Testing dev Minibatch:    2
02/26/2021 11:12:28 - INFO - __main__ -   
Labels 	Prec. 	Recall	F1    	Supp  
Denial 	0.6982	0.6568	0.6769	303
Support	0.5513	0.6277	0.5870	274
Comment	0.5021	0.4919	0.4969	248
Queries	0.6429	0.3103	0.4186	29
MacroF1	0.5449
F1w_avg	0.5870
Acc    	58.8

02/26/2021 11:12:30 - INFO - __main__ -   	EPOCH:  25	MiniBatch:    0
02/26/2021 11:12:31 - INFO - __main__ -   	EPOCH:  25	MiniBatch:    1
02/26/2021 11:12:32 - INFO - __main__ -   	EPOCH:  25	MiniBatch:    2
02/26/2021 11:12:33 - INFO - __main__ -   	EPOCH:  25	MiniBatch:    3
02/26/2021 11:12:34 - INFO - __main__ -   	EPOCH:  25	MiniBatch:    4
02/26/2021 11:12:36 - INFO - __main__ -   	EPOCH:  25	MiniBatch:    5
02/26/2021 11:12:37 - INFO - __main__ -   	EPOCH:  25	MiniBatch:    6
02/26/2021 11:12:38 - INFO - __main__ -   	EPOCH:  25	MiniBatch:    7
02/26/2021 11:12:39 - INFO - __main__ -   	EPOCH:  25	MiniBatch:    8
02/26/2021 11:12:40 - INFO - __main__ -   	Testing dev Minibatch:    0
02/26/2021 11:12:40 - INFO - __main__ -   	Testing dev Minibatch:    1
02/26/2021 11:12:41 - INFO - __main__ -   	Testing dev Minibatch:    2
02/26/2021 11:12:41 - INFO - __main__ -   
Labels 	Prec. 	Recall	F1    	Supp  
Denial 	0.6778	0.6040	0.6387	303
Support	0.5476	0.5876	0.5669	274
Comment	0.4850	0.5202	0.5019	248
Queries	0.4583	0.3793	0.4151	29
MacroF1	0.5307
F1w_avg	0.5684
Acc    	56.7

02/26/2021 11:12:41 - INFO - __main__ -   	EPOCH:  26	MiniBatch:    0
02/26/2021 11:12:42 - INFO - __main__ -   	EPOCH:  26	MiniBatch:    1
02/26/2021 11:12:44 - INFO - __main__ -   	EPOCH:  26	MiniBatch:    2
02/26/2021 11:12:45 - INFO - __main__ -   	EPOCH:  26	MiniBatch:    3
02/26/2021 11:12:46 - INFO - __main__ -   	EPOCH:  26	MiniBatch:    4
02/26/2021 11:12:47 - INFO - __main__ -   	EPOCH:  26	MiniBatch:    5
02/26/2021 11:12:48 - INFO - __main__ -   	EPOCH:  26	MiniBatch:    6
02/26/2021 11:12:49 - INFO - __main__ -   	EPOCH:  26	MiniBatch:    7
02/26/2021 11:12:51 - INFO - __main__ -   	EPOCH:  26	MiniBatch:    8
02/26/2021 11:12:51 - INFO - __main__ -   	Testing dev Minibatch:    0
02/26/2021 11:12:52 - INFO - __main__ -   	Testing dev Minibatch:    1
02/26/2021 11:12:52 - INFO - __main__ -   	Testing dev Minibatch:    2
02/26/2021 11:12:53 - INFO - __main__ -   
Labels 	Prec. 	Recall	F1    	Supp  
Denial 	0.6580	0.5842	0.6189	303
Support	0.5212	0.6715	0.5869	274
Comment	0.5164	0.4435	0.4772	248
Queries	0.4211	0.2759	0.3333	29
MacroF1	0.5041
F1w_avg	0.5578
Acc    	56.1

02/26/2021 11:12:53 - INFO - __main__ -   	EPOCH:  27	MiniBatch:    0
02/26/2021 11:12:54 - INFO - __main__ -   	EPOCH:  27	MiniBatch:    1
02/26/2021 11:12:55 - INFO - __main__ -   	EPOCH:  27	MiniBatch:    2
02/26/2021 11:12:56 - INFO - __main__ -   	EPOCH:  27	MiniBatch:    3
02/26/2021 11:12:57 - INFO - __main__ -   	EPOCH:  27	MiniBatch:    4
02/26/2021 11:12:59 - INFO - __main__ -   	EPOCH:  27	MiniBatch:    5
02/26/2021 11:13:00 - INFO - __main__ -   	EPOCH:  27	MiniBatch:    6
02/26/2021 11:13:01 - INFO - __main__ -   	EPOCH:  27	MiniBatch:    7
02/26/2021 11:13:02 - INFO - __main__ -   	EPOCH:  27	MiniBatch:    8
02/26/2021 11:13:03 - INFO - __main__ -   	Testing dev Minibatch:    0
02/26/2021 11:13:03 - INFO - __main__ -   	Testing dev Minibatch:    1
02/26/2021 11:13:04 - INFO - __main__ -   	Testing dev Minibatch:    2
02/26/2021 11:13:04 - INFO - __main__ -   
Labels 	Prec. 	Recall	F1    	Supp  
Denial 	0.6610	0.6370	0.6487	303
Support	0.5363	0.6204	0.5753	274
Comment	0.5044	0.4597	0.4810	248
Queries	0.5263	0.3448	0.4167	29
MacroF1	0.5304
F1w_avg	0.5686
Acc    	57.0

02/26/2021 11:13:04 - INFO - __main__ -   	EPOCH:  28	MiniBatch:    0
02/26/2021 11:13:06 - INFO - __main__ -   	EPOCH:  28	MiniBatch:    1
02/26/2021 11:13:07 - INFO - __main__ -   	EPOCH:  28	MiniBatch:    2
02/26/2021 11:13:08 - INFO - __main__ -   	EPOCH:  28	MiniBatch:    3
02/26/2021 11:13:09 - INFO - __main__ -   	EPOCH:  28	MiniBatch:    4
02/26/2021 11:13:10 - INFO - __main__ -   	EPOCH:  28	MiniBatch:    5
02/26/2021 11:13:11 - INFO - __main__ -   	EPOCH:  28	MiniBatch:    6
02/26/2021 11:13:13 - INFO - __main__ -   	EPOCH:  28	MiniBatch:    7
02/26/2021 11:13:14 - INFO - __main__ -   	EPOCH:  28	MiniBatch:    8
02/26/2021 11:13:15 - INFO - __main__ -   	Testing dev Minibatch:    0
02/26/2021 11:13:15 - INFO - __main__ -   	Testing dev Minibatch:    1
02/26/2021 11:13:15 - INFO - __main__ -   	Testing dev Minibatch:    2
02/26/2021 11:13:16 - INFO - __main__ -   
Labels 	Prec. 	Recall	F1    	Supp  
Denial 	0.5842	0.7327	0.6501	303
Support	0.5698	0.5511	0.5603	274
Comment	0.5000	0.3871	0.4364	248
Queries	0.5294	0.3103	0.3913	29
MacroF1	0.5095
F1w_avg	0.5504
Acc    	56.0

02/26/2021 11:13:16 - INFO - __main__ -   	EPOCH:  29	MiniBatch:    0
02/26/2021 11:13:17 - INFO - __main__ -   	EPOCH:  29	MiniBatch:    1
02/26/2021 11:13:18 - INFO - __main__ -   	EPOCH:  29	MiniBatch:    2
02/26/2021 11:13:19 - INFO - __main__ -   	EPOCH:  29	MiniBatch:    3
02/26/2021 11:13:21 - INFO - __main__ -   	EPOCH:  29	MiniBatch:    4
02/26/2021 11:13:22 - INFO - __main__ -   	EPOCH:  29	MiniBatch:    5
02/26/2021 11:13:23 - INFO - __main__ -   	EPOCH:  29	MiniBatch:    6
02/26/2021 11:13:24 - INFO - __main__ -   	EPOCH:  29	MiniBatch:    7
02/26/2021 11:13:25 - INFO - __main__ -   	EPOCH:  29	MiniBatch:    8
02/26/2021 11:13:26 - INFO - __main__ -   	Testing dev Minibatch:    0
02/26/2021 11:13:27 - INFO - __main__ -   	Testing dev Minibatch:    1
02/26/2021 11:13:27 - INFO - __main__ -   	Testing dev Minibatch:    2
02/26/2021 11:13:27 - INFO - __main__ -   
Labels 	Prec. 	Recall	F1    	Supp  
Denial 	0.5597	0.7426	0.6383	303
Support	0.6531	0.3504	0.4561	274
Comment	0.4790	0.5524	0.5131	248
Queries	0.4211	0.2759	0.3333	29
MacroF1	0.4852
F1w_avg	0.5331
Acc    	54.6

02/26/2021 11:13:28 - INFO - __main__ -   	EPOCH:  30	MiniBatch:    0
02/26/2021 11:13:29 - INFO - __main__ -   	EPOCH:  30	MiniBatch:    1
02/26/2021 11:13:30 - INFO - __main__ -   	EPOCH:  30	MiniBatch:    2
02/26/2021 11:13:31 - INFO - __main__ -   	EPOCH:  30	MiniBatch:    3
02/26/2021 11:13:32 - INFO - __main__ -   	EPOCH:  30	MiniBatch:    4
02/26/2021 11:13:33 - INFO - __main__ -   	EPOCH:  30	MiniBatch:    5
02/26/2021 11:13:35 - INFO - __main__ -   	EPOCH:  30	MiniBatch:    6
02/26/2021 11:13:36 - INFO - __main__ -   	EPOCH:  30	MiniBatch:    7
02/26/2021 11:13:37 - INFO - __main__ -   	EPOCH:  30	MiniBatch:    8
02/26/2021 11:13:38 - INFO - __main__ -   	Testing dev Minibatch:    0
02/26/2021 11:13:38 - INFO - __main__ -   	Testing dev Minibatch:    1
02/26/2021 11:13:39 - INFO - __main__ -   	Testing dev Minibatch:    2
02/26/2021 11:13:39 - INFO - __main__ -   
Labels 	Prec. 	Recall	F1    	Supp  
Denial 	0.6538	0.7294	0.6895	303
Support	0.6140	0.4818	0.5399	274
Comment	0.4774	0.5524	0.5121	248
Queries	0.3571	0.1724	0.2326	29
MacroF1	0.4935
F1w_avg	0.5745
Acc    	58.0

02/26/2021 11:13:39 - INFO - __main__ -   	EPOCH:  31	MiniBatch:    0
02/26/2021 11:13:40 - INFO - __main__ -   	EPOCH:  31	MiniBatch:    1
02/26/2021 11:13:41 - INFO - __main__ -   	EPOCH:  31	MiniBatch:    2
02/26/2021 11:13:43 - INFO - __main__ -   	EPOCH:  31	MiniBatch:    3
02/26/2021 11:13:44 - INFO - __main__ -   	EPOCH:  31	MiniBatch:    4
02/26/2021 11:13:45 - INFO - __main__ -   	EPOCH:  31	MiniBatch:    5
02/26/2021 11:13:46 - INFO - __main__ -   	EPOCH:  31	MiniBatch:    6
02/26/2021 11:13:47 - INFO - __main__ -   	EPOCH:  31	MiniBatch:    7
02/26/2021 11:13:48 - INFO - __main__ -   	EPOCH:  31	MiniBatch:    8
02/26/2021 11:13:49 - INFO - __main__ -   	Testing dev Minibatch:    0
02/26/2021 11:13:50 - INFO - __main__ -   	Testing dev Minibatch:    1
02/26/2021 11:13:50 - INFO - __main__ -   	Testing dev Minibatch:    2
02/26/2021 11:13:51 - INFO - __main__ -   
Labels 	Prec. 	Recall	F1    	Supp  
Denial 	0.6456	0.7096	0.6761	303
Support	0.5941	0.5876	0.5908	274
Comment	0.5145	0.5000	0.5072	248
Queries	0.5556	0.1724	0.2632	29
MacroF1	0.5093
F1w_avg	0.5857
Acc    	59.1

02/26/2021 11:13:51 - INFO - __main__ -   	EPOCH:  32	MiniBatch:    0
02/26/2021 11:13:52 - INFO - __main__ -   	EPOCH:  32	MiniBatch:    1
02/26/2021 11:13:53 - INFO - __main__ -   	EPOCH:  32	MiniBatch:    2
02/26/2021 11:13:54 - INFO - __main__ -   	EPOCH:  32	MiniBatch:    3
02/26/2021 11:13:55 - INFO - __main__ -   	EPOCH:  32	MiniBatch:    4
02/26/2021 11:13:57 - INFO - __main__ -   	EPOCH:  32	MiniBatch:    5
02/26/2021 11:13:58 - INFO - __main__ -   	EPOCH:  32	MiniBatch:    6
02/26/2021 11:13:59 - INFO - __main__ -   	EPOCH:  32	MiniBatch:    7
02/26/2021 11:14:00 - INFO - __main__ -   	EPOCH:  32	MiniBatch:    8
02/26/2021 11:14:01 - INFO - __main__ -   	Testing dev Minibatch:    0
02/26/2021 11:14:01 - INFO - __main__ -   	Testing dev Minibatch:    1
02/26/2021 11:14:02 - INFO - __main__ -   	Testing dev Minibatch:    2
02/26/2021 11:14:02 - INFO - __main__ -   
Labels 	Prec. 	Recall	F1    	Supp  
Denial 	0.6955	0.6106	0.6503	303
Support	0.5143	0.7883	0.6225	274
Comment	0.5714	0.3387	0.4253	248
Queries	0.4762	0.3448	0.4000	29
MacroF1	0.5245
F1w_avg	0.5675
Acc    	58.0

02/26/2021 11:14:02 - INFO - __main__ -   	EPOCH:  33	MiniBatch:    0
02/26/2021 11:14:04 - INFO - __main__ -   	EPOCH:  33	MiniBatch:    1
02/26/2021 11:14:05 - INFO - __main__ -   	EPOCH:  33	MiniBatch:    2
02/26/2021 11:14:06 - INFO - __main__ -   	EPOCH:  33	MiniBatch:    3
02/26/2021 11:14:07 - INFO - __main__ -   	EPOCH:  33	MiniBatch:    4
02/26/2021 11:14:08 - INFO - __main__ -   	EPOCH:  33	MiniBatch:    5
02/26/2021 11:14:09 - INFO - __main__ -   	EPOCH:  33	MiniBatch:    6
02/26/2021 11:14:11 - INFO - __main__ -   	EPOCH:  33	MiniBatch:    7
02/26/2021 11:14:12 - INFO - __main__ -   	EPOCH:  33	MiniBatch:    8
02/26/2021 11:14:13 - INFO - __main__ -   	Testing dev Minibatch:    0
02/26/2021 11:14:13 - INFO - __main__ -   	Testing dev Minibatch:    1
02/26/2021 11:14:13 - INFO - __main__ -   	Testing dev Minibatch:    2
02/26/2021 11:14:14 - INFO - __main__ -   
Labels 	Prec. 	Recall	F1    	Supp  
Denial 	0.6429	0.7129	0.6761	303
Support	0.5536	0.6788	0.6098	274
Comment	0.5412	0.3710	0.4402	248
Queries	0.5000	0.2069	0.2927	29
MacroF1	0.5047
F1w_avg	0.5733
Acc    	58.5

02/26/2021 11:14:14 - INFO - __main__ -   	EPOCH:  34	MiniBatch:    0
02/26/2021 11:14:15 - INFO - __main__ -   	EPOCH:  34	MiniBatch:    1
02/26/2021 11:14:16 - INFO - __main__ -   	EPOCH:  34	MiniBatch:    2
02/26/2021 11:14:17 - INFO - __main__ -   	EPOCH:  34	MiniBatch:    3
02/26/2021 11:14:19 - INFO - __main__ -   	EPOCH:  34	MiniBatch:    4
02/26/2021 11:14:20 - INFO - __main__ -   	EPOCH:  34	MiniBatch:    5
02/26/2021 11:14:21 - INFO - __main__ -   	EPOCH:  34	MiniBatch:    6
02/26/2021 11:14:22 - INFO - __main__ -   	EPOCH:  34	MiniBatch:    7
02/26/2021 11:14:23 - INFO - __main__ -   	EPOCH:  34	MiniBatch:    8
02/26/2021 11:14:24 - INFO - __main__ -   	Testing dev Minibatch:    0
02/26/2021 11:14:25 - INFO - __main__ -   	Testing dev Minibatch:    1
02/26/2021 11:14:25 - INFO - __main__ -   	Testing dev Minibatch:    2
02/26/2021 11:14:25 - INFO - __main__ -   
Labels 	Prec. 	Recall	F1    	Supp  
Denial 	0.7014	0.6667	0.6836	303
Support	0.5523	0.6168	0.5828	274
Comment	0.5000	0.4960	0.4980	248
Queries	0.5714	0.2759	0.3721	29
MacroF1	0.5341
F1w_avg	0.5868
Acc    	58.8

02/26/2021 11:14:26 - INFO - __main__ -   	EPOCH:  35	MiniBatch:    0
02/26/2021 11:14:27 - INFO - __main__ -   	EPOCH:  35	MiniBatch:    1
02/26/2021 11:14:28 - INFO - __main__ -   	EPOCH:  35	MiniBatch:    2
02/26/2021 11:14:29 - INFO - __main__ -   	EPOCH:  35	MiniBatch:    3
02/26/2021 11:14:30 - INFO - __main__ -   	EPOCH:  35	MiniBatch:    4
02/26/2021 11:14:31 - INFO - __main__ -   	EPOCH:  35	MiniBatch:    5
02/26/2021 11:14:33 - INFO - __main__ -   	EPOCH:  35	MiniBatch:    6
02/26/2021 11:14:34 - INFO - __main__ -   	EPOCH:  35	MiniBatch:    7
02/26/2021 11:14:35 - INFO - __main__ -   	EPOCH:  35	MiniBatch:    8
02/26/2021 11:14:36 - INFO - __main__ -   	Testing dev Minibatch:    0
02/26/2021 11:14:36 - INFO - __main__ -   	Testing dev Minibatch:    1
02/26/2021 11:14:37 - INFO - __main__ -   	Testing dev Minibatch:    2
02/26/2021 11:14:37 - INFO - __main__ -   
Labels 	Prec. 	Recall	F1    	Supp  
Denial 	0.6435	0.7327	0.6852	303
Support	0.5797	0.6241	0.6011	274
Comment	0.5269	0.3952	0.4516	248
Queries	0.4286	0.4138	0.4211	29
MacroF1	0.5397
F1w_avg	0.5814
Acc    	58.9

02/26/2021 11:14:37 - INFO - __main__ -   	EPOCH:  36	MiniBatch:    0
02/26/2021 11:14:39 - INFO - __main__ -   	EPOCH:  36	MiniBatch:    1
02/26/2021 11:14:40 - INFO - __main__ -   	EPOCH:  36	MiniBatch:    2
02/26/2021 11:14:41 - INFO - __main__ -   	EPOCH:  36	MiniBatch:    3
02/26/2021 11:14:42 - INFO - __main__ -   	EPOCH:  36	MiniBatch:    4
02/26/2021 11:14:43 - INFO - __main__ -   	EPOCH:  36	MiniBatch:    5
02/26/2021 11:14:44 - INFO - __main__ -   	EPOCH:  36	MiniBatch:    6
02/26/2021 11:14:45 - INFO - __main__ -   	EPOCH:  36	MiniBatch:    7
02/26/2021 11:14:47 - INFO - __main__ -   	EPOCH:  36	MiniBatch:    8
02/26/2021 11:14:48 - INFO - __main__ -   	Testing dev Minibatch:    0
02/26/2021 11:14:48 - INFO - __main__ -   	Testing dev Minibatch:    1
02/26/2021 11:14:48 - INFO - __main__ -   	Testing dev Minibatch:    2
02/26/2021 11:14:49 - INFO - __main__ -   
Labels 	Prec. 	Recall	F1    	Supp  
Denial 	0.5779	0.7954	0.6694	303
Support	0.5946	0.4818	0.5323	274
Comment	0.5172	0.4234	0.4656	248
Queries	0.4167	0.1724	0.2439	29
MacroF1	0.4778
F1w_avg	0.5518
Acc    	56.6

02/26/2021 11:14:49 - INFO - __main__ -   	EPOCH:  37	MiniBatch:    0
02/26/2021 11:14:50 - INFO - __main__ -   	EPOCH:  37	MiniBatch:    1
02/26/2021 11:14:51 - INFO - __main__ -   	EPOCH:  37	MiniBatch:    2
02/26/2021 11:14:52 - INFO - __main__ -   	EPOCH:  37	MiniBatch:    3
02/26/2021 11:14:54 - INFO - __main__ -   	EPOCH:  37	MiniBatch:    4
02/26/2021 11:14:55 - INFO - __main__ -   	EPOCH:  37	MiniBatch:    5
02/26/2021 11:14:56 - INFO - __main__ -   	EPOCH:  37	MiniBatch:    6
02/26/2021 11:14:57 - INFO - __main__ -   	EPOCH:  37	MiniBatch:    7
02/26/2021 11:14:58 - INFO - __main__ -   	EPOCH:  37	MiniBatch:    8
02/26/2021 11:14:59 - INFO - __main__ -   	Testing dev Minibatch:    0
02/26/2021 11:15:00 - INFO - __main__ -   	Testing dev Minibatch:    1
02/26/2021 11:15:00 - INFO - __main__ -   	Testing dev Minibatch:    2
02/26/2021 11:15:00 - INFO - __main__ -   
Labels 	Prec. 	Recall	F1    	Supp  
Denial 	0.5680	0.7855	0.6593	303
Support	0.5662	0.5620	0.5641	274
Comment	0.5646	0.3347	0.4203	248
Queries	0.3750	0.2069	0.2667	29
MacroF1	0.4776
F1w_avg	0.5460
Acc    	56.3

02/26/2021 11:15:01 - INFO - __main__ -   	EPOCH:  38	MiniBatch:    0
02/26/2021 11:15:02 - INFO - __main__ -   	EPOCH:  38	MiniBatch:    1
02/26/2021 11:15:03 - INFO - __main__ -   	EPOCH:  38	MiniBatch:    2
02/26/2021 11:15:04 - INFO - __main__ -   	EPOCH:  38	MiniBatch:    3
02/26/2021 11:15:05 - INFO - __main__ -   	EPOCH:  38	MiniBatch:    4
02/26/2021 11:15:06 - INFO - __main__ -   	EPOCH:  38	MiniBatch:    5
02/26/2021 11:15:07 - INFO - __main__ -   	EPOCH:  38	MiniBatch:    6
02/26/2021 11:15:09 - INFO - __main__ -   	EPOCH:  38	MiniBatch:    7
02/26/2021 11:15:10 - INFO - __main__ -   	EPOCH:  38	MiniBatch:    8
02/26/2021 11:15:11 - INFO - __main__ -   	Testing dev Minibatch:    0
02/26/2021 11:15:11 - INFO - __main__ -   	Testing dev Minibatch:    1
02/26/2021 11:15:12 - INFO - __main__ -   	Testing dev Minibatch:    2
02/26/2021 11:15:12 - INFO - __main__ -   
Labels 	Prec. 	Recall	F1    	Supp  
Denial 	0.6194	0.7360	0.6727	303
Support	0.5627	0.5401	0.5512	274
Comment	0.5359	0.4516	0.4902	248
Queries	0.4091	0.3103	0.3529	29
MacroF1	0.5168
F1w_avg	0.5699
Acc    	57.6

02/26/2021 11:15:12 - INFO - __main__ -   	EPOCH:  39	MiniBatch:    0
02/26/2021 11:15:13 - INFO - __main__ -   	EPOCH:  39	MiniBatch:    1
02/26/2021 11:15:14 - INFO - __main__ -   	EPOCH:  39	MiniBatch:    2
02/26/2021 11:15:16 - INFO - __main__ -   	EPOCH:  39	MiniBatch:    3
02/26/2021 11:15:17 - INFO - __main__ -   	EPOCH:  39	MiniBatch:    4
02/26/2021 11:15:18 - INFO - __main__ -   	EPOCH:  39	MiniBatch:    5
02/26/2021 11:15:19 - INFO - __main__ -   	EPOCH:  39	MiniBatch:    6
02/26/2021 11:15:20 - INFO - __main__ -   	EPOCH:  39	MiniBatch:    7
02/26/2021 11:15:21 - INFO - __main__ -   	EPOCH:  39	MiniBatch:    8
02/26/2021 11:15:22 - INFO - __main__ -   	Testing dev Minibatch:    0
02/26/2021 11:15:23 - INFO - __main__ -   	Testing dev Minibatch:    1
02/26/2021 11:15:23 - INFO - __main__ -   	Testing dev Minibatch:    2
02/26/2021 11:15:24 - INFO - __main__ -   
Labels 	Prec. 	Recall	F1    	Supp  
Denial 	0.6796	0.6370	0.6576	303
Support	0.5125	0.6715	0.5814	274
Comment	0.5400	0.4355	0.4821	248
Queries	0.5455	0.2069	0.3000	29
MacroF1	0.5053
F1w_avg	0.5700
Acc    	57.5

02/26/2021 11:15:24 - INFO - __main__ -   	EPOCH:  40	MiniBatch:    0
02/26/2021 11:15:25 - INFO - __main__ -   	EPOCH:  40	MiniBatch:    1
02/26/2021 11:15:26 - INFO - __main__ -   	EPOCH:  40	MiniBatch:    2
02/26/2021 11:15:27 - INFO - __main__ -   	EPOCH:  40	MiniBatch:    3
02/26/2021 11:15:28 - INFO - __main__ -   	EPOCH:  40	MiniBatch:    4
02/26/2021 11:15:30 - INFO - __main__ -   	EPOCH:  40	MiniBatch:    5
02/26/2021 11:15:31 - INFO - __main__ -   	EPOCH:  40	MiniBatch:    6
02/26/2021 11:15:32 - INFO - __main__ -   	EPOCH:  40	MiniBatch:    7
02/26/2021 11:15:33 - INFO - __main__ -   	EPOCH:  40	MiniBatch:    8
02/26/2021 11:15:34 - INFO - __main__ -   	Testing dev Minibatch:    0
02/26/2021 11:15:35 - INFO - __main__ -   	Testing dev Minibatch:    1
02/26/2021 11:15:35 - INFO - __main__ -   	Testing dev Minibatch:    2
02/26/2021 11:15:35 - INFO - __main__ -   
Labels 	Prec. 	Recall	F1    	Supp  
Denial 	0.6712	0.6535	0.6622	303
Support	0.5200	0.6168	0.5643	274
Comment	0.5388	0.4758	0.5054	248
Queries	0.4667	0.2414	0.3182	29
MacroF1	0.5125
F1w_avg	0.5736
Acc    	57.6

02/26/2021 11:15:36 - INFO - __main__ -   	EPOCH:  41	MiniBatch:    0
02/26/2021 11:15:37 - INFO - __main__ -   	EPOCH:  41	MiniBatch:    1
02/26/2021 11:15:38 - INFO - __main__ -   	EPOCH:  41	MiniBatch:    2
02/26/2021 11:15:39 - INFO - __main__ -   	EPOCH:  41	MiniBatch:    3
02/26/2021 11:15:40 - INFO - __main__ -   	EPOCH:  41	MiniBatch:    4
02/26/2021 11:15:41 - INFO - __main__ -   	EPOCH:  41	MiniBatch:    5
02/26/2021 11:15:42 - INFO - __main__ -   	EPOCH:  41	MiniBatch:    6
02/26/2021 11:15:44 - INFO - __main__ -   	EPOCH:  41	MiniBatch:    7
02/26/2021 11:15:45 - INFO - __main__ -   	EPOCH:  41	MiniBatch:    8
02/26/2021 11:15:46 - INFO - __main__ -   	Testing dev Minibatch:    0
02/26/2021 11:15:46 - INFO - __main__ -   	Testing dev Minibatch:    1
02/26/2021 11:15:47 - INFO - __main__ -   	Testing dev Minibatch:    2
02/26/2021 11:15:47 - INFO - __main__ -   
Labels 	Prec. 	Recall	F1    	Supp  
Denial 	0.5792	0.7360	0.6483	303
Support	0.5193	0.6861	0.5912	274
Comment	0.6526	0.2500	0.3615	248
Queries	0.5833	0.2414	0.3415	29
MacroF1	0.4856
F1w_avg	0.5363
Acc    	56.2

02/26/2021 11:15:47 - INFO - __main__ -   	EPOCH:  42	MiniBatch:    0
02/26/2021 11:15:48 - INFO - __main__ -   	EPOCH:  42	MiniBatch:    1
02/26/2021 11:15:49 - INFO - __main__ -   	EPOCH:  42	MiniBatch:    2
02/26/2021 11:15:51 - INFO - __main__ -   	EPOCH:  42	MiniBatch:    3
02/26/2021 11:15:52 - INFO - __main__ -   	EPOCH:  42	MiniBatch:    4
02/26/2021 11:15:53 - INFO - __main__ -   	EPOCH:  42	MiniBatch:    5
02/26/2021 11:15:54 - INFO - __main__ -   	EPOCH:  42	MiniBatch:    6
02/26/2021 11:15:55 - INFO - __main__ -   	EPOCH:  42	MiniBatch:    7
02/26/2021 11:15:56 - INFO - __main__ -   	EPOCH:  42	MiniBatch:    8
02/26/2021 11:15:57 - INFO - __main__ -   	Testing dev Minibatch:    0
02/26/2021 11:15:58 - INFO - __main__ -   	Testing dev Minibatch:    1
02/26/2021 11:15:58 - INFO - __main__ -   	Testing dev Minibatch:    2
02/26/2021 11:15:59 - INFO - __main__ -   
Labels 	Prec. 	Recall	F1    	Supp  
Denial 	0.6842	0.6865	0.6853	303
Support	0.6310	0.3869	0.4796	274
Comment	0.4698	0.6895	0.5588	248
Queries	0.4444	0.2759	0.3404	29
MacroF1	0.5161
F1w_avg	0.5709
Acc    	57.7

02/26/2021 11:15:59 - INFO - __main__ -   	EPOCH:  43	MiniBatch:    0
02/26/2021 11:16:00 - INFO - __main__ -   	EPOCH:  43	MiniBatch:    1
02/26/2021 11:16:01 - INFO - __main__ -   	EPOCH:  43	MiniBatch:    2
02/26/2021 11:16:02 - INFO - __main__ -   	EPOCH:  43	MiniBatch:    3
02/26/2021 11:16:03 - INFO - __main__ -   	EPOCH:  43	MiniBatch:    4
02/26/2021 11:16:05 - INFO - __main__ -   	EPOCH:  43	MiniBatch:    5
02/26/2021 11:16:06 - INFO - __main__ -   	EPOCH:  43	MiniBatch:    6
02/26/2021 11:16:07 - INFO - __main__ -   	EPOCH:  43	MiniBatch:    7
02/26/2021 11:16:08 - INFO - __main__ -   	EPOCH:  43	MiniBatch:    8
02/26/2021 11:16:09 - INFO - __main__ -   	Testing dev Minibatch:    0
02/26/2021 11:16:09 - INFO - __main__ -   	Testing dev Minibatch:    1
02/26/2021 11:16:10 - INFO - __main__ -   	Testing dev Minibatch:    2
02/26/2021 11:16:10 - INFO - __main__ -   
Labels 	Prec. 	Recall	F1    	Supp  
Denial 	0.6120	0.7393	0.6697	303
Support	0.5340	0.6314	0.5786	274
Comment	0.5479	0.3226	0.4061	248
Queries	0.5000	0.3103	0.3830	29
MacroF1	0.5093
F1w_avg	0.5542
Acc    	56.9

02/26/2021 11:16:10 - INFO - __main__ -   	EPOCH:  44	MiniBatch:    0
02/26/2021 11:16:12 - INFO - __main__ -   	EPOCH:  44	MiniBatch:    1
02/26/2021 11:16:13 - INFO - __main__ -   	EPOCH:  44	MiniBatch:    2
02/26/2021 11:16:14 - INFO - __main__ -   	EPOCH:  44	MiniBatch:    3
02/26/2021 11:16:15 - INFO - __main__ -   	EPOCH:  44	MiniBatch:    4
02/26/2021 11:16:16 - INFO - __main__ -   	EPOCH:  44	MiniBatch:    5
02/26/2021 11:16:17 - INFO - __main__ -   	EPOCH:  44	MiniBatch:    6
02/26/2021 11:16:18 - INFO - __main__ -   	EPOCH:  44	MiniBatch:    7
02/26/2021 11:16:20 - INFO - __main__ -   	EPOCH:  44	MiniBatch:    8
02/26/2021 11:16:21 - INFO - __main__ -   	Testing dev Minibatch:    0
02/26/2021 11:16:21 - INFO - __main__ -   	Testing dev Minibatch:    1
02/26/2021 11:16:21 - INFO - __main__ -   	Testing dev Minibatch:    2
02/26/2021 11:16:22 - INFO - __main__ -   
Labels 	Prec. 	Recall	F1    	Supp  
Denial 	0.6465	0.6700	0.6580	303
Support	0.5329	0.6204	0.5734	274
Comment	0.5124	0.4153	0.4588	248
Queries	0.5000	0.3448	0.4082	29
MacroF1	0.5246
F1w_avg	0.5645
Acc    	56.9

02/26/2021 11:16:22 - INFO - __main__ -   No improvements in F1 for 20 epochs
02/26/2021 11:16:23 - INFO - __main__ -   	Testing test Minibatch:    0
02/26/2021 11:16:23 - INFO - __main__ -   	Testing test Minibatch:    1
02/26/2021 11:16:23 - INFO - __main__ -   	Testing test Minibatch:    2
02/26/2021 11:16:24 - INFO - __main__ -   
Labels 	Prec. 	Recall	F1    	Supp  
Denial 	0.6261	0.6732	0.6488	306
Support	0.5863	0.5719	0.5790	285
Comment	0.4416	0.4359	0.4387	234
Queries	0.3750	0.2069	0.2667	29
MacroF1	0.4833
F1w_avg	0.5550
Acc    	55.9

02/26/2021 11:16:24 - INFO - __main__ -   Time taken: 0h 9m  7s
