02/08/2021 10:12:38 - INFO - __main__ -   ----------------- Hyperparameters ------------------
02/08/2021 10:12:38 - INFO - __main__ -   ======== my_modelA0 =========
02/08/2021 10:12:38 - INFO - __main__ -   ===== Hyperparameters ======
02/08/2021 10:12:38 - INFO - __main__ -   batch_train: 40
02/08/2021 10:12:38 - INFO - __main__ -   batch_test:  40
02/08/2021 10:12:38 - INFO - __main__ -   epochs: 20 
02/08/2021 10:12:38 - INFO - __main__ -   learning_rate: 0.000010
02/08/2021 10:12:38 - INFO - __main__ -   optimizer: adam
02/08/2021 10:12:38 - INFO - __main__ -   debug: False
02/08/2021 10:12:38 - INFO - __main__ -   ------------------ Getting model -------------------
02/08/2021 10:12:44 - INFO - __main__ -   --------------- Getting dataframes -----------------
02/08/2021 10:12:44 - INFO - __main__ -   ------- Setting loss function and optimizer --------
02/08/2021 10:12:44 - INFO - __main__ -   ------------ Converting to dataloaders -------------
02/08/2021 10:12:44 - INFO - __main__ -   ---------------- Starting training -----------------
02/08/2021 10:12:44 - INFO - __main__ -   	EPOCH:   0	MiniBatch:    0
02/08/2021 10:12:50 - INFO - __main__ -   	EPOCH:   0	MiniBatch:   10
02/08/2021 10:12:57 - INFO - __main__ -   	EPOCH:   0	MiniBatch:   20
02/08/2021 10:13:03 - INFO - __main__ -   	EPOCH:   0	MiniBatch:   30
02/08/2021 10:13:09 - INFO - __main__ -   	EPOCH:   0	MiniBatch:   40
02/08/2021 10:13:15 - INFO - __main__ -   	EPOCH:   0	MiniBatch:   50
02/08/2021 10:13:21 - INFO - __main__ -   	EPOCH:   0	MiniBatch:   60
02/08/2021 10:13:24 - INFO - __main__ -   	Testing dev Minibatch:    0
02/08/2021 10:13:26 - INFO - __main__ -   	Testing dev Minibatch:   10
02/08/2021 10:13:28 - INFO - __main__ -   	Testing dev Minibatch:   20
02/08/2021 10:13:28 - INFO - __main__ -   
Labels 	Prec. 	Recall	F1    	Supp  
Denial 	0.4203	0.0915	0.1503	317
Support	0.3402	0.9529	0.5014	276
Comment	0.9167	0.0478	0.0909	230
Queries	0.0000	0.0000	0.0000	31
MacroF1	0.1856
F1w_avg	0.2423
Acc    	35.5

02/08/2021 10:13:29 - INFO - __main__ -   	EPOCH:   1	MiniBatch:    0
02/08/2021 10:13:35 - INFO - __main__ -   	EPOCH:   1	MiniBatch:   10
02/08/2021 10:13:41 - INFO - __main__ -   	EPOCH:   1	MiniBatch:   20
02/08/2021 10:13:47 - INFO - __main__ -   	EPOCH:   1	MiniBatch:   30
02/08/2021 10:13:53 - INFO - __main__ -   	EPOCH:   1	MiniBatch:   40
02/08/2021 10:14:00 - INFO - __main__ -   	EPOCH:   1	MiniBatch:   50
02/08/2021 10:14:06 - INFO - __main__ -   	EPOCH:   1	MiniBatch:   60
02/08/2021 10:14:08 - INFO - __main__ -   	Testing dev Minibatch:    0
02/08/2021 10:14:11 - INFO - __main__ -   	Testing dev Minibatch:   10
02/08/2021 10:14:13 - INFO - __main__ -   	Testing dev Minibatch:   20
02/08/2021 10:14:13 - INFO - __main__ -   
Labels 	Prec. 	Recall	F1    	Supp  
Denial 	0.3712	1.0000	0.5414	317
Support	0.0000	0.0000	0.0000	276
Comment	0.0000	0.0000	0.0000	230
Queries	0.0000	0.0000	0.0000	31
MacroF1	0.1354
F1w_avg	0.2010
Acc    	37.1

02/08/2021 10:14:13 - INFO - __main__ -   	EPOCH:   2	MiniBatch:    0
02/08/2021 10:14:19 - INFO - __main__ -   	EPOCH:   2	MiniBatch:   10
02/08/2021 10:14:26 - INFO - __main__ -   	EPOCH:   2	MiniBatch:   20
