02/08/2021 09:57:37 - INFO - __main__ -   ----------------- Hyperparameters ------------------
02/08/2021 09:57:37 - INFO - __main__ -   ======== my_modelA0 =========
02/08/2021 09:57:37 - INFO - __main__ -   ===== Hyperparameters ======
02/08/2021 09:57:37 - INFO - __main__ -   batch_train: 40
02/08/2021 09:57:37 - INFO - __main__ -   batch_test:  40
02/08/2021 09:57:37 - INFO - __main__ -   epochs: 20 
02/08/2021 09:57:37 - INFO - __main__ -   learning_rate: 0.000020
02/08/2021 09:57:37 - INFO - __main__ -   optimizer: adam
02/08/2021 09:57:37 - INFO - __main__ -   debug: False
02/08/2021 09:57:37 - INFO - __main__ -   ------------------ Getting model -------------------
02/08/2021 09:57:43 - INFO - __main__ -   --------------- Getting dataframes -----------------
02/08/2021 09:57:43 - INFO - __main__ -   ------- Setting loss function and optimizer --------
02/08/2021 09:57:43 - INFO - __main__ -   ------------ Converting to dataloaders -------------
02/08/2021 09:57:43 - INFO - __main__ -   ---------------- Starting training -----------------
02/08/2021 09:57:43 - INFO - __main__ -   	EPOCH:   0	MiniBatch:    0
02/08/2021 09:57:50 - INFO - __main__ -   	EPOCH:   0	MiniBatch:   10
02/08/2021 09:57:56 - INFO - __main__ -   	EPOCH:   0	MiniBatch:   20
02/08/2021 09:58:02 - INFO - __main__ -   	EPOCH:   0	MiniBatch:   30
02/08/2021 09:58:08 - INFO - __main__ -   	EPOCH:   0	MiniBatch:   40
02/08/2021 09:58:14 - INFO - __main__ -   	EPOCH:   0	MiniBatch:   50
02/08/2021 09:58:20 - INFO - __main__ -   	EPOCH:   0	MiniBatch:   60
02/08/2021 09:58:23 - INFO - __main__ -   	Testing dev Minibatch:    0
02/08/2021 09:58:25 - INFO - __main__ -   	Testing dev Minibatch:   10
02/08/2021 09:58:27 - INFO - __main__ -   	Testing dev Minibatch:   20
02/08/2021 09:58:27 - INFO - __main__ -   
Labels 	Prec. 	Recall	F1    	Supp  
Denial 	0.3731	0.9274	0.5321	317
Support	0.0000	0.0000	0.0000	276
Comment	0.4394	0.1261	0.1959	230
Queries	0.0000	0.0000	0.0000	31
MacroF1	0.1820
F1w_avg	0.2503
Acc    	37.8

02/08/2021 09:58:28 - INFO - __main__ -   	EPOCH:   1	MiniBatch:    0
02/08/2021 09:58:34 - INFO - __main__ -   	EPOCH:   1	MiniBatch:   10
02/08/2021 09:58:40 - INFO - __main__ -   	EPOCH:   1	MiniBatch:   20
02/08/2021 09:58:46 - INFO - __main__ -   	EPOCH:   1	MiniBatch:   30
02/08/2021 09:58:53 - INFO - __main__ -   	EPOCH:   1	MiniBatch:   40
02/08/2021 09:58:59 - INFO - __main__ -   	EPOCH:   1	MiniBatch:   50
02/08/2021 09:59:05 - INFO - __main__ -   	EPOCH:   1	MiniBatch:   60
02/08/2021 09:59:07 - INFO - __main__ -   	Testing dev Minibatch:    0
02/08/2021 09:59:09 - INFO - __main__ -   	Testing dev Minibatch:   10
02/08/2021 09:59:12 - INFO - __main__ -   	Testing dev Minibatch:   20
02/08/2021 09:59:12 - INFO - __main__ -   
Labels 	Prec. 	Recall	F1    	Supp  
Denial 	0.0000	0.0000	0.0000	317
Support	0.3424	0.9130	0.4980	276
Comment	0.4068	0.2087	0.2759	230
Queries	0.0000	0.0000	0.0000	31
MacroF1	0.1935
F1w_avg	0.2352
Acc    	35.1

02/08/2021 09:59:13 - INFO - __main__ -   	EPOCH:   2	MiniBatch:    0
02/08/2021 09:59:20 - INFO - __main__ -   	EPOCH:   2	MiniBatch:   10
02/08/2021 09:59:26 - INFO - __main__ -   	EPOCH:   2	MiniBatch:   20
02/08/2021 09:59:32 - INFO - __main__ -   	EPOCH:   2	MiniBatch:   30
02/08/2021 09:59:38 - INFO - __main__ -   	EPOCH:   2	MiniBatch:   40
02/08/2021 09:59:44 - INFO - __main__ -   	EPOCH:   2	MiniBatch:   50
02/08/2021 09:59:50 - INFO - __main__ -   	EPOCH:   2	MiniBatch:   60
02/08/2021 09:59:53 - INFO - __main__ -   	Testing dev Minibatch:    0
02/08/2021 09:59:55 - INFO - __main__ -   	Testing dev Minibatch:   10
02/08/2021 09:59:57 - INFO - __main__ -   	Testing dev Minibatch:   20
02/08/2021 09:59:57 - INFO - __main__ -   
Labels 	Prec. 	Recall	F1    	Supp  
Denial 	0.3937	0.7886	0.5252	317
Support	0.4660	0.3478	0.3983	276
Comment	0.6923	0.0391	0.0741	230
Queries	0.0000	0.0000	0.0000	31
MacroF1	0.2494
F1w_avg	0.3436
Acc    	41.6

02/08/2021 09:59:59 - INFO - __main__ -   	EPOCH:   3	MiniBatch:    0
02/08/2021 10:00:05 - INFO - __main__ -   	EPOCH:   3	MiniBatch:   10
02/08/2021 10:00:11 - INFO - __main__ -   	EPOCH:   3	MiniBatch:   20
02/08/2021 10:00:17 - INFO - __main__ -   	EPOCH:   3	MiniBatch:   30
02/08/2021 10:00:23 - INFO - __main__ -   	EPOCH:   3	MiniBatch:   40
02/08/2021 10:00:29 - INFO - __main__ -   	EPOCH:   3	MiniBatch:   50
02/08/2021 10:00:35 - INFO - __main__ -   	EPOCH:   3	MiniBatch:   60
02/08/2021 10:00:38 - INFO - __main__ -   	Testing dev Minibatch:    0
02/08/2021 10:00:40 - INFO - __main__ -   	Testing dev Minibatch:   10
02/08/2021 10:00:42 - INFO - __main__ -   	Testing dev Minibatch:   20
02/08/2021 10:00:42 - INFO - __main__ -   
Labels 	Prec. 	Recall	F1    	Supp  
Denial 	0.3712	1.0000	0.5414	317
Support	0.0000	0.0000	0.0000	276
Comment	0.0000	0.0000	0.0000	230
Queries	0.0000	0.0000	0.0000	31
MacroF1	0.1354
F1w_avg	0.2010
Acc    	37.1

02/08/2021 10:00:43 - INFO - __main__ -   	EPOCH:   4	MiniBatch:    0
02/08/2021 10:00:49 - INFO - __main__ -   	EPOCH:   4	MiniBatch:   10
02/08/2021 10:00:55 - INFO - __main__ -   	EPOCH:   4	MiniBatch:   20
02/08/2021 10:01:01 - INFO - __main__ -   	EPOCH:   4	MiniBatch:   30
02/08/2021 10:01:07 - INFO - __main__ -   	EPOCH:   4	MiniBatch:   40
02/08/2021 10:01:13 - INFO - __main__ -   	EPOCH:   4	MiniBatch:   50
02/08/2021 10:01:20 - INFO - __main__ -   	EPOCH:   4	MiniBatch:   60
02/08/2021 10:01:22 - INFO - __main__ -   	Testing dev Minibatch:    0
02/08/2021 10:01:24 - INFO - __main__ -   	Testing dev Minibatch:   10
02/08/2021 10:01:26 - INFO - __main__ -   	Testing dev Minibatch:   20
02/08/2021 10:01:27 - INFO - __main__ -   
Labels 	Prec. 	Recall	F1    	Supp  
Denial 	0.3748	0.7697	0.5041	317
Support	0.4483	0.3297	0.3800	276
Comment	0.0000	0.0000	0.0000	230
Queries	0.0000	0.0000	0.0000	31
MacroF1	0.2210
F1w_avg	0.3099
Acc    	39.2

02/08/2021 10:01:27 - INFO - __main__ -   	EPOCH:   5	MiniBatch:    0
02/08/2021 10:01:33 - INFO - __main__ -   	EPOCH:   5	MiniBatch:   10
02/08/2021 10:01:39 - INFO - __main__ -   	EPOCH:   5	MiniBatch:   20
02/08/2021 10:01:45 - INFO - __main__ -   	EPOCH:   5	MiniBatch:   30
02/08/2021 10:01:51 - INFO - __main__ -   	EPOCH:   5	MiniBatch:   40
02/08/2021 10:01:58 - INFO - __main__ -   	EPOCH:   5	MiniBatch:   50
02/08/2021 10:02:04 - INFO - __main__ -   	EPOCH:   5	MiniBatch:   60
02/08/2021 10:02:06 - INFO - __main__ -   	Testing dev Minibatch:    0
02/08/2021 10:02:08 - INFO - __main__ -   	Testing dev Minibatch:   10
02/08/2021 10:02:10 - INFO - __main__ -   	Testing dev Minibatch:   20
02/08/2021 10:02:11 - INFO - __main__ -   
Labels 	Prec. 	Recall	F1    	Supp  
Denial 	0.3738	0.9527	0.5369	317
Support	0.0000	0.0000	0.0000	276
Comment	0.4783	0.0957	0.1594	230
Queries	0.0000	0.0000	0.0000	31
MacroF1	0.1741
F1w_avg	0.2422
Acc    	37.9

02/08/2021 10:02:11 - INFO - __main__ -   	EPOCH:   6	MiniBatch:    0
02/08/2021 10:02:17 - INFO - __main__ -   	EPOCH:   6	MiniBatch:   10
02/08/2021 10:02:23 - INFO - __main__ -   	EPOCH:   6	MiniBatch:   20
02/08/2021 10:02:30 - INFO - __main__ -   	EPOCH:   6	MiniBatch:   30
02/08/2021 10:02:36 - INFO - __main__ -   	EPOCH:   6	MiniBatch:   40
02/08/2021 10:02:42 - INFO - __main__ -   	EPOCH:   6	MiniBatch:   50
02/08/2021 10:02:48 - INFO - __main__ -   	EPOCH:   6	MiniBatch:   60
02/08/2021 10:02:50 - INFO - __main__ -   	Testing dev Minibatch:    0
02/08/2021 10:02:53 - INFO - __main__ -   	Testing dev Minibatch:   10
02/08/2021 10:02:55 - INFO - __main__ -   	Testing dev Minibatch:   20
02/08/2021 10:02:55 - INFO - __main__ -   
Labels 	Prec. 	Recall	F1    	Supp  
Denial 	0.3712	1.0000	0.5414	317
Support	0.0000	0.0000	0.0000	276
Comment	0.0000	0.0000	0.0000	230
Queries	0.0000	0.0000	0.0000	31
MacroF1	0.1354
F1w_avg	0.2010
Acc    	37.1

02/08/2021 10:02:55 - INFO - __main__ -   	EPOCH:   7	MiniBatch:    0
02/08/2021 10:03:01 - INFO - __main__ -   	EPOCH:   7	MiniBatch:   10
02/08/2021 10:03:08 - INFO - __main__ -   	EPOCH:   7	MiniBatch:   20
02/08/2021 10:03:14 - INFO - __main__ -   	EPOCH:   7	MiniBatch:   30
02/08/2021 10:03:20 - INFO - __main__ -   	EPOCH:   7	MiniBatch:   40
02/08/2021 10:03:26 - INFO - __main__ -   	EPOCH:   7	MiniBatch:   50
02/08/2021 10:03:32 - INFO - __main__ -   	EPOCH:   7	MiniBatch:   60
02/08/2021 10:03:35 - INFO - __main__ -   	Testing dev Minibatch:    0
02/08/2021 10:03:37 - INFO - __main__ -   	Testing dev Minibatch:   10
02/08/2021 10:03:39 - INFO - __main__ -   	Testing dev Minibatch:   20
02/08/2021 10:03:39 - INFO - __main__ -   
Labels 	Prec. 	Recall	F1    	Supp  
Denial 	0.4116	0.4700	0.4389	317
Support	0.5400	0.0978	0.1656	276
Comment	0.3462	0.6652	0.4554	230
Queries	0.0000	0.0000	0.0000	31
MacroF1	0.2650
F1w_avg	0.3391
Acc    	38.5

02/08/2021 10:03:41 - INFO - __main__ -   	EPOCH:   8	MiniBatch:    0
02/08/2021 10:03:47 - INFO - __main__ -   	EPOCH:   8	MiniBatch:   10
02/08/2021 10:03:53 - INFO - __main__ -   	EPOCH:   8	MiniBatch:   20
02/08/2021 10:03:59 - INFO - __main__ -   	EPOCH:   8	MiniBatch:   30
02/08/2021 10:04:05 - INFO - __main__ -   	EPOCH:   8	MiniBatch:   40
02/08/2021 10:04:11 - INFO - __main__ -   	EPOCH:   8	MiniBatch:   50
02/08/2021 10:04:17 - INFO - __main__ -   	EPOCH:   8	MiniBatch:   60
02/08/2021 10:04:20 - INFO - __main__ -   	Testing dev Minibatch:    0
02/08/2021 10:04:22 - INFO - __main__ -   	Testing dev Minibatch:   10
02/08/2021 10:04:24 - INFO - __main__ -   	Testing dev Minibatch:   20
02/08/2021 10:04:24 - INFO - __main__ -   
Labels 	Prec. 	Recall	F1    	Supp  
Denial 	0.0000	0.0000	0.0000	317
Support	0.3285	0.9891	0.4932	276
Comment	0.5000	0.0478	0.0873	230
Queries	0.0000	0.0000	0.0000	31
MacroF1	0.1451
F1w_avg	0.1829
Acc    	33.3

02/08/2021 10:04:25 - INFO - __main__ -   	EPOCH:   9	MiniBatch:    0
02/08/2021 10:04:31 - INFO - __main__ -   	EPOCH:   9	MiniBatch:   10
02/08/2021 10:04:37 - INFO - __main__ -   	EPOCH:   9	MiniBatch:   20
02/08/2021 10:04:43 - INFO - __main__ -   	EPOCH:   9	MiniBatch:   30
02/08/2021 10:04:49 - INFO - __main__ -   	EPOCH:   9	MiniBatch:   40
02/08/2021 10:04:55 - INFO - __main__ -   	EPOCH:   9	MiniBatch:   50
02/08/2021 10:05:02 - INFO - __main__ -   	EPOCH:   9	MiniBatch:   60
02/08/2021 10:05:04 - INFO - __main__ -   	Testing dev Minibatch:    0
02/08/2021 10:05:06 - INFO - __main__ -   	Testing dev Minibatch:   10
02/08/2021 10:05:08 - INFO - __main__ -   	Testing dev Minibatch:   20
02/08/2021 10:05:09 - INFO - __main__ -   
Labels 	Prec. 	Recall	F1    	Supp  
Denial 	0.3726	0.9874	0.5411	317
Support	0.0000	0.0000	0.0000	276
Comment	0.5714	0.0348	0.0656	230
Queries	0.0000	0.0000	0.0000	31
MacroF1	0.1517
F1w_avg	0.2185
Acc    	37.6

02/08/2021 10:05:09 - INFO - __main__ -   	EPOCH:  10	MiniBatch:    0
02/08/2021 10:05:15 - INFO - __main__ -   	EPOCH:  10	MiniBatch:   10
02/08/2021 10:05:21 - INFO - __main__ -   	EPOCH:  10	MiniBatch:   20
02/08/2021 10:05:27 - INFO - __main__ -   	EPOCH:  10	MiniBatch:   30
02/08/2021 10:05:33 - INFO - __main__ -   	EPOCH:  10	MiniBatch:   40
02/08/2021 10:05:39 - INFO - __main__ -   	EPOCH:  10	MiniBatch:   50
02/08/2021 10:05:46 - INFO - __main__ -   	EPOCH:  10	MiniBatch:   60
02/08/2021 10:05:48 - INFO - __main__ -   	Testing dev Minibatch:    0
02/08/2021 10:05:50 - INFO - __main__ -   	Testing dev Minibatch:   10
02/08/2021 10:05:52 - INFO - __main__ -   	Testing dev Minibatch:   20
02/08/2021 10:05:53 - INFO - __main__ -   
Labels 	Prec. 	Recall	F1    	Supp  
Denial 	0.3821	0.8486	0.5269	317
Support	0.7368	0.0507	0.0949	276
Comment	0.4351	0.2478	0.3158	230
Queries	0.0000	0.0000	0.0000	31
MacroF1	0.2344
F1w_avg	0.3113
Acc    	39.8

02/08/2021 10:05:53 - INFO - __main__ -   	EPOCH:  11	MiniBatch:    0
02/08/2021 10:05:59 - INFO - __main__ -   	EPOCH:  11	MiniBatch:   10
02/08/2021 10:06:05 - INFO - __main__ -   	EPOCH:  11	MiniBatch:   20
02/08/2021 10:06:11 - INFO - __main__ -   	EPOCH:  11	MiniBatch:   30
02/08/2021 10:06:17 - INFO - __main__ -   	EPOCH:  11	MiniBatch:   40
02/08/2021 10:06:23 - INFO - __main__ -   	EPOCH:  11	MiniBatch:   50
02/08/2021 10:06:29 - INFO - __main__ -   	EPOCH:  11	MiniBatch:   60
02/08/2021 10:06:32 - INFO - __main__ -   	Testing dev Minibatch:    0
02/08/2021 10:06:34 - INFO - __main__ -   	Testing dev Minibatch:   10
02/08/2021 10:06:36 - INFO - __main__ -   	Testing dev Minibatch:   20
02/08/2021 10:06:36 - INFO - __main__ -   
Labels 	Prec. 	Recall	F1    	Supp  
Denial 	0.3736	0.8202	0.5133	317
Support	0.0000	0.0000	0.0000	276
Comment	0.4241	0.2913	0.3454	230
Queries	0.0000	0.0000	0.0000	31
MacroF1	0.2147
F1w_avg	0.2836
Acc    	38.3

02/08/2021 10:06:37 - INFO - __main__ -   	EPOCH:  12	MiniBatch:    0
02/08/2021 10:06:43 - INFO - __main__ -   	EPOCH:  12	MiniBatch:   10
02/08/2021 10:06:49 - INFO - __main__ -   	EPOCH:  12	MiniBatch:   20
02/08/2021 10:06:55 - INFO - __main__ -   	EPOCH:  12	MiniBatch:   30
02/08/2021 10:07:01 - INFO - __main__ -   	EPOCH:  12	MiniBatch:   40
02/08/2021 10:07:07 - INFO - __main__ -   	EPOCH:  12	MiniBatch:   50
02/08/2021 10:07:14 - INFO - __main__ -   	EPOCH:  12	MiniBatch:   60
02/08/2021 10:07:16 - INFO - __main__ -   	Testing dev Minibatch:    0
02/08/2021 10:07:18 - INFO - __main__ -   	Testing dev Minibatch:   10
02/08/2021 10:07:20 - INFO - __main__ -   	Testing dev Minibatch:   20
02/08/2021 10:07:21 - INFO - __main__ -   
Labels 	Prec. 	Recall	F1    	Supp  
Denial 	0.4278	0.5047	0.4631	317
Support	0.4190	0.6087	0.4963	276
Comment	0.4810	0.1652	0.2460	230
Queries	0.0000	0.0000	0.0000	31
MacroF1	0.3013
F1w_avg	0.3985
Acc    	42.9

02/08/2021 10:07:22 - INFO - __main__ -   	EPOCH:  13	MiniBatch:    0
02/08/2021 10:07:28 - INFO - __main__ -   	EPOCH:  13	MiniBatch:   10
02/08/2021 10:07:34 - INFO - __main__ -   	EPOCH:  13	MiniBatch:   20
02/08/2021 10:07:41 - INFO - __main__ -   	EPOCH:  13	MiniBatch:   30
02/08/2021 10:07:47 - INFO - __main__ -   	EPOCH:  13	MiniBatch:   40
02/08/2021 10:07:53 - INFO - __main__ -   	EPOCH:  13	MiniBatch:   50
02/08/2021 10:07:59 - INFO - __main__ -   	EPOCH:  13	MiniBatch:   60
02/08/2021 10:08:01 - INFO - __main__ -   	Testing dev Minibatch:    0
02/08/2021 10:08:03 - INFO - __main__ -   	Testing dev Minibatch:   10
02/08/2021 10:08:06 - INFO - __main__ -   	Testing dev Minibatch:   20
02/08/2021 10:08:06 - INFO - __main__ -   
Labels 	Prec. 	Recall	F1    	Supp  
Denial 	0.3744	0.9590	0.5385	317
Support	0.5429	0.0688	0.1222	276
Comment	0.1429	0.0043	0.0084	230
Queries	0.0000	0.0000	0.0000	31
MacroF1	0.1673
F1w_avg	0.2417
Acc    	37.9

02/08/2021 10:08:06 - INFO - __main__ -   	EPOCH:  14	MiniBatch:    0
02/08/2021 10:08:12 - INFO - __main__ -   	EPOCH:  14	MiniBatch:   10
02/08/2021 10:08:18 - INFO - __main__ -   	EPOCH:  14	MiniBatch:   20
02/08/2021 10:08:24 - INFO - __main__ -   	EPOCH:  14	MiniBatch:   30
02/08/2021 10:08:31 - INFO - __main__ -   	EPOCH:  14	MiniBatch:   40
02/08/2021 10:08:37 - INFO - __main__ -   	EPOCH:  14	MiniBatch:   50
02/08/2021 10:08:43 - INFO - __main__ -   	EPOCH:  14	MiniBatch:   60
02/08/2021 10:08:45 - INFO - __main__ -   	Testing dev Minibatch:    0
02/08/2021 10:08:47 - INFO - __main__ -   	Testing dev Minibatch:   10
02/08/2021 10:08:49 - INFO - __main__ -   	Testing dev Minibatch:   20
02/08/2021 10:08:50 - INFO - __main__ -   
Labels 	Prec. 	Recall	F1    	Supp  
Denial 	0.4436	0.5331	0.4842	317
Support	0.4240	0.6667	0.5183	276
Comment	0.5128	0.0870	0.1487	230
Queries	0.0000	0.0000	0.0000	31
MacroF1	0.2878
F1w_avg	0.3873
Acc    	43.7

02/08/2021 10:08:50 - INFO - __main__ -   	EPOCH:  15	MiniBatch:    0
02/08/2021 10:08:56 - INFO - __main__ -   	EPOCH:  15	MiniBatch:   10
02/08/2021 10:09:02 - INFO - __main__ -   	EPOCH:  15	MiniBatch:   20
02/08/2021 10:09:08 - INFO - __main__ -   	EPOCH:  15	MiniBatch:   30
02/08/2021 10:09:15 - INFO - __main__ -   	EPOCH:  15	MiniBatch:   40
02/08/2021 10:09:21 - INFO - __main__ -   	EPOCH:  15	MiniBatch:   50
02/08/2021 10:09:27 - INFO - __main__ -   	EPOCH:  15	MiniBatch:   60
02/08/2021 10:09:29 - INFO - __main__ -   	Testing dev Minibatch:    0
02/08/2021 10:09:31 - INFO - __main__ -   	Testing dev Minibatch:   10
02/08/2021 10:09:33 - INFO - __main__ -   	Testing dev Minibatch:   20
02/08/2021 10:09:34 - INFO - __main__ -   
Labels 	Prec. 	Recall	F1    	Supp  
Denial 	0.3885	0.7855	0.5198	317
Support	0.4878	0.3623	0.4158	276
Comment	0.3750	0.0130	0.0252	230
Queries	0.0000	0.0000	0.0000	31
MacroF1	0.2402
F1w_avg	0.3341
Acc    	41.2

02/08/2021 10:09:34 - INFO - __main__ -   	EPOCH:  16	MiniBatch:    0
02/08/2021 10:09:40 - INFO - __main__ -   	EPOCH:  16	MiniBatch:   10
02/08/2021 10:09:46 - INFO - __main__ -   	EPOCH:  16	MiniBatch:   20
02/08/2021 10:09:52 - INFO - __main__ -   	EPOCH:  16	MiniBatch:   30
02/08/2021 10:09:58 - INFO - __main__ -   	EPOCH:  16	MiniBatch:   40
02/08/2021 10:10:05 - INFO - __main__ -   	EPOCH:  16	MiniBatch:   50
02/08/2021 10:10:11 - INFO - __main__ -   	EPOCH:  16	MiniBatch:   60
02/08/2021 10:10:13 - INFO - __main__ -   	Testing dev Minibatch:    0
02/08/2021 10:10:15 - INFO - __main__ -   	Testing dev Minibatch:   10
02/08/2021 10:10:17 - INFO - __main__ -   	Testing dev Minibatch:   20
02/08/2021 10:10:18 - INFO - __main__ -   
Labels 	Prec. 	Recall	F1    	Supp  
Denial 	0.0000	0.0000	0.0000	317
Support	0.3599	0.8841	0.5115	276
Comment	0.3693	0.2826	0.3202	230
Queries	0.0000	0.0000	0.0000	31
MacroF1	0.2079
F1w_avg	0.2516
Acc    	36.2

02/08/2021 10:10:18 - INFO - __main__ -   	EPOCH:  17	MiniBatch:    0
02/08/2021 10:10:24 - INFO - __main__ -   	EPOCH:  17	MiniBatch:   10
02/08/2021 10:10:30 - INFO - __main__ -   	EPOCH:  17	MiniBatch:   20
02/08/2021 10:10:36 - INFO - __main__ -   	EPOCH:  17	MiniBatch:   30
02/08/2021 10:10:43 - INFO - __main__ -   	EPOCH:  17	MiniBatch:   40
02/08/2021 10:10:49 - INFO - __main__ -   	EPOCH:  17	MiniBatch:   50
02/08/2021 10:10:55 - INFO - __main__ -   	EPOCH:  17	MiniBatch:   60
02/08/2021 10:10:57 - INFO - __main__ -   	Testing dev Minibatch:    0
02/08/2021 10:10:59 - INFO - __main__ -   	Testing dev Minibatch:   10
02/08/2021 10:11:01 - INFO - __main__ -   	Testing dev Minibatch:   20
02/08/2021 10:11:02 - INFO - __main__ -   
Labels 	Prec. 	Recall	F1    	Supp  
Denial 	0.5000	0.0126	0.0246	317
Support	0.4660	0.3478	0.3983	276
Comment	0.3109	0.8652	0.4575	230
Queries	0.0000	0.0000	0.0000	31
MacroF1	0.2201
F1w_avg	0.2611
Acc    	35.0

02/08/2021 10:11:02 - INFO - __main__ -   	EPOCH:  18	MiniBatch:    0
02/08/2021 10:11:08 - INFO - __main__ -   	EPOCH:  18	MiniBatch:   10
02/08/2021 10:11:14 - INFO - __main__ -   	EPOCH:  18	MiniBatch:   20
02/08/2021 10:11:20 - INFO - __main__ -   	EPOCH:  18	MiniBatch:   30
02/08/2021 10:11:26 - INFO - __main__ -   	EPOCH:  18	MiniBatch:   40
02/08/2021 10:11:33 - INFO - __main__ -   	EPOCH:  18	MiniBatch:   50
02/08/2021 10:11:39 - INFO - __main__ -   	EPOCH:  18	MiniBatch:   60
02/08/2021 10:11:41 - INFO - __main__ -   	Testing dev Minibatch:    0
02/08/2021 10:11:43 - INFO - __main__ -   	Testing dev Minibatch:   10
02/08/2021 10:11:45 - INFO - __main__ -   	Testing dev Minibatch:   20
02/08/2021 10:11:46 - INFO - __main__ -   
Labels 	Prec. 	Recall	F1    	Supp  
Denial 	0.3712	1.0000	0.5414	317
Support	0.0000	0.0000	0.0000	276
Comment	0.0000	0.0000	0.0000	230
Queries	0.0000	0.0000	0.0000	31
MacroF1	0.1354
F1w_avg	0.2010
Acc    	37.1

02/08/2021 10:11:46 - INFO - __main__ -   	EPOCH:  19	MiniBatch:    0
02/08/2021 10:11:52 - INFO - __main__ -   	EPOCH:  19	MiniBatch:   10
02/08/2021 10:11:58 - INFO - __main__ -   	EPOCH:  19	MiniBatch:   20
02/08/2021 10:12:04 - INFO - __main__ -   	EPOCH:  19	MiniBatch:   30
02/08/2021 10:12:10 - INFO - __main__ -   	EPOCH:  19	MiniBatch:   40
02/08/2021 10:12:16 - INFO - __main__ -   	EPOCH:  19	MiniBatch:   50
02/08/2021 10:12:23 - INFO - __main__ -   	EPOCH:  19	MiniBatch:   60
02/08/2021 10:12:25 - INFO - __main__ -   	Testing dev Minibatch:    0
02/08/2021 10:12:27 - INFO - __main__ -   	Testing dev Minibatch:   10
02/08/2021 10:12:29 - INFO - __main__ -   	Testing dev Minibatch:   20
02/08/2021 10:12:30 - INFO - __main__ -   
Labels 	Prec. 	Recall	F1    	Supp  
Denial 	0.0000	0.0000	0.0000	317
Support	0.3259	1.0000	0.4915	276
Comment	0.1429	0.0043	0.0084	230
Queries	0.0000	0.0000	0.0000	31
MacroF1	0.1250
F1w_avg	0.1611
Acc    	32.4

02/08/2021 10:12:30 - INFO - __main__ -   	Testing test Minibatch:    0
02/08/2021 10:12:32 - INFO - __main__ -   	Testing test Minibatch:   10
02/08/2021 10:12:34 - INFO - __main__ -   	Testing test Minibatch:   20
02/08/2021 10:12:35 - INFO - __main__ -   
Labels 	Prec. 	Recall	F1    	Supp  
Denial 	0.3995	0.4904	0.4403	312
Support	0.4190	0.5979	0.4927	281
Comment	0.4714	0.1410	0.2171	234
Queries	0.0000	0.0000	0.0000	27
MacroF1	0.2875
F1w_avg	0.3824
Acc    	41.5

02/08/2021 10:12:35 - INFO - __main__ -   Time taken: 0h 14m 57s
