02/09/2021 11:01:44 - INFO - __main__ -   ----------------- Hyperparameters ------------------
02/09/2021 11:01:44 - INFO - __main__ -   ======== my_modelA0 =========
02/09/2021 11:01:44 - INFO - __main__ -   ===== Hyperparameters ======
02/09/2021 11:01:44 - INFO - __main__ -   batch_train: 64
02/09/2021 11:01:44 - INFO - __main__ -   batch_test:  64
02/09/2021 11:01:44 - INFO - __main__ -   epochs: 40 
02/09/2021 11:01:44 - INFO - __main__ -   learning_rate: 0.000020
02/09/2021 11:01:44 - INFO - __main__ -   optimizer: adam
02/09/2021 11:01:44 - INFO - __main__ -   debug: False
02/09/2021 11:01:44 - INFO - __main__ -   ------------------ Getting model -------------------
02/09/2021 11:01:50 - INFO - __main__ -   --------------- Getting dataframes -----------------
02/09/2021 11:01:51 - INFO - __main__ -   ------- Setting loss function and optimizer --------
02/09/2021 11:01:51 - INFO - __main__ -   ------------ Converting to dataloaders -------------
02/09/2021 11:01:51 - INFO - __main__ -   ---------------- Starting training -----------------
02/09/2021 11:01:51 - INFO - __main__ -   	EPOCH:   0	MiniBatch:    0
02/09/2021 11:02:01 - INFO - __main__ -   	EPOCH:   0	MiniBatch:   10
02/09/2021 11:02:10 - INFO - __main__ -   	EPOCH:   0	MiniBatch:   20
02/09/2021 11:02:20 - INFO - __main__ -   	EPOCH:   0	MiniBatch:   30
02/09/2021 11:02:29 - INFO - __main__ -   	EPOCH:   0	MiniBatch:   40
02/09/2021 11:02:29 - INFO - __main__ -   	Testing dev Minibatch:    0
02/09/2021 11:02:33 - INFO - __main__ -   	Testing dev Minibatch:   10
02/09/2021 11:02:34 - INFO - __main__ -   
Labels 	Prec. 	Recall	F1    	Supp  
Denial 	0.3926	0.5710	0.4653	317
Support	0.0000	0.0000	0.0000	276
Comment	0.3384	0.5783	0.4270	230
Queries	0.0000	0.0000	0.0000	31
MacroF1	0.2231
F1w_avg	0.2877
Acc    	36.8

02/09/2021 11:02:34 - INFO - __main__ -   	EPOCH:   1	MiniBatch:    0
02/09/2021 11:02:44 - INFO - __main__ -   	EPOCH:   1	MiniBatch:   10
02/09/2021 11:02:53 - INFO - __main__ -   	EPOCH:   1	MiniBatch:   20
02/09/2021 11:03:03 - INFO - __main__ -   	EPOCH:   1	MiniBatch:   30
02/09/2021 11:03:12 - INFO - __main__ -   	EPOCH:   1	MiniBatch:   40
02/09/2021 11:03:12 - INFO - __main__ -   	Testing dev Minibatch:    0
02/09/2021 11:03:16 - INFO - __main__ -   	Testing dev Minibatch:   10
02/09/2021 11:03:17 - INFO - __main__ -   
Labels 	Prec. 	Recall	F1    	Supp  
Denial 	0.4128	0.3880	0.4000	317
Support	0.0000	0.0000	0.0000	276
Comment	0.3129	0.7565	0.4427	230
Queries	0.0000	0.0000	0.0000	31
MacroF1	0.2107
F1w_avg	0.2677
Acc    	34.8

02/09/2021 11:03:17 - INFO - __main__ -   	EPOCH:   2	MiniBatch:    0
02/09/2021 11:03:26 - INFO - __main__ -   	EPOCH:   2	MiniBatch:   10
02/09/2021 11:03:36 - INFO - __main__ -   	EPOCH:   2	MiniBatch:   20
02/09/2021 11:03:45 - INFO - __main__ -   	EPOCH:   2	MiniBatch:   30
02/09/2021 11:03:55 - INFO - __main__ -   	EPOCH:   2	MiniBatch:   40
02/09/2021 11:03:55 - INFO - __main__ -   	Testing dev Minibatch:    0
02/09/2021 11:03:59 - INFO - __main__ -   	Testing dev Minibatch:   10
02/09/2021 11:04:00 - INFO - __main__ -   
Labels 	Prec. 	Recall	F1    	Supp  
Denial 	0.4157	0.1167	0.1823	317
Support	0.3532	0.9022	0.5076	276
Comment	0.4667	0.1217	0.1931	230
Queries	0.0000	0.0000	0.0000	31
MacroF1	0.2208
F1w_avg	0.2837
Acc    	36.8

02/09/2021 11:04:00 - INFO - __main__ -   	EPOCH:   3	MiniBatch:    0
02/09/2021 11:04:09 - INFO - __main__ -   	EPOCH:   3	MiniBatch:   10
02/09/2021 11:04:19 - INFO - __main__ -   	EPOCH:   3	MiniBatch:   20
02/09/2021 11:04:28 - INFO - __main__ -   	EPOCH:   3	MiniBatch:   30
02/09/2021 11:04:38 - INFO - __main__ -   	EPOCH:   3	MiniBatch:   40
02/09/2021 11:04:38 - INFO - __main__ -   	Testing dev Minibatch:    0
02/09/2021 11:04:41 - INFO - __main__ -   	Testing dev Minibatch:   10
02/09/2021 11:04:42 - INFO - __main__ -   
Labels 	Prec. 	Recall	F1    	Supp  
Denial 	0.3720	0.7792	0.5036	317
Support	0.4286	0.0435	0.0789	276
Comment	0.3889	0.2739	0.3214	230
Queries	0.0000	0.0000	0.0000	31
MacroF1	0.2260
F1w_avg	0.2990
Acc    	37.7

02/09/2021 11:04:44 - INFO - __main__ -   	EPOCH:   4	MiniBatch:    0
02/09/2021 11:04:53 - INFO - __main__ -   	EPOCH:   4	MiniBatch:   10
02/09/2021 11:05:03 - INFO - __main__ -   	EPOCH:   4	MiniBatch:   20
02/09/2021 11:05:12 - INFO - __main__ -   	EPOCH:   4	MiniBatch:   30
02/09/2021 11:05:22 - INFO - __main__ -   	EPOCH:   4	MiniBatch:   40
02/09/2021 11:05:22 - INFO - __main__ -   	Testing dev Minibatch:    0
02/09/2021 11:05:25 - INFO - __main__ -   	Testing dev Minibatch:   10
02/09/2021 11:05:27 - INFO - __main__ -   
Labels 	Prec. 	Recall	F1    	Supp  
Denial 	0.3938	0.2397	0.2980	317
Support	0.3723	0.7609	0.5000	276
Comment	0.4330	0.1826	0.2569	230
Queries	0.0000	0.0000	0.0000	31
MacroF1	0.2637
F1w_avg	0.3414
Acc    	38.4

02/09/2021 11:05:28 - INFO - __main__ -   	EPOCH:   5	MiniBatch:    0
02/09/2021 11:05:38 - INFO - __main__ -   	EPOCH:   5	MiniBatch:   10
02/09/2021 11:05:47 - INFO - __main__ -   	EPOCH:   5	MiniBatch:   20
02/09/2021 11:05:56 - INFO - __main__ -   	EPOCH:   5	MiniBatch:   30
02/09/2021 11:06:06 - INFO - __main__ -   	EPOCH:   5	MiniBatch:   40
02/09/2021 11:06:06 - INFO - __main__ -   	Testing dev Minibatch:    0
02/09/2021 11:06:09 - INFO - __main__ -   	Testing dev Minibatch:   10
02/09/2021 11:06:11 - INFO - __main__ -   
Labels 	Prec. 	Recall	F1    	Supp  
Denial 	0.3721	1.0000	0.5423	317
Support	1.0000	0.0072	0.0144	276
Comment	0.0000	0.0000	0.0000	230
Queries	0.0000	0.0000	0.0000	31
MacroF1	0.1392
F1w_avg	0.2060
Acc    	37.4

02/09/2021 11:06:11 - INFO - __main__ -   	EPOCH:   6	MiniBatch:    0
02/09/2021 11:06:20 - INFO - __main__ -   	EPOCH:   6	MiniBatch:   10
02/09/2021 11:06:30 - INFO - __main__ -   	EPOCH:   6	MiniBatch:   20
02/09/2021 11:06:39 - INFO - __main__ -   	EPOCH:   6	MiniBatch:   30
02/09/2021 11:06:49 - INFO - __main__ -   	EPOCH:   6	MiniBatch:   40
02/09/2021 11:06:49 - INFO - __main__ -   	Testing dev Minibatch:    0
02/09/2021 11:06:52 - INFO - __main__ -   	Testing dev Minibatch:   10
02/09/2021 11:06:53 - INFO - __main__ -   
Labels 	Prec. 	Recall	F1    	Supp  
Denial 	0.5410	0.1041	0.1746	317
Support	0.3797	0.7717	0.5090	276
Comment	0.3707	0.3739	0.3723	230
Queries	0.0000	0.0000	0.0000	31
MacroF1	0.2640
F1w_avg	0.3296
Acc    	38.9

02/09/2021 11:06:55 - INFO - __main__ -   	EPOCH:   7	MiniBatch:    0
02/09/2021 11:07:04 - INFO - __main__ -   	EPOCH:   7	MiniBatch:   10
02/09/2021 11:07:14 - INFO - __main__ -   	EPOCH:   7	MiniBatch:   20
02/09/2021 11:07:23 - INFO - __main__ -   	EPOCH:   7	MiniBatch:   30
02/09/2021 11:07:33 - INFO - __main__ -   	EPOCH:   7	MiniBatch:   40
02/09/2021 11:07:33 - INFO - __main__ -   	Testing dev Minibatch:    0
02/09/2021 11:07:36 - INFO - __main__ -   	Testing dev Minibatch:   10
02/09/2021 11:07:37 - INFO - __main__ -   
Labels 	Prec. 	Recall	F1    	Supp  
Denial 	0.5882	0.1893	0.2864	317
Support	0.5638	0.3043	0.3953	276
Comment	0.3051	0.8000	0.4418	230
Queries	0.0000	0.0000	0.0000	31
MacroF1	0.2809
F1w_avg	0.3530
Acc    	38.4

02/09/2021 11:07:39 - INFO - __main__ -   	EPOCH:   8	MiniBatch:    0
02/09/2021 11:07:48 - INFO - __main__ -   	EPOCH:   8	MiniBatch:   10
02/09/2021 11:07:58 - INFO - __main__ -   	EPOCH:   8	MiniBatch:   20
02/09/2021 11:08:07 - INFO - __main__ -   	EPOCH:   8	MiniBatch:   30
02/09/2021 11:08:17 - INFO - __main__ -   	EPOCH:   8	MiniBatch:   40
02/09/2021 11:08:17 - INFO - __main__ -   	Testing dev Minibatch:    0
02/09/2021 11:08:20 - INFO - __main__ -   	Testing dev Minibatch:   10
02/09/2021 11:08:22 - INFO - __main__ -   
Labels 	Prec. 	Recall	F1    	Supp  
Denial 	0.3987	0.9495	0.5616	317
Support	0.4783	0.0797	0.1366	276
Comment	0.4717	0.1087	0.1767	230
Queries	0.0000	0.0000	0.0000	31
MacroF1	0.2187
F1w_avg	0.3002
Acc    	40.7

02/09/2021 11:08:22 - INFO - __main__ -   	EPOCH:   9	MiniBatch:    0
02/09/2021 11:08:31 - INFO - __main__ -   	EPOCH:   9	MiniBatch:   10
02/09/2021 11:08:41 - INFO - __main__ -   	EPOCH:   9	MiniBatch:   20
02/09/2021 11:08:50 - INFO - __main__ -   	EPOCH:   9	MiniBatch:   30
02/09/2021 11:09:00 - INFO - __main__ -   	EPOCH:   9	MiniBatch:   40
02/09/2021 11:09:00 - INFO - __main__ -   	Testing dev Minibatch:    0
02/09/2021 11:09:03 - INFO - __main__ -   	Testing dev Minibatch:   10
02/09/2021 11:09:04 - INFO - __main__ -   
Labels 	Prec. 	Recall	F1    	Supp  
Denial 	0.4132	0.7508	0.5330	317
Support	0.4853	0.1196	0.1919	276
Comment	0.3857	0.3522	0.3682	230
Queries	0.0000	0.0000	0.0000	31
MacroF1	0.2733
F1w_avg	0.3590
Acc    	41.2

02/09/2021 11:09:05 - INFO - __main__ -   	EPOCH:  10	MiniBatch:    0
02/09/2021 11:09:14 - INFO - __main__ -   	EPOCH:  10	MiniBatch:   10
02/09/2021 11:09:24 - INFO - __main__ -   	EPOCH:  10	MiniBatch:   20
02/09/2021 11:09:33 - INFO - __main__ -   	EPOCH:  10	MiniBatch:   30
02/09/2021 11:09:43 - INFO - __main__ -   	EPOCH:  10	MiniBatch:   40
02/09/2021 11:09:43 - INFO - __main__ -   	Testing dev Minibatch:    0
02/09/2021 11:09:46 - INFO - __main__ -   	Testing dev Minibatch:   10
02/09/2021 11:09:47 - INFO - __main__ -   
Labels 	Prec. 	Recall	F1    	Supp  
Denial 	0.6197	0.1388	0.2268	317
Support	0.5517	0.1159	0.1916	276
Comment	0.2924	0.9217	0.4440	230
Queries	0.0000	0.0000	0.0000	31
MacroF1	0.2156
F1w_avg	0.2657
Acc    	33.7

02/09/2021 11:09:47 - INFO - __main__ -   	EPOCH:  11	MiniBatch:    0
02/09/2021 11:09:57 - INFO - __main__ -   	EPOCH:  11	MiniBatch:   10
02/09/2021 11:10:06 - INFO - __main__ -   	EPOCH:  11	MiniBatch:   20
02/09/2021 11:10:16 - INFO - __main__ -   	EPOCH:  11	MiniBatch:   30
02/09/2021 11:10:25 - INFO - __main__ -   	EPOCH:  11	MiniBatch:   40
02/09/2021 11:10:26 - INFO - __main__ -   	Testing dev Minibatch:    0
02/09/2021 11:10:29 - INFO - __main__ -   	Testing dev Minibatch:   10
02/09/2021 11:10:30 - INFO - __main__ -   
Labels 	Prec. 	Recall	F1    	Supp  
Denial 	0.5434	0.4543	0.4948	317
Support	0.4338	0.6051	0.5053	276
Comment	0.3725	0.3304	0.3502	230
Queries	0.0000	0.0000	0.0000	31
MacroF1	0.3376
F1w_avg	0.4413
Acc    	45.3

02/09/2021 11:10:32 - INFO - __main__ -   	EPOCH:  12	MiniBatch:    0
02/09/2021 11:10:41 - INFO - __main__ -   	EPOCH:  12	MiniBatch:   10
02/09/2021 11:10:51 - INFO - __main__ -   	EPOCH:  12	MiniBatch:   20
02/09/2021 11:11:00 - INFO - __main__ -   	EPOCH:  12	MiniBatch:   30
02/09/2021 11:11:09 - INFO - __main__ -   	EPOCH:  12	MiniBatch:   40
02/09/2021 11:11:10 - INFO - __main__ -   	Testing dev Minibatch:    0
02/09/2021 11:11:13 - INFO - __main__ -   	Testing dev Minibatch:   10
02/09/2021 11:11:14 - INFO - __main__ -   
Labels 	Prec. 	Recall	F1    	Supp  
Denial 	0.4812	0.4038	0.4391	317
Support	0.4433	0.1558	0.2306	276
Comment	0.3096	0.6609	0.4216	230
Queries	0.0000	0.0000	0.0000	31
MacroF1	0.2728
F1w_avg	0.3511
Acc    	37.8

02/09/2021 11:11:14 - INFO - __main__ -   	EPOCH:  13	MiniBatch:    0
02/09/2021 11:11:24 - INFO - __main__ -   	EPOCH:  13	MiniBatch:   10
02/09/2021 11:11:33 - INFO - __main__ -   	EPOCH:  13	MiniBatch:   20
02/09/2021 11:11:43 - INFO - __main__ -   	EPOCH:  13	MiniBatch:   30
02/09/2021 11:11:52 - INFO - __main__ -   	EPOCH:  13	MiniBatch:   40
02/09/2021 11:11:53 - INFO - __main__ -   	Testing dev Minibatch:    0
02/09/2021 11:11:56 - INFO - __main__ -   	Testing dev Minibatch:   10
02/09/2021 11:11:57 - INFO - __main__ -   
Labels 	Prec. 	Recall	F1    	Supp  
Denial 	0.4815	0.5741	0.5237	317
Support	0.4792	0.4601	0.4695	276
Comment	0.3744	0.3435	0.3583	230
Queries	0.0000	0.0000	0.0000	31
MacroF1	0.3379
F1w_avg	0.4426
Acc    	45.4

02/09/2021 11:11:59 - INFO - __main__ -   	EPOCH:  14	MiniBatch:    0
02/09/2021 11:12:08 - INFO - __main__ -   	EPOCH:  14	MiniBatch:   10
02/09/2021 11:12:17 - INFO - __main__ -   	EPOCH:  14	MiniBatch:   20
02/09/2021 11:12:27 - INFO - __main__ -   	EPOCH:  14	MiniBatch:   30
02/09/2021 11:12:36 - INFO - __main__ -   	EPOCH:  14	MiniBatch:   40
02/09/2021 11:12:37 - INFO - __main__ -   	Testing dev Minibatch:    0
02/09/2021 11:12:40 - INFO - __main__ -   	Testing dev Minibatch:   10
02/09/2021 11:12:41 - INFO - __main__ -   
Labels 	Prec. 	Recall	F1    	Supp  
Denial 	0.6154	0.1009	0.1734	317
Support	0.3791	0.8406	0.5225	276
Comment	0.3646	0.2870	0.3212	230
Queries	0.1111	0.0323	0.0500	31
MacroF1	0.2668
F1w_avg	0.3216
Acc    	38.8

02/09/2021 11:12:41 - INFO - __main__ -   	EPOCH:  15	MiniBatch:    0
02/09/2021 11:12:51 - INFO - __main__ -   	EPOCH:  15	MiniBatch:   10
02/09/2021 11:13:00 - INFO - __main__ -   	EPOCH:  15	MiniBatch:   20
02/09/2021 11:13:10 - INFO - __main__ -   	EPOCH:  15	MiniBatch:   30
02/09/2021 11:13:19 - INFO - __main__ -   	EPOCH:  15	MiniBatch:   40
02/09/2021 11:13:19 - INFO - __main__ -   	Testing dev Minibatch:    0
02/09/2021 11:13:23 - INFO - __main__ -   	Testing dev Minibatch:   10
02/09/2021 11:13:24 - INFO - __main__ -   
Labels 	Prec. 	Recall	F1    	Supp  
Denial 	0.5502	0.3975	0.4615	317
Support	0.4238	0.6957	0.5267	276
Comment	0.3234	0.2348	0.2720	230
Queries	0.2000	0.0323	0.0556	31
MacroF1	0.3290
F1w_avg	0.4168
Acc    	43.7

02/09/2021 11:13:24 - INFO - __main__ -   	EPOCH:  16	MiniBatch:    0
02/09/2021 11:13:34 - INFO - __main__ -   	EPOCH:  16	MiniBatch:   10
02/09/2021 11:13:43 - INFO - __main__ -   	EPOCH:  16	MiniBatch:   20
02/09/2021 11:13:53 - INFO - __main__ -   	EPOCH:  16	MiniBatch:   30
02/09/2021 11:14:02 - INFO - __main__ -   	EPOCH:  16	MiniBatch:   40
02/09/2021 11:14:02 - INFO - __main__ -   	Testing dev Minibatch:    0
02/09/2021 11:14:06 - INFO - __main__ -   	Testing dev Minibatch:   10
02/09/2021 11:14:07 - INFO - __main__ -   
Labels 	Prec. 	Recall	F1    	Supp  
Denial 	0.5472	0.0915	0.1568	317
Support	0.4954	0.1957	0.2805	276
Comment	0.3061	0.8304	0.4473	230
Queries	0.1765	0.3871	0.2424	31
MacroF1	0.2818
F1w_avg	0.2781
Acc    	33.5

02/09/2021 11:14:07 - INFO - __main__ -   	EPOCH:  17	MiniBatch:    0
02/09/2021 11:14:16 - INFO - __main__ -   	EPOCH:  17	MiniBatch:   10
02/09/2021 11:14:26 - INFO - __main__ -   	EPOCH:  17	MiniBatch:   20
02/09/2021 11:14:35 - INFO - __main__ -   	EPOCH:  17	MiniBatch:   30
02/09/2021 11:14:45 - INFO - __main__ -   	EPOCH:  17	MiniBatch:   40
02/09/2021 11:14:45 - INFO - __main__ -   	Testing dev Minibatch:    0
02/09/2021 11:14:48 - INFO - __main__ -   	Testing dev Minibatch:   10
02/09/2021 11:14:50 - INFO - __main__ -   
Labels 	Prec. 	Recall	F1    	Supp  
Denial 	0.4387	0.5868	0.5020	317
Support	0.4574	0.3116	0.3707	276
Comment	0.3465	0.3043	0.3241	230
Queries	0.2500	0.3226	0.2817	31
MacroF1	0.3696
F1w_avg	0.4037
Acc    	41.2

02/09/2021 11:14:51 - INFO - __main__ -   	EPOCH:  18	MiniBatch:    0
02/09/2021 11:15:01 - INFO - __main__ -   	EPOCH:  18	MiniBatch:   10
02/09/2021 11:15:10 - INFO - __main__ -   	EPOCH:  18	MiniBatch:   20
02/09/2021 11:15:20 - INFO - __main__ -   	EPOCH:  18	MiniBatch:   30
02/09/2021 11:15:29 - INFO - __main__ -   	EPOCH:  18	MiniBatch:   40
02/09/2021 11:15:29 - INFO - __main__ -   	Testing dev Minibatch:    0
02/09/2021 11:15:33 - INFO - __main__ -   	Testing dev Minibatch:   10
02/09/2021 11:15:34 - INFO - __main__ -   
Labels 	Prec. 	Recall	F1    	Supp  
Denial 	0.4724	0.4858	0.4790	317
Support	0.4641	0.3986	0.4288	276
Comment	0.3629	0.3913	0.3766	230
Queries	0.1860	0.2581	0.2162	31
MacroF1	0.3752
F1w_avg	0.4257
Acc    	42.4

02/09/2021 11:15:35 - INFO - __main__ -   	EPOCH:  19	MiniBatch:    0
02/09/2021 11:15:45 - INFO - __main__ -   	EPOCH:  19	MiniBatch:   10
02/09/2021 11:15:54 - INFO - __main__ -   	EPOCH:  19	MiniBatch:   20
02/09/2021 11:16:04 - INFO - __main__ -   	EPOCH:  19	MiniBatch:   30
02/09/2021 11:16:13 - INFO - __main__ -   	EPOCH:  19	MiniBatch:   40
02/09/2021 11:16:13 - INFO - __main__ -   	Testing dev Minibatch:    0
02/09/2021 11:16:17 - INFO - __main__ -   	Testing dev Minibatch:   10
02/09/2021 11:16:18 - INFO - __main__ -   
Labels 	Prec. 	Recall	F1    	Supp  
Denial 	0.4770	0.5552	0.5131	317
Support	0.4409	0.5000	0.4686	276
Comment	0.3718	0.2522	0.3005	230
Queries	0.1875	0.0968	0.1277	31
MacroF1	0.3525
F1w_avg	0.4275
Acc    	43.9

02/09/2021 11:16:18 - INFO - __main__ -   	EPOCH:  20	MiniBatch:    0
02/09/2021 11:16:27 - INFO - __main__ -   	EPOCH:  20	MiniBatch:   10
02/09/2021 11:16:37 - INFO - __main__ -   	EPOCH:  20	MiniBatch:   20
02/09/2021 11:16:46 - INFO - __main__ -   	EPOCH:  20	MiniBatch:   30
02/09/2021 11:16:56 - INFO - __main__ -   	EPOCH:  20	MiniBatch:   40
02/09/2021 11:16:56 - INFO - __main__ -   	Testing dev Minibatch:    0
02/09/2021 11:16:59 - INFO - __main__ -   	Testing dev Minibatch:   10
02/09/2021 11:17:01 - INFO - __main__ -   
Labels 	Prec. 	Recall	F1    	Supp  
Denial 	0.4609	0.5016	0.4804	317
Support	0.4588	0.2826	0.3498	276
Comment	0.3440	0.4217	0.3789	230
Queries	0.1930	0.3548	0.2500	31
MacroF1	0.3648
F1w_avg	0.4025
Acc    	40.4

02/09/2021 11:17:01 - INFO - __main__ -   	EPOCH:  21	MiniBatch:    0
02/09/2021 11:17:10 - INFO - __main__ -   	EPOCH:  21	MiniBatch:   10
02/09/2021 11:17:20 - INFO - __main__ -   	EPOCH:  21	MiniBatch:   20
02/09/2021 11:17:29 - INFO - __main__ -   	EPOCH:  21	MiniBatch:   30
02/09/2021 11:17:39 - INFO - __main__ -   	EPOCH:  21	MiniBatch:   40
02/09/2021 11:17:39 - INFO - __main__ -   	Testing dev Minibatch:    0
02/09/2021 11:17:42 - INFO - __main__ -   	Testing dev Minibatch:   10
02/09/2021 11:17:43 - INFO - __main__ -   
Labels 	Prec. 	Recall	F1    	Supp  
Denial 	0.4706	0.4290	0.4488	317
Support	0.4706	0.2609	0.3357	276
Comment	0.3102	0.5043	0.3841	230
Queries	0.1842	0.2258	0.2029	31
MacroF1	0.3429
F1w_avg	0.3859
Acc    	38.8

02/09/2021 11:17:44 - INFO - __main__ -   	EPOCH:  22	MiniBatch:    0
02/09/2021 11:17:53 - INFO - __main__ -   	EPOCH:  22	MiniBatch:   10
02/09/2021 11:18:03 - INFO - __main__ -   	EPOCH:  22	MiniBatch:   20
02/09/2021 11:18:12 - INFO - __main__ -   	EPOCH:  22	MiniBatch:   30
02/09/2021 11:18:21 - INFO - __main__ -   	EPOCH:  22	MiniBatch:   40
02/09/2021 11:18:22 - INFO - __main__ -   	Testing dev Minibatch:    0
02/09/2021 11:18:25 - INFO - __main__ -   	Testing dev Minibatch:   10
02/09/2021 11:18:26 - INFO - __main__ -   
Labels 	Prec. 	Recall	F1    	Supp  
Denial 	0.4608	0.4826	0.4715	317
Support	0.4860	0.1884	0.2715	276
Comment	0.3362	0.5130	0.4062	230
Queries	0.1875	0.3871	0.2526	31
MacroF1	0.3505
F1w_avg	0.3813
Acc    	39.2

02/09/2021 11:18:26 - INFO - __main__ -   	EPOCH:  23	MiniBatch:    0
02/09/2021 11:18:36 - INFO - __main__ -   	EPOCH:  23	MiniBatch:   10
02/09/2021 11:18:45 - INFO - __main__ -   	EPOCH:  23	MiniBatch:   20
02/09/2021 11:18:55 - INFO - __main__ -   	EPOCH:  23	MiniBatch:   30
02/09/2021 11:19:04 - INFO - __main__ -   	EPOCH:  23	MiniBatch:   40
02/09/2021 11:19:05 - INFO - __main__ -   	Testing dev Minibatch:    0
02/09/2021 11:19:08 - INFO - __main__ -   	Testing dev Minibatch:   10
02/09/2021 11:19:09 - INFO - __main__ -   
Labels 	Prec. 	Recall	F1    	Supp  
Denial 	0.4242	0.5741	0.4879	317
Support	0.4196	0.1703	0.2423	276
Comment	0.3574	0.3870	0.3716	230
Queries	0.1719	0.3548	0.2316	31
MacroF1	0.3333
F1w_avg	0.3679
Acc    	38.5

02/09/2021 11:19:09 - INFO - __main__ -   	EPOCH:  24	MiniBatch:    0
02/09/2021 11:19:19 - INFO - __main__ -   	EPOCH:  24	MiniBatch:   10
02/09/2021 11:19:28 - INFO - __main__ -   	EPOCH:  24	MiniBatch:   20
02/09/2021 11:19:38 - INFO - __main__ -   	EPOCH:  24	MiniBatch:   30
02/09/2021 11:19:47 - INFO - __main__ -   	EPOCH:  24	MiniBatch:   40
02/09/2021 11:19:47 - INFO - __main__ -   	Testing dev Minibatch:    0
02/09/2021 11:19:51 - INFO - __main__ -   	Testing dev Minibatch:   10
02/09/2021 11:19:52 - INFO - __main__ -   
Labels 	Prec. 	Recall	F1    	Supp  
Denial 	0.4729	0.5237	0.4970	317
Support	0.4397	0.3696	0.4016	276
Comment	0.3320	0.3609	0.3458	230
Queries	0.2381	0.1613	0.1923	31
MacroF1	0.3592
F1w_avg	0.4144
Acc    	41.7

02/09/2021 11:19:52 - INFO - __main__ -   	EPOCH:  25	MiniBatch:    0
02/09/2021 11:20:01 - INFO - __main__ -   	EPOCH:  25	MiniBatch:   10
02/09/2021 11:20:11 - INFO - __main__ -   	EPOCH:  25	MiniBatch:   20
02/09/2021 11:20:20 - INFO - __main__ -   	EPOCH:  25	MiniBatch:   30
02/09/2021 11:20:30 - INFO - __main__ -   	EPOCH:  25	MiniBatch:   40
02/09/2021 11:20:30 - INFO - __main__ -   	Testing dev Minibatch:    0
02/09/2021 11:20:33 - INFO - __main__ -   	Testing dev Minibatch:   10
02/09/2021 11:20:35 - INFO - __main__ -   
Labels 	Prec. 	Recall	F1    	Supp  
Denial 	0.4609	0.5205	0.4889	317
Support	0.4541	0.3406	0.3892	276
Comment	0.3504	0.3870	0.3678	230
Queries	0.2286	0.2581	0.2424	31
MacroF1	0.3721
F1w_avg	0.4151
Acc    	41.7

02/09/2021 11:20:35 - INFO - __main__ -   	EPOCH:  26	MiniBatch:    0
02/09/2021 11:20:44 - INFO - __main__ -   	EPOCH:  26	MiniBatch:   10
02/09/2021 11:20:54 - INFO - __main__ -   	EPOCH:  26	MiniBatch:   20
02/09/2021 11:21:03 - INFO - __main__ -   	EPOCH:  26	MiniBatch:   30
02/09/2021 11:21:13 - INFO - __main__ -   	EPOCH:  26	MiniBatch:   40
02/09/2021 11:21:13 - INFO - __main__ -   	Testing dev Minibatch:    0
02/09/2021 11:21:16 - INFO - __main__ -   	Testing dev Minibatch:   10
02/09/2021 11:21:17 - INFO - __main__ -   
Labels 	Prec. 	Recall	F1    	Supp  
Denial 	0.4748	0.5047	0.4893	317
Support	0.4316	0.3659	0.3961	276
Comment	0.3583	0.3739	0.3660	230
Queries	0.1860	0.2581	0.2162	31
MacroF1	0.3669
F1w_avg	0.4160
Acc    	41.6

02/09/2021 11:21:18 - INFO - __main__ -   	EPOCH:  27	MiniBatch:    0
02/09/2021 11:21:27 - INFO - __main__ -   	EPOCH:  27	MiniBatch:   10
02/09/2021 11:21:37 - INFO - __main__ -   	EPOCH:  27	MiniBatch:   20
02/09/2021 11:21:46 - INFO - __main__ -   	EPOCH:  27	MiniBatch:   30
02/09/2021 11:21:56 - INFO - __main__ -   	EPOCH:  27	MiniBatch:   40
02/09/2021 11:21:56 - INFO - __main__ -   	Testing dev Minibatch:    0
02/09/2021 11:21:59 - INFO - __main__ -   	Testing dev Minibatch:   10
02/09/2021 11:22:01 - INFO - __main__ -   
Labels 	Prec. 	Recall	F1    	Supp  
Denial 	0.4634	0.5394	0.4985	317
Support	0.4303	0.3804	0.4038	276
Comment	0.3641	0.3261	0.3440	230
Queries	0.2000	0.2258	0.2121	31
MacroF1	0.3646
F1w_avg	0.4159
Acc    	41.9

02/09/2021 11:22:01 - INFO - __main__ -   	EPOCH:  28	MiniBatch:    0
02/09/2021 11:22:10 - INFO - __main__ -   	EPOCH:  28	MiniBatch:   10
02/09/2021 11:22:20 - INFO - __main__ -   	EPOCH:  28	MiniBatch:   20
02/09/2021 11:22:29 - INFO - __main__ -   	EPOCH:  28	MiniBatch:   30
02/09/2021 11:22:39 - INFO - __main__ -   	EPOCH:  28	MiniBatch:   40
02/09/2021 11:22:39 - INFO - __main__ -   	Testing dev Minibatch:    0
02/09/2021 11:22:42 - INFO - __main__ -   	Testing dev Minibatch:   10
02/09/2021 11:22:43 - INFO - __main__ -   
Labels 	Prec. 	Recall	F1    	Supp  
Denial 	0.4745	0.4700	0.4723	317
Support	0.4518	0.3225	0.3763	276
Comment	0.3507	0.4391	0.3900	230
Queries	0.1636	0.2903	0.2093	31
MacroF1	0.3620
F1w_avg	0.4095
Acc    	40.7

02/09/2021 11:22:44 - INFO - __main__ -   	EPOCH:  29	MiniBatch:    0
02/09/2021 11:22:53 - INFO - __main__ -   	EPOCH:  29	MiniBatch:   10
02/09/2021 11:23:03 - INFO - __main__ -   	EPOCH:  29	MiniBatch:   20
02/09/2021 11:23:12 - INFO - __main__ -   	EPOCH:  29	MiniBatch:   30
02/09/2021 11:23:22 - INFO - __main__ -   	EPOCH:  29	MiniBatch:   40
02/09/2021 11:23:22 - INFO - __main__ -   	Testing dev Minibatch:    0
02/09/2021 11:23:25 - INFO - __main__ -   	Testing dev Minibatch:   10
02/09/2021 11:23:26 - INFO - __main__ -   
Labels 	Prec. 	Recall	F1    	Supp  
Denial 	0.4819	0.5047	0.4931	317
Support	0.4528	0.3478	0.3934	276
Comment	0.3504	0.4174	0.3810	230
Queries	0.2222	0.2581	0.2388	31
MacroF1	0.3766
F1w_avg	0.4214
Acc    	42.2

02/09/2021 11:23:28 - INFO - __main__ -   	EPOCH:  30	MiniBatch:    0
02/09/2021 11:23:37 - INFO - __main__ -   	EPOCH:  30	MiniBatch:   10
02/09/2021 11:23:47 - INFO - __main__ -   	EPOCH:  30	MiniBatch:   20
02/09/2021 11:23:56 - INFO - __main__ -   	EPOCH:  30	MiniBatch:   30
02/09/2021 11:24:06 - INFO - __main__ -   	EPOCH:  30	MiniBatch:   40
02/09/2021 11:24:06 - INFO - __main__ -   	Testing dev Minibatch:    0
02/09/2021 11:24:09 - INFO - __main__ -   	Testing dev Minibatch:   10
02/09/2021 11:24:10 - INFO - __main__ -   
Labels 	Prec. 	Recall	F1    	Supp  
Denial 	0.5567	0.3407	0.4227	317
Support	0.4297	0.5870	0.4962	276
Comment	0.3569	0.4174	0.3848	230
Queries	0.2143	0.0968	0.1333	31
MacroF1	0.3592
F1w_avg	0.4257
Acc    	43.2

02/09/2021 11:24:11 - INFO - __main__ -   	EPOCH:  31	MiniBatch:    0
02/09/2021 11:24:20 - INFO - __main__ -   	EPOCH:  31	MiniBatch:   10
02/09/2021 11:24:29 - INFO - __main__ -   	EPOCH:  31	MiniBatch:   20
02/09/2021 11:24:39 - INFO - __main__ -   	EPOCH:  31	MiniBatch:   30
02/09/2021 11:24:48 - INFO - __main__ -   	EPOCH:  31	MiniBatch:   40
02/09/2021 11:24:49 - INFO - __main__ -   	Testing dev Minibatch:    0
02/09/2021 11:24:52 - INFO - __main__ -   	Testing dev Minibatch:   10
02/09/2021 11:24:53 - INFO - __main__ -   
Labels 	Prec. 	Recall	F1    	Supp  
Denial 	0.5017	0.4669	0.4837	317
Support	0.4296	0.6413	0.5145	276
Comment	0.4019	0.1870	0.2552	230
Queries	0.1750	0.2258	0.1972	31
MacroF1	0.3626
F1w_avg	0.4217
Acc    	43.9

02/09/2021 11:24:53 - INFO - __main__ -   	EPOCH:  32	MiniBatch:    0
02/09/2021 11:25:03 - INFO - __main__ -   	EPOCH:  32	MiniBatch:   10
02/09/2021 11:25:12 - INFO - __main__ -   	EPOCH:  32	MiniBatch:   20
02/09/2021 11:25:22 - INFO - __main__ -   	EPOCH:  32	MiniBatch:   30
02/09/2021 11:25:31 - INFO - __main__ -   	EPOCH:  32	MiniBatch:   40
02/09/2021 11:25:32 - INFO - __main__ -   	Testing dev Minibatch:    0
02/09/2021 11:25:35 - INFO - __main__ -   	Testing dev Minibatch:   10
02/09/2021 11:25:36 - INFO - __main__ -   
Labels 	Prec. 	Recall	F1    	Supp  
Denial 	0.5306	0.4101	0.4626	317
Support	0.4475	0.5254	0.4833	276
Comment	0.3502	0.3913	0.3696	230
Queries	0.1786	0.1613	0.1695	31
MacroF1	0.3713
F1w_avg	0.4336
Acc    	43.3

02/09/2021 11:25:36 - INFO - __main__ -   	EPOCH:  33	MiniBatch:    0
02/09/2021 11:25:46 - INFO - __main__ -   	EPOCH:  33	MiniBatch:   10
02/09/2021 11:25:55 - INFO - __main__ -   	EPOCH:  33	MiniBatch:   20
02/09/2021 11:26:05 - INFO - __main__ -   	EPOCH:  33	MiniBatch:   30
02/09/2021 11:26:14 - INFO - __main__ -   	EPOCH:  33	MiniBatch:   40
02/09/2021 11:26:14 - INFO - __main__ -   	Testing dev Minibatch:    0
02/09/2021 11:26:18 - INFO - __main__ -   	Testing dev Minibatch:   10
02/09/2021 11:26:19 - INFO - __main__ -   
Labels 	Prec. 	Recall	F1    	Supp  
Denial 	0.5094	0.4290	0.4658	317
Support	0.4444	0.4783	0.4607	276
Comment	0.3421	0.3957	0.3669	230
Queries	0.1250	0.0968	0.1091	31
MacroF1	0.3506
F1w_avg	0.4246
Acc    	42.4

02/09/2021 11:26:19 - INFO - __main__ -   	EPOCH:  34	MiniBatch:    0
02/09/2021 11:26:29 - INFO - __main__ -   	EPOCH:  34	MiniBatch:   10
02/09/2021 11:26:38 - INFO - __main__ -   	EPOCH:  34	MiniBatch:   20
02/09/2021 11:26:47 - INFO - __main__ -   	EPOCH:  34	MiniBatch:   30
02/09/2021 11:26:57 - INFO - __main__ -   	EPOCH:  34	MiniBatch:   40
02/09/2021 11:26:57 - INFO - __main__ -   	Testing dev Minibatch:    0
02/09/2021 11:27:01 - INFO - __main__ -   	Testing dev Minibatch:   10
02/09/2021 11:27:02 - INFO - __main__ -   
Labels 	Prec. 	Recall	F1    	Supp  
Denial 	0.4983	0.4543	0.4752	317
Support	0.4394	0.4601	0.4496	276
Comment	0.3496	0.3739	0.3613	230
Queries	0.2000	0.1935	0.1967	31
MacroF1	0.3707
F1w_avg	0.4262
Acc    	42.5

02/09/2021 11:27:02 - INFO - __main__ -   	EPOCH:  35	MiniBatch:    0
02/09/2021 11:27:11 - INFO - __main__ -   	EPOCH:  35	MiniBatch:   10
02/09/2021 11:27:21 - INFO - __main__ -   	EPOCH:  35	MiniBatch:   20
02/09/2021 11:27:30 - INFO - __main__ -   	EPOCH:  35	MiniBatch:   30
02/09/2021 11:27:40 - INFO - __main__ -   	EPOCH:  35	MiniBatch:   40
02/09/2021 11:27:40 - INFO - __main__ -   	Testing dev Minibatch:    0
02/09/2021 11:27:43 - INFO - __main__ -   	Testing dev Minibatch:   10
02/09/2021 11:27:45 - INFO - __main__ -   
Labels 	Prec. 	Recall	F1    	Supp  
Denial 	0.5000	0.4669	0.4829	317
Support	0.4433	0.4819	0.4618	276
Comment	0.3628	0.3565	0.3596	230
Queries	0.1250	0.1290	0.1270	31
MacroF1	0.3578
F1w_avg	0.4300
Acc    	43.0

02/09/2021 11:27:45 - INFO - __main__ -   	EPOCH:  36	MiniBatch:    0
02/09/2021 11:27:54 - INFO - __main__ -   	EPOCH:  36	MiniBatch:   10
02/09/2021 11:28:03 - INFO - __main__ -   	EPOCH:  36	MiniBatch:   20
02/09/2021 11:28:13 - INFO - __main__ -   	EPOCH:  36	MiniBatch:   30
02/09/2021 11:28:22 - INFO - __main__ -   	EPOCH:  36	MiniBatch:   40
02/09/2021 11:28:23 - INFO - __main__ -   	Testing dev Minibatch:    0
02/09/2021 11:28:26 - INFO - __main__ -   	Testing dev Minibatch:   10
02/09/2021 11:28:27 - INFO - __main__ -   
Labels 	Prec. 	Recall	F1    	Supp  
Denial 	0.4676	0.5457	0.5036	317
Support	0.4249	0.4203	0.4226	276
Comment	0.3700	0.3217	0.3442	230
Queries	0.0909	0.0323	0.0476	31
MacroF1	0.3295
F1w_avg	0.4179
Acc    	42.6

02/09/2021 11:28:27 - INFO - __main__ -   	EPOCH:  37	MiniBatch:    0
02/09/2021 11:28:37 - INFO - __main__ -   	EPOCH:  37	MiniBatch:   10
02/09/2021 11:28:46 - INFO - __main__ -   	EPOCH:  37	MiniBatch:   20
02/09/2021 11:28:56 - INFO - __main__ -   	EPOCH:  37	MiniBatch:   30
02/09/2021 11:29:05 - INFO - __main__ -   	EPOCH:  37	MiniBatch:   40
02/09/2021 11:29:06 - INFO - __main__ -   	Testing dev Minibatch:    0
02/09/2021 11:29:09 - INFO - __main__ -   	Testing dev Minibatch:   10
02/09/2021 11:29:10 - INFO - __main__ -   
Labels 	Prec. 	Recall	F1    	Supp  
Denial 	0.4837	0.3754	0.4227	317
Support	0.4398	0.3442	0.3862	276
Comment	0.3203	0.5000	0.3905	230
Queries	0.1818	0.1935	0.1875	31
MacroF1	0.3467
F1w_avg	0.3937
Acc    	39.2

02/09/2021 11:29:10 - INFO - __main__ -   	EPOCH:  38	MiniBatch:    0
02/09/2021 11:29:20 - INFO - __main__ -   	EPOCH:  38	MiniBatch:   10
02/09/2021 11:29:29 - INFO - __main__ -   	EPOCH:  38	MiniBatch:   20
02/09/2021 11:29:39 - INFO - __main__ -   	EPOCH:  38	MiniBatch:   30
02/09/2021 11:29:48 - INFO - __main__ -   	EPOCH:  38	MiniBatch:   40
02/09/2021 11:29:49 - INFO - __main__ -   	Testing dev Minibatch:    0
02/09/2021 11:29:52 - INFO - __main__ -   	Testing dev Minibatch:   10
02/09/2021 11:29:53 - INFO - __main__ -   
Labels 	Prec. 	Recall	F1    	Supp  
Denial 	0.4853	0.4700	0.4776	317
Support	0.4440	0.3877	0.4139	276
Comment	0.3420	0.4000	0.3687	230
Queries	0.0811	0.0968	0.0882	31
MacroF1	0.3371
F1w_avg	0.4136
Acc    	41.1

02/09/2021 11:29:53 - INFO - __main__ -   	EPOCH:  39	MiniBatch:    0
02/09/2021 11:30:03 - INFO - __main__ -   	EPOCH:  39	MiniBatch:   10
02/09/2021 11:30:12 - INFO - __main__ -   	EPOCH:  39	MiniBatch:   20
02/09/2021 11:30:22 - INFO - __main__ -   	EPOCH:  39	MiniBatch:   30
02/09/2021 11:30:31 - INFO - __main__ -   	EPOCH:  39	MiniBatch:   40
02/09/2021 11:30:31 - INFO - __main__ -   	Testing dev Minibatch:    0
02/09/2021 11:30:35 - INFO - __main__ -   	Testing dev Minibatch:   10
02/09/2021 11:30:36 - INFO - __main__ -   
Labels 	Prec. 	Recall	F1    	Supp  
Denial 	0.4761	0.5331	0.5030	317
Support	0.4538	0.3913	0.4202	276
Comment	0.3644	0.3565	0.3604	230
Queries	0.1389	0.1613	0.1493	31
MacroF1	0.3582
F1w_avg	0.4250
Acc    	42.6

02/09/2021 11:30:37 - INFO - __main__ -   	Testing test Minibatch:    0
02/09/2021 11:30:40 - INFO - __main__ -   	Testing test Minibatch:   10
02/09/2021 11:30:41 - INFO - __main__ -   
Labels 	Prec. 	Recall	F1    	Supp  
Denial 	0.4576	0.5192	0.4865	312
Support	0.4591	0.3594	0.4032	281
Comment	0.3785	0.4060	0.3918	234
Queries	0.1724	0.1852	0.1786	27
MacroF1	0.3650
F1w_avg	0.4234
Acc    	42.5

02/09/2021 11:30:41 - INFO - __main__ -   Time taken: 0h 28m 56s
