02/08/2021 08:27:15 - INFO - __main__ -   ----------------- Hyperparameters ------------------
02/08/2021 08:27:15 - INFO - __main__ -   ======== my_modelA0 =========
02/08/2021 08:27:15 - INFO - __main__ -   ===== Hyperparameters ======
02/08/2021 08:27:15 - INFO - __main__ -   batch_train: 40
02/08/2021 08:27:15 - INFO - __main__ -   batch_test:  40
02/08/2021 08:27:15 - INFO - __main__ -   epochs: 20 
02/08/2021 08:27:15 - INFO - __main__ -   learning_rate: 0.000080
02/08/2021 08:27:15 - INFO - __main__ -   optimizer: adam
02/08/2021 08:27:15 - INFO - __main__ -   debug: False
02/08/2021 08:27:15 - INFO - __main__ -   ------------------ Getting model -------------------
02/08/2021 08:27:22 - INFO - __main__ -   --------------- Getting dataframes -----------------
02/08/2021 08:27:22 - INFO - __main__ -   ------- Setting loss function and optimizer --------
02/08/2021 08:27:22 - INFO - __main__ -   ------------ Converting to dataloaders -------------
02/08/2021 08:27:22 - INFO - __main__ -   ---------------- Starting training -----------------
02/08/2021 08:27:22 - INFO - __main__ -   	EPOCH:   0	MiniBatch:    0
02/08/2021 08:27:29 - INFO - __main__ -   	EPOCH:   0	MiniBatch:   10
02/08/2021 08:27:34 - INFO - __main__ -   	EPOCH:   0	MiniBatch:   20
02/08/2021 08:27:40 - INFO - __main__ -   	EPOCH:   0	MiniBatch:   30
02/08/2021 08:27:46 - INFO - __main__ -   	EPOCH:   0	MiniBatch:   40
02/08/2021 08:27:52 - INFO - __main__ -   	EPOCH:   0	MiniBatch:   50
02/08/2021 08:27:58 - INFO - __main__ -   	EPOCH:   0	MiniBatch:   60
02/08/2021 08:28:01 - INFO - __main__ -   	Testing dev Minibatch:    0
02/08/2021 08:28:03 - INFO - __main__ -   	Testing dev Minibatch:   10
02/08/2021 08:28:05 - INFO - __main__ -   	Testing dev Minibatch:   20
02/08/2021 08:28:05 - INFO - __main__ -   
Labels 	Prec. 	Recall	F1    	Supp  
Denial 	0.3712	1.0000	0.5414	317
Support	0.0000	0.0000	0.0000	276
Comment	0.0000	0.0000	0.0000	230
Queries	0.0000	0.0000	0.0000	31
MacroF1	0.1354
F1w_avg	0.2010
Acc    	37.1

02/08/2021 08:28:06 - INFO - __main__ -   	EPOCH:   1	MiniBatch:    0
02/08/2021 08:28:12 - INFO - __main__ -   	EPOCH:   1	MiniBatch:   10
02/08/2021 08:28:18 - INFO - __main__ -   	EPOCH:   1	MiniBatch:   20
02/08/2021 08:28:24 - INFO - __main__ -   	EPOCH:   1	MiniBatch:   30
02/08/2021 08:28:30 - INFO - __main__ -   	EPOCH:   1	MiniBatch:   40
02/08/2021 08:28:36 - INFO - __main__ -   	EPOCH:   1	MiniBatch:   50
02/08/2021 08:28:42 - INFO - __main__ -   	EPOCH:   1	MiniBatch:   60
02/08/2021 08:28:45 - INFO - __main__ -   	Testing dev Minibatch:    0
02/08/2021 08:28:47 - INFO - __main__ -   	Testing dev Minibatch:   10
02/08/2021 08:28:49 - INFO - __main__ -   	Testing dev Minibatch:   20
02/08/2021 08:28:49 - INFO - __main__ -   
Labels 	Prec. 	Recall	F1    	Supp  
Denial 	0.0000	0.0000	0.0000	317
Support	0.3232	1.0000	0.4885	276
Comment	0.0000	0.0000	0.0000	230
Queries	0.0000	0.0000	0.0000	31
MacroF1	0.1221
F1w_avg	0.1579
Acc    	32.3

02/08/2021 08:28:50 - INFO - __main__ -   	EPOCH:   2	MiniBatch:    0
02/08/2021 08:28:56 - INFO - __main__ -   	EPOCH:   2	MiniBatch:   10
02/08/2021 08:29:02 - INFO - __main__ -   	EPOCH:   2	MiniBatch:   20
02/08/2021 08:29:08 - INFO - __main__ -   	EPOCH:   2	MiniBatch:   30
02/08/2021 08:29:14 - INFO - __main__ -   	EPOCH:   2	MiniBatch:   40
02/08/2021 08:29:20 - INFO - __main__ -   	EPOCH:   2	MiniBatch:   50
02/08/2021 08:29:26 - INFO - __main__ -   	EPOCH:   2	MiniBatch:   60
02/08/2021 08:29:29 - INFO - __main__ -   	Testing dev Minibatch:    0
02/08/2021 08:29:31 - INFO - __main__ -   	Testing dev Minibatch:   10
02/08/2021 08:29:33 - INFO - __main__ -   	Testing dev Minibatch:   20
02/08/2021 08:29:33 - INFO - __main__ -   
Labels 	Prec. 	Recall	F1    	Supp  
Denial 	0.3712	1.0000	0.5414	317
Support	0.0000	0.0000	0.0000	276
Comment	0.0000	0.0000	0.0000	230
Queries	0.0000	0.0000	0.0000	31
MacroF1	0.1354
F1w_avg	0.2010
Acc    	37.1

02/08/2021 08:29:33 - INFO - __main__ -   	EPOCH:   3	MiniBatch:    0
02/08/2021 08:29:40 - INFO - __main__ -   	EPOCH:   3	MiniBatch:   10
02/08/2021 08:29:46 - INFO - __main__ -   	EPOCH:   3	MiniBatch:   20
02/08/2021 08:29:52 - INFO - __main__ -   	EPOCH:   3	MiniBatch:   30
02/08/2021 08:29:58 - INFO - __main__ -   	EPOCH:   3	MiniBatch:   40
02/08/2021 08:30:04 - INFO - __main__ -   	EPOCH:   3	MiniBatch:   50
02/08/2021 08:30:10 - INFO - __main__ -   	EPOCH:   3	MiniBatch:   60
02/08/2021 08:30:13 - INFO - __main__ -   	Testing dev Minibatch:    0
02/08/2021 08:30:15 - INFO - __main__ -   	Testing dev Minibatch:   10
02/08/2021 08:30:17 - INFO - __main__ -   	Testing dev Minibatch:   20
02/08/2021 08:30:17 - INFO - __main__ -   
Labels 	Prec. 	Recall	F1    	Supp  
Denial 	0.0000	0.0000	0.0000	317
Support	0.3232	1.0000	0.4885	276
Comment	0.0000	0.0000	0.0000	230
Queries	0.0000	0.0000	0.0000	31
MacroF1	0.1221
F1w_avg	0.1579
Acc    	32.3

02/08/2021 08:30:17 - INFO - __main__ -   	EPOCH:   4	MiniBatch:    0
02/08/2021 08:30:24 - INFO - __main__ -   	EPOCH:   4	MiniBatch:   10
02/08/2021 08:30:30 - INFO - __main__ -   	EPOCH:   4	MiniBatch:   20
02/08/2021 08:30:36 - INFO - __main__ -   	EPOCH:   4	MiniBatch:   30
02/08/2021 08:30:42 - INFO - __main__ -   	EPOCH:   4	MiniBatch:   40
02/08/2021 08:30:48 - INFO - __main__ -   	EPOCH:   4	MiniBatch:   50
02/08/2021 08:30:54 - INFO - __main__ -   	EPOCH:   4	MiniBatch:   60
02/08/2021 08:30:57 - INFO - __main__ -   	Testing dev Minibatch:    0
02/08/2021 08:30:59 - INFO - __main__ -   	Testing dev Minibatch:   10
02/08/2021 08:31:01 - INFO - __main__ -   	Testing dev Minibatch:   20
02/08/2021 08:31:01 - INFO - __main__ -   
Labels 	Prec. 	Recall	F1    	Supp  
Denial 	0.3712	1.0000	0.5414	317
Support	0.0000	0.0000	0.0000	276
Comment	0.0000	0.0000	0.0000	230
Queries	0.0000	0.0000	0.0000	31
MacroF1	0.1354
F1w_avg	0.2010
Acc    	37.1

02/08/2021 08:31:02 - INFO - __main__ -   	EPOCH:   5	MiniBatch:    0
02/08/2021 08:31:08 - INFO - __main__ -   	EPOCH:   5	MiniBatch:   10
02/08/2021 08:31:14 - INFO - __main__ -   	EPOCH:   5	MiniBatch:   20
02/08/2021 08:31:20 - INFO - __main__ -   	EPOCH:   5	MiniBatch:   30
02/08/2021 08:31:26 - INFO - __main__ -   	EPOCH:   5	MiniBatch:   40
02/08/2021 08:31:32 - INFO - __main__ -   	EPOCH:   5	MiniBatch:   50
02/08/2021 08:31:38 - INFO - __main__ -   	EPOCH:   5	MiniBatch:   60
02/08/2021 08:31:41 - INFO - __main__ -   	Testing dev Minibatch:    0
02/08/2021 08:31:43 - INFO - __main__ -   	Testing dev Minibatch:   10
02/08/2021 08:31:45 - INFO - __main__ -   	Testing dev Minibatch:   20
02/08/2021 08:31:45 - INFO - __main__ -   
Labels 	Prec. 	Recall	F1    	Supp  
Denial 	0.0000	0.0000	0.0000	317
Support	0.3232	1.0000	0.4885	276
Comment	0.0000	0.0000	0.0000	230
Queries	0.0000	0.0000	0.0000	31
MacroF1	0.1221
F1w_avg	0.1579
Acc    	32.3

02/08/2021 08:31:46 - INFO - __main__ -   	EPOCH:   6	MiniBatch:    0
02/08/2021 08:31:52 - INFO - __main__ -   	EPOCH:   6	MiniBatch:   10
02/08/2021 08:31:58 - INFO - __main__ -   	EPOCH:   6	MiniBatch:   20
02/08/2021 08:32:04 - INFO - __main__ -   	EPOCH:   6	MiniBatch:   30
02/08/2021 08:32:10 - INFO - __main__ -   	EPOCH:   6	MiniBatch:   40
02/08/2021 08:32:17 - INFO - __main__ -   	EPOCH:   6	MiniBatch:   50
02/08/2021 08:32:23 - INFO - __main__ -   	EPOCH:   6	MiniBatch:   60
02/08/2021 08:32:25 - INFO - __main__ -   	Testing dev Minibatch:    0
02/08/2021 08:32:27 - INFO - __main__ -   	Testing dev Minibatch:   10
02/08/2021 08:32:29 - INFO - __main__ -   	Testing dev Minibatch:   20
02/08/2021 08:32:30 - INFO - __main__ -   
Labels 	Prec. 	Recall	F1    	Supp  
Denial 	0.3712	1.0000	0.5414	317
Support	0.0000	0.0000	0.0000	276
Comment	0.0000	0.0000	0.0000	230
Queries	0.0000	0.0000	0.0000	31
MacroF1	0.1354
F1w_avg	0.2010
Acc    	37.1

02/08/2021 08:32:30 - INFO - __main__ -   	EPOCH:   7	MiniBatch:    0
02/08/2021 08:32:36 - INFO - __main__ -   	EPOCH:   7	MiniBatch:   10
02/08/2021 08:32:42 - INFO - __main__ -   	EPOCH:   7	MiniBatch:   20
02/08/2021 08:32:49 - INFO - __main__ -   	EPOCH:   7	MiniBatch:   30
02/08/2021 08:32:55 - INFO - __main__ -   	EPOCH:   7	MiniBatch:   40
02/08/2021 08:33:01 - INFO - __main__ -   	EPOCH:   7	MiniBatch:   50
02/08/2021 08:33:07 - INFO - __main__ -   	EPOCH:   7	MiniBatch:   60
02/08/2021 08:33:10 - INFO - __main__ -   	Testing dev Minibatch:    0
02/08/2021 08:33:12 - INFO - __main__ -   	Testing dev Minibatch:   10
02/08/2021 08:33:14 - INFO - __main__ -   	Testing dev Minibatch:   20
02/08/2021 08:33:14 - INFO - __main__ -   
Labels 	Prec. 	Recall	F1    	Supp  
Denial 	0.3712	1.0000	0.5414	317
Support	0.0000	0.0000	0.0000	276
Comment	0.0000	0.0000	0.0000	230
Queries	0.0000	0.0000	0.0000	31
MacroF1	0.1354
F1w_avg	0.2010
Acc    	37.1

02/08/2021 08:33:15 - INFO - __main__ -   	EPOCH:   8	MiniBatch:    0
02/08/2021 08:33:21 - INFO - __main__ -   	EPOCH:   8	MiniBatch:   10
02/08/2021 08:33:27 - INFO - __main__ -   	EPOCH:   8	MiniBatch:   20
02/08/2021 08:33:33 - INFO - __main__ -   	EPOCH:   8	MiniBatch:   30
02/08/2021 08:33:40 - INFO - __main__ -   	EPOCH:   8	MiniBatch:   40
02/08/2021 08:33:46 - INFO - __main__ -   	EPOCH:   8	MiniBatch:   50
02/08/2021 08:33:52 - INFO - __main__ -   	EPOCH:   8	MiniBatch:   60
02/08/2021 08:33:55 - INFO - __main__ -   	Testing dev Minibatch:    0
02/08/2021 08:33:57 - INFO - __main__ -   	Testing dev Minibatch:   10
02/08/2021 08:33:59 - INFO - __main__ -   	Testing dev Minibatch:   20
02/08/2021 08:33:59 - INFO - __main__ -   
Labels 	Prec. 	Recall	F1    	Supp  
Denial 	0.0000	0.0000	0.0000	317
Support	0.3232	1.0000	0.4885	276
Comment	0.0000	0.0000	0.0000	230
Queries	0.0000	0.0000	0.0000	31
MacroF1	0.1221
F1w_avg	0.1579
Acc    	32.3

02/08/2021 08:33:59 - INFO - __main__ -   	EPOCH:   9	MiniBatch:    0
02/08/2021 08:34:06 - INFO - __main__ -   	EPOCH:   9	MiniBatch:   10
02/08/2021 08:34:12 - INFO - __main__ -   	EPOCH:   9	MiniBatch:   20
02/08/2021 08:34:18 - INFO - __main__ -   	EPOCH:   9	MiniBatch:   30
02/08/2021 08:34:24 - INFO - __main__ -   	EPOCH:   9	MiniBatch:   40
02/08/2021 08:34:31 - INFO - __main__ -   	EPOCH:   9	MiniBatch:   50
02/08/2021 08:34:37 - INFO - __main__ -   	EPOCH:   9	MiniBatch:   60
02/08/2021 08:34:39 - INFO - __main__ -   	Testing dev Minibatch:    0
02/08/2021 08:34:41 - INFO - __main__ -   	Testing dev Minibatch:   10
02/08/2021 08:34:44 - INFO - __main__ -   	Testing dev Minibatch:   20
02/08/2021 08:34:44 - INFO - __main__ -   
Labels 	Prec. 	Recall	F1    	Supp  
Denial 	0.3712	1.0000	0.5414	317
Support	0.0000	0.0000	0.0000	276
Comment	0.0000	0.0000	0.0000	230
Queries	0.0000	0.0000	0.0000	31
MacroF1	0.1354
F1w_avg	0.2010
Acc    	37.1

02/08/2021 08:34:44 - INFO - __main__ -   	EPOCH:  10	MiniBatch:    0
02/08/2021 08:34:50 - INFO - __main__ -   	EPOCH:  10	MiniBatch:   10
02/08/2021 08:34:57 - INFO - __main__ -   	EPOCH:  10	MiniBatch:   20
02/08/2021 08:35:03 - INFO - __main__ -   	EPOCH:  10	MiniBatch:   30
02/08/2021 08:35:09 - INFO - __main__ -   	EPOCH:  10	MiniBatch:   40
02/08/2021 08:35:15 - INFO - __main__ -   	EPOCH:  10	MiniBatch:   50
02/08/2021 08:35:21 - INFO - __main__ -   	EPOCH:  10	MiniBatch:   60
02/08/2021 08:35:24 - INFO - __main__ -   	Testing dev Minibatch:    0
02/08/2021 08:35:26 - INFO - __main__ -   	Testing dev Minibatch:   10
02/08/2021 08:35:28 - INFO - __main__ -   	Testing dev Minibatch:   20
02/08/2021 08:35:28 - INFO - __main__ -   
Labels 	Prec. 	Recall	F1    	Supp  
Denial 	0.0000	0.0000	0.0000	317
Support	0.0000	0.0000	0.0000	276
Comment	0.2693	1.0000	0.4244	230
Queries	0.0000	0.0000	0.0000	31
MacroF1	0.1061
F1w_avg	0.1143
Acc    	26.9

02/08/2021 08:35:29 - INFO - __main__ -   	EPOCH:  11	MiniBatch:    0
02/08/2021 08:35:35 - INFO - __main__ -   	EPOCH:  11	MiniBatch:   10
02/08/2021 08:35:41 - INFO - __main__ -   	EPOCH:  11	MiniBatch:   20
02/08/2021 08:35:47 - INFO - __main__ -   	EPOCH:  11	MiniBatch:   30
02/08/2021 08:35:54 - INFO - __main__ -   	EPOCH:  11	MiniBatch:   40
02/08/2021 08:36:00 - INFO - __main__ -   	EPOCH:  11	MiniBatch:   50
02/08/2021 08:36:06 - INFO - __main__ -   	EPOCH:  11	MiniBatch:   60
02/08/2021 08:36:09 - INFO - __main__ -   	Testing dev Minibatch:    0
02/08/2021 08:36:11 - INFO - __main__ -   	Testing dev Minibatch:   10
02/08/2021 08:36:13 - INFO - __main__ -   	Testing dev Minibatch:   20
02/08/2021 08:36:13 - INFO - __main__ -   
Labels 	Prec. 	Recall	F1    	Supp  
Denial 	0.0000	0.0000	0.0000	317
Support	0.3232	1.0000	0.4885	276
Comment	0.0000	0.0000	0.0000	230
Queries	0.0000	0.0000	0.0000	31
MacroF1	0.1221
F1w_avg	0.1579
Acc    	32.3

02/08/2021 08:36:14 - INFO - __main__ -   	EPOCH:  12	MiniBatch:    0
02/08/2021 08:36:20 - INFO - __main__ -   	EPOCH:  12	MiniBatch:   10
02/08/2021 08:36:26 - INFO - __main__ -   	EPOCH:  12	MiniBatch:   20
02/08/2021 08:36:32 - INFO - __main__ -   	EPOCH:  12	MiniBatch:   30
02/08/2021 08:36:38 - INFO - __main__ -   	EPOCH:  12	MiniBatch:   40
02/08/2021 08:36:45 - INFO - __main__ -   	EPOCH:  12	MiniBatch:   50
02/08/2021 08:36:51 - INFO - __main__ -   	EPOCH:  12	MiniBatch:   60
02/08/2021 08:36:53 - INFO - __main__ -   	Testing dev Minibatch:    0
02/08/2021 08:36:55 - INFO - __main__ -   	Testing dev Minibatch:   10
02/08/2021 08:36:58 - INFO - __main__ -   	Testing dev Minibatch:   20
02/08/2021 08:36:58 - INFO - __main__ -   
Labels 	Prec. 	Recall	F1    	Supp  
Denial 	0.3712	1.0000	0.5414	317
Support	0.0000	0.0000	0.0000	276
Comment	0.0000	0.0000	0.0000	230
Queries	0.0000	0.0000	0.0000	31
MacroF1	0.1354
F1w_avg	0.2010
Acc    	37.1

02/08/2021 08:36:58 - INFO - __main__ -   	EPOCH:  13	MiniBatch:    0
02/08/2021 08:37:04 - INFO - __main__ -   	EPOCH:  13	MiniBatch:   10
02/08/2021 08:37:11 - INFO - __main__ -   	EPOCH:  13	MiniBatch:   20
02/08/2021 08:37:17 - INFO - __main__ -   	EPOCH:  13	MiniBatch:   30
02/08/2021 08:37:23 - INFO - __main__ -   	EPOCH:  13	MiniBatch:   40
02/08/2021 08:37:29 - INFO - __main__ -   	EPOCH:  13	MiniBatch:   50
02/08/2021 08:37:35 - INFO - __main__ -   	EPOCH:  13	MiniBatch:   60
02/08/2021 08:37:38 - INFO - __main__ -   	Testing dev Minibatch:    0
02/08/2021 08:37:40 - INFO - __main__ -   	Testing dev Minibatch:   10
02/08/2021 08:37:42 - INFO - __main__ -   	Testing dev Minibatch:   20
02/08/2021 08:37:42 - INFO - __main__ -   
Labels 	Prec. 	Recall	F1    	Supp  
Denial 	0.3712	1.0000	0.5414	317
Support	0.0000	0.0000	0.0000	276
Comment	0.0000	0.0000	0.0000	230
Queries	0.0000	0.0000	0.0000	31
MacroF1	0.1354
F1w_avg	0.2010
Acc    	37.1

02/08/2021 08:37:42 - INFO - __main__ -   	EPOCH:  14	MiniBatch:    0
02/08/2021 08:37:49 - INFO - __main__ -   	EPOCH:  14	MiniBatch:   10
02/08/2021 08:37:55 - INFO - __main__ -   	EPOCH:  14	MiniBatch:   20
02/08/2021 08:38:01 - INFO - __main__ -   	EPOCH:  14	MiniBatch:   30
02/08/2021 08:38:07 - INFO - __main__ -   	EPOCH:  14	MiniBatch:   40
02/08/2021 08:38:13 - INFO - __main__ -   	EPOCH:  14	MiniBatch:   50
02/08/2021 08:38:19 - INFO - __main__ -   	EPOCH:  14	MiniBatch:   60
02/08/2021 08:38:22 - INFO - __main__ -   	Testing dev Minibatch:    0
02/08/2021 08:38:24 - INFO - __main__ -   	Testing dev Minibatch:   10
02/08/2021 08:38:26 - INFO - __main__ -   	Testing dev Minibatch:   20
02/08/2021 08:38:26 - INFO - __main__ -   
Labels 	Prec. 	Recall	F1    	Supp  
Denial 	0.3712	1.0000	0.5414	317
Support	0.0000	0.0000	0.0000	276
Comment	0.0000	0.0000	0.0000	230
Queries	0.0000	0.0000	0.0000	31
MacroF1	0.1354
F1w_avg	0.2010
Acc    	37.1

02/08/2021 08:38:27 - INFO - __main__ -   	EPOCH:  15	MiniBatch:    0
02/08/2021 08:38:33 - INFO - __main__ -   	EPOCH:  15	MiniBatch:   10
02/08/2021 08:38:39 - INFO - __main__ -   	EPOCH:  15	MiniBatch:   20
02/08/2021 08:38:45 - INFO - __main__ -   	EPOCH:  15	MiniBatch:   30
02/08/2021 08:38:51 - INFO - __main__ -   	EPOCH:  15	MiniBatch:   40
02/08/2021 08:38:58 - INFO - __main__ -   	EPOCH:  15	MiniBatch:   50
02/08/2021 08:39:04 - INFO - __main__ -   	EPOCH:  15	MiniBatch:   60
02/08/2021 08:39:06 - INFO - __main__ -   	Testing dev Minibatch:    0
02/08/2021 08:39:08 - INFO - __main__ -   	Testing dev Minibatch:   10
02/08/2021 08:39:10 - INFO - __main__ -   	Testing dev Minibatch:   20
02/08/2021 08:39:11 - INFO - __main__ -   
Labels 	Prec. 	Recall	F1    	Supp  
Denial 	0.3712	1.0000	0.5414	317
Support	0.0000	0.0000	0.0000	276
Comment	0.0000	0.0000	0.0000	230
Queries	0.0000	0.0000	0.0000	31
MacroF1	0.1354
F1w_avg	0.2010
Acc    	37.1

02/08/2021 08:39:11 - INFO - __main__ -   	EPOCH:  16	MiniBatch:    0
02/08/2021 08:39:17 - INFO - __main__ -   	EPOCH:  16	MiniBatch:   10
02/08/2021 08:39:23 - INFO - __main__ -   	EPOCH:  16	MiniBatch:   20
02/08/2021 08:39:30 - INFO - __main__ -   	EPOCH:  16	MiniBatch:   30
02/08/2021 08:39:36 - INFO - __main__ -   	EPOCH:  16	MiniBatch:   40
02/08/2021 08:39:42 - INFO - __main__ -   	EPOCH:  16	MiniBatch:   50
02/08/2021 08:39:48 - INFO - __main__ -   	EPOCH:  16	MiniBatch:   60
02/08/2021 08:39:51 - INFO - __main__ -   	Testing dev Minibatch:    0
02/08/2021 08:39:53 - INFO - __main__ -   	Testing dev Minibatch:   10
02/08/2021 08:39:55 - INFO - __main__ -   	Testing dev Minibatch:   20
02/08/2021 08:39:55 - INFO - __main__ -   
Labels 	Prec. 	Recall	F1    	Supp  
Denial 	0.3712	1.0000	0.5414	317
Support	0.0000	0.0000	0.0000	276
Comment	0.0000	0.0000	0.0000	230
Queries	0.0000	0.0000	0.0000	31
MacroF1	0.1354
F1w_avg	0.2010
Acc    	37.1

02/08/2021 08:39:56 - INFO - __main__ -   	EPOCH:  17	MiniBatch:    0
02/08/2021 08:40:02 - INFO - __main__ -   	EPOCH:  17	MiniBatch:   10
02/08/2021 08:40:08 - INFO - __main__ -   	EPOCH:  17	MiniBatch:   20
02/08/2021 08:40:14 - INFO - __main__ -   	EPOCH:  17	MiniBatch:   30
02/08/2021 08:40:20 - INFO - __main__ -   	EPOCH:  17	MiniBatch:   40
02/08/2021 08:40:27 - INFO - __main__ -   	EPOCH:  17	MiniBatch:   50
02/08/2021 08:40:33 - INFO - __main__ -   	EPOCH:  17	MiniBatch:   60
02/08/2021 08:40:35 - INFO - __main__ -   	Testing dev Minibatch:    0
02/08/2021 08:40:37 - INFO - __main__ -   	Testing dev Minibatch:   10
02/08/2021 08:40:39 - INFO - __main__ -   	Testing dev Minibatch:   20
02/08/2021 08:40:40 - INFO - __main__ -   
Labels 	Prec. 	Recall	F1    	Supp  
Denial 	0.3712	1.0000	0.5414	317
Support	0.0000	0.0000	0.0000	276
Comment	0.0000	0.0000	0.0000	230
Queries	0.0000	0.0000	0.0000	31
MacroF1	0.1354
F1w_avg	0.2010
Acc    	37.1

02/08/2021 08:40:40 - INFO - __main__ -   	EPOCH:  18	MiniBatch:    0
02/08/2021 08:40:46 - INFO - __main__ -   	EPOCH:  18	MiniBatch:   10
02/08/2021 08:40:52 - INFO - __main__ -   	EPOCH:  18	MiniBatch:   20
02/08/2021 08:40:59 - INFO - __main__ -   	EPOCH:  18	MiniBatch:   30
02/08/2021 08:41:05 - INFO - __main__ -   	EPOCH:  18	MiniBatch:   40
02/08/2021 08:41:11 - INFO - __main__ -   	EPOCH:  18	MiniBatch:   50
02/08/2021 08:41:17 - INFO - __main__ -   	EPOCH:  18	MiniBatch:   60
02/08/2021 08:41:20 - INFO - __main__ -   	Testing dev Minibatch:    0
02/08/2021 08:41:22 - INFO - __main__ -   	Testing dev Minibatch:   10
02/08/2021 08:41:24 - INFO - __main__ -   	Testing dev Minibatch:   20
02/08/2021 08:41:24 - INFO - __main__ -   
Labels 	Prec. 	Recall	F1    	Supp  
Denial 	0.0000	0.0000	0.0000	317
Support	0.3232	1.0000	0.4885	276
Comment	0.0000	0.0000	0.0000	230
Queries	0.0000	0.0000	0.0000	31
MacroF1	0.1221
F1w_avg	0.1579
Acc    	32.3

02/08/2021 08:41:24 - INFO - __main__ -   	EPOCH:  19	MiniBatch:    0
02/08/2021 08:41:31 - INFO - __main__ -   	EPOCH:  19	MiniBatch:   10
02/08/2021 08:41:37 - INFO - __main__ -   	EPOCH:  19	MiniBatch:   20
02/08/2021 08:41:43 - INFO - __main__ -   	EPOCH:  19	MiniBatch:   30
02/08/2021 08:41:49 - INFO - __main__ -   	EPOCH:  19	MiniBatch:   40
02/08/2021 08:41:55 - INFO - __main__ -   	EPOCH:  19	MiniBatch:   50
02/08/2021 08:42:02 - INFO - __main__ -   	EPOCH:  19	MiniBatch:   60
02/08/2021 08:42:04 - INFO - __main__ -   	Testing dev Minibatch:    0
02/08/2021 08:42:06 - INFO - __main__ -   	Testing dev Minibatch:   10
02/08/2021 08:42:08 - INFO - __main__ -   	Testing dev Minibatch:   20
02/08/2021 08:42:09 - INFO - __main__ -   
Labels 	Prec. 	Recall	F1    	Supp  
Denial 	0.0000	0.0000	0.0000	317
Support	0.0000	0.0000	0.0000	276
Comment	0.2693	1.0000	0.4244	230
Queries	0.0000	0.0000	0.0000	31
MacroF1	0.1061
F1w_avg	0.1143
Acc    	26.9

02/08/2021 08:42:09 - INFO - __main__ -   	Testing test Minibatch:    0
02/08/2021 08:42:11 - INFO - __main__ -   	Testing test Minibatch:   10
02/08/2021 08:42:13 - INFO - __main__ -   	Testing test Minibatch:   20
02/08/2021 08:42:14 - INFO - __main__ -   
Labels 	Prec. 	Recall	F1    	Supp  
Denial 	0.3653	1.0000	0.5352	312
Support	0.0000	0.0000	0.0000	281
Comment	0.0000	0.0000	0.0000	234
Queries	0.0000	0.0000	0.0000	27
MacroF1	0.1338
F1w_avg	0.1955
Acc    	36.5

02/08/2021 08:42:14 - INFO - __main__ -   Time taken: 0h 14m 58s
