02/09/2021 08:36:55 - INFO - __main__ -   ----------------- Hyperparameters ------------------
02/09/2021 08:36:55 - INFO - __main__ -   ======== my_modelA0 =========
02/09/2021 08:36:55 - INFO - __main__ -   ===== Hyperparameters ======
02/09/2021 08:36:55 - INFO - __main__ -   batch_train: 64
02/09/2021 08:36:55 - INFO - __main__ -   batch_test:  64
02/09/2021 08:36:55 - INFO - __main__ -   epochs: 40 
02/09/2021 08:36:55 - INFO - __main__ -   learning_rate: 0.000010
02/09/2021 08:36:55 - INFO - __main__ -   optimizer: adam
02/09/2021 08:36:55 - INFO - __main__ -   debug: False
02/09/2021 08:36:55 - INFO - __main__ -   ------------------ Getting model -------------------
02/09/2021 08:37:01 - INFO - __main__ -   --------------- Getting dataframes -----------------
02/09/2021 08:37:01 - INFO - __main__ -   ------- Setting loss function and optimizer --------
02/09/2021 08:37:01 - INFO - __main__ -   ------------ Converting to dataloaders -------------
02/09/2021 08:37:01 - INFO - __main__ -   919
02/09/2021 08:37:01 - INFO - __main__ -   812
02/09/2021 08:37:01 - INFO - __main__ -   740
02/09/2021 08:37:01 - INFO - __main__ -   92
02/09/2021 08:37:01 - INFO - __main__ -   ---------------- Starting training -----------------
02/09/2021 08:37:02 - INFO - __main__ -   	EPOCH:   0	MiniBatch:    0
02/09/2021 08:37:11 - INFO - __main__ -   	EPOCH:   0	MiniBatch:   10
02/09/2021 08:37:20 - INFO - __main__ -   	EPOCH:   0	MiniBatch:   20
02/09/2021 08:37:30 - INFO - __main__ -   	EPOCH:   0	MiniBatch:   30
02/09/2021 08:37:39 - INFO - __main__ -   	EPOCH:   0	MiniBatch:   40
02/09/2021 08:37:39 - INFO - __main__ -   	Testing dev Minibatch:    0
02/09/2021 08:37:42 - INFO - __main__ -   	Testing dev Minibatch:   10
02/09/2021 08:37:44 - INFO - __main__ -   
Labels 	Prec. 	Recall	F1    	Supp  
Denial 	0.3471	0.3438	0.3455	317
Support	0.0000	0.0000	0.0000	276
Comment	0.3814	0.1609	0.2263	230
Queries	0.0408	0.5806	0.0763	31
MacroF1	0.1620
F1w_avg	0.1920
Acc    	19.2

02/09/2021 08:37:44 - INFO - __main__ -   	EPOCH:   1	MiniBatch:    0
02/09/2021 08:37:54 - INFO - __main__ -   	EPOCH:   1	MiniBatch:   10
02/09/2021 08:38:03 - INFO - __main__ -   	EPOCH:   1	MiniBatch:   20
02/09/2021 08:38:12 - INFO - __main__ -   	EPOCH:   1	MiniBatch:   30
02/09/2021 08:38:22 - INFO - __main__ -   	EPOCH:   1	MiniBatch:   40
02/09/2021 08:38:22 - INFO - __main__ -   	Testing dev Minibatch:    0
02/09/2021 08:38:25 - INFO - __main__ -   	Testing dev Minibatch:   10
02/09/2021 08:38:26 - INFO - __main__ -   
Labels 	Prec. 	Recall	F1    	Supp  
Denial 	0.4313	0.2177	0.2893	317
Support	0.4074	0.0399	0.0726	276
Comment	0.3073	0.8913	0.4571	230
Queries	0.0000	0.0000	0.0000	31
MacroF1	0.2047
F1w_avg	0.2540
Acc    	33.4

02/09/2021 08:38:28 - INFO - __main__ -   	EPOCH:   2	MiniBatch:    0
02/09/2021 08:38:37 - INFO - __main__ -   	EPOCH:   2	MiniBatch:   10
02/09/2021 08:38:47 - INFO - __main__ -   	EPOCH:   2	MiniBatch:   20
02/09/2021 08:38:56 - INFO - __main__ -   	EPOCH:   2	MiniBatch:   30
02/09/2021 08:39:06 - INFO - __main__ -   	EPOCH:   2	MiniBatch:   40
02/09/2021 08:39:06 - INFO - __main__ -   	Testing dev Minibatch:    0
02/09/2021 08:39:09 - INFO - __main__ -   	Testing dev Minibatch:   10
02/09/2021 08:39:10 - INFO - __main__ -   
Labels 	Prec. 	Recall	F1    	Supp  
Denial 	0.3739	0.8423	0.5179	317
Support	0.3462	0.0978	0.1525	276
Comment	0.0000	0.0000	0.0000	230
Queries	0.1695	0.3226	0.2222	31
MacroF1	0.2232
F1w_avg	0.2496
Acc    	35.6

02/09/2021 08:39:12 - INFO - __main__ -   	EPOCH:   3	MiniBatch:    0
02/09/2021 08:39:21 - INFO - __main__ -   	EPOCH:   3	MiniBatch:   10
02/09/2021 08:39:31 - INFO - __main__ -   	EPOCH:   3	MiniBatch:   20
02/09/2021 08:39:40 - INFO - __main__ -   	EPOCH:   3	MiniBatch:   30
02/09/2021 08:39:49 - INFO - __main__ -   	EPOCH:   3	MiniBatch:   40
02/09/2021 08:39:50 - INFO - __main__ -   	Testing dev Minibatch:    0
02/09/2021 08:39:53 - INFO - __main__ -   	Testing dev Minibatch:   10
02/09/2021 08:39:54 - INFO - __main__ -   
Labels 	Prec. 	Recall	F1    	Supp  
Denial 	0.4038	0.2713	0.3245	317
Support	0.3931	0.5399	0.4550	276
Comment	0.4286	0.3000	0.3529	230
Queries	0.1485	0.4839	0.2273	31
MacroF1	0.3399
F1w_avg	0.3708
Acc    	37.4

02/09/2021 08:39:56 - INFO - __main__ -   	EPOCH:   4	MiniBatch:    0
02/09/2021 08:40:05 - INFO - __main__ -   	EPOCH:   4	MiniBatch:   10
02/09/2021 08:40:15 - INFO - __main__ -   	EPOCH:   4	MiniBatch:   20
02/09/2021 08:40:24 - INFO - __main__ -   	EPOCH:   4	MiniBatch:   30
02/09/2021 08:40:34 - INFO - __main__ -   	EPOCH:   4	MiniBatch:   40
02/09/2021 08:40:34 - INFO - __main__ -   	Testing dev Minibatch:    0
02/09/2021 08:40:37 - INFO - __main__ -   	Testing dev Minibatch:   10
02/09/2021 08:40:38 - INFO - __main__ -   
Labels 	Prec. 	Recall	F1    	Supp  
Denial 	0.3711	0.7855	0.5040	317
Support	0.5526	0.1522	0.2386	276
Comment	0.2632	0.0217	0.0402	230
Queries	0.1818	0.5161	0.2689	31
MacroF1	0.2629
F1w_avg	0.2848
Acc    	36.5

02/09/2021 08:40:38 - INFO - __main__ -   	EPOCH:   5	MiniBatch:    0
02/09/2021 08:40:48 - INFO - __main__ -   	EPOCH:   5	MiniBatch:   10
02/09/2021 08:40:57 - INFO - __main__ -   	EPOCH:   5	MiniBatch:   20
02/09/2021 08:41:07 - INFO - __main__ -   	EPOCH:   5	MiniBatch:   30
02/09/2021 08:41:16 - INFO - __main__ -   	EPOCH:   5	MiniBatch:   40
02/09/2021 08:41:17 - INFO - __main__ -   	Testing dev Minibatch:    0
02/09/2021 08:41:20 - INFO - __main__ -   	Testing dev Minibatch:   10
02/09/2021 08:41:21 - INFO - __main__ -   
Labels 	Prec. 	Recall	F1    	Supp  
Denial 	0.0000	0.0000	0.0000	317
Support	0.3955	0.6304	0.4860	276
Comment	0.3633	0.4565	0.4046	230
Queries	0.1520	0.6129	0.2436	31
MacroF1	0.2836
F1w_avg	0.2749
Acc    	34.9

02/09/2021 08:41:21 - INFO - __main__ -   	EPOCH:   6	MiniBatch:    0
02/09/2021 08:41:31 - INFO - __main__ -   	EPOCH:   6	MiniBatch:   10
02/09/2021 08:41:40 - INFO - __main__ -   	EPOCH:   6	MiniBatch:   20
02/09/2021 08:41:50 - INFO - __main__ -   	EPOCH:   6	MiniBatch:   30
02/09/2021 08:41:59 - INFO - __main__ -   	EPOCH:   6	MiniBatch:   40
02/09/2021 08:41:59 - INFO - __main__ -   	Testing dev Minibatch:    0
02/09/2021 08:42:03 - INFO - __main__ -   	Testing dev Minibatch:   10
02/09/2021 08:42:04 - INFO - __main__ -   
Labels 	Prec. 	Recall	F1    	Supp  
Denial 	0.4311	0.3060	0.3579	317
Support	0.4220	0.5688	0.4846	276
Comment	0.3961	0.3565	0.3753	230
Queries	0.2600	0.4194	0.3210	31
MacroF1	0.3847
F1w_avg	0.4022
Acc    	40.9

02/09/2021 08:42:05 - INFO - __main__ -   	EPOCH:   7	MiniBatch:    0
02/09/2021 08:42:15 - INFO - __main__ -   	EPOCH:   7	MiniBatch:   10
02/09/2021 08:42:24 - INFO - __main__ -   	EPOCH:   7	MiniBatch:   20
02/09/2021 08:42:34 - INFO - __main__ -   	EPOCH:   7	MiniBatch:   30
02/09/2021 08:42:43 - INFO - __main__ -   	EPOCH:   7	MiniBatch:   40
02/09/2021 08:42:43 - INFO - __main__ -   	Testing dev Minibatch:    0
02/09/2021 08:42:47 - INFO - __main__ -   	Testing dev Minibatch:   10
02/09/2021 08:42:48 - INFO - __main__ -   
Labels 	Prec. 	Recall	F1    	Supp  
Denial 	0.0000	0.0000	0.0000	317
Support	0.4004	0.6558	0.4973	276
Comment	0.3631	0.5130	0.4252	230
Queries	0.2078	0.5161	0.2963	31
MacroF1	0.3047
F1w_avg	0.2860
Acc    	36.9

02/09/2021 08:42:48 - INFO - __main__ -   	EPOCH:   8	MiniBatch:    0
02/09/2021 08:42:58 - INFO - __main__ -   	EPOCH:   8	MiniBatch:   10
02/09/2021 08:43:07 - INFO - __main__ -   	EPOCH:   8	MiniBatch:   20
02/09/2021 08:43:17 - INFO - __main__ -   	EPOCH:   8	MiniBatch:   30
02/09/2021 08:43:26 - INFO - __main__ -   	EPOCH:   8	MiniBatch:   40
02/09/2021 08:43:26 - INFO - __main__ -   	Testing dev Minibatch:    0
02/09/2021 08:43:30 - INFO - __main__ -   	Testing dev Minibatch:   10
02/09/2021 08:43:31 - INFO - __main__ -   
Labels 	Prec. 	Recall	F1    	Supp  
Denial 	0.3820	0.1073	0.1675	317
Support	0.4475	0.4167	0.4315	276
Comment	0.3341	0.6522	0.4418	230
Queries	0.2203	0.4194	0.2889	31
MacroF1	0.3324
F1w_avg	0.3311
Acc    	36.5

02/09/2021 08:43:31 - INFO - __main__ -   	EPOCH:   9	MiniBatch:    0
02/09/2021 08:43:40 - INFO - __main__ -   	EPOCH:   9	MiniBatch:   10
02/09/2021 08:43:50 - INFO - __main__ -   	EPOCH:   9	MiniBatch:   20
02/09/2021 08:43:59 - INFO - __main__ -   	EPOCH:   9	MiniBatch:   30
02/09/2021 08:44:09 - INFO - __main__ -   	EPOCH:   9	MiniBatch:   40
02/09/2021 08:44:09 - INFO - __main__ -   	Testing dev Minibatch:    0
02/09/2021 08:44:12 - INFO - __main__ -   	Testing dev Minibatch:   10
02/09/2021 08:44:14 - INFO - __main__ -   
Labels 	Prec. 	Recall	F1    	Supp  
Denial 	0.5294	0.0284	0.0539	317
Support	0.3665	0.8406	0.5105	276
Comment	0.4444	0.2609	0.3288	230
Queries	0.2319	0.5161	0.3200	31
MacroF1	0.3033
F1w_avg	0.2851
Acc    	37.1

02/09/2021 08:44:14 - INFO - __main__ -   	EPOCH:  10	MiniBatch:    0
02/09/2021 08:44:23 - INFO - __main__ -   	EPOCH:  10	MiniBatch:   10
02/09/2021 08:44:33 - INFO - __main__ -   	EPOCH:  10	MiniBatch:   20
02/09/2021 08:44:42 - INFO - __main__ -   	EPOCH:  10	MiniBatch:   30
02/09/2021 08:44:52 - INFO - __main__ -   	EPOCH:  10	MiniBatch:   40
02/09/2021 08:44:52 - INFO - __main__ -   	Testing dev Minibatch:    0
02/09/2021 08:44:55 - INFO - __main__ -   	Testing dev Minibatch:   10
02/09/2021 08:44:56 - INFO - __main__ -   
Labels 	Prec. 	Recall	F1    	Supp  
Denial 	0.3783	0.8486	0.5233	317
Support	0.2500	0.0036	0.0071	276
Comment	0.3968	0.2174	0.2809	230
Queries	0.3077	0.1290	0.1818	31
MacroF1	0.2483
F1w_avg	0.2788
Acc    	37.9

02/09/2021 08:44:57 - INFO - __main__ -   	EPOCH:  11	MiniBatch:    0
02/09/2021 08:45:06 - INFO - __main__ -   	EPOCH:  11	MiniBatch:   10
02/09/2021 08:45:16 - INFO - __main__ -   	EPOCH:  11	MiniBatch:   20
02/09/2021 08:45:25 - INFO - __main__ -   	EPOCH:  11	MiniBatch:   30
02/09/2021 08:45:35 - INFO - __main__ -   	EPOCH:  11	MiniBatch:   40
02/09/2021 08:45:35 - INFO - __main__ -   	Testing dev Minibatch:    0
02/09/2021 08:45:38 - INFO - __main__ -   	Testing dev Minibatch:   10
02/09/2021 08:45:39 - INFO - __main__ -   
Labels 	Prec. 	Recall	F1    	Supp  
Denial 	0.5000	0.0063	0.0125	317
Support	0.4110	0.5942	0.4859	276
Comment	0.3515	0.6174	0.4479	230
Queries	0.2553	0.3871	0.3077	31
MacroF1	0.3135
F1w_avg	0.2935
Acc    	37.5

02/09/2021 08:45:40 - INFO - __main__ -   	EPOCH:  12	MiniBatch:    0
02/09/2021 08:45:49 - INFO - __main__ -   	EPOCH:  12	MiniBatch:   10
02/09/2021 08:45:59 - INFO - __main__ -   	EPOCH:  12	MiniBatch:   20
02/09/2021 08:46:08 - INFO - __main__ -   	EPOCH:  12	MiniBatch:   30
02/09/2021 08:46:17 - INFO - __main__ -   	EPOCH:  12	MiniBatch:   40
02/09/2021 08:46:18 - INFO - __main__ -   	Testing dev Minibatch:    0
02/09/2021 08:46:21 - INFO - __main__ -   	Testing dev Minibatch:   10
02/09/2021 08:46:22 - INFO - __main__ -   
Labels 	Prec. 	Recall	F1    	Supp  
Denial 	0.4070	0.6972	0.5140	317
Support	0.4935	0.1377	0.2153	276
Comment	0.3773	0.3609	0.3689	230
Queries	0.2857	0.1290	0.1778	31
MacroF1	0.3190
F1w_avg	0.3662
Acc    	40.5

02/09/2021 08:46:22 - INFO - __main__ -   	EPOCH:  13	MiniBatch:    0
02/09/2021 08:46:32 - INFO - __main__ -   	EPOCH:  13	MiniBatch:   10
02/09/2021 08:46:41 - INFO - __main__ -   	EPOCH:  13	MiniBatch:   20
02/09/2021 08:46:51 - INFO - __main__ -   	EPOCH:  13	MiniBatch:   30
02/09/2021 08:47:00 - INFO - __main__ -   	EPOCH:  13	MiniBatch:   40
02/09/2021 08:47:01 - INFO - __main__ -   	Testing dev Minibatch:    0
02/09/2021 08:47:04 - INFO - __main__ -   	Testing dev Minibatch:   10
02/09/2021 08:47:05 - INFO - __main__ -   
Labels 	Prec. 	Recall	F1    	Supp  
Denial 	0.4286	0.5394	0.4777	317
Support	0.4680	0.3442	0.3967	276
Comment	0.3739	0.3870	0.3803	230
Queries	0.3571	0.1613	0.2222	31
MacroF1	0.3692
F1w_avg	0.4160
Acc    	42.2

02/09/2021 08:47:05 - INFO - __main__ -   	EPOCH:  14	MiniBatch:    0
02/09/2021 08:47:15 - INFO - __main__ -   	EPOCH:  14	MiniBatch:   10
02/09/2021 08:47:24 - INFO - __main__ -   	EPOCH:  14	MiniBatch:   20
02/09/2021 08:47:34 - INFO - __main__ -   	EPOCH:  14	MiniBatch:   30
02/09/2021 08:47:43 - INFO - __main__ -   	EPOCH:  14	MiniBatch:   40
02/09/2021 08:47:43 - INFO - __main__ -   	Testing dev Minibatch:    0
02/09/2021 08:47:47 - INFO - __main__ -   	Testing dev Minibatch:   10
02/09/2021 08:47:48 - INFO - __main__ -   
Labels 	Prec. 	Recall	F1    	Supp  
Denial 	0.4337	0.6088	0.5066	317
Support	0.4703	0.3732	0.4162	276
Comment	0.3901	0.3087	0.3447	230
Queries	0.2500	0.0645	0.1026	31
MacroF1	0.3425
F1w_avg	0.4191
Acc    	43.2

02/09/2021 08:47:48 - INFO - __main__ -   	EPOCH:  15	MiniBatch:    0
02/09/2021 08:47:58 - INFO - __main__ -   	EPOCH:  15	MiniBatch:   10
02/09/2021 08:48:07 - INFO - __main__ -   	EPOCH:  15	MiniBatch:   20
02/09/2021 08:48:17 - INFO - __main__ -   	EPOCH:  15	MiniBatch:   30
02/09/2021 08:48:26 - INFO - __main__ -   	EPOCH:  15	MiniBatch:   40
02/09/2021 08:48:26 - INFO - __main__ -   	Testing dev Minibatch:    0
02/09/2021 08:48:30 - INFO - __main__ -   	Testing dev Minibatch:   10
02/09/2021 08:48:31 - INFO - __main__ -   
Labels 	Prec. 	Recall	F1    	Supp  
Denial 	0.4421	0.1325	0.2039	317
Support	0.4092	0.5471	0.4682	276
Comment	0.3500	0.5478	0.4271	230
Queries	0.3333	0.3226	0.3279	31
MacroF1	0.3568
F1w_avg	0.3539
Acc    	38.5

02/09/2021 08:48:31 - INFO - __main__ -   	EPOCH:  16	MiniBatch:    0
02/09/2021 08:48:40 - INFO - __main__ -   	EPOCH:  16	MiniBatch:   10
02/09/2021 08:48:50 - INFO - __main__ -   	EPOCH:  16	MiniBatch:   20
02/09/2021 08:48:59 - INFO - __main__ -   	EPOCH:  16	MiniBatch:   30
02/09/2021 08:49:09 - INFO - __main__ -   	EPOCH:  16	MiniBatch:   40
02/09/2021 08:49:09 - INFO - __main__ -   	Testing dev Minibatch:    0
02/09/2021 08:49:12 - INFO - __main__ -   	Testing dev Minibatch:   10
02/09/2021 08:49:14 - INFO - __main__ -   
Labels 	Prec. 	Recall	F1    	Supp  
Denial 	0.4464	0.0789	0.1340	317
Support	0.3686	0.5181	0.4307	276
Comment	0.2923	0.4652	0.3591	230
Queries	0.2727	0.3871	0.3200	31
MacroF1	0.3110
F1w_avg	0.2973
Acc    	33.6

02/09/2021 08:49:14 - INFO - __main__ -   	EPOCH:  17	MiniBatch:    0
02/09/2021 08:49:23 - INFO - __main__ -   	EPOCH:  17	MiniBatch:   10
02/09/2021 08:49:33 - INFO - __main__ -   	EPOCH:  17	MiniBatch:   20
02/09/2021 08:49:42 - INFO - __main__ -   	EPOCH:  17	MiniBatch:   30
02/09/2021 08:49:52 - INFO - __main__ -   	EPOCH:  17	MiniBatch:   40
02/09/2021 08:49:52 - INFO - __main__ -   	Testing dev Minibatch:    0
02/09/2021 08:49:56 - INFO - __main__ -   	Testing dev Minibatch:   10
02/09/2021 08:49:57 - INFO - __main__ -   
Labels 	Prec. 	Recall	F1    	Supp  
Denial 	0.3846	0.0946	0.1519	317
Support	0.5000	0.0109	0.0213	276
Comment	0.2901	0.8957	0.4383	230
Queries	0.2333	0.4516	0.3077	31
MacroF1	0.2298
F1w_avg	0.1925
Acc    	29.6

02/09/2021 08:49:57 - INFO - __main__ -   	EPOCH:  18	MiniBatch:    0
02/09/2021 08:50:06 - INFO - __main__ -   	EPOCH:  18	MiniBatch:   10
02/09/2021 08:50:16 - INFO - __main__ -   	EPOCH:  18	MiniBatch:   20
02/09/2021 08:50:26 - INFO - __main__ -   	EPOCH:  18	MiniBatch:   30
02/09/2021 08:50:35 - INFO - __main__ -   	EPOCH:  18	MiniBatch:   40
02/09/2021 08:50:35 - INFO - __main__ -   	Testing dev Minibatch:    0
02/09/2021 08:50:39 - INFO - __main__ -   	Testing dev Minibatch:   10
02/09/2021 08:50:40 - INFO - __main__ -   
Labels 	Prec. 	Recall	F1    	Supp  
Denial 	0.4807	0.3533	0.4073	317
Support	0.4099	0.6594	0.5056	276
Comment	0.3765	0.2652	0.3112	230
Queries	0.2000	0.0968	0.1304	31
MacroF1	0.3386
F1w_avg	0.4031
Acc    	41.9

02/09/2021 08:50:40 - INFO - __main__ -   	EPOCH:  19	MiniBatch:    0
02/09/2021 08:50:49 - INFO - __main__ -   	EPOCH:  19	MiniBatch:   10
02/09/2021 08:50:59 - INFO - __main__ -   	EPOCH:  19	MiniBatch:   20
02/09/2021 08:51:08 - INFO - __main__ -   	EPOCH:  19	MiniBatch:   30
02/09/2021 08:51:18 - INFO - __main__ -   	EPOCH:  19	MiniBatch:   40
02/09/2021 08:51:18 - INFO - __main__ -   	Testing dev Minibatch:    0
02/09/2021 08:51:22 - INFO - __main__ -   	Testing dev Minibatch:   10
02/09/2021 08:51:23 - INFO - __main__ -   
Labels 	Prec. 	Recall	F1    	Supp  
Denial 	0.5000	0.0284	0.0537	317
Support	0.3560	0.8913	0.5088	276
Comment	0.3577	0.2130	0.2670	230
Queries	0.2500	0.0645	0.1026	31
MacroF1	0.2330
F1w_avg	0.2600
Acc    	35.8

02/09/2021 08:51:23 - INFO - __main__ -   	EPOCH:  20	MiniBatch:    0
02/09/2021 08:51:32 - INFO - __main__ -   	EPOCH:  20	MiniBatch:   10
02/09/2021 08:51:42 - INFO - __main__ -   	EPOCH:  20	MiniBatch:   20
02/09/2021 08:51:51 - INFO - __main__ -   	EPOCH:  20	MiniBatch:   30
02/09/2021 08:52:01 - INFO - __main__ -   	EPOCH:  20	MiniBatch:   40
02/09/2021 08:52:01 - INFO - __main__ -   	Testing dev Minibatch:    0
02/09/2021 08:52:04 - INFO - __main__ -   	Testing dev Minibatch:   10
02/09/2021 08:52:05 - INFO - __main__ -   
Labels 	Prec. 	Recall	F1    	Supp  
Denial 	0.5484	0.2145	0.3084	317
Support	0.4035	0.6667	0.5027	276
Comment	0.3695	0.4000	0.3841	230
Queries	0.4400	0.3548	0.3929	31
MacroF1	0.3970
F1w_avg	0.3947
Acc    	41.6

02/09/2021 08:52:07 - INFO - __main__ -   	EPOCH:  21	MiniBatch:    0
02/09/2021 08:52:16 - INFO - __main__ -   	EPOCH:  21	MiniBatch:   10
02/09/2021 08:52:26 - INFO - __main__ -   	EPOCH:  21	MiniBatch:   20
02/09/2021 08:52:35 - INFO - __main__ -   	EPOCH:  21	MiniBatch:   30
02/09/2021 08:52:45 - INFO - __main__ -   	EPOCH:  21	MiniBatch:   40
02/09/2021 08:52:45 - INFO - __main__ -   	Testing dev Minibatch:    0
02/09/2021 08:52:48 - INFO - __main__ -   	Testing dev Minibatch:   10
02/09/2021 08:52:49 - INFO - __main__ -   
Labels 	Prec. 	Recall	F1    	Supp  
Denial 	0.5385	0.3312	0.4102	317
Support	0.4176	0.7717	0.5420	276
Comment	0.4214	0.2565	0.3189	230
Queries	0.2222	0.0645	0.1000	31
MacroF1	0.3428
F1w_avg	0.4169
Acc    	44.4

02/09/2021 08:52:50 - INFO - __main__ -   	EPOCH:  22	MiniBatch:    0
02/09/2021 08:52:59 - INFO - __main__ -   	EPOCH:  22	MiniBatch:   10
02/09/2021 08:53:08 - INFO - __main__ -   	EPOCH:  22	MiniBatch:   20
02/09/2021 08:53:18 - INFO - __main__ -   	EPOCH:  22	MiniBatch:   30
02/09/2021 08:53:28 - INFO - __main__ -   	EPOCH:  22	MiniBatch:   40
02/09/2021 08:53:28 - INFO - __main__ -   	Testing dev Minibatch:    0
02/09/2021 08:53:31 - INFO - __main__ -   	Testing dev Minibatch:   10
02/09/2021 08:53:32 - INFO - __main__ -   
Labels 	Prec. 	Recall	F1    	Supp  
Denial 	0.4737	0.4543	0.4638	317
Support	0.4622	0.3986	0.4280	276
Comment	0.3382	0.4043	0.3683	230
Queries	0.2703	0.3226	0.2941	31
MacroF1	0.3886
F1w_avg	0.4203
Acc    	41.8

02/09/2021 08:53:32 - INFO - __main__ -   	EPOCH:  23	MiniBatch:    0
02/09/2021 08:53:42 - INFO - __main__ -   	EPOCH:  23	MiniBatch:   10
02/09/2021 08:53:51 - INFO - __main__ -   	EPOCH:  23	MiniBatch:   20
02/09/2021 08:54:01 - INFO - __main__ -   	EPOCH:  23	MiniBatch:   30
02/09/2021 08:54:10 - INFO - __main__ -   	EPOCH:  23	MiniBatch:   40
02/09/2021 08:54:11 - INFO - __main__ -   	Testing dev Minibatch:    0
02/09/2021 08:54:14 - INFO - __main__ -   	Testing dev Minibatch:   10
02/09/2021 08:54:15 - INFO - __main__ -   
Labels 	Prec. 	Recall	F1    	Supp  
Denial 	0.4351	0.6025	0.5053	317
Support	0.5000	0.2645	0.3460	276
Comment	0.3551	0.3783	0.3663	230
Queries	0.3333	0.2581	0.2909	31
MacroF1	0.3771
F1w_avg	0.4086
Acc    	42.0

02/09/2021 08:54:15 - INFO - __main__ -   	EPOCH:  24	MiniBatch:    0
02/09/2021 08:54:25 - INFO - __main__ -   	EPOCH:  24	MiniBatch:   10
02/09/2021 08:54:34 - INFO - __main__ -   	EPOCH:  24	MiniBatch:   20
02/09/2021 08:54:44 - INFO - __main__ -   	EPOCH:  24	MiniBatch:   30
02/09/2021 08:54:53 - INFO - __main__ -   	EPOCH:  24	MiniBatch:   40
02/09/2021 08:54:54 - INFO - __main__ -   	Testing dev Minibatch:    0
02/09/2021 08:54:57 - INFO - __main__ -   	Testing dev Minibatch:   10
02/09/2021 08:54:58 - INFO - __main__ -   
Labels 	Prec. 	Recall	F1    	Supp  
Denial 	0.4257	0.1987	0.2710	317
Support	0.2222	0.0072	0.0140	276
Comment	0.2848	0.7826	0.4176	230
Queries	0.2154	0.4516	0.2917	31
MacroF1	0.2486
F1w_avg	0.2282
Acc    	30.3

02/09/2021 08:54:58 - INFO - __main__ -   	EPOCH:  25	MiniBatch:    0
02/09/2021 08:55:08 - INFO - __main__ -   	EPOCH:  25	MiniBatch:   10
02/09/2021 08:55:17 - INFO - __main__ -   	EPOCH:  25	MiniBatch:   20
02/09/2021 08:55:26 - INFO - __main__ -   	EPOCH:  25	MiniBatch:   30
02/09/2021 08:55:36 - INFO - __main__ -   	EPOCH:  25	MiniBatch:   40
02/09/2021 08:55:36 - INFO - __main__ -   	Testing dev Minibatch:    0
02/09/2021 08:55:39 - INFO - __main__ -   	Testing dev Minibatch:   10
02/09/2021 08:55:41 - INFO - __main__ -   
Labels 	Prec. 	Recall	F1    	Supp  
Denial 	0.5882	0.0946	0.1630	317
Support	0.4488	0.3333	0.3825	276
Comment	0.3099	0.7087	0.4312	230
Queries	0.2361	0.5484	0.3301	31
MacroF1	0.3267
F1w_avg	0.3123
Acc    	35.4

02/09/2021 08:55:41 - INFO - __main__ -   	EPOCH:  26	MiniBatch:    0
02/09/2021 08:55:50 - INFO - __main__ -   	EPOCH:  26	MiniBatch:   10
02/09/2021 08:56:00 - INFO - __main__ -   	EPOCH:  26	MiniBatch:   20
02/09/2021 08:56:09 - INFO - __main__ -   	EPOCH:  26	MiniBatch:   30
02/09/2021 08:56:19 - INFO - __main__ -   	EPOCH:  26	MiniBatch:   40
02/09/2021 08:56:19 - INFO - __main__ -   	Testing dev Minibatch:    0
02/09/2021 08:56:22 - INFO - __main__ -   	Testing dev Minibatch:   10
02/09/2021 08:56:23 - INFO - __main__ -   
Labels 	Prec. 	Recall	F1    	Supp  
Denial 	0.4578	0.5647	0.5056	317
Support	0.4737	0.4891	0.4813	276
Comment	0.3861	0.2652	0.3144	230
Queries	0.3500	0.2258	0.2745	31
MacroF1	0.3940
F1w_avg	0.4379
Acc    	44.7

02/09/2021 08:56:24 - INFO - __main__ -   	EPOCH:  27	MiniBatch:    0
02/09/2021 08:56:33 - INFO - __main__ -   	EPOCH:  27	MiniBatch:   10
02/09/2021 08:56:43 - INFO - __main__ -   	EPOCH:  27	MiniBatch:   20
02/09/2021 08:56:52 - INFO - __main__ -   	EPOCH:  27	MiniBatch:   30
02/09/2021 08:57:02 - INFO - __main__ -   	EPOCH:  27	MiniBatch:   40
02/09/2021 08:57:02 - INFO - __main__ -   	Testing dev Minibatch:    0
02/09/2021 08:57:05 - INFO - __main__ -   	Testing dev Minibatch:   10
02/09/2021 08:57:06 - INFO - __main__ -   
Labels 	Prec. 	Recall	F1    	Supp  
Denial 	0.5185	0.3975	0.4500	317
Support	0.4405	0.5362	0.4837	276
Comment	0.3786	0.4000	0.3890	230
Queries	0.2500	0.2581	0.2540	31
MacroF1	0.3942
F1w_avg	0.4373
Acc    	43.8

02/09/2021 08:57:06 - INFO - __main__ -   	EPOCH:  28	MiniBatch:    0
02/09/2021 08:57:16 - INFO - __main__ -   	EPOCH:  28	MiniBatch:   10
02/09/2021 08:57:25 - INFO - __main__ -   	EPOCH:  28	MiniBatch:   20
02/09/2021 08:57:35 - INFO - __main__ -   	EPOCH:  28	MiniBatch:   30
02/09/2021 08:57:44 - INFO - __main__ -   	EPOCH:  28	MiniBatch:   40
02/09/2021 08:57:45 - INFO - __main__ -   	Testing dev Minibatch:    0
02/09/2021 08:57:48 - INFO - __main__ -   	Testing dev Minibatch:   10
02/09/2021 08:57:49 - INFO - __main__ -   
Labels 	Prec. 	Recall	F1    	Supp  
Denial 	0.6098	0.0789	0.1397	317
Support	0.4379	0.5109	0.4716	276
Comment	0.3269	0.6609	0.4374	230
Queries	0.2692	0.2258	0.2456	31
MacroF1	0.3236
F1w_avg	0.3310
Acc    	38.1

02/09/2021 08:57:49 - INFO - __main__ -   	EPOCH:  29	MiniBatch:    0
02/09/2021 08:57:59 - INFO - __main__ -   	EPOCH:  29	MiniBatch:   10
02/09/2021 08:58:08 - INFO - __main__ -   	EPOCH:  29	MiniBatch:   20
02/09/2021 08:58:18 - INFO - __main__ -   	EPOCH:  29	MiniBatch:   30
02/09/2021 08:58:27 - INFO - __main__ -   	EPOCH:  29	MiniBatch:   40
02/09/2021 08:58:28 - INFO - __main__ -   	Testing dev Minibatch:    0
02/09/2021 08:58:31 - INFO - __main__ -   	Testing dev Minibatch:   10
02/09/2021 08:58:32 - INFO - __main__ -   
Labels 	Prec. 	Recall	F1    	Supp  
Denial 	0.5514	0.3218	0.4064	317
Support	0.4337	0.4855	0.4581	276
Comment	0.3422	0.5043	0.4077	230
Queries	0.3333	0.2258	0.2692	31
MacroF1	0.3854
F1w_avg	0.4185
Acc    	42.0

02/09/2021 08:58:32 - INFO - __main__ -   	EPOCH:  30	MiniBatch:    0
02/09/2021 08:58:42 - INFO - __main__ -   	EPOCH:  30	MiniBatch:   10
02/09/2021 08:58:51 - INFO - __main__ -   	EPOCH:  30	MiniBatch:   20
02/09/2021 08:59:01 - INFO - __main__ -   	EPOCH:  30	MiniBatch:   30
02/09/2021 08:59:10 - INFO - __main__ -   	EPOCH:  30	MiniBatch:   40
02/09/2021 08:59:10 - INFO - __main__ -   	Testing dev Minibatch:    0
02/09/2021 08:59:14 - INFO - __main__ -   	Testing dev Minibatch:   10
02/09/2021 08:59:15 - INFO - __main__ -   
Labels 	Prec. 	Recall	F1    	Supp  
Denial 	0.5506	0.3091	0.3960	317
Support	0.4075	0.6703	0.5068	276
Comment	0.3757	0.3087	0.3389	230
Queries	0.3030	0.3226	0.3125	31
MacroF1	0.3886
F1w_avg	0.4134
Acc    	42.6

02/09/2021 08:59:15 - INFO - __main__ -   	EPOCH:  31	MiniBatch:    0
02/09/2021 08:59:24 - INFO - __main__ -   	EPOCH:  31	MiniBatch:   10
02/09/2021 08:59:34 - INFO - __main__ -   	EPOCH:  31	MiniBatch:   20
02/09/2021 08:59:44 - INFO - __main__ -   	EPOCH:  31	MiniBatch:   30
02/09/2021 08:59:53 - INFO - __main__ -   	EPOCH:  31	MiniBatch:   40
02/09/2021 08:59:53 - INFO - __main__ -   	Testing dev Minibatch:    0
02/09/2021 08:59:57 - INFO - __main__ -   	Testing dev Minibatch:   10
02/09/2021 08:59:58 - INFO - __main__ -   
Labels 	Prec. 	Recall	F1    	Supp  
Denial 	0.4828	0.6183	0.5422	317
Support	0.4770	0.4130	0.4427	276
Comment	0.3815	0.2870	0.3275	230
Queries	0.2500	0.2903	0.2687	31
MacroF1	0.3953
F1w_avg	0.4423
Acc    	45.1

02/09/2021 08:59:58 - INFO - __main__ -   	EPOCH:  32	MiniBatch:    0
02/09/2021 09:00:07 - INFO - __main__ -   	EPOCH:  32	MiniBatch:   10
02/09/2021 09:00:17 - INFO - __main__ -   	EPOCH:  32	MiniBatch:   20
02/09/2021 09:00:26 - INFO - __main__ -   	EPOCH:  32	MiniBatch:   30
02/09/2021 09:00:36 - INFO - __main__ -   	EPOCH:  32	MiniBatch:   40
02/09/2021 09:00:36 - INFO - __main__ -   	Testing dev Minibatch:    0
02/09/2021 09:00:39 - INFO - __main__ -   	Testing dev Minibatch:   10
02/09/2021 09:00:41 - INFO - __main__ -   
Labels 	Prec. 	Recall	F1    	Supp  
Denial 	0.4733	0.4479	0.4603	317
Support	0.4964	0.2464	0.3293	276
Comment	0.3179	0.5087	0.3913	230
Queries	0.2449	0.3871	0.3000	31
MacroF1	0.3702
F1w_avg	0.3936
Acc    	39.7

02/09/2021 09:00:41 - INFO - __main__ -   	EPOCH:  33	MiniBatch:    0
02/09/2021 09:00:50 - INFO - __main__ -   	EPOCH:  33	MiniBatch:   10
02/09/2021 09:01:00 - INFO - __main__ -   	EPOCH:  33	MiniBatch:   20
02/09/2021 09:01:09 - INFO - __main__ -   	EPOCH:  33	MiniBatch:   30
02/09/2021 09:01:19 - INFO - __main__ -   	EPOCH:  33	MiniBatch:   40
02/09/2021 09:01:19 - INFO - __main__ -   	Testing dev Minibatch:    0
02/09/2021 09:01:22 - INFO - __main__ -   	Testing dev Minibatch:   10
02/09/2021 09:01:23 - INFO - __main__ -   
Labels 	Prec. 	Recall	F1    	Supp  
Denial 	0.5016	0.4858	0.4936	317
Support	0.4844	0.3370	0.3974	276
Comment	0.3323	0.4652	0.3877	230
Queries	0.3030	0.3226	0.3125	31
MacroF1	0.3978
F1w_avg	0.4274
Acc    	42.6

02/09/2021 09:01:25 - INFO - __main__ -   	EPOCH:  34	MiniBatch:    0
02/09/2021 09:01:34 - INFO - __main__ -   	EPOCH:  34	MiniBatch:   10
02/09/2021 09:01:44 - INFO - __main__ -   	EPOCH:  34	MiniBatch:   20
02/09/2021 09:01:53 - INFO - __main__ -   	EPOCH:  34	MiniBatch:   30
02/09/2021 09:02:03 - INFO - __main__ -   	EPOCH:  34	MiniBatch:   40
02/09/2021 09:02:03 - INFO - __main__ -   	Testing dev Minibatch:    0
02/09/2021 09:02:06 - INFO - __main__ -   	Testing dev Minibatch:   10
02/09/2021 09:02:07 - INFO - __main__ -   
Labels 	Prec. 	Recall	F1    	Supp  
Denial 	0.5088	0.4543	0.4800	317
Support	0.4677	0.5254	0.4949	276
Comment	0.3673	0.3609	0.3640	230
Queries	0.2286	0.2581	0.2424	31
MacroF1	0.3953
F1w_avg	0.4450
Acc    	44.5

02/09/2021 09:02:08 - INFO - __main__ -   	EPOCH:  35	MiniBatch:    0
02/09/2021 09:02:17 - INFO - __main__ -   	EPOCH:  35	MiniBatch:   10
02/09/2021 09:02:27 - INFO - __main__ -   	EPOCH:  35	MiniBatch:   20
02/09/2021 09:02:36 - INFO - __main__ -   	EPOCH:  35	MiniBatch:   30
02/09/2021 09:02:46 - INFO - __main__ -   	EPOCH:  35	MiniBatch:   40
02/09/2021 09:02:46 - INFO - __main__ -   	Testing dev Minibatch:    0
02/09/2021 09:02:49 - INFO - __main__ -   	Testing dev Minibatch:   10
02/09/2021 09:02:50 - INFO - __main__ -   
Labels 	Prec. 	Recall	F1    	Supp  
Denial 	0.5897	0.1451	0.2329	317
Support	0.3957	0.6667	0.4966	276
Comment	0.3345	0.4304	0.3764	230
Queries	0.2667	0.1290	0.1739	31
MacroF1	0.3200
F1w_avg	0.3546
Acc    	39.0

02/09/2021 09:02:50 - INFO - __main__ -   	EPOCH:  36	MiniBatch:    0
02/09/2021 09:03:00 - INFO - __main__ -   	EPOCH:  36	MiniBatch:   10
02/09/2021 09:03:09 - INFO - __main__ -   	EPOCH:  36	MiniBatch:   20
02/09/2021 09:03:19 - INFO - __main__ -   	EPOCH:  36	MiniBatch:   30
02/09/2021 09:03:28 - INFO - __main__ -   	EPOCH:  36	MiniBatch:   40
02/09/2021 09:03:29 - INFO - __main__ -   	Testing dev Minibatch:    0
02/09/2021 09:03:32 - INFO - __main__ -   	Testing dev Minibatch:   10
02/09/2021 09:03:33 - INFO - __main__ -   
Labels 	Prec. 	Recall	F1    	Supp  
Denial 	0.6265	0.1640	0.2600	317
Support	0.3883	0.7246	0.5057	276
Comment	0.3657	0.3435	0.3543	230
Queries	0.2000	0.2581	0.2254	31
MacroF1	0.3363
F1w_avg	0.3635
Acc    	39.7

02/09/2021 09:03:33 - INFO - __main__ -   	EPOCH:  37	MiniBatch:    0
02/09/2021 09:03:43 - INFO - __main__ -   	EPOCH:  37	MiniBatch:   10
02/09/2021 09:03:52 - INFO - __main__ -   	EPOCH:  37	MiniBatch:   20
02/09/2021 09:04:02 - INFO - __main__ -   	EPOCH:  37	MiniBatch:   30
02/09/2021 09:04:11 - INFO - __main__ -   	EPOCH:  37	MiniBatch:   40
02/09/2021 09:04:12 - INFO - __main__ -   	Testing dev Minibatch:    0
02/09/2021 09:04:15 - INFO - __main__ -   	Testing dev Minibatch:   10
02/09/2021 09:04:16 - INFO - __main__ -   
Labels 	Prec. 	Recall	F1    	Supp  
Denial 	0.5148	0.4385	0.4736	317
Support	0.4551	0.5507	0.4984	276
Comment	0.3498	0.3391	0.3444	230
Queries	0.2222	0.1935	0.2069	31
MacroF1	0.3808
F1w_avg	0.4371
Acc    	43.9

02/09/2021 09:04:16 - INFO - __main__ -   	EPOCH:  38	MiniBatch:    0
02/09/2021 09:04:26 - INFO - __main__ -   	EPOCH:  38	MiniBatch:   10
02/09/2021 09:04:35 - INFO - __main__ -   	EPOCH:  38	MiniBatch:   20
02/09/2021 09:04:45 - INFO - __main__ -   	EPOCH:  38	MiniBatch:   30
02/09/2021 09:04:55 - INFO - __main__ -   	EPOCH:  38	MiniBatch:   40
02/09/2021 09:04:55 - INFO - __main__ -   	Testing dev Minibatch:    0
02/09/2021 09:04:58 - INFO - __main__ -   	Testing dev Minibatch:   10
02/09/2021 09:04:59 - INFO - __main__ -   
Labels 	Prec. 	Recall	F1    	Supp  
Denial 	0.4433	0.5678	0.4979	317
Support	0.5109	0.2536	0.3390	276
Comment	0.3264	0.4087	0.3629	230
Queries	0.3043	0.2258	0.2593	31
MacroF1	0.3648
F1w_avg	0.4015
Acc    	41.1

02/09/2021 09:04:59 - INFO - __main__ -   	EPOCH:  39	MiniBatch:    0
02/09/2021 09:05:09 - INFO - __main__ -   	EPOCH:  39	MiniBatch:   10
02/09/2021 09:05:18 - INFO - __main__ -   	EPOCH:  39	MiniBatch:   20
02/09/2021 09:05:28 - INFO - __main__ -   	EPOCH:  39	MiniBatch:   30
02/09/2021 09:05:37 - INFO - __main__ -   	EPOCH:  39	MiniBatch:   40
02/09/2021 09:05:38 - INFO - __main__ -   	Testing dev Minibatch:    0
02/09/2021 09:05:41 - INFO - __main__ -   	Testing dev Minibatch:   10
02/09/2021 09:05:42 - INFO - __main__ -   
Labels 	Prec. 	Recall	F1    	Supp  
Denial 	0.4558	0.5205	0.4860	317
Support	0.4915	0.2101	0.2944	276
Comment	0.3210	0.4913	0.3883	230
Queries	0.2727	0.1935	0.2264	31
MacroF1	0.3488
F1w_avg	0.3884
Acc    	40.0

02/09/2021 09:05:43 - INFO - __main__ -   	Testing test Minibatch:    0
02/09/2021 09:05:46 - INFO - __main__ -   	Testing test Minibatch:   10
02/09/2021 09:05:47 - INFO - __main__ -   
Labels 	Prec. 	Recall	F1    	Supp  
Denial 	0.5084	0.4872	0.4975	312
Support	0.4795	0.3737	0.4200	281
Comment	0.3537	0.4701	0.4037	234
Queries	0.2000	0.1852	0.1923	27
MacroF1	0.3784
F1w_avg	0.4367
Acc    	43.6

02/09/2021 09:05:47 - INFO - __main__ -   Time taken: 0h 28m 52s
