02/23/2021 09:29:55 - INFO - __main__ -   ----------------- Hyperparameters ------------------
02/23/2021 09:29:55 - INFO - __main__ -   ======== my_modelE0 =========
02/23/2021 09:29:55 - INFO - __main__ -   ===== Hyperparameters ======
02/23/2021 09:29:55 - INFO - __main__ -   batch_train: 128
02/23/2021 09:29:55 - INFO - __main__ -   batch_test:  128
02/23/2021 09:29:55 - INFO - __main__ -   epochs: 40 
02/23/2021 09:29:55 - INFO - __main__ -   learning_rate: 0.000010
02/23/2021 09:29:55 - INFO - __main__ -   optimizer: adam
02/23/2021 09:29:55 - INFO - __main__ -   debug: False
02/23/2021 09:29:55 - INFO - __main__ -   ------------------ Getting model -------------------
02/23/2021 09:30:01 - INFO - __main__ -   loading pretrained model file ./log_files/saved_models/pretrain02_my_modelE0.bin
02/23/2021 09:30:01 - INFO - __main__ -   --------------- Getting dataframes -----------------
02/23/2021 09:30:01 - INFO - __main__ -   ------- Setting loss function and optimizer --------
02/23/2021 09:30:01 - INFO - __main__ -   ------------ Converting to dataloaders -------------
02/23/2021 09:30:01 - INFO - __main__ -   ---------------- Starting training -----------------
02/23/2021 09:30:01 - INFO - __main__ -   	EPOCH:   0	MiniBatch:    0
02/23/2021 09:30:14 - INFO - __main__ -   	EPOCH:   0	MiniBatch:   10
02/23/2021 09:30:24 - INFO - __main__ -   	EPOCH:   0	MiniBatch:   20
02/23/2021 09:30:25 - INFO - __main__ -   	Testing dev Minibatch:    0
02/23/2021 09:30:27 - INFO - __main__ -   
Labels 	Prec. 	Recall	F1    	Supp  
Denial 	0.3712	1.0000	0.5414	317
Support	0.0000	0.0000	0.0000	276
Comment	0.0000	0.0000	0.0000	230
Queries	0.0000	0.0000	0.0000	31
MacroF1	0.1354
F1w_avg	0.2010
Acc    	37.1

02/23/2021 09:30:28 - INFO - __main__ -   	EPOCH:   1	MiniBatch:    0
02/23/2021 09:30:38 - INFO - __main__ -   	EPOCH:   1	MiniBatch:   10
02/23/2021 09:30:48 - INFO - __main__ -   	EPOCH:   1	MiniBatch:   20
02/23/2021 09:30:49 - INFO - __main__ -   	Testing dev Minibatch:    0
02/23/2021 09:30:51 - INFO - __main__ -   
Labels 	Prec. 	Recall	F1    	Supp  
Denial 	0.3740	0.7350	0.4957	317
Support	0.3846	0.0181	0.0346	276
Comment	0.3349	0.3174	0.3259	230
Queries	0.0000	0.0000	0.0000	31
MacroF1	0.2141
F1w_avg	0.2830
Acc    	36.4

02/23/2021 09:30:53 - INFO - __main__ -   	EPOCH:   2	MiniBatch:    0
02/23/2021 09:31:03 - INFO - __main__ -   	EPOCH:   2	MiniBatch:   10
02/23/2021 09:31:14 - INFO - __main__ -   	EPOCH:   2	MiniBatch:   20
02/23/2021 09:31:14 - INFO - __main__ -   	Testing dev Minibatch:    0
02/23/2021 09:31:16 - INFO - __main__ -   
Labels 	Prec. 	Recall	F1    	Supp  
Denial 	0.3974	0.1893	0.2564	317
Support	0.3832	0.4638	0.4197	276
Comment	0.3306	0.5304	0.4073	230
Queries	0.0000	0.0000	0.0000	31
MacroF1	0.2709
F1w_avg	0.3405
Acc    	36.3

02/23/2021 09:31:18 - INFO - __main__ -   	EPOCH:   3	MiniBatch:    0
02/23/2021 09:31:28 - INFO - __main__ -   	EPOCH:   3	MiniBatch:   10
02/23/2021 09:31:39 - INFO - __main__ -   	EPOCH:   3	MiniBatch:   20
02/23/2021 09:31:39 - INFO - __main__ -   	Testing dev Minibatch:    0
02/23/2021 09:31:42 - INFO - __main__ -   
Labels 	Prec. 	Recall	F1    	Supp  
Denial 	0.3803	0.8517	0.5258	317
Support	0.3819	0.1993	0.2619	276
Comment	0.0000	0.0000	0.0000	230
Queries	0.0000	0.0000	0.0000	31
MacroF1	0.1969
F1w_avg	0.2798
Acc    	38.1

02/23/2021 09:31:42 - INFO - __main__ -   	EPOCH:   4	MiniBatch:    0
02/23/2021 09:31:52 - INFO - __main__ -   	EPOCH:   4	MiniBatch:   10
02/23/2021 09:32:02 - INFO - __main__ -   	EPOCH:   4	MiniBatch:   20
02/23/2021 09:32:03 - INFO - __main__ -   	Testing dev Minibatch:    0
02/23/2021 09:32:05 - INFO - __main__ -   
Labels 	Prec. 	Recall	F1    	Supp  
Denial 	0.3782	0.4164	0.3964	317
Support	0.3672	0.1703	0.2327	276
Comment	0.3289	0.5391	0.4086	230
Queries	0.0000	0.0000	0.0000	31
MacroF1	0.2594
F1w_avg	0.3324
Acc    	35.5

02/23/2021 09:32:06 - INFO - __main__ -   	EPOCH:   5	MiniBatch:    0
02/23/2021 09:32:16 - INFO - __main__ -   	EPOCH:   5	MiniBatch:   10
02/23/2021 09:32:26 - INFO - __main__ -   	EPOCH:   5	MiniBatch:   20
02/23/2021 09:32:27 - INFO - __main__ -   	Testing dev Minibatch:    0
02/23/2021 09:32:29 - INFO - __main__ -   
Labels 	Prec. 	Recall	F1    	Supp  
Denial 	0.3811	0.3438	0.3615	317
Support	0.3636	0.1884	0.2482	276
Comment	0.3176	0.5870	0.4122	230
Queries	0.0000	0.0000	0.0000	31
MacroF1	0.2555
F1w_avg	0.3254
Acc    	34.7

02/23/2021 09:32:29 - INFO - __main__ -   	EPOCH:   6	MiniBatch:    0
02/23/2021 09:32:40 - INFO - __main__ -   	EPOCH:   6	MiniBatch:   10
02/23/2021 09:32:50 - INFO - __main__ -   	EPOCH:   6	MiniBatch:   20
02/23/2021 09:32:50 - INFO - __main__ -   	Testing dev Minibatch:    0
02/23/2021 09:32:53 - INFO - __main__ -   
Labels 	Prec. 	Recall	F1    	Supp  
Denial 	0.4076	0.4038	0.4057	317
Support	0.4049	0.3007	0.3451	276
Comment	0.3313	0.4826	0.3929	230
Queries	0.0000	0.0000	0.0000	31
MacroF1	0.2859
F1w_avg	0.3680
Acc    	37.7

02/23/2021 09:32:55 - INFO - __main__ -   	EPOCH:   7	MiniBatch:    0
02/23/2021 09:33:05 - INFO - __main__ -   	EPOCH:   7	MiniBatch:   10
02/23/2021 09:33:15 - INFO - __main__ -   	EPOCH:   7	MiniBatch:   20
02/23/2021 09:33:16 - INFO - __main__ -   	Testing dev Minibatch:    0
02/23/2021 09:33:18 - INFO - __main__ -   
Labels 	Prec. 	Recall	F1    	Supp  
Denial 	0.3961	0.4511	0.4218	317
Support	0.4286	0.2391	0.3070	276
Comment	0.3245	0.4783	0.3866	230
Queries	0.0000	0.0000	0.0000	31
MacroF1	0.2789
F1w_avg	0.3599
Acc    	37.4

02/23/2021 09:33:18 - INFO - __main__ -   	EPOCH:   8	MiniBatch:    0
02/23/2021 09:33:29 - INFO - __main__ -   	EPOCH:   8	MiniBatch:   10
02/23/2021 09:33:39 - INFO - __main__ -   	EPOCH:   8	MiniBatch:   20
02/23/2021 09:33:39 - INFO - __main__ -   	Testing dev Minibatch:    0
02/23/2021 09:33:42 - INFO - __main__ -   
Labels 	Prec. 	Recall	F1    	Supp  
Denial 	0.3912	0.4479	0.4176	317
Support	0.4024	0.2391	0.3000	276
Comment	0.3303	0.4696	0.3878	230
Queries	0.0000	0.0000	0.0000	31
MacroF1	0.2764
F1w_avg	0.3564
Acc    	37.0

02/23/2021 09:33:42 - INFO - __main__ -   	EPOCH:   9	MiniBatch:    0
02/23/2021 09:33:52 - INFO - __main__ -   	EPOCH:   9	MiniBatch:   10
02/23/2021 09:34:03 - INFO - __main__ -   	EPOCH:   9	MiniBatch:   20
02/23/2021 09:34:03 - INFO - __main__ -   	Testing dev Minibatch:    0
02/23/2021 09:34:06 - INFO - __main__ -   
Labels 	Prec. 	Recall	F1    	Supp  
Denial 	0.4049	0.5174	0.4543	317
Support	0.3436	0.2826	0.3101	276
Comment	0.3198	0.3087	0.3142	230
Queries	0.0000	0.0000	0.0000	31
MacroF1	0.2696
F1w_avg	0.3535
Acc    	36.7

02/23/2021 09:34:06 - INFO - __main__ -   	EPOCH:  10	MiniBatch:    0
02/23/2021 09:34:16 - INFO - __main__ -   	EPOCH:  10	MiniBatch:   10
02/23/2021 09:34:27 - INFO - __main__ -   	EPOCH:  10	MiniBatch:   20
02/23/2021 09:34:27 - INFO - __main__ -   	Testing dev Minibatch:    0
02/23/2021 09:34:29 - INFO - __main__ -   
Labels 	Prec. 	Recall	F1    	Supp  
Denial 	0.3969	0.3218	0.3554	317
Support	0.3785	0.3949	0.3865	276
Comment	0.3204	0.4304	0.3673	230
Queries	0.0000	0.0000	0.0000	31
MacroF1	0.2773
F1w_avg	0.3558
Acc    	36.3

02/23/2021 09:34:30 - INFO - __main__ -   	EPOCH:  11	MiniBatch:    0
02/23/2021 09:34:40 - INFO - __main__ -   	EPOCH:  11	MiniBatch:   10
02/23/2021 09:34:50 - INFO - __main__ -   	EPOCH:  11	MiniBatch:   20
02/23/2021 09:34:51 - INFO - __main__ -   	Testing dev Minibatch:    0
02/23/2021 09:34:53 - INFO - __main__ -   
Labels 	Prec. 	Recall	F1    	Supp  
Denial 	0.4071	0.2902	0.3389	317
Support	0.3449	0.5399	0.4209	276
Comment	0.3112	0.2652	0.2864	230
Queries	0.0000	0.0000	0.0000	31
MacroF1	0.2615
F1w_avg	0.3389
Acc    	35.4

02/23/2021 09:34:53 - INFO - __main__ -   	EPOCH:  12	MiniBatch:    0
02/23/2021 09:35:04 - INFO - __main__ -   	EPOCH:  12	MiniBatch:   10
02/23/2021 09:35:14 - INFO - __main__ -   	EPOCH:  12	MiniBatch:   20
02/23/2021 09:35:15 - INFO - __main__ -   	Testing dev Minibatch:    0
02/23/2021 09:35:17 - INFO - __main__ -   
Labels 	Prec. 	Recall	F1    	Supp  
Denial 	0.3898	0.3849	0.3873	317
Support	0.3518	0.3913	0.3705	276
Comment	0.3162	0.3217	0.3190	230
Queries	0.0000	0.0000	0.0000	31
MacroF1	0.2692
F1w_avg	0.3494
Acc    	35.6

02/23/2021 09:35:17 - INFO - __main__ -   	EPOCH:  13	MiniBatch:    0
02/23/2021 09:35:28 - INFO - __main__ -   	EPOCH:  13	MiniBatch:   10
02/23/2021 09:35:38 - INFO - __main__ -   	EPOCH:  13	MiniBatch:   20
02/23/2021 09:35:38 - INFO - __main__ -   	Testing dev Minibatch:    0
02/23/2021 09:35:41 - INFO - __main__ -   
Labels 	Prec. 	Recall	F1    	Supp  
Denial 	0.4000	0.3028	0.3447	317
Support	0.3564	0.4674	0.4044	276
Comment	0.3095	0.3391	0.3237	230
Queries	0.0000	0.0000	0.0000	31
MacroF1	0.2682
F1w_avg	0.3458
Acc    	35.5

02/23/2021 09:35:41 - INFO - __main__ -   	EPOCH:  14	MiniBatch:    0
02/23/2021 09:35:51 - INFO - __main__ -   	EPOCH:  14	MiniBatch:   10
02/23/2021 09:36:02 - INFO - __main__ -   	EPOCH:  14	MiniBatch:   20
02/23/2021 09:36:02 - INFO - __main__ -   	Testing dev Minibatch:    0
02/23/2021 09:36:05 - INFO - __main__ -   
Labels 	Prec. 	Recall	F1    	Supp  
Denial 	0.3875	0.2934	0.3339	317
Support	0.3605	0.3370	0.3483	276
Comment	0.3062	0.4739	0.3720	230
Queries	0.0000	0.0000	0.0000	31
MacroF1	0.2636
F1w_avg	0.3367
Acc    	34.5

02/23/2021 09:36:05 - INFO - __main__ -   	EPOCH:  15	MiniBatch:    0
02/23/2021 09:36:15 - INFO - __main__ -   	EPOCH:  15	MiniBatch:   10
02/23/2021 09:36:26 - INFO - __main__ -   	EPOCH:  15	MiniBatch:   20
02/23/2021 09:36:26 - INFO - __main__ -   	Testing dev Minibatch:    0
02/23/2021 09:36:28 - INFO - __main__ -   
Labels 	Prec. 	Recall	F1    	Supp  
Denial 	0.4074	0.1735	0.2434	317
Support	0.3680	0.5000	0.4240	276
Comment	0.2965	0.4435	0.3554	230
Queries	0.0000	0.0000	0.0000	31
MacroF1	0.2557
F1w_avg	0.3231
Acc    	34.5

02/23/2021 09:36:29 - INFO - __main__ -   	EPOCH:  16	MiniBatch:    0
02/23/2021 09:36:39 - INFO - __main__ -   	EPOCH:  16	MiniBatch:   10
02/23/2021 09:36:49 - INFO - __main__ -   	EPOCH:  16	MiniBatch:   20
02/23/2021 09:36:50 - INFO - __main__ -   	Testing dev Minibatch:    0
02/23/2021 09:36:52 - INFO - __main__ -   
Labels 	Prec. 	Recall	F1    	Supp  
Denial 	0.3947	0.4732	0.4304	317
Support	0.3644	0.3261	0.3442	276
Comment	0.3348	0.3304	0.3326	230
Queries	0.0000	0.0000	0.0000	31
MacroF1	0.2768
F1w_avg	0.3606
Acc    	37.0

02/23/2021 09:36:52 - INFO - __main__ -   	EPOCH:  17	MiniBatch:    0
02/23/2021 09:37:03 - INFO - __main__ -   	EPOCH:  17	MiniBatch:   10
02/23/2021 09:37:13 - INFO - __main__ -   	EPOCH:  17	MiniBatch:   20
02/23/2021 09:37:14 - INFO - __main__ -   	Testing dev Minibatch:    0
02/23/2021 09:37:16 - INFO - __main__ -   
Labels 	Prec. 	Recall	F1    	Supp  
Denial 	0.4006	0.4259	0.4128	317
Support	0.3593	0.4348	0.3934	276
Comment	0.3388	0.2696	0.3002	230
Queries	0.0000	0.0000	0.0000	31
MacroF1	0.2766
F1w_avg	0.3613
Acc    	37.1

02/23/2021 09:37:16 - INFO - __main__ -   	EPOCH:  18	MiniBatch:    0
02/23/2021 09:37:27 - INFO - __main__ -   	EPOCH:  18	MiniBatch:   10
02/23/2021 09:37:37 - INFO - __main__ -   	EPOCH:  18	MiniBatch:   20
02/23/2021 09:37:37 - INFO - __main__ -   	Testing dev Minibatch:    0
02/23/2021 09:37:40 - INFO - __main__ -   
Labels 	Prec. 	Recall	F1    	Supp  
Denial 	0.4198	0.3218	0.3643	317
Support	0.3518	0.3913	0.3705	276
Comment	0.3026	0.4000	0.3446	230
Queries	0.0000	0.0000	0.0000	31
MacroF1	0.2698
F1w_avg	0.3478
Acc    	35.4

02/23/2021 09:37:40 - INFO - __main__ -   	EPOCH:  19	MiniBatch:    0
02/23/2021 09:37:51 - INFO - __main__ -   	EPOCH:  19	MiniBatch:   10
02/23/2021 09:38:01 - INFO - __main__ -   	EPOCH:  19	MiniBatch:   20
02/23/2021 09:38:01 - INFO - __main__ -   	Testing dev Minibatch:    0
02/23/2021 09:38:04 - INFO - __main__ -   
Labels 	Prec. 	Recall	F1    	Supp  
Denial 	0.3854	0.4669	0.4223	317
Support	0.3679	0.2826	0.3197	276
Comment	0.3333	0.3739	0.3525	230
Queries	0.0000	0.0000	0.0000	31
MacroF1	0.2736
F1w_avg	0.3550
Acc    	36.5

02/23/2021 09:38:04 - INFO - __main__ -   	EPOCH:  20	MiniBatch:    0
02/23/2021 09:38:14 - INFO - __main__ -   	EPOCH:  20	MiniBatch:   10
02/23/2021 09:38:25 - INFO - __main__ -   	EPOCH:  20	MiniBatch:   20
02/23/2021 09:38:25 - INFO - __main__ -   	Testing dev Minibatch:    0
02/23/2021 09:38:28 - INFO - __main__ -   
Labels 	Prec. 	Recall	F1    	Supp  
Denial 	0.4083	0.3722	0.3894	317
Support	0.3516	0.4638	0.4000	276
Comment	0.3284	0.2870	0.3063	230
Queries	0.0000	0.0000	0.0000	31
MacroF1	0.2739
F1w_avg	0.3563
Acc    	36.5

02/23/2021 09:38:28 - INFO - __main__ -   	EPOCH:  21	MiniBatch:    0
02/23/2021 09:38:38 - INFO - __main__ -   	EPOCH:  21	MiniBatch:   10
02/23/2021 09:38:48 - INFO - __main__ -   	EPOCH:  21	MiniBatch:   20
02/23/2021 09:38:49 - INFO - __main__ -   	Testing dev Minibatch:    0
02/23/2021 09:38:51 - INFO - __main__ -   
Labels 	Prec. 	Recall	F1    	Supp  
Denial 	0.3873	0.4826	0.4298	317
Support	0.3529	0.3478	0.3504	276
Comment	0.3209	0.2609	0.2878	230
Queries	0.0000	0.0000	0.0000	31
MacroF1	0.2670
F1w_avg	0.3503
Acc    	36.2

02/23/2021 09:38:51 - INFO - __main__ -   	EPOCH:  22	MiniBatch:    0
02/23/2021 09:39:02 - INFO - __main__ -   	EPOCH:  22	MiniBatch:   10
02/23/2021 09:39:12 - INFO - __main__ -   	EPOCH:  22	MiniBatch:   20
02/23/2021 09:39:13 - INFO - __main__ -   	Testing dev Minibatch:    0
02/23/2021 09:39:15 - INFO - __main__ -   
Labels 	Prec. 	Recall	F1    	Supp  
Denial 	0.4181	0.4511	0.4340	317
Support	0.3605	0.4167	0.3866	276
Comment	0.3212	0.2696	0.2931	230
Queries	0.0000	0.0000	0.0000	31
MacroF1	0.2784
F1w_avg	0.3650
Acc    	37.5

02/23/2021 09:39:15 - INFO - __main__ -   	EPOCH:  23	MiniBatch:    0
02/23/2021 09:39:26 - INFO - __main__ -   	EPOCH:  23	MiniBatch:   10
02/23/2021 09:39:36 - INFO - __main__ -   	EPOCH:  23	MiniBatch:   20
02/23/2021 09:39:36 - INFO - __main__ -   	Testing dev Minibatch:    0
02/23/2021 09:39:39 - INFO - __main__ -   
Labels 	Prec. 	Recall	F1    	Supp  
Denial 	0.4045	0.3943	0.3994	317
Support	0.3680	0.3587	0.3633	276
Comment	0.2971	0.3565	0.3241	230
Queries	0.0000	0.0000	0.0000	31
MacroF1	0.2717
F1w_avg	0.3529
Acc    	35.8

02/23/2021 09:39:39 - INFO - __main__ -   	EPOCH:  24	MiniBatch:    0
02/23/2021 09:39:50 - INFO - __main__ -   	EPOCH:  24	MiniBatch:   10
02/23/2021 09:40:00 - INFO - __main__ -   	EPOCH:  24	MiniBatch:   20
02/23/2021 09:40:00 - INFO - __main__ -   	Testing dev Minibatch:    0
02/23/2021 09:40:03 - INFO - __main__ -   
Labels 	Prec. 	Recall	F1    	Supp  
Denial 	0.4045	0.4543	0.4279	317
Support	0.3816	0.2101	0.2710	276
Comment	0.2977	0.4478	0.3576	230
Queries	0.0000	0.0000	0.0000	31
MacroF1	0.2642
F1w_avg	0.3428
Acc    	35.7

02/23/2021 09:40:03 - INFO - __main__ -   	EPOCH:  25	MiniBatch:    0
02/23/2021 09:40:13 - INFO - __main__ -   	EPOCH:  25	MiniBatch:   10
02/23/2021 09:40:24 - INFO - __main__ -   	EPOCH:  25	MiniBatch:   20
02/23/2021 09:40:24 - INFO - __main__ -   	Testing dev Minibatch:    0
02/23/2021 09:40:27 - INFO - __main__ -   
Labels 	Prec. 	Recall	F1    	Supp  
Denial 	0.4069	0.4826	0.4416	317
Support	0.3598	0.3116	0.3340	276
Comment	0.2971	0.3087	0.3028	230
Queries	0.0000	0.0000	0.0000	31
MacroF1	0.2696
F1w_avg	0.3534
Acc    	36.3

02/23/2021 09:40:27 - INFO - __main__ -   	EPOCH:  26	MiniBatch:    0
02/23/2021 09:40:37 - INFO - __main__ -   	EPOCH:  26	MiniBatch:   10
02/23/2021 09:40:48 - INFO - __main__ -   	EPOCH:  26	MiniBatch:   20
02/23/2021 09:40:48 - INFO - __main__ -   	Testing dev Minibatch:    0
02/23/2021 09:40:50 - INFO - __main__ -   
Labels 	Prec. 	Recall	F1    	Supp  
Denial 	0.4133	0.4890	0.4480	317
Support	0.3829	0.3080	0.3414	276
Comment	0.3346	0.3739	0.3532	230
Queries	0.0000	0.0000	0.0000	31
MacroF1	0.2856
F1w_avg	0.3717
Acc    	38.2

02/23/2021 09:40:51 - INFO - __main__ -   	EPOCH:  27	MiniBatch:    0
02/23/2021 09:41:01 - INFO - __main__ -   	EPOCH:  27	MiniBatch:   10
02/23/2021 09:41:11 - INFO - __main__ -   	EPOCH:  27	MiniBatch:   20
02/23/2021 09:41:12 - INFO - __main__ -   	Testing dev Minibatch:    0
02/23/2021 09:41:14 - INFO - __main__ -   
Labels 	Prec. 	Recall	F1    	Supp  
Denial 	0.3777	0.5016	0.4309	317
Support	0.3671	0.2754	0.3147	276
Comment	0.3230	0.3174	0.3202	230
Queries	0.0000	0.0000	0.0000	31
MacroF1	0.2664
F1w_avg	0.3479
Acc    	36.1

02/23/2021 09:41:14 - INFO - __main__ -   	EPOCH:  28	MiniBatch:    0
02/23/2021 09:41:25 - INFO - __main__ -   	EPOCH:  28	MiniBatch:   10
02/23/2021 09:41:35 - INFO - __main__ -   	EPOCH:  28	MiniBatch:   20
02/23/2021 09:41:35 - INFO - __main__ -   	Testing dev Minibatch:    0
02/23/2021 09:41:38 - INFO - __main__ -   
Labels 	Prec. 	Recall	F1    	Supp  
Denial 	0.3906	0.5521	0.4575	317
Support	0.3576	0.1957	0.2529	276
Comment	0.3176	0.3522	0.3340	230
Queries	0.0000	0.0000	0.0000	31
MacroF1	0.2611
F1w_avg	0.3415
Acc    	36.3

02/23/2021 09:41:38 - INFO - __main__ -   	EPOCH:  29	MiniBatch:    0
02/23/2021 09:41:49 - INFO - __main__ -   	EPOCH:  29	MiniBatch:   10
02/23/2021 09:41:59 - INFO - __main__ -   	EPOCH:  29	MiniBatch:   20
02/23/2021 09:41:59 - INFO - __main__ -   	Testing dev Minibatch:    0
02/23/2021 09:42:02 - INFO - __main__ -   
Labels 	Prec. 	Recall	F1    	Supp  
Denial 	0.3991	0.5363	0.4576	317
Support	0.3695	0.2717	0.3132	276
Comment	0.3156	0.3087	0.3121	230
Queries	0.0000	0.0000	0.0000	31
MacroF1	0.2707
F1w_avg	0.3551
Acc    	37.0

02/23/2021 09:42:02 - INFO - __main__ -   	EPOCH:  30	MiniBatch:    0
02/23/2021 09:42:12 - INFO - __main__ -   	EPOCH:  30	MiniBatch:   10
02/23/2021 09:42:23 - INFO - __main__ -   	EPOCH:  30	MiniBatch:   20
02/23/2021 09:42:23 - INFO - __main__ -   	Testing dev Minibatch:    0
02/23/2021 09:42:26 - INFO - __main__ -   
Labels 	Prec. 	Recall	F1    	Supp  
Denial 	0.4306	0.3817	0.4047	317
Support	0.3604	0.5942	0.4487	276
Comment	0.3534	0.1783	0.2370	230
Queries	0.5000	0.0323	0.0606	31
MacroF1	0.2877
F1w_avg	0.3613
Acc    	38.3

02/23/2021 09:42:27 - INFO - __main__ -   	EPOCH:  31	MiniBatch:    0
02/23/2021 09:42:37 - INFO - __main__ -   	EPOCH:  31	MiniBatch:   10
02/23/2021 09:42:48 - INFO - __main__ -   	EPOCH:  31	MiniBatch:   20
02/23/2021 09:42:48 - INFO - __main__ -   	Testing dev Minibatch:    0
02/23/2021 09:42:51 - INFO - __main__ -   
Labels 	Prec. 	Recall	F1    	Supp  
Denial 	0.4087	0.6498	0.5018	317
Support	0.3924	0.3370	0.3626	276
Comment	0.3363	0.1652	0.2216	230
Queries	0.0000	0.0000	0.0000	31
MacroF1	0.2715
F1w_avg	0.3631
Acc    	39.5

02/23/2021 09:42:51 - INFO - __main__ -   	EPOCH:  32	MiniBatch:    0
02/23/2021 09:43:01 - INFO - __main__ -   	EPOCH:  32	MiniBatch:   10
02/23/2021 09:43:12 - INFO - __main__ -   	EPOCH:  32	MiniBatch:   20
02/23/2021 09:43:12 - INFO - __main__ -   	Testing dev Minibatch:    0
02/23/2021 09:43:15 - INFO - __main__ -   
Labels 	Prec. 	Recall	F1    	Supp  
Denial 	0.4300	0.5521	0.4834	317
Support	0.3856	0.4275	0.4055	276
Comment	0.3050	0.1870	0.2318	230
Queries	0.0000	0.0000	0.0000	31
MacroF1	0.2802
F1w_avg	0.3729
Acc    	39.3

02/23/2021 09:43:15 - INFO - __main__ -   	EPOCH:  33	MiniBatch:    0
02/23/2021 09:43:25 - INFO - __main__ -   	EPOCH:  33	MiniBatch:   10
02/23/2021 09:43:35 - INFO - __main__ -   	EPOCH:  33	MiniBatch:   20
02/23/2021 09:43:36 - INFO - __main__ -   	Testing dev Minibatch:    0
02/23/2021 09:43:38 - INFO - __main__ -   
Labels 	Prec. 	Recall	F1    	Supp  
Denial 	0.3974	0.4826	0.4359	317
Support	0.3667	0.2790	0.3169	276
Comment	0.3101	0.3478	0.3279	230
Queries	0.0000	0.0000	0.0000	31
MacroF1	0.2702
F1w_avg	0.3525
Acc    	36.3

02/23/2021 09:43:38 - INFO - __main__ -   	EPOCH:  34	MiniBatch:    0
02/23/2021 09:43:49 - INFO - __main__ -   	EPOCH:  34	MiniBatch:   10
02/23/2021 09:43:59 - INFO - __main__ -   	EPOCH:  34	MiniBatch:   20
02/23/2021 09:44:00 - INFO - __main__ -   	Testing dev Minibatch:    0
02/23/2021 09:44:02 - INFO - __main__ -   
Labels 	Prec. 	Recall	F1    	Supp  
Denial 	0.4157	0.5678	0.4800	317
Support	0.3589	0.2717	0.3093	276
Comment	0.3134	0.2739	0.2923	230
Queries	0.0909	0.0323	0.0476	31
MacroF1	0.2823
F1w_avg	0.3586
Acc    	37.4

02/23/2021 09:44:02 - INFO - __main__ -   	EPOCH:  35	MiniBatch:    0
02/23/2021 09:44:13 - INFO - __main__ -   	EPOCH:  35	MiniBatch:   10
02/23/2021 09:44:23 - INFO - __main__ -   	EPOCH:  35	MiniBatch:   20
02/23/2021 09:44:23 - INFO - __main__ -   	Testing dev Minibatch:    0
02/23/2021 09:44:26 - INFO - __main__ -   
Labels 	Prec. 	Recall	F1    	Supp  
Denial 	0.4342	0.4890	0.4599	317
Support	0.3864	0.4130	0.3993	276
Comment	0.3297	0.2652	0.2940	230
Queries	0.1765	0.0968	0.1250	31
MacroF1	0.3196
F1w_avg	0.3835
Acc    	39.0

02/23/2021 09:44:27 - INFO - __main__ -   	EPOCH:  36	MiniBatch:    0
02/23/2021 09:44:38 - INFO - __main__ -   	EPOCH:  36	MiniBatch:   10
02/23/2021 09:44:48 - INFO - __main__ -   	EPOCH:  36	MiniBatch:   20
02/23/2021 09:44:48 - INFO - __main__ -   	Testing dev Minibatch:    0
02/23/2021 09:44:51 - INFO - __main__ -   
Labels 	Prec. 	Recall	F1    	Supp  
Denial 	0.4100	0.5962	0.4859	317
Support	0.3902	0.2899	0.3326	276
Comment	0.3077	0.2435	0.2718	230
Queries	0.1667	0.0323	0.0541	31
MacroF1	0.2861
F1w_avg	0.3630
Acc    	38.2

02/23/2021 09:44:51 - INFO - __main__ -   	EPOCH:  37	MiniBatch:    0
02/23/2021 09:45:01 - INFO - __main__ -   	EPOCH:  37	MiniBatch:   10
02/23/2021 09:45:12 - INFO - __main__ -   	EPOCH:  37	MiniBatch:   20
02/23/2021 09:45:12 - INFO - __main__ -   	Testing dev Minibatch:    0
02/23/2021 09:45:15 - INFO - __main__ -   
Labels 	Prec. 	Recall	F1    	Supp  
Denial 	0.4254	0.4227	0.4241	317
Support	0.3982	0.3261	0.3586	276
Comment	0.2867	0.3478	0.3143	230
Queries	0.0882	0.0968	0.0923	31
MacroF1	0.2973
F1w_avg	0.3613
Acc    	35.9

02/23/2021 09:45:15 - INFO - __main__ -   	EPOCH:  38	MiniBatch:    0
02/23/2021 09:45:25 - INFO - __main__ -   	EPOCH:  38	MiniBatch:   10
02/23/2021 09:45:36 - INFO - __main__ -   	EPOCH:  38	MiniBatch:   20
02/23/2021 09:45:36 - INFO - __main__ -   	Testing dev Minibatch:    0
02/23/2021 09:45:39 - INFO - __main__ -   
Labels 	Prec. 	Recall	F1    	Supp  
Denial 	0.3953	0.5836	0.4713	317
Support	0.3803	0.2935	0.3313	276
Comment	0.3148	0.2217	0.2602	230
Queries	0.0909	0.0323	0.0476	31
MacroF1	0.2776
F1w_avg	0.3538
Acc    	37.2

02/23/2021 09:45:39 - INFO - __main__ -   	EPOCH:  39	MiniBatch:    0
02/23/2021 09:45:49 - INFO - __main__ -   	EPOCH:  39	MiniBatch:   10
02/23/2021 09:45:59 - INFO - __main__ -   	EPOCH:  39	MiniBatch:   20
02/23/2021 09:46:00 - INFO - __main__ -   	Testing dev Minibatch:    0
02/23/2021 09:46:02 - INFO - __main__ -   
Labels 	Prec. 	Recall	F1    	Supp  
Denial 	0.3962	0.4574	0.4246	317
Support	0.3869	0.2355	0.2928	276
Comment	0.3000	0.3783	0.3346	230
Queries	0.0667	0.0645	0.0656	31
MacroF1	0.2794
F1w_avg	0.3447
Acc    	35.0

02/23/2021 09:46:03 - INFO - __main__ -   	Testing test Minibatch:    0
02/23/2021 09:46:06 - INFO - __main__ -   
Labels 	Prec. 	Recall	F1    	Supp  
Denial 	0.4255	0.5128	0.4651	312
Support	0.3927	0.4235	0.4075	281
Comment	0.3519	0.2436	0.2879	234
Queries	0.0769	0.0370	0.0500	27
MacroF1	0.3026
F1w_avg	0.3845
Acc    	39.5

02/23/2021 09:46:06 - INFO - __main__ -   Time taken: 0h 16m 10s
