02/23/2021 09:46:08 - INFO - __main__ -   ----------------- Hyperparameters ------------------
02/23/2021 09:46:08 - INFO - __main__ -   ======== my_modelE0 =========
02/23/2021 09:46:08 - INFO - __main__ -   ===== Hyperparameters ======
02/23/2021 09:46:08 - INFO - __main__ -   batch_train: 128
02/23/2021 09:46:08 - INFO - __main__ -   batch_test:  128
02/23/2021 09:46:08 - INFO - __main__ -   epochs: 40 
02/23/2021 09:46:08 - INFO - __main__ -   learning_rate: 0.000010
02/23/2021 09:46:08 - INFO - __main__ -   optimizer: adam
02/23/2021 09:46:08 - INFO - __main__ -   debug: False
02/23/2021 09:46:08 - INFO - __main__ -   ------------------ Getting model -------------------
02/23/2021 09:46:14 - INFO - __main__ -   loading pretrained model file ./log_files/saved_models/pretrain02_my_modelE0.bin
02/23/2021 09:46:15 - INFO - __main__ -   --------------- Getting dataframes -----------------
02/23/2021 09:46:15 - INFO - __main__ -   ------- Setting loss function and optimizer --------
02/23/2021 09:46:15 - INFO - __main__ -   ------------ Converting to dataloaders -------------
02/23/2021 09:46:15 - INFO - __main__ -   ---------------- Starting training -----------------
02/23/2021 09:46:15 - INFO - __main__ -   	EPOCH:   0	MiniBatch:    0
02/23/2021 09:46:28 - INFO - __main__ -   	EPOCH:   0	MiniBatch:   10
02/23/2021 09:46:38 - INFO - __main__ -   	EPOCH:   0	MiniBatch:   20
02/23/2021 09:46:38 - INFO - __main__ -   	Testing dev Minibatch:    0
02/23/2021 09:46:41 - INFO - __main__ -   
Labels 	Prec. 	Recall	F1    	Supp  
Denial 	0.3691	0.9874	0.5373	317
Support	0.0000	0.0000	0.0000	276
Comment	0.1667	0.0043	0.0085	230
Queries	0.0000	0.0000	0.0000	31
MacroF1	0.1365
F1w_avg	0.2017
Acc    	36.8

02/23/2021 09:46:42 - INFO - __main__ -   	EPOCH:   1	MiniBatch:    0
02/23/2021 09:46:52 - INFO - __main__ -   	EPOCH:   1	MiniBatch:   10
02/23/2021 09:47:02 - INFO - __main__ -   	EPOCH:   1	MiniBatch:   20
02/23/2021 09:47:03 - INFO - __main__ -   	Testing dev Minibatch:    0
02/23/2021 09:47:05 - INFO - __main__ -   
Labels 	Prec. 	Recall	F1    	Supp  
Denial 	0.3599	0.3281	0.3432	317
Support	0.3763	0.2645	0.3106	276
Comment	0.3288	0.5304	0.4060	230
Queries	0.0000	0.0000	0.0000	31
MacroF1	0.2650
F1w_avg	0.3371
Acc    	35.0

02/23/2021 09:47:07 - INFO - __main__ -   	EPOCH:   2	MiniBatch:    0
02/23/2021 09:47:17 - INFO - __main__ -   	EPOCH:   2	MiniBatch:   10
02/23/2021 09:47:27 - INFO - __main__ -   	EPOCH:   2	MiniBatch:   20
02/23/2021 09:47:28 - INFO - __main__ -   	Testing dev Minibatch:    0
02/23/2021 09:47:30 - INFO - __main__ -   
Labels 	Prec. 	Recall	F1    	Supp  
Denial 	0.3969	0.2429	0.3014	317
Support	0.3897	0.4094	0.3993	276
Comment	0.3297	0.5304	0.4067	230
Queries	0.0000	0.0000	0.0000	31
MacroF1	0.2768
F1w_avg	0.3504
Acc    	36.5

02/23/2021 09:47:32 - INFO - __main__ -   	EPOCH:   3	MiniBatch:    0
02/23/2021 09:47:42 - INFO - __main__ -   	EPOCH:   3	MiniBatch:   10
02/23/2021 09:47:53 - INFO - __main__ -   	EPOCH:   3	MiniBatch:   20
02/23/2021 09:47:53 - INFO - __main__ -   	Testing dev Minibatch:    0
02/23/2021 09:47:56 - INFO - __main__ -   
Labels 	Prec. 	Recall	F1    	Supp  
Denial 	0.3733	0.9716	0.5394	317
Support	0.5517	0.0580	0.1049	276
Comment	0.0000	0.0000	0.0000	230
Queries	0.0000	0.0000	0.0000	31
MacroF1	0.1611
F1w_avg	0.2341
Acc    	37.9

02/23/2021 09:47:56 - INFO - __main__ -   	EPOCH:   4	MiniBatch:    0
02/23/2021 09:48:06 - INFO - __main__ -   	EPOCH:   4	MiniBatch:   10
02/23/2021 09:48:16 - INFO - __main__ -   	EPOCH:   4	MiniBatch:   20
02/23/2021 09:48:17 - INFO - __main__ -   	Testing dev Minibatch:    0
02/23/2021 09:48:19 - INFO - __main__ -   
Labels 	Prec. 	Recall	F1    	Supp  
Denial 	0.3846	0.5047	0.4366	317
Support	0.4444	0.1449	0.2186	276
Comment	0.3247	0.4913	0.3910	230
Queries	0.0000	0.0000	0.0000	31
MacroF1	0.2615
F1w_avg	0.3380
Acc    	36.7

02/23/2021 09:48:20 - INFO - __main__ -   	EPOCH:   5	MiniBatch:    0
02/23/2021 09:48:30 - INFO - __main__ -   	EPOCH:   5	MiniBatch:   10
02/23/2021 09:48:40 - INFO - __main__ -   	EPOCH:   5	MiniBatch:   20
02/23/2021 09:48:41 - INFO - __main__ -   	Testing dev Minibatch:    0
02/23/2021 09:48:43 - INFO - __main__ -   
Labels 	Prec. 	Recall	F1    	Supp  
Denial 	0.4118	0.1104	0.1741	317
Support	0.3812	0.2500	0.3020	276
Comment	0.2976	0.7609	0.4279	230
Queries	0.0000	0.0000	0.0000	31
MacroF1	0.2260
F1w_avg	0.2775
Acc    	32.7

02/23/2021 09:48:44 - INFO - __main__ -   	EPOCH:   6	MiniBatch:    0
02/23/2021 09:48:54 - INFO - __main__ -   	EPOCH:   6	MiniBatch:   10
02/23/2021 09:49:04 - INFO - __main__ -   	EPOCH:   6	MiniBatch:   20
02/23/2021 09:49:05 - INFO - __main__ -   	Testing dev Minibatch:    0
02/23/2021 09:49:07 - INFO - __main__ -   
Labels 	Prec. 	Recall	F1    	Supp  
Denial 	0.3844	0.8233	0.5241	317
Support	0.4229	0.2681	0.3282	276
Comment	0.0000	0.0000	0.0000	230
Queries	0.0000	0.0000	0.0000	31
MacroF1	0.2131
F1w_avg	0.3006
Acc    	39.2

02/23/2021 09:49:08 - INFO - __main__ -   	EPOCH:   7	MiniBatch:    0
02/23/2021 09:49:18 - INFO - __main__ -   	EPOCH:   7	MiniBatch:   10
02/23/2021 09:49:28 - INFO - __main__ -   	EPOCH:   7	MiniBatch:   20
02/23/2021 09:49:29 - INFO - __main__ -   	Testing dev Minibatch:    0
02/23/2021 09:49:31 - INFO - __main__ -   
Labels 	Prec. 	Recall	F1    	Supp  
Denial 	0.3790	0.5237	0.4397	317
Support	0.4268	0.1268	0.1955	276
Comment	0.3383	0.4913	0.4007	230
Queries	0.0000	0.0000	0.0000	31
MacroF1	0.2590
F1w_avg	0.3343
Acc    	36.8

02/23/2021 09:49:32 - INFO - __main__ -   	EPOCH:   8	MiniBatch:    0
02/23/2021 09:49:42 - INFO - __main__ -   	EPOCH:   8	MiniBatch:   10
02/23/2021 09:49:52 - INFO - __main__ -   	EPOCH:   8	MiniBatch:   20
02/23/2021 09:49:53 - INFO - __main__ -   	Testing dev Minibatch:    0
02/23/2021 09:49:55 - INFO - __main__ -   
Labels 	Prec. 	Recall	F1    	Supp  
Denial 	0.4018	0.4196	0.4105	317
Support	0.3850	0.2971	0.3354	276
Comment	0.3355	0.4522	0.3852	230
Queries	0.0000	0.0000	0.0000	31
MacroF1	0.2828
F1w_avg	0.3645
Acc    	37.4

02/23/2021 09:49:57 - INFO - __main__ -   	EPOCH:   9	MiniBatch:    0
02/23/2021 09:50:07 - INFO - __main__ -   	EPOCH:   9	MiniBatch:   10
02/23/2021 09:50:17 - INFO - __main__ -   	EPOCH:   9	MiniBatch:   20
02/23/2021 09:50:18 - INFO - __main__ -   	Testing dev Minibatch:    0
02/23/2021 09:50:20 - INFO - __main__ -   
Labels 	Prec. 	Recall	F1    	Supp  
Denial 	0.3800	0.9243	0.5386	317
Support	0.4096	0.1232	0.1894	276
Comment	0.0000	0.0000	0.0000	230
Queries	0.0000	0.0000	0.0000	31
MacroF1	0.1820
F1w_avg	0.2611
Acc    	38.3

02/23/2021 09:50:21 - INFO - __main__ -   	EPOCH:  10	MiniBatch:    0
02/23/2021 09:50:31 - INFO - __main__ -   	EPOCH:  10	MiniBatch:   10
02/23/2021 09:50:41 - INFO - __main__ -   	EPOCH:  10	MiniBatch:   20
02/23/2021 09:50:42 - INFO - __main__ -   	Testing dev Minibatch:    0
02/23/2021 09:50:44 - INFO - __main__ -   
Labels 	Prec. 	Recall	F1    	Supp  
Denial 	0.3831	0.3565	0.3693	317
Support	0.3863	0.3261	0.3536	276
Comment	0.3436	0.4870	0.4029	230
Queries	0.0000	0.0000	0.0000	31
MacroF1	0.2814
F1w_avg	0.3599
Acc    	36.9

02/23/2021 09:50:45 - INFO - __main__ -   	EPOCH:  11	MiniBatch:    0
02/23/2021 09:50:55 - INFO - __main__ -   	EPOCH:  11	MiniBatch:   10
02/23/2021 09:51:05 - INFO - __main__ -   	EPOCH:  11	MiniBatch:   20
02/23/2021 09:51:06 - INFO - __main__ -   	Testing dev Minibatch:    0
02/23/2021 09:51:08 - INFO - __main__ -   
Labels 	Prec. 	Recall	F1    	Supp  
Denial 	0.3971	0.2555	0.3109	317
Support	0.3610	0.5036	0.4206	276
Comment	0.3132	0.3609	0.3354	230
Queries	0.0000	0.0000	0.0000	31
MacroF1	0.2667
F1w_avg	0.3417
Acc    	35.5

02/23/2021 09:51:09 - INFO - __main__ -   	EPOCH:  12	MiniBatch:    0
02/23/2021 09:51:19 - INFO - __main__ -   	EPOCH:  12	MiniBatch:   10
02/23/2021 09:51:29 - INFO - __main__ -   	EPOCH:  12	MiniBatch:   20
02/23/2021 09:51:30 - INFO - __main__ -   	Testing dev Minibatch:    0
02/23/2021 09:51:32 - INFO - __main__ -   
Labels 	Prec. 	Recall	F1    	Supp  
Denial 	0.3871	0.4921	0.4333	317
Support	0.3684	0.2283	0.2819	276
Comment	0.3536	0.4304	0.3882	230
Queries	0.0000	0.0000	0.0000	31
MacroF1	0.2759
F1w_avg	0.3565
Acc    	37.2

02/23/2021 09:51:33 - INFO - __main__ -   	EPOCH:  13	MiniBatch:    0
02/23/2021 09:51:43 - INFO - __main__ -   	EPOCH:  13	MiniBatch:   10
02/23/2021 09:51:53 - INFO - __main__ -   	EPOCH:  13	MiniBatch:   20
02/23/2021 09:51:54 - INFO - __main__ -   	Testing dev Minibatch:    0
02/23/2021 09:51:56 - INFO - __main__ -   
Labels 	Prec. 	Recall	F1    	Supp  
Denial 	0.3851	0.4227	0.4030	317
Support	0.3683	0.4203	0.3926	276
Comment	0.3194	0.2652	0.2898	230
Queries	0.0000	0.0000	0.0000	31
MacroF1	0.2713
F1w_avg	0.3545
Acc    	36.4

02/23/2021 09:51:56 - INFO - __main__ -   	EPOCH:  14	MiniBatch:    0
02/23/2021 09:52:07 - INFO - __main__ -   	EPOCH:  14	MiniBatch:   10
02/23/2021 09:52:17 - INFO - __main__ -   	EPOCH:  14	MiniBatch:   20
02/23/2021 09:52:18 - INFO - __main__ -   	Testing dev Minibatch:    0
02/23/2021 09:52:20 - INFO - __main__ -   
Labels 	Prec. 	Recall	F1    	Supp  
Denial 	0.3923	0.4196	0.4055	317
Support	0.3833	0.3152	0.3459	276
Comment	0.3090	0.3870	0.3436	230
Queries	0.0000	0.0000	0.0000	31
MacroF1	0.2738
F1w_avg	0.3549
Acc    	36.2

02/23/2021 09:52:20 - INFO - __main__ -   	EPOCH:  15	MiniBatch:    0
02/23/2021 09:52:31 - INFO - __main__ -   	EPOCH:  15	MiniBatch:   10
02/23/2021 09:52:41 - INFO - __main__ -   	EPOCH:  15	MiniBatch:   20
02/23/2021 09:52:41 - INFO - __main__ -   	Testing dev Minibatch:    0
02/23/2021 09:52:44 - INFO - __main__ -   
Labels 	Prec. 	Recall	F1    	Supp  
Denial 	0.3857	0.3565	0.3705	317
Support	0.3700	0.3043	0.3340	276
Comment	0.2814	0.4087	0.3333	230
Queries	0.0000	0.0000	0.0000	31
MacroF1	0.2595
F1w_avg	0.3352
Acc    	34.1

02/23/2021 09:52:44 - INFO - __main__ -   	EPOCH:  16	MiniBatch:    0
02/23/2021 09:52:55 - INFO - __main__ -   	EPOCH:  16	MiniBatch:   10
02/23/2021 09:53:05 - INFO - __main__ -   	EPOCH:  16	MiniBatch:   20
02/23/2021 09:53:05 - INFO - __main__ -   	Testing dev Minibatch:    0
02/23/2021 09:53:08 - INFO - __main__ -   
Labels 	Prec. 	Recall	F1    	Supp  
Denial 	0.3907	0.7445	0.5125	317
Support	0.3542	0.1848	0.2429	276
Comment	0.3429	0.1565	0.2149	230
Queries	0.0000	0.0000	0.0000	31
MacroF1	0.2426
F1w_avg	0.3266
Acc    	37.8

02/23/2021 09:53:08 - INFO - __main__ -   	EPOCH:  17	MiniBatch:    0
02/23/2021 09:53:19 - INFO - __main__ -   	EPOCH:  17	MiniBatch:   10
02/23/2021 09:53:29 - INFO - __main__ -   	EPOCH:  17	MiniBatch:   20
02/23/2021 09:53:29 - INFO - __main__ -   	Testing dev Minibatch:    0
02/23/2021 09:53:32 - INFO - __main__ -   
Labels 	Prec. 	Recall	F1    	Supp  
Denial 	0.3780	0.3028	0.3363	317
Support	0.3916	0.2355	0.2941	276
Comment	0.2841	0.5348	0.3710	230
Queries	0.0000	0.0000	0.0000	31
MacroF1	0.2504
F1w_avg	0.3198
Acc    	33.3

02/23/2021 09:53:32 - INFO - __main__ -   	EPOCH:  18	MiniBatch:    0
02/23/2021 09:53:43 - INFO - __main__ -   	EPOCH:  18	MiniBatch:   10
02/23/2021 09:53:53 - INFO - __main__ -   	EPOCH:  18	MiniBatch:   20
02/23/2021 09:53:53 - INFO - __main__ -   	Testing dev Minibatch:    0
02/23/2021 09:53:56 - INFO - __main__ -   
Labels 	Prec. 	Recall	F1    	Supp  
Denial 	0.3715	0.4196	0.3941	317
Support	0.3538	0.2500	0.2930	276
Comment	0.2791	0.3652	0.3164	230
Queries	0.0000	0.0000	0.0000	31
MacroF1	0.2509
F1w_avg	0.3262
Acc    	33.5

02/23/2021 09:53:56 - INFO - __main__ -   	EPOCH:  19	MiniBatch:    0
02/23/2021 09:54:07 - INFO - __main__ -   	EPOCH:  19	MiniBatch:   10
02/23/2021 09:54:17 - INFO - __main__ -   	EPOCH:  19	MiniBatch:   20
02/23/2021 09:54:17 - INFO - __main__ -   	Testing dev Minibatch:    0
02/23/2021 09:54:20 - INFO - __main__ -   
Labels 	Prec. 	Recall	F1    	Supp  
Denial 	0.3878	0.4196	0.4030	317
Support	0.3551	0.1377	0.1984	276
Comment	0.2804	0.4913	0.3570	230
Queries	0.0000	0.0000	0.0000	31
MacroF1	0.2396
F1w_avg	0.3099
Acc    	33.3

02/23/2021 09:54:20 - INFO - __main__ -   	EPOCH:  20	MiniBatch:    0
02/23/2021 09:54:31 - INFO - __main__ -   	EPOCH:  20	MiniBatch:   10
02/23/2021 09:54:41 - INFO - __main__ -   	EPOCH:  20	MiniBatch:   20
02/23/2021 09:54:41 - INFO - __main__ -   	Testing dev Minibatch:    0
02/23/2021 09:54:44 - INFO - __main__ -   
Labels 	Prec. 	Recall	F1    	Supp  
Denial 	0.3796	0.3880	0.3838	317
Support	0.3333	0.2971	0.3142	276
Comment	0.2989	0.3652	0.3288	230
Queries	0.0000	0.0000	0.0000	31
MacroF1	0.2567
F1w_avg	0.3325
Acc    	33.8

02/23/2021 09:54:44 - INFO - __main__ -   	EPOCH:  21	MiniBatch:    0
02/23/2021 09:54:54 - INFO - __main__ -   	EPOCH:  21	MiniBatch:   10
02/23/2021 09:55:05 - INFO - __main__ -   	EPOCH:  21	MiniBatch:   20
02/23/2021 09:55:05 - INFO - __main__ -   	Testing dev Minibatch:    0
02/23/2021 09:55:08 - INFO - __main__ -   
Labels 	Prec. 	Recall	F1    	Supp  
Denial 	0.3990	0.4921	0.4407	317
Support	0.3513	0.4493	0.3943	276
Comment	0.3028	0.1435	0.1947	230
Queries	0.0000	0.0000	0.0000	31
MacroF1	0.2574
F1w_avg	0.3434
Acc    	36.7

02/23/2021 09:55:08 - INFO - __main__ -   	EPOCH:  22	MiniBatch:    0
02/23/2021 09:55:18 - INFO - __main__ -   	EPOCH:  22	MiniBatch:   10
02/23/2021 09:55:29 - INFO - __main__ -   	EPOCH:  22	MiniBatch:   20
02/23/2021 09:55:29 - INFO - __main__ -   	Testing dev Minibatch:    0
02/23/2021 09:55:32 - INFO - __main__ -   
Labels 	Prec. 	Recall	F1    	Supp  
Denial 	0.3643	0.2965	0.3270	317
Support	0.3477	0.3514	0.3495	276
Comment	0.2911	0.4000	0.3370	230
Queries	0.0000	0.0000	0.0000	31
MacroF1	0.2534
F1w_avg	0.3251
Acc    	33.1

02/23/2021 09:55:32 - INFO - __main__ -   	EPOCH:  23	MiniBatch:    0
02/23/2021 09:55:42 - INFO - __main__ -   	EPOCH:  23	MiniBatch:   10
02/23/2021 09:55:53 - INFO - __main__ -   	EPOCH:  23	MiniBatch:   20
02/23/2021 09:55:53 - INFO - __main__ -   	Testing dev Minibatch:    0
02/23/2021 09:55:56 - INFO - __main__ -   
Labels 	Prec. 	Recall	F1    	Supp  
Denial 	0.3878	0.3596	0.3732	317
Support	0.3457	0.3370	0.3413	276
Comment	0.2680	0.3391	0.2994	230
Queries	0.0000	0.0000	0.0000	31
MacroF1	0.2535
F1w_avg	0.3295
Acc    	33.4

02/23/2021 09:55:56 - INFO - __main__ -   	EPOCH:  24	MiniBatch:    0
02/23/2021 09:56:06 - INFO - __main__ -   	EPOCH:  24	MiniBatch:   10
02/23/2021 09:56:17 - INFO - __main__ -   	EPOCH:  24	MiniBatch:   20
02/23/2021 09:56:17 - INFO - __main__ -   	Testing dev Minibatch:    0
02/23/2021 09:56:20 - INFO - __main__ -   
Labels 	Prec. 	Recall	F1    	Supp  
Denial 	0.3921	0.4069	0.3994	317
Support	0.3606	0.3514	0.3560	276
Comment	0.2283	0.2522	0.2397	230
Queries	0.0000	0.0000	0.0000	31
MacroF1	0.2488
F1w_avg	0.3278
Acc    	33.3

02/23/2021 09:56:20 - INFO - __main__ -   	EPOCH:  25	MiniBatch:    0
02/23/2021 09:56:30 - INFO - __main__ -   	EPOCH:  25	MiniBatch:   10
02/23/2021 09:56:41 - INFO - __main__ -   	EPOCH:  25	MiniBatch:   20
02/23/2021 09:56:41 - INFO - __main__ -   	Testing dev Minibatch:    0
02/23/2021 09:56:44 - INFO - __main__ -   
Labels 	Prec. 	Recall	F1    	Supp  
Denial 	0.4018	0.2839	0.3327	317
Support	0.3571	0.4529	0.3994	276
Comment	0.2935	0.3522	0.3202	230
Queries	0.0000	0.0000	0.0000	31
MacroF1	0.2631
F1w_avg	0.3388
Acc    	34.7

02/23/2021 09:56:44 - INFO - __main__ -   	EPOCH:  26	MiniBatch:    0
02/23/2021 09:56:54 - INFO - __main__ -   	EPOCH:  26	MiniBatch:   10
02/23/2021 09:57:05 - INFO - __main__ -   	EPOCH:  26	MiniBatch:   20
02/23/2021 09:57:05 - INFO - __main__ -   	Testing dev Minibatch:    0
02/23/2021 09:57:08 - INFO - __main__ -   
Labels 	Prec. 	Recall	F1    	Supp  
Denial 	0.3870	0.5457	0.4529	317
Support	0.3196	0.2536	0.2828	276
Comment	0.2857	0.2261	0.2524	230
Queries	0.3333	0.0645	0.1081	31
MacroF1	0.2741
F1w_avg	0.3314
Acc    	34.8

02/23/2021 09:57:08 - INFO - __main__ -   	EPOCH:  27	MiniBatch:    0
02/23/2021 09:57:18 - INFO - __main__ -   	EPOCH:  27	MiniBatch:   10
02/23/2021 09:57:29 - INFO - __main__ -   	EPOCH:  27	MiniBatch:   20
02/23/2021 09:57:29 - INFO - __main__ -   	Testing dev Minibatch:    0
02/23/2021 09:57:32 - INFO - __main__ -   
Labels 	Prec. 	Recall	F1    	Supp  
Denial 	0.3706	0.2303	0.2840	317
Support	0.3567	0.4239	0.3874	276
Comment	0.2827	0.4043	0.3327	230
Queries	0.0000	0.0000	0.0000	31
MacroF1	0.2511
F1w_avg	0.3203
Acc    	33.1

02/23/2021 09:57:32 - INFO - __main__ -   	EPOCH:  28	MiniBatch:    0
02/23/2021 09:57:42 - INFO - __main__ -   	EPOCH:  28	MiniBatch:   10
02/23/2021 09:57:53 - INFO - __main__ -   	EPOCH:  28	MiniBatch:   20
02/23/2021 09:57:53 - INFO - __main__ -   	Testing dev Minibatch:    0
02/23/2021 09:57:55 - INFO - __main__ -   
Labels 	Prec. 	Recall	F1    	Supp  
Denial 	0.3889	0.4196	0.4036	317
Support	0.3600	0.3587	0.3593	276
Comment	0.2881	0.2957	0.2918	230
Queries	0.0000	0.0000	0.0000	31
MacroF1	0.2637
F1w_avg	0.3446
Acc    	35.1

02/23/2021 09:57:56 - INFO - __main__ -   	EPOCH:  29	MiniBatch:    0
02/23/2021 09:58:06 - INFO - __main__ -   	EPOCH:  29	MiniBatch:   10
02/23/2021 09:58:16 - INFO - __main__ -   	EPOCH:  29	MiniBatch:   20
02/23/2021 09:58:17 - INFO - __main__ -   	Testing dev Minibatch:    0
02/23/2021 09:58:19 - INFO - __main__ -   
Labels 	Prec. 	Recall	F1    	Supp  
Denial 	0.4000	0.5047	0.4463	317
Support	0.3556	0.2899	0.3194	276
Comment	0.2838	0.2739	0.2788	230
Queries	0.2857	0.0645	0.1053	31
MacroF1	0.2874
F1w_avg	0.3478
Acc    	35.7

02/23/2021 09:58:21 - INFO - __main__ -   	EPOCH:  30	MiniBatch:    0
02/23/2021 09:58:31 - INFO - __main__ -   	EPOCH:  30	MiniBatch:   10
02/23/2021 09:58:42 - INFO - __main__ -   	EPOCH:  30	MiniBatch:   20
02/23/2021 09:58:42 - INFO - __main__ -   	Testing dev Minibatch:    0
02/23/2021 09:58:45 - INFO - __main__ -   
Labels 	Prec. 	Recall	F1    	Supp  
Denial 	0.4286	0.3028	0.3549	317
Support	0.3455	0.6522	0.4517	276
Comment	0.2752	0.1304	0.1770	230
Queries	0.0000	0.0000	0.0000	31
MacroF1	0.2459
F1w_avg	0.3254
Acc    	35.8

02/23/2021 09:58:45 - INFO - __main__ -   	EPOCH:  31	MiniBatch:    0
02/23/2021 09:58:55 - INFO - __main__ -   	EPOCH:  31	MiniBatch:   10
02/23/2021 09:59:06 - INFO - __main__ -   	EPOCH:  31	MiniBatch:   20
02/23/2021 09:59:06 - INFO - __main__ -   	Testing dev Minibatch:    0
02/23/2021 09:59:09 - INFO - __main__ -   
Labels 	Prec. 	Recall	F1    	Supp  
Denial 	0.3776	0.6183	0.4689	317
Support	0.3611	0.2826	0.3171	276
Comment	0.2807	0.1391	0.1860	230
Queries	0.4000	0.0645	0.1111	31
MacroF1	0.2708
F1w_avg	0.3307
Acc    	36.1

02/23/2021 09:59:09 - INFO - __main__ -   	EPOCH:  32	MiniBatch:    0
02/23/2021 09:59:19 - INFO - __main__ -   	EPOCH:  32	MiniBatch:   10
02/23/2021 09:59:29 - INFO - __main__ -   	EPOCH:  32	MiniBatch:   20
02/23/2021 09:59:30 - INFO - __main__ -   	Testing dev Minibatch:    0
02/23/2021 09:59:32 - INFO - __main__ -   
Labels 	Prec. 	Recall	F1    	Supp  
Denial 	0.3993	0.6940	0.5069	317
Support	0.3704	0.2536	0.3011	276
Comment	0.2952	0.1348	0.1851	230
Queries	0.2222	0.0645	0.1000	31
MacroF1	0.2733
F1w_avg	0.3389
Acc    	37.8

02/23/2021 09:59:33 - INFO - __main__ -   	EPOCH:  33	MiniBatch:    0
02/23/2021 09:59:43 - INFO - __main__ -   	EPOCH:  33	MiniBatch:   10
02/23/2021 09:59:53 - INFO - __main__ -   	EPOCH:  33	MiniBatch:   20
02/23/2021 09:59:54 - INFO - __main__ -   	Testing dev Minibatch:    0
02/23/2021 09:59:56 - INFO - __main__ -   
Labels 	Prec. 	Recall	F1    	Supp  
Denial 	0.3788	0.5079	0.4340	317
Support	0.3907	0.2138	0.2763	276
Comment	0.2602	0.3043	0.2806	230
Queries	0.2222	0.0645	0.1000	31
MacroF1	0.2727
F1w_avg	0.3296
Acc    	34.2

02/23/2021 09:59:57 - INFO - __main__ -   	EPOCH:  34	MiniBatch:    0
02/23/2021 10:00:07 - INFO - __main__ -   	EPOCH:  34	MiniBatch:   10
02/23/2021 10:00:17 - INFO - __main__ -   	EPOCH:  34	MiniBatch:   20
02/23/2021 10:00:18 - INFO - __main__ -   	Testing dev Minibatch:    0
02/23/2021 10:00:20 - INFO - __main__ -   
Labels 	Prec. 	Recall	F1    	Supp  
Denial 	0.4024	0.4290	0.4153	317
Support	0.3702	0.3514	0.3606	276
Comment	0.2811	0.3043	0.2923	230
Queries	0.4000	0.0645	0.1111	31
MacroF1	0.2948
F1w_avg	0.3534
Acc    	35.7

02/23/2021 10:00:22 - INFO - __main__ -   	EPOCH:  35	MiniBatch:    0
02/23/2021 10:00:32 - INFO - __main__ -   	EPOCH:  35	MiniBatch:   10
02/23/2021 10:00:43 - INFO - __main__ -   	EPOCH:  35	MiniBatch:   20
02/23/2021 10:00:43 - INFO - __main__ -   	Testing dev Minibatch:    0
02/23/2021 10:00:46 - INFO - __main__ -   
Labels 	Prec. 	Recall	F1    	Supp  
Denial 	0.3905	0.5174	0.4450	317
Support	0.3788	0.2717	0.3165	276
Comment	0.2684	0.2696	0.2690	230
Queries	0.4000	0.0645	0.1111	31
MacroF1	0.2854
F1w_avg	0.3439
Acc    	35.5

02/23/2021 10:00:46 - INFO - __main__ -   	EPOCH:  36	MiniBatch:    0
02/23/2021 10:00:56 - INFO - __main__ -   	EPOCH:  36	MiniBatch:   10
02/23/2021 10:01:07 - INFO - __main__ -   	EPOCH:  36	MiniBatch:   20
02/23/2021 10:01:07 - INFO - __main__ -   	Testing dev Minibatch:    0
02/23/2021 10:01:10 - INFO - __main__ -   
Labels 	Prec. 	Recall	F1    	Supp  
Denial 	0.4065	0.6309	0.4944	317
Support	0.3611	0.2826	0.3171	276
Comment	0.3094	0.1870	0.2331	230
Queries	0.2857	0.0645	0.1053	31
MacroF1	0.2875
F1w_avg	0.3526
Acc    	37.8

02/23/2021 10:01:10 - INFO - __main__ -   	EPOCH:  37	MiniBatch:    0
02/23/2021 10:01:20 - INFO - __main__ -   	EPOCH:  37	MiniBatch:   10
02/23/2021 10:01:31 - INFO - __main__ -   	EPOCH:  37	MiniBatch:   20
02/23/2021 10:01:31 - INFO - __main__ -   	Testing dev Minibatch:    0
02/23/2021 10:01:34 - INFO - __main__ -   
Labels 	Prec. 	Recall	F1    	Supp  
Denial 	0.3948	0.4322	0.4127	317
Support	0.3829	0.2428	0.2971	276
Comment	0.2758	0.3957	0.3250	230
Queries	0.5000	0.0323	0.0606	31
MacroF1	0.2738
F1w_avg	0.3389
Acc    	34.7

02/23/2021 10:01:34 - INFO - __main__ -   	EPOCH:  38	MiniBatch:    0
02/23/2021 10:01:44 - INFO - __main__ -   	EPOCH:  38	MiniBatch:   10
02/23/2021 10:01:55 - INFO - __main__ -   	EPOCH:  38	MiniBatch:   20
02/23/2021 10:01:55 - INFO - __main__ -   	Testing dev Minibatch:    0
02/23/2021 10:01:57 - INFO - __main__ -   
Labels 	Prec. 	Recall	F1    	Supp  
Denial 	0.3979	0.4858	0.4375	317
Support	0.3836	0.3225	0.3504	276
Comment	0.2328	0.2348	0.2338	230
Queries	0.3333	0.0323	0.0588	31
MacroF1	0.2701
F1w_avg	0.3407
Acc    	34.9

02/23/2021 10:01:58 - INFO - __main__ -   	EPOCH:  39	MiniBatch:    0
02/23/2021 10:02:08 - INFO - __main__ -   	EPOCH:  39	MiniBatch:   10
02/23/2021 10:02:18 - INFO - __main__ -   	EPOCH:  39	MiniBatch:   20
02/23/2021 10:02:19 - INFO - __main__ -   	Testing dev Minibatch:    0
02/23/2021 10:02:21 - INFO - __main__ -   
Labels 	Prec. 	Recall	F1    	Supp  
Denial 	0.3801	0.5300	0.4427	317
Support	0.3455	0.2065	0.2585	276
Comment	0.2683	0.2870	0.2773	230
Queries	0.0000	0.0000	0.0000	31
MacroF1	0.2446
F1w_avg	0.3226
Acc    	34.1

02/23/2021 10:02:22 - INFO - __main__ -   	Testing test Minibatch:    0
02/23/2021 10:02:25 - INFO - __main__ -   
Labels 	Prec. 	Recall	F1    	Supp  
Denial 	0.4000	0.4423	0.4201	312
Support	0.3710	0.3737	0.3723	281
Comment	0.3348	0.3162	0.3253	234
Queries	0.4000	0.0741	0.1250	27
MacroF1	0.3107
F1w_avg	0.3691
Acc    	37.4

02/23/2021 10:02:25 - INFO - __main__ -   Time taken: 0h 16m 16s
