02/23/2021 09:13:31 - INFO - __main__ -   ----------------- Hyperparameters ------------------
02/23/2021 09:13:31 - INFO - __main__ -   ======== my_modelE0 =========
02/23/2021 09:13:31 - INFO - __main__ -   ===== Hyperparameters ======
02/23/2021 09:13:31 - INFO - __main__ -   batch_train: 128
02/23/2021 09:13:31 - INFO - __main__ -   batch_test:  128
02/23/2021 09:13:31 - INFO - __main__ -   epochs: 40 
02/23/2021 09:13:31 - INFO - __main__ -   learning_rate: 0.000010
02/23/2021 09:13:31 - INFO - __main__ -   optimizer: adam
02/23/2021 09:13:31 - INFO - __main__ -   debug: False
02/23/2021 09:13:31 - INFO - __main__ -   ------------------ Getting model -------------------
02/23/2021 09:13:37 - INFO - __main__ -   loading pretrained model file ./log_files/saved_models/pretrain02_my_modelE0.bin
02/23/2021 09:13:37 - INFO - __main__ -   --------------- Getting dataframes -----------------
02/23/2021 09:13:37 - INFO - __main__ -   ------- Setting loss function and optimizer --------
02/23/2021 09:13:37 - INFO - __main__ -   ------------ Converting to dataloaders -------------
02/23/2021 09:13:37 - INFO - __main__ -   919
02/23/2021 09:13:37 - INFO - __main__ -   812
02/23/2021 09:13:37 - INFO - __main__ -   740
02/23/2021 09:13:37 - INFO - __main__ -   92
02/23/2021 09:13:37 - INFO - __main__ -   ---------------- Starting training -----------------
02/23/2021 09:13:37 - INFO - __main__ -   	EPOCH:   0	MiniBatch:    0
02/23/2021 09:13:50 - INFO - __main__ -   	EPOCH:   0	MiniBatch:   10
02/23/2021 09:14:00 - INFO - __main__ -   	EPOCH:   0	MiniBatch:   20
02/23/2021 09:14:01 - INFO - __main__ -   	Testing dev Minibatch:    0
02/23/2021 09:14:03 - INFO - __main__ -   
Labels 	Prec. 	Recall	F1    	Supp  
Denial 	0.3806	0.3218	0.3487	317
Support	0.3310	0.1703	0.2249	276
Comment	0.3086	0.5957	0.4065	230
Queries	0.0000	0.0000	0.0000	31
MacroF1	0.2450
F1w_avg	0.3116
Acc    	33.5

02/23/2021 09:14:04 - INFO - __main__ -   	EPOCH:   1	MiniBatch:    0
02/23/2021 09:14:14 - INFO - __main__ -   	EPOCH:   1	MiniBatch:   10
02/23/2021 09:14:25 - INFO - __main__ -   	EPOCH:   1	MiniBatch:   20
02/23/2021 09:14:25 - INFO - __main__ -   	Testing dev Minibatch:    0
02/23/2021 09:14:28 - INFO - __main__ -   
Labels 	Prec. 	Recall	F1    	Supp  
Denial 	0.3611	0.0410	0.0737	317
Support	0.3522	0.4964	0.4120	276
Comment	0.2000	0.0391	0.0655	230
Queries	0.0391	0.4839	0.0723	31
MacroF1	0.1559
F1w_avg	0.1808
Acc    	20.4

02/23/2021 09:14:28 - INFO - __main__ -   	EPOCH:   2	MiniBatch:    0
02/23/2021 09:14:38 - INFO - __main__ -   	EPOCH:   2	MiniBatch:   10
02/23/2021 09:14:48 - INFO - __main__ -   	EPOCH:   2	MiniBatch:   20
02/23/2021 09:14:49 - INFO - __main__ -   	Testing dev Minibatch:    0
02/23/2021 09:14:51 - INFO - __main__ -   
Labels 	Prec. 	Recall	F1    	Supp  
Denial 	0.3522	0.2744	0.3085	317
Support	0.4041	0.2138	0.2796	276
Comment	0.2449	0.0522	0.0860	230
Queries	0.0364	0.4839	0.0677	31
MacroF1	0.1855
F1w_avg	0.2305
Acc    	20.3

02/23/2021 09:14:52 - INFO - __main__ -   	EPOCH:   3	MiniBatch:    0
02/23/2021 09:15:02 - INFO - __main__ -   	EPOCH:   3	MiniBatch:   10
02/23/2021 09:15:12 - INFO - __main__ -   	EPOCH:   3	MiniBatch:   20
02/23/2021 09:15:13 - INFO - __main__ -   	Testing dev Minibatch:    0
02/23/2021 09:15:15 - INFO - __main__ -   
Labels 	Prec. 	Recall	F1    	Supp  
Denial 	0.3526	0.1924	0.2490	317
Support	0.3781	0.2754	0.3187	276
Comment	0.2473	0.1000	0.1424	230
Queries	0.0413	0.5161	0.0766	31
MacroF1	0.1967
F1w_avg	0.2365
Acc    	20.6

02/23/2021 09:15:16 - INFO - __main__ -   	EPOCH:   4	MiniBatch:    0
02/23/2021 09:15:26 - INFO - __main__ -   	EPOCH:   4	MiniBatch:   10
02/23/2021 09:15:36 - INFO - __main__ -   	EPOCH:   4	MiniBatch:   20
02/23/2021 09:15:37 - INFO - __main__ -   	Testing dev Minibatch:    0
02/23/2021 09:15:39 - INFO - __main__ -   
Labels 	Prec. 	Recall	F1    	Supp  
Denial 	0.3521	0.2965	0.3219	317
Support	0.3409	0.2174	0.2655	276
Comment	0.1739	0.0174	0.0316	230
Queries	0.0438	0.5484	0.0811	31
MacroF1	0.1750
F1w_avg	0.2168
Acc    	20.5

02/23/2021 09:15:39 - INFO - __main__ -   	EPOCH:   5	MiniBatch:    0
02/23/2021 09:15:50 - INFO - __main__ -   	EPOCH:   5	MiniBatch:   10
02/23/2021 09:16:00 - INFO - __main__ -   	EPOCH:   5	MiniBatch:   20
02/23/2021 09:16:01 - INFO - __main__ -   	Testing dev Minibatch:    0
02/23/2021 09:16:03 - INFO - __main__ -   
Labels 	Prec. 	Recall	F1    	Supp  
Denial 	0.3037	0.1293	0.1814	317
Support	0.4035	0.3333	0.3651	276
Comment	0.2519	0.1435	0.1828	230
Queries	0.0417	0.4839	0.0767	31
MacroF1	0.2015
F1w_avg	0.2374
Acc    	21.2

02/23/2021 09:16:03 - INFO - __main__ -   	EPOCH:   6	MiniBatch:    0
02/23/2021 09:16:14 - INFO - __main__ -   	EPOCH:   6	MiniBatch:   10
02/23/2021 09:16:24 - INFO - __main__ -   	EPOCH:   6	MiniBatch:   20
02/23/2021 09:16:24 - INFO - __main__ -   	Testing dev Minibatch:    0
02/23/2021 09:16:27 - INFO - __main__ -   
Labels 	Prec. 	Recall	F1    	Supp  
Denial 	0.3696	0.3533	0.3613	317
Support	0.4286	0.1739	0.2474	276
Comment	0.3302	0.4652	0.3863	230
Queries	0.0522	0.1935	0.0822	31
MacroF1	0.2693
F1w_avg	0.3211
Acc    	32.0

02/23/2021 09:16:29 - INFO - __main__ -   	EPOCH:   7	MiniBatch:    0
02/23/2021 09:16:40 - INFO - __main__ -   	EPOCH:   7	MiniBatch:   10
02/23/2021 09:16:50 - INFO - __main__ -   	EPOCH:   7	MiniBatch:   20
02/23/2021 09:16:51 - INFO - __main__ -   	Testing dev Minibatch:    0
02/23/2021 09:16:53 - INFO - __main__ -   
Labels 	Prec. 	Recall	F1    	Supp  
Denial 	0.3504	0.2808	0.3117	317
Support	0.4031	0.2790	0.3298	276
Comment	0.3440	0.5609	0.4264	230
Queries	0.0882	0.0968	0.0923	31
MacroF1	0.2901
F1w_avg	0.3405
Acc    	34.9

02/23/2021 09:16:57 - INFO - __main__ -   	EPOCH:   8	MiniBatch:    0
02/23/2021 09:17:08 - INFO - __main__ -   	EPOCH:   8	MiniBatch:   10
02/23/2021 09:17:18 - INFO - __main__ -   	EPOCH:   8	MiniBatch:   20
02/23/2021 09:17:18 - INFO - __main__ -   	Testing dev Minibatch:    0
02/23/2021 09:17:21 - INFO - __main__ -   
Labels 	Prec. 	Recall	F1    	Supp  
Denial 	0.3661	0.5521	0.4403	317
Support	0.3641	0.2428	0.2913	276
Comment	0.3459	0.2000	0.2534	230
Queries	0.1017	0.1935	0.1333	31
MacroF1	0.2796
F1w_avg	0.3307
Acc    	34.4

02/23/2021 09:17:21 - INFO - __main__ -   	EPOCH:   9	MiniBatch:    0
02/23/2021 09:17:32 - INFO - __main__ -   	EPOCH:   9	MiniBatch:   10
02/23/2021 09:17:42 - INFO - __main__ -   	EPOCH:   9	MiniBatch:   20
02/23/2021 09:17:42 - INFO - __main__ -   	Testing dev Minibatch:    0
02/23/2021 09:17:45 - INFO - __main__ -   
Labels 	Prec. 	Recall	F1    	Supp  
Denial 	0.3768	0.1640	0.2286	317
Support	0.4057	0.3587	0.3808	276
Comment	0.3247	0.6000	0.4214	230
Queries	0.1489	0.2258	0.1795	31
MacroF1	0.3026
F1w_avg	0.3279
Acc    	34.7

02/23/2021 09:17:46 - INFO - __main__ -   	EPOCH:  10	MiniBatch:    0
02/23/2021 09:17:57 - INFO - __main__ -   	EPOCH:  10	MiniBatch:   10
02/23/2021 09:18:07 - INFO - __main__ -   	EPOCH:  10	MiniBatch:   20
02/23/2021 09:18:07 - INFO - __main__ -   	Testing dev Minibatch:    0
02/23/2021 09:18:10 - INFO - __main__ -   
Labels 	Prec. 	Recall	F1    	Supp  
Denial 	0.3235	0.1041	0.1575	317
Support	0.3715	0.3406	0.3554	276
Comment	0.3310	0.6087	0.4288	230
Queries	0.1184	0.2903	0.1682	31
MacroF1	0.2775
F1w_avg	0.2949
Acc    	32.3

02/23/2021 09:18:10 - INFO - __main__ -   	EPOCH:  11	MiniBatch:    0
02/23/2021 09:18:21 - INFO - __main__ -   	EPOCH:  11	MiniBatch:   10
02/23/2021 09:18:31 - INFO - __main__ -   	EPOCH:  11	MiniBatch:   20
02/23/2021 09:18:31 - INFO - __main__ -   	Testing dev Minibatch:    0
02/23/2021 09:18:34 - INFO - __main__ -   
Labels 	Prec. 	Recall	F1    	Supp  
Denial 	0.3883	0.3785	0.3834	317
Support	0.3944	0.3587	0.3757	276
Comment	0.3412	0.3783	0.3588	230
Queries	0.1795	0.2258	0.2000	31
MacroF1	0.3295
F1w_avg	0.3676
Acc    	36.7

02/23/2021 09:18:35 - INFO - __main__ -   	EPOCH:  12	MiniBatch:    0
02/23/2021 09:18:46 - INFO - __main__ -   	EPOCH:  12	MiniBatch:   10
02/23/2021 09:18:56 - INFO - __main__ -   	EPOCH:  12	MiniBatch:   20
02/23/2021 09:18:57 - INFO - __main__ -   	Testing dev Minibatch:    0
02/23/2021 09:18:59 - INFO - __main__ -   
Labels 	Prec. 	Recall	F1    	Supp  
Denial 	0.3439	0.2744	0.3053	317
Support	0.3648	0.4203	0.3906	276
Comment	0.3098	0.3435	0.3258	230
Queries	0.2143	0.1935	0.2034	31
MacroF1	0.3062
F1w_avg	0.3347
Acc    	33.7

02/23/2021 09:18:59 - INFO - __main__ -   	EPOCH:  13	MiniBatch:    0
02/23/2021 09:19:10 - INFO - __main__ -   	EPOCH:  13	MiniBatch:   10
02/23/2021 09:19:20 - INFO - __main__ -   	EPOCH:  13	MiniBatch:   20
02/23/2021 09:19:21 - INFO - __main__ -   	Testing dev Minibatch:    0
02/23/2021 09:19:23 - INFO - __main__ -   
Labels 	Prec. 	Recall	F1    	Supp  
Denial 	0.3547	0.2965	0.3230	317
Support	0.3408	0.4964	0.4041	276
Comment	0.3140	0.2348	0.2687	230
Queries	0.2667	0.1290	0.1739	31
MacroF1	0.2924
F1w_avg	0.3292
Acc    	33.8

02/23/2021 09:19:23 - INFO - __main__ -   	EPOCH:  14	MiniBatch:    0
02/23/2021 09:19:34 - INFO - __main__ -   	EPOCH:  14	MiniBatch:   10
02/23/2021 09:19:44 - INFO - __main__ -   	EPOCH:  14	MiniBatch:   20
02/23/2021 09:19:44 - INFO - __main__ -   	Testing dev Minibatch:    0
02/23/2021 09:19:47 - INFO - __main__ -   
Labels 	Prec. 	Recall	F1    	Supp  
Denial 	0.3761	0.4069	0.3909	317
Support	0.3636	0.3913	0.3770	276
Comment	0.3390	0.2609	0.2948	230
Queries	0.1892	0.2258	0.2059	31
MacroF1	0.3171
F1w_avg	0.3538
Acc    	35.6

02/23/2021 09:19:47 - INFO - __main__ -   	EPOCH:  15	MiniBatch:    0
02/23/2021 09:19:58 - INFO - __main__ -   	EPOCH:  15	MiniBatch:   10
02/23/2021 09:20:08 - INFO - __main__ -   	EPOCH:  15	MiniBatch:   20
02/23/2021 09:20:08 - INFO - __main__ -   	Testing dev Minibatch:    0
02/23/2021 09:20:11 - INFO - __main__ -   
Labels 	Prec. 	Recall	F1    	Supp  
Denial 	0.3889	0.5079	0.4405	317
Support	0.4392	0.3007	0.3570	276
Comment	0.3484	0.3348	0.3415	230
Queries	0.1667	0.1613	0.1639	31
MacroF1	0.3257
F1w_avg	0.3768
Acc    	38.2

02/23/2021 09:20:11 - INFO - __main__ -   	EPOCH:  16	MiniBatch:    0
02/23/2021 09:20:21 - INFO - __main__ -   	EPOCH:  16	MiniBatch:   10
02/23/2021 09:20:32 - INFO - __main__ -   	EPOCH:  16	MiniBatch:   20
02/23/2021 09:20:32 - INFO - __main__ -   	Testing dev Minibatch:    0
02/23/2021 09:20:35 - INFO - __main__ -   
Labels 	Prec. 	Recall	F1    	Supp  
Denial 	0.3689	0.4259	0.3953	317
Support	0.4138	0.3043	0.3507	276
Comment	0.3053	0.3000	0.3026	230
Queries	0.1356	0.2581	0.1778	31
MacroF1	0.3066
F1w_avg	0.3480
Acc    	34.7

02/23/2021 09:20:35 - INFO - __main__ -   	EPOCH:  17	MiniBatch:    0
02/23/2021 09:20:46 - INFO - __main__ -   	EPOCH:  17	MiniBatch:   10
02/23/2021 09:20:56 - INFO - __main__ -   	EPOCH:  17	MiniBatch:   20
02/23/2021 09:20:56 - INFO - __main__ -   	Testing dev Minibatch:    0
02/23/2021 09:20:59 - INFO - __main__ -   
Labels 	Prec. 	Recall	F1    	Supp  
Denial 	0.3632	0.2555	0.3000	317
Support	0.3460	0.6268	0.4459	276
Comment	0.2689	0.1391	0.1834	230
Queries	0.1667	0.0645	0.0930	31
MacroF1	0.2556
F1w_avg	0.3082
Acc    	33.7

02/23/2021 09:20:59 - INFO - __main__ -   	EPOCH:  18	MiniBatch:    0
02/23/2021 09:21:09 - INFO - __main__ -   	EPOCH:  18	MiniBatch:   10
02/23/2021 09:21:20 - INFO - __main__ -   	EPOCH:  18	MiniBatch:   20
02/23/2021 09:21:20 - INFO - __main__ -   	Testing dev Minibatch:    0
02/23/2021 09:21:23 - INFO - __main__ -   
Labels 	Prec. 	Recall	F1    	Supp  
Denial 	0.3911	0.4700	0.4269	317
Support	0.4051	0.3478	0.3743	276
Comment	0.3947	0.2609	0.3141	230
Queries	0.1429	0.3871	0.2087	31
MacroF1	0.3310
F1w_avg	0.3716
Acc    	37.1

02/23/2021 09:21:24 - INFO - __main__ -   	EPOCH:  19	MiniBatch:    0
02/23/2021 09:21:35 - INFO - __main__ -   	EPOCH:  19	MiniBatch:   10
02/23/2021 09:21:45 - INFO - __main__ -   	EPOCH:  19	MiniBatch:   20
02/23/2021 09:21:45 - INFO - __main__ -   	Testing dev Minibatch:    0
02/23/2021 09:21:48 - INFO - __main__ -   
Labels 	Prec. 	Recall	F1    	Supp  
Denial 	0.3636	0.4669	0.4088	317
Support	0.3968	0.3551	0.3748	276
Comment	0.3182	0.2435	0.2759	230
Queries	0.2083	0.1613	0.1818	31
MacroF1	0.3103
F1w_avg	0.3538
Acc    	35.9

02/23/2021 09:21:48 - INFO - __main__ -   	EPOCH:  20	MiniBatch:    0
02/23/2021 09:21:59 - INFO - __main__ -   	EPOCH:  20	MiniBatch:   10
02/23/2021 09:22:09 - INFO - __main__ -   	EPOCH:  20	MiniBatch:   20
02/23/2021 09:22:09 - INFO - __main__ -   	Testing dev Minibatch:    0
02/23/2021 09:22:12 - INFO - __main__ -   
Labels 	Prec. 	Recall	F1    	Supp  
Denial 	0.3797	0.4132	0.3958	317
Support	0.3672	0.4457	0.4026	276
Comment	0.3631	0.2478	0.2946	230
Queries	0.1765	0.0968	0.1250	31
MacroF1	0.3045
F1w_avg	0.3609
Acc    	36.8

02/23/2021 09:22:12 - INFO - __main__ -   	EPOCH:  21	MiniBatch:    0
02/23/2021 09:22:23 - INFO - __main__ -   	EPOCH:  21	MiniBatch:   10
02/23/2021 09:22:33 - INFO - __main__ -   	EPOCH:  21	MiniBatch:   20
02/23/2021 09:22:33 - INFO - __main__ -   	Testing dev Minibatch:    0
02/23/2021 09:22:36 - INFO - __main__ -   
Labels 	Prec. 	Recall	F1    	Supp  
Denial 	0.3985	0.4953	0.4416	317
Support	0.4545	0.2899	0.3540	276
Comment	0.3569	0.3957	0.3753	230
Queries	0.2069	0.1935	0.2000	31
MacroF1	0.3427
F1w_avg	0.3867
Acc    	39.1

02/23/2021 09:22:38 - INFO - __main__ -   	EPOCH:  22	MiniBatch:    0
02/23/2021 09:22:48 - INFO - __main__ -   	EPOCH:  22	MiniBatch:   10
02/23/2021 09:22:58 - INFO - __main__ -   	EPOCH:  22	MiniBatch:   20
02/23/2021 09:22:59 - INFO - __main__ -   	Testing dev Minibatch:    0
02/23/2021 09:23:01 - INFO - __main__ -   
Labels 	Prec. 	Recall	F1    	Supp  
Denial 	0.4061	0.5047	0.4501	317
Support	0.4477	0.2790	0.3438	276
Comment	0.3515	0.3652	0.3582	230
Queries	0.1429	0.2258	0.1750	31
MacroF1	0.3318
F1w_avg	0.3810
Acc    	38.4

02/23/2021 09:23:02 - INFO - __main__ -   	EPOCH:  23	MiniBatch:    0
02/23/2021 09:23:12 - INFO - __main__ -   	EPOCH:  23	MiniBatch:   10
02/23/2021 09:23:22 - INFO - __main__ -   	EPOCH:  23	MiniBatch:   20
02/23/2021 09:23:23 - INFO - __main__ -   	Testing dev Minibatch:    0
02/23/2021 09:23:25 - INFO - __main__ -   
Labels 	Prec. 	Recall	F1    	Supp  
Denial 	0.3902	0.3249	0.3546	317
Support	0.4130	0.3696	0.3901	276
Comment	0.3281	0.4565	0.3818	230
Queries	0.2174	0.1613	0.1852	31
MacroF1	0.3279
F1w_avg	0.3672
Acc    	36.9

02/23/2021 09:23:26 - INFO - __main__ -   	EPOCH:  24	MiniBatch:    0
02/23/2021 09:23:36 - INFO - __main__ -   	EPOCH:  24	MiniBatch:   10
02/23/2021 09:23:46 - INFO - __main__ -   	EPOCH:  24	MiniBatch:   20
02/23/2021 09:23:47 - INFO - __main__ -   	Testing dev Minibatch:    0
02/23/2021 09:23:49 - INFO - __main__ -   
Labels 	Prec. 	Recall	F1    	Supp  
Denial 	0.3938	0.4038	0.3988	317
Support	0.4479	0.3116	0.3675	276
Comment	0.3172	0.4261	0.3636	230
Queries	0.2143	0.1935	0.2034	31
MacroF1	0.3333
F1w_avg	0.3721
Acc    	37.2

02/23/2021 09:23:50 - INFO - __main__ -   	EPOCH:  25	MiniBatch:    0
02/23/2021 09:24:00 - INFO - __main__ -   	EPOCH:  25	MiniBatch:   10
02/23/2021 09:24:10 - INFO - __main__ -   	EPOCH:  25	MiniBatch:   20
02/23/2021 09:24:11 - INFO - __main__ -   	Testing dev Minibatch:    0
02/23/2021 09:24:13 - INFO - __main__ -   
Labels 	Prec. 	Recall	F1    	Supp  
Denial 	0.4093	0.3344	0.3681	317
Support	0.4143	0.3768	0.3947	276
Comment	0.3035	0.4130	0.3499	230
Queries	0.1935	0.1935	0.1935	31
MacroF1	0.3265
F1w_avg	0.3654
Acc    	36.4

02/23/2021 09:24:14 - INFO - __main__ -   	EPOCH:  26	MiniBatch:    0
02/23/2021 09:24:24 - INFO - __main__ -   	EPOCH:  26	MiniBatch:   10
02/23/2021 09:24:34 - INFO - __main__ -   	EPOCH:  26	MiniBatch:   20
02/23/2021 09:24:35 - INFO - __main__ -   	Testing dev Minibatch:    0
02/23/2021 09:24:37 - INFO - __main__ -   
Labels 	Prec. 	Recall	F1    	Supp  
Denial 	0.3620	0.4385	0.3966	317
Support	0.4503	0.2790	0.3445	276
Comment	0.3256	0.3652	0.3443	230
Queries	0.1463	0.1935	0.1667	31
MacroF1	0.3130
F1w_avg	0.3573
Acc    	35.8

02/23/2021 09:24:38 - INFO - __main__ -   	EPOCH:  27	MiniBatch:    0
02/23/2021 09:24:48 - INFO - __main__ -   	EPOCH:  27	MiniBatch:   10
02/23/2021 09:24:58 - INFO - __main__ -   	EPOCH:  27	MiniBatch:   20
02/23/2021 09:24:59 - INFO - __main__ -   	Testing dev Minibatch:    0
02/23/2021 09:25:01 - INFO - __main__ -   
Labels 	Prec. 	Recall	F1    	Supp  
Denial 	0.3608	0.4006	0.3797	317
Support	0.4610	0.2572	0.3302	276
Comment	0.3049	0.4043	0.3477	230
Queries	0.1395	0.1935	0.1622	31
MacroF1	0.3049
F1w_avg	0.3472
Acc    	34.8

02/23/2021 09:25:01 - INFO - __main__ -   	EPOCH:  28	MiniBatch:    0
02/23/2021 09:25:12 - INFO - __main__ -   	EPOCH:  28	MiniBatch:   10
02/23/2021 09:25:22 - INFO - __main__ -   	EPOCH:  28	MiniBatch:   20
02/23/2021 09:25:23 - INFO - __main__ -   	Testing dev Minibatch:    0
02/23/2021 09:25:25 - INFO - __main__ -   
Labels 	Prec. 	Recall	F1    	Supp  
Denial 	0.3695	0.2366	0.2885	317
Support	0.4077	0.3841	0.3955	276
Comment	0.3008	0.4826	0.3706	230
Queries	0.1364	0.0968	0.1132	31
MacroF1	0.2920
F1w_avg	0.3388
Acc    	34.5

02/23/2021 09:25:25 - INFO - __main__ -   	EPOCH:  29	MiniBatch:    0
02/23/2021 09:25:36 - INFO - __main__ -   	EPOCH:  29	MiniBatch:   10
02/23/2021 09:25:46 - INFO - __main__ -   	EPOCH:  29	MiniBatch:   20
02/23/2021 09:25:46 - INFO - __main__ -   	Testing dev Minibatch:    0
02/23/2021 09:25:49 - INFO - __main__ -   
Labels 	Prec. 	Recall	F1    	Supp  
Denial 	0.4104	0.4479	0.4284	317
Support	0.4267	0.3587	0.3898	276
Comment	0.3282	0.3696	0.3476	230
Queries	0.1765	0.0968	0.1250	31
MacroF1	0.3227
F1w_avg	0.3831
Acc    	38.5

02/23/2021 09:25:49 - INFO - __main__ -   	EPOCH:  30	MiniBatch:    0
02/23/2021 09:26:00 - INFO - __main__ -   	EPOCH:  30	MiniBatch:   10
02/23/2021 09:26:10 - INFO - __main__ -   	EPOCH:  30	MiniBatch:   20
02/23/2021 09:26:10 - INFO - __main__ -   	Testing dev Minibatch:    0
02/23/2021 09:26:13 - INFO - __main__ -   
Labels 	Prec. 	Recall	F1    	Supp  
Denial 	0.3782	0.4259	0.4006	317
Support	0.4889	0.3188	0.3860	276
Comment	0.3142	0.4043	0.3536	230
Queries	0.1429	0.0968	0.1154	31
MacroF1	0.3139
F1w_avg	0.3729
Acc    	37.4

02/23/2021 09:26:13 - INFO - __main__ -   	EPOCH:  31	MiniBatch:    0
02/23/2021 09:26:24 - INFO - __main__ -   	EPOCH:  31	MiniBatch:   10
02/23/2021 09:26:34 - INFO - __main__ -   	EPOCH:  31	MiniBatch:   20
02/23/2021 09:26:34 - INFO - __main__ -   	Testing dev Minibatch:    0
02/23/2021 09:26:37 - INFO - __main__ -   
Labels 	Prec. 	Recall	F1    	Supp  
Denial 	0.3950	0.2965	0.3387	317
Support	0.3696	0.5290	0.4352	276
Comment	0.2596	0.2348	0.2466	230
Queries	0.1538	0.0645	0.0909	31
MacroF1	0.2778
F1w_avg	0.3361
Acc    	34.7

02/23/2021 09:26:37 - INFO - __main__ -   	EPOCH:  32	MiniBatch:    0
02/23/2021 09:26:47 - INFO - __main__ -   	EPOCH:  32	MiniBatch:   10
02/23/2021 09:26:58 - INFO - __main__ -   	EPOCH:  32	MiniBatch:   20
02/23/2021 09:26:58 - INFO - __main__ -   	Testing dev Minibatch:    0
02/23/2021 09:27:01 - INFO - __main__ -   
Labels 	Prec. 	Recall	F1    	Supp  
Denial 	0.3589	0.2366	0.2852	317
Support	0.4068	0.3478	0.3750	276
Comment	0.2770	0.4348	0.3384	230
Queries	0.1250	0.1935	0.1519	31
MacroF1	0.2876
F1w_avg	0.3237
Acc    	32.4

02/23/2021 09:27:01 - INFO - __main__ -   	EPOCH:  33	MiniBatch:    0
02/23/2021 09:27:11 - INFO - __main__ -   	EPOCH:  33	MiniBatch:   10
02/23/2021 09:27:22 - INFO - __main__ -   	EPOCH:  33	MiniBatch:   20
02/23/2021 09:27:22 - INFO - __main__ -   	Testing dev Minibatch:    0
02/23/2021 09:27:25 - INFO - __main__ -   
Labels 	Prec. 	Recall	F1    	Supp  
Denial 	0.3593	0.3344	0.3464	317
Support	0.4380	0.3841	0.4093	276
Comment	0.3144	0.4087	0.3554	230
Queries	0.1667	0.0968	0.1224	31
MacroF1	0.3084
F1w_avg	0.3610
Acc    	36.2

02/23/2021 09:27:25 - INFO - __main__ -   	EPOCH:  34	MiniBatch:    0
02/23/2021 09:27:35 - INFO - __main__ -   	EPOCH:  34	MiniBatch:   10
02/23/2021 09:27:46 - INFO - __main__ -   	EPOCH:  34	MiniBatch:   20
02/23/2021 09:27:46 - INFO - __main__ -   	Testing dev Minibatch:    0
02/23/2021 09:27:49 - INFO - __main__ -   
Labels 	Prec. 	Recall	F1    	Supp  
Denial 	0.3789	0.3849	0.3818	317
Support	0.4105	0.4239	0.4171	276
Comment	0.2949	0.3000	0.2974	230
Queries	0.1538	0.0645	0.0909	31
MacroF1	0.2968
F1w_avg	0.3599
Acc    	36.3

02/23/2021 09:27:49 - INFO - __main__ -   	EPOCH:  35	MiniBatch:    0
02/23/2021 09:27:59 - INFO - __main__ -   	EPOCH:  35	MiniBatch:   10
02/23/2021 09:28:09 - INFO - __main__ -   	EPOCH:  35	MiniBatch:   20
02/23/2021 09:28:10 - INFO - __main__ -   	Testing dev Minibatch:    0
02/23/2021 09:28:13 - INFO - __main__ -   
Labels 	Prec. 	Recall	F1    	Supp  
Denial 	0.3649	0.5110	0.4258	317
Support	0.4503	0.2790	0.3445	276
Comment	0.3255	0.3000	0.3122	230
Queries	0.2222	0.1935	0.2069	31
MacroF1	0.3223
F1w_avg	0.3610
Acc    	36.8

02/23/2021 09:28:13 - INFO - __main__ -   	EPOCH:  36	MiniBatch:    0
02/23/2021 09:28:23 - INFO - __main__ -   	EPOCH:  36	MiniBatch:   10
02/23/2021 09:28:33 - INFO - __main__ -   	EPOCH:  36	MiniBatch:   20
02/23/2021 09:28:34 - INFO - __main__ -   	Testing dev Minibatch:    0
02/23/2021 09:28:36 - INFO - __main__ -   
Labels 	Prec. 	Recall	F1    	Supp  
Denial 	0.3688	0.3502	0.3592	317
Support	0.4461	0.3297	0.3792	276
Comment	0.3191	0.4565	0.3757	230
Queries	0.1500	0.0968	0.1176	31
MacroF1	0.3079
F1w_avg	0.3613
Acc    	36.3

02/23/2021 09:28:37 - INFO - __main__ -   	EPOCH:  37	MiniBatch:    0
02/23/2021 09:28:47 - INFO - __main__ -   	EPOCH:  37	MiniBatch:   10
02/23/2021 09:28:57 - INFO - __main__ -   	EPOCH:  37	MiniBatch:   20
02/23/2021 09:28:58 - INFO - __main__ -   	Testing dev Minibatch:    0
02/23/2021 09:29:00 - INFO - __main__ -   
Labels 	Prec. 	Recall	F1    	Supp  
Denial 	0.3955	0.3880	0.3917	317
Support	0.3837	0.4783	0.4258	276
Comment	0.3351	0.2696	0.2988	230
Queries	0.1429	0.0645	0.0889	31
MacroF1	0.3013
F1w_avg	0.3667
Acc    	37.4

02/23/2021 09:29:01 - INFO - __main__ -   	EPOCH:  38	MiniBatch:    0
02/23/2021 09:29:11 - INFO - __main__ -   	EPOCH:  38	MiniBatch:   10
02/23/2021 09:29:21 - INFO - __main__ -   	EPOCH:  38	MiniBatch:   20
02/23/2021 09:29:22 - INFO - __main__ -   	Testing dev Minibatch:    0
02/23/2021 09:29:24 - INFO - __main__ -   
Labels 	Prec. 	Recall	F1    	Supp  
Denial 	0.3436	0.3155	0.3289	317
Support	0.4551	0.2935	0.3568	276
Comment	0.3006	0.4522	0.3611	230
Queries	0.1538	0.1935	0.1714	31
MacroF1	0.3046
F1w_avg	0.3409
Acc    	34.1

02/23/2021 09:29:25 - INFO - __main__ -   	EPOCH:  39	MiniBatch:    0
02/23/2021 09:29:35 - INFO - __main__ -   	EPOCH:  39	MiniBatch:   10
02/23/2021 09:29:45 - INFO - __main__ -   	EPOCH:  39	MiniBatch:   20
02/23/2021 09:29:46 - INFO - __main__ -   	Testing dev Minibatch:    0
02/23/2021 09:29:48 - INFO - __main__ -   
Labels 	Prec. 	Recall	F1    	Supp  
Denial 	0.3616	0.3502	0.3558	317
Support	0.4537	0.3551	0.3984	276
Comment	0.3032	0.4087	0.3481	230
Queries	0.1429	0.0968	0.1154	31
MacroF1	0.3044
F1w_avg	0.3588
Acc    	35.8

02/23/2021 09:29:49 - INFO - __main__ -   	Testing test Minibatch:    0
02/23/2021 09:29:52 - INFO - __main__ -   
Labels 	Prec. 	Recall	F1    	Supp  
Denial 	0.4028	0.5513	0.4655	312
Support	0.3943	0.2456	0.3026	281
Comment	0.3348	0.3162	0.3253	234
Queries	0.2581	0.2963	0.2759	27
MacroF1	0.3423
F1w_avg	0.3675
Acc    	37.8

02/23/2021 09:29:52 - INFO - __main__ -   Time taken: 0h 16m 21s
