02/26/2021 15:25:14 - INFO - __main__ -   ----------------- Hyperparameters ------------------
02/26/2021 15:25:14 - INFO - __main__ -   ======== my_Bertweet =========
02/26/2021 15:25:14 - INFO - __main__ -   ===== Hyperparameters ======
02/26/2021 15:25:14 - INFO - __main__ -   ('batch_train', 100)
02/26/2021 15:25:14 - INFO - __main__ -   ('batch_test', 300)
02/26/2021 15:25:14 - INFO - __main__ -   ('epochs', 100)
02/26/2021 15:25:14 - INFO - __main__ -   ('learning_rate', 2e-05)
02/26/2021 15:25:14 - INFO - __main__ -   ('optimizer', 'adam')
02/26/2021 15:25:14 - INFO - __main__ -   ('do_train', True)
02/26/2021 15:25:14 - INFO - __main__ -   ('do_test', True)
02/26/2021 15:25:14 - INFO - __main__ -   ('model_name', 'my_Bertweet')
02/26/2021 15:25:14 - INFO - __main__ -   ('exp_name', 'exp51')
02/26/2021 15:25:14 - INFO - __main__ -   ('train_data', './data/train_set_128_semeval17_bertweet.bin')
02/26/2021 15:25:14 - INFO - __main__ -   ('test_data', './data/test_set_128_semeval17_bertweet.bin')
02/26/2021 15:25:14 - INFO - __main__ -   ('k_folds', 4)
02/26/2021 15:25:14 - INFO - __main__ -   ('folds2run', 1)
02/26/2021 15:25:14 - INFO - __main__ -   ('debug', False)
02/26/2021 15:25:14 - INFO - __main__ -   ('log_interval', 1)
02/26/2021 15:25:14 - INFO - __main__ -   ('loss_fn', 'ce_loss')
02/26/2021 15:25:14 - INFO - __main__ -   ('w_sample', True)
02/26/2021 15:25:14 - INFO - __main__ -   ('pretrain_model', '')
02/26/2021 15:25:14 - INFO - __main__ -   ('epochs2giveup', 20)
02/26/2021 15:25:14 - INFO - __main__ -   ('dropout', 0.1)
02/26/2021 15:25:14 - INFO - __main__ -   ------------------ Getting model -------------------
02/26/2021 15:25:21 - INFO - __main__ -   --------------- Getting dataframes -----------------
02/26/2021 15:25:21 - INFO - __main__ -   ------- Setting loss function and optimizer --------
02/26/2021 15:25:21 - INFO - __main__ -   ------------ Converting to dataloaders -------------
02/26/2021 15:25:21 - INFO - __main__ -   256
02/26/2021 15:25:21 - INFO - __main__ -   672
02/26/2021 15:25:21 - INFO - __main__ -   231
02/26/2021 15:25:21 - INFO - __main__ -   2036
02/26/2021 15:25:21 - INFO - __main__ -   ---------------- Starting training -----------------
02/26/2021 15:25:21 - INFO - __main__ -   	EPOCH:   0	MiniBatch:    0
02/26/2021 15:25:24 - INFO - __main__ -   	EPOCH:   0	MiniBatch:    1
02/26/2021 15:25:24 - INFO - __main__ -   	EPOCH:   0	MiniBatch:    2
02/26/2021 15:25:25 - INFO - __main__ -   	EPOCH:   0	MiniBatch:    3
02/26/2021 15:25:25 - INFO - __main__ -   	EPOCH:   0	MiniBatch:    4
02/26/2021 15:25:26 - INFO - __main__ -   	EPOCH:   0	MiniBatch:    5
02/26/2021 15:25:26 - INFO - __main__ -   	EPOCH:   0	MiniBatch:    6
02/26/2021 15:25:27 - INFO - __main__ -   	EPOCH:   0	MiniBatch:    7
02/26/2021 15:25:27 - INFO - __main__ -   	EPOCH:   0	MiniBatch:    8
02/26/2021 15:25:27 - INFO - __main__ -   	EPOCH:   0	MiniBatch:    9
02/26/2021 15:25:28 - INFO - __main__ -   	EPOCH:   0	MiniBatch:   10
02/26/2021 15:25:28 - INFO - __main__ -   	EPOCH:   0	MiniBatch:   11
02/26/2021 15:25:29 - INFO - __main__ -   	EPOCH:   0	MiniBatch:   12
02/26/2021 15:25:29 - INFO - __main__ -   	EPOCH:   0	MiniBatch:   13
02/26/2021 15:25:30 - INFO - __main__ -   	EPOCH:   0	MiniBatch:   14
02/26/2021 15:25:30 - INFO - __main__ -   	EPOCH:   0	MiniBatch:   15
02/26/2021 15:25:31 - INFO - __main__ -   	EPOCH:   0	MiniBatch:   16
02/26/2021 15:25:31 - INFO - __main__ -   	EPOCH:   0	MiniBatch:   17
02/26/2021 15:25:32 - INFO - __main__ -   	EPOCH:   0	MiniBatch:   18
02/26/2021 15:25:32 - INFO - __main__ -   	EPOCH:   0	MiniBatch:   19
02/26/2021 15:25:33 - INFO - __main__ -   	EPOCH:   0	MiniBatch:   20
02/26/2021 15:25:33 - INFO - __main__ -   	EPOCH:   0	MiniBatch:   21
02/26/2021 15:25:34 - INFO - __main__ -   	EPOCH:   0	MiniBatch:   22
02/26/2021 15:25:34 - INFO - __main__ -   	EPOCH:   0	MiniBatch:   23
02/26/2021 15:25:35 - INFO - __main__ -   	EPOCH:   0	MiniBatch:   24
02/26/2021 15:25:35 - INFO - __main__ -   	EPOCH:   0	MiniBatch:   25
02/26/2021 15:25:36 - INFO - __main__ -   	EPOCH:   0	MiniBatch:   26
02/26/2021 15:25:36 - INFO - __main__ -   	EPOCH:   0	MiniBatch:   27
02/26/2021 15:25:37 - INFO - __main__ -   	EPOCH:   0	MiniBatch:   28
02/26/2021 15:25:37 - INFO - __main__ -   	EPOCH:   0	MiniBatch:   29
02/26/2021 15:25:38 - INFO - __main__ -   	EPOCH:   0	MiniBatch:   30
02/26/2021 15:25:38 - INFO - __main__ -   	EPOCH:   0	MiniBatch:   31
02/26/2021 15:25:39 - INFO - __main__ -   	Testing dev Minibatch:    0
02/26/2021 15:25:39 - INFO - __main__ -   	Testing dev Minibatch:    1
02/26/2021 15:25:40 - INFO - __main__ -   	Testing dev Minibatch:    2
02/26/2021 15:25:40 - INFO - __main__ -   	Testing dev Minibatch:    3
02/26/2021 15:25:40 - INFO - __main__ -   
Labels 	Prec. 	Recall	F1    	Supp  
Denial 	0.0661	0.7727	0.1219	66
Support	0.5595	0.6380	0.5962	221
Comment	0.4091	0.0882	0.1452	102
Queries	0.8947	0.0252	0.0490	675
MacroF1	0.2281
F1w_avg	0.1764
Acc    	20.5

02/26/2021 15:25:41 - INFO - __main__ -   	EPOCH:   1	MiniBatch:    0
02/26/2021 15:25:41 - INFO - __main__ -   	EPOCH:   1	MiniBatch:    1
02/26/2021 15:25:42 - INFO - __main__ -   	EPOCH:   1	MiniBatch:    2
02/26/2021 15:25:42 - INFO - __main__ -   	EPOCH:   1	MiniBatch:    3
02/26/2021 15:25:43 - INFO - __main__ -   	EPOCH:   1	MiniBatch:    4
02/26/2021 15:25:43 - INFO - __main__ -   	EPOCH:   1	MiniBatch:    5
02/26/2021 15:25:44 - INFO - __main__ -   	EPOCH:   1	MiniBatch:    6
02/26/2021 15:25:44 - INFO - __main__ -   	EPOCH:   1	MiniBatch:    7
02/26/2021 15:25:45 - INFO - __main__ -   	EPOCH:   1	MiniBatch:    8
02/26/2021 15:25:45 - INFO - __main__ -   	EPOCH:   1	MiniBatch:    9
02/26/2021 15:25:46 - INFO - __main__ -   	EPOCH:   1	MiniBatch:   10
02/26/2021 15:25:46 - INFO - __main__ -   	EPOCH:   1	MiniBatch:   11
02/26/2021 15:25:47 - INFO - __main__ -   	EPOCH:   1	MiniBatch:   12
02/26/2021 15:25:47 - INFO - __main__ -   	EPOCH:   1	MiniBatch:   13
02/26/2021 15:25:48 - INFO - __main__ -   	EPOCH:   1	MiniBatch:   14
02/26/2021 15:25:48 - INFO - __main__ -   	EPOCH:   1	MiniBatch:   15
02/26/2021 15:25:49 - INFO - __main__ -   	EPOCH:   1	MiniBatch:   16
02/26/2021 15:25:49 - INFO - __main__ -   	EPOCH:   1	MiniBatch:   17
02/26/2021 15:25:50 - INFO - __main__ -   	EPOCH:   1	MiniBatch:   18
02/26/2021 15:25:50 - INFO - __main__ -   	EPOCH:   1	MiniBatch:   19
02/26/2021 15:25:51 - INFO - __main__ -   	EPOCH:   1	MiniBatch:   20
02/26/2021 15:25:51 - INFO - __main__ -   	EPOCH:   1	MiniBatch:   21
02/26/2021 15:25:52 - INFO - __main__ -   	EPOCH:   1	MiniBatch:   22
02/26/2021 15:25:52 - INFO - __main__ -   	EPOCH:   1	MiniBatch:   23
02/26/2021 15:25:53 - INFO - __main__ -   	EPOCH:   1	MiniBatch:   24
02/26/2021 15:25:53 - INFO - __main__ -   	EPOCH:   1	MiniBatch:   25
02/26/2021 15:25:54 - INFO - __main__ -   	EPOCH:   1	MiniBatch:   26
02/26/2021 15:25:54 - INFO - __main__ -   	EPOCH:   1	MiniBatch:   27
02/26/2021 15:25:55 - INFO - __main__ -   	EPOCH:   1	MiniBatch:   28
02/26/2021 15:25:55 - INFO - __main__ -   	EPOCH:   1	MiniBatch:   29
02/26/2021 15:25:56 - INFO - __main__ -   	EPOCH:   1	MiniBatch:   30
02/26/2021 15:25:56 - INFO - __main__ -   	EPOCH:   1	MiniBatch:   31
02/26/2021 15:25:57 - INFO - __main__ -   	Testing dev Minibatch:    0
02/26/2021 15:25:57 - INFO - __main__ -   	Testing dev Minibatch:    1
02/26/2021 15:25:57 - INFO - __main__ -   	Testing dev Minibatch:    2
02/26/2021 15:25:58 - INFO - __main__ -   	Testing dev Minibatch:    3
02/26/2021 15:25:58 - INFO - __main__ -   
Labels 	Prec. 	Recall	F1    	Supp  
Denial 	0.1618	0.3333	0.2178	66
Support	0.5236	0.6516	0.5806	221
Comment	0.3318	0.7157	0.4534	102
Queries	0.8291	0.5319	0.6480	675
MacroF1	0.4750
F1w_avg	0.5887
Acc    	56.2

02/26/2021 15:26:00 - INFO - __main__ -   	EPOCH:   2	MiniBatch:    0
02/26/2021 15:26:01 - INFO - __main__ -   	EPOCH:   2	MiniBatch:    1
02/26/2021 15:26:01 - INFO - __main__ -   	EPOCH:   2	MiniBatch:    2
02/26/2021 15:26:02 - INFO - __main__ -   	EPOCH:   2	MiniBatch:    3
02/26/2021 15:26:02 - INFO - __main__ -   	EPOCH:   2	MiniBatch:    4
02/26/2021 15:26:03 - INFO - __main__ -   	EPOCH:   2	MiniBatch:    5
02/26/2021 15:26:03 - INFO - __main__ -   	EPOCH:   2	MiniBatch:    6
02/26/2021 15:26:04 - INFO - __main__ -   	EPOCH:   2	MiniBatch:    7
02/26/2021 15:26:04 - INFO - __main__ -   	EPOCH:   2	MiniBatch:    8
02/26/2021 15:26:04 - INFO - __main__ -   	EPOCH:   2	MiniBatch:    9
02/26/2021 15:26:05 - INFO - __main__ -   	EPOCH:   2	MiniBatch:   10
02/26/2021 15:26:05 - INFO - __main__ -   	EPOCH:   2	MiniBatch:   11
02/26/2021 15:26:06 - INFO - __main__ -   	EPOCH:   2	MiniBatch:   12
02/26/2021 15:26:06 - INFO - __main__ -   	EPOCH:   2	MiniBatch:   13
02/26/2021 15:26:07 - INFO - __main__ -   	EPOCH:   2	MiniBatch:   14
02/26/2021 15:26:07 - INFO - __main__ -   	EPOCH:   2	MiniBatch:   15
02/26/2021 15:26:08 - INFO - __main__ -   	EPOCH:   2	MiniBatch:   16
02/26/2021 15:26:08 - INFO - __main__ -   	EPOCH:   2	MiniBatch:   17
02/26/2021 15:26:09 - INFO - __main__ -   	EPOCH:   2	MiniBatch:   18
02/26/2021 15:26:09 - INFO - __main__ -   	EPOCH:   2	MiniBatch:   19
02/26/2021 15:26:10 - INFO - __main__ -   	EPOCH:   2	MiniBatch:   20
02/26/2021 15:26:10 - INFO - __main__ -   	EPOCH:   2	MiniBatch:   21
02/26/2021 15:26:11 - INFO - __main__ -   	EPOCH:   2	MiniBatch:   22
02/26/2021 15:26:11 - INFO - __main__ -   	EPOCH:   2	MiniBatch:   23
02/26/2021 15:26:12 - INFO - __main__ -   	EPOCH:   2	MiniBatch:   24
02/26/2021 15:26:12 - INFO - __main__ -   	EPOCH:   2	MiniBatch:   25
02/26/2021 15:26:13 - INFO - __main__ -   	EPOCH:   2	MiniBatch:   26
02/26/2021 15:26:13 - INFO - __main__ -   	EPOCH:   2	MiniBatch:   27
02/26/2021 15:26:14 - INFO - __main__ -   	EPOCH:   2	MiniBatch:   28
02/26/2021 15:26:14 - INFO - __main__ -   	EPOCH:   2	MiniBatch:   29
02/26/2021 15:26:15 - INFO - __main__ -   	EPOCH:   2	MiniBatch:   30
02/26/2021 15:26:15 - INFO - __main__ -   	EPOCH:   2	MiniBatch:   31
02/26/2021 15:26:16 - INFO - __main__ -   	Testing dev Minibatch:    0
02/26/2021 15:26:16 - INFO - __main__ -   	Testing dev Minibatch:    1
02/26/2021 15:26:17 - INFO - __main__ -   	Testing dev Minibatch:    2
02/26/2021 15:26:17 - INFO - __main__ -   	Testing dev Minibatch:    3
02/26/2021 15:26:17 - INFO - __main__ -   
Labels 	Prec. 	Recall	F1    	Supp  
Denial 	0.1574	0.5606	0.2458	66
Support	0.5396	0.6471	0.5885	221
Comment	0.5044	0.5588	0.5302	102
Queries	0.8337	0.5570	0.6679	675
MacroF1	0.5081
F1w_avg	0.6120
Acc    	57.6

02/26/2021 15:26:19 - INFO - __main__ -   	EPOCH:   3	MiniBatch:    0
02/26/2021 15:26:20 - INFO - __main__ -   	EPOCH:   3	MiniBatch:    1
02/26/2021 15:26:20 - INFO - __main__ -   	EPOCH:   3	MiniBatch:    2
02/26/2021 15:26:21 - INFO - __main__ -   	EPOCH:   3	MiniBatch:    3
02/26/2021 15:26:21 - INFO - __main__ -   	EPOCH:   3	MiniBatch:    4
02/26/2021 15:26:22 - INFO - __main__ -   	EPOCH:   3	MiniBatch:    5
02/26/2021 15:26:22 - INFO - __main__ -   	EPOCH:   3	MiniBatch:    6
02/26/2021 15:26:23 - INFO - __main__ -   	EPOCH:   3	MiniBatch:    7
02/26/2021 15:26:23 - INFO - __main__ -   	EPOCH:   3	MiniBatch:    8
02/26/2021 15:26:24 - INFO - __main__ -   	EPOCH:   3	MiniBatch:    9
02/26/2021 15:26:24 - INFO - __main__ -   	EPOCH:   3	MiniBatch:   10
02/26/2021 15:26:24 - INFO - __main__ -   	EPOCH:   3	MiniBatch:   11
02/26/2021 15:26:25 - INFO - __main__ -   	EPOCH:   3	MiniBatch:   12
02/26/2021 15:26:25 - INFO - __main__ -   	EPOCH:   3	MiniBatch:   13
02/26/2021 15:26:26 - INFO - __main__ -   	EPOCH:   3	MiniBatch:   14
02/26/2021 15:26:26 - INFO - __main__ -   	EPOCH:   3	MiniBatch:   15
02/26/2021 15:26:27 - INFO - __main__ -   	EPOCH:   3	MiniBatch:   16
02/26/2021 15:26:27 - INFO - __main__ -   	EPOCH:   3	MiniBatch:   17
02/26/2021 15:26:28 - INFO - __main__ -   	EPOCH:   3	MiniBatch:   18
02/26/2021 15:26:28 - INFO - __main__ -   	EPOCH:   3	MiniBatch:   19
02/26/2021 15:26:29 - INFO - __main__ -   	EPOCH:   3	MiniBatch:   20
02/26/2021 15:26:29 - INFO - __main__ -   	EPOCH:   3	MiniBatch:   21
02/26/2021 15:26:30 - INFO - __main__ -   	EPOCH:   3	MiniBatch:   22
02/26/2021 15:26:30 - INFO - __main__ -   	EPOCH:   3	MiniBatch:   23
02/26/2021 15:26:31 - INFO - __main__ -   	EPOCH:   3	MiniBatch:   24
02/26/2021 15:26:31 - INFO - __main__ -   	EPOCH:   3	MiniBatch:   25
02/26/2021 15:26:32 - INFO - __main__ -   	EPOCH:   3	MiniBatch:   26
02/26/2021 15:26:32 - INFO - __main__ -   	EPOCH:   3	MiniBatch:   27
02/26/2021 15:26:33 - INFO - __main__ -   	EPOCH:   3	MiniBatch:   28
02/26/2021 15:26:33 - INFO - __main__ -   	EPOCH:   3	MiniBatch:   29
02/26/2021 15:26:34 - INFO - __main__ -   	EPOCH:   3	MiniBatch:   30
02/26/2021 15:26:34 - INFO - __main__ -   	EPOCH:   3	MiniBatch:   31
02/26/2021 15:26:35 - INFO - __main__ -   	Testing dev Minibatch:    0
02/26/2021 15:26:35 - INFO - __main__ -   	Testing dev Minibatch:    1
02/26/2021 15:26:36 - INFO - __main__ -   	Testing dev Minibatch:    2
02/26/2021 15:26:36 - INFO - __main__ -   	Testing dev Minibatch:    3
02/26/2021 15:26:36 - INFO - __main__ -   
Labels 	Prec. 	Recall	F1    	Supp  
Denial 	0.1225	0.4697	0.1944	66
Support	0.5309	0.6606	0.5887	221
Comment	0.4189	0.6078	0.4960	102
Queries	0.8428	0.4844	0.6152	675
MacroF1	0.4736
F1w_avg	0.5722
Acc    	53.2

02/26/2021 15:26:37 - INFO - __main__ -   	EPOCH:   4	MiniBatch:    0
02/26/2021 15:26:37 - INFO - __main__ -   	EPOCH:   4	MiniBatch:    1
02/26/2021 15:26:38 - INFO - __main__ -   	EPOCH:   4	MiniBatch:    2
02/26/2021 15:26:38 - INFO - __main__ -   	EPOCH:   4	MiniBatch:    3
02/26/2021 15:26:39 - INFO - __main__ -   	EPOCH:   4	MiniBatch:    4
02/26/2021 15:26:39 - INFO - __main__ -   	EPOCH:   4	MiniBatch:    5
02/26/2021 15:26:40 - INFO - __main__ -   	EPOCH:   4	MiniBatch:    6
02/26/2021 15:26:40 - INFO - __main__ -   	EPOCH:   4	MiniBatch:    7
02/26/2021 15:26:40 - INFO - __main__ -   	EPOCH:   4	MiniBatch:    8
02/26/2021 15:26:41 - INFO - __main__ -   	EPOCH:   4	MiniBatch:    9
02/26/2021 15:26:41 - INFO - __main__ -   	EPOCH:   4	MiniBatch:   10
02/26/2021 15:26:42 - INFO - __main__ -   	EPOCH:   4	MiniBatch:   11
02/26/2021 15:26:42 - INFO - __main__ -   	EPOCH:   4	MiniBatch:   12
02/26/2021 15:26:43 - INFO - __main__ -   	EPOCH:   4	MiniBatch:   13
02/26/2021 15:26:43 - INFO - __main__ -   	EPOCH:   4	MiniBatch:   14
02/26/2021 15:26:44 - INFO - __main__ -   	EPOCH:   4	MiniBatch:   15
02/26/2021 15:26:44 - INFO - __main__ -   	EPOCH:   4	MiniBatch:   16
02/26/2021 15:26:45 - INFO - __main__ -   	EPOCH:   4	MiniBatch:   17
02/26/2021 15:26:45 - INFO - __main__ -   	EPOCH:   4	MiniBatch:   18
02/26/2021 15:26:46 - INFO - __main__ -   	EPOCH:   4	MiniBatch:   19
02/26/2021 15:26:46 - INFO - __main__ -   	EPOCH:   4	MiniBatch:   20
02/26/2021 15:26:47 - INFO - __main__ -   	EPOCH:   4	MiniBatch:   21
02/26/2021 15:26:47 - INFO - __main__ -   	EPOCH:   4	MiniBatch:   22
02/26/2021 15:26:48 - INFO - __main__ -   	EPOCH:   4	MiniBatch:   23
02/26/2021 15:26:48 - INFO - __main__ -   	EPOCH:   4	MiniBatch:   24
02/26/2021 15:26:49 - INFO - __main__ -   	EPOCH:   4	MiniBatch:   25
02/26/2021 15:26:49 - INFO - __main__ -   	EPOCH:   4	MiniBatch:   26
02/26/2021 15:26:50 - INFO - __main__ -   	EPOCH:   4	MiniBatch:   27
02/26/2021 15:26:50 - INFO - __main__ -   	EPOCH:   4	MiniBatch:   28
02/26/2021 15:26:51 - INFO - __main__ -   	EPOCH:   4	MiniBatch:   29
02/26/2021 15:26:51 - INFO - __main__ -   	EPOCH:   4	MiniBatch:   30
02/26/2021 15:26:52 - INFO - __main__ -   	EPOCH:   4	MiniBatch:   31
02/26/2021 15:26:52 - INFO - __main__ -   	Testing dev Minibatch:    0
02/26/2021 15:26:53 - INFO - __main__ -   	Testing dev Minibatch:    1
02/26/2021 15:26:53 - INFO - __main__ -   	Testing dev Minibatch:    2
02/26/2021 15:26:54 - INFO - __main__ -   	Testing dev Minibatch:    3
02/26/2021 15:26:54 - INFO - __main__ -   
Labels 	Prec. 	Recall	F1    	Supp  
Denial 	0.1429	0.5455	0.2264	66
Support	0.5231	0.6652	0.5857	221
Comment	0.4109	0.5196	0.4589	102
Queries	0.8532	0.5081	0.6370	675
MacroF1	0.4770
F1w_avg	0.5838
Acc    	54.4

02/26/2021 15:26:54 - INFO - __main__ -   	EPOCH:   5	MiniBatch:    0
02/26/2021 15:26:55 - INFO - __main__ -   	EPOCH:   5	MiniBatch:    1
02/26/2021 15:26:55 - INFO - __main__ -   	EPOCH:   5	MiniBatch:    2
02/26/2021 15:26:56 - INFO - __main__ -   	EPOCH:   5	MiniBatch:    3
02/26/2021 15:26:56 - INFO - __main__ -   	EPOCH:   5	MiniBatch:    4
02/26/2021 15:26:56 - INFO - __main__ -   	EPOCH:   5	MiniBatch:    5
02/26/2021 15:26:57 - INFO - __main__ -   	EPOCH:   5	MiniBatch:    6
02/26/2021 15:26:57 - INFO - __main__ -   	EPOCH:   5	MiniBatch:    7
02/26/2021 15:26:58 - INFO - __main__ -   	EPOCH:   5	MiniBatch:    8
02/26/2021 15:26:58 - INFO - __main__ -   	EPOCH:   5	MiniBatch:    9
02/26/2021 15:26:59 - INFO - __main__ -   	EPOCH:   5	MiniBatch:   10
02/26/2021 15:26:59 - INFO - __main__ -   	EPOCH:   5	MiniBatch:   11
02/26/2021 15:27:00 - INFO - __main__ -   	EPOCH:   5	MiniBatch:   12
02/26/2021 15:27:00 - INFO - __main__ -   	EPOCH:   5	MiniBatch:   13
02/26/2021 15:27:01 - INFO - __main__ -   	EPOCH:   5	MiniBatch:   14
02/26/2021 15:27:01 - INFO - __main__ -   	EPOCH:   5	MiniBatch:   15
02/26/2021 15:27:02 - INFO - __main__ -   	EPOCH:   5	MiniBatch:   16
02/26/2021 15:27:02 - INFO - __main__ -   	EPOCH:   5	MiniBatch:   17
02/26/2021 15:27:03 - INFO - __main__ -   	EPOCH:   5	MiniBatch:   18
02/26/2021 15:27:03 - INFO - __main__ -   	EPOCH:   5	MiniBatch:   19
02/26/2021 15:27:04 - INFO - __main__ -   	EPOCH:   5	MiniBatch:   20
02/26/2021 15:27:04 - INFO - __main__ -   	EPOCH:   5	MiniBatch:   21
02/26/2021 15:27:05 - INFO - __main__ -   	EPOCH:   5	MiniBatch:   22
02/26/2021 15:27:05 - INFO - __main__ -   	EPOCH:   5	MiniBatch:   23
02/26/2021 15:27:06 - INFO - __main__ -   	EPOCH:   5	MiniBatch:   24
02/26/2021 15:27:06 - INFO - __main__ -   	EPOCH:   5	MiniBatch:   25
02/26/2021 15:27:07 - INFO - __main__ -   	EPOCH:   5	MiniBatch:   26
02/26/2021 15:27:07 - INFO - __main__ -   	EPOCH:   5	MiniBatch:   27
02/26/2021 15:27:08 - INFO - __main__ -   	EPOCH:   5	MiniBatch:   28
02/26/2021 15:27:08 - INFO - __main__ -   	EPOCH:   5	MiniBatch:   29
02/26/2021 15:27:09 - INFO - __main__ -   	EPOCH:   5	MiniBatch:   30
02/26/2021 15:27:09 - INFO - __main__ -   	EPOCH:   5	MiniBatch:   31
02/26/2021 15:27:10 - INFO - __main__ -   	Testing dev Minibatch:    0
02/26/2021 15:27:10 - INFO - __main__ -   	Testing dev Minibatch:    1
02/26/2021 15:27:11 - INFO - __main__ -   	Testing dev Minibatch:    2
02/26/2021 15:27:11 - INFO - __main__ -   	Testing dev Minibatch:    3
02/26/2021 15:27:11 - INFO - __main__ -   
Labels 	Prec. 	Recall	F1    	Supp  
Denial 	0.1827	0.2879	0.2235	66
Support	0.5437	0.6199	0.5793	221
Comment	0.5341	0.4608	0.4947	102
Queries	0.7823	0.7185	0.7490	675
MacroF1	0.5116
F1w_avg	0.6568
Acc    	64.7

02/26/2021 15:27:13 - INFO - __main__ -   	EPOCH:   6	MiniBatch:    0
02/26/2021 15:27:14 - INFO - __main__ -   	EPOCH:   6	MiniBatch:    1
02/26/2021 15:27:14 - INFO - __main__ -   	EPOCH:   6	MiniBatch:    2
02/26/2021 15:27:15 - INFO - __main__ -   	EPOCH:   6	MiniBatch:    3
02/26/2021 15:27:15 - INFO - __main__ -   	EPOCH:   6	MiniBatch:    4
02/26/2021 15:27:16 - INFO - __main__ -   	EPOCH:   6	MiniBatch:    5
02/26/2021 15:27:16 - INFO - __main__ -   	EPOCH:   6	MiniBatch:    6
02/26/2021 15:27:17 - INFO - __main__ -   	EPOCH:   6	MiniBatch:    7
02/26/2021 15:27:17 - INFO - __main__ -   	EPOCH:   6	MiniBatch:    8
02/26/2021 15:27:18 - INFO - __main__ -   	EPOCH:   6	MiniBatch:    9
02/26/2021 15:27:18 - INFO - __main__ -   	EPOCH:   6	MiniBatch:   10
02/26/2021 15:27:19 - INFO - __main__ -   	EPOCH:   6	MiniBatch:   11
02/26/2021 15:27:19 - INFO - __main__ -   	EPOCH:   6	MiniBatch:   12
02/26/2021 15:27:20 - INFO - __main__ -   	EPOCH:   6	MiniBatch:   13
02/26/2021 15:27:20 - INFO - __main__ -   	EPOCH:   6	MiniBatch:   14
02/26/2021 15:27:20 - INFO - __main__ -   	EPOCH:   6	MiniBatch:   15
02/26/2021 15:27:21 - INFO - __main__ -   	EPOCH:   6	MiniBatch:   16
02/26/2021 15:27:21 - INFO - __main__ -   	EPOCH:   6	MiniBatch:   17
02/26/2021 15:27:22 - INFO - __main__ -   	EPOCH:   6	MiniBatch:   18
02/26/2021 15:27:22 - INFO - __main__ -   	EPOCH:   6	MiniBatch:   19
02/26/2021 15:27:23 - INFO - __main__ -   	EPOCH:   6	MiniBatch:   20
02/26/2021 15:27:23 - INFO - __main__ -   	EPOCH:   6	MiniBatch:   21
02/26/2021 15:27:24 - INFO - __main__ -   	EPOCH:   6	MiniBatch:   22
02/26/2021 15:27:24 - INFO - __main__ -   	EPOCH:   6	MiniBatch:   23
02/26/2021 15:27:25 - INFO - __main__ -   	EPOCH:   6	MiniBatch:   24
02/26/2021 15:27:25 - INFO - __main__ -   	EPOCH:   6	MiniBatch:   25
02/26/2021 15:27:26 - INFO - __main__ -   	EPOCH:   6	MiniBatch:   26
02/26/2021 15:27:26 - INFO - __main__ -   	EPOCH:   6	MiniBatch:   27
02/26/2021 15:27:27 - INFO - __main__ -   	EPOCH:   6	MiniBatch:   28
02/26/2021 15:27:27 - INFO - __main__ -   	EPOCH:   6	MiniBatch:   29
02/26/2021 15:27:28 - INFO - __main__ -   	EPOCH:   6	MiniBatch:   30
02/26/2021 15:27:28 - INFO - __main__ -   	EPOCH:   6	MiniBatch:   31
02/26/2021 15:27:29 - INFO - __main__ -   	Testing dev Minibatch:    0
02/26/2021 15:27:29 - INFO - __main__ -   	Testing dev Minibatch:    1
02/26/2021 15:27:30 - INFO - __main__ -   	Testing dev Minibatch:    2
02/26/2021 15:27:30 - INFO - __main__ -   	Testing dev Minibatch:    3
02/26/2021 15:27:30 - INFO - __main__ -   
Labels 	Prec. 	Recall	F1    	Supp  
Denial 	0.1835	0.3030	0.2286	66
Support	0.5211	0.6697	0.5861	221
Comment	0.4380	0.5196	0.4753	102
Queries	0.7964	0.6489	0.7151	675
MacroF1	0.5013
F1w_avg	0.6352
Acc    	61.9

02/26/2021 15:27:31 - INFO - __main__ -   	EPOCH:   7	MiniBatch:    0
02/26/2021 15:27:31 - INFO - __main__ -   	EPOCH:   7	MiniBatch:    1
02/26/2021 15:27:32 - INFO - __main__ -   	EPOCH:   7	MiniBatch:    2
02/26/2021 15:27:32 - INFO - __main__ -   	EPOCH:   7	MiniBatch:    3
02/26/2021 15:27:33 - INFO - __main__ -   	EPOCH:   7	MiniBatch:    4
02/26/2021 15:27:33 - INFO - __main__ -   	EPOCH:   7	MiniBatch:    5
02/26/2021 15:27:34 - INFO - __main__ -   	EPOCH:   7	MiniBatch:    6
02/26/2021 15:27:34 - INFO - __main__ -   	EPOCH:   7	MiniBatch:    7
02/26/2021 15:27:35 - INFO - __main__ -   	EPOCH:   7	MiniBatch:    8
02/26/2021 15:27:35 - INFO - __main__ -   	EPOCH:   7	MiniBatch:    9
02/26/2021 15:27:35 - INFO - __main__ -   	EPOCH:   7	MiniBatch:   10
02/26/2021 15:27:36 - INFO - __main__ -   	EPOCH:   7	MiniBatch:   11
02/26/2021 15:27:36 - INFO - __main__ -   	EPOCH:   7	MiniBatch:   12
02/26/2021 15:27:37 - INFO - __main__ -   	EPOCH:   7	MiniBatch:   13
02/26/2021 15:27:37 - INFO - __main__ -   	EPOCH:   7	MiniBatch:   14
02/26/2021 15:27:38 - INFO - __main__ -   	EPOCH:   7	MiniBatch:   15
02/26/2021 15:27:38 - INFO - __main__ -   	EPOCH:   7	MiniBatch:   16
02/26/2021 15:27:39 - INFO - __main__ -   	EPOCH:   7	MiniBatch:   17
02/26/2021 15:27:39 - INFO - __main__ -   	EPOCH:   7	MiniBatch:   18
02/26/2021 15:27:40 - INFO - __main__ -   	EPOCH:   7	MiniBatch:   19
02/26/2021 15:27:40 - INFO - __main__ -   	EPOCH:   7	MiniBatch:   20
02/26/2021 15:27:41 - INFO - __main__ -   	EPOCH:   7	MiniBatch:   21
02/26/2021 15:27:41 - INFO - __main__ -   	EPOCH:   7	MiniBatch:   22
02/26/2021 15:27:42 - INFO - __main__ -   	EPOCH:   7	MiniBatch:   23
02/26/2021 15:27:42 - INFO - __main__ -   	EPOCH:   7	MiniBatch:   24
02/26/2021 15:27:43 - INFO - __main__ -   	EPOCH:   7	MiniBatch:   25
02/26/2021 15:27:43 - INFO - __main__ -   	EPOCH:   7	MiniBatch:   26
02/26/2021 15:27:44 - INFO - __main__ -   	EPOCH:   7	MiniBatch:   27
02/26/2021 15:27:44 - INFO - __main__ -   	EPOCH:   7	MiniBatch:   28
02/26/2021 15:27:45 - INFO - __main__ -   	EPOCH:   7	MiniBatch:   29
02/26/2021 15:27:45 - INFO - __main__ -   	EPOCH:   7	MiniBatch:   30
02/26/2021 15:27:46 - INFO - __main__ -   	EPOCH:   7	MiniBatch:   31
02/26/2021 15:27:46 - INFO - __main__ -   	Testing dev Minibatch:    0
02/26/2021 15:27:47 - INFO - __main__ -   	Testing dev Minibatch:    1
02/26/2021 15:27:47 - INFO - __main__ -   	Testing dev Minibatch:    2
02/26/2021 15:27:48 - INFO - __main__ -   	Testing dev Minibatch:    3
02/26/2021 15:27:48 - INFO - __main__ -   
Labels 	Prec. 	Recall	F1    	Supp  
Denial 	0.1942	0.3030	0.2367	66
Support	0.5036	0.6290	0.5594	221
Comment	0.5062	0.4020	0.4481	102
Queries	0.7831	0.7007	0.7396	675
MacroF1	0.4959
F1w_avg	0.6430
Acc    	63.3

02/26/2021 15:27:48 - INFO - __main__ -   	EPOCH:   8	MiniBatch:    0
02/26/2021 15:27:49 - INFO - __main__ -   	EPOCH:   8	MiniBatch:    1
02/26/2021 15:27:49 - INFO - __main__ -   	EPOCH:   8	MiniBatch:    2
02/26/2021 15:27:50 - INFO - __main__ -   	EPOCH:   8	MiniBatch:    3
02/26/2021 15:27:50 - INFO - __main__ -   	EPOCH:   8	MiniBatch:    4
02/26/2021 15:27:51 - INFO - __main__ -   	EPOCH:   8	MiniBatch:    5
02/26/2021 15:27:51 - INFO - __main__ -   	EPOCH:   8	MiniBatch:    6
02/26/2021 15:27:52 - INFO - __main__ -   	EPOCH:   8	MiniBatch:    7
02/26/2021 15:27:52 - INFO - __main__ -   	EPOCH:   8	MiniBatch:    8
02/26/2021 15:27:53 - INFO - __main__ -   	EPOCH:   8	MiniBatch:    9
02/26/2021 15:27:53 - INFO - __main__ -   	EPOCH:   8	MiniBatch:   10
02/26/2021 15:27:53 - INFO - __main__ -   	EPOCH:   8	MiniBatch:   11
02/26/2021 15:27:54 - INFO - __main__ -   	EPOCH:   8	MiniBatch:   12
02/26/2021 15:27:54 - INFO - __main__ -   	EPOCH:   8	MiniBatch:   13
02/26/2021 15:27:55 - INFO - __main__ -   	EPOCH:   8	MiniBatch:   14
02/26/2021 15:27:55 - INFO - __main__ -   	EPOCH:   8	MiniBatch:   15
02/26/2021 15:27:56 - INFO - __main__ -   	EPOCH:   8	MiniBatch:   16
02/26/2021 15:27:56 - INFO - __main__ -   	EPOCH:   8	MiniBatch:   17
02/26/2021 15:27:57 - INFO - __main__ -   	EPOCH:   8	MiniBatch:   18
02/26/2021 15:27:57 - INFO - __main__ -   	EPOCH:   8	MiniBatch:   19
02/26/2021 15:27:58 - INFO - __main__ -   	EPOCH:   8	MiniBatch:   20
02/26/2021 15:27:58 - INFO - __main__ -   	EPOCH:   8	MiniBatch:   21
02/26/2021 15:27:59 - INFO - __main__ -   	EPOCH:   8	MiniBatch:   22
02/26/2021 15:27:59 - INFO - __main__ -   	EPOCH:   8	MiniBatch:   23
02/26/2021 15:28:00 - INFO - __main__ -   	EPOCH:   8	MiniBatch:   24
02/26/2021 15:28:00 - INFO - __main__ -   	EPOCH:   8	MiniBatch:   25
02/26/2021 15:28:01 - INFO - __main__ -   	EPOCH:   8	MiniBatch:   26
02/26/2021 15:28:01 - INFO - __main__ -   	EPOCH:   8	MiniBatch:   27
02/26/2021 15:28:02 - INFO - __main__ -   	EPOCH:   8	MiniBatch:   28
02/26/2021 15:28:02 - INFO - __main__ -   	EPOCH:   8	MiniBatch:   29
02/26/2021 15:28:03 - INFO - __main__ -   	EPOCH:   8	MiniBatch:   30
02/26/2021 15:28:03 - INFO - __main__ -   	EPOCH:   8	MiniBatch:   31
02/26/2021 15:28:04 - INFO - __main__ -   	Testing dev Minibatch:    0
02/26/2021 15:28:04 - INFO - __main__ -   	Testing dev Minibatch:    1
02/26/2021 15:28:05 - INFO - __main__ -   	Testing dev Minibatch:    2
02/26/2021 15:28:05 - INFO - __main__ -   	Testing dev Minibatch:    3
02/26/2021 15:28:05 - INFO - __main__ -   
Labels 	Prec. 	Recall	F1    	Supp  
Denial 	0.1807	0.2273	0.2013	66
Support	0.5593	0.5973	0.5777	221
Comment	0.4935	0.3725	0.4246	102
Queries	0.7590	0.7511	0.7550	675
MacroF1	0.4897
F1w_avg	0.6522
Acc    	65.0

02/26/2021 15:28:06 - INFO - __main__ -   	EPOCH:   9	MiniBatch:    0
02/26/2021 15:28:06 - INFO - __main__ -   	EPOCH:   9	MiniBatch:    1
02/26/2021 15:28:07 - INFO - __main__ -   	EPOCH:   9	MiniBatch:    2
02/26/2021 15:28:07 - INFO - __main__ -   	EPOCH:   9	MiniBatch:    3
02/26/2021 15:28:08 - INFO - __main__ -   	EPOCH:   9	MiniBatch:    4
02/26/2021 15:28:08 - INFO - __main__ -   	EPOCH:   9	MiniBatch:    5
02/26/2021 15:28:09 - INFO - __main__ -   	EPOCH:   9	MiniBatch:    6
02/26/2021 15:28:09 - INFO - __main__ -   	EPOCH:   9	MiniBatch:    7
02/26/2021 15:28:10 - INFO - __main__ -   	EPOCH:   9	MiniBatch:    8
02/26/2021 15:28:10 - INFO - __main__ -   	EPOCH:   9	MiniBatch:    9
02/26/2021 15:28:10 - INFO - __main__ -   	EPOCH:   9	MiniBatch:   10
02/26/2021 15:28:11 - INFO - __main__ -   	EPOCH:   9	MiniBatch:   11
02/26/2021 15:28:11 - INFO - __main__ -   	EPOCH:   9	MiniBatch:   12
02/26/2021 15:28:12 - INFO - __main__ -   	EPOCH:   9	MiniBatch:   13
02/26/2021 15:28:12 - INFO - __main__ -   	EPOCH:   9	MiniBatch:   14
02/26/2021 15:28:13 - INFO - __main__ -   	EPOCH:   9	MiniBatch:   15
02/26/2021 15:28:13 - INFO - __main__ -   	EPOCH:   9	MiniBatch:   16
02/26/2021 15:28:14 - INFO - __main__ -   	EPOCH:   9	MiniBatch:   17
02/26/2021 15:28:14 - INFO - __main__ -   	EPOCH:   9	MiniBatch:   18
02/26/2021 15:28:15 - INFO - __main__ -   	EPOCH:   9	MiniBatch:   19
02/26/2021 15:28:15 - INFO - __main__ -   	EPOCH:   9	MiniBatch:   20
02/26/2021 15:28:16 - INFO - __main__ -   	EPOCH:   9	MiniBatch:   21
02/26/2021 15:28:16 - INFO - __main__ -   	EPOCH:   9	MiniBatch:   22
02/26/2021 15:28:17 - INFO - __main__ -   	EPOCH:   9	MiniBatch:   23
02/26/2021 15:28:17 - INFO - __main__ -   	EPOCH:   9	MiniBatch:   24
02/26/2021 15:28:18 - INFO - __main__ -   	EPOCH:   9	MiniBatch:   25
02/26/2021 15:28:18 - INFO - __main__ -   	EPOCH:   9	MiniBatch:   26
02/26/2021 15:28:19 - INFO - __main__ -   	EPOCH:   9	MiniBatch:   27
02/26/2021 15:28:19 - INFO - __main__ -   	EPOCH:   9	MiniBatch:   28
02/26/2021 15:28:20 - INFO - __main__ -   	EPOCH:   9	MiniBatch:   29
02/26/2021 15:28:20 - INFO - __main__ -   	EPOCH:   9	MiniBatch:   30
02/26/2021 15:28:21 - INFO - __main__ -   	EPOCH:   9	MiniBatch:   31
02/26/2021 15:28:21 - INFO - __main__ -   	Testing dev Minibatch:    0
02/26/2021 15:28:22 - INFO - __main__ -   	Testing dev Minibatch:    1
02/26/2021 15:28:22 - INFO - __main__ -   	Testing dev Minibatch:    2
02/26/2021 15:28:23 - INFO - __main__ -   	Testing dev Minibatch:    3
02/26/2021 15:28:23 - INFO - __main__ -   
Labels 	Prec. 	Recall	F1    	Supp  
Denial 	0.1642	0.3333	0.2200	66
Support	0.6075	0.5113	0.5553	221
Comment	0.4182	0.4510	0.4340	102
Queries	0.7666	0.7200	0.7426	675
MacroF1	0.4879
F1w_avg	0.6417
Acc    	62.7

02/26/2021 15:28:23 - INFO - __main__ -   	EPOCH:  10	MiniBatch:    0
02/26/2021 15:28:24 - INFO - __main__ -   	EPOCH:  10	MiniBatch:    1
02/26/2021 15:28:24 - INFO - __main__ -   	EPOCH:  10	MiniBatch:    2
02/26/2021 15:28:25 - INFO - __main__ -   	EPOCH:  10	MiniBatch:    3
02/26/2021 15:28:25 - INFO - __main__ -   	EPOCH:  10	MiniBatch:    4
02/26/2021 15:28:26 - INFO - __main__ -   	EPOCH:  10	MiniBatch:    5
02/26/2021 15:28:26 - INFO - __main__ -   	EPOCH:  10	MiniBatch:    6
02/26/2021 15:28:27 - INFO - __main__ -   	EPOCH:  10	MiniBatch:    7
02/26/2021 15:28:27 - INFO - __main__ -   	EPOCH:  10	MiniBatch:    8
02/26/2021 15:28:27 - INFO - __main__ -   	EPOCH:  10	MiniBatch:    9
02/26/2021 15:28:28 - INFO - __main__ -   	EPOCH:  10	MiniBatch:   10
02/26/2021 15:28:28 - INFO - __main__ -   	EPOCH:  10	MiniBatch:   11
02/26/2021 15:28:29 - INFO - __main__ -   	EPOCH:  10	MiniBatch:   12
02/26/2021 15:28:29 - INFO - __main__ -   	EPOCH:  10	MiniBatch:   13
02/26/2021 15:28:30 - INFO - __main__ -   	EPOCH:  10	MiniBatch:   14
02/26/2021 15:28:30 - INFO - __main__ -   	EPOCH:  10	MiniBatch:   15
02/26/2021 15:28:31 - INFO - __main__ -   	EPOCH:  10	MiniBatch:   16
02/26/2021 15:28:31 - INFO - __main__ -   	EPOCH:  10	MiniBatch:   17
02/26/2021 15:28:32 - INFO - __main__ -   	EPOCH:  10	MiniBatch:   18
02/26/2021 15:28:32 - INFO - __main__ -   	EPOCH:  10	MiniBatch:   19
02/26/2021 15:28:33 - INFO - __main__ -   	EPOCH:  10	MiniBatch:   20
02/26/2021 15:28:33 - INFO - __main__ -   	EPOCH:  10	MiniBatch:   21
02/26/2021 15:28:34 - INFO - __main__ -   	EPOCH:  10	MiniBatch:   22
02/26/2021 15:28:34 - INFO - __main__ -   	EPOCH:  10	MiniBatch:   23
02/26/2021 15:28:35 - INFO - __main__ -   	EPOCH:  10	MiniBatch:   24
02/26/2021 15:28:35 - INFO - __main__ -   	EPOCH:  10	MiniBatch:   25
02/26/2021 15:28:36 - INFO - __main__ -   	EPOCH:  10	MiniBatch:   26
02/26/2021 15:28:36 - INFO - __main__ -   	EPOCH:  10	MiniBatch:   27
02/26/2021 15:28:37 - INFO - __main__ -   	EPOCH:  10	MiniBatch:   28
02/26/2021 15:28:37 - INFO - __main__ -   	EPOCH:  10	MiniBatch:   29
02/26/2021 15:28:38 - INFO - __main__ -   	EPOCH:  10	MiniBatch:   30
02/26/2021 15:28:38 - INFO - __main__ -   	EPOCH:  10	MiniBatch:   31
02/26/2021 15:28:39 - INFO - __main__ -   	Testing dev Minibatch:    0
02/26/2021 15:28:39 - INFO - __main__ -   	Testing dev Minibatch:    1
02/26/2021 15:28:40 - INFO - __main__ -   	Testing dev Minibatch:    2
02/26/2021 15:28:40 - INFO - __main__ -   	Testing dev Minibatch:    3
02/26/2021 15:28:40 - INFO - __main__ -   
Labels 	Prec. 	Recall	F1    	Supp  
Denial 	0.2400	0.2727	0.2553	66
Support	0.5690	0.5973	0.5828	221
Comment	0.5278	0.3725	0.4368	102
Queries	0.7606	0.7719	0.7662	675
MacroF1	0.5103
F1w_avg	0.6648
Acc    	66.6

02/26/2021 15:28:41 - INFO - __main__ -   	EPOCH:  11	MiniBatch:    0
02/26/2021 15:28:41 - INFO - __main__ -   	EPOCH:  11	MiniBatch:    1
02/26/2021 15:28:42 - INFO - __main__ -   	EPOCH:  11	MiniBatch:    2
02/26/2021 15:28:42 - INFO - __main__ -   	EPOCH:  11	MiniBatch:    3
02/26/2021 15:28:43 - INFO - __main__ -   	EPOCH:  11	MiniBatch:    4
02/26/2021 15:28:43 - INFO - __main__ -   	EPOCH:  11	MiniBatch:    5
02/26/2021 15:28:43 - INFO - __main__ -   	EPOCH:  11	MiniBatch:    6
02/26/2021 15:28:44 - INFO - __main__ -   	EPOCH:  11	MiniBatch:    7
02/26/2021 15:28:44 - INFO - __main__ -   	EPOCH:  11	MiniBatch:    8
02/26/2021 15:28:45 - INFO - __main__ -   	EPOCH:  11	MiniBatch:    9
02/26/2021 15:28:45 - INFO - __main__ -   	EPOCH:  11	MiniBatch:   10
02/26/2021 15:28:46 - INFO - __main__ -   	EPOCH:  11	MiniBatch:   11
02/26/2021 15:28:46 - INFO - __main__ -   	EPOCH:  11	MiniBatch:   12
02/26/2021 15:28:47 - INFO - __main__ -   	EPOCH:  11	MiniBatch:   13
02/26/2021 15:28:47 - INFO - __main__ -   	EPOCH:  11	MiniBatch:   14
02/26/2021 15:28:48 - INFO - __main__ -   	EPOCH:  11	MiniBatch:   15
02/26/2021 15:28:48 - INFO - __main__ -   	EPOCH:  11	MiniBatch:   16
02/26/2021 15:28:49 - INFO - __main__ -   	EPOCH:  11	MiniBatch:   17
02/26/2021 15:28:49 - INFO - __main__ -   	EPOCH:  11	MiniBatch:   18
02/26/2021 15:28:50 - INFO - __main__ -   	EPOCH:  11	MiniBatch:   19
02/26/2021 15:28:50 - INFO - __main__ -   	EPOCH:  11	MiniBatch:   20
02/26/2021 15:28:51 - INFO - __main__ -   	EPOCH:  11	MiniBatch:   21
02/26/2021 15:28:51 - INFO - __main__ -   	EPOCH:  11	MiniBatch:   22
02/26/2021 15:28:52 - INFO - __main__ -   	EPOCH:  11	MiniBatch:   23
02/26/2021 15:28:52 - INFO - __main__ -   	EPOCH:  11	MiniBatch:   24
02/26/2021 15:28:53 - INFO - __main__ -   	EPOCH:  11	MiniBatch:   25
02/26/2021 15:28:53 - INFO - __main__ -   	EPOCH:  11	MiniBatch:   26
02/26/2021 15:28:54 - INFO - __main__ -   	EPOCH:  11	MiniBatch:   27
02/26/2021 15:28:54 - INFO - __main__ -   	EPOCH:  11	MiniBatch:   28
02/26/2021 15:28:55 - INFO - __main__ -   	EPOCH:  11	MiniBatch:   29
02/26/2021 15:28:55 - INFO - __main__ -   	EPOCH:  11	MiniBatch:   30
02/26/2021 15:28:56 - INFO - __main__ -   	EPOCH:  11	MiniBatch:   31
02/26/2021 15:28:56 - INFO - __main__ -   	Testing dev Minibatch:    0
02/26/2021 15:28:57 - INFO - __main__ -   	Testing dev Minibatch:    1
02/26/2021 15:28:57 - INFO - __main__ -   	Testing dev Minibatch:    2
02/26/2021 15:28:58 - INFO - __main__ -   	Testing dev Minibatch:    3
02/26/2021 15:28:58 - INFO - __main__ -   
Labels 	Prec. 	Recall	F1    	Supp  
Denial 	0.2130	0.3485	0.2644	66
Support	0.6185	0.4842	0.5431	221
Comment	0.4653	0.4608	0.4631	102
Queries	0.7669	0.7748	0.7708	675
MacroF1	0.5103
F1w_avg	0.6626
Acc    	65.8

02/26/2021 15:28:58 - INFO - __main__ -   	EPOCH:  12	MiniBatch:    0
02/26/2021 15:28:59 - INFO - __main__ -   	EPOCH:  12	MiniBatch:    1
02/26/2021 15:28:59 - INFO - __main__ -   	EPOCH:  12	MiniBatch:    2
02/26/2021 15:29:00 - INFO - __main__ -   	EPOCH:  12	MiniBatch:    3
02/26/2021 15:29:00 - INFO - __main__ -   	EPOCH:  12	MiniBatch:    4
02/26/2021 15:29:00 - INFO - __main__ -   	EPOCH:  12	MiniBatch:    5
02/26/2021 15:29:01 - INFO - __main__ -   	EPOCH:  12	MiniBatch:    6
02/26/2021 15:29:01 - INFO - __main__ -   	EPOCH:  12	MiniBatch:    7
02/26/2021 15:29:02 - INFO - __main__ -   	EPOCH:  12	MiniBatch:    8
02/26/2021 15:29:02 - INFO - __main__ -   	EPOCH:  12	MiniBatch:    9
02/26/2021 15:29:03 - INFO - __main__ -   	EPOCH:  12	MiniBatch:   10
02/26/2021 15:29:03 - INFO - __main__ -   	EPOCH:  12	MiniBatch:   11
02/26/2021 15:29:04 - INFO - __main__ -   	EPOCH:  12	MiniBatch:   12
02/26/2021 15:29:04 - INFO - __main__ -   	EPOCH:  12	MiniBatch:   13
02/26/2021 15:29:05 - INFO - __main__ -   	EPOCH:  12	MiniBatch:   14
02/26/2021 15:29:05 - INFO - __main__ -   	EPOCH:  12	MiniBatch:   15
02/26/2021 15:29:06 - INFO - __main__ -   	EPOCH:  12	MiniBatch:   16
02/26/2021 15:29:06 - INFO - __main__ -   	EPOCH:  12	MiniBatch:   17
02/26/2021 15:29:07 - INFO - __main__ -   	EPOCH:  12	MiniBatch:   18
02/26/2021 15:29:07 - INFO - __main__ -   	EPOCH:  12	MiniBatch:   19
02/26/2021 15:29:08 - INFO - __main__ -   	EPOCH:  12	MiniBatch:   20
02/26/2021 15:29:08 - INFO - __main__ -   	EPOCH:  12	MiniBatch:   21
02/26/2021 15:29:09 - INFO - __main__ -   	EPOCH:  12	MiniBatch:   22
02/26/2021 15:29:09 - INFO - __main__ -   	EPOCH:  12	MiniBatch:   23
02/26/2021 15:29:10 - INFO - __main__ -   	EPOCH:  12	MiniBatch:   24
02/26/2021 15:29:10 - INFO - __main__ -   	EPOCH:  12	MiniBatch:   25
02/26/2021 15:29:11 - INFO - __main__ -   	EPOCH:  12	MiniBatch:   26
02/26/2021 15:29:11 - INFO - __main__ -   	EPOCH:  12	MiniBatch:   27
02/26/2021 15:29:12 - INFO - __main__ -   	EPOCH:  12	MiniBatch:   28
02/26/2021 15:29:12 - INFO - __main__ -   	EPOCH:  12	MiniBatch:   29
02/26/2021 15:29:13 - INFO - __main__ -   	EPOCH:  12	MiniBatch:   30
02/26/2021 15:29:13 - INFO - __main__ -   	EPOCH:  12	MiniBatch:   31
02/26/2021 15:29:14 - INFO - __main__ -   	Testing dev Minibatch:    0
02/26/2021 15:29:14 - INFO - __main__ -   	Testing dev Minibatch:    1
02/26/2021 15:29:15 - INFO - __main__ -   	Testing dev Minibatch:    2
02/26/2021 15:29:15 - INFO - __main__ -   	Testing dev Minibatch:    3
02/26/2021 15:29:15 - INFO - __main__ -   
Labels 	Prec. 	Recall	F1    	Supp  
Denial 	0.1776	0.2879	0.2197	66
Support	0.5571	0.5294	0.5429	221
Comment	0.4688	0.4412	0.4545	102
Queries	0.7696	0.7422	0.7557	675
MacroF1	0.4932
F1w_avg	0.6494
Acc    	64.1

02/26/2021 15:29:16 - INFO - __main__ -   	EPOCH:  13	MiniBatch:    0
02/26/2021 15:29:16 - INFO - __main__ -   	EPOCH:  13	MiniBatch:    1
02/26/2021 15:29:17 - INFO - __main__ -   	EPOCH:  13	MiniBatch:    2
02/26/2021 15:29:17 - INFO - __main__ -   	EPOCH:  13	MiniBatch:    3
02/26/2021 15:29:17 - INFO - __main__ -   	EPOCH:  13	MiniBatch:    4
02/26/2021 15:29:18 - INFO - __main__ -   	EPOCH:  13	MiniBatch:    5
02/26/2021 15:29:18 - INFO - __main__ -   	EPOCH:  13	MiniBatch:    6
02/26/2021 15:29:19 - INFO - __main__ -   	EPOCH:  13	MiniBatch:    7
02/26/2021 15:29:19 - INFO - __main__ -   	EPOCH:  13	MiniBatch:    8
02/26/2021 15:29:20 - INFO - __main__ -   	EPOCH:  13	MiniBatch:    9
02/26/2021 15:29:20 - INFO - __main__ -   	EPOCH:  13	MiniBatch:   10
02/26/2021 15:29:21 - INFO - __main__ -   	EPOCH:  13	MiniBatch:   11
02/26/2021 15:29:21 - INFO - __main__ -   	EPOCH:  13	MiniBatch:   12
02/26/2021 15:29:22 - INFO - __main__ -   	EPOCH:  13	MiniBatch:   13
02/26/2021 15:29:22 - INFO - __main__ -   	EPOCH:  13	MiniBatch:   14
02/26/2021 15:29:23 - INFO - __main__ -   	EPOCH:  13	MiniBatch:   15
02/26/2021 15:29:23 - INFO - __main__ -   	EPOCH:  13	MiniBatch:   16
02/26/2021 15:29:24 - INFO - __main__ -   	EPOCH:  13	MiniBatch:   17
02/26/2021 15:29:24 - INFO - __main__ -   	EPOCH:  13	MiniBatch:   18
02/26/2021 15:29:25 - INFO - __main__ -   	EPOCH:  13	MiniBatch:   19
02/26/2021 15:29:25 - INFO - __main__ -   	EPOCH:  13	MiniBatch:   20
02/26/2021 15:29:26 - INFO - __main__ -   	EPOCH:  13	MiniBatch:   21
02/26/2021 15:29:26 - INFO - __main__ -   	EPOCH:  13	MiniBatch:   22
02/26/2021 15:29:27 - INFO - __main__ -   	EPOCH:  13	MiniBatch:   23
02/26/2021 15:29:27 - INFO - __main__ -   	EPOCH:  13	MiniBatch:   24
02/26/2021 15:29:28 - INFO - __main__ -   	EPOCH:  13	MiniBatch:   25
02/26/2021 15:29:28 - INFO - __main__ -   	EPOCH:  13	MiniBatch:   26
02/26/2021 15:29:29 - INFO - __main__ -   	EPOCH:  13	MiniBatch:   27
02/26/2021 15:29:29 - INFO - __main__ -   	EPOCH:  13	MiniBatch:   28
02/26/2021 15:29:30 - INFO - __main__ -   	EPOCH:  13	MiniBatch:   29
02/26/2021 15:29:30 - INFO - __main__ -   	EPOCH:  13	MiniBatch:   30
02/26/2021 15:29:31 - INFO - __main__ -   	EPOCH:  13	MiniBatch:   31
02/26/2021 15:29:31 - INFO - __main__ -   	Testing dev Minibatch:    0
02/26/2021 15:29:32 - INFO - __main__ -   	Testing dev Minibatch:    1
02/26/2021 15:29:32 - INFO - __main__ -   	Testing dev Minibatch:    2
02/26/2021 15:29:33 - INFO - __main__ -   	Testing dev Minibatch:    3
02/26/2021 15:29:33 - INFO - __main__ -   
Labels 	Prec. 	Recall	F1    	Supp  
Denial 	0.2453	0.1970	0.2185	66
Support	0.5602	0.5475	0.5538	221
Comment	0.4545	0.3922	0.4211	102
Queries	0.7539	0.7896	0.7713	675
MacroF1	0.4912
F1w_avg	0.6583
Acc    	66.4

02/26/2021 15:29:33 - INFO - __main__ -   	EPOCH:  14	MiniBatch:    0
02/26/2021 15:29:34 - INFO - __main__ -   	EPOCH:  14	MiniBatch:    1
02/26/2021 15:29:34 - INFO - __main__ -   	EPOCH:  14	MiniBatch:    2
02/26/2021 15:29:35 - INFO - __main__ -   	EPOCH:  14	MiniBatch:    3
02/26/2021 15:29:35 - INFO - __main__ -   	EPOCH:  14	MiniBatch:    4
02/26/2021 15:29:35 - INFO - __main__ -   	EPOCH:  14	MiniBatch:    5
02/26/2021 15:29:36 - INFO - __main__ -   	EPOCH:  14	MiniBatch:    6
02/26/2021 15:29:36 - INFO - __main__ -   	EPOCH:  14	MiniBatch:    7
02/26/2021 15:29:37 - INFO - __main__ -   	EPOCH:  14	MiniBatch:    8
02/26/2021 15:29:37 - INFO - __main__ -   	EPOCH:  14	MiniBatch:    9
02/26/2021 15:29:38 - INFO - __main__ -   	EPOCH:  14	MiniBatch:   10
02/26/2021 15:29:38 - INFO - __main__ -   	EPOCH:  14	MiniBatch:   11
02/26/2021 15:29:39 - INFO - __main__ -   	EPOCH:  14	MiniBatch:   12
02/26/2021 15:29:39 - INFO - __main__ -   	EPOCH:  14	MiniBatch:   13
02/26/2021 15:29:40 - INFO - __main__ -   	EPOCH:  14	MiniBatch:   14
02/26/2021 15:29:40 - INFO - __main__ -   	EPOCH:  14	MiniBatch:   15
02/26/2021 15:29:41 - INFO - __main__ -   	EPOCH:  14	MiniBatch:   16
02/26/2021 15:29:41 - INFO - __main__ -   	EPOCH:  14	MiniBatch:   17
02/26/2021 15:29:42 - INFO - __main__ -   	EPOCH:  14	MiniBatch:   18
02/26/2021 15:29:42 - INFO - __main__ -   	EPOCH:  14	MiniBatch:   19
02/26/2021 15:29:43 - INFO - __main__ -   	EPOCH:  14	MiniBatch:   20
02/26/2021 15:29:43 - INFO - __main__ -   	EPOCH:  14	MiniBatch:   21
02/26/2021 15:29:44 - INFO - __main__ -   	EPOCH:  14	MiniBatch:   22
02/26/2021 15:29:44 - INFO - __main__ -   	EPOCH:  14	MiniBatch:   23
02/26/2021 15:29:45 - INFO - __main__ -   	EPOCH:  14	MiniBatch:   24
02/26/2021 15:29:45 - INFO - __main__ -   	EPOCH:  14	MiniBatch:   25
02/26/2021 15:29:46 - INFO - __main__ -   	EPOCH:  14	MiniBatch:   26
02/26/2021 15:29:46 - INFO - __main__ -   	EPOCH:  14	MiniBatch:   27
02/26/2021 15:29:47 - INFO - __main__ -   	EPOCH:  14	MiniBatch:   28
02/26/2021 15:29:47 - INFO - __main__ -   	EPOCH:  14	MiniBatch:   29
02/26/2021 15:29:48 - INFO - __main__ -   	EPOCH:  14	MiniBatch:   30
02/26/2021 15:29:48 - INFO - __main__ -   	EPOCH:  14	MiniBatch:   31
02/26/2021 15:29:49 - INFO - __main__ -   	Testing dev Minibatch:    0
02/26/2021 15:29:49 - INFO - __main__ -   	Testing dev Minibatch:    1
02/26/2021 15:29:50 - INFO - __main__ -   	Testing dev Minibatch:    2
02/26/2021 15:29:50 - INFO - __main__ -   	Testing dev Minibatch:    3
02/26/2021 15:29:50 - INFO - __main__ -   
Labels 	Prec. 	Recall	F1    	Supp  
Denial 	0.2381	0.1515	0.1852	66
Support	0.5311	0.5792	0.5541	221
Comment	0.5735	0.3824	0.4588	102
Queries	0.7546	0.7970	0.7752	675
MacroF1	0.4933
F1w_avg	0.6624
Acc    	67.2

02/26/2021 15:29:51 - INFO - __main__ -   	EPOCH:  15	MiniBatch:    0
02/26/2021 15:29:51 - INFO - __main__ -   	EPOCH:  15	MiniBatch:    1
02/26/2021 15:29:52 - INFO - __main__ -   	EPOCH:  15	MiniBatch:    2
02/26/2021 15:29:52 - INFO - __main__ -   	EPOCH:  15	MiniBatch:    3
02/26/2021 15:29:52 - INFO - __main__ -   	EPOCH:  15	MiniBatch:    4
02/26/2021 15:29:53 - INFO - __main__ -   	EPOCH:  15	MiniBatch:    5
02/26/2021 15:29:53 - INFO - __main__ -   	EPOCH:  15	MiniBatch:    6
02/26/2021 15:29:54 - INFO - __main__ -   	EPOCH:  15	MiniBatch:    7
02/26/2021 15:29:54 - INFO - __main__ -   	EPOCH:  15	MiniBatch:    8
02/26/2021 15:29:55 - INFO - __main__ -   	EPOCH:  15	MiniBatch:    9
02/26/2021 15:29:55 - INFO - __main__ -   	EPOCH:  15	MiniBatch:   10
02/26/2021 15:29:56 - INFO - __main__ -   	EPOCH:  15	MiniBatch:   11
02/26/2021 15:29:56 - INFO - __main__ -   	EPOCH:  15	MiniBatch:   12
02/26/2021 15:29:57 - INFO - __main__ -   	EPOCH:  15	MiniBatch:   13
02/26/2021 15:29:57 - INFO - __main__ -   	EPOCH:  15	MiniBatch:   14
02/26/2021 15:29:58 - INFO - __main__ -   	EPOCH:  15	MiniBatch:   15
02/26/2021 15:29:58 - INFO - __main__ -   	EPOCH:  15	MiniBatch:   16
02/26/2021 15:29:59 - INFO - __main__ -   	EPOCH:  15	MiniBatch:   17
02/26/2021 15:29:59 - INFO - __main__ -   	EPOCH:  15	MiniBatch:   18
02/26/2021 15:30:00 - INFO - __main__ -   	EPOCH:  15	MiniBatch:   19
02/26/2021 15:30:00 - INFO - __main__ -   	EPOCH:  15	MiniBatch:   20
02/26/2021 15:30:01 - INFO - __main__ -   	EPOCH:  15	MiniBatch:   21
02/26/2021 15:30:01 - INFO - __main__ -   	EPOCH:  15	MiniBatch:   22
02/26/2021 15:30:02 - INFO - __main__ -   	EPOCH:  15	MiniBatch:   23
02/26/2021 15:30:02 - INFO - __main__ -   	EPOCH:  15	MiniBatch:   24
02/26/2021 15:30:03 - INFO - __main__ -   	EPOCH:  15	MiniBatch:   25
02/26/2021 15:30:03 - INFO - __main__ -   	EPOCH:  15	MiniBatch:   26
02/26/2021 15:30:04 - INFO - __main__ -   	EPOCH:  15	MiniBatch:   27
02/26/2021 15:30:04 - INFO - __main__ -   	EPOCH:  15	MiniBatch:   28
02/26/2021 15:30:05 - INFO - __main__ -   	EPOCH:  15	MiniBatch:   29
02/26/2021 15:30:05 - INFO - __main__ -   	EPOCH:  15	MiniBatch:   30
02/26/2021 15:30:06 - INFO - __main__ -   	EPOCH:  15	MiniBatch:   31
02/26/2021 15:30:06 - INFO - __main__ -   	Testing dev Minibatch:    0
02/26/2021 15:30:07 - INFO - __main__ -   	Testing dev Minibatch:    1
02/26/2021 15:30:07 - INFO - __main__ -   	Testing dev Minibatch:    2
02/26/2021 15:30:08 - INFO - __main__ -   	Testing dev Minibatch:    3
02/26/2021 15:30:08 - INFO - __main__ -   
Labels 	Prec. 	Recall	F1    	Supp  
Denial 	0.1887	0.3030	0.2326	66
Support	0.5450	0.5204	0.5324	221
Comment	0.4353	0.3627	0.3957	102
Queries	0.7598	0.7452	0.7524	675
MacroF1	0.4783
F1w_avg	0.6403
Acc    	63.4

02/26/2021 15:30:08 - INFO - __main__ -   	EPOCH:  16	MiniBatch:    0
02/26/2021 15:30:09 - INFO - __main__ -   	EPOCH:  16	MiniBatch:    1
02/26/2021 15:30:09 - INFO - __main__ -   	EPOCH:  16	MiniBatch:    2
02/26/2021 15:30:09 - INFO - __main__ -   	EPOCH:  16	MiniBatch:    3
02/26/2021 15:30:10 - INFO - __main__ -   	EPOCH:  16	MiniBatch:    4
02/26/2021 15:30:10 - INFO - __main__ -   	EPOCH:  16	MiniBatch:    5
02/26/2021 15:30:11 - INFO - __main__ -   	EPOCH:  16	MiniBatch:    6
02/26/2021 15:30:11 - INFO - __main__ -   	EPOCH:  16	MiniBatch:    7
02/26/2021 15:30:12 - INFO - __main__ -   	EPOCH:  16	MiniBatch:    8
02/26/2021 15:30:12 - INFO - __main__ -   	EPOCH:  16	MiniBatch:    9
02/26/2021 15:30:13 - INFO - __main__ -   	EPOCH:  16	MiniBatch:   10
02/26/2021 15:30:13 - INFO - __main__ -   	EPOCH:  16	MiniBatch:   11
02/26/2021 15:30:14 - INFO - __main__ -   	EPOCH:  16	MiniBatch:   12
02/26/2021 15:30:14 - INFO - __main__ -   	EPOCH:  16	MiniBatch:   13
02/26/2021 15:30:15 - INFO - __main__ -   	EPOCH:  16	MiniBatch:   14
02/26/2021 15:30:15 - INFO - __main__ -   	EPOCH:  16	MiniBatch:   15
02/26/2021 15:30:16 - INFO - __main__ -   	EPOCH:  16	MiniBatch:   16
02/26/2021 15:30:16 - INFO - __main__ -   	EPOCH:  16	MiniBatch:   17
02/26/2021 15:30:17 - INFO - __main__ -   	EPOCH:  16	MiniBatch:   18
02/26/2021 15:30:17 - INFO - __main__ -   	EPOCH:  16	MiniBatch:   19
02/26/2021 15:30:18 - INFO - __main__ -   	EPOCH:  16	MiniBatch:   20
02/26/2021 15:30:18 - INFO - __main__ -   	EPOCH:  16	MiniBatch:   21
02/26/2021 15:30:19 - INFO - __main__ -   	EPOCH:  16	MiniBatch:   22
02/26/2021 15:30:19 - INFO - __main__ -   	EPOCH:  16	MiniBatch:   23
02/26/2021 15:30:20 - INFO - __main__ -   	EPOCH:  16	MiniBatch:   24
02/26/2021 15:30:20 - INFO - __main__ -   	EPOCH:  16	MiniBatch:   25
02/26/2021 15:30:21 - INFO - __main__ -   	EPOCH:  16	MiniBatch:   26
02/26/2021 15:30:21 - INFO - __main__ -   	EPOCH:  16	MiniBatch:   27
02/26/2021 15:30:22 - INFO - __main__ -   	EPOCH:  16	MiniBatch:   28
02/26/2021 15:30:22 - INFO - __main__ -   	EPOCH:  16	MiniBatch:   29
02/26/2021 15:30:23 - INFO - __main__ -   	EPOCH:  16	MiniBatch:   30
02/26/2021 15:30:23 - INFO - __main__ -   	EPOCH:  16	MiniBatch:   31
02/26/2021 15:30:24 - INFO - __main__ -   	Testing dev Minibatch:    0
02/26/2021 15:30:24 - INFO - __main__ -   	Testing dev Minibatch:    1
02/26/2021 15:30:25 - INFO - __main__ -   	Testing dev Minibatch:    2
02/26/2021 15:30:25 - INFO - __main__ -   	Testing dev Minibatch:    3
02/26/2021 15:30:25 - INFO - __main__ -   
Labels 	Prec. 	Recall	F1    	Supp  
Denial 	0.2366	0.3333	0.2767	66
Support	0.5000	0.5882	0.5405	221
Comment	0.5270	0.3824	0.4432	102
Queries	0.7724	0.7289	0.7500	675
MacroF1	0.5026
F1w_avg	0.6477
Acc    	64.2

02/26/2021 15:30:26 - INFO - __main__ -   	EPOCH:  17	MiniBatch:    0
02/26/2021 15:30:26 - INFO - __main__ -   	EPOCH:  17	MiniBatch:    1
02/26/2021 15:30:26 - INFO - __main__ -   	EPOCH:  17	MiniBatch:    2
02/26/2021 15:30:27 - INFO - __main__ -   	EPOCH:  17	MiniBatch:    3
02/26/2021 15:30:27 - INFO - __main__ -   	EPOCH:  17	MiniBatch:    4
02/26/2021 15:30:28 - INFO - __main__ -   	EPOCH:  17	MiniBatch:    5
02/26/2021 15:30:28 - INFO - __main__ -   	EPOCH:  17	MiniBatch:    6
02/26/2021 15:30:29 - INFO - __main__ -   	EPOCH:  17	MiniBatch:    7
02/26/2021 15:30:29 - INFO - __main__ -   	EPOCH:  17	MiniBatch:    8
02/26/2021 15:30:30 - INFO - __main__ -   	EPOCH:  17	MiniBatch:    9
02/26/2021 15:30:30 - INFO - __main__ -   	EPOCH:  17	MiniBatch:   10
02/26/2021 15:30:31 - INFO - __main__ -   	EPOCH:  17	MiniBatch:   11
02/26/2021 15:30:31 - INFO - __main__ -   	EPOCH:  17	MiniBatch:   12
02/26/2021 15:30:32 - INFO - __main__ -   	EPOCH:  17	MiniBatch:   13
02/26/2021 15:30:32 - INFO - __main__ -   	EPOCH:  17	MiniBatch:   14
02/26/2021 15:30:33 - INFO - __main__ -   	EPOCH:  17	MiniBatch:   15
02/26/2021 15:30:33 - INFO - __main__ -   	EPOCH:  17	MiniBatch:   16
02/26/2021 15:30:34 - INFO - __main__ -   	EPOCH:  17	MiniBatch:   17
02/26/2021 15:30:34 - INFO - __main__ -   	EPOCH:  17	MiniBatch:   18
02/26/2021 15:30:35 - INFO - __main__ -   	EPOCH:  17	MiniBatch:   19
02/26/2021 15:30:35 - INFO - __main__ -   	EPOCH:  17	MiniBatch:   20
02/26/2021 15:30:36 - INFO - __main__ -   	EPOCH:  17	MiniBatch:   21
02/26/2021 15:30:36 - INFO - __main__ -   	EPOCH:  17	MiniBatch:   22
02/26/2021 15:30:37 - INFO - __main__ -   	EPOCH:  17	MiniBatch:   23
02/26/2021 15:30:37 - INFO - __main__ -   	EPOCH:  17	MiniBatch:   24
02/26/2021 15:30:38 - INFO - __main__ -   	EPOCH:  17	MiniBatch:   25
02/26/2021 15:30:38 - INFO - __main__ -   	EPOCH:  17	MiniBatch:   26
02/26/2021 15:30:39 - INFO - __main__ -   	EPOCH:  17	MiniBatch:   27
02/26/2021 15:30:39 - INFO - __main__ -   	EPOCH:  17	MiniBatch:   28
02/26/2021 15:30:40 - INFO - __main__ -   	EPOCH:  17	MiniBatch:   29
02/26/2021 15:30:40 - INFO - __main__ -   	EPOCH:  17	MiniBatch:   30
02/26/2021 15:30:41 - INFO - __main__ -   	EPOCH:  17	MiniBatch:   31
02/26/2021 15:30:41 - INFO - __main__ -   	Testing dev Minibatch:    0
02/26/2021 15:30:42 - INFO - __main__ -   	Testing dev Minibatch:    1
02/26/2021 15:30:42 - INFO - __main__ -   	Testing dev Minibatch:    2
02/26/2021 15:30:42 - INFO - __main__ -   	Testing dev Minibatch:    3
02/26/2021 15:30:43 - INFO - __main__ -   
Labels 	Prec. 	Recall	F1    	Supp  
Denial 	0.2203	0.1970	0.2080	66
Support	0.5862	0.5385	0.5613	221
Comment	0.5075	0.3333	0.4024	102
Queries	0.7456	0.8119	0.7773	675
MacroF1	0.4872
F1w_avg	0.6612
Acc    	67.1

02/26/2021 15:30:43 - INFO - __main__ -   	EPOCH:  18	MiniBatch:    0
02/26/2021 15:30:43 - INFO - __main__ -   	EPOCH:  18	MiniBatch:    1
02/26/2021 15:30:44 - INFO - __main__ -   	EPOCH:  18	MiniBatch:    2
02/26/2021 15:30:44 - INFO - __main__ -   	EPOCH:  18	MiniBatch:    3
02/26/2021 15:30:45 - INFO - __main__ -   	EPOCH:  18	MiniBatch:    4
02/26/2021 15:30:45 - INFO - __main__ -   	EPOCH:  18	MiniBatch:    5
02/26/2021 15:30:46 - INFO - __main__ -   	EPOCH:  18	MiniBatch:    6
02/26/2021 15:30:46 - INFO - __main__ -   	EPOCH:  18	MiniBatch:    7
02/26/2021 15:30:47 - INFO - __main__ -   	EPOCH:  18	MiniBatch:    8
02/26/2021 15:30:47 - INFO - __main__ -   	EPOCH:  18	MiniBatch:    9
02/26/2021 15:30:48 - INFO - __main__ -   	EPOCH:  18	MiniBatch:   10
02/26/2021 15:30:48 - INFO - __main__ -   	EPOCH:  18	MiniBatch:   11
02/26/2021 15:30:49 - INFO - __main__ -   	EPOCH:  18	MiniBatch:   12
02/26/2021 15:30:49 - INFO - __main__ -   	EPOCH:  18	MiniBatch:   13
02/26/2021 15:30:50 - INFO - __main__ -   	EPOCH:  18	MiniBatch:   14
02/26/2021 15:30:50 - INFO - __main__ -   	EPOCH:  18	MiniBatch:   15
02/26/2021 15:30:51 - INFO - __main__ -   	EPOCH:  18	MiniBatch:   16
02/26/2021 15:30:51 - INFO - __main__ -   	EPOCH:  18	MiniBatch:   17
02/26/2021 15:30:52 - INFO - __main__ -   	EPOCH:  18	MiniBatch:   18
02/26/2021 15:30:52 - INFO - __main__ -   	EPOCH:  18	MiniBatch:   19
02/26/2021 15:30:53 - INFO - __main__ -   	EPOCH:  18	MiniBatch:   20
02/26/2021 15:30:53 - INFO - __main__ -   	EPOCH:  18	MiniBatch:   21
02/26/2021 15:30:54 - INFO - __main__ -   	EPOCH:  18	MiniBatch:   22
02/26/2021 15:30:54 - INFO - __main__ -   	EPOCH:  18	MiniBatch:   23
02/26/2021 15:30:55 - INFO - __main__ -   	EPOCH:  18	MiniBatch:   24
02/26/2021 15:30:55 - INFO - __main__ -   	EPOCH:  18	MiniBatch:   25
02/26/2021 15:30:56 - INFO - __main__ -   	EPOCH:  18	MiniBatch:   26
02/26/2021 15:30:56 - INFO - __main__ -   	EPOCH:  18	MiniBatch:   27
02/26/2021 15:30:57 - INFO - __main__ -   	EPOCH:  18	MiniBatch:   28
02/26/2021 15:30:57 - INFO - __main__ -   	EPOCH:  18	MiniBatch:   29
02/26/2021 15:30:58 - INFO - __main__ -   	EPOCH:  18	MiniBatch:   30
02/26/2021 15:30:58 - INFO - __main__ -   	EPOCH:  18	MiniBatch:   31
02/26/2021 15:30:59 - INFO - __main__ -   	Testing dev Minibatch:    0
02/26/2021 15:30:59 - INFO - __main__ -   	Testing dev Minibatch:    1
02/26/2021 15:31:00 - INFO - __main__ -   	Testing dev Minibatch:    2
02/26/2021 15:31:00 - INFO - __main__ -   	Testing dev Minibatch:    3
02/26/2021 15:31:00 - INFO - __main__ -   
Labels 	Prec. 	Recall	F1    	Supp  
Denial 	0.1839	0.2424	0.2092	66
Support	0.6096	0.5158	0.5588	221
Comment	0.3778	0.5000	0.4304	102
Queries	0.7618	0.7393	0.7504	675
MacroF1	0.4872
F1w_avg	0.6463
Acc    	63.9

02/26/2021 15:31:00 - INFO - __main__ -   	EPOCH:  19	MiniBatch:    0
02/26/2021 15:31:01 - INFO - __main__ -   	EPOCH:  19	MiniBatch:    1
02/26/2021 15:31:01 - INFO - __main__ -   	EPOCH:  19	MiniBatch:    2
02/26/2021 15:31:02 - INFO - __main__ -   	EPOCH:  19	MiniBatch:    3
02/26/2021 15:31:02 - INFO - __main__ -   	EPOCH:  19	MiniBatch:    4
02/26/2021 15:31:03 - INFO - __main__ -   	EPOCH:  19	MiniBatch:    5
02/26/2021 15:31:03 - INFO - __main__ -   	EPOCH:  19	MiniBatch:    6
02/26/2021 15:31:04 - INFO - __main__ -   	EPOCH:  19	MiniBatch:    7
02/26/2021 15:31:04 - INFO - __main__ -   	EPOCH:  19	MiniBatch:    8
02/26/2021 15:31:05 - INFO - __main__ -   	EPOCH:  19	MiniBatch:    9
02/26/2021 15:31:05 - INFO - __main__ -   	EPOCH:  19	MiniBatch:   10
02/26/2021 15:31:06 - INFO - __main__ -   	EPOCH:  19	MiniBatch:   11
02/26/2021 15:31:06 - INFO - __main__ -   	EPOCH:  19	MiniBatch:   12
02/26/2021 15:31:07 - INFO - __main__ -   	EPOCH:  19	MiniBatch:   13
02/26/2021 15:31:07 - INFO - __main__ -   	EPOCH:  19	MiniBatch:   14
02/26/2021 15:31:08 - INFO - __main__ -   	EPOCH:  19	MiniBatch:   15
02/26/2021 15:31:08 - INFO - __main__ -   	EPOCH:  19	MiniBatch:   16
02/26/2021 15:31:09 - INFO - __main__ -   	EPOCH:  19	MiniBatch:   17
02/26/2021 15:31:09 - INFO - __main__ -   	EPOCH:  19	MiniBatch:   18
02/26/2021 15:31:10 - INFO - __main__ -   	EPOCH:  19	MiniBatch:   19
02/26/2021 15:31:10 - INFO - __main__ -   	EPOCH:  19	MiniBatch:   20
02/26/2021 15:31:11 - INFO - __main__ -   	EPOCH:  19	MiniBatch:   21
02/26/2021 15:31:11 - INFO - __main__ -   	EPOCH:  19	MiniBatch:   22
02/26/2021 15:31:12 - INFO - __main__ -   	EPOCH:  19	MiniBatch:   23
02/26/2021 15:31:12 - INFO - __main__ -   	EPOCH:  19	MiniBatch:   24
02/26/2021 15:31:13 - INFO - __main__ -   	EPOCH:  19	MiniBatch:   25
02/26/2021 15:31:13 - INFO - __main__ -   	EPOCH:  19	MiniBatch:   26
02/26/2021 15:31:14 - INFO - __main__ -   	EPOCH:  19	MiniBatch:   27
02/26/2021 15:31:14 - INFO - __main__ -   	EPOCH:  19	MiniBatch:   28
02/26/2021 15:31:15 - INFO - __main__ -   	EPOCH:  19	MiniBatch:   29
02/26/2021 15:31:15 - INFO - __main__ -   	EPOCH:  19	MiniBatch:   30
02/26/2021 15:31:16 - INFO - __main__ -   	EPOCH:  19	MiniBatch:   31
02/26/2021 15:31:16 - INFO - __main__ -   	Testing dev Minibatch:    0
02/26/2021 15:31:17 - INFO - __main__ -   	Testing dev Minibatch:    1
02/26/2021 15:31:17 - INFO - __main__ -   	Testing dev Minibatch:    2
02/26/2021 15:31:17 - INFO - __main__ -   	Testing dev Minibatch:    3
02/26/2021 15:31:18 - INFO - __main__ -   
Labels 	Prec. 	Recall	F1    	Supp  
Denial 	0.1765	0.2727	0.2143	66
Support	0.5850	0.5294	0.5558	221
Comment	0.5818	0.3137	0.4076	102
Queries	0.7468	0.7822	0.7641	675
MacroF1	0.4855
F1w_avg	0.6526
Acc    	65.3

02/26/2021 15:31:18 - INFO - __main__ -   	EPOCH:  20	MiniBatch:    0
02/26/2021 15:31:18 - INFO - __main__ -   	EPOCH:  20	MiniBatch:    1
02/26/2021 15:31:19 - INFO - __main__ -   	EPOCH:  20	MiniBatch:    2
02/26/2021 15:31:19 - INFO - __main__ -   	EPOCH:  20	MiniBatch:    3
02/26/2021 15:31:20 - INFO - __main__ -   	EPOCH:  20	MiniBatch:    4
02/26/2021 15:31:20 - INFO - __main__ -   	EPOCH:  20	MiniBatch:    5
02/26/2021 15:31:21 - INFO - __main__ -   	EPOCH:  20	MiniBatch:    6
02/26/2021 15:31:21 - INFO - __main__ -   	EPOCH:  20	MiniBatch:    7
02/26/2021 15:31:22 - INFO - __main__ -   	EPOCH:  20	MiniBatch:    8
02/26/2021 15:31:22 - INFO - __main__ -   	EPOCH:  20	MiniBatch:    9
02/26/2021 15:31:23 - INFO - __main__ -   	EPOCH:  20	MiniBatch:   10
02/26/2021 15:31:23 - INFO - __main__ -   	EPOCH:  20	MiniBatch:   11
02/26/2021 15:31:24 - INFO - __main__ -   	EPOCH:  20	MiniBatch:   12
02/26/2021 15:31:24 - INFO - __main__ -   	EPOCH:  20	MiniBatch:   13
02/26/2021 15:31:25 - INFO - __main__ -   	EPOCH:  20	MiniBatch:   14
02/26/2021 15:31:25 - INFO - __main__ -   	EPOCH:  20	MiniBatch:   15
02/26/2021 15:31:26 - INFO - __main__ -   	EPOCH:  20	MiniBatch:   16
02/26/2021 15:31:26 - INFO - __main__ -   	EPOCH:  20	MiniBatch:   17
02/26/2021 15:31:27 - INFO - __main__ -   	EPOCH:  20	MiniBatch:   18
02/26/2021 15:31:27 - INFO - __main__ -   	EPOCH:  20	MiniBatch:   19
02/26/2021 15:31:28 - INFO - __main__ -   	EPOCH:  20	MiniBatch:   20
02/26/2021 15:31:28 - INFO - __main__ -   	EPOCH:  20	MiniBatch:   21
02/26/2021 15:31:29 - INFO - __main__ -   	EPOCH:  20	MiniBatch:   22
02/26/2021 15:31:29 - INFO - __main__ -   	EPOCH:  20	MiniBatch:   23
02/26/2021 15:31:30 - INFO - __main__ -   	EPOCH:  20	MiniBatch:   24
02/26/2021 15:31:30 - INFO - __main__ -   	EPOCH:  20	MiniBatch:   25
02/26/2021 15:31:31 - INFO - __main__ -   	EPOCH:  20	MiniBatch:   26
02/26/2021 15:31:31 - INFO - __main__ -   	EPOCH:  20	MiniBatch:   27
02/26/2021 15:31:32 - INFO - __main__ -   	EPOCH:  20	MiniBatch:   28
02/26/2021 15:31:32 - INFO - __main__ -   	EPOCH:  20	MiniBatch:   29
02/26/2021 15:31:33 - INFO - __main__ -   	EPOCH:  20	MiniBatch:   30
02/26/2021 15:31:33 - INFO - __main__ -   	EPOCH:  20	MiniBatch:   31
02/26/2021 15:31:34 - INFO - __main__ -   	Testing dev Minibatch:    0
02/26/2021 15:31:34 - INFO - __main__ -   	Testing dev Minibatch:    1
02/26/2021 15:31:34 - INFO - __main__ -   	Testing dev Minibatch:    2
02/26/2021 15:31:35 - INFO - __main__ -   	Testing dev Minibatch:    3
02/26/2021 15:31:35 - INFO - __main__ -   
Labels 	Prec. 	Recall	F1    	Supp  
Denial 	0.1569	0.1212	0.1368	66
Support	0.5516	0.5566	0.5541	221
Comment	0.4713	0.4020	0.4339	102
Queries	0.7440	0.7748	0.7591	675
MacroF1	0.4709
F1w_avg	0.6467
Acc    	65.3

02/26/2021 15:31:36 - INFO - __main__ -   	EPOCH:  21	MiniBatch:    0
02/26/2021 15:31:36 - INFO - __main__ -   	EPOCH:  21	MiniBatch:    1
02/26/2021 15:31:37 - INFO - __main__ -   	EPOCH:  21	MiniBatch:    2
02/26/2021 15:31:37 - INFO - __main__ -   	EPOCH:  21	MiniBatch:    3
02/26/2021 15:31:37 - INFO - __main__ -   	EPOCH:  21	MiniBatch:    4
02/26/2021 15:31:38 - INFO - __main__ -   	EPOCH:  21	MiniBatch:    5
02/26/2021 15:31:38 - INFO - __main__ -   	EPOCH:  21	MiniBatch:    6
02/26/2021 15:31:39 - INFO - __main__ -   	EPOCH:  21	MiniBatch:    7
02/26/2021 15:31:39 - INFO - __main__ -   	EPOCH:  21	MiniBatch:    8
02/26/2021 15:31:40 - INFO - __main__ -   	EPOCH:  21	MiniBatch:    9
02/26/2021 15:31:40 - INFO - __main__ -   	EPOCH:  21	MiniBatch:   10
02/26/2021 15:31:41 - INFO - __main__ -   	EPOCH:  21	MiniBatch:   11
02/26/2021 15:31:41 - INFO - __main__ -   	EPOCH:  21	MiniBatch:   12
02/26/2021 15:31:42 - INFO - __main__ -   	EPOCH:  21	MiniBatch:   13
02/26/2021 15:31:42 - INFO - __main__ -   	EPOCH:  21	MiniBatch:   14
02/26/2021 15:31:43 - INFO - __main__ -   	EPOCH:  21	MiniBatch:   15
02/26/2021 15:31:43 - INFO - __main__ -   	EPOCH:  21	MiniBatch:   16
02/26/2021 15:31:44 - INFO - __main__ -   	EPOCH:  21	MiniBatch:   17
02/26/2021 15:31:44 - INFO - __main__ -   	EPOCH:  21	MiniBatch:   18
02/26/2021 15:31:45 - INFO - __main__ -   	EPOCH:  21	MiniBatch:   19
02/26/2021 15:31:45 - INFO - __main__ -   	EPOCH:  21	MiniBatch:   20
02/26/2021 15:31:46 - INFO - __main__ -   	EPOCH:  21	MiniBatch:   21
02/26/2021 15:31:46 - INFO - __main__ -   	EPOCH:  21	MiniBatch:   22
02/26/2021 15:31:47 - INFO - __main__ -   	EPOCH:  21	MiniBatch:   23
02/26/2021 15:31:47 - INFO - __main__ -   	EPOCH:  21	MiniBatch:   24
02/26/2021 15:31:48 - INFO - __main__ -   	EPOCH:  21	MiniBatch:   25
02/26/2021 15:31:48 - INFO - __main__ -   	EPOCH:  21	MiniBatch:   26
02/26/2021 15:31:49 - INFO - __main__ -   	EPOCH:  21	MiniBatch:   27
02/26/2021 15:31:49 - INFO - __main__ -   	EPOCH:  21	MiniBatch:   28
02/26/2021 15:31:50 - INFO - __main__ -   	EPOCH:  21	MiniBatch:   29
02/26/2021 15:31:50 - INFO - __main__ -   	EPOCH:  21	MiniBatch:   30
02/26/2021 15:31:51 - INFO - __main__ -   	EPOCH:  21	MiniBatch:   31
02/26/2021 15:31:51 - INFO - __main__ -   	Testing dev Minibatch:    0
02/26/2021 15:31:52 - INFO - __main__ -   	Testing dev Minibatch:    1
02/26/2021 15:31:52 - INFO - __main__ -   	Testing dev Minibatch:    2
02/26/2021 15:31:52 - INFO - __main__ -   	Testing dev Minibatch:    3
02/26/2021 15:31:53 - INFO - __main__ -   
Labels 	Prec. 	Recall	F1    	Supp  
Denial 	0.1919	0.2879	0.2303	66
Support	0.5659	0.5249	0.5446	221
Comment	0.4312	0.4608	0.4455	102
Queries	0.7711	0.7437	0.7572	675
MacroF1	0.4944
F1w_avg	0.6505
Acc    	64.3

02/26/2021 15:31:53 - INFO - __main__ -   	EPOCH:  22	MiniBatch:    0
02/26/2021 15:31:53 - INFO - __main__ -   	EPOCH:  22	MiniBatch:    1
02/26/2021 15:31:54 - INFO - __main__ -   	EPOCH:  22	MiniBatch:    2
02/26/2021 15:31:54 - INFO - __main__ -   	EPOCH:  22	MiniBatch:    3
02/26/2021 15:31:55 - INFO - __main__ -   	EPOCH:  22	MiniBatch:    4
02/26/2021 15:31:55 - INFO - __main__ -   	EPOCH:  22	MiniBatch:    5
02/26/2021 15:31:56 - INFO - __main__ -   	EPOCH:  22	MiniBatch:    6
02/26/2021 15:31:56 - INFO - __main__ -   	EPOCH:  22	MiniBatch:    7
02/26/2021 15:31:57 - INFO - __main__ -   	EPOCH:  22	MiniBatch:    8
02/26/2021 15:31:57 - INFO - __main__ -   	EPOCH:  22	MiniBatch:    9
02/26/2021 15:31:58 - INFO - __main__ -   	EPOCH:  22	MiniBatch:   10
02/26/2021 15:31:58 - INFO - __main__ -   	EPOCH:  22	MiniBatch:   11
02/26/2021 15:31:59 - INFO - __main__ -   	EPOCH:  22	MiniBatch:   12
02/26/2021 15:31:59 - INFO - __main__ -   	EPOCH:  22	MiniBatch:   13
02/26/2021 15:32:00 - INFO - __main__ -   	EPOCH:  22	MiniBatch:   14
02/26/2021 15:32:00 - INFO - __main__ -   	EPOCH:  22	MiniBatch:   15
02/26/2021 15:32:01 - INFO - __main__ -   	EPOCH:  22	MiniBatch:   16
02/26/2021 15:32:01 - INFO - __main__ -   	EPOCH:  22	MiniBatch:   17
02/26/2021 15:32:02 - INFO - __main__ -   	EPOCH:  22	MiniBatch:   18
02/26/2021 15:32:02 - INFO - __main__ -   	EPOCH:  22	MiniBatch:   19
02/26/2021 15:32:03 - INFO - __main__ -   	EPOCH:  22	MiniBatch:   20
02/26/2021 15:32:03 - INFO - __main__ -   	EPOCH:  22	MiniBatch:   21
02/26/2021 15:32:04 - INFO - __main__ -   	EPOCH:  22	MiniBatch:   22
02/26/2021 15:32:04 - INFO - __main__ -   	EPOCH:  22	MiniBatch:   23
02/26/2021 15:32:05 - INFO - __main__ -   	EPOCH:  22	MiniBatch:   24
02/26/2021 15:32:05 - INFO - __main__ -   	EPOCH:  22	MiniBatch:   25
02/26/2021 15:32:06 - INFO - __main__ -   	EPOCH:  22	MiniBatch:   26
02/26/2021 15:32:06 - INFO - __main__ -   	EPOCH:  22	MiniBatch:   27
02/26/2021 15:32:07 - INFO - __main__ -   	EPOCH:  22	MiniBatch:   28
02/26/2021 15:32:07 - INFO - __main__ -   	EPOCH:  22	MiniBatch:   29
02/26/2021 15:32:08 - INFO - __main__ -   	EPOCH:  22	MiniBatch:   30
02/26/2021 15:32:08 - INFO - __main__ -   	EPOCH:  22	MiniBatch:   31
02/26/2021 15:32:09 - INFO - __main__ -   	Testing dev Minibatch:    0
02/26/2021 15:32:09 - INFO - __main__ -   	Testing dev Minibatch:    1
02/26/2021 15:32:10 - INFO - __main__ -   	Testing dev Minibatch:    2
02/26/2021 15:32:10 - INFO - __main__ -   	Testing dev Minibatch:    3
02/26/2021 15:32:10 - INFO - __main__ -   
Labels 	Prec. 	Recall	F1    	Supp  
Denial 	0.2133	0.2424	0.2270	66
Support	0.5144	0.5656	0.5388	221
Comment	0.4835	0.4314	0.4560	102
Queries	0.7634	0.7407	0.7519	675
MacroF1	0.4934
F1w_avg	0.6467
Acc    	64.4

02/26/2021 15:32:10 - INFO - __main__ -   	EPOCH:  23	MiniBatch:    0
02/26/2021 15:32:11 - INFO - __main__ -   	EPOCH:  23	MiniBatch:    1
02/26/2021 15:32:11 - INFO - __main__ -   	EPOCH:  23	MiniBatch:    2
02/26/2021 15:32:12 - INFO - __main__ -   	EPOCH:  23	MiniBatch:    3
02/26/2021 15:32:12 - INFO - __main__ -   	EPOCH:  23	MiniBatch:    4
02/26/2021 15:32:13 - INFO - __main__ -   	EPOCH:  23	MiniBatch:    5
02/26/2021 15:32:13 - INFO - __main__ -   	EPOCH:  23	MiniBatch:    6
02/26/2021 15:32:14 - INFO - __main__ -   	EPOCH:  23	MiniBatch:    7
02/26/2021 15:32:14 - INFO - __main__ -   	EPOCH:  23	MiniBatch:    8
02/26/2021 15:32:15 - INFO - __main__ -   	EPOCH:  23	MiniBatch:    9
02/26/2021 15:32:15 - INFO - __main__ -   	EPOCH:  23	MiniBatch:   10
02/26/2021 15:32:16 - INFO - __main__ -   	EPOCH:  23	MiniBatch:   11
02/26/2021 15:32:16 - INFO - __main__ -   	EPOCH:  23	MiniBatch:   12
02/26/2021 15:32:17 - INFO - __main__ -   	EPOCH:  23	MiniBatch:   13
02/26/2021 15:32:17 - INFO - __main__ -   	EPOCH:  23	MiniBatch:   14
02/26/2021 15:32:18 - INFO - __main__ -   	EPOCH:  23	MiniBatch:   15
02/26/2021 15:32:18 - INFO - __main__ -   	EPOCH:  23	MiniBatch:   16
02/26/2021 15:32:19 - INFO - __main__ -   	EPOCH:  23	MiniBatch:   17
02/26/2021 15:32:19 - INFO - __main__ -   	EPOCH:  23	MiniBatch:   18
02/26/2021 15:32:20 - INFO - __main__ -   	EPOCH:  23	MiniBatch:   19
02/26/2021 15:32:20 - INFO - __main__ -   	EPOCH:  23	MiniBatch:   20
02/26/2021 15:32:21 - INFO - __main__ -   	EPOCH:  23	MiniBatch:   21
02/26/2021 15:32:21 - INFO - __main__ -   	EPOCH:  23	MiniBatch:   22
02/26/2021 15:32:22 - INFO - __main__ -   	EPOCH:  23	MiniBatch:   23
02/26/2021 15:32:22 - INFO - __main__ -   	EPOCH:  23	MiniBatch:   24
02/26/2021 15:32:23 - INFO - __main__ -   	EPOCH:  23	MiniBatch:   25
02/26/2021 15:32:23 - INFO - __main__ -   	EPOCH:  23	MiniBatch:   26
02/26/2021 15:32:24 - INFO - __main__ -   	EPOCH:  23	MiniBatch:   27
02/26/2021 15:32:24 - INFO - __main__ -   	EPOCH:  23	MiniBatch:   28
02/26/2021 15:32:25 - INFO - __main__ -   	EPOCH:  23	MiniBatch:   29
02/26/2021 15:32:25 - INFO - __main__ -   	EPOCH:  23	MiniBatch:   30
02/26/2021 15:32:26 - INFO - __main__ -   	EPOCH:  23	MiniBatch:   31
02/26/2021 15:32:26 - INFO - __main__ -   	Testing dev Minibatch:    0
02/26/2021 15:32:27 - INFO - __main__ -   	Testing dev Minibatch:    1
02/26/2021 15:32:27 - INFO - __main__ -   	Testing dev Minibatch:    2
02/26/2021 15:32:27 - INFO - __main__ -   	Testing dev Minibatch:    3
02/26/2021 15:32:28 - INFO - __main__ -   
Labels 	Prec. 	Recall	F1    	Supp  
Denial 	0.1900	0.2879	0.2289	66
Support	0.5815	0.4842	0.5284	221
Comment	0.4773	0.4118	0.4421	102
Queries	0.7543	0.7733	0.7637	675
MacroF1	0.4908
F1w_avg	0.6508
Acc    	64.8

02/26/2021 15:32:28 - INFO - __main__ -   	EPOCH:  24	MiniBatch:    0
02/26/2021 15:32:28 - INFO - __main__ -   	EPOCH:  24	MiniBatch:    1
02/26/2021 15:32:29 - INFO - __main__ -   	EPOCH:  24	MiniBatch:    2
02/26/2021 15:32:29 - INFO - __main__ -   	EPOCH:  24	MiniBatch:    3
02/26/2021 15:32:30 - INFO - __main__ -   	EPOCH:  24	MiniBatch:    4
02/26/2021 15:32:30 - INFO - __main__ -   	EPOCH:  24	MiniBatch:    5
02/26/2021 15:32:31 - INFO - __main__ -   	EPOCH:  24	MiniBatch:    6
02/26/2021 15:32:31 - INFO - __main__ -   	EPOCH:  24	MiniBatch:    7
02/26/2021 15:32:32 - INFO - __main__ -   	EPOCH:  24	MiniBatch:    8
02/26/2021 15:32:32 - INFO - __main__ -   	EPOCH:  24	MiniBatch:    9
02/26/2021 15:32:33 - INFO - __main__ -   	EPOCH:  24	MiniBatch:   10
02/26/2021 15:32:33 - INFO - __main__ -   	EPOCH:  24	MiniBatch:   11
02/26/2021 15:32:34 - INFO - __main__ -   	EPOCH:  24	MiniBatch:   12
02/26/2021 15:32:34 - INFO - __main__ -   	EPOCH:  24	MiniBatch:   13
02/26/2021 15:32:35 - INFO - __main__ -   	EPOCH:  24	MiniBatch:   14
02/26/2021 15:32:35 - INFO - __main__ -   	EPOCH:  24	MiniBatch:   15
02/26/2021 15:32:36 - INFO - __main__ -   	EPOCH:  24	MiniBatch:   16
02/26/2021 15:32:36 - INFO - __main__ -   	EPOCH:  24	MiniBatch:   17
02/26/2021 15:32:37 - INFO - __main__ -   	EPOCH:  24	MiniBatch:   18
02/26/2021 15:32:37 - INFO - __main__ -   	EPOCH:  24	MiniBatch:   19
02/26/2021 15:32:38 - INFO - __main__ -   	EPOCH:  24	MiniBatch:   20
02/26/2021 15:32:38 - INFO - __main__ -   	EPOCH:  24	MiniBatch:   21
02/26/2021 15:32:39 - INFO - __main__ -   	EPOCH:  24	MiniBatch:   22
02/26/2021 15:32:39 - INFO - __main__ -   	EPOCH:  24	MiniBatch:   23
02/26/2021 15:32:40 - INFO - __main__ -   	EPOCH:  24	MiniBatch:   24
02/26/2021 15:32:40 - INFO - __main__ -   	EPOCH:  24	MiniBatch:   25
02/26/2021 15:32:41 - INFO - __main__ -   	EPOCH:  24	MiniBatch:   26
02/26/2021 15:32:41 - INFO - __main__ -   	EPOCH:  24	MiniBatch:   27
02/26/2021 15:32:42 - INFO - __main__ -   	EPOCH:  24	MiniBatch:   28
02/26/2021 15:32:42 - INFO - __main__ -   	EPOCH:  24	MiniBatch:   29
02/26/2021 15:32:43 - INFO - __main__ -   	EPOCH:  24	MiniBatch:   30
02/26/2021 15:32:43 - INFO - __main__ -   	EPOCH:  24	MiniBatch:   31
02/26/2021 15:32:44 - INFO - __main__ -   	Testing dev Minibatch:    0
02/26/2021 15:32:44 - INFO - __main__ -   	Testing dev Minibatch:    1
02/26/2021 15:32:44 - INFO - __main__ -   	Testing dev Minibatch:    2
02/26/2021 15:32:45 - INFO - __main__ -   	Testing dev Minibatch:    3
02/26/2021 15:32:45 - INFO - __main__ -   
Labels 	Prec. 	Recall	F1    	Supp  
Denial 	0.2051	0.4848	0.2883	66
Support	0.6022	0.4932	0.5423	221
Comment	0.5781	0.3627	0.4458	102
Queries	0.7587	0.7452	0.7519	675
MacroF1	0.5071
F1w_avg	0.6502
Acc    	64.0

02/26/2021 15:32:45 - INFO - __main__ -   	EPOCH:  25	MiniBatch:    0
02/26/2021 15:32:46 - INFO - __main__ -   	EPOCH:  25	MiniBatch:    1
02/26/2021 15:32:46 - INFO - __main__ -   	EPOCH:  25	MiniBatch:    2
02/26/2021 15:32:47 - INFO - __main__ -   	EPOCH:  25	MiniBatch:    3
02/26/2021 15:32:47 - INFO - __main__ -   	EPOCH:  25	MiniBatch:    4
02/26/2021 15:32:48 - INFO - __main__ -   	EPOCH:  25	MiniBatch:    5
02/26/2021 15:32:48 - INFO - __main__ -   	EPOCH:  25	MiniBatch:    6
02/26/2021 15:32:49 - INFO - __main__ -   	EPOCH:  25	MiniBatch:    7
02/26/2021 15:32:49 - INFO - __main__ -   	EPOCH:  25	MiniBatch:    8
02/26/2021 15:32:50 - INFO - __main__ -   	EPOCH:  25	MiniBatch:    9
02/26/2021 15:32:50 - INFO - __main__ -   	EPOCH:  25	MiniBatch:   10
02/26/2021 15:32:51 - INFO - __main__ -   	EPOCH:  25	MiniBatch:   11
02/26/2021 15:32:51 - INFO - __main__ -   	EPOCH:  25	MiniBatch:   12
02/26/2021 15:32:52 - INFO - __main__ -   	EPOCH:  25	MiniBatch:   13
02/26/2021 15:32:52 - INFO - __main__ -   	EPOCH:  25	MiniBatch:   14
02/26/2021 15:32:53 - INFO - __main__ -   	EPOCH:  25	MiniBatch:   15
02/26/2021 15:32:53 - INFO - __main__ -   	EPOCH:  25	MiniBatch:   16
02/26/2021 15:32:54 - INFO - __main__ -   	EPOCH:  25	MiniBatch:   17
02/26/2021 15:32:54 - INFO - __main__ -   	EPOCH:  25	MiniBatch:   18
02/26/2021 15:32:55 - INFO - __main__ -   	EPOCH:  25	MiniBatch:   19
02/26/2021 15:32:55 - INFO - __main__ -   	EPOCH:  25	MiniBatch:   20
02/26/2021 15:32:56 - INFO - __main__ -   	EPOCH:  25	MiniBatch:   21
02/26/2021 15:32:56 - INFO - __main__ -   	EPOCH:  25	MiniBatch:   22
02/26/2021 15:32:57 - INFO - __main__ -   	EPOCH:  25	MiniBatch:   23
02/26/2021 15:32:57 - INFO - __main__ -   	EPOCH:  25	MiniBatch:   24
02/26/2021 15:32:58 - INFO - __main__ -   	EPOCH:  25	MiniBatch:   25
02/26/2021 15:32:58 - INFO - __main__ -   	EPOCH:  25	MiniBatch:   26
02/26/2021 15:32:59 - INFO - __main__ -   	EPOCH:  25	MiniBatch:   27
02/26/2021 15:32:59 - INFO - __main__ -   	EPOCH:  25	MiniBatch:   28
02/26/2021 15:32:59 - INFO - __main__ -   	EPOCH:  25	MiniBatch:   29
02/26/2021 15:33:00 - INFO - __main__ -   	EPOCH:  25	MiniBatch:   30
02/26/2021 15:33:00 - INFO - __main__ -   	EPOCH:  25	MiniBatch:   31
02/26/2021 15:33:01 - INFO - __main__ -   	Testing dev Minibatch:    0
02/26/2021 15:33:02 - INFO - __main__ -   	Testing dev Minibatch:    1
02/26/2021 15:33:02 - INFO - __main__ -   	Testing dev Minibatch:    2
02/26/2021 15:33:02 - INFO - __main__ -   	Testing dev Minibatch:    3
02/26/2021 15:33:03 - INFO - __main__ -   
Labels 	Prec. 	Recall	F1    	Supp  
Denial 	0.2222	0.2727	0.2449	66
Support	0.6020	0.5475	0.5735	221
Comment	0.5217	0.3529	0.4211	102
Queries	0.7518	0.7941	0.7723	675
MacroF1	0.5029
F1w_avg	0.6646
Acc    	66.8

02/26/2021 15:33:03 - INFO - __main__ -   No improvements in F1 for 20 epochs
02/26/2021 15:33:04 - INFO - __main__ -   	Testing test Minibatch:    0
02/26/2021 15:33:04 - INFO - __main__ -   	Testing test Minibatch:    1
02/26/2021 15:33:04 - INFO - __main__ -   	Testing test Minibatch:    2
02/26/2021 15:33:05 - INFO - __main__ -   	Testing test Minibatch:    3
02/26/2021 15:33:05 - INFO - __main__ -   
Labels 	Prec. 	Recall	F1    	Supp  
Denial 	0.2683	0.4783	0.3438	69
Support	0.3603	0.5213	0.4261	94
Comment	0.7917	0.5534	0.6514	103
Queries	0.8623	0.7881	0.8235	755
MacroF1	0.5612
F1w_avg	0.7372
Acc    	71.9

02/26/2021 15:33:05 - INFO - __main__ -   Time taken: 0h 7m 50s
