02/23/2021 14:03:21 - INFO - __main__ -   ----------------- Hyperparameters ------------------
02/23/2021 14:03:21 - INFO - __main__ -   ======== my_modelE0 =========
02/23/2021 14:03:21 - INFO - __main__ -   ===== Hyperparameters ======
02/23/2021 14:03:21 - INFO - __main__ -   batch_train: 2
02/23/2021 14:03:21 - INFO - __main__ -   batch_test:  64
02/23/2021 14:03:21 - INFO - __main__ -   epochs: 5 
02/23/2021 14:03:21 - INFO - __main__ -   learning_rate: 0.000010
02/23/2021 14:03:21 - INFO - __main__ -   optimizer: adam
02/23/2021 14:03:21 - INFO - __main__ -   debug: True
02/23/2021 14:03:21 - INFO - __main__ -   ------------------ Getting model -------------------
02/23/2021 14:03:32 - INFO - __main__ -   loading pretrained model file ./log_files/saved_models/pretrain02_my_modelE0.bin
02/23/2021 14:03:32 - INFO - __main__ -   --------------- Getting dataframes -----------------
02/23/2021 14:03:32 - INFO - __main__ -   ------- Setting loss function and optimizer --------
02/23/2021 14:03:32 - INFO - __main__ -   ------------ Converting to dataloaders -------------
02/23/2021 14:03:33 - INFO - __main__ -   2
02/23/2021 14:03:33 - INFO - __main__ -   6
02/23/2021 14:03:33 - INFO - __main__ -   6
02/23/2021 14:03:33 - INFO - __main__ -   1
02/23/2021 14:03:33 - INFO - __main__ -   ---------------- Starting training -----------------
02/23/2021 14:03:33 - INFO - __main__ -   	EPOCH:   0	MiniBatch:    0
02/23/2021 14:03:35 - INFO - __main__ -   	Testing dev Minibatch:    0
02/23/2021 14:03:35 - INFO - __main__ -   
Labels 	Prec. 	Recall	F1    	Supp  
Denial 	1.0000	1.0000	1.0000	1
Support	0.0000	0.0000	0.0000	3
Comment	0.0000	0.0000	0.0000	1
Queries	0.0000	0.0000	0.0000	0
MacroF1	0.2500
F1w_avg	0.2000
Acc    	20.0

02/23/2021 14:03:35 - INFO - __main__ -   	EPOCH:   1	MiniBatch:    0
02/23/2021 14:03:36 - INFO - __main__ -   	Testing dev Minibatch:    0
02/23/2021 14:03:36 - INFO - __main__ -   
Labels 	Prec. 	Recall	F1    	Supp  
Denial 	0.0000	0.0000	0.0000	1
Support	0.0000	0.0000	0.0000	3
Comment	0.0000	0.0000	0.0000	1
Queries	0.0000	0.0000	0.0000	0
MacroF1	0.0000
F1w_avg	0.0000
Acc    	0.0

02/23/2021 14:03:36 - INFO - __main__ -   	EPOCH:   2	MiniBatch:    0
02/23/2021 14:03:36 - INFO - __main__ -   	Testing dev Minibatch:    0
02/23/2021 14:03:36 - INFO - __main__ -   
Labels 	Prec. 	Recall	F1    	Supp  
Denial 	0.5000	1.0000	0.6667	1
Support	0.0000	0.0000	0.0000	3
Comment	0.0000	0.0000	0.0000	1
Queries	0.0000	0.0000	0.0000	0
MacroF1	0.1667
F1w_avg	0.1333
Acc    	20.0

02/23/2021 14:03:37 - INFO - __main__ -   	EPOCH:   3	MiniBatch:    0
02/23/2021 14:03:37 - INFO - __main__ -   	Testing dev Minibatch:    0
02/23/2021 14:03:37 - INFO - __main__ -   
Labels 	Prec. 	Recall	F1    	Supp  
Denial 	0.5000	1.0000	0.6667	1
Support	0.0000	0.0000	0.0000	3
Comment	0.0000	0.0000	0.0000	1
Queries	0.0000	0.0000	0.0000	0
MacroF1	0.1667
F1w_avg	0.1333
Acc    	20.0

02/23/2021 14:03:37 - INFO - __main__ -   	EPOCH:   4	MiniBatch:    0
02/23/2021 14:03:38 - INFO - __main__ -   	Testing dev Minibatch:    0
02/23/2021 14:03:38 - INFO - __main__ -   
Labels 	Prec. 	Recall	F1    	Supp  
Denial 	0.5000	1.0000	0.6667	1
Support	0.0000	0.0000	0.0000	3
Comment	0.0000	0.0000	0.0000	1
Queries	0.0000	0.0000	0.0000	0
MacroF1	0.1667
F1w_avg	0.1333
Acc    	20.0

02/23/2021 14:03:39 - INFO - __main__ -   	Testing test Minibatch:    0
02/23/2021 14:03:39 - INFO - __main__ -   
Labels 	Prec. 	Recall	F1    	Supp  
Denial 	0.6000	1.0000	0.7500	3
Support	0.0000	0.0000	0.0000	9
Comment	0.4444	0.5714	0.5000	7
Queries	0.1667	1.0000	0.2857	1
MacroF1	0.3839
F1w_avg	0.3018
Acc    	40.0

02/23/2021 14:03:39 - INFO - __main__ -   Time taken: 0h 0m 17s
