02/22/2021 08:24:12 - INFO - __main__ -   ----------------- Hyperparameters ------------------
02/22/2021 08:24:12 - INFO - __main__ -   ======== my_modelE0 =========
02/22/2021 08:24:12 - INFO - __main__ -   ===== Hyperparameters ======
02/22/2021 08:24:12 - INFO - __main__ -   batch_train: 128
02/22/2021 08:24:12 - INFO - __main__ -   batch_test:  256
02/22/2021 08:24:12 - INFO - __main__ -   epochs: 2 
02/22/2021 08:24:12 - INFO - __main__ -   learning_rate: 0.000010
02/22/2021 08:24:12 - INFO - __main__ -   optimizer: adam
02/22/2021 08:24:12 - INFO - __main__ -   debug: False
02/22/2021 08:24:12 - INFO - __main__ -   ------------------ Getting model -------------------
02/22/2021 08:24:18 - INFO - __main__ -   --------------- Getting dataframes -----------------
02/22/2021 08:24:24 - INFO - __main__ -   ------- Setting loss function and optimizer --------
02/22/2021 08:24:24 - INFO - __main__ -   ------------ Converting to dataloaders -------------
02/22/2021 08:24:24 - INFO - __main__ -   ---------------- Starting training -----------------
02/22/2021 08:24:24 - INFO - __main__ -   	EPOCH:   0	MiniBatch:    0
02/22/2021 08:24:37 - INFO - __main__ -   	EPOCH:   0	MiniBatch:   10
02/22/2021 08:24:47 - INFO - __main__ -   	EPOCH:   0	MiniBatch:   20
02/22/2021 08:24:57 - INFO - __main__ -   	EPOCH:   0	MiniBatch:   30
02/22/2021 08:25:07 - INFO - __main__ -   	EPOCH:   0	MiniBatch:   40
02/22/2021 08:25:18 - INFO - __main__ -   	EPOCH:   0	MiniBatch:   50
02/22/2021 08:25:28 - INFO - __main__ -   	EPOCH:   0	MiniBatch:   60
02/22/2021 08:25:38 - INFO - __main__ -   	EPOCH:   0	MiniBatch:   70
02/22/2021 08:25:49 - INFO - __main__ -   	EPOCH:   0	MiniBatch:   80
02/22/2021 08:25:59 - INFO - __main__ -   	EPOCH:   0	MiniBatch:   90
02/22/2021 08:26:09 - INFO - __main__ -   	EPOCH:   0	MiniBatch:  100
02/22/2021 08:26:20 - INFO - __main__ -   	EPOCH:   0	MiniBatch:  110
02/22/2021 08:26:30 - INFO - __main__ -   	EPOCH:   0	MiniBatch:  120
02/22/2021 08:26:40 - INFO - __main__ -   	EPOCH:   0	MiniBatch:  130
02/22/2021 08:26:51 - INFO - __main__ -   	EPOCH:   0	MiniBatch:  140
02/22/2021 08:27:01 - INFO - __main__ -   	EPOCH:   0	MiniBatch:  150
02/22/2021 08:27:12 - INFO - __main__ -   	EPOCH:   0	MiniBatch:  160
02/22/2021 08:27:22 - INFO - __main__ -   	EPOCH:   0	MiniBatch:  170
02/22/2021 08:27:32 - INFO - __main__ -   	EPOCH:   0	MiniBatch:  180
02/22/2021 08:27:43 - INFO - __main__ -   	EPOCH:   0	MiniBatch:  190
02/22/2021 08:27:53 - INFO - __main__ -   	EPOCH:   0	MiniBatch:  200
02/22/2021 08:28:03 - INFO - __main__ -   	EPOCH:   0	MiniBatch:  210
02/22/2021 08:28:14 - INFO - __main__ -   	EPOCH:   0	MiniBatch:  220
02/22/2021 08:28:24 - INFO - __main__ -   	EPOCH:   0	MiniBatch:  230
02/22/2021 08:28:34 - INFO - __main__ -   	EPOCH:   0	MiniBatch:  240
02/22/2021 08:28:45 - INFO - __main__ -   	EPOCH:   0	MiniBatch:  250
02/22/2021 08:28:55 - INFO - __main__ -   	EPOCH:   0	MiniBatch:  260
02/22/2021 08:29:06 - INFO - __main__ -   	EPOCH:   0	MiniBatch:  270
02/22/2021 08:29:16 - INFO - __main__ -   	EPOCH:   0	MiniBatch:  280
02/22/2021 08:29:27 - INFO - __main__ -   	EPOCH:   0	MiniBatch:  290
02/22/2021 08:29:37 - INFO - __main__ -   	EPOCH:   0	MiniBatch:  300
02/22/2021 08:29:47 - INFO - __main__ -   	EPOCH:   0	MiniBatch:  310
02/22/2021 08:29:58 - INFO - __main__ -   	EPOCH:   0	MiniBatch:  320
02/22/2021 08:30:08 - INFO - __main__ -   	EPOCH:   0	MiniBatch:  330
02/22/2021 08:30:18 - INFO - __main__ -   	EPOCH:   0	MiniBatch:  340
02/22/2021 08:30:29 - INFO - __main__ -   	EPOCH:   0	MiniBatch:  350
02/22/2021 08:30:39 - INFO - __main__ -   	EPOCH:   0	MiniBatch:  360
02/22/2021 08:30:50 - INFO - __main__ -   	EPOCH:   0	MiniBatch:  370
02/22/2021 08:31:00 - INFO - __main__ -   	EPOCH:   0	MiniBatch:  380
02/22/2021 08:31:10 - INFO - __main__ -   	EPOCH:   0	MiniBatch:  390
02/22/2021 08:31:21 - INFO - __main__ -   	EPOCH:   0	MiniBatch:  400
02/22/2021 08:31:31 - INFO - __main__ -   	EPOCH:   0	MiniBatch:  410
02/22/2021 08:31:41 - INFO - __main__ -   	EPOCH:   0	MiniBatch:  420
02/22/2021 08:31:52 - INFO - __main__ -   	EPOCH:   0	MiniBatch:  430
02/22/2021 08:32:02 - INFO - __main__ -   	EPOCH:   0	MiniBatch:  440
02/22/2021 08:32:13 - INFO - __main__ -   	EPOCH:   0	MiniBatch:  450
02/22/2021 08:32:23 - INFO - __main__ -   	EPOCH:   0	MiniBatch:  460
02/22/2021 08:32:33 - INFO - __main__ -   	EPOCH:   0	MiniBatch:  470
02/22/2021 08:32:44 - INFO - __main__ -   	EPOCH:   0	MiniBatch:  480
02/22/2021 08:32:54 - INFO - __main__ -   	EPOCH:   0	MiniBatch:  490
02/22/2021 08:33:05 - INFO - __main__ -   	EPOCH:   0	MiniBatch:  500
02/22/2021 08:33:15 - INFO - __main__ -   	EPOCH:   0	MiniBatch:  510
02/22/2021 08:33:25 - INFO - __main__ -   	EPOCH:   0	MiniBatch:  520
02/22/2021 08:33:36 - INFO - __main__ -   	EPOCH:   0	MiniBatch:  530
02/22/2021 08:33:46 - INFO - __main__ -   	EPOCH:   0	MiniBatch:  540
02/22/2021 08:33:56 - INFO - __main__ -   	EPOCH:   0	MiniBatch:  550
02/22/2021 08:34:07 - INFO - __main__ -   	EPOCH:   0	MiniBatch:  560
02/22/2021 08:34:17 - INFO - __main__ -   	EPOCH:   0	MiniBatch:  570
02/22/2021 08:34:27 - INFO - __main__ -   	EPOCH:   0	MiniBatch:  580
02/22/2021 08:34:38 - INFO - __main__ -   	EPOCH:   0	MiniBatch:  590
02/22/2021 08:34:48 - INFO - __main__ -   	EPOCH:   0	MiniBatch:  600
02/22/2021 08:34:59 - INFO - __main__ -   	EPOCH:   0	MiniBatch:  610
02/22/2021 08:35:09 - INFO - __main__ -   	EPOCH:   0	MiniBatch:  620
02/22/2021 08:35:19 - INFO - __main__ -   	EPOCH:   0	MiniBatch:  630
02/22/2021 08:35:30 - INFO - __main__ -   	EPOCH:   0	MiniBatch:  640
02/22/2021 08:35:40 - INFO - __main__ -   	EPOCH:   0	MiniBatch:  650
02/22/2021 08:35:50 - INFO - __main__ -   	EPOCH:   0	MiniBatch:  660
02/22/2021 08:36:01 - INFO - __main__ -   	EPOCH:   0	MiniBatch:  670
02/22/2021 08:36:11 - INFO - __main__ -   	EPOCH:   0	MiniBatch:  680
02/22/2021 08:36:21 - INFO - __main__ -   	EPOCH:   0	MiniBatch:  690
02/22/2021 08:36:32 - INFO - __main__ -   	EPOCH:   0	MiniBatch:  700
02/22/2021 08:36:42 - INFO - __main__ -   	EPOCH:   0	MiniBatch:  710
02/22/2021 08:36:52 - INFO - __main__ -   	EPOCH:   0	MiniBatch:  720
02/22/2021 08:37:03 - INFO - __main__ -   	EPOCH:   0	MiniBatch:  730
02/22/2021 08:37:14 - INFO - __main__ -   	EPOCH:   0	MiniBatch:  740
02/22/2021 08:37:24 - INFO - __main__ -   	EPOCH:   0	MiniBatch:  750
02/22/2021 08:37:34 - INFO - __main__ -   	EPOCH:   0	MiniBatch:  760
02/22/2021 08:37:45 - INFO - __main__ -   	EPOCH:   0	MiniBatch:  770
02/22/2021 08:37:55 - INFO - __main__ -   	EPOCH:   0	MiniBatch:  780
02/22/2021 08:37:57 - INFO - __main__ -   	Testing dev Minibatch:    0
02/22/2021 08:38:01 - INFO - __main__ -   	Testing dev Minibatch:   10
02/22/2021 08:38:04 - INFO - __main__ -   	Testing dev Minibatch:   20
02/22/2021 08:38:08 - INFO - __main__ -   	Testing dev Minibatch:   30
02/22/2021 08:38:12 - INFO - __main__ -   	Testing dev Minibatch:   40
02/22/2021 08:38:16 - INFO - __main__ -   	Testing dev Minibatch:   50
02/22/2021 08:38:19 - INFO - __main__ -   	Testing dev Minibatch:   60
02/22/2021 08:38:23 - INFO - __main__ -   	Testing dev Minibatch:   70
02/22/2021 08:38:27 - INFO - __main__ -   	Testing dev Minibatch:   80
02/22/2021 08:38:31 - INFO - __main__ -   	Testing dev Minibatch:   90
02/22/2021 08:38:35 - INFO - __main__ -   	Testing dev Minibatch:  100
02/22/2021 08:38:39 - INFO - __main__ -   	Testing dev Minibatch:  110
02/22/2021 08:38:42 - INFO - __main__ -   	Testing dev Minibatch:  120
02/22/2021 08:38:46 - INFO - __main__ -   	Testing dev Minibatch:  130
02/22/2021 08:38:50 - INFO - __main__ -   	Testing dev Minibatch:  140
02/22/2021 08:38:54 - INFO - __main__ -   	Testing dev Minibatch:  150
02/22/2021 08:38:57 - INFO - __main__ -   	Testing dev Minibatch:  160
02/22/2021 08:39:01 - INFO - __main__ -   	Testing dev Minibatch:  170
02/22/2021 08:39:05 - INFO - __main__ -   	Testing dev Minibatch:  180
02/22/2021 08:39:09 - INFO - __main__ -   	Testing dev Minibatch:  190
02/22/2021 08:39:12 - INFO - __main__ -   	Testing dev Minibatch:  200
02/22/2021 08:39:16 - INFO - __main__ -   	Testing dev Minibatch:  210
02/22/2021 08:39:20 - INFO - __main__ -   	Testing dev Minibatch:  220
02/22/2021 08:39:24 - INFO - __main__ -   	Testing dev Minibatch:  230
02/22/2021 08:39:28 - INFO - __main__ -   	Testing dev Minibatch:  240
02/22/2021 08:39:32 - INFO - __main__ -   	Testing dev Minibatch:  250
02/22/2021 08:39:35 - INFO - __main__ -   	Testing dev Minibatch:  260
02/22/2021 08:39:39 - INFO - __main__ -   	Testing dev Minibatch:  270
02/22/2021 08:39:43 - INFO - __main__ -   	Testing dev Minibatch:  280
02/22/2021 08:39:47 - INFO - __main__ -   	Testing dev Minibatch:  290
02/22/2021 08:39:50 - INFO - __main__ -   	Testing dev Minibatch:  300
02/22/2021 08:39:54 - INFO - __main__ -   	Testing dev Minibatch:  310
02/22/2021 08:39:58 - INFO - __main__ -   	Testing dev Minibatch:  320
02/22/2021 08:40:01 - INFO - __main__ -   	Testing dev Minibatch:  330
02/22/2021 08:40:05 - INFO - __main__ -   	Testing dev Minibatch:  340
02/22/2021 08:40:09 - INFO - __main__ -   	Testing dev Minibatch:  350
02/22/2021 08:40:13 - INFO - __main__ -   	Testing dev Minibatch:  360
02/22/2021 08:40:17 - INFO - __main__ -   	Testing dev Minibatch:  370
02/22/2021 08:40:21 - INFO - __main__ -   	Testing dev Minibatch:  380
02/22/2021 08:40:24 - INFO - __main__ -   	Testing dev Minibatch:  390
02/22/2021 08:40:28 - INFO - __main__ -   	Testing dev Minibatch:  400
02/22/2021 08:40:32 - INFO - __main__ -   	Testing dev Minibatch:  410
02/22/2021 08:40:36 - INFO - __main__ -   	Testing dev Minibatch:  420
02/22/2021 08:40:39 - INFO - __main__ -   	Testing dev Minibatch:  430
02/22/2021 08:40:43 - INFO - __main__ -   	Testing dev Minibatch:  440
02/22/2021 08:40:47 - INFO - __main__ -   	Testing dev Minibatch:  450
02/22/2021 08:40:51 - INFO - __main__ -   	Testing dev Minibatch:  460
02/22/2021 08:40:54 - INFO - __main__ -   	Testing dev Minibatch:  470
02/22/2021 08:40:58 - INFO - __main__ -   	Testing dev Minibatch:  480
02/22/2021 08:41:02 - INFO - __main__ -   	Testing dev Minibatch:  490
02/22/2021 08:41:06 - INFO - __main__ -   	Testing dev Minibatch:  500
02/22/2021 08:41:10 - INFO - __main__ -   	Testing dev Minibatch:  510
02/22/2021 08:41:14 - INFO - __main__ -   	Testing dev Minibatch:  520
02/22/2021 08:41:17 - INFO - __main__ -   	Testing dev Minibatch:  530
02/22/2021 08:41:21 - INFO - __main__ -   	Testing dev Minibatch:  540
02/22/2021 08:41:25 - INFO - __main__ -   	Testing dev Minibatch:  550
02/22/2021 08:41:29 - INFO - __main__ -   	Testing dev Minibatch:  560
02/22/2021 08:41:32 - INFO - __main__ -   	Testing dev Minibatch:  570
02/22/2021 08:41:36 - INFO - __main__ -   	Testing dev Minibatch:  580
02/22/2021 08:41:40 - INFO - __main__ -   	Testing dev Minibatch:  590
02/22/2021 08:41:44 - INFO - __main__ -   	Testing dev Minibatch:  600
02/22/2021 08:41:47 - INFO - __main__ -   	Testing dev Minibatch:  610
02/22/2021 08:41:51 - INFO - __main__ -   	Testing dev Minibatch:  620
02/22/2021 08:41:55 - INFO - __main__ -   	Testing dev Minibatch:  630
02/22/2021 08:41:59 - INFO - __main__ -   	Testing dev Minibatch:  640
02/22/2021 08:42:03 - INFO - __main__ -   	Testing dev Minibatch:  650
02/22/2021 08:42:06 - INFO - __main__ -   	Testing dev Minibatch:  660
02/22/2021 08:42:10 - INFO - __main__ -   	Testing dev Minibatch:  670
02/22/2021 08:42:14 - INFO - __main__ -   	Testing dev Minibatch:  680
02/22/2021 08:42:18 - INFO - __main__ -   	Testing dev Minibatch:  690
02/22/2021 08:42:21 - INFO - __main__ -   	Testing dev Minibatch:  700
02/22/2021 08:42:25 - INFO - __main__ -   	Testing dev Minibatch:  710
02/22/2021 08:42:29 - INFO - __main__ -   	Testing dev Minibatch:  720
02/22/2021 08:42:33 - INFO - __main__ -   	Testing dev Minibatch:  730
02/22/2021 08:42:36 - INFO - __main__ -   	Testing dev Minibatch:  740
02/22/2021 08:42:40 - INFO - __main__ -   	Testing dev Minibatch:  750
02/22/2021 08:42:44 - INFO - __main__ -   	Testing dev Minibatch:  760
02/22/2021 08:42:48 - INFO - __main__ -   	Testing dev Minibatch:  770
02/22/2021 08:42:52 - INFO - __main__ -   	Testing dev Minibatch:  780
02/22/2021 08:42:53 - INFO - __main__ -   
Labels 	Prec. 	Recall	F1    	Supp  
Flipped	0.5016	1.0000	0.6681	50162
No flip	0.0000	0.0000	0.0000	49838
MacroF1	0.3341
F1w_avg	0.3351
Acc    	50.2

02/22/2021 08:42:54 - INFO - __main__ -   	EPOCH:   1	MiniBatch:    0
02/22/2021 08:43:05 - INFO - __main__ -   	EPOCH:   1	MiniBatch:   10
02/22/2021 08:43:15 - INFO - __main__ -   	EPOCH:   1	MiniBatch:   20
02/22/2021 08:43:25 - INFO - __main__ -   	EPOCH:   1	MiniBatch:   30
02/22/2021 08:43:36 - INFO - __main__ -   	EPOCH:   1	MiniBatch:   40
02/22/2021 08:43:46 - INFO - __main__ -   	EPOCH:   1	MiniBatch:   50
02/22/2021 08:43:56 - INFO - __main__ -   	EPOCH:   1	MiniBatch:   60
02/22/2021 08:44:07 - INFO - __main__ -   	EPOCH:   1	MiniBatch:   70
02/22/2021 08:44:17 - INFO - __main__ -   	EPOCH:   1	MiniBatch:   80
02/22/2021 08:44:27 - INFO - __main__ -   	EPOCH:   1	MiniBatch:   90
02/22/2021 08:44:38 - INFO - __main__ -   	EPOCH:   1	MiniBatch:  100
02/22/2021 08:44:48 - INFO - __main__ -   	EPOCH:   1	MiniBatch:  110
02/22/2021 08:44:59 - INFO - __main__ -   	EPOCH:   1	MiniBatch:  120
02/22/2021 08:45:09 - INFO - __main__ -   	EPOCH:   1	MiniBatch:  130
02/22/2021 08:45:20 - INFO - __main__ -   	EPOCH:   1	MiniBatch:  140
02/22/2021 08:45:30 - INFO - __main__ -   	EPOCH:   1	MiniBatch:  150
02/22/2021 08:45:40 - INFO - __main__ -   	EPOCH:   1	MiniBatch:  160
02/22/2021 08:45:51 - INFO - __main__ -   	EPOCH:   1	MiniBatch:  170
02/22/2021 08:46:01 - INFO - __main__ -   	EPOCH:   1	MiniBatch:  180
02/22/2021 08:46:11 - INFO - __main__ -   	EPOCH:   1	MiniBatch:  190
02/22/2021 08:46:22 - INFO - __main__ -   	EPOCH:   1	MiniBatch:  200
02/22/2021 08:46:32 - INFO - __main__ -   	EPOCH:   1	MiniBatch:  210
02/22/2021 08:46:42 - INFO - __main__ -   	EPOCH:   1	MiniBatch:  220
02/22/2021 08:46:53 - INFO - __main__ -   	EPOCH:   1	MiniBatch:  230
02/22/2021 08:47:04 - INFO - __main__ -   	EPOCH:   1	MiniBatch:  240
02/22/2021 08:47:14 - INFO - __main__ -   	EPOCH:   1	MiniBatch:  250
02/22/2021 08:47:24 - INFO - __main__ -   	EPOCH:   1	MiniBatch:  260
02/22/2021 08:47:35 - INFO - __main__ -   	EPOCH:   1	MiniBatch:  270
02/22/2021 08:47:45 - INFO - __main__ -   	EPOCH:   1	MiniBatch:  280
02/22/2021 08:47:55 - INFO - __main__ -   	EPOCH:   1	MiniBatch:  290
02/22/2021 08:48:06 - INFO - __main__ -   	EPOCH:   1	MiniBatch:  300
02/22/2021 08:48:16 - INFO - __main__ -   	EPOCH:   1	MiniBatch:  310
02/22/2021 08:48:26 - INFO - __main__ -   	EPOCH:   1	MiniBatch:  320
02/22/2021 08:48:37 - INFO - __main__ -   	EPOCH:   1	MiniBatch:  330
02/22/2021 08:48:47 - INFO - __main__ -   	EPOCH:   1	MiniBatch:  340
02/22/2021 08:48:57 - INFO - __main__ -   	EPOCH:   1	MiniBatch:  350
02/22/2021 08:49:08 - INFO - __main__ -   	EPOCH:   1	MiniBatch:  360
02/22/2021 08:49:19 - INFO - __main__ -   	EPOCH:   1	MiniBatch:  370
02/22/2021 08:49:29 - INFO - __main__ -   	EPOCH:   1	MiniBatch:  380
02/22/2021 08:49:39 - INFO - __main__ -   	EPOCH:   1	MiniBatch:  390
02/22/2021 08:49:50 - INFO - __main__ -   	EPOCH:   1	MiniBatch:  400
02/22/2021 08:50:00 - INFO - __main__ -   	EPOCH:   1	MiniBatch:  410
02/22/2021 08:50:10 - INFO - __main__ -   	EPOCH:   1	MiniBatch:  420
02/22/2021 08:50:21 - INFO - __main__ -   	EPOCH:   1	MiniBatch:  430
02/22/2021 08:50:31 - INFO - __main__ -   	EPOCH:   1	MiniBatch:  440
02/22/2021 08:50:41 - INFO - __main__ -   	EPOCH:   1	MiniBatch:  450
02/22/2021 08:50:52 - INFO - __main__ -   	EPOCH:   1	MiniBatch:  460
02/22/2021 08:51:02 - INFO - __main__ -   	EPOCH:   1	MiniBatch:  470
02/22/2021 08:51:13 - INFO - __main__ -   	EPOCH:   1	MiniBatch:  480
02/22/2021 08:51:23 - INFO - __main__ -   	EPOCH:   1	MiniBatch:  490
02/22/2021 08:51:34 - INFO - __main__ -   	EPOCH:   1	MiniBatch:  500
02/22/2021 08:51:44 - INFO - __main__ -   	EPOCH:   1	MiniBatch:  510
02/22/2021 08:51:54 - INFO - __main__ -   	EPOCH:   1	MiniBatch:  520
02/22/2021 08:52:05 - INFO - __main__ -   	EPOCH:   1	MiniBatch:  530
02/22/2021 08:52:15 - INFO - __main__ -   	EPOCH:   1	MiniBatch:  540
02/22/2021 08:52:25 - INFO - __main__ -   	EPOCH:   1	MiniBatch:  550
02/22/2021 08:52:36 - INFO - __main__ -   	EPOCH:   1	MiniBatch:  560
02/22/2021 08:52:46 - INFO - __main__ -   	EPOCH:   1	MiniBatch:  570
02/22/2021 08:52:56 - INFO - __main__ -   	EPOCH:   1	MiniBatch:  580
02/22/2021 08:53:07 - INFO - __main__ -   	EPOCH:   1	MiniBatch:  590
02/22/2021 08:53:18 - INFO - __main__ -   	EPOCH:   1	MiniBatch:  600
02/22/2021 08:53:28 - INFO - __main__ -   	EPOCH:   1	MiniBatch:  610
02/22/2021 08:53:38 - INFO - __main__ -   	EPOCH:   1	MiniBatch:  620
02/22/2021 08:53:49 - INFO - __main__ -   	EPOCH:   1	MiniBatch:  630
02/22/2021 08:53:59 - INFO - __main__ -   	EPOCH:   1	MiniBatch:  640
02/22/2021 08:54:09 - INFO - __main__ -   	EPOCH:   1	MiniBatch:  650
02/22/2021 08:54:20 - INFO - __main__ -   	EPOCH:   1	MiniBatch:  660
02/22/2021 08:54:30 - INFO - __main__ -   	EPOCH:   1	MiniBatch:  670
02/22/2021 08:54:40 - INFO - __main__ -   	EPOCH:   1	MiniBatch:  680
02/22/2021 08:54:51 - INFO - __main__ -   	EPOCH:   1	MiniBatch:  690
02/22/2021 08:55:01 - INFO - __main__ -   	EPOCH:   1	MiniBatch:  700
02/22/2021 08:55:11 - INFO - __main__ -   	EPOCH:   1	MiniBatch:  710
02/22/2021 08:55:22 - INFO - __main__ -   	EPOCH:   1	MiniBatch:  720
02/22/2021 08:55:33 - INFO - __main__ -   	EPOCH:   1	MiniBatch:  730
02/22/2021 08:55:43 - INFO - __main__ -   	EPOCH:   1	MiniBatch:  740
02/22/2021 08:55:53 - INFO - __main__ -   	EPOCH:   1	MiniBatch:  750
02/22/2021 08:56:04 - INFO - __main__ -   	EPOCH:   1	MiniBatch:  760
02/22/2021 08:56:14 - INFO - __main__ -   	EPOCH:   1	MiniBatch:  770
02/22/2021 08:56:24 - INFO - __main__ -   	EPOCH:   1	MiniBatch:  780
02/22/2021 08:56:26 - INFO - __main__ -   	Testing dev Minibatch:    0
02/22/2021 08:56:30 - INFO - __main__ -   	Testing dev Minibatch:   10
02/22/2021 08:56:34 - INFO - __main__ -   	Testing dev Minibatch:   20
02/22/2021 08:56:37 - INFO - __main__ -   	Testing dev Minibatch:   30
02/22/2021 08:56:41 - INFO - __main__ -   	Testing dev Minibatch:   40
02/22/2021 08:56:45 - INFO - __main__ -   	Testing dev Minibatch:   50
02/22/2021 08:56:49 - INFO - __main__ -   	Testing dev Minibatch:   60
02/22/2021 08:56:53 - INFO - __main__ -   	Testing dev Minibatch:   70
02/22/2021 08:56:57 - INFO - __main__ -   	Testing dev Minibatch:   80
02/22/2021 08:57:00 - INFO - __main__ -   	Testing dev Minibatch:   90
02/22/2021 08:57:04 - INFO - __main__ -   	Testing dev Minibatch:  100
02/22/2021 08:57:08 - INFO - __main__ -   	Testing dev Minibatch:  110
02/22/2021 08:57:11 - INFO - __main__ -   	Testing dev Minibatch:  120
02/22/2021 08:57:15 - INFO - __main__ -   	Testing dev Minibatch:  130
02/22/2021 08:57:19 - INFO - __main__ -   	Testing dev Minibatch:  140
02/22/2021 08:57:23 - INFO - __main__ -   	Testing dev Minibatch:  150
02/22/2021 08:57:27 - INFO - __main__ -   	Testing dev Minibatch:  160
02/22/2021 08:57:31 - INFO - __main__ -   	Testing dev Minibatch:  170
02/22/2021 08:57:34 - INFO - __main__ -   	Testing dev Minibatch:  180
02/22/2021 08:57:38 - INFO - __main__ -   	Testing dev Minibatch:  190
02/22/2021 08:57:42 - INFO - __main__ -   	Testing dev Minibatch:  200
02/22/2021 08:57:46 - INFO - __main__ -   	Testing dev Minibatch:  210
02/22/2021 08:57:49 - INFO - __main__ -   	Testing dev Minibatch:  220
02/22/2021 08:57:53 - INFO - __main__ -   	Testing dev Minibatch:  230
02/22/2021 08:57:57 - INFO - __main__ -   	Testing dev Minibatch:  240
02/22/2021 08:58:01 - INFO - __main__ -   	Testing dev Minibatch:  250
02/22/2021 08:58:05 - INFO - __main__ -   	Testing dev Minibatch:  260
02/22/2021 08:58:09 - INFO - __main__ -   	Testing dev Minibatch:  270
02/22/2021 08:58:12 - INFO - __main__ -   	Testing dev Minibatch:  280
02/22/2021 08:58:16 - INFO - __main__ -   	Testing dev Minibatch:  290
02/22/2021 08:58:20 - INFO - __main__ -   	Testing dev Minibatch:  300
02/22/2021 08:58:24 - INFO - __main__ -   	Testing dev Minibatch:  310
02/22/2021 08:58:27 - INFO - __main__ -   	Testing dev Minibatch:  320
02/22/2021 08:58:31 - INFO - __main__ -   	Testing dev Minibatch:  330
02/22/2021 08:58:35 - INFO - __main__ -   	Testing dev Minibatch:  340
02/22/2021 08:58:39 - INFO - __main__ -   	Testing dev Minibatch:  350
02/22/2021 08:58:43 - INFO - __main__ -   	Testing dev Minibatch:  360
02/22/2021 08:58:47 - INFO - __main__ -   	Testing dev Minibatch:  370
02/22/2021 08:58:50 - INFO - __main__ -   	Testing dev Minibatch:  380
02/22/2021 08:58:54 - INFO - __main__ -   	Testing dev Minibatch:  390
02/22/2021 08:58:58 - INFO - __main__ -   	Testing dev Minibatch:  400
02/22/2021 08:59:02 - INFO - __main__ -   	Testing dev Minibatch:  410
02/22/2021 08:59:05 - INFO - __main__ -   	Testing dev Minibatch:  420
02/22/2021 08:59:09 - INFO - __main__ -   	Testing dev Minibatch:  430
02/22/2021 08:59:13 - INFO - __main__ -   	Testing dev Minibatch:  440
02/22/2021 08:59:17 - INFO - __main__ -   	Testing dev Minibatch:  450
02/22/2021 08:59:21 - INFO - __main__ -   	Testing dev Minibatch:  460
02/22/2021 08:59:25 - INFO - __main__ -   	Testing dev Minibatch:  470
02/22/2021 08:59:28 - INFO - __main__ -   	Testing dev Minibatch:  480
02/22/2021 08:59:32 - INFO - __main__ -   	Testing dev Minibatch:  490
02/22/2021 08:59:36 - INFO - __main__ -   	Testing dev Minibatch:  500
02/22/2021 08:59:39 - INFO - __main__ -   	Testing dev Minibatch:  510
02/22/2021 08:59:43 - INFO - __main__ -   	Testing dev Minibatch:  520
02/22/2021 08:59:47 - INFO - __main__ -   	Testing dev Minibatch:  530
02/22/2021 08:59:51 - INFO - __main__ -   	Testing dev Minibatch:  540
02/22/2021 08:59:55 - INFO - __main__ -   	Testing dev Minibatch:  550
02/22/2021 08:59:59 - INFO - __main__ -   	Testing dev Minibatch:  560
02/22/2021 09:00:02 - INFO - __main__ -   	Testing dev Minibatch:  570
02/22/2021 09:00:06 - INFO - __main__ -   	Testing dev Minibatch:  580
02/22/2021 09:00:10 - INFO - __main__ -   	Testing dev Minibatch:  590
02/22/2021 09:00:14 - INFO - __main__ -   	Testing dev Minibatch:  600
02/22/2021 09:00:17 - INFO - __main__ -   	Testing dev Minibatch:  610
02/22/2021 09:00:21 - INFO - __main__ -   	Testing dev Minibatch:  620
02/22/2021 09:00:25 - INFO - __main__ -   	Testing dev Minibatch:  630
02/22/2021 09:00:29 - INFO - __main__ -   	Testing dev Minibatch:  640
02/22/2021 09:00:33 - INFO - __main__ -   	Testing dev Minibatch:  650
02/22/2021 09:00:37 - INFO - __main__ -   	Testing dev Minibatch:  660
02/22/2021 09:00:40 - INFO - __main__ -   	Testing dev Minibatch:  670
02/22/2021 09:00:44 - INFO - __main__ -   	Testing dev Minibatch:  680
02/22/2021 09:00:48 - INFO - __main__ -   	Testing dev Minibatch:  690
02/22/2021 09:00:52 - INFO - __main__ -   	Testing dev Minibatch:  700
02/22/2021 09:00:55 - INFO - __main__ -   	Testing dev Minibatch:  710
02/22/2021 09:00:59 - INFO - __main__ -   	Testing dev Minibatch:  720
02/22/2021 09:01:03 - INFO - __main__ -   	Testing dev Minibatch:  730
02/22/2021 09:01:07 - INFO - __main__ -   	Testing dev Minibatch:  740
02/22/2021 09:01:11 - INFO - __main__ -   	Testing dev Minibatch:  750
02/22/2021 09:01:15 - INFO - __main__ -   	Testing dev Minibatch:  760
02/22/2021 09:01:18 - INFO - __main__ -   	Testing dev Minibatch:  770
02/22/2021 09:01:22 - INFO - __main__ -   	Testing dev Minibatch:  780
02/22/2021 09:01:23 - INFO - __main__ -   
Labels 	Prec. 	Recall	F1    	Supp  
Flipped	0.0000	0.0000	0.0000	50162
No flip	0.4984	1.0000	0.6652	49838
MacroF1	0.3326
F1w_avg	0.3315
Acc    	49.8

02/22/2021 09:01:24 - INFO - __main__ -   	Testing test Minibatch:    0
02/22/2021 09:01:27 - INFO - __main__ -   	Testing test Minibatch:   10
02/22/2021 09:01:31 - INFO - __main__ -   	Testing test Minibatch:   20
02/22/2021 09:01:35 - INFO - __main__ -   	Testing test Minibatch:   30
02/22/2021 09:01:38 - INFO - __main__ -   	Testing test Minibatch:   40
02/22/2021 09:01:42 - INFO - __main__ -   	Testing test Minibatch:   50
02/22/2021 09:01:46 - INFO - __main__ -   	Testing test Minibatch:   60
02/22/2021 09:01:50 - INFO - __main__ -   	Testing test Minibatch:   70
02/22/2021 09:01:53 - INFO - __main__ -   	Testing test Minibatch:   80
02/22/2021 09:01:57 - INFO - __main__ -   	Testing test Minibatch:   90
02/22/2021 09:02:01 - INFO - __main__ -   	Testing test Minibatch:  100
02/22/2021 09:02:05 - INFO - __main__ -   	Testing test Minibatch:  110
02/22/2021 09:02:09 - INFO - __main__ -   	Testing test Minibatch:  120
02/22/2021 09:02:13 - INFO - __main__ -   	Testing test Minibatch:  130
02/22/2021 09:02:16 - INFO - __main__ -   	Testing test Minibatch:  140
02/22/2021 09:02:20 - INFO - __main__ -   	Testing test Minibatch:  150
02/22/2021 09:02:24 - INFO - __main__ -   	Testing test Minibatch:  160
02/22/2021 09:02:27 - INFO - __main__ -   	Testing test Minibatch:  170
02/22/2021 09:02:31 - INFO - __main__ -   	Testing test Minibatch:  180
02/22/2021 09:02:35 - INFO - __main__ -   	Testing test Minibatch:  190
02/22/2021 09:02:39 - INFO - __main__ -   	Testing test Minibatch:  200
02/22/2021 09:02:42 - INFO - __main__ -   	Testing test Minibatch:  210
02/22/2021 09:02:46 - INFO - __main__ -   	Testing test Minibatch:  220
02/22/2021 09:02:50 - INFO - __main__ -   	Testing test Minibatch:  230
02/22/2021 09:02:54 - INFO - __main__ -   	Testing test Minibatch:  240
02/22/2021 09:02:57 - INFO - __main__ -   	Testing test Minibatch:  250
02/22/2021 09:03:01 - INFO - __main__ -   	Testing test Minibatch:  260
02/22/2021 09:03:05 - INFO - __main__ -   	Testing test Minibatch:  270
02/22/2021 09:03:09 - INFO - __main__ -   	Testing test Minibatch:  280
02/22/2021 09:03:12 - INFO - __main__ -   	Testing test Minibatch:  290
02/22/2021 09:03:16 - INFO - __main__ -   	Testing test Minibatch:  300
02/22/2021 09:03:20 - INFO - __main__ -   	Testing test Minibatch:  310
02/22/2021 09:03:24 - INFO - __main__ -   	Testing test Minibatch:  320
02/22/2021 09:03:27 - INFO - __main__ -   	Testing test Minibatch:  330
02/22/2021 09:03:31 - INFO - __main__ -   	Testing test Minibatch:  340
02/22/2021 09:03:35 - INFO - __main__ -   	Testing test Minibatch:  350
02/22/2021 09:03:39 - INFO - __main__ -   	Testing test Minibatch:  360
02/22/2021 09:03:43 - INFO - __main__ -   	Testing test Minibatch:  370
02/22/2021 09:03:47 - INFO - __main__ -   	Testing test Minibatch:  380
02/22/2021 09:03:50 - INFO - __main__ -   	Testing test Minibatch:  390
02/22/2021 09:03:54 - INFO - __main__ -   	Testing test Minibatch:  400
02/22/2021 09:03:58 - INFO - __main__ -   	Testing test Minibatch:  410
02/22/2021 09:04:02 - INFO - __main__ -   	Testing test Minibatch:  420
02/22/2021 09:04:05 - INFO - __main__ -   	Testing test Minibatch:  430
02/22/2021 09:04:09 - INFO - __main__ -   	Testing test Minibatch:  440
02/22/2021 09:04:13 - INFO - __main__ -   	Testing test Minibatch:  450
02/22/2021 09:04:17 - INFO - __main__ -   	Testing test Minibatch:  460
02/22/2021 09:04:20 - INFO - __main__ -   	Testing test Minibatch:  470
02/22/2021 09:04:24 - INFO - __main__ -   	Testing test Minibatch:  480
02/22/2021 09:04:28 - INFO - __main__ -   	Testing test Minibatch:  490
02/22/2021 09:04:32 - INFO - __main__ -   	Testing test Minibatch:  500
02/22/2021 09:04:35 - INFO - __main__ -   	Testing test Minibatch:  510
02/22/2021 09:04:39 - INFO - __main__ -   	Testing test Minibatch:  520
02/22/2021 09:04:43 - INFO - __main__ -   	Testing test Minibatch:  530
02/22/2021 09:04:47 - INFO - __main__ -   	Testing test Minibatch:  540
02/22/2021 09:04:50 - INFO - __main__ -   	Testing test Minibatch:  550
02/22/2021 09:04:54 - INFO - __main__ -   	Testing test Minibatch:  560
02/22/2021 09:04:58 - INFO - __main__ -   	Testing test Minibatch:  570
02/22/2021 09:05:02 - INFO - __main__ -   	Testing test Minibatch:  580
02/22/2021 09:05:05 - INFO - __main__ -   	Testing test Minibatch:  590
02/22/2021 09:05:09 - INFO - __main__ -   	Testing test Minibatch:  600
02/22/2021 09:05:13 - INFO - __main__ -   	Testing test Minibatch:  610
02/22/2021 09:05:17 - INFO - __main__ -   	Testing test Minibatch:  620
02/22/2021 09:05:20 - INFO - __main__ -   	Testing test Minibatch:  630
02/22/2021 09:05:24 - INFO - __main__ -   	Testing test Minibatch:  640
02/22/2021 09:05:28 - INFO - __main__ -   	Testing test Minibatch:  650
02/22/2021 09:05:32 - INFO - __main__ -   	Testing test Minibatch:  660
02/22/2021 09:05:36 - INFO - __main__ -   	Testing test Minibatch:  670
02/22/2021 09:05:40 - INFO - __main__ -   	Testing test Minibatch:  680
02/22/2021 09:05:43 - INFO - __main__ -   	Testing test Minibatch:  690
02/22/2021 09:05:47 - INFO - __main__ -   	Testing test Minibatch:  700
02/22/2021 09:05:51 - INFO - __main__ -   	Testing test Minibatch:  710
02/22/2021 09:05:54 - INFO - __main__ -   	Testing test Minibatch:  720
02/22/2021 09:05:58 - INFO - __main__ -   	Testing test Minibatch:  730
02/22/2021 09:06:02 - INFO - __main__ -   	Testing test Minibatch:  740
02/22/2021 09:06:06 - INFO - __main__ -   	Testing test Minibatch:  750
02/22/2021 09:06:09 - INFO - __main__ -   	Testing test Minibatch:  760
02/22/2021 09:06:13 - INFO - __main__ -   	Testing test Minibatch:  770
02/22/2021 09:06:17 - INFO - __main__ -   	Testing test Minibatch:  780
02/22/2021 09:06:18 - INFO - __main__ -   
Labels 	Prec. 	Recall	F1    	Supp  
Flipped	0.5016	1.0000	0.6681	50162
No flip	0.0000	0.0000	0.0000	49838
MacroF1	0.3341
F1w_avg	0.3351
Acc    	50.2

02/22/2021 09:06:18 - INFO - __main__ -   Time taken: 0h 42m  5s
