02/09/2021 09:05:51 - INFO - __main__ -   ----------------- Hyperparameters ------------------
02/09/2021 09:05:51 - INFO - __main__ -   ======== my_modelA0 =========
02/09/2021 09:05:51 - INFO - __main__ -   ===== Hyperparameters ======
02/09/2021 09:05:51 - INFO - __main__ -   batch_train: 64
02/09/2021 09:05:51 - INFO - __main__ -   batch_test:  64
02/09/2021 09:05:51 - INFO - __main__ -   epochs: 40 
02/09/2021 09:05:51 - INFO - __main__ -   learning_rate: 0.000040
02/09/2021 09:05:51 - INFO - __main__ -   optimizer: adam
02/09/2021 09:05:51 - INFO - __main__ -   debug: False
02/09/2021 09:05:51 - INFO - __main__ -   ------------------ Getting model -------------------
02/09/2021 09:05:57 - INFO - __main__ -   --------------- Getting dataframes -----------------
02/09/2021 09:05:57 - INFO - __main__ -   ------- Setting loss function and optimizer --------
02/09/2021 09:05:57 - INFO - __main__ -   ------------ Converting to dataloaders -------------
02/09/2021 09:05:57 - INFO - __main__ -   919
02/09/2021 09:05:57 - INFO - __main__ -   812
02/09/2021 09:05:57 - INFO - __main__ -   740
02/09/2021 09:05:57 - INFO - __main__ -   92
02/09/2021 09:05:57 - INFO - __main__ -   ---------------- Starting training -----------------
02/09/2021 09:05:57 - INFO - __main__ -   	EPOCH:   0	MiniBatch:    0
02/09/2021 09:06:07 - INFO - __main__ -   	EPOCH:   0	MiniBatch:   10
02/09/2021 09:06:16 - INFO - __main__ -   	EPOCH:   0	MiniBatch:   20
02/09/2021 09:06:26 - INFO - __main__ -   	EPOCH:   0	MiniBatch:   30
02/09/2021 09:06:35 - INFO - __main__ -   	EPOCH:   0	MiniBatch:   40
02/09/2021 09:06:36 - INFO - __main__ -   	Testing dev Minibatch:    0
02/09/2021 09:06:39 - INFO - __main__ -   	Testing dev Minibatch:   10
02/09/2021 09:06:40 - INFO - __main__ -   
Labels 	Prec. 	Recall	F1    	Supp  
Denial 	0.3594	0.7098	0.4772	317
Support	0.0000	0.0000	0.0000	276
Comment	0.0000	0.0000	0.0000	230
Queries	0.0570	0.4194	0.1004	31
MacroF1	0.1444
F1w_avg	0.1808
Acc    	27.9

02/09/2021 09:06:41 - INFO - __main__ -   	EPOCH:   1	MiniBatch:    0
02/09/2021 09:06:50 - INFO - __main__ -   	EPOCH:   1	MiniBatch:   10
02/09/2021 09:06:59 - INFO - __main__ -   	EPOCH:   1	MiniBatch:   20
02/09/2021 09:07:09 - INFO - __main__ -   	EPOCH:   1	MiniBatch:   30
02/09/2021 09:07:18 - INFO - __main__ -   	EPOCH:   1	MiniBatch:   40
02/09/2021 09:07:19 - INFO - __main__ -   	Testing dev Minibatch:    0
02/09/2021 09:07:22 - INFO - __main__ -   	Testing dev Minibatch:   10
02/09/2021 09:07:23 - INFO - __main__ -   
Labels 	Prec. 	Recall	F1    	Supp  
Denial 	0.4386	0.0789	0.1337	317
Support	0.0000	0.0000	0.0000	276
Comment	0.2798	0.9696	0.4343	230
Queries	0.0000	0.0000	0.0000	31
MacroF1	0.1420
F1w_avg	0.1666
Acc    	29.0

02/09/2021 09:07:23 - INFO - __main__ -   	EPOCH:   2	MiniBatch:    0
02/09/2021 09:07:33 - INFO - __main__ -   	EPOCH:   2	MiniBatch:   10
02/09/2021 09:07:42 - INFO - __main__ -   	EPOCH:   2	MiniBatch:   20
02/09/2021 09:07:51 - INFO - __main__ -   	EPOCH:   2	MiniBatch:   30
02/09/2021 09:08:01 - INFO - __main__ -   	EPOCH:   2	MiniBatch:   40
02/09/2021 09:08:01 - INFO - __main__ -   	Testing dev Minibatch:    0
02/09/2021 09:08:04 - INFO - __main__ -   	Testing dev Minibatch:   10
02/09/2021 09:08:06 - INFO - __main__ -   
Labels 	Prec. 	Recall	F1    	Supp  
Denial 	0.0000	0.0000	0.0000	317
Support	0.3939	0.4239	0.4084	276
Comment	0.3352	0.5304	0.4108	230
Queries	0.1244	0.7742	0.2143	31
MacroF1	0.2584
F1w_avg	0.2504
Acc    	30.8

02/09/2021 09:08:07 - INFO - __main__ -   	EPOCH:   3	MiniBatch:    0
02/09/2021 09:08:16 - INFO - __main__ -   	EPOCH:   3	MiniBatch:   10
02/09/2021 09:08:26 - INFO - __main__ -   	EPOCH:   3	MiniBatch:   20
02/09/2021 09:08:35 - INFO - __main__ -   	EPOCH:   3	MiniBatch:   30
02/09/2021 09:08:45 - INFO - __main__ -   	EPOCH:   3	MiniBatch:   40
02/09/2021 09:08:45 - INFO - __main__ -   	Testing dev Minibatch:    0
02/09/2021 09:08:48 - INFO - __main__ -   	Testing dev Minibatch:   10
02/09/2021 09:08:50 - INFO - __main__ -   
Labels 	Prec. 	Recall	F1    	Supp  
Denial 	0.3838	0.7035	0.4967	317
Support	0.0000	0.0000	0.0000	276
Comment	0.3096	0.3217	0.3156	230
Queries	0.2059	0.2258	0.2154	31
MacroF1	0.2569
F1w_avg	0.2772
Acc    	35.6

02/09/2021 09:08:50 - INFO - __main__ -   	EPOCH:   4	MiniBatch:    0
02/09/2021 09:08:59 - INFO - __main__ -   	EPOCH:   4	MiniBatch:   10
02/09/2021 09:09:09 - INFO - __main__ -   	EPOCH:   4	MiniBatch:   20
02/09/2021 09:09:18 - INFO - __main__ -   	EPOCH:   4	MiniBatch:   30
02/09/2021 09:09:28 - INFO - __main__ -   	EPOCH:   4	MiniBatch:   40
02/09/2021 09:09:28 - INFO - __main__ -   	Testing dev Minibatch:    0
02/09/2021 09:09:31 - INFO - __main__ -   	Testing dev Minibatch:   10
02/09/2021 09:09:33 - INFO - __main__ -   
Labels 	Prec. 	Recall	F1    	Supp  
Denial 	0.3725	0.9811	0.5399	317
Support	0.0000	0.0000	0.0000	276
Comment	0.1000	0.0043	0.0083	230
Queries	0.0000	0.0000	0.0000	31
MacroF1	0.1371
F1w_avg	0.2027
Acc    	36.5

02/09/2021 09:09:33 - INFO - __main__ -   	EPOCH:   5	MiniBatch:    0
02/09/2021 09:09:42 - INFO - __main__ -   	EPOCH:   5	MiniBatch:   10
02/09/2021 09:09:52 - INFO - __main__ -   	EPOCH:   5	MiniBatch:   20
02/09/2021 09:10:01 - INFO - __main__ -   	EPOCH:   5	MiniBatch:   30
02/09/2021 09:10:11 - INFO - __main__ -   	EPOCH:   5	MiniBatch:   40
02/09/2021 09:10:11 - INFO - __main__ -   	Testing dev Minibatch:    0
02/09/2021 09:10:14 - INFO - __main__ -   	Testing dev Minibatch:   10
02/09/2021 09:10:15 - INFO - __main__ -   
Labels 	Prec. 	Recall	F1    	Supp  
Denial 	0.0000	0.0000	0.0000	317
Support	0.3472	0.8768	0.4974	276
Comment	0.2879	0.1652	0.2099	230
Queries	0.3200	0.2581	0.2857	31
MacroF1	0.2483
F1w_avg	0.2277
Acc    	33.7

02/09/2021 09:10:16 - INFO - __main__ -   	EPOCH:   6	MiniBatch:    0
02/09/2021 09:10:25 - INFO - __main__ -   	EPOCH:   6	MiniBatch:   10
02/09/2021 09:10:35 - INFO - __main__ -   	EPOCH:   6	MiniBatch:   20
02/09/2021 09:10:44 - INFO - __main__ -   	EPOCH:   6	MiniBatch:   30
02/09/2021 09:10:54 - INFO - __main__ -   	EPOCH:   6	MiniBatch:   40
02/09/2021 09:10:54 - INFO - __main__ -   	Testing dev Minibatch:    0
02/09/2021 09:10:57 - INFO - __main__ -   	Testing dev Minibatch:   10
02/09/2021 09:10:58 - INFO - __main__ -   
Labels 	Prec. 	Recall	F1    	Supp  
Denial 	0.3786	0.7476	0.5027	317
Support	0.0000	0.0000	0.0000	276
Comment	0.3622	0.3087	0.3333	230
Queries	0.2812	0.2903	0.2857	31
MacroF1	0.2804
F1w_avg	0.2867
Acc    	37.1

02/09/2021 09:11:00 - INFO - __main__ -   	EPOCH:   7	MiniBatch:    0
02/09/2021 09:11:09 - INFO - __main__ -   	EPOCH:   7	MiniBatch:   10
02/09/2021 09:11:19 - INFO - __main__ -   	EPOCH:   7	MiniBatch:   20
02/09/2021 09:11:28 - INFO - __main__ -   	EPOCH:   7	MiniBatch:   30
02/09/2021 09:11:38 - INFO - __main__ -   	EPOCH:   7	MiniBatch:   40
02/09/2021 09:11:38 - INFO - __main__ -   	Testing dev Minibatch:    0
02/09/2021 09:11:41 - INFO - __main__ -   	Testing dev Minibatch:   10
02/09/2021 09:11:42 - INFO - __main__ -   
Labels 	Prec. 	Recall	F1    	Supp  
Denial 	0.0000	0.0000	0.0000	317
Support	0.3700	0.8659	0.5184	276
Comment	0.3925	0.3174	0.3510	230
Queries	0.2381	0.1613	0.1923	31
MacroF1	0.2654
F1w_avg	0.2691
Acc    	37.1

02/09/2021 09:11:43 - INFO - __main__ -   	EPOCH:   8	MiniBatch:    0
02/09/2021 09:11:52 - INFO - __main__ -   	EPOCH:   8	MiniBatch:   10
02/09/2021 09:12:02 - INFO - __main__ -   	EPOCH:   8	MiniBatch:   20
02/09/2021 09:12:11 - INFO - __main__ -   	EPOCH:   8	MiniBatch:   30
02/09/2021 09:12:21 - INFO - __main__ -   	EPOCH:   8	MiniBatch:   40
02/09/2021 09:12:21 - INFO - __main__ -   	Testing dev Minibatch:    0
02/09/2021 09:12:24 - INFO - __main__ -   	Testing dev Minibatch:   10
02/09/2021 09:12:25 - INFO - __main__ -   
Labels 	Prec. 	Recall	F1    	Supp  
Denial 	0.5000	0.0379	0.0704	317
Support	0.4410	0.2572	0.3249	276
Comment	0.2971	0.8087	0.4346	230
Queries	0.1628	0.2258	0.1892	31
MacroF1	0.2548
F1w_avg	0.2551
Acc    	32.3

02/09/2021 09:12:26 - INFO - __main__ -   	EPOCH:   9	MiniBatch:    0
02/09/2021 09:12:35 - INFO - __main__ -   	EPOCH:   9	MiniBatch:   10
02/09/2021 09:12:45 - INFO - __main__ -   	EPOCH:   9	MiniBatch:   20
02/09/2021 09:12:54 - INFO - __main__ -   	EPOCH:   9	MiniBatch:   30
02/09/2021 09:13:04 - INFO - __main__ -   	EPOCH:   9	MiniBatch:   40
02/09/2021 09:13:04 - INFO - __main__ -   	Testing dev Minibatch:    0
02/09/2021 09:13:07 - INFO - __main__ -   	Testing dev Minibatch:   10
02/09/2021 09:13:08 - INFO - __main__ -   
Labels 	Prec. 	Recall	F1    	Supp  
Denial 	0.3703	0.8328	0.5126	317
Support	0.4545	0.0181	0.0348	276
Comment	0.3051	0.1565	0.2069	230
Queries	0.2500	0.0968	0.1395	31
MacroF1	0.2235
F1w_avg	0.2623
Acc    	36.1

02/09/2021 09:13:08 - INFO - __main__ -   	EPOCH:  10	MiniBatch:    0
02/09/2021 09:13:18 - INFO - __main__ -   	EPOCH:  10	MiniBatch:   10
02/09/2021 09:13:28 - INFO - __main__ -   	EPOCH:  10	MiniBatch:   20
02/09/2021 09:13:37 - INFO - __main__ -   	EPOCH:  10	MiniBatch:   30
02/09/2021 09:13:47 - INFO - __main__ -   	EPOCH:  10	MiniBatch:   40
02/09/2021 09:13:47 - INFO - __main__ -   	Testing dev Minibatch:    0
02/09/2021 09:13:50 - INFO - __main__ -   	Testing dev Minibatch:   10
02/09/2021 09:13:51 - INFO - __main__ -   
Labels 	Prec. 	Recall	F1    	Supp  
Denial 	0.3919	0.4574	0.4221	317
Support	0.3594	0.2500	0.2949	276
Comment	0.3559	0.4348	0.3914	230
Queries	0.2727	0.0968	0.1429	31
MacroF1	0.3128
F1w_avg	0.3626
Acc    	37.1

02/09/2021 09:13:53 - INFO - __main__ -   	EPOCH:  11	MiniBatch:    0
02/09/2021 09:14:02 - INFO - __main__ -   	EPOCH:  11	MiniBatch:   10
02/09/2021 09:14:12 - INFO - __main__ -   	EPOCH:  11	MiniBatch:   20
02/09/2021 09:14:21 - INFO - __main__ -   	EPOCH:  11	MiniBatch:   30
02/09/2021 09:14:31 - INFO - __main__ -   	EPOCH:  11	MiniBatch:   40
02/09/2021 09:14:31 - INFO - __main__ -   	Testing dev Minibatch:    0
02/09/2021 09:14:34 - INFO - __main__ -   	Testing dev Minibatch:   10
02/09/2021 09:14:35 - INFO - __main__ -   
Labels 	Prec. 	Recall	F1    	Supp  
Denial 	0.0000	0.0000	0.0000	317
Support	0.3398	0.9565	0.5014	276
Comment	0.3729	0.0957	0.1522	230
Queries	0.2778	0.1613	0.2041	31
MacroF1	0.2144
F1w_avg	0.2105
Acc    	34.1

02/09/2021 09:14:36 - INFO - __main__ -   	EPOCH:  12	MiniBatch:    0
02/09/2021 09:14:45 - INFO - __main__ -   	EPOCH:  12	MiniBatch:   10
02/09/2021 09:14:55 - INFO - __main__ -   	EPOCH:  12	MiniBatch:   20
02/09/2021 09:15:04 - INFO - __main__ -   	EPOCH:  12	MiniBatch:   30
02/09/2021 09:15:13 - INFO - __main__ -   	EPOCH:  12	MiniBatch:   40
02/09/2021 09:15:14 - INFO - __main__ -   	Testing dev Minibatch:    0
02/09/2021 09:15:17 - INFO - __main__ -   	Testing dev Minibatch:   10
02/09/2021 09:15:18 - INFO - __main__ -   
Labels 	Prec. 	Recall	F1    	Supp  
Denial 	0.4011	0.4732	0.4342	317
Support	0.0000	0.0000	0.0000	276
Comment	0.3080	0.5826	0.4030	230
Queries	0.1111	0.1613	0.1316	31
MacroF1	0.2422
F1w_avg	0.2745
Acc    	33.8

02/09/2021 09:15:18 - INFO - __main__ -   	EPOCH:  13	MiniBatch:    0
02/09/2021 09:15:28 - INFO - __main__ -   	EPOCH:  13	MiniBatch:   10
02/09/2021 09:15:37 - INFO - __main__ -   	EPOCH:  13	MiniBatch:   20
02/09/2021 09:15:47 - INFO - __main__ -   	EPOCH:  13	MiniBatch:   30
02/09/2021 09:15:56 - INFO - __main__ -   	EPOCH:  13	MiniBatch:   40
02/09/2021 09:15:56 - INFO - __main__ -   	Testing dev Minibatch:    0
02/09/2021 09:16:00 - INFO - __main__ -   	Testing dev Minibatch:   10
02/09/2021 09:16:01 - INFO - __main__ -   
Labels 	Prec. 	Recall	F1    	Supp  
Denial 	0.3756	0.7950	0.5101	317
Support	0.0000	0.0000	0.0000	276
Comment	0.3706	0.2739	0.3150	230
Queries	0.1538	0.0645	0.0909	31
MacroF1	0.2290
F1w_avg	0.2775
Acc    	37.1

02/09/2021 09:16:01 - INFO - __main__ -   	EPOCH:  14	MiniBatch:    0
02/09/2021 09:16:11 - INFO - __main__ -   	EPOCH:  14	MiniBatch:   10
02/09/2021 09:16:20 - INFO - __main__ -   	EPOCH:  14	MiniBatch:   20
02/09/2021 09:16:30 - INFO - __main__ -   	EPOCH:  14	MiniBatch:   30
02/09/2021 09:16:39 - INFO - __main__ -   	EPOCH:  14	MiniBatch:   40
02/09/2021 09:16:39 - INFO - __main__ -   	Testing dev Minibatch:    0
02/09/2021 09:16:43 - INFO - __main__ -   	Testing dev Minibatch:   10
02/09/2021 09:16:44 - INFO - __main__ -   
Labels 	Prec. 	Recall	F1    	Supp  
Denial 	0.3715	0.7886	0.5051	317
Support	0.0000	0.0000	0.0000	276
Comment	0.3556	0.2783	0.3122	230
Queries	0.0000	0.0000	0.0000	31
MacroF1	0.2043
F1w_avg	0.2716
Acc    	36.8

02/09/2021 09:16:44 - INFO - __main__ -   	EPOCH:  15	MiniBatch:    0
02/09/2021 09:16:54 - INFO - __main__ -   	EPOCH:  15	MiniBatch:   10
02/09/2021 09:17:03 - INFO - __main__ -   	EPOCH:  15	MiniBatch:   20
02/09/2021 09:17:13 - INFO - __main__ -   	EPOCH:  15	MiniBatch:   30
02/09/2021 09:17:22 - INFO - __main__ -   	EPOCH:  15	MiniBatch:   40
02/09/2021 09:17:22 - INFO - __main__ -   	Testing dev Minibatch:    0
02/09/2021 09:17:26 - INFO - __main__ -   	Testing dev Minibatch:   10
02/09/2021 09:17:27 - INFO - __main__ -   
Labels 	Prec. 	Recall	F1    	Supp  
Denial 	0.3448	0.0315	0.0578	317
Support	0.5217	0.0870	0.1491	276
Comment	0.2811	0.8261	0.4194	230
Queries	0.0874	0.2903	0.1343	31
MacroF1	0.1902
F1w_avg	0.1875
Acc    	27.3

02/09/2021 09:17:27 - INFO - __main__ -   	EPOCH:  16	MiniBatch:    0
02/09/2021 09:17:36 - INFO - __main__ -   	EPOCH:  16	MiniBatch:   10
02/09/2021 09:17:46 - INFO - __main__ -   	EPOCH:  16	MiniBatch:   20
02/09/2021 09:17:55 - INFO - __main__ -   	EPOCH:  16	MiniBatch:   30
02/09/2021 09:18:05 - INFO - __main__ -   	EPOCH:  16	MiniBatch:   40
02/09/2021 09:18:05 - INFO - __main__ -   	Testing dev Minibatch:    0
02/09/2021 09:18:08 - INFO - __main__ -   	Testing dev Minibatch:   10
02/09/2021 09:18:10 - INFO - __main__ -   
Labels 	Prec. 	Recall	F1    	Supp  
Denial 	0.3448	0.3155	0.3295	317
Support	0.3589	0.4239	0.3887	276
Comment	0.3151	0.3261	0.3205	230
Queries	0.0000	0.0000	0.0000	31
MacroF1	0.2597
F1w_avg	0.3342
Acc    	34.2

02/09/2021 09:18:10 - INFO - __main__ -   	EPOCH:  17	MiniBatch:    0
02/09/2021 09:18:19 - INFO - __main__ -   	EPOCH:  17	MiniBatch:   10
02/09/2021 09:18:29 - INFO - __main__ -   	EPOCH:  17	MiniBatch:   20
02/09/2021 09:18:38 - INFO - __main__ -   	EPOCH:  17	MiniBatch:   30
02/09/2021 09:18:47 - INFO - __main__ -   	EPOCH:  17	MiniBatch:   40
02/09/2021 09:18:48 - INFO - __main__ -   	Testing dev Minibatch:    0
02/09/2021 09:18:51 - INFO - __main__ -   	Testing dev Minibatch:   10
02/09/2021 09:18:52 - INFO - __main__ -   
Labels 	Prec. 	Recall	F1    	Supp  
Denial 	0.3736	0.3123	0.3402	317
Support	0.0000	0.0000	0.0000	276
Comment	0.2763	0.6739	0.3919	230
Queries	0.1071	0.0968	0.1017	31
MacroF1	0.2085
F1w_avg	0.2355
Acc    	30.1

02/09/2021 09:18:52 - INFO - __main__ -   	EPOCH:  18	MiniBatch:    0
02/09/2021 09:19:02 - INFO - __main__ -   	EPOCH:  18	MiniBatch:   10
02/09/2021 09:19:11 - INFO - __main__ -   	EPOCH:  18	MiniBatch:   20
02/09/2021 09:19:21 - INFO - __main__ -   	EPOCH:  18	MiniBatch:   30
02/09/2021 09:19:30 - INFO - __main__ -   	EPOCH:  18	MiniBatch:   40
02/09/2021 09:19:31 - INFO - __main__ -   	Testing dev Minibatch:    0
02/09/2021 09:19:34 - INFO - __main__ -   	Testing dev Minibatch:   10
02/09/2021 09:19:35 - INFO - __main__ -   
Labels 	Prec. 	Recall	F1    	Supp  
Denial 	0.3544	0.3186	0.3355	317
Support	0.3526	0.4420	0.3923	276
Comment	0.3249	0.2783	0.2998	230
Queries	0.1154	0.0968	0.1053	31
MacroF1	0.2832
F1w_avg	0.3359
Acc    	34.0

02/09/2021 09:19:35 - INFO - __main__ -   	EPOCH:  19	MiniBatch:    0
02/09/2021 09:19:45 - INFO - __main__ -   	EPOCH:  19	MiniBatch:   10
02/09/2021 09:19:54 - INFO - __main__ -   	EPOCH:  19	MiniBatch:   20
02/09/2021 09:20:04 - INFO - __main__ -   	EPOCH:  19	MiniBatch:   30
02/09/2021 09:20:13 - INFO - __main__ -   	EPOCH:  19	MiniBatch:   40
02/09/2021 09:20:13 - INFO - __main__ -   	Testing dev Minibatch:    0
02/09/2021 09:20:17 - INFO - __main__ -   	Testing dev Minibatch:   10
02/09/2021 09:20:18 - INFO - __main__ -   
Labels 	Prec. 	Recall	F1    	Supp  
Denial 	0.3733	0.5110	0.4314	317
Support	0.3242	0.2138	0.2576	276
Comment	0.3063	0.2957	0.3009	230
Queries	0.0625	0.0323	0.0426	31
MacroF1	0.2581
F1w_avg	0.3260
Acc    	34.0

02/09/2021 09:20:18 - INFO - __main__ -   	EPOCH:  20	MiniBatch:    0
02/09/2021 09:20:27 - INFO - __main__ -   	EPOCH:  20	MiniBatch:   10
02/09/2021 09:20:37 - INFO - __main__ -   	EPOCH:  20	MiniBatch:   20
02/09/2021 09:20:46 - INFO - __main__ -   	EPOCH:  20	MiniBatch:   30
02/09/2021 09:20:56 - INFO - __main__ -   	EPOCH:  20	MiniBatch:   40
02/09/2021 09:20:56 - INFO - __main__ -   	Testing dev Minibatch:    0
02/09/2021 09:20:59 - INFO - __main__ -   	Testing dev Minibatch:   10
02/09/2021 09:21:01 - INFO - __main__ -   
Labels 	Prec. 	Recall	F1    	Supp  
Denial 	0.3396	0.2271	0.2722	317
Support	0.3562	0.5072	0.4185	276
Comment	0.3253	0.3522	0.3382	230
Queries	0.0000	0.0000	0.0000	31
MacroF1	0.2572
F1w_avg	0.3274
Acc    	34.3

02/09/2021 09:21:01 - INFO - __main__ -   	EPOCH:  21	MiniBatch:    0
02/09/2021 09:21:10 - INFO - __main__ -   	EPOCH:  21	MiniBatch:   10
02/09/2021 09:21:20 - INFO - __main__ -   	EPOCH:  21	MiniBatch:   20
02/09/2021 09:21:29 - INFO - __main__ -   	EPOCH:  21	MiniBatch:   30
02/09/2021 09:21:39 - INFO - __main__ -   	EPOCH:  21	MiniBatch:   40
02/09/2021 09:21:39 - INFO - __main__ -   	Testing dev Minibatch:    0
02/09/2021 09:21:42 - INFO - __main__ -   	Testing dev Minibatch:   10
02/09/2021 09:21:43 - INFO - __main__ -   
Labels 	Prec. 	Recall	F1    	Supp  
Denial 	0.3367	0.2082	0.2573	317
Support	0.3596	0.4964	0.4170	276
Comment	0.3068	0.3522	0.3279	230
Queries	0.0769	0.0323	0.0455	31
MacroF1	0.2619
F1w_avg	0.3203
Acc    	33.4

02/09/2021 09:21:44 - INFO - __main__ -   	EPOCH:  22	MiniBatch:    0
02/09/2021 09:21:53 - INFO - __main__ -   	EPOCH:  22	MiniBatch:   10
02/09/2021 09:22:02 - INFO - __main__ -   	EPOCH:  22	MiniBatch:   20
02/09/2021 09:22:12 - INFO - __main__ -   	EPOCH:  22	MiniBatch:   30
02/09/2021 09:22:21 - INFO - __main__ -   	EPOCH:  22	MiniBatch:   40
02/09/2021 09:22:22 - INFO - __main__ -   	Testing dev Minibatch:    0
02/09/2021 09:22:25 - INFO - __main__ -   	Testing dev Minibatch:   10
02/09/2021 09:22:26 - INFO - __main__ -   
Labels 	Prec. 	Recall	F1    	Supp  
Denial 	0.3685	0.6057	0.4582	317
Support	0.4200	0.0761	0.1288	276
Comment	0.3077	0.3652	0.3340	230
Queries	0.0000	0.0000	0.0000	31
MacroF1	0.2303
F1w_avg	0.3017
Acc    	34.8

02/09/2021 09:22:26 - INFO - __main__ -   	EPOCH:  23	MiniBatch:    0
02/09/2021 09:22:36 - INFO - __main__ -   	EPOCH:  23	MiniBatch:   10
02/09/2021 09:22:45 - INFO - __main__ -   	EPOCH:  23	MiniBatch:   20
02/09/2021 09:22:55 - INFO - __main__ -   	EPOCH:  23	MiniBatch:   30
02/09/2021 09:23:04 - INFO - __main__ -   	EPOCH:  23	MiniBatch:   40
02/09/2021 09:23:04 - INFO - __main__ -   	Testing dev Minibatch:    0
02/09/2021 09:23:08 - INFO - __main__ -   	Testing dev Minibatch:   10
02/09/2021 09:23:09 - INFO - __main__ -   
Labels 	Prec. 	Recall	F1    	Supp  
Denial 	0.3293	0.2587	0.2898	317
Support	0.3563	0.4130	0.3826	276
Comment	0.3068	0.3522	0.3279	230
Queries	0.0952	0.0645	0.0769	31
MacroF1	0.2693
F1w_avg	0.3223
Acc    	32.7

02/09/2021 09:23:09 - INFO - __main__ -   	EPOCH:  24	MiniBatch:    0
02/09/2021 09:23:18 - INFO - __main__ -   	EPOCH:  24	MiniBatch:   10
02/09/2021 09:23:28 - INFO - __main__ -   	EPOCH:  24	MiniBatch:   20
02/09/2021 09:23:37 - INFO - __main__ -   	EPOCH:  24	MiniBatch:   30
02/09/2021 09:23:47 - INFO - __main__ -   	EPOCH:  24	MiniBatch:   40
02/09/2021 09:23:47 - INFO - __main__ -   	Testing dev Minibatch:    0
02/09/2021 09:23:50 - INFO - __main__ -   	Testing dev Minibatch:   10
02/09/2021 09:23:52 - INFO - __main__ -   
Labels 	Prec. 	Recall	F1    	Supp  
Denial 	0.3773	0.2618	0.3091	317
Support	0.3497	0.4130	0.3787	276
Comment	0.2959	0.3783	0.3321	230
Queries	0.0714	0.0323	0.0444	31
MacroF1	0.2661
F1w_avg	0.3282
Acc    	33.4

02/09/2021 09:23:52 - INFO - __main__ -   	EPOCH:  25	MiniBatch:    0
02/09/2021 09:24:01 - INFO - __main__ -   	EPOCH:  25	MiniBatch:   10
02/09/2021 09:24:11 - INFO - __main__ -   	EPOCH:  25	MiniBatch:   20
02/09/2021 09:24:20 - INFO - __main__ -   	EPOCH:  25	MiniBatch:   30
02/09/2021 09:24:30 - INFO - __main__ -   	EPOCH:  25	MiniBatch:   40
02/09/2021 09:24:30 - INFO - __main__ -   	Testing dev Minibatch:    0
02/09/2021 09:24:33 - INFO - __main__ -   	Testing dev Minibatch:   10
02/09/2021 09:24:34 - INFO - __main__ -   
Labels 	Prec. 	Recall	F1    	Supp  
Denial 	0.3734	0.7161	0.4908	317
Support	0.5000	0.0109	0.0213	276
Comment	0.3248	0.3304	0.3276	230
Queries	0.0000	0.0000	0.0000	31
MacroF1	0.2099
F1w_avg	0.2773
Acc    	35.8

02/09/2021 09:24:34 - INFO - __main__ -   	EPOCH:  26	MiniBatch:    0
02/09/2021 09:24:44 - INFO - __main__ -   	EPOCH:  26	MiniBatch:   10
02/09/2021 09:24:53 - INFO - __main__ -   	EPOCH:  26	MiniBatch:   20
02/09/2021 09:25:03 - INFO - __main__ -   	EPOCH:  26	MiniBatch:   30
02/09/2021 09:25:12 - INFO - __main__ -   	EPOCH:  26	MiniBatch:   40
02/09/2021 09:25:13 - INFO - __main__ -   	Testing dev Minibatch:    0
02/09/2021 09:25:16 - INFO - __main__ -   	Testing dev Minibatch:   10
02/09/2021 09:25:17 - INFO - __main__ -   
Labels 	Prec. 	Recall	F1    	Supp  
Denial 	0.3364	0.3407	0.3386	317
Support	0.3576	0.3913	0.3737	276
Comment	0.3478	0.3130	0.3295	230
Queries	0.0833	0.0645	0.0727	31
MacroF1	0.2786
F1w_avg	0.3378
Acc    	34.0

02/09/2021 09:25:17 - INFO - __main__ -   	EPOCH:  27	MiniBatch:    0
02/09/2021 09:25:27 - INFO - __main__ -   	EPOCH:  27	MiniBatch:   10
02/09/2021 09:25:36 - INFO - __main__ -   	EPOCH:  27	MiniBatch:   20
02/09/2021 09:25:46 - INFO - __main__ -   	EPOCH:  27	MiniBatch:   30
02/09/2021 09:25:55 - INFO - __main__ -   	EPOCH:  27	MiniBatch:   40
02/09/2021 09:25:55 - INFO - __main__ -   	Testing dev Minibatch:    0
02/09/2021 09:25:59 - INFO - __main__ -   	Testing dev Minibatch:   10
02/09/2021 09:26:00 - INFO - __main__ -   
Labels 	Prec. 	Recall	F1    	Supp  
Denial 	0.3693	0.7445	0.4937	317
Support	0.3333	0.0036	0.0072	276
Comment	0.3266	0.2826	0.3030	230
Queries	0.0769	0.0323	0.0455	31
MacroF1	0.2123
F1w_avg	0.2688
Acc    	35.5

02/09/2021 09:26:00 - INFO - __main__ -   	EPOCH:  28	MiniBatch:    0
02/09/2021 09:26:10 - INFO - __main__ -   	EPOCH:  28	MiniBatch:   10
02/09/2021 09:26:19 - INFO - __main__ -   	EPOCH:  28	MiniBatch:   20
02/09/2021 09:26:28 - INFO - __main__ -   	EPOCH:  28	MiniBatch:   30
02/09/2021 09:26:38 - INFO - __main__ -   	EPOCH:  28	MiniBatch:   40
02/09/2021 09:26:38 - INFO - __main__ -   	Testing dev Minibatch:    0
02/09/2021 09:26:42 - INFO - __main__ -   	Testing dev Minibatch:   10
02/09/2021 09:26:43 - INFO - __main__ -   
Labels 	Prec. 	Recall	F1    	Supp  
Denial 	0.4557	0.1136	0.1818	317
Support	0.3959	0.3514	0.3724	276
Comment	0.3000	0.6913	0.4184	230
Queries	0.0000	0.0000	0.0000	31
MacroF1	0.2432
F1w_avg	0.3005
Acc    	34.2

02/09/2021 09:26:43 - INFO - __main__ -   	EPOCH:  29	MiniBatch:    0
02/09/2021 09:26:52 - INFO - __main__ -   	EPOCH:  29	MiniBatch:   10
02/09/2021 09:27:02 - INFO - __main__ -   	EPOCH:  29	MiniBatch:   20
02/09/2021 09:27:11 - INFO - __main__ -   	EPOCH:  29	MiniBatch:   30
02/09/2021 09:27:21 - INFO - __main__ -   	EPOCH:  29	MiniBatch:   40
02/09/2021 09:27:21 - INFO - __main__ -   	Testing dev Minibatch:    0
02/09/2021 09:27:24 - INFO - __main__ -   	Testing dev Minibatch:   10
02/09/2021 09:27:25 - INFO - __main__ -   
Labels 	Prec. 	Recall	F1    	Supp  
Denial 	0.3392	0.1830	0.2377	317
Support	0.3578	0.6703	0.4666	276
Comment	0.3224	0.2130	0.2565	230
Queries	0.0714	0.0323	0.0444	31
MacroF1	0.2513
F1w_avg	0.3097
Acc    	34.3

02/09/2021 09:27:26 - INFO - __main__ -   	EPOCH:  30	MiniBatch:    0
02/09/2021 09:27:35 - INFO - __main__ -   	EPOCH:  30	MiniBatch:   10
02/09/2021 09:27:45 - INFO - __main__ -   	EPOCH:  30	MiniBatch:   20
02/09/2021 09:27:54 - INFO - __main__ -   	EPOCH:  30	MiniBatch:   30
02/09/2021 09:28:04 - INFO - __main__ -   	EPOCH:  30	MiniBatch:   40
02/09/2021 09:28:04 - INFO - __main__ -   	Testing dev Minibatch:    0
02/09/2021 09:28:07 - INFO - __main__ -   	Testing dev Minibatch:   10
02/09/2021 09:28:08 - INFO - __main__ -   
Labels 	Prec. 	Recall	F1    	Supp  
Denial 	0.3925	0.2303	0.2903	317
Support	0.3659	0.5978	0.4539	276
Comment	0.3221	0.2913	0.3059	230
Queries	0.1111	0.0323	0.0500	31
MacroF1	0.2750
F1w_avg	0.3387
Acc    	35.8

02/09/2021 09:28:09 - INFO - __main__ -   	EPOCH:  31	MiniBatch:    0
02/09/2021 09:28:18 - INFO - __main__ -   	EPOCH:  31	MiniBatch:   10
02/09/2021 09:28:28 - INFO - __main__ -   	EPOCH:  31	MiniBatch:   20
02/09/2021 09:28:37 - INFO - __main__ -   	EPOCH:  31	MiniBatch:   30
02/09/2021 09:28:47 - INFO - __main__ -   	EPOCH:  31	MiniBatch:   40
02/09/2021 09:28:47 - INFO - __main__ -   	Testing dev Minibatch:    0
02/09/2021 09:28:50 - INFO - __main__ -   	Testing dev Minibatch:   10
02/09/2021 09:28:51 - INFO - __main__ -   
Labels 	Prec. 	Recall	F1    	Supp  
Denial 	0.3945	0.3596	0.3762	317
Support	0.3333	0.1232	0.1799	276
Comment	0.3004	0.5957	0.3994	230
Queries	0.0000	0.0000	0.0000	31
MacroF1	0.2389
F1w_avg	0.3054
Acc    	33.4

02/09/2021 09:28:51 - INFO - __main__ -   	EPOCH:  32	MiniBatch:    0
02/09/2021 09:29:01 - INFO - __main__ -   	EPOCH:  32	MiniBatch:   10
02/09/2021 09:29:10 - INFO - __main__ -   	EPOCH:  32	MiniBatch:   20
02/09/2021 09:29:20 - INFO - __main__ -   	EPOCH:  32	MiniBatch:   30
02/09/2021 09:29:29 - INFO - __main__ -   	EPOCH:  32	MiniBatch:   40
02/09/2021 09:29:29 - INFO - __main__ -   	Testing dev Minibatch:    0
02/09/2021 09:29:33 - INFO - __main__ -   	Testing dev Minibatch:   10
02/09/2021 09:29:34 - INFO - __main__ -   
Labels 	Prec. 	Recall	F1    	Supp  
Denial 	0.3665	0.9180	0.5239	317
Support	0.0000	0.0000	0.0000	276
Comment	0.3158	0.0783	0.1254	230
Queries	0.0000	0.0000	0.0000	31
MacroF1	0.1623
F1w_avg	0.2282
Acc    	36.2

02/09/2021 09:29:34 - INFO - __main__ -   	EPOCH:  33	MiniBatch:    0
02/09/2021 09:29:43 - INFO - __main__ -   	EPOCH:  33	MiniBatch:   10
02/09/2021 09:29:53 - INFO - __main__ -   	EPOCH:  33	MiniBatch:   20
02/09/2021 09:30:02 - INFO - __main__ -   	EPOCH:  33	MiniBatch:   30
02/09/2021 09:30:12 - INFO - __main__ -   	EPOCH:  33	MiniBatch:   40
02/09/2021 09:30:12 - INFO - __main__ -   	Testing dev Minibatch:    0
02/09/2021 09:30:15 - INFO - __main__ -   	Testing dev Minibatch:   10
02/09/2021 09:30:17 - INFO - __main__ -   
Labels 	Prec. 	Recall	F1    	Supp  
Denial 	0.3639	0.7760	0.4955	317
Support	0.4211	0.0290	0.0542	276
Comment	0.3057	0.2087	0.2481	230
Queries	0.0000	0.0000	0.0000	31
MacroF1	0.1994
F1w_avg	0.2683
Acc    	35.4

02/09/2021 09:30:17 - INFO - __main__ -   	EPOCH:  34	MiniBatch:    0
02/09/2021 09:30:26 - INFO - __main__ -   	EPOCH:  34	MiniBatch:   10
02/09/2021 09:30:36 - INFO - __main__ -   	EPOCH:  34	MiniBatch:   20
02/09/2021 09:30:45 - INFO - __main__ -   	EPOCH:  34	MiniBatch:   30
02/09/2021 09:30:55 - INFO - __main__ -   	EPOCH:  34	MiniBatch:   40
02/09/2021 09:30:55 - INFO - __main__ -   	Testing dev Minibatch:    0
02/09/2021 09:30:58 - INFO - __main__ -   	Testing dev Minibatch:   10
02/09/2021 09:30:59 - INFO - __main__ -   
Labels 	Prec. 	Recall	F1    	Supp  
Denial 	0.3287	0.1483	0.2043	317
Support	0.3702	0.3877	0.3788	276
Comment	0.3057	0.5609	0.3957	230
Queries	0.0000	0.0000	0.0000	31
MacroF1	0.2447
F1w_avg	0.3048
Acc    	33.1

02/09/2021 09:30:59 - INFO - __main__ -   	EPOCH:  35	MiniBatch:    0
02/09/2021 09:31:09 - INFO - __main__ -   	EPOCH:  35	MiniBatch:   10
02/09/2021 09:31:18 - INFO - __main__ -   	EPOCH:  35	MiniBatch:   20
02/09/2021 09:31:28 - INFO - __main__ -   	EPOCH:  35	MiniBatch:   30
02/09/2021 09:31:37 - INFO - __main__ -   	EPOCH:  35	MiniBatch:   40
02/09/2021 09:31:37 - INFO - __main__ -   	Testing dev Minibatch:    0
02/09/2021 09:31:41 - INFO - __main__ -   	Testing dev Minibatch:   10
02/09/2021 09:31:42 - INFO - __main__ -   
Labels 	Prec. 	Recall	F1    	Supp  
Denial 	0.3773	0.7760	0.5077	317
Support	0.0000	0.0000	0.0000	276
Comment	0.3138	0.2565	0.2823	230
Queries	0.0769	0.0323	0.0455	31
MacroF1	0.2089
F1w_avg	0.2661
Acc    	35.8

02/09/2021 09:31:42 - INFO - __main__ -   	EPOCH:  36	MiniBatch:    0
02/09/2021 09:31:52 - INFO - __main__ -   	EPOCH:  36	MiniBatch:   10
02/09/2021 09:32:01 - INFO - __main__ -   	EPOCH:  36	MiniBatch:   20
02/09/2021 09:32:11 - INFO - __main__ -   	EPOCH:  36	MiniBatch:   30
02/09/2021 09:32:20 - INFO - __main__ -   	EPOCH:  36	MiniBatch:   40
02/09/2021 09:32:20 - INFO - __main__ -   	Testing dev Minibatch:    0
02/09/2021 09:32:24 - INFO - __main__ -   	Testing dev Minibatch:   10
02/09/2021 09:32:25 - INFO - __main__ -   
Labels 	Prec. 	Recall	F1    	Supp  
Denial 	0.3333	0.1609	0.2170	317
Support	0.3541	0.6377	0.4554	276
Comment	0.3152	0.2522	0.2802	230
Queries	0.1000	0.0645	0.0784	31
MacroF1	0.2578
F1w_avg	0.3060
Acc    	33.6

02/09/2021 09:32:25 - INFO - __main__ -   	EPOCH:  37	MiniBatch:    0
02/09/2021 09:32:34 - INFO - __main__ -   	EPOCH:  37	MiniBatch:   10
02/09/2021 09:32:44 - INFO - __main__ -   	EPOCH:  37	MiniBatch:   20
02/09/2021 09:32:53 - INFO - __main__ -   	EPOCH:  37	MiniBatch:   30
02/09/2021 09:33:03 - INFO - __main__ -   	EPOCH:  37	MiniBatch:   40
02/09/2021 09:33:03 - INFO - __main__ -   	Testing dev Minibatch:    0
02/09/2021 09:33:06 - INFO - __main__ -   	Testing dev Minibatch:   10
02/09/2021 09:33:08 - INFO - __main__ -   
Labels 	Prec. 	Recall	F1    	Supp  
Denial 	0.3698	0.7256	0.4899	317
Support	0.4375	0.0761	0.1296	276
Comment	0.3290	0.2217	0.2649	230
Queries	0.0690	0.0645	0.0667	31
MacroF1	0.2378
F1w_avg	0.2975
Acc    	35.6

02/09/2021 09:33:08 - INFO - __main__ -   	EPOCH:  38	MiniBatch:    0
02/09/2021 09:33:17 - INFO - __main__ -   	EPOCH:  38	MiniBatch:   10
02/09/2021 09:33:27 - INFO - __main__ -   	EPOCH:  38	MiniBatch:   20
02/09/2021 09:33:36 - INFO - __main__ -   	EPOCH:  38	MiniBatch:   30
02/09/2021 09:33:46 - INFO - __main__ -   	EPOCH:  38	MiniBatch:   40
02/09/2021 09:33:46 - INFO - __main__ -   	Testing dev Minibatch:    0
02/09/2021 09:33:49 - INFO - __main__ -   	Testing dev Minibatch:   10
02/09/2021 09:33:50 - INFO - __main__ -   
Labels 	Prec. 	Recall	F1    	Supp  
Denial 	0.3077	0.1009	0.1520	317
Support	0.3586	0.6522	0.4627	276
Comment	0.3169	0.3348	0.3256	230
Queries	0.0000	0.0000	0.0000	31
MacroF1	0.2351
F1w_avg	0.2937
Acc    	33.8

02/09/2021 09:33:50 - INFO - __main__ -   	EPOCH:  39	MiniBatch:    0
02/09/2021 09:34:00 - INFO - __main__ -   	EPOCH:  39	MiniBatch:   10
02/09/2021 09:34:09 - INFO - __main__ -   	EPOCH:  39	MiniBatch:   20
02/09/2021 09:34:19 - INFO - __main__ -   	EPOCH:  39	MiniBatch:   30
02/09/2021 09:34:29 - INFO - __main__ -   	EPOCH:  39	MiniBatch:   40
02/09/2021 09:34:29 - INFO - __main__ -   	Testing dev Minibatch:    0
02/09/2021 09:34:32 - INFO - __main__ -   	Testing dev Minibatch:   10
02/09/2021 09:34:33 - INFO - __main__ -   
Labels 	Prec. 	Recall	F1    	Supp  
Denial 	0.3409	0.0946	0.1481	317
Support	0.3627	0.6703	0.4707	276
Comment	0.3438	0.3826	0.3621	230
Queries	0.0000	0.0000	0.0000	31
MacroF1	0.2453
F1w_avg	0.3047
Acc    	35.5

02/09/2021 09:34:34 - INFO - __main__ -   	Testing test Minibatch:    0
02/09/2021 09:34:37 - INFO - __main__ -   	Testing test Minibatch:   10
02/09/2021 09:34:38 - INFO - __main__ -   
Labels 	Prec. 	Recall	F1    	Supp  
Denial 	0.4211	0.5385	0.4726	312
Support	0.3679	0.2527	0.2996	281
Comment	0.3922	0.4274	0.4090	234
Queries	0.1429	0.0370	0.0588	27
MacroF1	0.3100
F1w_avg	0.3852
Acc    	39.8

02/09/2021 09:34:38 - INFO - __main__ -   Time taken: 0h 28m 47s
